Waiting for an incoming message - Test 1 (inception)
Error while deserializing http message: Error("EOF while parsing a value", line: 1, column: 0)
	Preparing Data...
	Data is ready, starting users and test1
Incepted: u_0 [-BXf]
Incepted: u_1 [T5L9]
Incepted: u_3 [O8gW]
Incepted: u_5 [LQdd]
Incepted: u_9 [nlPF]
Incepted: u_2 [vr7m]
Incepted: u_7 [CgV6]
Incepted: u_8 [6Rey]
Incepted: u_4 [5e2g]
	Added [2D85] as watcher for u_0 [-BXf]
	Added [3sn5] as watcher for u_1 [T5L9]
Incepted: u_6 [XpJS]
	Added [3sn5] as watcher for u_9 [nlPF]
	Added [bivQ] as watcher for u_8 [6Rey]
	Added [bivQ] as watcher for u_7 [CgV6]
	Added [QEi9] as watcher for u_3 [O8gW]
	Added [x5MO] as watcher for u_4 [5e2g]
	Added [j5nz] as watcher for u_2 [vr7m]
	Added [QEi9] as watcher for u_5 [LQdd]
	Added [jm4C] as watcher for u_0 [-BXf]
	Added [bivQ] as watcher for u_9 [nlPF]
	Added [x5MO] as watcher for u_3 [O8gW]
	Added [3mIH] as watcher for u_1 [T5L9]
	Added [b_RA] as watcher for u_8 [6Rey]
	Added [3mIH] as watcher for u_6 [XpJS]
	Added [3mIH] as watcher for u_7 [CgV6]
	Added [QEi9] as watcher for u_4 [5e2g]
	Added [3mIH] as watcher for u_2 [vr7m]
	Added [QDNR] as watcher for u_9 [nlPF]
	Added [3mIH] as watcher for u_5 [LQdd]
	Added [QEi9] as watcher for u_0 [-BXf]
	Added [j5nz] as watcher for u_1 [T5L9]
	Added [2D85] as watcher for u_7 [CgV6]
	Added [jm4C] as watcher for u_6 [XpJS]
	Added [3mIH] as watcher for u_3 [O8gW]
	Added [3mIH] as watcher for u_8 [6Rey]
	Added [3sn5] as watcher for u_5 [LQdd]
	Added [b_RA] as watcher for u_4 [5e2g]
	Added [2D85] as watcher for u_6 [XpJS]
	Added [jm4C] as watcher for u_2 [vr7m]
	Added [QDNR] as watcher for u_0 [-BXf]
	Added [b_RA] as watcher for u_9 [nlPF]
	Added [jm4C] as watcher for u_1 [T5L9]
	Added [3sn5] as watcher for u_3 [O8gW]
	Added [j5nz] as watcher for u_8 [6Rey]
	Added [b_RA] as watcher for u_7 [CgV6]
	Added [2D85] as watcher for u_4 [5e2g]
	Added [bivQ] as watcher for u_6 [XpJS]
	Added [2D85] as watcher for u_9 [nlPF]
	Added [3sn5] as watcher for u_2 [vr7m]
	Added [jm4C] as watcher for u_5 [LQdd]
	Added [bivQ] as watcher for u_1 [T5L9]
	Added [3sn5] as watcher for u_0 [-BXf]
	Added [bivQ] as watcher for u_4 [5e2g]
	Added [QDNR] as watcher for u_8 [6Rey]
	Added [x5MO] as watcher for u_6 [XpJS]
	Added [j5nz] as watcher for u_3 [O8gW]
	Added [3sn5] as watcher for u_7 [CgV6]
	Added [QDNR] as watcher for u_5 [LQdd]
	Added [QDNR] as watcher for u_1 [T5L9]
	Added [2D85] as watcher for u_8 [6Rey]
	Added [jm4C] as watcher for u_9 [nlPF]
	Added [b_RA] as watcher for u_2 [vr7m]
	Added [jm4C] as watcher for u_4 [5e2g]
	Added [j5nz] as watcher for u_0 [-BXf]
	Added [j5nz] as watcher for u_6 [XpJS]
	Added [2D85] as watcher for u_5 [LQdd]
	Added [x5MO] as watcher for u_8 [6Rey]
	Asking u_8 [6Rey]'s watchers to watch [5PsB]
	Added [x5MO] as watcher for u_1 [T5L9]
	Asking u_1 [T5L9]'s watchers to watch [5PsB]
	Added [QDNR] as watcher for u_7 [CgV6]
	Added [x5MO] as watcher for u_9 [nlPF]
	Asking u_9 [nlPF]'s watchers to watch [5PsB]
	Added [QDNR] as watcher for u_3 [O8gW]
	Added [bivQ] as watcher for u_2 [vr7m]
	Added [3sn5] as watcher for u_4 [5e2g]
	Asking u_4 [5e2g]'s watchers to watch [5PsB]
	Added [x5MO] as watcher for u_7 [CgV6]
	Asking u_7 [CgV6]'s watchers to watch [5PsB]
	Added [QDNR] as watcher for u_6 [XpJS]
	Asking u_6 [XpJS]'s watchers to watch [5PsB]
	Added [bivQ] as watcher for u_3 [O8gW]
	Asking u_3 [O8gW]'s watchers to watch [5PsB]
	Added [2D85] as watcher for u_2 [vr7m]
	Asking u_2 [vr7m]'s watchers to watch [5PsB]
	Added [3mIH] as watcher for u_0 [-BXf]
	Asking u_0 [-BXf]'s watchers to watch [5PsB]
	Added [b_RA] as watcher for u_5 [LQdd]
	Asking u_5 [LQdd]'s watchers to watch [5PsB]
	✅ u_8 [6Rey] Inception Done
	✅ u_9 [nlPF] Inception Done
	✅ u_1 [T5L9] Inception Done
	✅ u_7 [CgV6] Inception Done
	✅ u_4 [5e2g] Inception Done
	✅ u_3 [O8gW] Inception Done
	✅ u_6 [XpJS] Inception Done
	✅ u_2 [vr7m] Inception Done
	✅ u_0 [-BXf] Inception Done
	✅ u_5 [LQdd] Inception Done
Test 2 (signature verification)
	✅ u_8 [6Rey] Message verified
	✅ u_5 [LQdd] Message verified
	✅ u_7 [CgV6] Message verified
	✅ u_1 [T5L9] Message verified
	✅ u_4 [5e2g] Message verified
	✅ u_6 [XpJS] Message verified
	✅ u_2 [vr7m] Message verified
	✅ u_0 [-BXf] Message verified
	✅ u_3 [O8gW] Message verified
	✅ u_9 [nlPF] Message verified
Waiting for an incoming message - Test 3 (signature verification after rotation of issuer)
	✅ u_4 [5e2g] Message Verified (2)
	✅ u_0 [-BXf] Message Verified (2)
	✅ u_1 [T5L9] Message Verified (2)
	✅ u_3 [O8gW] Message Verified (2)
	✅ u_8 [6Rey] Message Verified (2)
	✅ u_6 [XpJS] Message Verified (2)
	✅ u_2 [vr7m] Message Verified (2)
	✅ u_7 [CgV6] Message Verified (2)
	✅ u_9 [nlPF] Message Verified (2)
	✅ u_5 [LQdd] Message Verified (2)
Waiting for an incoming message - Test 4 (valid acdc credential)
skipped--
Waiting for an incoming message - Test 5 (acdc revocation)
skipped--
Waiting for an incoming message - Test 6
u_5 [LQdd] Starts Rotation
u_3 [O8gW] Starts Rotation
u_8 [6Rey] Starts Rotation
u_1 [T5L9] Starts Rotation
u_6 [XpJS] Starts Rotation
u_4 [5e2g] Starts Rotation
u_2 [vr7m] Starts Rotation
u_0 [-BXf] Starts Rotation
u_9 [nlPF] Starts Rotation
u_7 [CgV6] Starts Rotation
u_5 [LQdd] Ends Rotation
u_5 [LQdd] - Completed Key Rotation
u_3 [O8gW] Ends Rotation
u_3 [O8gW] - Completed Key Rotation
u_9 [nlPF] Ends Rotation
u_9 [nlPF] - Completed Key Rotation
u_1 [T5L9] Ends Rotation
u_1 [T5L9] - Completed Key Rotation
u_0 [-BXf] Ends Rotation
u_0 [-BXf] - Completed Key Rotation
u_6 [XpJS] Ends Rotation
u_6 [XpJS] - Completed Key Rotation
u_2 [vr7m] Ends Rotation
u_2 [vr7m] - Completed Key Rotation
u_4 [5e2g] Ends Rotation
u_4 [5e2g] - Completed Key Rotation
u_8 [6Rey] Ends Rotation
u_8 [6Rey] - Completed Key Rotation
u_7 [CgV6] Ends Rotation
u_7 [CgV6] - Completed Key Rotation
Executed 10 users / 10 success / 0 fail
Test 1: 9130ms (913 p.u.)
Test 2: 1ms (0 p.u.)
Test 3: 1932ms (193 p.u.)
Test 4: 2259ms (225 p.u.)
