Waiting for an incoming message - Test 1 (inception)
Error while deserializing http message: Error("EOF while parsing a value", line: 1, column: 0)
	Preparing Data...
	Data is ready, starting users and test1
Incepted: u_5 [qnHW]
Incepted: u_0 [E5gu]
Incepted: u_4 [bgz_]
Incepted: u_8 [lkLY]
Incepted: u_1 [NNWc]
Incepted: u_2 [y6ui]
Incepted: u_3 [XoJP]
Incepted: u_7 [c-OB]
Incepted: u_9 [06TM]
Incepted: u_6 [HKMg]
	Added [QDNR] as watcher for u_5 [qnHW]
	Added [2D85] as watcher for u_4 [bgz_]
	Added [QEi9] as watcher for u_0 [E5gu]
	Added [3sn5] as watcher for u_8 [lkLY]
	Added [QEi9] as watcher for u_1 [NNWc]
	Added [jm4C] as watcher for u_7 [c-OB]
	Added [jm4C] as watcher for u_9 [06TM]
	Added [QEi9] as watcher for u_2 [y6ui]
	Added [2D85] as watcher for u_3 [XoJP]
	Added [QEi9] as watcher for u_6 [HKMg]
	Added [QDNR] as watcher for u_0 [E5gu]
	Added [3mIH] as watcher for u_5 [qnHW]
	Added [bivQ] as watcher for u_4 [bgz_]
	Added [3sn5] as watcher for u_1 [NNWc]
	Added [3sn5] as watcher for u_7 [c-OB]
	Added [x5MO] as watcher for u_8 [lkLY]
	Added [j5nz] as watcher for u_2 [y6ui]
	Added [2D85] as watcher for u_9 [06TM]
	Added [3sn5] as watcher for u_3 [XoJP]
	Added [j5nz] as watcher for u_6 [HKMg]
	Added [QEi9] as watcher for u_4 [bgz_]
	Added [jm4C] as watcher for u_5 [qnHW]
	Added [j5nz] as watcher for u_8 [lkLY]
	Added [bivQ] as watcher for u_0 [E5gu]
	Added [2D85] as watcher for u_1 [NNWc]
	Added [x5MO] as watcher for u_7 [c-OB]
	Added [b_RA] as watcher for u_2 [y6ui]
	Added [3mIH] as watcher for u_9 [06TM]
	Added [x5MO] as watcher for u_3 [XoJP]
	Added [b_RA] as watcher for u_4 [bgz_]
	Added [x5MO] as watcher for u_6 [HKMg]
	Added [j5nz] as watcher for u_5 [qnHW]
	Added [QDNR] as watcher for u_8 [lkLY]
	Added [jm4C] as watcher for u_2 [y6ui]
	Added [j5nz] as watcher for u_7 [c-OB]
	Added [j5nz] as watcher for u_0 [E5gu]
	Added [QEi9] as watcher for u_9 [06TM]
	Added [QDNR] as watcher for u_1 [NNWc]
	Added [b_RA] as watcher for u_3 [XoJP]
	Added [j5nz] as watcher for u_4 [bgz_]
	Added [2D85] as watcher for u_6 [HKMg]
	Added [jm4C] as watcher for u_0 [E5gu]
	Added [bivQ] as watcher for u_5 [qnHW]
	Added [jm4C] as watcher for u_3 [XoJP]
	Added [2D85] as watcher for u_8 [lkLY]
	Added [jm4C] as watcher for u_1 [NNWc]
	Added [QDNR] as watcher for u_7 [c-OB]
	Added [b_RA] as watcher for u_9 [06TM]
	Added [2D85] as watcher for u_2 [y6ui]
	Added [3sn5] as watcher for u_4 [bgz_]
	Added [3mIH] as watcher for u_0 [E5gu]
	Added [bivQ] as watcher for u_6 [HKMg]
	Added [QDNR] as watcher for u_3 [XoJP]
	Added [x5MO] as watcher for u_5 [qnHW]
	Added [bivQ] as watcher for u_1 [NNWc]
	Added [2D85] as watcher for u_7 [c-OB]
	Added [jm4C] as watcher for u_4 [bgz_]
	Asking u_4 [bgz_]'s watchers to watch [5PsB]
	Added [bivQ] as watcher for u_9 [06TM]
	Added [bivQ] as watcher for u_8 [lkLY]
	Added [bivQ] as watcher for u_2 [y6ui]
	Added [b_RA] as watcher for u_0 [E5gu]
	Asking u_0 [E5gu]'s watchers to watch [5PsB]
	Added [3mIH] as watcher for u_6 [HKMg]
	Added [QEi9] as watcher for u_3 [XoJP]
	Asking u_3 [XoJP]'s watchers to watch [5PsB]
	Added [QEi9] as watcher for u_7 [c-OB]
	Asking u_7 [c-OB]'s watchers to watch [5PsB]
	Added [3sn5] as watcher for u_5 [qnHW]
	Asking u_5 [qnHW]'s watchers to watch [5PsB]
	Added [b_RA] as watcher for u_1 [NNWc]
	Asking u_1 [NNWc]'s watchers to watch [5PsB]
	Added [QEi9] as watcher for u_8 [lkLY]
	Asking u_8 [lkLY]'s watchers to watch [5PsB]
	Added [3sn5] as watcher for u_9 [06TM]
	Asking u_9 [06TM]'s watchers to watch [5PsB]
	Added [3sn5] as watcher for u_2 [y6ui]
	Asking u_2 [y6ui]'s watchers to watch [5PsB]
	Added [jm4C] as watcher for u_6 [HKMg]
	Asking u_6 [HKMg]'s watchers to watch [5PsB]
	✅ u_4 [bgz_] Inception Done
	✅ u_5 [qnHW] Inception Done
	✅ u_0 [E5gu] Inception Done
	✅ u_7 [c-OB] Inception Done
	✅ u_3 [XoJP] Inception Done
	✅ u_1 [NNWc] Inception Done
	✅ u_9 [06TM] Inception Done
	✅ u_8 [lkLY] Inception Done
	✅ u_2 [y6ui] Inception Done
	✅ u_6 [HKMg] Inception Done
Test 2 (signature verification)
	✅ u_6 [HKMg] Message verified
	✅ u_2 [y6ui] Message verified
	✅ u_1 [NNWc] Message verified
	✅ u_5 [qnHW] Message verified
	✅ u_7 [c-OB] Message verified
	✅ u_0 [E5gu] Message verified
	✅ u_4 [bgz_] Message verified
	✅ u_8 [lkLY] Message verified
	✅ u_9 [06TM] Message verified
	✅ u_3 [XoJP] Message verified
Waiting for an incoming message - Test 3 (signature verification after rotation of issuer)
	✅ u_5 [qnHW] Message Verified (2)
	✅ u_6 [HKMg] Message Verified (2)
	✅ u_0 [E5gu] Message Verified (2)
	✅ u_9 [06TM] Message Verified (2)
	✅ u_7 [c-OB] Message Verified (2)
	✅ u_1 [NNWc] Message Verified (2)
	✅ u_8 [lkLY] Message Verified (2)
	✅ u_2 [y6ui] Message Verified (2)
	✅ u_3 [XoJP] Message Verified (2)
	✅ u_4 [bgz_] Message Verified (2)
Waiting for an incoming message - Test 4 (valid acdc credential)
skipped--
Waiting for an incoming message - Test 5 (acdc revocation)
skipped--
Waiting for an incoming message - Test 6
u_6 [HKMg] Starts Rotation
u_4 [bgz_] Starts Rotation
u_9 [06TM] Starts Rotation
u_0 [E5gu] Starts Rotation
u_1 [NNWc] Starts Rotation
u_7 [c-OB] Starts Rotation
u_3 [XoJP] Starts Rotation
u_5 [qnHW] Starts Rotation
u_8 [lkLY] Starts Rotation
u_2 [y6ui] Starts Rotation
u_9 [06TM] Ends Rotation
u_9 [06TM] - Completed Key Rotation
u_4 [bgz_] Ends Rotation
u_4 [bgz_] - Completed Key Rotation
u_8 [lkLY] Ends Rotation
u_8 [lkLY] - Completed Key Rotation
u_7 [c-OB] Ends Rotation
u_7 [c-OB] - Completed Key Rotation
u_3 [XoJP] Ends Rotation
u_3 [XoJP] - Completed Key Rotation
u_0 [E5gu] Ends Rotation
u_0 [E5gu] - Completed Key Rotation
u_1 [NNWc] Ends Rotation
u_1 [NNWc] - Completed Key Rotation
u_6 [HKMg] Ends Rotation
u_6 [HKMg] - Completed Key Rotation
u_2 [y6ui] Ends Rotation
u_2 [y6ui] - Completed Key Rotation
u_5 [qnHW] Ends Rotation
u_5 [qnHW] - Completed Key Rotation
Executed 10 users / 10 success / 0 fail
Test 1: 9361ms (936 p.u.)
Test 2: 1ms (0 p.u.)
Test 3: 1742ms (174 p.u.)
Test 4: 2408ms (240 p.u.)
