Waiting for an incoming message - Test 1 (inception)
Error while deserializing http message: Error("EOF while parsing a value", line: 1, column: 0)
	Preparing Data...
	Data is ready, starting users and test1
Incepted: u_2 [N23D]
Incepted: u_7 [bqsM]
Incepted: u_0 [s95h]
Incepted: u_3 [Kbia]
Incepted: u_8 [GNR3]
Incepted: u_1 [lOyN]
Incepted: u_4 [WoiB]
	Added [b_RA] as watcher for u_2 [N23D]
Incepted: u_5 [m30D]
Incepted: u_9 [5b6D]
Incepted: u_6 [uU2l]
	Added [QDNR] as watcher for u_3 [Kbia]
	Added [3sn5] as watcher for u_1 [lOyN]
	Added [QDNR] as watcher for u_4 [WoiB]
	Added [2D85] as watcher for u_7 [bqsM]
	Added [b_RA] as watcher for u_8 [GNR3]
	Added [2D85] as watcher for u_0 [s95h]
	Added [3sn5] as watcher for u_5 [m30D]
	Added [QEi9] as watcher for u_6 [uU2l]
	Added [bivQ] as watcher for u_2 [N23D]
	Added [3mIH] as watcher for u_9 [5b6D]
	Added [j5nz] as watcher for u_3 [Kbia]
	Added [b_RA] as watcher for u_7 [bqsM]
	Added [j5nz] as watcher for u_8 [GNR3]
	Added [j5nz] as watcher for u_5 [m30D]
	Added [b_RA] as watcher for u_9 [5b6D]
	Added [3mIH] as watcher for u_0 [s95h]
	Added [2D85] as watcher for u_4 [WoiB]
	Added [j5nz] as watcher for u_6 [uU2l]
	Added [bivQ] as watcher for u_1 [lOyN]
	Added [3mIH] as watcher for u_2 [N23D]
	Added [3mIH] as watcher for u_3 [Kbia]
	Added [3mIH] as watcher for u_7 [bqsM]
	Added [QDNR] as watcher for u_5 [m30D]
	Added [3sn5] as watcher for u_8 [GNR3]
	Added [QDNR] as watcher for u_0 [s95h]
	Added [jm4C] as watcher for u_4 [WoiB]
	Added [3sn5] as watcher for u_6 [uU2l]
	Added [jm4C] as watcher for u_3 [Kbia]
	Added [bivQ] as watcher for u_9 [5b6D]
	Added [x5MO] as watcher for u_1 [lOyN]
	Added [QDNR] as watcher for u_6 [uU2l]
	Added [QEi9] as watcher for u_0 [s95h]
	Added [x5MO] as watcher for u_2 [N23D]
	Added [x5MO] as watcher for u_7 [bqsM]
	Added [QEi9] as watcher for u_5 [m30D]
	Added [3mIH] as watcher for u_4 [WoiB]
	Added [b_RA] as watcher for u_1 [lOyN]
	Added [x5MO] as watcher for u_8 [GNR3]
	Added [j5nz] as watcher for u_0 [s95h]
	Added [x5MO] as watcher for u_3 [Kbia]
	Added [x5MO] as watcher for u_9 [5b6D]
	Added [3sn5] as watcher for u_2 [N23D]
	Added [jm4C] as watcher for u_5 [m30D]
	Added [j5nz] as watcher for u_7 [bqsM]
	Added [2D85] as watcher for u_6 [uU2l]
	Added [QDNR] as watcher for u_8 [GNR3]
	Added [3mIH] as watcher for u_1 [lOyN]
	Added [QEi9] as watcher for u_4 [WoiB]
	Added [j5nz] as watcher for u_2 [N23D]
	Added [3sn5] as watcher for u_9 [5b6D]
	Added [jm4C] as watcher for u_7 [bqsM]
	Added [x5MO] as watcher for u_0 [s95h]
	Added [2D85] as watcher for u_3 [Kbia]
	Added [b_RA] as watcher for u_4 [WoiB]
	Added [bivQ] as watcher for u_5 [m30D]
	Added [QEi9] as watcher for u_1 [lOyN]
	Added [bivQ] as watcher for u_8 [GNR3]
	Added [x5MO] as watcher for u_6 [uU2l]
	Added [jm4C] as watcher for u_9 [5b6D]
	Added [QDNR] as watcher for u_7 [bqsM]
	Asking u_7 [bqsM]'s watchers to watch [5PsB]
	Added [j5nz] as watcher for u_4 [WoiB]
	Asking u_4 [WoiB]'s watchers to watch [5PsB]
	Added [3sn5] as watcher for u_3 [Kbia]
	Asking u_3 [Kbia]'s watchers to watch [5PsB]
	Added [2D85] as watcher for u_2 [N23D]
	Asking u_2 [N23D]'s watchers to watch [5PsB]
	Added [bivQ] as watcher for u_0 [s95h]
	Asking u_0 [s95h]'s watchers to watch [5PsB]
	Added [2D85] as watcher for u_5 [m30D]
	Asking u_5 [m30D]'s watchers to watch [5PsB]
	Added [b_RA] as watcher for u_6 [uU2l]
	Asking u_6 [uU2l]'s watchers to watch [5PsB]
	Added [QDNR] as watcher for u_9 [5b6D]
	Asking u_9 [5b6D]'s watchers to watch [5PsB]
	Added [2D85] as watcher for u_8 [GNR3]
	Asking u_8 [GNR3]'s watchers to watch [5PsB]
	Added [2D85] as watcher for u_1 [lOyN]
	Asking u_1 [lOyN]'s watchers to watch [5PsB]
	✅ u_7 [bqsM] Inception Done
	✅ u_4 [WoiB] Inception Done
	✅ u_3 [Kbia] Inception Done
	✅ u_2 [N23D] Inception Done
	✅ u_0 [s95h] Inception Done
	✅ u_6 [uU2l] Inception Done
	✅ u_9 [5b6D] Inception Done
	✅ u_8 [GNR3] Inception Done
	✅ u_5 [m30D] Inception Done
	✅ u_1 [lOyN] Inception Done
Test 2 (signature verification)
	✅ u_1 [lOyN] Message verified
	✅ u_2 [N23D] Message verified
	✅ u_4 [WoiB] Message verified
	✅ u_7 [bqsM] Message verified
	✅ u_8 [GNR3] Message verified
	✅ u_3 [Kbia] Message verified
	✅ u_5 [m30D] Message verified
	✅ u_9 [5b6D] Message verified
	✅ u_0 [s95h] Message verified
	✅ u_6 [uU2l] Message verified
Waiting for an incoming message - Test 3 (signature verification after rotation of issuer)
	✅ u_5 [m30D] Message Verified (2)
	✅ u_7 [bqsM] Message Verified (2)
	✅ u_0 [s95h] Message Verified (2)
	✅ u_9 [5b6D] Message Verified (2)
	✅ u_4 [WoiB] Message Verified (2)
	✅ u_8 [GNR3] Message Verified (2)
	✅ u_6 [uU2l] Message Verified (2)
	✅ u_3 [Kbia] Message Verified (2)
	✅ u_1 [lOyN] Message Verified (2)
	✅ u_2 [N23D] Message Verified (2)
Waiting for an incoming message - Test 4 (valid acdc credential)
skipped--
Waiting for an incoming message - Test 5 (acdc revocation)
skipped--
Waiting for an incoming message - Test 6
u_0 [s95h] Starts Rotation
u_2 [N23D] Starts Rotation
u_7 [bqsM] Starts Rotation
u_9 [5b6D] Starts Rotation
u_6 [uU2l] Starts Rotation
u_8 [GNR3] Starts Rotation
u_5 [m30D] Starts Rotation
u_1 [lOyN] Starts Rotation
u_3 [Kbia] Starts Rotation
u_4 [WoiB] Starts Rotation
u_2 [N23D] Ends Rotation
u_2 [N23D] - Completed Key Rotation
u_6 [uU2l] Ends Rotation
u_6 [uU2l] - Completed Key Rotation
u_4 [WoiB] Ends Rotation
u_4 [WoiB] - Completed Key Rotation
u_3 [Kbia] Ends Rotation
u_3 [Kbia] - Completed Key Rotation
u_1 [lOyN] Ends Rotation
u_1 [lOyN] - Completed Key Rotation
u_7 [bqsM] Ends Rotation
u_7 [bqsM] - Completed Key Rotation
u_0 [s95h] Ends Rotation
u_0 [s95h] - Completed Key Rotation
u_5 [m30D] Ends Rotation
u_5 [m30D] - Completed Key Rotation
u_8 [GNR3] Ends Rotation
u_8 [GNR3] - Completed Key Rotation
u_9 [5b6D] Ends Rotation
u_9 [5b6D] - Completed Key Rotation
Executed 10 users / 10 success / 0 fail
Test 1: 7584ms (758 p.u.)
Test 2: 1ms (0 p.u.)
Test 3: 2147ms (214 p.u.)
Test 4: 2187ms (218 p.u.)
