Waiting for an incoming message - Test 1 (inception)
Error while deserializing http message: Error("EOF while parsing a value", line: 1, column: 0)
	Preparing Data...
	Data is ready, starting users and test1
Incepted: u_0 [H6CT]
Incepted: u_1 [tTj1]
Incepted: u_3 [yfVD]
Incepted: u_4 [w5Sh]
Incepted: u_7 [1ack]
Incepted: u_5 [xHJK]
Incepted: u_8 [SxB9]
Incepted: u_6 [xMin]
Incepted: u_9 [BZ3r]
Incepted: u_2 [A6Pr]
	Added [j5nz] as watcher for u_0 [H6CT]
	Added [2D85] as watcher for u_1 [tTj1]
	Added [j5nz] as watcher for u_3 [yfVD]
	Added [3sn5] as watcher for u_7 [1ack]
	Added [b_RA] as watcher for u_4 [w5Sh]
	Added [2D85] as watcher for u_9 [BZ3r]
	Added [3sn5] as watcher for u_8 [SxB9]
	Added [jm4C] as watcher for u_5 [xHJK]
	Added [3sn5] as watcher for u_6 [xMin]
	Added [QEi9] as watcher for u_0 [H6CT]
	Added [bivQ] as watcher for u_2 [A6Pr]
	Added [3sn5] as watcher for u_1 [tTj1]
	Added [x5MO] as watcher for u_3 [yfVD]
	Added [2D85] as watcher for u_4 [w5Sh]
	Added [x5MO] as watcher for u_9 [BZ3r]
	Added [2D85] as watcher for u_7 [1ack]
	Added [3sn5] as watcher for u_5 [xHJK]
	Added [jm4C] as watcher for u_8 [SxB9]
	Added [b_RA] as watcher for u_0 [H6CT]
	Added [2D85] as watcher for u_6 [xMin]
	Added [QEi9] as watcher for u_2 [A6Pr]
	Added [bivQ] as watcher for u_1 [tTj1]
	Added [QDNR] as watcher for u_3 [yfVD]
	Added [QDNR] as watcher for u_7 [1ack]
	Added [3mIH] as watcher for u_4 [w5Sh]
	Added [QEi9] as watcher for u_9 [BZ3r]
	Added [j5nz] as watcher for u_5 [xHJK]
	Added [x5MO] as watcher for u_8 [SxB9]
	Added [2D85] as watcher for u_0 [H6CT]
	Added [QEi9] as watcher for u_6 [xMin]
	Added [3sn5] as watcher for u_3 [yfVD]
	Added [3mIH] as watcher for u_1 [tTj1]
	Added [j5nz] as watcher for u_2 [A6Pr]
	Added [QEi9] as watcher for u_7 [1ack]
	Added [3mIH] as watcher for u_9 [BZ3r]
	Added [j5nz] as watcher for u_4 [w5Sh]
	Added [3mIH] as watcher for u_8 [SxB9]
	Added [QDNR] as watcher for u_5 [xHJK]
	Added [3mIH] as watcher for u_0 [H6CT]
	Added [b_RA] as watcher for u_6 [xMin]
	Added [3sn5] as watcher for u_2 [A6Pr]
	Added [2D85] as watcher for u_3 [yfVD]
	Added [x5MO] as watcher for u_1 [tTj1]
	Added [3sn5] as watcher for u_9 [BZ3r]
	Added [QDNR] as watcher for u_4 [w5Sh]
	Added [QDNR] as watcher for u_8 [SxB9]
	Added [b_RA] as watcher for u_5 [xHJK]
	Added [QDNR] as watcher for u_0 [H6CT]
	Added [x5MO] as watcher for u_7 [1ack]
	Added [3mIH] as watcher for u_6 [xMin]
	Added [2D85] as watcher for u_2 [A6Pr]
	Added [jm4C] as watcher for u_1 [tTj1]
	Added [QEi9] as watcher for u_3 [yfVD]
	Added [QEi9] as watcher for u_4 [w5Sh]
	Added [bivQ] as watcher for u_9 [BZ3r]
	Added [x5MO] as watcher for u_0 [H6CT]
	Asking u_0 [H6CT]'s watchers to watch [5PsB]
	Added [b_RA] as watcher for u_7 [1ack]
	Added [2D85] as watcher for u_8 [SxB9]
	Added [QEi9] as watcher for u_5 [xHJK]
	Added [jm4C] as watcher for u_3 [yfVD]
	Asking u_3 [yfVD]'s watchers to watch [5PsB]
	Added [b_RA] as watcher for u_1 [tTj1]
	Asking u_1 [tTj1]'s watchers to watch [5PsB]
	Added [x5MO] as watcher for u_6 [xMin]
	Added [3mIH] as watcher for u_2 [A6Pr]
	Added [x5MO] as watcher for u_4 [w5Sh]
	Asking u_4 [w5Sh]'s watchers to watch [5PsB]
	Added [j5nz] as watcher for u_9 [BZ3r]
	Asking u_9 [BZ3r]'s watchers to watch [5PsB]
	Added [j5nz] as watcher for u_7 [1ack]
	Asking u_7 [1ack]'s watchers to watch [5PsB]
	Added [bivQ] as watcher for u_6 [xMin]
	Asking u_6 [xMin]'s watchers to watch [5PsB]
	Added [2D85] as watcher for u_5 [xHJK]
	Asking u_5 [xHJK]'s watchers to watch [5PsB]
	Added [bivQ] as watcher for u_8 [SxB9]
	Asking u_8 [SxB9]'s watchers to watch [5PsB]
	Added [x5MO] as watcher for u_2 [A6Pr]
	Asking u_2 [A6Pr]'s watchers to watch [5PsB]
	✅ u_0 [H6CT] Inception Done
	✅ u_1 [tTj1] Inception Done
	✅ u_3 [yfVD] Inception Done
	✅ u_4 [w5Sh] Inception Done
	✅ u_9 [BZ3r] Inception Done
	✅ u_7 [1ack] Inception Done
	✅ u_5 [xHJK] Inception Done
	✅ u_8 [SxB9] Inception Done
	✅ u_6 [xMin] Inception Done
	✅ u_2 [A6Pr] Inception Done
Test 2 (signature verification)
	✅ u_9 [BZ3r] Message verified
	✅ u_2 [A6Pr] Message verified
	✅ u_5 [xHJK] Message verified
	✅ u_4 [w5Sh] Message verified
	✅ u_0 [H6CT] Message verified
	✅ u_1 [tTj1] Message verified
	✅ u_3 [yfVD] Message verified
	✅ u_8 [SxB9] Message verified
	✅ u_7 [1ack] Message verified
	✅ u_6 [xMin] Message verified
Waiting for an incoming message - Test 3 (signature verification after rotation of issuer)
	✅ u_1 [tTj1] Message Verified (2)
	✅ u_5 [xHJK] Message Verified (2)
	✅ u_2 [A6Pr] Message Verified (2)
	✅ u_0 [H6CT] Message Verified (2)
	✅ u_6 [xMin] Message Verified (2)
	✅ u_9 [BZ3r] Message Verified (2)
	✅ u_8 [SxB9] Message Verified (2)
	✅ u_4 [w5Sh] Message Verified (2)
	✅ u_7 [1ack] Message Verified (2)
	✅ u_3 [yfVD] Message Verified (2)
Waiting for an incoming message - Test 4 (valid acdc credential)
skipped--
Waiting for an incoming message - Test 5 (acdc revocation)
skipped--
Waiting for an incoming message - Test 6
u_3 [yfVD] Starts Rotation
u_6 [xMin] Starts Rotation
u_4 [w5Sh] Starts Rotation
u_9 [BZ3r] Starts Rotation
u_8 [SxB9] Starts Rotation
u_5 [xHJK] Starts Rotation
u_2 [A6Pr] Starts Rotation
u_0 [H6CT] Starts Rotation
u_1 [tTj1] Starts Rotation
u_7 [1ack] Starts Rotation
u_3 [yfVD] Ends Rotation
u_3 [yfVD] - Completed Key Rotation
u_6 [xMin] Ends Rotation
u_6 [xMin] - Completed Key Rotation
u_7 [1ack] Ends Rotation
u_7 [1ack] - Completed Key Rotation
u_0 [H6CT] Ends Rotation
u_0 [H6CT] - Completed Key Rotation
u_4 [w5Sh] Ends Rotation
u_4 [w5Sh] - Completed Key Rotation
u_5 [xHJK] Ends Rotation
u_5 [xHJK] - Completed Key Rotation
u_9 [BZ3r] Ends Rotation
u_9 [BZ3r] - Completed Key Rotation
u_8 [SxB9] Ends Rotation
u_8 [SxB9] - Completed Key Rotation
u_1 [tTj1] Ends Rotation
u_1 [tTj1] - Completed Key Rotation
u_2 [A6Pr] Ends Rotation
u_2 [A6Pr] - Completed Key Rotation
Executed 10 users / 10 success / 0 fail
Test 1: 9785ms (978 p.u.)
Test 2: 7ms (0 p.u.)
Test 3: 1954ms (195 p.u.)
Test 4: 2595ms (259 p.u.)
