Waiting for an incoming message - Test 1 (inception)
Error while deserializing http message: Error("EOF while parsing a value", line: 1, column: 0)
	Preparing Data...
	Data is ready, starting users and test1
Incepted: u_6 [2JF1]
Incepted: u_5 [cqOL]
Incepted: u_2 [okMy]
Incepted: u_0 [Bxd9]
Incepted: u_7 [dMup]
Incepted: u_8 [X5XY]
Incepted: u_4 [HUVI]
Incepted: u_1 [vTSz]
Incepted: u_3 [hYFW]
Incepted: u_9 [vi--]
	Added [QDNR] as watcher for u_5 [cqOL]
	Added [3sn5] as watcher for u_6 [2JF1]
	Added [jm4C] as watcher for u_2 [okMy]
	Added [j5nz] as watcher for u_0 [Bxd9]
	Added [jm4C] as watcher for u_4 [HUVI]
	Added [3mIH] as watcher for u_1 [vTSz]
	Added [jm4C] as watcher for u_8 [X5XY]
	Added [QDNR] as watcher for u_3 [hYFW]
	Added [jm4C] as watcher for u_7 [dMup]
	Added [j5nz] as watcher for u_5 [cqOL]
	Added [2D85] as watcher for u_9 [vi--]
	Added [b_RA] as watcher for u_6 [2JF1]
	Added [QDNR] as watcher for u_2 [okMy]
	Added [b_RA] as watcher for u_4 [HUVI]
	Added [b_RA] as watcher for u_0 [Bxd9]
	Added [jm4C] as watcher for u_1 [vTSz]
	Added [b_RA] as watcher for u_5 [cqOL]
	Added [3sn5] as watcher for u_7 [dMup]
	Added [2D85] as watcher for u_3 [hYFW]
	Added [bivQ] as watcher for u_8 [X5XY]
	Added [j5nz] as watcher for u_9 [vi--]
	Added [QEi9] as watcher for u_2 [okMy]
	Added [QEi9] as watcher for u_0 [Bxd9]
	Added [b_RA] as watcher for u_1 [vTSz]
	Added [x5MO] as watcher for u_6 [2JF1]
	Added [3mIH] as watcher for u_3 [hYFW]
	Added [b_RA] as watcher for u_8 [X5XY]
	Added [j5nz] as watcher for u_7 [dMup]
	Added [x5MO] as watcher for u_4 [HUVI]
	Added [jm4C] as watcher for u_9 [vi--]
	Added [2D85] as watcher for u_5 [cqOL]
	Added [3sn5] as watcher for u_2 [okMy]
	Added [3sn5] as watcher for u_1 [vTSz]
	Added [QEi9] as watcher for u_7 [dMup]
	Added [j5nz] as watcher for u_3 [hYFW]
	Added [2D85] as watcher for u_0 [Bxd9]
	Added [2D85] as watcher for u_6 [2JF1]
	Added [j5nz] as watcher for u_8 [X5XY]
	Added [QEi9] as watcher for u_5 [cqOL]
	Added [QDNR] as watcher for u_4 [HUVI]
	Added [QEi9] as watcher for u_1 [vTSz]
	Added [3mIH] as watcher for u_7 [dMup]
	Added [x5MO] as watcher for u_9 [vi--]
	Added [QDNR] as watcher for u_0 [Bxd9]
	Added [QEi9] as watcher for u_3 [hYFW]
	Added [3sn5] as watcher for u_8 [X5XY]
	Added [x5MO] as watcher for u_2 [okMy]
	Added [j5nz] as watcher for u_6 [2JF1]
	Added [3sn5] as watcher for u_5 [cqOL]
	Added [2D85] as watcher for u_7 [dMup]
	Added [j5nz] as watcher for u_1 [vTSz]
	Added [b_RA] as watcher for u_9 [vi--]
	Added [QEi9] as watcher for u_8 [X5XY]
	Added [3mIH] as watcher for u_2 [okMy]
	Added [bivQ] as watcher for u_4 [HUVI]
	Added [bivQ] as watcher for u_0 [Bxd9]
	Added [jm4C] as watcher for u_6 [2JF1]
	Added [x5MO] as watcher for u_3 [hYFW]
	Added [bivQ] as watcher for u_5 [cqOL]
	Asking u_5 [cqOL]'s watchers to watch [5PsB]
	Added [3sn5] as watcher for u_9 [vi--]
	Added [x5MO] as watcher for u_1 [vTSz]
	Asking u_1 [vTSz]'s watchers to watch [5PsB]
	Added [3mIH] as watcher for u_6 [2JF1]
	Asking u_6 [2JF1]'s watchers to watch [5PsB]
	Added [bivQ] as watcher for u_7 [dMup]
	Asking u_7 [dMup]'s watchers to watch [5PsB]
	Added [3sn5] as watcher for u_4 [HUVI]
	Added [x5MO] as watcher for u_0 [Bxd9]
	Asking u_0 [Bxd9]'s watchers to watch [5PsB]
	Added [3sn5] as watcher for u_3 [hYFW]
	Asking u_3 [hYFW]'s watchers to watch [5PsB]
	Added [2D85] as watcher for u_8 [X5XY]
	Asking u_8 [X5XY]'s watchers to watch [5PsB]
	Added [bivQ] as watcher for u_2 [okMy]
	Asking u_2 [okMy]'s watchers to watch [5PsB]
	Added [3mIH] as watcher for u_9 [vi--]
	Asking u_9 [vi--]'s watchers to watch [5PsB]
	Added [3mIH] as watcher for u_4 [HUVI]
	Asking u_4 [HUVI]'s watchers to watch [5PsB]
	✅ u_5 [cqOL] Inception Done
	✅ u_1 [vTSz] Inception Done
	✅ u_6 [2JF1] Inception Done
	✅ u_7 [dMup] Inception Done
	✅ u_2 [okMy] Inception Done
	✅ u_8 [X5XY] Inception Done
	✅ u_3 [hYFW] Inception Done
	✅ u_0 [Bxd9] Inception Done
	✅ u_9 [vi--] Inception Done
	✅ u_4 [HUVI] Inception Done
Test 2 (signature verification)
	✅ u_4 [HUVI] Message verified
	✅ u_1 [vTSz] Message verified
	✅ u_3 [hYFW] Message verified
	✅ u_5 [cqOL] Message verified
	✅ u_8 [X5XY] Message verified
	✅ u_7 [dMup] Message verified
	✅ u_2 [okMy] Message verified
	✅ u_6 [2JF1] Message verified
	✅ u_0 [Bxd9] Message verified
	✅ u_9 [vi--] Message verified
Waiting for an incoming message - Test 3 (signature verification after rotation of issuer)
	✅ u_2 [okMy] Message Verified (2)
	✅ u_7 [dMup] Message Verified (2)
	✅ u_4 [HUVI] Message Verified (2)
	✅ u_6 [2JF1] Message Verified (2)
	✅ u_1 [vTSz] Message Verified (2)
	✅ u_0 [Bxd9] Message Verified (2)
	✅ u_8 [X5XY] Message Verified (2)
	✅ u_9 [vi--] Message Verified (2)
	✅ u_5 [cqOL] Message Verified (2)
	✅ u_3 [hYFW] Message Verified (2)
Waiting for an incoming message - Test 4 (valid acdc credential)
skipped--
Waiting for an incoming message - Test 5 (acdc revocation)
skipped--
Waiting for an incoming message - Test 6
u_3 [hYFW] Starts Rotation
u_8 [X5XY] Starts Rotation
u_5 [cqOL] Starts Rotation
u_7 [dMup] Starts Rotation
u_2 [okMy] Starts Rotation
u_9 [vi--] Starts Rotation
u_0 [Bxd9] Starts Rotation
u_4 [HUVI] Starts Rotation
u_1 [vTSz] Starts Rotation
u_6 [2JF1] Starts Rotation
u_5 [cqOL] Ends Rotation
u_5 [cqOL] - Completed Key Rotation
u_2 [okMy] Ends Rotation
u_2 [okMy] - Completed Key Rotation
u_1 [vTSz] Ends Rotation
u_1 [vTSz] - Completed Key Rotation
u_6 [2JF1] Ends Rotation
u_6 [2JF1] - Completed Key Rotation
u_9 [vi--] Ends Rotation
u_9 [vi--] - Completed Key Rotation
u_8 [X5XY] Ends Rotation
u_8 [X5XY] - Completed Key Rotation
u_4 [HUVI] Ends Rotation
u_4 [HUVI] - Completed Key Rotation
u_0 [Bxd9] Ends Rotation
u_0 [Bxd9] - Completed Key Rotation
u_7 [dMup] Ends Rotation
u_7 [dMup] - Completed Key Rotation
u_3 [hYFW] Ends Rotation
u_3 [hYFW] - Completed Key Rotation
Executed 10 users / 10 success / 0 fail
Test 1: 9938ms (993 p.u.)
Test 2: 1ms (0 p.u.)
Test 3: 1843ms (184 p.u.)
Test 4: 2367ms (236 p.u.)
