Waiting for an incoming message - Test 1 (inception)
Error while deserializing http message: Error("EOF while parsing a value", line: 1, column: 0)
	Preparing Data...
	Data is ready, starting users and test1
Incepted: u_8 [ag-7]
Incepted: u_7 [FuO3]
Incepted: u_2 [6ZfL]
Incepted: u_0 [70Sf]
Incepted: u_3 [FPw7]
Incepted: u_5 [3v3S]
Incepted: u_1 [f7PG]
	Added [bivQ] as watcher for u_8 [ag-7]
Incepted: u_4 [IrsG]
Incepted: u_6 [labX]
Incepted: u_9 [-bHg]
	Added [bivQ] as watcher for u_3 [FPw7]
	Added [2D85] as watcher for u_7 [FuO3]
	Added [2D85] as watcher for u_2 [6ZfL]
	Added [bivQ] as watcher for u_9 [-bHg]
	Added [jm4C] as watcher for u_0 [70Sf]
	Added [x5MO] as watcher for u_6 [labX]
	Added [bivQ] as watcher for u_2 [6ZfL]
	Added [jm4C] as watcher for u_1 [f7PG]
	Added [jm4C] as watcher for u_4 [IrsG]
	Added [jm4C] as watcher for u_5 [3v3S]
	Added [jm4C] as watcher for u_8 [ag-7]
	Added [2D85] as watcher for u_3 [FPw7]
	Added [bivQ] as watcher for u_6 [labX]
	Added [2D85] as watcher for u_9 [-bHg]
	Added [bivQ] as watcher for u_4 [IrsG]
	Added [jm4C] as watcher for u_7 [FuO3]
	Added [jm4C] as watcher for u_2 [6ZfL]
	Asking u_2 [6ZfL]'s watchers to watch [4djp]
	Added [x5MO] as watcher for u_0 [70Sf]
	Added [x5MO] as watcher for u_8 [ag-7]
	Asking u_8 [ag-7]'s watchers to watch [4djp]
	Added [2D85] as watcher for u_5 [3v3S]
	Added [x5MO] as watcher for u_1 [f7PG]
	Added [x5MO] as watcher for u_3 [FPw7]
	Asking u_3 [FPw7]'s watchers to watch [4djp]
	Added [2D85] as watcher for u_6 [labX]
	Asking u_6 [labX]'s watchers to watch [4djp]
	Added [x5MO] as watcher for u_7 [FuO3]
	Asking u_7 [FuO3]'s watchers to watch [4djp]
	Added [bivQ] as watcher for u_0 [70Sf]
	Asking u_0 [70Sf]'s watchers to watch [4djp]
	Added [x5MO] as watcher for u_9 [-bHg]
	Asking u_9 [-bHg]'s watchers to watch [4djp]
	Added [x5MO] as watcher for u_4 [IrsG]
	Asking u_4 [IrsG]'s watchers to watch [4djp]
	Added [bivQ] as watcher for u_1 [f7PG]
	Asking u_1 [f7PG]'s watchers to watch [4djp]
	Added [x5MO] as watcher for u_5 [3v3S]
	Asking u_5 [3v3S]'s watchers to watch [4djp]
	✅ u_2 [6ZfL] Inception Done
	✅ u_8 [ag-7] Inception Done
	✅ u_3 [FPw7] Inception Done
	✅ u_0 [70Sf] Inception Done
	✅ u_6 [labX] Inception Done
	✅ u_9 [-bHg] Inception Done
	✅ u_7 [FuO3] Inception Done
	✅ u_4 [IrsG] Inception Done
	✅ u_1 [f7PG] Inception Done
	✅ u_5 [3v3S] Inception Done
Test 2 (signature verification)
	✅ u_5 [3v3S] Message verified
	✅ u_3 [FPw7] Message verified
	✅ u_1 [f7PG] Message verified
	✅ u_8 [ag-7] Message verified
	✅ u_0 [70Sf] Message verified
	✅ u_2 [6ZfL] Message verified
	✅ u_6 [labX] Message verified
	✅ u_7 [FuO3] Message verified
	✅ u_9 [-bHg] Message verified
	✅ u_4 [IrsG] Message verified
Waiting for an incoming message - Test 3 (signature verification after rotation of issuer)
	✅ u_1 [f7PG] Message Verified (2)
	✅ u_6 [labX] Message Verified (2)
	✅ u_2 [6ZfL] Message Verified (2)
	✅ u_9 [-bHg] Message Verified (2)
	✅ u_5 [3v3S] Message Verified (2)
	✅ u_8 [ag-7] Message Verified (2)
	✅ u_3 [FPw7] Message Verified (2)
	✅ u_7 [FuO3] Message Verified (2)
	✅ u_0 [70Sf] Message Verified (2)
	✅ u_4 [IrsG] Message Verified (2)
Waiting for an incoming message - Test 4 (valid acdc credential)
skipped--
Waiting for an incoming message - Test 5 (acdc revocation)
skipped--
Waiting for an incoming message - Test 6
u_9 [-bHg] Starts Rotation
u_1 [f7PG] Starts Rotation
u_6 [labX] Starts Rotation
u_5 [3v3S] Starts Rotation
u_7 [FuO3] Starts Rotation
u_8 [ag-7] Starts Rotation
u_2 [6ZfL] Starts Rotation
u_3 [FPw7] Starts Rotation
u_0 [70Sf] Starts Rotation
u_4 [IrsG] Starts Rotation
u_4 [IrsG] Ends Rotation
u_4 [IrsG] - Completed Key Rotation
u_0 [70Sf] Ends Rotation
u_0 [70Sf] - Completed Key Rotation
u_7 [FuO3] Ends Rotation
u_7 [FuO3] - Completed Key Rotation
u_3 [FPw7] Ends Rotation
u_3 [FPw7] - Completed Key Rotation
u_2 [6ZfL] Ends Rotation
u_2 [6ZfL] - Completed Key Rotation
u_6 [labX] Ends Rotation
u_6 [labX] - Completed Key Rotation
u_1 [f7PG] Ends Rotation
u_1 [f7PG] - Completed Key Rotation
u_8 [ag-7] Ends Rotation
u_8 [ag-7] - Completed Key Rotation
u_5 [3v3S] Ends Rotation
u_5 [3v3S] - Completed Key Rotation
u_9 [-bHg] Ends Rotation
u_9 [-bHg] - Completed Key Rotation
Executed 10 users / 10 success / 0 fail
Test 1: 4760ms (476 p.u.)
Test 2: 1ms (0 p.u.)
Test 3: 609ms (60 p.u.)
Test 4: 1927ms (192 p.u.)
