Waiting for an incoming message - Test 1 (inception)
Error while deserializing http message: Error("EOF while parsing a value", line: 1, column: 0)
	Preparing Data...
	Data is ready, starting users and test1
Incepted: u_4 [hG1s]
Incepted: u_6 [gFpn]
Incepted: u_3 [1b1q]
Incepted: u_5 [YEyd]
Incepted: u_0 [RjpX]
Incepted: u_8 [OZdx]
Incepted: u_1 [h88R]
Incepted: u_2 [y61K]
	Added [bivQ] as watcher for u_6 [gFpn]
Incepted: u_9 [VmHA]
Incepted: u_7 [mg_k]
	Added [bivQ] as watcher for u_3 [1b1q]
	Added [x5MO] as watcher for u_4 [hG1s]
	Added [x5MO] as watcher for u_5 [YEyd]
	Added [jm4C] as watcher for u_0 [RjpX]
	Added [2D85] as watcher for u_2 [y61K]
	Added [2D85] as watcher for u_1 [h88R]
	Added [jm4C] as watcher for u_8 [OZdx]
	Added [2D85] as watcher for u_9 [VmHA]
	Added [2D85] as watcher for u_3 [1b1q]
	Added [x5MO] as watcher for u_6 [gFpn]
	Added [2D85] as watcher for u_4 [hG1s]
	Added [jm4C] as watcher for u_7 [mg_k]
	Added [bivQ] as watcher for u_8 [OZdx]
	Added [2D85] as watcher for u_5 [YEyd]
	Added [x5MO] as watcher for u_0 [RjpX]
	Added [x5MO] as watcher for u_2 [y61K]
	Added [jm4C] as watcher for u_1 [h88R]
	Added [2D85] as watcher for u_6 [gFpn]
	Asking u_6 [gFpn]'s watchers to watch [4djp]
	Added [x5MO] as watcher for u_9 [VmHA]
	Added [x5MO] as watcher for u_7 [mg_k]
	Added [bivQ] as watcher for u_0 [RjpX]
	Asking u_0 [RjpX]'s watchers to watch [4djp]
	Added [x5MO] as watcher for u_8 [OZdx]
	Asking u_8 [OZdx]'s watchers to watch [4djp]
	Added [jm4C] as watcher for u_3 [1b1q]
	Asking u_3 [1b1q]'s watchers to watch [4djp]
	Added [jm4C] as watcher for u_4 [hG1s]
	Asking u_4 [hG1s]'s watchers to watch [4djp]
	Added [jm4C] as watcher for u_2 [y61K]
	Asking u_2 [y61K]'s watchers to watch [4djp]
	Added [bivQ] as watcher for u_1 [h88R]
	Asking u_1 [h88R]'s watchers to watch [4djp]
	Added [jm4C] as watcher for u_5 [YEyd]
	Asking u_5 [YEyd]'s watchers to watch [4djp]
	Added [bivQ] as watcher for u_7 [mg_k]
	Asking u_7 [mg_k]'s watchers to watch [4djp]
	Added [jm4C] as watcher for u_9 [VmHA]
	Asking u_9 [VmHA]'s watchers to watch [4djp]
	✅ u_6 [gFpn] Inception Done
	✅ u_3 [1b1q] Inception Done
	✅ u_0 [RjpX] Inception Done
	✅ u_8 [OZdx] Inception Done
	✅ u_1 [h88R] Inception Done
	✅ u_5 [YEyd] Inception Done
	✅ u_2 [y61K] Inception Done
	✅ u_4 [hG1s] Inception Done
	✅ u_7 [mg_k] Inception Done
	✅ u_9 [VmHA] Inception Done
Test 2 (signature verification)
	✅ u_9 [VmHA] Message verified
	✅ u_2 [y61K] Message verified
	✅ u_3 [1b1q] Message verified
	✅ u_4 [hG1s] Message verified
	✅ u_6 [gFpn] Message verified
	✅ u_7 [mg_k] Message verified
	✅ u_1 [h88R] Message verified
	✅ u_0 [RjpX] Message verified
	✅ u_5 [YEyd] Message verified
	✅ u_8 [OZdx] Message verified
Waiting for an incoming message - Test 3 (signature verification after rotation of issuer)
	✅ u_1 [h88R] Message Verified (2)
	✅ u_6 [gFpn] Message Verified (2)
	✅ u_9 [VmHA] Message Verified (2)
	✅ u_4 [hG1s] Message Verified (2)
	✅ u_5 [YEyd] Message Verified (2)
	✅ u_2 [y61K] Message Verified (2)
	✅ u_7 [mg_k] Message Verified (2)
	✅ u_8 [OZdx] Message Verified (2)
	✅ u_3 [1b1q] Message Verified (2)
	✅ u_0 [RjpX] Message Verified (2)
Waiting for an incoming message - Test 4 (valid acdc credential)
skipped--
Waiting for an incoming message - Test 5 (acdc revocation)
skipped--
Waiting for an incoming message - Test 6
u_0 [RjpX] Starts Rotation
u_5 [YEyd] Starts Rotation
u_6 [gFpn] Starts Rotation
u_3 [1b1q] Starts Rotation
u_4 [hG1s] Starts Rotation
u_1 [h88R] Starts Rotation
u_7 [mg_k] Starts Rotation
u_8 [OZdx] Starts Rotation
u_2 [y61K] Starts Rotation
u_9 [VmHA] Starts Rotation
u_2 [y61K] Ends Rotation
u_2 [y61K] - Completed Key Rotation
u_4 [hG1s] Ends Rotation
u_4 [hG1s] - Completed Key Rotation
u_8 [OZdx] Ends Rotation
u_8 [OZdx] - Completed Key Rotation
u_0 [RjpX] Ends Rotation
u_0 [RjpX] - Completed Key Rotation
u_3 [1b1q] Ends Rotation
u_3 [1b1q] - Completed Key Rotation
u_6 [gFpn] Ends Rotation
u_6 [gFpn] - Completed Key Rotation
u_5 [YEyd] Ends Rotation
u_5 [YEyd] - Completed Key Rotation
u_1 [h88R] Ends Rotation
u_1 [h88R] - Completed Key Rotation
u_7 [mg_k] Ends Rotation
u_7 [mg_k] - Completed Key Rotation
u_9 [VmHA] Ends Rotation
u_9 [VmHA] - Completed Key Rotation
Executed 10 users / 10 success / 0 fail
Test 1: 6113ms (611 p.u.)
Test 2: 2ms (0 p.u.)
Test 3: 724ms (72 p.u.)
Test 4: 2073ms (207 p.u.)
