Waiting for an incoming message - Test 1 (inception)
Error while deserializing http message: Error("EOF while parsing a value", line: 1, column: 0)
	Preparing Data...
	Data is ready, starting users and test1
Incepted: u_4 [HgIA]
Incepted: u_5 [bpke]
Incepted: u_0 [KpY8]
Incepted: u_3 [c6h_]
Incepted: u_2 [-bqb]
Incepted: u_6 [D5U5]
Incepted: u_1 [dk3o]
Incepted: u_9 [Jygo]
Incepted: u_7 [mQS1]
Incepted: u_8 [op_p]
	Added [jm4C] as watcher for u_4 [HgIA]
	Added [jm4C] as watcher for u_5 [bpke]
	Added [x5MO] as watcher for u_3 [c6h_]
	Added [x5MO] as watcher for u_0 [KpY8]
	Added [2D85] as watcher for u_6 [D5U5]
	Added [x5MO] as watcher for u_2 [-bqb]
	Added [bivQ] as watcher for u_7 [mQS1]
	Added [x5MO] as watcher for u_8 [op_p]
	Added [bivQ] as watcher for u_1 [dk3o]
	Added [jm4C] as watcher for u_9 [Jygo]
	Added [bivQ] as watcher for u_4 [HgIA]
	Added [2D85] as watcher for u_5 [bpke]
	Added [bivQ] as watcher for u_0 [KpY8]
	Added [jm4C] as watcher for u_3 [c6h_]
	Added [2D85] as watcher for u_2 [-bqb]
	Added [jm4C] as watcher for u_6 [D5U5]
	Added [x5MO] as watcher for u_1 [dk3o]
	Added [jm4C] as watcher for u_7 [mQS1]
	Added [bivQ] as watcher for u_8 [op_p]
	Added [x5MO] as watcher for u_9 [Jygo]
	Added [bivQ] as watcher for u_5 [bpke]
	Asking u_5 [bpke]'s watchers to watch [4djp]
	Added [x5MO] as watcher for u_4 [HgIA]
	Asking u_4 [HgIA]'s watchers to watch [4djp]
	Added [2D85] as watcher for u_3 [c6h_]
	Asking u_3 [c6h_]'s watchers to watch [4djp]
	Added [2D85] as watcher for u_0 [KpY8]
	Asking u_0 [KpY8]'s watchers to watch [4djp]
	Added [jm4C] as watcher for u_2 [-bqb]
	Asking u_2 [-bqb]'s watchers to watch [4djp]
	Added [x5MO] as watcher for u_6 [D5U5]
	Asking u_6 [D5U5]'s watchers to watch [4djp]
	Added [2D85] as watcher for u_8 [op_p]
	Asking u_8 [op_p]'s watchers to watch [4djp]
	Added [2D85] as watcher for u_9 [Jygo]
	Asking u_9 [Jygo]'s watchers to watch [4djp]
	Added [2D85] as watcher for u_7 [mQS1]
	Asking u_7 [mQS1]'s watchers to watch [4djp]
	Added [jm4C] as watcher for u_1 [dk3o]
	Asking u_1 [dk3o]'s watchers to watch [4djp]
	✅ u_5 [bpke] Inception Done
	✅ u_4 [HgIA] Inception Done
	✅ u_3 [c6h_] Inception Done
	✅ u_2 [-bqb] Inception Done
	✅ u_0 [KpY8] Inception Done
	✅ u_8 [op_p] Inception Done
	✅ u_6 [D5U5] Inception Done
	✅ u_9 [Jygo] Inception Done
	✅ u_1 [dk3o] Inception Done
	✅ u_7 [mQS1] Inception Done
Test 2 (signature verification)
	✅ u_7 [mQS1] Message verified
	✅ u_2 [-bqb] Message verified
	✅ u_5 [bpke] Message verified
	✅ u_6 [D5U5] Message verified
	✅ u_4 [HgIA] Message verified
	✅ u_0 [KpY8] Message verified
	✅ u_3 [c6h_] Message verified
	✅ u_1 [dk3o] Message verified
	✅ u_9 [Jygo] Message verified
	✅ u_8 [op_p] Message verified
Waiting for an incoming message - Test 3 (signature verification after rotation of issuer)
	✅ u_8 [op_p] Message Verified (2)
	✅ u_4 [HgIA] Message Verified (2)
	✅ u_7 [mQS1] Message Verified (2)
	✅ u_6 [D5U5] Message Verified (2)
	✅ u_1 [dk3o] Message Verified (2)
	✅ u_2 [-bqb] Message Verified (2)
	✅ u_5 [bpke] Message Verified (2)
	✅ u_9 [Jygo] Message Verified (2)
	✅ u_3 [c6h_] Message Verified (2)
	✅ u_0 [KpY8] Message Verified (2)
Waiting for an incoming message - Test 4 (valid acdc credential)
skipped--
Waiting for an incoming message - Test 5 (acdc revocation)
skipped--
Waiting for an incoming message - Test 6
u_0 [KpY8] Starts Rotation
u_8 [op_p] Starts Rotation
u_4 [HgIA] Starts Rotation
u_2 [-bqb] Starts Rotation
u_9 [Jygo] Starts Rotation
u_5 [bpke] Starts Rotation
u_6 [D5U5] Starts Rotation
u_3 [c6h_] Starts Rotation
u_7 [mQS1] Starts Rotation
u_1 [dk3o] Starts Rotation
u_2 [-bqb] Ends Rotation
u_2 [-bqb] - Completed Key Rotation
u_9 [Jygo] Ends Rotation
u_9 [Jygo] - Completed Key Rotation
u_7 [mQS1] Ends Rotation
u_7 [mQS1] - Completed Key Rotation
u_5 [bpke] Ends Rotation
u_5 [bpke] - Completed Key Rotation
u_3 [c6h_] Ends Rotation
u_3 [c6h_] - Completed Key Rotation
u_4 [HgIA] Ends Rotation
u_4 [HgIA] - Completed Key Rotation
u_0 [KpY8] Ends Rotation
u_0 [KpY8] - Completed Key Rotation
u_8 [op_p] Ends Rotation
u_8 [op_p] - Completed Key Rotation
u_6 [D5U5] Ends Rotation
u_6 [D5U5] - Completed Key Rotation
u_1 [dk3o] Ends Rotation
u_1 [dk3o] - Completed Key Rotation
Executed 10 users / 10 success / 0 fail
Test 1: 6960ms (696 p.u.)
Test 2: 1ms (0 p.u.)
Test 3: 781ms (78 p.u.)
Test 4: 3430ms (343 p.u.)
