Waiting for an incoming message - Test 1 (inception)
Error while deserializing http message: Error("EOF while parsing a value", line: 1, column: 0)
	Preparing Data...
	Data is ready, starting users and test1
Incepted: u_1 [Q4Jg]
Incepted: u_5 [KHH_]
Incepted: u_6 [bNmF]
Incepted: u_8 [sVae]
Incepted: u_0 [0Agg]
Incepted: u_3 [lyyp]
Incepted: u_7 [OKIN]
Incepted: u_4 [eBgy]
Incepted: u_2 [9H4N]
	Added [x5MO] as watcher for u_6 [bNmF]
	Added [2D85] as watcher for u_1 [Q4Jg]
	Added [jm4C] as watcher for u_5 [KHH_]
Incepted: u_9 [3QqK]
	Added [2D85] as watcher for u_8 [sVae]
	Added [x5MO] as watcher for u_0 [0Agg]
	Added [2D85] as watcher for u_7 [OKIN]
	Added [x5MO] as watcher for u_3 [lyyp]
	Added [jm4C] as watcher for u_4 [eBgy]
	Added [2D85] as watcher for u_2 [9H4N]
	Added [x5MO] as watcher for u_5 [KHH_]
	Added [jm4C] as watcher for u_9 [3QqK]
	Added [x5MO] as watcher for u_8 [sVae]
	Added [bivQ] as watcher for u_1 [Q4Jg]
	Added [bivQ] as watcher for u_6 [bNmF]
	Added [2D85] as watcher for u_3 [lyyp]
	Added [x5MO] as watcher for u_4 [eBgy]
	Added [bivQ] as watcher for u_0 [0Agg]
	Added [2D85] as watcher for u_5 [KHH_]
	Asking u_5 [KHH_]'s watchers to watch [4djp]
	Added [2D85] as watcher for u_9 [3QqK]
	Added [jm4C] as watcher for u_1 [Q4Jg]
	Asking u_1 [Q4Jg]'s watchers to watch [4djp]
	Added [bivQ] as watcher for u_7 [OKIN]
	Added [2D85] as watcher for u_6 [bNmF]
	Asking u_6 [bNmF]'s watchers to watch [4djp]
	Added [jm4C] as watcher for u_8 [sVae]
	Asking u_8 [sVae]'s watchers to watch [4djp]
	Added [bivQ] as watcher for u_2 [9H4N]
	Added [jm4C] as watcher for u_0 [0Agg]
	Asking u_0 [0Agg]'s watchers to watch [4djp]
	Added [bivQ] as watcher for u_3 [lyyp]
	Asking u_3 [lyyp]'s watchers to watch [4djp]
	Added [x5MO] as watcher for u_7 [OKIN]
	Asking u_7 [OKIN]'s watchers to watch [4djp]
	Added [bivQ] as watcher for u_4 [eBgy]
	Asking u_4 [eBgy]'s watchers to watch [4djp]
	Added [bivQ] as watcher for u_9 [3QqK]
	Asking u_9 [3QqK]'s watchers to watch [4djp]
	✅ u_5 [KHH_] Inception Done
	Added [jm4C] as watcher for u_2 [9H4N]
	Asking u_2 [9H4N]'s watchers to watch [4djp]
	✅ u_1 [Q4Jg] Inception Done
	✅ u_6 [bNmF] Inception Done
	✅ u_8 [sVae] Inception Done
	✅ u_0 [0Agg] Inception Done
	✅ u_7 [OKIN] Inception Done
	✅ u_3 [lyyp] Inception Done
	✅ u_4 [eBgy] Inception Done
	✅ u_9 [3QqK] Inception Done
	✅ u_2 [9H4N] Inception Done
Test 2 (signature verification)
	✅ u_2 [9H4N] Message verified
	✅ u_4 [eBgy] Message verified
	✅ u_1 [Q4Jg] Message verified
	✅ u_8 [sVae] Message verified
	✅ u_0 [0Agg] Message verified
	✅ u_7 [OKIN] Message verified
	✅ u_3 [lyyp] Message verified
	✅ u_9 [3QqK] Message verified
	✅ u_6 [bNmF] Message verified
	✅ u_5 [KHH_] Message verified
Waiting for an incoming message - Test 3 (signature verification after rotation of issuer)
	✅ u_2 [9H4N] Message Verified (2)
	✅ u_5 [KHH_] Message Verified (2)
	✅ u_3 [lyyp] Message Verified (2)
	✅ u_7 [OKIN] Message Verified (2)
	✅ u_0 [0Agg] Message Verified (2)
	✅ u_1 [Q4Jg] Message Verified (2)
	✅ u_9 [3QqK] Message Verified (2)
	✅ u_6 [bNmF] Message Verified (2)
	✅ u_4 [eBgy] Message Verified (2)
	✅ u_8 [sVae] Message Verified (2)
Waiting for an incoming message - Test 4 (valid acdc credential)
skipped--
Waiting for an incoming message - Test 5 (acdc revocation)
skipped--
Waiting for an incoming message - Test 6
u_8 [sVae] Starts Rotation
u_5 [KHH_] Starts Rotation
u_2 [9H4N] Starts Rotation
u_7 [OKIN] Starts Rotation
u_0 [0Agg] Starts Rotation
u_9 [3QqK] Starts Rotation
u_6 [bNmF] Starts Rotation
u_1 [Q4Jg] Starts Rotation
u_3 [lyyp] Starts Rotation
u_4 [eBgy] Starts Rotation
u_6 [bNmF] Ends Rotation
u_6 [bNmF] - Completed Key Rotation
u_0 [0Agg] Ends Rotation
u_0 [0Agg] - Completed Key Rotation
u_1 [Q4Jg] Ends Rotation
u_1 [Q4Jg] - Completed Key Rotation
u_3 [lyyp] Ends Rotation
u_3 [lyyp] - Completed Key Rotation
u_8 [sVae] Ends Rotation
u_8 [sVae] - Completed Key Rotation
u_5 [KHH_] Ends Rotation
u_5 [KHH_] - Completed Key Rotation
u_7 [OKIN] Ends Rotation
u_7 [OKIN] - Completed Key Rotation
u_4 [eBgy] Ends Rotation
u_4 [eBgy] - Completed Key Rotation
u_2 [9H4N] Ends Rotation
u_2 [9H4N] - Completed Key Rotation
u_9 [3QqK] Ends Rotation
u_9 [3QqK] - Completed Key Rotation
Executed 10 users / 10 success / 0 fail
Test 1: 4372ms (437 p.u.)
Test 2: 0ms (0 p.u.)
Test 3: 592ms (59 p.u.)
Test 4: 1720ms (172 p.u.)
