Waiting for an incoming message - Test 1 (inception)
Error while deserializing http message: Error("EOF while parsing a value", line: 1, column: 0)
	Preparing Data...
	Data is ready, starting users and test1
Incepted: u_7 [HeRt]
Incepted: u_6 [iZlF]
Incepted: u_1 [CEdj]
Incepted: u_2 [Pj0z]
Incepted: u_5 [A3FC]
Incepted: u_4 [zYSo]
Incepted: u_8 [pMTx]
Incepted: u_3 [h9VT]
	Added [x5MO] as watcher for u_7 [HeRt]
Incepted: u_9 [CpRt]
Incepted: u_0 [3a0x]
	Added [x5MO] as watcher for u_2 [Pj0z]
	Added [x5MO] as watcher for u_4 [zYSo]
	Added [bivQ] as watcher for u_6 [iZlF]
	Added [2D85] as watcher for u_8 [pMTx]
	Added [bivQ] as watcher for u_1 [CEdj]
	Added [2D85] as watcher for u_3 [h9VT]
	Added [2D85] as watcher for u_7 [HeRt]
	Added [bivQ] as watcher for u_5 [A3FC]
	Added [2D85] as watcher for u_0 [3a0x]
	Added [bivQ] as watcher for u_9 [CpRt]
	Added [jm4C] as watcher for u_4 [zYSo]
	Added [bivQ] as watcher for u_2 [Pj0z]
	Added [jm4C] as watcher for u_6 [iZlF]
	Added [jm4C] as watcher for u_1 [CEdj]
	Added [jm4C] as watcher for u_5 [A3FC]
	Added [jm4C] as watcher for u_7 [HeRt]
	Asking u_7 [HeRt]'s watchers to watch [4djp]
	Added [bivQ] as watcher for u_8 [pMTx]
	Added [x5MO] as watcher for u_9 [CpRt]
	Added [2D85] as watcher for u_4 [zYSo]
	Asking u_4 [zYSo]'s watchers to watch [4djp]
	Added [bivQ] as watcher for u_3 [h9VT]
	Added [jm4C] as watcher for u_2 [Pj0z]
	Asking u_2 [Pj0z]'s watchers to watch [4djp]
	Added [bivQ] as watcher for u_0 [3a0x]
	Added [x5MO] as watcher for u_6 [iZlF]
	Asking u_6 [iZlF]'s watchers to watch [4djp]
	Added [x5MO] as watcher for u_1 [CEdj]
	Asking u_1 [CEdj]'s watchers to watch [4djp]
	Added [x5MO] as watcher for u_5 [A3FC]
	Asking u_5 [A3FC]'s watchers to watch [4djp]
	Added [x5MO] as watcher for u_8 [pMTx]
	Asking u_8 [pMTx]'s watchers to watch [4djp]
	Added [jm4C] as watcher for u_3 [h9VT]
	Added [2D85] as watcher for u_9 [CpRt]
	Asking u_3 [h9VT]'s watchers to watch [4djp]
	Asking u_9 [CpRt]'s watchers to watch [4djp]
	Added [jm4C] as watcher for u_0 [3a0x]
	Asking u_0 [3a0x]'s watchers to watch [4djp]
	✅ u_4 [zYSo] Inception Done
	✅ u_7 [HeRt] Inception Done
	✅ u_2 [Pj0z] Inception Done
	✅ u_1 [CEdj] Inception Done
	✅ u_5 [A3FC] Inception Done
	✅ u_6 [iZlF] Inception Done
	✅ u_3 [h9VT] Inception Done
	✅ u_0 [3a0x] Inception Done
	✅ u_8 [pMTx] Inception Done
	✅ u_9 [CpRt] Inception Done
Test 2 (signature verification)
	✅ u_9 [CpRt] Message verified
	✅ u_1 [CEdj] Message verified
	✅ u_5 [A3FC] Message verified
	✅ u_6 [iZlF] Message verified
	✅ u_7 [HeRt] Message verified
	✅ u_8 [pMTx] Message verified
	✅ u_2 [Pj0z] Message verified
	✅ u_0 [3a0x] Message verified
	✅ u_4 [zYSo] Message verified
	✅ u_3 [h9VT] Message verified
Waiting for an incoming message - Test 3 (signature verification after rotation of issuer)
	✅ u_3 [h9VT] Message Verified (2)
	✅ u_1 [CEdj] Message Verified (2)
	✅ u_6 [iZlF] Message Verified (2)
	✅ u_4 [zYSo] Message Verified (2)
	✅ u_5 [A3FC] Message Verified (2)
	✅ u_7 [HeRt] Message Verified (2)
	✅ u_2 [Pj0z] Message Verified (2)
	✅ u_9 [CpRt] Message Verified (2)
	✅ u_8 [pMTx] Message Verified (2)
	✅ u_0 [3a0x] Message Verified (2)
Waiting for an incoming message - Test 4 (valid acdc credential)
skipped--
Waiting for an incoming message - Test 5 (acdc revocation)
skipped--
Waiting for an incoming message - Test 6
u_0 [3a0x] Starts Rotation
u_2 [Pj0z] Starts Rotation
u_9 [CpRt] Starts Rotation
u_1 [CEdj] Starts Rotation
u_6 [iZlF] Starts Rotation
u_8 [pMTx] Starts Rotation
u_5 [A3FC] Starts Rotation
u_4 [zYSo] Starts Rotation
u_3 [h9VT] Starts Rotation
u_7 [HeRt] Starts Rotation
u_2 [Pj0z] Ends Rotation
u_2 [Pj0z] - Completed Key Rotation
u_1 [CEdj] Ends Rotation
u_1 [CEdj] - Completed Key Rotation
u_6 [iZlF] Ends Rotation
u_6 [iZlF] - Completed Key Rotation
u_7 [HeRt] Ends Rotation
u_7 [HeRt] - Completed Key Rotation
u_9 [CpRt] Ends Rotation
u_9 [CpRt] - Completed Key Rotation
u_0 [3a0x] Ends Rotation
u_0 [3a0x] - Completed Key Rotation
u_5 [A3FC] Ends Rotation
u_5 [A3FC] - Completed Key Rotation
u_8 [pMTx] Ends Rotation
u_8 [pMTx] - Completed Key Rotation
u_4 [zYSo] Ends Rotation
u_4 [zYSo] - Completed Key Rotation
u_3 [h9VT] Ends Rotation
u_3 [h9VT] - Completed Key Rotation
Executed 10 users / 10 success / 0 fail
Test 1: 5728ms (572 p.u.)
Test 2: 1ms (0 p.u.)
Test 3: 726ms (72 p.u.)
Test 4: 2051ms (205 p.u.)
