Waiting for an incoming message - Test 1 (inception)
Error while deserializing http message: Error("EOF while parsing a value", line: 1, column: 0)
	Preparing Data...
	Data is ready, starting users and test1
Incepted: u_2 [LInW]
Incepted: u_9 [n13H]
Incepted: u_6 [7_9l]
Incepted: u_0 [c3H3]
Incepted: u_1 [9Ina]
Incepted: u_4 [hrqU]
Incepted: u_7 [PP1t]
Incepted: u_3 [FWun]
Incepted: u_5 [yz2A]
	Added [bivQ] as watcher for u_2 [LInW]
Incepted: u_8 [u9if]
	Added [bivQ] as watcher for u_0 [c3H3]
	Added [2D85] as watcher for u_9 [n13H]
	Added [jm4C] as watcher for u_6 [7_9l]
	Added [bivQ] as watcher for u_4 [hrqU]
	Added [2D85] as watcher for u_1 [9Ina]
	Added [2D85] as watcher for u_7 [PP1t]
	Added [2D85] as watcher for u_5 [yz2A]
	Added [x5MO] as watcher for u_3 [FWun]
	Added [2D85] as watcher for u_2 [LInW]
	Added [x5MO] as watcher for u_8 [u9if]
	Added [jm4C] as watcher for u_4 [hrqU]
	Added [jm4C] as watcher for u_9 [n13H]
	Added [x5MO] as watcher for u_6 [7_9l]
	Added [jm4C] as watcher for u_0 [c3H3]
	Added [bivQ] as watcher for u_1 [9Ina]
	Added [2D85] as watcher for u_3 [FWun]
	Added [bivQ] as watcher for u_7 [PP1t]
	Added [jm4C] as watcher for u_5 [yz2A]
	Added [x5MO] as watcher for u_2 [LInW]
	Asking u_2 [LInW]'s watchers to watch [4djp]
	Added [2D85] as watcher for u_8 [u9if]
	Added [bivQ] as watcher for u_6 [7_9l]
	Asking u_6 [7_9l]'s watchers to watch [4djp]
	Added [x5MO] as watcher for u_9 [n13H]
	Added [2D85] as watcher for u_0 [c3H3]
	Asking u_9 [n13H]'s watchers to watch [4djp]
	Asking u_0 [c3H3]'s watchers to watch [4djp]
	Added [jm4C] as watcher for u_1 [9Ina]
	Asking u_1 [9Ina]'s watchers to watch [4djp]
	Added [x5MO] as watcher for u_4 [hrqU]
	Asking u_4 [hrqU]'s watchers to watch [4djp]
	Added [jm4C] as watcher for u_3 [FWun]
	Asking u_3 [FWun]'s watchers to watch [4djp]
	Added [x5MO] as watcher for u_5 [yz2A]
	Asking u_5 [yz2A]'s watchers to watch [4djp]
	Added [jm4C] as watcher for u_7 [PP1t]
	Asking u_7 [PP1t]'s watchers to watch [4djp]
	Added [bivQ] as watcher for u_8 [u9if]
	Asking u_8 [u9if]'s watchers to watch [4djp]
	✅ u_2 [LInW] Inception Done
	✅ u_0 [c3H3] Inception Done
	✅ u_6 [7_9l] Inception Done
	✅ u_4 [hrqU] Inception Done
	✅ u_9 [n13H] Inception Done
	✅ u_1 [9Ina] Inception Done
	✅ u_3 [FWun] Inception Done
	✅ u_5 [yz2A] Inception Done
	✅ u_7 [PP1t] Inception Done
	✅ u_8 [u9if] Inception Done
Test 2 (signature verification)
	✅ u_8 [u9if] Message verified
	✅ u_7 [PP1t] Message verified
	✅ u_3 [FWun] Message verified
	✅ u_6 [7_9l] Message verified
	✅ u_2 [LInW] Message verified
	✅ u_9 [n13H] Message verified
	✅ u_5 [yz2A] Message verified
	✅ u_0 [c3H3] Message verified
	✅ u_4 [hrqU] Message verified
	✅ u_1 [9Ina] Message verified
Waiting for an incoming message - Test 3 (signature verification after rotation of issuer)
	✅ u_0 [c3H3] Message Verified (2)
	✅ u_2 [LInW] Message Verified (2)
	✅ u_5 [yz2A] Message Verified (2)
	✅ u_9 [n13H] Message Verified (2)
	✅ u_1 [9Ina] Message Verified (2)
	✅ u_3 [FWun] Message Verified (2)
	✅ u_8 [u9if] Message Verified (2)
	✅ u_4 [hrqU] Message Verified (2)
	✅ u_7 [PP1t] Message Verified (2)
	✅ u_6 [7_9l] Message Verified (2)
Waiting for an incoming message - Test 4 (valid acdc credential)
skipped--
Waiting for an incoming message - Test 5 (acdc revocation)
skipped--
Waiting for an incoming message - Test 6
u_6 [7_9l] Starts Rotation
u_9 [n13H] Starts Rotation
u_1 [9Ina] Starts Rotation
u_7 [PP1t] Starts Rotation
u_8 [u9if] Starts Rotation
u_5 [yz2A] Starts Rotation
u_4 [hrqU] Starts Rotation
u_0 [c3H3] Starts Rotation
u_2 [LInW] Starts Rotation
u_3 [FWun] Starts Rotation
u_9 [n13H] Ends Rotation
u_9 [n13H] - Completed Key Rotation
u_4 [hrqU] Ends Rotation
u_4 [hrqU] - Completed Key Rotation
u_1 [9Ina] Ends Rotation
u_1 [9Ina] - Completed Key Rotation
u_5 [yz2A] Ends Rotation
u_5 [yz2A] - Completed Key Rotation
u_7 [PP1t] Ends Rotation
u_7 [PP1t] - Completed Key Rotation
u_6 [7_9l] Ends Rotation
u_6 [7_9l] - Completed Key Rotation
u_2 [LInW] Ends Rotation
u_2 [LInW] - Completed Key Rotation
u_0 [c3H3] Ends Rotation
u_0 [c3H3] - Completed Key Rotation
u_8 [u9if] Ends Rotation
u_8 [u9if] - Completed Key Rotation
u_3 [FWun] Ends Rotation
u_3 [FWun] - Completed Key Rotation
Executed 10 users / 10 success / 0 fail
Test 1: 6742ms (674 p.u.)
Test 2: 1ms (0 p.u.)
Test 3: 705ms (70 p.u.)
Test 4: 3136ms (313 p.u.)
