Waiting for an incoming message - Test 1 (inception)
Error while deserializing http message: Error("EOF while parsing a value", line: 1, column: 0)
	Preparing Data...
	Data is ready, starting users and test1
Incepted: u_9 [zRuX]
Incepted: u_2 [OJ3p]
Incepted: u_8 [4RxX]
Incepted: u_7 [c-rJ]
Incepted: u_3 [I8Iz]
Incepted: u_6 [PpM-]
Incepted: u_5 [7dqq]
Incepted: u_0 [Ih3h]
	Added [QEi9] as watcher for u_9 [zRuX]
Incepted: u_1 [T-ga]
Incepted: u_4 [LoQ2]
	Added [j5nz] as watcher for u_2 [OJ3p]
	Added [QEi9] as watcher for u_3 [I8Iz]
	Added [x5MO] as watcher for u_5 [7dqq]
	Added [2D85] as watcher for u_7 [c-rJ]
	Added [2D85] as watcher for u_8 [4RxX]
	Added [b_RA] as watcher for u_1 [T-ga]
	Added [2D85] as watcher for u_6 [PpM-]
	Added [bivQ] as watcher for u_0 [Ih3h]
	Added [b_RA] as watcher for u_3 [I8Iz]
	Added [QEi9] as watcher for u_4 [LoQ2]
	Added [2D85] as watcher for u_9 [zRuX]
	Added [QEi9] as watcher for u_5 [7dqq]
	Added [b_RA] as watcher for u_8 [4RxX]
	Added [bivQ] as watcher for u_2 [OJ3p]
	Added [QEi9] as watcher for u_6 [PpM-]
	Added [x5MO] as watcher for u_0 [Ih3h]
	Added [bivQ] as watcher for u_7 [c-rJ]
	Added [x5MO] as watcher for u_1 [T-ga]
	Added [x5MO] as watcher for u_9 [zRuX]
	Added [jm4C] as watcher for u_5 [7dqq]
	Added [bivQ] as watcher for u_3 [I8Iz]
	Added [b_RA] as watcher for u_2 [OJ3p]
	Added [j5nz] as watcher for u_8 [4RxX]
	Added [bivQ] as watcher for u_4 [LoQ2]
	Added [x5MO] as watcher for u_6 [PpM-]
	Added [jm4C] as watcher for u_1 [T-ga]
	Added [j5nz] as watcher for u_3 [I8Iz]
	Added [QEi9] as watcher for u_7 [c-rJ]
	Added [2D85] as watcher for u_0 [Ih3h]
	Added [x5MO] as watcher for u_8 [4RxX]
	Added [bivQ] as watcher for u_9 [zRuX]
	Added [QEi9] as watcher for u_2 [OJ3p]
	Added [bivQ] as watcher for u_5 [7dqq]
	Added [2D85] as watcher for u_4 [LoQ2]
	Added [bivQ] as watcher for u_6 [PpM-]
	Added [b_RA] as watcher for u_0 [Ih3h]
	Added [jm4C] as watcher for u_7 [c-rJ]
	Added [2D85] as watcher for u_1 [T-ga]
	Added [b_RA] as watcher for u_9 [zRuX]
	Asking u_9 [zRuX]'s watchers to watch [yadi]
	Added [QEi9] as watcher for u_8 [4RxX]
	Asking u_8 [4RxX]'s watchers to watch [yadi]
	Added [x5MO] as watcher for u_2 [OJ3p]
	Asking u_2 [OJ3p]'s watchers to watch [yadi]
	Added [2D85] as watcher for u_3 [I8Iz]
	Asking u_3 [I8Iz]'s watchers to watch [yadi]
	Added [jm4C] as watcher for u_4 [LoQ2]
	Added [2D85] as watcher for u_5 [7dqq]
	Asking u_5 [7dqq]'s watchers to watch [yadi]
	Added [jm4C] as watcher for u_6 [PpM-]
	Asking u_6 [PpM-]'s watchers to watch [yadi]
	Added [j5nz] as watcher for u_0 [Ih3h]
	Asking u_0 [Ih3h]'s watchers to watch [yadi]
	Added [j5nz] as watcher for u_7 [c-rJ]
	Asking u_7 [c-rJ]'s watchers to watch [yadi]
	Added [QEi9] as watcher for u_1 [T-ga]
	Asking u_1 [T-ga]'s watchers to watch [yadi]
	Added [j5nz] as watcher for u_4 [LoQ2]
	Asking u_4 [LoQ2]'s watchers to watch [yadi]
	✅ u_9 [zRuX] Inception Done
	✅ u_8 [4RxX] Inception Done
	✅ u_2 [OJ3p] Inception Done
	✅ u_6 [PpM-] Inception Done
	✅ u_3 [I8Iz] Inception Done
	✅ u_0 [Ih3h] Inception Done
	✅ u_5 [7dqq] Inception Done
	✅ u_7 [c-rJ] Inception Done
	✅ u_1 [T-ga] Inception Done
	✅ u_4 [LoQ2] Inception Done
Test 2 (signature verification)
	✅ u_4 [LoQ2] Message verified
	✅ u_1 [T-ga] Message verified
	✅ u_7 [c-rJ] Message verified
	✅ u_8 [4RxX] Message verified
	✅ u_0 [Ih3h] Message verified
	✅ u_6 [PpM-] Message verified
	✅ u_2 [OJ3p] Message verified
	✅ u_5 [7dqq] Message verified
	✅ u_3 [I8Iz] Message verified
	✅ u_9 [zRuX] Message verified
Waiting for an incoming message - Test 3 (signature verification after rotation of issuer)
	✅ u_1 [T-ga] Message Verified (2)
	✅ u_7 [c-rJ] Message Verified (2)
	✅ u_9 [zRuX] Message Verified (2)
	✅ u_0 [Ih3h] Message Verified (2)
	✅ u_8 [4RxX] Message Verified (2)
	✅ u_3 [I8Iz] Message Verified (2)
	✅ u_2 [OJ3p] Message Verified (2)
	✅ u_6 [PpM-] Message Verified (2)
	✅ u_4 [LoQ2] Message Verified (2)
	✅ u_5 [7dqq] Message Verified (2)
Waiting for an incoming message - Test 4 (valid acdc credential)
skipped--
Waiting for an incoming message - Test 5 (acdc revocation)
skipped--
Waiting for an incoming message - Test 6
u_5 [7dqq] Starts Rotation
u_4 [LoQ2] Starts Rotation
u_1 [T-ga] Starts Rotation
u_2 [OJ3p] Starts Rotation
u_8 [4RxX] Starts Rotation
u_6 [PpM-] Starts Rotation
u_9 [zRuX] Starts Rotation
u_0 [Ih3h] Starts Rotation
u_7 [c-rJ] Starts Rotation
u_3 [I8Iz] Starts Rotation
u_0 [Ih3h] Ends Rotation
u_0 [Ih3h] - Completed Key Rotation
u_2 [OJ3p] Ends Rotation
u_2 [OJ3p] - Completed Key Rotation
u_9 [zRuX] Ends Rotation
u_9 [zRuX] - Completed Key Rotation
u_4 [LoQ2] Ends Rotation
u_4 [LoQ2] - Completed Key Rotation
u_8 [4RxX] Ends Rotation
u_8 [4RxX] - Completed Key Rotation
u_3 [I8Iz] Ends Rotation
u_3 [I8Iz] - Completed Key Rotation
u_6 [PpM-] Ends Rotation
u_6 [PpM-] - Completed Key Rotation
u_5 [7dqq] Ends Rotation
u_5 [7dqq] - Completed Key Rotation
u_7 [c-rJ] Ends Rotation
u_7 [c-rJ] - Completed Key Rotation
u_1 [T-ga] Ends Rotation
u_1 [T-ga] - Completed Key Rotation
Executed 10 users / 10 success / 0 fail
Test 1: 7942ms (794 p.u.)
Test 2: 1ms (0 p.u.)
Test 3: 1469ms (146 p.u.)
Test 4: 2410ms (241 p.u.)
