Waiting for an incoming message - Test 1 (inception)
Error while deserializing http message: Error("EOF while parsing a value", line: 1, column: 0)
	Preparing Data...
	Data is ready, starting users and test1
Incepted: u_8 [nk44]
Incepted: u_9 [u2Cm]
Incepted: u_1 [Fv-m]
Incepted: u_4 [YJTG]
Incepted: u_6 [sVoV]
Incepted: u_7 [hpKj]
Incepted: u_3 [Lrz6]
Incepted: u_2 [_dU3]
Incepted: u_0 [ufdp]
Incepted: u_5 [bo6r]
	Added [jm4C] as watcher for u_8 [nk44]
	Added [b_RA] as watcher for u_1 [Fv-m]
	Added [QEi9] as watcher for u_3 [Lrz6]
	Added [QEi9] as watcher for u_7 [hpKj]
	Added [3mIH] as watcher for u_4 [YJTG]
	Added [x5MO] as watcher for u_6 [sVoV]
	Added [2D85] as watcher for u_9 [u2Cm]
	Added [3mIH] as watcher for u_2 [_dU3]
	Added [b_RA] as watcher for u_0 [ufdp]
	Added [b_RA] as watcher for u_8 [nk44]
	Added [3mIH] as watcher for u_5 [bo6r]
	Added [j5nz] as watcher for u_1 [Fv-m]
	Added [3mIH] as watcher for u_7 [hpKj]
	Added [QEi9] as watcher for u_4 [YJTG]
	Added [3mIH] as watcher for u_9 [u2Cm]
	Added [j5nz] as watcher for u_2 [_dU3]
	Added [j5nz] as watcher for u_6 [sVoV]
	Added [j5nz] as watcher for u_0 [ufdp]
	Added [j5nz] as watcher for u_8 [nk44]
	Added [b_RA] as watcher for u_5 [bo6r]
	Added [2D85] as watcher for u_3 [Lrz6]
	Added [QEi9] as watcher for u_1 [Fv-m]
	Added [QEi9] as watcher for u_9 [u2Cm]
	Added [b_RA] as watcher for u_6 [sVoV]
	Added [j5nz] as watcher for u_7 [hpKj]
	Added [x5MO] as watcher for u_2 [_dU3]
	Added [x5MO] as watcher for u_5 [bo6r]
	Added [2D85] as watcher for u_4 [YJTG]
	Added [x5MO] as watcher for u_8 [nk44]
	Added [3mIH] as watcher for u_3 [Lrz6]
	Added [jm4C] as watcher for u_6 [sVoV]
	Added [2D85] as watcher for u_0 [ufdp]
	Added [jm4C] as watcher for u_9 [u2Cm]
	Added [QEi9] as watcher for u_2 [_dU3]
	Added [x5MO] as watcher for u_7 [hpKj]
	Added [2D85] as watcher for u_1 [Fv-m]
	Added [jm4C] as watcher for u_4 [YJTG]
	Added [3mIH] as watcher for u_0 [ufdp]
	Added [bivQ] as watcher for u_5 [bo6r]
	Added [jm4C] as watcher for u_3 [Lrz6]
	Added [j5nz] as watcher for u_9 [u2Cm]
	Added [b_RA] as watcher for u_2 [_dU3]
	Added [2D85] as watcher for u_8 [nk44]
	Added [bivQ] as watcher for u_6 [sVoV]
	Added [jm4C] as watcher for u_7 [hpKj]
	Added [x5MO] as watcher for u_1 [Fv-m]
	Added [b_RA] as watcher for u_9 [u2Cm]
	Asking u_9 [u2Cm]'s watchers to watch [g3j8]
	Added [bivQ] as watcher for u_4 [YJTG]
	Added [x5MO] as watcher for u_3 [Lrz6]
	Added [jm4C] as watcher for u_5 [bo6r]
	Added [jm4C] as watcher for u_2 [_dU3]
	Asking u_2 [_dU3]'s watchers to watch [g3j8]
	Added [3mIH] as watcher for u_8 [nk44]
	Asking u_8 [nk44]'s watchers to watch [g3j8]
	Added [bivQ] as watcher for u_0 [ufdp]
	Added [b_RA] as watcher for u_7 [hpKj]
	Asking u_7 [hpKj]'s watchers to watch [g3j8]
	Added [3mIH] as watcher for u_6 [sVoV]
	Asking u_6 [sVoV]'s watchers to watch [g3j8]
	Added [b_RA] as watcher for u_4 [YJTG]
	Asking u_4 [YJTG]'s watchers to watch [g3j8]
	Added [jm4C] as watcher for u_1 [Fv-m]
	Asking u_1 [Fv-m]'s watchers to watch [g3j8]
	Added [j5nz] as watcher for u_3 [Lrz6]
	Asking u_3 [Lrz6]'s watchers to watch [g3j8]
	Added [QEi9] as watcher for u_5 [bo6r]
	Asking u_5 [bo6r]'s watchers to watch [g3j8]
	Added [x5MO] as watcher for u_0 [ufdp]
	Asking u_0 [ufdp]'s watchers to watch [g3j8]
	✅ u_9 [u2Cm] Inception Done
	✅ u_8 [nk44] Inception Done
	✅ u_7 [hpKj] Inception Done
	✅ u_2 [_dU3] Inception Done
	✅ u_6 [sVoV] Inception Done
	✅ u_1 [Fv-m] Inception Done
	✅ u_4 [YJTG] Inception Done
	✅ u_3 [Lrz6] Inception Done
	✅ u_0 [ufdp] Inception Done
	✅ u_5 [bo6r] Inception Done
Test 2 (signature verification)
	✅ u_5 [bo6r] Message verified
	✅ u_6 [sVoV] Message verified
	✅ u_0 [ufdp] Message verified
	✅ u_7 [hpKj] Message verified
	✅ u_2 [_dU3] Message verified
	✅ u_4 [YJTG] Message verified
	✅ u_3 [Lrz6] Message verified
	✅ u_1 [Fv-m] Message verified
	✅ u_8 [nk44] Message verified
	✅ u_9 [u2Cm] Message verified
Waiting for an incoming message - Test 3 (signature verification after rotation of issuer)
	✅ u_7 [hpKj] Message Verified (2)
	✅ u_2 [_dU3] Message Verified (2)
	✅ u_9 [u2Cm] Message Verified (2)
	✅ u_6 [sVoV] Message Verified (2)
	✅ u_1 [Fv-m] Message Verified (2)
	✅ u_5 [bo6r] Message Verified (2)
	✅ u_0 [ufdp] Message Verified (2)
	✅ u_4 [YJTG] Message Verified (2)
	✅ u_8 [nk44] Message Verified (2)
	✅ u_3 [Lrz6] Message Verified (2)
Waiting for an incoming message - Test 4 (valid acdc credential)
skipped--
Waiting for an incoming message - Test 5 (acdc revocation)
skipped--
Waiting for an incoming message - Test 6
u_5 [bo6r] Starts Rotation
u_2 [_dU3] Starts Rotation
u_8 [nk44] Starts Rotation
u_0 [ufdp] Starts Rotation
u_1 [Fv-m] Starts Rotation
u_6 [sVoV] Starts Rotation
u_3 [Lrz6] Starts Rotation
u_4 [YJTG] Starts Rotation
u_9 [u2Cm] Starts Rotation
u_7 [hpKj] Starts Rotation
u_1 [Fv-m] Ends Rotation
u_1 [Fv-m] - Completed Key Rotation
u_9 [u2Cm] Ends Rotation
u_9 [u2Cm] - Completed Key Rotation
u_4 [YJTG] Ends Rotation
u_4 [YJTG] - Completed Key Rotation
u_8 [nk44] Ends Rotation
u_8 [nk44] - Completed Key Rotation
u_7 [hpKj] Ends Rotation
u_7 [hpKj] - Completed Key Rotation
u_3 [Lrz6] Ends Rotation
u_3 [Lrz6] - Completed Key Rotation
u_5 [bo6r] Ends Rotation
u_5 [bo6r] - Completed Key Rotation
u_0 [ufdp] Ends Rotation
u_0 [ufdp] - Completed Key Rotation
u_2 [_dU3] Ends Rotation
u_2 [_dU3] - Completed Key Rotation
u_6 [sVoV] Ends Rotation
u_6 [sVoV] - Completed Key Rotation
Executed 10 users / 10 success / 0 fail
Test 1: 7519ms (751 p.u.)
Test 2: 1ms (0 p.u.)
Test 3: 1755ms (175 p.u.)
Test 4: 2196ms (219 p.u.)
