Waiting for an incoming message - Test 1 (inception)
Error while deserializing http message: Error("EOF while parsing a value", line: 1, column: 0)
	Preparing Data...
	Data is ready, starting users and test1
Incepted: u_9 [IMdC]
Incepted: u_5 [fFq8]
Incepted: u_7 [iLqE]
Incepted: u_8 [on2u]
Incepted: u_4 [_AcW]
Incepted: u_2 [8qOz]
Incepted: u_3 [jIYU]
Incepted: u_0 [bLCl]
Incepted: u_1 [Gf3J]
Incepted: u_6 [1VYa]
	Added [bivQ] as watcher for u_8 [on2u]
	Added [3mIH] as watcher for u_9 [IMdC]
	Added [3mIH] as watcher for u_5 [fFq8]
	Added [2D85] as watcher for u_7 [iLqE]
	Added [x5MO] as watcher for u_2 [8qOz]
	Added [j5nz] as watcher for u_3 [jIYU]
	Added [bivQ] as watcher for u_0 [bLCl]
	Added [b_RA] as watcher for u_4 [_AcW]
	Added [j5nz] as watcher for u_1 [Gf3J]
	Added [jm4C] as watcher for u_6 [1VYa]
	Added [3mIH] as watcher for u_8 [on2u]
	Added [j5nz] as watcher for u_9 [IMdC]
	Added [j5nz] as watcher for u_5 [fFq8]
	Added [x5MO] as watcher for u_7 [iLqE]
	Added [QEi9] as watcher for u_0 [bLCl]
	Added [j5nz] as watcher for u_2 [8qOz]
	Added [b_RA] as watcher for u_3 [jIYU]
	Added [3mIH] as watcher for u_4 [_AcW]
	Added [3mIH] as watcher for u_1 [Gf3J]
	Added [jm4C] as watcher for u_9 [IMdC]
	Added [jm4C] as watcher for u_5 [fFq8]
	Added [3mIH] as watcher for u_6 [1VYa]
	Added [2D85] as watcher for u_8 [on2u]
	Added [bivQ] as watcher for u_7 [iLqE]
	Added [3mIH] as watcher for u_0 [bLCl]
	Added [2D85] as watcher for u_3 [jIYU]
	Added [jm4C] as watcher for u_4 [_AcW]
	Added [bivQ] as watcher for u_2 [8qOz]
	Added [jm4C] as watcher for u_1 [Gf3J]
	Added [bivQ] as watcher for u_5 [fFq8]
	Added [j5nz] as watcher for u_6 [1VYa]
	Added [2D85] as watcher for u_9 [IMdC]
	Added [3mIH] as watcher for u_7 [iLqE]
	Added [jm4C] as watcher for u_8 [on2u]
	Added [x5MO] as watcher for u_0 [bLCl]
	Added [QEi9] as watcher for u_3 [jIYU]
	Added [QEi9] as watcher for u_4 [_AcW]
	Added [QEi9] as watcher for u_1 [Gf3J]
	Added [b_RA] as watcher for u_2 [8qOz]
	Added [x5MO] as watcher for u_5 [fFq8]
	Added [bivQ] as watcher for u_6 [1VYa]
	Added [QEi9] as watcher for u_9 [IMdC]
	Added [jm4C] as watcher for u_7 [iLqE]
	Added [QEi9] as watcher for u_8 [on2u]
	Added [j5nz] as watcher for u_0 [bLCl]
	Added [bivQ] as watcher for u_3 [jIYU]
	Added [bivQ] as watcher for u_1 [Gf3J]
	Added [2D85] as watcher for u_4 [_AcW]
	Added [jm4C] as watcher for u_2 [8qOz]
	Added [bivQ] as watcher for u_9 [IMdC]
	Asking u_9 [IMdC]'s watchers to watch [g3j8]
	Added [2D85] as watcher for u_5 [fFq8]
	Asking u_5 [fFq8]'s watchers to watch [g3j8]
	Added [2D85] as watcher for u_6 [1VYa]
	Added [jm4C] as watcher for u_0 [bLCl]
	Asking u_0 [bLCl]'s watchers to watch [g3j8]
	Added [QEi9] as watcher for u_7 [iLqE]
	Asking u_7 [iLqE]'s watchers to watch [g3j8]
	Added [x5MO] as watcher for u_8 [on2u]
	Asking u_8 [on2u]'s watchers to watch [g3j8]
	Added [x5MO] as watcher for u_1 [Gf3J]
	Asking u_1 [Gf3J]'s watchers to watch [g3j8]
	Added [x5MO] as watcher for u_3 [jIYU]
	Asking u_3 [jIYU]'s watchers to watch [g3j8]
	Added [x5MO] as watcher for u_4 [_AcW]
	Asking u_4 [_AcW]'s watchers to watch [g3j8]
	Added [3mIH] as watcher for u_2 [8qOz]
	Asking u_2 [8qOz]'s watchers to watch [g3j8]
	Added [x5MO] as watcher for u_6 [1VYa]
	Asking u_6 [1VYa]'s watchers to watch [g3j8]
	✅ u_9 [IMdC] Inception Done
	✅ u_5 [fFq8] Inception Done
	✅ u_0 [bLCl] Inception Done
	✅ u_7 [iLqE] Inception Done
	✅ u_8 [on2u] Inception Done
	✅ u_4 [_AcW] Inception Done
	✅ u_1 [Gf3J] Inception Done
	✅ u_2 [8qOz] Inception Done
	✅ u_3 [jIYU] Inception Done
	✅ u_6 [1VYa] Inception Done
Test 2 (signature verification)
	✅ u_6 [1VYa] Message verified
	✅ u_8 [on2u] Message verified
	✅ u_3 [jIYU] Message verified
	✅ u_0 [bLCl] Message verified
	✅ u_2 [8qOz] Message verified
	✅ u_9 [IMdC] Message verified
	✅ u_7 [iLqE] Message verified
	✅ u_5 [fFq8] Message verified
	✅ u_4 [_AcW] Message verified
	✅ u_1 [Gf3J] Message verified
Waiting for an incoming message - Test 3 (signature verification after rotation of issuer)
	✅ u_4 [_AcW] Message Verified (2)
	✅ u_1 [Gf3J] Message Verified (2)
	✅ u_5 [fFq8] Message Verified (2)
	✅ u_2 [8qOz] Message Verified (2)
	✅ u_7 [iLqE] Message Verified (2)
	✅ u_3 [jIYU] Message Verified (2)
	✅ u_8 [on2u] Message Verified (2)
	✅ u_0 [bLCl] Message Verified (2)
	✅ u_9 [IMdC] Message Verified (2)
	✅ u_6 [1VYa] Message Verified (2)
Waiting for an incoming message - Test 4 (valid acdc credential)
skipped--
Waiting for an incoming message - Test 5 (acdc revocation)
skipped--
Waiting for an incoming message - Test 6
u_6 [1VYa] Starts Rotation
u_7 [iLqE] Starts Rotation
u_3 [jIYU] Starts Rotation
u_2 [8qOz] Starts Rotation
u_1 [Gf3J] Starts Rotation
u_8 [on2u] Starts Rotation
u_4 [_AcW] Starts Rotation
u_9 [IMdC] Starts Rotation
u_5 [fFq8] Starts Rotation
u_0 [bLCl] Starts Rotation
u_3 [jIYU] Ends Rotation
u_3 [jIYU] - Completed Key Rotation
u_6 [1VYa] Ends Rotation
u_6 [1VYa] - Completed Key Rotation
u_8 [on2u] Ends Rotation
u_8 [on2u] - Completed Key Rotation
u_2 [8qOz] Ends Rotation
u_2 [8qOz] - Completed Key Rotation
u_1 [Gf3J] Ends Rotation
u_1 [Gf3J] - Completed Key Rotation
u_5 [fFq8] Ends Rotation
u_5 [fFq8] - Completed Key Rotation
u_7 [iLqE] Ends Rotation
u_7 [iLqE] - Completed Key Rotation
u_9 [IMdC] Ends Rotation
u_9 [IMdC] - Completed Key Rotation
u_0 [bLCl] Ends Rotation
u_0 [bLCl] - Completed Key Rotation
u_4 [_AcW] Ends Rotation
u_4 [_AcW] - Completed Key Rotation
Executed 10 users / 10 success / 0 fail
Test 1: 9373ms (937 p.u.)
Test 2: 1ms (0 p.u.)
Test 3: 1807ms (180 p.u.)
Test 4: 2262ms (226 p.u.)
