Waiting for an incoming message - Test 1 (inception)
Error while deserializing http message: Error("EOF while parsing a value", line: 1, column: 0)
	Preparing Data...
	Data is ready, starting users and test1
Incepted: u_8 [4u58]
Incepted: u_0 [7xUl]
Incepted: u_6 [olZU]
Incepted: u_9 [zqxG]
Incepted: u_4 [GxXS]
Incepted: u_1 [1aDr]
Incepted: u_5 [vlUq]
Incepted: u_7 [FdVO]
Incepted: u_2 [70ps]
Incepted: u_3 [21DF]
	Added [x5MO] as watcher for u_0 [7xUl]
	Added [2D85] as watcher for u_8 [4u58]
	Added [j5nz] as watcher for u_6 [olZU]
	Added [jm4C] as watcher for u_9 [zqxG]
	Added [x5MO] as watcher for u_7 [FdVO]
	Added [jm4C] as watcher for u_5 [vlUq]
	Added [bivQ] as watcher for u_4 [GxXS]
	Added [b_RA] as watcher for u_1 [1aDr]
	Added [jm4C] as watcher for u_3 [21DF]
	Added [QEi9] as watcher for u_2 [70ps]
	Added [b_RA] as watcher for u_0 [7xUl]
	Added [x5MO] as watcher for u_4 [GxXS]
	Added [b_RA] as watcher for u_8 [4u58]
	Added [QEi9] as watcher for u_6 [olZU]
	Added [2D85] as watcher for u_7 [FdVO]
	Added [b_RA] as watcher for u_9 [zqxG]
	Added [bivQ] as watcher for u_5 [vlUq]
	Added [2D85] as watcher for u_1 [1aDr]
	Added [j5nz] as watcher for u_2 [70ps]
	Added [j5nz] as watcher for u_4 [GxXS]
	Added [bivQ] as watcher for u_3 [21DF]
	Added [bivQ] as watcher for u_0 [7xUl]
	Added [jm4C] as watcher for u_6 [olZU]
	Added [QEi9] as watcher for u_8 [4u58]
	Added [jm4C] as watcher for u_7 [FdVO]
	Added [j5nz] as watcher for u_5 [vlUq]
	Added [x5MO] as watcher for u_1 [1aDr]
	Added [2D85] as watcher for u_2 [70ps]
	Added [2D85] as watcher for u_9 [zqxG]
	Added [x5MO] as watcher for u_3 [21DF]
	Added [jm4C] as watcher for u_4 [GxXS]
	Added [x5MO] as watcher for u_8 [4u58]
	Added [j5nz] as watcher for u_0 [7xUl]
	Added [3mIH] as watcher for u_7 [FdVO]
	Added [b_RA] as watcher for u_5 [vlUq]
	Added [bivQ] as watcher for u_2 [70ps]
	Added [2D85] as watcher for u_6 [olZU]
	Added [j5nz] as watcher for u_1 [1aDr]
	Added [jm4C] as watcher for u_8 [4u58]
	Added [b_RA] as watcher for u_3 [21DF]
	Added [bivQ] as watcher for u_9 [zqxG]
	Added [2D85] as watcher for u_4 [GxXS]
	Added [3mIH] as watcher for u_0 [7xUl]
	Added [QEi9] as watcher for u_7 [FdVO]
	Added [QEi9] as watcher for u_1 [1aDr]
	Added [QEi9] as watcher for u_5 [vlUq]
	Added [jm4C] as watcher for u_2 [70ps]
	Added [bivQ] as watcher for u_6 [olZU]
	Added [jm4C] as watcher for u_0 [7xUl]
	Asking u_0 [7xUl]'s watchers to watch [g3j8]
	Added [j5nz] as watcher for u_3 [21DF]
	Added [3mIH] as watcher for u_9 [zqxG]
	Added [QEi9] as watcher for u_4 [GxXS]
	Added [bivQ] as watcher for u_8 [4u58]
	Asking u_4 [GxXS]'s watchers to watch [g3j8]
	Asking u_8 [4u58]'s watchers to watch [g3j8]
	Added [b_RA] as watcher for u_7 [FdVO]
	Asking u_7 [FdVO]'s watchers to watch [g3j8]
	Added [x5MO] as watcher for u_2 [70ps]
	Asking u_2 [70ps]'s watchers to watch [g3j8]
	Added [jm4C] as watcher for u_1 [1aDr]
	Asking u_1 [1aDr]'s watchers to watch [g3j8]
	Added [x5MO] as watcher for u_9 [zqxG]
	Asking u_9 [zqxG]'s watchers to watch [g3j8]
	Added [x5MO] as watcher for u_5 [vlUq]
	Asking u_5 [vlUq]'s watchers to watch [g3j8]
	Added [3mIH] as watcher for u_6 [olZU]
	Asking u_6 [olZU]'s watchers to watch [g3j8]
	Added [2D85] as watcher for u_3 [21DF]
	Asking u_3 [21DF]'s watchers to watch [g3j8]
	✅ u_0 [7xUl] Inception Done
	✅ u_8 [4u58] Inception Done
	✅ u_4 [GxXS] Inception Done
	✅ u_7 [FdVO] Inception Done
	✅ u_1 [1aDr] Inception Done
	✅ u_2 [70ps] Inception Done
	✅ u_9 [zqxG] Inception Done
	✅ u_5 [vlUq] Inception Done
	✅ u_6 [olZU] Inception Done
	✅ u_3 [21DF] Inception Done
Test 2 (signature verification)
	✅ u_8 [4u58] Message verified
	✅ u_3 [21DF] Message verified
	✅ u_6 [olZU] Message verified
	✅ u_7 [FdVO] Message verified
	✅ u_2 [70ps] Message verified
	✅ u_1 [1aDr] Message verified
	✅ u_9 [zqxG] Message verified
	✅ u_0 [7xUl] Message verified
	✅ u_5 [vlUq] Message verified
	✅ u_4 [GxXS] Message verified
Waiting for an incoming message - Test 3 (signature verification after rotation of issuer)
	✅ u_1 [1aDr] Message Verified (2)
	✅ u_0 [7xUl] Message Verified (2)
	✅ u_5 [vlUq] Message Verified (2)
	✅ u_4 [GxXS] Message Verified (2)
	✅ u_6 [olZU] Message Verified (2)
	✅ u_7 [FdVO] Message Verified (2)
	✅ u_9 [zqxG] Message Verified (2)
	✅ u_8 [4u58] Message Verified (2)
	✅ u_2 [70ps] Message Verified (2)
	✅ u_3 [21DF] Message Verified (2)
Waiting for an incoming message - Test 4 (valid acdc credential)
skipped--
Waiting for an incoming message - Test 5 (acdc revocation)
skipped--
Waiting for an incoming message - Test 6
u_1 [1aDr] Starts Rotation
u_0 [7xUl] Starts Rotation
u_4 [GxXS] Starts Rotation
u_3 [21DF] Starts Rotation
u_2 [70ps] Starts Rotation
u_9 [zqxG] Starts Rotation
u_8 [4u58] Starts Rotation
u_6 [olZU] Starts Rotation
u_5 [vlUq] Starts Rotation
u_7 [FdVO] Starts Rotation
u_5 [vlUq] Ends Rotation
u_5 [vlUq] - Completed Key Rotation
u_6 [olZU] Ends Rotation
u_6 [olZU] - Completed Key Rotation
u_2 [70ps] Ends Rotation
u_2 [70ps] - Completed Key Rotation
u_1 [1aDr] Ends Rotation
u_1 [1aDr] - Completed Key Rotation
u_4 [GxXS] Ends Rotation
u_4 [GxXS] - Completed Key Rotation
u_7 [FdVO] Ends Rotation
u_7 [FdVO] - Completed Key Rotation
u_8 [4u58] Ends Rotation
u_8 [4u58] - Completed Key Rotation
u_0 [7xUl] Ends Rotation
u_0 [7xUl] - Completed Key Rotation
u_9 [zqxG] Ends Rotation
u_9 [zqxG] - Completed Key Rotation
u_3 [21DF] Ends Rotation
u_3 [21DF] - Completed Key Rotation
Executed 10 users / 10 success / 0 fail
Test 1: 7974ms (797 p.u.)
Test 2: 1ms (0 p.u.)
Test 3: 1598ms (159 p.u.)
Test 4: 1966ms (196 p.u.)
