Waiting for an incoming message - Test 1 (inception)
Error while deserializing http message: Error("EOF while parsing a value", line: 1, column: 0)
	Preparing Data...
	Data is ready, starting users and test1
Incepted: u_0 [3uTx]
Incepted: u_1 [jblL]
Incepted: u_3 [Bw_r]
Incepted: u_6 [Pchg]
Incepted: u_5 [0_-u]
Incepted: u_8 [cFih]
Incepted: u_9 [HdQw]
Incepted: u_4 [RZQ0]
Incepted: u_7 [boc0]
Incepted: u_2 [wtTF]
	Added [b_RA] as watcher for u_5 [0_-u]
	Added [jm4C] as watcher for u_1 [jblL]
	Added [QEi9] as watcher for u_6 [Pchg]
	Added [j5nz] as watcher for u_9 [HdQw]
	Added [x5MO] as watcher for u_4 [RZQ0]
	Added [2D85] as watcher for u_0 [3uTx]
	Added [j5nz] as watcher for u_8 [cFih]
	Added [b_RA] as watcher for u_2 [wtTF]
	Added [bivQ] as watcher for u_3 [Bw_r]
	Added [jm4C] as watcher for u_7 [boc0]
	Added [b_RA] as watcher for u_1 [jblL]
	Added [j5nz] as watcher for u_5 [0_-u]
	Added [x5MO] as watcher for u_6 [Pchg]
	Added [3mIH] as watcher for u_4 [RZQ0]
	Added [jm4C] as watcher for u_0 [3uTx]
	Added [2D85] as watcher for u_9 [HdQw]
	Added [2D85] as watcher for u_2 [wtTF]
	Added [2D85] as watcher for u_8 [cFih]
	Added [2D85] as watcher for u_3 [Bw_r]
	Added [3mIH] as watcher for u_1 [jblL]
	Added [j5nz] as watcher for u_6 [Pchg]
	Added [3mIH] as watcher for u_7 [boc0]
	Added [jm4C] as watcher for u_5 [0_-u]
	Added [jm4C] as watcher for u_9 [HdQw]
	Added [jm4C] as watcher for u_2 [wtTF]
	Added [QEi9] as watcher for u_1 [jblL]
	Added [2D85] as watcher for u_4 [RZQ0]
	Added [3mIH] as watcher for u_0 [3uTx]
	Added [x5MO] as watcher for u_5 [0_-u]
	Added [b_RA] as watcher for u_7 [boc0]
	Added [jm4C] as watcher for u_8 [cFih]
	Added [b_RA] as watcher for u_6 [Pchg]
	Added [jm4C] as watcher for u_3 [Bw_r]
	Added [3mIH] as watcher for u_9 [HdQw]
	Added [b_RA] as watcher for u_4 [RZQ0]
	Added [b_RA] as watcher for u_0 [3uTx]
	Added [x5MO] as watcher for u_2 [wtTF]
	Added [x5MO] as watcher for u_1 [jblL]
	Added [x5MO] as watcher for u_3 [Bw_r]
	Added [bivQ] as watcher for u_5 [0_-u]
	Added [2D85] as watcher for u_6 [Pchg]
	Added [bivQ] as watcher for u_7 [boc0]
	Added [bivQ] as watcher for u_8 [cFih]
	Added [QEi9] as watcher for u_0 [3uTx]
	Added [QEi9] as watcher for u_2 [wtTF]
	Added [j5nz] as watcher for u_4 [RZQ0]
	Added [bivQ] as watcher for u_9 [HdQw]
	Added [QEi9] as watcher for u_5 [0_-u]
	Asking u_5 [0_-u]'s watchers to watch [g3j8]
	Added [QEi9] as watcher for u_3 [Bw_r]
	Added [2D85] as watcher for u_1 [jblL]
	Asking u_1 [jblL]'s watchers to watch [g3j8]
	Added [3mIH] as watcher for u_6 [Pchg]
	Asking u_6 [Pchg]'s watchers to watch [g3j8]
	Added [j5nz] as watcher for u_7 [boc0]
	Added [3mIH] as watcher for u_8 [cFih]
	Added [bivQ] as watcher for u_2 [wtTF]
	Asking u_2 [wtTF]'s watchers to watch [g3j8]
	Added [x5MO] as watcher for u_0 [3uTx]
	Asking u_0 [3uTx]'s watchers to watch [g3j8]
	Added [bivQ] as watcher for u_4 [RZQ0]
	Asking u_4 [RZQ0]'s watchers to watch [g3j8]
	Added [3mIH] as watcher for u_3 [Bw_r]
	Asking u_3 [Bw_r]'s watchers to watch [g3j8]
	Added [x5MO] as watcher for u_9 [HdQw]
	Asking u_9 [HdQw]'s watchers to watch [g3j8]
	Added [b_RA] as watcher for u_8 [cFih]
	Asking u_8 [cFih]'s watchers to watch [g3j8]
	Added [x5MO] as watcher for u_7 [boc0]
	Asking u_7 [boc0]'s watchers to watch [g3j8]
	✅ u_5 [0_-u] Inception Done
	✅ u_1 [jblL] Inception Done
	✅ u_6 [Pchg] Inception Done
	✅ u_2 [wtTF] Inception Done
	✅ u_0 [3uTx] Inception Done
	✅ u_4 [RZQ0] Inception Done
	✅ u_3 [Bw_r] Inception Done
	✅ u_9 [HdQw] Inception Done
	✅ u_7 [boc0] Inception Done
	✅ u_8 [cFih] Inception Done
Test 2 (signature verification)
	✅ u_8 [cFih] Message verified
	✅ u_6 [Pchg] Message verified
	✅ u_3 [Bw_r] Message verified
	✅ u_2 [wtTF] Message verified
	✅ u_4 [RZQ0] Message verified
	✅ u_9 [HdQw] Message verified
	✅ u_1 [jblL] Message verified
	✅ u_7 [boc0] Message verified
	✅ u_5 [0_-u] Message verified
	✅ u_0 [3uTx] Message verified
Waiting for an incoming message - Test 3 (signature verification after rotation of issuer)
	✅ u_7 [boc0] Message Verified (2)
	✅ u_9 [HdQw] Message Verified (2)
	✅ u_3 [Bw_r] Message Verified (2)
	✅ u_0 [3uTx] Message Verified (2)
	✅ u_1 [jblL] Message Verified (2)
	✅ u_6 [Pchg] Message Verified (2)
	✅ u_2 [wtTF] Message Verified (2)
	✅ u_8 [cFih] Message Verified (2)
	✅ u_5 [0_-u] Message Verified (2)
	✅ u_4 [RZQ0] Message Verified (2)
Waiting for an incoming message - Test 4 (valid acdc credential)
skipped--
Waiting for an incoming message - Test 5 (acdc revocation)
skipped--
Waiting for an incoming message - Test 6
u_4 [RZQ0] Starts Rotation
u_3 [Bw_r] Starts Rotation
u_2 [wtTF] Starts Rotation
u_5 [0_-u] Starts Rotation
u_6 [Pchg] Starts Rotation
u_1 [jblL] Starts Rotation
u_7 [boc0] Starts Rotation
u_9 [HdQw] Starts Rotation
u_0 [3uTx] Starts Rotation
u_8 [cFih] Starts Rotation
u_5 [0_-u] Ends Rotation
u_5 [0_-u] - Completed Key Rotation
u_0 [3uTx] Ends Rotation
u_0 [3uTx] - Completed Key Rotation
u_7 [boc0] Ends Rotation
u_7 [boc0] - Completed Key Rotation
u_4 [RZQ0] Ends Rotation
u_4 [RZQ0] - Completed Key Rotation
u_3 [Bw_r] Ends Rotation
u_3 [Bw_r] - Completed Key Rotation
u_2 [wtTF] Ends Rotation
u_2 [wtTF] - Completed Key Rotation
u_1 [jblL] Ends Rotation
u_1 [jblL] - Completed Key Rotation
u_9 [HdQw] Ends Rotation
u_9 [HdQw] - Completed Key Rotation
u_6 [Pchg] Ends Rotation
u_6 [Pchg] - Completed Key Rotation
u_8 [cFih] Ends Rotation
u_8 [cFih] - Completed Key Rotation
Executed 10 users / 10 success / 0 fail
Test 1: 8793ms (879 p.u.)
Test 2: 1ms (0 p.u.)
Test 3: 1423ms (142 p.u.)
Test 4: 2495ms (249 p.u.)
