Waiting for an incoming message - Test 1 (inception)
Error while deserializing http message: Error("EOF while parsing a value", line: 1, column: 0)
	Preparing Data...
	Data is ready, starting users and test1
Incepted: u_8 [U0B1]
Incepted: u_4 [9msV]
Incepted: u_0 [qFkS]
Incepted: u_1 [e1lQ]
Incepted: u_3 [tMPy]
Incepted: u_7 [c4pD]
Incepted: u_5 [PNt2]
Incepted: u_2 [pIB0]
	Added [bivQ] as watcher for u_8 [U0B1]
Incepted: u_6 [o5XV]
	Added [2D85] as watcher for u_1 [e1lQ]
Incepted: u_9 [fIba]
	Added [bivQ] as watcher for u_3 [tMPy]
	Added [2D85] as watcher for u_8 [U0B1]
	Added [jm4C] as watcher for u_0 [qFkS]
	Added [QEi9] as watcher for u_4 [9msV]
	Added [QEi9] as watcher for u_5 [PNt2]
	Added [x5MO] as watcher for u_2 [pIB0]
	Added [jm4C] as watcher for u_6 [o5XV]
	Added [QEi9] as watcher for u_7 [c4pD]
	Added [j5nz] as watcher for u_1 [e1lQ]
	Added [2D85] as watcher for u_5 [PNt2]
	Added [x5MO] as watcher for u_3 [tMPy]
	Added [b_RA] as watcher for u_9 [fIba]
	Added [2D85] as watcher for u_7 [c4pD]
	Added [x5MO] as watcher for u_4 [9msV]
	Added [x5MO] as watcher for u_8 [U0B1]
	Added [b_RA] as watcher for u_0 [qFkS]
	Added [jm4C] as watcher for u_2 [pIB0]
	Added [QEi9] as watcher for u_6 [o5XV]
	Added [bivQ] as watcher for u_7 [c4pD]
	Added [bivQ] as watcher for u_4 [9msV]
	Added [jm4C] as watcher for u_1 [e1lQ]
	Added [j5nz] as watcher for u_5 [PNt2]
	Added [2D85] as watcher for u_6 [o5XV]
	Added [3mIH] as watcher for u_0 [qFkS]
	Added [j5nz] as watcher for u_3 [tMPy]
	Added [QEi9] as watcher for u_9 [fIba]
	Added [j5nz] as watcher for u_8 [U0B1]
	Added [3mIH] as watcher for u_4 [9msV]
	Added [b_RA] as watcher for u_2 [pIB0]
	Added [3mIH] as watcher for u_5 [PNt2]
	Added [jm4C] as watcher for u_7 [c4pD]
	Added [3mIH] as watcher for u_6 [o5XV]
	Added [j5nz] as watcher for u_0 [qFkS]
	Added [b_RA] as watcher for u_1 [e1lQ]
	Added [2D85] as watcher for u_2 [pIB0]
	Added [3mIH] as watcher for u_9 [fIba]
	Added [QEi9] as watcher for u_8 [U0B1]
	Added [QEi9] as watcher for u_3 [tMPy]
	Added [bivQ] as watcher for u_0 [qFkS]
	Added [3mIH] as watcher for u_7 [c4pD]
	Added [jm4C] as watcher for u_4 [9msV]
	Added [2D85] as watcher for u_3 [tMPy]
	Added [b_RA] as watcher for u_5 [PNt2]
	Added [j5nz] as watcher for u_2 [pIB0]
	Added [b_RA] as watcher for u_6 [o5XV]
	Added [j5nz] as watcher for u_9 [fIba]
	Added [QEi9] as watcher for u_1 [e1lQ]
	Added [bivQ] as watcher for u_5 [PNt2]
	Asking u_5 [PNt2]'s watchers to watch [g3j8]
	Added [x5MO] as watcher for u_7 [c4pD]
	Asking u_7 [c4pD]'s watchers to watch [g3j8]
	Added [x5MO] as watcher for u_0 [qFkS]
	Asking u_0 [qFkS]'s watchers to watch [g3j8]
	Added [b_RA] as watcher for u_4 [9msV]
	Asking u_4 [9msV]'s watchers to watch [g3j8]
	Added [b_RA] as watcher for u_8 [U0B1]
	Asking u_8 [U0B1]'s watchers to watch [g3j8]
	Added [bivQ] as watcher for u_6 [o5XV]
	Asking u_6 [o5XV]'s watchers to watch [g3j8]
	Added [3mIH] as watcher for u_2 [pIB0]
	Asking u_2 [pIB0]'s watchers to watch [g3j8]
	Added [jm4C] as watcher for u_3 [tMPy]
	Asking u_3 [tMPy]'s watchers to watch [g3j8]
	Added [x5MO] as watcher for u_9 [fIba]
	Added [x5MO] as watcher for u_1 [e1lQ]
	Asking u_1 [e1lQ]'s watchers to watch [g3j8]
	Added [2D85] as watcher for u_9 [fIba]
	Asking u_9 [fIba]'s watchers to watch [g3j8]
	✅ u_7 [c4pD] Inception Done
	✅ u_5 [PNt2] Inception Done
	✅ u_4 [9msV] Inception Done
	✅ u_6 [o5XV] Inception Done
	✅ u_2 [pIB0] Inception Done
	✅ u_0 [qFkS] Inception Done
	✅ u_8 [U0B1] Inception Done
	✅ u_3 [tMPy] Inception Done
	✅ u_1 [e1lQ] Inception Done
	✅ u_9 [fIba] Inception Done
Test 2 (signature verification)
	✅ u_9 [fIba] Message verified
	✅ u_6 [o5XV] Message verified
	✅ u_8 [U0B1] Message verified
	✅ u_5 [PNt2] Message verified
	✅ u_1 [e1lQ] Message verified
	✅ u_3 [tMPy] Message verified
	✅ u_0 [qFkS] Message verified
	✅ u_7 [c4pD] Message verified
	✅ u_2 [pIB0] Message verified
	✅ u_4 [9msV] Message verified
Waiting for an incoming message - Test 3 (signature verification after rotation of issuer)
	✅ u_2 [pIB0] Message Verified (2)
	✅ u_6 [o5XV] Message Verified (2)
	✅ u_5 [PNt2] Message Verified (2)
	✅ u_7 [c4pD] Message Verified (2)
	✅ u_0 [qFkS] Message Verified (2)
	✅ u_8 [U0B1] Message Verified (2)
	✅ u_1 [e1lQ] Message Verified (2)
	✅ u_3 [tMPy] Message Verified (2)
	✅ u_4 [9msV] Message Verified (2)
	✅ u_9 [fIba] Message Verified (2)
Waiting for an incoming message - Test 4 (valid acdc credential)
skipped--
Waiting for an incoming message - Test 5 (acdc revocation)
skipped--
Waiting for an incoming message - Test 6
u_7 [c4pD] Starts Rotation
u_9 [fIba] Starts Rotation
u_5 [PNt2] Starts Rotation
u_8 [U0B1] Starts Rotation
u_2 [pIB0] Starts Rotation
u_3 [tMPy] Starts Rotation
u_0 [qFkS] Starts Rotation
u_4 [9msV] Starts Rotation
u_1 [e1lQ] Starts Rotation
u_6 [o5XV] Starts Rotation
u_3 [tMPy] Ends Rotation
u_3 [tMPy] - Completed Key Rotation
u_5 [PNt2] Ends Rotation
u_5 [PNt2] - Completed Key Rotation
u_8 [U0B1] Ends Rotation
u_8 [U0B1] - Completed Key Rotation
u_7 [c4pD] Ends Rotation
u_7 [c4pD] - Completed Key Rotation
u_4 [9msV] Ends Rotation
u_4 [9msV] - Completed Key Rotation
u_1 [e1lQ] Ends Rotation
u_1 [e1lQ] - Completed Key Rotation
u_0 [qFkS] Ends Rotation
u_0 [qFkS] - Completed Key Rotation
u_2 [pIB0] Ends Rotation
u_2 [pIB0] - Completed Key Rotation
u_6 [o5XV] Ends Rotation
u_6 [o5XV] - Completed Key Rotation
u_9 [fIba] Ends Rotation
u_9 [fIba] - Completed Key Rotation
Executed 10 users / 10 success / 0 fail
Test 1: 6696ms (669 p.u.)
Test 2: 1ms (0 p.u.)
Test 3: 1220ms (122 p.u.)
Test 4: 1770ms (177 p.u.)
