Waiting for an incoming message - Test 1 (inception)
Error while deserializing http message: Error("EOF while parsing a value", line: 1, column: 0)
	Preparing Data...
	Data is ready, starting users and test1
Incepted: u_2 [UpaR]
Incepted: u_7 [BCnF]
Incepted: u_3 [MUBN]
Incepted: u_1 [i67u]
Incepted: u_6 [zKgb]
Incepted: u_9 [S2wR]
Incepted: u_8 [9F_L]
Incepted: u_0 [S07Z]
Incepted: u_4 [s2YG]
Incepted: u_5 [iG2u]
	Added [j5nz] as watcher for u_3 [MUBN]
	Added [b_RA] as watcher for u_2 [UpaR]
	Added [j5nz] as watcher for u_9 [S2wR]
	Added [QEi9] as watcher for u_7 [BCnF]
	Added [3mIH] as watcher for u_1 [i67u]
	Added [b_RA] as watcher for u_8 [9F_L]
	Added [QEi9] as watcher for u_0 [S07Z]
	Added [QEi9] as watcher for u_5 [iG2u]
	Added [bivQ] as watcher for u_6 [zKgb]
	Added [j5nz] as watcher for u_4 [s2YG]
	Added [jm4C] as watcher for u_9 [S2wR]
	Added [jm4C] as watcher for u_2 [UpaR]
	Added [jm4C] as watcher for u_3 [MUBN]
	Added [jm4C] as watcher for u_1 [i67u]
	Added [x5MO] as watcher for u_8 [9F_L]
	Added [jm4C] as watcher for u_0 [S07Z]
	Added [3mIH] as watcher for u_7 [BCnF]
	Added [2D85] as watcher for u_5 [iG2u]
	Added [x5MO] as watcher for u_4 [s2YG]
	Added [j5nz] as watcher for u_6 [zKgb]
	Added [x5MO] as watcher for u_2 [UpaR]
	Added [3mIH] as watcher for u_9 [S2wR]
	Added [x5MO] as watcher for u_0 [S07Z]
	Added [bivQ] as watcher for u_3 [MUBN]
	Added [jm4C] as watcher for u_7 [BCnF]
	Added [b_RA] as watcher for u_1 [i67u]
	Added [2D85] as watcher for u_8 [9F_L]
	Added [3mIH] as watcher for u_5 [iG2u]
	Added [x5MO] as watcher for u_6 [zKgb]
	Added [QEi9] as watcher for u_4 [s2YG]
	Added [b_RA] as watcher for u_9 [S2wR]
	Added [bivQ] as watcher for u_2 [UpaR]
	Added [b_RA] as watcher for u_7 [BCnF]
	Added [b_RA] as watcher for u_3 [MUBN]
	Added [bivQ] as watcher for u_0 [S07Z]
	Added [jm4C] as watcher for u_8 [9F_L]
	Added [bivQ] as watcher for u_1 [i67u]
	Added [jm4C] as watcher for u_5 [iG2u]
	Added [b_RA] as watcher for u_6 [zKgb]
	Added [2D85] as watcher for u_4 [s2YG]
	Added [2D85] as watcher for u_2 [UpaR]
	Added [bivQ] as watcher for u_7 [BCnF]
	Added [QEi9] as watcher for u_8 [9F_L]
	Added [2D85] as watcher for u_9 [S2wR]
	Added [b_RA] as watcher for u_0 [S07Z]
	Added [2D85] as watcher for u_3 [MUBN]
	Added [QEi9] as watcher for u_1 [i67u]
	Added [x5MO] as watcher for u_5 [iG2u]
	Added [QEi9] as watcher for u_6 [zKgb]
	Added [QEi9] as watcher for u_2 [UpaR]
	Added [x5MO] as watcher for u_7 [BCnF]
	Asking u_2 [UpaR]'s watchers to watch [g3j8]
	Asking u_7 [BCnF]'s watchers to watch [g3j8]
	Added [x5MO] as watcher for u_9 [S2wR]
	Asking u_9 [S2wR]'s watchers to watch [g3j8]
	Added [bivQ] as watcher for u_4 [s2YG]
	Added [2D85] as watcher for u_0 [S07Z]
	Asking u_0 [S07Z]'s watchers to watch [g3j8]
	Added [j5nz] as watcher for u_8 [9F_L]
	Asking u_8 [9F_L]'s watchers to watch [g3j8]
	Added [x5MO] as watcher for u_1 [i67u]
	Asking u_1 [i67u]'s watchers to watch [g3j8]
	Added [3mIH] as watcher for u_3 [MUBN]
	Asking u_3 [MUBN]'s watchers to watch [g3j8]
	Added [bivQ] as watcher for u_5 [iG2u]
	Asking u_5 [iG2u]'s watchers to watch [g3j8]
	Added [2D85] as watcher for u_6 [zKgb]
	Asking u_6 [zKgb]'s watchers to watch [g3j8]
	Added [b_RA] as watcher for u_4 [s2YG]
	Asking u_4 [s2YG]'s watchers to watch [g3j8]
	✅ u_7 [BCnF] Inception Done
	✅ u_2 [UpaR] Inception Done
	✅ u_9 [S2wR] Inception Done
	✅ u_1 [i67u] Inception Done
	✅ u_8 [9F_L] Inception Done
	✅ u_0 [S07Z] Inception Done
	✅ u_3 [MUBN] Inception Done
	✅ u_5 [iG2u] Inception Done
	✅ u_4 [s2YG] Inception Done
	✅ u_6 [zKgb] Inception Done
Test 2 (signature verification)
	✅ u_6 [zKgb] Message verified
	✅ u_0 [S07Z] Message verified
	✅ u_7 [BCnF] Message verified
	✅ u_3 [MUBN] Message verified
	✅ u_8 [9F_L] Message verified
	✅ u_4 [s2YG] Message verified
	✅ u_1 [i67u] Message verified
	✅ u_2 [UpaR] Message verified
	✅ u_5 [iG2u] Message verified
	✅ u_9 [S2wR] Message verified
Waiting for an incoming message - Test 3 (signature verification after rotation of issuer)
	✅ u_6 [zKgb] Message Verified (2)
	✅ u_8 [9F_L] Message Verified (2)
	✅ u_1 [i67u] Message Verified (2)
	✅ u_9 [S2wR] Message Verified (2)
	✅ u_3 [MUBN] Message Verified (2)
	✅ u_0 [S07Z] Message Verified (2)
	✅ u_2 [UpaR] Message Verified (2)
	✅ u_7 [BCnF] Message Verified (2)
	✅ u_5 [iG2u] Message Verified (2)
	✅ u_4 [s2YG] Message Verified (2)
Waiting for an incoming message - Test 4 (valid acdc credential)
skipped--
Waiting for an incoming message - Test 5 (acdc revocation)
skipped--
Waiting for an incoming message - Test 6
u_4 [s2YG] Starts Rotation
u_0 [S07Z] Starts Rotation
u_3 [MUBN] Starts Rotation
u_5 [iG2u] Starts Rotation
u_2 [UpaR] Starts Rotation
u_8 [9F_L] Starts Rotation
u_1 [i67u] Starts Rotation
u_9 [S2wR] Starts Rotation
u_6 [zKgb] Starts Rotation
u_7 [BCnF] Starts Rotation
u_7 [BCnF] Ends Rotation
u_7 [BCnF] - Completed Key Rotation
u_1 [i67u] Ends Rotation
u_1 [i67u] - Completed Key Rotation
u_2 [UpaR] Ends Rotation
u_2 [UpaR] - Completed Key Rotation
u_3 [MUBN] Ends Rotation
u_3 [MUBN] - Completed Key Rotation
u_0 [S07Z] Ends Rotation
u_0 [S07Z] - Completed Key Rotation
u_4 [s2YG] Ends Rotation
u_4 [s2YG] - Completed Key Rotation
u_9 [S2wR] Ends Rotation
u_9 [S2wR] - Completed Key Rotation
u_5 [iG2u] Ends Rotation
u_5 [iG2u] - Completed Key Rotation
u_6 [zKgb] Ends Rotation
u_6 [zKgb] - Completed Key Rotation
u_8 [9F_L] Ends Rotation
u_8 [9F_L] - Completed Key Rotation
Executed 10 users / 10 success / 0 fail
Test 1: 8220ms (822 p.u.)
Test 2: 1ms (0 p.u.)
Test 3: 1585ms (158 p.u.)
Test 4: 2072ms (207 p.u.)
