Waiting for an incoming message - Test 1 (inception)
Error while deserializing http message: Error("EOF while parsing a value", line: 1, column: 0)
	Preparing Data...
	Data is ready, starting users and test1
Incepted: u_3 [On3C]
Incepted: u_2 [g620]
Incepted: u_8 [9iyN]
Incepted: u_0 [UX2C]
Incepted: u_7 [0HkZ]
Incepted: u_4 [oB2d]
Incepted: u_5 [ANu-]
Incepted: u_6 [ZAid]
Incepted: u_9 [6Qg0]
Incepted: u_1 [M20q]
	Added [j5nz] as watcher for u_3 [On3C]
	Added [b_RA] as watcher for u_8 [9iyN]
	Added [3mIH] as watcher for u_7 [0HkZ]
	Added [bivQ] as watcher for u_2 [g620]
	Added [2D85] as watcher for u_0 [UX2C]
	Added [bivQ] as watcher for u_5 [ANu-]
	Added [bivQ] as watcher for u_6 [ZAid]
	Added [j5nz] as watcher for u_4 [oB2d]
	Added [3mIH] as watcher for u_9 [6Qg0]
	Added [x5MO] as watcher for u_3 [On3C]
	Added [jm4C] as watcher for u_1 [M20q]
	Added [x5MO] as watcher for u_8 [9iyN]
	Added [QEi9] as watcher for u_5 [ANu-]
	Added [x5MO] as watcher for u_7 [0HkZ]
	Added [j5nz] as watcher for u_2 [g620]
	Added [jm4C] as watcher for u_0 [UX2C]
	Added [QEi9] as watcher for u_4 [oB2d]
	Added [3mIH] as watcher for u_3 [On3C]
	Added [2D85] as watcher for u_6 [ZAid]
	Added [bivQ] as watcher for u_9 [6Qg0]
	Added [j5nz] as watcher for u_1 [M20q]
	Added [b_RA] as watcher for u_4 [oB2d]
	Added [jm4C] as watcher for u_5 [ANu-]
	Added [jm4C] as watcher for u_8 [9iyN]
	Added [3mIH] as watcher for u_0 [UX2C]
	Added [jm4C] as watcher for u_7 [0HkZ]
	Added [jm4C] as watcher for u_2 [g620]
	Added [3mIH] as watcher for u_6 [ZAid]
	Added [QEi9] as watcher for u_3 [On3C]
	Added [jm4C] as watcher for u_9 [6Qg0]
	Added [x5MO] as watcher for u_4 [oB2d]
	Added [b_RA] as watcher for u_1 [M20q]
	Added [3mIH] as watcher for u_8 [9iyN]
	Added [2D85] as watcher for u_5 [ANu-]
	Added [x5MO] as watcher for u_2 [g620]
	Added [QEi9] as watcher for u_0 [UX2C]
	Added [jm4C] as watcher for u_6 [ZAid]
	Added [bivQ] as watcher for u_7 [0HkZ]
	Added [jm4C] as watcher for u_3 [On3C]
	Added [3mIH] as watcher for u_1 [M20q]
	Added [bivQ] as watcher for u_4 [oB2d]
	Added [QEi9] as watcher for u_9 [6Qg0]
	Added [x5MO] as watcher for u_5 [ANu-]
	Added [QEi9] as watcher for u_8 [9iyN]
	Added [b_RA] as watcher for u_0 [UX2C]
	Added [QEi9] as watcher for u_2 [g620]
	Added [2D85] as watcher for u_7 [0HkZ]
	Added [b_RA] as watcher for u_6 [ZAid]
	Added [bivQ] as watcher for u_3 [On3C]
	Asking u_3 [On3C]'s watchers to watch [g3j8]
	Added [x5MO] as watcher for u_1 [M20q]
	Added [3mIH] as watcher for u_4 [oB2d]
	Asking u_4 [oB2d]'s watchers to watch [g3j8]
	Added [j5nz] as watcher for u_5 [ANu-]
	Asking u_5 [ANu-]'s watchers to watch [g3j8]
	Added [x5MO] as watcher for u_9 [6Qg0]
	Added [bivQ] as watcher for u_8 [9iyN]
	Asking u_8 [9iyN]'s watchers to watch [g3j8]
	Added [bivQ] as watcher for u_0 [UX2C]
	Asking u_0 [UX2C]'s watchers to watch [g3j8]
	Added [x5MO] as watcher for u_6 [ZAid]
	Asking u_6 [ZAid]'s watchers to watch [g3j8]
	Added [2D85] as watcher for u_2 [g620]
	Asking u_2 [g620]'s watchers to watch [g3j8]
	Added [bivQ] as watcher for u_1 [M20q]
	Asking u_1 [M20q]'s watchers to watch [g3j8]
	Added [j5nz] as watcher for u_7 [0HkZ]
	Asking u_7 [0HkZ]'s watchers to watch [g3j8]
	Added [j5nz] as watcher for u_9 [6Qg0]
	Asking u_9 [6Qg0]'s watchers to watch [g3j8]
	✅ u_3 [On3C] Inception Done
	✅ u_4 [oB2d] Inception Done
	✅ u_5 [ANu-] Inception Done
	✅ u_6 [ZAid] Inception Done
	✅ u_8 [9iyN] Inception Done
	✅ u_2 [g620] Inception Done
	✅ u_1 [M20q] Inception Done
	✅ u_0 [UX2C] Inception Done
	✅ u_7 [0HkZ] Inception Done
	✅ u_9 [6Qg0] Inception Done
Test 2 (signature verification)
	✅ u_6 [ZAid] Message verified
	✅ u_9 [6Qg0] Message verified
	✅ u_8 [9iyN] Message verified
	✅ u_2 [g620] Message verified
	✅ u_7 [0HkZ] Message verified
	✅ u_3 [On3C] Message verified
	✅ u_0 [UX2C] Message verified
	✅ u_5 [ANu-] Message verified
	✅ u_4 [oB2d] Message verified
	✅ u_1 [M20q] Message verified
Waiting for an incoming message - Test 3 (signature verification after rotation of issuer)
	✅ u_6 [ZAid] Message Verified (2)
	✅ u_1 [M20q] Message Verified (2)
	✅ u_9 [6Qg0] Message Verified (2)
	✅ u_3 [On3C] Message Verified (2)
	✅ u_4 [oB2d] Message Verified (2)
	✅ u_8 [9iyN] Message Verified (2)
	✅ u_5 [ANu-] Message Verified (2)
	✅ u_2 [g620] Message Verified (2)
	✅ u_7 [0HkZ] Message Verified (2)
	✅ u_0 [UX2C] Message Verified (2)
Waiting for an incoming message - Test 4 (valid acdc credential)
skipped--
Waiting for an incoming message - Test 5 (acdc revocation)
skipped--
Waiting for an incoming message - Test 6
u_4 [oB2d] Starts Rotation
u_0 [UX2C] Starts Rotation
u_5 [ANu-] Starts Rotation
u_7 [0HkZ] Starts Rotation
u_2 [g620] Starts Rotation
u_3 [On3C] Starts Rotation
u_9 [6Qg0] Starts Rotation
u_1 [M20q] Starts Rotation
u_8 [9iyN] Starts Rotation
u_6 [ZAid] Starts Rotation
u_4 [oB2d] Ends Rotation
u_4 [oB2d] - Completed Key Rotation
u_6 [ZAid] Ends Rotation
u_6 [ZAid] - Completed Key Rotation
u_8 [9iyN] Ends Rotation
u_8 [9iyN] - Completed Key Rotation
u_5 [ANu-] Ends Rotation
u_5 [ANu-] - Completed Key Rotation
u_3 [On3C] Ends Rotation
u_3 [On3C] - Completed Key Rotation
u_0 [UX2C] Ends Rotation
u_0 [UX2C] - Completed Key Rotation
u_7 [0HkZ] Ends Rotation
u_7 [0HkZ] - Completed Key Rotation
u_9 [6Qg0] Ends Rotation
u_9 [6Qg0] - Completed Key Rotation
u_2 [g620] Ends Rotation
u_2 [g620] - Completed Key Rotation
u_1 [M20q] Ends Rotation
u_1 [M20q] - Completed Key Rotation
Executed 10 users / 10 success / 0 fail
Test 1: 9594ms (959 p.u.)
Test 2: 1ms (0 p.u.)
Test 3: 1516ms (151 p.u.)
Test 4: 2150ms (215 p.u.)
