Waiting for an incoming message - Test 1 (inception)
Error while deserializing http message: Error("EOF while parsing a value", line: 1, column: 0)
	Preparing Data...
	Data is ready, starting users and test1
Incepted: u_1 [D-dI]
Incepted: u_6 [QuWN]
Incepted: u_3 [e1XI]
Incepted: u_8 [KM3g]
Incepted: u_9 [s2cP]
Incepted: u_0 [FYf8]
Incepted: u_7 [fuw2]
Incepted: u_5 [g7it]
Incepted: u_4 [7WJY]
Incepted: u_2 [ObmV]
	Added [x5MO] as watcher for u_6 [QuWN]
	Added [QEi9] as watcher for u_1 [D-dI]
	Added [jm4C] as watcher for u_8 [KM3g]
	Added [jm4C] as watcher for u_4 [7WJY]
	Added [b_RA] as watcher for u_0 [FYf8]
	Added [bivQ] as watcher for u_3 [e1XI]
	Added [j5nz] as watcher for u_5 [g7it]
	Added [QEi9] as watcher for u_9 [s2cP]
	Added [b_RA] as watcher for u_7 [fuw2]
	Added [j5nz] as watcher for u_2 [ObmV]
	Added [j5nz] as watcher for u_4 [7WJY]
	Added [3mIH] as watcher for u_0 [FYf8]
	Added [b_RA] as watcher for u_6 [QuWN]
	Added [2D85] as watcher for u_1 [D-dI]
	Added [bivQ] as watcher for u_8 [KM3g]
	Added [j5nz] as watcher for u_3 [e1XI]
	Added [3mIH] as watcher for u_7 [fuw2]
	Added [QEi9] as watcher for u_5 [g7it]
	Added [jm4C] as watcher for u_9 [s2cP]
	Added [bivQ] as watcher for u_2 [ObmV]
	Added [3mIH] as watcher for u_4 [7WJY]
	Added [jm4C] as watcher for u_1 [D-dI]
	Added [2D85] as watcher for u_0 [FYf8]
	Added [x5MO] as watcher for u_8 [KM3g]
	Added [QEi9] as watcher for u_6 [QuWN]
	Added [jm4C] as watcher for u_5 [g7it]
	Added [x5MO] as watcher for u_7 [fuw2]
	Added [2D85] as watcher for u_9 [s2cP]
	Added [2D85] as watcher for u_3 [e1XI]
	Added [b_RA] as watcher for u_2 [ObmV]
	Added [x5MO] as watcher for u_4 [7WJY]
	Added [QEi9] as watcher for u_8 [KM3g]
	Added [bivQ] as watcher for u_0 [FYf8]
	Added [3mIH] as watcher for u_6 [QuWN]
	Added [x5MO] as watcher for u_1 [D-dI]
	Added [2D85] as watcher for u_5 [g7it]
	Added [2D85] as watcher for u_7 [fuw2]
	Added [3mIH] as watcher for u_2 [ObmV]
	Added [QEi9] as watcher for u_4 [7WJY]
	Added [b_RA] as watcher for u_3 [e1XI]
	Added [b_RA] as watcher for u_9 [s2cP]
	Added [b_RA] as watcher for u_8 [KM3g]
	Added [jm4C] as watcher for u_6 [QuWN]
	Added [j5nz] as watcher for u_0 [FYf8]
	Added [b_RA] as watcher for u_1 [D-dI]
	Added [x5MO] as watcher for u_2 [ObmV]
	Added [bivQ] as watcher for u_5 [g7it]
	Added [j5nz] as watcher for u_9 [s2cP]
	Added [bivQ] as watcher for u_4 [7WJY]
	Asking u_4 [7WJY]'s watchers to watch [g3j8]
	Added [QEi9] as watcher for u_7 [fuw2]
	Added [x5MO] as watcher for u_0 [FYf8]
	Asking u_0 [FYf8]'s watchers to watch [g3j8]
	Added [QEi9] as watcher for u_3 [e1XI]
	Added [2D85] as watcher for u_8 [KM3g]
	Asking u_8 [KM3g]'s watchers to watch [g3j8]
	Added [j5nz] as watcher for u_6 [QuWN]
	Asking u_6 [QuWN]'s watchers to watch [g3j8]
	Added [bivQ] as watcher for u_1 [D-dI]
	Asking u_1 [D-dI]'s watchers to watch [g3j8]
	Added [3mIH] as watcher for u_5 [g7it]
	Asking u_5 [g7it]'s watchers to watch [g3j8]
	Added [QEi9] as watcher for u_2 [ObmV]
	Asking u_2 [ObmV]'s watchers to watch [g3j8]
	Added [x5MO] as watcher for u_9 [s2cP]
	Asking u_9 [s2cP]'s watchers to watch [g3j8]
	Added [bivQ] as watcher for u_7 [fuw2]
	Asking u_7 [fuw2]'s watchers to watch [g3j8]
	Added [jm4C] as watcher for u_3 [e1XI]
	Asking u_3 [e1XI]'s watchers to watch [g3j8]
	✅ u_4 [7WJY] Inception Done
	✅ u_8 [KM3g] Inception Done
	✅ u_0 [FYf8] Inception Done
	✅ u_1 [D-dI] Inception Done
	✅ u_6 [QuWN] Inception Done
	✅ u_2 [ObmV] Inception Done
	✅ u_5 [g7it] Inception Done
	✅ u_7 [fuw2] Inception Done
	✅ u_3 [e1XI] Inception Done
	✅ u_9 [s2cP] Inception Done
Test 2 (signature verification)
	✅ u_9 [s2cP] Message verified
	✅ u_3 [e1XI] Message verified
	✅ u_5 [g7it] Message verified
	✅ u_1 [D-dI] Message verified
	✅ u_0 [FYf8] Message verified
	✅ u_8 [KM3g] Message verified
	✅ u_2 [ObmV] Message verified
	✅ u_7 [fuw2] Message verified
	✅ u_4 [7WJY] Message verified
	✅ u_6 [QuWN] Message verified
Waiting for an incoming message - Test 3 (signature verification after rotation of issuer)
	✅ u_7 [fuw2] Message Verified (2)
	✅ u_4 [7WJY] Message Verified (2)
	✅ u_9 [s2cP] Message Verified (2)
	✅ u_8 [KM3g] Message Verified (2)
	✅ u_5 [g7it] Message Verified (2)
	✅ u_3 [e1XI] Message Verified (2)
	✅ u_6 [QuWN] Message Verified (2)
	✅ u_0 [FYf8] Message Verified (2)
	✅ u_1 [D-dI] Message Verified (2)
	✅ u_2 [ObmV] Message Verified (2)
Waiting for an incoming message - Test 4 (valid acdc credential)
skipped--
Waiting for an incoming message - Test 5 (acdc revocation)
skipped--
Waiting for an incoming message - Test 6
u_2 [ObmV] Starts Rotation
u_1 [D-dI] Starts Rotation
u_6 [QuWN] Starts Rotation
u_9 [s2cP] Starts Rotation
u_8 [KM3g] Starts Rotation
u_4 [7WJY] Starts Rotation
u_3 [e1XI] Starts Rotation
u_0 [FYf8] Starts Rotation
u_5 [g7it] Starts Rotation
u_7 [fuw2] Starts Rotation
u_2 [ObmV] Ends Rotation
u_2 [ObmV] - Completed Key Rotation
u_4 [7WJY] Ends Rotation
u_4 [7WJY] - Completed Key Rotation
u_6 [QuWN] Ends Rotation
u_6 [QuWN] - Completed Key Rotation
u_5 [g7it] Ends Rotation
u_5 [g7it] - Completed Key Rotation
u_9 [s2cP] Ends Rotation
u_9 [s2cP] - Completed Key Rotation
u_0 [FYf8] Ends Rotation
u_0 [FYf8] - Completed Key Rotation
u_1 [D-dI] Ends Rotation
u_1 [D-dI] - Completed Key Rotation
u_7 [fuw2] Ends Rotation
u_7 [fuw2] - Completed Key Rotation
u_8 [KM3g] Ends Rotation
u_8 [KM3g] - Completed Key Rotation
u_3 [e1XI] Ends Rotation
u_3 [e1XI] - Completed Key Rotation
Executed 10 users / 10 success / 0 fail
Test 1: 9638ms (963 p.u.)
Test 2: 1ms (0 p.u.)
Test 3: 1720ms (172 p.u.)
Test 4: 2652ms (265 p.u.)
