Waiting for an incoming message - Test 1 (inception)
Error while deserializing http message: Error("EOF while parsing a value", line: 1, column: 0)
	Preparing Data...
	Data is ready, starting users and test1
Incepted: u_5 [4Lhl]
Incepted: u_8 [146N]
Incepted: u_2 [AMHY]
Incepted: u_3 [DsEe]
Incepted: u_0 [bqtf]
Incepted: u_6 [xaYj]
Incepted: u_1 [Gop4]
Incepted: u_7 [2ddI]
Incepted: u_9 [-XyZ]
Incepted: u_4 [Abym]
	Added [jm4C] as watcher for u_2 [AMHY]
	Added [jm4C] as watcher for u_5 [4Lhl]
	Added [2D85] as watcher for u_8 [146N]
	Added [x5MO] as watcher for u_3 [DsEe]
	Added [bivQ] as watcher for u_0 [bqtf]
	Added [x5MO] as watcher for u_7 [2ddI]
	Added [x5MO] as watcher for u_1 [Gop4]
	Added [x5MO] as watcher for u_6 [xaYj]
	Added [2D85] as watcher for u_9 [-XyZ]
	Added [x5MO] as watcher for u_2 [AMHY]
	Added [x5MO] as watcher for u_4 [Abym]
	Added [x5MO] as watcher for u_5 [4Lhl]
	Added [jm4C] as watcher for u_3 [DsEe]
	Added [bivQ] as watcher for u_8 [146N]
	Added [bivQ] as watcher for u_7 [2ddI]
	Added [2D85] as watcher for u_0 [bqtf]
	Added [2D85] as watcher for u_1 [Gop4]
	Added [bivQ] as watcher for u_6 [xaYj]
	Added [x5MO] as watcher for u_9 [-XyZ]
	Added [bivQ] as watcher for u_2 [AMHY]
	Asking u_2 [AMHY]'s watchers to watch [YFiq]
	Added [2D85] as watcher for u_4 [Abym]
	Added [2D85] as watcher for u_5 [4Lhl]
	Asking u_5 [4Lhl]'s watchers to watch [YFiq]
	Added [2D85] as watcher for u_3 [DsEe]
	Asking u_3 [DsEe]'s watchers to watch [YFiq]
	Added [jm4C] as watcher for u_8 [146N]
	Asking u_8 [146N]'s watchers to watch [YFiq]
	Added [bivQ] as watcher for u_1 [Gop4]
	Asking u_1 [Gop4]'s watchers to watch [YFiq]
	Added [jm4C] as watcher for u_7 [2ddI]
	Asking u_7 [2ddI]'s watchers to watch [YFiq]
	Added [jm4C] as watcher for u_0 [bqtf]
	Asking u_0 [bqtf]'s watchers to watch [YFiq]
	Added [2D85] as watcher for u_6 [xaYj]
	Asking u_6 [xaYj]'s watchers to watch [YFiq]
	Added [bivQ] as watcher for u_9 [-XyZ]
	Asking u_9 [-XyZ]'s watchers to watch [YFiq]
	Added [jm4C] as watcher for u_4 [Abym]
	Asking u_4 [Abym]'s watchers to watch [YFiq]
	✅ u_2 [AMHY] Inception Done
	✅ u_3 [DsEe] Inception Done
	✅ u_5 [4Lhl] Inception Done
	✅ u_1 [Gop4] Inception Done
	✅ u_0 [bqtf] Inception Done
	✅ u_8 [146N] Inception Done
	✅ u_6 [xaYj] Inception Done
	✅ u_7 [2ddI] Inception Done
	✅ u_9 [-XyZ] Inception Done
	✅ u_4 [Abym] Inception Done
Test 2 (signature verification)
	✅ u_4 [Abym] Message verified
	✅ u_9 [-XyZ] Message verified
	✅ u_0 [bqtf] Message verified
	✅ u_1 [Gop4] Message verified
	✅ u_2 [AMHY] Message verified
	✅ u_6 [xaYj] Message verified
	✅ u_3 [DsEe] Message verified
	✅ u_7 [2ddI] Message verified
	✅ u_5 [4Lhl] Message verified
	✅ u_8 [146N] Message verified
Waiting for an incoming message - Test 3 (signature verification after rotation of issuer)
	✅ u_0 [bqtf] Message Verified (2)
	✅ u_3 [DsEe] Message Verified (2)
	✅ u_8 [146N] Message Verified (2)
	✅ u_6 [xaYj] Message Verified (2)
	✅ u_2 [AMHY] Message Verified (2)
	✅ u_1 [Gop4] Message Verified (2)
	✅ u_4 [Abym] Message Verified (2)
	✅ u_5 [4Lhl] Message Verified (2)
	✅ u_7 [2ddI] Message Verified (2)
	✅ u_9 [-XyZ] Message Verified (2)
Waiting for an incoming message - Test 4 (valid acdc credential)
skipped--
Waiting for an incoming message - Test 5 (acdc revocation)
skipped--
Waiting for an incoming message - Test 6
u_4 [Abym] Starts Rotation
u_9 [-XyZ] Starts Rotation
u_6 [xaYj] Starts Rotation
u_3 [DsEe] Starts Rotation
u_7 [2ddI] Starts Rotation
u_5 [4Lhl] Starts Rotation
u_2 [AMHY] Starts Rotation
u_0 [bqtf] Starts Rotation
u_1 [Gop4] Starts Rotation
u_8 [146N] Starts Rotation
u_4 [Abym] Ends Rotation
u_4 [Abym] - Completed Key Rotation
u_5 [4Lhl] Ends Rotation
u_5 [4Lhl] - Completed Key Rotation
u_0 [bqtf] Ends Rotation
u_0 [bqtf] - Completed Key Rotation
u_2 [AMHY] Ends Rotation
u_2 [AMHY] - Completed Key Rotation
u_3 [DsEe] Ends Rotation
u_3 [DsEe] - Completed Key Rotation
u_9 [-XyZ] Ends Rotation
u_9 [-XyZ] - Completed Key Rotation
u_6 [xaYj] Ends Rotation
u_6 [xaYj] - Completed Key Rotation
u_8 [146N] Ends Rotation
u_8 [146N] - Completed Key Rotation
u_1 [Gop4] Ends Rotation
u_1 [Gop4] - Completed Key Rotation
u_7 [2ddI] Ends Rotation
u_7 [2ddI] - Completed Key Rotation
Executed 10 users / 10 success / 0 fail
Test 1: 9413ms (941 p.u.)
Test 2: 1ms (0 p.u.)
Test 3: 1038ms (103 p.u.)
Test 4: 5967ms (596 p.u.)
