Waiting for an incoming message - Test 1 (inception)
Error while deserializing http message: Error("EOF while parsing a value", line: 1, column: 0)
	Preparing Data...
	Data is ready, starting users and test1
Incepted: u_9 [pgH5]
Incepted: u_2 [lkZB]
Incepted: u_8 [mo_T]
Incepted: u_0 [HnN0]
Incepted: u_1 [03wf]
	Added [jm4C] as watcher for u_9 [pgH5]
Incepted: u_6 [mpTf]
Incepted: u_3 [jXAr]
Incepted: u_4 [6inc]
Incepted: u_5 [PIIq]
Incepted: u_7 [uHB8]
	Added [x5MO] as watcher for u_2 [lkZB]
	Added [jm4C] as watcher for u_1 [03wf]
	Added [jm4C] as watcher for u_3 [jXAr]
	Added [2D85] as watcher for u_4 [6inc]
	Added [x5MO] as watcher for u_9 [pgH5]
	Added [x5MO] as watcher for u_0 [HnN0]
	Added [bivQ] as watcher for u_8 [mo_T]
	Added [x5MO] as watcher for u_5 [PIIq]
	Added [bivQ] as watcher for u_6 [mpTf]
	Added [2D85] as watcher for u_7 [uHB8]
	Added [x5MO] as watcher for u_1 [03wf]
	Added [jm4C] as watcher for u_4 [6inc]
	Added [x5MO] as watcher for u_3 [jXAr]
	Added [2D85] as watcher for u_9 [pgH5]
	Asking u_9 [pgH5]'s watchers to watch [YFiq]
	Added [2D85] as watcher for u_8 [mo_T]
	Added [jm4C] as watcher for u_7 [uHB8]
	Added [2D85] as watcher for u_5 [PIIq]
	Added [bivQ] as watcher for u_2 [lkZB]
	Added [x5MO] as watcher for u_6 [mpTf]
	Added [bivQ] as watcher for u_0 [HnN0]
	Added [x5MO] as watcher for u_4 [6inc]
	Asking u_4 [6inc]'s watchers to watch [YFiq]
	Added [bivQ] as watcher for u_1 [03wf]
	Asking u_1 [03wf]'s watchers to watch [YFiq]
	Added [x5MO] as watcher for u_8 [mo_T]
	Asking u_8 [mo_T]'s watchers to watch [YFiq]
	Added [x5MO] as watcher for u_7 [uHB8]
	Asking u_7 [uHB8]'s watchers to watch [YFiq]
	Added [jm4C] as watcher for u_5 [PIIq]
	Asking u_5 [PIIq]'s watchers to watch [YFiq]
	Added [2D85] as watcher for u_2 [lkZB]
	Asking u_2 [lkZB]'s watchers to watch [YFiq]
	Added [bivQ] as watcher for u_3 [jXAr]
	Asking u_3 [jXAr]'s watchers to watch [YFiq]
	Added [jm4C] as watcher for u_6 [mpTf]
	Asking u_6 [mpTf]'s watchers to watch [YFiq]
	Added [2D85] as watcher for u_0 [HnN0]
	Asking u_0 [HnN0]'s watchers to watch [YFiq]
	✅ u_9 [pgH5] Inception Done
	✅ u_4 [6inc] Inception Done
	✅ u_8 [mo_T] Inception Done
	✅ u_7 [uHB8] Inception Done
	✅ u_2 [lkZB] Inception Done
	✅ u_1 [03wf] Inception Done
	✅ u_3 [jXAr] Inception Done
	✅ u_5 [PIIq] Inception Done
	✅ u_6 [mpTf] Inception Done
	✅ u_0 [HnN0] Inception Done
Test 2 (signature verification)
	✅ u_0 [HnN0] Message verified
	✅ u_8 [mo_T] Message verified
	✅ u_3 [jXAr] Message verified
	✅ u_9 [pgH5] Message verified
	✅ u_1 [03wf] Message verified
	✅ u_2 [lkZB] Message verified
	✅ u_5 [PIIq] Message verified
	✅ u_6 [mpTf] Message verified
	✅ u_7 [uHB8] Message verified
	✅ u_4 [6inc] Message verified
Waiting for an incoming message - Test 3 (signature verification after rotation of issuer)
	✅ u_4 [6inc] Message Verified (2)
	✅ u_5 [PIIq] Message Verified (2)
	✅ u_9 [pgH5] Message Verified (2)
	✅ u_7 [uHB8] Message Verified (2)
	✅ u_2 [lkZB] Message Verified (2)
	✅ u_6 [mpTf] Message Verified (2)
	✅ u_1 [03wf] Message Verified (2)
	✅ u_0 [HnN0] Message Verified (2)
	✅ u_8 [mo_T] Message Verified (2)
	✅ u_3 [jXAr] Message Verified (2)
Waiting for an incoming message - Test 4 (valid acdc credential)
skipped--
Waiting for an incoming message - Test 5 (acdc revocation)
skipped--
Waiting for an incoming message - Test 6
u_3 [jXAr] Starts Rotation
u_2 [lkZB] Starts Rotation
u_9 [pgH5] Starts Rotation
u_4 [6inc] Starts Rotation
u_1 [03wf] Starts Rotation
u_0 [HnN0] Starts Rotation
u_8 [mo_T] Starts Rotation
u_5 [PIIq] Starts Rotation
u_7 [uHB8] Starts Rotation
u_6 [mpTf] Starts Rotation
u_9 [pgH5] Ends Rotation
u_9 [pgH5] - Completed Key Rotation
u_0 [HnN0] Ends Rotation
u_0 [HnN0] - Completed Key Rotation
u_8 [mo_T] Ends Rotation
u_8 [mo_T] - Completed Key Rotation
u_6 [mpTf] Ends Rotation
u_6 [mpTf] - Completed Key Rotation
u_2 [lkZB] Ends Rotation
u_2 [lkZB] - Completed Key Rotation
u_3 [jXAr] Ends Rotation
u_3 [jXAr] - Completed Key Rotation
u_7 [uHB8] Ends Rotation
u_7 [uHB8] - Completed Key Rotation
u_5 [PIIq] Ends Rotation
u_5 [PIIq] - Completed Key Rotation
u_1 [03wf] Ends Rotation
u_1 [03wf] - Completed Key Rotation
u_4 [6inc] Ends Rotation
u_4 [6inc] - Completed Key Rotation
Executed 10 users / 10 success / 0 fail
Test 1: 10508ms (1050 p.u.)
Test 2: 1ms (0 p.u.)
Test 3: 934ms (93 p.u.)
Test 4: 5558ms (555 p.u.)
