Waiting for an incoming message - Test 1 (inception)
Error while deserializing http message: Error("EOF while parsing a value", line: 1, column: 0)
	Preparing Data...
	Data is ready, starting users and test1
Incepted: u_7 [v6Le]
Incepted: u_2 [FTes]
Incepted: u_5 [7bzo]
Incepted: u_0 [L24w]
Incepted: u_9 [hMK-]
Incepted: u_8 [zHyh]
Incepted: u_3 [ARLM]
Incepted: u_1 [KBEs]
	Added [jm4C] as watcher for u_5 [7bzo]
Incepted: u_6 [0EWF]
Incepted: u_4 [I-q1]
	Added [2D85] as watcher for u_2 [FTes]
	Added [jm4C] as watcher for u_7 [v6Le]
	Added [2D85] as watcher for u_3 [ARLM]
	Added [bivQ] as watcher for u_0 [L24w]
	Added [bivQ] as watcher for u_9 [hMK-]
	Added [x5MO] as watcher for u_8 [zHyh]
	Added [x5MO] as watcher for u_1 [KBEs]
	Added [x5MO] as watcher for u_6 [0EWF]
	Added [x5MO] as watcher for u_4 [I-q1]
	Added [bivQ] as watcher for u_5 [7bzo]
	Added [bivQ] as watcher for u_7 [v6Le]
	Added [jm4C] as watcher for u_2 [FTes]
	Added [x5MO] as watcher for u_3 [ARLM]
	Added [2D85] as watcher for u_0 [L24w]
	Added [2D85] as watcher for u_8 [zHyh]
	Added [jm4C] as watcher for u_9 [hMK-]
	Added [bivQ] as watcher for u_1 [KBEs]
	Added [2D85] as watcher for u_5 [7bzo]
	Asking u_5 [7bzo]'s watchers to watch [YFiq]
	Added [bivQ] as watcher for u_4 [I-q1]
	Added [bivQ] as watcher for u_6 [0EWF]
	Added [bivQ] as watcher for u_3 [ARLM]
	Asking u_3 [ARLM]'s watchers to watch [YFiq]
	Added [2D85] as watcher for u_7 [v6Le]
	Asking u_7 [v6Le]'s watchers to watch [YFiq]
	Added [x5MO] as watcher for u_0 [L24w]
	Asking u_0 [L24w]'s watchers to watch [YFiq]
	Added [x5MO] as watcher for u_2 [FTes]
	Asking u_2 [FTes]'s watchers to watch [YFiq]
	Added [x5MO] as watcher for u_9 [hMK-]
	Asking u_9 [hMK-]'s watchers to watch [YFiq]
	Added [jm4C] as watcher for u_8 [zHyh]
	Asking u_8 [zHyh]'s watchers to watch [YFiq]
	Added [2D85] as watcher for u_1 [KBEs]
	Asking u_1 [KBEs]'s watchers to watch [YFiq]
	Added [jm4C] as watcher for u_6 [0EWF]
	Asking u_6 [0EWF]'s watchers to watch [YFiq]
	Added [jm4C] as watcher for u_4 [I-q1]
	Asking u_4 [I-q1]'s watchers to watch [YFiq]
	✅ u_5 [7bzo] Inception Done
	✅ u_0 [L24w] Inception Done
	✅ u_3 [ARLM] Inception Done
	✅ u_9 [hMK-] Inception Done
	✅ u_7 [v6Le] Inception Done
	✅ u_2 [FTes] Inception Done
	✅ u_1 [KBEs] Inception Done
	✅ u_8 [zHyh] Inception Done
	✅ u_4 [I-q1] Inception Done
	✅ u_6 [0EWF] Inception Done
Test 2 (signature verification)
	✅ u_6 [0EWF] Message verified
	✅ u_4 [I-q1] Message verified
	✅ u_9 [hMK-] Message verified
	✅ u_3 [ARLM] Message verified
	✅ u_5 [7bzo] Message verified
	✅ u_8 [zHyh] Message verified
	✅ u_7 [v6Le] Message verified
	✅ u_0 [L24w] Message verified
	✅ u_1 [KBEs] Message verified
	✅ u_2 [FTes] Message verified
Waiting for an incoming message - Test 3 (signature verification after rotation of issuer)
	✅ u_5 [7bzo] Message Verified (2)
	✅ u_3 [ARLM] Message Verified (2)
	✅ u_2 [FTes] Message Verified (2)
	✅ u_6 [0EWF] Message Verified (2)
	✅ u_1 [KBEs] Message Verified (2)
	✅ u_0 [L24w] Message Verified (2)
	✅ u_8 [zHyh] Message Verified (2)
	✅ u_9 [hMK-] Message Verified (2)
	✅ u_7 [v6Le] Message Verified (2)
	✅ u_4 [I-q1] Message Verified (2)
Waiting for an incoming message - Test 4 (valid acdc credential)
skipped--
Waiting for an incoming message - Test 5 (acdc revocation)
skipped--
Waiting for an incoming message - Test 6
u_4 [I-q1] Starts Rotation
u_2 [FTes] Starts Rotation
u_5 [7bzo] Starts Rotation
u_8 [zHyh] Starts Rotation
u_1 [KBEs] Starts Rotation
u_6 [0EWF] Starts Rotation
u_7 [v6Le] Starts Rotation
u_9 [hMK-] Starts Rotation
u_0 [L24w] Starts Rotation
u_3 [ARLM] Starts Rotation
u_5 [7bzo] Ends Rotation
u_5 [7bzo] - Completed Key Rotation
u_9 [hMK-] Ends Rotation
u_9 [hMK-] - Completed Key Rotation
u_4 [I-q1] Ends Rotation
u_4 [I-q1] - Completed Key Rotation
u_2 [FTes] Ends Rotation
u_2 [FTes] - Completed Key Rotation
u_1 [KBEs] Ends Rotation
u_1 [KBEs] - Completed Key Rotation
u_3 [ARLM] Ends Rotation
u_3 [ARLM] - Completed Key Rotation
u_7 [v6Le] Ends Rotation
u_7 [v6Le] - Completed Key Rotation
u_8 [zHyh] Ends Rotation
u_8 [zHyh] - Completed Key Rotation
u_0 [L24w] Ends Rotation
u_0 [L24w] - Completed Key Rotation
u_6 [0EWF] Ends Rotation
u_6 [0EWF] - Completed Key Rotation
Executed 10 users / 10 success / 0 fail
Test 1: 9984ms (998 p.u.)
Test 2: 1ms (0 p.u.)
Test 3: 1224ms (122 p.u.)
Test 4: 4761ms (476 p.u.)
