Waiting for an incoming message - Test 1 (inception)
Error while deserializing http message: Error("EOF while parsing a value", line: 1, column: 0)
	Preparing Data...
	Data is ready, starting users and test1
Incepted: u_2 [YLbu]
Incepted: u_7 [AIY9]
Incepted: u_8 [fDAE]
Incepted: u_5 [FxTJ]
	Added [bivQ] as watcher for u_2 [YLbu]
Incepted: u_3 [keR_]
Incepted: u_1 [lWyk]
Incepted: u_9 [yFi1]
Incepted: u_0 [JSOL]
Incepted: u_4 [Z9Cw]
Incepted: u_6 [mQDM]
	Added [2D85] as watcher for u_8 [fDAE]
	Added [2D85] as watcher for u_1 [lWyk]
	Added [2D85] as watcher for u_9 [yFi1]
	Added [x5MO] as watcher for u_7 [AIY9]
	Added [x5MO] as watcher for u_2 [YLbu]
	Added [x5MO] as watcher for u_3 [keR_]
	Added [bivQ] as watcher for u_5 [FxTJ]
	Added [bivQ] as watcher for u_4 [Z9Cw]
	Added [x5MO] as watcher for u_6 [mQDM]
	Added [bivQ] as watcher for u_0 [JSOL]
	Added [x5MO] as watcher for u_8 [fDAE]
	Added [2D85] as watcher for u_5 [FxTJ]
	Added [x5MO] as watcher for u_1 [lWyk]
	Added [2D85] as watcher for u_2 [YLbu]
	Asking u_2 [YLbu]'s watchers to watch [YFiq]
	Added [jm4C] as watcher for u_7 [AIY9]
	Added [bivQ] as watcher for u_9 [yFi1]
	Added [2D85] as watcher for u_4 [Z9Cw]
	Added [2D85] as watcher for u_3 [keR_]
	Added [jm4C] as watcher for u_6 [mQDM]
	Added [jm4C] as watcher for u_0 [JSOL]
	Added [x5MO] as watcher for u_9 [yFi1]
	Asking u_9 [yFi1]'s watchers to watch [YFiq]
	Added [x5MO] as watcher for u_4 [Z9Cw]
	Asking u_4 [Z9Cw]'s watchers to watch [YFiq]
	Added [jm4C] as watcher for u_5 [FxTJ]
	Asking u_5 [FxTJ]'s watchers to watch [YFiq]
	Added [bivQ] as watcher for u_8 [fDAE]
	Asking u_8 [fDAE]'s watchers to watch [YFiq]
	Added [2D85] as watcher for u_7 [AIY9]
	Asking u_7 [AIY9]'s watchers to watch [YFiq]
	Added [bivQ] as watcher for u_1 [lWyk]
	Asking u_1 [lWyk]'s watchers to watch [YFiq]
	Added [x5MO] as watcher for u_0 [JSOL]
	Asking u_0 [JSOL]'s watchers to watch [YFiq]
	Added [bivQ] as watcher for u_3 [keR_]
	Asking u_3 [keR_]'s watchers to watch [YFiq]
	Added [bivQ] as watcher for u_6 [mQDM]
	Asking u_6 [mQDM]'s watchers to watch [YFiq]
	✅ u_2 [YLbu] Inception Done
	✅ u_7 [AIY9] Inception Done
	✅ u_8 [fDAE] Inception Done
	✅ u_5 [FxTJ] Inception Done
	✅ u_9 [yFi1] Inception Done
	✅ u_1 [lWyk] Inception Done
	✅ u_4 [Z9Cw] Inception Done
	✅ u_0 [JSOL] Inception Done
	✅ u_3 [keR_] Inception Done
	✅ u_6 [mQDM] Inception Done
Test 2 (signature verification)
	✅ u_9 [yFi1] Message verified
	✅ u_6 [mQDM] Message verified
	✅ u_8 [fDAE] Message verified
	✅ u_5 [FxTJ] Message verified
	✅ u_0 [JSOL] Message verified
	✅ u_4 [Z9Cw] Message verified
	✅ u_2 [YLbu] Message verified
	✅ u_1 [lWyk] Message verified
	✅ u_7 [AIY9] Message verified
	✅ u_3 [keR_] Message verified
Waiting for an incoming message - Test 3 (signature verification after rotation of issuer)
	✅ u_8 [fDAE] Message Verified (2)
	✅ u_3 [keR_] Message Verified (2)
	✅ u_2 [YLbu] Message Verified (2)
	✅ u_9 [yFi1] Message Verified (2)
	✅ u_1 [lWyk] Message Verified (2)
	✅ u_7 [AIY9] Message Verified (2)
	✅ u_4 [Z9Cw] Message Verified (2)
	✅ u_5 [FxTJ] Message Verified (2)
	✅ u_6 [mQDM] Message Verified (2)
	✅ u_0 [JSOL] Message Verified (2)
Waiting for an incoming message - Test 4 (valid acdc credential)
skipped--
Waiting for an incoming message - Test 5 (acdc revocation)
skipped--
Waiting for an incoming message - Test 6
u_0 [JSOL] Starts Rotation
u_9 [yFi1] Starts Rotation
u_3 [keR_] Starts Rotation
u_6 [mQDM] Starts Rotation
u_2 [YLbu] Starts Rotation
u_8 [fDAE] Starts Rotation
u_1 [lWyk] Starts Rotation
u_7 [AIY9] Starts Rotation
u_5 [FxTJ] Starts Rotation
u_4 [Z9Cw] Starts Rotation
u_7 [AIY9] Ends Rotation
u_7 [AIY9] - Completed Key Rotation
u_9 [yFi1] Ends Rotation
u_9 [yFi1] - Completed Key Rotation
u_2 [YLbu] Ends Rotation
u_2 [YLbu] - Completed Key Rotation
u_4 [Z9Cw] Ends Rotation
u_4 [Z9Cw] - Completed Key Rotation
u_6 [mQDM] Ends Rotation
u_6 [mQDM] - Completed Key Rotation
u_5 [FxTJ] Ends Rotation
u_5 [FxTJ] - Completed Key Rotation
u_3 [keR_] Ends Rotation
u_3 [keR_] - Completed Key Rotation
u_1 [lWyk] Ends Rotation
u_1 [lWyk] - Completed Key Rotation
u_8 [fDAE] Ends Rotation
u_8 [fDAE] - Completed Key Rotation
u_0 [JSOL] Ends Rotation
u_0 [JSOL] - Completed Key Rotation
Executed 10 users / 10 success / 0 fail
Test 1: 11217ms (1121 p.u.)
Test 2: 1ms (0 p.u.)
Test 3: 978ms (97 p.u.)
Test 4: 6419ms (641 p.u.)
