2024-08-13 09:46:15,6.2,17.83,169201664,163813,26667659
2024-08-13 09:46:20,3.1,18.6147,176648192,316450,43530125
2024-08-13 09:46:26,6,18.6129,176631808,316450,43530125
2024-08-13 09:46:31,6.1,18.6401,176889856,316450,43530125
2024-08-13 09:46:36,0,18.6401,176889856,316540,43530201
2024-08-13 09:46:41,3.1,18.666,177135616,316540,43530201
2024-08-13 09:46:46,6,18.666,177135616,316720,43530353
2024-08-13 09:46:52,6.1,18.6656,177131520,316990,43530581
2024-08-13 09:46:57,3.2,18.7739,178159616,316990,43530581
2024-08-13 09:47:02,0,18.7739,178159616,316990,43530581
2024-08-13 09:47:07,3.2,18.7739,178159616,317122,43530685
2024-08-13 09:47:12,6,18.7739,178159616,317302,43530713
2024-08-13 09:47:18,3.2,18.7739,178159616,317356,43530773
2024-08-13 09:47:23,73.6,24.3812,231370752,347306,43557640
2024-08-13 09:47:28,6.2,24.5258,232742912,596119,43737974
2024-08-13 09:47:33,0,24.5258,232742912,596189,43737974
2024-08-13 09:47:38,0,24.5258,232742912,596279,43738050
2024-08-13 09:47:44,6.2,24.5525,232996864,596279,43738050
2024-08-13 09:47:49,3.1,24.5525,232996864,596353,43738110
2024-08-13 09:47:54,3.1,24.8957,236253184,627237,43928567
2024-08-13 09:47:59,3,24.9228,236511232,627237,43928567
2024-08-13 09:48:04,3.1,25.0554,237768704,629579,43930655
2024-08-13 09:48:10,3.1,25.0545,237760512,629669,43930731
2024-08-13 09:48:15,0,25.0545,237760512,629669,43930731
2024-08-13 09:48:20,0,25.0545,237760512,629669,43930731
2024-08-13 09:48:25,3,25.0567,237780992,629759,43930807
2024-08-13 09:48:30,0,25.0562,237776896,629759,43930807
2024-08-13 09:48:36,8.4,25.0834,238034944,629759,43930807
2024-08-13 09:48:41,3,25.1922,239067136,629759,43930807
2024-08-13 09:48:46,0,25.2466,239583232,629891,43930911
2024-08-13 09:48:51,3.1,25.2466,239583232,629891,43930911
2024-08-13 09:48:57,3.2,25.2466,239583232,630293,43931243
2024-08-13 09:49:02,0,25.2466,239583232,630521,43931319
2024-08-13 09:49:07,6,25.2444,239562752,630521,43931319
2024-08-13 09:49:12,6.1,25.2716,239820800,630521,43931319
2024-08-13 09:49:17,0,25.2716,239820800,630611,43931395
2024-08-13 09:49:23,3,25.2716,239820800,630611,43931395
2024-08-13 09:49:28,3,25.2716,239820800,630611,43931395
2024-08-13 09:49:33,3.1,25.2716,239820800,630701,43931471
2024-08-13 09:49:38,6.2,22.5895,214368256,630743,43931499
2024-08-13 09:49:43,3.1,22.6711,215142400,630743,43931499
2024-08-13 09:49:49,2.9,22.7526,215916544,630833,43931575
2024-08-13 09:49:54,3.2,22.8601,216936448,630875,43931603
2024-08-13 09:49:59,5.7,22.8873,217194496,630875,43931603
2024-08-13 09:50:04,0,23.2106,220262400,633361,43934043
2024-08-13 09:50:09,2.9,23.2106,220262400,633361,43934043
2024-08-13 09:50:15,3,23.2106,220262400,633361,43934043
2024-08-13 09:50:20,0,23.2106,220262400,633451,43934119
2024-08-13 09:50:25,2.9,23.2106,220262400,633451,43934119
2024-08-13 09:50:30,0,23.2106,220262400,633451,43934119
2024-08-13 09:50:35,3.1,23.2106,220262400,633541,43934195
2024-08-13 09:50:41,0,23.2106,220262400,633541,43934195
2024-08-13 09:50:46,0,23.2106,220262400,633541,43934195
2024-08-13 09:50:51,3.1,23.2645,220774400,633673,43934299
2024-08-13 09:50:56,3.1,23.2641,220770304,633853,43934327
2024-08-13 09:51:01,0,23.2641,220770304,633853,43934327
2024-08-13 09:51:07,76.7,24.3246,230834176,668542,43948421
2024-08-13 09:51:12,6.1,18.7329,177770496,743582,43994435
2024-08-13 09:51:17,5.8,18.7329,177770496,743640,43994481
2024-08-13 09:51:22,3.1,18.7489,177922048,743756,43994481
2024-08-13 09:51:27,6.2,18.7489,177922048,743904,43994557
2024-08-13 09:51:33,0,18.7489,177922048,743962,43994557
2024-08-13 09:51:38,3.1,18.7489,177922048,744032,43994557
