2024-08-13 09:45:39,14.7,17.823,169136128,150579,28133038
2024-08-13 09:45:44,3.1,18.6189,176689152,255586,43516042
2024-08-13 09:45:50,8.4,18.6461,176947200,255586,43516042
2024-08-13 09:45:55,5.8,18.6461,176947200,255676,43516118
2024-08-13 09:46:00,0,18.6478,176963584,255676,43516118
2024-08-13 09:46:05,3.1,18.6478,176963584,255676,43516118
2024-08-13 09:46:10,3.1,18.7022,177479680,255766,43516194
2024-08-13 09:46:16,3.1,18.7022,177479680,255766,43516194
2024-08-13 09:46:21,0,18.7294,177737728,255766,43516194
2024-08-13 09:46:26,3.2,18.8105,178507776,255856,43516270
2024-08-13 09:46:31,3.1,18.8377,178765824,255898,43516298
2024-08-13 09:46:36,3,18.8369,178757632,255898,43516298
2024-08-13 09:46:42,3,18.8364,178753536,256390,43516706
2024-08-13 09:46:47,17.7,18.8364,178753536,257383,43517738
2024-08-13 09:46:52,3.2,18.8338,178728960,258426,43518765
2024-08-13 09:46:57,3.1,18.8338,178728960,258516,43518841
2024-08-13 09:47:02,0,18.8343,178733056,258654,43518841
2024-08-13 09:47:08,6.2,18.8615,178991104,258654,43518841
2024-08-13 09:47:13,3.1,18.8615,178991104,258654,43518841
2024-08-13 09:47:18,2.9,18.8887,179249152,258814,43518917
2024-08-13 09:47:23,84.9,24.52,232689664,432680,43619802
2024-08-13 09:47:28,3,24.5865,233320448,537387,43725012
2024-08-13 09:47:34,0,24.5869,233324544,537477,43725116
2024-08-13 09:47:39,2.8,24.5861,233316352,537519,43725116
2024-08-13 09:47:44,3.1,24.5861,233316352,537519,43725116
2024-08-13 09:47:49,0,24.9801,237056000,568282,43915581
2024-08-13 09:47:55,0,25.0073,237314048,568282,43915581
2024-08-13 09:48:00,3,25.0073,237314048,568282,43915581
2024-08-13 09:48:05,3.2,25.0073,237314048,568372,43915657
2024-08-13 09:48:10,3.2,25.0073,237314048,568372,43915657
2024-08-13 09:48:15,0,25.0073,237314048,568372,43915657
2024-08-13 09:48:21,0,25.0328,237555712,568462,43915733
2024-08-13 09:48:26,0,25.0328,237555712,568462,43915733
2024-08-13 09:48:31,3.1,25.0328,237555712,568504,43915761
2024-08-13 09:48:36,3,25.06,237813760,568594,43915837
2024-08-13 09:48:41,3.1,25.06,237813760,568636,43915865
2024-08-13 09:48:47,3.1,25.06,237813760,568690,43915911
2024-08-13 09:48:52,3.1,25.06,237813760,571368,43918396
2024-08-13 09:48:57,6.2,25.06,237813760,571368,43918396
2024-08-13 09:49:02,3.2,25.06,237813760,571368,43918396
2024-08-13 09:49:07,0,25.06,237813760,571458,43918472
2024-08-13 09:49:13,3,25.06,237813760,571458,43918472
2024-08-13 09:49:18,0,25.06,237813760,571458,43918472
2024-08-13 09:49:23,5.8,25.06,237813760,571548,43918548
2024-08-13 09:49:28,0,25.06,237813760,571590,43918576
2024-08-13 09:49:33,0,25.06,237813760,571590,43918576
2024-08-13 09:49:39,0,25.0591,237805568,571680,43918652
2024-08-13 09:49:44,0,25.0591,237805568,571722,43918680
2024-08-13 09:49:49,3.2,25.0591,237805568,571722,43918680
2024-08-13 09:49:54,3.1,25.0591,237805568,571812,43918756
2024-08-13 09:49:59,3.1,25.1135,238321664,572172,43919060
2024-08-13 09:50:05,6.1,25.1135,238321664,572172,43919060
2024-08-13 09:50:10,3.1,25.1407,238579712,572172,43919060
2024-08-13 09:50:15,0,25.1679,238837760,572262,43919136
2024-08-13 09:50:20,0,25.1679,238837760,572262,43919136
2024-08-13 09:50:25,2.9,25.1951,239095808,572304,43919164
2024-08-13 09:50:31,3.1,25.1947,239091712,572394,43919240
2024-08-13 09:50:36,5.6,25.1947,239091712,572436,43919268
2024-08-13 09:50:41,0,25.1925,239071232,574472,43921327
2024-08-13 09:50:46,3.2,25.1852,239001600,574562,43921403
2024-08-13 09:50:52,3.2,25.1826,238977024,574700,43921403
2024-08-13 09:50:57,3,25.1826,238977024,574700,43921403
2024-08-13 09:51:02,3.2,25.2085,239222784,575150,43921783
2024-08-13 09:51:07,0,18.1225,171978752,682277,43977637
2024-08-13 09:51:12,0,18.2844,173514752,682277,43977637
2024-08-13 09:51:17,6,18.3116,173772800,682367,43977713
2024-08-13 09:51:23,0,18.3116,173772800,682409,43977741
