2024-08-13 09:46:57,16.6,18.6055,176562176,183550,30412814
2024-08-13 09:47:02,0,18.2382,173076480,259179,43025134
2024-08-13 09:47:08,3.1,18.3457,174096384,259179,43025134
2024-08-13 09:47:13,0,18.3448,174088192,259449,43025238
2024-08-13 09:47:18,0,18.3448,174088192,259449,43025238
2024-08-13 09:47:23,22.6,20.7369,196788224,259806,43026026
2024-08-13 09:47:29,61.1,23.782,225685504,496114,43168317
2024-08-13 09:47:34,0,23.8786,226603008,538053,43233768
2024-08-13 09:47:39,3.2,23.8786,226603008,538053,43233768
2024-08-13 09:47:44,0,23.933,227119104,538213,43233844
2024-08-13 09:47:49,3.2,24.0418,228151296,538213,43233844
2024-08-13 09:47:55,2.9,24.7928,235278336,569381,43423927
2024-08-13 09:48:00,0,24.874,236048384,569831,43424307
2024-08-13 09:48:05,6.1,24.874,236048384,569831,43424307
2024-08-13 09:48:10,3,24.874,236048384,569873,43424335
2024-08-13 09:48:15,3,24.9012,236306432,569963,43424411
2024-08-13 09:48:21,0,24.9284,236564480,569963,43424411
2024-08-13 09:48:26,5.9,24.9275,236556288,569963,43424411
2024-08-13 09:48:31,0,24.953,236797952,570053,43424487
2024-08-13 09:48:36,0,24.953,236797952,570095,43424515
2024-08-13 09:48:41,0,24.953,236797952,570095,43424515
2024-08-13 09:48:47,6.1,24.953,236797952,572353,43426888
2024-08-13 09:48:52,3.1,24.953,236797952,572443,43426964
2024-08-13 09:48:57,0,24.953,236797952,572443,43426964
2024-08-13 09:49:02,0,24.9801,237056000,572803,43427268
2024-08-13 09:49:07,3.2,24.9801,237056000,573073,43427372
2024-08-13 09:49:13,6,25.0073,237314048,573073,43427372
2024-08-13 09:49:18,3.1,25.0876,238075904,573073,43427372
2024-08-13 09:49:23,2.9,25.0876,238075904,573163,43427448
2024-08-13 09:49:28,0,25.1416,238587904,573205,43427476
2024-08-13 09:49:33,2.8,25.2219,239349760,573205,43427476
2024-08-13 09:49:39,3,25.2219,239349760,573349,43427644
2024-08-13 09:49:44,3.2,25.2219,239349760,573349,43427644
2024-08-13 09:49:49,0,25.2469,239587328,573349,43427644
2024-08-13 09:49:54,6.2,22.7215,215621632,573439,43427720
2024-08-13 09:49:59,0,22.7215,215621632,573481,43427748
2024-08-13 09:50:05,0,22.7215,215621632,573481,43427748
2024-08-13 09:50:10,3,22.7758,216137728,573931,43428128
2024-08-13 09:50:15,0,22.7758,216137728,573973,43428156
2024-08-13 09:50:20,0,22.803,216395776,573973,43428156
2024-08-13 09:50:25,0,23.2856,220975104,576297,43430291
2024-08-13 09:50:31,3.2,23.3132,221237248,576297,43430291
2024-08-13 09:50:36,3,23.3132,221237248,576297,43430291
2024-08-13 09:50:41,0,23.3132,221237248,576387,43430367
2024-08-13 09:50:46,6.2,23.3404,221495296,576441,43430419
2024-08-13 09:50:51,0,23.4764,222785536,576441,43430419
2024-08-13 09:50:57,3.1,23.4764,222785536,576711,43430523
2024-08-13 09:51:02,2.9,23.4759,222781440,576753,43430551
2024-08-13 09:51:07,0,23.4759,222781440,576807,43430597
2024-08-13 09:51:12,2.9,18.8753,179122176,684410,43487949
2024-08-13 09:51:17,0,18.9007,179363840,684410,43487949
2024-08-13 09:51:23,0,18.9007,179363840,684410,43487949
2024-08-13 09:51:28,0,18.9823,180137984,684464,43487995
2024-08-13 09:51:33,3.1,19.0095,180396032,684554,43488071
2024-08-13 09:51:38,3.2,19.0099,180400128,684554,43488071
