2024-08-13 09:44:47,9.7,17.7159,168120320,170247,26670866
2024-08-13 09:44:53,0,18.5188,175738880,329366,43532790
2024-08-13 09:44:58,0,18.5455,175992832,329456,43532866
2024-08-13 09:45:03,6.2,18.5464,176001024,329456,43532866
2024-08-13 09:45:08,3.2,18.5464,176001024,329594,43532866
2024-08-13 09:45:13,3.1,18.5464,176001024,329636,43532894
2024-08-13 09:45:18,0,18.5464,176001024,329726,43532970
2024-08-13 09:45:24,0,18.6008,176517120,329768,43532998
2024-08-13 09:45:29,0,18.7911,178323456,329838,43532998
2024-08-13 09:45:34,3.2,18.8183,178581504,330288,43533378
2024-08-13 09:45:39,3.2,18.8161,178561024,334695,43538630
2024-08-13 09:45:44,3.2,18.8161,178561024,334695,43538630
2024-08-13 09:45:50,0,18.8161,178561024,334785,43538706
2024-08-13 09:45:55,0,18.8161,178561024,334785,43538706
2024-08-13 09:46:00,0,18.842,178806784,334785,43538706
2024-08-13 09:46:05,6.2,18.842,178806784,334875,43538782
2024-08-13 09:46:10,3.1,18.842,178806784,334959,43538838
2024-08-13 09:46:15,3.2,18.842,178806784,334959,43538838
2024-08-13 09:46:21,0,18.842,178806784,335049,43538914
2024-08-13 09:46:26,0,18.842,178806784,335049,43538914
2024-08-13 09:46:31,0,18.842,178806784,335049,43538914
2024-08-13 09:46:36,0,18.8416,178802688,335499,43539294
2024-08-13 09:46:41,0,18.8416,178802688,335541,43539322
2024-08-13 09:46:47,0,19.0026,180330496,335541,43539322
2024-08-13 09:46:52,0,19.0298,180588544,335631,43539398
2024-08-13 09:46:57,3.2,19.0298,180588544,335769,43539398
2024-08-13 09:47:02,0,19.0315,180604928,335769,43539398
2024-08-13 09:47:07,0,19.082,181084160,337937,43541561
2024-08-13 09:47:12,0,19.1364,181600256,337979,43541589
2024-08-13 09:47:18,87.9,24.198,229634048,516536,43645140
2024-08-13 09:47:23,3.1,24.2641,230260736,616496,43747527
2024-08-13 09:47:28,3.2,24.2641,230260736,616586,43747603
2024-08-13 09:47:33,3.2,24.2641,230260736,616586,43747603
2024-08-13 09:47:38,0,24.2641,230260736,616676,43747679
2024-08-13 09:47:44,0,24.9344,236621824,647882,43938065
2024-08-13 09:47:49,0,24.9603,236867584,647882,43938065
2024-08-13 09:47:54,0,24.9603,236867584,647882,43938065
2024-08-13 09:47:59,0,24.9603,236867584,647972,43938141
2024-08-13 09:48:04,3.2,24.9862,237113344,648014,43938169
2024-08-13 09:48:09,3.1,25.0406,237629440,648014,43938169
2024-08-13 09:48:15,3.2,25.0673,237883392,648104,43938245
2024-08-13 09:48:20,0,25.0673,237883392,648200,43938319
2024-08-13 09:48:25,0,25.0673,237883392,648200,43938319
2024-08-13 09:48:30,0,25.0673,237883392,648290,43938395
2024-08-13 09:48:35,2.9,25.0673,237883392,648290,43938395
2024-08-13 09:48:41,0,25.0673,237883392,648290,43938395
2024-08-13 09:48:46,0,25.0673,237883392,648740,43938775
2024-08-13 09:48:51,0,25.0673,237883392,648920,43938803
2024-08-13 09:48:56,6.2,25.0673,237883392,648920,43938803
2024-08-13 09:49:01,3.2,25.0673,237883392,649052,43938907
2024-08-13 09:49:06,3.2,25.1204,238387200,651088,43940966
2024-08-13 09:49:12,0,25.1204,238387200,651088,43940966
2024-08-13 09:49:17,0,25.1204,238387200,651178,43941042
2024-08-13 09:49:22,0,25.1204,238387200,651178,43941042
2024-08-13 09:49:27,6.2,25.1204,238387200,651178,43941042
2024-08-13 09:49:32,3.2,25.1204,238387200,651178,43941042
2024-08-13 09:49:38,3,25.1204,238387200,651268,43941118
2024-08-13 09:49:43,0,25.1204,238387200,651310,43941146
2024-08-13 09:49:48,0,25.1204,238387200,651400,43941222
2024-08-13 09:49:53,0,25.1204,238387200,651760,43941526
2024-08-13 09:49:58,3.2,25.1105,238292992,651802,43941554
2024-08-13 09:50:03,3.1,25.107,238260224,651802,43941554
2024-08-13 09:50:09,3.2,25.107,238260224,651892,43941630
2024-08-13 09:50:14,0,25.107,238260224,651934,43941658
2024-08-13 09:50:19,0,25.107,238260224,651934,43941658
2024-08-13 09:50:24,6.2,25.107,238260224,652024,43941734
2024-08-13 09:50:29,3.1,25.107,238260224,652024,43941734
2024-08-13 09:50:34,3.2,25.107,238260224,652024,43941734
2024-08-13 09:50:40,0,25.107,238260224,652114,43941810
2024-08-13 09:50:45,0,25.107,238260224,652294,43941838
2024-08-13 09:50:50,6.2,25.107,238260224,652294,43941838
2024-08-13 09:50:55,0,25.1066,238256128,652786,43942246
2024-08-13 09:51:00,96.7,25.6332,243253248,719093,43972982
2024-08-13 09:51:06,6,17.9318,170168320,762019,43999532
2024-08-13 09:51:11,0,17.9313,170164224,762109,43999608
2024-08-13 09:51:16,0,17.9313,170164224,762109,43999608
2024-08-13 09:51:21,6.5,17.9313,170164224,763404,44000844
