2024-08-14 09:09:16,12.2,17.8411,169308160,157882,26694841
2024-08-14 09:09:21,0,18.6733,177205248,277791,43541557
2024-08-14 09:09:26,6.1,18.7277,177721344,277881,43541633
2024-08-14 09:09:31,0,18.8084,178487296,277923,43541661
2024-08-14 09:09:36,0,18.8084,178487296,277923,43541661
2024-08-14 09:09:41,0,18.8084,178487296,278013,43541737
2024-08-14 09:09:47,0,18.8356,178745344,278013,43541737
2024-08-14 09:09:52,0,18.9443,179777536,278013,43541737
2024-08-14 09:09:57,3.1,19.0259,180551680,278103,43541813
2024-08-14 09:10:02,0,19.0518,180797440,278145,43541841
2024-08-14 09:10:07,3.2,19.0518,180797440,278145,43541841
2024-08-14 09:10:13,3.1,19.0484,180764672,280829,43544280
2024-08-14 09:10:18,6.1,19.0462,180744192,280829,43544280
2024-08-14 09:10:23,0,19.0462,180744192,280967,43544280
2024-08-14 09:10:28,3.2,19.0997,181252096,281099,43544384
2024-08-14 09:10:33,0,19.1002,181256192,281099,43544384
2024-08-14 09:10:39,3.2,19.1002,181256192,281099,43544384
2024-08-14 09:10:44,0,19.1002,181256192,281189,43544460
2024-08-14 09:10:49,3.1,19.1243,181485568,281231,43544488
2024-08-14 09:10:54,6.1,19.1243,181485568,281301,43544488
2024-08-14 09:10:59,3.2,19.1243,181485568,281301,43544488
2024-08-14 09:11:04,0,19.1243,181485568,281391,43544564
2024-08-14 09:11:10,3.1,19.1261,181501952,281391,43544564
2024-08-14 09:11:15,3.1,19.1261,181501952,281571,43544640
2024-08-14 09:11:20,0,19.1261,181501952,281883,43544972
2024-08-14 09:11:25,0,19.1261,181501952,281883,43544972
2024-08-14 09:11:30,0,19.1511,181739520,281883,43544972
2024-08-14 09:11:36,3.2,19.1511,181739520,281973,43545048
2024-08-14 09:11:41,0,19.1511,181739520,282015,43545076
2024-08-14 09:11:46,0,19.1528,181755904,282015,43545076
2024-08-14 09:11:51,0,19.1524,181751808,282105,43545152
2024-08-14 09:11:56,0,19.2046,182247424,284339,43547211
2024-08-14 09:12:02,6.2,19.2046,182247424,284339,43547211
2024-08-14 09:12:07,6,19.2046,182247424,284429,43547287
2024-08-14 09:12:12,0,19.2046,182247424,284429,43547287
2024-08-14 09:12:17,3.1,19.205,182251520,284471,43547315
2024-08-14 09:12:22,6.1,19.205,182251520,285059,43547695
2024-08-14 09:12:28,0,19.205,182251520,285059,43547695
2024-08-14 09:12:33,0,19.2322,182509568,285059,43547695
2024-08-14 09:12:38,0,19.2322,182509568,285149,43547771
2024-08-14 09:12:43,0,19.2322,182509568,285191,43547799
2024-08-14 09:12:48,3.1,19.2322,182509568,285191,43547799
2024-08-14 09:12:53,3.2,19.2322,182509568,285281,43547875
2024-08-14 09:12:59,3.1,19.2322,182509568,285281,43547875
2024-08-14 09:13:04,0,19.2322,182509568,285281,43547875
2024-08-14 09:13:09,0,19.2322,182509568,285371,43547951
2024-08-14 09:13:14,0,19.2322,182509568,285413,43547979
2024-08-14 09:13:19,0,19.2322,182509568,285413,43547979
2024-08-14 09:13:25,0,19.2322,182509568,285593,43548131
2024-08-14 09:13:30,0,19.2322,182509568,285905,43548387
2024-08-14 09:13:35,6.1,19.2322,182509568,285905,43548387
2024-08-14 09:13:40,0,19.2322,182509568,285905,43548387
2024-08-14 09:13:45,3.2,19.2322,182509568,285995,43548463
2024-08-14 09:13:50,0,19.2322,182509568,285995,43548463
2024-08-14 09:13:56,3,19.2322,182509568,288163,43550470
2024-08-14 09:14:01,0,19.2318,182505472,288253,43550546
2024-08-14 09:14:06,0,19.2318,182505472,288253,43550546
2024-08-14 09:14:11,0,19.2318,182505472,288295,43550574
2024-08-14 09:14:16,0,19.2318,182505472,288385,43550650
2024-08-14 09:14:22,0,19.2318,182505472,288523,43550650
2024-08-14 09:14:27,0,19.2219,182411264,288523,43550650
2024-08-14 09:14:32,0,19.2214,182407168,288973,43551030
2024-08-14 09:14:37,0,19.2214,182407168,289069,43551104
2024-08-14 09:14:42,0,19.2214,182407168,289069,43551104
2024-08-14 09:14:48,3.2,19.2473,182652928,289159,43551180
2024-08-14 09:14:53,0,19.2473,182652928,289229,43551180
2024-08-14 09:14:58,0,19.2473,182652928,289229,43551180
2024-08-14 09:15:03,3.2,19.2473,182652928,289319,43551256
2024-08-14 09:15:08,3.2,19.2473,182652928,289415,43551330
2024-08-14 09:15:13,0,19.2473,182652928,289457,43551358
2024-08-14 09:15:19,0,19.2473,182652928,289547,43551434
2024-08-14 09:15:24,0,19.2473,182652928,289547,43551434
2024-08-14 09:15:29,3.2,19.2745,182910976,289547,43551434
2024-08-14 09:15:34,6.2,19.2741,182906880,289727,43551586
2024-08-14 09:15:39,0,19.3552,183676928,289997,43551814
2024-08-14 09:15:45,0,19.4368,184451072,289997,43551814
2024-08-14 09:15:50,0,19.4631,184700928,289997,43551814
2024-08-14 09:15:55,0,19.5439,185466880,292189,43553949
2024-08-14 09:16:00,6.2,19.5439,185466880,292189,43553949
2024-08-14 09:16:05,0,19.5439,185466880,292231,43553977
2024-08-14 09:16:11,0,19.5439,185466880,292321,43554053
2024-08-14 09:16:16,0,19.5711,185724928,292321,43554053
2024-08-14 09:16:21,0,19.6798,186757120,292459,43554053
2024-08-14 09:16:26,6.2,19.7886,187789312,292549,43554129
2024-08-14 09:16:31,6.1,19.8158,188047360,292591,43554157
2024-08-14 09:16:36,0,19.8158,188047360,292681,43554233
2024-08-14 09:16:42,3.1,19.8158,188047360,293041,43554537
2024-08-14 09:16:47,0,19.8961,188809216,293041,43554537
2024-08-14 09:16:52,0,20.0592,190357504,293041,43554537
2024-08-14 09:16:57,0,20.1939,191635456,293131,43554613
2024-08-14 09:17:02,0,17.5122,166187008,293173,43554641
2024-08-14 09:17:08,0,17.5938,166961152,293173,43554641
2024-08-14 09:17:13,34.3,18.0781,171556864,297906,43560085
2024-08-14 09:17:18,3.1,18.0776,171552768,297960,43560177
2024-08-14 09:17:23,0,18.0776,171552768,297960,43560177
2024-08-14 09:17:28,3.2,18.2676,173355008,301002,43563802
2024-08-14 09:17:34,0,18.2667,173346816,303522,43567111
2024-08-14 09:17:39,0,18.2671,173350912,303670,43567171
2024-08-14 09:17:44,0,18.2671,173350912,303940,43567399
2024-08-14 09:17:49,6,18.293,173596672,304194,43567551
2024-08-14 09:17:54,0,18.2926,173592576,304236,43567579
2024-08-14 09:17:59,0,18.2926,173592576,304310,43567639
2024-08-14 09:18:05,0,18.2926,173592576,304400,43567715
2024-08-14 09:18:10,0,18.2926,173592576,304400,43567715
2024-08-14 09:18:15,0,18.293,173596672,304612,43567715
2024-08-14 09:18:20,3.1,18.293,173596672,304744,43567819
2024-08-14 09:18:25,6.2,18.293,173596672,304744,43567819
2024-08-14 09:18:31,3.2,18.293,173596672,304818,43567879
2024-08-14 09:18:36,0,18.293,173596672,304908,43567955
2024-08-14 09:18:41,3,18.293,173596672,304908,43567955
2024-08-14 09:18:46,3.1,18.293,173596672,304998,43568031
2024-08-14 09:18:51,6.2,18.3465,174104576,305400,43568363
2024-08-14 09:18:56,0,18.4277,174874624,307634,43570422
2024-08-14 09:19:02,0,18.4277,174874624,307634,43570422
2024-08-14 09:19:07,0,18.4821,175390720,307724,43570498
2024-08-14 09:19:12,5.8,18.5093,175648768,307724,43570498
2024-08-14 09:19:17,0,18.6724,177197056,307724,43570498
2024-08-14 09:19:22,48.1,22.2307,210964480,309291,43571843
2024-08-14 09:19:28,74.2,23.8152,226000896,576210,43760169
2024-08-14 09:19:33,6.2,23.8264,226107392,586325,43776602
2024-08-14 09:19:38,3.2,23.8523,226353152,586415,43776678
2024-08-14 09:19:43,3.2,23.8523,226353152,586415,43776678
2024-08-14 09:19:48,0,23.8523,226353152,586457,43776706
2024-08-14 09:19:54,3.1,23.8523,226353152,586727,43776934
2024-08-14 09:19:59,3,23.8523,226353152,587081,43777132
2024-08-14 09:20:04,0,23.8782,226598912,587277,43777132
2024-08-14 09:20:09,6.1,23.8782,226598912,587409,43777236
2024-08-14 09:20:14,0,23.9024,226828288,589503,43779295
2024-08-14 09:20:20,3.2,23.9024,226828288,589503,43779295
2024-08-14 09:20:25,3.1,23.9024,226828288,589503,43779295
2024-08-14 09:20:30,3.1,23.9568,227344384,589651,43779371
2024-08-14 09:20:35,3.2,24.0112,227860480,589651,43779371
2024-08-14 09:20:40,3.1,24.0112,227860480,589651,43779371
2024-08-14 09:20:45,6.1,24.0112,227860480,589783,43779475
2024-08-14 09:20:51,3.2,24.0112,227860480,589783,43779475
2024-08-14 09:20:56,0,24.0112,227860480,589927,43779597
2024-08-14 09:21:01,6.2,24.0112,227860480,590383,43779975
2024-08-14 09:21:06,0,24.0112,227860480,590383,43779975
2024-08-14 09:21:11,3.1,24.0112,227860480,590383,43779975
2024-08-14 09:21:17,0,24.0112,227860480,590473,43780051
2024-08-14 09:21:22,3,24.0112,227860480,590473,43780051
2024-08-14 09:21:27,3.2,24.0371,228106240,590473,43780051
2024-08-14 09:21:32,6.2,24.0371,228106240,590563,43780127
2024-08-14 09:21:37,3.1,24.0371,228106240,590605,43780155
2024-08-14 09:21:43,3.2,24.0371,228106240,590647,43780183
2024-08-14 09:21:48,6,24.0366,228102144,590737,43780259
2024-08-14 09:21:53,0,24.0867,228577280,592773,43782318
2024-08-14 09:21:58,6.2,24.0867,228577280,592911,43782318
2024-08-14 09:22:03,0,24.0867,228577280,593181,43782546
2024-08-14 09:22:08,3,24.0867,228577280,593361,43782698
2024-08-14 09:22:14,3.1,24.0867,228577280,593361,43782698
2024-08-14 09:22:19,0,24.0867,228577280,593451,43782774
2024-08-14 09:22:24,6,24.0867,228577280,593451,43782774
2024-08-14 09:22:29,3.2,24.0867,228577280,593451,43782774
2024-08-14 09:22:34,3.1,24.0867,228577280,593451,43782774
2024-08-14 09:22:40,0,24.1139,228835328,593583,43782878
2024-08-14 09:22:45,3.1,24.1139,228835328,593679,43782952
2024-08-14 09:22:50,0,24.1139,228835328,593679,43782952
2024-08-14 09:22:55,5.8,24.1134,228831232,593839,43783028
2024-08-14 09:23:00,0,24.1134,228831232,593839,43783028
2024-08-14 09:23:06,0,24.1393,229076992,593929,43783104
2024-08-14 09:23:11,0,24.1393,229076992,594289,43783408
2024-08-14 09:23:16,0,24.1393,229076992,594331,43783436
2024-08-14 09:23:21,0,24.1393,229076992,594331,43783436
2024-08-14 09:23:26,3.2,24.1393,229076992,594421,43783512
2024-08-14 09:23:31,0,24.1393,229076992,594421,43783512
2024-08-14 09:23:37,3,24.1393,229076992,594463,43783540
2024-08-14 09:23:42,0,24.1393,229076992,594553,43783616
2024-08-14 09:23:47,3,24.1393,229076992,594553,43783616
2024-08-14 09:23:52,5.9,24.1566,229240832,596727,43785675
2024-08-14 09:23:57,0,24.1562,229236736,596817,43785751
2024-08-14 09:24:03,0,24.1562,229236736,596817,43785751
2024-08-14 09:24:08,3.2,24.1562,229236736,596817,43785751
2024-08-14 09:24:13,5.8,24.1562,229236736,596907,43785827
2024-08-14 09:24:18,3.2,24.1562,229236736,596907,43785827
2024-08-14 09:24:23,3.1,24.1821,229482496,596907,43785827
2024-08-14 09:24:29,3.1,24.1821,229482496,597003,43785901
2024-08-14 09:24:34,3.2,24.1821,229482496,597135,43786005
2024-08-14 09:24:39,6,24.1821,229482496,597135,43786005
2024-08-14 09:24:44,5.9,24.1821,229482496,597135,43786005
2024-08-14 09:24:49,3,24.1821,229482496,597225,43786081
2024-08-14 09:24:54,3.1,24.1821,229482496,597225,43786081
2024-08-14 09:25:00,0,24.1821,229482496,597225,43786081
2024-08-14 09:25:05,0,24.1821,229482496,597315,43786157
2024-08-14 09:25:10,3,24.1821,229482496,597357,43786185
2024-08-14 09:25:15,0,24.7173,234561536,627867,43976327
2024-08-14 09:25:20,3.2,24.7432,234807296,628227,43976631
2024-08-14 09:25:26,0,24.7432,234807296,628269,43976659
2024-08-14 09:25:31,3.1,24.7432,234807296,628269,43976659
2024-08-14 09:25:36,3.1,24.7432,234807296,628359,43976735
2024-08-14 09:25:41,3.2,24.7432,234807296,628497,43976735
2024-08-14 09:25:46,3.1,24.7691,235053056,628497,43976735
2024-08-14 09:25:52,0,24.7691,235053056,628587,43976811
2024-08-14 09:25:57,0,24.7691,235053056,630623,43978870
2024-08-14 09:26:02,3.1,24.7691,235053056,630623,43978870
2024-08-14 09:26:07,3.1,24.7691,235053056,630713,43978946
2024-08-14 09:26:12,3.1,24.7691,235053056,630713,43978946
2024-08-14 09:26:18,0,24.7691,235053056,630713,43978946
2024-08-14 09:26:23,3.1,24.7691,235053056,630845,43979050
2024-08-14 09:26:28,3,24.7691,235053056,630887,43979078
2024-08-14 09:26:33,6.1,24.7691,235053056,630887,43979078
2024-08-14 09:26:38,0,24.7691,235053056,630887,43979078
2024-08-14 09:26:43,3.1,24.7691,235053056,630977,43979154
2024-08-14 09:26:49,3.2,24.7691,235053056,630977,43979154
2024-08-14 09:26:54,0,24.7691,235053056,630977,43979154
2024-08-14 09:26:59,3.2,24.7691,235053056,631067,43979230
2024-08-14 09:27:04,6.2,24.7691,235053056,631109,43979258
2024-08-14 09:27:09,0,24.7691,235053056,631109,43979258
2024-08-14 09:27:15,3.2,24.7691,235053056,631199,43979334
2024-08-14 09:27:20,11.7,24.7691,235053056,631241,43979362
2024-08-14 09:27:25,0,24.7691,235053056,631331,43979438
2024-08-14 09:27:30,3.2,24.7687,235048960,631691,43979742
2024-08-14 09:27:35,3.1,24.7687,235048960,631979,43979908
2024-08-14 09:27:40,5.9,24.7687,235048960,631979,43979908
2024-08-14 09:27:46,6,24.7687,235048960,632069,43979984
2024-08-14 09:27:51,0,24.7687,235048960,632069,43979984
2024-08-14 09:27:56,3.1,24.7687,235048960,634105,43982043
2024-08-14 09:28:01,3.1,24.7682,235044864,634195,43982119
2024-08-14 09:28:06,3.2,24.7682,235044864,634303,43982211
2024-08-14 09:28:12,0,24.7954,235302912,634303,43982211
2024-08-14 09:28:17,0,24.8498,235819008,634489,43982375
2024-08-14 09:28:22,0,24.9858,237109248,634489,43982375
2024-08-14 09:28:27,0,25.1217,238399488,634489,43982375
2024-08-14 09:28:32,3.2,25.1217,238399488,634579,43982451
2024-08-14 09:28:38,0,25.1217,238399488,634621,43982479
2024-08-14 09:28:43,3,25.2305,239431680,634621,43982479
2024-08-14 09:28:48,6.2,25.2305,239431680,634711,43982555
2024-08-14 09:28:53,3.2,25.2305,239431680,634711,43982555
2024-08-14 09:28:58,3.1,25.2305,239431680,634711,43982555
2024-08-14 09:29:03,3.1,25.2305,239431680,634711,43982555
2024-08-14 09:29:09,0,25.2305,239431680,634801,43982631
2024-08-14 09:29:14,0,25.2305,239431680,634885,43982687
2024-08-14 09:29:19,6,25.2305,239431680,634885,43982687
2024-08-14 09:29:24,3.2,25.2305,239431680,634975,43982763
2024-08-14 09:29:29,3.1,25.2305,239431680,634975,43982763
2024-08-14 09:29:35,3,25.2305,239431680,635293,43982915
2024-08-14 09:29:40,3,25.2305,239431680,635605,43983171
2024-08-14 09:29:45,0,25.2305,239431680,635605,43983171
2024-08-14 09:29:50,6.1,25.2305,239431680,635605,43983171
2024-08-14 09:29:55,0,25.2296,239423488,637731,43985306
2024-08-14 09:30:01,0,25.2296,239423488,637731,43985306
2024-08-14 09:30:06,5.9,25.2296,239423488,637731,43985306
2024-08-14 09:30:11,3.1,25.2296,239423488,637863,43985410
2024-08-14 09:30:16,0,25.2292,239419392,637863,43985410
2024-08-14 09:30:21,0,25.2292,239419392,637863,43985410
2024-08-14 09:30:26,3.1,25.2292,239419392,637953,43985486
2024-08-14 09:30:32,3.1,25.2292,239419392,637995,43985514
2024-08-14 09:30:37,3.1,25.2292,239419392,638049,43985606
2024-08-14 09:30:42,0,25.2292,239419392,638139,43985682
2024-08-14 09:30:47,0,25.2292,239419392,638139,43985682
2024-08-14 09:30:52,3.1,25.2292,239419392,638139,43985682
2024-08-14 09:30:58,3.2,25.2292,239419392,638229,43985758
2024-08-14 09:31:03,6.2,18.7907,178319360,747486,44045500
2024-08-14 09:31:08,0,18.7907,178319360,747486,44045500
2024-08-14 09:31:13,0,18.7907,178319360,747560,44045560
2024-08-14 09:31:18,8.8,18.7907,178319360,749985,44048833
2024-08-14 09:31:24,3.2,18.7902,178315264,750123,44048885
2024-08-14 09:31:29,6,18.7907,178319360,750123,44048885
2024-08-14 09:31:34,3.1,18.7907,178319360,750213,44048961
2024-08-14 09:31:39,0,18.7907,178319360,750303,44049037
2024-08-14 09:31:44,3,18.7907,178319360,750435,44049141
2024-08-14 09:31:50,0,18.7907,178319360,750705,44049369
2024-08-14 09:31:55,3.2,18.7907,178319360,750705,44049369
2024-08-14 09:32:00,0,18.7907,178319360,750747,44049397
2024-08-14 09:32:05,0,18.7907,178319360,750891,44049519
2024-08-14 09:32:10,0,18.7907,178319360,750891,44049519
2024-08-14 09:32:15,6.2,18.7907,178319360,750891,44049519
2024-08-14 09:32:21,0,18.7907,178319360,750981,44049595
2024-08-14 09:32:26,3,18.7907,178319360,751023,44049623
2024-08-14 09:32:31,3.1,18.8179,178577408,751023,44049623
2024-08-14 09:32:36,0,18.8179,178577408,751113,44049699
2024-08-14 09:32:41,3.1,18.8179,178577408,751167,44049745
2024-08-14 09:32:47,0,18.8179,178577408,751167,44049745
2024-08-14 09:32:52,22.6,18.8174,178573312,752790,44051880
2024-08-14 09:32:57,3.2,18.8174,178573312,753401,44051908
2024-08-14 09:33:02,0,18.8174,178573312,753401,44051908
2024-08-14 09:33:07,3.2,18.8174,178573312,753549,44052076
2024-08-14 09:33:13,3.2,18.8174,178573312,753741,44052168
2024-08-14 09:33:18,3.2,18.8174,178573312,753741,44052168
2024-08-14 09:33:23,0,18.8174,178573312,753831,44052244
