2024-08-14 09:17:36,9.3,17.4533,165621760,202328,29159143
2024-08-14 09:17:41,3.1,18.0343,171134976,334649,46021223
2024-08-14 09:17:46,6.1,18.0615,171393024,334739,46021299
2024-08-14 09:17:51,3,18.0615,171393024,334739,46021299
2024-08-14 09:17:56,3.1,18.0606,171384832,334739,46021299
2024-08-14 09:18:02,3.1,18.0857,171622400,334871,46021403
2024-08-14 09:18:07,0,18.0857,171622400,334913,46021431
2024-08-14 09:18:12,3.1,18.0857,171622400,335003,46021507
2024-08-14 09:18:17,0,18.1401,172138496,335363,46021811
2024-08-14 09:18:22,3.1,18.1401,172138496,335363,46021811
2024-08-14 09:18:28,5.8,18.1401,172138496,335363,46021811
2024-08-14 09:18:33,3.1,18.1401,172138496,335453,46021887
2024-08-14 09:18:38,0,18.1401,172138496,335495,46021915
2024-08-14 09:18:43,3.1,18.1401,172138496,335495,46021915
2024-08-14 09:18:48,6.1,18.1673,172396544,335585,46021991
2024-08-14 09:18:54,3.2,18.2216,172912640,335585,46021991
2024-08-14 09:18:59,0,18.3304,173944832,335765,46022019
2024-08-14 09:19:04,3,18.5475,176005120,335765,46022019
2024-08-14 09:19:09,0,18.6831,177291264,335855,46022095
2024-08-14 09:19:14,3.1,18.7103,177549312,335897,46022123
2024-08-14 09:19:19,0,18.7918,178323456,338113,46024335
2024-08-14 09:19:25,3.1,18.7914,178319360,338383,46024563
2024-08-14 09:19:30,0,18.7914,178319360,338383,46024563
2024-08-14 09:19:35,3,18.7914,178319360,338383,46024563
2024-08-14 09:19:40,3.1,18.7914,178319360,338473,46024639
2024-08-14 09:19:45,3,18.7914,178319360,338515,46024667
2024-08-14 09:19:51,3.1,18.7914,178319360,338515,46024667
2024-08-14 09:19:56,3.1,22.7405,215793664,351542,46041584
2024-08-14 09:20:01,0,24.6677,234082304,384440,46056408
2024-08-14 09:20:06,0,24.666,234065920,396684,46063884
2024-08-14 09:20:11,14.7,24.6919,234311680,409665,46073177
2024-08-14 09:20:17,23.5,24.6919,234311680,422518,46083734
2024-08-14 09:20:22,21.2,24.6867,234262528,441717,46093319
2024-08-14 09:20:27,6.5,24.6889,234283008,471058,46110004
2024-08-14 09:20:32,0,24.6885,234278912,503463,46127920
2024-08-14 09:20:37,33.3,24.6863,234258432,533676,46144186
2024-08-14 09:20:43,6.5,24.6829,234225664,554485,46157299
2024-08-14 09:20:48,5.8,24.6846,234242048,579005,46174135
2024-08-14 09:20:53,9.4,24.685,234246144,609637,46208797
2024-08-14 09:20:58,6,24.6997,234385408,635765,46257075
2024-08-14 09:21:03,2.9,24.6997,234385408,635765,46257075
2024-08-14 09:21:09,3.1,24.6997,234385408,635765,46257075
2024-08-14 09:21:14,0,24.6997,234385408,635765,46257075
2024-08-14 09:21:19,3.1,24.7256,234631168,638023,46259211
2024-08-14 09:21:24,3,24.7256,234631168,638023,46259211
2024-08-14 09:21:30,3.2,24.7256,234631168,638293,46259439
2024-08-14 09:21:35,3.1,24.7239,234614784,638527,46259637
2024-08-14 09:21:40,3.1,24.7239,234614784,638569,46259665
2024-08-14 09:21:45,3.2,24.7239,234614784,638611,46259693
2024-08-14 09:21:50,2.9,24.7239,234614784,638701,46259769
2024-08-14 09:21:56,0,24.7239,234614784,638701,46259769
2024-08-14 09:22:01,0,24.7256,234631168,638701,46259769
2024-08-14 09:22:06,0,24.7256,234631168,638791,46259845
2024-08-14 09:22:11,3,24.7256,234631168,638833,46259873
2024-08-14 09:22:16,0,24.7239,234614784,638833,46259873
2024-08-14 09:22:22,3,24.7239,234614784,639031,46260041
2024-08-14 09:22:27,3,24.7239,234614784,639031,46260041
2024-08-14 09:22:32,2.9,24.7498,234860544,639175,46260163
2024-08-14 09:22:37,6,24.7498,234860544,639577,46260495
2024-08-14 09:22:42,0,24.7398,234766336,639619,46260523
2024-08-14 09:22:48,5.8,24.7398,234766336,639619,46260523
2024-08-14 09:22:53,0,24.7398,234766336,639709,46260599
2024-08-14 09:22:58,6.1,24.7398,234766336,639889,46260627
2024-08-14 09:23:03,6.2,24.767,235024384,639889,46260627
2024-08-14 09:23:08,3.2,24.767,235024384,639979,46260703
2024-08-14 09:23:14,8.6,24.767,235024384,640033,46260749
2024-08-14 09:23:19,3,24.767,235024384,642201,46262757
2024-08-14 09:23:24,0,24.7912,235253760,642345,46262879
2024-08-14 09:23:29,0,24.7912,235253760,642345,46262879
2024-08-14 09:23:34,3.1,24.7912,235253760,642435,46262955
2024-08-14 09:23:40,3.2,24.7903,235245568,642789,46263239
2024-08-14 09:23:45,6.1,24.7903,235245568,642879,46263315
2024-08-14 09:23:50,6.1,24.7899,235241472,642879,46263315
2024-08-14 09:23:55,3.1,24.8158,235487232,642879,46263315
2024-08-14 09:24:00,3,24.8175,235503616,643039,46263391
2024-08-14 09:24:06,3.1,24.8447,235761664,643081,46263419
2024-08-14 09:24:11,6,24.8447,235761664,643081,46263419
2024-08-14 09:24:16,3.1,24.8719,236019712,643171,46263495
2024-08-14 09:24:21,3.1,24.8991,236277760,643171,46263495
2024-08-14 09:24:26,0,24.9263,236535808,643171,46263495
2024-08-14 09:24:32,3,24.9535,236793856,643261,46263571
2024-08-14 09:24:37,3.1,25.0066,237297664,643345,46263627
2024-08-14 09:24:42,0,25.061,237813760,643345,46263627
2024-08-14 09:24:47,0,25.086,238051328,643663,46263779
2024-08-14 09:24:52,2.9,25.086,238051328,643663,46263779
2024-08-14 09:24:58,3.2,25.086,238051328,643663,46263779
2024-08-14 09:25:03,0,25.086,238051328,643753,46263855
2024-08-14 09:25:08,0,25.086,238051328,643795,46263883
2024-08-14 09:25:13,8.8,25.0877,238067712,643795,46263883
2024-08-14 09:25:18,3,25.0873,238063616,646053,46266019
2024-08-14 09:25:24,3.2,25.0873,238063616,646053,46266019
2024-08-14 09:25:29,3.2,25.0873,238063616,646053,46266019
2024-08-14 09:25:34,3.1,22.4603,213135360,646185,46266123
2024-08-14 09:25:39,3.1,22.4862,213381120,646185,46266123
2024-08-14 09:25:44,6,23.9685,227446784,677152,46456333
2024-08-14 09:25:50,5.9,23.9685,227446784,677570,46456683
2024-08-14 09:25:55,3.1,24.0488,228208640,677686,46456683
2024-08-14 09:26:00,6.1,24.0488,228208640,677744,46456683
2024-08-14 09:26:05,0,24.0488,228208640,677802,46456683
2024-08-14 09:26:10,3.2,24.0488,228208640,677934,46456787
2024-08-14 09:26:16,3,24.0488,228208640,677934,46456787
2024-08-14 09:26:21,0,24.0488,228208640,677934,46456787
2024-08-14 09:26:26,3.2,24.0488,228208640,678124,46456891
2024-08-14 09:26:31,2.9,24.0488,228208640,678124,46456891
2024-08-14 09:26:36,3.2,24.076,228466688,678124,46456891
2024-08-14 09:26:42,0,24.1304,228982784,678352,46456967
2024-08-14 09:26:47,3.1,24.1304,228982784,678394,46456995
2024-08-14 09:26:52,0,24.1847,229498880,678484,46457071
2024-08-14 09:26:57,0,24.1847,229498880,678574,46457147
2024-08-14 09:27:02,3.1,24.1847,229498880,678574,46457147
2024-08-14 09:27:08,0,24.1847,229498880,678574,46457147
2024-08-14 09:27:13,3.2,24.2089,229728256,678664,46457223
2024-08-14 09:27:18,0,24.2106,229744640,680742,46459311
2024-08-14 09:27:23,0,24.2106,229744640,680784,46459339
2024-08-14 09:27:28,3,24.265,230260736,680874,46459415
2024-08-14 09:27:34,0,24.265,230260736,680874,46459415
2024-08-14 09:27:39,3.2,24.265,230260736,680874,46459415
2024-08-14 09:27:44,0,24.265,230260736,680964,46459491
2024-08-14 09:27:49,0,24.265,230260736,681006,46459519
2024-08-14 09:27:54,0,24.2646,230256640,681096,46459595
2024-08-14 09:27:59,3,24.2646,230256640,681456,46459899
2024-08-14 09:28:05,3.2,24.2646,230256640,681456,46459899
2024-08-14 09:28:10,0,24.2646,230256640,681456,46459899
2024-08-14 09:28:15,0,24.2646,230256640,681456,46459899
2024-08-14 09:28:20,0,24.2646,230256640,681630,46460031
2024-08-14 09:28:25,0,24.2646,230256640,681630,46460031
2024-08-14 09:28:31,0,24.2646,230256640,681768,46460031
2024-08-14 09:28:36,3,24.2646,230256640,681858,46460107
2024-08-14 09:28:41,0,24.2646,230256640,681858,46460107
2024-08-14 09:28:46,6.1,24.2646,230256640,681858,46460107
2024-08-14 09:28:51,3.1,24.2646,230256640,681948,46460183
2024-08-14 09:28:57,0,24.2646,230256640,681990,46460211
2024-08-14 09:29:02,8.6,24.2646,230256640,682080,46460287
2024-08-14 09:29:07,3,24.2646,230256640,682170,46460363
2024-08-14 09:29:12,3.1,24.2646,230256640,682170,46460363
2024-08-14 09:29:18,8.6,24.2646,230256640,684248,46462451
2024-08-14 09:29:23,0,24.2646,230256640,684338,46462527
2024-08-14 09:29:28,3.2,24.2646,230256640,684338,46462527
2024-08-14 09:29:33,0,24.2646,230256640,684338,46462527
2024-08-14 09:29:38,0,24.2646,230256640,684428,46462603
2024-08-14 09:29:44,3.2,24.2646,230256640,684428,46462603
2024-08-14 09:29:49,6.1,24.2918,230514688,684428,46462603
2024-08-14 09:29:54,3,24.2918,230514688,684518,46462679
2024-08-14 09:29:59,3,24.2918,230514688,684560,46462707
2024-08-14 09:30:04,3,24.2914,230510592,684650,46462783
2024-08-14 09:30:10,2.9,24.2905,230502400,685010,46463087
2024-08-14 09:30:15,3,24.2905,230502400,685160,46463235
2024-08-14 09:30:20,0,24.2905,230502400,685160,46463235
2024-08-14 09:30:25,3.2,24.3177,230760448,685388,46463311
2024-08-14 09:30:30,3.2,24.3177,230760448,685388,46463311
2024-08-14 09:30:36,3.1,24.3177,230760448,685388,46463311
2024-08-14 09:30:41,3.1,24.3177,230760448,685388,46463311
2024-08-14 09:30:46,0,24.3449,231018496,685520,46463415
2024-08-14 09:30:51,0,24.3449,231018496,685520,46463415
2024-08-14 09:30:56,0,24.3449,231018496,685520,46463415
2024-08-14 09:31:02,3.2,24.3449,231018496,685610,46463491
2024-08-14 09:31:07,3.2,24.3449,231018496,685610,46463491
2024-08-14 09:31:12,0,24.3449,231018496,685652,46463519
2024-08-14 09:31:17,3.1,24.3449,231018496,687868,46465731
2024-08-14 09:31:22,3.1,24.3449,231018496,687868,46465731
2024-08-14 09:31:28,3.1,24.3449,231018496,687868,46465731
2024-08-14 09:31:33,3.2,24.8072,235405312,710405,46469559
2024-08-14 09:31:38,3.1,24.8326,235646976,710405,46469559
2024-08-14 09:31:43,0,25.1577,238731264,734475,46474479
2024-08-14 09:31:48,3.1,25.1577,238731264,736941,46479395
2024-08-14 09:31:54,46.7,25.1577,238731264,748620,46484007
2024-08-14 09:31:59,6,25.1848,238989312,761875,46486075
2024-08-14 09:32:04,0,25.1844,238985216,765163,46492507
2024-08-14 09:32:09,5.8,25.1844,238985216,777140,46501907
2024-08-14 09:32:14,3.1,25.1827,238968832,808255,46515973
2024-08-14 09:32:20,3,25.1684,238833664,828019,46529326
2024-08-14 09:32:25,11.5,25.1667,238817280,849232,46539991
2024-08-14 09:32:30,6.1,25.1667,238817280,871177,46557680
2024-08-14 09:32:35,0,18.8946,179298304,875607,46565125
2024-08-14 09:32:41,6,18.9218,179556352,875739,46565281
2024-08-14 09:32:46,5.9,18.9762,180072448,875739,46565281
2024-08-14 09:32:51,0,18.9762,180072448,875829,46565357
2024-08-14 09:32:56,3,19.1389,181616640,875829,46565357
2024-08-14 09:33:01,3.1,19.1933,182132736,875871,46565385
2024-08-14 09:33:07,3,16.7088,158556160,875961,46565461
2024-08-14 09:33:12,3,16.8421,159821824,876057,46565535
2024-08-14 09:33:17,0,16.8965,160337920,876057,46565535
2024-08-14 09:33:22,0,16.9237,160595968,876057,46565535
2024-08-14 09:33:28,3.1,16.9237,160595968,876147,46565611
2024-08-14 09:33:33,0,16.9781,161112064,876147,46565611
2024-08-14 09:33:38,0,17.0053,161370112,876147,46565611
2024-08-14 09:33:43,0,17.0325,161628160,876237,46565687
2024-08-14 09:33:48,6.2,17.0325,161628160,876237,46565687
2024-08-14 09:33:53,3.1,17.0325,161628160,876237,46565687
2024-08-14 09:33:59,0,17.0325,161628160,876369,46565791
2024-08-14 09:34:04,0,17.0597,161886208,876411,46565819
2024-08-14 09:34:09,3.2,17.0597,161886208,876549,46565819
2024-08-14 09:34:14,3.1,17.0856,162131968,876639,46565895
2024-08-14 09:34:19,0,17.3273,164425728,878675,46567955
2024-08-14 09:34:25,0,17.3541,164679680,878765,46568031
2024-08-14 09:34:30,0,17.3541,164679680,879125,46568335
2024-08-14 09:34:35,2.9,17.3541,164679680,879125,46568335
2024-08-14 09:34:40,3,17.3541,164679680,879125,46568335
2024-08-14 09:34:46,6.1,17.3812,164937728,881520,46570805
