2024-08-14 09:15:15,25.7,18.0404,171192320,212313,34738764
2024-08-14 09:15:20,2.9,17.803,168939520,276372,45775064
2024-08-14 09:15:25,3.1,17.803,168939520,276372,45775064
2024-08-14 09:15:31,6.2,17.803,168939520,276504,45775168
2024-08-14 09:15:36,3,17.803,168939520,276504,45775168
2024-08-14 09:15:41,3,17.803,168939520,276504,45775168
2024-08-14 09:15:46,3.1,17.8301,169197568,276594,45775244
2024-08-14 09:15:51,3.1,17.9113,169967616,276636,45775272
2024-08-14 09:15:57,6.2,18.0732,171503616,276636,45775272
2024-08-14 09:16:02,3.2,18.1819,172535808,277086,45775652
2024-08-14 09:16:07,0,18.2091,172793856,277086,45775652
2024-08-14 09:16:12,5.9,18.2091,172793856,277086,45775652
2024-08-14 09:16:17,0,18.2091,172793856,277176,45775728
2024-08-14 09:16:22,3.2,18.2091,172793856,277218,45775756
2024-08-14 09:16:28,0,18.2091,172793856,277260,45775784
2024-08-14 09:16:33,3.1,18.2091,172793856,277420,45775860
2024-08-14 09:16:38,0,18.2091,172793856,277420,45775860
2024-08-14 09:16:43,6.2,18.2091,172793856,277420,45775860
2024-08-14 09:16:48,0,18.2091,172793856,277648,45775936
2024-08-14 09:16:54,0,18.2091,172793856,277690,45775964
2024-08-14 09:16:59,0,18.2087,172789760,279858,45778022
2024-08-14 09:17:04,0,18.2087,172789760,280128,45778250
2024-08-14 09:17:09,0,18.2087,172789760,280308,45778402
2024-08-14 09:17:14,0,18.2087,172789760,280308,45778402
2024-08-14 09:17:20,5.8,18.2087,172789760,280308,45778402
2024-08-14 09:17:25,3.2,18.2087,172789760,280440,45778506
2024-08-14 09:17:30,3.1,18.2087,172789760,280440,45778506
2024-08-14 09:17:35,6.1,18.2087,172789760,280440,45778506
2024-08-14 09:17:40,0,18.2087,172789760,280530,45778582
2024-08-14 09:17:46,0,18.2087,172789760,280572,45778610
2024-08-14 09:17:51,3.1,18.2903,173563904,280572,45778610
2024-08-14 09:17:56,3.1,18.3175,173821952,280662,45778686
2024-08-14 09:18:01,3.2,18.3153,173801472,280662,45778686
2024-08-14 09:18:06,0,18.3153,173801472,280752,45778762
2024-08-14 09:18:11,3.1,18.3153,173801472,281154,45779094
2024-08-14 09:18:17,6.2,18.3153,173801472,281196,45779122
2024-08-14 09:18:22,0,18.3153,173801472,281196,45779122
2024-08-14 09:18:27,3.1,18.3153,173801472,281286,45779198
2024-08-14 09:18:32,0,18.3153,173801472,281286,45779198
2024-08-14 09:18:37,3.1,18.3153,173801472,281424,45779198
2024-08-14 09:18:43,0,18.3153,173801472,281514,45779274
2024-08-14 09:18:48,0,18.3153,173801472,281556,45779302
2024-08-14 09:18:53,3.2,18.3697,174317568,281556,45779302
2024-08-14 09:18:58,3,18.6688,177156096,283748,45781436
2024-08-14 09:19:03,0,18.6947,177401856,283748,45781436
2024-08-14 09:19:09,3,18.6947,177401856,283748,45781436
2024-08-14 09:19:14,6.2,18.6943,177397760,284240,45781844
2024-08-14 09:19:19,3.1,18.6943,177397760,284240,45781844
2024-08-14 09:19:24,0,18.6943,177397760,284240,45781844
2024-08-14 09:19:29,0,18.6943,177397760,284330,45781920
2024-08-14 09:19:35,0,18.6947,177401856,284372,45781948
2024-08-14 09:19:40,3.1,18.6947,177401856,284372,45781948
2024-08-14 09:19:45,3.3,23.7294,225177600,316200,45806081
2024-08-14 09:19:50,0,24.0552,228270080,338619,45818377
2024-08-14 09:19:56,9.7,24.0548,228265984,365148,45838339
2024-08-14 09:20:01,0,24.0548,228265984,375939,45844750
2024-08-14 09:20:06,9.3,24.0799,228503552,390866,45850562
2024-08-14 09:20:11,0,24.0799,228503552,398719,45857457
2024-08-14 09:20:16,6.7,24.0799,228503552,413624,45865992
2024-08-14 09:20:22,32.2,24.0967,228663296,463464,45896151
2024-08-14 09:20:27,6.5,24.1014,228708352,528529,45948686
2024-08-14 09:20:32,3.1,24.1019,228712448,545476,45967498
2024-08-14 09:20:37,9.4,24.101,228704256,557859,45977901
2024-08-14 09:20:42,3.1,24.1027,228720640,565705,45985428
2024-08-14 09:20:47,6.5,24.1023,228716544,573743,45990056
2024-08-14 09:20:53,12.1,24.1023,228716544,586667,46003245
2024-08-14 09:20:58,0,24.1058,228749312,600304,46024598
2024-08-14 09:21:03,3.1,24.1058,228749312,600370,46024650
2024-08-14 09:21:08,3.2,24.1058,228749312,600502,46024754
2024-08-14 09:21:13,0,24.1049,228741120,600502,46024754
2024-08-14 09:21:19,0,24.104,228732928,600502,46024754
2024-08-14 09:21:24,6.1,24.104,228732928,600952,46025134
2024-08-14 09:21:29,3.2,24.1036,228728832,600994,46025162
2024-08-14 09:21:34,6.2,24.1036,228728832,600994,46025162
2024-08-14 09:21:39,0,24.1036,228728832,601084,46025238
2024-08-14 09:21:45,3.2,24.1036,228728832,601084,46025238
2024-08-14 09:21:50,0,24.1036,228728832,601084,46025238
2024-08-14 09:21:55,3.2,24.1036,228728832,601084,46025238
2024-08-14 09:22:00,6,24.1036,228728832,603342,46027372
2024-08-14 09:22:05,0,24.1308,228986880,603384,46027400
2024-08-14 09:22:11,3.1,24.1308,228986880,603384,46027400
2024-08-14 09:22:16,0,24.1308,228986880,603474,46027476
2024-08-14 09:22:21,0,24.1308,228986880,603474,46027476
2024-08-14 09:22:26,6.1,24.1308,228986880,603882,46027704
2024-08-14 09:22:31,3,24.1308,228986880,604104,46027884
2024-08-14 09:22:37,6,24.1308,228986880,604104,46027884
2024-08-14 09:22:42,3.2,24.158,229244928,604104,46027884
2024-08-14 09:22:47,0,24.2119,229756928,604194,46027960
2024-08-14 09:22:52,3.1,24.2119,229756928,604194,46027960
2024-08-14 09:22:57,0,24.2119,229756928,604194,46027960
2024-08-14 09:23:02,6,24.2102,229740544,604326,46028064
2024-08-14 09:23:08,3.2,24.2102,229740544,604368,46028092
2024-08-14 09:23:13,3.1,24.2102,229740544,604368,46028092
2024-08-14 09:23:18,3.1,24.2098,229736448,604458,46028168
2024-08-14 09:23:23,0,24.2098,229736448,604458,46028168
2024-08-14 09:23:28,3.1,24.2098,229736448,604458,46028168
2024-08-14 09:23:34,3.2,24.2098,229736448,604908,46028548
2024-08-14 09:23:39,3.2,24.2098,229736448,604950,46028576
2024-08-14 09:23:44,3.2,24.2098,229736448,604950,46028576
2024-08-14 09:23:49,0,24.2098,229736448,605040,46028652
2024-08-14 09:23:54,0,24.2098,229736448,605082,46028680
2024-08-14 09:24:00,3.1,24.2093,229732352,607250,46030738
2024-08-14 09:24:05,3.1,24.2093,229732352,607250,46030738
2024-08-14 09:24:10,0,24.2089,229728256,607340,46030814
2024-08-14 09:24:15,3.1,24.2089,229728256,607340,46030814
2024-08-14 09:24:20,0,24.2089,229728256,607340,46030814
2024-08-14 09:24:26,6.2,24.2089,229728256,607568,46030890
2024-08-14 09:24:31,3.1,24.2089,229728256,607610,46030918
2024-08-14 09:24:36,0,24.2089,229728256,607700,46030994
2024-08-14 09:24:41,3.1,24.2089,229728256,607790,46031070
2024-08-14 09:24:46,3.2,24.2089,229728256,607790,46031070
2024-08-14 09:24:52,0,24.2089,229728256,607832,46031098
2024-08-14 09:24:57,3.1,24.2089,229728256,607922,46031174
2024-08-14 09:25:02,6.2,24.2089,229728256,607964,46031202
2024-08-14 09:25:07,0,24.2089,229728256,607964,46031202
2024-08-14 09:25:12,0,24.2089,229728256,608054,46031278
2024-08-14 09:25:17,5.8,24.2089,229728256,608054,46031278
2024-08-14 09:25:23,0,24.2089,229728256,608054,46031278
2024-08-14 09:25:28,3.2,24.2905,230502400,608144,46031354
2024-08-14 09:25:33,3,25.2336,239452160,639174,46222585
2024-08-14 09:25:38,3.1,25.2336,239452160,639174,46222585
2024-08-14 09:25:43,3,25.2867,239955968,639624,46222965
2024-08-14 09:25:49,3.1,25.3679,240726016,639666,46222993
2024-08-14 09:25:54,3.1,22.6606,215035904,639666,46222993
2024-08-14 09:25:59,0,22.901,217317376,641792,46225127
2024-08-14 09:26:04,3,22.9269,217563136,641846,46225173
2024-08-14 09:26:09,3,22.9813,218079232,641846,46225173
2024-08-14 09:26:15,0,22.9813,218079232,641990,46225295
2024-08-14 09:26:20,3.2,22.9813,218079232,641990,46225295
2024-08-14 09:26:25,3.2,22.9813,218079232,642128,46225295
2024-08-14 09:26:30,3.2,23.0344,218583040,642198,46225295
2024-08-14 09:26:35,0,23.0344,218583040,642288,46225371
2024-08-14 09:26:41,0,23.0344,218583040,642330,46225399
2024-08-14 09:26:46,0,23.0344,218583040,642372,46225427
2024-08-14 09:26:51,3.1,23.0344,218583040,642462,46225503
2024-08-14 09:26:56,0,23.0344,218583040,642462,46225503
2024-08-14 09:27:01,3.1,23.0344,218583040,642462,46225503
2024-08-14 09:27:07,0,23.0344,218583040,642552,46225579
2024-08-14 09:27:12,3.2,23.0344,218583040,642594,46225607
2024-08-14 09:27:17,0,23.0344,218583040,642594,46225607
2024-08-14 09:27:22,0,23.0344,218583040,642684,46225683
2024-08-14 09:27:27,0,23.0344,218583040,642684,46225683
2024-08-14 09:27:33,0,23.1432,219615232,642684,46225683
2024-08-14 09:27:38,3.2,23.1432,219615232,642828,46225805
2024-08-14 09:27:43,0,23.1428,219611136,642912,46225861
2024-08-14 09:27:48,5.9,23.2243,220385280,642912,46225861
2024-08-14 09:27:53,3.2,23.2511,220639232,643362,46226241
2024-08-14 09:27:59,0,23.6288,224223232,645398,46228299
2024-08-14 09:28:04,0,23.6832,224739328,645452,46228345
2024-08-14 09:28:09,3.1,23.7104,224997376,645542,46228421
2024-08-14 09:28:14,6,23.8718,226529280,645680,46228421
2024-08-14 09:28:19,3.1,23.899,226787328,645680,46228421
2024-08-14 09:28:25,3,24.0078,227819520,645770,46228497
2024-08-14 09:28:30,0,24.1437,229109760,645770,46228497
2024-08-14 09:28:35,6.2,24.2525,230141952,645770,46228497
2024-08-14 09:28:40,3.1,24.2525,230141952,645812,46228601
2024-08-14 09:28:45,0,24.2525,230141952,645902,46228601
2024-08-14 09:28:51,0,24.2525,230141952,645902,46228601
2024-08-14 09:28:56,3.1,24.2784,230387712,645902,46228601
2024-08-14 09:29:01,3,24.2784,230387712,645992,46228677
2024-08-14 09:29:06,0,24.2784,230387712,646034,46228705
2024-08-14 09:29:11,0,24.2784,230387712,646034,46228705
2024-08-14 09:29:16,0,24.3056,230645760,646124,46228781
2024-08-14 09:29:22,3.1,24.3867,231415808,646124,46228781
2024-08-14 09:29:27,3.2,24.4683,232189952,646124,46228781
2024-08-14 09:29:32,0,24.4683,232189952,646214,46228857
2024-08-14 09:29:37,3.1,24.4683,232189952,646256,46228885
2024-08-14 09:29:42,0,24.5499,232964096,646256,46228885
2024-08-14 09:29:48,0,24.6587,233996288,646346,46228961
2024-08-14 09:29:53,3.1,24.8762,236060672,646346,46228961
2024-08-14 09:29:58,0,25.121,238383104,648436,46231065
2024-08-14 09:30:03,3,22.349,212078592,649024,46231445
2024-08-14 09:30:08,0,22.4034,212594688,649024,46231445
2024-08-14 09:30:14,3.2,22.6192,214642688,649024,46231445
2024-08-14 09:30:19,3.2,22.728,215674880,649114,46231521
2024-08-14 09:30:24,6,22.728,215674880,649114,46231521
2024-08-14 09:30:29,5.8,22.728,215674880,649156,46231549
2024-08-14 09:30:34,0,22.7806,216174592,649300,46231671
2024-08-14 09:30:40,0,22.8078,216432640,649300,46231671
2024-08-14 09:30:45,0,22.8078,216432640,649300,46231671
2024-08-14 09:30:50,6.2,22.8609,216936448,649390,46231747
2024-08-14 09:30:55,0,22.9688,217960448,649432,46231775
2024-08-14 09:31:00,0,22.9688,217960448,649432,46231775
2024-08-14 09:31:06,3.1,23.0232,218476544,649486,46231821
2024-08-14 09:31:11,3.2,23.0504,218734592,649576,46231897
2024-08-14 09:31:16,6.2,23.0776,218992640,649576,46231897
2024-08-14 09:31:21,6.2,24.3798,231350272,672021,46235650
2024-08-14 09:31:26,3.1,24.5158,232640512,672153,46235754
2024-08-14 09:31:32,62.1,24.5158,232640512,696107,46243306
2024-08-14 09:31:37,6.1,24.5158,232640512,697625,46246270
2024-08-14 09:31:42,6.2,24.5158,232640512,698807,46246666
2024-08-14 09:31:47,3.2,24.9509,236769280,720271,46250938
2024-08-14 09:31:52,0,24.9509,236769280,720379,46251503
2024-08-14 09:31:58,6,25.14,238563328,727125,46259165
2024-08-14 09:32:03,0,25.14,238563328,746879,46265813
2024-08-14 09:32:08,0,25.14,238563328,760905,46278404
2024-08-14 09:32:13,3.2,25.1279,238448640,788788,46296267
2024-08-14 09:32:18,0,25.1227,238399488,801383,46303049
2024-08-14 09:32:23,3.1,25.1227,238399488,818550,46311793
2024-08-14 09:32:29,0,18.5631,176152576,824954,46320178
2024-08-14 09:32:34,0,18.5903,176410624,824954,46320178
2024-08-14 09:32:39,0,18.5903,176410624,824954,46320178
2024-08-14 09:32:44,0,18.6175,176668672,825044,46320254
2024-08-14 09:32:49,0,18.6175,176668672,825044,46320254
2024-08-14 09:32:55,5.8,18.6434,176914432,825044,46320254
2024-08-14 09:33:00,0,18.6429,176910336,825134,46320330
2024-08-14 09:33:05,6.1,18.6434,176914432,825134,46320330
2024-08-14 09:33:10,3.2,18.6977,177430528,825134,46320330
2024-08-14 09:33:15,5.8,18.7249,177688576,825134,46320406
2024-08-14 09:33:21,3.2,18.7521,177946624,825308,46320462
2024-08-14 09:33:26,3,18.7521,177946624,825308,46320462
2024-08-14 09:33:31,3.2,18.7521,177946624,825308,46320462
2024-08-14 09:33:36,3.2,18.7521,177946624,825398,46320538
2024-08-14 09:33:41,6,18.7521,177946624,825398,46320538
2024-08-14 09:33:47,0,18.7521,177946624,825398,46320538
2024-08-14 09:33:52,0,18.7521,177946624,825626,46320614
2024-08-14 09:33:57,2.9,18.9662,179978240,827902,46322700
2024-08-14 09:34:02,3.1,19.0746,181006336,827902,46322700
2024-08-14 09:34:07,0,19.2364,182542336,827992,46322776
