2024-08-14 09:12:00,11.8,17.9011,169877504,169409,27101856
2024-08-14 09:12:05,3,18.0133,170942464,313904,43528856
2024-08-14 09:12:10,0,18.0392,171188224,313904,43528856
2024-08-14 09:12:16,6,18.0936,171704320,313904,43528856
2024-08-14 09:12:21,0,18.2024,172736512,313994,43528932
2024-08-14 09:12:26,0,18.3111,173768704,314036,43528960
2024-08-14 09:12:31,3,18.5002,175562752,314036,43528960
2024-08-14 09:12:36,3.1,18.5002,175562752,314678,43529386
2024-08-14 09:12:42,0,18.5002,175562752,314678,43529386
2024-08-14 09:12:47,3.1,18.5274,175820800,314678,43529386
2024-08-14 09:12:52,0,18.7164,177614848,314822,43529508
2024-08-14 09:12:57,6.1,18.8252,178647040,314864,43529536
2024-08-14 09:13:02,0,18.9055,179408896,314864,43529536
2024-08-14 09:13:08,3.1,18.9055,179408896,314954,43529612
2024-08-14 09:13:13,0,18.9327,179666944,314954,43529612
2024-08-14 09:13:18,3.2,18.9327,179666944,314954,43529612
2024-08-14 09:13:23,6.2,18.9858,180170752,315086,43529716
2024-08-14 09:13:28,6.2,19.2564,182738944,317386,43531776
2024-08-14 09:13:34,0,19.2564,182738944,317440,43531868
2024-08-14 09:13:39,0,19.2564,182738944,317710,43532096
2024-08-14 09:13:44,0,19.2832,182992896,317890,43532248
2024-08-14 09:13:49,0,19.3104,183250944,317890,43532248
2024-08-14 09:13:54,3.1,19.3108,183255040,317890,43532248
2024-08-14 09:13:59,0,19.3108,183255040,317980,43532324
2024-08-14 09:14:05,3.2,19.3108,183255040,317980,43532324
2024-08-14 09:14:10,0,19.3371,183504896,317980,43532324
2024-08-14 09:14:15,0,16.8669,160063488,318070,43532400
2024-08-14 09:14:20,0,16.9213,160579584,318154,43532456
2024-08-14 09:14:25,0,17.0573,161869824,318154,43532456
2024-08-14 09:14:31,0,17.0802,162086912,318244,43532532
2024-08-14 09:14:36,0,17.1074,162344960,318382,43532532
2024-08-14 09:14:41,0,17.1074,162344960,318382,43532532
2024-08-14 09:14:46,6,17.16,162844672,318832,43532912
2024-08-14 09:14:51,0,17.16,162844672,318832,43532912
2024-08-14 09:14:57,0,17.16,162844672,318832,43532912
2024-08-14 09:15:02,0,17.16,162844672,318922,43532988
2024-08-14 09:15:07,6.2,17.2416,163618816,318964,43533016
2024-08-14 09:15:12,3,17.296,164134912,318964,43533016
2024-08-14 09:15:17,0,17.3775,164909056,319096,43533120
2024-08-14 09:15:23,3.1,17.4047,165167104,319096,43533120
2024-08-14 09:15:28,0,17.5105,166170624,321264,43535180
2024-08-14 09:15:33,3.2,17.6193,167202816,321354,43535256
2024-08-14 09:15:38,6.1,17.6464,167460864,321354,43535256
2024-08-14 09:15:43,3.1,17.7811,168738816,321354,43535256
2024-08-14 09:15:49,3,17.7807,168734720,321804,43535636
2024-08-14 09:15:54,5.8,17.7807,168734720,321804,43535636
2024-08-14 09:15:59,6.2,17.7807,168734720,321804,43535636
2024-08-14 09:16:04,0,17.7807,168734720,321804,43535636
2024-08-14 09:16:09,0,17.7807,168734720,321936,43535740
2024-08-14 09:16:15,2.8,17.7807,168734720,321990,43535786
2024-08-14 09:16:20,0,17.7807,168734720,322032,43535814
2024-08-14 09:16:25,0,17.8079,168992768,322122,43535890
2024-08-14 09:16:30,3.1,17.8079,168992768,322260,43535890
2024-08-14 09:16:35,0,17.8079,168992768,322260,43535890
2024-08-14 09:16:41,3.2,17.8623,169508864,322350,43535966
2024-08-14 09:16:46,3,17.8623,169508864,322350,43535966
2024-08-14 09:16:51,3.1,17.8623,169508864,322440,43536042
2024-08-14 09:16:56,3.2,17.8623,169508864,322800,43536346
2024-08-14 09:17:01,3.2,17.8623,169508864,322870,43536346
2024-08-14 09:17:07,0,17.8808,169684992,322912,43536374
2024-08-14 09:17:12,3.1,17.8782,169660416,323002,43536450
2024-08-14 09:17:17,0,17.8782,169660416,323044,43536478
2024-08-14 09:17:22,3.2,17.8782,169660416,323044,43536478
2024-08-14 09:17:27,6.2,17.9585,170422272,325356,43538660
2024-08-14 09:17:33,0,17.9538,170377216,325356,43538660
2024-08-14 09:17:38,0,17.9538,170377216,325356,43538660
2024-08-14 09:17:43,2.9,17.9538,170377216,325446,43538736
2024-08-14 09:17:48,3.1,17.9538,170377216,325446,43538736
2024-08-14 09:17:53,3.1,17.9538,170377216,325446,43538736
2024-08-14 09:17:59,3,17.9542,170381312,325896,43539116
2024-08-14 09:18:04,3.1,18.0889,171659264,325938,43539144
2024-08-14 09:18:09,3.2,18.1704,172433408,325938,43539144
2024-08-14 09:18:14,0,18.2248,172949504,325938,43539144
2024-08-14 09:18:19,6.2,18.2503,173191168,326166,43539220
2024-08-14 09:18:24,3.1,18.3314,173961216,326208,43539248
2024-08-14 09:18:30,0,18.4389,174981120,326208,43539248
2024-08-14 09:18:35,0,18.5477,176013312,326298,43539324
2024-08-14 09:18:40,0,18.5477,176013312,326298,43539324
2024-08-14 09:18:45,3.2,18.5749,176271360,326298,43539324
2024-08-14 09:18:50,0,18.6021,176529408,326388,43539400
2024-08-14 09:18:56,3,18.7095,177549312,326388,43539400
2024-08-14 09:19:01,0,18.7367,177807360,326610,43539580
2024-08-14 09:19:06,0,18.8446,178831360,326880,43539808
2024-08-14 09:19:11,3.1,18.8438,178823168,326922,43539836
2024-08-14 09:19:16,3.1,18.871,179081216,326922,43539836
2024-08-14 09:19:22,0,18.8982,179339264,327012,43539912
2024-08-14 09:19:27,0,19.0872,181133312,327012,43539912
2024-08-14 09:19:32,0,19.1955,182161408,329312,43541972
2024-08-14 09:19:37,32.2,23.6054,224010240,440220,43612580
2024-08-14 09:19:42,9.1,23.7254,225148928,607716,43754778
2024-08-14 09:19:47,0,23.7526,225406976,607848,43754882
2024-08-14 09:19:53,3.2,23.8057,225910784,607938,43754958
2024-08-14 09:19:58,0,23.8057,225910784,607980,43754986
2024-08-14 09:20:03,3.1,23.8057,225910784,607980,43754986
2024-08-14 09:20:08,0,23.8057,225910784,608430,43755366
2024-08-14 09:20:13,0,23.8057,225910784,608568,43755366
2024-08-14 09:20:19,0,23.8057,225910784,608568,43755366
2024-08-14 09:20:24,6.1,23.8057,225910784,608568,43755366
2024-08-14 09:20:29,0,23.8057,225910784,608658,43755442
2024-08-14 09:20:34,0,23.8057,225910784,608658,43755442
2024-08-14 09:20:39,0,23.8053,225906688,610694,43757502
2024-08-14 09:20:45,3.2,23.8325,226164736,610784,43757578
2024-08-14 09:20:50,6.2,23.8325,226164736,610784,43757578
2024-08-14 09:20:55,3.2,23.8325,226164736,610826,43757606
2024-08-14 09:21:00,0,23.8325,226164736,610916,43757682
2024-08-14 09:21:05,3.2,23.8325,226164736,610916,43757682
2024-08-14 09:21:10,3.2,23.8325,226164736,611096,43757834
2024-08-14 09:21:16,3.1,23.8325,226164736,611366,43758062
2024-08-14 09:21:21,6.1,23.8325,226164736,611366,43758062
2024-08-14 09:21:26,0,23.8325,226164736,611366,43758062
2024-08-14 09:21:31,0,23.8325,226164736,611456,43758138
2024-08-14 09:21:36,3.1,23.8325,226164736,611498,43758166
2024-08-14 09:21:42,0,23.8597,226422784,611498,43758166
2024-08-14 09:21:47,6.2,23.8597,226422784,611630,43758270
2024-08-14 09:21:52,3.2,23.8597,226422784,611630,43758270
2024-08-14 09:21:57,6.2,23.8597,226422784,611630,43758270
2024-08-14 09:22:02,3.2,23.8597,226422784,611720,43758346
2024-08-14 09:22:08,6.2,23.8597,226422784,611720,43758346
2024-08-14 09:22:13,3,23.8597,226422784,611858,43758346
2024-08-14 09:22:18,6.2,23.8592,226418688,612308,43758726
2024-08-14 09:22:23,3.2,23.8592,226418688,612308,43758726
2024-08-14 09:22:28,0,23.8562,226390016,614344,43760786
2024-08-14 09:22:33,0,23.8562,226390016,614434,43760862
2024-08-14 09:22:39,3.1,23.8834,226648064,614434,43760862
2024-08-14 09:22:44,6.1,23.9909,227667968,614476,43760890
2024-08-14 09:22:49,0,23.9909,227667968,614476,43760890
2024-08-14 09:22:54,0,23.9909,227667968,614566,43760966
2024-08-14 09:22:59,5.9,23.9909,227667968,614566,43760966
2024-08-14 09:23:05,0,23.9909,227667968,614566,43760966
2024-08-14 09:23:10,0,23.9904,227663872,614656,43761042
2024-08-14 09:23:15,0,23.9904,227663872,614656,43761042
2024-08-14 09:23:20,3.2,23.9904,227663872,614926,43761270
2024-08-14 09:23:25,3.1,23.9904,227663872,615148,43761450
2024-08-14 09:23:31,3,23.9904,227663872,615148,43761450
2024-08-14 09:23:36,0,23.9909,227667968,615148,43761450
2024-08-14 09:23:41,3.2,23.9904,227663872,615280,43761554
2024-08-14 09:23:46,3.1,23.9904,227663872,615280,43761554
2024-08-14 09:23:51,0,23.9904,227663872,615280,43761554
2024-08-14 09:23:56,3.2,23.9904,227663872,615370,43761630
2024-08-14 09:24:02,3.1,23.9904,227663872,615508,43761630
2024-08-14 09:24:07,3.2,23.9904,227663872,615508,43761630
2024-08-14 09:24:12,5.8,23.9904,227663872,615598,43761706
2024-08-14 09:24:17,0,23.9904,227663872,615640,43761734
2024-08-14 09:24:22,0,23.9904,227663872,615730,43761810
2024-08-14 09:24:28,0,23.9904,227663872,617856,43763946
2024-08-14 09:24:33,0,23.9883,227643392,617910,43763992
2024-08-14 09:24:38,0,23.9883,227643392,617952,43764020
2024-08-14 09:24:43,0,23.9883,227643392,618042,43764096
2024-08-14 09:24:48,0,23.9887,227647488,618042,43764096
2024-08-14 09:24:53,0,24.0431,228163584,618042,43764096
2024-08-14 09:24:59,0,24.1778,229441536,618042,43764096
2024-08-14 09:25:04,0,24.3133,230727680,618132,43764172
2024-08-14 09:25:09,6.2,24.3405,230985728,618132,43764172
2024-08-14 09:25:14,3.1,24.4492,232017920,618132,43764172
2024-08-14 09:25:19,3.2,24.4492,232017920,618222,43764248
2024-08-14 09:25:25,3.2,25.0371,237596672,648614,43954343
2024-08-14 09:25:30,0,25.0371,237596672,648704,43954419
2024-08-14 09:25:35,3.1,25.0371,237596672,649016,43954675
2024-08-14 09:25:40,3.2,25.0371,237596672,649016,43954675
2024-08-14 09:25:45,0,25.0371,237596672,649016,43954675
2024-08-14 09:25:50,6.2,25.0371,237596672,649106,43954751
2024-08-14 09:25:56,6,25.0371,237596672,649106,43954751
2024-08-14 09:26:01,0,25.0371,237596672,649244,43954751
2024-08-14 09:26:06,3,25.0371,237596672,649334,43954827
2024-08-14 09:26:11,3,25.0371,237596672,649334,43954827
2024-08-14 09:26:16,3.2,25.0371,237596672,649556,43955283
2024-08-14 09:26:22,6.2,25.0371,237596672,649688,43955387
2024-08-14 09:26:27,0,25.0371,237596672,649742,43955433
2024-08-14 09:26:32,3.2,25.0371,237596672,651910,43957597
2024-08-14 09:26:37,6.1,25.0371,237596672,652000,43957673
2024-08-14 09:26:42,0,25.0371,237596672,652000,43957673
2024-08-14 09:26:47,3.1,25.0371,237596672,652000,43957673
2024-08-14 09:26:53,3.1,25.0371,237596672,652160,43957749
2024-08-14 09:26:58,5.8,25.0371,237596672,652160,43957749
2024-08-14 09:27:03,0,25.0371,237596672,652160,43957749
2024-08-14 09:27:08,3.2,25.0371,237596672,652160,43957749
2024-08-14 09:27:13,0,25.0643,237854720,652250,43957825
2024-08-14 09:27:19,0,25.0915,238112768,652250,43957825
2024-08-14 09:27:24,0,25.0919,238116864,652250,43957825
2024-08-14 09:27:29,0,25.0919,238116864,652382,43957929
2024-08-14 09:27:34,3.2,25.0919,238116864,652424,43957957
2024-08-14 09:27:39,3.1,25.0915,238112768,652694,43958185
2024-08-14 09:27:45,3.1,25.0915,238112768,652784,43958261
2024-08-14 09:27:50,0,25.0915,238112768,652922,43958261
2024-08-14 09:27:55,3.1,25.0915,238112768,652922,43958261
2024-08-14 09:28:00,3.2,25.0915,238112768,653012,43958337
2024-08-14 09:28:05,3.2,25.0915,238112768,653012,43958337
2024-08-14 09:28:11,3.1,25.0915,238112768,653012,43958337
2024-08-14 09:28:16,0,25.0915,238112768,653102,43958413
2024-08-14 09:28:21,0,25.0915,238112768,653144,43958441
2024-08-14 09:28:26,0,25.0915,238112768,653198,43958533
2024-08-14 09:28:31,0,25.0915,238112768,655324,43960669
2024-08-14 09:28:36,3.2,25.0915,238112768,655324,43960669
2024-08-14 09:28:42,3.2,25.0915,238112768,655414,43960745
2024-08-14 09:28:47,3.2,25.0915,238112768,655504,43960821
2024-08-14 09:28:52,3.1,25.0915,238112768,655504,43960821
2024-08-14 09:28:57,3,25.0915,238112768,655504,43960821
2024-08-14 09:29:02,3.1,25.0915,238112768,655594,43960897
2024-08-14 09:29:08,6.2,25.0915,238112768,655594,43960897
2024-08-14 09:29:13,3.1,25.1187,238370816,655648,43960957
2024-08-14 09:29:18,3.1,25.2003,239144960,655780,43961061
2024-08-14 09:29:23,6.2,25.2003,239144960,655822,43961089
2024-08-14 09:29:28,0,25.2003,239144960,655822,43961089
2024-08-14 09:29:33,0,25.2003,239144960,655822,43961089
2024-08-14 09:29:39,0,25.2003,239144960,655912,43961165
2024-08-14 09:29:44,0,25.2003,239144960,656050,43961165
2024-08-14 09:29:49,0,25.2003,239144960,656230,43961317
2024-08-14 09:29:54,0,25.2003,239144960,656452,43961497
2024-08-14 09:29:59,3.1,25.2003,239144960,656452,43961497
2024-08-14 09:30:05,0,25.2003,239144960,656452,43961497
2024-08-14 09:30:10,0,25.1998,239140864,656542,43961573
2024-08-14 09:30:15,0,25.1998,239140864,656584,43961601
2024-08-14 09:30:20,0,25.3358,240431104,656584,43961601
2024-08-14 09:30:25,3.2,25.3902,240947200,656674,43961677
2024-08-14 09:30:31,3.2,25.4964,241954816,658776,43963737
2024-08-14 09:30:36,3.1,25.4964,241954816,658776,43963737
2024-08-14 09:30:41,0,25.4959,241950720,658866,43963813
2024-08-14 09:30:46,3.2,25.5231,242208768,658866,43963813
2024-08-14 09:30:51,6.2,25.5231,242208768,658956,43963889
2024-08-14 09:30:56,6.1,25.5227,242204672,659088,43963993
2024-08-14 09:31:02,3.2,25.5227,242204672,659088,43963993
2024-08-14 09:31:07,3.1,25.5227,242204672,659088,43963993
2024-08-14 09:31:12,3,25.9578,246333440,681661,43967852
2024-08-14 09:31:17,3.2,25.9578,246333440,699403,43979937
2024-08-14 09:31:22,6.2,25.9509,246267904,708636,43986818
2024-08-14 09:31:28,3.1,25.9435,246198272,711874,43989914
2024-08-14 09:31:33,3.1,25.9418,246181888,721645,43992796
2024-08-14 09:31:38,3.1,25.9418,246181888,721915,43992900
2024-08-14 09:31:43,3.2,25.9418,246181888,728524,43995672
2024-08-14 09:31:48,0,25.9418,246181888,732318,43996908
2024-08-14 09:31:54,3.1,25.9418,246181888,733314,44001532
2024-08-14 09:31:59,0,25.9418,246181888,735157,44003418
2024-08-14 09:32:04,0,25.9418,246181888,743135,44006762
2024-08-14 09:32:09,9.1,25.9401,246165504,757574,44020334
2024-08-14 09:32:14,3.2,25.9396,246161408,766305,44026311
2024-08-14 09:32:20,3,25.9396,246161408,768301,44027323
2024-08-14 09:32:25,12.1,25.9396,246161408,777643,44032036
2024-08-14 09:32:30,15.6,25.9366,246132736,811203,44051627
2024-08-14 09:32:35,6.1,16.8389,159797248,822169,44062340
2024-08-14 09:32:40,3.2,17.002,161345536,822169,44062340
2024-08-14 09:32:46,3,17.0836,162119680,822169,44062340
2024-08-14 09:32:51,6.2,17.1652,162893824,822259,44062416
2024-08-14 09:32:56,6.1,17.327,164429824,822259,44062416
2024-08-14 09:33:01,3.2,17.3538,164683776,822349,44062492
2024-08-14 09:33:06,3.1,17.3538,164683776,822523,44062624
2024-08-14 09:33:11,3,17.3538,164683776,822523,44062624
2024-08-14 09:33:17,0,17.3538,164683776,822523,44062624
2024-08-14 09:33:22,6.2,17.4621,165711872,822613,44062700
2024-08-14 09:33:27,0,17.4621,165711872,822793,44062728
2024-08-14 09:33:32,0,17.4621,165711872,822793,44062728
2024-08-14 09:33:37,0,17.4621,165711872,822883,44062804
2024-08-14 09:33:43,2.9,17.4621,165711872,822883,44062804
2024-08-14 09:33:48,0,17.4621,165711872,822883,44062804
2024-08-14 09:33:53,0,17.4621,165711872,822973,44062880
