2024-08-14 09:15:18,16.7,17.8098,169005056,261972,38637989
2024-08-14 09:15:23,0,18.1702,172425216,314107,45806013
2024-08-14 09:15:28,0,18.197,172679168,314197,45806089
2024-08-14 09:15:34,0,18.276,173428736,314197,45806089
2024-08-14 09:15:39,3.2,18.2751,173420544,314239,45806117
2024-08-14 09:15:44,0,18.2751,173420544,314329,45806193
2024-08-14 09:15:49,6.1,18.2751,173420544,314329,45806193
2024-08-14 09:15:54,3.1,18.304,173694976,314329,45806193
2024-08-14 09:16:00,5.7,18.3036,173690880,314563,45806405
2024-08-14 09:16:05,3.2,18.3036,173690880,314833,45806633
2024-08-14 09:16:10,0,18.3036,173690880,314833,45806633
2024-08-14 09:16:15,0,18.3031,173686784,314833,45806633
2024-08-14 09:16:20,3.1,18.3847,174460928,314923,45806709
2024-08-14 09:16:26,3.2,18.4119,174718976,314965,45806737
2024-08-14 09:16:31,0,18.4391,174977024,314965,45806737
2024-08-14 09:16:36,3.1,18.4391,174977024,315097,45806841
2024-08-14 09:16:41,0,18.4663,175235072,315097,45806841
2024-08-14 09:16:46,0,18.5479,176009216,315235,45806841
2024-08-14 09:16:52,6,18.6018,176521216,315325,45806917
2024-08-14 09:16:57,6.1,18.6286,176775168,315325,45806917
2024-08-14 09:17:02,0,18.683,177291264,315325,45806917
2024-08-14 09:17:07,3.2,18.7102,177549312,315775,45807297
2024-08-14 09:17:12,0,18.7896,178302976,318075,45809355
2024-08-14 09:17:18,3,18.7896,178302976,318075,45809355
2024-08-14 09:17:23,3.1,18.8712,179077120,318165,45809431
2024-08-14 09:17:28,3.2,18.8984,179335168,318165,45809431
2024-08-14 09:17:33,6.2,18.9238,179576832,318207,45809459
2024-08-14 09:17:38,6,18.9238,179576832,318297,45809535
2024-08-14 09:17:44,0,18.9256,179593216,318297,45809535
2024-08-14 09:17:49,3.1,18.9256,179593216,318351,45809581
2024-08-14 09:17:54,3.1,18.9256,179593216,318441,45809657
2024-08-14 09:17:59,3,18.9256,179593216,318483,45809685
2024-08-14 09:18:04,2.9,18.9256,179593216,318483,45809685
2024-08-14 09:18:10,3.2,18.9217,179556352,318663,45809837
2024-08-14 09:18:15,0,18.9476,179802112,318933,45810065
2024-08-14 09:18:20,5.8,18.9476,179802112,318933,45810065
2024-08-14 09:18:25,0,18.9476,179802112,318933,45810065
2024-08-14 09:18:30,0,18.948,179806208,319065,45810169
2024-08-14 09:18:35,3,18.948,179806208,319065,45810169
2024-08-14 09:18:41,0,18.948,179806208,319119,45810215
2024-08-14 09:18:46,3.1,18.948,179806208,319347,45810291
2024-08-14 09:18:51,6.1,18.948,179806208,319347,45810291
2024-08-14 09:18:56,3,18.9739,180051968,319347,45810291
2024-08-14 09:19:01,0,18.9739,180051968,319437,45810367
2024-08-14 09:19:07,0,18.9739,180051968,319479,45810395
2024-08-14 09:19:12,0,18.9739,180051968,321737,45812529
2024-08-14 09:19:17,3,18.9735,180047872,322097,45812833
2024-08-14 09:19:22,3.2,18.9735,180047872,322151,45812879
2024-08-14 09:19:27,3.1,18.9735,180047872,322193,45812907
2024-08-14 09:19:33,0,18.9735,180047872,322283,45812983
2024-08-14 09:19:38,0,18.9735,180047872,322283,45812983
2024-08-14 09:19:43,12.4,22.7317,215711744,329383,45821192
2024-08-14 09:19:48,6,24.4406,231927808,367166,45843216
2024-08-14 09:19:53,9.3,24.4946,232439808,387649,45857323
2024-08-14 09:19:59,0,24.4946,232439808,406073,45871200
2024-08-14 09:20:04,3.1,24.4941,232435712,414715,45876242
2024-08-14 09:20:09,3.1,24.5213,232693760,427972,45881006
2024-08-14 09:20:14,6.1,24.5213,232693760,436664,45889166
2024-08-14 09:20:19,16.2,24.5213,232693760,450035,45896369
2024-08-14 09:20:25,0,24.5135,232620032,477656,45913177
2024-08-14 09:20:30,9.1,24.5381,232853504,509304,45935434
2024-08-14 09:20:35,6.1,24.5364,232837120,532787,45948270
2024-08-14 09:20:40,0,24.536,232833024,552309,45959282
2024-08-14 09:20:45,12.1,24.5377,232849408,574810,45977340
2024-08-14 09:20:51,6.5,24.5619,233078784,595032,45989914
2024-08-14 09:20:56,3.1,24.5981,233422848,627245,46032637
2024-08-14 09:21:01,0,24.631,233734144,642279,46059595
2024-08-14 09:21:06,3.2,24.631,233734144,642279,46059595
2024-08-14 09:21:11,0,24.6543,233955328,644471,46061729
2024-08-14 09:21:17,3.1,24.6543,233955328,644513,46061757
2024-08-14 09:21:22,0,24.6543,233955328,644603,46061833
2024-08-14 09:21:27,0,24.6534,233947136,644963,46062137
2024-08-14 09:21:32,3.2,24.6534,233947136,644963,46062137
2024-08-14 09:21:37,3.1,24.653,233943040,644963,46062137
2024-08-14 09:21:43,3.2,24.653,233943040,645053,46062213
2024-08-14 09:21:48,3.2,24.653,233943040,645053,46062213
2024-08-14 09:21:53,3.2,24.653,233943040,645053,46062213
2024-08-14 09:21:58,6.1,24.6789,234188800,645143,46062289
2024-08-14 09:22:03,0,24.6789,234188800,645185,46062317
2024-08-14 09:22:08,3.2,24.6789,234188800,645185,46062317
2024-08-14 09:22:14,3,24.6789,234188800,645317,46062421
2024-08-14 09:22:19,0,24.6789,234188800,645317,46062421
2024-08-14 09:22:24,3.1,24.6789,234188800,645455,46062421
2024-08-14 09:22:29,0,24.6789,234188800,645725,46062649
2024-08-14 09:22:34,3.1,24.6789,234188800,645947,46062829
2024-08-14 09:22:40,3.1,24.7056,234442752,645947,46062829
2024-08-14 09:22:45,3.1,24.7315,234688512,646107,46062905
2024-08-14 09:22:50,3.1,24.7315,234688512,646107,46062905
2024-08-14 09:22:55,3.2,24.7315,234688512,646107,46062905
2024-08-14 09:23:00,0,24.7315,234688512,646197,46062981
2024-08-14 09:23:06,6.1,24.7315,234688512,646239,46063009
2024-08-14 09:23:11,3.1,24.7311,234684416,648383,46065095
2024-08-14 09:23:16,0,24.7579,234938368,648383,46065095
2024-08-14 09:23:21,3,24.757,234930176,648473,46065171
2024-08-14 09:23:26,0,24.7561,234921984,648473,46065171
2024-08-14 09:23:32,0,24.7561,234921984,648563,46065247
2024-08-14 09:23:37,3,24.7561,234921984,648923,46065551
2024-08-14 09:23:42,6.1,24.7561,234921984,648965,46065579
2024-08-14 09:23:47,3.1,24.7561,234921984,648965,46065579
2024-08-14 09:23:52,6.2,24.7561,234921984,649055,46065655
2024-08-14 09:23:58,5.9,24.7561,234921984,649055,46065655
2024-08-14 09:24:03,0,24.7561,234921984,649055,46065655
2024-08-14 09:24:08,0,24.7561,234921984,649187,46065759
2024-08-14 09:24:13,0,24.7561,234921984,649325,46065759
2024-08-14 09:24:18,0,24.7561,234921984,649325,46065759
2024-08-14 09:24:24,0,24.7561,234921984,649415,46065835
2024-08-14 09:24:29,3,24.7561,234921984,649457,46065863
2024-08-14 09:24:34,0,24.7561,234921984,649457,46065863
2024-08-14 09:24:39,3,24.7557,234917888,649637,46066015
2024-08-14 09:24:44,0,24.7557,234917888,649727,46066091
2024-08-14 09:24:50,0,24.7557,234917888,649727,46066091
2024-08-14 09:24:55,0,24.7557,234917888,649817,46066167
2024-08-14 09:25:00,0,24.7557,234917888,649859,46066195
2024-08-14 09:25:05,0,24.7557,234917888,649901,46066223
2024-08-14 09:25:10,0,24.7557,234917888,652291,46068357
2024-08-14 09:25:15,0,24.7557,234917888,652291,46068357
2024-08-14 09:25:21,0,24.7816,235163648,652345,46068403
2024-08-14 09:25:26,0,24.7816,235163648,652345,46068403
2024-08-14 09:25:31,6.1,24.7816,235163648,652435,46068479
2024-08-14 09:25:36,0,25.6958,243838976,683368,46259889
2024-08-14 09:25:41,3.2,25.6958,243838976,683458,46259965
2024-08-14 09:25:47,3.2,25.6958,243838976,683818,46260269
2024-08-14 09:25:52,3.1,25.6958,243838976,683818,46260269
2024-08-14 09:25:57,6.2,25.6958,243838976,683818,46260269
2024-08-14 09:26:02,0,25.6958,243838976,683950,46260373
2024-08-14 09:26:07,6.1,25.6958,243838976,684088,46260373
2024-08-14 09:26:13,6.2,25.6958,243838976,684142,46260419
2024-08-14 09:26:18,6.2,25.6958,243838976,684274,46260523
2024-08-14 09:26:23,3.2,25.6958,243838976,684274,46260523
2024-08-14 09:26:28,6.2,25.6958,243838976,684274,46260523
2024-08-14 09:26:33,0,25.6958,243838976,684364,46260599
2024-08-14 09:26:39,3.2,23.0201,218447872,684364,46260599
2024-08-14 09:26:44,0,23.1017,219222016,684364,46260599
2024-08-14 09:26:49,3.1,23.1289,219480064,684544,46260751
2024-08-14 09:26:54,3.1,23.2635,220758016,684676,46260855
2024-08-14 09:26:59,3,23.3995,222048256,684718,46260883
2024-08-14 09:27:04,3.1,23.507,223068160,684808,46260959
2024-08-14 09:27:10,0,23.7759,225619968,686844,46263017
2024-08-14 09:27:15,3,23.7759,225619968,686844,46263017
2024-08-14 09:27:20,3.1,23.7754,225615872,686934,46263093
2024-08-14 09:27:25,3.1,23.7754,225615872,686934,46263093
2024-08-14 09:27:30,0,23.7754,225615872,686934,46263093
2024-08-14 09:27:36,0,23.8294,226127872,687024,46263169
2024-08-14 09:27:41,6.2,23.8294,226127872,687066,46263197
2024-08-14 09:27:46,0,23.9377,227155968,687066,46263197
2024-08-14 09:27:51,3.2,24.1281,228962304,687288,46263377
2024-08-14 09:27:56,5.7,24.2097,229736448,687468,46263529
2024-08-14 09:28:02,3.1,24.2097,229736448,687468,46263529
2024-08-14 09:28:07,3.2,24.2097,229736448,687606,46263529
2024-08-14 09:28:12,3.1,24.2097,229736448,687696,46263605
2024-08-14 09:28:17,6.2,24.2097,229736448,687738,46263633
2024-08-14 09:28:22,0,24.2097,229736448,687738,46263633
2024-08-14 09:28:28,0,24.2097,229736448,687828,46263709
2024-08-14 09:28:33,3.1,24.2097,229736448,687828,46263709
2024-08-14 09:28:38,3.2,24.2097,229736448,687828,46263709
2024-08-14 09:28:43,0,24.2097,229736448,687918,46263785
2024-08-14 09:28:48,0,24.2338,229965824,688002,46263841
2024-08-14 09:28:53,3.2,24.2338,229965824,688002,46263841
2024-08-14 09:28:59,0,24.2338,229965824,688272,46264069
2024-08-14 09:29:04,3.1,24.2338,229965824,688272,46264069
2024-08-14 09:29:09,0,24.2623,230236160,690572,46266127
2024-08-14 09:29:14,0,24.2623,230236160,690704,46266231
2024-08-14 09:29:19,5.9,24.2623,230236160,690704,46266231
2024-08-14 09:29:25,0,24.2623,230236160,690704,46266231
2024-08-14 09:29:30,3.2,24.2623,230236160,690794,46266307
2024-08-14 09:29:35,6.2,24.2623,230236160,690794,46266307
2024-08-14 09:29:40,6.2,24.2623,230236160,690794,46266307
2024-08-14 09:29:45,0,24.2623,230236160,690926,46266411
2024-08-14 09:29:51,0,24.2882,230481920,690968,46266439
2024-08-14 09:29:56,0,24.2882,230481920,690968,46266439
2024-08-14 09:30:01,6,24.2882,230481920,691148,46266591
2024-08-14 09:30:06,3.2,24.2874,230473728,691466,46266743
2024-08-14 09:30:11,3.2,24.2874,230473728,691466,46266743
2024-08-14 09:30:17,0,24.2874,230473728,691466,46266743
2024-08-14 09:30:22,0,24.2874,230473728,691556,46266819
2024-08-14 09:30:27,6.1,24.2874,230473728,691598,46266847
2024-08-14 09:30:32,0,24.2874,230473728,691598,46266847
2024-08-14 09:30:37,3,24.2874,230473728,691688,46266923
2024-08-14 09:30:43,0,24.2874,230473728,691730,46266951
2024-08-14 09:30:48,11.8,24.2874,230473728,691730,46266951
2024-08-14 09:30:53,6,24.2874,230473728,691820,46267027
2024-08-14 09:30:58,3.1,24.2874,230473728,691862,46267055
2024-08-14 09:31:03,3,24.2874,230473728,691916,46267147
2024-08-14 09:31:09,0,24.2874,230473728,694288,46269433
2024-08-14 09:31:14,3.1,24.2874,230473728,694346,46269525
2024-08-14 09:31:19,0,24.2874,230473728,694346,46269525
2024-08-14 09:31:24,3,24.5593,233054208,716879,46273353
2024-08-14 09:31:29,3.2,24.6409,233828352,717275,46274013
2024-08-14 09:31:35,3.2,25.1847,238989312,741839,46283429
2024-08-14 09:31:40,6.1,25.1847,238989312,742319,46284077
2024-08-14 09:31:45,0,25.1847,238989312,753830,46286989
2024-08-14 09:31:50,3.1,25.3479,240537600,765424,46289266
2024-08-14 09:31:55,3.1,25.4562,241565696,768130,46292427
2024-08-14 09:32:01,6,25.4834,241823744,777979,46298423
2024-08-14 09:32:06,0,25.7554,244404224,795071,46306961
2024-08-14 09:32:11,14.7,25.7485,244338688,819742,46324444
2024-08-14 09:32:16,9.3,25.7394,244252672,837931,46335947
2024-08-14 09:32:21,3.1,25.7377,244236288,856317,46345974
2024-08-14 09:32:27,3.2,25.7372,244232192,870009,46354066
2024-08-14 09:32:32,0,17.1865,163090432,875417,46361793
2024-08-14 09:32:37,0,17.1865,163090432,875459,46361821
2024-08-14 09:32:42,3.2,17.2396,163594240,875459,46361821
2024-08-14 09:32:47,0,17.2668,163852288,875549,46361897
2024-08-14 09:32:53,6.2,17.2664,163848192,880227,46369889
2024-08-14 09:32:58,0,17.2935,164106240,880359,46370045
2024-08-14 09:33:03,3.2,17.4295,165396480,880449,46370121
2024-08-14 09:33:08,3,17.4295,165396480,880449,46370121
2024-08-14 09:33:13,3.1,17.4295,165396480,880449,46370121
2024-08-14 09:33:18,0,17.4295,165396480,880719,46370349
2024-08-14 09:33:24,3.2,17.4295,165396480,880893,46370395
2024-08-14 09:33:29,0,17.4839,165912576,880993,46370423
2024-08-14 09:33:34,3.2,17.4839,165912576,881125,46370527
2024-08-14 09:33:39,3.1,17.4839,165912576,881183,46370527
2024-08-14 09:33:44,3.2,17.4839,165912576,881183,46370527
2024-08-14 09:33:50,3.1,17.4839,165912576,881273,46370603
2024-08-14 09:33:55,0,17.4839,165912576,881469,46370603
2024-08-14 09:34:00,6.2,17.4835,165908480,881469,46370603
2024-08-14 09:34:05,0,17.4835,165908480,881559,46370679
2024-08-14 09:34:10,0,17.5646,166678528,883793,46372737
2024-08-14 09:34:16,0,17.619,167194624,883793,46372737
