2024-08-14 09:17:21,11.8,17.7114,168071168,179650,29145940
2024-08-14 09:17:26,6.1,18.6247,176738304,289465,46008048
2024-08-14 09:17:31,3.2,18.6264,176754688,289555,46008124
2024-08-14 09:17:36,0,18.6264,176754688,289555,46008124
2024-08-14 09:17:42,0,18.6536,177012736,289555,46008124
2024-08-14 09:17:47,0,18.6808,177270784,289645,46008200
2024-08-14 09:17:52,3.1,18.6808,177270784,289645,46008200
2024-08-14 09:17:57,6.1,18.708,177528832,289699,46008246
2024-08-14 09:18:02,0,18.7624,178044928,289843,46008368
2024-08-14 09:18:08,3,18.844,178819072,289843,46008368
2024-08-14 09:18:13,0,18.98,180109312,289885,46008396
2024-08-14 09:18:18,0,18.98,180109312,290335,46008776
2024-08-14 09:18:23,3.1,19.0883,181137408,290377,46008804
2024-08-14 09:18:28,6.2,19.1971,182169600,290377,46008804
2024-08-14 09:18:34,2.9,19.2243,182427648,290467,46008880
2024-08-14 09:18:39,3,19.5234,185266176,292569,46010939
2024-08-14 09:18:44,3.2,19.5234,185266176,292569,46010939
2024-08-14 09:18:49,3.1,19.5778,185782272,292797,46011015
2024-08-14 09:18:54,3.1,19.605,186040320,292797,46011015
2024-08-14 09:19:00,0,19.605,186040320,292797,46011015
2024-08-14 09:19:05,5.9,19.605,186040320,292887,46011091
2024-08-14 09:19:10,0,19.605,186040320,292929,46011119
2024-08-14 09:19:15,6.1,19.605,186040320,292929,46011119
2024-08-14 09:19:20,6.1,19.6322,186298368,293199,46011347
2024-08-14 09:19:26,0,16.8792,160174080,293421,46011527
2024-08-14 09:19:31,0,16.9879,161206272,293421,46011527
2024-08-14 09:19:36,0,17.1226,162484224,293421,46011527
2024-08-14 09:19:41,3.2,17.2551,163741696,293511,46011603
2024-08-14 09:19:46,5.7,17.2823,163999744,293511,46011603
2024-08-14 09:19:52,0,21.9388,208187392,296986,46013512
2024-08-14 09:19:57,35.3,23.5143,223137792,327143,46036166
2024-08-14 09:20:02,0,23.7582,225452032,346322,46046934
2024-08-14 09:20:07,0,23.7582,225452032,358645,46055761
2024-08-14 09:20:12,3.2,23.7849,225705984,366057,46061252
2024-08-14 09:20:18,12.5,23.7849,225705984,385127,46074003
2024-08-14 09:20:23,10,23.8389,226217984,420627,46092821
2024-08-14 09:20:28,0,23.9964,227713024,456843,46122152
2024-08-14 09:20:33,0,23.9956,227704832,489480,46142750
2024-08-14 09:20:38,9.7,24.0206,227942400,508625,46153873
2024-08-14 09:20:44,9.1,24.0172,227909632,527752,46162690
2024-08-14 09:20:49,6.2,24.0163,227901440,545923,46180955
2024-08-14 09:20:54,0,24.0219,227954688,567806,46202879
2024-08-14 09:20:59,3.1,24.031,228040704,590725,46243787
2024-08-14 09:21:04,6.1,24.0327,228057088,590947,46244067
2024-08-14 09:21:10,0,24.0327,228057088,591001,46244113
2024-08-14 09:21:15,0,24.0318,228048896,591091,46244189
2024-08-14 09:21:20,0,24.059,228306944,591091,46244189
2024-08-14 09:21:25,3,24.1121,228810752,591091,46244189
2024-08-14 09:21:30,0,24.1121,228810752,591451,46244493
2024-08-14 09:21:36,2.9,24.1393,229068800,591541,46244569
2024-08-14 09:21:41,6,24.1656,229318656,593841,46246628
2024-08-14 09:21:46,0,24.1928,229576704,593883,46246656
2024-08-14 09:21:51,3.1,24.2161,229797888,593973,46246732
2024-08-14 09:21:56,8.4,24.2161,229797888,594015,46246760
2024-08-14 09:22:02,3.2,24.2161,229797888,594015,46246760
2024-08-14 09:22:07,0,24.2161,229797888,594105,46246836
2024-08-14 09:22:12,3.1,24.2161,229797888,594105,46246836
2024-08-14 09:22:17,0,24.2161,229797888,594105,46246836
2024-08-14 09:22:22,0,24.2161,229797888,594195,46246912
2024-08-14 09:22:28,3.2,24.2079,229720064,594237,46246940
2024-08-14 09:22:33,3.1,24.2079,229720064,594645,46247092
2024-08-14 09:22:38,3.1,24.2075,229715968,594879,46247366
2024-08-14 09:22:43,5.9,24.2075,229715968,594879,46247366
2024-08-14 09:22:48,3,24.2075,229715968,594879,46247366
2024-08-14 09:22:54,3.2,24.2075,229715968,595065,46247516
2024-08-14 09:22:59,3.1,24.2075,229715968,595065,46247516
2024-08-14 09:23:04,6.1,24.2075,229715968,595065,46247516
2024-08-14 09:23:09,3,24.2075,229715968,595155,46247592
2024-08-14 09:23:14,3.2,24.2067,229707776,595197,46247620
2024-08-14 09:23:20,0,24.2067,229707776,595197,46247620
2024-08-14 09:23:25,3.1,24.2062,229703680,595287,46247696
2024-08-14 09:23:30,6.1,24.2062,229703680,595287,46247696
2024-08-14 09:23:35,0,24.2058,229699584,595287,46247696
2024-08-14 09:23:40,3.2,24.2054,229695488,598037,46250135
2024-08-14 09:23:45,3,24.2045,229687296,598037,46250135
2024-08-14 09:23:51,6.2,24.2045,229687296,598079,46250163
2024-08-14 09:23:56,3.1,24.2589,230203392,598079,46250163
2024-08-14 09:24:01,6.2,24.2589,230203392,598169,46250239
2024-08-14 09:24:06,0,24.2589,230203392,598169,46250239
2024-08-14 09:24:11,0,24.2589,230203392,598169,46250239
2024-08-14 09:24:17,3,24.2589,230203392,598259,46250315
2024-08-14 09:24:22,0,24.2589,230203392,598397,46250315
2024-08-14 09:24:27,0,24.2589,230203392,598397,46250315
2024-08-14 09:24:32,6.2,24.2589,230203392,598557,46250391
2024-08-14 09:24:37,3.1,24.2589,230203392,598599,46250419
2024-08-14 09:24:43,0,24.2589,230203392,598779,46250571
2024-08-14 09:24:48,3.1,24.2584,230199296,598911,46250675
2024-08-14 09:24:53,3.2,24.2584,230199296,599085,46250721
2024-08-14 09:24:58,3.1,24.2567,230182912,599143,46250721
2024-08-14 09:25:03,3,24.2567,230182912,599233,46250797
2024-08-14 09:25:09,3.2,24.2567,230182912,599291,46250797
2024-08-14 09:25:14,0,24.2839,230440960,599291,46250797
2024-08-14 09:25:19,3.1,24.3111,230699008,599381,46250873
2024-08-14 09:25:24,0,24.3111,230699008,599535,46250947
2024-08-14 09:25:29,3.2,24.3111,230699008,599651,46250993
2024-08-14 09:25:35,3.1,24.3111,230699008,599799,46251069
2024-08-14 09:25:40,0,24.6832,234229760,632908,46443212
2024-08-14 09:25:45,6.2,24.6832,234229760,633008,46443240
2024-08-14 09:25:50,0,24.6832,234229760,633458,46443620
2024-08-14 09:25:55,3,24.6832,234229760,633458,46443620
2024-08-14 09:26:01,0,24.6832,234229760,633516,46443620
2024-08-14 09:26:06,0,24.7376,234745856,633606,46443696
2024-08-14 09:26:11,3.2,24.7648,235003904,633606,46443696
2024-08-14 09:26:16,3.1,24.8187,235515904,633660,46443742
2024-08-14 09:26:21,3.1,24.8187,235515904,633888,46443818
2024-08-14 09:26:27,3.1,24.8187,235515904,633930,46443846
2024-08-14 09:26:32,3.1,24.8187,235515904,633930,46443846
2024-08-14 09:26:37,5.8,24.8731,236032000,633972,46443874
2024-08-14 09:26:42,3.2,24.9275,236548096,634116,46443996
2024-08-14 09:26:47,3.2,25.0363,237580288,634116,46443996
2024-08-14 09:26:53,3,22.3959,212525056,634296,46444148
2024-08-14 09:26:58,0,22.5047,213557248,634386,46444224
2024-08-14 09:27:03,0,22.613,214585344,634386,46444224
2024-08-14 09:27:08,3.1,22.6946,215359488,634440,46444270
2024-08-14 09:27:13,0,22.6946,215359488,634572,46444374
2024-08-14 09:27:19,3,22.8021,216379392,634572,46444374
2024-08-14 09:27:24,0,22.9381,217669632,634572,46444374
2024-08-14 09:27:29,0,22.9376,217665536,634662,46444450
2024-08-14 09:27:34,3.1,23.0464,218697728,634704,46444478
2024-08-14 09:27:39,6,23.125,219443200,636806,46446537
2024-08-14 09:27:45,3.2,23.1509,219688960,636896,46446613
2024-08-14 09:27:50,0,23.1509,219688960,636950,46446659
2024-08-14 09:27:55,0,23.1509,219688960,637040,46446735
2024-08-14 09:28:00,0,23.1781,219947008,637400,46447039
2024-08-14 09:28:05,0,23.2053,220205056,637400,46447039
2024-08-14 09:28:11,0,23.232,220459008,637400,46447039
2024-08-14 09:28:16,0,23.232,220459008,637628,46447115
2024-08-14 09:28:21,0,23.232,220459008,637670,46447143
2024-08-14 09:28:26,2.9,23.232,220459008,637670,46447143
2024-08-14 09:28:32,0,23.232,220459008,637802,46447247
2024-08-14 09:28:37,0,23.2579,220704768,637856,46447293
2024-08-14 09:28:42,3.1,23.2851,220962816,637856,46447293
2024-08-14 09:28:47,6.2,23.3395,221478912,637946,46447369
2024-08-14 09:28:52,3.2,23.5014,223014912,637988,46447397
2024-08-14 09:28:57,0,23.5557,223531008,637988,46447397
2024-08-14 09:29:03,6.2,23.6373,224305152,638168,46447549
2024-08-14 09:29:08,3.1,23.7461,225337344,638168,46447549
2024-08-14 09:29:13,3.2,23.7461,225337344,638168,46447549
2024-08-14 09:29:18,0,23.7461,225337344,638168,46447549
2024-08-14 09:29:23,6.2,23.7461,225337344,638258,46447625
2024-08-14 09:29:29,3.1,23.7461,225337344,638342,46447681
2024-08-14 09:29:34,5.8,23.7461,225337344,638342,46447681
2024-08-14 09:29:39,0,23.7461,225337344,640534,46449816
2024-08-14 09:29:44,3.2,23.7461,225337344,640534,46449816
2024-08-14 09:29:49,0,23.7457,225333248,640534,46449816
2024-08-14 09:29:55,6,23.7457,225333248,640624,46449892
2024-08-14 09:30:00,0,23.7457,225333248,640624,46449892
2024-08-14 09:30:05,3.2,23.7457,225333248,640804,46450044
2024-08-14 09:30:10,0,23.7452,225329152,641254,46450300
2024-08-14 09:30:15,3.1,23.7452,225329152,641308,46450346
2024-08-14 09:30:21,0,23.7452,225329152,641308,46450346
2024-08-14 09:30:26,3.2,23.7452,225329152,641440,46450450
2024-08-14 09:30:31,3.2,23.7448,225325056,641440,46450450
2024-08-14 09:30:36,3,23.7448,225325056,641440,46450450
2024-08-14 09:30:41,5.9,23.7448,225325056,641530,46450526
2024-08-14 09:30:47,0,23.7448,225325056,641626,46450614
2024-08-14 09:30:52,6,23.7448,225325056,641626,46450614
2024-08-14 09:30:57,0,23.7448,225325056,641716,46450690
2024-08-14 09:31:02,6.1,23.7448,225325056,641716,46450690
2024-08-14 09:31:07,6,23.7448,225325056,641716,46450690
2024-08-14 09:31:13,5.7,23.7448,225325056,641896,46450842
2024-08-14 09:31:18,0,23.7448,225325056,641938,46450870
2024-08-14 09:31:23,5.6,23.7448,225325056,641980,46450898
2024-08-14 09:31:28,5.8,24.7781,235130880,664419,46454652
2024-08-14 09:31:33,0,24.8597,235905024,664509,46454728
2024-08-14 09:31:39,51.4,24.8597,235905024,688001,46461207
2024-08-14 09:31:44,2.9,24.9685,236937216,691843,46463687
2024-08-14 09:31:49,0,24.9681,236933120,694597,46468539
2024-08-14 09:31:54,6.1,25.376,240803840,718263,46473303
2024-08-14 09:31:59,0,25.376,240803840,718509,46473523
2024-08-14 09:32:05,8.6,25.4031,241061888,725007,46484179
2024-08-14 09:32:10,0,25.4031,241061888,751739,46495111
2024-08-14 09:32:15,6.5,25.398,241012736,775599,46509623
2024-08-14 09:32:20,3.1,25.3855,240893952,797704,46522927
2024-08-14 09:32:25,0,25.385,240889856,818454,46533920
2024-08-14 09:32:31,3.1,18.206,172765184,823888,46541524
2024-08-14 09:32:36,0,18.2332,173023232,823978,46541600
2024-08-14 09:32:41,3,18.2328,173019136,828632,46549629
2024-08-14 09:32:46,0,18.2345,173035520,828632,46549629
2024-08-14 09:32:51,3.1,18.2604,173281280,828854,46549861
2024-08-14 09:32:57,3.1,18.2604,173281280,828854,46549861
2024-08-14 09:33:02,0,18.2846,173510656,828854,46549861
2024-08-14 09:33:07,3,18.2846,173510656,828944,46549937
2024-08-14 09:33:12,3.1,18.2846,173510656,829028,46549993
2024-08-14 09:33:17,6.2,18.2846,173510656,829028,46549993
2024-08-14 09:33:23,3.1,18.2846,173510656,829118,46550069
2024-08-14 09:33:28,0,18.2846,173510656,829118,46550069
2024-08-14 09:33:33,3.1,18.2846,173510656,829118,46550069
2024-08-14 09:33:38,3.1,18.3372,174010368,831352,46552128
2024-08-14 09:33:43,0,18.3372,174010368,831442,46552204
2024-08-14 09:33:49,0,18.3372,174010368,831442,46552204
2024-08-14 09:33:54,3.1,18.4443,175026176,831580,46552204
2024-08-14 09:33:59,3.2,18.5548,176074752,831670,46552280
2024-08-14 09:34:04,3,18.582,176332800,831670,46552280
2024-08-14 09:34:10,0,18.6092,176590848,831712,46552308
2024-08-14 09:34:15,0,18.6908,177364992,831802,46552384
2024-08-14 09:34:20,0,18.8267,178655232,831844,46552412
2024-08-14 09:34:25,3,18.8267,178655232,832024,46552564
2024-08-14 09:34:30,0,18.8267,178655232,832294,46552792
2024-08-14 09:34:35,3.1,18.8267,178655232,832294,46552792
2024-08-14 09:34:41,0,18.8267,178655232,832294,46552792
