2024-08-14 09:13:39,23.6,18.0548,171335680,232311,35100734
2024-08-14 09:13:45,3.2,17.889,169762816,297446,43556598
2024-08-14 09:13:50,0,17.889,169762816,297536,43556674
2024-08-14 09:13:55,0,17.889,169762816,297536,43556674
2024-08-14 09:14:00,3.1,17.889,169762816,297680,43556842
2024-08-14 09:14:05,3.2,17.9162,170020864,297680,43556842
2024-08-14 09:14:11,3.2,17.9978,170795008,297722,43556870
2024-08-14 09:14:16,0,18.0522,171311104,297812,43556946
2024-08-14 09:14:21,3.1,18.0522,171311104,297854,43556974
2024-08-14 09:14:26,6.1,18.0522,171311104,297854,43556974
2024-08-14 09:14:31,6.2,18.0522,171311104,297854,43556974
2024-08-14 09:14:37,3.1,18.0781,171556864,297944,43557050
2024-08-14 09:14:42,0,18.0781,171556864,297944,43557050
2024-08-14 09:14:47,0,18.1022,171786240,298262,43557202
2024-08-14 09:14:52,3,18.1018,171782144,298532,43557430
2024-08-14 09:14:57,0,18.1018,171782144,298574,43557458
2024-08-14 09:15:03,3.1,18.1035,171798528,298574,43557458
2024-08-14 09:15:08,3.1,18.1031,171794432,298706,43557562
2024-08-14 09:15:13,3.1,18.1031,171794432,298706,43557562
2024-08-14 09:15:18,0,18.1031,171794432,298706,43557562
2024-08-14 09:15:23,2.9,18.2658,173338624,301030,43559698
2024-08-14 09:15:29,2.8,18.2658,173338624,301030,43559698
2024-08-14 09:15:34,0,18.2658,173338624,301030,43559698
2024-08-14 09:15:39,3,18.2654,173334528,301120,43559774
2024-08-14 09:15:44,5.8,18.2654,173334528,301120,43559774
2024-08-14 09:15:49,3,18.2654,173334528,301120,43559774
2024-08-14 09:15:55,5.6,18.265,173330432,301570,43560154
2024-08-14 09:16:00,5.6,18.265,173330432,301612,43560182
2024-08-14 09:16:05,0,18.2654,173334528,301654,43560210
2024-08-14 09:16:10,3.2,18.2654,173334528,301744,43560286
2024-08-14 09:16:15,0,18.2658,173338624,301744,43560286
2024-08-14 09:16:21,3.2,18.2641,173322240,301744,43560286
2024-08-14 09:16:26,2.9,18.2637,173318144,301834,43560362
2024-08-14 09:16:31,0,18.2637,173318144,301876,43560390
2024-08-14 09:16:36,3.1,18.2637,173318144,301946,43560390
2024-08-14 09:16:42,3.2,18.2637,173318144,302036,43560466
2024-08-14 09:16:47,3.1,18.2637,173318144,302174,43560466
2024-08-14 09:16:52,6,18.2615,173297664,302174,43560466
2024-08-14 09:16:57,3.1,18.2615,173297664,302444,43560694
2024-08-14 09:17:02,3,18.2615,173297664,302708,43560902
2024-08-14 09:17:08,0,18.2615,173297664,302708,43560902
2024-08-14 09:17:13,3.1,18.2615,173297664,302708,43560902
2024-08-14 09:17:18,0,18.2615,173297664,302798,43560978
2024-08-14 09:17:23,0,18.2887,173555712,304966,43563038
2024-08-14 09:17:28,0,18.2887,173555712,304966,43563038
2024-08-14 09:17:34,0,18.2887,173555712,305056,43563114
2024-08-14 09:17:39,0,18.2887,173555712,305056,43563114
2024-08-14 09:17:44,2.8,18.3146,173801472,305110,43563160
2024-08-14 09:17:49,6,18.3137,173793280,305200,43563236
2024-08-14 09:17:54,0,18.3137,173793280,305200,43563236
2024-08-14 09:18:00,0,18.3137,173793280,305242,43563264
2024-08-14 09:18:05,0,18.3137,173793280,305734,43563672
2024-08-14 09:18:10,3.2,18.3137,173793280,305734,43563672
2024-08-14 09:18:15,0,18.3137,173793280,305734,43563672
2024-08-14 09:18:20,0,18.3137,173793280,305824,43563748
2024-08-14 09:18:26,0,18.3137,173793280,305824,43563748
2024-08-14 09:18:31,3.1,18.3137,173793280,305824,43563748
2024-08-14 09:18:36,0,18.3137,173793280,306052,43563824
2024-08-14 09:18:41,3,18.3137,173793280,306094,43563852
2024-08-14 09:18:46,3.2,18.3038,173699072,306094,43563852
2024-08-14 09:18:52,0,18.3021,173682688,306226,43563956
2024-08-14 09:18:57,0,18.3021,173682688,306226,43563956
2024-08-14 09:19:02,3.1,18.3038,173699072,306226,43563956
2024-08-14 09:19:07,3.2,18.3297,173944832,306586,43564260
2024-08-14 09:19:12,5.9,18.3293,173940736,306772,43564410
2024-08-14 09:19:18,0,18.3293,173940736,306772,43564410
2024-08-14 09:19:23,5.8,18.356,174194688,308898,43566546
2024-08-14 09:19:28,6,18.3815,174436352,308898,43566546
2024-08-14 09:19:33,0,18.3815,174436352,308898,43566546
2024-08-14 09:19:38,3,18.3815,174436352,308898,43566546
2024-08-14 09:19:44,3,23.2001,220164096,400604,43628568
2024-08-14 09:19:49,0,23.28,220921856,416015,43636224
2024-08-14 09:19:54,8.4,23.2804,220925952,458918,43665636
2024-08-14 09:19:59,0,23.2813,220934144,484266,43685116
2024-08-14 09:20:04,23.5,23.2843,220962816,520751,43712547
2024-08-14 09:20:10,0,23.286,220979200,536849,43725103
2024-08-14 09:20:15,6,23.286,220979200,541168,43730645
2024-08-14 09:20:20,0,23.2899,221016064,587555,43769174
2024-08-14 09:20:25,0,23.3443,221532160,591958,43777381
2024-08-14 09:20:30,3.1,23.3447,221536256,593835,43778448
2024-08-14 09:20:36,3.2,23.3447,221536256,596547,43779992
2024-08-14 09:20:41,0,23.3706,221782016,598029,43780760
2024-08-14 09:20:46,3.1,23.3974,222035968,601193,43782406
2024-08-14 09:20:51,6.2,23.4246,222294016,604795,43784383
2024-08-14 09:20:56,6.2,23.4535,222568448,611514,43797169
2024-08-14 09:21:02,0,23.5079,223084544,611604,43797245
2024-08-14 09:21:07,3.1,23.5079,223084544,611604,43797245
2024-08-14 09:21:12,6.2,23.671,224632832,611604,43797245
2024-08-14 09:21:17,3,23.7254,225148928,611964,43797549
2024-08-14 09:21:22,0,23.7526,225406976,614246,43799995
2024-08-14 09:21:28,0,23.7526,225406976,614246,43799995
2024-08-14 09:21:33,3.2,23.7526,225406976,614336,43800071
2024-08-14 09:21:38,0,23.8614,226439168,614336,43800071
2024-08-14 09:21:43,3.2,24.1057,228757504,614378,43800099
2024-08-14 09:21:48,6.1,24.1329,229015552,614378,43800099
2024-08-14 09:21:54,3.1,24.1601,229273600,614468,43800175
2024-08-14 09:21:59,3.2,24.293,230535168,614510,43800203
2024-08-14 09:22:04,0,24.3474,231051264,614510,43800203
2024-08-14 09:22:09,0,24.3746,231309312,614600,43800279
2024-08-14 09:22:14,3,24.3746,231309312,614600,43800279
2024-08-14 09:22:20,0,24.429,231825408,614780,43800431
2024-08-14 09:22:25,3,24.6167,233607168,615188,43800659
2024-08-14 09:22:30,3.2,24.7242,234627072,615230,43800687
2024-08-14 09:22:35,5.6,22.1543,210239488,615230,43800687
2024-08-14 09:22:41,3.1,22.289,211517440,615362,43800791
2024-08-14 09:22:46,0,22.3162,211775488,615362,43800791
2024-08-14 09:22:51,0,22.3973,212545536,615416,43800837
2024-08-14 09:22:56,6.2,22.4517,213061632,615506,43800913
2024-08-14 09:23:01,0,22.4517,213061632,615506,43800913
2024-08-14 09:23:07,0,22.4517,213061632,615506,43800913
2024-08-14 09:23:12,0,22.4513,213057536,615596,43800989
2024-08-14 09:23:17,3.1,22.453,213073920,615638,43801017
2024-08-14 09:23:22,5.8,22.5859,214335488,617674,43803077
2024-08-14 09:23:27,5.7,22.5859,214335488,618124,43803457
2024-08-14 09:23:33,3.1,22.5859,214335488,618124,43803457
2024-08-14 09:23:38,0,22.5859,214335488,618166,43803485
2024-08-14 09:23:43,6,22.6131,214593536,618256,43803561
2024-08-14 09:23:48,0,22.6131,214593536,618256,43803561
2024-08-14 09:23:53,3.1,22.6131,214593536,618256,43803561
2024-08-14 09:23:58,0,22.6131,214593536,618346,43803637
2024-08-14 09:24:04,0,22.6127,214589440,618346,43803637
2024-08-14 09:24:09,0,22.6658,215093248,618346,43803637
2024-08-14 09:24:14,3.1,22.7202,215609344,618346,43803637
2024-08-14 09:24:19,0,22.7733,216113152,618436,43803713
2024-08-14 09:24:24,2.9,22.7992,216358912,618616,43803741
2024-08-14 09:24:30,0,22.7992,216358912,618658,43803769
2024-08-14 09:24:35,3.1,22.7992,216358912,618748,43803845
2024-08-14 09:24:40,3.1,22.7992,216358912,618748,43803845
2024-08-14 09:24:45,3.1,22.7992,216358912,618748,43803845
2024-08-14 09:24:50,6.2,22.7992,216358912,618838,43803921
2024-08-14 09:24:56,0,22.7992,216358912,618838,43803921
2024-08-14 09:25:01,2.9,22.7992,216358912,618838,43803921
2024-08-14 09:25:06,0,22.7992,216358912,618928,43803997
2024-08-14 09:25:11,3.1,22.7992,216358912,618970,43804025
2024-08-14 09:25:17,3.2,22.7992,216358912,618970,43804025
2024-08-14 09:25:22,0,22.9079,217391104,621240,43806161
2024-08-14 09:25:27,0,22.9079,217391104,621282,43806189
2024-08-14 09:25:32,0,24.1212,228904960,652468,43996247
2024-08-14 09:25:37,6.2,24.1212,228904960,652972,43996673
2024-08-14 09:25:43,0,24.1212,228904960,653026,43996719
2024-08-14 09:25:48,3.1,24.1212,228904960,653026,43996719
2024-08-14 09:25:53,0,24.1212,228904960,653116,43996795
2024-08-14 09:25:58,3,24.1212,228904960,653116,43996795
2024-08-14 09:26:03,2.9,24.1212,228904960,653116,43996795
2024-08-14 09:26:08,0,24.1212,228904960,653206,43996871
2024-08-14 09:26:14,3,24.1208,228900864,653206,43996871
2024-08-14 09:26:19,0,24.3107,230703104,653344,43996871
2024-08-14 09:26:24,3.1,24.3107,230703104,653476,43996975
2024-08-14 09:26:29,0,24.3107,230703104,653588,43997003
2024-08-14 09:26:35,0,24.3107,230703104,653588,43997003
2024-08-14 09:26:40,0,24.3107,230703104,653588,43997003
2024-08-14 09:26:45,2.9,24.3107,230703104,653678,43997079
2024-08-14 09:26:50,3.1,24.3107,230703104,653678,43997079
2024-08-14 09:26:55,3.1,24.3107,230703104,653678,43997079
2024-08-14 09:27:01,3,24.3107,230703104,653768,43997155
2024-08-14 09:27:06,0,24.3107,230703104,653768,43997155
2024-08-14 09:27:11,3.1,24.3107,230703104,653768,43997155
2024-08-14 09:27:16,6.1,24.3107,230703104,653858,43997231
2024-08-14 09:27:21,2.9,24.3107,230703104,656056,43999347
2024-08-14 09:27:27,0,24.3107,230703104,656056,43999347
2024-08-14 09:27:32,0,24.3651,231219200,656146,43999423
2024-08-14 09:27:37,3.2,24.3923,231477248,656146,43999423
2024-08-14 09:27:42,0,24.6098,233541632,656146,43999423
2024-08-14 09:27:47,8.8,24.6366,233795584,656596,43999803
2024-08-14 09:27:53,0,24.6366,233795584,656596,43999803
2024-08-14 09:27:58,3,24.6366,233795584,656596,43999803
2024-08-14 09:28:03,3.1,24.6366,233795584,656686,43999879
2024-08-14 09:28:08,0,24.6366,233795584,656728,43999907
2024-08-14 09:28:13,0,24.6366,233795584,656728,43999907
2024-08-14 09:28:19,0,24.6366,233795584,656998,44000011
2024-08-14 09:28:24,0,24.6366,233795584,657052,44000057
2024-08-14 09:28:29,3.1,24.6366,233795584,657052,44000057
2024-08-14 09:28:34,0,24.6366,233795584,657142,44000133
2024-08-14 09:28:39,0,24.6366,233795584,657142,44000133
2024-08-14 09:28:45,0,24.6366,233795584,657142,44000133
2024-08-14 09:28:50,0,24.6366,233795584,657232,44000209
2024-08-14 09:28:55,3.1,24.6366,233795584,657274,44000237
2024-08-14 09:29:00,3.1,24.6366,233795584,657274,44000237
2024-08-14 09:29:05,2.9,24.6366,233795584,657274,44000237
2024-08-14 09:29:11,3,24.6366,233795584,657406,44000341
2024-08-14 09:29:16,0,24.6366,233795584,657406,44000341
2024-08-14 09:29:21,8.6,24.6366,233795584,659508,44002401
2024-08-14 09:29:26,3,24.6366,233795584,659598,44002477
2024-08-14 09:29:32,3.1,24.6366,233795584,659652,44002537
2024-08-14 09:29:37,6.2,24.6366,233795584,659652,44002537
2024-08-14 09:29:42,3,24.6357,233787392,659796,44002659
2024-08-14 09:29:47,3,24.6357,233787392,659796,44002659
2024-08-14 09:29:52,0,24.6357,233787392,659976,44002811
2024-08-14 09:29:58,0,24.6357,233787392,660246,44003039
2024-08-14 09:30:03,3.2,24.6357,233787392,660246,44003039
2024-08-14 09:30:08,0,24.6629,234045440,660426,44003067
2024-08-14 09:30:13,0,24.6625,234041344,660516,44003143
2024-08-14 09:30:18,0,24.6625,234041344,660558,44003171
2024-08-14 09:30:24,0,24.6892,234295296,660558,44003171
2024-08-14 09:30:29,3,24.6892,234295296,660648,44003247
2024-08-14 09:30:34,0,24.6892,234295296,660702,44003299
2024-08-14 09:30:39,2.9,24.6892,234295296,660702,44003299
2024-08-14 09:30:45,3.2,24.6892,234295296,660792,44003375
2024-08-14 09:30:50,3.1,24.6892,234295296,660792,44003375
2024-08-14 09:30:55,3.1,24.6892,234295296,660792,44003375
2024-08-14 09:31:00,3,24.7958,235307008,660882,44003451
2024-08-14 09:31:05,3,24.8502,235823104,660966,44003507
2024-08-14 09:31:11,0,24.8502,235823104,661020,44003553
2024-08-14 09:31:16,2.9,24.8502,235823104,661184,44003917
2024-08-14 09:31:21,0,25.3686,240742400,698189,44017471
2024-08-14 09:31:26,3.2,25.3686,240742400,698849,44017991
2024-08-14 09:31:31,3.1,25.3686,240742400,702012,44020333
2024-08-14 09:31:37,3.1,25.3686,240742400,709275,44023260
2024-08-14 09:31:42,0,25.3682,240738304,711280,44026647
2024-08-14 09:31:47,3.1,25.3682,240738304,719438,44028688
2024-08-14 09:31:52,6.1,25.3682,240738304,719594,44028816
2024-08-14 09:31:57,3,25.3677,240734208,723555,44034485
2024-08-14 09:32:03,9.3,25.3677,240734208,728643,44038615
2024-08-14 09:32:08,3.2,25.366,240717824,739933,44049082
2024-08-14 09:32:13,6.2,25.3505,240570368,760228,44062550
2024-08-14 09:32:18,6.1,25.3488,240553984,776608,44071136
2024-08-14 09:32:23,3.2,25.3505,240570368,788023,44077809
2024-08-14 09:32:29,3,25.4312,241336320,795870,44082925
2024-08-14 09:32:34,3.1,17.1406,162660352,804354,44092094
2024-08-14 09:32:39,0,17.1665,162906112,804444,44092170
2024-08-14 09:32:44,0,17.1669,162910208,804444,44092170
2024-08-14 09:32:50,3.2,17.1941,163168256,804444,44092170
2024-08-14 09:32:55,3,17.1941,163168256,804534,44092246
2024-08-14 09:33:00,3.1,17.1941,163168256,804576,44092274
2024-08-14 09:33:05,0,17.1941,163168256,804630,44092320
2024-08-14 09:33:10,3.1,17.2209,163422208,804762,44092424
2024-08-14 09:33:16,3.1,17.2209,163422208,804762,44092424
2024-08-14 09:33:21,0,17.2209,163422208,804762,44092424
2024-08-14 09:33:26,0,17.2476,163676160,809476,44100627
2024-08-14 09:33:31,0,17.2476,163676160,809518,44100655
2024-08-14 09:33:36,5.8,17.2476,163676160,809650,44100811
2024-08-14 09:33:42,3,17.2748,163934208,809740,44100887
2024-08-14 09:33:47,3.1,17.2748,163934208,809782,44100915
2024-08-14 09:33:52,3,17.2748,163934208,809782,44100915
2024-08-14 09:33:57,0,17.2748,163934208,809824,44100943
2024-08-14 09:34:02,3,17.2748,163934208,810052,44101019
2024-08-14 09:34:08,0,17.3564,164708352,810052,44101019
2024-08-14 09:34:13,0,17.3568,164712448,810376,44101307
