2024-08-14 09:12:07,9.7,17.7695,168628224,174085,28721721
2024-08-14 09:12:12,0,18.4596,175177728,257582,43538165
2024-08-14 09:12:17,0,18.4596,175177728,257672,43538241
2024-08-14 09:12:22,3.1,18.4868,175435776,257672,43538241
2024-08-14 09:12:27,3.1,18.514,175693824,257714,43538269
2024-08-14 09:12:32,3,18.5412,175951872,258164,43538649
2024-08-14 09:12:38,0,18.5412,175951872,258164,43538649
2024-08-14 09:12:43,3.1,18.5956,176467968,258302,43538649
2024-08-14 09:12:48,3.1,18.6228,176726016,258392,43538725
2024-08-14 09:12:53,3.1,18.6228,176726016,258434,43538753
2024-08-14 09:12:58,3,18.6228,176726016,258434,43538753
2024-08-14 09:13:04,6,18.6228,176726016,258434,43538753
2024-08-14 09:13:09,3,18.6228,176726016,258524,43538829
2024-08-14 09:13:14,3.2,18.6487,176971776,258524,43538829
2024-08-14 09:13:19,3,18.6487,176971776,258524,43538829
2024-08-14 09:13:24,3,18.6487,176971776,258656,43538933
2024-08-14 09:13:30,3.2,18.6487,176971776,258656,43538933
2024-08-14 09:13:35,3,18.6487,176971776,258746,43539009
2024-08-14 09:13:40,0,18.6487,176971776,259148,43539341
2024-08-14 09:13:45,0,18.6487,176971776,259370,43539401
2024-08-14 09:13:50,3,18.6487,176971776,259444,43539401
2024-08-14 09:13:56,3.2,18.6487,176971776,259534,43539477
2024-08-14 09:14:01,3.1,18.6746,177217536,261644,43541537
2024-08-14 09:14:06,3.1,18.6746,177217536,261644,43541537
2024-08-14 09:14:11,3.2,18.6746,177217536,261792,43541659
2024-08-14 09:14:16,6.1,18.6746,177217536,262024,43541687
2024-08-14 09:14:22,3.1,18.7013,177471488,262136,43541747
2024-08-14 09:14:27,0,18.7013,177471488,262284,43541823
2024-08-14 09:14:32,0,18.7013,177471488,262284,43541823
2024-08-14 09:14:37,0,18.7013,177471488,262422,43541823
2024-08-14 09:14:42,5.9,18.7013,177471488,262926,43542263
2024-08-14 09:14:48,0,18.7013,177471488,263248,43542351
2024-08-14 09:14:53,0,18.7013,177471488,263322,43542351
2024-08-14 09:14:58,3.2,18.7013,177471488,263322,43542351
2024-08-14 09:15:03,6.1,18.7246,177692672,263486,43542427
2024-08-14 09:15:08,0,18.7246,177692672,263486,43542427
2024-08-14 09:15:14,3.1,18.7246,177692672,263528,43542455
2024-08-14 09:15:19,0,18.7246,177692672,263692,43542531
2024-08-14 09:15:24,0,18.7246,177692672,263734,43542559
2024-08-14 09:15:29,0,18.7246,177692672,263734,43542559
2024-08-14 09:15:34,3.1,18.7242,177688576,263894,43542635
2024-08-14 09:15:40,0,18.7242,177688576,263894,43542635
2024-08-14 09:15:45,0,18.7242,177688576,263984,43542711
2024-08-14 09:15:50,3,18.7238,177684480,264344,43543015
2024-08-14 09:15:55,2.9,18.7238,177684480,264344,43543015
2024-08-14 09:16:00,3.1,18.7221,177668096,266380,43545075
2024-08-14 09:16:06,0,18.7221,177668096,266470,43545151
2024-08-14 09:16:11,0,18.7221,177668096,266566,43545225
2024-08-14 09:16:16,0,18.7221,177668096,266566,43545225
2024-08-14 09:16:21,3,18.7221,177668096,266656,43545301
2024-08-14 09:16:26,6,18.7221,177668096,266656,43545301
2024-08-14 09:16:32,6.1,18.7221,177668096,266794,43545301
2024-08-14 09:16:37,0,18.7221,177668096,266884,43545377
2024-08-14 09:16:42,0,18.7221,177668096,266926,43545405
2024-08-14 09:16:47,0,18.7221,177668096,266926,43545405
2024-08-14 09:16:52,0,18.7221,177668096,267376,43545785
2024-08-14 09:16:58,0,18.7221,177668096,267376,43545785
2024-08-14 09:17:03,3.1,18.7221,177668096,267376,43545785
2024-08-14 09:17:08,3.1,18.7221,177668096,267508,43545889
2024-08-14 09:17:13,0,18.7117,177569792,267508,43545889
2024-08-14 09:17:18,8.4,18.7117,177569792,267616,43545993
2024-08-14 09:17:24,3.1,18.7117,177569792,267820,43546177
2024-08-14 09:17:29,3.1,18.7117,177569792,267910,43546253
2024-08-14 09:17:34,5.9,18.7117,177569792,268157,43546584
2024-08-14 09:17:39,0,18.7117,177569792,268512,43547018
2024-08-14 09:17:44,6,18.7117,177569792,268602,43547094
2024-08-14 09:17:50,0,18.7117,177569792,268602,43547094
2024-08-14 09:17:55,0,18.7117,177569792,268782,43547246
2024-08-14 09:18:00,0,18.8748,179118080,271220,43549534
2024-08-14 09:18:05,6.2,18.8744,179113984,271262,43549562
2024-08-14 09:18:10,3.2,18.8744,179113984,271262,43549562
2024-08-14 09:18:16,0,18.8744,179113984,271352,43549638
2024-08-14 09:18:21,3.2,18.8744,179113984,271352,43549638
2024-08-14 09:18:26,3.1,18.874,179109888,271490,43549638
2024-08-14 09:18:31,0,18.874,179109888,271580,43549714
2024-08-14 09:18:36,0,18.8731,179101696,271580,43549714
2024-08-14 09:18:42,0,18.8723,179093504,271580,43549714
2024-08-14 09:18:47,8.8,18.8723,179093504,271670,43549790
2024-08-14 09:18:52,6.1,18.8723,179093504,271712,43549818
2024-08-14 09:18:57,3,18.8994,179351552,271712,43549818
2024-08-14 09:19:02,3.1,19.035,180637696,272204,43550226
2024-08-14 09:19:08,0,19.0894,181153792,272204,43550226
2024-08-14 09:19:13,2.9,19.1166,181411840,272204,43550226
2024-08-14 09:19:18,3.1,19.2521,182697984,272294,43550302
2024-08-14 09:19:23,3.1,19.2521,182697984,272294,43550302
2024-08-14 09:19:28,0,19.2521,182697984,272294,43550302
2024-08-14 09:19:34,0,19.2521,182697984,272384,43550378
2024-08-14 09:19:39,68.8,23.6879,224792576,399054,43630648
2024-08-14 09:19:44,6,23.7535,225415168,545045,43752658
2024-08-14 09:19:49,0,23.8079,225931264,550651,43765430
2024-08-14 09:19:54,0,23.8079,225931264,550957,43765666
2024-08-14 09:20:00,25.7,23.8899,226709504,552993,43767726
2024-08-14 09:20:05,0,23.9136,226934784,553263,43767954
2024-08-14 09:20:10,3,23.9136,226934784,553443,43768106
2024-08-14 09:20:15,0,24.0224,227966976,553581,43768106
2024-08-14 09:20:21,0,24.104,228741120,553581,43768106
2024-08-14 09:20:26,3.1,24.1583,229257216,553787,43768228
2024-08-14 09:20:31,0,24.2399,230031360,553845,43768228
2024-08-14 09:20:36,6.1,24.2399,230031360,553903,43768228
2024-08-14 09:20:41,3,24.2399,230031360,554051,43768304
2024-08-14 09:20:46,0,24.2671,230289408,554093,43768332
2024-08-14 09:20:52,6.1,24.2671,230289408,554135,43768360
2024-08-14 09:20:57,0,24.2671,230289408,554283,43768436
2024-08-14 09:21:02,3.1,24.2671,230289408,554283,43768436
2024-08-14 09:21:07,0,24.2671,230289408,554373,43768512
2024-08-14 09:21:12,3,24.2671,230289408,554733,43768816
2024-08-14 09:21:18,6.2,24.2671,230289408,554733,43768816
2024-08-14 09:21:23,0,24.2671,230289408,554733,43768816
2024-08-14 09:21:28,3,24.2671,230289408,554823,43768892
2024-08-14 09:21:33,0,24.4026,231575552,554865,43768920
2024-08-14 09:21:38,3.2,24.4298,231833600,554865,43768920
2024-08-14 09:21:44,0,24.4298,231833600,554955,43768996
2024-08-14 09:21:49,3.1,24.4298,231833600,554997,43769024
2024-08-14 09:21:54,6.1,24.4298,231833600,554997,43769024
2024-08-14 09:21:59,3,24.4298,231833600,555087,43769100
2024-08-14 09:22:04,3,24.4251,231788544,557123,43771160
2024-08-14 09:22:10,0,24.4251,231788544,557261,43771160
2024-08-14 09:22:15,0,24.4251,231788544,557531,43771388
2024-08-14 09:22:20,3,24.4251,231788544,557711,43771540
2024-08-14 09:22:25,0,24.4251,231788544,557711,43771540
2024-08-14 09:22:30,3,24.4251,231788544,557711,43771540
2024-08-14 09:22:36,5.8,24.4251,231788544,557801,43771616
2024-08-14 09:22:41,6,24.4251,231788544,557801,43771616
2024-08-14 09:22:46,6.1,24.4251,231788544,557843,43771644
2024-08-14 09:22:51,0,24.4251,231788544,557933,43771720
2024-08-14 09:22:56,0,24.4251,231788544,557975,43771748
2024-08-14 09:23:01,2.9,24.4251,231788544,557975,43771748
2024-08-14 09:23:07,0,24.4242,231780352,558119,43771884
2024-08-14 09:23:12,3,24.4242,231780352,558119,43771884
2024-08-14 09:23:17,3,24.4242,231780352,558119,43771884
2024-08-14 09:23:22,3,24.4242,231780352,558569,43772264
2024-08-14 09:23:27,3.1,24.4242,231780352,558569,43772264
2024-08-14 09:23:33,3.2,24.4242,231780352,558569,43772264
2024-08-14 09:23:38,3.1,24.4242,231780352,558659,43772340
2024-08-14 09:23:43,0,24.4242,231780352,558743,43772396
2024-08-14 09:23:48,6.2,24.4242,231780352,558743,43772396
2024-08-14 09:23:53,6,24.4242,231780352,558833,43772472
2024-08-14 09:23:59,3.1,24.4242,231780352,558903,43772472
2024-08-14 09:24:04,0,24.4242,231780352,560939,43774532
2024-08-14 09:24:09,0,24.4242,231780352,561167,43774608
2024-08-14 09:24:14,0,24.4242,231780352,561167,43774608
2024-08-14 09:24:19,3.1,24.4242,231780352,561167,43774608
2024-08-14 09:24:25,0,24.4242,231780352,561347,43774760
2024-08-14 09:24:30,0,24.4242,231780352,561389,43774788
2024-08-14 09:24:35,0,24.4242,231780352,561389,43774788
2024-08-14 09:24:40,3,24.4238,231776256,561485,43774876
2024-08-14 09:24:45,2.9,24.4234,231772160,561575,43774952
2024-08-14 09:24:51,3.1,24.4234,231772160,561575,43774952
2024-08-14 09:24:56,0,24.4234,231772160,561575,43774952
2024-08-14 09:25:01,3.1,24.4234,231772160,561665,43775028
2024-08-14 09:25:06,0,24.4777,232288256,561707,43775056
2024-08-14 09:25:11,6.2,24.5049,232546304,561707,43775056
2024-08-14 09:25:17,3,24.6409,233836544,561797,43775132
2024-08-14 09:25:22,0,24.7225,234610688,561797,43775132
2024-08-14 09:25:27,3.1,25.5551,242511872,592585,43965348
2024-08-14 09:25:32,3.1,25.5551,242511872,592897,43965604
2024-08-14 09:25:37,3.1,25.5551,242511872,592897,43965604
2024-08-14 09:25:43,3,25.5551,242511872,592897,43965604
2024-08-14 09:25:48,3,25.5551,242511872,592987,43965680
2024-08-14 09:25:53,3.1,25.581,242757632,593029,43965708
2024-08-14 09:25:58,3.1,22.9558,217845760,593167,43965708
2024-08-14 09:26:03,6.2,23.2247,220397568,595293,43967844
2024-08-14 09:26:09,6,23.2247,220397568,595293,43967844
2024-08-14 09:26:14,3,23.2247,220397568,595293,43967844
2024-08-14 09:26:19,3.1,23.3335,221429760,595383,43967920
2024-08-14 09:26:24,5.7,23.3335,221429760,595425,43967948
2024-08-14 09:26:29,0,23.3335,221429760,595467,43967976
2024-08-14 09:26:35,3,23.3335,221429760,595647,43968128
2024-08-14 09:26:40,3.1,23.3594,221675520,595647,43968128
2024-08-14 09:26:45,3.2,23.3594,221675520,595647,43968128
2024-08-14 09:26:50,0,23.3594,221675520,595737,43968204
2024-08-14 09:26:56,0,23.3594,221675520,595779,43968232
2024-08-14 09:27:01,3,23.3594,221675520,595779,43968232
2024-08-14 09:27:06,6.2,23.3594,221675520,595923,43968354
2024-08-14 09:27:11,0,23.3866,221933568,595923,43968354
2024-08-14 09:27:16,3,23.3866,221933568,595923,43968354
2024-08-14 09:27:22,0,23.3866,221933568,595923,43968354
2024-08-14 09:27:27,0,23.3866,221933568,596055,43968458
2024-08-14 09:27:32,3.2,23.3866,221933568,596097,43968486
2024-08-14 09:27:37,0,23.3862,221929472,596277,43968638
2024-08-14 09:27:42,0,23.3862,221929472,596547,43968866
2024-08-14 09:27:47,0,23.3862,221929472,596547,43968866
2024-08-14 09:27:53,0,23.3862,221929472,596547,43968866
2024-08-14 09:27:58,6,23.3862,221929472,596775,43968942
2024-08-14 09:28:03,0,23.5493,223477760,598853,43971030
2024-08-14 09:28:08,3.2,23.5493,223477760,598853,43971030
2024-08-14 09:28:13,6,23.5765,223735808,598943,43971106
2024-08-14 09:28:19,9.1,23.5765,223735808,598943,43971106
2024-08-14 09:28:24,0,23.5765,223735808,598985,43971134
2024-08-14 09:28:29,5.9,23.5765,223735808,599075,43971210
2024-08-14 09:28:34,5.8,23.6309,224251904,599117,43971238
2024-08-14 09:28:39,3.1,23.6309,224251904,599117,43971238
2024-08-14 09:28:45,0,23.7397,225284096,599297,43971390
2024-08-14 09:28:50,0,23.7669,225542144,599297,43971390
2024-08-14 09:28:55,6.1,23.7669,225542144,599297,43971390
2024-08-14 09:29:00,6,23.7669,225542144,599387,43971466
2024-08-14 09:29:05,0,23.8199,226045952,599429,43971494
2024-08-14 09:29:11,3.2,23.9015,226820096,599429,43971494
2024-08-14 09:29:16,3.2,24.0362,228098048,599519,43971570
2024-08-14 09:29:21,6.1,24.1993,229646336,599561,43971598
2024-08-14 09:29:26,0,24.1993,229646336,599561,43971598
2024-08-14 09:29:31,0,24.1993,229646336,599615,43971644
2024-08-14 09:29:37,0,24.1993,229646336,599747,43971748
2024-08-14 09:29:42,3.2,24.1993,229646336,599747,43971748
2024-08-14 09:29:47,3.1,24.1993,229646336,600071,43972036
2024-08-14 09:29:52,3.2,24.1989,229642240,600251,43972188
2024-08-14 09:29:57,5.9,24.1989,229642240,600389,43972188
2024-08-14 09:30:03,0,24.3586,231157760,602425,43974248
2024-08-14 09:30:08,0,24.4117,231661568,602515,43974324
2024-08-14 09:30:13,3.1,24.4389,231919616,602515,43974324
2024-08-14 09:30:18,0,24.4661,232177664,602557,43974352
2024-08-14 09:30:23,0,24.4661,232177664,602647,43974428
2024-08-14 09:30:29,0,24.4661,232177664,602647,43974428
2024-08-14 09:30:34,3,24.4661,232177664,602647,43974428
2024-08-14 09:30:39,3.1,24.4661,232177664,602737,43974504
2024-08-14 09:30:44,3.1,24.4661,232177664,602779,43974532
2024-08-14 09:30:49,3.1,24.4661,232177664,602779,43974532
2024-08-14 09:30:55,3.1,24.4652,232169472,602959,43974684
2024-08-14 09:31:00,3.1,24.4652,232169472,602959,43974684
2024-08-14 09:31:05,3.1,24.4652,232169472,602959,43974684
2024-08-14 09:31:10,3.1,24.4652,232169472,603091,43974788
2024-08-14 09:31:15,6,24.8731,236040192,637916,43986364
2024-08-14 09:31:21,0,24.8731,236040192,649431,43994642
2024-08-14 09:31:26,3.2,24.8576,235892736,656466,44001279
2024-08-14 09:31:31,3,24.8554,235872256,666221,44003688
2024-08-14 09:31:36,3.1,24.8554,235872256,666353,44003792
2024-08-14 09:31:41,3.2,24.8554,235872256,667775,44005592
2024-08-14 09:31:46,0,24.8554,235872256,677130,44008124
2024-08-14 09:31:52,3,24.8554,235872256,677778,44011514
2024-08-14 09:31:57,0,24.8554,235872256,679140,44014522
2024-08-14 09:32:02,3,24.9089,236380160,689182,44019158
2024-08-14 09:32:07,3.2,24.9089,236380160,693804,44026578
2024-08-14 09:32:13,0,24.9089,236380160,708408,44037080
2024-08-14 09:32:18,0,24.9089,236380160,708888,44037868
2024-08-14 09:32:23,6.4,24.9081,236371968,720147,44043233
2024-08-14 09:32:28,0,24.9068,236359680,741464,44055100
2024-08-14 09:32:33,0,18.5239,175788032,769004,44074459
2024-08-14 09:32:38,3.2,18.6327,176820224,769004,44074459
2024-08-14 09:32:44,0,18.8231,178626560,769004,44074459
2024-08-14 09:32:49,0,18.8231,178626560,769094,44074535
2024-08-14 09:32:54,3,18.8489,178872320,769094,44074535
2024-08-14 09:32:59,6.1,18.8761,179130368,769094,44074535
2024-08-14 09:33:04,3,18.9033,179388416,769316,44074715
2024-08-14 09:33:10,3,18.9836,180150272,769358,44074743
2024-08-14 09:33:15,6.2,18.9836,180150272,769358,44074743
2024-08-14 09:33:20,3,19.0108,180408320,769448,44074819
2024-08-14 09:33:25,0,19.0108,180408320,769448,44074819
2024-08-14 09:33:30,6.2,19.0652,180924416,769448,44074819
2024-08-14 09:33:36,50,19.4679,184745984,780023,44080087
