2024-08-14 09:19:02,15.2,17.3243,164397056,203170,29724364
2024-08-14 09:19:07,3.1,18.4068,174669824,307017,45782104
2024-08-14 09:19:12,5.9,18.4068,174669824,307071,45782150
2024-08-14 09:19:18,3.2,18.4327,174915584,307209,45782150
2024-08-14 09:19:23,3,18.4327,174915584,307299,45782226
2024-08-14 09:19:28,0,18.4327,174915584,307353,45782272
2024-08-14 09:19:33,0,18.4327,174915584,307395,45782300
2024-08-14 09:19:38,3.1,18.4319,174907392,307845,45782680
2024-08-14 09:19:44,0,18.4319,174907392,307845,45782680
2024-08-14 09:19:49,3,18.4319,174907392,307845,45782680
2024-08-14 09:19:54,2.9,18.4862,175423488,307935,45782756
2024-08-14 09:19:59,3.2,22.9235,217530368,315857,45791903
2024-08-14 09:20:04,3.1,23.0305,218546176,320956,45799670
2024-08-14 09:20:10,8.6,24.9323,236593152,347918,45810017
2024-08-14 09:20:15,3.2,25.1223,238395392,363330,45819963
2024-08-14 09:20:20,6.4,25.1499,238657536,391143,45839365
2024-08-14 09:20:25,20,25.2038,239169536,424516,45858434
2024-08-14 09:20:31,9.3,25.2034,239165440,461108,45882671
2024-08-14 09:20:36,6.5,25.2021,239153152,494687,45906308
2024-08-14 09:20:41,3.1,25.2043,239173632,513380,45918383
2024-08-14 09:20:46,3.1,25.2017,239149056,531821,45929004
2024-08-14 09:20:51,11.1,25.2025,239157248,555262,45948373
2024-08-14 09:20:57,25,25.206,239190016,586229,45989056
2024-08-14 09:21:02,0,25.2129,239255552,598293,46011171
2024-08-14 09:21:07,0,25.2129,239255552,598351,46011171
2024-08-14 09:21:12,0,25.2133,239259648,598547,46011171
2024-08-14 09:21:17,0,25.2133,239259648,598637,46011247
2024-08-14 09:21:23,5.9,25.2384,239497216,598637,46011247
2024-08-14 09:21:28,3.2,25.2384,239497216,598737,46011275
2024-08-14 09:21:33,3.1,25.2384,239497216,598869,46011379
2024-08-14 09:21:38,3.2,25.2656,239755264,598869,46011379
2024-08-14 09:21:44,0,25.2656,239755264,598869,46011379
2024-08-14 09:21:49,0,25.2656,239755264,599319,46011759
2024-08-14 09:21:54,5.6,25.2656,239755264,599319,46011759
2024-08-14 09:21:59,3,25.2897,239984640,601577,46014105
2024-08-14 09:22:04,6,25.2915,240001024,601667,46014181
2024-08-14 09:22:10,6.1,25.2915,240001024,601667,46014181
2024-08-14 09:22:15,3,25.2897,239984640,601667,46014181
2024-08-14 09:22:20,2.9,22.6162,214614016,601757,46014257
2024-08-14 09:22:25,3.1,22.8052,216408064,601799,46014285
2024-08-14 09:22:30,3,22.8074,216428544,601799,46014285
2024-08-14 09:22:36,6,22.9162,217460736,601889,46014361
2024-08-14 09:22:41,0,22.9433,217718784,601931,46014389
2024-08-14 09:22:46,3,22.9692,217964544,601931,46014389
2024-08-14 09:22:51,3.2,22.9692,217964544,602381,46014769
2024-08-14 09:22:56,3,22.9947,218206208,602381,46014769
2024-08-14 09:23:02,0,22.9947,218206208,602381,46014769
2024-08-14 09:23:07,3.1,22.9947,218206208,602519,46014769
2024-08-14 09:23:12,8.6,22.9947,218206208,602609,46014845
2024-08-14 09:23:17,5.7,22.9947,218206208,602651,46014873
2024-08-14 09:23:23,3.1,22.9947,218206208,602693,46014901
2024-08-14 09:23:28,3,22.9947,218206208,602783,46014977
2024-08-14 09:23:33,0,22.9947,218206208,602783,46014977
2024-08-14 09:23:38,3,22.9947,218206208,602783,46014977
2024-08-14 09:23:43,3.1,22.9938,218198016,602873,46015053
2024-08-14 09:23:49,0,22.9938,218198016,602915,46015081
2024-08-14 09:23:54,3.2,22.9938,218198016,603089,46015127
2024-08-14 09:23:59,3,23.2321,220459008,605699,46017567
2024-08-14 09:24:04,6.2,23.2321,220459008,605699,46017567
2024-08-14 09:24:09,3,23.2222,220364800,605827,46017567
2024-08-14 09:24:15,3.2,23.2222,220364800,606013,46017717
2024-08-14 09:24:20,0,23.2222,220364800,606013,46017717
2024-08-14 09:24:25,3.2,23.3055,221155328,606071,46017717
2024-08-14 09:24:30,0,23.3055,221155328,606161,46017793
2024-08-14 09:24:35,3.1,23.3055,221155328,606203,46017821
2024-08-14 09:24:41,6,23.3055,221155328,606203,46017821
2024-08-14 09:24:46,0,23.3055,221155328,606293,46017897
2024-08-14 09:24:51,0,23.3046,221147136,606293,46017897
2024-08-14 09:24:56,3.1,23.4933,222937088,606293,46017897
2024-08-14 09:25:01,0,23.4933,222937088,606521,46017973
2024-08-14 09:25:07,0,23.4933,222937088,606563,46018001
2024-08-14 09:25:12,0,23.4933,222937088,606605,46018029
2024-08-14 09:25:17,3,23.4924,222928896,606695,46018105
2024-08-14 09:25:22,0,23.5183,223174656,606695,46018105
2024-08-14 09:25:27,3,23.5994,223944704,606695,46018105
2024-08-14 09:25:33,3.1,23.5994,223944704,606695,46018105
2024-08-14 09:25:38,6.2,23.5994,223944704,606785,46018181
2024-08-14 09:25:43,6.2,23.6525,224448512,606785,46018181
2024-08-14 09:25:48,3.2,24.186,229511168,637598,46208265
2024-08-14 09:25:53,3,24.186,229511168,637688,46208341
2024-08-14 09:25:59,3,24.186,229511168,639790,46210401
2024-08-14 09:26:04,0,24.186,229511168,639790,46210401
2024-08-14 09:26:09,2.9,24.186,229511168,640282,46210809
2024-08-14 09:26:14,3,24.186,229511168,640282,46210809
2024-08-14 09:26:19,3,24.186,229511168,640282,46210809
2024-08-14 09:26:25,3.2,24.186,229511168,640372,46210885
2024-08-14 09:26:30,8.6,24.186,229511168,640372,46210885
2024-08-14 09:26:35,0,24.186,229511168,640372,46210885
2024-08-14 09:26:40,3.1,24.186,229511168,640462,46210961
2024-08-14 09:26:46,0,24.186,229511168,640504,46210989
2024-08-14 09:26:51,0,24.186,229511168,640642,46210989
2024-08-14 09:26:56,2.9,24.186,229511168,640732,46211065
2024-08-14 09:27:01,0,24.2119,229756928,640732,46211065
2024-08-14 09:27:06,3.1,24.2119,229756928,640774,46211093
2024-08-14 09:27:12,0,24.2119,229756928,640864,46211169
2024-08-14 09:27:17,3.2,24.2119,229756928,640918,46211215
2024-08-14 09:27:22,6.1,24.2119,229756928,640918,46211215
2024-08-14 09:27:27,3,24.2391,230014976,641008,46211291
2024-08-14 09:27:32,3.1,24.2935,230531072,641104,46211365
2024-08-14 09:27:38,3.1,24.3207,230789120,641104,46211365
2024-08-14 09:27:43,3,24.3479,231047168,641194,46211441
2024-08-14 09:27:48,5.9,24.3479,231047168,641194,46211441
2024-08-14 09:27:53,3.2,24.3479,231047168,641194,46211441
2024-08-14 09:27:58,3,24.5111,232595456,643320,46213577
2024-08-14 09:28:04,3,24.6181,233611264,643362,46213605
2024-08-14 09:28:09,3.2,24.6181,233611264,643362,46213605
2024-08-14 09:28:14,0,24.6177,233607168,643632,46213833
2024-08-14 09:28:19,3,24.6177,233607168,643812,46213985
2024-08-14 09:28:25,0,24.6177,233607168,643812,46213985
2024-08-14 09:28:30,3,24.6177,233607168,643812,46213985
2024-08-14 09:28:35,3,24.6177,233607168,643902,46214061
2024-08-14 09:28:40,0,24.6177,233607168,643902,46214061
2024-08-14 09:28:45,3.2,24.6177,233607168,643902,46214061
2024-08-14 09:28:51,3.1,24.6177,233607168,644246,46214183
2024-08-14 09:28:56,0,24.6177,233607168,644446,46214239
2024-08-14 09:29:01,0,24.6177,233607168,644446,46214239
2024-08-14 09:29:06,5.8,24.6177,233607168,644594,46214315
2024-08-14 09:29:11,3.1,24.6177,233607168,644594,46214315
2024-08-14 09:29:17,3,24.6177,233607168,644594,46214315
2024-08-14 09:29:22,3.1,24.6177,233607168,644742,46214391
2024-08-14 09:29:27,0,24.6177,233607168,644742,46214391
2024-08-14 09:29:32,2.9,24.6177,233607168,644742,46214391
2024-08-14 09:29:37,3.1,24.6177,233607168,644832,46214467
2024-08-14 09:29:43,0,24.6177,233607168,644928,46214541
2024-08-14 09:29:48,3,24.6177,233607168,644928,46214541
2024-08-14 09:29:53,3.2,24.6177,233607168,645060,46214645
2024-08-14 09:29:58,0,24.6177,233607168,647162,46216705
2024-08-14 09:30:03,0,24.6177,233607168,647162,46216705
2024-08-14 09:30:09,0,24.6177,233607168,647252,46216781
2024-08-14 09:30:14,3,24.6177,233607168,647252,46216781
2024-08-14 09:30:19,3.1,24.6177,233607168,647252,46216781
2024-08-14 09:30:24,3.2,24.6177,233607168,647702,46217161
2024-08-14 09:30:30,5.8,24.6172,233603072,647756,46217207
2024-08-14 09:30:35,3.1,24.6172,233603072,647756,46217207
2024-08-14 09:30:40,5.7,24.6172,233603072,647894,46217207
2024-08-14 09:30:45,2.9,24.6172,233603072,647984,46217283
2024-08-14 09:30:50,0,24.6172,233603072,648068,46217339
2024-08-14 09:30:56,3,24.6172,233603072,648068,46217339
2024-08-14 09:31:01,0,24.6172,233603072,648158,46217415
2024-08-14 09:31:06,3.1,24.6172,233603072,648158,46217415
2024-08-14 09:31:11,3.1,24.6172,233603072,648158,46217415
2024-08-14 09:31:16,3,24.6172,233603072,648248,46217491
2024-08-14 09:31:22,0,24.6172,233603072,648248,46217491
2024-08-14 09:31:27,3.1,24.6172,233603072,648248,46217491
2024-08-14 09:31:32,33.3,24.6164,233594880,649535,46218321
2024-08-14 09:31:38,3,24.9427,236691456,670779,46221321
2024-08-14 09:31:43,3.1,24.9427,236691456,670779,46221321
2024-08-14 09:31:48,0,25.1331,238497792,694975,46226345
2024-08-14 09:31:53,3,25.1874,239013888,694975,46226345
2024-08-14 09:31:58,28.1,25.2962,240046080,716385,46233261
2024-08-14 09:32:04,2.8,25.2962,240046080,726091,46243301
2024-08-14 09:32:09,3.1,25.2945,240029696,740756,46256147
2024-08-14 09:32:14,6.4,25.2859,239947776,760936,46268070
2024-08-14 09:32:19,9.1,25.2841,239931392,780983,46277983
2024-08-14 09:32:25,3,25.2789,239882240,800452,46290627
2024-08-14 09:32:30,0,25.2764,239857664,811291,46296966
2024-08-14 09:32:35,6.2,18.3097,173748224,813715,46302288
2024-08-14 09:32:40,3,18.4444,175026176,813715,46302288
2024-08-14 09:32:45,6.2,18.4444,175026176,813757,46302316
2024-08-14 09:32:51,0,18.4685,175255552,813847,46302392
2024-08-14 09:32:56,3.1,18.4685,175255552,813847,46302392
2024-08-14 09:33:01,0,18.4685,175255552,813847,46302392
2024-08-14 09:33:06,3.2,18.4685,175255552,813937,46302468
2024-08-14 09:33:12,0,18.4685,175255552,813937,46302468
2024-08-14 09:33:17,3.2,18.4685,175255552,813937,46302468
2024-08-14 09:33:22,3,18.4685,175255552,813937,46302468
2024-08-14 09:33:27,0,18.4685,175255552,814027,46302544
2024-08-14 09:33:32,0,18.4685,175255552,814069,46302572
2024-08-14 09:33:38,0,18.4685,175255552,814111,46302600
2024-08-14 09:33:43,0,18.4681,175251456,814201,46302676
2024-08-14 09:33:48,5.8,18.4681,175251456,814201,46302676
2024-08-14 09:33:53,3,18.4681,175251456,814201,46302676
2024-08-14 09:33:58,5.8,18.4923,175480832,816393,46304812
2024-08-14 09:34:04,0,18.4923,175480832,816393,46304812
2024-08-14 09:34:09,8.6,18.494,175497216,816393,46304812
2024-08-14 09:34:14,0,18.494,175497216,816483,46304888
2024-08-14 09:34:19,0,18.494,175497216,816621,46304888
2024-08-14 09:34:25,3.1,18.494,175497216,816621,46304888
2024-08-14 09:34:30,3.2,18.494,175497216,816711,46304964
2024-08-14 09:34:35,2.9,18.494,175497216,816753,46304992
2024-08-14 09:34:40,5.8,18.494,175497216,816933,46305144
2024-08-14 09:34:45,0,18.494,175497216,817203,46305372
2024-08-14 09:34:51,3.2,18.494,175497216,817245,46305400
2024-08-14 09:34:56,0,18.494,175497216,817245,46305400
2024-08-14 09:35:01,3,18.494,175497216,817335,46305476
2024-08-14 09:35:06,3.1,18.494,175497216,817335,46305476
