2024-08-14 09:13:43,23.5,17.8403,169299968,217349,32802478
2024-08-14 09:13:48,3,17.9914,170733568,284060,43565770
2024-08-14 09:13:53,3.1,18.0458,171249664,284060,43565770
2024-08-14 09:13:58,0,18.073,171507712,284060,43565770
2024-08-14 09:14:04,6.1,18.1787,172511232,284150,43565846
2024-08-14 09:14:09,2.9,18.2875,173543424,284192,43565874
2024-08-14 09:14:14,3.1,18.2875,173543424,284192,43565874
2024-08-14 09:14:19,3,18.3147,173801472,284282,43565950
2024-08-14 09:14:24,0,18.3419,174059520,284282,43565950
2024-08-14 09:14:30,2.9,18.4506,175091712,284420,43565950
2024-08-14 09:14:35,3.1,18.4506,175091712,284552,43566054
2024-08-14 09:14:40,3.2,18.4506,175091712,284594,43566082
2024-08-14 09:14:45,0,18.4506,175091712,284594,43566082
2024-08-14 09:14:50,3,18.4524,175108096,285044,43566462
2024-08-14 09:14:56,3.1,18.4524,175108096,285044,43566462
2024-08-14 09:15:01,3.2,18.4524,175108096,285044,43566462
2024-08-14 09:15:06,3.1,18.4524,175108096,285044,43566462
2024-08-14 09:15:11,3.2,18.4524,175108096,285134,43566538
2024-08-14 09:15:16,18.2,18.6967,177426432,286235,43567598
2024-08-14 09:15:22,3,18.8577,178954240,287410,43568625
2024-08-14 09:15:27,0,18.8572,178950144,287500,43568701
2024-08-14 09:15:32,6.2,18.8572,178950144,287542,43568729
2024-08-14 09:15:37,2.9,18.8831,179195904,287542,43568729
2024-08-14 09:15:42,3.1,18.8827,179191808,287632,43568805
2024-08-14 09:15:48,6.1,18.8827,179191808,287674,43568833
2024-08-14 09:15:53,0,18.8827,179191808,287834,43568909
2024-08-14 09:15:58,0,18.8823,179187712,288194,43569213
2024-08-14 09:16:03,0,18.8823,179187712,288194,43569213
2024-08-14 09:16:08,2.9,18.9095,179445760,288194,43569213
2024-08-14 09:16:14,3.1,18.9638,179961856,288284,43569289
2024-08-14 09:16:19,3.2,19.0428,180711424,288464,43569317
2024-08-14 09:16:24,0,19.1231,181473280,288464,43569317
2024-08-14 09:16:29,0,19.2047,182247424,288596,43569421
2024-08-14 09:16:34,0,19.2319,182505472,288596,43569421
2024-08-14 09:16:40,3.1,19.2319,182505472,288596,43569421
2024-08-14 09:16:45,3,19.2319,182505472,288686,43569497
2024-08-14 09:16:50,3.1,19.2319,182505472,288728,43569525
2024-08-14 09:16:55,3.1,19.2319,182505472,288728,43569525
2024-08-14 09:17:00,3,19.2319,182505472,289178,43569905
2024-08-14 09:17:06,0,19.2319,182505472,289178,43569905
2024-08-14 09:17:11,0,19.2319,182505472,289178,43569905
2024-08-14 09:17:16,0,19.2319,182505472,289268,43569981
2024-08-14 09:17:21,3.1,19.2578,182751232,291370,43572040
2024-08-14 09:17:27,0,19.2578,182751232,291412,43572068
2024-08-14 09:17:32,0,19.2578,182751232,291412,43572068
2024-08-14 09:17:37,0,19.2578,182751232,291502,43572144
2024-08-14 09:17:42,3.2,19.2578,182751232,291544,43572172
2024-08-14 09:17:47,0,19.2578,182751232,291544,43572172
2024-08-14 09:17:53,6.1,19.2569,182743040,291634,43572248
2024-08-14 09:17:58,3.2,19.2569,182743040,291634,43572248
2024-08-14 09:18:03,3.1,19.2569,182743040,291814,43572400
2024-08-14 09:18:08,2.9,19.2569,182743040,292180,43572702
2024-08-14 09:18:13,3,19.2569,182743040,292180,43572702
2024-08-14 09:18:19,0,19.2569,182743040,292318,43572702
2024-08-14 09:18:24,5.8,19.2569,182743040,292450,43572806
2024-08-14 09:18:29,0,19.2569,182743040,292450,43572806
2024-08-14 09:18:34,3,19.2569,182743040,292672,43572926
2024-08-14 09:18:39,3.1,19.2569,182743040,292878,43573030
2024-08-14 09:18:45,3,19.2569,182743040,292952,43573030
2024-08-14 09:18:50,2.9,19.2729,182894592,293026,43573030
2024-08-14 09:18:55,0,19.2729,182894592,293116,43573106
2024-08-14 09:19:00,5.8,19.2729,182894592,293158,43573134
2024-08-14 09:19:05,2.9,19.2729,182894592,293286,43573180
2024-08-14 09:19:11,6.2,19.2992,183144448,293736,43573560
2024-08-14 09:19:16,3.1,19.2992,183144448,293778,43573588
2024-08-14 09:19:21,0,19.2966,183119872,295880,43575647
2024-08-14 09:19:26,0,19.2966,183119872,295970,43575723
2024-08-14 09:19:31,3,19.2966,183119872,295970,43575723
2024-08-14 09:19:37,0,19.2966,183119872,295970,43575723
2024-08-14 09:19:42,19.3,23.8188,226033664,352705,43613935
2024-08-14 09:19:47,3.1,23.8429,226263040,385351,43637108
2024-08-14 09:19:52,3.4,23.8425,226258944,396726,43642712
2024-08-14 09:19:58,3.2,23.839,226226176,417843,43654511
2024-08-14 09:20:03,12.5,23.839,226226176,428327,43661284
2024-08-14 09:20:08,0,23.8429,226263040,473833,43694210
2024-08-14 09:20:13,6.2,23.8425,226258944,483688,43700240
2024-08-14 09:20:18,30.3,23.8477,226308096,563282,43762069
2024-08-14 09:20:24,3.1,23.8498,226328576,585507,43787356
2024-08-14 09:20:29,3.1,23.8498,226328576,591109,43794538
2024-08-14 09:20:34,6.2,23.8498,226328576,595015,43796820
2024-08-14 09:20:39,0,23.8498,226328576,598353,43798520
2024-08-14 09:20:44,0,23.8498,226328576,600436,43799340
2024-08-14 09:20:50,5.9,23.8498,226328576,602236,43801402
2024-08-14 09:20:55,6.2,23.8537,226365440,607182,43812202
2024-08-14 09:21:00,0,23.8537,226365440,607182,43812202
2024-08-14 09:21:05,0,23.8537,226365440,607272,43812278
2024-08-14 09:21:10,0,23.8537,226365440,607314,43812306
2024-08-14 09:21:16,6.1,23.8537,226365440,607404,43812382
2024-08-14 09:21:21,6.2,23.8533,226361344,609800,43814745
2024-08-14 09:21:26,5.8,23.8533,226361344,609800,43814745
2024-08-14 09:21:31,0,23.8533,226361344,609800,43814745
2024-08-14 09:21:36,0,23.8533,226361344,609890,43814821
2024-08-14 09:21:42,0,23.8533,226361344,609890,43814821
2024-08-14 09:21:47,0,23.8533,226361344,609890,43814821
2024-08-14 09:21:52,6.1,23.8533,226361344,610118,43814897
2024-08-14 09:21:57,6.1,23.8533,226361344,610160,43814925
2024-08-14 09:22:02,3,23.8533,226361344,610160,43814925
2024-08-14 09:22:08,3.2,23.8792,226607104,610292,43815029
2024-08-14 09:22:13,0,23.8792,226607104,610292,43815029
2024-08-14 09:22:18,11.1,23.8775,226590720,610292,43815029
2024-08-14 09:22:23,0,23.8775,226590720,610562,43815257
2024-08-14 09:22:28,2.9,23.8775,226590720,610742,43815409
2024-08-14 09:22:34,3.1,23.8775,226590720,610742,43815409
2024-08-14 09:22:39,0,23.8775,226590720,610742,43815409
2024-08-14 09:22:44,0,23.8775,226590720,610832,43815485
2024-08-14 09:22:49,2.9,23.8775,226590720,610874,43815513
2024-08-14 09:22:54,3,23.8775,226590720,610874,43815513
2024-08-14 09:23:00,6,23.8775,226590720,610964,43815589
2024-08-14 09:23:05,3,23.8775,226590720,611006,43815617
2024-08-14 09:23:10,0,23.8775,226590720,611006,43815617
2024-08-14 09:23:15,3,23.8766,226582528,611096,43815693
2024-08-14 09:23:21,3,23.8766,226582528,613264,43817752
2024-08-14 09:23:26,0,23.8766,226582528,613444,43817904
2024-08-14 09:23:31,3.2,23.8766,226582528,613714,43818132
2024-08-14 09:23:36,0,23.8766,226582528,613714,43818132
2024-08-14 09:23:41,0,23.8766,226582528,613714,43818132
2024-08-14 09:23:47,6.1,23.8766,226582528,613942,43818208
2024-08-14 09:23:52,3,23.8766,226582528,613942,43818208
2024-08-14 09:23:57,0,23.8766,226582528,613984,43818236
2024-08-14 09:24:02,0,23.8766,226582528,614074,43818312
2024-08-14 09:24:07,0,23.8766,226582528,614116,43818340
2024-08-14 09:24:13,0,23.8766,226582528,614116,43818340
2024-08-14 09:24:18,3.2,23.8766,226582528,614206,43818416
2024-08-14 09:24:23,3.1,23.8766,226582528,614276,43818416
2024-08-14 09:24:28,3,23.8766,226582528,614276,43818416
2024-08-14 09:24:33,8.6,23.8762,226578432,614456,43818568
2024-08-14 09:24:39,0,23.8762,226578432,614456,43818568
2024-08-14 09:24:44,2.9,23.8762,226578432,614456,43818568
2024-08-14 09:24:49,8.6,23.8762,226578432,614456,43818568
2024-08-14 09:24:54,0,23.8762,226578432,614588,43818672
2024-08-14 09:24:59,0,23.8762,226578432,614684,43818746
2024-08-14 09:25:05,0,23.8762,226578432,614684,43818746
2024-08-14 09:25:10,3.2,23.8762,226578432,614774,43818822
2024-08-14 09:25:15,3,23.8762,226578432,614774,43818822
2024-08-14 09:25:20,0,23.8762,226578432,616810,43820881
2024-08-14 09:25:26,3,23.8762,226578432,616900,43820957
2024-08-14 09:25:31,5.9,24.6807,234213376,648026,44011067
2024-08-14 09:25:36,3,24.6807,234213376,648206,44011219
2024-08-14 09:25:41,0,24.6807,234213376,648614,44011447
2024-08-14 09:25:46,0,24.6807,234213376,648614,44011447
2024-08-14 09:25:52,3,24.6807,234213376,648656,44011475
2024-08-14 09:25:57,0,24.6807,234213376,648746,44011551
2024-08-14 09:26:02,5.9,24.6807,234213376,648746,44011551
2024-08-14 09:26:07,3.1,24.6807,234213376,648746,44011551
2024-08-14 09:26:12,0,24.6803,234209280,648836,44011627
2024-08-14 09:26:18,5.9,24.6803,234209280,648878,44011655
2024-08-14 09:26:23,0,24.6803,234209280,648878,44011655
2024-08-14 09:26:28,3.2,24.6803,234209280,648968,44011731
2024-08-14 09:26:33,3.2,24.6803,234209280,648968,44011731
2024-08-14 09:26:38,3.1,24.6803,234209280,648968,44011731
2024-08-14 09:26:44,0,24.6803,234209280,649148,44011883
2024-08-14 09:26:49,8.6,24.6803,234209280,649190,44011911
2024-08-14 09:26:54,0,24.6803,234209280,649190,44011911
2024-08-14 09:26:59,3.1,24.6803,234209280,649280,44011987
2024-08-14 09:27:04,3,24.6803,234209280,649322,44012015
2024-08-14 09:27:10,3,24.6803,234209280,649322,44012015
2024-08-14 09:27:15,6,24.6803,234209280,649322,44012015
2024-08-14 09:27:20,3,24.7027,234422272,651448,44014150
2024-08-14 09:27:25,6.1,24.7027,234422272,651448,44014150
2024-08-14 09:27:30,3.1,24.7027,234422272,651448,44014150
2024-08-14 09:27:36,0,24.7027,234422272,651538,44014226
2024-08-14 09:27:41,0,24.7282,234663936,651766,44014302
2024-08-14 09:27:46,3.1,24.7282,234663936,651898,44014406
2024-08-14 09:27:51,0,24.7282,234663936,652168,44014634
2024-08-14 09:27:56,0,24.7282,234663936,652168,44014634
2024-08-14 09:28:02,3.1,24.7282,234663936,652168,44014634
2024-08-14 09:28:07,6,24.7282,234663936,652258,44014710
2024-08-14 09:28:12,3.2,24.837,235696128,652300,44014738
2024-08-14 09:28:17,5.9,24.837,235696128,652300,44014738
2024-08-14 09:28:22,0,24.837,235696128,652390,44014814
2024-08-14 09:28:28,3.1,24.837,235696128,652390,44014814
2024-08-14 09:28:33,0,24.837,235696128,652390,44014814
2024-08-14 09:28:38,0,24.8641,235954176,652480,44014890
2024-08-14 09:28:43,3.2,25.0804,238006272,652522,44014918
2024-08-14 09:28:48,3,25.162,238780416,652522,44014918
2024-08-14 09:28:54,0,25.2435,239554560,652702,44015070
2024-08-14 09:28:59,0,22.6154,214614016,652744,44015098
2024-08-14 09:29:04,0,22.8044,216408064,652744,44015098
2024-08-14 09:29:09,3,22.8044,216408064,652834,44015174
2024-08-14 09:29:15,0,22.8588,216924160,652834,44015174
2024-08-14 09:29:20,3,22.9646,217927680,654936,44017233
2024-08-14 09:29:25,0,22.9646,217927680,655026,44017309
2024-08-14 09:29:30,3.2,23.072,218947584,655026,44017309
2024-08-14 09:29:35,6.1,23.072,218947584,655068,44017337
2024-08-14 09:29:41,6.2,23.072,218947584,655206,44017337
2024-08-14 09:29:46,3,23.072,218947584,655338,44017441
2024-08-14 09:29:51,3.1,23.072,218947584,655428,44017517
2024-08-14 09:29:56,0,23.072,218947584,655608,44017669
2024-08-14 09:30:01,2.9,23.0716,218943488,655788,44017821
2024-08-14 09:30:07,3.2,23.126,219459584,655788,44017821
2024-08-14 09:30:12,3.1,23.126,219459584,655788,44017821
2024-08-14 09:30:17,3,23.126,219459584,655878,44017897
2024-08-14 09:30:22,0,23.1256,219455488,655920,44017925
2024-08-14 09:30:28,5.7,23.1256,219455488,655920,44017925
2024-08-14 09:30:33,0,23.1528,219713536,656052,44018029
2024-08-14 09:30:38,2.9,23.2611,220741632,656106,44018081
2024-08-14 09:30:43,0,23.4242,222289920,656106,44018081
2024-08-14 09:30:48,3,23.4242,222289920,656196,44018157
2024-08-14 09:30:54,0,23.4242,222289920,656238,44018185
2024-08-14 09:30:59,0,23.4242,222289920,656238,44018185
2024-08-14 09:31:04,6.1,23.4242,222289920,656418,44018337
2024-08-14 09:31:09,0,23.4242,222289920,656472,44018383
2024-08-14 09:31:14,0,23.4242,222289920,656472,44018383
2024-08-14 09:31:20,0,24.4847,232353792,681105,44024270
2024-08-14 09:31:25,6,24.5663,233127936,693347,44031990
2024-08-14 09:31:30,0,24.5663,233127936,693593,44032070
2024-08-14 09:31:35,3,24.5922,233373696,703153,44034202
2024-08-14 09:31:41,6,24.5918,233369600,705428,44039387
2024-08-14 09:31:46,9.1,24.5918,233369600,707239,44041714
2024-08-14 09:31:51,3.1,24.5918,233369600,714784,44042798
2024-08-14 09:31:56,2.9,24.619,233627648,716783,44045062
2024-08-14 09:32:01,6.7,24.7278,234659840,720665,44049384
2024-08-14 09:32:07,3,24.7278,234659840,728029,44057176
2024-08-14 09:32:12,12.2,24.7101,234491904,750806,44075162
2024-08-14 09:32:17,0,24.736,234737664,768595,44083717
2024-08-14 09:32:22,0,24.736,234737664,780331,44090091
2024-08-14 09:32:27,0,24.7351,234729472,785160,44093331
2024-08-14 09:32:33,0,18.7066,177520640,789542,44100412
2024-08-14 09:32:38,0,18.7066,177520640,789542,44100412
2024-08-14 09:32:43,3,18.7066,177520640,789632,44100488
2024-08-14 09:32:48,3.2,18.7066,177520640,789632,44100488
2024-08-14 09:32:53,0,18.7066,177520640,789632,44100488
2024-08-14 09:32:59,3.1,18.7066,177520640,789722,44100564
2024-08-14 09:33:04,0,18.7066,177520640,789764,44100592
2024-08-14 09:33:09,3.1,18.7066,177520640,789764,44100592
2024-08-14 09:33:14,0,18.7066,177520640,789854,44100668
2024-08-14 09:33:20,0,18.7066,177520640,789854,44100668
2024-08-14 09:33:25,0,18.7066,177520640,790034,44100696
2024-08-14 09:33:30,0,18.7066,177520640,790124,44100772
