2024-08-14 09:09:24,9.7,17.8687,169570304,150274,26674829
2024-08-14 09:09:29,3.1,18.4778,175349760,281829,43536777
2024-08-14 09:09:34,3.2,18.4778,175349760,281829,43536777
2024-08-14 09:09:39,3,18.4778,175349760,281829,43536777
2024-08-14 09:09:45,0,18.4778,175349760,281919,43536853
2024-08-14 09:09:50,3.1,18.4778,175349760,281919,43536853
2024-08-14 09:09:55,0,18.558,176111616,281919,43536853
2024-08-14 09:10:00,3.2,18.5852,176369664,282051,43536957
2024-08-14 09:10:05,3.2,18.6124,176627712,282093,43536985
2024-08-14 09:10:11,3.2,18.6396,176885760,282093,43536985
2024-08-14 09:10:16,3.1,18.6392,176881664,282543,43537365
2024-08-14 09:10:21,6,18.6387,176877568,282613,43537365
2024-08-14 09:10:26,0,18.6387,176877568,282613,43537365
2024-08-14 09:10:31,0,18.8783,179150848,284937,43539500
2024-08-14 09:10:36,0,18.8783,179150848,285075,43539500
2024-08-14 09:10:42,0,18.8783,179150848,285075,43539500
2024-08-14 09:10:47,0,18.9051,179404800,285165,43539576
2024-08-14 09:10:52,3.1,18.9055,179408896,285207,43539604
2024-08-14 09:10:57,6,18.9314,179654656,285249,43539632
2024-08-14 09:11:02,0,18.9314,179654656,285339,43539708
2024-08-14 09:11:08,6,18.9314,179654656,285339,43539708
2024-08-14 09:11:13,0,18.9314,179654656,285339,43539708
2024-08-14 09:11:18,0,18.9314,179654656,285699,43539936
2024-08-14 09:11:23,3,18.931,179650560,285831,43540116
2024-08-14 09:11:28,6.1,18.931,179650560,285831,43540116
2024-08-14 09:11:34,6,18.931,179650560,285831,43540116
2024-08-14 09:11:39,0,18.9305,179646464,285921,43540192
2024-08-14 09:11:44,3.2,18.9305,179646464,285921,43540192
2024-08-14 09:11:49,3.1,18.9305,179646464,285921,43540192
2024-08-14 09:11:54,0,18.9318,179658752,286053,43540296
2024-08-14 09:11:59,0,18.9318,179658752,286095,43540324
2024-08-14 09:12:05,3.1,18.9318,179658752,286095,43540324
2024-08-14 09:12:10,3.1,18.9318,179658752,286185,43540400
2024-08-14 09:12:15,3.2,18.9279,179621888,288287,43542459
2024-08-14 09:12:20,3.1,18.9279,179621888,288287,43542459
2024-08-14 09:12:25,0,18.9279,179621888,288875,43542839
2024-08-14 09:12:31,3.2,18.9279,179621888,288929,43542885
2024-08-14 09:12:36,3.2,18.9279,179621888,288929,43542885
2024-08-14 09:12:41,3.1,18.9279,179621888,289241,43543021
2024-08-14 09:12:46,0,18.9279,179621888,289399,43543077
2024-08-14 09:12:51,3.2,18.9279,179621888,289399,43543077
2024-08-14 09:12:57,6.2,18.9279,179621888,289563,43543153
2024-08-14 09:13:02,3.1,18.9279,179621888,289563,43543153
2024-08-14 09:13:07,0,18.9279,179621888,289617,43543199
2024-08-14 09:13:12,6.2,18.9279,179621888,289823,43543303
2024-08-14 09:13:17,0,18.9279,179621888,289823,43543303
2024-08-14 09:13:22,0,18.9279,179621888,289823,43543303
2024-08-14 09:13:28,3.2,18.9279,179621888,290273,43543683
2024-08-14 09:13:33,3.1,18.9279,179621888,290315,43543711
2024-08-14 09:13:38,3.2,18.9279,179621888,290315,43543711
2024-08-14 09:13:43,6.2,18.9279,179621888,290357,43543739
2024-08-14 09:13:48,6,18.9279,179621888,290517,43543815
2024-08-14 09:13:54,0,18.9279,179621888,290517,43543815
2024-08-14 09:13:59,3,18.9279,179621888,290517,43543815
2024-08-14 09:14:04,6.2,18.9279,179621888,290607,43543891
2024-08-14 09:14:09,0,18.9279,179621888,290649,43543919
2024-08-14 09:14:14,0,18.9279,179621888,292685,43545978
2024-08-14 09:14:19,3.1,18.9275,179617792,292775,43546054
2024-08-14 09:14:25,3.2,18.9275,179617792,292913,43546054
2024-08-14 09:14:30,3.2,18.9275,179617792,292913,43546054
2024-08-14 09:14:35,3.2,18.9171,179519488,293363,43546434
2024-08-14 09:14:40,3.1,18.9171,179519488,293447,43546490
2024-08-14 09:14:45,3,18.9171,179519488,293447,43546490
2024-08-14 09:14:51,3.2,18.9171,179519488,293685,43546626
2024-08-14 09:14:56,0,18.9171,179519488,293759,43546626
2024-08-14 09:15:01,3.2,18.9171,179519488,293833,43546626
2024-08-14 09:15:06,0,18.9171,179519488,294039,43546730
2024-08-14 09:15:11,0,18.9171,179519488,294039,43546730
2024-08-14 09:15:16,0,18.9154,179503104,294039,43546730
2024-08-14 09:15:22,3.1,18.9426,179761152,294203,43546806
2024-08-14 09:15:27,3,18.9426,179761152,294245,43546834
2024-08-14 09:15:32,3.1,19.0242,180535296,294245,43546834
2024-08-14 09:15:37,0,19.0777,181043200,294737,43547242
2024-08-14 09:15:42,2.9,19.1049,181301248,294737,43547242
2024-08-14 09:15:48,0,19.2137,182333440,294737,43547242
2024-08-14 09:15:53,0,19.2409,182591488,294737,43547242
2024-08-14 09:15:58,3.2,19.24,182583296,294827,43547318
2024-08-14 09:16:03,0,19.24,182583296,294869,43547346
2024-08-14 09:16:08,0,19.24,182583296,294869,43547346
2024-08-14 09:16:14,0,19.24,182583296,297385,43549527
2024-08-14 09:16:19,3.2,19.24,182583296,297385,43549527
2024-08-14 09:16:24,0,19.24,182583296,297385,43549527
2024-08-14 09:16:29,0,19.24,182583296,297475,43549603
2024-08-14 09:16:34,3,19.2659,182829056,297517,43549631
2024-08-14 09:16:39,3.1,19.2659,182829056,297517,43549631
2024-08-14 09:16:45,3,19.2659,182829056,297967,43550011
2024-08-14 09:16:50,3,19.3475,183603200,298009,43550039
2024-08-14 09:16:55,3.2,19.3747,183861248,298009,43550039
2024-08-14 09:17:00,0,19.4019,184119296,298099,43550115
2024-08-14 09:17:05,3.2,19.401,184111104,298099,43550115
2024-08-14 09:17:11,3.1,19.401,184111104,298099,43550115
2024-08-14 09:17:16,3.2,19.401,184111104,298189,43550191
2024-08-14 09:17:21,3.2,19.401,184111104,298231,43550219
2024-08-14 09:17:26,0,19.401,184111104,298231,43550219
2024-08-14 09:17:31,3.1,19.401,184111104,298363,43550323
2024-08-14 09:17:36,3.1,19.401,184111104,298363,43550323
2024-08-14 09:17:42,3.2,19.401,184111104,298363,43550323
2024-08-14 09:17:47,6,19.401,184111104,298723,43550627
2024-08-14 09:17:52,0,19.401,184111104,298855,43550731
2024-08-14 09:17:57,3.2,19.401,184111104,298855,43550731
2024-08-14 09:18:02,0,19.401,184111104,298909,43550777
2024-08-14 09:18:08,0,19.401,184111104,298999,43550853
2024-08-14 09:18:13,0,19.401,184111104,301239,43552912
2024-08-14 09:18:18,0,19.401,184111104,301281,43552940
2024-08-14 09:18:23,3.2,19.401,184111104,301371,43553016
2024-08-14 09:18:28,3.1,19.401,184111104,301413,43553044
2024-08-14 09:18:33,3.2,19.401,184111104,301413,43553044
2024-08-14 09:18:39,6,19.401,184111104,301503,43553120
2024-08-14 09:18:44,0,19.401,184111104,301545,43553148
2024-08-14 09:18:49,3.2,19.401,184111104,301545,43553148
2024-08-14 09:18:54,3.1,19.4001,184102912,301995,43553528
2024-08-14 09:18:59,0,19.4001,184102912,301995,43553528
2024-08-14 09:19:05,0,19.4001,184102912,301995,43553528
2024-08-14 09:19:10,0,19.4001,184102912,302085,43553604
2024-08-14 09:19:15,3.1,19.4001,184102912,302085,43553604
2024-08-14 09:19:20,6.2,19.4001,184102912,302127,43553632
2024-08-14 09:19:25,89.7,24.3862,231419904,559755,43725494
2024-08-14 09:19:31,3.2,24.4246,231784448,580599,43759629
2024-08-14 09:19:36,0,24.4505,232030208,580599,43759629
2024-08-14 09:19:41,0,24.4505,232030208,580689,43759705
2024-08-14 09:19:46,0,24.4505,232030208,580689,43759705
2024-08-14 09:19:51,3.2,24.4777,232288256,580689,43759705
2024-08-14 09:19:57,0,24.4777,232288256,581139,43760085
2024-08-14 09:20:02,3,24.4777,232288256,581277,43760085
2024-08-14 09:20:07,0,24.5049,232546304,581277,43760085
2024-08-14 09:20:12,0,24.5865,233320448,583379,43762144
2024-08-14 09:20:17,6.2,24.5865,233320448,583511,43762248
2024-08-14 09:20:22,5.8,24.5865,233320448,583511,43762248
2024-08-14 09:20:28,0,24.5865,233320448,583511,43762248
2024-08-14 09:20:33,6.1,24.5865,233320448,583601,43762324
2024-08-14 09:20:38,0,24.5865,233320448,583725,43762370
2024-08-14 09:20:43,6.2,24.5865,233320448,583725,43762370
2024-08-14 09:20:48,0,24.5865,233320448,583815,43762446
2024-08-14 09:20:54,0,24.6681,234094592,583815,43762446
2024-08-14 09:20:59,0,24.6681,234094592,583959,43762568
2024-08-14 09:21:04,0,24.6681,234094592,584361,43762900
2024-08-14 09:21:09,0,24.6681,234094592,584361,43762900
2024-08-14 09:21:14,3.1,24.6681,234094592,584403,43762928
2024-08-14 09:21:19,0,24.6953,234352640,584493,43763004
2024-08-14 09:21:25,0,24.7492,234864640,584493,43763004
2024-08-14 09:21:30,3.1,24.7492,234864640,584493,43763004
2024-08-14 09:21:35,3.2,24.7764,235122688,584583,43763080
2024-08-14 09:21:40,0,24.8308,235638784,584583,43763080
2024-08-14 09:21:45,0,24.9111,236400640,584583,43763080
2024-08-14 09:21:51,0,24.9111,236400640,584673,43763156
2024-08-14 09:21:56,3.1,24.9378,236654592,584715,43763184
2024-08-14 09:22:01,3.1,24.965,236912640,584853,43763184
2024-08-14 09:22:06,3.2,25.0186,237420544,585303,43763564
2024-08-14 09:22:11,14.7,25.1545,238710784,585345,43764094
2024-08-14 09:22:17,0,22.5428,213925888,587381,43765651
2024-08-14 09:22:22,3.2,22.5972,214441984,587471,43765727
2024-08-14 09:22:27,3.1,22.6244,214700032,587471,43765727
2024-08-14 09:22:32,0,22.6787,215216128,587471,43765727
2024-08-14 09:22:37,0,22.7059,215474176,587471,43765727
2024-08-14 09:22:43,3.2,22.7059,215474176,587615,43765849
2024-08-14 09:22:48,0,22.7059,215474176,587615,43765849
2024-08-14 09:22:53,3.2,22.7603,215990272,587615,43765849
2024-08-14 09:22:58,0,22.8143,216502272,587705,43765925
2024-08-14 09:23:03,0,22.8963,217280512,587747,43765953
2024-08-14 09:23:08,3.1,23.1393,219586560,587879,43766057
2024-08-14 09:23:14,0,23.1937,220102656,588239,43766361
2024-08-14 09:23:19,6.2,23.3296,221392896,588239,43766361
2024-08-14 09:23:24,3.1,23.4384,222425088,588239,43766361
2024-08-14 09:23:29,0,23.4923,222937088,588329,43766437
2024-08-14 09:23:34,3.1,23.5467,223453184,588329,43766437
2024-08-14 09:23:40,3.1,23.5467,223453184,588329,43766437
2024-08-14 09:23:45,3.2,23.5998,223956992,588419,43766513
2024-08-14 09:23:50,6.2,23.7353,225243136,588599,43766541
2024-08-14 09:23:55,0,23.8441,226275328,588599,43766541
2024-08-14 09:24:00,0,23.8441,226275328,588689,43766617
2024-08-14 09:24:05,6.2,23.8441,226275328,588731,43766645
2024-08-14 09:24:11,6,23.8441,226275328,588731,43766645
2024-08-14 09:24:16,3.2,23.8687,226508800,591013,43768856
2024-08-14 09:24:21,3,23.8687,226508800,591013,43768856
2024-08-14 09:24:26,0,23.8687,226508800,591013,43768856
2024-08-14 09:24:31,3.2,23.8687,226508800,591013,43768856
2024-08-14 09:24:37,6.2,23.8687,226508800,591103,43768932
2024-08-14 09:24:42,0,23.8687,226508800,591103,43768932
2024-08-14 09:24:47,3.1,23.8687,226508800,591103,43768932
2024-08-14 09:24:52,6.1,23.9762,227528704,591193,43769008
2024-08-14 09:24:57,6.1,23.9762,227528704,591235,43769036
2024-08-14 09:25:02,0,23.9762,227528704,591331,43769110
2024-08-14 09:25:08,3.1,23.9762,227528704,591421,43769186
2024-08-14 09:25:13,3.2,24.4812,232321024,621769,43959252
2024-08-14 09:25:18,6,24.4812,232321024,621859,43959328
2024-08-14 09:25:23,0,24.4812,232321024,622219,43959632
2024-08-14 09:25:28,0,24.4812,232321024,622219,43959632
2024-08-14 09:25:34,3,24.4812,232321024,622219,43959632
2024-08-14 09:25:39,3,24.4812,232321024,622447,43959708
2024-08-14 09:25:44,6.1,24.4812,232321024,622447,43959708
2024-08-14 09:25:49,0,24.4812,232321024,622447,43959708
2024-08-14 09:25:54,3.1,24.4812,232321024,622579,43959812
2024-08-14 09:26:00,0,24.5084,232579072,622621,43959840
2024-08-14 09:26:05,3.2,24.5356,232837120,622621,43959840
2024-08-14 09:26:10,3.1,24.5356,232837120,622711,43959916
2024-08-14 09:26:15,0,24.59,233353216,624813,43961975
2024-08-14 09:26:20,3.2,24.6711,234123264,624813,43961975
2024-08-14 09:26:25,3.1,24.6711,234123264,624993,43962127
2024-08-14 09:26:31,3,24.6711,234123264,624993,43962127
2024-08-14 09:26:36,3.1,24.6711,234123264,624993,43962127
2024-08-14 09:26:41,3.1,24.6711,234123264,624993,43962127
2024-08-14 09:26:46,3.1,24.6711,234123264,625083,43962203
2024-08-14 09:26:51,3.2,24.6711,234123264,625167,43962259
2024-08-14 09:26:57,6.2,24.6711,234123264,625167,43962259
2024-08-14 09:27:02,6.2,24.6711,234123264,625257,43962335
2024-08-14 09:27:07,0,24.6711,234123264,625257,43962335
2024-08-14 09:27:12,0,24.6711,234123264,625257,43962335
2024-08-14 09:27:17,5.9,24.6711,234123264,625347,43962411
2024-08-14 09:27:22,3,24.6711,234123264,625347,43962411
2024-08-14 09:27:28,3.2,24.6707,234119168,625527,43962563
2024-08-14 09:27:33,3.2,24.6707,234119168,625977,43962819
2024-08-14 09:27:38,0,24.6707,234119168,625977,43962819
2024-08-14 09:27:43,0,24.6707,234119168,625977,43962819
2024-08-14 09:27:48,0,24.6707,234119168,626109,43962923
2024-08-14 09:27:54,3.2,24.6707,234119168,626109,43962923
2024-08-14 09:27:59,0,24.6707,234119168,626109,43962923
2024-08-14 09:28:04,3.2,24.6707,234119168,626199,43962999
2024-08-14 09:28:09,6.2,24.6702,234115072,626241,43963027
2024-08-14 09:28:14,0,24.6961,234360832,628277,43965086
2024-08-14 09:28:19,0,24.6961,234360832,628367,43965162
2024-08-14 09:28:25,0,24.722,234606592,628367,43965162
2024-08-14 09:28:30,3.2,24.722,234606592,628367,43965162
2024-08-14 09:28:35,3.1,24.7764,235122688,628547,43965314
2024-08-14 09:28:40,0,24.8295,235626496,628547,43965314
2024-08-14 09:28:45,0,24.8567,235884544,628589,43965342
2024-08-14 09:28:51,0,24.9378,236654592,628589,43965342
2024-08-14 09:28:56,0,25.0181,237416448,628679,43965418
2024-08-14 09:29:01,0,25.0181,237416448,628721,43965446
2024-08-14 09:29:06,3.2,25.0453,237674496,628721,43965446
2024-08-14 09:29:11,0,25.0997,238190592,628811,43965522
2024-08-14 09:29:17,3.2,25.1269,238448640,628811,43965522
2024-08-14 09:29:22,6.2,25.1269,238448640,628811,43965522
2024-08-14 09:29:27,6.2,25.1269,238448640,628901,43965598
2024-08-14 09:29:32,0,25.1269,238448640,629039,43965598
2024-08-14 09:29:37,0,25.2335,239460352,629219,43965750
2024-08-14 09:29:42,3,25.2335,239460352,629573,43966034
2024-08-14 09:29:48,0,22.5799,214278144,629573,43966034
2024-08-14 09:29:53,3.2,22.6615,215052288,629573,43966034
2024-08-14 09:29:58,3,22.6615,215052288,629663,43966110
2024-08-14 09:30:03,3.2,22.6615,215052288,629663,43966110
2024-08-14 09:30:08,3.2,22.6887,215310336,629663,43966110
2024-08-14 09:30:14,3,23.0111,218370048,632053,43968245
2024-08-14 09:30:19,3.1,23.0111,218370048,632053,43968245
2024-08-14 09:30:24,0,23.1742,219918336,632053,43968245
2024-08-14 09:30:29,3.2,23.4177,222228480,632143,43968321
2024-08-14 09:30:34,3.2,23.4449,222486528,632143,43968321
2024-08-14 09:30:39,3.1,23.4992,223002624,632185,43968349
2024-08-14 09:30:45,3.2,23.5264,223260672,632275,43968425
2024-08-14 09:30:50,6.2,23.5532,223514624,632317,43968453
2024-08-14 09:30:55,0,23.6076,224030720,632317,43968453
2024-08-14 09:31:00,12.9,24.337,230952960,739172,44023382
2024-08-14 09:31:05,3.2,18.1605,172339200,739550,44024468
2024-08-14 09:31:11,0,18.268,173359104,739550,44024468
2024-08-14 09:31:16,3.2,18.2952,173617152,739604,44024560
2024-08-14 09:31:21,3.1,18.2952,173617152,739832,44024636
2024-08-14 09:31:26,0,18.2952,173617152,739832,44024636
2024-08-14 09:31:31,0,18.2952,173617152,739886,44024682
2024-08-14 09:31:36,3.1,18.2952,173617152,740018,44024786
2024-08-14 09:31:42,3.2,18.2952,173617152,740060,44024814
2024-08-14 09:31:47,0,18.2952,173617152,740240,44024966
2024-08-14 09:31:52,0,18.2952,173617152,740510,44025194
2024-08-14 09:31:57,0,18.4039,174649344,740510,44025194
2024-08-14 09:32:02,0,18.6202,176701440,740510,44025194
2024-08-14 09:32:08,0,18.647,176955392,740600,44025270
2024-08-14 09:32:13,0,19.1053,181305344,742900,44027329
2024-08-14 09:32:18,3.2,19.1053,181305344,742942,44027357
2024-08-14 09:32:23,0,19.1053,181305344,743032,44027433
2024-08-14 09:32:28,0,19.1053,181305344,743074,44027461
2024-08-14 09:32:34,3,19.1053,181305344,743074,44027461
2024-08-14 09:32:39,0,19.1053,181305344,743164,44027537
2024-08-14 09:32:44,0,19.1053,181305344,743164,44027537
2024-08-14 09:32:49,0,19.1053,181305344,743164,44027537
2024-08-14 09:32:54,0,19.1053,181305344,743254,44027613
2024-08-14 09:32:59,3.2,19.1053,181305344,743350,44027733
