2024-08-14 09:15:38,11.1,17.7662,168591360,240894,38891450
2024-08-14 09:15:43,6,17.7347,168292352,295757,45772962
2024-08-14 09:15:48,0,17.7347,168292352,295847,45773038
2024-08-14 09:15:53,0,17.7886,168804352,295847,45773038
2024-08-14 09:15:58,0,17.8413,169304064,295847,45773038
2024-08-14 09:16:04,3,17.9755,170577920,296297,45773418
2024-08-14 09:16:09,6.2,18.0299,171094016,296297,45773418
2024-08-14 09:16:14,0,18.058,171360256,296367,45773418
2024-08-14 09:16:19,0,18.058,171360256,296457,45773494
2024-08-14 09:16:24,0,18.058,171360256,296679,45773550
2024-08-14 09:16:30,3,18.2479,173162496,298913,45775610
2024-08-14 09:16:35,6.2,18.2479,173162496,299003,45775686
2024-08-14 09:16:40,0,18.2479,173162496,299003,45775686
2024-08-14 09:16:45,0,18.2479,173162496,299003,45775686
2024-08-14 09:16:50,0,18.2479,173162496,299003,45775686
2024-08-14 09:16:56,0,18.2479,173162496,299093,45775762
2024-08-14 09:17:01,0,18.2479,173162496,299093,45775762
2024-08-14 09:17:06,3.2,18.2479,173162496,299363,45775990
2024-08-14 09:17:11,0,18.2479,173162496,299585,45776170
2024-08-14 09:17:16,3.2,18.2479,173162496,299627,45776198
2024-08-14 09:17:22,0,18.301,173666304,299627,45776198
2024-08-14 09:17:27,0,18.301,173666304,299717,45776274
2024-08-14 09:17:32,3.2,18.301,173666304,299717,45776274
2024-08-14 09:17:37,3.2,18.301,173666304,299717,45776274
2024-08-14 09:17:42,3.1,18.301,173666304,299807,45776350
2024-08-14 09:17:48,3,18.3554,174182400,299849,45776378
2024-08-14 09:17:53,3.1,18.4098,174698496,299849,45776378
2024-08-14 09:17:58,3.1,18.4098,174698496,299939,45776454
2024-08-14 09:18:03,5.9,18.4098,174698496,299939,45776454
2024-08-14 09:18:08,3.2,18.437,174956544,300029,45776530
2024-08-14 09:18:14,0,18.4913,175472640,300569,45776862
2024-08-14 09:18:19,0,18.4913,175472640,300611,45776890
2024-08-14 09:18:24,0,18.4913,175472640,300611,45776890
2024-08-14 09:18:29,0,18.6791,177254400,302803,45779026
2024-08-14 09:18:34,3.2,18.6791,177254400,302803,45779026
2024-08-14 09:18:40,3.1,18.7063,177512448,302803,45779026
2024-08-14 09:18:45,0,18.7063,177512448,302893,45779102
2024-08-14 09:18:50,3.1,18.7063,177512448,302893,45779102
2024-08-14 09:18:55,0,18.7063,177512448,302893,45779102
2024-08-14 09:19:00,6.1,18.7607,178028544,302983,45779178
2024-08-14 09:19:05,0,18.7607,178028544,303025,45779206
2024-08-14 09:19:11,0,18.7879,178286592,303067,45779234
2024-08-14 09:19:16,3.2,18.7879,178286592,303391,45779508
2024-08-14 09:19:21,0,18.8418,178798592,303571,45779660
2024-08-14 09:19:26,3.2,18.869,179056640,303571,45779660
2024-08-14 09:19:31,3.1,18.869,179056640,303571,45779660
2024-08-14 09:19:37,0,18.8686,179052544,303661,45779736
2024-08-14 09:19:42,0,18.8686,179052544,303703,45779764
2024-08-14 09:19:47,3.1,24.4492,232009728,343410,45806682
2024-08-14 09:19:52,9.7,24.5028,232517632,358221,45816351
2024-08-14 09:19:57,0,24.5287,232763392,383205,45835420
2024-08-14 09:20:03,0,24.5287,232763392,391557,45840752
2024-08-14 09:20:08,3.2,24.5282,232759296,406848,45846504
2024-08-14 09:20:13,0,24.5282,232759296,413957,45853737
2024-08-14 09:20:18,3.1,24.5278,232755200,430652,45863070
2024-08-14 09:20:23,3.2,24.6318,233742336,451544,45875819
2024-08-14 09:20:29,13.5,24.6322,233746432,495163,45903439
2024-08-14 09:20:34,6.1,24.631,233734144,525942,45921890
2024-08-14 09:20:39,9.7,24.6305,233730048,548379,45940848
2024-08-14 09:20:44,0,24.6219,233648128,567451,45955971
2024-08-14 09:20:49,3.2,24.6758,234160128,583281,45964418
2024-08-14 09:20:55,0,24.684,234237952,610119,46007579
2024-08-14 09:21:00,3.1,24.6879,234274816,622681,46026521
2024-08-14 09:21:05,0,24.6879,234274816,622723,46026549
2024-08-14 09:21:10,3.1,24.6879,234274816,622813,46026625
2024-08-14 09:21:15,0,24.6879,234274816,622813,46026625
2024-08-14 09:21:21,3.1,24.8222,235548672,622813,46026625
2024-08-14 09:21:26,3,24.8222,235548672,625209,46028989
2024-08-14 09:21:31,6,24.82,235528192,625299,46029065
2024-08-14 09:21:36,3,24.82,235528192,625299,46029065
2024-08-14 09:21:41,6,24.82,235528192,625389,46029141
2024-08-14 09:21:47,3.2,24.82,235528192,625389,46029141
2024-08-14 09:21:52,3.1,22.1059,209772544,625389,46029141
2024-08-14 09:21:57,3,22.2673,211304448,625389,46029141
2024-08-14 09:22:02,3,22.3217,211820544,625659,46029245
2024-08-14 09:22:07,0,22.3217,211820544,625701,46029273
2024-08-14 09:22:13,0,22.3489,212078592,625701,46029273
2024-08-14 09:22:18,3,22.5112,213618688,625791,46029349
2024-08-14 09:22:23,0,22.5384,213876736,625791,46029349
2024-08-14 09:22:28,8.6,22.5366,213860352,626061,46029577
2024-08-14 09:22:33,3.1,22.5906,214372352,626241,46029729
2024-08-14 09:22:39,3.1,22.6981,215392256,626283,46029757
2024-08-14 09:22:44,0,22.6981,215392256,626283,46029757
2024-08-14 09:22:49,5.9,22.6981,215392256,626373,46029833
2024-08-14 09:22:54,3.1,22.6981,215392256,626415,46029861
2024-08-14 09:22:59,0,22.6981,215392256,626415,46029861
2024-08-14 09:23:05,0,22.7253,215650304,626505,46029937
2024-08-14 09:23:10,6.2,22.834,216682496,626547,46029965
2024-08-14 09:23:15,3.1,22.834,216682496,626547,46029965
2024-08-14 09:23:20,0,22.8608,216936448,626637,46030041
2024-08-14 09:23:25,33.3,23.0753,218972160,628673,46032101
2024-08-14 09:23:31,0,23.0753,218972160,628673,46032101
2024-08-14 09:23:36,0,23.0753,218972160,629123,46032481
2024-08-14 09:23:41,0,23.0753,218972160,629123,46032481
2024-08-14 09:23:46,0,23.0753,218972160,629123,46032481
2024-08-14 09:23:51,0,23.1293,219484160,629393,46032585
2024-08-14 09:23:57,0,23.1293,219484160,629393,46032585
2024-08-14 09:24:02,3.1,23.1293,219484160,629393,46032585
2024-08-14 09:24:07,3.2,23.1293,219484160,629483,46032661
2024-08-14 09:24:12,0,23.1293,219484160,629525,46032689
2024-08-14 09:24:17,3.1,23.1293,219484160,629525,46032689
2024-08-14 09:24:23,0,23.1293,219484160,629525,46032689
2024-08-14 09:24:28,6.2,23.1293,219484160,629615,46032765
2024-08-14 09:24:33,0,23.1293,219484160,629615,46032765
2024-08-14 09:24:38,0,23.1293,219484160,629705,46032841
2024-08-14 09:24:43,3.1,23.1293,219484160,629795,46032917
2024-08-14 09:24:48,0,23.1293,219484160,629879,46032973
2024-08-14 09:24:54,0,23.1293,219484160,629879,46032973
2024-08-14 09:24:59,3.1,23.1552,219729920,629969,46033049
2024-08-14 09:25:04,3.1,23.2096,220246016,629969,46033049
2024-08-14 09:25:09,6.1,23.2096,220246016,629969,46033049
2024-08-14 09:25:14,6.2,23.2368,220504064,630129,46033125
2024-08-14 09:25:20,3.2,23.2899,221007872,630171,46033153
2024-08-14 09:25:25,0,23.2899,221007872,630171,46033153
2024-08-14 09:25:30,0,23.5614,223584256,632297,46035289
2024-08-14 09:25:35,3.2,24.394,231485440,663209,46226642
2024-08-14 09:25:40,0,24.394,231485440,663299,46226718
2024-08-14 09:25:46,3.1,24.394,231485440,663701,46227050
2024-08-14 09:25:51,3.1,24.4199,231731200,663839,46227050
2024-08-14 09:25:56,3.2,24.4199,231731200,663839,46227050
2024-08-14 09:26:01,3,24.4199,231731200,663929,46227126
2024-08-14 09:26:06,3.2,24.4199,231731200,664025,46227200
2024-08-14 09:26:12,0,24.4199,231731200,664025,46227200
2024-08-14 09:26:17,3.2,24.4199,231731200,664115,46227276
2024-08-14 09:26:22,3.2,24.4199,231731200,664115,46227276
2024-08-14 09:26:27,0,24.4203,231735296,664115,46227276
2024-08-14 09:26:32,3,24.4203,231735296,664115,46227276
2024-08-14 09:26:38,3.2,24.4203,231735296,664247,46227380
2024-08-14 09:26:43,0,24.4475,231993344,664289,46227408
2024-08-14 09:26:48,0,24.4747,232251392,664379,46227484
2024-08-14 09:26:53,0,24.5278,232755200,664469,46227560
2024-08-14 09:26:58,3.2,24.5278,232755200,664469,46227560
2024-08-14 09:27:04,0,24.555,233013248,664469,46227560
2024-08-14 09:27:09,0,24.6094,233529344,664559,46227636
2024-08-14 09:27:14,0,24.6094,233529344,664601,46227664
2024-08-14 09:27:19,3.2,24.6094,233529344,664601,46227664
2024-08-14 09:27:24,3.2,24.6094,233529344,664691,46227740
2024-08-14 09:27:30,3.2,24.6094,233529344,666727,46229800
2024-08-14 09:27:35,5.9,24.6094,233529344,666727,46229800
2024-08-14 09:27:40,3.2,24.6094,233529344,666859,46229904
2024-08-14 09:27:45,3,24.6094,233529344,666997,46229904
2024-08-14 09:27:50,3.1,24.6089,233525248,667177,46230056
2024-08-14 09:27:56,0,24.6089,233525248,667399,46230236
2024-08-14 09:28:01,3.2,24.6089,233525248,667489,46230312
2024-08-14 09:28:06,0,24.6089,233525248,667489,46230312
2024-08-14 09:28:11,3.2,24.6085,233521152,667579,46230388
2024-08-14 09:28:16,6.1,24.6085,233521152,667579,46230388
2024-08-14 09:28:22,6,24.6085,233521152,667579,46230388
2024-08-14 09:28:27,5.9,24.6085,233521152,667669,46230464
2024-08-14 09:28:32,6,24.6085,233521152,667765,46230538
2024-08-14 09:28:37,0,24.6085,233521152,667807,46230566
2024-08-14 09:28:42,0,24.6085,233521152,667897,46230642
2024-08-14 09:28:48,0,24.6085,233521152,667897,46230642
2024-08-14 09:28:53,0,24.6085,233521152,667897,46230642
2024-08-14 09:28:58,3.1,24.6085,233521152,668077,46230794
2024-08-14 09:29:03,3.1,24.6085,233521152,668119,46230822
2024-08-14 09:29:08,3.2,24.6085,233521152,668119,46230822
2024-08-14 09:29:14,3.1,24.6085,233521152,668119,46230822
2024-08-14 09:29:19,3.2,24.6085,233521152,668209,46230898
2024-08-14 09:29:24,0,24.6085,233521152,668209,46230898
2024-08-14 09:29:29,0,24.6085,233521152,670287,46232986
2024-08-14 09:29:34,3.1,24.6085,233521152,670419,46233090
2024-08-14 09:29:40,3,24.6085,233521152,670557,46233090
2024-08-14 09:29:45,0,24.6085,233521152,670557,46233090
2024-08-14 09:29:50,0,24.6085,233521152,670647,46233166
2024-08-14 09:29:55,3.2,24.6085,233521152,670647,46233166
2024-08-14 09:30:00,2.9,24.6081,233517056,670827,46233318
2024-08-14 09:30:06,6.2,24.6081,233517056,671049,46233498
2024-08-14 09:30:11,0,24.6081,233517056,671139,46233574
2024-08-14 09:30:16,0,24.6081,233517056,671139,46233574
2024-08-14 09:30:21,3.2,24.6081,233517056,671229,46233650
2024-08-14 09:30:26,3,24.6076,233512960,671271,46233678
2024-08-14 09:30:31,0,24.6076,233512960,671271,46233678
2024-08-14 09:30:37,3.2,24.6076,233512960,671361,46233754
2024-08-14 09:30:42,0,24.6076,233512960,671403,46233782
2024-08-14 09:30:47,0,24.6076,233512960,671403,46233782
2024-08-14 09:30:52,0,24.6072,233508864,671493,46233858
2024-08-14 09:30:57,3.2,24.6072,233508864,671493,46233858
2024-08-14 09:31:03,6,24.6072,233508864,671493,46233858
2024-08-14 09:31:08,3.1,24.6072,233508864,671673,46234010
2024-08-14 09:31:13,3,24.6072,233508864,671715,46234038
2024-08-14 09:31:18,3,24.6072,233508864,671715,46234038
2024-08-14 09:31:24,3.2,25.0151,237379584,694294,46237895
2024-08-14 09:31:29,5.9,25.2322,239439872,696468,46239955
2024-08-14 09:31:34,0,25.5029,242008064,721618,46247191
2024-08-14 09:31:39,0,25.5011,241991680,723670,46251371
2024-08-14 09:31:44,3.1,25.5011,241991680,725740,46253007
2024-08-14 09:31:50,3.1,25.6371,243281920,747830,46256367
2024-08-14 09:31:55,3.1,25.6371,243281920,748262,46257247
2024-08-14 09:32:00,0,25.6643,243539968,752816,46263943
2024-08-14 09:32:05,3.1,25.6643,243539968,777846,46273243
2024-08-14 09:32:10,3.3,25.6608,243507200,798279,46288057
2024-08-14 09:32:16,21.2,25.6483,243388416,821649,46303470
2024-08-14 09:32:21,3.2,25.6466,243372032,836160,46310842
2024-08-14 09:32:26,0,25.6466,243372032,848750,46318181
2024-08-14 09:32:31,3.3,18.9282,179617792,857734,46328428
2024-08-14 09:32:36,3.1,18.9307,179642368,857734,46328428
2024-08-14 09:32:42,3.2,18.9307,179642368,857734,46328428
2024-08-14 09:32:47,5.9,18.9307,179642368,857824,46328504
2024-08-14 09:32:52,0,18.9307,179642368,857824,46328504
2024-08-14 09:32:57,3.2,18.9307,179642368,857824,46328504
2024-08-14 09:33:02,6.1,18.9307,179642368,857914,46328580
2024-08-14 09:33:07,0,18.9307,179642368,857914,46328580
2024-08-14 09:33:13,0,18.9307,179642368,857914,46328580
2024-08-14 09:33:18,0,18.9307,179642368,858046,46328684
2024-08-14 09:33:23,2.9,18.9307,179642368,858226,46328712
2024-08-14 09:33:28,2.9,18.9307,179642368,858226,46328712
2024-08-14 09:33:33,0,18.9307,179642368,858316,46328788
2024-08-14 09:33:39,0,18.9307,179642368,858316,46328788
2024-08-14 09:33:44,6.1,18.9579,179900416,858316,46328788
2024-08-14 09:33:49,3.1,18.9579,179900416,858406,46328864
2024-08-14 09:33:54,0,18.9851,180158464,858406,46328864
2024-08-14 09:33:59,3.2,18.9847,180154368,863168,46336976
2024-08-14 09:34:05,3.1,19.0119,180412416,863168,46336976
2024-08-14 09:34:10,6,19.0119,180412416,863390,46337208
2024-08-14 09:34:15,3.1,19.0119,180412416,863432,46337236
2024-08-14 09:34:20,3.1,19.0119,180412416,863612,46337388
