2024-08-14 09:15:12,16.7,17.7356,168300544,327576,41748712
2024-08-14 09:15:17,5.7,17.7516,168452096,366469,45865668
2024-08-14 09:15:22,5.6,17.7516,168452096,366511,45865696
2024-08-14 09:15:28,3.2,17.752,168456192,366511,45865696
2024-08-14 09:15:33,0,17.7512,168448000,366601,45865772
2024-08-14 09:15:38,3.2,17.7503,168439808,366601,45865772
2024-08-14 09:15:43,3,17.7503,168439808,366601,45865772
2024-08-14 09:15:48,3.1,17.7762,168685568,366691,45865848
2024-08-14 09:15:54,0,17.9394,170233856,366733,45865876
2024-08-14 09:15:59,3,18.0209,171008000,366733,45865876
2024-08-14 09:16:04,3.2,18.0477,171261952,367183,45866256
2024-08-14 09:16:09,3,18.128,172023808,367237,45866302
2024-08-14 09:16:14,0,18.128,172023808,367237,45866302
2024-08-14 09:16:20,3.2,18.1275,172019712,367279,45866330
2024-08-14 09:16:25,3.1,18.1275,172019712,367369,45866406
2024-08-14 09:16:30,3,18.128,172023808,367481,45866434
2024-08-14 09:16:35,0,18.128,172023808,367481,45866434
2024-08-14 09:16:40,0,18.128,172023808,367571,45866510
2024-08-14 09:16:46,3.2,18.128,172023808,367709,45866510
2024-08-14 09:16:51,18.7,18.1819,172535808,369811,45868569
2024-08-14 09:16:56,3,18.1811,172527616,369901,45868645
2024-08-14 09:17:01,0,18.1811,172527616,369901,45868645
2024-08-14 09:17:06,0,18.1811,172527616,369901,45868645
2024-08-14 09:17:12,0,18.1811,172527616,370351,45869025
2024-08-14 09:17:17,0,18.1811,172527616,370393,45869053
2024-08-14 09:17:22,3.1,18.2614,173289472,370393,45869053
2024-08-14 09:17:27,0,18.2631,173305856,370483,45869129
2024-08-14 09:17:32,0,18.2631,173305856,370525,45869157
2024-08-14 09:17:38,3.1,18.2627,173301760,370525,45869157
2024-08-14 09:17:43,3.1,18.2627,173301760,370615,45869233
2024-08-14 09:17:48,0,18.2627,173301760,370615,45869233
2024-08-14 09:17:53,3.2,18.2609,173285376,370615,45869233
2024-08-14 09:17:58,6.2,18.2609,173285376,370705,45869309
2024-08-14 09:18:04,2.7,18.2609,173285376,370747,45869337
2024-08-14 09:18:09,3.1,18.2609,173285376,370789,45869365
2024-08-14 09:18:14,0,18.2609,173285376,371239,45869745
2024-08-14 09:18:19,3.1,18.2609,173285376,371239,45869745
2024-08-14 09:18:24,3.1,18.2609,173285376,371239,45869745
2024-08-14 09:18:30,0,18.2609,173285376,371239,45869745
2024-08-14 09:18:35,5.8,18.2609,173285376,371329,45869821
2024-08-14 09:18:40,3.2,18.2609,173285376,371467,45869821
2024-08-14 09:18:45,3,18.2605,173281280,371467,45869821
2024-08-14 09:18:50,0,18.2605,173281280,371557,45869897
2024-08-14 09:18:56,3.2,18.2605,173281280,373725,45871956
2024-08-14 09:19:01,0,18.2605,173281280,373725,45871956
2024-08-14 09:19:06,3.2,18.2605,173281280,373857,45872060
2024-08-14 09:19:11,3,18.2605,173281280,373857,45872060
2024-08-14 09:19:16,5.9,18.2605,173281280,373947,45872136
2024-08-14 09:19:22,0,18.2601,173277184,374307,45872440
2024-08-14 09:19:27,0,18.2601,173277184,374307,45872440
2024-08-14 09:19:32,3.1,18.2601,173277184,374307,45872440
2024-08-14 09:19:37,6.2,18.2583,173260800,374397,45872516
2024-08-14 09:19:42,16.1,22.4798,213319680,379251,45876575
2024-08-14 09:19:47,3.1,24.1381,229056512,420095,45904077
2024-08-14 09:19:53,9.7,24.1649,229310464,439951,45917349
2024-08-14 09:19:58,2.9,24.2193,229826560,459912,45932327
2024-08-14 09:20:03,0,24.2447,230068224,469206,45936963
2024-08-14 09:20:08,6.2,24.2991,230584320,484657,45943460
2024-08-14 09:20:13,3.2,24.3526,231092224,492498,45950909
2024-08-14 09:20:19,0,24.4787,232288256,505108,45957569
2024-08-14 09:20:24,15.6,24.4774,232275968,549902,45984168
2024-08-14 09:20:29,6.5,24.4804,232304640,590425,46013676
2024-08-14 09:20:34,0,24.4778,232280064,615946,46030029
2024-08-14 09:20:39,0,24.5059,232546304,638770,46046906
2024-08-14 09:20:45,0,24.5283,232759296,656115,46061014
2024-08-14 09:20:50,3,24.5339,232812544,672874,46086671
2024-08-14 09:20:55,3.1,24.5646,233103360,683250,46100941
2024-08-14 09:21:00,3,24.5957,233398272,693314,46118602
2024-08-14 09:21:05,5.9,24.6229,233656320,693314,46118602
2024-08-14 09:21:11,2.9,24.65,233914368,693314,46118602
2024-08-14 09:21:16,3,24.65,233914368,693404,46118678
2024-08-14 09:21:21,3.2,24.65,233914368,693404,46118678
2024-08-14 09:21:26,3,24.6496,233910272,693638,46118876
2024-08-14 09:21:31,0,24.6496,233910272,693908,46119104
2024-08-14 09:21:37,3.2,24.6496,233910272,693908,46119104
2024-08-14 09:21:42,0,24.6496,233910272,693908,46119104
2024-08-14 09:21:47,3.1,24.6496,233910272,693998,46119180
2024-08-14 09:21:52,0,24.6479,233893888,696340,46121267
2024-08-14 09:21:57,3,24.6479,233893888,696382,46121295
2024-08-14 09:22:03,3.1,21.9851,208625664,696472,46121371
2024-08-14 09:22:08,0,22.2557,211193856,696472,46121371
2024-08-14 09:22:13,0,22.3373,211968000,696472,46121371
2024-08-14 09:22:18,3.2,22.3645,212226048,696562,46121447
2024-08-14 09:22:23,6.2,22.3917,212484096,696700,46121447
2024-08-14 09:22:29,0,22.3917,212484096,696700,46121447
2024-08-14 09:22:34,3.2,22.3917,212484096,697150,46121827
2024-08-14 09:22:39,0,22.3917,212484096,697192,46121855
2024-08-14 09:22:44,3.2,22.3917,212484096,697192,46121855
2024-08-14 09:22:49,0,22.4189,212742144,697282,46121931
2024-08-14 09:22:55,3.2,22.4431,212971520,697324,46121959
2024-08-14 09:23:00,3.1,22.4431,212971520,697324,46121959
2024-08-14 09:23:05,3.1,22.4431,212971520,697324,46121959
2024-08-14 09:23:10,3,22.4431,212971520,697414,46122035
2024-08-14 09:23:15,0,22.4431,212971520,697414,46122035
2024-08-14 09:23:21,6.1,22.4431,212971520,697414,46122035
2024-08-14 09:23:26,0,22.6045,214503424,697504,46122111
2024-08-14 09:23:31,0,22.8221,216567808,697546,46122139
2024-08-14 09:23:36,3.1,22.876,217079808,697726,46122291
2024-08-14 09:23:41,3.2,22.8756,217075712,697996,46122519
2024-08-14 09:23:47,0,22.9028,217333760,698038,46122547
2024-08-14 09:23:52,5.9,22.9265,217559040,700272,46124606
2024-08-14 09:23:57,2.9,23.0625,218849280,700416,46124742
2024-08-14 09:24:02,3.1,23.0897,219107328,700416,46124742
2024-08-14 09:24:07,3.1,23.0897,219107328,700416,46124742
2024-08-14 09:24:13,0,23.1169,219365376,700644,46124818
2024-08-14 09:24:18,3,23.1428,219611136,700644,46124818
2024-08-14 09:24:23,0,23.2243,220385280,700644,46124818
2024-08-14 09:24:28,8.4,23.3862,221921280,700734,46124894
2024-08-14 09:24:33,0,23.3862,221921280,700776,46124922
2024-08-14 09:24:39,0,23.4134,222179328,700776,46124922
2024-08-14 09:24:44,0,23.413,222175232,701088,46125178
2024-08-14 09:24:49,3.1,23.413,222175232,701088,46125178
2024-08-14 09:24:54,0,23.413,222175232,701088,46125178
2024-08-14 09:24:59,6.1,23.4402,222433280,701178,46125254
2024-08-14 09:25:05,3,23.4402,222433280,701178,46125254
2024-08-14 09:25:10,0,23.6301,224235520,701178,46125254
2024-08-14 09:25:15,6.2,23.7117,225009664,701268,46125330
2024-08-14 09:25:20,0,23.7117,225009664,701310,46125358
2024-08-14 09:25:25,3.2,23.7121,225013760,701310,46125358
2024-08-14 09:25:31,0,23.738,225259520,701310,46125358
2024-08-14 09:25:36,3.1,24.7066,234450944,732303,46316424
2024-08-14 09:25:41,0,24.7338,234708992,732415,46316452
2024-08-14 09:25:46,3.1,24.761,234967040,732595,46316604
2024-08-14 09:25:51,3.2,24.8154,235483136,735009,46318815
2024-08-14 09:25:57,3.1,24.8154,235483136,735009,46318815
2024-08-14 09:26:02,0,24.8154,235483136,735147,46318815
2024-08-14 09:26:07,0,24.8154,235483136,735237,46318891
2024-08-14 09:26:12,0,24.8154,235483136,735237,46318891
2024-08-14 09:26:17,0,24.8154,235483136,735291,46318937
2024-08-14 09:26:23,6.1,24.8154,235483136,735381,46319013
2024-08-14 09:26:28,3.2,24.8413,235728896,735477,46319087
2024-08-14 09:26:33,0,24.8413,235728896,735477,46319087
2024-08-14 09:26:38,0,24.8413,235728896,735609,46319191
2024-08-14 09:26:43,3,24.8413,235728896,735609,46319191
2024-08-14 09:26:49,3,24.8413,235728896,735609,46319191
2024-08-14 09:26:54,0,24.8413,235728896,735789,46319343
2024-08-14 09:26:59,3,24.8413,235728896,735789,46319343
2024-08-14 09:27:04,6.1,24.8413,235728896,735789,46319343
2024-08-14 09:27:09,3,24.8413,235728896,735879,46319419
2024-08-14 09:27:15,5.8,24.8413,235728896,735921,46319447
2024-08-14 09:27:20,6,24.8413,235728896,735921,46319447
2024-08-14 09:27:25,0,24.8957,236244992,736011,46319523
2024-08-14 09:27:30,3.1,24.8957,236244992,736011,46319523
2024-08-14 09:27:35,0,24.8957,236244992,736053,46319551
2024-08-14 09:27:41,0,24.8957,236244992,736053,46319551
2024-08-14 09:27:46,6.2,24.8952,236240896,736143,46319627
2024-08-14 09:27:51,3.1,24.8952,236240896,738245,46321686
2024-08-14 09:27:56,0,24.8948,236236800,738425,46321838
2024-08-14 09:28:01,0,24.8948,236236800,738743,46321990
2024-08-14 09:28:07,3.2,24.8948,236236800,738743,46321990
2024-08-14 09:28:12,0,24.9759,237006848,738743,46321990
2024-08-14 09:28:17,3.1,24.9759,237006848,738833,46322066
2024-08-14 09:28:22,3.1,24.9759,237006848,738833,46322066
2024-08-14 09:28:27,3.1,24.9759,237006848,738833,46322066
2024-08-14 09:28:33,6.2,25.0562,237768704,738965,46322170
2024-08-14 09:28:38,0,25.0562,237768704,739007,46322198
2024-08-14 09:28:43,3.2,25.0562,237768704,739007,46322198
2024-08-14 09:28:48,0,25.1093,238272512,739097,46322274
2024-08-14 09:28:53,0,25.1365,238530560,739097,46322274
2024-08-14 09:28:59,3,25.1365,238530560,739097,46322274
2024-08-14 09:29:04,8.8,25.1365,238530560,739277,46322426
2024-08-14 09:29:09,2.9,25.1365,238530560,739277,46322426
2024-08-14 09:29:14,5.9,25.1365,238530560,739277,46322426
2024-08-14 09:29:19,3.1,25.1365,238530560,739367,46322502
2024-08-14 09:29:25,3.1,25.1365,238530560,739451,46322558
2024-08-14 09:29:30,0,25.1365,238530560,739451,46322558
2024-08-14 09:29:35,5.8,25.1365,238530560,739541,46322634
2024-08-14 09:29:40,3,25.1365,238530560,739541,46322634
2024-08-14 09:29:45,0,25.1365,238530560,739541,46322634
2024-08-14 09:29:51,15.6,25.1365,238530560,740624,46323742
2024-08-14 09:29:56,3,25.1365,238530560,741733,46324769
2024-08-14 09:30:01,0,25.1365,238530560,741871,46324769
2024-08-14 09:30:06,3.2,25.1365,238530560,742051,46324921
2024-08-14 09:30:11,3.1,25.1365,238530560,742231,46325073
2024-08-14 09:30:17,6.1,25.1365,238530560,742231,46325073
2024-08-14 09:30:22,6.2,25.1365,238530560,742273,46325101
2024-08-14 09:30:27,3,25.1365,238530560,742363,46325177
2024-08-14 09:30:32,6.2,25.1365,238530560,742405,46325205
2024-08-14 09:30:37,0,25.1365,238530560,742405,46325205
2024-08-14 09:30:43,0,25.1361,238526464,742495,46325281
2024-08-14 09:30:48,3,25.1361,238526464,742495,46325281
2024-08-14 09:30:53,0,25.1361,238526464,742495,46325281
2024-08-14 09:30:58,3.2,25.1361,238526464,742585,46325357
2024-08-14 09:31:03,0,25.1361,238526464,742585,46325357
2024-08-14 09:31:09,0,25.1361,238526464,742585,46325357
2024-08-14 09:31:14,0,25.1361,238526464,742765,46325509
2024-08-14 09:31:19,74.3,25.1361,238526464,745026,46326739
2024-08-14 09:31:24,0,25.5712,242655232,765294,46329319
2024-08-14 09:31:29,3.2,25.5712,242655232,768758,46332479
2024-08-14 09:31:35,3.1,25.5712,242655232,786281,46338927
2024-08-14 09:31:40,6.2,25.5712,242655232,786743,46339291
2024-08-14 09:31:45,3.2,25.5712,242655232,802509,46342535
2024-08-14 09:31:50,0,25.7071,243945472,805708,46344982
2024-08-14 09:31:55,3.3,25.7343,244203520,812451,46350778
2024-08-14 09:32:01,3.3,25.7339,244199424,821409,46354294
2024-08-14 09:32:06,6,25.7339,244199424,830819,46362704
2024-08-14 09:32:11,24.2,25.7287,244150272,855312,46379066
2024-08-14 09:32:16,3.1,25.7184,244051968,874349,46390392
2024-08-14 09:32:21,6.6,25.7166,244035584,889806,46398438
2024-08-14 09:32:27,3.2,25.7162,244031488,900718,46405556
2024-08-14 09:32:32,0,18.2273,172965888,903825,46411014
2024-08-14 09:32:37,6.2,18.3891,174501888,903915,46411090
2024-08-14 09:32:42,3.1,18.3891,174501888,903915,46411090
2024-08-14 09:32:47,3.1,18.3891,174501888,903915,46411090
2024-08-14 09:32:52,0,18.4163,174759936,904005,46411166
2024-08-14 09:32:58,3,18.4163,174759936,904005,46411166
2024-08-14 09:33:03,6.2,18.4979,175534080,904005,46411166
2024-08-14 09:33:08,0,18.4979,175534080,904095,46411242
2024-08-14 09:33:13,3.2,18.5251,175792128,904179,46411298
2024-08-14 09:33:18,3.2,18.5251,175792128,904179,46411298
2024-08-14 09:33:24,0,18.551,176037888,904359,46411450
2024-08-14 09:33:29,5.8,18.5782,176295936,904359,46411450
2024-08-14 09:33:34,3.1,18.6054,176553984,904359,46411450
2024-08-14 09:33:39,3,18.6326,176812032,904449,46411526
2024-08-14 09:33:45,8.6,18.6326,176812032,904449,46411526
2024-08-14 09:33:50,3.1,18.6326,176812032,904587,46411526
2024-08-14 09:33:55,6.2,18.7918,178323456,906713,46413661
2024-08-14 09:34:00,0,18.7918,178323456,906713,46413661
2024-08-14 09:34:05,6.2,18.7918,178323456,906713,46413661
