2024-08-14 09:15:23,22.8,17.4697,165777408,191905,37031866
2024-08-14 09:15:28,0,17.7412,168353792,261086,45770446
2024-08-14 09:15:33,3.1,17.7671,168599552,261086,45770446
2024-08-14 09:15:38,0,17.7671,168599552,261128,45770474
2024-08-14 09:15:43,0,17.7666,168595456,261218,45770550
2024-08-14 09:15:49,0,17.7934,168849408,261218,45770550
2024-08-14 09:15:54,5.9,17.875,169623552,261218,45770550
2024-08-14 09:15:59,0,17.8745,169619456,261668,45770930
2024-08-14 09:16:04,3,17.9561,170393600,261884,45771004
2024-08-14 09:16:09,0,18.0105,170909696,261942,45771004
2024-08-14 09:16:15,8.4,18.0105,170909696,262032,45771080
2024-08-14 09:16:20,3.1,18.0105,170909696,262090,45771080
2024-08-14 09:16:25,3.2,18.0105,170909696,262090,45771080
2024-08-14 09:16:30,3.2,18.0105,170909696,262222,45771184
2024-08-14 09:16:35,6.2,18.0105,170909696,262280,45771184
2024-08-14 09:16:41,3,18.0105,170909696,262280,45771184
2024-08-14 09:16:46,0,18.0105,170909696,262280,45771184
2024-08-14 09:16:51,0,18.0105,170909696,264406,45773319
2024-08-14 09:16:56,3.1,18.0105,170909696,264406,45773319
2024-08-14 09:17:01,0,18.0105,170909696,264634,45773395
2024-08-14 09:17:07,6.1,18.0105,170909696,264994,45773699
2024-08-14 09:17:12,3.1,18.0105,170909696,264994,45773699
2024-08-14 09:17:17,3.1,18.0105,170909696,264994,45773699
2024-08-14 09:17:22,3.2,18.0105,170909696,265084,45773775
2024-08-14 09:17:27,0,18.0105,170909696,265126,45773803
2024-08-14 09:17:33,0,18.0105,170909696,265126,45773803
2024-08-14 09:17:38,0,18.0105,170909696,265216,45773879
2024-08-14 09:17:43,3.2,18.0105,170909696,265258,45773907
2024-08-14 09:17:48,6.2,18.0105,170909696,265312,45773953
2024-08-14 09:17:53,3.1,18.0083,170889216,265402,45774029
2024-08-14 09:17:59,3,18.0083,170889216,265402,45774029
2024-08-14 09:18:04,0,18.0083,170889216,265402,45774029
2024-08-14 09:18:09,0,18.0083,170889216,265852,45774409
2024-08-14 09:18:14,6.1,18.0083,170889216,265852,45774409
2024-08-14 09:18:19,3,18.0083,170889216,265852,45774409
2024-08-14 09:18:25,0,18.0083,170889216,265984,45774513
2024-08-14 09:18:30,0,18.0083,170889216,266026,45774541
2024-08-14 09:18:35,0,18.0627,171405312,266026,45774541
2024-08-14 09:18:40,0,18.0627,171405312,266116,45774617
2024-08-14 09:18:45,0,18.0627,171405312,266116,45774617
2024-08-14 09:18:51,3.1,18.0891,171655168,268290,45776676
2024-08-14 09:18:56,0,18.0891,171655168,268380,45776752
2024-08-14 09:19:01,3.2,18.0891,171655168,268380,45776752
2024-08-14 09:19:06,3,18.0891,171655168,268380,45776752
2024-08-14 09:19:11,3.1,18.0891,171655168,268560,45776904
2024-08-14 09:19:17,3,18.0886,171651072,268830,45777132
2024-08-14 09:19:22,5.7,18.1158,171909120,268926,45777206
2024-08-14 09:19:27,3.1,18.1158,171909120,268926,45777206
2024-08-14 09:19:32,0,18.1158,171909120,269016,45777282
2024-08-14 09:19:37,6.2,18.1158,171909120,269058,45777310
2024-08-14 09:19:43,29.4,22.4447,212987904,275922,45784961
2024-08-14 09:19:48,9.3,23.7206,225095680,316529,45809256
2024-08-14 09:19:53,3.2,23.7474,225349632,336418,45823625
2024-08-14 09:19:58,3,23.8277,226111488,355368,45837529
2024-08-14 09:20:03,3,23.8272,226107392,367029,45843365
2024-08-14 09:20:09,0,23.8268,226103296,378721,45848138
2024-08-14 09:20:14,9.3,23.8268,226103296,386278,45855235
2024-08-14 09:20:19,12.1,23.8272,226107392,415462,45875038
2024-08-14 09:20:24,3.1,23.8277,226111488,460497,45905536
2024-08-14 09:20:29,22.8,23.8199,226037760,497494,45929393
2024-08-14 09:20:35,6.4,23.8195,226033664,516918,45946287
2024-08-14 09:20:40,3,23.8225,226062336,534548,45963676
2024-08-14 09:20:45,3.2,23.8247,226082816,546705,45974382
2024-08-14 09:20:50,2.9,23.848,226304000,559784,45983135
2024-08-14 09:20:55,2.9,23.8488,226312192,574711,45999197
2024-08-14 09:21:01,0,23.8549,226369536,587684,46022511
2024-08-14 09:21:06,0,23.8549,226369536,587774,46022587
2024-08-14 09:21:11,3,23.854,226361344,587774,46022587
2024-08-14 09:21:16,8.6,23.854,226361344,587816,46022615
2024-08-14 09:21:22,0,23.8531,226353152,588230,46022965
2024-08-14 09:21:27,3.2,23.8531,226353152,588320,46023041
2024-08-14 09:21:32,3.1,23.8531,226353152,588320,46023041
2024-08-14 09:21:37,0,23.8527,226349056,588320,46023041
2024-08-14 09:21:42,0,23.8518,226340864,588410,46023117
2024-08-14 09:21:48,3.2,23.8518,226340864,588452,46023145
2024-08-14 09:21:53,3,23.8505,226328576,590686,46025204
2024-08-14 09:21:58,3.2,23.8497,226320384,590776,46025280
2024-08-14 09:22:03,3.1,23.8488,226312192,590776,46025280
2024-08-14 09:22:08,3,23.876,226570240,590818,46025308
2024-08-14 09:22:14,0,23.876,226570240,590908,46025384
2024-08-14 09:22:19,0,23.876,226570240,590908,46025384
2024-08-14 09:22:24,6,23.876,226570240,590998,46025460
2024-08-14 09:22:29,3.2,23.9032,226828288,591358,46025764
2024-08-14 09:22:34,6.1,23.93,227082240,591538,46025792
2024-08-14 09:22:40,6,23.93,227082240,591538,46025792
2024-08-14 09:22:45,3,23.93,227082240,591628,46025868
2024-08-14 09:22:50,3,23.93,227082240,591628,46025868
2024-08-14 09:22:55,0,23.9278,227061760,591628,46025868
2024-08-14 09:23:00,0,23.9278,227061760,591718,46025944
2024-08-14 09:23:06,6.2,23.9278,227061760,591760,46025972
2024-08-14 09:23:11,5.9,23.9278,227061760,591830,46025972
2024-08-14 09:23:16,3,23.9274,227057664,591920,46026048
2024-08-14 09:23:21,3.2,23.9274,227057664,591962,46026076
2024-08-14 09:23:26,3.1,23.9274,227057664,591962,46026076
2024-08-14 09:23:32,0,23.9274,227057664,592412,46026456
2024-08-14 09:23:37,0,23.9274,227057664,592412,46026456
2024-08-14 09:23:42,6,23.9274,227057664,592412,46026456
2024-08-14 09:23:47,3.1,23.9265,227049472,592412,46026456
2024-08-14 09:23:52,3.1,23.9265,227049472,594802,46028591
2024-08-14 09:23:58,2.9,23.9265,227049472,594802,46028591
2024-08-14 09:24:03,0,23.9265,227049472,594844,46028619
2024-08-14 09:24:08,3.1,23.9265,227049472,594934,46028695
2024-08-14 09:24:13,0,23.9265,227049472,594934,46028695
2024-08-14 09:24:18,0,23.9265,227049472,594934,46028695
2024-08-14 09:24:24,8.8,23.9265,227049472,595024,46028771
2024-08-14 09:24:29,6.2,23.9265,227049472,595024,46028771
2024-08-14 09:24:34,0,23.9265,227049472,595162,46028771
2024-08-14 09:24:39,3.2,23.9265,227049472,595252,46028847
2024-08-14 09:24:44,6.1,24.0081,227823616,595294,46028875
2024-08-14 09:24:50,0,24.0897,228597760,595294,46028875
2024-08-14 09:24:55,6.1,24.1713,229371904,595438,46028997
2024-08-14 09:25:00,3,24.1713,229371904,595480,46029025
2024-08-14 09:25:05,6.1,24.1713,229371904,595480,46029025
2024-08-14 09:25:10,0,24.1708,229367808,595570,46029101
2024-08-14 09:25:16,3,24.1708,229367808,595570,46029101
2024-08-14 09:25:21,0,24.1708,229367808,595570,46029101
2024-08-14 09:25:26,6.2,24.2252,229883904,595660,46029177
2024-08-14 09:25:31,0,24.2524,230141952,595702,46029993
2024-08-14 09:25:36,3.1,24.6499,233914368,626776,46220640
2024-08-14 09:25:42,3.1,24.6495,233910272,627136,46220944
2024-08-14 09:25:47,6.1,24.6495,233910272,627136,46220944
2024-08-14 09:25:52,3.2,24.6495,233910272,629304,46223003
2024-08-14 09:25:57,3.1,24.6495,233910272,629436,46223107
2024-08-14 09:26:02,3.1,24.6495,233910272,629544,46223199
2024-08-14 09:26:08,0,24.6495,233910272,629544,46223199
2024-08-14 09:26:13,0,24.6495,233910272,629544,46223199
2024-08-14 09:26:18,6.2,24.6754,234156032,629688,46223321
2024-08-14 09:26:23,3.1,24.6754,234156032,629826,46223321
2024-08-14 09:26:28,3.1,24.6754,234156032,629826,46223321
2024-08-14 09:26:33,0,24.6754,234156032,629916,46223397
2024-08-14 09:26:39,3.1,24.6754,234156032,629958,46223425
2024-08-14 09:26:44,0,24.6754,234156032,629958,46223425
2024-08-14 09:26:49,3.1,24.7026,234414080,630048,46223501
2024-08-14 09:26:54,6.1,24.757,234930176,630090,46223529
2024-08-14 09:26:59,3.1,24.757,234930176,630090,46223529
2024-08-14 09:27:05,6.1,24.757,234930176,630180,46223605
2024-08-14 09:27:10,3,24.757,234930176,630180,46223605
2024-08-14 09:27:15,5.7,24.757,234930176,630180,46223605
2024-08-14 09:27:20,3.2,24.757,234930176,630324,46223727
2024-08-14 09:27:26,3.1,24.757,234930176,630366,46223755
2024-08-14 09:27:31,3,24.757,234930176,630366,46223755
2024-08-14 09:27:36,3.2,24.757,234930176,630456,46223831
2024-08-14 09:27:41,0,24.757,234930176,630456,46223831
2024-08-14 09:27:46,0,24.757,234930176,630588,46223935
2024-08-14 09:27:52,3.1,24.7566,234926080,633248,46226298
2024-08-14 09:27:57,0,24.7833,235180032,633248,46226298
2024-08-14 09:28:02,0,24.7833,235180032,633248,46226298
2024-08-14 09:28:07,0,24.7833,235180032,633338,46226374
2024-08-14 09:28:12,0,24.7833,235180032,633476,46226374
2024-08-14 09:28:18,3,24.7833,235180032,633476,46226374
2024-08-14 09:28:23,3.1,24.7833,235180032,633566,46226450
2024-08-14 09:28:28,3.1,24.7833,235180032,633566,46226450
2024-08-14 09:28:33,6.2,24.7833,235180032,633566,46226450
2024-08-14 09:28:38,0,24.7833,235180032,633656,46226526
2024-08-14 09:28:44,2.9,24.7833,235180032,633740,46226582
2024-08-14 09:28:49,3,24.7833,235180032,633740,46226582
2024-08-14 09:28:54,0,24.7833,235180032,633740,46226582
2024-08-14 09:28:59,0,24.7833,235180032,633830,46226658
2024-08-14 09:29:04,3,24.7833,235180032,633830,46226658
2024-08-14 09:29:10,0,24.8105,235438080,633830,46226658
2024-08-14 09:29:15,3.1,24.8105,235438080,633920,46226734
2024-08-14 09:29:20,0,24.8105,235438080,633920,46226734
2024-08-14 09:29:25,5.9,24.8105,235438080,633920,46226734
2024-08-14 09:29:30,0,24.8105,235438080,634010,46226810
2024-08-14 09:29:36,6.1,24.8377,235696128,634052,46226838
2024-08-14 09:29:41,3.2,24.8377,235696128,634094,46226866
2024-08-14 09:29:46,0,24.8377,235696128,634184,46226942
2024-08-14 09:29:51,3.2,24.8377,235696128,636352,46229001
2024-08-14 09:29:56,0,24.8377,235696128,636442,46229077
2024-08-14 09:30:01,2.9,24.8377,235696128,636802,46229381
2024-08-14 09:30:07,2.9,24.8377,235696128,636940,46229381
2024-08-14 09:30:12,0,24.8649,235954176,636940,46229381
2024-08-14 09:30:17,3,24.8649,235954176,637030,46229457
2024-08-14 09:30:22,0,24.8649,235954176,637030,46229457
2024-08-14 09:30:28,8.8,24.8649,235954176,637030,46229457
2024-08-14 09:30:33,3.1,24.8649,235954176,637120,46229533
2024-08-14 09:30:38,3.2,24.8649,235954176,637204,46229589
2024-08-14 09:30:43,0,24.8649,235954176,637204,46229589
2024-08-14 09:30:48,6.1,24.8645,235950080,637294,46229665
2024-08-14 09:30:54,3.1,24.8645,235950080,637294,46229665
2024-08-14 09:30:59,3.1,24.8645,235950080,637294,46229665
2024-08-14 09:31:04,5.8,24.8645,235950080,637384,46229741
2024-08-14 09:31:09,3.1,24.8645,235950080,637384,46229741
2024-08-14 09:31:14,0,24.8645,235950080,637384,46229741
2024-08-14 09:31:20,43.4,25.0276,237498368,659830,46233494
2024-08-14 09:31:25,0,25.0548,237756416,659920,46233570
2024-08-14 09:31:30,3.3,25.082,238014464,660514,46234386
2024-08-14 09:31:35,3,25.8706,245497856,686359,46243718
2024-08-14 09:31:40,2.9,25.925,246013952,686881,46244674
2024-08-14 09:31:46,14.7,25.8978,245755904,708955,46249378
2024-08-14 09:31:51,5.9,25.9215,245981184,713242,46251797
2024-08-14 09:31:56,6.2,25.9215,245981184,716014,46255605
2024-08-14 09:32:01,15.1,25.9215,245981184,731696,46261829
2024-08-14 09:32:06,3,25.9215,245981184,745113,46271578
2024-08-14 09:32:12,0,25.9142,245911552,769742,46288309
2024-08-14 09:32:17,3.1,25.9056,245829632,782912,46297161
2024-08-14 09:32:22,3.1,25.9038,245813248,797128,46304914
2024-08-14 09:32:27,9.1,25.9038,245813248,816780,46315686
2024-08-14 09:32:32,3.1,19.2851,183005184,830061,46327044
2024-08-14 09:32:38,3.1,19.3654,183767040,830061,46327044
2024-08-14 09:32:43,0,16.7916,159342592,830151,46327120
2024-08-14 09:32:48,3.1,16.8731,160116736,830151,46327120
2024-08-14 09:32:53,6.1,16.9547,160890880,830151,46327120
2024-08-14 09:32:58,0,17.0091,161406976,830241,46327196
2024-08-14 09:33:04,3.2,17.0363,161665024,830283,46327224
2024-08-14 09:33:09,8.6,17.0635,161923072,830283,46327224
2024-08-14 09:33:14,3.1,17.1179,162439168,830373,46327300
2024-08-14 09:33:19,3,17.3333,164483072,830373,46327300
2024-08-14 09:33:24,3.2,17.3605,164741120,830473,46327420
2024-08-14 09:33:30,3.1,17.3605,164741120,830515,46327448
2024-08-14 09:33:35,3.1,17.3605,164741120,830605,46327524
2024-08-14 09:33:40,3.2,17.3605,164741120,830605,46327524
2024-08-14 09:33:45,6.2,17.3605,164741120,830605,46327524
2024-08-14 09:33:50,0,17.5176,166232064,832797,46329659
2024-08-14 09:33:56,0,17.5448,166490112,833150,46330105
2024-08-14 09:34:01,0,17.6263,167264256,833288,46330105
2024-08-14 09:34:06,0,17.6259,167260160,833378,46330181
2024-08-14 09:34:11,6.2,17.6259,167260160,833378,46330181
