2024-08-14 09:10:03,9.1,17.5058,166125568,150547,26671048
2024-08-14 09:10:08,0,18.7994,178401280,273210,43533000
2024-08-14 09:10:13,6.1,18.7994,178401280,273660,43533380
2024-08-14 09:10:18,3.2,18.9893,180203520,273660,43533380
2024-08-14 09:10:24,3.2,18.9893,180203520,273660,43533380
2024-08-14 09:10:29,0,18.9893,180203520,273750,43533456
2024-08-14 09:10:34,0,19.1253,181493760,273792,43533484
2024-08-14 09:10:39,0,19.1253,181493760,273862,43533484
2024-08-14 09:10:44,3.1,19.1253,181493760,273952,43533560
2024-08-14 09:10:49,3.2,19.1525,181751808,274090,43533560
2024-08-14 09:10:55,3.1,19.234,182525952,274090,43533560
2024-08-14 09:11:00,0,19.3411,183541760,274090,43533560
2024-08-14 09:11:05,0,19.3955,184057856,274222,43533664
2024-08-14 09:11:10,0,19.3955,184057856,274264,43533692
2024-08-14 09:11:15,6.2,19.3955,184057856,274264,43533692
2024-08-14 09:11:21,3.2,19.3955,184057856,274714,43534072
2024-08-14 09:11:26,3.1,19.477,184832000,274714,43534072
2024-08-14 09:11:31,3.2,19.5314,185348096,274714,43534072
2024-08-14 09:11:36,0,19.5841,185847808,274804,43534148
2024-08-14 09:11:41,0,19.72,187138048,274846,43534176
2024-08-14 09:11:46,0,19.7472,187396096,274846,43534176
2024-08-14 09:11:52,6.2,19.7468,187392000,274990,43534298
2024-08-14 09:11:57,3.2,19.8551,188420096,277026,43536358
2024-08-14 09:12:02,3.1,19.8551,188420096,277068,43536386
2024-08-14 09:12:07,3.2,19.8551,188420096,277216,43536554
2024-08-14 09:12:12,0,19.8551,188420096,277216,43536554
2024-08-14 09:12:17,0,19.8551,188420096,277216,43536554
2024-08-14 09:12:23,0,19.8551,188420096,277666,43536934
2024-08-14 09:12:28,6.2,19.8551,188420096,277708,43536962
2024-08-14 09:12:33,3.1,19.8551,188420096,277708,43536962
2024-08-14 09:12:38,3.2,19.8551,188420096,277708,43536962
2024-08-14 09:12:43,0,19.8551,188420096,277936,43537038
2024-08-14 09:12:49,0,19.8551,188420096,277936,43537038
2024-08-14 09:12:54,0,19.853,188399616,277990,43537084
2024-08-14 09:12:59,0,19.853,188399616,278164,43537216
2024-08-14 09:13:04,6.2,19.853,188399616,278164,43537216
2024-08-14 09:13:09,3.2,19.853,188399616,278164,43537216
2024-08-14 09:13:14,3.1,19.8521,188391424,278254,43537292
2024-08-14 09:13:20,0,19.8521,188391424,278254,43537292
2024-08-14 09:13:25,0,19.8521,188391424,278254,43537292
2024-08-14 09:13:30,0,19.8521,188391424,278704,43537672
2024-08-14 09:13:35,6,19.8521,188391424,278746,43537700
2024-08-14 09:13:40,3.1,19.8521,188391424,278746,43537700
2024-08-14 09:13:46,3.2,19.8521,188391424,278836,43537776
2024-08-14 09:13:51,0,19.8521,188391424,278836,43537776
2024-08-14 09:13:56,0,19.8517,188387328,280914,43539864
2024-08-14 09:14:01,0,19.8521,188391424,281004,43539940
2024-08-14 09:14:06,6.2,19.8521,188391424,281004,43539940
2024-08-14 09:14:11,3,19.8521,188391424,281004,43539940
2024-08-14 09:14:17,0,19.8521,188391424,281094,43540016
2024-08-14 09:14:22,3.2,19.8521,188391424,281136,43540044
2024-08-14 09:14:27,0,19.8521,188391424,281136,43540044
2024-08-14 09:14:32,0,19.8517,188387328,281724,43540424
2024-08-14 09:14:37,0,19.8517,188387328,281794,43540424
2024-08-14 09:14:42,0,19.8517,188387328,281794,43540424
2024-08-14 09:14:48,6,19.8517,188387328,281794,43540424
2024-08-14 09:14:53,3.2,19.8513,188383232,281968,43540556
2024-08-14 09:14:58,3.2,19.8513,188383232,281968,43540556
2024-08-14 09:15:03,0,19.8513,188383232,281968,43540556
2024-08-14 09:15:08,3.2,19.8513,188383232,282058,43540632
2024-08-14 09:15:14,0,19.8413,188289024,282058,43540632
2024-08-14 09:15:19,3.2,19.8413,188289024,282112,43540724
2024-08-14 09:15:24,0,19.8413,188289024,282244,43540828
2024-08-14 09:15:29,6,19.8413,188289024,282244,43540828
2024-08-14 09:15:34,3.2,19.8413,188289024,282244,43540828
2024-08-14 09:15:39,3.2,19.8409,188284928,282694,43541208
2024-08-14 09:15:45,0,19.8409,188284928,282736,43541236
2024-08-14 09:15:50,0,19.8409,188284928,282736,43541236
2024-08-14 09:15:55,0,17.129,162549760,284994,43543372
2024-08-14 09:16:00,6,17.3453,164601856,285036,43543400
2024-08-14 09:16:05,3.2,17.3724,164859904,285036,43543400
2024-08-14 09:16:10,3.2,17.3724,164859904,285126,43543476
2024-08-14 09:16:16,3.2,17.3724,164859904,285242,43543522
2024-08-14 09:16:21,3.1,17.372,164855808,285358,43543522
2024-08-14 09:16:26,0,17.372,164855808,285544,43543672
2024-08-14 09:16:31,0,17.508,166146048,285740,43543672
2024-08-14 09:16:36,0,17.7242,168198144,285740,43543672
2024-08-14 09:16:42,6.2,17.9405,170250240,286232,43544080
2024-08-14 09:16:47,3.1,17.9396,170242048,286290,43544080
2024-08-14 09:16:52,3.1,17.9396,170242048,286290,43544080
2024-08-14 09:16:57,3.2,17.9396,170242048,286290,43544080
2024-08-14 09:17:02,0,17.9396,170242048,286380,43544156
2024-08-14 09:17:07,0,17.9396,170242048,286422,43544184
2024-08-14 09:17:13,0,17.9396,170242048,286422,43544184
2024-08-14 09:17:18,3.2,18.1282,172032000,286512,43544260
2024-08-14 09:17:23,3.2,18.2098,172806144,286512,43544260
2024-08-14 09:17:28,0,18.2098,172806144,286512,43544260
2024-08-14 09:17:33,0,18.2098,172806144,286602,43544336
2024-08-14 09:17:39,0,18.3449,174088192,286686,43544392
2024-08-14 09:17:44,6.2,18.5352,175894528,286686,43544392
2024-08-14 09:17:49,0,18.5352,175894528,287136,43544772
2024-08-14 09:17:54,3.1,18.6936,177397760,289304,43546832
2024-08-14 09:17:59,0,18.6936,177397760,289304,43546832
2024-08-14 09:18:04,0,18.7748,178167808,289394,43546908
2024-08-14 09:18:10,0,18.7748,178167808,289394,43546908
2024-08-14 09:18:15,0,18.7748,178167808,289394,43546908
2024-08-14 09:18:20,6.2,18.7748,178167808,289484,43546984
2024-08-14 09:18:25,3.1,18.7748,178167808,289526,43547012
2024-08-14 09:18:30,6.2,18.7748,178167808,289664,43547012
2024-08-14 09:18:35,3.1,18.7748,178167808,289796,43547116
2024-08-14 09:18:41,3.2,18.7748,178167808,289796,43547116
2024-08-14 09:18:46,3.2,18.7748,178167808,289796,43547116
2024-08-14 09:18:51,0,18.7748,178167808,290246,43547496
2024-08-14 09:18:56,0,18.7744,178163712,290288,43547524
2024-08-14 09:19:01,6.2,18.7744,178163712,290288,43547524
2024-08-14 09:19:07,6,18.7744,178163712,290288,43547524
2024-08-14 09:19:12,3.2,18.7744,178163712,290378,43547600
2024-08-14 09:19:17,3,18.7744,178163712,290378,43547600
2024-08-14 09:19:22,0,18.7744,178163712,290378,43547600
2024-08-14 09:19:27,87.1,23.5637,223612928,506725,43669425
2024-08-14 09:19:33,3.1,23.6077,224030720,568973,43753628
2024-08-14 09:19:38,3.2,23.6336,224276480,568973,43753628
2024-08-14 09:19:43,3.1,23.634,224280576,569063,43753704
2024-08-14 09:19:48,0,23.634,224280576,569063,43753704
2024-08-14 09:19:53,0,23.6332,224272384,571099,43755764
2024-08-14 09:19:58,0,23.6332,224272384,571603,43756190
2024-08-14 09:20:04,6.2,23.7134,225034240,571603,43756190
2024-08-14 09:20:09,3.1,23.7415,225300480,571603,43756190
2024-08-14 09:20:14,3.2,23.82,226045952,571747,43756312
2024-08-14 09:20:19,0,23.8731,226549760,571885,43756312
2024-08-14 09:20:24,0,23.9275,227065856,571885,43756312
2024-08-14 09:20:30,0,23.9275,227065856,572017,43756416
2024-08-14 09:20:35,0,23.9275,227065856,572113,43756490
2024-08-14 09:20:40,3.2,23.9275,227065856,572113,43756536
2024-08-14 09:20:45,3.2,23.9275,227065856,572203,43756612
2024-08-14 09:20:50,3.2,23.9275,227065856,572203,43756612
2024-08-14 09:20:55,3.1,23.9275,227065856,572203,43756612
2024-08-14 09:21:01,0,23.9275,227065856,572473,43756840
2024-08-14 09:21:06,0,23.9275,227065856,572653,43756992
2024-08-14 09:21:11,0,23.9275,227065856,572653,43756992
2024-08-14 09:21:16,6.2,23.9275,227065856,572653,43756992
2024-08-14 09:21:21,3.1,23.9275,227065856,572743,43757068
2024-08-14 09:21:26,3.2,23.9275,227065856,572827,43757124
2024-08-14 09:21:32,0,23.9275,227065856,572827,43757124
2024-08-14 09:21:37,0,23.9275,227065856,572917,43757200
2024-08-14 09:21:42,0,23.9275,227065856,572917,43757200
2024-08-14 09:21:47,0,23.9275,227065856,572917,43757200
2024-08-14 09:21:52,0,23.9275,227065856,573007,43757276
2024-08-14 09:21:58,6.2,23.9245,227037184,575307,43759336
2024-08-14 09:22:03,6.2,23.9508,227287040,575403,43759410
2024-08-14 09:22:08,3.2,24.0324,228061184,575991,43759790
2024-08-14 09:22:13,3.2,24.0596,228319232,575991,43759790
2024-08-14 09:22:18,0,24.0596,228319232,575991,43759790
2024-08-14 09:22:23,0,24.2228,229867520,576123,43759894
2024-08-14 09:22:29,3.1,24.4118,231661568,576123,43759894
2024-08-14 09:22:34,3.2,24.4386,231915520,576123,43759894
2024-08-14 09:22:39,0,24.4386,231915520,576213,43759970
2024-08-14 09:22:44,0,24.4381,231911424,576325,43759998
2024-08-14 09:22:49,0,24.4381,231911424,576325,43759998
2024-08-14 09:22:55,0,24.4381,231911424,576379,43760044
2024-08-14 09:23:00,3.1,24.4377,231907328,576469,43760120
2024-08-14 09:23:05,3.1,24.4377,231907328,576469,43760120
2024-08-14 09:23:10,3.2,24.4377,231907328,576739,43760348
2024-08-14 09:23:15,0,24.4377,231907328,576961,43760528
2024-08-14 09:23:20,0,24.4377,231907328,576961,43760528
2024-08-14 09:23:26,6.2,24.4377,231907328,576961,43760528
2024-08-14 09:23:31,3.2,24.4377,231907328,577051,43760604
2024-08-14 09:23:36,3.2,24.4377,231907328,577093,43760632
2024-08-14 09:23:41,0,24.4377,231907328,577093,43760632
2024-08-14 09:23:46,0,24.4377,231907328,577183,43760708
2024-08-14 09:23:51,0,24.4377,231907328,577183,43760708
2024-08-14 09:23:57,0,24.4377,231907328,579351,43762768
2024-08-14 09:24:02,3.2,24.4377,231907328,579441,43762844
2024-08-14 09:24:07,3.1,24.4377,231907328,579579,43762844
2024-08-14 09:24:12,3.2,24.4377,231907328,579621,43762872
2024-08-14 09:24:17,0,24.4373,231903232,579801,43763024
2024-08-14 09:24:23,0,24.4373,231903232,579801,43763024
2024-08-14 09:24:28,0,24.4373,231903232,579801,43763024
2024-08-14 09:24:33,0,24.4373,231903232,579891,43763100
2024-08-14 09:24:38,6.2,24.4373,231903232,579933,43763128
2024-08-14 09:24:43,3.2,24.4373,231903232,579933,43763128
2024-08-14 09:24:48,3.1,24.4373,231903232,580023,43763204
2024-08-14 09:24:54,6.2,24.4373,231903232,580023,43763204
2024-08-14 09:24:59,3.2,24.4373,231903232,580023,43763204
2024-08-14 09:25:04,0,24.4373,231903232,580023,43763204
2024-08-14 09:25:09,0,24.4373,231903232,580155,43763308
2024-08-14 09:25:14,0,24.862,235933696,610500,43953374
2024-08-14 09:25:20,0,24.862,235933696,610680,43953526
2024-08-14 09:25:25,6.1,24.862,235933696,610860,43953678
2024-08-14 09:25:30,3.2,24.862,235933696,610860,43953678
2024-08-14 09:25:35,3.2,24.9151,236437504,610860,43953678
2024-08-14 09:25:40,0,24.9142,236429312,610950,43953754
2024-08-14 09:25:45,0,24.9142,236429312,610950,43953754
2024-08-14 09:25:51,0,24.9142,236429312,610950,43953754
2024-08-14 09:25:56,0,24.9958,237203456,613142,43955890
2024-08-14 09:26:01,3.2,24.9958,237203456,613142,43955890
2024-08-14 09:26:06,3.2,24.9958,237203456,613322,43955918
2024-08-14 09:26:11,3.1,24.9958,237203456,613412,43955994
2024-08-14 09:26:17,0,24.9958,237203456,613412,43955994
2024-08-14 09:26:22,0,24.9958,237203456,613412,43955994
2024-08-14 09:26:27,0,24.9958,237203456,613592,43956146
2024-08-14 09:26:32,6.2,24.9958,237203456,613592,43956146
2024-08-14 09:26:37,3.2,24.9958,237203456,613592,43956146
2024-08-14 09:26:42,3.2,24.9958,237203456,613682,43956222
2024-08-14 09:26:48,3.2,24.9958,237203456,613724,43956250
2024-08-14 09:26:53,0,24.9958,237203456,613724,43956250
2024-08-14 09:26:58,0,24.9958,237203456,613814,43956326
2024-08-14 09:27:03,0,24.9958,237203456,613856,43956354
2024-08-14 09:27:08,3.2,24.9958,237203456,613856,43956354
2024-08-14 09:27:13,3.1,24.9958,237203456,613856,43956354
2024-08-14 09:27:19,0,24.9958,237203456,613946,43956430
2024-08-14 09:27:24,0,24.9958,237203456,613946,43956430
2024-08-14 09:27:29,0,24.9954,237199360,614126,43956582
2024-08-14 09:27:34,6.2,24.9954,237199360,614348,43956762
2024-08-14 09:27:39,3.1,24.9954,237199360,614348,43956762
2024-08-14 09:27:45,3.1,24.9954,237199360,614348,43956762
2024-08-14 09:27:50,0,24.9954,237199360,614438,43956838
2024-08-14 09:27:55,0,24.9945,237191168,616678,43958898
2024-08-14 09:28:00,0,24.9945,237191168,616720,43958926
2024-08-14 09:28:05,6.2,24.9945,237191168,616810,43959002
2024-08-14 09:28:10,3.2,24.9945,237191168,616810,43959002
2024-08-14 09:28:16,3.1,24.9945,237191168,616810,43959002
2024-08-14 09:28:21,0,24.9945,237191168,616900,43959078
2024-08-14 09:28:26,0,24.9945,237191168,616900,43959078
2024-08-14 09:28:31,0,24.9945,237191168,616900,43959078
2024-08-14 09:28:36,0,24.9945,237191168,617080,43959230
2024-08-14 09:28:41,6.2,24.9945,237191168,617122,43959258
2024-08-14 09:28:47,6.2,25.0484,237703168,617122,43959258
2024-08-14 09:28:52,3.2,25.0484,237703168,617212,43959334
2024-08-14 09:28:57,3.2,25.0484,237703168,617254,43959362
2024-08-14 09:29:02,0,25.0484,237703168,617308,43959454
2024-08-14 09:29:07,0,25.0484,237703168,617398,43959530
2024-08-14 09:29:13,0,25.0484,237703168,617398,43959530
2024-08-14 09:29:18,6.2,25.0484,237703168,617398,43959530
2024-08-14 09:29:23,3.1,25.0484,237703168,617488,43959606
2024-08-14 09:29:28,3.2,25.0484,237703168,617530,43959634
2024-08-14 09:29:33,0,25.0484,237703168,617530,43959634
2024-08-14 09:29:38,0,25.0484,237703168,617620,43959710
2024-08-14 09:29:44,0,25.048,237699072,618082,43959998
2024-08-14 09:29:49,6.2,25.048,237699072,618082,43959998
2024-08-14 09:29:54,3.2,25.0484,237703168,620424,43962086
2024-08-14 09:29:59,0,25.0484,237703168,620514,43962162
2024-08-14 09:30:04,0,25.0484,237703168,620514,43962162
2024-08-14 09:30:10,0,25.0484,237703168,620514,43962162
2024-08-14 09:30:15,0,25.048,237699072,620604,43962238
2024-08-14 09:30:20,3.2,25.048,237699072,620604,43962238
2024-08-14 09:30:25,3.2,25.048,237699072,620604,43962238
2024-08-14 09:30:30,3.2,25.0476,237694976,620694,43962314
2024-08-14 09:30:35,3.2,25.0476,237694976,620694,43962314
2024-08-14 09:30:41,0,25.0476,237694976,620694,43962314
2024-08-14 09:30:46,0,25.0476,237694976,620916,43962494
2024-08-14 09:30:51,0,25.0476,237694976,620958,43962522
2024-08-14 09:30:56,0,25.0476,237694976,620958,43962522
2024-08-14 09:31:01,0,25.0476,237694976,621048,43962598
2024-08-14 09:31:06,0,19.1166,181411840,730359,44021845
2024-08-14 09:31:12,6,19.1184,181428224,730359,44021845
2024-08-14 09:31:17,3.2,19.1184,181428224,730449,44021921
2024-08-14 09:31:22,3,19.1456,181686272,730449,44021921
2024-08-14 09:31:27,0,19.1456,181686272,730449,44021921
2024-08-14 09:31:32,0,19.1456,181686272,730677,44021997
2024-08-14 09:31:38,0,19.1727,181944320,730677,44021997
2024-08-14 09:31:43,0,19.2815,182976512,730719,44022025
2024-08-14 09:31:48,3.1,19.2815,182976512,730989,44022253
2024-08-14 09:31:53,3.2,19.2815,182976512,731121,44022357
2024-08-14 09:31:58,3.2,19.2815,182976512,731121,44022357
2024-08-14 09:32:03,0,19.2815,182976512,731121,44022357
2024-08-14 09:32:09,0,19.3631,183750656,731211,44022433
2024-08-14 09:32:14,0,16.8782,160169984,731211,44022433
2024-08-14 09:32:19,0,17.0686,161976320,731211,44022433
2024-08-14 09:32:24,6.2,17.0958,162234368,731301,44022509
2024-08-14 09:32:29,0,17.1774,163008512,731301,44022509
2024-08-14 09:32:35,0,17.2317,163524608,731301,44022509
2024-08-14 09:32:40,0,17.2317,163524608,731433,44022613
2024-08-14 09:32:45,6.2,17.2589,163782656,731433,44022613
2024-08-14 09:32:50,3.2,17.3133,164298752,731433,44022613
2024-08-14 09:32:55,6.1,17.6893,167866368,736032,44026345
