2024-08-14 09:12:27,9.7,17.6054,167071744,172674,28796625
2024-08-14 09:12:32,3.2,17.7388,168337408,290661,43537567
2024-08-14 09:12:37,0,17.7919,168841216,290719,43537567
2024-08-14 09:12:42,3.1,17.8454,169349120,290899,43537595
2024-08-14 09:12:48,0,17.8726,169607168,291047,43537671
2024-08-14 09:12:53,0,17.8726,169607168,291047,43537671
2024-08-14 09:12:58,6.1,17.9257,170110976,291047,43537671
2024-08-14 09:13:03,0,17.9253,170106880,291195,43537747
2024-08-14 09:13:08,5.8,17.9253,170106880,291237,43537775
2024-08-14 09:13:14,0,17.9253,170106880,291237,43537775
2024-08-14 09:13:19,0,17.9253,170106880,291327,43537851
2024-08-14 09:13:24,0,17.9253,170106880,291327,43537851
2024-08-14 09:13:29,0,17.9257,170110976,291327,43537851
2024-08-14 09:13:34,0,17.9257,170110976,291777,43538231
2024-08-14 09:13:40,0,17.9257,170110976,291915,43538333
2024-08-14 09:13:45,5.8,17.9257,170110976,291915,43538333
2024-08-14 09:13:50,3.1,17.9257,170110976,292005,43538409
2024-08-14 09:13:55,0,17.9529,170369024,292005,43538409
2024-08-14 09:14:00,0,17.9529,170369024,292005,43538409
2024-08-14 09:14:06,0,17.9529,170369024,292005,43538409
2024-08-14 09:14:11,0,17.9529,170369024,292137,43538513
2024-08-14 09:14:16,3,18.0889,171659264,294305,43540573
2024-08-14 09:14:21,0,18.0889,171659264,294305,43540573
2024-08-14 09:14:27,3.2,18.1432,172175360,294449,43540709
2024-08-14 09:14:32,0,18.1432,172175360,294449,43540709
2024-08-14 09:14:37,3.1,18.1432,172175360,294719,43540813
2024-08-14 09:14:42,3.2,18.1432,172175360,295121,43541145
2024-08-14 09:14:47,2.9,18.1415,172158976,295121,43541145
2024-08-14 09:14:52,0,18.2775,173449216,295121,43541145
2024-08-14 09:14:58,3.2,18.3854,174473216,295211,43541221
2024-08-14 09:15:03,3,18.4924,175489024,295211,43541221
2024-08-14 09:15:08,3.1,18.4924,175489024,295211,43541221
2024-08-14 09:15:13,3,18.492,175484928,295301,43541297
2024-08-14 09:15:18,0,18.4864,175431680,295343,43541325
2024-08-14 09:15:24,0,18.4864,175431680,295343,43541325
2024-08-14 09:15:29,8.6,18.4864,175431680,295433,43541401
2024-08-14 09:15:34,3.1,18.5969,176480256,295475,43541429
2024-08-14 09:15:39,3.1,18.6785,177254400,295475,43541429
2024-08-14 09:15:45,2.9,18.8136,178536448,295995,43541809
2024-08-14 09:15:50,3,18.8679,179052544,296037,43541837
2024-08-14 09:15:55,3.1,18.9223,179568640,296037,43541837
2024-08-14 09:16:00,0,19.0026,180330496,296127,43541913
2024-08-14 09:16:05,3.2,19.057,180846592,296127,43541913
2024-08-14 09:16:10,0,19.057,180846592,296127,43541913
2024-08-14 09:16:16,3.1,19.057,180846592,298319,43544049
2024-08-14 09:16:21,0,19.057,180846592,298319,43544049
2024-08-14 09:16:26,0,19.057,180846592,298361,43544077
2024-08-14 09:16:31,6,19.057,180846592,298361,43544077
2024-08-14 09:16:37,0,19.057,180846592,298631,43544181
2024-08-14 09:16:42,0,19.057,180846592,298631,43544181
2024-08-14 09:16:47,3.1,19.057,180846592,298901,43544409
2024-08-14 09:16:52,0,19.057,180846592,299081,43544561
2024-08-14 09:16:57,3.1,19.057,180846592,299081,43544561
2024-08-14 09:17:03,3.2,19.057,180846592,299081,43544561
2024-08-14 09:17:08,0,19.057,180846592,299171,43544637
2024-08-14 09:17:13,3.1,19.057,180846592,299213,43544665
2024-08-14 09:17:18,0,19.057,180846592,299213,43544665
2024-08-14 09:17:23,3,19.057,180846592,299345,43544769
2024-08-14 09:17:29,0,19.057,180846592,299345,43544769
2024-08-14 09:17:34,5.7,19.0471,180752384,299345,43544769
2024-08-14 09:17:39,3.1,19.0471,180752384,299435,43544845
2024-08-14 09:17:44,3.2,19.0743,181010432,299477,43544873
2024-08-14 09:17:49,0,19.0743,181010432,299477,43544873
2024-08-14 09:17:55,3,19.0743,181010432,299927,43545253
2024-08-14 09:18:00,0,19.1014,181268480,299927,43545253
2024-08-14 09:18:05,6.2,19.1558,181784576,299927,43545253
2024-08-14 09:18:10,2.9,19.1558,181784576,300017,43545329
2024-08-14 09:18:15,3.1,19.237,182554624,302185,43547389
2024-08-14 09:18:21,3.1,19.2642,182812672,302227,43547417
2024-08-14 09:18:26,3.1,19.2642,182812672,302455,43547493
2024-08-14 09:18:31,0,19.2909,183066624,302455,43547493
2024-08-14 09:18:36,3.1,19.344,183570432,302455,43547493
2024-08-14 09:18:41,0,19.3984,184086528,302545,43547569
2024-08-14 09:18:46,2.9,19.4524,184598528,302587,43547597
2024-08-14 09:18:52,6.1,19.4795,184856576,302587,43547597
2024-08-14 09:18:57,0,19.5059,185106432,302947,43547901
2024-08-14 09:19:02,3.2,19.5054,185102336,303037,43547977
2024-08-14 09:19:07,0,19.5577,185597952,303037,43547977
2024-08-14 09:19:12,3.1,19.5849,185856000,303037,43547977
2024-08-14 09:19:18,3,19.5853,185860096,303169,43548081
2024-08-14 09:19:23,0,19.5853,185860096,303211,43548109
2024-08-14 09:19:28,0,19.5853,185860096,303211,43548109
2024-08-14 09:19:33,0,19.5853,185860096,303301,43548185
2024-08-14 09:19:38,60.6,23.8044,225898496,389673,43607971
2024-08-14 09:19:44,0,23.8441,226275328,569691,43739776
2024-08-14 09:19:49,0,23.8441,226275328,578220,43754263
2024-08-14 09:19:54,3.1,23.8717,226537472,581844,43763388
2024-08-14 09:19:59,0,23.8989,226795520,581844,43763388
2024-08-14 09:20:04,0,23.9529,227307520,582294,43763768
2024-08-14 09:20:10,3.1,23.9533,227311616,582348,43763814
2024-08-14 09:20:15,3.2,23.9801,227565568,584426,43765902
2024-08-14 09:20:20,5.8,23.9801,227565568,584516,43765978
2024-08-14 09:20:25,3.1,23.9801,227565568,584654,43765978
2024-08-14 09:20:31,3.1,23.9801,227565568,584654,43765978
2024-08-14 09:20:36,3.1,23.9801,227565568,584744,43766054
2024-08-14 09:20:41,3.1,23.9801,227565568,584786,43766082
2024-08-14 09:20:46,3,23.9801,227565568,584786,43766082
2024-08-14 09:20:51,3,23.9801,227565568,584930,43766218
2024-08-14 09:20:57,3,24.0068,227819520,584930,43766218
2024-08-14 09:21:02,2.9,24.0068,227819520,584930,43766218
2024-08-14 09:21:07,0,24.0068,227819520,585422,43766626
2024-08-14 09:21:12,3,24.0612,228335616,585464,43766654
2024-08-14 09:21:17,3.1,24.0612,228335616,585464,43766654
2024-08-14 09:21:23,0,24.0612,228335616,585464,43766654
2024-08-14 09:21:28,3.1,24.0884,228593664,585554,43766730
2024-08-14 09:21:33,0,24.0884,228593664,585554,43766730
2024-08-14 09:21:38,3.2,24.0884,228593664,585554,43766730
2024-08-14 09:21:43,0,24.0884,228593664,585644,43766806
2024-08-14 09:21:49,3.1,24.0884,228593664,585686,43766834
2024-08-14 09:21:54,0,24.0884,228593664,585686,43766834
2024-08-14 09:21:59,0,24.0884,228593664,585776,43766910
2024-08-14 09:22:04,3.1,24.0884,228593664,585818,43766938
2024-08-14 09:22:09,2.9,24.0884,228593664,585818,43766938
2024-08-14 09:22:15,3.2,24.0854,228564992,588436,43769378
2024-08-14 09:22:20,3.2,24.0858,228569088,588628,43769424
2024-08-14 09:22:25,6.1,24.0858,228569088,588628,43769424
2024-08-14 09:22:30,3.1,24.0858,228569088,588718,43769500
2024-08-14 09:22:35,3,24.0858,228569088,588718,43769500
2024-08-14 09:22:41,6.2,24.0858,228569088,588718,43769500
2024-08-14 09:22:46,3,24.0858,228569088,588862,43769622
2024-08-14 09:22:51,3.1,24.0858,228569088,588904,43769650
2024-08-14 09:22:56,0,24.0858,228569088,588958,43769710
2024-08-14 09:23:01,5.9,24.0854,228564992,589090,43769814
2024-08-14 09:23:07,0,24.1126,228823040,589090,43769814
2024-08-14 09:23:12,0,24.1126,228823040,589090,43769814
2024-08-14 09:23:17,5.9,24.1126,228823040,589636,43770268
2024-08-14 09:23:22,0,24.1126,228823040,589636,43770268
2024-08-14 09:23:27,0,24.1126,228823040,589690,43770314
2024-08-14 09:23:33,0,24.1122,228818944,589780,43770390
2024-08-14 09:23:38,0,24.1122,228818944,589780,43770390
2024-08-14 09:23:43,3.1,24.1122,228818944,589780,43770390
2024-08-14 09:23:48,0,24.1122,228818944,589780,43770390
2024-08-14 09:23:53,5.9,24.1122,228818944,589912,43770494
2024-08-14 09:23:59,3.1,24.1122,228818944,589954,43770522
2024-08-14 09:24:04,0,24.1122,228818944,589954,43770522
2024-08-14 09:24:09,3.1,24.1122,228818944,590098,43770658
2024-08-14 09:24:14,3.1,24.1126,228823040,592404,43772718
2024-08-14 09:24:19,6.2,24.1126,228823040,592404,43772718
2024-08-14 09:24:25,3.2,24.1126,228823040,592584,43772870
2024-08-14 09:24:30,0,24.1126,228823040,592584,43772870
2024-08-14 09:24:35,3.1,24.1126,228823040,592584,43772870
2024-08-14 09:24:40,6.1,24.1122,228818944,592674,43772946
2024-08-14 09:24:45,0,24.1122,228818944,592674,43772946
2024-08-14 09:24:51,0,24.1122,228818944,592744,43772946
2024-08-14 09:24:56,0,24.1122,228818944,592876,43773050
2024-08-14 09:25:01,0,24.1117,228814848,592918,43773078
2024-08-14 09:25:06,0,24.1117,228814848,592918,43773078
2024-08-14 09:25:11,0,24.1117,228814848,593008,43773154
2024-08-14 09:25:17,3.2,24.192,229576704,593008,43773154
2024-08-14 09:25:22,3.2,24.2464,230092800,593008,43773154
2024-08-14 09:25:27,11.1,25.079,237993984,623673,43963549
2024-08-14 09:25:32,3.2,25.0781,237985792,623727,43963609
2024-08-14 09:25:37,2.9,25.0781,237985792,623727,43963609
2024-08-14 09:25:43,0,25.0781,237985792,623817,43963685
2024-08-14 09:25:48,3.1,25.0781,237985792,623817,43963685
2024-08-14 09:25:53,0,25.0781,237985792,623859,43963713
2024-08-14 09:25:58,3.1,25.0781,237985792,623949,43963789
2024-08-14 09:26:04,0,25.0781,237985792,624087,43963789
2024-08-14 09:26:09,6.2,25.0781,237985792,624087,43963789
2024-08-14 09:26:14,0,25.0781,237985792,626309,43965791
2024-08-14 09:26:19,3.2,25.0781,237985792,626399,43965867
2024-08-14 09:26:24,0,25.0781,237985792,626399,43965867
2024-08-14 09:26:30,0,25.0781,237985792,626399,43965867
2024-08-14 09:26:35,2.9,25.0781,237985792,626579,43966019
2024-08-14 09:26:40,0,25.0781,237985792,626579,43966019
2024-08-14 09:26:45,0,25.0781,237985792,626621,43966047
2024-08-14 09:26:50,0,25.0781,237985792,626711,43966123
2024-08-14 09:26:56,3,25.0781,237985792,626711,43966123
2024-08-14 09:27:01,3.2,25.0781,237985792,626711,43966123
2024-08-14 09:27:06,0,25.0781,237985792,626917,43966245
2024-08-14 09:27:11,8.8,25.0781,237985792,627075,43966273
2024-08-14 09:27:16,0,25.0781,237985792,627075,43966273
2024-08-14 09:27:22,3.1,25.0781,237985792,627223,43966349
2024-08-14 09:27:27,3,25.0781,237985792,627223,43966349
2024-08-14 09:27:32,3.1,25.0781,237985792,627223,43966349
2024-08-14 09:27:37,3,25.0777,237981696,627731,43966729
2024-08-14 09:27:42,0,25.0777,237981696,627773,43966757
2024-08-14 09:27:48,0,25.0777,237981696,627773,43966757
2024-08-14 09:27:53,0,25.0777,237981696,627863,43966833
2024-08-14 09:27:58,0,25.0777,237981696,628043,43966861
2024-08-14 09:28:03,0,25.0777,237981696,628043,43966861
2024-08-14 09:28:08,5.7,25.0777,237981696,628133,43966937
2024-08-14 09:28:14,0,25.0777,237981696,630367,43968997
2024-08-14 09:28:19,0,25.0777,237981696,630367,43968997
2024-08-14 09:28:24,3.2,25.0777,237981696,630457,43969073
2024-08-14 09:28:29,0,25.0777,237981696,630457,43969073
2024-08-14 09:28:34,3.1,25.0777,237981696,630457,43969073
2024-08-14 09:28:40,6,25.0777,237981696,630589,43969177
2024-08-14 09:28:45,6.1,25.0777,237981696,630679,43969253
2024-08-14 09:28:50,0,25.1036,238227456,630679,43969253
2024-08-14 09:28:55,3.2,25.1036,238227456,630679,43969253
2024-08-14 09:29:00,3,25.1036,238227456,630769,43969329
2024-08-14 09:29:06,0,25.1295,238473216,630811,43969357
2024-08-14 09:29:11,3.1,25.1295,238473216,630811,43969357
2024-08-14 09:29:16,3.1,25.1295,238473216,630901,43969433
2024-08-14 09:29:21,3.1,25.1295,238473216,630901,43969433
2024-08-14 09:29:26,3.1,25.1295,238473216,630901,43969433
2024-08-14 09:29:32,3.1,25.1295,238473216,630991,43969509
2024-08-14 09:29:37,6.2,25.1295,238473216,631075,43969565
2024-08-14 09:29:42,3,25.1295,238473216,631075,43969565
2024-08-14 09:29:47,3.1,25.155,238714880,631525,43969945
2024-08-14 09:29:52,3.1,25.155,238714880,631663,43969945
2024-08-14 09:29:58,5.8,25.155,238714880,631663,43969945
2024-08-14 09:30:03,0,25.155,238714880,631753,43970021
2024-08-14 09:30:08,0,25.155,238714880,631795,43970049
2024-08-14 09:30:13,0,25.1545,238710784,634095,43972109
2024-08-14 09:30:18,3.2,25.1528,238694400,634185,43972185
2024-08-14 09:30:24,0,25.1528,238694400,634185,43972185
2024-08-14 09:30:29,0,25.2344,239468544,634185,43972185
2024-08-14 09:30:34,0,25.3159,240242688,634317,43972289
2024-08-14 09:30:39,5.9,25.3159,240242688,634359,43972317
2024-08-14 09:30:44,0,25.3431,240500736,634359,43972317
2024-08-14 09:30:50,5.8,25.3431,240500736,634539,43972469
2024-08-14 09:30:55,6,25.3431,240500736,634539,43972469
2024-08-14 09:31:00,3.1,25.3431,240500736,634539,43972469
2024-08-14 09:31:05,0,25.369,240746496,634539,43972469
2024-08-14 09:31:10,0,22.7193,215601152,634725,43972665
2024-08-14 09:31:16,6,24.3189,230780928,657828,43977636
2024-08-14 09:31:21,0,24.3733,231297024,678043,43990387
2024-08-14 09:31:26,0,24.3992,231542784,681212,43992650
2024-08-14 09:31:31,6.1,24.3988,231538688,682850,43993869
2024-08-14 09:31:36,0,24.4259,231796736,691068,43997397
2024-08-14 09:31:42,2.9,24.5334,232816640,692092,44000500
2024-08-14 09:31:47,3.2,24.5334,232816640,699497,44001916
2024-08-14 09:31:52,0,24.5334,232816640,701300,44002216
2024-08-14 09:31:57,3.2,24.533,232812544,702596,44005657
2024-08-14 09:32:02,3,24.5321,232804352,709258,44009474
2024-08-14 09:32:08,3.1,24.5218,232706048,719759,44020882
2024-08-14 09:32:13,6.2,24.5144,232636416,739338,44033571
2024-08-14 09:32:18,0,24.5399,232878080,744362,44037636
2024-08-14 09:32:23,6.2,24.5943,233394176,749271,44039894
2024-08-14 09:32:28,3.1,24.7294,234676224,762321,44046711
2024-08-14 09:32:34,3.1,17.4082,165199872,789688,44066067
2024-08-14 09:32:39,3.2,17.4354,165457920,789688,44066067
2024-08-14 09:32:44,3.2,17.4613,165703680,789778,44066143
2024-08-14 09:32:49,0,17.4613,165703680,789778,44066143
2024-08-14 09:32:54,0,17.4613,165703680,789778,44066143
2024-08-14 09:33:00,0,17.4613,165703680,789958,44066295
2024-08-14 09:33:05,0,17.4613,165703680,790000,44066323
2024-08-14 09:33:10,6.2,17.4885,165961728,790000,44066323
2024-08-14 09:33:15,0,17.5688,166723584,790090,44066399
2024-08-14 09:33:20,0,17.5959,166981632,790132,44066427
2024-08-14 09:33:26,3.1,17.6775,167755776,790132,44066427
2024-08-14 09:33:31,3.1,17.8135,169046016,790222,44066503
2024-08-14 09:33:36,0,17.8407,169304064,790402,44066531
