2024-08-14 09:18:21,6.4,17.4826,165900288,196231,29539886
2024-08-14 09:18:26,6.2,18.5738,176254976,310526,45798550
2024-08-14 09:18:32,0,18.5738,176254976,310616,45798626
2024-08-14 09:18:37,3,18.5738,176254976,310616,45798626
2024-08-14 09:18:42,0,18.5738,176254976,310616,45798626
2024-08-14 09:18:47,3.1,18.5738,176254976,310796,45798654
2024-08-14 09:18:52,3.1,18.6826,177287168,310886,45798730
2024-08-14 09:18:57,0,18.7913,178319360,310886,45798730
2024-08-14 09:19:03,3.1,19.0076,180371456,310886,45798730
2024-08-14 09:19:08,3.1,19.2251,182435840,310976,45798806
2024-08-14 09:19:13,0,19.415,184238080,311018,45798834
2024-08-14 09:19:18,0,19.444,184512512,311198,45798986
2024-08-14 09:19:23,3.2,19.4435,184508416,311468,45799214
2024-08-14 09:19:29,0,19.4435,184508416,311468,45799214
2024-08-14 09:19:34,6,19.4435,184508416,311468,45799214
2024-08-14 09:19:39,0,19.4435,184508416,311600,45799318
2024-08-14 09:19:44,3.1,19.4435,184508416,311600,45799318
2024-08-14 09:19:49,3.1,16.7635,159076352,311600,45799318
2024-08-14 09:19:55,6.2,21.8512,207355904,319679,45808600
2024-08-14 09:20:00,15.6,24.0741,228450304,353295,45828111
2024-08-14 09:20:05,2.9,24.1013,228708352,363846,45835887
2024-08-14 09:20:10,9.7,24.1013,228708352,375252,45843291
2024-08-14 09:20:15,6.2,24.1009,228704256,391037,45854533
2024-08-14 09:20:21,6.7,24.1281,228962304,414866,45869009
2024-08-14 09:20:26,20,24.151,229179392,481147,45910282
2024-08-14 09:20:31,0,24.2088,229728256,531837,45953449
2024-08-14 09:20:36,21.2,24.2079,229720064,551526,45964434
2024-08-14 09:20:41,0,24.2071,229711872,563341,45971204
2024-08-14 09:20:46,3,24.2338,229965824,579025,45988257
2024-08-14 09:20:52,9.3,24.2395,230019072,592682,46013046
2024-08-14 09:20:57,0,24.2416,230039552,600202,46026387
2024-08-14 09:21:02,3.2,24.2416,230039552,600292,46026387
2024-08-14 09:21:07,0,24.2416,230039552,600292,46026387
2024-08-14 09:21:12,3.1,24.2416,230039552,600292,46026387
2024-08-14 09:21:18,0,24.2416,230039552,600382,46026463
2024-08-14 09:21:23,5.8,24.2688,230297600,600382,46026463
2024-08-14 09:21:28,3.2,24.2688,230297600,600706,46026737
2024-08-14 09:21:33,6,24.2688,230297600,600982,46026963
2024-08-14 09:21:38,3,24.2688,230297600,601024,46026991
2024-08-14 09:21:44,3.1,24.2688,230297600,601024,46026991
2024-08-14 09:21:49,0,24.2688,230297600,601114,46027067
2024-08-14 09:21:54,6.2,24.2688,230297600,601114,46027067
2024-08-14 09:21:59,0,24.2688,230297600,603216,46029127
2024-08-14 09:22:04,0,24.2688,230297600,603306,46029203
2024-08-14 09:22:10,3,24.2688,230297600,603306,46029203
2024-08-14 09:22:15,3.1,24.2688,230297600,603306,46029203
2024-08-14 09:22:20,3.1,24.2688,230297600,603396,46029279
2024-08-14 09:22:25,3.1,24.2688,230297600,603396,46029279
2024-08-14 09:22:30,0,24.2688,230297600,603508,46029307
2024-08-14 09:22:35,2.9,24.2688,230297600,604096,46029687
2024-08-14 09:22:41,0,24.2688,230297600,604138,46029715
2024-08-14 09:22:46,0,24.2671,230281216,604138,46029715
2024-08-14 09:22:51,0,24.293,230526976,604228,46029791
2024-08-14 09:22:56,0,24.293,230526976,604228,46029791
2024-08-14 09:23:01,5.8,24.293,230526976,604228,46029791
2024-08-14 09:23:07,5.8,24.293,230526976,604318,46029867
2024-08-14 09:23:12,0,24.293,230526976,604318,46029867
2024-08-14 09:23:17,3.2,24.293,230526976,604318,46029867
2024-08-14 09:23:22,3.1,24.293,230526976,604318,46029867
2024-08-14 09:23:27,0,24.2925,230522880,604450,46029971
2024-08-14 09:23:33,3.1,24.3374,230948864,604492,46029999
2024-08-14 09:23:38,0,24.3914,231460864,604762,46030227
2024-08-14 09:23:43,3.2,24.3914,231460864,604942,46030379
2024-08-14 09:23:48,3.2,24.3914,231460864,604942,46030379
2024-08-14 09:23:53,0,24.4177,231710720,604942,46030379
2024-08-14 09:23:58,6.2,24.4156,231690240,607200,46032515
2024-08-14 09:24:04,6.1,24.4156,231690240,607200,46032515
2024-08-14 09:24:09,6.1,24.4156,231690240,607200,46032515
2024-08-14 09:24:14,3.1,24.4406,231927808,607290,46032591
2024-08-14 09:24:19,3.1,24.495,232443904,607290,46032591
2024-08-14 09:24:24,0,24.495,232443904,607332,46032619
2024-08-14 09:24:30,0,24.5222,232701952,607560,46032695
2024-08-14 09:24:35,3.2,24.5489,232955904,607614,46032741
2024-08-14 09:24:40,3.2,24.5489,232955904,607656,46032769
2024-08-14 09:24:45,6.2,24.5489,232955904,607746,46032845
2024-08-14 09:24:50,6.2,24.5489,232955904,607746,46032845
2024-08-14 09:24:55,3.1,24.5481,232947712,607746,46032845
2024-08-14 09:25:01,6,24.5481,232947712,607836,46032921
2024-08-14 09:25:06,0,24.5481,232947712,607836,46032921
2024-08-14 09:25:11,0,24.5481,232947712,607836,46032921
2024-08-14 09:25:16,0,24.5481,232947712,607926,46032997
2024-08-14 09:25:21,3.2,24.5481,232947712,608010,46033053
2024-08-14 09:25:27,3.2,24.5481,232947712,608010,46033053
2024-08-14 09:25:32,3,24.5481,232947712,608100,46033129
2024-08-14 09:25:37,3,24.5476,232943616,608100,46033129
2024-08-14 09:25:42,3.1,24.8636,235941888,638972,46223162
2024-08-14 09:25:47,0,24.8636,235941888,639242,46223390
2024-08-14 09:25:53,3.2,24.8636,235941888,639422,46223542
2024-08-14 09:25:58,6.2,24.8636,235941888,641524,46225602
2024-08-14 09:26:03,6.1,24.8636,235941888,641524,46225602
2024-08-14 09:26:08,6.2,24.8636,235941888,641614,46225678
2024-08-14 09:26:13,3.2,24.8636,235941888,641656,46225706
2024-08-14 09:26:18,6,24.8636,235941888,641656,46225706
2024-08-14 09:26:24,0,24.8636,235941888,641884,46225782
2024-08-14 09:26:29,0,24.8636,235941888,641884,46225782
2024-08-14 09:26:34,0,24.8636,235941888,641884,46225782
2024-08-14 09:26:39,0,24.8636,235941888,641974,46225858
2024-08-14 09:26:44,8.8,24.8636,235941888,642016,46225886
2024-08-14 09:26:50,3.2,24.8636,235941888,642016,46225886
2024-08-14 09:26:55,6.2,24.8636,235941888,642106,46225962
2024-08-14 09:27:00,6.2,24.8636,235941888,642106,46225962
2024-08-14 09:27:05,0,24.8636,235941888,642106,46225962
2024-08-14 09:27:10,3.2,24.8636,235941888,642238,46226066
2024-08-14 09:27:15,6.1,24.8636,235941888,642238,46226066
2024-08-14 09:27:21,0,24.8908,236199936,642238,46226066
2024-08-14 09:27:26,0,24.918,236457984,642328,46226142
2024-08-14 09:27:31,0,24.918,236457984,642370,46226170
2024-08-14 09:27:36,0,24.9724,236974080,642370,46226170
2024-08-14 09:27:41,0,24.9983,237219840,642460,46226246
2024-08-14 09:27:47,3.2,25.0522,237731840,642460,46226246
2024-08-14 09:27:52,0,25.0794,237989888,642460,46226246
2024-08-14 09:27:57,0,25.079,237985792,644766,46228534
2024-08-14 09:28:02,0,25.079,237985792,644946,46228686
2024-08-14 09:28:07,3.2,25.079,237985792,644988,46228714
2024-08-14 09:28:12,3,25.079,237985792,644988,46228714
2024-08-14 09:28:18,3.2,25.079,237985792,645216,46228790
2024-08-14 09:28:23,6,25.079,237985792,645216,46228790
2024-08-14 09:28:28,6.2,25.079,237985792,645216,46228790
2024-08-14 09:28:33,3.2,25.079,237985792,645306,46228866
2024-08-14 09:28:38,0,25.079,237985792,645306,46228866
2024-08-14 09:28:44,0,25.079,237985792,645306,46228866
2024-08-14 09:28:49,0,25.079,237985792,645396,46228942
2024-08-14 09:28:54,0,25.079,237985792,645438,46228970
2024-08-14 09:28:59,0,25.079,237985792,645438,46228970
2024-08-14 09:29:04,0,25.079,237985792,645570,46229074
2024-08-14 09:29:10,0,25.079,237985792,645570,46229074
2024-08-14 09:29:15,0,25.079,237985792,645570,46229074
2024-08-14 09:29:20,3.1,25.079,237985792,645660,46229150
2024-08-14 09:29:25,3.1,25.079,237985792,645660,46229150
2024-08-14 09:29:30,3.2,25.079,237985792,645660,46229150
2024-08-14 09:29:36,0,25.1062,238243840,645750,46229226
2024-08-14 09:29:41,3,22.449,213028864,645792,46229254
2024-08-14 09:29:46,6.1,22.5578,214061056,645792,46229254
2024-08-14 09:29:51,0,22.6394,214835200,645882,46229330
2024-08-14 09:29:56,0,22.9355,217645056,647984,46231390
2024-08-14 09:30:02,3.1,22.9614,217890816,648026,46231418
2024-08-14 09:30:07,0,22.9614,217890816,648386,46231722
2024-08-14 09:30:12,0,22.9614,217890816,648476,46231798
2024-08-14 09:30:17,3.2,22.9614,217890816,648614,46231798
2024-08-14 09:30:22,3.1,23.0701,218923008,648614,46231798
2024-08-14 09:30:27,3.2,23.0701,218923008,648704,46231874
2024-08-14 09:30:33,0,23.1517,219697152,648704,46231874
2024-08-14 09:30:38,0,23.1517,219697152,648704,46231874
2024-08-14 09:30:43,0,23.2333,220471296,648794,46231950
2024-08-14 09:30:48,0,23.2601,220725248,648836,46231978
2024-08-14 09:30:53,3.2,23.2596,220721152,648890,46232024
2024-08-14 09:30:59,6.2,23.2596,220721152,649022,46232128
2024-08-14 09:31:04,3.1,23.2596,220721152,649022,46232128
2024-08-14 09:31:09,0,23.2596,220721152,649022,46232128
2024-08-14 09:31:14,6.2,23.2592,220717056,649112,46232204
2024-08-14 09:31:19,6,23.2592,220717056,649112,46232204
2024-08-14 09:31:24,6.2,23.2592,220717056,649112,46232204
2024-08-14 09:31:30,6,24.3469,231038976,671646,46236035
2024-08-14 09:31:35,3,24.4285,231813120,671646,46236035
2024-08-14 09:31:40,9.7,24.536,232833024,673230,46236971
2024-08-14 09:31:45,0,24.8891,236183552,695803,46241031
2024-08-14 09:31:50,0,25.0794,237989888,698827,46247191
2024-08-14 09:31:56,40.6,25.7592,244441088,725188,46254639
2024-08-14 09:32:01,0,25.8387,245194752,725494,46255155
2024-08-14 09:32:06,3.2,25.8931,245710848,732196,46266135
2024-08-14 09:32:11,6.6,25.9203,245968896,749474,46273363
2024-08-14 09:32:16,0,25.9945,246673408,779650,46289241
2024-08-14 09:32:22,15.6,26.042,247123968,804849,46303441
2024-08-14 09:32:27,9.7,23.3352,221437952,826975,46317078
2024-08-14 09:32:32,3.1,17.6686,167665664,835145,46325904
2024-08-14 09:32:37,0,17.6686,167665664,835235,46325980
2024-08-14 09:32:42,3.1,17.6945,167911424,835235,46325980
2024-08-14 09:32:47,6.1,17.7489,168427520,835277,46326008
2024-08-14 09:32:53,0,17.7494,168431616,835367,46326084
2024-08-14 09:32:58,3.1,17.7494,168431616,835367,46326084
2024-08-14 09:33:03,0,17.7494,168431616,835367,46326084
2024-08-14 09:33:08,0,17.7494,168431616,835457,46326160
2024-08-14 09:33:13,3.1,17.7494,168431616,835457,46326160
2024-08-14 09:33:19,0,17.7494,168431616,835457,46326160
2024-08-14 09:33:24,3.1,17.7489,168427520,835547,46326236
2024-08-14 09:33:29,3.2,17.7489,168427520,835589,46326264
2024-08-14 09:33:34,3.2,17.7761,168685568,835589,46326264
2024-08-14 09:33:39,3.2,17.7761,168685568,835679,46326340
2024-08-14 09:33:45,0,17.7761,168685568,835721,46326368
2024-08-14 09:33:50,6.2,17.7761,168685568,835721,46326368
2024-08-14 09:33:55,0,17.7761,168685568,835811,46326444
2024-08-14 09:34:00,0,17.8275,169172992,837913,46328504
2024-08-14 09:34:05,3.2,17.8275,169172992,838051,46328504
2024-08-14 09:34:11,3.2,17.8275,169172992,838141,46328580
2024-08-14 09:34:16,3.1,17.8547,169431040,838141,46328580
2024-08-14 09:34:21,2.9,17.8547,169431040,838141,46328580
2024-08-14 09:34:26,3.2,17.8547,169431040,838591,46328960
2024-08-14 09:34:31,5.8,17.8542,169426944,843137,46337033
2024-08-14 09:34:37,0,17.8814,169684992,843137,46337033
2024-08-14 09:34:42,0,17.9086,169943040,843365,46337217
2024-08-14 09:34:47,0,18.0157,170958848,843455,46337293
2024-08-14 09:34:52,0,18.0157,170958848,843455,46337293
2024-08-14 09:34:57,3,18.0429,171216896,843455,46337293
2024-08-14 09:35:03,6.2,18.0701,171474944,843545,46337369
