2024-08-14 09:15:02,15.2,17.594,166957056,222106,33622202
2024-08-14 09:15:07,3.1,17.7351,168296448,324139,45782866
2024-08-14 09:15:12,3,17.7601,168534016,324229,45782942
2024-08-14 09:15:17,0,17.8145,169050112,324229,45782942
2024-08-14 09:15:22,6.1,17.9505,170340352,324283,45783002
2024-08-14 09:15:27,0,18.1124,171876352,324373,45783078
2024-08-14 09:15:33,0,18.1396,172134400,324415,45783106
2024-08-14 09:15:38,6,18.247,173154304,324415,45783106
2024-08-14 09:15:43,0,18.2742,173412352,324505,45783182
2024-08-14 09:15:48,3.2,18.3558,174186496,324505,45783182
2024-08-14 09:15:53,0,18.383,174444544,324505,45783182
2024-08-14 09:15:59,3.1,18.4629,175202304,325025,45783562
2024-08-14 09:16:04,0,18.49,175460352,325067,45783590
2024-08-14 09:16:09,0,18.5444,175976448,327103,45785649
2024-08-14 09:16:14,8.8,18.5444,175976448,327103,45785649
2024-08-14 09:16:19,0,18.5716,176234496,327193,45785725
2024-08-14 09:16:25,3,18.5988,176492544,327235,45785753
2024-08-14 09:16:30,2.9,18.5988,176492544,327235,45785753
2024-08-14 09:16:35,0,18.5988,176492544,327325,45785829
2024-08-14 09:16:40,3.1,18.5988,176492544,327463,45785829
2024-08-14 09:16:46,3,18.626,176750592,327463,45785829
2024-08-14 09:16:51,3.1,18.6532,177008640,327553,45785905
2024-08-14 09:16:56,0,18.7076,177524736,327553,45785905
2024-08-14 09:17:01,3,18.7348,177782784,327553,45785905
2024-08-14 09:17:06,3,18.7348,177782784,328003,45786285
2024-08-14 09:17:12,0,18.7326,177762304,328045,45786313
2024-08-14 09:17:17,6,18.7326,177762304,328045,45786313
2024-08-14 09:17:22,3.2,18.7326,177762304,328177,45786417
2024-08-14 09:17:27,3,18.7598,178020352,328177,45786417
2024-08-14 09:17:32,3.2,18.7598,178020352,328177,45786417
2024-08-14 09:17:38,0,19.0028,180326400,328267,45786493
2024-08-14 09:17:43,0,19.0028,180326400,328267,45786493
2024-08-14 09:17:48,6.1,19.0844,181100544,328267,45786493
2024-08-14 09:17:53,5.8,19.0844,181100544,328357,45786569
2024-08-14 09:17:58,3,19.0844,181100544,328357,45786569
2024-08-14 09:18:04,0,19.0844,181100544,328357,45786569
2024-08-14 09:18:09,8.8,19.2998,183144448,330975,45789008
2024-08-14 09:18:14,3.1,19.3002,183148544,330975,45789008
2024-08-14 09:18:19,6,19.3002,183148544,331017,45789036
2024-08-14 09:18:24,3,19.3002,183148544,331107,45789112
2024-08-14 09:18:30,6,19.3002,183148544,331107,45789112
2024-08-14 09:18:35,3.2,19.3002,183148544,331107,45789112
2024-08-14 09:18:40,0,19.3002,183148544,331245,45789112
2024-08-14 09:18:45,3.1,19.3002,183148544,331335,45789188
2024-08-14 09:18:50,3.1,19.3002,183148544,331335,45789188
2024-08-14 09:18:56,3,19.3007,183152640,331335,45789188
2024-08-14 09:19:01,3,19.3007,183152640,331425,45789264
2024-08-14 09:19:06,3.2,19.3007,183152640,331425,45789264
2024-08-14 09:19:11,8.4,19.3007,183152640,331605,45789416
2024-08-14 09:19:16,3.1,19.3002,183148544,331959,45789700
2024-08-14 09:19:22,3.1,19.3274,183406592,331959,45789700
2024-08-14 09:19:27,3.2,19.3274,183406592,331959,45789700
2024-08-14 09:19:32,5.9,19.327,183402496,332049,45789776
2024-08-14 09:19:37,0,19.327,183402496,332049,45789776
2024-08-14 09:19:42,45.8,22.7305,215699456,340042,45798826
2024-08-14 09:19:48,3.2,24.4393,231915520,379985,45822259
2024-08-14 09:19:53,6.2,24.4389,231911424,399415,45835528
2024-08-14 09:19:58,6.2,24.4397,231919616,417396,45849457
2024-08-14 09:20:03,3.1,24.4393,231915520,428420,45855013
2024-08-14 09:20:08,0,24.4505,232022016,442984,45862449
2024-08-14 09:20:14,11.7,24.4488,232005632,451906,45869994
2024-08-14 09:20:19,3.3,24.4492,232009728,469415,45879436
2024-08-14 09:20:24,16.2,24.4505,232022016,504755,45903272
2024-08-14 09:20:29,16.1,24.4466,231985152,564594,45943380
2024-08-14 09:20:34,6.2,24.451,232026112,591130,45968638
2024-08-14 09:20:40,3.4,24.4518,232034304,608010,45982682
2024-08-14 09:20:45,9.4,24.4514,232030208,617251,45990708
2024-08-14 09:20:50,0,24.4523,232038400,630563,46004096
2024-08-14 09:20:55,9.4,24.4583,232095744,642771,46022854
2024-08-14 09:21:01,3,24.4605,232116224,650593,46035920
2024-08-14 09:21:06,3.2,24.4596,232108032,650593,46035920
2024-08-14 09:21:11,6.1,24.4587,232099840,650725,46036024
2024-08-14 09:21:16,2.9,24.4583,232095744,650725,46036024
2024-08-14 09:21:21,3.1,24.4583,232095744,651085,46036328
2024-08-14 09:21:26,3.1,24.4583,232095744,651175,46036404
2024-08-14 09:21:32,0,24.4583,232095744,651175,46036404
2024-08-14 09:21:37,6.1,24.4574,232087552,651175,46036404
2024-08-14 09:21:42,3.1,24.4574,232087552,651265,46036480
2024-08-14 09:21:47,0,24.4574,232087552,651265,46036480
2024-08-14 09:21:52,0,24.4574,232087552,651265,46036480
2024-08-14 09:21:58,3.2,24.4574,232087552,651355,46036556
2024-08-14 09:22:03,0,24.4574,232087552,651439,46036612
2024-08-14 09:22:08,0,24.4574,232087552,651439,46036612
2024-08-14 09:22:13,3,24.4803,232304640,653565,46038747
2024-08-14 09:22:18,3.1,24.4803,232304640,653565,46038747
2024-08-14 09:22:24,3.1,24.4803,232304640,653565,46038747
2024-08-14 09:22:29,0,24.4803,232304640,654153,46039127
2024-08-14 09:22:34,0,24.4803,232304640,654327,46039173
2024-08-14 09:22:39,6.1,24.4803,232304640,654385,46039173
2024-08-14 09:22:44,3.1,24.4803,232304640,654475,46039249
2024-08-14 09:22:50,0,24.4803,232304640,654533,46039249
2024-08-14 09:22:55,0,24.4803,232304640,654533,46039249
2024-08-14 09:23:00,0,24.4799,232300544,654665,46039353
2024-08-14 09:23:05,3.1,24.4799,232300544,654765,46039381
2024-08-14 09:23:10,3,24.4799,232300544,654765,46039381
2024-08-14 09:23:16,3,24.4794,232296448,654855,46039457
2024-08-14 09:23:21,3.1,24.4794,232296448,654855,46039457
2024-08-14 09:23:26,3,24.4794,232296448,654855,46039457
2024-08-14 09:23:31,3.1,24.4794,232296448,655305,46039837
2024-08-14 09:23:36,3.2,24.4794,232296448,655359,46039883
2024-08-14 09:23:42,0,24.4794,232296448,655359,46039883
2024-08-14 09:23:47,0,24.4794,232296448,655359,46039883
2024-08-14 09:23:52,5.7,24.4794,232296448,655449,46039959
2024-08-14 09:23:57,3.2,24.4794,232296448,655533,46040015
2024-08-14 09:24:02,0,24.4794,232296448,655533,46040015
2024-08-14 09:24:08,6.2,24.4794,232296448,655623,46040091
2024-08-14 09:24:13,6.1,24.4799,232300544,657725,46042098
2024-08-14 09:24:18,3,24.4799,232300544,657725,46042098
2024-08-14 09:24:23,3.1,24.4794,232296448,657953,46042174
2024-08-14 09:24:28,0,24.4794,232296448,657953,46042174
2024-08-14 09:24:34,3,24.5066,232554496,657953,46042174
2024-08-14 09:24:39,3.2,24.5066,232554496,658097,46042296
2024-08-14 09:24:44,0,24.5066,232554496,658097,46042296
2024-08-14 09:24:49,3.2,24.5066,232554496,658097,46042296
2024-08-14 09:24:54,0,24.5066,232554496,658229,46042400
2024-08-14 09:25:00,0,24.5066,232554496,658325,46042474
2024-08-14 09:25:05,0,24.5066,232554496,658395,46042474
2024-08-14 09:25:10,3,24.5066,232554496,658485,46042550
2024-08-14 09:25:15,3.1,24.5066,232554496,658485,46042550
2024-08-14 09:25:20,0,24.5066,232554496,658485,46042550
2024-08-14 09:25:26,3.1,24.5066,232554496,658629,46042672
2024-08-14 09:25:31,0,24.5066,232554496,658629,46042672
2024-08-14 09:25:36,3.1,25.1217,238391296,689618,46233720
2024-08-14 09:25:41,6.1,25.1217,238391296,690068,46234100
2024-08-14 09:25:46,3.2,25.1217,238391296,690068,46234100
2024-08-14 09:25:52,3,25.1217,238391296,690110,46234128
2024-08-14 09:25:57,2.9,25.1217,238391296,690110,46234128
2024-08-14 09:26:02,0,25.1217,238391296,690200,46234204
2024-08-14 09:26:07,3.1,25.1217,238391296,690200,46234204
2024-08-14 09:26:12,0,25.1217,238391296,692236,46236263
2024-08-14 09:26:18,5.9,25.1217,238391296,692464,46236339
2024-08-14 09:26:23,0,25.1217,238391296,692464,46236339
2024-08-14 09:26:28,9.1,25.1217,238391296,692464,46236339
2024-08-14 09:26:33,3.1,25.1217,238391296,692554,46236415
2024-08-14 09:26:38,0,25.1217,238391296,692554,46236415
2024-08-14 09:26:43,0,25.1217,238391296,692554,46236415
2024-08-14 09:26:49,3.1,25.1217,238391296,692686,46236519
2024-08-14 09:26:54,3,25.1217,238391296,692686,46236519
2024-08-14 09:26:59,0,25.1217,238391296,692686,46236519
2024-08-14 09:27:04,3,25.1748,238895104,692776,46236595
2024-08-14 09:27:09,0,25.202,239153152,692818,46236623
2024-08-14 09:27:15,6.1,25.202,239153152,692818,46236623
2024-08-14 09:27:20,0,25.202,239153152,692908,46236699
2024-08-14 09:27:25,3,25.202,239153152,692908,46236699
2024-08-14 09:27:30,3.2,25.2016,239149056,692908,46236699
2024-08-14 09:27:35,0,25.2016,239149056,692998,46236775
2024-08-14 09:27:41,3,25.2016,239149056,693082,46236831
2024-08-14 09:27:46,3.1,25.2016,239149056,693082,46236831
2024-08-14 09:27:51,3.2,25.2011,239144960,693532,46237211
2024-08-14 09:27:56,2.9,25.2011,239144960,693532,46237211
2024-08-14 09:28:01,2.9,25.2011,239144960,693532,46237211
2024-08-14 09:28:07,0,25.2011,239144960,693622,46237287
2024-08-14 09:28:12,3,25.2011,239144960,695862,46239346
2024-08-14 09:28:17,6.2,25.2011,239144960,695862,46239346
2024-08-14 09:28:22,3,25.2011,239144960,695862,46239346
2024-08-14 09:28:27,0,25.2011,239144960,695952,46239422
2024-08-14 09:28:33,0,25.2283,239403008,696006,46239514
2024-08-14 09:28:38,3.1,25.2555,239661056,696048,46239542
2024-08-14 09:28:43,0,25.2555,239661056,696138,46239618
2024-08-14 09:28:48,3.1,25.2555,239661056,696180,46239646
2024-08-14 09:28:53,0,25.2827,239919104,696180,46239646
2024-08-14 09:28:59,5.8,22.5966,214429696,696270,46239722
2024-08-14 09:29:04,8.8,22.7585,215965696,696270,46239722
2024-08-14 09:29:09,3,22.7585,215965696,696270,46239722
2024-08-14 09:29:14,3,22.7857,216223744,696360,46239798
2024-08-14 09:29:19,6.2,22.8129,216481792,696402,46239826
2024-08-14 09:29:25,0,22.8397,216735744,696402,46239826
2024-08-14 09:29:30,6.2,22.894,217251840,696492,46239902
2024-08-14 09:29:35,8.6,22.9484,217767936,696534,46239930
2024-08-14 09:29:40,0,22.9756,218025984,696534,46239930
2024-08-14 09:29:45,0,23.0015,218271744,696624,46240006
2024-08-14 09:29:51,0,23.0015,218271744,696666,46240034
2024-08-14 09:29:56,3.1,23.0287,218529792,696666,46240034
2024-08-14 09:30:01,0,23.0283,218525696,697116,46240414
2024-08-14 09:30:06,3.1,23.2424,220557312,699290,46242473
2024-08-14 09:30:11,0,23.3227,221319168,699290,46242473
2024-08-14 09:30:17,0,23.5126,223121408,699380,46242549
2024-08-14 09:30:22,3.2,23.6214,224153600,699380,46242549
2024-08-14 09:30:27,3,23.7029,224927744,699380,46242549
2024-08-14 09:30:32,0,23.7029,224927744,699512,46242653
2024-08-14 09:30:37,3,23.7029,224927744,699554,46242681
2024-08-14 09:30:43,3.1,23.7029,224927744,699554,46242681
2024-08-14 09:30:48,3.1,23.7288,225173504,699608,46242727
2024-08-14 09:30:53,0,23.7284,225169408,699698,46242803
2024-08-14 09:30:58,0,23.7556,225427456,699698,46242803
2024-08-14 09:31:03,0,23.7556,225427456,699698,46242803
2024-08-14 09:31:09,6.2,23.7556,225427456,699788,46242879
2024-08-14 09:31:14,5.8,23.917,226959360,699830,46242907
2024-08-14 09:31:19,64.7,24.1346,229023744,702287,46244201
2024-08-14 09:31:24,2.9,24.7872,235216896,722367,46246737
2024-08-14 09:31:29,3.1,24.8144,235474944,726478,46249741
2024-08-14 09:31:35,0,24.8144,235474944,744667,46256573
2024-08-14 09:31:40,3.1,24.8144,235474944,745153,46256961
2024-08-14 09:31:45,3.1,24.8144,235474944,762346,46260457
2024-08-14 09:31:50,6.1,24.8416,235732992,765275,46262800
2024-08-14 09:31:55,3.1,24.8947,236236800,769848,46266540
2024-08-14 09:32:01,8.8,24.8947,236236800,778544,46270208
2024-08-14 09:32:06,6,24.9219,236494848,791176,46278781
2024-08-14 09:32:11,6.5,24.9184,236462080,813657,46295662
2024-08-14 09:32:16,20,24.9046,236331008,833221,46307940
2024-08-14 09:32:22,3.2,24.9046,236331008,851153,46316957
2024-08-14 09:32:27,0,24.9046,236331008,865710,46325305
2024-08-14 09:32:32,3.1,18.8241,178630656,873786,46334581
2024-08-14 09:32:37,6.1,18.9588,179908608,873786,46334581
2024-08-14 09:32:42,0,19.0132,180424704,873876,46334657
2024-08-14 09:32:47,0,19.0136,180428800,873876,46334657
2024-08-14 09:32:53,3.1,19.0136,180428800,873876,46334657
2024-08-14 09:32:58,3.1,19.0136,180428800,873966,46334733
2024-08-14 09:33:03,3.2,19.0948,181198848,878578,46342817
2024-08-14 09:33:08,0,19.122,181456896,878578,46342817
2024-08-14 09:33:13,0,19.1768,181977088,878800,46343049
2024-08-14 09:33:19,0,19.1763,181972992,878842,46343077
2024-08-14 09:33:24,3.2,19.3654,183767040,878842,46343077
2024-08-14 09:33:29,3,16.7376,158830592,878932,46343153
2024-08-14 09:33:34,0,16.8187,159600640,878932,46343153
2024-08-14 09:33:40,6,16.8727,160112640,878932,46343153
2024-08-14 09:33:45,3.2,17.0341,161644544,878932,46343153
2024-08-14 09:33:50,5.6,17.0613,161902592,879022,46343229
2024-08-14 09:33:55,0,17.1973,163192832,879064,46343257
2024-08-14 09:34:00,6,17.2517,163708928,879202,46343257
