2024-08-14 09:11:30,14.3,17.5654,166690816,162892,27247534
2024-08-14 09:11:35,6.2,18.256,173244416,285485,43531594
2024-08-14 09:11:40,3.1,18.3393,174034944,285485,43531594
2024-08-14 09:11:45,3.2,18.3393,174034944,285575,43531670
2024-08-14 09:11:50,3,18.3665,174292992,285575,43531670
2024-08-14 09:11:56,5.8,18.4994,175554560,285575,43531670
2024-08-14 09:12:01,5.8,18.5823,176340992,285707,43531774
2024-08-14 09:12:06,0,18.5823,176340992,285749,43531802
2024-08-14 09:12:11,3.2,18.5823,176340992,285749,43531802
2024-08-14 09:12:17,3,18.5823,176340992,285839,43531878
2024-08-14 09:12:22,3,18.6911,177373184,285839,43531878
2024-08-14 09:12:27,3.1,18.7182,177631232,285893,43531924
2024-08-14 09:12:32,0,18.7182,177631232,286343,43532304
2024-08-14 09:12:37,6.2,18.7182,177631232,286385,43532332
2024-08-14 09:12:43,3.1,18.7454,177889280,286385,43532332
2024-08-14 09:12:48,0,18.7726,178147328,286613,43532408
2024-08-14 09:12:53,0,18.7726,178147328,286655,43532436
2024-08-14 09:12:58,3.2,18.7726,178147328,286655,43532436
2024-08-14 09:13:03,3,18.7726,178147328,286745,43532512
2024-08-14 09:13:09,0,18.7718,178139136,288979,43534571
2024-08-14 09:13:14,3.2,18.7718,178139136,288979,43534571
2024-08-14 09:13:19,3.1,18.7718,178139136,289069,43534647
2024-08-14 09:13:24,0,18.7718,178139136,289069,43534647
2024-08-14 09:13:29,3,18.7718,178139136,289069,43534647
2024-08-14 09:13:35,0,18.7718,178139136,289429,43534951
2024-08-14 09:13:40,3.1,18.7718,178139136,289561,43535055
2024-08-14 09:13:45,0,18.7718,178139136,289561,43535055
2024-08-14 09:13:50,3.1,18.7718,178139136,289603,43535083
2024-08-14 09:13:55,0,18.7718,178139136,289693,43535159
2024-08-14 09:14:01,0,18.7718,178139136,289693,43535159
2024-08-14 09:14:06,2.9,18.7696,178118656,289693,43535159
2024-08-14 09:14:11,3.1,18.7696,178118656,289783,43535235
2024-08-14 09:14:16,3.1,18.7696,178118656,289825,43535263
2024-08-14 09:14:21,0,18.7696,178118656,289825,43535263
2024-08-14 09:14:27,3,18.7692,178114560,289915,43535339
2024-08-14 09:14:32,0,18.7692,178114560,289915,43535339
2024-08-14 09:14:37,3,18.7692,178114560,290005,43535415
2024-08-14 09:14:42,3.1,18.7687,178110464,290545,43535747
2024-08-14 09:14:47,3.1,18.7946,178356224,290587,43535775
2024-08-14 09:14:53,3.2,18.7946,178356224,290587,43535775
2024-08-14 09:14:58,8.6,18.7946,178356224,290677,43535851
2024-08-14 09:15:03,3,18.7946,178356224,290747,43535851
2024-08-14 09:15:08,3.1,18.7946,178356224,292783,43537910
2024-08-14 09:15:13,5.8,18.7946,178356224,292873,43537986
2024-08-14 09:15:19,2.9,18.8762,179130368,292927,43538078
2024-08-14 09:15:24,6,18.8762,179130368,292927,43538078
2024-08-14 09:15:29,0,18.9578,179904512,293017,43538154
2024-08-14 09:15:34,3.2,19.0661,180932608,293059,43538182
2024-08-14 09:15:39,0,19.0933,181190656,293059,43538182
2024-08-14 09:15:45,0,19.1745,181960704,293551,43538590
2024-08-14 09:15:50,0,19.1745,181960704,293551,43538590
2024-08-14 09:15:55,3.1,19.1745,181960704,293605,43538682
2024-08-14 09:16:00,5.8,19.1745,181960704,293605,43538682
2024-08-14 09:16:06,3.2,19.3376,183508992,293695,43538758
2024-08-14 09:16:11,3.1,19.528,185315328,293737,43538786
2024-08-14 09:16:16,0,16.9002,160378880,293737,43538786
2024-08-14 09:16:21,0,16.9546,160894976,293827,43538862
2024-08-14 09:16:26,0,17.1709,162947072,293827,43538862
2024-08-14 09:16:32,6,17.252,163717120,293827,43538862
2024-08-14 09:16:37,0,17.404,165158912,294055,43538938
2024-08-14 09:16:42,6,17.404,165158912,294139,43538994
2024-08-14 09:16:47,5.8,17.404,165158912,294409,43539222
2024-08-14 09:16:52,0,17.4299,165404672,294589,43539374
2024-08-14 09:16:58,0,17.5386,166436864,294589,43539374
2024-08-14 09:17:03,5.9,17.5658,166694912,294589,43539374
2024-08-14 09:17:08,9.1,17.7505,168448000,296769,43541557
2024-08-14 09:17:13,3,17.751,168452096,296769,43541557
2024-08-14 09:17:18,3.1,17.7501,168443904,296769,43541557
2024-08-14 09:17:24,3.1,17.7501,168443904,296913,43541693
2024-08-14 09:17:29,3,17.7501,168443904,296913,43541693
2024-08-14 09:17:34,3.1,17.7501,168443904,296913,43541693
2024-08-14 09:17:39,3.1,17.7501,168443904,297045,43541797
2024-08-14 09:17:44,3.1,17.7497,168439808,297087,43541825
2024-08-14 09:17:50,0,17.7497,168439808,297087,43541825
2024-08-14 09:17:55,0,17.7497,168439808,297537,43542205
2024-08-14 09:18:00,3.2,17.7497,168439808,297537,43542205
2024-08-14 09:18:05,6.1,17.7497,168439808,297537,43542205
2024-08-14 09:18:10,0,17.7756,168685568,297627,43542281
2024-08-14 09:18:16,0,17.8844,169717760,297669,43542309
2024-08-14 09:18:21,0,18.0203,171008000,297669,43542309
2024-08-14 09:18:26,0,18.0194,170999808,297759,43542385
2024-08-14 09:18:31,6.1,18.0194,170999808,297939,43542413
2024-08-14 09:18:36,3.1,18.0194,170999808,297939,43542413
2024-08-14 09:18:42,3,18.0194,170999808,297939,43542413
2024-08-14 09:18:47,3.2,18.101,171773952,298029,43542489
2024-08-14 09:18:52,0,18.101,171773952,298071,43542517
2024-08-14 09:18:57,6.1,18.101,171773952,298395,43542797
2024-08-14 09:19:02,0,18.1278,172027904,298575,43542949
2024-08-14 09:19:08,3,18.1545,172281856,300809,43545008
2024-08-14 09:19:13,6.2,18.1545,172281856,300809,43545008
2024-08-14 09:19:18,0,18.2905,173572096,300899,43545084
2024-08-14 09:19:23,3,18.3177,173830144,300899,43545084
2024-08-14 09:19:28,0,18.3449,174088192,300941,43545112
2024-08-14 09:19:34,65.7,23.3815,221884416,321566,43568130
2024-08-14 09:19:39,73.4,23.5499,223481856,565803,43730987
2024-08-14 09:19:44,0,23.6103,224055296,579479,43755631
2024-08-14 09:19:49,3.1,23.6103,224055296,579569,43755707
2024-08-14 09:19:54,5.9,23.6375,224313344,579569,43755707
2024-08-14 09:20:00,2.7,23.6647,224571392,579569,43755707
2024-08-14 09:20:05,0,23.6647,224571392,580019,43756087
2024-08-14 09:20:10,0,23.6906,224817152,580019,43756087
2024-08-14 09:20:15,0,23.6906,224817152,580019,43756087
2024-08-14 09:20:21,0,23.7695,225566720,582145,43758222
2024-08-14 09:20:26,3.1,23.7695,225566720,582325,43758250
2024-08-14 09:20:31,3.2,23.77,225570816,582325,43758250
2024-08-14 09:20:36,0,23.7972,225828864,582415,43758326
2024-08-14 09:20:41,3.1,23.8516,226344960,582415,43758326
2024-08-14 09:20:47,5.9,23.8516,226344960,582415,43758326
2024-08-14 09:20:52,3.1,23.8775,226590720,582505,43758402
2024-08-14 09:20:57,0,23.9318,227106816,582505,43758402
2024-08-14 09:21:02,6.1,23.9318,227106816,582505,43758402
2024-08-14 09:21:07,3,23.9318,227106816,582775,43758630
2024-08-14 09:21:13,0,23.9318,227106816,582997,43758810
2024-08-14 09:21:18,6.1,23.9318,227106816,582997,43758810
2024-08-14 09:21:23,0,23.9862,227622912,583039,43758838
2024-08-14 09:21:28,3.1,23.9862,227622912,583129,43758914
2024-08-14 09:21:33,0,24.0402,228134912,583129,43758914
2024-08-14 09:21:39,3.2,24.0402,228134912,583129,43758914
2024-08-14 09:21:44,5.9,24.0402,228134912,583219,43758990
2024-08-14 09:21:49,0,24.0402,228134912,583273,43759036
2024-08-14 09:21:54,0,24.0661,228380672,583273,43759036
2024-08-14 09:21:59,0,24.0661,228380672,583363,43759112
2024-08-14 09:22:05,0,24.0661,228380672,583363,43759112
2024-08-14 09:22:10,3,24.196,229613568,585645,43761323
2024-08-14 09:22:15,6.1,24.2491,230117376,585915,43761551
2024-08-14 09:22:20,5.8,24.2491,230117376,586011,43761625
2024-08-14 09:22:25,0,24.2491,230117376,586149,43761625
2024-08-14 09:22:31,3.2,24.2491,230117376,586239,43761701
2024-08-14 09:22:36,3.1,24.2495,230121472,586239,43761701
2024-08-14 09:22:41,8.6,24.2495,230121472,586239,43761701
2024-08-14 09:22:46,0,24.2495,230121472,586329,43761777
2024-08-14 09:22:51,0,24.2495,230121472,586399,43761777
2024-08-14 09:22:57,8.8,24.2495,230121472,586399,43761777
2024-08-14 09:23:02,3.1,24.2495,230121472,586489,43761853
2024-08-14 09:23:07,0,24.2491,230117376,586589,43761973
2024-08-14 09:23:12,3,24.2491,230117376,586866,43762451
2024-08-14 09:23:17,2.9,24.2491,230117376,587226,43762755
2024-08-14 09:23:23,3,24.2487,230113280,587316,43762831
2024-08-14 09:23:28,6.2,24.2487,230113280,587316,43762831
2024-08-14 09:23:33,0,24.2487,230113280,587316,43762831
2024-08-14 09:23:38,3.2,24.2487,230113280,587406,43762907
2024-08-14 09:23:43,3.2,24.2487,230113280,587406,43762953
2024-08-14 09:23:49,0,24.2487,230113280,587406,43762953
2024-08-14 09:23:54,0,24.2487,230113280,587496,43763029
2024-08-14 09:23:59,6.1,24.2482,230109184,587496,43763029
2024-08-14 09:24:04,3,24.2482,230109184,587592,43763103
2024-08-14 09:24:09,0,24.3298,230883328,589760,43765266
2024-08-14 09:24:15,3,24.3298,230883328,589760,43765266
2024-08-14 09:24:20,3,24.3829,231387136,589988,43765342
2024-08-14 09:24:25,3.1,24.3825,231383040,590078,43765418
2024-08-14 09:24:30,2.9,24.3825,231383040,590078,43765418
2024-08-14 09:24:36,3.1,24.4368,231899136,590078,43765418
2024-08-14 09:24:41,3.2,24.5184,232673280,590168,43765494
2024-08-14 09:24:46,3.1,24.5456,232931328,590168,43765494
2024-08-14 09:24:51,3,24.5456,232931328,590168,43765494
2024-08-14 09:24:56,3.2,24.5456,232931328,590258,43765570
2024-08-14 09:25:01,3,24.5456,232931328,590354,43765644
2024-08-14 09:25:07,3,24.5456,232931328,590396,43765672
2024-08-14 09:25:12,0,24.5456,232931328,590486,43765748
2024-08-14 09:25:17,3.1,24.5456,232931328,590486,43765748
2024-08-14 09:25:22,72.7,24.7088,234479616,594680,43786044
2024-08-14 09:25:28,3,24.8616,235929600,621171,43956040
2024-08-14 09:25:33,3,24.8616,235929600,621261,43956116
2024-08-14 09:25:38,3,24.8875,236175360,621261,43956116
2024-08-14 09:25:43,8.6,24.8875,236175360,621261,43956116
2024-08-14 09:25:48,3.1,24.8875,236175360,621351,43956192
2024-08-14 09:25:54,0,24.8875,236175360,621351,43956192
2024-08-14 09:25:59,3.1,24.8875,236175360,621351,43956192
2024-08-14 09:26:04,3.1,24.8875,236175360,621483,43956296
2024-08-14 09:26:09,3,24.8875,236175360,623627,43958383
2024-08-14 09:26:14,5.9,24.8875,236175360,623765,43958383
2024-08-14 09:26:20,3.2,24.9134,236421120,623855,43958459
2024-08-14 09:26:25,0,24.9134,236421120,623855,43958459
2024-08-14 09:26:30,0,24.9134,236421120,623945,43958535
2024-08-14 09:26:35,0,24.9134,236421120,624035,43958611
2024-08-14 09:26:41,3,24.9134,236421120,624077,43958639
2024-08-14 09:26:46,3.2,24.9134,236421120,624077,43958639
2024-08-14 09:26:51,3,24.9134,236421120,624167,43958715
2024-08-14 09:26:56,3.1,24.9134,236421120,624167,43958715
2024-08-14 09:27:01,0,24.9134,236421120,624209,43958743
2024-08-14 09:27:07,0,24.9134,236421120,624299,43958819
2024-08-14 09:27:12,3.1,24.9134,236421120,624341,43958847
2024-08-14 09:27:17,6.1,24.9134,236421120,624341,43958847
2024-08-14 09:27:22,3.2,24.9134,236421120,624431,43958923
2024-08-14 09:27:27,8.6,24.9134,236421120,624485,43958969
2024-08-14 09:27:33,5.9,24.9134,236421120,624575,43959045
2024-08-14 09:27:38,3,24.9129,236417024,624899,43959319
2024-08-14 09:27:43,0,24.9129,236417024,624941,43959347
2024-08-14 09:27:48,0,24.9129,236417024,624941,43959347
2024-08-14 09:27:53,3.1,24.9129,236417024,625031,43959423
2024-08-14 09:27:59,0,24.9129,236417024,625073,43959451
2024-08-14 09:28:04,0,24.9129,236417024,625211,43959451
2024-08-14 09:28:09,0,24.9129,236417024,627601,43961586
2024-08-14 09:28:14,0,24.9129,236417024,627601,43961586
2024-08-14 09:28:19,3.2,24.9129,236417024,627601,43961586
2024-08-14 09:28:25,3.2,24.9129,236417024,627601,43961586
2024-08-14 09:28:30,0,24.9129,236417024,627691,43961662
2024-08-14 09:28:35,2.9,24.9129,236417024,627691,43961662
2024-08-14 09:28:40,3,24.9129,236417024,627781,43961738
2024-08-14 09:28:45,6.1,24.9129,236417024,627913,43961842
2024-08-14 09:28:51,6,24.9129,236417024,627955,43961870
2024-08-14 09:28:56,3.1,24.9129,236417024,627955,43961870
2024-08-14 09:29:01,3.1,24.9129,236417024,628045,43961946
2024-08-14 09:29:06,3,24.9129,236417024,628045,43961946
2024-08-14 09:29:11,0,24.9129,236417024,628045,43961946
2024-08-14 09:29:17,3,24.9129,236417024,628135,43962022
2024-08-14 09:29:22,3,24.9129,236417024,628177,43962050
2024-08-14 09:29:27,3.2,24.9129,236417024,628177,43962050
2024-08-14 09:29:32,0,24.9129,236417024,628267,43962126
2024-08-14 09:29:37,3,24.9129,236417024,628267,43962126
2024-08-14 09:29:43,6,24.9129,236417024,628447,43962278
2024-08-14 09:29:48,0,24.9129,236417024,628669,43962458
2024-08-14 09:29:53,3.2,24.9121,236408832,628849,43962486
2024-08-14 09:29:58,3.1,24.9121,236408832,628849,43962486
2024-08-14 09:30:04,3,24.9121,236408832,628939,43962562
2024-08-14 09:30:09,3,24.9112,236400640,631041,43964621
2024-08-14 09:30:14,3.2,24.9108,236396544,631041,43964621
2024-08-14 09:30:19,0,24.9108,236396544,631131,43964697
2024-08-14 09:30:24,3.1,24.9108,236396544,631131,43964697
2024-08-14 09:30:30,0,24.9375,236650496,631131,43964697
2024-08-14 09:30:35,3,24.9375,236650496,631221,43964773
2024-08-14 09:30:40,3.1,24.9375,236650496,631263,43964801
2024-08-14 09:30:45,6,24.9375,236650496,631305,43964829
2024-08-14 09:30:50,5.9,24.9375,236650496,631395,43964905
2024-08-14 09:30:56,3.2,24.9371,236646400,631485,43964981
2024-08-14 09:31:01,5.8,24.9371,236646400,631485,43964981
2024-08-14 09:31:06,0,24.9371,236646400,631485,43964981
2024-08-14 09:31:11,9.3,25.3178,240259072,659968,43973877
2024-08-14 09:31:16,11.4,25.3074,240160768,683369,43989721
2024-08-14 09:31:22,0,25.3005,240095232,691786,43995389
2024-08-14 09:31:27,3,25.3273,240349184,702230,43998849
2024-08-14 09:31:32,3.1,25.3273,240349184,703232,43999233
2024-08-14 09:31:37,3,25.3804,240852992,703892,43999753
2024-08-14 09:31:42,6.2,25.3804,240852992,713356,44003540
2024-08-14 09:31:48,3.2,25.3804,240852992,714220,44007758
2024-08-14 09:31:53,3.2,25.3804,240852992,715060,44008430
2024-08-14 09:31:58,3.1,25.4343,241364992,723522,44009702
2024-08-14 09:32:03,8.6,25.4343,241364992,724386,44014222
2024-08-14 09:32:08,3.1,25.4615,241623040,729608,44023292
2024-08-14 09:32:14,6.1,25.4615,241623040,730851,44024485
2024-08-14 09:32:19,0,25.4615,241623040,743570,44029750
2024-08-14 09:32:24,3.2,25.4611,241618944,765531,44042084
2024-08-14 09:32:29,3,25.4844,241840128,786069,44055668
2024-08-14 09:32:34,3,25.4999,241987584,788307,44060943
2024-08-14 09:32:39,0,25.4999,241987584,788349,44060971
2024-08-14 09:32:45,0,22.8152,216510464,793137,44069159
2024-08-14 09:32:50,6.2,22.9499,217788416,793137,44069159
2024-08-14 09:32:55,6.2,22.9495,217784320,793359,44069391
2024-08-14 09:33:00,3,22.9495,217784320,793449,44069467
2024-08-14 09:33:05,5.1,22.9495,217784320,793449,44069467
2024-08-14 09:33:11,0,22.9495,217784320,793449,44069467
2024-08-14 09:33:16,3.2,22.9767,218042368,793449,44069467
