2024-08-14 09:09:24,12.9,17.7531,168472576,169480,26671943
2024-08-14 09:09:29,3.2,18.8705,179077120,286713,43533787
2024-08-14 09:09:34,6.2,18.8705,179077120,286713,43533787
2024-08-14 09:09:39,0,18.8688,179060736,286713,43533787
2024-08-14 09:09:44,3,18.8701,179073024,286803,43533863
2024-08-14 09:09:50,3.2,18.8951,179310592,286803,43533863
2024-08-14 09:09:55,3.1,18.8951,179310592,286803,43533863
2024-08-14 09:10:00,3.1,18.9495,179826688,286893,43533939
2024-08-14 09:10:05,0,18.9495,179826688,286977,43533995
2024-08-14 09:10:10,0,18.9495,179826688,286977,43533995
2024-08-14 09:10:16,3.1,18.975,180068352,287427,43534375
2024-08-14 09:10:21,3.1,19.0294,180584448,287427,43534375
2024-08-14 09:10:26,3.1,19.0838,181100544,287427,43534375
2024-08-14 09:10:31,3.2,19.0838,181100544,287517,43534451
2024-08-14 09:10:36,6.2,19.1653,181874688,287559,43534479
2024-08-14 09:10:42,0,19.3272,183410688,287829,43534531
2024-08-14 09:10:47,0,19.4325,184410112,290219,43536665
2024-08-14 09:10:52,0,19.4325,184410112,290285,43536665
2024-08-14 09:10:57,0,19.5672,185688064,290351,43536665
2024-08-14 09:11:02,3.2,19.6487,186462208,290553,43536769
2024-08-14 09:11:07,3.2,19.6487,186462208,290553,43536769
2024-08-14 09:11:13,6.2,19.7847,187752448,290619,43536769
2024-08-14 09:11:18,0,19.8119,188010496,290931,43537025
2024-08-14 09:11:23,0,19.8119,188010496,291111,43537177
2024-08-14 09:11:28,0,19.8119,188010496,291111,43537177
2024-08-14 09:11:33,0,19.8119,188010496,291111,43537177
2024-08-14 09:11:39,0,19.8119,188010496,291201,43537253
2024-08-14 09:11:44,6.2,19.8102,187994112,291201,43537253
2024-08-14 09:11:49,0,19.8102,187994112,291201,43537253
2024-08-14 09:11:54,0,19.8374,188252160,291291,43537329
2024-08-14 09:11:59,3.1,19.8374,188252160,291375,43537385
2024-08-14 09:12:04,3.2,19.8374,188252160,291375,43537385
2024-08-14 09:12:10,3.2,19.8374,188252160,291465,43537461
2024-08-14 09:12:15,3.2,19.8374,188252160,291465,43537461
2024-08-14 09:12:20,3.2,19.8374,188252160,291635,43537553
2024-08-14 09:12:25,0,19.8374,188252160,292201,43537933
2024-08-14 09:12:30,0,19.8374,188252160,292381,43537961
2024-08-14 09:12:36,0,19.8374,188252160,292439,43537961
2024-08-14 09:12:41,0,19.8374,188252160,292529,43538037
2024-08-14 09:12:46,0,19.8369,188248064,294697,43540095
2024-08-14 09:12:51,0,19.8374,188252160,294809,43540141
2024-08-14 09:12:56,0,19.8374,188252160,294941,43540245
2024-08-14 09:13:01,3.1,19.8374,188252160,294941,43540245
2024-08-14 09:13:07,3.2,19.8374,188252160,294941,43540245
2024-08-14 09:13:12,3,19.8374,188252160,294941,43540245
2024-08-14 09:13:17,0,19.8374,188252160,295073,43540349
2024-08-14 09:13:22,3.2,19.8374,188252160,295073,43540349
2024-08-14 09:13:27,6.2,19.8374,188252160,295253,43540501
2024-08-14 09:13:33,0,19.8374,188252160,295523,43540729
2024-08-14 09:13:38,0,19.8374,188252160,295523,43540729
2024-08-14 09:13:43,3.1,19.8374,188252160,295523,43540729
2024-08-14 09:13:48,3.2,19.8374,188252160,295613,43540805
2024-08-14 09:13:53,0,19.8374,188252160,295697,43540861
2024-08-14 09:13:58,0,19.8374,188252160,295697,43540861
2024-08-14 09:14:04,0,19.8374,188252160,295787,43540937
2024-08-14 09:14:09,0,19.8374,188252160,295787,43540937
2024-08-14 09:14:14,0,19.8374,188252160,295787,43540937
2024-08-14 09:14:19,3.1,19.8374,188252160,295877,43541013
2024-08-14 09:14:24,3.2,19.8374,188252160,296057,43541041
2024-08-14 09:14:30,3.1,19.8374,188252160,296057,43541041
2024-08-14 09:14:35,0,19.827,188153856,296507,43541421
2024-08-14 09:14:40,0,19.827,188153856,296507,43541421
2024-08-14 09:14:45,3.2,19.8248,188133376,298609,43543479
2024-08-14 09:14:50,5.9,19.8244,188129280,298741,43543583
2024-08-14 09:14:55,0,19.8244,188129280,298741,43543583
2024-08-14 09:15:01,0,19.8244,188129280,298741,43543583
2024-08-14 09:15:06,0,19.8244,188129280,298831,43543659
2024-08-14 09:15:11,0,19.8244,188129280,298831,43543659
2024-08-14 09:15:16,5.8,19.8244,188129280,298831,43543659
2024-08-14 09:15:21,0,19.8244,188129280,298991,43543735
2024-08-14 09:15:27,3,19.8244,188129280,299033,43543763
2024-08-14 09:15:32,6,19.8244,188129280,299033,43543763
2024-08-14 09:15:37,0,19.824,188125184,299303,43543991
2024-08-14 09:15:42,2.9,19.8236,188121088,299525,43544171
2024-08-14 09:15:47,3.1,19.8236,188121088,299525,43544171
2024-08-14 09:15:53,6.1,19.8236,188121088,299525,43544171
2024-08-14 09:15:58,0,19.8236,188121088,299615,43544247
2024-08-14 09:16:03,0,19.8227,188112896,299657,43544275
2024-08-14 09:16:08,0,19.8227,188112896,299657,43544275
2024-08-14 09:16:13,3.1,19.8227,188112896,299747,43544351
2024-08-14 09:16:19,3.2,19.8227,188112896,299885,43544351
2024-08-14 09:16:24,6.2,19.8227,188112896,299885,43544351
2024-08-14 09:16:29,6,19.8218,188104704,299975,43544427
2024-08-14 09:16:34,0,19.8218,188104704,300017,43544455
2024-08-14 09:16:39,0,19.8218,188104704,300059,43544483
2024-08-14 09:16:44,3.2,19.8477,188350464,302809,43546921
2024-08-14 09:16:50,0,19.8477,188350464,302809,43546921
2024-08-14 09:16:55,6.2,19.8477,188350464,302809,43546921
2024-08-14 09:17:00,0,19.8477,188350464,302899,43546997
2024-08-14 09:17:05,6.1,19.8477,188350464,302899,43546997
2024-08-14 09:17:10,0,19.8745,188604416,302899,43546997
2024-08-14 09:17:16,0,19.8745,188604416,302989,43547073
2024-08-14 09:17:21,0,19.8745,188604416,303031,43547101
2024-08-14 09:17:26,0,19.8745,188604416,303031,43547101
2024-08-14 09:17:31,0,19.8745,188604416,303121,43547177
2024-08-14 09:17:36,3.1,19.8745,188604416,303163,43547205
2024-08-14 09:17:41,0,19.8745,188604416,303163,43547205
2024-08-14 09:17:47,3.2,19.8745,188604416,303523,43547509
2024-08-14 09:17:52,3.2,19.8745,188604416,303655,43547613
2024-08-14 09:17:57,0,19.8745,188604416,303655,43547613
2024-08-14 09:18:02,0,19.8745,188604416,303655,43547613
2024-08-14 09:18:07,3.2,19.8745,188604416,303745,43547689
2024-08-14 09:18:13,0,19.8745,188604416,303745,43547689
2024-08-14 09:18:18,0,19.8745,188604416,303883,43547689
2024-08-14 09:18:23,6.2,19.8745,188604416,303973,43547765
2024-08-14 09:18:28,0,19.8745,188604416,304015,43547793
2024-08-14 09:18:33,0,19.8745,188604416,304057,43547821
2024-08-14 09:18:38,0,19.8745,188604416,304147,43547897
2024-08-14 09:18:44,0,19.9004,188850176,306249,43549955
2024-08-14 09:18:49,0,19.9004,188850176,306249,43549955
2024-08-14 09:18:54,0,19.8999,188846080,306699,43550335
2024-08-14 09:18:59,0,19.8999,188846080,306699,43550335
2024-08-14 09:19:04,0,19.8999,188846080,306699,43550335
2024-08-14 09:19:10,6.1,19.8995,188841984,306789,43550411
2024-08-14 09:19:15,3.1,19.8995,188841984,306831,43550439
2024-08-14 09:19:20,65.7,22.393,212504576,307542,43551348
2024-08-14 09:19:25,6.2,24.0772,228487168,585394,43756389
2024-08-14 09:19:30,0,24.1031,228732928,585490,43756477
2024-08-14 09:19:36,3.1,24.1031,228732928,585490,43756477
2024-08-14 09:19:41,0,24.1031,228732928,585580,43756553
2024-08-14 09:19:46,6.2,24.1031,228732928,585580,43756553
2024-08-14 09:19:51,6.2,24.1031,228732928,585580,43756553
2024-08-14 09:19:56,6.1,24.129,228978688,585940,43756857
2024-08-14 09:20:01,5.9,24.1557,229232640,586072,43756961
2024-08-14 09:20:07,3,24.1549,229224448,586072,43756961
2024-08-14 09:20:12,3.2,24.1808,229470208,586264,43757007
2024-08-14 09:20:17,3.1,24.1808,229470208,586354,43757083
2024-08-14 09:20:22,6.2,24.1808,229470208,586354,43757083
2024-08-14 09:20:27,5.8,24.2624,230244352,586396,43757111
2024-08-14 09:20:33,3.2,24.2895,230502400,586486,43757187
2024-08-14 09:20:38,3.2,24.2895,230502400,586528,43757215
2024-08-14 09:20:43,6.2,24.3435,231014400,588762,43759273
2024-08-14 09:20:48,0,24.3694,231260160,588852,43759349
2024-08-14 09:20:53,0,24.3694,231260160,588852,43759349
2024-08-14 09:20:58,3.1,24.3694,231260160,588942,43759425
2024-08-14 09:21:04,3.1,24.3694,231260160,589356,43759775
2024-08-14 09:21:09,6.1,24.3694,231260160,589410,43759821
2024-08-14 09:21:14,6.1,24.3694,231260160,589464,43759913
2024-08-14 09:21:19,0,24.3694,231260160,589596,43760017
2024-08-14 09:21:24,6.2,24.3694,231260160,589638,43760045
2024-08-14 09:21:30,0,24.3694,231260160,589638,43760045
2024-08-14 09:21:35,0,24.3694,231260160,589728,43760121
2024-08-14 09:21:40,0,24.3694,231260160,589728,43760121
2024-08-14 09:21:45,5.9,24.3694,231260160,589728,43760121
2024-08-14 09:21:50,6.2,24.369,231256064,589818,43760197
2024-08-14 09:21:55,3.1,24.369,231256064,589860,43760225
2024-08-14 09:22:01,3.1,24.369,231256064,589998,43760225
2024-08-14 09:22:06,6,24.369,231256064,590358,43760529
2024-08-14 09:22:11,0,24.369,231256064,590448,43760605
2024-08-14 09:22:16,6.2,24.369,231256064,590490,43760633
2024-08-14 09:22:21,3.1,24.369,231256064,590490,43760633
2024-08-14 09:22:27,3.1,24.369,231256064,590580,43760709
2024-08-14 09:22:32,0,24.369,231256064,590622,43760737
2024-08-14 09:22:37,3.2,24.369,231256064,590622,43760737
2024-08-14 09:22:42,0,24.3685,231251968,590712,43760813
2024-08-14 09:22:47,3.1,24.3621,231190528,592934,43762963
2024-08-14 09:22:53,0,24.3621,231190528,592934,43762963
2024-08-14 09:22:58,0,24.3616,231186432,593024,43763039
2024-08-14 09:23:03,6.1,24.3616,231186432,593024,43763039
2024-08-14 09:23:08,0,24.3616,231186432,593114,43763115
2024-08-14 09:23:13,3.2,24.3616,231186432,593558,43763475
2024-08-14 09:23:18,3.2,24.3616,231186432,593558,43763475
2024-08-14 09:23:24,3.2,24.3616,231186432,593558,43763475
2024-08-14 09:23:29,0,24.3616,231186432,593648,43763551
2024-08-14 09:23:34,0,24.3616,231186432,593648,43763551
2024-08-14 09:23:39,3.2,24.3875,231432192,593648,43763551
2024-08-14 09:23:44,0,24.3875,231432192,593738,43763627
2024-08-14 09:23:50,3.1,24.4406,231936000,593850,43763655
2024-08-14 09:23:55,3.2,24.4678,232194048,593988,43763655
2024-08-14 09:24:00,3.2,24.4946,232448000,594132,43763777
2024-08-14 09:24:05,3.2,24.5761,233222144,594132,43763777
2024-08-14 09:24:10,6.2,24.6305,233738240,594174,43763805
2024-08-14 09:24:16,0,24.7389,234766336,594444,43764033
2024-08-14 09:24:21,3.2,24.7933,235282432,594576,43764137
2024-08-14 09:24:26,3.2,24.7933,235282432,594576,43764137
2024-08-14 09:24:31,0,24.7933,235282432,594576,43764137
2024-08-14 09:24:36,0,24.8476,235798528,594666,43764213
2024-08-14 09:24:41,3.1,24.8476,235798528,594666,43764213
2024-08-14 09:24:47,3.2,24.8481,235802624,596900,43766271
2024-08-14 09:24:52,3.2,24.8481,235802624,597044,43766439
2024-08-14 09:24:57,3.2,22.1228,209940480,597044,43766439
2024-08-14 09:25:02,6.2,22.3662,212250624,597044,43766439
2024-08-14 09:25:07,0,22.5294,213798912,597176,43766543
2024-08-14 09:25:13,0,24.012,227868672,627657,43956557
2024-08-14 09:25:18,0,24.012,227868672,627747,43956633
2024-08-14 09:25:23,0,24.012,227868672,628107,43956937
2024-08-14 09:25:28,0,24.012,227868672,628107,43956937
2024-08-14 09:25:33,0,24.012,227868672,628107,43956937
2024-08-14 09:25:38,0,24.012,227868672,628251,43957105
2024-08-14 09:25:44,0,24.0919,228626432,628293,43957133
2024-08-14 09:25:49,0,24.0919,228626432,628431,43957133
2024-08-14 09:25:54,0,24.0919,228626432,628521,43957209
2024-08-14 09:25:59,0,24.0919,228626432,628521,43957209
2024-08-14 09:26:04,0,24.0919,228626432,628563,43957237
2024-08-14 09:26:10,3,24.1191,228884480,628653,43957313
2024-08-14 09:26:15,5.8,24.1721,229388288,628695,43957341
2024-08-14 09:26:20,0,24.1721,229388288,628695,43957341
2024-08-14 09:26:25,0,24.1721,229388288,628875,43957493
2024-08-14 09:26:30,3,24.1721,229388288,628965,43957569
2024-08-14 09:26:36,3.1,24.1721,229388288,628965,43957569
2024-08-14 09:26:41,0,24.1721,229388288,628965,43957569
2024-08-14 09:26:46,0,24.1989,229642240,631223,43959703
2024-08-14 09:26:51,6.1,24.1989,229642240,631223,43959703
2024-08-14 09:26:56,3,24.1989,229642240,631223,43959703
2024-08-14 09:27:02,6,24.1989,229642240,631355,43959807
2024-08-14 09:27:07,3.2,24.1989,229642240,631355,43959807
2024-08-14 09:27:12,0,24.1989,229642240,631355,43959807
2024-08-14 09:27:17,0,24.1989,229642240,631445,43959883
2024-08-14 09:27:22,3.2,24.1989,229642240,631487,43959911
2024-08-14 09:27:27,0,24.1989,229642240,631577,43959987
2024-08-14 09:27:33,0,24.1989,229642240,631847,43960215
2024-08-14 09:27:38,3.2,24.1989,229642240,631847,43960215
2024-08-14 09:27:43,3.1,24.1989,229642240,631985,43960215
2024-08-14 09:27:48,3.2,24.1989,229642240,632075,43960291
2024-08-14 09:27:53,3,24.1989,229642240,632117,43960319
2024-08-14 09:27:59,0,24.1989,229642240,632159,43960347
2024-08-14 09:28:04,3.2,24.1989,229642240,632249,43960423
2024-08-14 09:28:09,6.2,24.1985,229638144,632249,43960423
2024-08-14 09:28:14,5.8,24.1985,229638144,632249,43960423
2024-08-14 09:28:19,0,24.1985,229638144,632339,43960499
2024-08-14 09:28:25,0,24.1985,229638144,632381,43960527
2024-08-14 09:28:30,0,24.1985,229638144,632435,43960573
2024-08-14 09:28:35,3.1,24.1985,229638144,632705,43960801
2024-08-14 09:28:40,6.2,24.1985,229638144,632705,43960801
2024-08-14 09:28:45,3.2,24.2529,230154240,634741,43962859
2024-08-14 09:28:50,3.2,24.2529,230154240,634783,43962887
2024-08-14 09:28:56,0,24.2529,230154240,634873,43962963
2024-08-14 09:29:01,0,24.2529,230154240,634873,43962963
2024-08-14 09:29:06,0,24.3072,230670336,634873,43962963
2024-08-14 09:29:11,3.2,24.3072,230670336,634963,43963039
2024-08-14 09:29:16,0,24.3072,230670336,635005,43963067
2024-08-14 09:29:22,3.2,24.3344,230928384,635005,43963067
2024-08-14 09:29:27,3.2,24.3616,231186432,635095,43963143
2024-08-14 09:29:32,6,24.4432,231960576,635149,43963235
2024-08-14 09:29:37,0,24.5502,232976384,635239,43963311
2024-08-14 09:29:42,3.1,24.7134,234524672,635821,43963585
2024-08-14 09:29:48,0,24.8494,235814912,635963,43963641
2024-08-14 09:29:53,0,24.8766,236072960,635963,43963641
2024-08-14 09:29:58,3.1,24.8766,236072960,636111,43963717
2024-08-14 09:30:03,3.2,24.8766,236072960,636111,43963717
2024-08-14 09:30:08,3.2,24.8766,236072960,636111,43963717
2024-08-14 09:30:13,3.1,24.8766,236072960,636259,43963793
2024-08-14 09:30:19,3.2,24.8766,236072960,636301,43963821
2024-08-14 09:30:24,3.2,24.8766,236072960,636301,43963821
2024-08-14 09:30:29,3.2,24.8766,236072960,636391,43963897
2024-08-14 09:30:34,3.2,24.8766,236072960,636391,43963897
2024-08-14 09:30:39,3.1,24.8766,236072960,636391,43963897
2024-08-14 09:30:45,3,25.1174,238358528,638871,43966211
2024-08-14 09:30:50,3.2,25.1174,238358528,638871,43966211
2024-08-14 09:30:55,3,25.1705,238862336,638871,43966211
2024-08-14 09:31:00,3.1,18.1407,172150784,746030,44023138
2024-08-14 09:31:05,3,18.1674,172404736,746120,44023214
2024-08-14 09:31:10,0,18.1933,172650496,746174,44023260
2024-08-14 09:31:16,6,18.1933,172650496,746174,44023260
2024-08-14 09:31:21,6,18.1933,172650496,746264,44023336
2024-08-14 09:31:26,6,18.2205,172908544,746264,44023336
2024-08-14 09:31:31,3.1,18.2214,172916736,746402,44023336
2024-08-14 09:31:36,3.2,18.2481,173170688,746492,44023412
2024-08-14 09:31:42,3,18.2481,173170688,746576,44023468
2024-08-14 09:31:47,3,18.3025,173686784,746756,44023620
2024-08-14 09:31:52,0,18.3293,173940736,746936,44023772
2024-08-14 09:31:57,3.1,18.3293,173940736,746990,44023818
2024-08-14 09:32:02,6.2,18.3293,173940736,746990,44023818
2024-08-14 09:32:08,3.2,18.3293,173940736,747080,44023894
2024-08-14 09:32:13,3.2,18.4924,175489024,747080,44023894
2024-08-14 09:32:18,6.1,18.5196,175747072,747080,44023894
2024-08-14 09:32:23,0,18.5196,175747072,747170,44023970
2024-08-14 09:32:28,3.1,18.6543,177025024,747212,44023998
2024-08-14 09:32:33,6.1,18.6543,177025024,747212,44023998
2024-08-14 09:32:39,6.2,18.6543,177025024,747398,44024148
2024-08-14 09:32:44,6.1,18.678,177250304,749632,44026206
2024-08-14 09:32:49,6.2,18.678,177250304,749632,44026206
2024-08-14 09:32:54,6.2,18.7052,177508352,749812,44026358
2024-08-14 09:32:59,3.2,18.7324,177766400,749812,44026358
2024-08-14 09:33:05,0,18.7596,178024448,749866,44026450
2024-08-14 09:33:10,6,18.7868,178282496,749866,44026450
2024-08-14 09:33:15,3.2,18.7868,178282496,749956,44026526
2024-08-14 09:33:20,15.1,18.7868,178282496,753207,44029490
