2024-08-14 09:17:27,9.7,17.613,167137280,184616,28912811
2024-08-14 09:17:33,3.2,18.6369,176852992,300965,45774815
2024-08-14 09:17:38,0,18.6628,177098752,301007,45774843
2024-08-14 09:17:43,3.2,18.6628,177098752,301097,45774919
2024-08-14 09:17:48,0,18.6628,177098752,301097,45774919
2024-08-14 09:17:53,0,18.6628,177098752,301097,45774919
2024-08-14 09:17:59,0,18.7435,177864704,301187,45774995
2024-08-14 09:18:04,0,18.7979,178380800,301229,45775023
2024-08-14 09:18:09,0,18.7979,178380800,301229,45775023
2024-08-14 09:18:14,6.2,18.7979,178380800,301679,45775403
2024-08-14 09:18:19,3.2,18.8523,178896896,301679,45775403
2024-08-14 09:18:24,3.1,18.9339,179671040,301679,45775403
2024-08-14 09:18:30,0,18.9339,179671040,301811,45775507
2024-08-14 09:18:35,0,18.9339,179671040,301853,45775535
2024-08-14 09:18:40,0,18.9339,179671040,301853,45775535
2024-08-14 09:18:45,0,18.9334,179666944,304243,45777671
2024-08-14 09:18:50,0,18.9321,179654656,304243,45777671
2024-08-14 09:18:55,6.1,19.0426,180703232,304381,45777671
2024-08-14 09:19:01,3.2,19.233,182509568,304471,45777747
2024-08-14 09:19:06,3.1,19.3146,183283712,304471,45777747
2024-08-14 09:19:11,3.1,19.3146,183283712,304471,45777747
2024-08-14 09:19:16,0,19.3146,183283712,304741,45777975
2024-08-14 09:19:21,0,19.3141,183279616,304963,45778155
2024-08-14 09:19:27,0,19.3124,183263232,305005,45778183
2024-08-14 09:19:32,0,19.3124,183263232,305005,45778183
2024-08-14 09:19:37,6.1,19.3141,183279616,305095,45778259
2024-08-14 09:19:42,3.2,19.3141,183279616,305095,45778259
2024-08-14 09:19:47,3.2,19.3379,183504896,305095,45778259
2024-08-14 09:19:52,12.4,23.34,221483008,309553,45781638
2024-08-14 09:19:58,0,24.7239,234614784,336883,45802249
2024-08-14 09:20:03,6.5,25.2129,239255552,356133,45813034
2024-08-14 09:20:08,6.2,25.2129,239255552,367410,45820951
2024-08-14 09:20:13,0,25.2129,239255552,377425,45827936
2024-08-14 09:20:18,0,25.2125,239251456,397646,45841568
2024-08-14 09:20:24,3.4,25.2375,239489024,418508,45852355
2024-08-14 09:20:29,0,25.2371,239484928,464118,45878269
2024-08-14 09:20:34,3.2,25.2345,239460352,495346,45895411
2024-08-14 09:20:39,6.2,25.2306,239423488,524798,45913523
2024-08-14 09:20:44,0,25.2341,239456256,546008,45935325
2024-08-14 09:20:49,10,25.2354,239468544,567964,45958893
2024-08-14 09:20:55,6.7,25.2427,239538176,587076,45984527
2024-08-14 09:21:00,3.2,25.2483,239591424,604126,46012381
2024-08-14 09:21:05,3.1,25.2483,239591424,604126,46012381
2024-08-14 09:21:10,3,25.2483,239591424,604216,46012457
2024-08-14 09:21:15,0,25.2483,239591424,604216,46012457
2024-08-14 09:21:21,0,25.2483,239591424,604258,46012485
2024-08-14 09:21:26,0,25.2755,239849472,604528,46012713
2024-08-14 09:21:31,0,22.5665,214142976,604858,46012985
2024-08-14 09:21:36,6.2,22.6209,214659072,604858,46012985
2024-08-14 09:21:41,3.2,22.6753,215175168,604858,46012985
2024-08-14 09:21:46,3.1,22.6982,215392256,607050,46015121
2024-08-14 09:21:52,0,22.6982,215392256,607120,46015121
2024-08-14 09:21:57,0,22.6982,215392256,607120,46015121
2024-08-14 09:22:02,0,22.7521,215904256,607210,46015197
2024-08-14 09:22:07,0,22.8868,217182208,607210,46015197
2024-08-14 09:22:12,6.2,23.0228,218472448,607210,46015197
2024-08-14 09:22:17,3.2,23.05,218730496,607342,46015301
2024-08-14 09:22:23,3.2,23.05,218730496,607384,46015329
2024-08-14 09:22:28,3.2,23.05,218730496,607474,46015405
2024-08-14 09:22:33,0,23.05,218730496,607834,46015709
2024-08-14 09:22:38,0,23.04,218636288,607888,46015755
2024-08-14 09:22:43,0,23.04,218636288,607942,46015847
2024-08-14 09:22:49,0,23.4971,222973952,608212,46015951
2024-08-14 09:22:54,6.2,23.4971,222973952,608212,46015951
2024-08-14 09:22:59,3.2,23.4971,222973952,608212,46015951
2024-08-14 09:23:04,3.1,23.4971,222973952,608302,46016027
2024-08-14 09:23:09,3.2,23.4971,222973952,608302,46016027
2024-08-14 09:23:14,0,23.4971,222973952,608344,46016055
2024-08-14 09:23:20,0,23.523,223219712,608434,46016131
2024-08-14 09:23:25,6.2,23.523,223219712,608476,46016159
2024-08-14 09:23:30,3.1,23.523,223219712,608476,46016159
2024-08-14 09:23:35,9.1,23.5489,223465472,608746,46016387
2024-08-14 09:23:40,0,23.5485,223461376,608926,46016539
2024-08-14 09:23:46,0,23.6836,224743424,610962,46018599
2024-08-14 09:23:51,0,23.7367,225247232,610962,46018599
2024-08-14 09:23:56,0,23.8999,226795520,611052,46018675
2024-08-14 09:24:01,6.2,23.8999,226795520,611052,46018675
2024-08-14 09:24:06,3.1,23.8999,226795520,611052,46018675
2024-08-14 09:24:11,3.1,23.8999,226795520,611184,46018779
2024-08-14 09:24:17,0,23.8999,226795520,611226,46018807
2024-08-14 09:24:22,0,23.8999,226795520,611226,46018807
2024-08-14 09:24:27,0,23.8999,226795520,611316,46018883
2024-08-14 09:24:32,0,23.8999,226795520,611316,46018883
2024-08-14 09:24:37,0,23.8999,226795520,611316,46018883
2024-08-14 09:24:42,6.2,23.8999,226795520,611496,46019035
2024-08-14 09:24:48,3.2,23.8999,226795520,611676,46019063
2024-08-14 09:24:53,3.1,23.8999,226795520,611676,46019063
2024-08-14 09:24:58,3.2,23.8994,226791424,611766,46019139
2024-08-14 09:25:03,0,23.8994,226791424,611766,46019139
2024-08-14 09:25:08,0,23.9253,227037184,611808,46019167
2024-08-14 09:25:14,0,23.9797,227553280,611898,46019243
2024-08-14 09:25:19,0,23.9797,227553280,611998,46019409
2024-08-14 09:25:24,6.2,23.9797,227553280,611998,46019409
2024-08-14 09:25:29,3.2,23.9797,227553280,612088,46019485
2024-08-14 09:25:34,3.1,23.9797,227553280,612088,46019485
2024-08-14 09:25:39,3.2,23.9797,227553280,612088,46019485
2024-08-14 09:25:45,25.8,24.486,232357888,645495,46211879
2024-08-14 09:25:50,3.1,24.486,232357888,645585,46211955
2024-08-14 09:25:55,3.2,24.486,232357888,645585,46211955
2024-08-14 09:26:00,0,24.486,232357888,645627,46211983
2024-08-14 09:26:05,0,24.486,232357888,645717,46212059
2024-08-14 09:26:11,0,24.486,232357888,645717,46212059
2024-08-14 09:26:16,0,24.486,232357888,645717,46212059
2024-08-14 09:26:21,6.2,24.486,232357888,645807,46212135
2024-08-14 09:26:26,3.2,24.486,232357888,645849,46212163
2024-08-14 09:26:31,3.2,24.486,232357888,645849,46212163
2024-08-14 09:26:36,3.2,24.486,232357888,645939,46212239
2024-08-14 09:26:42,0,24.486,232357888,646077,46212239
2024-08-14 09:26:47,0,24.486,232357888,646077,46212239
2024-08-14 09:26:52,0,24.486,232357888,646257,46212391
2024-08-14 09:26:57,0,24.5659,233115648,646341,46212447
2024-08-14 09:27:02,0,24.6203,233631744,646341,46212447
2024-08-14 09:27:07,9.1,24.6747,234147840,646431,46212523
2024-08-14 09:27:13,3.1,24.6747,234147840,646431,46212523
2024-08-14 09:27:18,3.2,24.6747,234147840,646431,46212523
2024-08-14 09:27:23,3.2,24.6747,234147840,646521,46212599
2024-08-14 09:27:28,0,24.7006,234393600,646521,46212599
2024-08-14 09:27:33,0,24.7006,234393600,646521,46212599
2024-08-14 09:27:39,0,24.7006,234393600,646611,46212675
2024-08-14 09:27:44,6.1,24.7006,234393600,646653,46212703
2024-08-14 09:27:49,6.2,24.7006,234393600,648755,46214763
2024-08-14 09:27:54,3.2,24.7001,234389504,649067,46215019
2024-08-14 09:27:59,3.2,24.7001,234389504,649247,46215171
2024-08-14 09:28:04,3.2,24.7001,234389504,649247,46215171
2024-08-14 09:28:10,0,24.7001,234389504,649247,46215171
2024-08-14 09:28:15,0,24.7001,234389504,649337,46215247
2024-08-14 09:28:20,0,24.7001,234389504,649337,46215247
2024-08-14 09:28:25,0,24.7001,234389504,649337,46215247
2024-08-14 09:28:30,6,24.7001,234389504,649427,46215323
2024-08-14 09:28:36,3.2,24.7001,234389504,649607,46215351
2024-08-14 09:28:41,3.2,24.7001,234389504,649607,46215351
2024-08-14 09:28:46,3.1,24.7001,234389504,649697,46215427
2024-08-14 09:28:51,0,24.7001,234389504,649793,46215501
2024-08-14 09:28:56,0,24.7001,234389504,649793,46215501
2024-08-14 09:29:01,0,24.7001,234389504,649973,46215653
2024-08-14 09:29:07,6.2,24.7001,234389504,649973,46215653
2024-08-14 09:29:12,3.2,24.7001,234389504,649973,46215653
2024-08-14 09:29:17,3.2,24.7001,234389504,650063,46215729
2024-08-14 09:29:22,3.2,24.7001,234389504,650159,46215803
2024-08-14 09:29:27,3,24.7001,234389504,650159,46215803
2024-08-14 09:29:33,3.2,24.7001,234389504,650249,46215879
2024-08-14 09:29:38,0,24.7001,234389504,650249,46215879
2024-08-14 09:29:43,0,24.7001,234389504,650249,46215879
2024-08-14 09:29:48,0,24.7001,234389504,652417,46218043
2024-08-14 09:29:53,0,24.7001,234389504,652417,46218043
2024-08-14 09:29:58,6.2,24.6997,234385408,652417,46218043
2024-08-14 09:30:04,3.2,24.6997,234385408,652777,46218347
2024-08-14 09:30:09,9.1,24.6997,234385408,652867,46218423
2024-08-14 09:30:14,0,24.6997,234385408,652867,46218423
2024-08-14 09:30:19,0,24.6997,234385408,652867,46218423
2024-08-14 09:30:24,0,24.6997,234385408,652957,46218499
2024-08-14 09:30:29,0,24.6997,234385408,653095,46218499
2024-08-14 09:30:35,6.2,24.7541,234901504,653095,46218499
2024-08-14 09:30:40,3.1,24.7536,234897408,653185,46218575
2024-08-14 09:30:45,3.2,24.7536,234897408,653269,46218631
2024-08-14 09:30:50,3.2,24.808,235413504,653269,46218631
2024-08-14 09:30:55,0,24.8348,235667456,653359,46218707
2024-08-14 09:31:01,0,24.8348,235667456,653359,46218707
2024-08-14 09:31:06,0,24.8348,235667456,653359,46218707
2024-08-14 09:31:11,0,24.8348,235667456,653593,46218905
2024-08-14 09:31:16,6.2,24.8348,235667456,653593,46218905
2024-08-14 09:31:21,3.2,24.8348,235667456,653593,46218905
2024-08-14 09:31:26,3.2,24.8348,235667456,653683,46218981
2024-08-14 09:31:32,0,25.1611,238764032,676128,46222733
2024-08-14 09:31:37,0,25.1611,238764032,676128,46222733
2024-08-14 09:31:42,0,25.6234,243150848,700328,46227757
2024-08-14 09:31:47,0,25.7589,244436992,704308,46233997
2024-08-14 09:31:52,6,25.7589,244436992,707584,46237977
2024-08-14 09:31:58,3.2,26.194,248565760,729762,46241413
2024-08-14 09:32:03,3.1,26.194,248565760,732030,46246033
2024-08-14 09:32:08,3.2,26.194,248565760,737946,46255693
2024-08-14 09:32:13,0,26.194,248565760,770717,46267215
2024-08-14 09:32:18,3.3,26.1815,248446976,791299,46281281
2024-08-14 09:32:23,3.3,26.1759,248393728,814702,46293745
2024-08-14 09:32:29,0,26.1755,248389632,830578,46303082
2024-08-14 09:32:34,6.2,16.7252,158711808,835443,46309493
2024-08-14 09:32:39,3.1,16.9418,160768000,835485,46309521
2024-08-14 09:32:44,3.1,17.0234,161542144,835485,46309521
2024-08-14 09:32:49,0,17.1581,162820096,835575,46309597
2024-08-14 09:32:54,0,17.2129,163340288,835575,46309597
2024-08-14 09:33:00,0,17.2401,163598336,835575,46309597
2024-08-14 09:33:05,0,17.2401,163598336,835665,46309673
2024-08-14 09:33:10,6.1,17.2673,163856384,835665,46309673
2024-08-14 09:33:15,3.2,17.2677,163860480,835665,46309673
2024-08-14 09:33:20,0,17.4037,165150720,835845,46309853
2024-08-14 09:33:26,0,17.4305,165404672,835941,46309899
2024-08-14 09:33:31,6.1,17.4305,165404672,835983,46309927
2024-08-14 09:33:36,3.2,17.4305,165404672,836073,46310003
2024-08-14 09:33:41,3.2,17.566,166690816,840715,46318032
2024-08-14 09:33:46,3.2,17.7762,168685568,842751,46320092
2024-08-14 09:33:52,0,17.7762,168685568,842973,46320324
2024-08-14 09:33:57,0,17.7762,168685568,842973,46320324
2024-08-14 09:34:02,0,17.7762,168685568,842973,46320324
2024-08-14 09:34:07,0,17.7762,168685568,843063,46320400
2024-08-14 09:34:12,0,17.7762,168685568,843063,46320400
2024-08-14 09:34:18,0,17.7762,168685568,843201,46320400
2024-08-14 09:34:23,0,17.7762,168685568,843561,46320704
2024-08-14 09:34:28,6.2,17.7762,168685568,843735,46320836
2024-08-14 09:34:33,3.2,17.7762,168685568,843735,46320836
