2024-08-14 09:09:41,9.4,17.6845,167821312,151079,26125542
2024-08-14 09:09:47,0,18.9026,179380224,321112,42987778
2024-08-14 09:09:52,0,18.9026,179380224,321202,42987854
2024-08-14 09:09:57,0,18.9289,179630080,321202,42987854
2024-08-14 09:10:02,3.2,18.9293,179634176,321202,42987854
2024-08-14 09:10:07,0,18.9289,179630080,321292,42987930
2024-08-14 09:10:13,3,18.9289,179630080,321652,42988234
2024-08-14 09:10:18,0,18.9289,179630080,321652,42988234
2024-08-14 09:10:23,0,18.9284,179625984,321694,42988262
2024-08-14 09:10:28,6,18.928,179621888,321784,42988338
2024-08-14 09:10:33,3.2,18.9263,179605504,321826,42988366
2024-08-14 09:10:38,3.2,18.9259,179601408,321964,42988366
2024-08-14 09:10:44,0,18.9259,179601408,322054,42988442
2024-08-14 09:10:49,0,18.9272,179613696,324090,42990502
2024-08-14 09:10:54,0,18.9272,179613696,324090,42990502
2024-08-14 09:10:59,0,18.9284,179625984,324180,42990578
2024-08-14 09:11:04,6,18.928,179621888,324180,42990578
2024-08-14 09:11:10,3.2,18.928,179621888,324250,42990578
2024-08-14 09:11:15,3.1,18.928,179621888,324742,42990986
2024-08-14 09:11:20,0,18.9263,179605504,324742,42990986
2024-08-14 09:11:25,0,18.928,179621888,324742,42990986
2024-08-14 09:11:30,0,18.9276,179617792,324832,42991062
2024-08-14 09:11:35,0,18.9276,179617792,324874,42991090
2024-08-14 09:11:41,6.1,18.9276,179617792,324874,42991090
2024-08-14 09:11:46,3.2,18.982,180133888,324964,42991166
2024-08-14 09:11:51,3.1,19.0342,180629504,324964,42991166
2024-08-14 09:11:56,0,19.0614,180887552,324964,42991166
2024-08-14 09:12:01,0,19.25,182677504,325054,42991242
2024-08-14 09:12:06,0,19.4399,184479744,325054,42991242
2024-08-14 09:12:12,3.2,19.4675,184741888,325096,42991270
2024-08-14 09:12:17,3.2,19.4952,185004032,325186,42991346
2024-08-14 09:12:22,0,19.4947,184999936,325588,42991678
2024-08-14 09:12:27,0,19.4943,184995840,325588,42991678
2024-08-14 09:12:32,0,19.4952,185004032,325588,42991678
2024-08-14 09:12:38,3.2,19.4947,184999936,325816,42991754
2024-08-14 09:12:43,3.2,19.4947,184999936,325816,42991754
2024-08-14 09:12:48,0,19.4947,184999936,327852,42993814
2024-08-14 09:12:53,0,19.4947,184999936,327942,42993890
2024-08-14 09:12:58,0,19.4947,184999936,327942,42993890
2024-08-14 09:13:03,6.2,19.6303,186286080,327996,42993982
2024-08-14 09:13:09,3.2,19.6303,186286080,328128,42994086
2024-08-14 09:13:14,3.1,19.6303,186286080,328128,42994086
2024-08-14 09:13:19,0,19.6303,186286080,328128,42994086
2024-08-14 09:13:24,0,19.6298,186281984,328578,42994466
2024-08-14 09:13:29,0,19.6303,186286080,328578,42994466
2024-08-14 09:13:34,6.1,19.6303,186286080,328578,42994466
2024-08-14 09:13:40,3.2,19.6303,186286080,328668,42994542
2024-08-14 09:13:45,3.1,19.6298,186281984,328710,42994570
2024-08-14 09:13:50,0,19.6303,186286080,328710,42994570
2024-08-14 09:13:55,0,19.6303,186286080,328800,42994646
2024-08-14 09:14:00,0,19.6303,186286080,328800,42994646
2024-08-14 09:14:06,6.1,19.6307,186290176,328842,42994674
2024-08-14 09:14:11,3.1,19.6307,186290176,328932,42994750
2024-08-14 09:14:16,3.2,19.6307,186290176,328932,42994750
2024-08-14 09:14:21,0,19.6307,186290176,328932,42994750
2024-08-14 09:14:26,0,19.6307,186290176,329166,42994948
2024-08-14 09:14:31,0,19.6303,186286080,329616,42995204
2024-08-14 09:14:37,0,19.6303,186286080,329616,42995204
2024-08-14 09:14:42,0,19.6303,186286080,329616,42995204
2024-08-14 09:14:47,19.4,19.6272,186257408,331808,42997340
2024-08-14 09:14:52,3,19.6182,186171392,331808,42997340
2024-08-14 09:14:57,3.2,19.6182,186171392,331808,42997340
2024-08-14 09:15:03,3.1,19.6182,186171392,331940,42997444
2024-08-14 09:15:08,0,19.6182,186171392,331940,42997444
2024-08-14 09:15:13,0,19.6713,186675200,331940,42997444
2024-08-14 09:15:18,0,19.7796,187703296,332030,42997520
2024-08-14 09:15:23,3.1,19.9156,188993536,332100,42997520
2024-08-14 09:15:28,3.2,19.9972,189767680,332100,42997520
2024-08-14 09:15:34,3.2,20.0766,190521344,332604,42997946
2024-08-14 09:15:39,0,20.131,191037440,332646,42997974
2024-08-14 09:15:44,0,20.2397,192069632,332646,42997974
2024-08-14 09:15:49,6.2,20.2928,192573440,332736,42998050
2024-08-14 09:15:54,3.2,20.32,192831488,332736,42998050
2024-08-14 09:15:59,0,20.3196,192827392,332778,42998078
2024-08-14 09:16:05,0,20.3196,192827392,332868,42998154
2024-08-14 09:16:10,0,20.3196,192827392,332868,42998154
2024-08-14 09:16:15,0,20.3187,192819200,332868,42998154
2024-08-14 09:16:20,0,20.3187,192819200,332958,42998230
2024-08-14 09:16:25,3.2,20.3187,192819200,333138,42998258
2024-08-14 09:16:31,0,20.3187,192819200,333138,42998258
2024-08-14 09:16:36,0,20.3187,192819200,333318,42998410
2024-08-14 09:16:41,6.1,20.3187,192819200,333588,42998638
2024-08-14 09:16:46,0,20.3187,192819200,333588,42998638
2024-08-14 09:16:51,3.2,20.3183,192815104,335690,43000698
2024-08-14 09:16:56,0,20.3187,192819200,335822,43000802
2024-08-14 09:17:02,3.2,20.3187,192819200,335822,43000802
2024-08-14 09:17:07,0,20.3187,192819200,335822,43000802
2024-08-14 09:17:12,0,20.3187,192819200,335912,43000878
2024-08-14 09:17:17,0,20.3187,192819200,335912,43000878
2024-08-14 09:17:22,6.1,20.4275,193851392,335912,43000878
2024-08-14 09:17:28,3.2,20.4547,194109440,336002,43000954
2024-08-14 09:17:33,0,20.4547,194109440,336002,43000954
2024-08-14 09:17:38,0,20.4547,194109440,336002,43000954
2024-08-14 09:17:43,6.2,20.4547,194109440,336452,43001334
2024-08-14 09:17:48,3.1,20.4547,194109440,336494,43001362
2024-08-14 09:17:53,3.2,20.4547,194109440,336536,43001390
2024-08-14 09:17:59,0,20.4547,194109440,336626,43001466
2024-08-14 09:18:04,0,20.4547,194109440,336680,43001512
2024-08-14 09:18:09,6.2,20.4547,194109440,336680,43001512
2024-08-14 09:18:14,3.2,20.4547,194109440,336770,43001588
2024-08-14 09:18:19,0,20.4547,194109440,336908,43001588
2024-08-14 09:18:24,0,20.4547,194109440,336908,43001588
2024-08-14 09:18:30,6.2,20.4547,194109440,336908,43001588
2024-08-14 09:18:35,3.2,20.4547,194109440,336998,43001664
2024-08-14 09:18:40,0,20.4547,194109440,337040,43001692
2024-08-14 09:18:45,0,20.4547,194109440,337172,43001796
2024-08-14 09:18:50,0,20.4525,194088960,339568,43004160
2024-08-14 09:18:56,3.1,20.4525,194088960,339568,43004160
2024-08-14 09:19:01,3.2,20.4525,194088960,339568,43004160
2024-08-14 09:19:06,0,20.4525,194088960,339832,43004282
2024-08-14 09:19:11,0,20.4525,194088960,339890,43004282
2024-08-14 09:19:16,0,20.4525,194088960,339890,43004282
2024-08-14 09:19:21,3.2,20.4525,194088960,340038,43004358
2024-08-14 09:19:27,100,24.7295,234676224,589314,43165400
2024-08-14 09:19:32,0,24.7649,235012096,618471,43210272
2024-08-14 09:19:37,0,24.7649,235012096,618619,43210348
2024-08-14 09:19:42,0,24.7649,235012096,618661,43210376
2024-08-14 09:19:47,0,24.7649,235012096,618661,43210376
2024-08-14 09:19:53,0,24.7644,235008000,619021,43210680
2024-08-14 09:19:58,6.1,24.7903,235253760,619111,43210756
2024-08-14 09:20:03,3.2,24.8991,236285952,619111,43210756
2024-08-14 09:20:08,0,25.0329,237555712,621639,43212892
2024-08-14 09:20:13,0,25.0329,237555712,621639,43212892
2024-08-14 09:20:18,0,25.0329,237555712,621639,43212892
2024-08-14 09:20:24,6.2,25.0329,237555712,621729,43212968
2024-08-14 09:20:29,3.2,25.1412,238583808,621729,43212968
2024-08-14 09:20:34,0,25.1956,239099904,621783,43213060
2024-08-14 09:20:39,0,25.25,239616000,621825,43213088
2024-08-14 09:20:44,0,25.25,239616000,621915,43213164
2024-08-14 09:20:49,9.1,25.25,239616000,621915,43213164
2024-08-14 09:20:55,3.1,25.25,239616000,621969,43213210
2024-08-14 09:21:00,0,25.25,239616000,622461,43213618
2024-08-14 09:21:05,0,25.25,239616000,622461,43213618
2024-08-14 09:21:10,6.2,25.25,239616000,622461,43213618
2024-08-14 09:21:15,3.2,25.25,239616000,622551,43213694
2024-08-14 09:21:21,3.2,25.25,239616000,622605,43213740
2024-08-14 09:21:26,0,25.25,239616000,622605,43213740
2024-08-14 09:21:31,0,25.25,239616000,622695,43213816
2024-08-14 09:21:36,6.1,25.25,239616000,622737,43213844
2024-08-14 09:21:41,3.2,25.25,239616000,622737,43213844
2024-08-14 09:21:46,3.1,25.25,239616000,622827,43213920
2024-08-14 09:21:52,3.2,25.2453,239570944,625127,43215980
2024-08-14 09:21:57,0,25.2453,239570944,625127,43215980
2024-08-14 09:22:02,0,25.2453,239570944,625625,43216284
2024-08-14 09:22:07,0,25.2453,239570944,625715,43216360
2024-08-14 09:22:12,6.1,25.2448,239566848,625715,43216360
2024-08-14 09:22:18,3.1,25.2453,239570944,625805,43216436
2024-08-14 09:22:23,3.2,25.2453,239570944,625805,43216436
2024-08-14 09:22:28,0,25.2453,239570944,625805,43216436
2024-08-14 09:22:33,0,25.2453,239570944,625847,43216464
2024-08-14 09:22:38,0,25.2453,239570944,625979,43216568
2024-08-14 09:22:43,0,25.2453,239570944,625979,43216568
2024-08-14 09:22:49,3.2,25.2453,239570944,625979,43216568
2024-08-14 09:22:54,3.1,25.2448,239566848,626069,43216644
2024-08-14 09:22:59,0,25.2448,239566848,626123,43216690
2024-08-14 09:23:04,0,25.2448,239566848,626123,43216690
2024-08-14 09:23:09,0,25.2448,239566848,626573,43217070
2024-08-14 09:23:14,6.2,25.2448,239566848,626573,43217070
2024-08-14 09:23:20,3.2,25.2448,239566848,626573,43217070
2024-08-14 09:23:25,3.2,25.2448,239566848,626717,43217192
2024-08-14 09:23:30,0,25.2448,239566848,626801,43217248
2024-08-14 09:23:35,0,25.2448,239566848,626801,43217248
2024-08-14 09:23:40,0,25.2448,239566848,626891,43217324
2024-08-14 09:23:46,3.2,25.2448,239566848,626961,43217324
2024-08-14 09:23:51,3.2,25.2444,239562752,629201,43219384
2024-08-14 09:23:56,0,25.2444,239562752,629291,43219460
2024-08-14 09:24:01,0,25.2444,239562752,629291,43219460
2024-08-14 09:24:06,6.1,25.2444,239562752,629291,43219460
2024-08-14 09:24:11,3.2,25.244,239558656,629471,43219612
2024-08-14 09:24:17,3.2,25.244,239558656,629471,43219612
2024-08-14 09:24:22,0,25.2431,239550464,629471,43219612
2024-08-14 09:24:27,0,25.2431,239550464,629603,43219716
2024-08-14 09:24:32,6.2,25.2431,239550464,629645,43219744
2024-08-14 09:24:37,3.2,25.2431,239550464,629645,43219744
2024-08-14 09:24:43,0,25.2431,239550464,629645,43219744
2024-08-14 09:24:48,0,25.2431,239550464,629735,43219820
2024-08-14 09:24:53,0,25.2431,239550464,629735,43219820
2024-08-14 09:24:58,6.2,25.2431,239550464,629735,43219820
2024-08-14 09:25:03,3.2,25.2431,239550464,629825,43219896
2024-08-14 09:25:08,0,25.2431,239550464,629825,43219896
2024-08-14 09:25:14,0,25.5863,242806784,660499,43409906
2024-08-14 09:25:19,0,25.5858,242802688,660859,43410210
2024-08-14 09:25:24,6.2,25.5858,242802688,660901,43410238
2024-08-14 09:25:29,3.2,25.6674,243576832,660901,43410238
2024-08-14 09:25:34,0,25.7218,244092928,660991,43410314
2024-08-14 09:25:39,0,25.749,244350976,660991,43410314
2024-08-14 09:25:45,0,25.749,244350976,661129,43410314
2024-08-14 09:25:50,3.2,25.8306,245125120,663519,43412450
2024-08-14 09:25:55,3.1,25.8577,245383168,663561,43412478
2024-08-14 09:26:00,0,25.8577,245383168,663561,43412478
2024-08-14 09:26:05,0,25.8577,245383168,663651,43412554
2024-08-14 09:26:11,0,25.8849,245641216,663651,43412554
2024-08-14 09:26:16,6.2,25.8849,245641216,663693,43412582
2024-08-14 09:26:21,3.1,23.1493,219680768,663873,43412734
2024-08-14 09:26:26,3.2,23.3112,221216768,663873,43412734
2024-08-14 09:26:31,0,23.3384,221474816,663873,43412734
2024-08-14 09:26:36,0,23.473,222752768,663963,43412810
2024-08-14 09:26:42,3.1,23.5818,223784960,664005,43412838
2024-08-14 09:26:47,0,23.7445,225329152,664005,43412838
2024-08-14 09:26:52,3.1,23.8261,226103296,664005,43412838
2024-08-14 09:26:57,3.2,23.8261,226103296,664095,43412914
2024-08-14 09:27:02,3.1,23.8261,226103296,664095,43412914
2024-08-14 09:27:07,0,23.8261,226103296,664095,43412914
2024-08-14 09:27:13,0,23.8261,226103296,664227,43413018
2024-08-14 09:27:18,0,23.8261,226103296,664227,43413018
2024-08-14 09:27:23,0,23.8261,226103296,664317,43413094
2024-08-14 09:27:28,3.1,23.9344,227131392,664629,43413350
2024-08-14 09:27:33,3.2,24.0704,228421632,664629,43413350
2024-08-14 09:27:39,3.1,24.0704,228421632,664767,43413350
2024-08-14 09:27:44,0,24.0704,228421632,664857,43413426
2024-08-14 09:27:49,0,24.0946,228651008,666893,43415486
2024-08-14 09:27:54,0,24.0946,228651008,666893,43415486
2024-08-14 09:27:59,0,24.0946,228651008,667037,43415608
2024-08-14 09:28:04,6.1,24.2033,229683200,667037,43415608
2024-08-14 09:28:10,3.2,24.2033,229683200,667079,43415636
2024-08-14 09:28:15,3.1,24.2033,229683200,667169,43415712
2024-08-14 09:28:20,0,24.2033,229683200,667169,43415712
2024-08-14 09:28:25,0,24.2029,229679104,667169,43415712
2024-08-14 09:28:30,0,24.2288,229924864,667349,43415864
2024-08-14 09:28:36,6.2,24.2288,229924864,667391,43415892
2024-08-14 09:28:41,0,24.2288,229924864,667391,43415892
2024-08-14 09:28:46,0,24.2288,229924864,667481,43415968
2024-08-14 09:28:51,0,24.2288,229924864,667481,43415968
2024-08-14 09:28:56,0,24.2288,229924864,667481,43415968
2024-08-14 09:29:01,6.1,24.2288,229924864,667481,43415968
2024-08-14 09:29:07,6.2,24.2288,229924864,667613,43416072
2024-08-14 09:29:12,3.1,24.2288,229924864,667613,43416072
2024-08-14 09:29:17,0,24.2288,229924864,667613,43416072
2024-08-14 09:29:22,0,24.2288,229924864,667757,43416194
2024-08-14 09:29:27,0,24.2288,229924864,667937,43416222
2024-08-14 09:29:32,0,24.2288,229924864,668027,43416298
2024-08-14 09:29:38,3.2,24.2288,229924864,668297,43416526
2024-08-14 09:29:43,3.1,24.2288,229924864,668297,43416526
2024-08-14 09:29:48,3.1,24.2288,229924864,670333,43418586
2024-08-14 09:29:53,0,24.2288,229924864,670423,43418662
2024-08-14 09:29:58,0,24.2288,229924864,670423,43418662
2024-08-14 09:30:04,0,24.2288,229924864,670465,43418690
2024-08-14 09:30:09,3.1,24.2284,229920768,670555,43418766
2024-08-14 09:30:14,0,24.2284,229920768,670555,43418766
2024-08-14 09:30:19,0,24.2284,229920768,670555,43418766
2024-08-14 09:30:24,0,24.2284,229920768,670645,43418842
2024-08-14 09:30:29,0,24.2284,229920768,670687,43418870
2024-08-14 09:30:35,3.2,24.2284,229920768,670687,43418870
2024-08-14 09:30:40,3.2,24.2284,229920768,670867,43419022
2024-08-14 09:30:45,0,24.2284,229920768,670867,43419022
2024-08-14 09:30:50,0,24.2284,229920768,670867,43419022
2024-08-14 09:30:55,0,24.2284,229920768,670867,43419022
2024-08-14 09:31:01,93.1,24.2551,230174720,673670,43420536
2024-08-14 09:31:06,3.1,18.1589,172322816,780314,43478109
2024-08-14 09:31:11,3.1,18.1589,172322816,780314,43478109
2024-08-14 09:31:16,0,18.2132,172838912,780542,43478185
2024-08-14 09:31:21,0,18.4036,174645248,780542,43478185
2024-08-14 09:31:26,0,18.5935,176447488,780542,43478185
2024-08-14 09:31:32,3.2,18.6211,176709632,780632,43478261
2024-08-14 09:31:37,3.2,18.6211,176709632,780632,43478261
2024-08-14 09:31:42,0,18.6211,176709632,780776,43478383
2024-08-14 09:31:47,0,18.6211,176709632,781088,43478639
2024-08-14 09:31:52,0,18.6211,176709632,781088,43478639
2024-08-14 09:31:58,0,18.6211,176709632,781130,43478667
2024-08-14 09:32:03,6.2,18.6211,176709632,781220,43478743
2024-08-14 09:32:08,0,18.6211,176709632,781220,43478743
2024-08-14 09:32:13,0,18.6211,176709632,781220,43478743
2024-08-14 09:32:18,0,18.647,176955392,781310,43478819
2024-08-14 09:32:23,0,18.647,176955392,781352,43478847
2024-08-14 09:32:29,0,18.647,176955392,781352,43478847
2024-08-14 09:32:34,3.2,18.6466,176951296,781442,43478923
2024-08-14 09:32:39,3.2,18.6466,176951296,781442,43478923
2024-08-14 09:32:44,0,18.6466,176951296,781442,43478923
2024-08-14 09:32:49,0,18.7006,177463296,783724,43481135
2024-08-14 09:32:54,0,18.7006,177463296,783766,43481163
2024-08-14 09:33:00,6.2,18.7006,177463296,783766,43481163
2024-08-14 09:33:05,0,18.7006,177463296,783994,43481239
2024-08-14 09:33:10,0,18.7006,177463296,783994,43481239
