2024-08-14 09:14:30,21.9,17.5485,166531072,210960,33346597
2024-08-14 09:14:35,0,18.1299,172048384,303999,43568641
2024-08-14 09:14:40,3.2,18.2922,173588480,303999,43568641
2024-08-14 09:14:46,0,18.3194,173846528,303999,43568641
2024-08-14 09:14:51,5.8,18.3466,174104576,304503,43569081
2024-08-14 09:14:56,3.1,18.3725,174350336,304587,43569137
2024-08-14 09:15:01,3,18.4541,175124480,304587,43569137
2024-08-14 09:15:06,2.9,18.562,176148480,304677,43569213
2024-08-14 09:15:12,6.2,18.6436,176922624,304677,43569213
2024-08-14 09:15:17,0,18.6436,176922624,304677,43569213
2024-08-14 09:15:22,0,18.6436,176922624,304767,43569289
2024-08-14 09:15:27,3,18.6453,176939008,304809,43569317
2024-08-14 09:15:32,3.1,18.6453,176939008,304809,43569317
2024-08-14 09:15:38,3.1,18.6453,176939008,306935,43571453
2024-08-14 09:15:43,0,18.6449,176934912,306935,43571453
2024-08-14 09:15:48,3,18.6449,176934912,306935,43571453
2024-08-14 09:15:53,3,18.6444,176930816,307247,43571709
2024-08-14 09:15:58,3.2,18.6444,176930816,307427,43571861
2024-08-14 09:16:04,0,18.6716,177188864,307469,43571889
2024-08-14 09:16:09,5.8,18.6716,177188864,307469,43571889
2024-08-14 09:16:14,3.2,18.7532,177963008,307559,43571965
2024-08-14 09:16:19,3.2,18.7532,177963008,307559,43571965
2024-08-14 09:16:24,3.2,18.7532,177963008,307697,43571965
2024-08-14 09:16:30,2.9,18.8076,178479104,307787,43572041
2024-08-14 09:16:35,3.1,18.8076,178479104,307829,43572069
2024-08-14 09:16:40,0,18.8322,178712576,307883,43572115
2024-08-14 09:16:45,0,18.8322,178712576,307973,43572191
2024-08-14 09:16:50,3,18.8305,178696192,308015,43572219
2024-08-14 09:16:56,0,18.8305,178696192,308105,43572295
2024-08-14 09:17:01,0,18.8305,178696192,308507,43572627
2024-08-14 09:17:06,0,18.8305,178696192,308507,43572627
2024-08-14 09:17:11,3.1,18.8577,178954240,308507,43572627
2024-08-14 09:17:16,0,18.8594,178970624,308597,43572703
2024-08-14 09:17:22,0,18.8594,178970624,308597,43572703
2024-08-14 09:17:27,3.2,18.8594,178970624,308597,43572703
2024-08-14 09:17:32,3,18.8594,178970624,308687,43572779
2024-08-14 09:17:37,0,18.8594,178970624,310789,43574839
2024-08-14 09:17:42,3,18.8594,178970624,310789,43574839
2024-08-14 09:17:48,5.9,18.8594,178970624,310979,43574989
2024-08-14 09:17:53,0,18.8594,178970624,311095,43574989
2024-08-14 09:17:58,3,18.8594,178970624,311153,43574989
2024-08-14 09:18:03,8.4,18.9138,179486720,311703,43575397
2024-08-14 09:18:08,3,18.9138,179486720,311757,43575443
2024-08-14 09:18:14,3.1,19.0212,180506624,311895,43575443
2024-08-14 09:18:19,0,19.0484,180764672,311895,43575443
2024-08-14 09:18:24,3.1,19.0467,180748288,312043,43575519
2024-08-14 09:18:29,0,19.0467,180748288,312085,43575547
2024-08-14 09:18:34,3.1,19.0467,180748288,312085,43575547
2024-08-14 09:18:40,0,19.0467,180748288,312175,43575623
2024-08-14 09:18:45,0,19.0467,180748288,312217,43575651
2024-08-14 09:18:50,0,19.0467,180748288,312217,43575651
2024-08-14 09:18:55,2.9,19.0467,180748288,312307,43575727
2024-08-14 09:19:00,0,19.1011,181264384,312403,43575801
2024-08-14 09:19:06,0,19.1028,181280768,312583,43575953
2024-08-14 09:19:11,0,19.1024,181276672,312853,43576181
2024-08-14 09:19:16,0,19.1024,181276672,312853,43576181
2024-08-14 09:19:21,2.9,19.1024,181276672,312853,43576181
2024-08-14 09:19:27,0,19.1024,181276672,312943,43576257
2024-08-14 09:19:32,3.2,19.1024,181276672,312985,43576285
2024-08-14 09:19:37,3,19.0925,181182464,315261,43578373
2024-08-14 09:19:42,15.2,22.8761,217088000,322445,43586151
2024-08-14 09:19:47,0,24.3967,231518208,369703,43614906
2024-08-14 09:19:53,3.3,24.4222,231759872,387686,43627871
2024-08-14 09:19:58,9.3,24.4222,231759872,406145,43640815
2024-08-14 09:20:03,3.1,24.4217,231755776,417431,43646451
2024-08-14 09:20:08,11.8,24.4489,232013824,428172,43651249
2024-08-14 09:20:13,12.9,24.4468,231993344,437386,43658645
2024-08-14 09:20:18,6.2,24.4468,231993344,454750,43667066
2024-08-14 09:20:24,0,24.4476,232001536,496282,43698369
2024-08-14 09:20:29,17.6,24.4472,231997440,514594,43711840
2024-08-14 09:20:34,6.6,24.4459,231985152,533474,43721684
2024-08-14 09:20:39,3.1,24.4429,231956480,555300,43736924
2024-08-14 09:20:44,0,24.4433,231960576,574378,43752811
2024-08-14 09:20:50,6.5,24.4442,231968768,594035,43768386
2024-08-14 09:20:55,3.1,24.4459,231985152,614409,43783394
2024-08-14 09:21:00,0,24.4545,232067072,641106,43828548
2024-08-14 09:21:05,6.1,24.4545,232067072,641196,43828624
2024-08-14 09:21:10,3,24.4804,232312832,641196,43828624
2024-08-14 09:21:16,0,24.4804,232312832,641376,43828776
2024-08-14 09:21:21,0,24.4809,232316928,641646,43829004
2024-08-14 09:21:26,3.1,24.4809,232316928,641688,43829032
2024-08-14 09:21:31,6.1,24.4809,232316928,641730,43829060
2024-08-14 09:21:36,5.8,24.4809,232316928,641820,43829136
2024-08-14 09:21:42,3,24.4809,232316928,641890,43829136
2024-08-14 09:21:47,0,24.4809,232316928,641890,43829136
2024-08-14 09:21:52,0,24.4809,232316928,641980,43829212
2024-08-14 09:21:57,0,24.4826,232333312,642022,43829240
2024-08-14 09:22:02,2.9,24.4826,232333312,642160,43829240
2024-08-14 09:22:08,6,24.4826,232333312,642250,43829316
2024-08-14 09:22:13,3.1,24.4826,232333312,642304,43829362
2024-08-14 09:22:18,3.2,24.4826,232333312,642304,43829362
2024-08-14 09:22:23,6,24.5085,232579072,642754,43829742
2024-08-14 09:22:28,2.9,24.5085,232579072,642838,43829798
2024-08-14 09:22:34,6,24.5085,232579072,642838,43829798
2024-08-14 09:22:39,3.1,24.587,233324544,645228,43831934
2024-08-14 09:22:44,0,24.587,233324544,645228,43831934
2024-08-14 09:22:49,3.2,24.587,233324544,645228,43831934
2024-08-14 09:22:54,0,24.587,233324544,645318,43832010
2024-08-14 09:23:00,0,24.587,233324544,645360,43832038
2024-08-14 09:23:05,6.1,24.6129,233570304,645360,43832038
2024-08-14 09:23:10,2.9,24.6129,233570304,645360,43832038
2024-08-14 09:23:15,3.2,24.6121,233562112,645566,43832160
2024-08-14 09:23:20,8.6,24.6121,233562112,645682,43832160
2024-08-14 09:23:26,6.2,24.6121,233562112,646126,43832520
2024-08-14 09:23:31,8.8,24.6121,233562112,646274,43832596
2024-08-14 09:23:36,5.6,24.6104,233545728,646274,43832596
2024-08-14 09:23:41,3,24.6104,233545728,646274,43832596
2024-08-14 09:23:46,3.1,24.6104,233545728,646422,43832672
2024-08-14 09:23:52,0,24.6121,233562112,646464,43832700
2024-08-14 09:23:57,3.1,24.6121,233562112,646464,43832700
2024-08-14 09:24:02,3.2,24.6121,233562112,646692,43832776
2024-08-14 09:24:07,0,24.6121,233562112,646692,43832776
2024-08-14 09:24:12,3.1,24.6121,233562112,646692,43832776
2024-08-14 09:24:18,8.6,24.6121,233562112,646782,43832852
2024-08-14 09:24:23,8.6,24.6121,233562112,646866,43832908
2024-08-14 09:24:28,8.6,24.6121,233562112,646866,43832908
2024-08-14 09:24:33,3,24.6116,233558016,646956,43832984
2024-08-14 09:24:38,8.6,24.6121,233562112,649190,43835044
2024-08-14 09:24:44,0,24.6121,233562112,649190,43835044
2024-08-14 09:24:49,0,24.6121,233562112,649280,43835120
2024-08-14 09:24:54,5.7,24.6393,233820160,649280,43835120
2024-08-14 09:24:59,3.1,24.6393,233820160,649280,43835120
2024-08-14 09:25:04,3.1,24.6393,233820160,649370,43835196
2024-08-14 09:25:10,6.2,24.6393,233820160,649370,43835196
2024-08-14 09:25:15,6.1,24.6393,233820160,649412,43835224
2024-08-14 09:25:20,3.1,24.6393,233820160,649502,43835300
2024-08-14 09:25:25,0,24.6665,234078208,649556,43835346
2024-08-14 09:25:30,0,24.6665,234078208,649598,43835374
2024-08-14 09:25:36,3.2,24.9824,237076480,680902,44025919
2024-08-14 09:25:41,0,24.9824,237076480,680902,44025919
2024-08-14 09:25:46,3.1,25.0368,237592576,680902,44025919
2024-08-14 09:25:51,2.9,25.0359,237584384,680902,44025919
2024-08-14 09:25:56,0,25.0359,237584384,681130,44025995
2024-08-14 09:26:02,2.8,25.0359,237584384,681130,44025995
2024-08-14 09:26:07,0,25.0359,237584384,681130,44025995
2024-08-14 09:26:12,6,25.0359,237584384,681262,44026099
2024-08-14 09:26:17,0,25.0359,237584384,681262,44026099
2024-08-14 09:26:22,0,25.0359,237584384,681262,44026099
2024-08-14 09:26:28,0,25.0359,237584384,681352,44026175
2024-08-14 09:26:33,5.6,25.0359,237584384,681394,44026203
2024-08-14 09:26:38,0,25.0359,237584384,683562,44028263
2024-08-14 09:26:43,5.6,25.0359,237584384,683652,44028339
2024-08-14 09:26:48,3,25.0359,237584384,683652,44028339
2024-08-14 09:26:54,0,25.0342,237568000,683652,44028339
2024-08-14 09:26:59,8.1,25.0338,237563904,683742,44028415
2024-08-14 09:27:04,3.1,25.0338,237563904,683796,44028461
2024-08-14 09:27:09,6.2,25.0338,237563904,683892,44028535
2024-08-14 09:27:14,3.2,25.0338,237563904,683982,44028611
2024-08-14 09:27:20,3,25.0597,237809664,683982,44028611
2024-08-14 09:27:25,0,25.0597,237809664,683982,44028611
2024-08-14 09:27:30,5.8,25.0597,237809664,684072,44028687
2024-08-14 09:27:35,0,25.1141,238325760,684114,44028715
2024-08-14 09:27:40,3.1,25.1684,238841856,684114,44028715
2024-08-14 09:27:46,0,25.168,238837760,684564,44029095
2024-08-14 09:27:51,0,25.2224,239353856,684702,44029095
2024-08-14 09:27:56,0,25.3843,240889856,684702,44029095
2024-08-14 09:28:01,2.9,25.386,240906240,684792,44029171
2024-08-14 09:28:06,0,25.386,240906240,684834,44029199
2024-08-14 09:28:12,0,25.386,240906240,684834,44029199
2024-08-14 09:28:17,0,25.386,240906240,684834,44029199
2024-08-14 09:28:22,0,25.386,240906240,684924,44029275
2024-08-14 09:28:27,3.2,25.386,240906240,684924,44029275
2024-08-14 09:28:32,3.1,25.386,240906240,684924,44029275
2024-08-14 09:28:38,3.2,25.4676,241680384,687314,44031411
2024-08-14 09:28:43,3,25.4676,241680384,687314,44031411
2024-08-14 09:28:48,3.1,25.4676,241680384,687314,44031411
2024-08-14 09:28:53,0,25.4935,241926144,687404,44031487
2024-08-14 09:28:58,8.3,25.4935,241926144,687404,44031487
2024-08-14 09:29:04,0,25.4935,241926144,687446,44031515
2024-08-14 09:29:09,3.1,25.4935,241926144,687536,44031591
2024-08-14 09:29:14,0,25.5206,242184192,687536,44031591
2024-08-14 09:29:19,0,25.5206,242184192,687536,44031591
2024-08-14 09:29:24,0,25.5478,242442240,687626,44031667
2024-08-14 09:29:30,0,25.575,242700288,687626,44031667
2024-08-14 09:29:35,0,25.575,242700288,687626,44031667
2024-08-14 09:29:40,0,25.575,242700288,687716,44031743
2024-08-14 09:29:45,3,25.575,242700288,687896,44031771
2024-08-14 09:29:51,0,25.575,242700288,687896,44031771
2024-08-14 09:29:56,3.2,25.575,242700288,688400,44032197
2024-08-14 09:30:01,0,25.575,242700288,688442,44032225
2024-08-14 09:30:06,0,25.575,242700288,688442,44032225
2024-08-14 09:30:11,6.1,25.5746,242696192,688532,44032301
2024-08-14 09:30:17,3.1,25.5746,242696192,688532,44032301
2024-08-14 09:30:22,0,25.6005,242941952,688532,44032301
2024-08-14 09:30:27,3.1,25.6005,242941952,688622,44032377
2024-08-14 09:30:32,0,25.6005,242941952,688664,44032405
2024-08-14 09:30:37,6.1,25.6527,243437568,690832,44034465
2024-08-14 09:30:43,0,22.9404,217698304,691096,44034587
2024-08-14 09:30:48,0,23.1294,219492352,691154,44034587
2024-08-14 09:30:53,3.1,23.3198,221298688,691196,44034615
2024-08-14 09:30:58,3.1,23.4014,222072832,691254,44034615
2024-08-14 09:31:03,5.8,23.4014,222072832,691344,44034691
2024-08-14 09:31:09,3.1,23.4014,222072832,691344,44034691
2024-08-14 09:31:14,2.9,23.4014,222072832,691402,44034691
2024-08-14 09:31:19,44.8,24.7062,234455040,713977,44038550
2024-08-14 09:31:24,0,24.8149,235487232,713977,44038550
2024-08-14 09:31:29,0,24.9237,236519424,724352,44045666
2024-08-14 09:31:35,0,24.9237,236519424,726831,44046666
2024-08-14 09:31:40,9.3,24.9237,236519424,733685,44048282
2024-08-14 09:31:45,0,24.9237,236519424,736913,44050164
2024-08-14 09:31:50,6.1,24.9237,236519424,738593,44054847
2024-08-14 09:31:55,3.1,24.9237,236519424,745920,44056776
2024-08-14 09:32:01,0,24.9228,236511232,747685,44057565
2024-08-14 09:32:06,3.2,24.9228,236511232,753120,44068354
2024-08-14 09:32:11,9.3,24.9125,236412928,772579,44079978
2024-08-14 09:32:16,3,24.9073,236363776,787667,44088374
2024-08-14 09:32:21,9.4,24.9056,236347392,804744,44097962
2024-08-14 09:32:27,3.1,24.9056,236347392,815316,44104693
2024-08-14 09:32:32,6.1,18.9367,179703808,822612,44113821
2024-08-14 09:32:37,5.8,18.9367,179703808,822702,44113897
2024-08-14 09:32:42,3.1,18.9367,179703808,822702,44113897
2024-08-14 09:32:47,3.2,18.9367,179703808,822744,44113925
2024-08-14 09:32:53,0,18.9367,179703808,822834,44114001
2024-08-14 09:32:58,3,18.9367,179703808,822834,44114001
2024-08-14 09:33:03,3,18.9367,179703808,822834,44114001
2024-08-14 09:33:08,0,18.9367,179703808,822834,44114001
2024-08-14 09:33:13,0,18.9354,179691520,827548,44122158
2024-08-14 09:33:19,0,18.9354,179691520,827722,44122342
2024-08-14 09:33:24,0,18.9354,179691520,827860,44122342
2024-08-14 09:33:29,5.9,18.9354,179691520,828004,44122464
2024-08-14 09:33:34,0,18.9354,179691520,828004,44122464
2024-08-14 09:33:39,8.4,18.9354,179691520,830172,44124524
2024-08-14 09:33:45,3.2,18.9354,179691520,830304,44124628
2024-08-14 09:33:50,0,18.9354,179691520,830304,44124628
2024-08-14 09:33:55,0,18.9354,179691520,830304,44124628
2024-08-14 09:34:00,3.1,18.9354,179691520,830394,44124704
