2024-08-14 09:19:06,15.6,17.7386,168329216,213090,33852361
2024-08-14 09:19:11,6.2,18.0299,171094016,291633,45790313
2024-08-14 09:19:16,3.2,18.0299,171094016,291633,45790313
2024-08-14 09:19:21,3.2,18.0291,171085824,292083,45790693
2024-08-14 09:19:27,3.1,18.0282,171077632,292083,45790693
2024-08-14 09:19:32,0,18.0524,171307008,292083,45790693
2024-08-14 09:19:37,0,18.187,172584960,292215,45790797
2024-08-14 09:19:42,0,18.323,173875200,292215,45790797
2024-08-14 09:19:47,6.1,18.3502,174133248,292215,45790797
2024-08-14 09:19:52,3.2,18.3502,174133248,292305,45790873
2024-08-14 09:19:58,3.2,22.5984,214446080,296228,45793506
2024-08-14 09:20:03,0,22.6519,214953984,303799,45805458
2024-08-14 09:20:08,10,24.1747,229404672,326604,45815736
2024-08-14 09:20:13,0,24.419,231723008,338710,45823118
2024-08-14 09:20:18,9.3,24.419,231723008,362420,45838758
2024-08-14 09:20:24,18.2,24.4199,231731200,381801,45852716
2024-08-14 09:20:29,6.7,24.4691,232198144,417493,45872155
2024-08-14 09:20:34,9.4,24.4674,232181760,447962,45889686
2024-08-14 09:20:39,0,24.4674,232181760,468861,45901370
2024-08-14 09:20:44,9.7,24.4933,232427520,492155,45913735
2024-08-14 09:20:49,12.9,24.5442,232910848,513764,45928538
2024-08-14 09:20:55,9.4,24.5753,233205760,547064,45955355
2024-08-14 09:21:00,3.2,24.6426,233844736,586121,46021154
2024-08-14 09:21:05,3.1,24.6426,233844736,586175,46021246
2024-08-14 09:21:10,0,24.6426,233844736,586175,46021246
2024-08-14 09:21:15,0,24.6426,233844736,586265,46021322
2024-08-14 09:21:20,0,24.6443,233861120,586265,46021322
2024-08-14 09:21:26,6,24.6435,233852928,586265,46021322
2024-08-14 09:21:31,3.2,24.7238,234614784,586757,46021730
2024-08-14 09:21:36,3.1,24.7238,234614784,586757,46021730
2024-08-14 09:21:41,0,24.7199,234577920,589057,46023789
2024-08-14 09:21:46,0,24.7173,234553344,589147,46023865
2024-08-14 09:21:52,0,24.719,234569728,589147,46023865
2024-08-14 09:21:57,3.2,24.719,234569728,589147,46023865
2024-08-14 09:22:02,3.2,24.719,234569728,589237,46023941
2024-08-14 09:22:07,0,24.719,234569728,589237,46023941
2024-08-14 09:22:12,0,24.719,234569728,589237,46023941
2024-08-14 09:22:17,0,24.719,234569728,589237,46023941
2024-08-14 09:22:23,6.2,24.7453,234819584,589327,46024017
2024-08-14 09:22:28,6.2,24.7453,234819584,589411,46024073
2024-08-14 09:22:33,0,24.7453,234819584,589591,46024225
2024-08-14 09:22:38,3,24.7453,234819584,589861,46024453
2024-08-14 09:22:43,0,24.7436,234803200,589999,46024453
2024-08-14 09:22:49,0,24.7436,234803200,589999,46024453
2024-08-14 09:22:54,0,24.7436,234803200,590089,46024529
2024-08-14 09:22:59,0,24.7436,234803200,590089,46024529
2024-08-14 09:23:04,3.2,24.7436,234803200,590089,46024529
2024-08-14 09:23:09,3.1,24.7436,234803200,590179,46024605
2024-08-14 09:23:14,0,24.7436,234803200,590221,46024633
2024-08-14 09:23:20,0,24.7436,234803200,590221,46024633
2024-08-14 09:23:25,0,24.7414,234782720,590353,46024737
2024-08-14 09:23:30,6.1,24.7414,234782720,590353,46024737
2024-08-14 09:23:35,0,24.7432,234799104,590407,46024783
2024-08-14 09:23:40,22.2,24.741,234778624,593025,46027222
2024-08-14 09:23:45,0,24.741,234778624,593025,46027222
2024-08-14 09:23:51,0,24.741,234778624,593025,46027222
2024-08-14 09:23:56,6.2,24.7427,234795008,593115,46027298
2024-08-14 09:24:01,3.1,24.7427,234795008,593115,46027298
2024-08-14 09:24:06,3.2,24.7427,234795008,593115,46027298
2024-08-14 09:24:11,0,24.7427,234795008,593115,46027298
2024-08-14 09:24:17,0,24.7311,234684416,593205,46027374
2024-08-14 09:24:22,0,24.757,234930176,593247,46027402
2024-08-14 09:24:27,6.2,22.0295,209047552,593247,46027402
2024-08-14 09:24:32,6.2,22.2729,211357696,593337,46027478
2024-08-14 09:24:37,3.2,22.3001,211615744,593517,46027506
2024-08-14 09:24:42,3.2,22.4089,212647936,593517,46027506
2024-08-14 09:24:48,0,22.4348,212893696,593787,46027734
2024-08-14 09:24:53,0,22.4348,212893696,593787,46027734
2024-08-14 09:24:58,0,22.462,213151744,593787,46027734
2024-08-14 09:25:03,6.2,22.5707,214183936,593877,46027810
2024-08-14 09:25:08,3.2,22.6782,215203840,593877,46027810
2024-08-14 09:25:14,3.2,22.7054,215461888,593877,46027810
2024-08-14 09:25:19,0,22.7054,215461888,594009,46027914
2024-08-14 09:25:24,0,22.705,215457792,594051,46027942
2024-08-14 09:25:29,0,22.705,215457792,594051,46027942
2024-08-14 09:25:34,0,22.705,215457792,594211,46028018
2024-08-14 09:25:39,6.2,22.705,215457792,594211,46028018
2024-08-14 09:25:45,6.2,22.7551,215932928,596379,46030077
2024-08-14 09:25:50,3.1,24.1587,229253120,627835,46220541
2024-08-14 09:25:55,3.1,24.1587,229253120,627835,46220541
2024-08-14 09:26:00,3,24.1587,229253120,627835,46220541
2024-08-14 09:26:05,0,24.1587,229253120,627835,46220541
2024-08-14 09:26:10,0,24.1592,229257216,627925,46220617
2024-08-14 09:26:16,0,24.1592,229257216,627967,46220645
2024-08-14 09:26:21,0,24.1592,229257216,627967,46220645
2024-08-14 09:26:26,6.2,24.1864,229515264,628057,46220721
2024-08-14 09:26:31,3.1,24.1864,229515264,628237,46220749
2024-08-14 09:26:36,0,24.1864,229515264,628237,46220749
2024-08-14 09:26:42,3.2,24.1864,229515264,628327,46220825
2024-08-14 09:26:47,0,24.1864,229515264,628327,46220825
2024-08-14 09:26:52,0,24.1864,229515264,628327,46220825
2024-08-14 09:26:57,0,24.1864,229515264,628597,46221053
2024-08-14 09:27:02,0,24.1864,229515264,628597,46221053
2024-08-14 09:27:07,0,24.1864,229515264,628639,46221081
2024-08-14 09:27:13,0,24.1864,229515264,628729,46221157
2024-08-14 09:27:18,6.2,24.1864,229515264,628771,46221185
2024-08-14 09:27:23,6.2,24.1864,229515264,628771,46221185
2024-08-14 09:27:28,3.2,24.1859,229511168,628861,46221261
2024-08-14 09:27:33,3.2,24.1859,229511168,628861,46221261
2024-08-14 09:27:39,0,24.1859,229511168,628861,46221261
2024-08-14 09:27:44,0,24.2658,230268928,630987,46223396
2024-08-14 09:27:49,0,24.2649,230260736,630987,46223396
2024-08-14 09:27:54,0,24.2908,230506496,631077,46223472
2024-08-14 09:27:59,6.2,24.2908,230506496,631437,46223776
2024-08-14 09:28:04,3.2,24.318,230764544,631479,46223804
2024-08-14 09:28:10,3.2,24.3996,231538688,631479,46223804
2024-08-14 09:28:15,0,24.3996,231538688,631479,46223804
2024-08-14 09:28:20,0,24.3996,231538688,631569,46223880
2024-08-14 09:28:25,0,24.3996,231538688,631749,46223908
2024-08-14 09:28:30,0,24.3996,231538688,631749,46223908
2024-08-14 09:28:35,0,24.5628,233086976,631839,46223984
2024-08-14 09:28:41,0,24.7527,234889216,631839,46223984
2024-08-14 09:28:46,0,24.7799,235147264,631839,46223984
2024-08-14 09:28:51,0,24.7799,235147264,631929,46224060
2024-08-14 09:28:56,0,24.7799,235147264,631929,46224060
2024-08-14 09:29:01,3.2,24.7799,235147264,631971,46224088
2024-08-14 09:29:07,3.2,24.7794,235143168,632241,46224316
2024-08-14 09:29:12,3.2,24.7794,235143168,632283,46224344
2024-08-14 09:29:17,3,24.7794,235143168,632283,46224344
2024-08-14 09:29:22,0,24.7812,235159552,632373,46224420
2024-08-14 09:29:27,0,24.7812,235159552,632373,46224420
2024-08-14 09:29:32,0,24.7812,235159552,632373,46224420
2024-08-14 09:29:38,0,24.9443,236707840,632463,46224496
2024-08-14 09:29:43,0,25.0242,237465600,634565,46226555
2024-08-14 09:29:48,6.2,25.0259,237481984,634607,46226583
2024-08-14 09:29:53,3.2,25.0259,237481984,634697,46226659
2024-08-14 09:29:58,3.1,25.0259,237481984,634739,46226687
2024-08-14 09:30:04,0,25.0259,237481984,634829,46226763
2024-08-14 09:30:09,0,22.4771,213295104,635189,46227067
2024-08-14 09:30:14,6.2,22.667,215097344,635327,46227067
2024-08-14 09:30:19,3.2,22.8833,217149440,635327,46227067
2024-08-14 09:30:24,3.2,22.9104,217407488,635327,46227067
2024-08-14 09:30:29,3.2,22.91,217403392,635417,46227143
2024-08-14 09:30:35,6.2,22.91,217403392,635459,46227171
2024-08-14 09:30:40,6.2,22.91,217403392,635459,46227171
2024-08-14 09:30:45,3.2,22.91,217403392,635549,46227247
2024-08-14 09:30:50,3.2,22.91,217403392,635549,46227247
2024-08-14 09:30:55,3.2,22.91,217403392,635591,46227275
2024-08-14 09:31:01,0,22.91,217403392,635681,46227351
2024-08-14 09:31:06,0,22.91,217403392,635681,46227351
2024-08-14 09:31:11,0,22.9372,217661440,635681,46227351
2024-08-14 09:31:16,0,22.9372,217661440,636005,46227625
2024-08-14 09:31:21,6.1,22.9372,217661440,636047,46227653
2024-08-14 09:31:26,3.2,22.9372,217661440,636047,46227653
2024-08-14 09:31:32,3.2,22.9372,217661440,636137,46227729
2024-08-14 09:31:37,3.2,24.2964,230559744,658582,46231483
2024-08-14 09:31:42,3.1,24.7807,235155456,660750,46233542
2024-08-14 09:31:47,3.2,24.7825,235171840,684908,46238538
2024-08-14 09:31:52,0,24.7825,235171840,684950,46238566
2024-08-14 09:31:57,0,24.8386,235704320,689355,46240902
2024-08-14 09:32:03,3.2,24.893,236220416,712672,46251042
2024-08-14 09:32:08,9.3,24.9728,236978176,724914,46263976
2024-08-14 09:32:13,9.3,24.9637,236892160,747367,46277931
2024-08-14 09:32:18,6.2,24.9568,236826624,768003,46289219
2024-08-14 09:32:23,3.1,24.956,236818432,782595,46297349
2024-08-14 09:32:29,18.2,21.6073,205041664,800720,46312160
2024-08-14 09:32:34,0,19.0106,180400128,800918,46312368
2024-08-14 09:32:39,3.2,19.0922,181174272,801008,46312444
2024-08-14 09:32:44,0,19.1738,181948416,801008,46312444
2024-08-14 09:32:49,0,19.3641,183754752,801050,46312472
2024-08-14 09:32:54,0,16.7933,159358976,801140,46312548
2024-08-14 09:33:00,6.2,16.9292,160649216,801140,46312548
2024-08-14 09:33:05,3.1,17.0652,161939456,801140,46312548
2024-08-14 09:33:10,3.1,17.1999,163217408,801230,46312624
2024-08-14 09:33:15,0,17.2271,163475456,801230,46312624
2024-08-14 09:33:20,0,17.2271,163475456,801230,46312624
2024-08-14 09:33:26,0,17.2271,163475456,801500,46312852
2024-08-14 09:33:31,0,17.2815,163991552,801542,46312880
2024-08-14 09:33:36,6.1,17.3087,164249600,801542,46312880
2024-08-14 09:33:41,3.2,17.5167,166223872,803668,46315015
2024-08-14 09:33:46,3.2,17.5167,166223872,803710,46315043
2024-08-14 09:33:51,0,17.5698,166727680,803710,46315043
2024-08-14 09:33:57,0,17.6242,167243776,803800,46315119
2024-08-14 09:34:02,0,17.6242,167243776,803800,46315119
2024-08-14 09:34:07,6.2,17.6242,167243776,803800,46315119
2024-08-14 09:34:12,3.2,17.6238,167239680,804028,46315195
2024-08-14 09:34:17,0,17.6238,167239680,804028,46315195
2024-08-14 09:34:22,0,17.6238,167239680,804118,46315271
2024-08-14 09:34:28,0,17.6238,167239680,804520,46315603
2024-08-14 09:34:33,6.1,17.6238,167239680,804520,46315603
2024-08-14 09:34:38,3.2,17.6509,167497728,804562,46315631
2024-08-14 09:34:43,0,17.7597,168529920,804562,46315631
2024-08-14 09:34:48,0,17.8141,169046016,804652,46315707
2024-08-14 09:34:54,0,17.8141,169046016,804652,46315707
2024-08-14 09:34:59,39.3,18.4093,174694400,815057,46320998
