2024-08-14 09:17:14,9.4,17.5102,166162432,171379,29156492
2024-08-14 09:17:19,3.2,18.2811,173477888,285870,46018774
2024-08-14 09:17:24,3.2,18.3083,173735936,285960,46018850
2024-08-14 09:17:30,6,18.3355,173993984,285960,46018850
2024-08-14 09:17:35,0,18.446,175042560,285960,46018850
2024-08-14 09:17:40,3.2,18.446,175042560,286050,46018926
2024-08-14 09:17:45,0,18.446,175042560,286050,46018926
2024-08-14 09:17:50,0,18.5,175554560,286050,46018926
2024-08-14 09:17:56,0,18.5,175554560,286140,46019002
2024-08-14 09:18:01,3.1,18.4982,175538176,286182,46019030
2024-08-14 09:18:06,3.1,18.4982,175538176,286182,46019030
2024-08-14 09:18:11,0,18.4982,175538176,286542,46019334
2024-08-14 09:18:16,0,18.4982,175538176,286674,46019438
2024-08-14 09:18:21,0,18.4982,175538176,286812,46019438
2024-08-14 09:18:27,0,18.4982,175538176,286902,46019514
2024-08-14 09:18:32,3.2,18.8246,178634752,289202,46021574
2024-08-14 09:18:37,0,18.8241,178630656,289202,46021574
2024-08-14 09:18:42,0,18.8241,178630656,289292,46021650
2024-08-14 09:18:47,0,18.9584,179904512,289292,46021650
2024-08-14 09:18:53,0,18.9856,180162560,289292,46021650
2024-08-14 09:18:58,6.1,18.9856,180162560,289424,46021754
2024-08-14 09:19:03,0,19.04,180678656,289424,46021754
2024-08-14 09:19:08,3,19.0689,180953088,289424,46021754
2024-08-14 09:19:14,3.2,19.0961,181211136,289514,46021830
2024-08-14 09:19:19,6.1,19.1215,181452800,289874,46022134
2024-08-14 09:19:24,0,19.122,181456896,289916,46022162
2024-08-14 09:19:29,3,19.1492,181714944,289916,46022162
2024-08-14 09:19:34,3.1,19.1453,181678080,290006,46022238
2024-08-14 09:19:40,3.1,19.147,181694464,290006,46022238
2024-08-14 09:19:45,0,19.147,181694464,290006,46022238
2024-08-14 09:19:50,22.6,23.052,218750976,293573,46024170
2024-08-14 09:19:55,3.1,23.3382,221466624,305760,46040758
2024-08-14 09:20:00,0,25.0509,237719552,338627,46055673
2024-08-14 09:20:05,0,25.0768,237965312,352281,46064389
2024-08-14 09:20:11,3.1,25.1027,238211072,361651,46071054
2024-08-14 09:20:16,0,25.1032,238215168,376496,46082503
2024-08-14 09:20:21,0,25.1023,238206976,398330,46093209
2024-08-14 09:20:26,34.3,25.0997,238182400,443955,46120442
2024-08-14 09:20:31,16.1,25.1001,238186496,484060,46146355
2024-08-14 09:20:37,0,25.0984,238170112,509887,46165240
2024-08-14 09:20:42,0,25.1019,238202880,530072,46185570
2024-08-14 09:20:47,3,25.1032,238215168,546589,46197515
2024-08-14 09:20:52,12.5,25.1023,238206976,564782,46216515
2024-08-14 09:20:57,9.1,25.136,238526464,585069,46245021
2024-08-14 09:21:03,0,25.1373,238538752,590926,46257447
2024-08-14 09:21:08,3.2,25.1373,238538752,591016,46257523
2024-08-14 09:21:13,0,25.139,238555136,591016,46257523
2024-08-14 09:21:18,0,25.139,238555136,591016,46257523
2024-08-14 09:21:23,8.6,25.139,238555136,591160,46257645
2024-08-14 09:21:29,0,25.139,238555136,591574,46257995
2024-08-14 09:21:34,3.2,25.1386,238551040,593862,46260049
2024-08-14 09:21:39,0,25.1386,238551040,593862,46260049
2024-08-14 09:21:44,0,25.1627,238780416,593994,46260153
2024-08-14 09:21:49,0,25.1899,239038464,593994,46260153
2024-08-14 09:21:55,3.2,25.1899,239038464,593994,46260153
2024-08-14 09:22:00,3.2,25.1891,239030272,594084,46260229
2024-08-14 09:22:05,0,25.1891,239030272,594222,46260229
2024-08-14 09:22:10,0,25.1908,239046656,594222,46260229
2024-08-14 09:22:15,3.2,25.1891,239030272,594312,46260305
2024-08-14 09:22:21,0,25.1791,238936064,594312,46260305
2024-08-14 09:22:26,0,25.1791,238936064,594408,46260379
2024-08-14 09:22:31,5.8,25.1791,238936064,594822,46260729
2024-08-14 09:22:36,6,25.177,238915584,594912,46260805
2024-08-14 09:22:41,3.1,25.1787,238931968,595008,46260879
2024-08-14 09:22:47,3.1,25.1791,238936064,595098,46260955
2024-08-14 09:22:52,0,25.1791,238936064,595140,46260983
2024-08-14 09:22:57,0,22.4084,212643840,595140,46260983
2024-08-14 09:23:02,5.9,22.4615,213147648,595230,46261059
2024-08-14 09:23:07,0,22.5116,213622784,595230,46261059
2024-08-14 09:23:12,0,22.5116,213622784,595230,46261059
2024-08-14 09:23:18,2.9,22.5384,213876736,595320,46261135
2024-08-14 09:23:23,0,22.6182,214634496,595362,46261163
2024-08-14 09:23:28,0,22.62,214650880,595362,46261163
2024-08-14 09:23:33,6.2,22.6437,214876160,597636,46263467
2024-08-14 09:23:38,3,22.6437,214876160,598002,46263769
2024-08-14 09:23:44,0,22.6437,214876160,598002,46263769
2024-08-14 09:23:49,3.1,22.6437,214876160,598002,46263769
2024-08-14 09:23:54,0,22.6705,215130112,598162,46263845
2024-08-14 09:23:59,3,22.7792,216162304,598204,46263873
2024-08-14 09:24:04,0,22.8336,216678400,598886,46264859
2024-08-14 09:24:10,3,22.9152,217452544,598976,46264935
2024-08-14 09:24:15,6.1,22.9152,217452544,598976,46264935
2024-08-14 09:24:20,3.1,22.9152,217452544,598976,46264935
2024-08-14 09:24:25,0,22.9152,217452544,599066,46265011
2024-08-14 09:24:30,5.8,22.9135,217436160,599108,46265039
2024-08-14 09:24:36,3.2,22.9135,217436160,599150,46265067
2024-08-14 09:24:41,3.1,22.9135,217436160,599240,46265143
2024-08-14 09:24:46,6.2,22.9135,217436160,599240,46265143
2024-08-14 09:24:51,0,22.9135,217436160,599240,46265143
2024-08-14 09:24:56,0,22.9152,217452544,599330,46265219
2024-08-14 09:25:02,3.2,22.9152,217452544,599488,46265293
2024-08-14 09:25:07,3,22.9152,217452544,599604,46265293
2024-08-14 09:25:12,0,22.9963,218222592,599694,46265369
2024-08-14 09:25:17,3,23.0507,218738688,599752,46265369
2024-08-14 09:25:22,3,23.0507,218738688,599752,46265369
2024-08-14 09:25:28,3.1,23.0507,218738688,599842,46265445
2024-08-14 09:25:33,0,23.2411,220545024,602044,46267533
2024-08-14 09:25:38,0,23.2411,220545024,602044,46267533
2024-08-14 09:25:43,3.1,24.2641,230252544,633147,46457844
2024-08-14 09:25:48,0,24.2641,230252544,633237,46457996
2024-08-14 09:25:54,3.2,24.2641,230252544,633237,46457996
2024-08-14 09:25:59,0,24.2641,230252544,633465,46458072
2024-08-14 09:26:04,0,24.2641,230252544,633507,46458100
2024-08-14 09:26:09,0,24.2641,230252544,633507,46458100
2024-08-14 09:26:14,0,24.2641,230252544,633507,46458100
2024-08-14 09:26:19,3,24.2641,230252544,633597,46458176
2024-08-14 09:26:25,6.1,24.2913,230510592,633597,46458176
2024-08-14 09:26:30,6.2,24.2913,230510592,633639,46458204
2024-08-14 09:26:35,3,24.2913,230510592,633729,46458280
2024-08-14 09:26:40,0,24.2913,230510592,633771,46458308
2024-08-14 09:26:46,3.1,24.2913,230510592,633771,46458308
2024-08-14 09:26:51,0,24.2913,230510592,633861,46458384
2024-08-14 09:26:56,3.1,24.2913,230510592,633861,46458384
2024-08-14 09:27:01,2.9,24.2913,230510592,633861,46458384
2024-08-14 09:27:06,0,24.3184,230768640,633951,46458460
2024-08-14 09:27:12,3.2,24.3184,230768640,633993,46458488
2024-08-14 09:27:17,3.2,24.3184,230768640,633993,46458488
2024-08-14 09:27:22,3.2,24.3728,231284736,634125,46458592
2024-08-14 09:27:27,0,24.4,231542784,634125,46458592
2024-08-14 09:27:32,3.2,24.4,231542784,636425,46460652
2024-08-14 09:27:38,0,24.4,231542784,636515,46460728
2024-08-14 09:27:43,9.1,24.4,231542784,636515,46460728
2024-08-14 09:27:48,0,24.4,231542784,636653,46460728
2024-08-14 09:27:53,5.8,24.3996,231538688,637013,46460956
2024-08-14 09:27:58,0,24.3996,231538688,637103,46461108
2024-08-14 09:28:03,6,24.3996,231538688,637103,46461108
2024-08-14 09:28:09,2.9,24.3996,231538688,637193,46461184
2024-08-14 09:28:14,0,24.3996,231538688,637289,46461258
2024-08-14 09:28:19,0,24.3996,231538688,637331,46461286
2024-08-14 09:28:24,0,24.3996,231538688,637421,46461362
2024-08-14 09:28:29,5.8,24.3996,231538688,637421,46461362
2024-08-14 09:28:35,0,24.3996,231538688,637421,46461362
2024-08-14 09:28:40,0,24.3979,231522304,637511,46461438
2024-08-14 09:28:45,3.1,24.3979,231522304,637511,46461438
2024-08-14 09:28:50,3.1,24.3996,231538688,637511,46461438
2024-08-14 09:28:56,3.1,24.3996,231538688,637511,46461438
2024-08-14 09:29:01,2.9,24.3996,231538688,637601,46461514
2024-08-14 09:29:06,3.1,24.4255,231784448,637643,46461542
2024-08-14 09:29:11,0,24.4255,231784448,637643,46461542
2024-08-14 09:29:16,3.1,24.4255,231784448,637775,46461646
2024-08-14 09:29:22,2.9,24.4255,231784448,637775,46461646
2024-08-14 09:29:27,6.1,24.4255,231784448,637775,46461646
2024-08-14 09:29:32,0,24.4255,231784448,639901,46463782
2024-08-14 09:29:37,3,24.4255,231784448,640039,46463782
2024-08-14 09:29:42,3,24.4238,231768064,640039,46463782
2024-08-14 09:29:48,3.2,24.4233,231763968,640129,46463858
2024-08-14 09:29:53,3.1,24.4233,231763968,640129,46463858
2024-08-14 09:29:58,0,24.4251,231780352,640129,46463858
2024-08-14 09:30:03,0,24.4251,231780352,640489,46464162
2024-08-14 09:30:08,3.1,24.4233,231763968,640579,46464238
2024-08-14 09:30:14,6.1,24.4233,231763968,640621,46464266
2024-08-14 09:30:19,0,24.4233,231763968,640711,46464342
2024-08-14 09:30:24,0,24.4212,231743488,640753,46464370
2024-08-14 09:30:29,3.1,24.4212,231743488,640753,46464370
2024-08-14 09:30:34,3.1,24.4212,231743488,640843,46464446
2024-08-14 09:30:40,3.1,24.4212,231743488,640843,46464446
2024-08-14 09:30:45,3.1,24.4212,231743488,640843,46464446
2024-08-14 09:30:50,3.1,24.4212,231743488,640933,46464522
2024-08-14 09:30:55,3.2,24.4212,231743488,640933,46464522
2024-08-14 09:31:00,3,24.4212,231743488,640933,46464522
2024-08-14 09:31:06,3.1,24.4212,231743488,641023,46464598
2024-08-14 09:31:11,3.1,24.4212,231743488,641107,46464654
2024-08-14 09:31:16,0,24.4212,231743488,641107,46464654
2024-08-14 09:31:21,2.9,24.4212,231743488,641107,46464654
2024-08-14 09:31:27,3.1,24.4212,231743488,641197,46464730
2024-08-14 09:31:32,0,24.9094,236376064,665997,46470589
2024-08-14 09:31:37,0,24.9094,236376064,665997,46470589
2024-08-14 09:31:42,0,24.9624,236879872,690150,46475585
2024-08-14 09:31:47,0,24.9624,236879872,693282,46481965
2024-08-14 09:31:53,6.5,24.9624,236879872,708832,46485821
2024-08-14 09:31:58,3.2,24.962,236875776,717543,46487181
2024-08-14 09:32:03,9.1,24.962,236875776,720699,46492413
2024-08-14 09:32:08,6,24.962,236875776,740409,46505381
2024-08-14 09:32:13,6.1,24.9551,236810240,772294,46522256
2024-08-14 09:32:19,3.1,24.9465,236728320,790880,46533864
2024-08-14 09:32:24,14.3,24.9448,236711936,805021,46541705
2024-08-14 09:32:29,3.2,24.9443,236707840,822205,46550943
2024-08-14 09:32:34,3.1,18.225,172945408,828917,46559615
2024-08-14 09:32:40,3.1,18.2267,172961792,828917,46559615
2024-08-14 09:32:45,0,18.2267,172961792,829007,46559691
2024-08-14 09:32:50,0,18.2539,173219840,829007,46559691
2024-08-14 09:32:55,3.1,18.3627,174252032,829360,46560088
2024-08-14 09:33:00,3.1,18.3627,174252032,829492,46560192
2024-08-14 09:33:06,0,18.3627,174252032,829492,46560192
2024-08-14 09:33:11,3,18.3627,174252032,829492,46560192
2024-08-14 09:33:16,6,18.3619,174243840,829720,46560268
2024-08-14 09:33:21,3,18.3619,174243840,829720,46560268
2024-08-14 09:33:26,3.1,18.3619,174243840,829720,46560268
2024-08-14 09:33:32,5.9,18.3619,174243840,829810,46560344
2024-08-14 09:33:37,0,18.3619,174243840,829810,46560344
2024-08-14 09:33:42,3.1,18.3619,174243840,829810,46560344
2024-08-14 09:33:47,3.1,18.3619,174243840,829810,46560344
2024-08-14 09:33:52,0,18.389,174501888,829942,46560448
2024-08-14 09:33:58,3,18.389,174501888,829984,46560476
2024-08-14 09:34:03,2.9,18.4162,174759936,829984,46560476
2024-08-14 09:34:08,0,18.4685,175255552,830074,46560552
2024-08-14 09:34:13,3.2,18.6316,176803840,830074,46560552
2024-08-14 09:34:18,6,18.7404,177836032,830254,46560704
2024-08-14 09:34:24,0,18.7404,177836032,830434,46560856
2024-08-14 09:34:29,0,18.7404,177836032,830524,46560932
2024-08-14 09:34:34,0,18.9036,179384320,832626,46562992
2024-08-14 09:34:39,5.9,18.9307,179642368,832716,46563068
2024-08-14 09:34:44,3,18.9307,179642368,832716,46563068
2024-08-14 09:34:50,2.9,18.9325,179658752,832716,46563068
2024-08-14 09:34:55,0,18.9325,179658752,832848,46563172
2024-08-14 09:35:00,0,18.9325,179658752,832848,46563172
