2024-08-14 09:18:56,15.1,17.7446,168386560,193446,31621898
2024-08-14 09:19:01,3.2,18.0727,171499520,330495,45185270
2024-08-14 09:19:06,3.2,18.0727,171499520,330585,45185346
2024-08-14 09:19:11,3.1,18.0709,171483136,330585,45185346
2024-08-14 09:19:16,3.2,18.0968,171728896,330675,45185422
2024-08-14 09:19:22,0,18.0955,171716608,331077,45185754
2024-08-14 09:19:27,0,18.1227,171974656,331119,45185782
2024-08-14 09:19:32,0,18.2315,173006848,331119,45185782
2024-08-14 09:19:37,6.1,18.3675,174297088,331209,45185858
2024-08-14 09:19:42,3.2,18.3964,174571520,331209,45185858
2024-08-14 09:19:47,3.1,18.3964,174571520,331209,45185858
2024-08-14 09:19:53,0,18.3964,174571520,331209,45185858
2024-08-14 09:19:58,3.3,22.67,215126016,337887,45192857
2024-08-14 09:20:03,0,22.8297,216641536,344194,45202743
2024-08-14 09:20:08,3.2,24.7324,234696704,371138,45213021
2024-08-14 09:20:13,6.2,24.7863,235208704,384172,45221991
2024-08-14 09:20:19,3.1,24.8368,235687936,409534,45239769
2024-08-14 09:20:24,12.1,24.8381,235700224,444119,45263099
2024-08-14 09:20:29,9.7,24.8373,235692032,480722,45283829
2024-08-14 09:20:34,3.2,24.836,235679744,514037,45303521
2024-08-14 09:20:39,0,24.8351,235671552,534026,45313821
2024-08-14 09:20:44,0,24.836,235679744,557034,45332225
2024-08-14 09:20:50,0,24.8347,235667456,576405,45346361
2024-08-14 09:20:55,9.3,24.8709,236011520,604459,45385293
2024-08-14 09:21:00,6.2,24.9029,236314624,619509,45412397
2024-08-14 09:21:05,3.1,24.9577,236834816,619509,45412397
2024-08-14 09:21:10,3.2,22.3031,211644416,619551,45412425
2024-08-14 09:21:16,0,22.383,212402176,619641,45412501
2024-08-14 09:21:21,0,22.4374,212918272,619641,45412501
2024-08-14 09:21:26,0,22.4646,213176320,619731,45412577
2024-08-14 09:21:31,0,22.5656,214134784,622127,45414941
2024-08-14 09:21:36,9.1,22.5656,214134784,622127,45414941
2024-08-14 09:21:41,3.1,22.5656,214134784,622127,45414941
2024-08-14 09:21:47,3.1,22.5928,214392832,622217,45415017
2024-08-14 09:21:52,0,22.5928,214392832,622217,45415017
2024-08-14 09:21:57,0,22.5928,214392832,622217,45415017
2024-08-14 09:22:02,0,22.5928,214392832,622217,45415017
2024-08-14 09:22:07,0,22.5928,214392832,622391,45415149
2024-08-14 09:22:13,6,22.5928,214392832,622391,45415149
2024-08-14 09:22:18,3.1,22.5928,214392832,622391,45415149
2024-08-14 09:22:23,3.1,22.5928,214392832,622619,45415225
2024-08-14 09:22:28,3.1,22.6182,214634496,622619,45415225
2024-08-14 09:22:33,3.2,22.6182,214634496,622889,45415453
2024-08-14 09:22:38,0,22.6178,214630400,623111,45415633
2024-08-14 09:22:44,0,22.6722,215146496,623111,45415633
2024-08-14 09:22:49,0,22.8884,217198592,623111,45415633
2024-08-14 09:22:54,6.1,23.0516,218746880,623201,45415709
2024-08-14 09:22:59,0,23.106,219262976,623201,45415709
2024-08-14 09:23:04,3.2,23.1332,219521024,623243,45415737
2024-08-14 09:23:09,0,23.1332,219521024,623333,45415813
2024-08-14 09:23:15,0,23.1604,219779072,623375,45415841
2024-08-14 09:23:20,0,23.3507,221585408,623375,45415841
2024-08-14 09:23:25,0,23.5916,223870976,623465,45415917
2024-08-14 09:23:30,3.2,24.0793,228499456,625699,45417977
2024-08-14 09:23:35,3.2,24.0793,228499456,625879,45418129
2024-08-14 09:23:41,3.2,24.0793,228499456,626149,45418357
2024-08-14 09:23:46,0,24.0793,228499456,626149,45418357
2024-08-14 09:23:51,0,24.0793,228499456,626149,45418357
2024-08-14 09:23:56,0,24.2144,229781504,626239,45418433
2024-08-14 09:24:01,0,24.3491,231059456,626323,45418489
2024-08-14 09:24:06,6.2,24.3681,231239680,626323,45418489
2024-08-14 09:24:12,3.2,24.3681,231239680,626413,45418565
2024-08-14 09:24:17,3.1,24.3681,231239680,626551,45418565
2024-08-14 09:24:22,0,24.3681,231239680,626551,45418565
2024-08-14 09:24:27,0,24.7488,234852352,626551,45418565
2024-08-14 09:24:32,0,22.061,209346560,626641,45418641
2024-08-14 09:24:38,0,22.1426,210120704,626641,45418641
2024-08-14 09:24:43,6.2,22.2513,211152896,626641,45418641
2024-08-14 09:24:48,3.1,22.4141,212697088,626731,45418717
2024-08-14 09:24:53,3.2,22.5474,213962752,626731,45418717
2024-08-14 09:24:58,6.2,22.5746,214220800,626827,45418791
2024-08-14 09:25:03,0,22.5746,214220800,626959,45418895
2024-08-14 09:25:09,0,22.6001,214462464,626959,45418895
2024-08-14 09:25:14,0,22.6001,214462464,626959,45418895
2024-08-14 09:25:19,6,22.6001,214462464,627049,45418971
2024-08-14 09:25:24,3.1,22.6001,214462464,627103,45419031
2024-08-14 09:25:29,3.2,22.6515,214949888,629403,45421091
2024-08-14 09:25:34,0,22.6515,214949888,629493,45421167
2024-08-14 09:25:40,0,22.6515,214949888,629493,45421167
2024-08-14 09:25:45,6.2,24.0551,228270080,660707,45611351
2024-08-14 09:25:50,0,24.1354,229031936,660887,45611579
2024-08-14 09:25:55,6.2,24.1626,229289984,660999,45611607
2024-08-14 09:26:00,3.2,24.1626,229289984,661053,45611653
2024-08-14 09:26:06,3.1,24.1626,229289984,661143,45611729
2024-08-14 09:26:11,0,24.1626,229289984,661143,45611729
2024-08-14 09:26:16,0,24.1618,229281792,661281,45611729
2024-08-14 09:26:21,0,24.1618,229281792,661371,45611805
2024-08-14 09:26:26,3.2,24.1618,229281792,661371,45611805
2024-08-14 09:26:31,3.1,24.1618,229281792,661371,45611805
2024-08-14 09:26:37,0,24.1618,229281792,661461,45611881
2024-08-14 09:26:42,0,24.1618,229281792,661503,45611909
2024-08-14 09:26:47,0,24.1618,229281792,661557,45611955
2024-08-14 09:26:52,0,24.1618,229281792,661599,45611983
2024-08-14 09:26:57,6.2,24.1618,229281792,661689,45612059
2024-08-14 09:27:03,3.1,24.1618,229281792,661689,45612059
2024-08-14 09:27:08,0,24.1618,229281792,661689,45612059
2024-08-14 09:27:13,0,24.1618,229281792,661779,45612135
2024-08-14 09:27:18,0,24.1618,229281792,661779,45612135
2024-08-14 09:27:23,0,24.189,229539840,661779,45612135
2024-08-14 09:27:28,6,24.2692,230301696,663971,45614271
2024-08-14 09:27:34,3,24.3504,231071744,663971,45614271
2024-08-14 09:27:39,3.2,24.4048,231587840,663971,45614271
2024-08-14 09:27:44,3.2,24.4307,231833600,664103,45614375
2024-08-14 09:27:49,0,24.4579,232091648,664103,45614375
2024-08-14 09:27:54,0,24.4574,232087552,664373,45614603
2024-08-14 09:27:59,0,24.4574,232087552,664553,45614755
2024-08-14 09:28:05,6.2,24.4846,232345600,664553,45614755
2024-08-14 09:28:10,0,24.4846,232345600,664691,45614755
2024-08-14 09:28:15,3.2,24.4846,232345600,664781,45614831
2024-08-14 09:28:20,0,24.4846,232345600,664781,45614831
2024-08-14 09:28:25,0,24.4846,232345600,664781,45614831
2024-08-14 09:28:31,0,24.4846,232345600,664871,45614907
2024-08-14 09:28:36,6.2,24.4846,232345600,664913,45614935
2024-08-14 09:28:41,3.1,24.4846,232345600,664955,45614963
2024-08-14 09:28:46,3.2,24.4846,232345600,665045,45615039
2024-08-14 09:28:51,0,24.4846,232345600,665045,45615039
2024-08-14 09:28:56,0,24.4846,232345600,665045,45615039
2024-08-14 09:29:02,0,24.4846,232345600,665135,45615115
2024-08-14 09:29:07,0,24.4846,232345600,665135,45615115
2024-08-14 09:29:12,6.2,24.5934,233377792,665135,45615115
2024-08-14 09:29:17,3.2,24.5934,233377792,665135,45615115
2024-08-14 09:29:22,3.2,24.5934,233377792,665225,45615191
2024-08-14 09:29:27,0,24.593,233373696,667327,45617251
2024-08-14 09:29:33,0,24.5934,233377792,667369,45617279
2024-08-14 09:29:38,0,24.5934,233377792,667501,45617383
2024-08-14 09:29:43,0,24.5934,233377792,667501,45617383
2024-08-14 09:29:48,3.2,24.5934,233377792,667501,45617383
2024-08-14 09:29:53,3.1,24.5934,233377792,667591,45617459
2024-08-14 09:29:59,0,24.5934,233377792,667729,45617459
2024-08-14 09:30:04,0,24.5934,233377792,667999,45617687
2024-08-14 09:30:09,0,24.6461,233877504,668179,45617839
2024-08-14 09:30:14,0,24.7276,234651648,668221,45617867
2024-08-14 09:30:19,0,24.9706,236957696,668221,45617867
2024-08-14 09:30:24,6.2,24.9978,237215744,668311,45617943
2024-08-14 09:30:30,3.2,24.9978,237215744,668311,45617943
2024-08-14 09:30:35,3.1,24.9978,237215744,668353,45617971
2024-08-14 09:30:40,0,24.9978,237215744,668443,45618047
2024-08-14 09:30:45,0,24.9978,237215744,668443,45618047
2024-08-14 09:30:50,0,24.9978,237215744,668443,45618047
2024-08-14 09:30:56,6.2,24.9978,237215744,668533,45618123
2024-08-14 09:31:01,3.1,24.9974,237211648,668629,45618197
2024-08-14 09:31:06,3.1,24.9974,237211648,668629,45618197
2024-08-14 09:31:11,0,24.9974,237211648,668629,45618197
2024-08-14 09:31:16,0,24.9974,237211648,668719,45618273
2024-08-14 09:31:21,0,24.9974,237211648,668719,45618273
2024-08-14 09:31:27,3.1,24.997,237207552,668719,45618273
2024-08-14 09:31:32,93.3,24.997,237207552,673270,45621611
2024-08-14 09:31:37,0,25.2689,239788032,693532,45624191
2024-08-14 09:31:42,0,25.3233,240304128,693532,45624191
2024-08-14 09:31:47,6.2,26.0575,247271424,717692,45629187
2024-08-14 09:31:53,3.2,26.0847,247529472,717830,45629187
2024-08-14 09:31:58,15.6,26.0847,247529472,736894,45636399
2024-08-14 09:32:03,3.1,26.0847,247529472,746310,45642983
2024-08-14 09:32:08,9.1,26.0847,247529472,759658,45655972
2024-08-14 09:32:13,3.1,26.0743,247431168,777368,45667788
2024-08-14 09:32:18,21.3,26.0726,247414784,799162,45678291
2024-08-14 09:32:24,3.2,26.0653,247345152,821430,45692186
2024-08-14 09:32:29,0,26.0644,247336960,833851,45699281
2024-08-14 09:32:34,0,17.2089,163303424,839948,45707075
2024-08-14 09:32:39,0,17.2089,163303424,839948,45707075
2024-08-14 09:32:44,6.2,17.2089,163303424,839948,45707075
2024-08-14 09:32:49,3.2,17.2089,163303424,840038,45707151
2024-08-14 09:32:55,3.2,17.2089,163303424,840038,45707151
2024-08-14 09:33:00,0,17.2089,163303424,840038,45707151
2024-08-14 09:33:05,0,17.2089,163303424,840128,45707227
2024-08-14 09:33:10,0,17.2633,163819520,840128,45707227
2024-08-14 09:33:15,3.2,17.4537,165625856,840128,45707227
2024-08-14 09:33:21,3.2,17.5625,166658048,840218,45707303
2024-08-14 09:33:26,3.2,17.6708,167686144,840302,45707359
2024-08-14 09:33:31,0,17.6708,167686144,840302,45707359
2024-08-14 09:33:36,0,17.8594,169476096,840302,45707359
2024-08-14 09:33:41,0,18.0498,171282432,840392,45707435
2024-08-14 09:33:46,6.2,18.077,171540480,840392,45707435
2024-08-14 09:33:52,3.2,18.1042,171798528,840530,45707435
2024-08-14 09:33:57,3.1,18.1862,172576768,840620,45707511
2024-08-14 09:34:02,0,18.2134,172834816,840620,45707511
2024-08-14 09:34:07,0,18.2134,172834816,840620,45707511
2024-08-14 09:34:12,0,18.2134,172834816,840710,45707587
2024-08-14 09:34:18,0,18.2134,172834816,840752,45707615
2024-08-14 09:34:23,6.2,18.2134,172834816,841064,45707871
2024-08-14 09:34:28,0,18.2129,172830720,843544,45710083
2024-08-14 09:34:33,3,18.2129,172830720,843544,45710083
2024-08-14 09:34:38,0,18.2129,172830720,843544,45710083
2024-08-14 09:34:43,0,18.2129,172830720,843634,45710159
2024-08-14 09:34:49,0,18.2129,172830720,843634,45710159
2024-08-14 09:34:54,0,18.2129,172830720,843634,45710159
2024-08-14 09:34:59,0,18.2129,172830720,843724,45710235
