2024-08-14 09:10:37,9.7,17.5187,166248448,146231,26692488
2024-08-14 09:10:42,0,18.1558,172294144,244750,43539926
2024-08-14 09:10:47,3,18.1558,172294144,245048,43540002
2024-08-14 09:10:52,0,18.183,172552192,245048,43540002
2024-08-14 09:10:57,3.2,18.2373,173068288,245090,43540030
2024-08-14 09:11:03,3.2,18.2645,173326336,245180,43540106
2024-08-14 09:11:08,3.2,18.2909,173576192,245180,43540106
2024-08-14 09:11:13,0,18.4812,175382528,245180,43540106
2024-08-14 09:11:18,0,18.6711,177184768,245360,43540258
2024-08-14 09:11:23,0,18.8071,178475008,245672,43540514
2024-08-14 09:11:29,0,18.9146,179494912,245672,43540514
2024-08-14 09:11:34,0,19.0505,180785152,245672,43540514
2024-08-14 09:11:39,0,19.0505,180785152,245762,43540590
2024-08-14 09:11:44,0,19.0505,180785152,245762,43540590
2024-08-14 09:11:49,0,19.1593,181817344,245762,43540590
2024-08-14 09:11:54,0,19.2404,182587392,245894,43540694
2024-08-14 09:12:00,0,19.2404,182587392,245936,43540722
2024-08-14 09:12:05,0,19.3216,183357440,245936,43540722
2024-08-14 09:12:10,0,19.5119,185163776,246026,43540798
2024-08-14 09:12:15,0,16.8881,160264192,246026,43540798
2024-08-14 09:12:20,3.1,16.9425,160780288,246026,43540798
2024-08-14 09:12:26,0,17.024,161554432,246530,43541224
2024-08-14 09:12:31,3.1,17.4017,165138432,248806,43543311
2024-08-14 09:12:36,3.2,17.4017,165138432,248806,43543311
2024-08-14 09:12:41,6.1,17.4017,165138432,249034,43543387
2024-08-14 09:12:46,0,17.4017,165138432,249034,43543387
2024-08-14 09:12:51,0,17.5649,166686720,249076,43543415
2024-08-14 09:12:57,0,17.7539,168480768,249166,43543491
2024-08-14 09:13:02,0,17.8899,169771008,249208,43543519
2024-08-14 09:13:07,0,17.9171,170029056,249208,43543519
2024-08-14 09:13:12,0,17.9171,170029056,249352,43543641
2024-08-14 09:13:17,0,17.9171,170029056,249352,43543641
2024-08-14 09:13:23,3.1,17.9171,170029056,249352,43543641
2024-08-14 09:13:28,0,17.9171,170029056,249532,43543793
2024-08-14 09:13:33,0,17.9149,170008576,249844,43544049
2024-08-14 09:13:38,3.2,17.9149,170008576,249844,43544049
2024-08-14 09:13:43,0,17.9149,170008576,249844,43544049
2024-08-14 09:13:48,0,17.9149,170008576,249976,43544153
2024-08-14 09:13:54,0,17.9149,170008576,249976,43544153
2024-08-14 09:13:59,0,17.9965,170782720,249976,43544153
2024-08-14 09:14:04,0,18.2127,172834816,250066,43544229
2024-08-14 09:14:09,6.2,18.2127,172834816,250108,43544257
2024-08-14 09:14:14,3.1,18.2127,172834816,250108,43544257
2024-08-14 09:14:20,3.2,18.2127,172834816,250198,43544333
2024-08-14 09:14:25,6.1,18.2127,172834816,250198,43544333
2024-08-14 09:14:30,3.1,18.29,173568000,252504,43546392
2024-08-14 09:14:35,3.1,18.3711,174338048,252954,43546772
2024-08-14 09:14:40,3.1,18.5887,176402432,252954,43546772
2024-08-14 09:14:45,0,18.6703,177176576,252996,43546800
2024-08-14 09:14:51,3.2,18.6703,177176576,253156,43546876
2024-08-14 09:14:56,6,18.6703,177176576,253156,43546876
2024-08-14 09:15:01,0,18.7246,177692672,253156,43546876
2024-08-14 09:15:06,0,18.7246,177692672,253246,43546952
2024-08-14 09:15:11,0,18.7246,177692672,253288,43546980
2024-08-14 09:15:17,3.2,18.7246,177692672,253288,43546980
2024-08-14 09:15:22,0,18.7505,177938432,253378,43547056
2024-08-14 09:15:27,0,18.8304,178696192,253378,43547056
2024-08-14 09:15:32,0,18.9659,179982336,253378,43547056
2024-08-14 09:15:37,0,19.1571,181796864,253738,43547360
2024-08-14 09:15:43,3,19.2918,183074816,253912,43547492
2024-08-14 09:15:48,0,19.3078,183226368,253912,43547492
2024-08-14 09:15:53,3.2,19.3078,183226368,253912,43547492
2024-08-14 09:15:58,3.2,19.3073,183222272,254002,43547568
2024-08-14 09:16:03,0,19.3073,183222272,254002,43547568
2024-08-14 09:16:09,3.1,19.3073,183222272,254002,43547568
2024-08-14 09:16:14,0,19.3073,183222272,254092,43547644
2024-08-14 09:16:19,3.1,19.3073,183222272,254134,43547672
2024-08-14 09:16:24,3.1,19.3073,183222272,254134,43547672
2024-08-14 09:16:29,3.2,19.3885,183992320,256530,43549807
2024-08-14 09:16:34,3.1,19.3889,183996416,256572,43549835
2024-08-14 09:16:40,3.1,19.3889,183996416,256662,43549835
2024-08-14 09:16:45,6.2,19.3889,183996416,257022,43550215
2024-08-14 09:16:50,5.8,19.4433,184512512,257022,43550215
2024-08-14 09:16:55,3.2,19.4429,184508416,257022,43550215
2024-08-14 09:17:00,3.1,19.4688,184754176,257112,43550291
2024-08-14 09:17:06,3.2,19.4688,184754176,257154,43550319
2024-08-14 09:17:11,0,19.4688,184754176,257270,43550411
2024-08-14 09:17:16,6.2,19.4679,184745984,257360,43550487
2024-08-14 09:17:21,6.2,19.4675,184741888,261458,43554437
2024-08-14 09:17:26,6,19.4938,184991744,262226,43555165
2024-08-14 09:17:31,6.2,19.4938,184991744,262358,43555269
2024-08-14 09:17:37,6.2,19.4938,184991744,262358,43555269
2024-08-14 09:17:42,3.2,19.5197,185237504,262358,43555269
2024-08-14 09:17:47,3.1,19.5188,185229312,262718,43555573
2024-08-14 09:17:52,0,19.5188,185229312,262850,43555677
2024-08-14 09:17:57,0,19.5188,185229312,262850,43555677
2024-08-14 09:18:03,0,19.5188,185229312,262850,43555677
2024-08-14 09:18:08,0,19.5188,185229312,262940,43555753
2024-08-14 09:18:13,0,19.5188,185229312,262940,43555753
2024-08-14 09:18:18,3.2,19.5188,185229312,262940,43555753
2024-08-14 09:18:23,3.1,19.5188,185229312,263030,43555829
2024-08-14 09:18:28,3.2,19.5188,185229312,265552,43557944
2024-08-14 09:18:34,6.1,19.5188,185229312,265552,43557944
2024-08-14 09:18:39,3.2,19.5188,185229312,265696,43558066
2024-08-14 09:18:44,3.2,19.5188,185229312,265696,43558066
2024-08-14 09:18:49,3.2,19.5188,185229312,265696,43558066
2024-08-14 09:18:54,0,19.5184,185225216,266146,43558446
2024-08-14 09:19:00,0,19.5184,185225216,266188,43558474
2024-08-14 09:19:05,0,19.5184,185225216,266188,43558474
2024-08-14 09:19:10,3,19.5184,185225216,266278,43558550
2024-08-14 09:19:15,3.1,19.5184,185225216,266278,43558550
2024-08-14 09:19:20,0,19.5184,185225216,266278,43558550
2024-08-14 09:19:25,0,19.5184,185225216,266410,43558654
2024-08-14 09:19:31,0,19.5184,185225216,266452,43558682
2024-08-14 09:19:36,80.6,23.4172,222224384,530802,43741022
2024-08-14 09:19:41,3.2,23.4276,222322688,545045,43766406
2024-08-14 09:19:46,0,23.4276,222322688,545045,43766406
2024-08-14 09:19:51,3.2,23.4276,222322688,545045,43766406
2024-08-14 09:19:57,0,23.4276,222322688,545405,43766710
2024-08-14 09:20:02,3.1,23.4272,222318592,545495,43766786
2024-08-14 09:20:07,0,23.4272,222318592,545495,43766786
2024-08-14 09:20:12,3.1,23.4272,222318592,545495,43766786
2024-08-14 09:20:17,3.1,23.4272,222318592,545723,43766862
2024-08-14 09:20:23,3.2,23.4272,222318592,545807,43766918
2024-08-14 09:20:28,3.2,23.6158,224108544,548107,43768977
2024-08-14 09:20:33,3.1,23.6158,224108544,548197,43769053
2024-08-14 09:20:38,3.2,23.6158,224108544,548197,43769053
2024-08-14 09:20:43,3.2,23.6158,224108544,548251,43769099
2024-08-14 09:20:48,0,23.643,224366592,548341,43769175
2024-08-14 09:20:54,0,23.8061,225914880,548341,43769175
2024-08-14 09:20:59,0,23.8061,225914880,548341,43769175
2024-08-14 09:21:04,0,23.8061,225914880,548833,43769583
2024-08-14 09:21:09,0,23.8061,225914880,548833,43769583
2024-08-14 09:21:14,0,23.8061,225914880,548833,43769583
2024-08-14 09:21:19,3.1,23.8061,225914880,548965,43769687
2024-08-14 09:21:25,3.2,23.8061,225914880,548965,43769687
2024-08-14 09:21:30,3.1,23.8061,225914880,548965,43769687
2024-08-14 09:21:35,0,23.8061,225914880,549055,43769763
2024-08-14 09:21:40,0,23.8061,225914880,549097,43769791
2024-08-14 09:21:45,0,23.8061,225914880,549151,43769837
2024-08-14 09:21:51,0,23.832,226160640,549241,43769913
2024-08-14 09:21:56,0,23.832,226160640,549241,43769913
2024-08-14 09:22:01,0,23.832,226160640,549241,43769913
2024-08-14 09:22:06,3.2,23.832,226160640,549601,43770217
2024-08-14 09:22:11,0,23.832,226160640,549871,43770321
2024-08-14 09:22:17,0,23.832,226160640,549913,43770349
2024-08-14 09:22:22,0,23.832,226160640,549913,43770349
2024-08-14 09:22:27,3.2,23.832,226160640,550003,43770425
2024-08-14 09:22:32,3.2,23.8281,226123776,552039,43772484
2024-08-14 09:22:37,0,23.8281,226123776,552039,43772484
2024-08-14 09:22:42,3.1,23.8281,226123776,552129,43772560
2024-08-14 09:22:48,5.9,23.8281,226123776,552129,43772560
2024-08-14 09:22:53,3.2,23.8281,226123776,552199,43772560
2024-08-14 09:22:58,3,23.8277,226119680,552289,43772636
2024-08-14 09:23:03,0,23.8277,226119680,552331,43772664
2024-08-14 09:23:08,3.2,23.8273,226115584,552511,43772816
2024-08-14 09:23:14,0,23.8273,226115584,552823,43773072
2024-08-14 09:23:19,0,23.8273,226115584,552823,43773072
2024-08-14 09:23:24,0,23.8273,226115584,552823,43773072
2024-08-14 09:23:29,0,23.8273,226115584,552913,43773148
2024-08-14 09:23:34,0,23.8273,226115584,552955,43773176
2024-08-14 09:23:40,0,23.8273,226115584,552955,43773176
2024-08-14 09:23:45,0,23.8273,226115584,553045,43773252
2024-08-14 09:23:50,0,23.8273,226115584,553045,43773252
2024-08-14 09:23:55,0,23.8273,226115584,553045,43773252
2024-08-14 09:24:00,3.1,23.8273,226115584,553135,43773328
2024-08-14 09:24:05,0,23.8269,226111488,553357,43773384
2024-08-14 09:24:11,0,23.8269,226111488,553357,43773384
2024-08-14 09:24:16,6.2,23.8269,226111488,553505,43773506
2024-08-14 09:24:21,0,23.8269,226111488,553505,43773552
2024-08-14 09:24:26,6.2,23.8269,226111488,553505,43773552
2024-08-14 09:24:31,3.1,23.8269,226111488,555541,43775611
2024-08-14 09:24:37,0,23.8269,226111488,555631,43775687
2024-08-14 09:24:42,3.1,23.8812,226627584,555988,43776357
2024-08-14 09:24:47,0,23.8812,226627584,555988,43776357
2024-08-14 09:24:52,3.1,23.8812,226627584,556078,43776433
2024-08-14 09:24:57,0,23.8812,226627584,556078,43776433
2024-08-14 09:25:03,0,23.8812,226627584,556174,43776507
2024-08-14 09:25:08,0,23.8812,226627584,556264,43776583
2024-08-14 09:25:13,0,23.9084,226885632,556306,43776611
2024-08-14 09:25:18,3.2,24.0988,228691968,556396,43776687
2024-08-14 09:25:23,0,25.0125,237363200,587374,43967057
2024-08-14 09:25:28,0,25.0125,237363200,587428,43967103
2024-08-14 09:25:34,0,25.0125,237363200,587428,43967103
2024-08-14 09:25:39,0,25.0125,237363200,587518,43967179
2024-08-14 09:25:44,0,25.0117,237355008,587518,43967179
2024-08-14 09:25:49,6.1,25.0117,237355008,587518,43967179
2024-08-14 09:25:54,6.1,25.0117,237355008,587608,43967255
2024-08-14 09:26:00,6.2,25.0117,237355008,587830,43967311
2024-08-14 09:26:05,3.2,25.0117,237355008,587830,43967311
2024-08-14 09:26:10,3.2,25.0376,237600768,587920,43967387
2024-08-14 09:26:15,3.1,25.0919,238116864,587920,43967387
2024-08-14 09:26:20,0,25.1463,238632960,587920,43967387
2024-08-14 09:26:25,0,25.2007,239149056,588010,43967463
2024-08-14 09:26:31,6.2,23.0646,218877952,590112,43969470
2024-08-14 09:26:36,0,23.0918,219136000,590112,43969470
2024-08-14 09:26:41,0,23.0918,219136000,590112,43969470
2024-08-14 09:26:46,0,23.0918,219136000,590202,43969546
2024-08-14 09:26:51,0,23.255,220684288,590202,43969546
2024-08-14 09:26:56,0,23.4712,222736384,590244,43969574
2024-08-14 09:27:02,0,23.4712,222736384,590388,43969696
2024-08-14 09:27:07,3.1,23.4712,222736384,590430,43969724
2024-08-14 09:27:12,6,23.4712,222736384,590430,43969724
2024-08-14 09:27:17,3.2,23.4712,222736384,590520,43969800
2024-08-14 09:27:22,0,23.4712,222736384,590520,43969800
2024-08-14 09:27:28,0,23.4712,222736384,590610,43969876
2024-08-14 09:27:33,6.1,23.5251,223248384,590970,43970180
2024-08-14 09:27:38,3.2,23.5523,223506432,591012,43970208
2024-08-14 09:27:43,3.2,23.5523,223506432,591012,43970208
2024-08-14 09:27:48,3.1,23.5523,223506432,591102,43970284
2024-08-14 09:27:54,6.2,23.5782,223752192,591144,43970312
2024-08-14 09:27:59,3.1,23.5782,223752192,591282,43970312
2024-08-14 09:28:04,3.2,23.5782,223752192,591372,43970388
2024-08-14 09:28:09,3.1,23.5782,223752192,591414,43970416
2024-08-14 09:28:14,6.2,23.5782,223752192,591414,43970416
2024-08-14 09:28:19,3.2,23.5782,223752192,591558,43970538
2024-08-14 09:28:25,3.1,23.5782,223752192,591558,43970538
2024-08-14 09:28:30,3.2,23.605,224006144,593594,43972597
2024-08-14 09:28:35,0,23.605,224006144,593684,43972673
2024-08-14 09:28:40,0,23.6322,224264192,593684,43972673
2024-08-14 09:28:45,0,23.7953,225812480,593684,43972673
2024-08-14 09:28:51,0,24.0116,227864576,593816,43972777
2024-08-14 09:28:56,0,24.0388,228122624,593816,43972777
2024-08-14 09:29:01,3.2,24.0388,228122624,593816,43972777
2024-08-14 09:29:06,0,24.0388,228122624,593816,43972777
2024-08-14 09:29:11,0,24.0388,228122624,593906,43972853
2024-08-14 09:29:16,0,24.0932,228638720,593948,43972881
2024-08-14 09:29:22,6,24.2287,229924864,593948,43972881
2024-08-14 09:29:27,0,24.4717,232230912,594038,43972957
2024-08-14 09:29:32,3.2,24.4717,232230912,594038,43972957
2024-08-14 09:29:37,0,24.5805,233263104,594128,43973033
2024-08-14 09:29:42,3.2,24.6077,233521152,594488,43973337
2024-08-14 09:29:48,0,24.6077,233521152,594710,43973393
2024-08-14 09:29:53,0,24.6077,233521152,594710,43973393
2024-08-14 09:29:58,3.2,24.6077,233521152,594800,43973469
2024-08-14 09:30:03,3.2,24.6077,233521152,594800,43973469
2024-08-14 09:30:08,3.2,24.6077,233521152,594800,43973469
2024-08-14 09:30:14,3.2,24.6077,233521152,594890,43973545
2024-08-14 09:30:19,3,24.6077,233521152,594932,43973573
2024-08-14 09:30:24,0,24.6077,233521152,594932,43973573
2024-08-14 09:30:29,0,24.6616,234033152,597322,43975708
2024-08-14 09:30:34,0,24.6616,234033152,597322,43975708
2024-08-14 09:30:39,3.1,24.6616,234033152,597364,43975736
2024-08-14 09:30:45,0,24.6612,234029056,597454,43975812
2024-08-14 09:30:50,3.1,24.6612,234029056,597454,43975812
2024-08-14 09:30:55,0,24.6612,234029056,597454,43975812
2024-08-14 09:31:00,3.2,24.6612,234029056,597544,43975888
2024-08-14 09:31:05,0,24.6612,234029056,597586,43975916
2024-08-14 09:31:11,10.3,24.7579,234946560,655454,44004030
2024-08-14 09:31:16,15.6,24.7518,234889216,678867,44016230
2024-08-14 09:31:21,0,24.7505,234876928,688783,44021721
2024-08-14 09:31:26,0,24.7488,234860544,695037,44025380
2024-08-14 09:31:31,0,24.7484,234856448,701928,44027205
2024-08-14 09:31:37,0,24.7479,234852352,703741,44028497
2024-08-14 09:31:42,3,24.7479,234852352,708689,44030655
2024-08-14 09:31:47,6,24.7479,234852352,713052,44033461
2024-08-14 09:31:52,3.2,24.7479,234852352,715045,44036910
2024-08-14 09:31:57,9.3,24.7479,234852352,719621,44038295
2024-08-14 09:32:02,0,24.7479,234852352,723432,44041055
2024-08-14 09:32:08,0,24.7479,234852352,728088,44049768
2024-08-14 09:32:13,0,24.7479,234852352,733823,44054276
2024-08-14 09:32:18,6.2,24.7479,234852352,738959,44057511
2024-08-14 09:32:23,3,24.7471,234844160,746872,44061189
2024-08-14 09:32:28,6.5,19.1295,181534720,755133,44071762
2024-08-14 09:32:34,0,19.1632,181854208,755307,44071842
2024-08-14 09:32:39,3.1,19.1632,181854208,755451,44071978
2024-08-14 09:32:44,3.1,19.1632,181854208,755451,44071978
2024-08-14 09:32:49,3.2,19.1632,181854208,755451,44071978
2024-08-14 09:32:54,0,19.1627,181850112,755541,44072054
