2024-08-14 09:16:42,6.7,17.3527,164667392,208552,29148267
2024-08-14 09:16:47,3.1,18.5578,176103424,381463,46010583
2024-08-14 09:16:52,0,18.5617,176140288,381553,46010659
2024-08-14 09:16:57,3,18.56,176123904,381553,46010659
2024-08-14 09:17:03,0,18.5889,176398336,381913,46010963
2024-08-14 09:17:08,0,18.6131,176627712,382003,46011039
2024-08-14 09:17:13,0,18.6403,176885760,382045,46011067
2024-08-14 09:17:18,0,18.6403,176885760,382045,46011067
2024-08-14 09:17:23,0,18.7218,177659904,382135,46011143
2024-08-14 09:17:28,6.2,18.7762,178176000,382135,46011143
2024-08-14 09:17:34,3.2,18.8034,178434048,382135,46011143
2024-08-14 09:17:39,3.1,18.9938,180240384,382225,46011219
2024-08-14 09:17:44,3.2,18.9938,180240384,382267,46011247
2024-08-14 09:17:49,3.2,18.9938,180240384,382267,46011247
2024-08-14 09:17:54,3.2,18.9938,180240384,382357,46011323
2024-08-14 09:18:00,0,19.0197,180486144,382357,46011323
2024-08-14 09:18:05,0,19.0197,180486144,382447,46011399
2024-08-14 09:18:10,0,19.0486,180760576,384951,46013790
2024-08-14 09:18:15,6.2,19.0486,180760576,384951,46013790
2024-08-14 09:18:20,3.1,19.0469,180744192,384951,46013790
2024-08-14 09:18:25,3.1,19.0469,180744192,385041,46013866
2024-08-14 09:18:31,0,19.0486,180760576,385233,46013912
2024-08-14 09:18:36,0,19.0486,180760576,385233,46013912
2024-08-14 09:18:41,0,19.0469,180744192,385323,46013988
2024-08-14 09:18:46,6,19.0486,180760576,385323,46013988
2024-08-14 09:18:51,3.2,19.0469,180744192,385323,46013988
2024-08-14 09:18:56,0,19.0486,180760576,385323,46013988
2024-08-14 09:19:02,3.1,19.0469,180744192,385413,46014064
2024-08-14 09:19:07,3.1,19.0447,180723712,385497,46014120
2024-08-14 09:19:12,3,19.0425,180703232,385857,46014424
2024-08-14 09:19:17,0,19.0421,180699136,385947,46014500
2024-08-14 09:19:22,0,19.0421,180699136,385947,46014500
2024-08-14 09:19:28,0,19.0451,180727808,385947,46014500
2024-08-14 09:19:33,0,19.0451,180727808,386037,46014576
2024-08-14 09:19:38,0,19.0434,180711424,386037,46014576
2024-08-14 09:19:43,0,19.0456,180731904,386037,46014576
2024-08-14 09:19:48,0,23.2083,220233728,394055,46023807
2024-08-14 09:19:53,15.6,24.6733,234135552,417016,46038353
2024-08-14 09:19:59,6.2,25.1623,238776320,445955,46055017
2024-08-14 09:20:04,0,25.1623,238776320,456743,46063236
2024-08-14 09:20:09,9.7,25.1597,238751744,468692,46073314
2024-08-14 09:20:14,9.1,25.1597,238751744,478680,46078508
2024-08-14 09:20:19,3.3,25.1865,239005696,499937,46091132
2024-08-14 09:20:25,15.6,25.1878,239017984,529809,46107137
2024-08-14 09:20:30,3.2,25.2124,239251456,578221,46138053
2024-08-14 09:20:35,6.5,25.2128,239255552,607955,46165212
2024-08-14 09:20:40,9.3,25.2124,239251456,624302,46175120
2024-08-14 09:20:45,11.8,25.2106,239235072,641104,46184058
2024-08-14 09:20:50,9.3,25.2085,239214592,657954,46195085
2024-08-14 09:20:56,9.7,25.2093,239222784,682802,46228969
2024-08-14 09:21:01,3.2,25.2201,239325184,696051,46255303
2024-08-14 09:21:06,3.1,25.2201,239325184,696051,46255303
2024-08-14 09:21:11,3.2,25.2236,239357952,696141,46255379
2024-08-14 09:21:16,6.2,25.2219,239341568,696141,46255379
2024-08-14 09:21:22,0,25.2219,239341568,696501,46255683
2024-08-14 09:21:27,0,25.2219,239341568,696591,46255759
2024-08-14 09:21:32,0,25.2219,239341568,696591,46255759
2024-08-14 09:21:37,3.1,25.2219,239341568,696591,46255759
2024-08-14 09:21:42,6.2,25.2236,239357952,696681,46255835
2024-08-14 09:21:47,0,25.2236,239357952,696793,46255863
2024-08-14 09:21:53,0,25.2396,239509504,696793,46255863
2024-08-14 09:21:58,3.1,25.2413,239525888,696925,46255967
2024-08-14 09:22:03,3.2,25.2413,239525888,696925,46255967
2024-08-14 09:22:08,3.2,25.2391,239505408,698961,46258026
2024-08-14 09:22:13,3.2,25.2387,239501312,699189,46258102
2024-08-14 09:22:18,3,25.2404,239517696,699189,46258102
2024-08-14 09:22:24,3.1,25.2404,239517696,699279,46258178
2024-08-14 09:22:29,0,25.2396,239509504,699639,46258482
2024-08-14 09:22:34,0,25.2387,239501312,699639,46258482
2024-08-14 09:22:39,6,25.237,239484928,699639,46258482
2024-08-14 09:22:44,3.2,25.2387,239501312,699729,46258558
2024-08-14 09:22:50,3.2,25.2646,239747072,699813,46258614
2024-08-14 09:22:55,3.2,25.2642,239742976,699813,46258614
2024-08-14 09:23:00,3.2,25.2616,239718400,699903,46258690
2024-08-14 09:23:05,2.9,25.2633,239734784,699903,46258690
2024-08-14 09:23:10,3.2,25.2616,239718400,699903,46258690
2024-08-14 09:23:15,3.2,25.2633,239734784,699903,46258690
2024-08-14 09:23:21,3.2,25.2611,239714304,699993,46258766
2024-08-14 09:23:26,3.2,25.2611,239714304,699993,46258766
2024-08-14 09:23:31,3.2,25.2629,239730688,700353,46259070
2024-08-14 09:23:36,0,25.2624,239726592,700485,46259174
2024-08-14 09:23:41,0,25.2624,239726592,700485,46259174
2024-08-14 09:23:47,0,25.2892,239980544,700527,46259202
2024-08-14 09:23:52,0,25.2892,239980544,700617,46259278
2024-08-14 09:23:57,6.2,25.2892,239980544,700617,46259278
2024-08-14 09:24:02,0,25.2866,239955968,700617,46259278
2024-08-14 09:24:07,0,25.2827,239919104,702881,46261413
2024-08-14 09:24:12,6.2,25.2827,239919104,702881,46261413
2024-08-14 09:24:18,6.2,25.2819,239910912,702881,46261413
2024-08-14 09:24:23,3.1,25.2819,239910912,702971,46261489
2024-08-14 09:24:28,3.2,25.2819,239910912,702971,46261489
2024-08-14 09:24:33,3.1,25.2836,239927296,702971,46261489
2024-08-14 09:24:38,3.1,25.2836,239927296,703151,46261641
2024-08-14 09:24:44,0,25.2853,239943680,703235,46261697
2024-08-14 09:24:49,0,25.2853,239943680,703235,46261697
2024-08-14 09:24:54,0,25.2836,239927296,703325,46261773
2024-08-14 09:24:59,0,25.2853,239943680,703325,46261773
2024-08-14 09:25:04,0,25.2836,239927296,703325,46261773
2024-08-14 09:25:09,0,25.2836,239927296,703415,46261849
2024-08-14 09:25:15,0,25.2853,239943680,703415,46261849
2024-08-14 09:25:20,0,25.2853,239943680,703415,46261849
2024-08-14 09:25:25,0,25.2853,239943680,703415,46261849
2024-08-14 09:25:30,6.1,25.2853,239943680,703505,46261925
2024-08-14 09:25:35,6.2,25.489,241876992,734558,46451985
2024-08-14 09:25:40,3.2,25.4895,241881088,734870,46452241
2024-08-14 09:25:46,3.2,25.5982,242913280,735050,46452393
2024-08-14 09:25:51,3.2,25.6,242929664,735050,46452393
2024-08-14 09:25:56,3.2,25.5982,242913280,735050,46452393
2024-08-14 09:26:01,3.2,25.5982,242913280,735278,46452469
2024-08-14 09:26:06,0,25.843,245235712,737314,46454528
2024-08-14 09:26:12,0,25.8447,245252096,737314,46454528
2024-08-14 09:26:17,0,25.8447,245252096,737404,46454604
2024-08-14 09:26:22,0,25.8447,245252096,737404,46454604
2024-08-14 09:26:27,0,25.8447,245252096,737404,46454604
2024-08-14 09:26:32,6.2,25.843,245235712,737494,46454680
2024-08-14 09:26:37,3,25.8447,245252096,737590,46454754
2024-08-14 09:26:43,3.1,25.843,245235712,737590,46454754
2024-08-14 09:26:48,0,25.843,245235712,737770,46454906
2024-08-14 09:26:53,0,25.843,245235712,737812,46454934
2024-08-14 09:26:58,3.2,25.8447,245252096,737812,46454934
2024-08-14 09:27:03,3.1,25.8447,245252096,737902,46455010
2024-08-14 09:27:09,3.2,25.843,245235712,737902,46455010
2024-08-14 09:27:14,0,25.843,245235712,737902,46455010
2024-08-14 09:27:19,0,25.8447,245252096,738050,46455132
2024-08-14 09:27:24,0,25.8447,245252096,738166,46455132
2024-08-14 09:27:29,0,25.8447,245252096,738224,46455132
2024-08-14 09:27:34,0,25.8447,245252096,738324,46455160
2024-08-14 09:27:40,0,25.843,245235712,738456,46455264
2024-08-14 09:27:45,0,25.843,245235712,738456,46455264
2024-08-14 09:27:50,6.2,25.8426,245231616,738870,46455614
2024-08-14 09:27:55,6,25.8426,245231616,739210,46455736
2024-08-14 09:28:00,6.2,25.8426,245231616,739210,46455736
2024-08-14 09:28:05,31.2,25.8439,245243904,741246,46457795
2024-08-14 09:28:11,0,25.8408,245215232,741336,46457871
2024-08-14 09:28:16,0,25.8408,245215232,741336,46457871
2024-08-14 09:28:21,0,25.8408,245215232,741336,46457871
2024-08-14 09:28:26,0,25.8443,245248000,741426,46457947
2024-08-14 09:28:31,0,25.8426,245231616,741468,46457975
2024-08-14 09:28:37,6.2,25.8426,245231616,741468,46457975
2024-08-14 09:28:42,6.2,25.8443,245248000,741558,46458051
2024-08-14 09:28:47,3.2,25.8426,245231616,741558,46458051
2024-08-14 09:28:52,3.2,25.8426,245231616,741558,46458051
2024-08-14 09:28:57,0,25.8426,245231616,741738,46458203
2024-08-14 09:29:02,0,25.8685,245477376,741780,46458231
2024-08-14 09:29:08,0,25.8697,245489664,741780,46458231
2024-08-14 09:29:13,0,25.8697,245489664,741870,46458307
2024-08-14 09:29:18,0,25.8697,245489664,741870,46458307
2024-08-14 09:29:23,0,25.8697,245489664,741870,46458307
2024-08-14 09:29:28,0,25.8693,245485568,742002,46458411
2024-08-14 09:29:34,0,25.8693,245485568,742002,46458411
2024-08-14 09:29:39,0,25.8693,245485568,742002,46458411
2024-08-14 09:29:44,6.2,25.8693,245485568,742092,46458487
2024-08-14 09:29:49,3.2,25.8693,245485568,742272,46458515
2024-08-14 09:29:54,0,25.8693,245485568,742272,46458515
2024-08-14 09:29:59,0,25.8693,245485568,742542,46458743
2024-08-14 09:30:05,0,25.8672,245465088,742722,46458895
2024-08-14 09:30:10,0,25.8667,245460992,744758,46460954
2024-08-14 09:30:15,0,25.8667,245460992,744758,46460954
2024-08-14 09:30:20,0,25.8667,245460992,744890,46461058
2024-08-14 09:30:25,0,25.8667,245460992,744890,46461058
2024-08-14 09:30:31,0,25.8667,245460992,744890,46461058
2024-08-14 09:30:36,6.1,25.865,245444608,744980,46461134
2024-08-14 09:30:41,3.2,25.865,245444608,745022,46461162
2024-08-14 09:30:46,3.2,25.865,245444608,745022,46461162
2024-08-14 09:30:51,3.1,25.865,245444608,745112,46461238
2024-08-14 09:30:56,0,25.865,245444608,745112,46461238
2024-08-14 09:31:02,0,25.865,245444608,745112,46461238
2024-08-14 09:31:07,0,25.8667,245460992,745292,46461390
2024-08-14 09:31:12,0,25.8667,245460992,745334,46461418
2024-08-14 09:31:17,0,25.8667,245460992,745376,46461446
2024-08-14 09:31:22,19.4,25.8667,245460992,767967,46465322
2024-08-14 09:31:27,0,25.9211,245977088,767967,46465322
2024-08-14 09:31:33,6.2,26.0554,247250944,767967,46465322
2024-08-14 09:31:38,3.2,26.0554,247250944,792127,46470318
2024-08-14 09:31:43,3.1,26.0554,247250944,795367,46476918
2024-08-14 09:31:48,12.9,26.8185,254492672,818250,46481562
2024-08-14 09:31:53,0,26.8983,255250432,819575,46481838
2024-08-14 09:31:59,0,27.0071,256282624,821267,46483290
2024-08-14 09:32:04,0,24.0366,228093952,836901,46493734
2024-08-14 09:32:09,6.2,24.9564,236822528,862246,46510067
2024-08-14 09:32:14,6.2,24.9728,236978176,885653,46524949
2024-08-14 09:32:19,16.1,24.9918,237158400,904986,46536239
2024-08-14 09:32:24,11.7,24.9918,237158400,921276,46545256
2024-08-14 09:32:30,3.2,18.7365,177799168,930935,46554411
2024-08-14 09:32:35,0,18.7365,177799168,930935,46554411
2024-08-14 09:32:40,0,18.7633,178053120,930935,46554411
2024-08-14 09:32:45,0,18.7633,178053120,931025,46554487
2024-08-14 09:32:50,3.2,18.7633,178053120,931025,46554487
2024-08-14 09:32:56,0,18.7633,178053120,931025,46554487
2024-08-14 09:33:01,0,18.7905,178311168,931115,46554563
2024-08-14 09:33:06,6.2,18.9825,180133888,931157,46554591
2024-08-14 09:33:11,3.1,19.0097,180391936,931199,46554619
2024-08-14 09:33:16,0,19.0097,180391936,931379,46554771
2024-08-14 09:33:21,0,19.0102,180396032,931379,46554771
2024-08-14 09:33:27,0,19.0102,180396032,931379,46554771
2024-08-14 09:33:32,0,19.0084,180379648,931527,46554985
2024-08-14 09:33:37,0,19.0084,180379648,931569,46555013
2024-08-14 09:33:42,0,19.1189,181428224,931707,46555013
2024-08-14 09:33:47,0,19.1189,181428224,931797,46555089
2024-08-14 09:33:52,3.2,19.1189,181428224,931797,46555089
2024-08-14 09:33:58,0,19.1189,181428224,931797,46555089
2024-08-14 09:34:03,0,19.1172,181411840,931797,46555089
2024-08-14 09:34:08,0,19.1958,182157312,933965,46557252
2024-08-14 09:34:13,0,19.1958,182157312,933965,46557252
2024-08-14 09:34:18,6.2,19.1958,182157312,934235,46557480
2024-08-14 09:34:24,6.2,19.1975,182173696,934415,46557632
2024-08-14 09:34:29,6.2,19.1975,182173696,934415,46557632
2024-08-14 09:34:34,6.2,19.2234,182419456,934415,46557632
