2024-08-14 09:11:45,9.3,17.6339,167342080,184820,28965259
2024-08-14 09:11:50,0,18.3647,174276608,284265,43565263
2024-08-14 09:11:55,6,18.3647,174276608,284265,43565263
2024-08-14 09:12:01,0,18.3634,174264320,284409,43565385
2024-08-14 09:12:06,3.2,18.3651,174280704,284409,43565385
2024-08-14 09:12:11,3.1,18.5011,175570944,284409,43565385
2024-08-14 09:12:16,0,18.6914,177377280,284499,43565461
2024-08-14 09:12:21,3,18.6914,177377280,284541,43565489
2024-08-14 09:12:27,6.1,18.6914,177377280,284541,43565489
2024-08-14 09:12:32,0,18.7997,178405376,284991,43565869
2024-08-14 09:12:37,3.1,18.7997,178405376,284991,43565869
2024-08-14 09:12:42,0,18.7997,178405376,284991,43565869
2024-08-14 09:12:47,0,18.7997,178405376,285033,43565897
2024-08-14 09:12:53,3.2,18.8541,178921472,285261,43565973
2024-08-14 09:12:58,0,18.8541,178921472,285261,43565973
2024-08-14 09:13:03,0,18.8541,178921472,285261,43565973
2024-08-14 09:13:08,3.2,18.8541,178921472,285351,43566049
2024-08-14 09:13:13,0,18.8541,178921472,285393,43566077
2024-08-14 09:13:19,3,18.8813,179179520,285393,43566077
2024-08-14 09:13:24,5.8,18.8813,179179520,285483,43566153
2024-08-14 09:13:29,3.1,18.8813,179179520,285483,43566153
2024-08-14 09:13:34,3.1,18.8813,179179520,287897,43568312
2024-08-14 09:13:39,3,18.8813,179179520,288167,43568540
2024-08-14 09:13:45,0,18.8813,179179520,288209,43568568
2024-08-14 09:13:50,0,18.8813,179179520,288209,43568568
2024-08-14 09:13:55,3.1,18.8813,179179520,288299,43568644
2024-08-14 09:14:00,0,18.9085,179437568,288299,43568644
2024-08-14 09:14:05,3,18.9357,179695616,288299,43568644
2024-08-14 09:14:11,6,18.9357,179695616,288389,43568720
2024-08-14 09:14:16,3.1,18.9357,179695616,288431,43568748
2024-08-14 09:14:21,6.2,18.9357,179695616,288431,43568748
2024-08-14 09:14:26,3.1,18.9357,179695616,288521,43568824
2024-08-14 09:14:31,3,18.9335,179675136,288521,43568824
2024-08-14 09:14:37,3,18.9335,179675136,288563,43568852
2024-08-14 09:14:42,5.9,18.9331,179671040,289013,43569232
2024-08-14 09:14:47,0,18.9331,179671040,289151,43569232
2024-08-14 09:14:52,0,18.9331,179671040,289151,43569232
2024-08-14 09:14:57,3,18.9327,179666944,289241,43569308
2024-08-14 09:15:03,3,18.9327,179666944,289283,43569336
2024-08-14 09:15:08,0,18.9327,179666944,289283,43569336
2024-08-14 09:15:13,6.2,18.9327,179666944,289283,43569336
2024-08-14 09:15:18,5.8,18.9586,179912704,289373,43569412
2024-08-14 09:15:23,0,18.9586,179912704,289443,43569412
2024-08-14 09:15:29,0,18.9586,179912704,289443,43569412
2024-08-14 09:15:34,3.1,18.9586,179912704,291875,43571575
2024-08-14 09:15:39,3,18.9586,179912704,291875,43571575
2024-08-14 09:15:44,0,18.9581,179908608,292145,43571803
2024-08-14 09:15:49,3,18.9581,179908608,292325,43571955
2024-08-14 09:15:55,3.1,18.9581,179908608,292325,43571955
2024-08-14 09:16:00,3,18.9853,180166656,292325,43571955
2024-08-14 09:16:05,0,18.9853,180166656,292415,43572031
2024-08-14 09:16:10,5.9,18.9853,180166656,292457,43572059
2024-08-14 09:16:15,0,18.9853,180166656,292457,43572059
2024-08-14 09:16:21,3.1,18.9853,180166656,292547,43572135
2024-08-14 09:16:26,3.2,18.9853,180166656,292547,43572135
2024-08-14 09:16:31,5.9,18.9853,180166656,292589,43572163
2024-08-14 09:16:36,3,18.9853,180166656,292679,43572239
2024-08-14 09:16:41,3.2,18.9853,180166656,292817,43572239
2024-08-14 09:16:47,5.8,18.9853,180166656,292817,43572239
2024-08-14 09:16:52,3.1,19.0039,180342784,293267,43572619
2024-08-14 09:16:57,0,19.0013,180318208,293309,43572647
2024-08-14 09:17:02,0,19.0013,180318208,293309,43572647
2024-08-14 09:17:07,0,19.0013,180318208,293399,43572723
2024-08-14 09:17:13,6.1,19.0013,180318208,293399,43572723
2024-08-14 09:17:18,3.1,19.0013,180318208,293399,43572723
2024-08-14 09:17:23,3.2,19.0013,180318208,293489,43572799
2024-08-14 09:17:28,0,19.0013,180318208,293573,43572855
2024-08-14 09:17:33,3.1,19.0009,180314112,295807,43574914
2024-08-14 09:17:39,3.2,19.0009,180314112,295897,43574990
2024-08-14 09:17:44,0,19.0009,180314112,295897,43574990
2024-08-14 09:17:49,0,19.0009,180314112,295897,43574990
2024-08-14 09:17:54,3,19.0009,180314112,296311,43575340
2024-08-14 09:17:59,2.9,19.0009,180314112,296401,43575416
2024-08-14 09:18:05,3.1,18.9996,180301824,296401,43575416
2024-08-14 09:18:10,3.1,18.9987,180293632,296455,43575462
2024-08-14 09:18:15,3.2,18.9987,180293632,296587,43575566
2024-08-14 09:18:20,0,18.9987,180293632,296587,43575566
2024-08-14 09:18:26,0,18.9987,180293632,296629,43575594
2024-08-14 09:18:31,3.2,18.9987,180293632,296719,43575670
2024-08-14 09:18:36,0,18.9987,180293632,296719,43575670
2024-08-14 09:18:41,6.2,18.9987,180293632,296857,43575670
2024-08-14 09:18:46,0,18.9987,180293632,296947,43575746
2024-08-14 09:18:51,3.1,18.9987,180293632,296989,43575774
2024-08-14 09:18:57,3.1,18.9987,180293632,296989,43575774
2024-08-14 09:19:02,0,18.9983,180289536,297493,43576200
2024-08-14 09:19:07,3.2,18.9983,180289536,297493,43576200
2024-08-14 09:19:12,6,18.9983,180289536,297493,43576200
2024-08-14 09:19:17,0,18.9983,180289536,297583,43576276
2024-08-14 09:19:23,0,18.9983,180289536,297625,43576304
2024-08-14 09:19:28,0,18.9983,180289536,297625,43576304
2024-08-14 09:19:33,8.6,18.9979,180285440,299949,43578439
2024-08-14 09:19:38,86.6,24.17,229367808,528078,43729377
2024-08-14 09:19:43,0,24.2093,229740544,578351,43789981
2024-08-14 09:19:49,3.2,24.2093,229740544,578441,43790057
2024-08-14 09:19:54,0,24.2365,229998592,578441,43790057
2024-08-14 09:19:59,6.2,24.2356,229990400,578441,43790057
2024-08-14 09:20:04,3.1,24.2356,229990400,578891,43790437
2024-08-14 09:20:09,5.8,24.2887,230494208,578891,43790437
2024-08-14 09:20:15,3.2,24.3159,230752256,578933,43790465
2024-08-14 09:20:20,0,24.3698,231264256,578933,43790465
2024-08-14 09:20:25,0,24.397,231522304,579023,43790541
2024-08-14 09:20:30,0,24.397,231522304,579065,43790569
2024-08-14 09:20:35,0,24.397,231522304,579203,43790569
2024-08-14 09:20:41,0,24.3949,231501824,581329,43792704
2024-08-14 09:20:46,3.1,24.3949,231501824,581329,43792704
2024-08-14 09:20:51,3,24.4221,231759872,581329,43792704
2024-08-14 09:20:56,3,24.4492,232017920,581419,43792780
2024-08-14 09:21:01,2.9,24.4492,232017920,581419,43792780
2024-08-14 09:21:07,0,24.4492,232017920,581419,43792780
2024-08-14 09:21:12,6,24.4492,232017920,581911,43793188
2024-08-14 09:21:17,3.2,24.4492,232017920,581953,43793216
2024-08-14 09:21:22,3.1,24.4492,232017920,581953,43793216
2024-08-14 09:21:28,3.1,24.4492,232017920,582043,43793292
2024-08-14 09:21:33,3.1,24.4764,232275968,582043,43793292
2024-08-14 09:21:38,3.1,24.5308,232792064,582043,43793292
2024-08-14 09:21:43,3,24.5852,233308160,582133,43793368
2024-08-14 09:21:48,0,24.6124,233566208,582175,43793396
2024-08-14 09:21:54,5.8,24.6124,233566208,582175,43793396
2024-08-14 09:21:59,3.1,24.6124,233566208,582265,43793472
2024-08-14 09:22:04,3.2,24.6124,233566208,582265,43793472
2024-08-14 09:22:09,0,24.6124,233566208,582307,43793500
2024-08-14 09:22:14,6.2,24.6124,233566208,582757,43793880
2024-08-14 09:22:19,3.1,24.7212,234598400,582757,43793880
2024-08-14 09:22:25,0,24.7212,234598400,582895,43793880
2024-08-14 09:22:30,0,24.9115,236404736,584985,43795985
2024-08-14 09:22:35,8.6,24.9094,236384256,585075,43796061
2024-08-14 09:22:40,3.2,24.9094,236384256,585075,43796061
2024-08-14 09:22:45,6.2,24.9094,236384256,585075,43796061
2024-08-14 09:22:51,3.2,24.9094,236384256,585165,43796137
2024-08-14 09:22:56,0,24.9094,236384256,585165,43796137
2024-08-14 09:23:01,3,24.9094,236384256,585165,43796137
2024-08-14 09:23:06,3,24.9089,236380160,585351,43796287
2024-08-14 09:23:11,6,24.9089,236380160,585351,43796287
2024-08-14 09:23:17,3.2,24.9089,236380160,585405,43796333
2024-08-14 09:23:22,3.2,24.9089,236380160,585967,43796741
2024-08-14 09:23:27,3.1,24.9089,236380160,585967,43796741
2024-08-14 09:23:32,3.2,24.9348,236625920,585967,43796741
2024-08-14 09:23:37,0,24.9348,236625920,586057,43796817
2024-08-14 09:23:43,0,24.9348,236625920,586057,43796817
2024-08-14 09:23:48,0,24.9348,236625920,586057,43796817
2024-08-14 09:23:53,0,24.962,236883968,586147,43796893
2024-08-14 09:23:58,6,24.962,236883968,586147,43796893
2024-08-14 09:24:03,3.1,24.962,236883968,586189,43796921
2024-08-14 09:24:09,0,24.9616,236879872,586279,43796997
2024-08-14 09:24:14,0,24.9612,236875776,586321,43797025
2024-08-14 09:24:19,0,24.9612,236875776,586459,43797025
2024-08-14 09:24:24,0,22.1919,210595840,586549,43797101
2024-08-14 09:24:29,3,22.2462,211111936,586549,43797101
2024-08-14 09:24:35,0,22.5151,213663744,588585,43799160
2024-08-14 09:24:40,0,22.5151,213663744,588675,43799236
2024-08-14 09:24:45,0,22.5151,213663744,588675,43799236
2024-08-14 09:24:50,0,22.5423,213921792,588675,43799236
2024-08-14 09:24:55,3.1,22.5695,214179840,588675,43799236
2024-08-14 09:25:01,2.9,22.5695,214179840,588807,43799340
2024-08-14 09:25:06,3.1,22.5967,214437888,588807,43799340
2024-08-14 09:25:11,3.1,22.7599,215986176,588807,43799340
2024-08-14 09:25:16,3.1,22.8686,217018368,588897,43799416
2024-08-14 09:25:22,3.2,22.923,217534464,588939,43799444
2024-08-14 09:25:27,3,24.0806,228519936,619773,43989587
2024-08-14 09:25:32,3,24.0806,228519936,620133,43989891
2024-08-14 09:25:37,0,24.1078,228777984,620133,43989891
2024-08-14 09:25:42,3.1,24.1622,229294080,620133,43989891
2024-08-14 09:25:47,0,24.1622,229294080,620223,43989967
2024-08-14 09:25:53,3.1,24.1622,229294080,620265,43989995
2024-08-14 09:25:58,6.2,24.1622,229294080,620265,43989995
2024-08-14 09:26:03,0,24.1622,229294080,620355,43990071
2024-08-14 09:26:08,8.6,24.1622,229294080,620535,43990099
2024-08-14 09:26:14,0,24.1622,229294080,620535,43990099
2024-08-14 09:26:19,0,24.1622,229294080,620625,43990175
2024-08-14 09:26:24,0,24.1622,229294080,620625,43990175
2024-08-14 09:26:29,0,24.1622,229294080,620625,43990175
2024-08-14 09:26:34,0,24.1622,229294080,622751,43992310
2024-08-14 09:26:40,6.1,24.1622,229294080,622751,43992310
2024-08-14 09:26:45,3.2,24.1622,229294080,622751,43992310
2024-08-14 09:26:50,3,24.2162,229806080,622883,43992414
2024-08-14 09:26:55,0,24.2434,230064128,622883,43992414
2024-08-14 09:27:00,0,24.2978,230580224,622883,43992414
2024-08-14 09:27:06,3.2,24.2978,230580224,622973,43992490
2024-08-14 09:27:11,0,24.2978,230580224,623015,43992518
2024-08-14 09:27:16,3,24.2978,230580224,623015,43992518
2024-08-14 09:27:21,3.2,24.2978,230580224,623015,43992518
2024-08-14 09:27:26,0,24.378,231342080,623105,43992594
2024-08-14 09:27:32,5.8,24.4052,231600128,623105,43992594
2024-08-14 09:27:37,0,24.4052,231600128,623285,43992746
2024-08-14 09:27:42,0,24.4048,231596032,623555,43992974
2024-08-14 09:27:47,3.1,24.5947,233398272,623597,43993002
2024-08-14 09:27:52,3.1,24.8381,235708416,623597,43993002
2024-08-14 09:27:58,3.2,24.8653,235966464,623687,43993078
2024-08-14 09:28:03,0,24.8653,235966464,623867,43993106
2024-08-14 09:28:08,3,24.8653,235966464,623867,43993106
2024-08-14 09:28:13,3.1,24.8653,235966464,623957,43993182
2024-08-14 09:28:18,3,24.8653,235966464,623957,43993182
2024-08-14 09:28:24,3.1,24.8653,235966464,623957,43993182
2024-08-14 09:28:29,3.1,24.8653,235966464,624047,43993258
2024-08-14 09:28:34,3.1,24.8908,236208128,626083,43995317
2024-08-14 09:28:39,5.9,24.8908,236208128,626083,43995317
2024-08-14 09:28:44,0,24.8908,236208128,626215,43995421
2024-08-14 09:28:50,3,24.8908,236208128,626215,43995421
2024-08-14 09:28:55,3.1,24.8908,236208128,626215,43995421
2024-08-14 09:29:00,0,24.8908,236208128,626305,43995497
2024-08-14 09:29:05,0,24.8908,236208128,626347,43995525
2024-08-14 09:29:10,3.2,24.8908,236208128,626347,43995525
2024-08-14 09:29:16,0,24.8908,236208128,626437,43995601
2024-08-14 09:29:21,0,24.8908,236208128,626437,43995601
2024-08-14 09:29:26,0,24.8908,236208128,626437,43995601
2024-08-14 09:29:31,0,24.8908,236208128,626527,43995677
2024-08-14 09:29:36,3.1,24.8908,236208128,626569,43995705
2024-08-14 09:29:42,3.1,24.8908,236208128,626611,43995733
2024-08-14 09:29:47,3.2,24.8908,236208128,626791,43995885
2024-08-14 09:29:52,2.9,24.8904,236204032,627061,43996113
2024-08-14 09:29:57,6.2,24.8904,236204032,627199,43996113
2024-08-14 09:30:02,5.8,24.8904,236204032,627199,43996113
2024-08-14 09:30:08,3.2,24.8904,236204032,627487,43996241
2024-08-14 09:30:13,3.1,24.8904,236204032,627595,43996269
2024-08-14 09:30:18,0,24.8904,236204032,627595,43996269
2024-08-14 09:30:23,0,24.9163,236449792,627751,43996345
2024-08-14 09:30:28,3.1,24.9158,236445696,627751,43996345
2024-08-14 09:30:34,3.1,24.915,236437504,629787,43998404
2024-08-14 09:30:39,0,24.9145,236433408,629985,43998508
2024-08-14 09:30:44,2.9,24.9145,236433408,629985,43998508
2024-08-14 09:30:49,0,24.9145,236433408,629985,43998508
2024-08-14 09:30:54,6.1,24.9145,236433408,630075,43998584
2024-08-14 09:31:00,0,24.9145,236433408,630075,43998584
2024-08-14 09:31:05,3,24.9145,236433408,630075,43998584
2024-08-14 09:31:10,3.1,24.9145,236433408,630165,43998660
2024-08-14 09:31:15,3.1,25.4856,241852416,669438,44014025
2024-08-14 09:31:20,0,25.5024,242012160,681449,44023145
2024-08-14 09:31:26,9.1,25.4951,241942528,689174,44028013
2024-08-14 09:31:31,8.6,25.4951,241942528,697303,44029737
2024-08-14 09:31:36,0,25.4951,241942528,697369,44029789
2024-08-14 09:31:41,6,25.4951,241942528,703234,44032525
2024-08-14 09:31:46,3.1,25.4951,241942528,708330,44036161
2024-08-14 09:31:52,3.1,25.4951,241942528,709314,44039707
2024-08-14 09:31:57,3.1,25.4951,241942528,712619,44040711
2024-08-14 09:32:02,0,25.4951,241942528,718721,44042701
2024-08-14 09:32:07,3.2,25.4951,241942528,725223,44052199
2024-08-14 09:32:12,5.8,25.4951,241942528,733448,44058939
2024-08-14 09:32:18,0,25.4951,241942528,736180,44060356
2024-08-14 09:32:23,3,25.4946,241938432,748220,44066032
2024-08-14 09:32:28,12.5,25.4925,241917952,775078,44081467
2024-08-14 09:32:33,3,25.505,242036736,789348,44094735
2024-08-14 09:32:39,0,25.505,242036736,789348,44094735
2024-08-14 09:32:44,6.2,25.505,242036736,789348,44094735
2024-08-14 09:32:49,0,25.505,242036736,789438,44094811
2024-08-14 09:32:54,3.1,25.505,242036736,789438,44094811
2024-08-14 09:32:59,0,25.505,242036736,789438,44094811
2024-08-14 09:33:05,0,25.5046,242032640,789528,44094887
2024-08-14 09:33:10,3.1,25.5046,242032640,789528,44094887
2024-08-14 09:33:15,0,25.5046,242032640,789528,44094887
2024-08-14 09:33:20,3,25.5046,242032640,789618,44094963
2024-08-14 09:33:25,0,25.5046,242032640,789702,44095019
2024-08-14 09:33:31,3.2,25.5046,242032640,789756,44095065
2024-08-14 09:33:36,0,25.5046,242032640,789846,44095141
2024-08-14 09:33:41,6.1,25.5046,242032640,790020,44095187
