2024-08-14 09:14:13,14.7,17.5326,166379520,217146,34039719
2024-08-14 09:14:19,0,17.7212,168169472,307691,43532183
2024-08-14 09:14:24,0,17.7208,168165376,307691,43532183
2024-08-14 09:14:29,0,17.748,168423424,307733,43532211
2024-08-14 09:14:34,0,17.7484,168427520,307823,43532287
2024-08-14 09:14:40,3,17.748,168423424,307961,43532287
2024-08-14 09:14:45,3.1,17.748,168423424,307961,43532287
2024-08-14 09:14:50,0,17.8023,168939520,308231,43532515
2024-08-14 09:14:55,0,17.8036,168951808,308453,43532695
2024-08-14 09:15:00,0,17.8295,169197568,308453,43532695
2024-08-14 09:15:06,3.1,17.8295,169197568,308453,43532695
2024-08-14 09:15:11,3.1,17.9633,170467328,308543,43532771
2024-08-14 09:15:16,3.1,18.0177,170983424,308543,43532771
2024-08-14 09:15:21,3.2,18.1265,172015616,310711,43534830
2024-08-14 09:15:26,3,18.1265,172015616,310885,43534962
2024-08-14 09:15:32,0,18.1265,172015616,310955,43534962
2024-08-14 09:15:37,6.1,18.1265,172015616,310955,43534962
2024-08-14 09:15:42,3.2,18.1265,172015616,311045,43535038
2024-08-14 09:15:47,3,18.1265,172015616,311045,43535038
2024-08-14 09:15:52,3.1,18.1524,172261376,311135,43535114
2024-08-14 09:15:58,0,18.1791,172515328,311537,43535446
2024-08-14 09:16:03,3.1,18.2063,172773376,311537,43535446
2024-08-14 09:16:08,0,18.2862,173531136,311537,43535446
2024-08-14 09:16:13,3.1,18.3406,174047232,311627,43535522
2024-08-14 09:16:18,3.2,18.3406,174047232,311669,43535550
2024-08-14 09:16:24,5.7,18.3384,174026752,311669,43535550
2024-08-14 09:16:29,0,18.3384,174026752,311759,43535626
2024-08-14 09:16:34,0,18.4472,175058944,311939,43535654
2024-08-14 09:16:39,3.2,18.4472,175058944,311939,43535654
2024-08-14 09:16:44,3.1,18.4472,175058944,312029,43535730
2024-08-14 09:16:50,0,18.4472,175058944,312029,43535730
2024-08-14 09:16:55,0,18.4472,175058944,312029,43535730
2024-08-14 09:17:00,3.1,18.4463,175050752,312299,43535958
2024-08-14 09:17:05,0,18.4463,175050752,312521,43536138
2024-08-14 09:17:10,3.1,18.4463,175050752,312521,43536138
2024-08-14 09:17:16,0,18.4463,175050752,312563,43536166
2024-08-14 09:17:21,3.2,18.4463,175050752,314953,43538301
2024-08-14 09:17:26,3.1,18.4463,175050752,314953,43538301
2024-08-14 09:17:31,3.1,18.4463,175050752,314953,43538301
2024-08-14 09:17:36,0,18.4463,175050752,315043,43538377
2024-08-14 09:17:42,3.1,18.4463,175050752,315043,43538377
2024-08-14 09:17:47,0,18.4463,175050752,315043,43538377
2024-08-14 09:17:52,0,18.4463,175050752,315133,43538453
2024-08-14 09:17:57,0,18.4463,175050752,315175,43538481
2024-08-14 09:18:02,0,18.4463,175050752,315265,43538557
2024-08-14 09:18:07,3,18.4463,175050752,315625,43538861
2024-08-14 09:18:13,0,18.4463,175050752,315667,43538889
2024-08-14 09:18:18,0,18.4463,175050752,315667,43538889
2024-08-14 09:18:23,0,18.4463,175050752,315757,43538965
2024-08-14 09:18:28,0,18.4463,175050752,315937,43538993
2024-08-14 09:18:33,3.1,18.4463,175050752,315937,43538993
2024-08-14 09:18:39,3.2,18.4463,175050752,316027,43539069
2024-08-14 09:18:44,0,18.4463,175050752,316081,43539115
2024-08-14 09:18:49,3.1,18.4463,175050752,316081,43539115
2024-08-14 09:18:54,3.1,18.5007,175566848,316171,43539191
2024-08-14 09:18:59,3.1,18.5007,175566848,316213,43539219
2024-08-14 09:19:05,3.1,18.5823,176340992,316213,43539219
2024-08-14 09:19:10,3.1,18.6095,176599040,316759,43539719
2024-08-14 09:19:15,5.8,18.6086,176590848,316759,43539719
2024-08-14 09:19:20,3.2,18.9207,179552256,318861,43541778
2024-08-14 09:19:25,0,18.9207,179552256,318861,43541778
2024-08-14 09:19:31,3.1,18.9207,179552256,318951,43541854
2024-08-14 09:19:36,3,18.9207,179552256,318951,43541854
2024-08-14 09:19:41,6.9,22.5252,213757952,323819,43545978
2024-08-14 09:19:46,15.1,23.9828,227590144,385090,43586718
2024-08-14 09:19:51,3.2,23.9828,227590144,395758,43595510
2024-08-14 09:19:57,6.2,24.0082,227831808,417481,43608112
2024-08-14 09:20:02,9.4,24.0078,227827712,431893,43614057
2024-08-14 09:20:07,2.9,24.0333,228069376,440048,43621357
2024-08-14 09:20:12,0,24.0333,228069376,449487,43625868
2024-08-14 09:20:18,8.8,24.0333,228069376,467184,43636939
2024-08-14 09:20:23,0,24.0397,228130816,546466,43697141
2024-08-14 09:20:28,3,24.0384,228118528,577563,43720979
2024-08-14 09:20:33,3,24.0665,228384768,592016,43734960
2024-08-14 09:20:38,6.1,24.0678,228397056,603607,43746848
2024-08-14 09:20:44,3.1,24.0691,228409344,613158,43757680
2024-08-14 09:20:49,2.9,24.0687,228405248,618322,43760443
2024-08-14 09:20:54,3.1,24.0687,228405248,623991,43763581
2024-08-14 09:20:59,0,24.0721,228438016,637691,43785214
2024-08-14 09:21:04,0,24.098,228683776,637823,43785318
2024-08-14 09:21:10,3.1,24.098,228683776,637823,43785318
2024-08-14 09:21:15,0,24.098,228683776,637823,43785318
2024-08-14 09:21:20,0,24.0963,228667392,640309,43787757
2024-08-14 09:21:25,0,24.0963,228667392,640309,43787757
2024-08-14 09:21:30,3.2,24.0963,228667392,640309,43787757
2024-08-14 09:21:36,6.2,24.0963,228667392,640399,43787833
2024-08-14 09:21:41,6.1,24.0963,228667392,640399,43787833
2024-08-14 09:21:46,3.2,24.0963,228667392,640399,43787833
2024-08-14 09:21:51,6.2,24.0963,228667392,640399,43787833
2024-08-14 09:21:56,3.1,24.098,228683776,640531,43787937
2024-08-14 09:22:01,3.1,24.098,228683776,640573,43787965
2024-08-14 09:22:07,3.1,24.098,228683776,640573,43787965
2024-08-14 09:22:12,0,24.098,228683776,640801,43788041
2024-08-14 09:22:17,3.1,24.098,228683776,640801,43788041
2024-08-14 09:22:22,3.1,24.0959,228663296,640891,43788117
2024-08-14 09:22:27,0,24.0959,228663296,641251,43788421
2024-08-14 09:22:33,3.2,24.0959,228663296,641293,43788449
2024-08-14 09:22:38,0,24.0959,228663296,641293,43788449
2024-08-14 09:22:43,0,24.0959,228663296,641383,43788525
2024-08-14 09:22:48,0,24.0959,228663296,641383,43788525
2024-08-14 09:22:54,3.1,24.0959,228663296,641425,43788553
2024-08-14 09:22:59,8.4,24.0954,228659200,641515,43788629
2024-08-14 09:23:04,3.1,24.0954,228659200,641557,43788657
2024-08-14 09:23:09,3.1,24.0954,228659200,641557,43788657
2024-08-14 09:23:14,3,24.095,228655104,641647,43788733
2024-08-14 09:23:20,18.7,24.1494,229171200,643737,43790838
2024-08-14 09:23:25,3.1,24.1489,229167104,643827,43790914
2024-08-14 09:23:30,0,24.1489,229167104,644187,43791218
2024-08-14 09:23:35,3,24.1494,229171200,644187,43791218
2024-08-14 09:23:40,3.1,24.1494,229171200,644187,43791218
2024-08-14 09:23:46,3.2,24.1494,229171200,644277,43791294
2024-08-14 09:23:51,0,24.1494,229171200,644319,43791322
2024-08-14 09:23:56,6.2,24.1494,229171200,644319,43791322
2024-08-14 09:24:01,5.8,24.3125,230719488,644389,43791322
2024-08-14 09:24:06,5.9,24.3397,230977536,644659,43791426
2024-08-14 09:24:12,6.2,24.3397,230977536,644659,43791426
2024-08-14 09:24:17,0,24.3397,230977536,644659,43791426
2024-08-14 09:24:22,0,24.3393,230973440,644749,43791502
2024-08-14 09:24:27,3,24.3393,230973440,644749,43791502
2024-08-14 09:24:32,3,24.3393,230973440,644839,43791578
2024-08-14 09:24:38,3,24.3393,230973440,644971,43791682
2024-08-14 09:24:43,3,24.3393,230973440,644971,43791682
2024-08-14 09:24:48,0,24.3393,230973440,645013,43791710
2024-08-14 09:24:53,2.9,24.3393,230973440,645103,43791786
2024-08-14 09:24:58,0,24.3393,230973440,645103,43791786
2024-08-14 09:25:04,3.1,24.3393,230973440,645103,43791786
2024-08-14 09:25:09,0,24.3393,230973440,645193,43791862
2024-08-14 09:25:14,3,24.3393,230973440,645235,43791890
2024-08-14 09:25:19,0,24.3393,230973440,645235,43791890
2024-08-14 09:25:24,3.1,24.3937,231489536,647361,43794025
2024-08-14 09:25:30,3,24.3954,231505920,647361,43794025
2024-08-14 09:25:35,3.1,24.521,232697856,678569,43984263
2024-08-14 09:25:40,3.1,24.521,232697856,678929,43984567
2024-08-14 09:25:45,3.2,24.521,232697856,678971,43984595
2024-08-14 09:25:50,0,24.521,232697856,678971,43984595
2024-08-14 09:25:56,3,24.5482,232955904,679199,43984671
2024-08-14 09:26:01,3.2,24.5482,232955904,679199,43984671
2024-08-14 09:26:06,0,24.5482,232955904,679199,43984671
2024-08-14 09:26:11,0,24.5754,233213952,679289,43984747
2024-08-14 09:26:17,0,24.6285,233717760,679331,43984775
2024-08-14 09:26:22,8.6,24.6285,233717760,679331,43984775
2024-08-14 09:26:27,0,24.6285,233717760,679331,43984775
2024-08-14 09:26:32,0,24.6285,233717760,679421,43984851
2024-08-14 09:26:37,8.4,24.6285,233717760,679463,43984879
2024-08-14 09:26:43,0,24.628,233713664,679553,43984955
2024-08-14 09:26:48,6.2,24.628,233713664,679643,43985031
2024-08-14 09:26:53,3.2,24.628,233713664,679685,43985059
2024-08-14 09:26:58,6.1,24.628,233713664,679685,43985059
2024-08-14 09:27:03,5.9,24.628,233713664,679775,43985135
2024-08-14 09:27:09,3.1,24.6552,233971712,679775,43985135
2024-08-14 09:27:14,5.8,24.6552,233971712,679775,43985135
2024-08-14 09:27:19,3.2,24.6552,233971712,679865,43985211
2024-08-14 09:27:24,3,24.6824,234229760,681901,43987270
2024-08-14 09:27:29,0,24.6816,234221568,681901,43987270
2024-08-14 09:27:35,3.2,24.6816,234221568,682033,43987374
2024-08-14 09:27:40,3,24.6816,234221568,682033,43987374
2024-08-14 09:27:45,0,24.6811,234217472,682213,43987526
2024-08-14 09:27:50,0,24.6811,234217472,682393,43987678
2024-08-14 09:27:55,3,24.6811,234217472,682573,43987706
2024-08-14 09:28:00,8.4,24.6811,234217472,682573,43987706
2024-08-14 09:28:06,3.2,24.6811,234217472,682663,43987782
2024-08-14 09:28:11,0,24.6811,234217472,682663,43987782
2024-08-14 09:28:16,0,24.6811,234217472,682663,43987782
2024-08-14 09:28:21,0,24.6811,234217472,682753,43987858
2024-08-14 09:28:27,0,24.6811,234217472,682795,43987886
2024-08-14 09:28:32,6.1,24.6811,234217472,682837,43987914
2024-08-14 09:28:37,3.1,24.6811,234217472,682927,43987990
2024-08-14 09:28:42,2.9,24.6811,234217472,682927,43987990
2024-08-14 09:28:47,0,24.6811,234217472,682927,43987990
2024-08-14 09:28:53,0,24.6811,234217472,683017,43988066
2024-08-14 09:28:58,6,24.6811,234217472,683149,43988170
2024-08-14 09:29:03,0,24.6811,234217472,683149,43988170
2024-08-14 09:29:08,3.1,24.6811,234217472,683149,43988170
2024-08-14 09:29:13,3.2,24.6811,234217472,683239,43988246
2024-08-14 09:29:18,3.2,24.6811,234217472,683239,43988246
2024-08-14 09:29:24,3.2,24.6811,234217472,685341,43990305
2024-08-14 09:29:29,0,24.6811,234217472,685473,43990409
2024-08-14 09:29:34,3.1,24.6811,234217472,685473,43990409
2024-08-14 09:29:39,6.2,24.6811,234217472,685473,43990409
2024-08-14 09:29:44,3.2,24.6811,234217472,685563,43990485
2024-08-14 09:29:50,0,24.6811,234217472,685743,43990513
2024-08-14 09:29:55,0,24.6811,234217472,685923,43990665
2024-08-14 09:30:00,6,24.6807,234213376,686103,43990817
2024-08-14 09:30:05,0,24.6807,234213376,686103,43990817
2024-08-14 09:30:10,0,24.6807,234213376,686103,43990817
2024-08-14 09:30:16,3.2,24.6807,234213376,686193,43990893
2024-08-14 09:30:21,0,24.6785,234192896,688271,43992980
2024-08-14 09:30:26,3.1,24.6785,234192896,688313,43993008
2024-08-14 09:30:31,0,24.6785,234192896,688403,43993084
2024-08-14 09:30:36,3.2,24.6785,234192896,688457,43993136
2024-08-14 09:30:42,3.2,24.6785,234192896,688457,43993136
2024-08-14 09:30:47,3.2,24.6785,234192896,688547,43993212
2024-08-14 09:30:52,0,24.6785,234192896,688589,43993240
2024-08-14 09:30:57,0,24.6785,234192896,688589,43993240
2024-08-14 09:31:02,8.1,24.6785,234192896,688769,43993392
2024-08-14 09:31:08,0,24.6781,234188800,688823,43993438
2024-08-14 09:31:13,6.1,24.6781,234188800,688823,43993438
2024-08-14 09:31:18,72.7,24.8676,235986944,692754,43995390
2024-08-14 09:31:23,0,25.0308,237535232,711539,43997514
2024-08-14 09:31:28,0,25.0579,237793280,723651,44005014
2024-08-14 09:31:34,6.2,25.0579,237793280,723651,44005014
2024-08-14 09:31:39,3.1,25.0579,237793280,733549,44007302
2024-08-14 09:31:44,3,25.0575,237789184,735296,44012071
2024-08-14 09:31:49,3.1,25.0575,237789184,737439,44014658
2024-08-14 09:31:54,2.9,25.0575,237789184,745124,44015854
2024-08-14 09:32:00,5.8,25.1115,238301184,747157,44018623
2024-08-14 09:32:05,2.9,25.1913,239058944,749509,44027205
2024-08-14 09:32:10,0,25.1844,238993408,774865,44044295
2024-08-14 09:32:15,8.6,25.1758,238911488,794832,44055773
2024-08-14 09:32:21,0,25.1758,238911488,808904,44063242
2024-08-14 09:32:26,3,25.1758,238911488,816900,44068318
2024-08-14 09:32:31,3.2,18.9099,179449856,822970,44075454
2024-08-14 09:32:36,0,19.1261,181501952,822970,44075454
2024-08-14 09:32:41,0,19.2077,182276096,823060,44075530
2024-08-14 09:32:47,6,19.2073,182272000,827684,44083611
2024-08-14 09:32:52,3.1,19.2073,182272000,827684,44083611
2024-08-14 09:32:57,0,19.2068,182267904,827906,44083843
2024-08-14 09:33:02,3.1,19.2068,182267904,827906,44083843
2024-08-14 09:33:07,3.2,19.234,182525952,827960,44083889
2024-08-14 09:33:12,3.1,19.234,182525952,828224,44084097
2024-08-14 09:33:18,3.1,19.2884,183042048,828224,44084097
2024-08-14 09:33:23,3.2,19.3937,184041472,830524,44086156
2024-08-14 09:33:28,6.1,19.3937,184041472,830752,44086232
2024-08-14 09:33:33,3,19.4179,184270848,830752,44086232
2024-08-14 09:33:38,3.1,19.4196,184287232,830752,44086232
2024-08-14 09:33:44,3,19.4196,184287232,830806,44086284
2024-08-14 09:33:49,3.2,19.4196,184287232,830896,44086360
2024-08-14 09:33:54,2.9,19.4196,184287232,830896,44086360
