2024-08-14 09:12:19,17.7,17.5114,166178816,172262,27937794
2024-08-14 09:12:24,3.1,17.7877,168800256,271395,43527770
2024-08-14 09:12:29,3.1,17.7877,168800256,271809,43528196
2024-08-14 09:12:34,3.1,17.7877,168800256,271953,43528242
2024-08-14 09:12:39,0,17.7877,168800256,271953,43528242
2024-08-14 09:12:45,3,17.7877,168800256,272091,43528242
2024-08-14 09:12:50,0,17.7877,168800256,272181,43528318
2024-08-14 09:12:55,3,17.7877,168800256,272223,43528346
2024-08-14 09:13:00,0,17.7877,168800256,272265,43528374
2024-08-14 09:13:05,3.1,17.7877,168800256,272355,43528450
2024-08-14 09:13:11,0,17.7877,168800256,272355,43528450
2024-08-14 09:13:16,0,17.7877,168800256,272355,43528450
2024-08-14 09:13:21,0,17.7877,168800256,272445,43528526
2024-08-14 09:13:26,0,17.7877,168800256,272487,43528554
2024-08-14 09:13:31,3.1,17.8421,169316352,272667,43528706
2024-08-14 09:13:37,0,17.8421,169316352,272937,43528934
2024-08-14 09:13:42,5.8,17.9236,170090496,272991,43529026
2024-08-14 09:13:47,3.1,17.9228,170082304,272991,43529026
2024-08-14 09:13:52,0,17.9228,170082304,273081,43529102
2024-08-14 09:13:57,0,17.9228,170082304,273165,43529158
2024-08-14 09:14:03,3.1,17.9228,170082304,273165,43529158
2024-08-14 09:14:08,3.2,17.9759,170586112,273255,43529234
2024-08-14 09:14:13,0,18.2452,173142016,275291,43531294
2024-08-14 09:14:18,3.2,18.2452,173142016,275291,43531294
2024-08-14 09:14:23,3.1,18.2452,173142016,275381,43531370
2024-08-14 09:14:29,0,18.2452,173142016,275381,43531370
2024-08-14 09:14:34,3.2,18.2452,173142016,275435,43531462
2024-08-14 09:14:39,3.1,18.2448,173137920,276065,43531870
2024-08-14 09:14:44,3,18.2448,173137920,276065,43531870
2024-08-14 09:14:49,3,18.2448,173137920,276065,43531870
2024-08-14 09:14:54,3,18.2448,173137920,276107,43531898
2024-08-14 09:15:00,2.9,18.2448,173137920,276251,43532066
2024-08-14 09:15:05,6.4,18.2448,173137920,276251,43532066
2024-08-14 09:15:10,0,18.2448,173137920,276251,43532066
2024-08-14 09:15:15,0,18.2426,173117440,276341,43532142
2024-08-14 09:15:20,3,18.2426,173117440,276507,43532216
2024-08-14 09:15:26,0,18.2426,173117440,276507,43532216
2024-08-14 09:15:31,0,18.2426,173117440,276597,43532292
2024-08-14 09:15:36,0,18.2426,173117440,276597,43532292
2024-08-14 09:15:41,3,18.2422,173113344,276777,43532444
2024-08-14 09:15:46,0,18.2422,173113344,277131,43532728
2024-08-14 09:15:52,0,18.2422,173113344,277131,43532728
2024-08-14 09:15:57,0,18.2422,173113344,277131,43532728
2024-08-14 09:16:02,5.9,18.2422,173113344,277275,43532850
2024-08-14 09:16:07,3,18.2422,173113344,277275,43532850
2024-08-14 09:16:12,0,18.2689,173367296,279311,43534910
2024-08-14 09:16:18,3.1,18.3233,173883392,279401,43534986
2024-08-14 09:16:23,0,18.3777,174399488,279401,43534986
2024-08-14 09:16:28,6.1,18.4865,175431680,279539,43534986
2024-08-14 09:16:33,6.2,18.5939,176451584,279629,43535062
2024-08-14 09:16:38,3,18.5939,176451584,279671,43535090
2024-08-14 09:16:44,0,18.5939,176451584,279713,43535118
2024-08-14 09:16:49,0,18.5939,176451584,280163,43535498
2024-08-14 09:16:54,3.1,18.5939,176451584,280163,43535498
2024-08-14 09:16:59,6,18.5939,176451584,280163,43535498
2024-08-14 09:17:04,6.1,18.5939,176451584,280163,43535498
2024-08-14 09:17:10,0,18.5939,176451584,280253,43535574
2024-08-14 09:17:15,0,18.5939,176451584,280295,43535602
2024-08-14 09:17:20,5.8,18.5939,176451584,280295,43535602
2024-08-14 09:17:25,0,18.6138,176640000,280385,43535678
2024-08-14 09:17:30,0,18.6384,176873472,280385,43535678
2024-08-14 09:17:36,0,18.6656,177131520,280385,43535678
2024-08-14 09:17:41,8.6,18.7726,178147328,280517,43535782
2024-08-14 09:17:46,3.1,18.7726,178147328,280559,43535810
2024-08-14 09:17:51,0,18.7998,178405376,280919,43536114
2024-08-14 09:17:56,0,18.827,178663424,281009,43536190
2024-08-14 09:18:02,3,18.8814,179179520,281009,43536190
2024-08-14 09:18:07,0,18.9358,179695616,281009,43536190
2024-08-14 09:18:12,0,19.2073,182272000,283135,43538326
2024-08-14 09:18:17,0,19.2073,182272000,283135,43538326
2024-08-14 09:18:23,0,19.2345,182530048,283273,43538326
2024-08-14 09:18:28,0,19.2345,182530048,283363,43538402
2024-08-14 09:18:33,6.1,19.2336,182521856,283363,43538402
2024-08-14 09:18:38,0,19.2595,182767616,283405,43538430
2024-08-14 09:18:43,3.1,19.3683,183799808,283495,43538506
2024-08-14 09:18:49,5.8,19.5301,185335808,283591,43538580
2024-08-14 09:18:54,0,17.0138,161456128,283681,43538656
2024-08-14 09:18:59,0,17.0129,161447936,284041,43538960
2024-08-14 09:19:04,0,17.0945,162222080,284041,43538960
2024-08-14 09:19:09,0,17.202,163241984,284041,43538960
2024-08-14 09:19:15,0,17.3086,164253696,284131,43539036
2024-08-14 09:19:20,3.1,17.3629,164769792,284173,43539064
2024-08-14 09:19:25,0,17.3901,165027840,284173,43539064
2024-08-14 09:19:30,0,17.4989,166060032,284263,43539140
2024-08-14 09:19:35,3.1,17.5261,166318080,284305,43539168
2024-08-14 09:19:41,78.1,22.7755,216133632,462043,43645385
2024-08-14 09:19:46,8.6,22.9236,217538560,557986,43743166
2024-08-14 09:19:51,3,22.9767,218042368,560635,43748409
2024-08-14 09:19:56,3.1,22.9767,218042368,562807,43753907
2024-08-14 09:20:01,3,22.9767,218042368,563167,43754211
2024-08-14 09:20:07,6.1,23.0582,218816512,563257,43754287
2024-08-14 09:20:12,3.2,23.3008,221118464,565431,43756347
2024-08-14 09:20:17,5.9,23.3008,221118464,565431,43756347
2024-08-14 09:20:22,3.2,23.3008,221118464,565521,43756423
2024-08-14 09:20:28,0,23.3008,221118464,565563,43756451
2024-08-14 09:20:33,3.1,23.3267,221364224,565563,43756451
2024-08-14 09:20:38,3.1,23.3267,221364224,565653,43756527
2024-08-14 09:20:43,3.1,23.3267,221364224,565695,43756555
2024-08-14 09:20:48,3.1,23.3267,221364224,565695,43756555
2024-08-14 09:20:53,0,23.4078,222134272,565785,43756631
2024-08-14 09:20:59,3,23.4881,222896128,565785,43756631
2024-08-14 09:21:04,3.1,23.5425,223412224,565965,43756783
2024-08-14 09:21:09,0,23.5425,223412224,566277,43757039
2024-08-14 09:21:14,6,23.5425,223412224,566277,43757039
2024-08-14 09:21:19,3,23.5425,223412224,566277,43757039
2024-08-14 09:21:25,0,23.5425,223412224,566409,43757143
2024-08-14 09:21:30,6.2,23.5425,223412224,566409,43757143
2024-08-14 09:21:35,0,23.5425,223412224,566409,43757143
2024-08-14 09:21:40,3,23.5425,223412224,566499,43757219
2024-08-14 09:21:45,0,23.5425,223412224,566541,43757247
2024-08-14 09:21:51,3.1,23.5425,223412224,566541,43757247
2024-08-14 09:21:56,0,23.5425,223412224,566631,43757323
2024-08-14 09:22:01,0,23.5425,223412224,566631,43757323
2024-08-14 09:22:06,0,23.5425,223412224,566631,43757323
2024-08-14 09:22:11,0,23.5641,223617024,569255,43759763
2024-08-14 09:22:17,0,23.5641,223617024,569255,43759763
2024-08-14 09:22:22,0,23.5641,223617024,569297,43759791
2024-08-14 09:22:27,0,23.5641,223617024,569297,43759791
2024-08-14 09:22:32,3.2,23.5641,223617024,569387,43759867
2024-08-14 09:22:37,0,23.5641,223617024,569387,43759867
2024-08-14 09:22:43,3.1,23.5641,223617024,569387,43759867
2024-08-14 09:22:48,5.8,23.5641,223617024,569477,43759943
2024-08-14 09:22:53,5.9,23.5641,223617024,569519,43759971
2024-08-14 09:22:58,0,23.5641,223617024,569573,43760017
2024-08-14 09:23:03,8.6,23.5637,223612928,569663,43760093
2024-08-14 09:23:09,3.1,23.5637,223612928,569663,43760093
2024-08-14 09:23:14,2.9,23.5637,223612928,569843,43760245
2024-08-14 09:23:19,0,23.5637,223612928,570197,43760529
2024-08-14 09:23:24,3,23.6431,224366592,570197,43760529
2024-08-14 09:23:29,5.9,23.6703,224624640,570197,43760529
2024-08-14 09:23:35,0,23.697,224878592,570287,43760605
2024-08-14 09:23:40,0,23.7242,225136640,570287,43760605
2024-08-14 09:23:45,3.1,23.7242,225136640,570357,43760605
2024-08-14 09:23:50,0,23.7238,225132544,570447,43760681
2024-08-14 09:23:55,0,23.7238,225132544,570489,43760709
2024-08-14 09:24:01,3.1,23.7238,225132544,570489,43760709
2024-08-14 09:24:06,3,23.7238,225132544,570579,43760785
2024-08-14 09:24:11,0,23.8326,226164736,572753,43762845
2024-08-14 09:24:16,0,23.8869,226680832,572795,43762873
2024-08-14 09:24:21,3,23.8869,226680832,572885,43762949
2024-08-14 09:24:27,0,23.8869,226680832,572885,43762949
2024-08-14 09:24:32,0,23.8869,226680832,572885,43762949
2024-08-14 09:24:37,3.2,23.8869,226680832,572975,43763025
2024-08-14 09:24:42,6,23.8869,226680832,573017,43763053
2024-08-14 09:24:47,3.1,23.8869,226680832,573017,43763053
2024-08-14 09:24:53,0,23.8865,226676736,573017,43763053
2024-08-14 09:24:58,3.1,23.8865,226676736,573161,43763175
2024-08-14 09:25:03,3.1,23.8865,226676736,573161,43763175
2024-08-14 09:25:08,0,23.8865,226676736,573161,43763175
2024-08-14 09:25:13,5.9,23.8865,226676736,573293,43763279
2024-08-14 09:25:19,3.1,23.8865,226676736,573335,43763307
2024-08-14 09:25:24,0,23.8865,226676736,573515,43763459
2024-08-14 09:25:29,0,24.4744,232255488,604534,43953701
2024-08-14 09:25:34,3.1,24.4744,232255488,604534,43953701
2024-08-14 09:25:39,3,24.4744,232255488,604534,43953701
2024-08-14 09:25:45,2.9,24.4744,232255488,604624,43953777
2024-08-14 09:25:50,3.2,24.4744,232255488,604624,43953777
2024-08-14 09:25:55,3.1,24.4744,232255488,604624,43953777
2024-08-14 09:26:00,3.1,24.4744,232255488,604852,43953853
2024-08-14 09:26:05,3.1,24.474,232251392,604894,43953881
2024-08-14 09:26:11,18.2,24.474,232251392,605887,43954913
2024-08-14 09:26:16,0,24.474,232251392,607020,43956017
2024-08-14 09:26:21,3.2,24.474,232251392,607020,43956017
2024-08-14 09:26:26,0,24.474,232251392,607020,43956017
2024-08-14 09:26:31,5.8,24.474,232251392,607110,43956093
2024-08-14 09:26:37,0,24.474,232251392,607110,43956093
2024-08-14 09:26:42,3.1,24.474,232251392,607110,43956093
2024-08-14 09:26:47,3,24.474,232251392,607254,43956215
2024-08-14 09:26:52,0,24.474,232251392,607296,43956243
2024-08-14 09:26:58,0,24.474,232251392,607296,43956243
2024-08-14 09:27:03,3.1,24.474,232251392,607428,43956347
2024-08-14 09:27:08,6,24.474,232251392,607428,43956347
2024-08-14 09:27:13,0,24.474,232251392,607428,43956347
2024-08-14 09:27:18,3.1,24.474,232251392,607428,43956347
2024-08-14 09:27:23,3.1,24.474,232251392,607518,43956423
2024-08-14 09:27:29,6,24.474,232251392,607518,43956423
2024-08-14 09:27:34,0,24.4735,232247296,607788,43956651
2024-08-14 09:27:39,0,24.4735,232247296,608118,43956951
2024-08-14 09:27:44,2.9,24.4735,232247296,608118,43956951
2024-08-14 09:27:50,0,24.4735,232247296,608256,43956951
2024-08-14 09:27:55,3.1,24.4735,232247296,608346,43957027
2024-08-14 09:28:00,6,24.4735,232247296,608388,43957055
2024-08-14 09:28:05,5.9,24.4735,232247296,608388,43957055
2024-08-14 09:28:10,5.7,24.4735,232247296,608478,43957131
2024-08-14 09:28:15,3.1,24.4735,232247296,610514,43959191
2024-08-14 09:28:21,3.1,24.4735,232247296,610514,43959191
2024-08-14 09:28:26,3,24.4735,232247296,610604,43959267
2024-08-14 09:28:31,3.1,24.4735,232247296,610658,43959313
2024-08-14 09:28:36,0,24.4735,232247296,610658,43959313
2024-08-14 09:28:42,0,24.4735,232247296,610748,43959389
2024-08-14 09:28:47,0,24.4735,232247296,610748,43959389
2024-08-14 09:28:52,6.2,24.4735,232247296,610748,43959389
2024-08-14 09:28:57,0,24.4735,232247296,610880,43959493
2024-08-14 09:29:02,0,24.4735,232247296,610922,43959521
2024-08-14 09:29:08,3.1,24.4735,232247296,610922,43959521
2024-08-14 09:29:13,6.2,24.4735,232247296,611012,43959597
2024-08-14 09:29:18,6.2,24.4735,232247296,611012,43959597
2024-08-14 09:29:23,0,24.4735,232247296,611012,43959597
2024-08-14 09:29:28,3.2,24.5007,232505344,611102,43959673
2024-08-14 09:29:34,3.1,24.5007,232505344,611102,43959673
2024-08-14 09:29:39,3,24.5007,232505344,611102,43959673
2024-08-14 09:29:44,3.1,24.5279,232763392,611600,43959977
2024-08-14 09:29:49,0,24.5279,232763392,611732,43960081
2024-08-14 09:29:54,6,24.5551,233021440,611774,43960109
2024-08-14 09:30:00,2.6,24.5551,233021440,611774,43960109
2024-08-14 09:30:05,6.2,24.5551,233021440,611918,43960231
2024-08-14 09:30:10,0,24.5551,233021440,611918,43960231
2024-08-14 09:30:15,0,24.5814,233271296,613954,43962291
2024-08-14 09:30:20,3.1,24.5814,233271296,614044,43962367
2024-08-14 09:30:26,3,24.5814,233271296,614044,43962367
2024-08-14 09:30:31,3.1,24.5814,233271296,614044,43962367
2024-08-14 09:30:36,6,24.6082,233525248,614134,43962443
2024-08-14 09:30:41,3.2,24.6354,233783296,614134,43962443
2024-08-14 09:30:46,3,24.6345,233775104,614134,43962443
2024-08-14 09:30:52,3.2,24.6345,233775104,614266,43962547
2024-08-14 09:30:57,3.2,24.6345,233775104,614308,43962575
2024-08-14 09:31:02,3.1,24.6345,233775104,614308,43962575
2024-08-14 09:31:07,0,24.6341,233771008,614398,43962651
2024-08-14 09:31:12,3.1,24.6613,234029056,614398,43962651
2024-08-14 09:31:18,0,25.3683,240738304,649148,43974177
2024-08-14 09:31:23,0,25.3683,240738304,659790,43981854
2024-08-14 09:31:28,0,25.3666,240721920,661642,43983358
2024-08-14 09:31:33,0,25.3661,240717824,667574,43985732
2024-08-14 09:31:38,3,25.3661,240717824,671769,43988211
2024-08-14 09:31:44,6.1,25.3657,240713728,672531,43990246
2024-08-14 09:31:49,0,25.3657,240713728,680527,43992299
2024-08-14 09:31:54,0,25.3657,240713728,681806,43992791
2024-08-14 09:31:59,0,25.3657,240713728,682940,43996084
2024-08-14 09:32:04,0,25.3657,240713728,691428,44002229
2024-08-14 09:32:10,3.1,25.3519,240582656,709254,44016752
2024-08-14 09:32:15,8.4,25.3493,240558080,729990,44029565
2024-08-14 09:32:20,8.6,25.3484,240549888,733747,44032777
2024-08-14 09:32:25,6,25.348,240545792,742600,44036960
2024-08-14 09:32:30,3,25.3458,240525312,761765,44047736
2024-08-14 09:32:36,0,16.7816,159252480,766440,44054196
2024-08-14 09:32:41,3.2,16.9162,160530432,766556,44054224
2024-08-14 09:32:46,0,16.9693,161034240,766646,44054300
2024-08-14 09:32:51,3,16.9697,161038336,766646,44054300
2024-08-14 09:32:56,3,16.9697,161038336,766646,44054300
2024-08-14 09:33:02,0,17.0781,162066432,766736,44054376
2024-08-14 09:33:07,6,17.0781,162066432,766736,44054376
2024-08-14 09:33:12,0,17.0781,162066432,766736,44054376
2024-08-14 09:33:17,2.9,17.1053,162324480,766826,44054452
2024-08-14 09:33:22,0,17.214,163356672,766826,44054452
2024-08-14 09:33:28,5.8,17.214,163356672,766826,44054452
2024-08-14 09:33:33,2.9,17.35,164646912,767054,44054528
2024-08-14 09:33:38,3.1,17.5119,166182912,767138,44054584
