2024-08-14 09:11:52,17.6,17.5883,166907904,170727,30291202
2024-08-14 09:11:58,3,18.3812,174432256,276884,43527626
2024-08-14 09:12:03,0,18.4096,174702592,276974,43527702
2024-08-14 09:12:08,3.2,18.4096,174702592,277028,43527748
2024-08-14 09:12:13,3,18.4088,174694400,277028,43527748
2024-08-14 09:12:18,0,18.4088,174694400,277118,43527824
2024-08-14 09:12:24,0,18.4088,174694400,277118,43527824
2024-08-14 09:12:29,3.2,18.4088,174694400,277298,43527852
2024-08-14 09:12:34,3.1,18.4088,174694400,277748,43528232
2024-08-14 09:12:39,3.1,18.4088,174694400,277790,43528260
2024-08-14 09:12:44,6.2,18.4088,174694400,277790,43528260
2024-08-14 09:12:50,0,18.4088,174694400,277880,43528336
2024-08-14 09:12:55,0,18.4088,174694400,277880,43528336
2024-08-14 09:13:00,6,18.4088,174694400,277880,43528336
2024-08-14 09:13:05,6,18.4088,174694400,277970,43528412
2024-08-14 09:13:10,3.1,18.4088,174694400,278012,43528440
2024-08-14 09:13:16,0,18.4088,174694400,278012,43528440
2024-08-14 09:13:21,5.8,18.4088,174694400,278102,43528516
2024-08-14 09:13:26,5.8,18.6513,176996352,280180,43530604
2024-08-14 09:13:31,3.1,18.6772,177242112,280180,43530604
2024-08-14 09:13:36,0,18.6772,177242112,280630,43530984
2024-08-14 09:13:42,0,18.6772,177242112,280630,43530984
2024-08-14 09:13:47,2.9,18.6772,177242112,280630,43530984
2024-08-14 09:13:52,0,18.6772,177242112,280630,43530984
2024-08-14 09:13:57,3.1,18.6772,177242112,280720,43531060
2024-08-14 09:14:02,0,18.7316,177758208,280762,43531088
2024-08-14 09:14:08,3.2,18.786,178274304,280762,43531088
2024-08-14 09:14:13,0,18.786,178274304,280852,43531164
2024-08-14 09:14:18,8.8,18.8132,178532352,280906,43531256
2024-08-14 09:14:23,3,18.8352,178741248,281086,43531284
2024-08-14 09:14:28,3.2,18.8352,178741248,281246,43531360
2024-08-14 09:14:34,0,18.8352,178741248,281246,43531360
2024-08-14 09:14:39,0,18.8352,178741248,281246,43531360
2024-08-14 09:14:44,3.1,18.8352,178741248,281696,43531740
2024-08-14 09:14:49,0,18.8352,178741248,281738,43531768
2024-08-14 09:14:54,0,18.8352,178741248,281738,43531768
2024-08-14 09:15:00,0,18.8348,178737152,281828,43531844
2024-08-14 09:15:05,6.2,18.8348,178737152,281828,43531844
2024-08-14 09:15:10,3.2,18.8348,178737152,281828,43531844
2024-08-14 09:15:15,0,18.9159,179507200,281960,43531948
2024-08-14 09:15:20,3.1,18.9703,180023296,282002,43531976
2024-08-14 09:15:26,2.9,19.1063,181313536,284170,43534036
2024-08-14 09:15:31,3.2,19.1063,181313536,284260,43534112
2024-08-14 09:15:36,3.1,19.1063,181313536,284314,43534204
2024-08-14 09:15:41,5.8,19.1063,181313536,284314,43534204
2024-08-14 09:15:46,3.1,19.1058,181309440,284764,43534584
2024-08-14 09:15:52,0,19.1058,181309440,284764,43534584
2024-08-14 09:15:57,3.2,19.1058,181309440,284764,43534584
2024-08-14 09:16:02,2.9,19.1058,181309440,284764,43534584
2024-08-14 09:16:07,3.1,19.1058,181309440,284854,43534660
2024-08-14 09:16:12,0,19.1058,181309440,284938,43534716
2024-08-14 09:16:18,3.1,19.1058,181309440,284938,43534716
2024-08-14 09:16:23,3,19.1058,181309440,285166,43534792
2024-08-14 09:16:28,3.1,19.1058,181309440,285166,43534792
2024-08-14 09:16:33,3,19.1058,181309440,285166,43534792
2024-08-14 09:16:38,6.1,19.1058,181309440,285256,43534868
2024-08-14 09:16:44,0,19.1058,181309440,285256,43534868
2024-08-14 09:16:49,0,19.1317,181555200,285346,43534944
2024-08-14 09:16:54,6.1,19.1317,181555200,285748,43535276
2024-08-14 09:16:59,5.9,19.1218,181460992,285748,43535276
2024-08-14 09:17:04,3.1,19.1218,181460992,285748,43535276
2024-08-14 09:17:10,0,19.149,181719040,285880,43535380
2024-08-14 09:17:15,0,19.149,181719040,285880,43535380
2024-08-14 09:17:20,0,19.1762,181977088,285880,43535380
2024-08-14 09:17:25,3.2,19.1762,181977088,288204,43537516
2024-08-14 09:17:30,3.1,19.1762,181977088,288204,43537516
2024-08-14 09:17:36,6.2,19.2578,182751232,288204,43537516
2024-08-14 09:17:41,3.2,19.285,183009280,288348,43537638
2024-08-14 09:17:46,0,19.285,183009280,288348,43537638
2024-08-14 09:17:51,5.8,19.285,183009280,288348,43537638
2024-08-14 09:17:56,3.1,19.285,183009280,288798,43538018
2024-08-14 09:18:02,2.9,19.285,183009280,288840,43538046
2024-08-14 09:18:07,3.2,19.2845,183005184,288882,43538074
2024-08-14 09:18:12,3.2,19.2837,182996992,288972,43538150
2024-08-14 09:18:17,3.2,19.2837,182996992,288972,43538150
2024-08-14 09:18:22,0,19.2837,182996992,289110,43538150
2024-08-14 09:18:28,0,19.2837,182996992,289110,43538150
2024-08-14 09:18:33,3.2,19.2828,182988800,289200,43538226
2024-08-14 09:18:38,3.2,19.2828,182988800,289242,43538254
2024-08-14 09:18:43,0,19.2828,182988800,289242,43538254
2024-08-14 09:18:48,5.9,19.2828,182988800,289332,43538330
2024-08-14 09:18:54,3,19.2828,182988800,289332,43538330
2024-08-14 09:18:59,3.2,19.2819,182980608,289422,43538406
2024-08-14 09:19:04,3,19.2815,182976512,289824,43538738
2024-08-14 09:19:09,0,19.2815,182976512,289824,43538738
2024-08-14 09:19:14,3,19.2815,182976512,289824,43538738
2024-08-14 09:19:20,3,19.2815,182976512,289914,43538814
2024-08-14 09:19:25,0,19.3087,183234560,291950,43540874
2024-08-14 09:19:30,3,19.3087,183234560,291950,43540874
2024-08-14 09:19:35,48.4,24.2918,230522880,332401,43569990
2024-08-14 09:19:40,45.5,24.3173,230764544,540231,43706625
2024-08-14 09:19:46,5.8,24.3557,231129088,570249,43754727
2024-08-14 09:19:51,0,24.382,231378944,570595,43755005
2024-08-14 09:19:56,3.2,24.382,231378944,570753,43755033
2024-08-14 09:20:01,2.9,24.382,231378944,570811,43755033
2024-08-14 09:20:07,6.2,24.3816,231374848,571319,43755413
2024-08-14 09:20:12,3.1,24.3816,231374848,571457,43755413
2024-08-14 09:20:17,0,24.3816,231374848,571457,43755413
2024-08-14 09:20:22,3.1,24.3816,231374848,571547,43755489
2024-08-14 09:20:27,3.1,24.3816,231374848,571647,43755517
2024-08-14 09:20:33,6.2,24.3799,231358464,573881,43757577
2024-08-14 09:20:38,0,24.3799,231358464,573881,43757577
2024-08-14 09:20:43,3.1,24.433,231862272,573971,43757653
2024-08-14 09:20:48,0,24.4601,232120320,573971,43757653
2024-08-14 09:20:53,2.9,24.4601,232120320,574013,43757681
2024-08-14 09:20:59,0,24.5413,232890368,574103,43757757
2024-08-14 09:21:04,0,24.5413,232890368,574103,43757757
2024-08-14 09:21:09,0,24.6229,233664512,574373,43757985
2024-08-14 09:21:14,0,24.6229,233664512,574595,43758165
2024-08-14 09:21:19,0,24.6229,233664512,574595,43758165
2024-08-14 09:21:25,0,24.6229,233664512,574595,43758165
2024-08-14 09:21:30,0,24.6229,233664512,574685,43758241
2024-08-14 09:21:35,3.2,24.6229,233664512,574685,43758241
2024-08-14 09:21:40,6.2,24.6229,233664512,574755,43758241
2024-08-14 09:21:45,3.2,24.6229,233664512,574845,43758317
2024-08-14 09:21:51,0,24.6229,233664512,574929,43758373
2024-08-14 09:21:56,3.1,24.6229,233664512,574929,43758373
2024-08-14 09:22:01,0,24.6229,233664512,575211,43758495
2024-08-14 09:22:06,0,24.6229,233664512,575211,43758495
2024-08-14 09:22:11,3,24.6229,233664512,575211,43758495
2024-08-14 09:22:17,6,24.6229,233664512,575661,43758875
2024-08-14 09:22:22,3,24.6751,234160128,577985,43761249
2024-08-14 09:22:27,3.1,24.6751,234160128,578027,43761277
2024-08-14 09:22:32,0,24.6751,234160128,578117,43761353
2024-08-14 09:22:37,3.2,24.6751,234160128,578117,43761353
2024-08-14 09:22:43,6.1,24.7023,234418176,578117,43761353
2024-08-14 09:22:48,3.2,24.7295,234676224,578249,43761457
2024-08-14 09:22:53,0,24.7567,234934272,578249,43761457
2024-08-14 09:22:58,3.2,24.7839,235192320,578249,43761457
2024-08-14 09:23:03,0,24.7839,235192320,578249,43761457
2024-08-14 09:23:09,3,24.7834,235188224,578339,43761533
2024-08-14 09:23:14,3,24.7834,235188224,578381,43761561
2024-08-14 09:23:19,3.1,24.8365,235692032,578741,43761865
2024-08-14 09:23:24,3,24.8361,235687936,578831,43761941
2024-08-14 09:23:29,0,24.8905,236204032,578885,43761987
2024-08-14 09:23:35,0,24.9721,236978176,578885,43761987
2024-08-14 09:23:40,0,24.9721,236978176,578975,43762063
2024-08-14 09:23:45,3.1,24.9992,237236224,579017,43762091
2024-08-14 09:23:50,3.1,22.3944,212516864,579017,43762091
2024-08-14 09:23:55,0,22.5019,213536768,579107,43762167
2024-08-14 09:24:01,0,22.5291,213794816,579287,43762195
2024-08-14 09:24:06,5.9,22.5563,214052864,579287,43762195
2024-08-14 09:24:11,0,22.5563,214052864,579377,43762271
2024-08-14 09:24:16,3,22.7181,215588864,579377,43762271
2024-08-14 09:24:21,3.1,22.8778,217104384,581611,43764331
2024-08-14 09:24:27,3.1,22.9046,217358336,581791,43764483
2024-08-14 09:24:32,2.9,22.9046,217358336,581791,43764483
2024-08-14 09:24:37,0,22.9046,217358336,581791,43764483
2024-08-14 09:24:42,0,22.9305,217604096,581923,43764587
2024-08-14 09:24:47,0,22.9305,217604096,581923,43764587
2024-08-14 09:24:53,3.1,22.9305,217604096,581923,43764587
2024-08-14 09:24:58,0,22.9849,218120192,582013,43764663
2024-08-14 09:25:03,3,23.0392,218636288,582055,43764691
2024-08-14 09:25:08,3.2,23.0392,218636288,582055,43764691
2024-08-14 09:25:13,0,23.0392,218636288,582055,43764691
2024-08-14 09:25:19,0,23.0392,218636288,582145,43764767
2024-08-14 09:25:24,83.8,24.3919,231473152,607378,43937079
2024-08-14 09:25:29,6.1,24.3341,230924288,613362,43955164
2024-08-14 09:25:34,3,24.3341,230924288,613494,43955268
2024-08-14 09:25:39,0,24.3341,230924288,613494,43955268
2024-08-14 09:25:45,3,24.3341,230924288,613494,43955268
2024-08-14 09:25:50,3,24.3341,230924288,613584,43955344
2024-08-14 09:25:55,3.2,24.3341,230924288,613722,43955344
2024-08-14 09:26:00,0,24.3341,230924288,613722,43955344
2024-08-14 09:26:05,3.1,24.3341,230924288,613812,43955420
2024-08-14 09:26:11,3.1,24.3341,230924288,613854,43955448
2024-08-14 09:26:16,3.2,24.3341,230924288,613854,43955448
2024-08-14 09:26:21,29,24.3332,230916096,615980,43957584
2024-08-14 09:26:26,6.2,24.36,231170048,616207,43957770
2024-08-14 09:26:31,3.1,24.3574,231145472,618473,43959658
2024-08-14 09:26:37,0,24.3591,231161856,618875,43959870
2024-08-14 09:26:42,3.1,24.3591,231161856,619023,43959930
2024-08-14 09:26:47,3.2,24.3591,231161856,619023,43959930
2024-08-14 09:26:52,3.1,24.3591,231161856,619187,43960006
2024-08-14 09:26:57,0,24.3591,231161856,619187,43960006
2024-08-14 09:27:03,8.6,24.3591,231161856,619187,43960006
2024-08-14 09:27:08,3.2,24.3591,231161856,619351,43960082
2024-08-14 09:27:13,3,24.3591,231161856,619351,43960082
2024-08-14 09:27:18,0,24.3591,231161856,619351,43960082
2024-08-14 09:27:23,3.1,24.3591,231161856,619441,43960158
2024-08-14 09:27:29,3.1,24.3591,231161856,619525,43960214
2024-08-14 09:27:34,6.1,24.3591,231161856,619525,43960214
2024-08-14 09:27:39,6.1,24.3587,231157760,619943,43960562
2024-08-14 09:27:44,3.2,24.3587,231157760,620393,43960698
2024-08-14 09:27:49,3,24.3587,231157760,620541,43960758
2024-08-14 09:27:55,5.8,24.3587,231157760,620541,43960758
2024-08-14 09:28:00,3,24.3587,231157760,620705,43960834
2024-08-14 09:28:05,0,24.3587,231157760,620705,43960834
2024-08-14 09:28:10,3.1,24.3587,231157760,620705,43960834
2024-08-14 09:28:15,0,24.3587,231157760,620869,43960910
2024-08-14 09:28:21,6.1,24.439,231919616,620911,43960938
2024-08-14 09:28:26,3.2,24.439,231919616,623187,43963026
2024-08-14 09:28:31,3.2,24.4662,232177664,623277,43963102
2024-08-14 09:28:36,3.1,24.4662,232177664,623277,43963102
2024-08-14 09:28:41,3.1,24.5206,232693760,623277,43963102
2024-08-14 09:28:47,0,24.6293,233725952,623457,43963254
2024-08-14 09:28:52,0,24.6293,233725952,623457,43963254
2024-08-14 09:28:57,5.9,24.6293,233725952,623457,43963254
2024-08-14 09:29:02,3,24.6293,233725952,623695,43963450
2024-08-14 09:29:07,3.1,24.6293,233725952,624213,43963690
2024-08-14 09:29:13,5.8,24.6293,233725952,624551,43963838
2024-08-14 09:29:18,0,24.6293,233725952,624715,43963914
2024-08-14 09:29:23,5.9,24.6293,233725952,624905,43963942
2024-08-14 09:29:28,0,24.6293,233725952,624905,43963942
2024-08-14 09:29:33,0,24.6293,233725952,624995,43964018
2024-08-14 09:29:39,3.1,24.6293,233725952,625069,43964018
2024-08-14 09:29:44,0,24.6293,233725952,625281,43964018
2024-08-14 09:29:49,3.2,24.6293,233725952,625641,43964322
2024-08-14 09:29:54,2.9,24.6293,233725952,625641,43964322
2024-08-14 09:29:59,0,24.6293,233725952,625641,43964322
2024-08-14 09:30:05,6.2,24.6293,233725952,625641,43964322
2024-08-14 09:30:10,0,24.6293,233725952,625731,43964398
2024-08-14 09:30:15,0,24.6293,233725952,625773,43964426
2024-08-14 09:30:20,0,24.6293,233725952,625815,43964454
2024-08-14 09:30:25,2.9,24.6272,233705472,628073,43966590
2024-08-14 09:30:31,0,24.6816,234221568,628073,43966590
2024-08-14 09:30:36,5.8,24.7355,234733568,628073,43966590
2024-08-14 09:30:41,3,24.7627,234991616,628163,43966666
2024-08-14 09:30:46,3.2,24.7627,234991616,628163,43966666
2024-08-14 09:30:51,3.1,24.7627,234991616,628163,43966666
2024-08-14 09:30:57,0,24.7627,234991616,628343,43966818
2024-08-14 09:31:02,3.1,24.7627,234991616,628343,43966818
2024-08-14 09:31:07,3.1,24.7627,234991616,628343,43966818
2024-08-14 09:31:12,3.1,25.2246,239374336,651906,43972435
2024-08-14 09:31:18,5.8,25.2246,239374336,674809,43986725
2024-08-14 09:31:23,0,25.2107,239243264,681752,43993338
2024-08-14 09:31:28,6.2,25.2069,239206400,685437,43995063
2024-08-14 09:31:33,3.1,25.2069,239206400,692879,43996763
2024-08-14 09:31:38,0,25.2069,239206400,693185,43997139
2024-08-14 09:31:44,3.2,25.2069,239206400,702890,44000059
2024-08-14 09:31:49,3.1,25.2064,239202304,708619,44007602
2024-08-14 09:31:54,3.2,25.2323,239448064,709901,44010955
2024-08-14 09:31:59,0,25.2319,239443968,716422,44012215
2024-08-14 09:32:04,2.9,25.2319,239443968,720282,44018321
2024-08-14 09:32:10,3,25.2319,239443968,733935,44028715
2024-08-14 09:32:15,3.2,25.2319,239443968,735195,44030787
2024-08-14 09:32:20,3,25.2319,239443968,737846,44031199
2024-08-14 09:32:25,6.1,25.2319,239443968,758301,44041550
2024-08-14 09:32:30,6.2,25.2276,239403008,792568,44061738
2024-08-14 09:32:36,6,18.8344,178733056,797151,44068274
2024-08-14 09:32:41,6.2,18.8344,178733056,797151,44068274
2024-08-14 09:32:46,0,18.8344,178733056,797151,44068274
2024-08-14 09:32:51,6.1,18.8348,178737152,797241,44068350
2024-08-14 09:32:56,2.9,18.8348,178737152,797241,44068350
2024-08-14 09:33:02,3.1,18.8348,178737152,797241,44068350
2024-08-14 09:33:07,3.1,18.8344,178733056,797463,44068530
2024-08-14 09:33:12,6.2,18.8344,178733056,797463,44068530
2024-08-14 09:33:17,3.1,18.8344,178733056,797601,44068530
2024-08-14 09:33:23,0,18.8585,178962432,799727,44070666
2024-08-14 09:33:28,3.1,18.8585,178962432,799727,44070666
2024-08-14 09:33:33,3.1,18.8585,178962432,799727,44070666
2024-08-14 09:33:38,3,18.8585,178962432,799817,44070742
