2024-08-14 09:14:05,21.6,17.6906,167878656,205899,33895489
2024-08-14 09:14:10,0,17.6301,167305216,270802,43546153
2024-08-14 09:14:16,0,17.656,167550976,270802,43546153
2024-08-14 09:14:21,2.9,17.6828,167804928,270892,43546229
2024-08-14 09:14:26,3.1,17.6828,167804928,270892,43546229
2024-08-14 09:14:31,0,17.6828,167804928,270892,43546229
2024-08-14 09:14:36,3,17.6828,167804928,271024,43546333
2024-08-14 09:14:42,3.2,17.6828,167804928,271258,43546421
2024-08-14 09:14:47,3.1,17.71,168062976,271258,43546421
2024-08-14 09:14:52,0,17.7911,168833024,271708,43546801
2024-08-14 09:14:57,0,17.8183,169091072,271708,43546801
2024-08-14 09:15:03,3.2,17.8455,169349120,271708,43546801
2024-08-14 09:15:08,6,17.8455,169349120,271798,43546877
2024-08-14 09:15:13,3,17.8455,169349120,271840,43546905
2024-08-14 09:15:18,0,17.8455,169349120,271840,43546905
2024-08-14 09:15:23,0,17.8455,169349120,271930,43546981
2024-08-14 09:15:29,0,17.8455,169349120,271930,43546981
2024-08-14 09:15:34,3.1,17.8455,169349120,271972,43547009
2024-08-14 09:15:39,0,17.8455,169349120,271972,43547009
2024-08-14 09:15:44,6,17.8451,169345024,272062,43547085
2024-08-14 09:15:49,0,17.8723,169603072,274140,43549170
2024-08-14 09:15:55,3.2,17.8718,169598976,274410,43549398
2024-08-14 09:16:00,3,17.8718,169598976,274590,43549550
2024-08-14 09:16:05,0,17.9517,170356736,274590,43549550
2024-08-14 09:16:10,3.2,18.035,171147264,274590,43549550
2024-08-14 09:16:15,5.9,18.0894,171663360,274734,43549672
2024-08-14 09:16:21,3.1,18.1166,171921408,274776,43549700
2024-08-14 09:16:26,0,18.2236,172937216,274818,43549728
2024-08-14 09:16:31,3,18.3052,173711360,275046,43549804
2024-08-14 09:16:36,3.2,18.3324,173969408,275116,43549804
2024-08-14 09:16:41,3,18.3324,173969408,275116,43549804
2024-08-14 09:16:47,3,18.3583,174215168,275206,43549880
2024-08-14 09:16:52,0,18.3561,174194688,275248,43549908
2024-08-14 09:16:57,0,18.3561,174194688,275248,43549908
2024-08-14 09:17:02,0,18.3561,174194688,275698,43550288
2024-08-14 09:17:07,3.2,18.3561,174194688,275698,43550288
2024-08-14 09:17:13,3.2,18.4377,174968832,275698,43550288
2024-08-14 09:17:18,5.9,18.5737,176259072,275788,43550364
2024-08-14 09:17:23,0,18.5737,176259072,275872,43550420
2024-08-14 09:17:28,0,18.7372,177811456,275872,43550420
2024-08-14 09:17:33,3.1,18.7372,177811456,275962,43550496
2024-08-14 09:17:39,3.1,18.7644,178069504,275962,43550496
2024-08-14 09:17:44,5.8,18.7916,178327552,275962,43550496
2024-08-14 09:17:49,0,18.9272,179613696,278310,43552936
2024-08-14 09:17:54,0,18.9272,179613696,278310,43552936
2024-08-14 09:17:59,3,18.9815,180129792,278310,43552936
2024-08-14 09:18:05,3,18.9815,180129792,278580,43553164
2024-08-14 09:18:10,0,18.9815,180129792,278760,43553316
2024-08-14 09:18:15,3.2,18.9815,180129792,278814,43553362
2024-08-14 09:18:20,0,18.9815,180129792,278898,43553418
2024-08-14 09:18:25,3.1,18.9815,180129792,279126,43553494
2024-08-14 09:18:31,2.9,18.9815,180129792,279126,43553494
2024-08-14 09:18:36,3.1,18.9815,180129792,279126,43553494
2024-08-14 09:18:41,0,18.9807,180121600,279216,43553570
2024-08-14 09:18:46,3.2,19.1425,181657600,279216,43553570
2024-08-14 09:18:51,0,19.1425,181657600,279216,43553570
2024-08-14 09:18:57,3.1,19.1425,181657600,279306,43553646
2024-08-14 09:19:02,3.2,19.1425,181657600,279348,43553674
2024-08-14 09:19:07,3.1,19.1697,181915648,279438,43553750
2024-08-14 09:19:12,6.2,19.1594,181817344,279798,43554054
2024-08-14 09:19:17,3.2,19.3497,183623680,279840,43554082
2024-08-14 09:19:23,3.1,19.3769,183881728,279840,43554082
2024-08-14 09:19:28,3.2,19.4313,184397824,279930,43554158
2024-08-14 09:19:33,6,19.4585,184655872,279972,43554186
2024-08-14 09:19:38,0,16.8903,160284672,279972,43554186
2024-08-14 09:19:43,14.7,23.1437,219627520,349200,43601345
2024-08-14 09:19:49,2.9,23.3794,221863936,369960,43617443
2024-08-14 09:19:54,12.9,23.4057,222113792,386332,43625819
2024-08-14 09:19:59,0,23.4601,222629888,401756,43633928
2024-08-14 09:20:04,6.5,23.4601,222629888,411637,43640431
2024-08-14 09:20:09,0,23.4627,222654464,448012,43665771
2024-08-14 09:20:14,14.7,23.4627,222654464,458118,43673587
2024-08-14 09:20:20,15.6,23.5218,223215616,536084,43734434
2024-08-14 09:20:25,6.2,23.5231,223227904,558814,43757471
2024-08-14 09:20:30,0,23.5235,223232000,570730,43767249
2024-08-14 09:20:35,3,23.5235,223232000,577044,43770795
2024-08-14 09:20:41,6.2,23.5231,223227904,583580,43779694
2024-08-14 09:20:46,3.1,23.552,223502336,585704,43780903
2024-08-14 09:20:51,3.2,23.6578,224505856,590398,43784580
2024-08-14 09:20:56,0,23.6573,224501760,595145,43789092
2024-08-14 09:21:01,3,23.6578,224505856,599190,43798232
2024-08-14 09:21:07,3,23.6578,224505856,599280,43798308
2024-08-14 09:21:12,0,23.6578,224505856,599322,43798336
2024-08-14 09:21:17,0,23.6578,224505856,599502,43798488
2024-08-14 09:21:22,0,23.6578,224505856,599772,43798716
2024-08-14 09:21:27,0,23.6595,224522240,599814,43798744
2024-08-14 09:21:33,6.2,23.6595,224522240,599814,43798744
2024-08-14 09:21:38,3.1,23.6595,224522240,599904,43798820
2024-08-14 09:21:43,3.1,23.6595,224522240,599904,43798820
2024-08-14 09:21:48,0,23.6595,224522240,599904,43798820
2024-08-14 09:21:53,0,23.6595,224522240,599994,43798896
2024-08-14 09:21:59,3.2,23.6595,224522240,600036,43798924
2024-08-14 09:22:04,0,23.6595,224522240,600078,43798952
2024-08-14 09:22:09,0,23.6595,224522240,600168,43799028
2024-08-14 09:22:14,0,23.6595,224522240,600306,43799028
2024-08-14 09:22:19,3.1,23.6595,224522240,600306,43799028
2024-08-14 09:22:25,0,23.6595,224522240,600756,43799408
2024-08-14 09:22:30,3.1,23.6595,224522240,600798,43799436
2024-08-14 09:22:35,0,23.6595,224522240,600798,43799436
2024-08-14 09:22:40,3.2,23.6595,224522240,600798,43799436
2024-08-14 09:22:45,0,23.7398,225284096,600888,43799512
2024-08-14 09:22:51,5.9,23.8459,226291712,602924,43801569
2024-08-14 09:22:56,0,23.8451,226283520,602978,43801615
2024-08-14 09:23:01,6,23.8451,226283520,603110,43801719
2024-08-14 09:23:06,5.4,23.8451,226283520,603110,43801719
2024-08-14 09:23:11,3.2,23.8451,226283520,603110,43801719
2024-08-14 09:23:17,3.2,23.8446,226279424,603200,43801795
2024-08-14 09:23:22,6.2,23.8446,226279424,603242,43801823
2024-08-14 09:23:27,3,23.8446,226279424,603422,43801975
2024-08-14 09:23:32,3.2,23.8442,226275328,603692,43802203
2024-08-14 09:23:37,0,23.8442,226275328,603692,43802203
2024-08-14 09:23:43,0,23.8697,226516992,603692,43802203
2024-08-14 09:23:48,3.1,23.9258,227049472,603782,43802279
2024-08-14 09:23:53,3.2,23.9258,227049472,603824,43802307
2024-08-14 09:23:58,3.2,23.953,227307520,603866,43802335
2024-08-14 09:24:03,6.2,24.0074,227823616,603956,43802411
2024-08-14 09:24:09,0,24.0605,228327424,604094,43802411
2024-08-14 09:24:14,2.9,24.1416,229097472,604094,43802411
2024-08-14 09:24:19,3.3,24.1416,229097472,604184,43802487
2024-08-14 09:24:24,0,24.1416,229097472,604226,43802515
2024-08-14 09:24:29,3,24.1416,229097472,604226,43802515
2024-08-14 09:24:35,3.1,24.1416,229097472,604316,43802591
2024-08-14 09:24:40,0,24.1416,229097472,604316,43802591
2024-08-14 09:24:45,3.2,24.1416,229097472,604316,43802591
2024-08-14 09:24:50,0,24.1416,229097472,606442,43804724
2024-08-14 09:24:55,3.1,24.1653,229322752,606484,43804752
2024-08-14 09:25:01,0,24.1653,229322752,606484,43804752
2024-08-14 09:25:06,3.1,24.1653,229322752,606484,43804752
2024-08-14 09:25:11,0,24.1671,229339136,606574,43804828
2024-08-14 09:25:16,0,24.1671,229339136,606574,43804828
2024-08-14 09:25:21,0,24.1671,229339136,606574,43804828
2024-08-14 09:25:26,3.2,24.1671,229339136,606664,43804904
2024-08-14 09:25:32,5.6,24.6734,234143744,637824,43994993
2024-08-14 09:25:37,0,24.6734,234143744,638184,43995297
2024-08-14 09:25:42,0,24.6734,234143744,638274,43995373
2024-08-14 09:25:47,3.2,24.6734,234143744,638274,43995373
2024-08-14 09:25:52,5.8,24.6734,234143744,638316,43995401
2024-08-14 09:25:58,0,24.6734,234143744,638544,43995477
2024-08-14 09:26:03,3.1,24.6734,234143744,638544,43995477
2024-08-14 09:26:08,6.1,24.6734,234143744,638544,43995477
2024-08-14 09:26:13,0,24.6734,234143744,638634,43995553
2024-08-14 09:26:18,3.2,24.6734,234143744,638676,43995581
2024-08-14 09:26:24,0,24.6734,234143744,638676,43995581
2024-08-14 09:26:29,6,24.6734,234143744,638766,43995657
2024-08-14 09:26:34,3,24.6729,234139648,638766,43995657
2024-08-14 09:26:39,0,24.6729,234139648,638766,43995657
2024-08-14 09:26:44,3.1,24.6729,234139648,638856,43995733
2024-08-14 09:26:50,3,24.6729,234139648,641226,43998125
2024-08-14 09:26:55,3,24.6729,234139648,641226,43998125
2024-08-14 09:27:00,0,24.6729,234139648,641316,43998201
2024-08-14 09:27:05,0,24.6729,234139648,641316,43998201
2024-08-14 09:27:10,3,24.6729,234139648,641432,43998247
2024-08-14 09:27:16,3.1,24.6729,234139648,641638,43998323
2024-08-14 09:27:21,0,24.6729,234139648,641638,43998323
2024-08-14 09:27:26,0,24.6729,234139648,641696,43998323
2024-08-14 09:27:31,3.2,24.6729,234139648,641786,43998399
2024-08-14 09:27:36,3,24.6729,234139648,641828,43998427
2024-08-14 09:27:42,0,24.6729,234139648,641928,43998455
2024-08-14 09:27:47,3.1,24.6725,234135552,642288,43998759
2024-08-14 09:27:52,5.7,24.6725,234135552,642378,43998835
2024-08-14 09:27:57,0,24.6725,234135552,642516,43998835
2024-08-14 09:28:03,3.2,24.6725,234135552,642516,43998835
2024-08-14 09:28:08,3.2,24.6725,234135552,642606,43998911
2024-08-14 09:28:13,5.9,24.6725,234135552,642606,43998911
2024-08-14 09:28:18,3.2,24.6725,234135552,642606,43998911
2024-08-14 09:28:23,6.2,24.6725,234135552,642696,43998987
2024-08-14 09:28:29,5.8,24.6725,234135552,642738,43999015
2024-08-14 09:28:34,0,24.6997,234393600,642738,43999015
2024-08-14 09:28:39,3,24.7269,234651648,642870,43999119
2024-08-14 09:28:44,0,24.7541,234909696,642870,43999119
2024-08-14 09:28:49,0,24.7541,234909696,645038,44001176
2024-08-14 09:28:54,3.2,24.7541,234909696,645128,44001252
2024-08-14 09:29:00,0,24.7813,235167744,645128,44001252
2024-08-14 09:29:05,3,24.7813,235167744,645128,44001252
2024-08-14 09:29:10,3,24.8085,235425792,645272,44001374
2024-08-14 09:29:15,3.2,24.8896,236195840,645272,44001374
2024-08-14 09:29:20,3.1,24.8896,236195840,645272,44001374
2024-08-14 09:29:26,0,24.8896,236195840,645362,44001450
2024-08-14 09:29:31,6.2,24.8896,236195840,645404,44001478
2024-08-14 09:29:36,3,24.8896,236195840,645446,44001506
2024-08-14 09:29:41,6.2,24.9168,236453888,645536,44001582
2024-08-14 09:29:46,0,24.9712,236969984,645674,44001582
2024-08-14 09:29:52,3.1,24.9712,236969984,645674,44001582
2024-08-14 09:29:57,0,24.9712,236969984,646124,44001962
2024-08-14 09:30:02,0,24.9712,236969984,646124,44001962
2024-08-14 09:30:07,3.2,24.9712,236969984,646124,44001962
2024-08-14 09:30:12,0,24.9712,236969984,646124,44001962
2024-08-14 09:30:18,3.1,24.9708,236965888,646214,44002038
2024-08-14 09:30:23,0,24.9708,236965888,646256,44002066
2024-08-14 09:30:28,0,24.9708,236965888,646256,44002066
2024-08-14 09:30:33,3,24.9708,236965888,646442,44002216
2024-08-14 09:30:39,6.2,24.9708,236965888,646442,44002216
2024-08-14 09:30:44,0,24.9708,236965888,646442,44002216
2024-08-14 09:30:49,3.1,24.9703,236961792,648568,44004349
2024-08-14 09:30:54,3.1,24.9703,236961792,648568,44004349
2024-08-14 09:30:59,3.1,24.9703,236961792,648568,44004349
2024-08-14 09:31:04,3.2,24.9703,236961792,648658,44004425
2024-08-14 09:31:10,8.8,24.9703,236961792,648658,44004425
2024-08-14 09:31:15,0,24.9703,236961792,648658,44004425
2024-08-14 09:31:20,5.8,25.405,241086464,671195,44008256
2024-08-14 09:31:25,0,25.405,241086464,683442,44015976
2024-08-14 09:31:30,3.1,25.405,241086464,683484,44016004
2024-08-14 09:31:36,6.2,25.405,241086464,692983,44018084
2024-08-14 09:31:41,0,25.405,241086464,695059,44023079
2024-08-14 09:31:46,0,25.405,241086464,696181,44025294
2024-08-14 09:31:51,0,25.405,241086464,704756,44026646
2024-08-14 09:31:56,0,25.405,241086464,704756,44026646
2024-08-14 09:32:02,3,25.4309,241332224,706010,44030037
2024-08-14 09:32:07,8.6,25.4309,241332224,718353,44041418
2024-08-14 09:32:12,12.1,25.4188,241217536,742112,44057586
2024-08-14 09:32:17,3.1,25.4127,241160192,756966,44065607
2024-08-14 09:32:22,2.9,25.4127,241160192,770468,44072948
2024-08-14 09:32:28,0,17.284,164020224,782587,44085171
2024-08-14 09:32:33,3.1,17.3642,164782080,782587,44085171
2024-08-14 09:32:38,0,17.3914,165040128,782587,44085171
2024-08-14 09:32:43,3.2,17.3914,165040128,782677,44085247
2024-08-14 09:32:49,3,17.391,165036032,782677,44085247
2024-08-14 09:32:54,3.2,17.391,165036032,782677,44085247
2024-08-14 09:32:59,3.2,17.391,165036032,782767,44085323
2024-08-14 09:33:04,3.2,17.4454,165552128,782809,44085351
2024-08-14 09:33:09,0,17.4726,165810176,782809,44085351
2024-08-14 09:33:14,5.8,17.4721,165806080,782899,44085427
2024-08-14 09:33:20,3.1,17.4721,165806080,782941,44085455
2024-08-14 09:33:25,0,17.4721,165806080,782941,44085455
2024-08-14 09:33:30,6,17.4721,165806080,783031,44085531
2024-08-14 09:33:35,3.2,17.498,166051840,783211,44085559
2024-08-14 09:33:40,3.1,17.6064,167079936,783211,44085559
2024-08-14 09:33:46,0,17.7423,168370176,783301,44085635
