2024-08-14 09:10:13,9.7,17.9248,170102784,154383,26655036
2024-08-14 09:10:18,3.2,18.0746,171524096,260764,43517428
2024-08-14 09:10:23,6.2,18.1821,172544000,260902,43517428
2024-08-14 09:10:28,3.2,18.2637,173318144,260902,43517428
2024-08-14 09:10:34,3.1,18.3716,174342144,260992,43517504
2024-08-14 09:10:39,3.2,18.3988,174600192,260992,43517504
2024-08-14 09:10:44,0,18.3983,174596096,260992,43517504
2024-08-14 09:10:49,0,18.4001,174612480,261082,43517580
2024-08-14 09:10:54,3.1,18.4001,174612480,261082,43517580
2024-08-14 09:11:00,0,18.4005,174616576,261082,43517580
2024-08-14 09:11:05,0,18.4005,174616576,261172,43517656
2024-08-14 09:11:10,0,18.4005,174616576,261214,43517684
2024-08-14 09:11:15,3.2,18.4005,174616576,261256,43517712
2024-08-14 09:11:20,0,18.4277,174874624,261776,43518092
2024-08-14 09:11:25,0,18.4277,174874624,261776,43518092
2024-08-14 09:11:31,0,18.4277,174874624,261776,43518092
2024-08-14 09:11:36,0,18.5347,175890432,261866,43518168
2024-08-14 09:11:41,6.2,18.7251,177696768,261866,43518168
2024-08-14 09:11:46,3.1,18.9668,179990528,261866,43518168
2024-08-14 09:11:51,3.2,18.9953,180260864,261956,43518244
2024-08-14 09:11:57,3.1,19.0225,180518912,261998,43518272
2024-08-14 09:12:02,3.1,19.1023,181276672,264298,43520332
2024-08-14 09:12:07,3.1,19.1023,181276672,264430,43520436
2024-08-14 09:12:12,3.2,19.1023,181276672,264430,43520436
2024-08-14 09:12:17,3.2,19.1023,181276672,264568,43520436
2024-08-14 09:12:22,0,19.1295,181534720,264928,43520740
2024-08-14 09:12:28,3.1,19.1567,181792768,265018,43520816
2024-08-14 09:12:33,0,19.1567,181792768,265018,43520816
2024-08-14 09:12:38,0,19.1567,181792768,265018,43520816
2024-08-14 09:12:43,0,19.1567,181792768,265108,43520892
2024-08-14 09:12:48,0,19.1567,181792768,265150,43520920
2024-08-14 09:12:53,0,19.1567,181792768,265150,43520920
2024-08-14 09:12:59,0,19.1567,181792768,265240,43520996
2024-08-14 09:13:04,0,19.1545,181772288,265282,43521024
2024-08-14 09:13:09,0,19.1545,181772288,265282,43521024
2024-08-14 09:13:14,6.2,19.1545,181772288,265372,43521100
2024-08-14 09:13:19,3.2,19.1545,181772288,265372,43521100
2024-08-14 09:13:25,3.1,19.1545,181772288,265372,43521100
2024-08-14 09:13:30,3.1,19.1545,181772288,265822,43521480
2024-08-14 09:13:35,6.2,19.1545,181772288,265864,43521508
2024-08-14 09:13:40,3.2,19.1545,181772288,265864,43521508
2024-08-14 09:13:45,0,19.1545,181772288,265954,43521584
2024-08-14 09:13:50,0,19.1545,181772288,265954,43521584
2024-08-14 09:13:56,0,19.1545,181772288,265954,43521584
2024-08-14 09:14:01,0,19.1545,181772288,266086,43521688
2024-08-14 09:14:06,0,19.1545,181772288,268122,43523748
2024-08-14 09:14:11,6.2,19.1545,181772288,268122,43523748
2024-08-14 09:14:16,6.1,19.1545,181772288,268350,43523824
2024-08-14 09:14:22,0,19.1541,181768192,268350,43523824
2024-08-14 09:14:27,0,19.1541,181768192,268350,43523824
2024-08-14 09:14:32,0,19.1541,181768192,268620,43524052
2024-08-14 09:14:37,0,19.1537,181764096,268800,43524204
2024-08-14 09:14:42,0,19.1537,181764096,268800,43524204
2024-08-14 09:14:47,0,19.1537,181764096,268800,43524204
2024-08-14 09:14:53,0,19.1537,181764096,268890,43524280
2024-08-14 09:14:58,6.2,19.1537,181764096,268974,43524336
2024-08-14 09:15:03,6.1,19.1537,181764096,268974,43524336
2024-08-14 09:15:08,6.1,19.1537,181764096,269064,43524412
2024-08-14 09:15:13,0,19.1537,181764096,269064,43524412
2024-08-14 09:15:19,0,19.1537,181764096,269064,43524412
2024-08-14 09:15:24,0,19.1437,181669888,269154,43524488
2024-08-14 09:15:29,0,19.1437,181669888,269154,43524488
2024-08-14 09:15:34,3.2,19.1437,181669888,269154,43524488
2024-08-14 09:15:39,6.2,19.1433,181665792,269604,43524868
2024-08-14 09:15:44,6.2,19.1433,181665792,269646,43524896
2024-08-14 09:15:50,6,19.1433,181665792,269646,43524896
2024-08-14 09:15:55,3.2,19.1433,181665792,269778,43525000
2024-08-14 09:16:00,6.2,19.1433,181665792,269778,43525000
2024-08-14 09:16:05,6.2,19.1407,181641216,271884,43527060
2024-08-14 09:16:10,6.2,19.1407,181641216,272112,43527136
2024-08-14 09:16:16,3,19.1407,181641216,272112,43527136
2024-08-14 09:16:21,6.2,19.1407,181641216,272112,43527136
2024-08-14 09:16:26,3.1,19.1403,181637120,272202,43527212
2024-08-14 09:16:31,3.1,19.1662,181882880,272202,43527212
2024-08-14 09:16:36,6.2,19.1662,181882880,272202,43527212
2024-08-14 09:16:41,6.2,19.1653,181874688,272472,43527440
2024-08-14 09:16:47,6.1,19.1904,182112256,272810,43527666
2024-08-14 09:16:52,3.2,19.1904,182112256,272910,43527694
2024-08-14 09:16:57,3.1,19.1904,182112256,273022,43527740
2024-08-14 09:17:02,6,19.1904,182112256,273170,43527816
2024-08-14 09:17:07,6.1,19.1904,182112256,273170,43527816
2024-08-14 09:17:13,6.2,19.1904,182112256,273170,43527816
2024-08-14 09:17:18,6.1,19.1895,182104064,273318,43527892
2024-08-14 09:17:23,6.2,19.1895,182104064,273318,43527892
2024-08-14 09:17:28,3.1,19.1895,182104064,273318,43527892
2024-08-14 09:17:33,6.2,19.1895,182104064,273408,43527968
2024-08-14 09:17:38,3.2,19.2974,183128064,273450,43527996
2024-08-14 09:17:44,3.1,19.2974,183128064,273540,43528072
2024-08-14 09:17:49,3.2,19.2974,183128064,273942,43528404
2024-08-14 09:17:54,0,19.2974,183128064,273942,43528404
2024-08-14 09:17:59,3.2,19.2974,183128064,273942,43528404
2024-08-14 09:18:04,0,19.4878,184934400,276332,43530540
2024-08-14 09:18:09,0,19.4878,184934400,276470,43530540
2024-08-14 09:18:15,0,19.4878,184934400,276470,43530540
2024-08-14 09:18:20,0,19.4878,184934400,276560,43530616
2024-08-14 09:18:25,0,19.4878,184934400,276560,43530616
2024-08-14 09:18:30,0,19.4878,184934400,276560,43530616
2024-08-14 09:18:35,0,19.4878,184934400,276650,43530692
2024-08-14 09:18:41,0,19.4878,184934400,276692,43530720
2024-08-14 09:18:46,0,19.4878,184934400,276734,43530748
2024-08-14 09:18:51,6.2,19.4878,184934400,277004,43530976
2024-08-14 09:18:56,3.2,19.5136,185180160,277184,43531128
2024-08-14 09:19:01,6,19.5408,185438208,277184,43531128
2024-08-14 09:19:06,0,19.5408,185438208,277184,43531128
2024-08-14 09:19:12,0,19.5404,185434112,277274,43531204
2024-08-14 09:19:17,0,19.5404,185434112,277274,43531204
2024-08-14 09:19:22,0,19.5404,185434112,277274,43531204
2024-08-14 09:19:27,93.3,23.3093,221200384,293026,43552133
2024-08-14 09:19:32,0,24.2641,230260736,555756,43737204
2024-08-14 09:19:38,6.2,24.2641,230260736,555798,43737232
2024-08-14 09:19:43,3.2,24.2908,230514688,555888,43737308
2024-08-14 09:19:48,3.2,24.3711,231276544,555888,43737308
2024-08-14 09:19:53,3.2,24.4527,232050688,555978,43737384
2024-08-14 09:19:58,6.2,24.533,232812544,556338,43737688
2024-08-14 09:20:03,6.2,24.6128,233570304,558638,43739748
2024-08-14 09:20:09,3.2,24.6128,233570304,558776,43739748
2024-08-14 09:20:14,0,24.6128,233570304,558866,43739824
2024-08-14 09:20:19,0,24.6128,233570304,558866,43739824
2024-08-14 09:20:24,0,24.6128,233570304,558866,43739824
2024-08-14 09:20:29,3.2,24.6128,233570304,558956,43739900
2024-08-14 09:20:35,6.2,24.6128,233570304,559040,43739956
2024-08-14 09:20:40,3.2,24.6128,233570304,559040,43739956
2024-08-14 09:20:45,3.2,24.6128,233570304,559130,43740032
2024-08-14 09:20:50,6.2,24.6128,233570304,559130,43740032
2024-08-14 09:20:55,6.2,24.6128,233570304,559130,43740032
2024-08-14 09:21:00,3.2,24.6128,233570304,559400,43740260
2024-08-14 09:21:06,6.2,24.6128,233570304,559622,43740440
2024-08-14 09:21:11,6.2,24.6128,233570304,559622,43740440
2024-08-14 09:21:16,3.2,24.6128,233570304,559622,43740440
2024-08-14 09:21:21,3.2,24.6128,233570304,559712,43740516
2024-08-14 09:21:26,3.1,24.6128,233570304,559712,43740516
2024-08-14 09:21:32,3.2,24.6387,233816064,559754,43740544
2024-08-14 09:21:37,3.2,24.6387,233816064,559844,43740620
2024-08-14 09:21:42,3.2,24.6387,233816064,559886,43740648
2024-08-14 09:21:47,0,24.6387,233816064,559886,43740648
2024-08-14 09:21:52,0,24.6659,234074112,559976,43740724
2024-08-14 09:21:57,0,24.7203,234590208,559976,43740724
2024-08-14 09:22:03,0,24.8822,236126208,562372,43742860
2024-08-14 09:22:08,0,24.8822,236126208,562774,43743192
2024-08-14 09:22:13,0,24.8822,236126208,562828,43743238
2024-08-14 09:22:18,0,24.9624,236888064,562828,43743238
2024-08-14 09:22:23,0,22.3818,212398080,562918,43743314
2024-08-14 09:22:29,0,22.4634,213172224,562960,43743342
2024-08-14 09:22:34,0,22.6537,214978560,562960,43743342
2024-08-14 09:22:39,6.2,22.8432,216776704,563050,43743418
2024-08-14 09:22:44,6.2,23.0594,218828800,563092,43743446
2024-08-14 09:22:49,6.2,23.3037,221147136,563092,43743446
2024-08-14 09:22:54,0,23.3577,221659136,563182,43743522
2024-08-14 09:23:00,0,23.3577,221659136,563182,43743522
2024-08-14 09:23:05,0,23.4923,222937088,563182,43743522
2024-08-14 09:23:10,3.2,23.5739,223711232,563542,43743826
2024-08-14 09:23:15,3,23.6283,224227328,563674,43743930
2024-08-14 09:23:20,3.1,23.6555,224485376,563674,43743930
2024-08-14 09:23:25,0,23.6555,224485376,563716,43743958
2024-08-14 09:23:31,3.2,23.6555,224485376,563806,43744034
2024-08-14 09:23:36,3.2,23.6555,224485376,563806,43744034
2024-08-14 09:23:41,3.2,23.6555,224485376,563806,43744034
2024-08-14 09:23:46,3.1,23.6827,224743424,563896,43744110
2024-08-14 09:23:51,3.2,23.7643,225517568,563938,43744138
2024-08-14 09:23:57,3.2,23.7643,225517568,564076,43744138
2024-08-14 09:24:02,0,23.8704,226525184,566268,43746274
2024-08-14 09:24:07,0,23.8704,226525184,566268,43746274
2024-08-14 09:24:12,0,23.8704,226525184,566268,43746274
2024-08-14 09:24:17,0,23.87,226521088,566448,43746426
2024-08-14 09:24:22,6.2,23.87,226521088,566490,43746454
2024-08-14 09:24:28,3.1,23.87,226521088,566490,43746454
2024-08-14 09:24:33,3.2,23.87,226521088,566580,43746530
2024-08-14 09:24:38,6.2,23.87,226521088,566622,43746558
2024-08-14 09:24:43,6.2,23.87,226521088,566622,43746558
2024-08-14 09:24:48,6.2,23.87,226521088,566712,43746634
2024-08-14 09:24:54,6.1,23.87,226521088,566712,43746634
2024-08-14 09:24:59,6.2,23.87,226521088,566712,43746634
2024-08-14 09:25:04,3.2,23.87,226521088,566802,43746710
2024-08-14 09:25:09,3.2,23.87,226521088,566844,43746738
2024-08-14 09:25:14,3.2,23.87,226521088,566844,43746738
2024-08-14 09:25:19,3.1,24.3491,231067648,597151,43936985
2024-08-14 09:25:25,3.2,24.3491,231067648,597545,43937259
2024-08-14 09:25:30,3.2,24.3491,231067648,597545,43937259
2024-08-14 09:25:35,3.1,24.3483,231059456,597545,43937259
2024-08-14 09:25:40,3.1,24.3483,231059456,597635,43937335
2024-08-14 09:25:45,3.2,24.3483,231059456,597635,43937335
2024-08-14 09:25:51,3.2,24.3483,231059456,597773,43937335
2024-08-14 09:25:56,3.2,24.3483,231059456,597917,43937457
2024-08-14 09:26:01,6.2,24.3483,231059456,597971,43937503
2024-08-14 09:26:06,0,24.3483,231059456,600205,43939563
2024-08-14 09:26:11,3.2,24.3483,231059456,600337,43939667
2024-08-14 09:26:16,6,24.3483,231059456,600379,43939695
2024-08-14 09:26:22,6,24.3483,231059456,600379,43939695
2024-08-14 09:26:27,3.2,24.3483,231059456,600469,43939771
2024-08-14 09:26:32,3.1,24.3483,231059456,600469,43939771
2024-08-14 09:26:37,0,24.3483,231059456,600469,43939771
2024-08-14 09:26:42,0,24.3483,231059456,600559,43939847
2024-08-14 09:26:48,6.2,24.3483,231059456,600559,43939847
2024-08-14 09:26:53,6.2,24.3483,231059456,600559,43939847
2024-08-14 09:26:58,3.2,24.3483,231059456,600649,43939923
2024-08-14 09:27:03,3,24.3483,231059456,600745,43939997
2024-08-14 09:27:08,0,24.3483,231059456,600787,43940025
2024-08-14 09:27:13,0,24.457,232091648,600787,43940025
2024-08-14 09:27:19,0,24.5658,233123840,600877,43940101
2024-08-14 09:27:24,0,24.593,233381888,600877,43940101
2024-08-14 09:27:29,0,24.5925,233377792,601147,43940329
2024-08-14 09:27:34,0,24.5925,233377792,601327,43940481
2024-08-14 09:27:39,6.2,24.5925,233377792,601327,43940481
2024-08-14 09:27:45,3.2,24.5925,233377792,601465,43940481
2024-08-14 09:27:50,6.2,24.5925,233377792,601555,43940557
2024-08-14 09:27:55,6.1,24.5925,233377792,601597,43940585
2024-08-14 09:28:00,0,24.5925,233377792,601597,43940585
2024-08-14 09:28:05,0,24.5925,233377792,603831,43942749
2024-08-14 09:28:10,0,24.5925,233377792,603831,43942749
2024-08-14 09:28:16,0,24.5925,233377792,603831,43942749
2024-08-14 09:28:21,3,24.5925,233377792,603921,43942825
2024-08-14 09:28:26,0,24.5925,233377792,603921,43942825
2024-08-14 09:28:31,0,24.5925,233377792,603921,43942825
2024-08-14 09:28:36,0,24.5925,233377792,604011,43942901
2024-08-14 09:28:41,6.2,24.5925,233377792,604011,43942901
2024-08-14 09:28:47,3.2,24.5925,233377792,604011,43942901
2024-08-14 09:28:52,3.1,24.5921,233373696,604101,43942977
2024-08-14 09:28:57,3.2,24.6465,233889792,604143,43943005
2024-08-14 09:29:02,3.2,24.6465,233889792,604185,43943033
2024-08-14 09:29:07,3.2,24.6465,233889792,604275,43943109
2024-08-14 09:29:13,3.1,24.6465,233889792,604275,43943109
2024-08-14 09:29:18,3.2,24.6465,233889792,604275,43943109
2024-08-14 09:29:23,3.2,24.6465,233889792,604365,43943185
2024-08-14 09:29:28,3.1,24.6737,234147840,604365,43943185
2024-08-14 09:29:33,3.2,24.6737,234147840,604365,43943185
2024-08-14 09:29:38,0,24.6728,234139648,604683,43943337
2024-08-14 09:29:44,3.2,24.6728,234139648,604995,43943593
2024-08-14 09:29:49,3.2,24.6728,234139648,604995,43943593
2024-08-14 09:29:54,3.1,24.6728,234139648,605169,43943639
2024-08-14 09:29:59,3.2,24.6724,234135552,605359,43943743
2024-08-14 09:30:04,0,24.8895,236195840,607461,43945803
2024-08-14 09:30:10,0,24.8895,236195840,607519,43945803
2024-08-14 09:30:15,3.2,24.9422,236695552,607609,43945879
2024-08-14 09:30:20,3.2,25.0237,237469696,607609,43945879
2024-08-14 09:30:25,3.2,25.1584,238747648,607667,43945879
2024-08-14 09:30:30,3.2,25.1584,238747648,607757,43945955
2024-08-14 09:30:35,3.2,25.1584,238747648,607757,43945955
2024-08-14 09:30:41,0,25.1584,238747648,607757,43945955
2024-08-14 09:30:46,0,25.1584,238747648,607847,43946031
2024-08-14 09:30:51,3.2,25.1584,238747648,607847,43946031
2024-08-14 09:30:56,3.1,25.1584,238747648,607943,43946119
2024-08-14 09:31:01,0,25.158,238743552,608075,43946223
2024-08-14 09:31:07,3.2,17.9999,170815488,717588,44005939
2024-08-14 09:31:12,3.2,17.9999,170815488,717588,44005939
2024-08-14 09:31:17,0,18.0271,171073536,717678,44006015
2024-08-14 09:31:22,0,18.0289,171089920,717678,44006015
2024-08-14 09:31:27,0,18.0289,171089920,717678,44006015
2024-08-14 09:31:32,0,18.0289,171089920,717960,44006151
2024-08-14 09:31:38,0,18.0289,171089920,717960,44006151
2024-08-14 09:31:43,0,18.0289,171089920,717960,44006151
2024-08-14 09:31:48,0,18.0289,171089920,718230,44006379
2024-08-14 09:31:53,0,18.0561,171347968,718452,44006559
2024-08-14 09:31:58,3.1,18.1104,171864064,718452,44006559
2024-08-14 09:32:04,3.2,18.1104,171864064,718452,44006559
2024-08-14 09:32:09,6.2,18.1372,172118016,718542,44006635
2024-08-14 09:32:14,0,18.164,172371968,723184,44014865
2024-08-14 09:32:19,0,18.2455,173146112,723184,44014865
2024-08-14 09:32:24,6.2,18.4087,174694400,723406,44015097
2024-08-14 09:32:29,6.2,18.4359,174952448,723406,44015097
2024-08-14 09:32:35,3.1,18.4359,174952448,723406,44015097
2024-08-14 09:32:40,3.2,18.4355,174948352,723496,44015173
2024-08-14 09:32:45,3.1,18.4355,174948352,723496,44015173
2024-08-14 09:32:50,3.1,18.4355,174948352,723538,44015201
2024-08-14 09:32:55,3.2,18.4355,174948352,723628,44015277
2024-08-14 09:33:00,3.1,18.4355,174948352,723736,44015369
