2024-08-14 09:15:26,13,17.6424,167415808,230468,37234025
2024-08-14 09:15:31,0,17.7891,168808448,287043,45783045
2024-08-14 09:15:36,3.1,17.8435,169324544,287043,45783045
2024-08-14 09:15:41,0,17.8699,169574400,287043,45783045
2024-08-14 09:15:47,0,17.8699,169574400,287175,45783149
2024-08-14 09:15:52,0,18.0054,170860544,287175,45783149
2024-08-14 09:15:57,3,18.0071,170876928,287175,45783149
2024-08-14 09:16:02,3,18.0067,170872832,287625,45783529
2024-08-14 09:16:07,6,18.0067,170872832,287667,45783557
2024-08-14 09:16:13,0,18.0339,171130880,287667,45783557
2024-08-14 09:16:18,5.8,18.0339,171130880,287757,45783633
2024-08-14 09:16:23,6,18.0339,171130880,287827,45783633
2024-08-14 09:16:28,3.1,18.0339,171130880,287827,45783633
2024-08-14 09:16:33,0,18.3283,173924352,290085,45785768
2024-08-14 09:16:39,0,18.4103,174702592,290223,45785768
2024-08-14 09:16:44,3.2,18.437,174956544,290265,45785796
2024-08-14 09:16:49,3.1,18.437,174956544,290265,45785796
2024-08-14 09:16:54,3,18.4625,175198208,290355,45785872
2024-08-14 09:16:59,3,18.4625,175198208,290355,45785872
2024-08-14 09:17:05,0,18.4642,175214592,290715,45786100
2024-08-14 09:17:10,0,18.4638,175210496,290847,45786280
2024-08-14 09:17:15,6,18.4629,175202304,290847,45786280
2024-08-14 09:17:20,5.7,18.4629,175202304,290847,45786280
2024-08-14 09:17:25,3.1,18.4629,175202304,290937,45786356
2024-08-14 09:17:31,3.1,18.4629,175202304,290937,45786356
2024-08-14 09:17:36,3,18.459,175165440,290937,45786356
2024-08-14 09:17:41,3.2,18.4595,175169536,291069,45786460
2024-08-14 09:17:46,0,18.4595,175169536,291069,45786460
2024-08-14 09:17:51,2.9,18.4595,175169536,291069,45786460
2024-08-14 09:17:57,3.2,18.459,175165440,291159,45786536
2024-08-14 09:18:02,0,18.4595,175169536,291201,45786564
2024-08-14 09:18:07,0,18.4595,175169536,291201,45786564
2024-08-14 09:18:12,0,18.4595,175169536,291651,45786944
2024-08-14 09:18:17,3.2,18.4578,175153152,291651,45786944
2024-08-14 09:18:23,0,18.4578,175153152,291651,45786944
2024-08-14 09:18:28,3.1,18.4578,175153152,291879,45787020
2024-08-14 09:18:33,3,18.4569,175144960,294047,45789079
2024-08-14 09:18:38,3.1,18.459,175165440,294131,45789135
2024-08-14 09:18:43,0,18.459,175165440,294221,45789211
2024-08-14 09:18:49,0,18.459,175165440,294221,45789211
2024-08-14 09:18:54,6.1,18.459,175165440,294221,45789211
2024-08-14 09:18:59,6,18.459,175165440,294311,45789287
2024-08-14 09:19:04,3.2,18.4586,175161344,294311,45789287
2024-08-14 09:19:10,3.1,18.4845,175407104,294311,45789287
2024-08-14 09:19:15,6.1,18.4837,175398912,294761,45789667
2024-08-14 09:19:20,3.1,18.4819,175382528,294803,45789695
2024-08-14 09:19:25,3.1,18.5363,175898624,294803,45789695
2024-08-14 09:19:30,0,18.6179,176672768,294845,45789723
2024-08-14 09:19:35,3.2,18.6977,177430528,294935,45789799
2024-08-14 09:19:41,3.2,18.6977,177430528,294935,45789799
2024-08-14 09:19:46,13.3,24.4688,232194048,331910,45815666
2024-08-14 09:19:51,27.3,24.5478,232943616,349268,45826589
2024-08-14 09:19:56,6.2,24.5495,232960000,375084,45845862
2024-08-14 09:20:01,18.2,24.5508,232972288,386663,45852781
2024-08-14 09:20:07,9.7,24.5503,232968192,399582,45857665
2024-08-14 09:20:12,2.9,24.5503,232968192,407584,45865062
2024-08-14 09:20:17,10,24.5503,232968192,430839,45877221
2024-08-14 09:20:22,18.7,24.5521,232984576,458281,45898094
2024-08-14 09:20:27,23.6,24.5758,233209856,524067,45939130
2024-08-14 09:20:33,6,24.5685,233140224,552262,45963153
2024-08-14 09:20:38,3.1,24.5693,233148416,571407,45984365
2024-08-14 09:20:43,6.1,24.5711,233164800,583037,45995564
2024-08-14 09:20:48,6.2,24.5745,233197568,593851,46010452
2024-08-14 09:20:53,3.1,24.5741,233193472,598241,46013718
2024-08-14 09:20:59,3.1,24.6298,233721856,611245,46034231
2024-08-14 09:21:04,6.2,24.657,233979904,611245,46034231
2024-08-14 09:21:09,3,21.9795,208572416,611335,46034307
2024-08-14 09:21:14,0,22.0611,209346560,611335,46034307
2024-08-14 09:21:19,3,22.0861,209584128,611335,46034307
2024-08-14 09:21:25,0,22.1133,209842176,611827,46034715
2024-08-14 09:21:30,0,22.1405,210100224,611827,46034715
2024-08-14 09:21:35,2.9,22.4906,213422080,613863,46036774
2024-08-14 09:21:40,0,22.4901,213417984,613953,46036850
2024-08-14 09:21:45,3.2,22.4901,213417984,613953,46036850
2024-08-14 09:21:51,0,22.4901,213417984,613953,46036850
2024-08-14 09:21:56,6.2,22.4893,213409792,613953,46036850
2024-08-14 09:22:01,3.1,22.4893,213409792,614400,46037596
2024-08-14 09:22:06,3.1,22.5134,213639168,614538,46037596
2024-08-14 09:22:11,6.1,22.5406,213897216,614538,46037596
2024-08-14 09:22:17,3,22.5946,214409216,614628,46037672
2024-08-14 09:22:22,0,22.7301,215695360,614670,46037700
2024-08-14 09:22:27,6.2,22.8104,216457216,614760,46037776
2024-08-14 09:22:32,6,23.0297,218537984,615120,46038080
2024-08-14 09:22:37,3.1,23.0245,218488832,615120,46038080
2024-08-14 09:22:43,0,23.0236,218480640,615120,46038080
2024-08-14 09:22:48,3.1,23.0236,218480640,615210,46038156
2024-08-14 09:22:53,0,23.0236,218480640,615252,46038184
2024-08-14 09:22:58,3.1,23.0236,218480640,615252,46038184
2024-08-14 09:23:03,3.1,23.0236,218480640,615342,46038260
2024-08-14 09:23:09,6.2,23.0236,218480640,615342,46038260
2024-08-14 09:23:14,0,23.0236,218480640,615342,46038260
2024-08-14 09:23:19,0,23.0763,218980352,615474,46038364
2024-08-14 09:23:24,3.1,23.1035,219238400,615528,46038410
2024-08-14 09:23:29,0,23.1035,219238400,615528,46038410
2024-08-14 09:23:34,3,23.2382,220516352,618014,46040849
2024-08-14 09:23:40,0,23.2382,220516352,618014,46040849
2024-08-14 09:23:45,3.1,23.2382,220516352,618014,46040849
2024-08-14 09:23:50,0,23.2382,220516352,618104,46040925
2024-08-14 09:23:55,0,23.2382,220516352,618104,46040925
2024-08-14 09:24:00,0,23.2382,220516352,618242,46040925
2024-08-14 09:24:06,3.2,23.2382,220516352,618242,46040925
2024-08-14 09:24:11,0,23.2377,220512256,618332,46041001
2024-08-14 09:24:16,3,23.2377,220512256,618416,46041057
2024-08-14 09:24:21,0,23.2377,220512256,618416,46041057
2024-08-14 09:24:26,3.2,23.2377,220512256,618506,46041133
2024-08-14 09:24:32,3.1,23.2377,220512256,618506,46041133
2024-08-14 09:24:37,3.1,23.2377,220512256,618506,46041133
2024-08-14 09:24:42,3,23.2377,220512256,618686,46041285
2024-08-14 09:24:47,0,23.2377,220512256,618728,46041313
2024-08-14 09:24:52,0,23.2377,220512256,618728,46041313
2024-08-14 09:24:58,3.1,23.2377,220512256,618818,46041389
2024-08-14 09:25:03,0,23.236,220495872,618818,46041389
2024-08-14 09:25:08,6.1,23.236,220495872,618818,46041389
2024-08-14 09:25:13,2.9,23.236,220495872,618950,46041493
2024-08-14 09:25:18,3,23.2377,220512256,618992,46041521
2024-08-14 09:25:24,3.1,23.2377,220512256,618992,46041521
2024-08-14 09:25:29,0,23.2377,220512256,619136,46041643
2024-08-14 09:25:34,3.2,24.6414,233832448,652013,46235368
2024-08-14 09:25:39,3.1,24.6414,233832448,652013,46235368
2024-08-14 09:25:44,3.2,24.6414,233832448,652463,46235748
2024-08-14 09:25:50,8.8,24.6414,233832448,652601,46235748
2024-08-14 09:25:55,0,24.6414,233832448,652601,46235748
2024-08-14 09:26:00,3.2,24.6414,233832448,652691,46235824
2024-08-14 09:26:05,6,24.6414,233832448,652775,46235880
2024-08-14 09:26:10,0,24.6414,233832448,652845,46235880
2024-08-14 09:26:16,3.1,24.6414,233832448,652935,46235956
2024-08-14 09:26:21,3.2,24.6414,233832448,652935,46235956
2024-08-14 09:26:26,3.2,24.6414,233832448,652935,46235956
2024-08-14 09:26:31,6.2,24.6414,233832448,652935,46235956
2024-08-14 09:26:36,6.2,24.6414,233832448,653067,46236060
2024-08-14 09:26:42,5.9,24.6414,233832448,653067,46236060
2024-08-14 09:26:47,0,24.6414,233832448,653157,46236136
2024-08-14 09:26:52,5.8,24.6414,233832448,653247,46236212
2024-08-14 09:26:57,8.8,24.6414,233832448,653247,46236212
2024-08-14 09:27:02,3.2,24.6414,233832448,653289,46236240
2024-08-14 09:27:08,0,24.6414,233832448,653433,46236362
2024-08-14 09:27:13,3,24.6414,233832448,653475,46236390
2024-08-14 09:27:18,0,24.6414,233832448,653475,46236390
2024-08-14 09:27:23,3.1,24.6414,233832448,653565,46236466
2024-08-14 09:27:28,8.8,24.6414,233832448,653565,46236466
2024-08-14 09:27:34,3,24.6686,234090496,655667,46238473
2024-08-14 09:27:39,0,24.6686,234090496,655799,46238577
2024-08-14 09:27:44,3.1,24.6686,234090496,655937,46238577
2024-08-14 09:27:49,3,24.6686,234090496,655937,46238577
2024-08-14 09:27:54,3,24.6677,234082304,656387,46238957
2024-08-14 09:28:00,3,24.6677,234082304,656429,46238985
2024-08-14 09:28:05,0,24.6677,234082304,656429,46238985
2024-08-14 09:28:10,0,24.6677,234082304,656519,46239061
2024-08-14 09:28:15,0,24.6677,234082304,656561,46239089
2024-08-14 09:28:20,5.9,24.6677,234082304,656561,46239089
2024-08-14 09:28:26,3.2,24.6677,234082304,656651,46239165
2024-08-14 09:28:31,0,24.6677,234082304,656651,46239165
2024-08-14 09:28:36,0,24.6677,234082304,656651,46239165
2024-08-14 09:28:41,0,24.6677,234082304,656741,46239241
2024-08-14 09:28:46,3.1,24.6677,234082304,656783,46239269
2024-08-14 09:28:52,0,24.6677,234082304,656783,46239269
2024-08-14 09:28:57,3.2,24.6677,234082304,656915,46239373
2024-08-14 09:29:02,3,24.6677,234082304,657005,46239449
2024-08-14 09:29:07,6.2,24.6677,234082304,657005,46239449
2024-08-14 09:29:12,3.1,24.6677,234082304,657005,46239449
2024-08-14 09:29:18,6.1,24.6677,234082304,657095,46239525
2024-08-14 09:29:23,6.1,24.6677,234082304,657137,46239553
2024-08-14 09:29:28,0,24.6677,234082304,657137,46239553
2024-08-14 09:29:33,3.2,24.6677,234082304,659263,46241688
2024-08-14 09:29:38,0,24.6677,234082304,659263,46241688
2024-08-14 09:29:43,0,24.666,234065920,659401,46241688
2024-08-14 09:29:49,5.6,24.666,234065920,659491,46241764
2024-08-14 09:29:54,3,24.666,234065920,659533,46241792
2024-08-14 09:29:59,3,24.666,234065920,659533,46241792
2024-08-14 09:30:04,5.9,24.6673,234078208,660025,46242200
2024-08-14 09:30:09,6.1,24.6673,234078208,660025,46242200
2024-08-14 09:30:15,3.1,24.6673,234078208,660025,46242200
2024-08-14 09:30:20,0,24.6673,234078208,660115,46242276
2024-08-14 09:30:25,0,24.6945,234336256,660115,46242276
2024-08-14 09:30:30,3.1,24.7752,235102208,660115,46242276
2024-08-14 09:30:35,6.1,24.7752,235102208,660205,46242352
2024-08-14 09:30:41,3.2,24.7752,235102208,660247,46242380
2024-08-14 09:30:46,3.1,24.7752,235102208,660247,46242380
2024-08-14 09:30:51,3.1,24.7748,235098112,660379,46242484
2024-08-14 09:30:56,0,24.7748,235098112,660379,46242484
2024-08-14 09:31:01,6.1,24.7748,235098112,660379,46242484
2024-08-14 09:31:07,3.1,24.7748,235098112,660559,46242636
2024-08-14 09:31:12,3,24.7748,235098112,660601,46242664
2024-08-14 09:31:17,3,24.7748,235098112,660601,46242664
2024-08-14 09:31:22,0,25.1011,238194688,683049,46246418
2024-08-14 09:31:27,3.1,25.1831,238972928,683139,46246494
2024-08-14 09:31:33,0,25.1827,238968832,710698,46256629
2024-08-14 09:31:38,3.1,25.1827,238968832,712306,46259657
2024-08-14 09:31:43,2.9,25.1827,238968832,714418,46261321
2024-08-14 09:31:48,0,25.8353,245161984,736509,46264681
2024-08-14 09:31:53,3.2,25.9441,246194176,736941,46265561
2024-08-14 09:31:59,6.2,23.3154,221249536,741387,46272037
2024-08-14 09:32:04,18.2,23.994,227688448,762889,46278361
2024-08-14 09:32:09,22.8,24.2901,230498304,779402,46292348
2024-08-14 09:32:14,0,24.2775,230379520,804426,46308022
2024-08-14 09:32:19,3.2,24.2724,230330368,819519,46316041
2024-08-14 09:32:25,6.1,24.2724,230330368,835827,46325335
2024-08-14 09:32:30,3,18.1392,172130304,845896,46335247
2024-08-14 09:32:35,3,18.1392,172130304,845896,46335247
2024-08-14 09:32:40,6.1,18.1392,172130304,845938,46335275
2024-08-14 09:32:45,3.1,18.1392,172130304,846028,46335351
2024-08-14 09:32:51,3.1,18.1392,172130304,846028,46335351
2024-08-14 09:32:56,3.2,18.1392,172130304,846028,46335351
2024-08-14 09:33:01,8.3,18.1392,172130304,846118,46335427
2024-08-14 09:33:06,5.8,18.1392,172130304,846160,46335455
2024-08-14 09:33:11,0,18.248,173162496,846160,46335455
2024-08-14 09:33:17,3,18.4642,175214592,846250,46335531
2024-08-14 09:33:22,3.2,18.4642,175214592,846250,46335531
2024-08-14 09:33:27,0,18.4642,175214592,846250,46335531
2024-08-14 09:33:32,3.2,18.4884,175443968,848646,46337666
2024-08-14 09:33:37,0,18.4884,175443968,848730,46337722
2024-08-14 09:33:43,3,18.4884,175443968,848730,46337722
2024-08-14 09:33:48,3.1,18.488,175439872,853384,46345788
2024-08-14 09:33:53,3.1,18.488,175439872,853474,46345864
2024-08-14 09:33:58,0,18.488,175439872,853606,46346020
2024-08-14 09:34:03,3.2,18.5152,175697920,853606,46346020
