2024-08-14 09:12:02,9.7,17.7462,168407040,158283,28137816
2024-08-14 09:12:07,3.1,18.3203,173854720,251196,43525500
2024-08-14 09:12:13,3,18.3475,174112768,251286,43525576
2024-08-14 09:12:18,0,18.4545,175128576,251286,43525576
2024-08-14 09:12:23,3.1,18.4804,175374336,251286,43525576
2024-08-14 09:12:28,3,18.5089,175644672,251874,43525956
2024-08-14 09:12:33,2.9,18.5633,176160768,251916,43525984
2024-08-14 09:12:39,0,18.5633,176160768,251916,43525984
2024-08-14 09:12:44,3.1,18.5901,176414720,251916,43525984
2024-08-14 09:12:49,0,18.5901,176414720,252006,43526060
2024-08-14 09:12:54,2.9,18.5901,176414720,252048,43526088
2024-08-14 09:12:59,3.1,18.5901,176414720,252048,43526088
2024-08-14 09:13:05,0,18.5901,176414720,252138,43526164
2024-08-14 09:13:10,0,18.5901,176414720,252138,43526164
2024-08-14 09:13:15,3.1,18.5892,176406528,254174,43528224
2024-08-14 09:13:20,0,18.6436,176922624,254264,43528300
2024-08-14 09:13:25,3.2,18.6436,176922624,254264,43528300
2024-08-14 09:13:31,3.1,18.6436,176922624,254396,43528404
2024-08-14 09:13:36,3.2,18.6436,176922624,254756,43528708
2024-08-14 09:13:41,3.1,18.6436,176922624,254756,43528708
2024-08-14 09:13:46,0,18.644,176926720,254756,43528708
2024-08-14 09:13:51,0,18.644,176926720,254846,43528784
2024-08-14 09:13:57,0,18.644,176926720,254888,43528812
2024-08-14 09:14:02,3.1,18.644,176926720,254888,43528812
2024-08-14 09:14:07,3.2,18.644,176926720,254978,43528888
2024-08-14 09:14:12,0,18.644,176926720,254978,43528888
2024-08-14 09:14:17,0,18.6384,176873472,254978,43528888
2024-08-14 09:14:23,3.2,18.638,176869376,255110,43528992
2024-08-14 09:14:28,3.1,18.638,176869376,255290,43529020
2024-08-14 09:14:33,0,18.6362,176852992,255290,43529020
2024-08-14 09:14:38,0,18.6634,177111040,255740,43529400
2024-08-14 09:14:43,3,18.6634,177111040,255740,43529400
2024-08-14 09:14:49,0,18.6652,177127424,255740,43529400
2024-08-14 09:14:54,0,18.6924,177385472,255740,43529400
2024-08-14 09:14:59,0,18.6919,177381376,255830,43529476
2024-08-14 09:15:04,0,18.6919,177381376,255872,43529504
2024-08-14 09:15:09,0,18.6919,177381376,255926,43529596
2024-08-14 09:15:15,3.1,18.6919,177381376,258052,43531732
2024-08-14 09:15:20,0,18.6919,177381376,258094,43531760
2024-08-14 09:15:25,0,18.6919,177381376,258164,43531760
2024-08-14 09:15:30,0,18.6919,177381376,258254,43531836
2024-08-14 09:15:35,5.9,18.6919,177381376,258254,43531836
2024-08-14 09:15:41,5.7,18.6919,177381376,258398,43532004
2024-08-14 09:15:46,3.1,18.7187,177635328,258800,43532336
2024-08-14 09:15:51,6,18.8003,178409472,258800,43532336
2024-08-14 09:15:56,0,18.8003,178409472,258800,43532336
2024-08-14 09:16:01,2.9,18.8003,178409472,258890,43532412
2024-08-14 09:16:07,6.2,18.8546,178925568,258890,43532412
2024-08-14 09:16:12,3.1,18.8546,178925568,258890,43532412
2024-08-14 09:16:17,0,18.8546,178925568,259022,43532516
2024-08-14 09:16:22,3.2,18.8546,178925568,259064,43532544
2024-08-14 09:16:27,3,18.8546,178925568,259202,43532544
2024-08-14 09:16:33,0,18.8546,178925568,259292,43532620
2024-08-14 09:16:38,3,18.8546,178925568,259292,43532620
2024-08-14 09:16:43,3.1,18.8546,178925568,259292,43532620
2024-08-14 09:16:48,0,18.8546,178925568,259742,43533000
2024-08-14 09:16:53,0,18.8546,178925568,259784,43533028
2024-08-14 09:16:59,3,18.8546,178925568,259784,43533028
2024-08-14 09:17:04,8.6,18.8546,178925568,259874,43533104
2024-08-14 09:17:09,3.2,18.8447,178831360,259874,43533104
2024-08-14 09:17:14,3.2,18.8969,179326976,261952,43535192
2024-08-14 09:17:19,3.1,18.9509,179838976,261952,43535192
2024-08-14 09:17:25,0,18.9509,179838976,262042,43535268
2024-08-14 09:17:30,0,18.9509,179838976,262042,43535268
2024-08-14 09:17:35,3.1,18.9509,179838976,262042,43535268
2024-08-14 09:17:40,3.1,18.9509,179838976,262132,43535344
2024-08-14 09:17:45,0,18.9509,179838976,262132,43535344
2024-08-14 09:17:51,5.8,18.9509,179838976,262402,43535572
2024-08-14 09:17:56,3.1,18.9509,179838976,262678,43535798
2024-08-14 09:18:01,0,18.9509,179838976,262678,43535798
2024-08-14 09:18:06,3.1,18.9513,179843072,262678,43535798
2024-08-14 09:18:11,0,18.9509,179838976,262810,43535902
2024-08-14 09:18:17,3.1,18.9509,179838976,262948,43535902
2024-08-14 09:18:22,3.2,18.95,179830784,262948,43535902
2024-08-14 09:18:27,3.1,18.95,179830784,263038,43535978
2024-08-14 09:18:33,0,18.95,179830784,263080,43536006
2024-08-14 09:18:38,0,18.9772,180088832,263080,43536006
2024-08-14 09:18:43,6.2,18.9772,180088832,263170,43536082
2024-08-14 09:18:48,3.1,18.9772,180088832,263170,43536082
2024-08-14 09:18:54,0,18.9764,180080640,263170,43536082
2024-08-14 09:18:59,6.1,19.0294,180584448,263620,43536462
2024-08-14 09:19:04,3.1,19.111,181358592,263704,43536518
2024-08-14 09:19:09,3.1,19.1382,181616640,263704,43536518
2024-08-14 09:19:14,0,19.49,184954880,265830,43538654
2024-08-14 09:19:20,0,19.49,184954880,265830,43538654
2024-08-14 09:19:25,0,19.5716,185729024,265830,43538654
2024-08-14 09:19:30,0,19.6255,186241024,265920,43538730
2024-08-14 09:19:35,32.2,21.1755,200949760,266425,43539578
2024-08-14 09:19:40,84.3,23.8149,225996800,473240,43663227
2024-08-14 09:19:46,0,23.8304,226144256,541701,43747797
2024-08-14 09:19:51,3.1,23.8304,226144256,544335,43754621
2024-08-14 09:19:56,0,23.8304,226144256,544533,43754777
2024-08-14 09:20:01,0,23.8304,226144256,544989,43755155
2024-08-14 09:20:06,3.2,23.9107,226906112,545079,43755231
2024-08-14 09:20:12,0,23.9923,227680256,545079,43755231
2024-08-14 09:20:17,3.2,23.9923,227680256,545217,43755231
2024-08-14 09:20:22,3,24.0195,227938304,545307,43755307
2024-08-14 09:20:27,3,24.5085,232579072,547451,43757343
2024-08-14 09:20:32,0,24.5344,232824832,547451,43757343
2024-08-14 09:20:38,0,24.5344,232824832,547541,43757419
2024-08-14 09:20:43,3.1,24.5344,232824832,547541,43757419
2024-08-14 09:20:48,6.2,24.5344,232824832,547541,43757419
2024-08-14 09:20:53,0,24.5344,232824832,547631,43757495
2024-08-14 09:20:58,0,24.5344,232824832,547715,43757551
2024-08-14 09:21:04,3,24.5344,232824832,547715,43757551
2024-08-14 09:21:09,0,24.5344,232824832,548165,43757931
2024-08-14 09:21:14,5.9,24.5344,232824832,548165,43757931
2024-08-14 09:21:19,3.1,24.5344,232824832,548165,43757931
2024-08-14 09:21:24,0,24.5344,232824832,548255,43758007
2024-08-14 09:21:30,3,24.5344,232824832,548297,43758035
2024-08-14 09:21:35,3.1,24.5344,232824832,548297,43758035
2024-08-14 09:21:40,0,24.5344,232824832,548387,43758111
2024-08-14 09:21:45,0,24.5344,232824832,548387,43758111
2024-08-14 09:21:50,5.9,24.5344,232824832,548387,43758111
2024-08-14 09:21:56,3,24.5344,232824832,548519,43758215
2024-08-14 09:22:01,0,24.5344,232824832,548561,43758243
2024-08-14 09:22:06,3.1,24.5344,232824832,548561,43758243
2024-08-14 09:22:11,5.8,24.5344,232824832,549203,43758669
2024-08-14 09:22:16,0,24.534,232820736,551239,43760729
2024-08-14 09:22:22,3.1,24.534,232820736,551239,43760729
2024-08-14 09:22:27,0,24.5599,233066496,551239,43760729
2024-08-14 09:22:32,0,24.5594,233062400,551329,43760805
2024-08-14 09:22:37,3,24.5594,233062400,551329,43760805
2024-08-14 09:22:42,5.9,24.5594,233062400,551329,43760805
2024-08-14 09:22:48,0,24.5594,233062400,551419,43760881
2024-08-14 09:22:53,3.2,24.5594,233062400,551503,43760937
2024-08-14 09:22:58,0,24.5594,233062400,551503,43760937
2024-08-14 09:23:03,0,24.559,233058304,551593,43761013
2024-08-14 09:23:08,0,24.559,233058304,551593,43761013
2024-08-14 09:23:14,3.2,24.559,233058304,551773,43761165
2024-08-14 09:23:19,3,24.559,233058304,552043,43761393
2024-08-14 09:23:24,2.9,24.559,233058304,552085,43761421
2024-08-14 09:23:29,0,24.559,233058304,552085,43761421
2024-08-14 09:23:34,0,24.559,233058304,552175,43761497
2024-08-14 09:23:40,3.1,24.559,233058304,552175,43761497
2024-08-14 09:23:45,3.1,24.559,233058304,552245,43761497
2024-08-14 09:23:50,3.1,24.5586,233054208,552377,43761601
2024-08-14 09:23:55,3.1,24.5586,233054208,552419,43761629
2024-08-14 09:24:00,2.9,24.5586,233054208,552557,43761629
2024-08-14 09:24:06,6,24.5586,233054208,552647,43761705
2024-08-14 09:24:11,3,24.5586,233054208,552701,43761751
2024-08-14 09:24:16,2.9,24.5586,233054208,554737,43763811
2024-08-14 09:24:21,0,24.5586,233054208,554827,43763887
2024-08-14 09:24:26,3.1,24.5586,233054208,554827,43763887
2024-08-14 09:24:32,3.1,24.5586,233054208,554827,43763887
2024-08-14 09:24:37,3.1,24.5581,233050112,554827,43763887
2024-08-14 09:24:42,3.1,24.5581,233050112,555001,43764019
2024-08-14 09:24:47,3.2,24.5581,233050112,555001,43764019
2024-08-14 09:24:52,0,24.5581,233050112,555055,43764065
2024-08-14 09:24:58,0,24.5581,233050112,555145,43764141
2024-08-14 09:25:03,5.9,24.5581,233050112,555145,43764141
2024-08-14 09:25:08,0,24.5581,233050112,555145,43764141
2024-08-14 09:25:13,3.1,24.5581,233050112,555235,43764217
2024-08-14 09:25:18,6,24.5581,233050112,555331,43764337
2024-08-14 09:25:24,0,24.5581,233050112,555511,43764489
2024-08-14 09:25:29,0,25.0644,237854720,586531,43954782
2024-08-14 09:25:34,0,25.0903,238100480,586531,43954782
2024-08-14 09:25:39,3.1,25.0903,238100480,586573,43954810
2024-08-14 09:25:44,0,25.0903,238100480,586663,43954886
2024-08-14 09:25:50,0,25.0903,238100480,586663,43954886
2024-08-14 09:25:55,3.1,25.0903,238100480,586663,43954886
2024-08-14 09:26:00,0,25.0903,238100480,586891,43954962
2024-08-14 09:26:05,3.2,25.0903,238100480,586933,43954990
2024-08-14 09:26:10,6,25.0903,238100480,586933,43954990
2024-08-14 09:26:16,0,25.0903,238100480,589059,43957126
2024-08-14 09:26:21,3.1,25.0903,238100480,589059,43957126
2024-08-14 09:26:26,3.1,25.0903,238100480,589059,43957126
2024-08-14 09:26:31,3,25.0903,238100480,589149,43957202
2024-08-14 09:26:36,3.1,25.0903,238100480,589191,43957230
2024-08-14 09:26:42,3.1,25.0903,238100480,589191,43957230
2024-08-14 09:26:47,3.1,25.0903,238100480,589281,43957306
2024-08-14 09:26:52,3.2,25.0903,238100480,589323,43957334
2024-08-14 09:26:57,3,25.0903,238100480,589323,43957334
2024-08-14 09:27:02,8.6,25.0903,238100480,589323,43957334
2024-08-14 09:27:08,0,25.0903,238100480,589413,43957410
2024-08-14 09:27:13,3.1,25.0903,238100480,589413,43957410
2024-08-14 09:27:18,3.1,25.0903,238100480,589413,43957410
2024-08-14 09:27:23,3.2,25.0903,238100480,589611,43957606
2024-08-14 09:27:28,0,25.0903,238100480,589653,43957634
2024-08-14 09:27:34,3.2,25.0903,238100480,589875,43957814
2024-08-14 09:27:39,0,25.0899,238096384,590145,43958042
2024-08-14 09:27:44,0,25.0899,238096384,590145,43958042
2024-08-14 09:27:49,0,25.0899,238096384,590145,43958042
2024-08-14 09:27:54,0,25.0899,238096384,590235,43958118
2024-08-14 09:27:59,5.8,25.0899,238096384,590469,43958192
2024-08-14 09:28:05,3,25.0899,238096384,590469,43958192
2024-08-14 09:28:10,0,25.0899,238096384,590559,43958268
2024-08-14 09:28:15,3,25.0899,238096384,592661,43960328
2024-08-14 09:28:20,3.1,25.0899,238096384,592661,43960328
2024-08-14 09:28:25,11.4,25.0899,238096384,592751,43960404
2024-08-14 09:28:31,6.1,25.0899,238096384,592793,43960432
2024-08-14 09:28:36,0,25.0899,238096384,592793,43960432
2024-08-14 09:28:41,3.2,25.0899,238096384,592883,43960508
2024-08-14 09:28:46,5.8,25.0899,238096384,592925,43960536
2024-08-14 09:28:51,3.1,25.0899,238096384,592925,43960536
2024-08-14 09:28:57,0,25.0899,238096384,593015,43960612
2024-08-14 09:29:02,8.8,25.0899,238096384,593015,43960612
2024-08-14 09:29:07,6.2,25.0899,238096384,593015,43960612
2024-08-14 09:29:12,0,25.0899,238096384,593105,43960688
2024-08-14 09:29:18,0,25.0899,238096384,593147,43960716
2024-08-14 09:29:23,3.1,25.0899,238096384,593147,43960716
2024-08-14 09:29:28,0,25.0899,238096384,593189,43960744
2024-08-14 09:29:33,0,25.0899,238096384,593279,43960820
2024-08-14 09:29:38,3.1,25.0899,238096384,593279,43960820
2024-08-14 09:29:43,5.8,25.1987,239128576,593549,43961048
2024-08-14 09:29:49,3,25.2802,239902720,593771,43961228
2024-08-14 09:29:54,0,25.2802,239902720,593771,43961228
2024-08-14 09:29:59,3,25.2802,239902720,593909,43961228
2024-08-14 09:30:04,3.2,25.2798,239898624,593999,43961304
2024-08-14 09:30:10,0,25.2798,239898624,593999,43961304
2024-08-14 09:30:15,0,25.2789,239890432,596035,43963364
2024-08-14 09:30:20,6,25.2789,239890432,596209,43963496
2024-08-14 09:30:25,0,25.2789,239890432,596209,43963496
2024-08-14 09:30:30,11.5,25.3048,240136192,596209,43963496
2024-08-14 09:30:36,3.1,25.3048,240136192,596299,43963572
2024-08-14 09:30:41,3.2,25.3048,240136192,596299,43963572
2024-08-14 09:30:46,0,25.3048,240136192,596299,43963572
2024-08-14 09:30:51,0,25.3044,240132096,596505,43963694
2024-08-14 09:30:56,3.1,25.3044,240132096,596663,43963722
2024-08-14 09:31:02,0,25.3044,240132096,596663,43963722
2024-08-14 09:31:07,6.1,25.304,240128000,596811,43963798
2024-08-14 09:31:12,3.2,25.304,240128000,596811,43963798
2024-08-14 09:31:17,6.2,25.8737,245534720,631939,43975611
2024-08-14 09:31:22,0,25.8737,245534720,643277,43983705
2024-08-14 09:31:27,6,25.8616,245420032,648731,43988854
2024-08-14 09:31:33,6.1,25.8595,245399552,658828,43991431
2024-08-14 09:31:38,6,25.8595,245399552,659324,43992741
2024-08-14 09:31:43,0,25.8595,245399552,662062,43993977
2024-08-14 09:31:48,0,25.8595,245399552,669486,43996129
2024-08-14 09:31:53,2.9,25.8595,245399552,670494,43999478
2024-08-14 09:31:59,2.9,25.8595,245399552,672505,44002446
2024-08-14 09:32:04,0,25.8595,245399552,680668,44006844
2024-08-14 09:32:09,0,25.8577,245383168,693482,44018982
2024-08-14 09:32:14,0,25.8552,245358592,711174,44030609
2024-08-14 09:32:20,0,25.8552,245358592,714091,44032421
2024-08-14 09:32:25,0,25.8552,245358592,722290,44035863
2024-08-14 09:32:30,8.8,25.8789,245583872,746227,44050238
2024-08-14 09:32:35,0,18.9539,179867648,757852,44060796
2024-08-14 09:32:40,6.2,19.1158,181403648,757852,44060796
2024-08-14 09:32:46,3.2,19.1158,181403648,757942,44060872
2024-08-14 09:32:51,0,19.1158,181403648,757942,44060872
2024-08-14 09:32:56,5.9,19.1158,181403648,757942,44060872
2024-08-14 09:33:01,0,19.1153,181399552,758032,44060948
2024-08-14 09:33:06,3.1,19.1145,181391360,758074,44060976
2024-08-14 09:33:12,2.9,19.1145,181391360,758116,44061004
2024-08-14 09:33:17,0,19.1145,181391360,758206,44061080
2024-08-14 09:33:22,3.1,19.1149,181395456,758206,44061080
2024-08-14 09:33:27,0,19.1149,181395456,758206,44061080
2024-08-14 09:33:32,6.1,19.1149,181395456,758296,44061156
2024-08-14 09:33:38,0,19.1149,181395456,762928,44069296
2024-08-14 09:33:43,6,19.1145,181391360,763066,44069296
2024-08-14 09:33:48,0,19.1145,181391360,763288,44069528
