2024-08-14 09:17:20,11.7,17.4412,165507072,157053,28927082
2024-08-14 09:17:25,0,17.5837,166858752,249050,45774474
2024-08-14 09:17:31,0,17.6109,167116800,249140,45774550
2024-08-14 09:17:36,3.2,17.6648,167628800,249140,45774550
2024-08-14 09:17:41,3.2,17.6648,167628800,249140,45774550
2024-08-14 09:17:46,3,17.6648,167628800,249230,45774626
2024-08-14 09:17:51,0,17.6648,167628800,249272,45774654
2024-08-14 09:17:56,3.1,17.692,167886848,249272,45774654
2024-08-14 09:18:02,3.2,17.692,167886848,249404,45774758
2024-08-14 09:18:07,3,17.692,167886848,249404,45774758
2024-08-14 09:18:12,0,17.692,167886848,249404,45774758
2024-08-14 09:18:17,3,17.692,167886848,249764,45775062
2024-08-14 09:18:22,0,17.692,167886848,249896,45775166
2024-08-14 09:18:28,3.1,17.692,167886848,249896,45775166
2024-08-14 09:18:33,0,17.7192,168144896,249986,45775242
2024-08-14 09:18:38,0,17.7464,168402944,249986,45775242
2024-08-14 09:18:43,0,17.8008,168919040,249986,45775242
2024-08-14 09:18:48,3,17.8008,168919040,250124,45775242
2024-08-14 09:18:54,3.1,17.8008,168919040,250214,45775318
2024-08-14 09:18:59,0,17.9368,170209280,250298,45775374
2024-08-14 09:19:04,3.2,17.964,170467328,250298,45775374
2024-08-14 09:19:09,3.1,18.1513,172244992,252622,45777510
2024-08-14 09:19:14,0,18.1513,172244992,252622,45777510
2024-08-14 09:19:19,0,18.1513,172244992,252622,45777510
2024-08-14 09:19:25,3.2,18.1504,172236800,253072,45777890
2024-08-14 09:19:30,6,18.1504,172236800,253072,45777890
2024-08-14 09:19:35,0,18.1504,172236800,253072,45777890
2024-08-14 09:19:40,0,18.1504,172236800,253162,45777966
2024-08-14 09:19:45,0,18.1504,172236800,253204,45777994
2024-08-14 09:19:51,0,22.2355,211001344,256682,45779902
2024-08-14 09:19:56,6,23.6491,224415744,288926,45803786
2024-08-14 09:20:01,5.8,23.757,225439744,307429,45814974
2024-08-14 09:20:06,9.7,23.7514,225386496,320283,45823720
2024-08-14 09:20:11,6.4,23.7514,225386496,329298,45830409
2024-08-14 09:20:17,11.7,23.7509,225382400,340079,45838830
2024-08-14 09:20:22,9.1,23.7773,225632256,363423,45851475
2024-08-14 09:20:27,0,23.7786,225644544,402592,45876279
2024-08-14 09:20:32,3,23.7777,225636352,428233,45892378
2024-08-14 09:20:37,6.5,23.8019,225865728,457081,45907901
2024-08-14 09:20:43,10,23.801,225857536,474202,45916725
2024-08-14 09:20:48,6.7,23.8036,225882112,500269,45942016
2024-08-14 09:20:53,0,23.8066,225910784,522776,45964515
2024-08-14 09:20:58,8.6,23.8696,226508800,555635,46012854
2024-08-14 09:21:03,0,23.8696,226508800,555635,46012854
2024-08-14 09:21:09,6,23.9197,226983936,557671,46014914
2024-08-14 09:21:14,6.1,23.9197,226983936,557671,46014914
2024-08-14 09:21:19,3.1,23.9456,227229696,557761,46014990
2024-08-14 09:21:24,3.1,24,227745792,557761,46014990
2024-08-14 09:21:29,3,24,227745792,557941,46015142
2024-08-14 09:21:35,3.1,24,227745792,558253,46015398
2024-08-14 09:21:40,0,24,227745792,558307,46015444
2024-08-14 09:21:45,3,24,227745792,558403,46015518
2024-08-14 09:21:50,3,24,227745792,558493,46015594
2024-08-14 09:21:55,3.2,24,227745792,558493,46015594
2024-08-14 09:22:01,3.1,24,227745792,558493,46015594
2024-08-14 09:22:06,0,24,227745792,558583,46015670
2024-08-14 09:22:11,3,24,227745792,558625,46015698
2024-08-14 09:22:16,0,24,227745792,558625,46015698
2024-08-14 09:22:21,3.1,24,227745792,558769,46015820
2024-08-14 09:22:27,3.1,23.9901,227651584,558839,46015820
2024-08-14 09:22:32,0,23.9901,227651584,558839,46015820
2024-08-14 09:22:37,0,23.9896,227647488,559427,46016200
2024-08-14 09:22:42,3,23.9896,227647488,559511,46016256
2024-08-14 09:22:47,3.1,23.9896,227647488,559511,46016256
2024-08-14 09:22:53,3.1,23.9896,227647488,559601,46016332
2024-08-14 09:22:58,3.2,23.9896,227647488,559601,46016332
2024-08-14 09:23:03,3.1,23.9896,227647488,559601,46016332
2024-08-14 09:23:08,9.1,24.0134,227872768,561727,46018468
2024-08-14 09:23:13,0,24.0134,227872768,561769,46018496
2024-08-14 09:23:19,0,24.0138,227876864,561823,46018542
2024-08-14 09:23:24,3.1,24.0134,227872768,561967,46018664
2024-08-14 09:23:29,3,24.0134,227872768,561967,46018664
2024-08-14 09:23:34,3,24.0134,227872768,561967,46018664
2024-08-14 09:23:39,3.2,24.0134,227872768,562279,46018920
2024-08-14 09:23:45,3,24.0129,227868672,562501,46019100
2024-08-14 09:23:50,0,24.0129,227868672,562501,46019100
2024-08-14 09:23:55,6.1,24.0388,228114432,562501,46019100
2024-08-14 09:24:00,0,24.0384,228110336,562649,46019314
2024-08-14 09:24:05,0,24.0384,228110336,562649,46019314
2024-08-14 09:24:11,3.2,24.0384,228110336,562649,46019314
2024-08-14 09:24:16,3,24.0384,228110336,562739,46019390
2024-08-14 09:24:21,3.2,24.0384,228110336,562781,46019418
2024-08-14 09:24:26,0,24.0384,228110336,562781,46019418
2024-08-14 09:24:31,3.1,24.0384,228110336,563009,46019494
2024-08-14 09:24:37,3.1,24.0384,228110336,563051,46019522
2024-08-14 09:24:42,3.1,24.0928,228626432,563051,46019522
2024-08-14 09:24:47,3.1,24.0928,228626432,563231,46019674
2024-08-14 09:24:52,5.8,24.0928,228626432,563273,46019702
2024-08-14 09:24:57,3.2,24.0928,228626432,563273,46019702
2024-08-14 09:25:03,6,24.0928,228626432,563363,46019778
2024-08-14 09:25:08,0,24.0928,228626432,565399,46021838
2024-08-14 09:25:13,0,24.0928,228626432,565399,46021838
2024-08-14 09:25:18,0,24.0928,228626432,565489,46021914
2024-08-14 09:25:23,3.2,24.0928,228626432,565489,46021914
2024-08-14 09:25:29,0,24.0928,228626432,565489,46021914
2024-08-14 09:25:34,0,24.12,228884480,565621,46022018
2024-08-14 09:25:39,0,24.5447,232914944,596429,46212153
2024-08-14 09:25:44,3.2,24.5987,233426944,596429,46212153
2024-08-14 09:25:49,0,24.5987,233426944,596789,46212457
2024-08-14 09:25:55,6.1,24.5987,233426944,596879,46212533
2024-08-14 09:26:00,6.2,24.5987,233426944,596879,46212533
2024-08-14 09:26:05,5.9,24.5987,233426944,596879,46212533
2024-08-14 09:26:10,8.8,24.5987,233426944,596969,46212609
2024-08-14 09:26:15,6.2,24.5987,233426944,596969,46212609
2024-08-14 09:26:21,3.1,24.5987,233426944,596969,46212609
2024-08-14 09:26:26,3,24.5987,233426944,597197,46212685
2024-08-14 09:26:31,3.1,24.5987,233426944,597281,46212741
2024-08-14 09:26:36,0,24.5987,233426944,597281,46212741
2024-08-14 09:26:41,3,24.5987,233426944,597371,46212817
2024-08-14 09:26:47,5.8,24.5987,233426944,597371,46212817
2024-08-14 09:26:52,0,24.5987,233426944,597371,46212817
2024-08-14 09:26:57,0,24.5987,233426944,597551,46212969
2024-08-14 09:27:02,0,24.5987,233426944,597551,46212969
2024-08-14 09:27:07,3.1,24.6803,234201088,599719,46215029
2024-08-14 09:27:13,0,24.6803,234201088,599809,46215105
2024-08-14 09:27:18,3.1,24.6794,234192896,599809,46215105
2024-08-14 09:27:23,5.8,24.6794,234192896,599851,46215133
2024-08-14 09:27:28,3.2,24.761,234967040,599941,46215209
2024-08-14 09:27:33,3.1,24.7882,235225088,599941,46215209
2024-08-14 09:27:39,0,24.7882,235225088,599941,46215209
2024-08-14 09:27:44,3.1,24.7882,235225088,600031,46215285
2024-08-14 09:27:49,0,24.7882,235225088,600031,46215285
2024-08-14 09:27:54,3,24.7882,235225088,600031,46215285
2024-08-14 09:27:59,2.9,24.7877,235220992,600481,46215665
2024-08-14 09:28:05,3.1,24.7877,235220992,600523,46215693
2024-08-14 09:28:10,0,24.7877,235220992,600523,46215693
2024-08-14 09:28:15,3.2,24.7877,235220992,600523,46215693
2024-08-14 09:28:20,3,24.7877,235220992,600655,46215797
2024-08-14 09:28:25,0,24.7877,235220992,600793,46215797
2024-08-14 09:28:31,0,24.8149,235479040,600793,46215797
2024-08-14 09:28:36,6.1,24.8149,235479040,600883,46215873
2024-08-14 09:28:41,0,24.8149,235479040,600883,46215873
2024-08-14 09:28:46,2.9,24.8149,235479040,600883,46215873
2024-08-14 09:28:51,0,24.8149,235479040,600973,46215949
2024-08-14 09:28:57,3.1,24.8149,235479040,601015,46215977
2024-08-14 09:29:02,2.8,24.8149,235479040,601015,46215977
2024-08-14 09:29:07,0,24.8149,235479040,603231,46218189
2024-08-14 09:29:12,3,24.8149,235479040,603231,46218189
2024-08-14 09:29:17,8.6,24.8149,235479040,603273,46218217
2024-08-14 09:29:23,3.1,24.8149,235479040,603363,46218293
2024-08-14 09:29:28,6.2,24.8149,235479040,603363,46218293
2024-08-14 09:29:33,3.1,24.8149,235479040,603363,46218293
2024-08-14 09:29:38,0,24.8149,235479040,603453,46218369
2024-08-14 09:29:43,3.1,24.8149,235479040,603453,46218369
2024-08-14 09:29:49,0,24.8149,235479040,603453,46218369
2024-08-14 09:29:54,0,24.8149,235479040,603597,46218491
2024-08-14 09:29:59,3.1,24.8961,236249088,603639,46218519
2024-08-14 09:30:04,0,24.8961,236249088,603639,46218519
2024-08-14 09:30:09,3,24.8957,236244992,604089,46218899
2024-08-14 09:30:15,3.1,24.8957,236244992,604269,46218927
2024-08-14 09:30:20,3.1,24.8957,236244992,604269,46218927
2024-08-14 09:30:25,3.1,24.8957,236244992,604359,46219003
2024-08-14 09:30:30,0,24.8957,236244992,604359,46219003
2024-08-14 09:30:35,0,24.8957,236244992,604359,46219003
2024-08-14 09:30:41,2.9,24.8957,236244992,604359,46219003
2024-08-14 09:30:46,3.2,24.8957,236244992,604449,46219079
2024-08-14 09:30:51,0,24.8957,236244992,604491,46219107
2024-08-14 09:30:56,0,24.8948,236236800,606527,46221167
2024-08-14 09:31:01,3,24.8948,236236800,606617,46221243
2024-08-14 09:31:07,6.1,24.8948,236236800,606617,46221243
2024-08-14 09:31:12,3.1,24.8948,236236800,606659,46221271
2024-08-14 09:31:17,0,24.8944,236232704,606839,46221423
2024-08-14 09:31:22,3.1,24.8944,236232704,606893,46221469
2024-08-14 09:31:27,3.1,25.1935,239071232,629339,46225222
2024-08-14 09:31:33,0,25.2479,239587328,629429,46225298
2024-08-14 09:31:38,3.1,25.547,242425856,653498,46230218
2024-08-14 09:31:43,0,25.7102,243974144,654470,46232198
2024-08-14 09:31:48,11.4,25.7102,243974144,658700,46238234
2024-08-14 09:31:53,3.1,25.7373,244232192,680897,46241814
2024-08-14 09:31:59,0,25.7913,244744192,681113,46242254
2024-08-14 09:32:04,0,25.7913,244744192,686639,46250930
2024-08-14 09:32:09,3,25.7913,244744192,716656,46266474
2024-08-14 09:32:14,8.8,25.7796,244633600,743566,46282997
2024-08-14 09:32:20,11.4,25.7736,244576256,761433,46293602
2024-08-14 09:32:25,28.6,25.7736,244576256,777296,46302528
2024-08-14 09:32:30,9.1,25.7732,244572160,795458,46312550
2024-08-14 09:32:35,2.9,16.7644,159084544,797720,46317935
2024-08-14 09:32:40,3.2,16.8447,159846400,797720,46317935
2024-08-14 09:32:46,0,16.8995,160366592,797720,46317935
2024-08-14 09:32:51,3,16.9544,160886784,797810,46318011
2024-08-14 09:32:56,3.1,17.0087,161402880,797810,46318011
2024-08-14 09:33:01,3,17.0087,161402880,797852,46318039
2024-08-14 09:33:06,3,17.0631,161918976,797996,46318207
2024-08-14 09:33:12,0,17.0903,162177024,797996,46318207
2024-08-14 09:33:17,3.2,17.0903,162177024,797996,46318207
2024-08-14 09:33:22,3.1,17.0899,162172928,802704,46326282
2024-08-14 09:33:27,0,17.1443,162689024,802852,46326496
2024-08-14 09:33:32,0,17.1443,162689024,802984,46326652
2024-08-14 09:33:38,3.1,17.1447,162693120,802984,46326652
2024-08-14 09:33:43,6,17.1447,162693120,803074,46326728
2024-08-14 09:33:48,3,17.1447,162693120,803074,46326728
2024-08-14 09:33:53,3,17.1447,162693120,803074,46326728
2024-08-14 09:33:59,3.2,17.1447,162693120,803206,46326832
2024-08-14 09:34:04,3.2,17.2263,163467264,803344,46326832
2024-08-14 09:34:09,3.1,17.4093,165203968,805578,46328892
2024-08-14 09:34:14,3.1,17.4093,165203968,805710,46328996
2024-08-14 09:34:19,0,17.4093,165203968,805710,46328996
2024-08-14 09:34:25,0,17.4093,165203968,805890,46329148
2024-08-14 09:34:30,0,17.4093,165203968,806160,46329376
2024-08-14 09:34:35,0,17.4365,165462016,806160,46329376
2024-08-14 09:34:40,3,17.4904,165974016,806160,46329376
2024-08-14 09:34:45,0,17.5176,166232064,806250,46329452
2024-08-14 09:34:51,3.1,17.7067,168026112,806250,46329452
2024-08-14 09:34:56,3,17.7067,168026112,806292,46329480
