2024-08-14 09:12:24,9.7,17.5972,166993920,164919,28008914
2024-08-14 09:12:29,3.2,18.1079,171839488,275708,43544074
2024-08-14 09:12:34,3.2,18.1079,171839488,275708,43544074
2024-08-14 09:12:40,0,18.271,173387776,275846,43544074
2024-08-14 09:12:45,3.2,18.271,173387776,275936,43544150
2024-08-14 09:12:50,3,18.271,173387776,275936,43544150
2024-08-14 09:12:55,0,18.2982,173645824,275936,43544150
2024-08-14 09:13:00,0,18.2982,173645824,275936,43544150
2024-08-14 09:13:06,3,18.3254,173903872,276026,43544226
2024-08-14 09:13:11,3.1,18.3254,173903872,276026,43544226
2024-08-14 09:13:16,5.9,18.4342,174936064,276026,43544226
2024-08-14 09:13:21,3.1,18.6245,176742400,276158,43544330
2024-08-14 09:13:26,5.9,18.6245,176742400,276200,43544358
2024-08-14 09:13:32,3.1,18.6245,176742400,276200,43544358
2024-08-14 09:13:37,0,18.6517,177000448,276650,43544738
2024-08-14 09:13:42,3.1,18.7048,177504256,276704,43544830
2024-08-14 09:13:47,3.1,18.7311,177754112,278872,43546890
2024-08-14 09:13:52,0,18.7311,177754112,278962,43546966
2024-08-14 09:13:57,2.9,18.7311,177754112,278962,43546966
2024-08-14 09:14:03,0,18.7311,177754112,278962,43546966
2024-08-14 09:14:08,3.2,18.7315,177758208,279106,43547134
2024-08-14 09:14:13,0,18.7315,177758208,279106,43547134
2024-08-14 09:14:18,3.2,18.7315,177758208,279148,43547162
2024-08-14 09:14:23,0,18.7855,178270208,279238,43547238
2024-08-14 09:14:29,6.2,18.7855,178270208,279238,43547238
2024-08-14 09:14:34,3,18.8127,178528256,279376,43547238
2024-08-14 09:14:39,0,18.8399,178786304,279736,43547542
2024-08-14 09:14:44,3.2,18.8377,178765824,279868,43547646
2024-08-14 09:14:49,3,18.8649,179023872,279868,43547646
2024-08-14 09:14:55,3.2,18.9461,179793920,279958,43547722
2024-08-14 09:15:00,0,18.9461,179793920,279958,43547722
2024-08-14 09:15:05,0,19.1088,181338112,279958,43547722
2024-08-14 09:15:10,3.2,19.136,181596160,280028,43547722
2024-08-14 09:15:15,0,19.136,181596160,280160,43547826
2024-08-14 09:15:21,0,19.1904,182112256,280160,43547826
2024-08-14 09:15:26,3.2,19.2447,182628352,280160,43547826
2024-08-14 09:15:31,0,19.2447,182628352,280250,43547902
2024-08-14 09:15:36,0,19.2447,182628352,280250,43547902
2024-08-14 09:15:41,0,19.2447,182628352,280250,43547902
2024-08-14 09:15:47,0,19.2439,182620160,282868,43550342
2024-08-14 09:15:52,3.2,19.2439,182620160,282868,43550342
2024-08-14 09:15:57,3,19.2439,182620160,282868,43550342
2024-08-14 09:16:02,0,19.2439,182620160,282958,43550418
2024-08-14 09:16:07,6.1,19.2439,182620160,283012,43550464
2024-08-14 09:16:13,0,19.2439,182620160,283054,43550492
2024-08-14 09:16:18,0,19.2439,182620160,283144,43550568
2024-08-14 09:16:23,3,19.2439,182620160,283282,43550568
2024-08-14 09:16:28,3.1,19.2439,182620160,283282,43550568
2024-08-14 09:16:33,0,19.2439,182620160,283372,43550644
2024-08-14 09:16:39,0,19.2439,182620160,283414,43550672
2024-08-14 09:16:44,3.2,19.2439,182620160,283414,43550672
2024-08-14 09:16:49,0,19.2439,182620160,283918,43551112
2024-08-14 09:16:54,3,19.2439,182620160,283918,43551112
2024-08-14 09:16:59,3.2,19.2439,182620160,283918,43551112
2024-08-14 09:17:05,3.2,19.2439,182620160,284008,43551188
2024-08-14 09:17:10,3,19.2439,182620160,284050,43551216
2024-08-14 09:17:15,5.9,19.2439,182620160,284050,43551216
2024-08-14 09:17:20,3.1,19.2439,182620160,284140,43551292
2024-08-14 09:17:26,0,19.2439,182620160,284140,43551292
2024-08-14 09:17:31,3,19.234,182525952,284140,43551292
2024-08-14 09:17:36,0,19.234,182525952,284140,43551292
2024-08-14 09:17:41,0,19.234,182525952,284230,43551368
2024-08-14 09:17:46,0,19.53,185335808,286440,43553456
2024-08-14 09:17:52,0,19.53,185335808,286440,43553456
2024-08-14 09:17:57,3.2,19.53,185335808,286890,43553836
2024-08-14 09:18:02,6,19.53,185335808,286890,43553836
2024-08-14 09:18:07,3,19.53,185335808,286932,43553864
2024-08-14 09:18:12,6.2,19.53,185335808,287022,43553940
2024-08-14 09:18:18,0,19.53,185335808,287022,43553940
2024-08-14 09:18:23,3.1,19.53,185335808,287160,43553940
2024-08-14 09:18:28,0,19.5292,185327616,287250,43554016
2024-08-14 09:18:33,0,19.5292,185327616,287250,43554016
2024-08-14 09:18:38,3.1,19.5292,185327616,287250,43554016
2024-08-14 09:18:44,3.1,19.5279,185315328,287340,43554092
2024-08-14 09:18:49,6.1,19.5279,185315328,287382,43554120
2024-08-14 09:18:54,0,19.5279,185315328,287382,43554120
2024-08-14 09:18:59,3,19.527,185307136,287874,43554528
2024-08-14 09:19:04,3.1,19.5266,185303040,287874,43554528
2024-08-14 09:19:10,0,19.5266,185303040,287874,43554528
2024-08-14 09:19:15,0,19.5266,185303040,287964,43554604
2024-08-14 09:19:20,0,19.5266,185303040,287964,43554604
2024-08-14 09:19:25,3,19.5266,185303040,287964,43554604
2024-08-14 09:19:30,3,19.5266,185303040,288054,43554680
2024-08-14 09:19:36,21.6,21.184,201031680,288453,43555496
2024-08-14 09:19:41,85.2,23.9878,227639296,500855,43681008
2024-08-14 09:19:46,0,24.0832,228544512,565101,43763941
2024-08-14 09:19:51,6.2,24.0832,228544512,568664,43771928
2024-08-14 09:19:56,3,24.0832,228544512,568772,43772008
2024-08-14 09:20:02,3.1,24.1376,229060608,568772,43772008
2024-08-14 09:20:07,0,24.1644,229314560,569222,43772388
2024-08-14 09:20:12,0,24.1644,229314560,569222,43772388
2024-08-14 09:20:17,0,24.1903,229560320,569360,43772388
2024-08-14 09:20:22,3,24.2719,230334464,569450,43772464
2024-08-14 09:20:28,3,24.2719,230334464,569450,43772464
2024-08-14 09:20:33,6,24.2719,230334464,569450,43772464
2024-08-14 09:20:38,3.1,24.3534,231108608,569540,43772540
2024-08-14 09:20:43,3,24.3806,231366656,569582,43772568
2024-08-14 09:20:49,3.2,24.3806,231366656,569582,43772568
2024-08-14 09:20:54,0,24.3772,231333888,571948,43774732
2024-08-14 09:20:59,3.1,24.3772,231333888,571948,43774732
2024-08-14 09:21:04,0,24.3772,231333888,571948,43774732
2024-08-14 09:21:09,3.1,24.3772,231333888,572398,43775112
2024-08-14 09:21:15,3,24.3772,231333888,572398,43775112
2024-08-14 09:21:20,0,24.3772,231333888,572398,43775112
2024-08-14 09:21:25,3.2,24.3772,231333888,572488,43775188
2024-08-14 09:21:30,3.1,24.5131,232624128,572488,43775188
2024-08-14 09:21:36,3.1,24.5403,232882176,572488,43775188
2024-08-14 09:21:41,0,24.5947,233398272,572578,43775264
2024-08-14 09:21:46,0,24.7022,234418176,572620,43775292
2024-08-14 09:21:51,3.1,24.7022,234418176,572662,43775320
2024-08-14 09:21:56,0,24.7022,234418176,572752,43775396
2024-08-14 09:22:01,5.9,24.7022,234418176,572752,43775396
2024-08-14 09:22:07,3.1,24.7022,234418176,572752,43775396
2024-08-14 09:22:12,6.2,24.7022,234418176,573070,43775548
2024-08-14 09:22:17,0,24.7022,234418176,573340,43775776
2024-08-14 09:22:22,0,24.7022,234418176,573340,43775776
2024-08-14 09:22:27,0,24.7022,234418176,573340,43775776
2024-08-14 09:22:33,3.2,24.7022,234418176,573430,43775852
2024-08-14 09:22:38,0,24.7022,234418176,573430,43775852
2024-08-14 09:22:43,2.9,24.6983,234381312,575466,43777912
2024-08-14 09:22:48,0,24.6983,234381312,575598,43778016
2024-08-14 09:22:53,3.1,24.6983,234381312,575598,43778016
2024-08-14 09:22:59,0,24.6983,234381312,575598,43778016
2024-08-14 09:23:04,3.1,24.6979,234377216,575688,43778092
2024-08-14 09:23:09,3.1,24.6979,234377216,575758,43778092
2024-08-14 09:23:14,0,24.6979,234377216,575758,43778092
2024-08-14 09:23:19,3.1,24.6979,234377216,576208,43778472
2024-08-14 09:23:25,0,24.6979,234377216,576208,43778472
2024-08-14 09:23:30,0,24.6979,234377216,576208,43778472
2024-08-14 09:23:35,6,24.6974,234373120,576298,43778548
2024-08-14 09:23:40,0,24.6974,234373120,576382,43778604
2024-08-14 09:23:45,3.2,24.6974,234373120,576382,43778604
2024-08-14 09:23:51,0,24.6974,234373120,576472,43778680
2024-08-14 09:23:56,3.1,24.6974,234373120,576472,43778680
2024-08-14 09:24:01,0,24.6974,234373120,576472,43778680
2024-08-14 09:24:06,3,24.6974,234373120,576700,43778756
2024-08-14 09:24:11,3,24.7233,234618880,576754,43778802
2024-08-14 09:24:17,0,24.7233,234618880,576754,43778802
2024-08-14 09:24:22,0,24.7233,234618880,576844,43778878
2024-08-14 09:24:27,0,24.7233,234618880,576886,43778906
2024-08-14 09:24:32,0,24.7233,234618880,576886,43778906
2024-08-14 09:24:37,0,24.7233,234618880,576928,43778934
2024-08-14 09:24:43,20.7,24.7225,234610688,579186,43781070
2024-08-14 09:24:48,5.8,24.7233,234618880,579186,43781070
2024-08-14 09:24:53,3,24.7233,234618880,579240,43781116
2024-08-14 09:24:58,6.2,24.7225,234610688,579330,43781192
2024-08-14 09:25:03,3.2,24.7225,234610688,579330,43781192
2024-08-14 09:25:09,0,24.7225,234610688,579330,43781192
2024-08-14 09:25:14,0,24.7225,234610688,579420,43781268
2024-08-14 09:25:19,6,24.7225,234610688,579420,43781268
2024-08-14 09:25:24,3,24.7225,234610688,579510,43781344
2024-08-14 09:25:29,3.1,25.3375,240447488,610224,43971713
2024-08-14 09:25:34,0,25.3375,240447488,610266,43971741
2024-08-14 09:25:40,6.2,25.3367,240439296,610266,43971741
2024-08-14 09:25:45,3.1,25.3367,240439296,610356,43971817
2024-08-14 09:25:50,0,25.3367,240439296,610356,43971817
2024-08-14 09:25:55,0,25.3367,240439296,610356,43971817
2024-08-14 09:26:00,6.1,25.3367,240439296,610584,43971893
2024-08-14 09:26:06,3.1,25.3367,240439296,610584,43971893
2024-08-14 09:26:11,3.1,25.3367,240439296,610584,43971893
2024-08-14 09:26:16,5.8,25.3367,240439296,610674,43971969
2024-08-14 09:26:21,3.1,25.3367,240439296,610716,43971997
2024-08-14 09:26:26,0,25.3367,240439296,610716,43971997
2024-08-14 09:26:32,0,25.3367,240439296,610956,43972193
2024-08-14 09:26:37,0,25.3367,240439296,610956,43972193
2024-08-14 09:26:42,6.2,25.3367,240439296,610956,43972193
2024-08-14 09:26:47,0,25.3362,240435200,613124,43974253
2024-08-14 09:26:52,5.9,25.3362,240435200,613214,43974329
2024-08-14 09:26:58,6,25.3362,240435200,613214,43974329
2024-08-14 09:27:03,0,25.3362,240435200,613214,43974329
2024-08-14 09:27:08,0,25.3362,240435200,613304,43974405
2024-08-14 09:27:13,3.2,25.3362,240435200,613304,43974405
2024-08-14 09:27:18,0,25.3362,240435200,613304,43974405
2024-08-14 09:27:24,3.2,25.3362,240435200,613394,43974481
2024-08-14 09:27:29,6.1,25.3362,240435200,613478,43974537
2024-08-14 09:27:34,3.1,25.3362,240435200,613568,43974613
2024-08-14 09:27:39,0,25.3358,240431104,613928,43974917
2024-08-14 09:27:44,6.2,25.3358,240431104,613928,43974917
2024-08-14 09:27:50,3,25.3358,240431104,614066,43974917
2024-08-14 09:27:55,0,25.3358,240431104,614156,43974993
2024-08-14 09:28:00,3,25.3358,240431104,614156,43974993
2024-08-14 09:28:05,6.2,25.3358,240431104,614230,43975053
2024-08-14 09:28:10,3.1,25.3358,240431104,618247,43978446
2024-08-14 09:28:16,0,25.3354,240427008,624726,43984191
2024-08-14 09:28:21,3.2,25.3354,240427008,625650,43984515
2024-08-14 09:28:26,6,25.3613,240672768,625782,43984619
2024-08-14 09:28:31,0,25.3613,240672768,625782,43984619
2024-08-14 09:28:36,3,25.3613,240672768,626706,43984943
2024-08-14 09:28:42,3,25.4152,241184768,626796,43985019
2024-08-14 09:28:47,3.1,25.4424,241442816,626796,43985019
2024-08-14 09:28:52,0,25.4424,241442816,626796,43985019
2024-08-14 09:28:57,3,25.4424,241442816,626796,43985019
2024-08-14 09:29:02,0,25.4424,241442816,627810,43985419
2024-08-14 09:29:08,3.1,25.4424,241442816,627852,43985447
2024-08-14 09:29:13,0,25.4424,241442816,627852,43985447
2024-08-14 09:29:18,0,25.4424,241442816,627984,43985551
2024-08-14 09:29:23,0,25.4424,241442816,627984,43985551
2024-08-14 09:29:28,3,25.4683,241688576,627984,43985551
2024-08-14 09:29:34,0,25.4683,241688576,628074,43985627
2024-08-14 09:29:39,3,25.4683,241688576,628074,43985627
2024-08-14 09:29:44,0,25.4683,241688576,630560,43987839
2024-08-14 09:29:49,6.1,25.4683,241688576,631676,43988067
2024-08-14 09:29:54,0,25.4683,241688576,631754,43988391
2024-08-14 09:30:00,4.9,25.4683,241688576,631754,43988391
2024-08-14 09:30:05,0,25.4683,241688576,631844,43988467
2024-08-14 09:30:10,3,25.4683,241688576,631844,43988467
2024-08-14 09:30:15,0,25.4683,241688576,631886,43988495
2024-08-14 09:30:20,0,25.4683,241688576,631976,43988571
2024-08-14 09:30:26,2.9,25.4683,241688576,632018,43988599
2024-08-14 09:30:31,3,25.4683,241688576,632018,43988599
2024-08-14 09:30:36,0,25.4683,241688576,632108,43988675
2024-08-14 09:30:41,3.2,25.4683,241688576,632108,43988675
2024-08-14 09:30:46,0,25.4683,241688576,632108,43988675
2024-08-14 09:30:52,3.1,25.4683,241688576,632198,43988751
2024-08-14 09:30:57,3,25.4674,241680384,634498,43990811
2024-08-14 09:31:02,3,25.4674,241680384,634498,43990811
2024-08-14 09:31:07,0,25.4674,241680384,634588,43990887
2024-08-14 09:31:12,3.1,25.4666,241672192,634630,43990915
2024-08-14 09:31:18,2.9,25.5482,242446336,669384,44002440
2024-08-14 09:31:23,6.1,25.5482,242446336,680904,44010794
2024-08-14 09:31:28,3.1,25.543,242397184,683371,44013033
2024-08-14 09:31:33,3.1,25.5425,242393088,692545,44015803
2024-08-14 09:31:38,3.1,25.5425,242393088,693601,44019316
2024-08-14 09:31:44,3.1,25.5425,242393088,694531,44020080
2024-08-14 09:31:49,2.9,25.5425,242393088,703165,44021744
2024-08-14 09:31:54,0,25.5425,242393088,703669,44023591
2024-08-14 09:31:59,0,25.5421,242388992,705031,44026599
2024-08-14 09:32:04,0,25.5421,242388992,714181,44032239
2024-08-14 09:32:10,3.2,25.53,242274304,726971,44044530
2024-08-14 09:32:15,3.1,25.53,242274304,736619,44050738
2024-08-14 09:32:20,6,25.5296,242270208,739188,44052235
2024-08-14 09:32:25,6,25.5296,242270208,753708,44059120
2024-08-14 09:32:30,3,25.5253,242229248,788850,44079443
2024-08-14 09:32:36,2.9,17.3063,164233216,793190,44086778
2024-08-14 09:32:41,3.1,17.3063,164233216,793190,44086778
2024-08-14 09:32:46,0,17.3063,164233216,793280,44086854
2024-08-14 09:32:51,3.1,17.3335,164491264,793280,44086854
2024-08-14 09:32:56,3.1,17.4699,165785600,793280,44086854
2024-08-14 09:33:02,3.1,17.4695,165781504,793370,44086930
2024-08-14 09:33:07,3,17.4695,165781504,793454,44086986
2024-08-14 09:33:12,0,17.6598,167587840,793454,44086986
2024-08-14 09:33:17,6,17.6598,167587840,793544,44087062
2024-08-14 09:33:22,3,17.6598,167587840,793544,44087062
2024-08-14 09:33:28,0,17.6598,167587840,793544,44087062
2024-08-14 09:33:33,2.9,17.7958,168878080,793634,44087138
2024-08-14 09:33:38,3.1,17.9041,169906176,793868,44087490
