2024-08-14 09:18:49,10,17.9229,170078208,200851,32316754
2024-08-14 09:18:54,0,18.4982,175538176,335754,45174850
2024-08-14 09:18:59,0,18.4982,175538176,335754,45174850
2024-08-14 09:19:04,0,18.5233,175775744,335754,45174850
2024-08-14 09:19:09,0,18.5777,176291840,335844,45174926
2024-08-14 09:19:14,3.1,18.658,177053696,335844,45174926
2024-08-14 09:19:20,0,18.658,177053696,336024,45175078
2024-08-14 09:19:25,0,18.6588,177061888,336336,45175334
2024-08-14 09:19:30,0,18.7676,178094080,336336,45175334
2024-08-14 09:19:35,3.1,18.822,178610176,336336,45175334
2024-08-14 09:19:40,0,18.8492,178868224,336468,45175438
2024-08-14 09:19:46,0,18.9036,179384320,336468,45175438
2024-08-14 09:19:51,0,18.9036,179384320,336468,45175438
2024-08-14 09:19:56,3,22.9627,217903104,341374,45179597
2024-08-14 09:20:01,3,23.1219,219414528,348941,45191554
2024-08-14 09:20:06,6.2,24.564,233099264,375083,45202528
2024-08-14 09:20:12,0,24.6724,234127360,388165,45210426
2024-08-14 09:20:17,12.1,24.6741,234143744,406499,45223810
2024-08-14 09:20:22,3.2,24.6728,234131456,428272,45238319
2024-08-14 09:20:27,6.7,24.6724,234127360,456709,45253025
2024-08-14 09:20:32,3.1,24.7242,234618880,502504,45279609
2024-08-14 09:20:38,16.1,24.7764,235114496,537116,45297499
2024-08-14 09:20:43,3.4,24.7764,235114496,558739,45316877
2024-08-14 09:20:48,6.2,24.7755,235106304,585579,45337872
2024-08-14 09:20:53,14.7,24.779,235139072,607304,45366667
2024-08-14 09:20:58,5.8,24.7898,235241472,627881,45404517
2024-08-14 09:21:04,3.1,24.7915,235257856,627881,45404517
2024-08-14 09:21:09,0,22.2367,211013632,627881,45404517
2024-08-14 09:21:14,0,22.3981,212545536,627971,45404593
2024-08-14 09:21:19,0,22.5086,213594112,627971,45404593
2024-08-14 09:21:24,3.2,22.563,214110208,627971,45404593
2024-08-14 09:21:29,0,22.563,214110208,628151,45404745
2024-08-14 09:21:35,0,22.563,214110208,628517,45405047
2024-08-14 09:21:40,0,22.5871,214339584,628517,45405047
2024-08-14 09:21:45,0,22.9048,217354240,630751,45407106
2024-08-14 09:21:50,3.2,22.9338,217628672,630883,45407210
2024-08-14 09:21:55,6.2,22.9338,217628672,630883,45407210
2024-08-14 09:22:01,0,23.0684,218906624,630883,45407210
2024-08-14 09:22:06,0,23.0956,219164672,630973,45407286
2024-08-14 09:22:11,6.1,23.1483,219664384,630973,45407286
2024-08-14 09:22:16,3.2,23.2842,220954624,630973,45407286
2024-08-14 09:22:21,3.2,23.2842,220954624,631063,45407362
2024-08-14 09:22:26,3.1,23.2842,220954624,631063,45407362
2024-08-14 09:22:32,0,23.2842,220954624,631105,45407390
2024-08-14 09:22:37,6.2,23.2842,220954624,631555,45407770
2024-08-14 09:22:42,0,23.2842,220954624,631693,45407770
2024-08-14 09:22:47,0,23.286,220971008,631693,45407770
2024-08-14 09:22:52,3.2,23.2855,220966912,631783,45407846
2024-08-14 09:22:58,3.2,23.2855,220966912,631825,45407874
2024-08-14 09:23:03,0,23.2838,220950528,631825,45407874
2024-08-14 09:23:08,0,23.2838,220950528,631915,45407950
2024-08-14 09:23:13,3.2,23.2855,220966912,631915,45407950
2024-08-14 09:23:18,0,23.2855,220966912,631915,45407950
2024-08-14 09:23:24,3.2,23.2851,220962816,632005,45408026
2024-08-14 09:23:29,3.1,23.2851,220962816,632047,45408054
2024-08-14 09:23:34,6.2,23.2851,220962816,632047,45408054
2024-08-14 09:23:39,0,23.2851,220962816,632317,45408282
2024-08-14 09:23:44,3.1,23.2851,220962816,634731,45410493
2024-08-14 09:23:50,0,23.2851,220962816,634731,45410493
2024-08-14 09:23:55,3.1,23.2851,220962816,634731,45410493
2024-08-14 09:24:00,3.1,23.3011,221114368,634821,45410569
2024-08-14 09:24:05,3.2,23.3011,221114368,634821,45410569
2024-08-14 09:24:10,0,23.3011,221114368,634879,45410615
2024-08-14 09:24:15,0,23.2993,221097984,635085,45410691
2024-08-14 09:24:21,0,23.2993,221097984,635185,45410719
2024-08-14 09:24:26,0,23.3524,221601792,635243,45410719
2024-08-14 09:24:31,0,23.4068,222117888,635333,45410795
2024-08-14 09:24:36,0,23.406,222109696,635375,45410823
2024-08-14 09:24:41,0,23.406,222109696,635513,45410823
2024-08-14 09:24:47,3.2,23.4038,222089216,635661,45410899
2024-08-14 09:24:52,2.9,23.4038,222089216,635661,45410899
2024-08-14 09:24:57,0,23.4055,222105600,635661,45410899
2024-08-14 09:25:02,3.2,23.4055,222105600,635751,45410975
2024-08-14 09:25:07,0,23.4051,222101504,635805,45411021
2024-08-14 09:25:13,3.1,23.431,222347264,635805,45411021
2024-08-14 09:25:18,3,23.4569,222593024,636007,45411125
2024-08-14 09:25:23,3.1,23.4841,222851072,636007,45411125
2024-08-14 09:25:28,3.2,23.5113,223109120,636007,45411125
2024-08-14 09:25:33,3.1,23.5113,223109120,636097,45411201
2024-08-14 09:25:38,3.2,23.5385,223367168,636139,45411229
2024-08-14 09:25:44,93.6,24.0534,228253696,642030,45437391
2024-08-14 09:25:49,3.2,24.451,232026112,669338,45603677
2024-08-14 09:25:54,3.2,24.451,232026112,669428,45603753
2024-08-14 09:25:59,3.2,24.451,232026112,669428,45603753
2024-08-14 09:26:04,3,24.451,232026112,669428,45603753
2024-08-14 09:26:10,0,24.451,232026112,669518,45603829
2024-08-14 09:26:15,3,24.451,232026112,669560,45603857
2024-08-14 09:26:20,0,24.451,232026112,669560,45603857
2024-08-14 09:26:25,0,24.4492,232009728,669650,45603933
2024-08-14 09:26:30,0,24.4492,232009728,669830,45603961
2024-08-14 09:26:36,3.1,24.4484,232001536,669830,45603961
2024-08-14 09:26:41,0,24.4773,232275968,669920,45604037
2024-08-14 09:26:46,0,24.5045,232534016,669920,45604037
2024-08-14 09:26:51,0,24.5045,232534016,669920,45604037
2024-08-14 09:26:56,0,24.5045,232534016,670010,45604113
2024-08-14 09:27:02,3.1,24.5045,232534016,670010,45604113
2024-08-14 09:27:07,3.2,24.5045,232534016,670010,45604113
2024-08-14 09:27:12,3.1,24.5045,232534016,670142,45604217
2024-08-14 09:27:17,6,24.5045,232534016,670184,45604245
2024-08-14 09:27:22,0,24.5045,232534016,670184,45604245
2024-08-14 09:27:28,0,24.5317,232792064,670274,45604321
2024-08-14 09:27:33,3.1,24.5317,232792064,670274,45604321
2024-08-14 09:27:38,3.2,24.5317,232792064,670274,45604321
2024-08-14 09:27:43,0,24.5589,233050112,670364,45604397
2024-08-14 09:27:48,0,24.5563,233025536,672466,45606404
2024-08-14 09:27:53,0,24.5563,233025536,672508,45606432
2024-08-14 09:27:59,0,24.5558,233021440,672868,45606736
2024-08-14 09:28:04,0,24.5558,233021440,672958,45606812
2024-08-14 09:28:09,0,24.5558,233021440,673000,45606840
2024-08-14 09:28:14,0,24.5576,233037824,673090,45606916
2024-08-14 09:28:19,0,24.5558,233021440,673228,45606916
2024-08-14 09:28:25,0,24.5558,233021440,673228,45606916
2024-08-14 09:28:30,0,24.5558,233021440,673228,45606916
2024-08-14 09:28:35,3.1,24.5558,233021440,673318,45606992
2024-08-14 09:28:40,3.1,24.5558,233021440,673360,45607020
2024-08-14 09:28:45,3.2,24.5558,233021440,673360,45607020
2024-08-14 09:28:50,0,24.5558,233021440,673450,45607096
2024-08-14 09:28:56,3.1,24.5558,233021440,673450,45607096
2024-08-14 09:29:01,0,24.5558,233021440,673450,45607096
2024-08-14 09:29:06,5.6,24.5558,233021440,673582,45607200
2024-08-14 09:29:11,0,24.5558,233021440,673582,45607200
2024-08-14 09:29:16,3.2,24.5558,233021440,673582,45607200
2024-08-14 09:29:22,3.2,24.5558,233021440,673672,45607276
2024-08-14 09:29:27,6.1,24.5558,233021440,673714,45607304
2024-08-14 09:29:32,0,24.5558,233021440,673714,45607304
2024-08-14 09:29:37,0,24.5558,233021440,673804,45607380
2024-08-14 09:29:42,3.1,24.5558,233021440,673804,45607380
2024-08-14 09:29:48,0,24.5558,233021440,676104,45609439
2024-08-14 09:29:53,0,24.5558,233021440,676194,45609515
2024-08-14 09:29:58,0,24.5558,233021440,676194,45609515
2024-08-14 09:30:03,0,24.5558,233021440,676236,45609543
2024-08-14 09:30:08,3.1,24.5817,233267200,676734,45609847
2024-08-14 09:30:13,0,24.6901,234295296,676920,45609997
2024-08-14 09:30:19,0,24.8519,235831296,676920,45609997
2024-08-14 09:30:24,0,24.8519,235831296,677010,45610073
2024-08-14 09:30:29,3.1,24.8519,235831296,677010,45610073
2024-08-14 09:30:34,3.2,24.8515,235827200,677010,45610073
2024-08-14 09:30:39,6.1,24.8511,235823104,677100,45610149
2024-08-14 09:30:45,5.8,24.8511,235823104,677142,45610177
2024-08-14 09:30:50,3.1,24.8511,235823104,677142,45610177
2024-08-14 09:30:55,6,24.8511,235823104,677184,45610205
2024-08-14 09:31:00,3.1,24.8511,235823104,677328,45610327
2024-08-14 09:31:05,0,24.8511,235823104,677328,45610327
2024-08-14 09:31:10,3.2,24.8511,235823104,677328,45610327
2024-08-14 09:31:16,0,24.8511,235823104,677418,45610403
2024-08-14 09:31:21,6,24.8507,235819008,677460,45610431
2024-08-14 09:31:26,0,24.8507,235819008,677460,45610431
2024-08-14 09:31:31,84.3,24.8778,236077056,679875,45611682
2024-08-14 09:31:36,3.2,25.5577,242528256,699996,45614262
2024-08-14 09:31:42,3.1,25.6121,243044352,699996,45614262
2024-08-14 09:31:47,2.9,25.8555,245354496,726257,45621317
2024-08-14 09:31:52,0,25.8555,245354496,726407,45621565
2024-08-14 09:31:57,0,25.8827,245612544,743585,45629101
2024-08-14 09:32:02,0,26.0187,246902784,754700,45634701
2024-08-14 09:32:08,10,26.0152,246870016,769439,45649337
2024-08-14 09:32:13,0,26.0118,246837248,783460,45657426
2024-08-14 09:32:18,3.2,26.0096,246816768,806605,45668106
2024-08-14 09:32:23,3.1,26.001,246734848,822898,45679148
2024-08-14 09:32:28,12.1,25.9997,246722560,845393,45691441
2024-08-14 09:32:34,3.2,18.9536,179859456,851655,45699269
2024-08-14 09:32:39,6.1,19.1427,181653504,851655,45699269
2024-08-14 09:32:44,0,19.1971,182169600,851655,45699269
2024-08-14 09:32:49,0,19.1971,182169600,851787,45699373
2024-08-14 09:32:54,3,19.1971,182169600,851787,45699373
2024-08-14 09:33:00,2.9,19.1971,182169600,851787,45699373
2024-08-14 09:33:05,3,19.1971,182169600,851877,45699449
2024-08-14 09:33:10,3.2,19.1971,182169600,851919,45699477
2024-08-14 09:33:15,3.2,19.1971,182169600,851919,45699477
2024-08-14 09:33:20,0,19.2243,182427648,851919,45699477
2024-08-14 09:33:25,3.2,19.251,182681600,852063,45699599
2024-08-14 09:33:31,3.2,19.251,182681600,852063,45699599
2024-08-14 09:33:36,0,19.251,182681600,852063,45699599
2024-08-14 09:33:41,3.1,19.251,182681600,852153,45699675
2024-08-14 09:33:46,0,19.2756,182915072,854471,45701790
2024-08-14 09:33:51,3.1,19.2756,182915072,854471,45701790
2024-08-14 09:33:57,0,19.2756,182915072,854561,45701866
2024-08-14 09:34:02,3.2,19.2756,182915072,854699,45701866
2024-08-14 09:34:07,3.1,19.2756,182915072,854699,45701866
2024-08-14 09:34:12,6.2,19.2756,182915072,854789,45701942
2024-08-14 09:34:17,0,19.2756,182915072,854831,45701970
2024-08-14 09:34:23,0,19.2756,182915072,854831,45701970
2024-08-14 09:34:28,0,19.2761,182919168,855191,45702274
2024-08-14 09:34:33,0,19.2761,182919168,855335,45702396
2024-08-14 09:34:38,0,19.2761,182919168,855335,45702396
2024-08-14 09:34:43,3.1,19.2761,182919168,855467,45702500
