2024-08-14 09:13:05,12.1,17.4686,165773312,169388,26709374
2024-08-14 09:13:10,3.1,17.8895,169766912,275501,43526766
2024-08-14 09:13:15,3.2,17.8895,169766912,275501,43526766
2024-08-14 09:13:20,0,17.971,170541056,275591,43526842
2024-08-14 09:13:25,3.2,18.0254,171057152,275591,43526842
2024-08-14 09:13:31,0,18.0254,171057152,275591,43526842
2024-08-14 09:13:36,3.1,18.0254,171057152,275681,43526918
2024-08-14 09:13:41,3.2,18.1035,171798528,275723,43526946
2024-08-14 09:13:46,0,18.1307,172056576,275723,43526946
2024-08-14 09:13:51,0,18.1307,172056576,276173,43527326
2024-08-14 09:13:57,0,18.1614,172347392,276173,43527326
2024-08-14 09:14:02,6.1,18.4048,174657536,276215,43527354
2024-08-14 09:14:07,3.1,18.4864,175431680,276305,43527430
2024-08-14 09:14:12,3,18.7579,178008064,278473,43529489
2024-08-14 09:14:17,0,18.7579,178008064,278473,43529489
2024-08-14 09:14:23,3.1,18.8123,178524160,278563,43529565
2024-08-14 09:14:28,0,18.9465,179798016,278563,43529565
2024-08-14 09:14:33,3.1,19.0566,180842496,278563,43529565
2024-08-14 09:14:38,0,19.2456,182636544,278563,43529565
2024-08-14 09:14:43,3.1,19.3,183152640,278791,43529641
2024-08-14 09:14:49,0,19.3272,183410688,278833,43529669
2024-08-14 09:14:54,3.1,19.4631,184700928,279067,43529881
2024-08-14 09:14:59,0,19.4614,184684544,279379,43530137
2024-08-14 09:15:04,2.9,19.5706,185720832,279379,43530137
2024-08-14 09:15:09,3,19.5706,185720832,279379,43530137
2024-08-14 09:15:15,3,19.5944,185946112,279469,43530213
2024-08-14 09:15:20,5.7,19.5944,185946112,279511,43530241
2024-08-14 09:15:25,0,19.5944,185946112,279511,43530241
2024-08-14 09:15:30,0,16.8583,159981568,279601,43530317
2024-08-14 09:15:35,3.1,16.9938,161267712,279601,43530317
2024-08-14 09:15:41,6.2,17.021,161525760,279601,43530317
2024-08-14 09:15:46,3.2,17.021,161525760,279691,43530393
2024-08-14 09:15:51,0,17.0754,162041856,279733,43530421
2024-08-14 09:15:56,6.1,17.1017,162291712,279955,43530601
2024-08-14 09:16:01,3.1,17.1276,162537472,280225,43530829
2024-08-14 09:16:07,0,17.2092,163311616,280225,43530829
2024-08-14 09:16:12,6.2,17.4514,165609472,282513,43532980
2024-08-14 09:16:17,6.2,17.4785,165867520,282603,43533056
2024-08-14 09:16:22,3.2,17.5601,166641664,282603,43533056
2024-08-14 09:16:28,0,17.6413,167411712,282603,43533056
2024-08-14 09:16:33,3.1,17.6413,167411712,282693,43533132
2024-08-14 09:16:38,6,17.6654,167641088,282831,43533132
2024-08-14 09:16:43,6.2,17.6654,167641088,282831,43533132
2024-08-14 09:16:48,0,17.6654,167641088,282921,43533208
2024-08-14 09:16:54,3,17.6654,167641088,283005,43533264
2024-08-14 09:16:59,3.1,17.6654,167641088,283005,43533264
2024-08-14 09:17:04,3.2,17.6654,167641088,283345,43533492
2024-08-14 09:17:09,3.1,17.6659,167645184,283525,43533644
2024-08-14 09:17:14,6.1,17.6659,167645184,283525,43533644
2024-08-14 09:17:19,0,17.665,167636992,283525,43533644
2024-08-14 09:17:25,3.1,17.6667,167653376,283615,43533720
2024-08-14 09:17:30,0,17.6667,167653376,283657,43533748
2024-08-14 09:17:35,3.1,17.6667,167653376,283657,43533748
2024-08-14 09:17:40,6,17.7738,168669184,283747,43533824
2024-08-14 09:17:46,0,17.9641,170475520,283789,43533852
2024-08-14 09:17:51,0,17.9913,170733568,283789,43533852
2024-08-14 09:17:56,6.2,17.993,170749952,283879,43533928
2024-08-14 09:18:01,2.8,17.993,170749952,283921,43533956
2024-08-14 09:18:06,0,17.993,170749952,284101,43534108
2024-08-14 09:18:12,3.1,18.1424,172167168,286527,43536487
2024-08-14 09:18:17,0,18.1424,172167168,286581,43536547
2024-08-14 09:18:22,3.1,18.1424,172167168,286581,43536547
2024-08-14 09:18:27,0,18.2512,173199360,286671,43536623
2024-08-14 09:18:32,3.2,18.2783,173457408,286809,43536623
2024-08-14 09:18:38,6.1,18.2783,173457408,286863,43536669
2024-08-14 09:18:43,6,18.2783,173457408,287037,43536801
2024-08-14 09:18:48,3,18.2783,173457408,287037,43536801
2024-08-14 09:18:53,3.1,18.2783,173457408,287037,43536801
2024-08-14 09:18:58,3.2,18.2783,173457408,287127,43536877
2024-08-14 09:19:04,5.9,18.2766,173441024,287127,43536877
2024-08-14 09:19:09,0,18.2766,173441024,287127,43536877
2024-08-14 09:19:14,3,18.2766,173441024,287577,43537257
2024-08-14 09:19:19,0,18.3017,173678592,287619,43537285
2024-08-14 09:19:24,6.1,18.3017,173678592,287619,43537285
2024-08-14 09:19:30,3.1,18.3017,173678592,287619,43537285
2024-08-14 09:19:35,5.9,18.3832,174452736,287709,43537361
2024-08-14 09:19:40,78.1,22.983,218103808,351945,43579773
2024-08-14 09:19:45,0,23.1729,219906048,419012,43622156
2024-08-14 09:19:50,26.4,23.1803,219975680,517803,43693816
2024-08-14 09:19:56,0,23.1816,219987968,532227,43713077
2024-08-14 09:20:01,3.1,23.2385,220528640,563777,43742299
2024-08-14 09:20:06,0,23.2385,220528640,566126,43745782
2024-08-14 09:20:11,3.2,23.2385,220528640,569116,43749343
2024-08-14 09:20:17,0,23.2916,221032448,571977,43756225
2024-08-14 09:20:22,3.1,23.2921,221036544,572379,43756557
2024-08-14 09:20:27,3.1,23.2921,221036544,572379,43756557
2024-08-14 09:20:32,0,23.3197,221298688,572517,43756557
2024-08-14 09:20:37,0,23.318,221282304,572649,43756661
2024-08-14 09:20:43,0,23.318,221282304,572691,43756689
2024-08-14 09:20:48,3,23.318,221282304,572691,43756689
2024-08-14 09:20:53,2.9,23.318,221282304,572781,43756765
2024-08-14 09:20:58,3.1,23.3197,221298688,572781,43756765
2024-08-14 09:21:03,0,23.3197,221298688,572781,43756765
2024-08-14 09:21:09,9.1,23.3197,221298688,572871,43756841
2024-08-14 09:21:14,3.2,23.3197,221298688,572913,43756869
2024-08-14 09:21:19,3.1,23.3469,221556736,573003,43756945
2024-08-14 09:21:24,3,23.3736,221810688,573363,43757249
2024-08-14 09:21:29,0,23.4008,222068736,573363,43757249
2024-08-14 09:21:35,6.2,23.4552,222584832,573405,43757277
2024-08-14 09:21:40,0,23.5912,223875072,573495,43757353
2024-08-14 09:21:45,3,23.6184,224133120,573537,43757381
2024-08-14 09:21:50,2.9,23.6184,224133120,573537,43757381
2024-08-14 09:21:55,0,23.7271,225165312,573627,43757457
2024-08-14 09:22:01,0,23.7271,225165312,573627,43757457
2024-08-14 09:22:06,3.1,23.8359,226197504,573627,43757457
2024-08-14 09:22:11,3.2,23.8903,226713600,575663,43759516
2024-08-14 09:22:16,3.1,23.8856,226668544,575753,43759592
2024-08-14 09:22:21,3.1,23.8856,226668544,575753,43759592
2024-08-14 09:22:27,5.6,23.8856,226668544,576203,43759848
2024-08-14 09:22:32,6,23.8856,226668544,576383,43760000
2024-08-14 09:22:37,2.9,23.8856,226668544,576425,43760028
2024-08-14 09:22:42,0,23.9114,226914304,576425,43760028
2024-08-14 09:22:47,2.9,23.9119,226918400,576515,43760104
2024-08-14 09:22:53,0,23.9119,226918400,576569,43760150
2024-08-14 09:22:58,5.8,23.9119,226918400,576611,43760178
2024-08-14 09:23:03,6.1,23.9119,226918400,576701,43760254
2024-08-14 09:23:08,3.2,23.9119,226918400,576701,43760254
2024-08-14 09:23:13,0,23.9119,226918400,576701,43760254
2024-08-14 09:23:19,0,23.9114,226914304,576791,43760330
2024-08-14 09:23:24,6.2,23.9114,226914304,576875,43760386
2024-08-14 09:23:29,3.2,23.9114,226914304,577109,43760584
2024-08-14 09:23:34,0,23.9114,226914304,577379,43760812
2024-08-14 09:23:39,3.1,23.9386,227172352,577379,43760812
2024-08-14 09:23:45,2.9,23.9654,227426304,577379,43760812
2024-08-14 09:23:50,0,23.9654,227426304,577469,43760888
2024-08-14 09:23:55,6.2,23.9654,227426304,577511,43760916
2024-08-14 09:24:00,3.1,23.9654,227426304,577511,43760916
2024-08-14 09:24:05,5.8,23.9654,227426304,577601,43760992
2024-08-14 09:24:11,8.8,23.9645,227418112,577601,43760992
2024-08-14 09:24:16,0,24.0185,227930112,579637,43763051
2024-08-14 09:24:21,3,24.0185,227930112,579769,43763155
2024-08-14 09:24:26,6.2,24.0185,227930112,579907,43763155
2024-08-14 09:24:31,0,24.0185,227930112,579907,43763155
2024-08-14 09:24:37,5.8,24.0185,227930112,579997,43763231
2024-08-14 09:24:42,3,24.0185,227930112,580129,43763335
2024-08-14 09:24:47,2.9,24.0185,227930112,580129,43763335
2024-08-14 09:24:52,5.8,24.0185,227930112,580129,43763335
2024-08-14 09:24:58,6.1,24.0185,227930112,580219,43763411
2024-08-14 09:25:03,3.2,24.0185,227930112,580219,43763411
2024-08-14 09:25:08,0,24.0185,227930112,580219,43763411
2024-08-14 09:25:13,3.1,24.0185,227930112,580309,43763487
2024-08-14 09:25:18,3,24.0185,227930112,580393,43763543
2024-08-14 09:25:24,6.2,24.0185,227930112,580393,43763543
2024-08-14 09:25:29,25.8,24.4967,232468480,610549,43952675
2024-08-14 09:25:34,0,24.4963,232464384,610837,43953685
2024-08-14 09:25:39,0,24.4963,232464384,611017,43953837
2024-08-14 09:25:44,0,24.4954,232456192,611287,43954065
2024-08-14 09:25:49,3.1,24.4954,232456192,611287,43954065
2024-08-14 09:25:55,3,24.4954,232456192,611341,43954157
2024-08-14 09:26:00,0,24.4954,232456192,611473,43954261
2024-08-14 09:26:05,0,24.4954,232456192,611473,43954261
2024-08-14 09:26:10,0,24.4954,232456192,611473,43954261
2024-08-14 09:26:15,3.1,24.4937,232439808,613641,43956424
2024-08-14 09:26:21,3.2,24.4937,232439808,613779,43956424
2024-08-14 09:26:26,3.1,24.492,232423424,613779,43956424
2024-08-14 09:26:31,3,24.492,232423424,613869,43956500
2024-08-14 09:26:36,0,24.492,232423424,613911,43956528
2024-08-14 09:26:42,0,24.492,232423424,613911,43956528
2024-08-14 09:26:47,3.1,24.5179,232669184,614091,43956680
2024-08-14 09:26:52,3,24.5179,232669184,614091,43956680
2024-08-14 09:26:57,2.9,24.5179,232669184,614091,43956680
2024-08-14 09:27:02,3.2,24.5179,232669184,614091,43956680
2024-08-14 09:27:08,3.1,24.5196,232685568,614181,43956756
2024-08-14 09:27:13,3,24.5196,232685568,614265,43956812
2024-08-14 09:27:18,0,24.5196,232685568,614335,43956812
2024-08-14 09:27:23,6.2,24.5179,232669184,614425,43956888
2024-08-14 09:27:28,3.2,24.5179,232669184,614425,43956888
2024-08-14 09:27:33,0,24.5179,232669184,614425,43956888
2024-08-14 09:27:39,6.1,24.5179,232669184,614515,43956964
2024-08-14 09:27:44,3.1,24.5179,232669184,614557,43956992
2024-08-14 09:27:49,0,24.5174,232665088,614827,43957220
2024-08-14 09:27:54,3.1,24.5174,232665088,615007,43957372
2024-08-14 09:28:00,7.7,24.5174,232665088,615061,43957418
2024-08-14 09:28:05,0,24.5192,232681472,615103,43957446
2024-08-14 09:28:10,2.9,24.5192,232681472,615331,43957522
2024-08-14 09:28:15,0,24.5192,232681472,617367,43959581
2024-08-14 09:28:20,5.8,24.5192,232681472,617367,43959581
2024-08-14 09:28:26,6.2,24.5192,232681472,617457,43959657
2024-08-14 09:28:31,0,24.5451,232927232,617457,43959657
2024-08-14 09:28:36,3.2,24.5451,232927232,617457,43959657
2024-08-14 09:28:41,0,24.5451,232927232,617547,43959733
2024-08-14 09:28:46,0,24.5723,233185280,617589,43959761
2024-08-14 09:28:52,5.9,24.5995,233443328,617589,43959761
2024-08-14 09:28:57,3,24.5995,233443328,617769,43959959
2024-08-14 09:29:02,0,24.5995,233443328,617869,43960033
2024-08-14 09:29:07,0,24.7354,234733568,617869,43960033
2024-08-14 09:29:12,3,24.8442,235765760,617959,43960109
2024-08-14 09:29:18,0,24.8714,236023808,618001,43960137
2024-08-14 09:29:23,3,24.9245,236527616,618001,43960137
2024-08-14 09:29:28,0,24.9245,236527616,618001,43960137
2024-08-14 09:29:33,3.2,24.9245,236527616,618091,43960213
2024-08-14 09:29:38,3.2,24.9245,236527616,618091,43960213
2024-08-14 09:29:44,0,24.9245,236527616,618091,43960213
2024-08-14 09:29:49,3.2,24.9245,236527616,618181,43960289
2024-08-14 09:29:54,0,24.9504,236773376,619452,43960617
2024-08-14 09:29:59,6.1,24.934,236617728,623266,43965676
2024-08-14 09:30:04,0,24.9335,236613632,623356,43965752
2024-08-14 09:30:10,6.2,24.9335,236613632,623356,43965752
2024-08-14 09:30:15,0,24.9331,236609536,623356,43965752
2024-08-14 09:30:20,6,24.9331,236609536,623446,43965828
2024-08-14 09:30:25,0,24.9331,236609536,623446,43965828
2024-08-14 09:30:30,2.9,24.9331,236609536,623446,43965828
2024-08-14 09:30:36,0,24.9875,237125632,623536,43965904
2024-08-14 09:30:41,5.7,24.9875,237125632,623536,43965904
2024-08-14 09:30:46,0,24.9875,237125632,623536,43965904
2024-08-14 09:30:51,3.1,24.9875,237125632,623626,43965980
2024-08-14 09:30:56,3.1,24.9875,237125632,623710,43966036
2024-08-14 09:31:02,0,24.9875,237125632,623710,43966036
2024-08-14 09:31:07,0,24.9875,237125632,623890,43966188
2024-08-14 09:31:12,6.1,24.9866,237117440,625926,43968247
2024-08-14 09:31:17,3.2,25.612,243052544,648367,43972001
2024-08-14 09:31:22,3,25.612,243052544,660766,43979849
2024-08-14 09:31:28,0,25.612,243052544,661954,43980785
2024-08-14 09:31:33,6,25.612,243052544,671743,43984484
2024-08-14 09:31:38,0,25.612,243052544,672655,43988567
2024-08-14 09:31:43,3,25.612,243052544,674971,43989311
2024-08-14 09:31:48,0,25.6116,243048448,681838,43990876
2024-08-14 09:31:54,0,25.691,243802112,683302,43992815
2024-08-14 09:31:59,3.1,25.7471,244334592,685354,43996290
2024-08-14 09:32:04,0,25.7471,244334592,693059,44001269
2024-08-14 09:32:09,6.1,25.745,244314112,702694,44010779
2024-08-14 09:32:14,6.2,25.7286,244158464,728333,44026510
2024-08-14 09:32:20,3,25.7277,244150272,743649,44034772
2024-08-14 09:32:25,3.1,25.7269,244142080,756779,44043399
2024-08-14 09:32:30,3.1,25.7256,244129792,768125,44050072
2024-08-14 09:32:35,3.1,17.2213,163426304,772333,44057030
2024-08-14 09:32:41,3,17.2213,163426304,772333,44057030
2024-08-14 09:32:46,0,17.2213,163426304,772423,44057106
2024-08-14 09:32:51,3,17.3577,164720640,772465,44057134
2024-08-14 09:32:56,8.1,17.548,166526976,772465,44057134
2024-08-14 09:33:01,2.9,17.684,167817216,772555,44057210
2024-08-14 09:33:07,0,17.7112,168075264,772555,44057210
2024-08-14 09:33:12,0,17.7112,168075264,772555,44057210
2024-08-14 09:33:17,0,17.7112,168075264,772735,44057362
2024-08-14 09:33:22,0,17.7112,168075264,772777,44057390
2024-08-14 09:33:27,3.1,17.7371,168321024,772777,44057390
2024-08-14 09:33:33,0,17.7371,168321024,772867,44057466
2024-08-14 09:33:38,3,17.7371,168321024,772867,44057466
2024-08-14 09:33:43,0,17.7371,168321024,772909,44057494
2024-08-14 09:33:48,3,17.7371,168321024,772999,44057570
2024-08-14 09:33:53,3,17.7371,168321024,773137,44057570
2024-08-14 09:33:59,0,17.7371,168321024,773137,44057570
2024-08-14 09:34:04,5.9,17.7371,168321024,773227,44057646
