2024-08-14 09:09:56,9.7,17.8865,169738240,168941,26663308
2024-08-14 09:10:01,0,18.9336,179675136,336178,43525544
2024-08-14 09:10:06,0,18.9336,179675136,336178,43525544
2024-08-14 09:10:12,3,18.9332,179671040,336628,43525924
2024-08-14 09:10:17,6,18.9332,179671040,336628,43525924
2024-08-14 09:10:22,0,18.9332,179671040,336628,43525924
2024-08-14 09:10:27,3.2,19.0148,180445184,336718,43526000
2024-08-14 09:10:32,3.1,19.1494,181723136,336760,43526028
2024-08-14 09:10:37,6.2,19.1736,181952512,336760,43526028
2024-08-14 09:10:43,0,19.1736,181952512,336988,43526104
2024-08-14 09:10:48,3.1,19.228,182468608,336988,43526104
2024-08-14 09:10:53,3.1,19.3091,183238656,337030,43526132
2024-08-14 09:10:58,3.2,19.4166,184258560,337120,43526208
2024-08-14 09:11:03,3.1,19.4978,185028608,337162,43526236
2024-08-14 09:11:09,3.1,19.4978,185028608,337162,43526236
2024-08-14 09:11:14,3,19.4978,185028608,337432,43526464
2024-08-14 09:11:19,3.1,19.7684,187596800,339912,43528676
2024-08-14 09:11:24,6,17.063,161923072,339982,43528676
2024-08-14 09:11:29,6.2,17.1174,162439168,339982,43528676
2024-08-14 09:11:34,0,17.1445,162697216,340072,43528752
2024-08-14 09:11:40,3.2,17.1445,162697216,340072,43528752
2024-08-14 09:11:45,3.1,17.1713,162951168,340072,43528752
2024-08-14 09:11:50,3,17.1713,162951168,340204,43528856
2024-08-14 09:11:55,0,17.2529,163725312,340246,43528884
2024-08-14 09:12:00,0,17.3073,164241408,340246,43528884
2024-08-14 09:12:06,0,17.3617,164757504,340390,43529006
2024-08-14 09:12:11,3.2,17.4691,165777408,340390,43529006
2024-08-14 09:12:16,0,17.4929,166002688,340390,43529006
2024-08-14 09:12:21,3.1,17.4929,166002688,340840,43529386
2024-08-14 09:12:26,0,17.4929,166002688,340882,43529414
2024-08-14 09:12:31,0,17.5473,166518784,341020,43529414
2024-08-14 09:12:37,3.2,17.5473,166518784,341110,43529490
2024-08-14 09:12:42,3.2,17.6275,167280640,341110,43529490
2024-08-14 09:12:47,6.2,17.6547,167538688,341152,43529518
2024-08-14 09:12:52,0,17.6547,167538688,341242,43529594
2024-08-14 09:12:57,6.2,17.6547,167538688,341284,43529622
2024-08-14 09:13:03,0,17.6819,167796736,341284,43529622
2024-08-14 09:13:08,0,17.6819,167796736,341284,43529622
2024-08-14 09:13:13,0,17.6819,167796736,341374,43529698
2024-08-14 09:13:18,3.1,17.7324,168275968,343530,43531850
2024-08-14 09:13:23,6,17.7868,168792064,343800,43532002
2024-08-14 09:13:28,3.2,17.8684,169566208,343980,43532230
2024-08-14 09:13:34,3.1,17.9228,170082304,343980,43532230
2024-08-14 09:13:39,3.1,17.9228,170082304,343980,43532230
2024-08-14 09:13:44,0,17.9228,170082304,344112,43532334
2024-08-14 09:13:49,0,17.9228,170082304,344154,43532362
2024-08-14 09:13:54,3,17.95,170340352,344154,43532362
2024-08-14 09:14:00,0,17.95,170340352,344244,43532438
2024-08-14 09:14:05,0,18.0587,171372544,344244,43532438
2024-08-14 09:14:10,0,18.2491,173178880,344244,43532438
2024-08-14 09:14:15,0,18.3574,174206976,344334,43532514
2024-08-14 09:14:20,0,18.4118,174723072,344376,43532542
2024-08-14 09:14:26,3.1,18.4118,174723072,344376,43532542
2024-08-14 09:14:31,3.2,18.4114,174718976,344964,43532922
2024-08-14 09:14:36,0,18.4657,175235072,344964,43532922
2024-08-14 09:14:41,3,18.6561,177041408,345006,43532950
2024-08-14 09:14:46,3.2,18.7105,177557504,345096,43533026
2024-08-14 09:14:51,3.2,18.7105,177557504,345138,43533054
2024-08-14 09:14:57,0,18.7105,177557504,345138,43533054
2024-08-14 09:15:02,3.1,18.7105,177557504,345228,43533130
2024-08-14 09:15:07,3,18.7006,177463296,345228,43533130
2024-08-14 09:15:12,3.2,18.7006,177463296,345228,43533130
2024-08-14 09:15:17,0,18.698,177438720,347462,43535190
2024-08-14 09:15:23,0,18.6984,177442816,347552,43535266
2024-08-14 09:15:28,0,18.6984,177442816,347552,43535266
2024-08-14 09:15:33,3.1,18.698,177438720,347864,43535522
2024-08-14 09:15:38,3.2,18.698,177438720,348044,43535674
2024-08-14 09:15:43,0,18.698,177438720,348086,43535702
2024-08-14 09:15:49,3.1,18.698,177438720,348086,43535702
2024-08-14 09:15:54,3.2,18.698,177438720,348176,43535778
2024-08-14 09:15:59,6.2,18.698,177438720,348246,43535778
2024-08-14 09:16:04,5.8,18.698,177438720,348246,43535778
2024-08-14 09:16:09,0,18.698,177438720,348390,43535946
2024-08-14 09:16:14,0,18.6975,177434624,348432,43535974
2024-08-14 09:16:20,0,18.7234,177680384,348570,43535974
2024-08-14 09:16:25,0,18.7502,177934336,348660,43536050
2024-08-14 09:16:30,0,18.8046,178450432,348702,43536078
2024-08-14 09:16:35,0,18.8037,178442240,348702,43536078
2024-08-14 09:16:40,3.2,18.8028,178434048,349152,43536458
2024-08-14 09:16:46,3.1,18.8028,178434048,349194,43536486
2024-08-14 09:16:51,3.2,18.8028,178434048,349194,43536486
2024-08-14 09:16:56,6.2,18.8028,178434048,349284,43536562
2024-08-14 09:17:01,3.1,18.8028,178434048,349284,43536562
2024-08-14 09:17:06,3.1,18.8028,178434048,349284,43536562
2024-08-14 09:17:12,0,18.8028,178434048,349374,43536638
2024-08-14 09:17:17,0,18.8028,178434048,351608,43538698
2024-08-14 09:17:22,0,18.8028,178434048,351608,43538698
2024-08-14 09:17:27,3.1,18.83,178692096,351650,43538726
2024-08-14 09:17:32,0,18.884,179204096,351740,43538802
2024-08-14 09:17:37,0,18.9928,180236288,351740,43538802
2024-08-14 09:17:43,0,19.1002,181256192,352154,43539152
2024-08-14 09:17:48,6,19.2906,183062528,352286,43539256
2024-08-14 09:17:53,0,19.3178,183320576,352286,43539256
2024-08-14 09:17:58,3.2,19.3178,183320576,352286,43539256
2024-08-14 09:18:03,6.2,19.3178,183320576,352376,43539332
2024-08-14 09:18:09,3.2,19.3178,183320576,352376,43539332
2024-08-14 09:18:14,3.2,19.3178,183320576,352514,43539332
2024-08-14 09:18:19,3.2,19.3178,183320576,352604,43539408
2024-08-14 09:18:24,3.1,19.3178,183320576,352688,43539464
2024-08-14 09:18:29,0,19.3178,183320576,352688,43539464
2024-08-14 09:18:34,0,19.3178,183320576,352778,43539540
2024-08-14 09:18:40,0,19.3178,183320576,352778,43539540
2024-08-14 09:18:45,0,19.3178,183320576,352778,43539540
2024-08-14 09:18:50,6.1,19.3169,183312384,353270,43539948
2024-08-14 09:18:55,6.2,19.3169,183312384,353270,43539948
2024-08-14 09:19:00,0,19.3169,183312384,353270,43539948
2024-08-14 09:19:06,0,19.3169,183312384,353360,43540024
2024-08-14 09:19:11,0,19.3169,183312384,353360,43540024
2024-08-14 09:19:16,0,19.3169,183312384,355528,43542084
2024-08-14 09:19:21,6.2,19.3169,183312384,355702,43542216
2024-08-14 09:19:26,100,23.5934,223895552,474082,43613471
2024-08-14 09:19:32,6.2,23.6319,224260096,634175,43748141
2024-08-14 09:19:37,6.2,23.6319,224260096,634175,43748141
2024-08-14 09:19:42,0,23.6319,224260096,634265,43748217
2024-08-14 09:19:47,0,23.6319,224260096,634265,43748217
2024-08-14 09:19:52,3,23.6319,224260096,634535,43748445
2024-08-14 09:19:57,3,23.6319,224260096,634865,43748763
2024-08-14 09:20:03,3,23.6319,224260096,635003,43748763
2024-08-14 09:20:08,3.2,23.6319,224260096,635003,43748763
2024-08-14 09:20:13,3.2,23.6319,224260096,635093,43748839
2024-08-14 09:20:18,3.1,23.6319,224260096,635135,43748867
2024-08-14 09:20:23,3,23.6578,224505856,635189,43748913
2024-08-14 09:20:29,0,23.6578,224505856,635321,43749017
2024-08-14 09:20:34,3,23.6578,224505856,635321,43749017
2024-08-14 09:20:39,3.1,23.656,224489472,637423,43751077
2024-08-14 09:20:44,3,23.656,224489472,637513,43751153
2024-08-14 09:20:49,2.9,23.656,224489472,637513,43751153
2024-08-14 09:20:55,0,23.656,224489472,637603,43751229
2024-08-14 09:21:00,3,23.656,224489472,638005,43751561
2024-08-14 09:21:05,3.2,23.7104,225005568,638059,43751607
2024-08-14 09:21:10,6.2,23.8451,226283520,638113,43751653
2024-08-14 09:21:15,0,23.8723,226541568,638245,43751757
2024-08-14 09:21:21,3.1,23.8723,226541568,638245,43751757
2024-08-14 09:21:26,6.2,23.8723,226541568,638245,43751757
2024-08-14 09:21:31,6.2,23.8723,226541568,638335,43751833
2024-08-14 09:21:36,6.2,23.8723,226541568,638377,43751861
2024-08-14 09:21:41,3.1,23.981,227573760,638377,43751861
2024-08-14 09:21:46,3.1,24.0082,227831808,638377,43751861
2024-08-14 09:21:52,3.2,24.0082,227831808,638521,43751983
2024-08-14 09:21:57,3.2,24.0626,228347904,638659,43751983
2024-08-14 09:22:02,0,24.1714,229380096,638929,43752211
2024-08-14 09:22:07,6.2,24.1714,229380096,639193,43752419
2024-08-14 09:22:12,3.1,24.2258,229896192,639193,43752419
2024-08-14 09:22:18,6.2,24.5771,233230336,641415,43754525
2024-08-14 09:22:23,0,24.5767,233226240,641505,43754601
2024-08-14 09:22:28,5.9,24.5763,233222144,641505,43754601
2024-08-14 09:22:33,3.2,24.5763,233222144,641559,43754647
2024-08-14 09:22:38,3.2,24.5763,233222144,641649,43754723
2024-08-14 09:22:43,3.2,24.5767,233226240,641691,43754751
2024-08-14 09:22:49,3.1,24.5767,233226240,641691,43754751
2024-08-14 09:22:54,0,24.5763,233222144,641781,43754827
2024-08-14 09:22:59,3.2,24.5763,233222144,641781,43754827
2024-08-14 09:23:04,3,24.5763,233222144,641913,43754931
2024-08-14 09:23:09,0,24.5763,233222144,642315,43755263
2024-08-14 09:23:15,3.1,24.5763,233222144,642315,43755263
2024-08-14 09:23:20,8.6,24.5763,233222144,642315,43755263
2024-08-14 09:23:25,0,24.6574,233992192,642405,43755339
2024-08-14 09:23:30,6.2,24.8206,235540480,642405,43755339
2024-08-14 09:23:35,0,22.176,210444288,642405,43755339
2024-08-14 09:23:40,3.2,22.3107,211722240,642495,43755415
2024-08-14 09:23:46,3.2,22.4725,213258240,642537,43755443
2024-08-14 09:23:51,0,22.4997,213516288,642675,43755443
2024-08-14 09:23:56,0,22.6901,215322624,642675,43755443
2024-08-14 09:24:01,0,22.6896,215318528,642807,43755547
2024-08-14 09:24:06,3.2,22.6896,215318528,642807,43755547
2024-08-14 09:24:12,3.2,22.7155,215564288,642807,43755547
2024-08-14 09:24:17,6,22.7936,216305664,645197,43757683
2024-08-14 09:24:22,0,22.8208,216563712,645197,43757683
2024-08-14 09:24:27,0,22.9831,218103808,645197,43757683
2024-08-14 09:24:32,3.2,23.1178,219381760,645287,43757759
2024-08-14 09:24:38,3.1,23.1178,219381760,645287,43757759
2024-08-14 09:24:43,3,23.1178,219381760,645287,43757759
2024-08-14 09:24:48,0,23.1178,219381760,645377,43757835
2024-08-14 09:24:53,3.1,23.1178,219381760,645377,43757835
2024-08-14 09:24:58,0,23.1178,219381760,645419,43757863
2024-08-14 09:25:03,0,23.1178,219381760,645509,43757939
2024-08-14 09:25:09,0,23.1178,219381760,645551,43757967
2024-08-14 09:25:14,3.2,24.1136,228831232,676150,43948184
2024-08-14 09:25:19,0,24.1136,228831232,676474,43948458
2024-08-14 09:25:24,0,24.1136,228831232,676474,43948458
2024-08-14 09:25:29,0,24.1136,228831232,676474,43948458
2024-08-14 09:25:35,0,24.1136,228831232,676564,43948534
2024-08-14 09:25:40,0,24.1136,228831232,676564,43948534
2024-08-14 09:25:45,3.1,24.1136,228831232,676702,43948534
2024-08-14 09:25:50,0,24.1136,228831232,676792,43948610
2024-08-14 09:25:55,0,24.1407,229089280,676834,43948638
2024-08-14 09:26:01,0,24.1679,229347328,676834,43948638
2024-08-14 09:26:06,3,24.1679,229347328,676924,43948714
2024-08-14 09:26:11,3.2,24.1679,229347328,676966,43948742
2024-08-14 09:26:16,0,24.1951,229605376,679068,43950802
2024-08-14 09:26:21,3.1,24.1951,229605376,679068,43950802
2024-08-14 09:26:26,3.1,24.1951,229605376,679158,43950878
2024-08-14 09:26:32,6,24.1951,229605376,679158,43950878
2024-08-14 09:26:37,0,24.1951,229605376,679158,43950878
2024-08-14 09:26:42,0,24.1951,229605376,679248,43950954
2024-08-14 09:26:47,0,24.2495,230121472,679248,43950954
2024-08-14 09:26:52,0,24.3294,230879232,679344,43951074
2024-08-14 09:26:58,3.2,24.3566,231137280,679434,43951150
2024-08-14 09:27:03,3.1,24.3566,231137280,679476,43951178
2024-08-14 09:27:08,0,24.3566,231137280,679476,43951178
2024-08-14 09:27:13,3.1,24.3566,231137280,679566,43951254
2024-08-14 09:27:18,3,24.3566,231137280,679566,43951254
2024-08-14 09:27:24,3.2,24.3566,231137280,679746,43951406
2024-08-14 09:27:29,3.1,24.3561,231133184,680016,43951634
2024-08-14 09:27:34,0,24.3561,231133184,680016,43951634
2024-08-14 09:27:39,3.1,24.3561,231133184,680070,43951726
2024-08-14 09:27:44,0,24.3561,231133184,680340,43951830
2024-08-14 09:27:49,3.2,24.3561,231133184,680382,43951858
2024-08-14 09:27:55,3.1,24.3561,231133184,680382,43951858
2024-08-14 09:28:00,6.1,24.3561,231133184,680472,43951934
2024-08-14 09:28:05,0,24.3561,231133184,680472,43951934
2024-08-14 09:28:10,3.1,24.3561,231133184,680472,43951934
2024-08-14 09:28:15,0,24.3561,231133184,682796,43954070
2024-08-14 09:28:21,3.2,24.3561,231133184,682796,43954070
2024-08-14 09:28:26,3.1,24.3561,231133184,682796,43954070
2024-08-14 09:28:31,3.1,24.3561,231133184,682796,43954070
2024-08-14 09:28:36,3.2,24.4649,232165376,682886,43954146
2024-08-14 09:28:41,3.1,24.5188,232677376,682928,43954174
2024-08-14 09:28:47,0,24.5991,233439232,682928,43954174
2024-08-14 09:28:52,0,24.6807,234213376,683018,43954250
2024-08-14 09:28:57,0,24.6807,234213376,683018,43954250
2024-08-14 09:29:02,3,24.7066,234459136,683072,43954342
2024-08-14 09:29:07,0,24.7066,234459136,683204,43954446
2024-08-14 09:29:13,3.2,24.7066,234459136,683204,43954446
2024-08-14 09:29:18,6.2,24.7066,234459136,683204,43954446
2024-08-14 09:29:23,0,24.7066,234459136,683294,43954522
2024-08-14 09:29:28,3.2,24.7066,234459136,683294,43954522
2024-08-14 09:29:33,3.2,24.7066,234459136,683384,43954598
2024-08-14 09:29:38,0,24.7062,234455040,683924,43954930
2024-08-14 09:29:44,0,24.7062,234455040,683924,43954930
2024-08-14 09:29:49,3.2,24.7062,234455040,683924,43954930
2024-08-14 09:29:54,3.1,24.7062,234455040,684014,43955006
2024-08-14 09:29:59,6.2,24.7062,234455040,684056,43955034
2024-08-14 09:30:04,6.1,24.7062,234455040,684056,43955034
2024-08-14 09:30:10,0,24.7062,234455040,684146,43955110
2024-08-14 09:30:15,3,24.7062,234455040,684146,43955110
2024-08-14 09:30:20,5.9,24.9207,236490752,686314,43957170
2024-08-14 09:30:25,2.9,25.0018,237260800,686404,43957246
2024-08-14 09:30:30,0,25.0018,237260800,686404,43957246
2024-08-14 09:30:36,0,25.0018,237260800,686446,43957274
2024-08-14 09:30:41,3.1,25.0018,237260800,686536,43957350
2024-08-14 09:30:46,3.2,25.0018,237260800,686536,43957350
2024-08-14 09:30:51,6.1,25.0018,237260800,686536,43957350
2024-08-14 09:30:56,0,25.1922,239067136,686536,43957350
2024-08-14 09:31:01,32.4,25.1922,239067136,687337,43957999
2024-08-14 09:31:07,2.9,16.7669,159113216,793785,44014300
2024-08-14 09:31:12,3.1,16.9002,160378880,793785,44014300
2024-08-14 09:31:17,5.9,17.0366,161673216,793875,44014376
2024-08-14 09:31:22,0,17.0366,161673216,793875,44014376
2024-08-14 09:31:27,0,17.0366,161673216,793875,44014376
2024-08-14 09:31:33,0,17.0366,161673216,794145,44014480
2024-08-14 09:31:38,3,17.1182,162447360,794145,44014480
2024-08-14 09:31:43,0,17.1454,162705408,794235,44014556
2024-08-14 09:31:48,0,17.1998,163221504,794595,44014860
2024-08-14 09:31:53,3.1,17.227,163479552,794595,44014860
2024-08-14 09:31:59,0,17.227,163479552,794595,44014860
2024-08-14 09:32:04,3,17.227,163479552,794739,44014982
2024-08-14 09:32:09,0,17.227,163479552,794781,44015010
2024-08-14 09:32:14,0,17.227,163479552,794781,44015010
2024-08-14 09:32:19,0,17.3297,164454400,797105,44017146
2024-08-14 09:32:25,0,17.3297,164454400,797105,44017146
2024-08-14 09:32:30,0,17.4657,165744640,797147,44017174
2024-08-14 09:32:35,0,17.5744,166776832,797291,44017342
2024-08-14 09:32:40,0,17.7363,168312832,797291,44017342
2024-08-14 09:32:45,0,17.7363,168312832,797291,44017342
2024-08-14 09:32:50,3.1,17.7363,168312832,797381,44017418
