Waiting for an incoming message - Test 1 (inception)
Error while deserializing http message: Error("EOF while parsing a value", line: 1, column: 0)
	Preparing Data...
	Data is ready, starting users and test1
Incepted: u_7 [n-hv]
Incepted: u_3 [KY1y]
Incepted: u_0 [qX4d]
Incepted: u_9 [KHw4]
Incepted: u_8 [T8en]
Incepted: u_5 [91ER]
	Added [j5nz] as watcher for u_7 [n-hv]
Incepted: u_2 [6khG]
Incepted: u_1 [Xq7u]
Incepted: u_4 [R4ez]
Incepted: u_6 [LkHR]
	Added [j5nz] as watcher for u_3 [KY1y]
	Added [b_RA] as watcher for u_9 [KHw4]
	Added [j5nz] as watcher for u_0 [qX4d]
	Added [QDNR] as watcher for u_8 [T8en]
	Added [3sn5] as watcher for u_2 [6khG]
	Added [QEi9] as watcher for u_4 [R4ez]
	Added [x5MO] as watcher for u_1 [Xq7u]
	Added [QEi9] as watcher for u_0 [qX4d]
	Added [bivQ] as watcher for u_5 [91ER]
	Added [x5MO] as watcher for u_7 [n-hv]
	Added [b_RA] as watcher for u_6 [LkHR]
	Added [j5nz] as watcher for u_9 [KHw4]
	Added [jm4C] as watcher for u_8 [T8en]
	Added [QDNR] as watcher for u_2 [6khG]
	Added [x5MO] as watcher for u_3 [KY1y]
	Added [QDNR] as watcher for u_1 [Xq7u]
	Added [j5nz] as watcher for u_5 [91ER]
	Added [QDNR] as watcher for u_7 [n-hv]
	Added [3sn5] as watcher for u_4 [R4ez]
	Added [2D85] as watcher for u_0 [qX4d]
	Added [QDNR] as watcher for u_9 [KHw4]
	Added [jm4C] as watcher for u_3 [KY1y]
	Added [2D85] as watcher for u_6 [LkHR]
	Added [3sn5] as watcher for u_1 [Xq7u]
	Added [2D85] as watcher for u_8 [T8en]
	Added [3sn5] as watcher for u_5 [91ER]
	Added [QEi9] as watcher for u_7 [n-hv]
	Added [2D85] as watcher for u_2 [6khG]
	Added [bivQ] as watcher for u_9 [KHw4]
	Added [2D85] as watcher for u_4 [R4ez]
	Added [QEi9] as watcher for u_6 [LkHR]
	Added [QEi9] as watcher for u_3 [KY1y]
	Added [x5MO] as watcher for u_0 [qX4d]
	Added [QEi9] as watcher for u_5 [91ER]
	Added [b_RA] as watcher for u_8 [T8en]
	Added [bivQ] as watcher for u_2 [6khG]
	Added [3mIH] as watcher for u_4 [R4ez]
	Added [2D85] as watcher for u_7 [n-hv]
	Added [bivQ] as watcher for u_1 [Xq7u]
	Added [3sn5] as watcher for u_9 [KHw4]
	Added [3mIH] as watcher for u_3 [KY1y]
	Added [b_RA] as watcher for u_0 [qX4d]
	Added [x5MO] as watcher for u_6 [LkHR]
	Added [b_RA] as watcher for u_5 [91ER]
	Added [b_RA] as watcher for u_2 [6khG]
	Added [jm4C] as watcher for u_4 [R4ez]
	Added [x5MO] as watcher for u_8 [T8en]
	Added [jm4C] as watcher for u_1 [Xq7u]
	Added [3mIH] as watcher for u_9 [KHw4]
	Added [jm4C] as watcher for u_0 [qX4d]
	Added [QDNR] as watcher for u_5 [91ER]
	Added [bivQ] as watcher for u_7 [n-hv]
	Added [bivQ] as watcher for u_3 [KY1y]
	Added [QEi9] as watcher for u_8 [T8en]
	Added [QEi9] as watcher for u_1 [Xq7u]
	Added [bivQ] as watcher for u_6 [LkHR]
	Added [b_RA] as watcher for u_4 [R4ez]
	Added [x5MO] as watcher for u_2 [6khG]
	Added [2D85] as watcher for u_9 [KHw4]
	Asking u_9 [KHw4]'s watchers to watch [a92T]
	Added [bivQ] as watcher for u_0 [qX4d]
	Asking u_0 [qX4d]'s watchers to watch [a92T]
	Added [QDNR] as watcher for u_6 [LkHR]
	Added [jm4C] as watcher for u_7 [n-hv]
	Asking u_7 [n-hv]'s watchers to watch [a92T]
	Added [b_RA] as watcher for u_1 [Xq7u]
	Asking u_1 [Xq7u]'s watchers to watch [a92T]
	Added [b_RA] as watcher for u_3 [KY1y]
	Asking u_3 [KY1y]'s watchers to watch [a92T]
	Added [j5nz] as watcher for u_4 [R4ez]
	Asking u_4 [R4ez]'s watchers to watch [a92T]
	Added [x5MO] as watcher for u_5 [91ER]
	Asking u_5 [91ER]'s watchers to watch [a92T]
	Added [bivQ] as watcher for u_8 [T8en]
	Asking u_8 [T8en]'s watchers to watch [a92T]
	Added [3mIH] as watcher for u_2 [6khG]
	Asking u_2 [6khG]'s watchers to watch [a92T]
	Added [3mIH] as watcher for u_6 [LkHR]
	Asking u_6 [LkHR]'s watchers to watch [a92T]
	✅ u_4 [R4ez] Inception Done
	✅ u_1 [Xq7u] Inception Done
	✅ u_3 [KY1y] Inception Done
	✅ u_9 [KHw4] Inception Done
	✅ u_0 [qX4d] Inception Done
	✅ u_5 [91ER] Inception Done
	✅ u_7 [n-hv] Inception Done
	✅ u_2 [6khG] Inception Done
	✅ u_8 [T8en] Inception Done
	✅ u_6 [LkHR] Inception Done
Test 2 (signature verification)
	✅ u_6 [LkHR] Message verified
	✅ u_2 [6khG] Message verified
	✅ u_5 [91ER] Message verified
	✅ u_4 [R4ez] Message verified
	✅ u_9 [KHw4] Message verified
	✅ u_0 [qX4d] Message verified
	✅ u_8 [T8en] Message verified
	✅ u_7 [n-hv] Message verified
	✅ u_1 [Xq7u] Message verified
	✅ u_3 [KY1y] Message verified
Waiting for an incoming message - Test 3 (signature verification after rotation of issuer)
	✅ u_3 [KY1y] Message Verified (2)
	✅ u_9 [KHw4] Message Verified (2)
	✅ u_6 [LkHR] Message Verified (2)
	✅ u_2 [6khG] Message Verified (2)
	✅ u_1 [Xq7u] Message Verified (2)
	✅ u_5 [91ER] Message Verified (2)
	✅ u_4 [R4ez] Message Verified (2)
	✅ u_0 [qX4d] Message Verified (2)
	✅ u_8 [T8en] Message Verified (2)
	✅ u_7 [n-hv] Message Verified (2)
Waiting for an incoming message - Test 4 (valid acdc credential)
skipped--
Waiting for an incoming message - Test 5 (acdc revocation)
skipped--
Waiting for an incoming message - Test 6
u_4 [R4ez] Starts Rotation
u_7 [n-hv] Starts Rotation
u_0 [qX4d] Starts Rotation
u_1 [Xq7u] Starts Rotation
u_5 [91ER] Starts Rotation
u_3 [KY1y] Starts Rotation
u_2 [6khG] Starts Rotation
u_8 [T8en] Starts Rotation
u_9 [KHw4] Starts Rotation
u_6 [LkHR] Starts Rotation
u_7 [n-hv] Ends Rotation
u_7 [n-hv] - Completed Key Rotation
u_0 [qX4d] Ends Rotation
u_0 [qX4d] - Completed Key Rotation
u_9 [KHw4] Ends Rotation
u_9 [KHw4] - Completed Key Rotation
u_3 [KY1y] Ends Rotation
u_3 [KY1y] - Completed Key Rotation
u_4 [R4ez] Ends Rotation
u_4 [R4ez] - Completed Key Rotation
u_5 [91ER] Ends Rotation
u_5 [91ER] - Completed Key Rotation
u_8 [T8en] Ends Rotation
u_8 [T8en] - Completed Key Rotation
u_6 [LkHR] Ends Rotation
u_6 [LkHR] - Completed Key Rotation
u_1 [Xq7u] Ends Rotation
u_1 [Xq7u] - Completed Key Rotation
u_2 [6khG] Ends Rotation
u_2 [6khG] - Completed Key Rotation
Executed 10 users / 10 success / 0 fail
Test 1: 9818ms (981 p.u.)
Test 2: 1ms (0 p.u.)
Test 3: 1982ms (198 p.u.)
Test 4: 2260ms (226 p.u.)
