Waiting for an incoming message - Test 1 (inception)
Error while deserializing http message: Error("EOF while parsing a value", line: 1, column: 0)
	Preparing Data...
	Data is ready, starting users and test1
Incepted: u_7 [fHaR]
Incepted: u_4 [vDfX]
Incepted: u_2 [Z6WE]
Incepted: u_9 [zY1j]
Incepted: u_0 [Dj7E]
Incepted: u_3 [BkSw]
Incepted: u_8 [k5bP]
Incepted: u_5 [27h3]
Incepted: u_6 [5BzL]
Incepted: u_1 [_Gvg]
	Added [3sn5] as watcher for u_7 [fHaR]
	Added [3mIH] as watcher for u_0 [Dj7E]
	Added [jm4C] as watcher for u_8 [k5bP]
	Added [3sn5] as watcher for u_2 [Z6WE]
	Added [j5nz] as watcher for u_6 [5BzL]
	Added [QDNR] as watcher for u_3 [BkSw]
	Added [bivQ] as watcher for u_4 [vDfX]
	Added [x5MO] as watcher for u_5 [27h3]
	Added [b_RA] as watcher for u_1 [_Gvg]
	Added [bivQ] as watcher for u_9 [zY1j]
	Added [j5nz] as watcher for u_8 [k5bP]
	Added [QDNR] as watcher for u_2 [Z6WE]
	Added [b_RA] as watcher for u_6 [5BzL]
	Added [j5nz] as watcher for u_4 [vDfX]
	Added [bivQ] as watcher for u_7 [fHaR]
	Added [3sn5] as watcher for u_5 [27h3]
	Added [b_RA] as watcher for u_3 [BkSw]
	Added [jm4C] as watcher for u_9 [zY1j]
	Added [2D85] as watcher for u_0 [Dj7E]
	Added [x5MO] as watcher for u_1 [_Gvg]
	Added [QEi9] as watcher for u_2 [Z6WE]
	Added [bivQ] as watcher for u_8 [k5bP]
	Added [b_RA] as watcher for u_4 [vDfX]
	Added [QDNR] as watcher for u_7 [fHaR]
	Added [j5nz] as watcher for u_9 [zY1j]
	Added [3sn5] as watcher for u_0 [Dj7E]
	Added [b_RA] as watcher for u_5 [27h3]
	Added [bivQ] as watcher for u_6 [5BzL]
	Added [QDNR] as watcher for u_1 [_Gvg]
	Added [jm4C] as watcher for u_2 [Z6WE]
	Added [bivQ] as watcher for u_3 [BkSw]
	Added [3mIH] as watcher for u_9 [zY1j]
	Added [QDNR] as watcher for u_8 [k5bP]
	Added [QEi9] as watcher for u_4 [vDfX]
	Added [3sn5] as watcher for u_1 [_Gvg]
	Added [QDNR] as watcher for u_6 [5BzL]
	Added [j5nz] as watcher for u_2 [Z6WE]
	Added [x5MO] as watcher for u_7 [fHaR]
	Added [bivQ] as watcher for u_5 [27h3]
	Added [j5nz] as watcher for u_3 [BkSw]
	Added [x5MO] as watcher for u_0 [Dj7E]
	Added [3sn5] as watcher for u_9 [zY1j]
	Added [3sn5] as watcher for u_4 [vDfX]
	Added [2D85] as watcher for u_8 [k5bP]
	Added [jm4C] as watcher for u_6 [5BzL]
	Added [3mIH] as watcher for u_1 [_Gvg]
	Added [j5nz] as watcher for u_5 [27h3]
	Added [jm4C] as watcher for u_7 [fHaR]
	Added [QDNR] as watcher for u_0 [Dj7E]
	Added [b_RA] as watcher for u_9 [zY1j]
	Added [x5MO] as watcher for u_2 [Z6WE]
	Added [x5MO] as watcher for u_3 [BkSw]
	Added [j5nz] as watcher for u_1 [_Gvg]
	Added [3sn5] as watcher for u_6 [5BzL]
	Added [3mIH] as watcher for u_8 [k5bP]
	Added [2D85] as watcher for u_4 [vDfX]
	Added [2D85] as watcher for u_7 [fHaR]
	Added [2D85] as watcher for u_5 [27h3]
	Added [2D85] as watcher for u_9 [zY1j]
	Asking u_9 [zY1j]'s watchers to watch [a92T]
	Added [3mIH] as watcher for u_3 [BkSw]
	Added [bivQ] as watcher for u_0 [Dj7E]
	Added [QEi9] as watcher for u_8 [k5bP]
	Asking u_8 [k5bP]'s watchers to watch [a92T]
	Added [QEi9] as watcher for u_6 [5BzL]
	Asking u_6 [5BzL]'s watchers to watch [a92T]
	Added [2D85] as watcher for u_1 [_Gvg]
	Asking u_1 [_Gvg]'s watchers to watch [a92T]
	Added [bivQ] as watcher for u_2 [Z6WE]
	Asking u_2 [Z6WE]'s watchers to watch [a92T]
	Added [j5nz] as watcher for u_7 [fHaR]
	Asking u_7 [fHaR]'s watchers to watch [a92T]
	Added [x5MO] as watcher for u_4 [vDfX]
	Asking u_4 [vDfX]'s watchers to watch [a92T]
	Added [QEi9] as watcher for u_5 [27h3]
	Asking u_5 [27h3]'s watchers to watch [a92T]
	Added [jm4C] as watcher for u_3 [BkSw]
	Asking u_3 [BkSw]'s watchers to watch [a92T]
	Added [j5nz] as watcher for u_0 [Dj7E]
	Asking u_0 [Dj7E]'s watchers to watch [a92T]
	✅ u_9 [zY1j] Inception Done
	✅ u_8 [k5bP] Inception Done
	✅ u_1 [_Gvg] Inception Done
	✅ u_6 [5BzL] Inception Done
	✅ u_2 [Z6WE] Inception Done
	✅ u_7 [fHaR] Inception Done
	✅ u_4 [vDfX] Inception Done
	✅ u_3 [BkSw] Inception Done
	✅ u_5 [27h3] Inception Done
	✅ u_0 [Dj7E] Inception Done
Test 2 (signature verification)
	✅ u_0 [Dj7E] Message verified
	✅ u_2 [Z6WE] Message verified
	✅ u_9 [zY1j] Message verified
	✅ u_3 [BkSw] Message verified
	✅ u_6 [5BzL] Message verified
	✅ u_8 [k5bP] Message verified
	✅ u_4 [vDfX] Message verified
	✅ u_1 [_Gvg] Message verified
	✅ u_5 [27h3] Message verified
	✅ u_7 [fHaR] Message verified
Waiting for an incoming message - Test 3 (signature verification after rotation of issuer)
	✅ u_8 [k5bP] Message Verified (2)
	✅ u_2 [Z6WE] Message Verified (2)
	✅ u_5 [27h3] Message Verified (2)
	✅ u_1 [_Gvg] Message Verified (2)
	✅ u_9 [zY1j] Message Verified (2)
	✅ u_6 [5BzL] Message Verified (2)
	✅ u_0 [Dj7E] Message Verified (2)
	✅ u_4 [vDfX] Message Verified (2)
	✅ u_7 [fHaR] Message Verified (2)
	✅ u_3 [BkSw] Message Verified (2)
Waiting for an incoming message - Test 4 (valid acdc credential)
skipped--
Waiting for an incoming message - Test 5 (acdc revocation)
skipped--
Waiting for an incoming message - Test 6
u_3 [BkSw] Starts Rotation
u_0 [Dj7E] Starts Rotation
u_1 [_Gvg] Starts Rotation
u_9 [zY1j] Starts Rotation
u_2 [Z6WE] Starts Rotation
u_4 [vDfX] Starts Rotation
u_7 [fHaR] Starts Rotation
u_8 [k5bP] Starts Rotation
u_6 [5BzL] Starts Rotation
u_5 [27h3] Starts Rotation
u_0 [Dj7E] Ends Rotation
u_0 [Dj7E] - Completed Key Rotation
u_8 [k5bP] Ends Rotation
u_8 [k5bP] - Completed Key Rotation
u_9 [zY1j] Ends Rotation
u_9 [zY1j] - Completed Key Rotation
u_4 [vDfX] Ends Rotation
u_4 [vDfX] - Completed Key Rotation
u_5 [27h3] Ends Rotation
u_5 [27h3] - Completed Key Rotation
u_2 [Z6WE] Ends Rotation
u_2 [Z6WE] - Completed Key Rotation
u_3 [BkSw] Ends Rotation
u_3 [BkSw] - Completed Key Rotation
u_1 [_Gvg] Ends Rotation
u_1 [_Gvg] - Completed Key Rotation
u_7 [fHaR] Ends Rotation
u_7 [fHaR] - Completed Key Rotation
u_6 [5BzL] Ends Rotation
u_6 [5BzL] - Completed Key Rotation
Executed 10 users / 10 success / 0 fail
Test 1: 7417ms (741 p.u.)
Test 2: 1ms (0 p.u.)
Test 3: 1627ms (162 p.u.)
Test 4: 2048ms (204 p.u.)
