Waiting for an incoming message - Test 1 (inception)
Error while deserializing http message: Error("EOF while parsing a value", line: 1, column: 0)
	Preparing Data...
	Data is ready, starting users and test1
Incepted: u_0 [4Mtz]
Incepted: u_6 [WaL3]
Incepted: u_4 [lhFI]
Incepted: u_2 [O3Pb]
Incepted: u_1 [5STi]
Incepted: u_3 [j1Fo]
Incepted: u_7 [zbh1]
Incepted: u_9 [wSnH]
Incepted: u_5 [RwA9]
Incepted: u_8 [9R4N]
	Added [2D85] as watcher for u_0 [4Mtz]
	Added [b_RA] as watcher for u_6 [WaL3]
	Added [QEi9] as watcher for u_7 [zbh1]
	Added [3mIH] as watcher for u_2 [O3Pb]
	Added [3mIH] as watcher for u_3 [j1Fo]
	Added [QDNR] as watcher for u_5 [RwA9]
	Added [bivQ] as watcher for u_4 [lhFI]
	Added [b_RA] as watcher for u_1 [5STi]
	Added [QDNR] as watcher for u_9 [wSnH]
	Added [3sn5] as watcher for u_8 [9R4N]
	Added [jm4C] as watcher for u_3 [j1Fo]
	Added [3sn5] as watcher for u_7 [zbh1]
	Added [x5MO] as watcher for u_0 [4Mtz]
	Added [bivQ] as watcher for u_5 [RwA9]
	Added [QDNR] as watcher for u_1 [5STi]
	Added [b_RA] as watcher for u_2 [O3Pb]
	Added [x5MO] as watcher for u_6 [WaL3]
	Added [x5MO] as watcher for u_4 [lhFI]
	Added [QEi9] as watcher for u_9 [wSnH]
	Added [2D85] as watcher for u_8 [9R4N]
	Added [jm4C] as watcher for u_1 [5STi]
	Added [j5nz] as watcher for u_3 [j1Fo]
	Added [b_RA] as watcher for u_7 [zbh1]
	Added [3sn5] as watcher for u_6 [WaL3]
	Added [bivQ] as watcher for u_0 [4Mtz]
	Added [x5MO] as watcher for u_5 [RwA9]
	Added [3sn5] as watcher for u_4 [lhFI]
	Added [2D85] as watcher for u_2 [O3Pb]
	Added [3mIH] as watcher for u_9 [wSnH]
	Added [x5MO] as watcher for u_8 [9R4N]
	Added [QDNR] as watcher for u_3 [j1Fo]
	Added [x5MO] as watcher for u_7 [zbh1]
	Added [x5MO] as watcher for u_1 [5STi]
	Added [2D85] as watcher for u_4 [lhFI]
	Added [j5nz] as watcher for u_6 [WaL3]
	Added [QEi9] as watcher for u_0 [4Mtz]
	Added [b_RA] as watcher for u_9 [wSnH]
	Added [QDNR] as watcher for u_2 [O3Pb]
	Added [3mIH] as watcher for u_5 [RwA9]
	Added [j5nz] as watcher for u_8 [9R4N]
	Added [2D85] as watcher for u_7 [zbh1]
	Added [j5nz] as watcher for u_1 [5STi]
	Added [x5MO] as watcher for u_3 [j1Fo]
	Added [QEi9] as watcher for u_6 [WaL3]
	Added [3sn5] as watcher for u_2 [O3Pb]
	Added [3sn5] as watcher for u_0 [4Mtz]
	Added [j5nz] as watcher for u_4 [lhFI]
	Added [x5MO] as watcher for u_9 [wSnH]
	Added [bivQ] as watcher for u_8 [9R4N]
	Added [2D85] as watcher for u_5 [RwA9]
	Added [bivQ] as watcher for u_1 [5STi]
	Added [3sn5] as watcher for u_3 [j1Fo]
	Added [QDNR] as watcher for u_4 [lhFI]
	Added [3mIH] as watcher for u_7 [zbh1]
	Added [bivQ] as watcher for u_2 [O3Pb]
	Added [jm4C] as watcher for u_6 [WaL3]
	Added [3mIH] as watcher for u_0 [4Mtz]
	Added [jm4C] as watcher for u_9 [wSnH]
	Added [jm4C] as watcher for u_5 [RwA9]
	Added [3sn5] as watcher for u_1 [5STi]
	Asking u_1 [5STi]'s watchers to watch [a92T]
	Added [QEi9] as watcher for u_8 [9R4N]
	Added [jm4C] as watcher for u_4 [lhFI]
	Asking u_4 [lhFI]'s watchers to watch [a92T]
	Added [jm4C] as watcher for u_7 [zbh1]
	Asking u_7 [zbh1]'s watchers to watch [a92T]
	Added [3sn5] as watcher for u_9 [wSnH]
	Asking u_9 [wSnH]'s watchers to watch [a92T]
	Added [jm4C] as watcher for u_2 [O3Pb]
	Asking u_2 [O3Pb]'s watchers to watch [a92T]
	Added [jm4C] as watcher for u_0 [4Mtz]
	Asking u_0 [4Mtz]'s watchers to watch [a92T]
	Added [bivQ] as watcher for u_3 [j1Fo]
	Asking u_3 [j1Fo]'s watchers to watch [a92T]
	Added [bivQ] as watcher for u_6 [WaL3]
	Asking u_6 [WaL3]'s watchers to watch [a92T]
	Added [b_RA] as watcher for u_5 [RwA9]
	Asking u_5 [RwA9]'s watchers to watch [a92T]
	Added [QDNR] as watcher for u_8 [9R4N]
	Asking u_8 [9R4N]'s watchers to watch [a92T]
	✅ u_1 [5STi] Inception Done
	✅ u_3 [j1Fo] Inception Done
	✅ u_2 [O3Pb] Inception Done
	✅ u_9 [wSnH] Inception Done
	✅ u_0 [4Mtz] Inception Done
	✅ u_7 [zbh1] Inception Done
	✅ u_4 [lhFI] Inception Done
	✅ u_6 [WaL3] Inception Done
	✅ u_5 [RwA9] Inception Done
	✅ u_8 [9R4N] Inception Done
Test 2 (signature verification)
	✅ u_8 [9R4N] Message verified
	✅ u_4 [lhFI] Message verified
	✅ u_9 [wSnH] Message verified
	✅ u_7 [zbh1] Message verified
	✅ u_6 [WaL3] Message verified
	✅ u_5 [RwA9] Message verified
	✅ u_0 [4Mtz] Message verified
	✅ u_3 [j1Fo] Message verified
	✅ u_2 [O3Pb] Message verified
	✅ u_1 [5STi] Message verified
Waiting for an incoming message - Test 3 (signature verification after rotation of issuer)
	✅ u_4 [lhFI] Message Verified (2)
	✅ u_7 [zbh1] Message Verified (2)
	✅ u_2 [O3Pb] Message Verified (2)
	✅ u_3 [j1Fo] Message Verified (2)
	✅ u_8 [9R4N] Message Verified (2)
	✅ u_0 [4Mtz] Message Verified (2)
	✅ u_6 [WaL3] Message Verified (2)
	✅ u_5 [RwA9] Message Verified (2)
	✅ u_1 [5STi] Message Verified (2)
	✅ u_9 [wSnH] Message Verified (2)
Waiting for an incoming message - Test 4 (valid acdc credential)
skipped--
Waiting for an incoming message - Test 5 (acdc revocation)
skipped--
Waiting for an incoming message - Test 6
u_9 [wSnH] Starts Rotation
u_1 [5STi] Starts Rotation
u_5 [RwA9] Starts Rotation
u_7 [zbh1] Starts Rotation
u_8 [9R4N] Starts Rotation
u_3 [j1Fo] Starts Rotation
u_4 [lhFI] Starts Rotation
u_0 [4Mtz] Starts Rotation
u_6 [WaL3] Starts Rotation
u_2 [O3Pb] Starts Rotation
u_5 [RwA9] Ends Rotation
u_5 [RwA9] - Completed Key Rotation
u_0 [4Mtz] Ends Rotation
u_0 [4Mtz] - Completed Key Rotation
u_4 [lhFI] Ends Rotation
u_4 [lhFI] - Completed Key Rotation
u_6 [WaL3] Ends Rotation
u_6 [WaL3] - Completed Key Rotation
u_1 [5STi] Ends Rotation
u_1 [5STi] - Completed Key Rotation
u_2 [O3Pb] Ends Rotation
u_2 [O3Pb] - Completed Key Rotation
u_9 [wSnH] Ends Rotation
u_9 [wSnH] - Completed Key Rotation
u_8 [9R4N] Ends Rotation
u_8 [9R4N] - Completed Key Rotation
u_7 [zbh1] Ends Rotation
u_7 [zbh1] - Completed Key Rotation
u_3 [j1Fo] Ends Rotation
u_3 [j1Fo] - Completed Key Rotation
Executed 10 users / 10 success / 0 fail
Test 1: 10454ms (1045 p.u.)
Test 2: 1ms (0 p.u.)
Test 3: 2071ms (207 p.u.)
Test 4: 2364ms (236 p.u.)
