Waiting for an incoming message - Test 1 (inception)
Error while deserializing http message: Error("EOF while parsing a value", line: 1, column: 0)
	Preparing Data...
	Data is ready, starting users and test1
Incepted: u_0 [jvHg]
Incepted: u_2 [PK5A]
Incepted: u_8 [E8I3]
Incepted: u_3 [fF-8]
Incepted: u_7 [zJhT]
Incepted: u_6 [2DvQ]
Incepted: u_5 [Iyj1]
Incepted: u_9 [-MmJ]
Incepted: u_4 [_6Gx]
	Added [bivQ] as watcher for u_8 [E8I3]
	Added [bivQ] as watcher for u_5 [Iyj1]
	Added [bivQ] as watcher for u_3 [fF-8]
Incepted: u_1 [eGf6]
	Added [QEi9] as watcher for u_0 [jvHg]
	Added [3sn5] as watcher for u_7 [zJhT]
	Added [bivQ] as watcher for u_6 [2DvQ]
	Added [j5nz] as watcher for u_2 [PK5A]
	Added [2D85] as watcher for u_8 [E8I3]
	Added [3sn5] as watcher for u_9 [-MmJ]
	Added [x5MO] as watcher for u_3 [fF-8]
	Added [x5MO] as watcher for u_1 [eGf6]
	Added [x5MO] as watcher for u_2 [PK5A]
	Added [jm4C] as watcher for u_4 [_6Gx]
	Added [x5MO] as watcher for u_7 [zJhT]
	Added [QDNR] as watcher for u_6 [2DvQ]
	Added [3mIH] as watcher for u_0 [jvHg]
	Added [QEi9] as watcher for u_5 [Iyj1]
	Added [3sn5] as watcher for u_2 [PK5A]
	Added [3sn5] as watcher for u_4 [_6Gx]
	Added [x5MO] as watcher for u_6 [2DvQ]
	Added [QDNR] as watcher for u_7 [zJhT]
	Added [b_RA] as watcher for u_8 [E8I3]
	Added [x5MO] as watcher for u_0 [jvHg]
	Added [3mIH] as watcher for u_3 [fF-8]
	Added [QEi9] as watcher for u_9 [-MmJ]
	Added [jm4C] as watcher for u_1 [eGf6]
	Added [jm4C] as watcher for u_5 [Iyj1]
	Added [2D85] as watcher for u_3 [fF-8]
	Added [2D85] as watcher for u_9 [-MmJ]
	Added [jm4C] as watcher for u_8 [E8I3]
	Added [3mIH] as watcher for u_2 [PK5A]
	Added [jm4C] as watcher for u_7 [zJhT]
	Added [3mIH] as watcher for u_4 [_6Gx]
	Added [QEi9] as watcher for u_6 [2DvQ]
	Added [2D85] as watcher for u_5 [Iyj1]
	Added [b_RA] as watcher for u_0 [jvHg]
	Added [QEi9] as watcher for u_1 [eGf6]
	Added [3sn5] as watcher for u_3 [fF-8]
	Added [bivQ] as watcher for u_4 [_6Gx]
	Added [j5nz] as watcher for u_9 [-MmJ]
	Added [2D85] as watcher for u_0 [jvHg]
	Added [bivQ] as watcher for u_1 [eGf6]
	Added [b_RA] as watcher for u_2 [PK5A]
	Added [3mIH] as watcher for u_7 [zJhT]
	Added [QDNR] as watcher for u_5 [Iyj1]
	Added [jm4C] as watcher for u_6 [2DvQ]
	Added [3mIH] as watcher for u_8 [E8I3]
	Added [QDNR] as watcher for u_3 [fF-8]
	Added [QDNR] as watcher for u_4 [_6Gx]
	Added [bivQ] as watcher for u_7 [zJhT]
	Added [jm4C] as watcher for u_0 [jvHg]
	Added [3mIH] as watcher for u_9 [-MmJ]
	Added [QDNR] as watcher for u_2 [PK5A]
	Added [3sn5] as watcher for u_8 [E8I3]
	Added [3mIH] as watcher for u_1 [eGf6]
	Added [3sn5] as watcher for u_5 [Iyj1]
	Added [b_RA] as watcher for u_6 [2DvQ]
	Added [bivQ] as watcher for u_9 [-MmJ]
	Added [QEi9] as watcher for u_3 [fF-8]
	Asking u_3 [fF-8]'s watchers to watch [a92T]
	Added [QEi9] as watcher for u_4 [_6Gx]
	Added [QDNR] as watcher for u_0 [jvHg]
	Asking u_0 [jvHg]'s watchers to watch [a92T]
	Added [x5MO] as watcher for u_5 [Iyj1]
	Asking u_5 [Iyj1]'s watchers to watch [a92T]
	Added [3sn5] as watcher for u_1 [eGf6]
	Added [QDNR] as watcher for u_8 [E8I3]
	Asking u_8 [E8I3]'s watchers to watch [a92T]
	Added [QEi9] as watcher for u_7 [zJhT]
	Asking u_7 [zJhT]'s watchers to watch [a92T]
	Added [QEi9] as watcher for u_2 [PK5A]
	Asking u_2 [PK5A]'s watchers to watch [a92T]
	Added [j5nz] as watcher for u_6 [2DvQ]
	Asking u_6 [2DvQ]'s watchers to watch [a92T]
	Added [b_RA] as watcher for u_9 [-MmJ]
	Asking u_9 [-MmJ]'s watchers to watch [a92T]
	Added [j5nz] as watcher for u_4 [_6Gx]
	Asking u_4 [_6Gx]'s watchers to watch [a92T]
	Added [b_RA] as watcher for u_1 [eGf6]
	Asking u_1 [eGf6]'s watchers to watch [a92T]
	✅ u_5 [Iyj1] Inception Done
	✅ u_3 [fF-8] Inception Done
	✅ u_0 [jvHg] Inception Done
	✅ u_8 [E8I3] Inception Done
	✅ u_7 [zJhT] Inception Done
	✅ u_6 [2DvQ] Inception Done
	✅ u_2 [PK5A] Inception Done
	✅ u_4 [_6Gx] Inception Done
	✅ u_9 [-MmJ] Inception Done
	✅ u_1 [eGf6] Inception Done
Test 2 (signature verification)
	✅ u_5 [Iyj1] Message verified
	✅ u_1 [eGf6] Message verified
	✅ u_0 [jvHg] Message verified
	✅ u_3 [fF-8] Message verified
	✅ u_8 [E8I3] Message verified
	✅ u_6 [2DvQ] Message verified
	✅ u_2 [PK5A] Message verified
	✅ u_9 [-MmJ] Message verified
	✅ u_4 [_6Gx] Message verified
	✅ u_7 [zJhT] Message verified
Waiting for an incoming message - Test 3 (signature verification after rotation of issuer)
	✅ u_5 [Iyj1] Message Verified (2)
	✅ u_3 [fF-8] Message Verified (2)
	✅ u_6 [2DvQ] Message Verified (2)
	✅ u_8 [E8I3] Message Verified (2)
	✅ u_7 [zJhT] Message Verified (2)
	✅ u_4 [_6Gx] Message Verified (2)
	✅ u_1 [eGf6] Message Verified (2)
	✅ u_9 [-MmJ] Message Verified (2)
	✅ u_0 [jvHg] Message Verified (2)
	✅ u_2 [PK5A] Message Verified (2)
Waiting for an incoming message - Test 4 (valid acdc credential)
skipped--
Waiting for an incoming message - Test 5 (acdc revocation)
skipped--
Waiting for an incoming message - Test 6
u_5 [Iyj1] Starts Rotation
u_2 [PK5A] Starts Rotation
u_8 [E8I3] Starts Rotation
u_3 [fF-8] Starts Rotation
u_6 [2DvQ] Starts Rotation
u_4 [_6Gx] Starts Rotation
u_9 [-MmJ] Starts Rotation
u_1 [eGf6] Starts Rotation
u_7 [zJhT] Starts Rotation
u_0 [jvHg] Starts Rotation
u_2 [PK5A] Ends Rotation
u_2 [PK5A] - Completed Key Rotation
u_0 [jvHg] Ends Rotation
u_0 [jvHg] - Completed Key Rotation
u_5 [Iyj1] Ends Rotation
u_5 [Iyj1] - Completed Key Rotation
u_9 [-MmJ] Ends Rotation
u_9 [-MmJ] - Completed Key Rotation
u_8 [E8I3] Ends Rotation
u_8 [E8I3] - Completed Key Rotation
u_7 [zJhT] Ends Rotation
u_7 [zJhT] - Completed Key Rotation
u_6 [2DvQ] Ends Rotation
u_6 [2DvQ] - Completed Key Rotation
u_4 [_6Gx] Ends Rotation
u_4 [_6Gx] - Completed Key Rotation
u_1 [eGf6] Ends Rotation
u_1 [eGf6] - Completed Key Rotation
u_3 [fF-8] Ends Rotation
u_3 [fF-8] - Completed Key Rotation
Executed 10 users / 10 success / 0 fail
Test 1: 7289ms (728 p.u.)
Test 2: 1ms (0 p.u.)
Test 3: 1488ms (148 p.u.)
Test 4: 1809ms (180 p.u.)
