Waiting for an incoming message - Test 1 (inception)
Error while deserializing http message: Error("EOF while parsing a value", line: 1, column: 0)
	Preparing Data...
	Data is ready, starting users and test1
Incepted: u_8 [ECxD]
Incepted: u_2 [T4Dj]
Incepted: u_9 [10dR]
Incepted: u_1 [cc_i]
Incepted: u_0 [zR5x]
Incepted: u_5 [yYCd]
Incepted: u_4 [S2vv]
Incepted: u_3 [tVLF]
	Added [x5MO] as watcher for u_8 [ECxD]
Incepted: u_6 [Ueba]
Incepted: u_7 [sWS8]
	Added [2D85] as watcher for u_9 [10dR]
	Added [bivQ] as watcher for u_2 [T4Dj]
	Added [2D85] as watcher for u_4 [S2vv]
	Added [jm4C] as watcher for u_6 [Ueba]
	Added [2D85] as watcher for u_8 [ECxD]
	Added [2D85] as watcher for u_7 [sWS8]
	Added [bivQ] as watcher for u_1 [cc_i]
	Added [bivQ] as watcher for u_5 [yYCd]
	Added [bivQ] as watcher for u_0 [zR5x]
	Added [x5MO] as watcher for u_3 [tVLF]
	Added [2D85] as watcher for u_2 [T4Dj]
	Added [bivQ] as watcher for u_4 [S2vv]
	Added [bivQ] as watcher for u_9 [10dR]
	Added [2D85] as watcher for u_0 [zR5x]
	Added [jm4C] as watcher for u_8 [ECxD]
	Asking u_8 [ECxD]'s watchers to watch [SX5N]
	Added [x5MO] as watcher for u_1 [cc_i]
	Added [x5MO] as watcher for u_6 [Ueba]
	Added [jm4C] as watcher for u_3 [tVLF]
	Added [bivQ] as watcher for u_7 [sWS8]
	Added [x5MO] as watcher for u_5 [yYCd]
	Added [jm4C] as watcher for u_2 [T4Dj]
	Asking u_2 [T4Dj]'s watchers to watch [SX5N]
	Added [jm4C] as watcher for u_9 [10dR]
	Asking u_9 [10dR]'s watchers to watch [SX5N]
	Added [2D85] as watcher for u_6 [Ueba]
	Asking u_6 [Ueba]'s watchers to watch [SX5N]
	Added [bivQ] as watcher for u_3 [tVLF]
	Asking u_3 [tVLF]'s watchers to watch [SX5N]
	Added [2D85] as watcher for u_1 [cc_i]
	Asking u_1 [cc_i]'s watchers to watch [SX5N]
	Added [x5MO] as watcher for u_7 [sWS8]
	Asking u_7 [sWS8]'s watchers to watch [SX5N]
	Added [x5MO] as watcher for u_0 [zR5x]
	Asking u_0 [zR5x]'s watchers to watch [SX5N]
	Added [jm4C] as watcher for u_4 [S2vv]
	Asking u_4 [S2vv]'s watchers to watch [SX5N]
	Added [jm4C] as watcher for u_5 [yYCd]
	Asking u_5 [yYCd]'s watchers to watch [SX5N]
	✅ u_8 [ECxD] Inception Done
	✅ u_2 [T4Dj] Inception Done
	✅ u_9 [10dR] Inception Done
	✅ u_3 [tVLF] Inception Done
	✅ u_4 [S2vv] Inception Done
	✅ u_7 [sWS8] Inception Done
	✅ u_1 [cc_i] Inception Done
	✅ u_6 [Ueba] Inception Done
	✅ u_0 [zR5x] Inception Done
	✅ u_5 [yYCd] Inception Done
Test 2 (signature verification)
	✅ u_5 [yYCd] Message verified
	✅ u_0 [zR5x] Message verified
	✅ u_1 [cc_i] Message verified
	✅ u_8 [ECxD] Message verified
	✅ u_3 [tVLF] Message verified
	✅ u_9 [10dR] Message verified
	✅ u_7 [sWS8] Message verified
	✅ u_6 [Ueba] Message verified
	✅ u_2 [T4Dj] Message verified
	✅ u_4 [S2vv] Message verified
Waiting for an incoming message - Test 3 (signature verification after rotation of issuer)
	✅ u_7 [sWS8] Message Verified (2)
	✅ u_6 [Ueba] Message Verified (2)
	✅ u_4 [S2vv] Message Verified (2)
	✅ u_5 [yYCd] Message Verified (2)
	✅ u_8 [ECxD] Message Verified (2)
	✅ u_1 [cc_i] Message Verified (2)
	✅ u_3 [tVLF] Message Verified (2)
	✅ u_9 [10dR] Message Verified (2)
	✅ u_2 [T4Dj] Message Verified (2)
	✅ u_0 [zR5x] Message Verified (2)
Waiting for an incoming message - Test 4 (valid acdc credential)
skipped--
Waiting for an incoming message - Test 5 (acdc revocation)
skipped--
Waiting for an incoming message - Test 6
u_0 [zR5x] Starts Rotation
u_9 [10dR] Starts Rotation
u_3 [tVLF] Starts Rotation
u_4 [S2vv] Starts Rotation
u_8 [ECxD] Starts Rotation
u_6 [Ueba] Starts Rotation
u_2 [T4Dj] Starts Rotation
u_5 [yYCd] Starts Rotation
u_7 [sWS8] Starts Rotation
u_1 [cc_i] Starts Rotation
u_5 [yYCd] Ends Rotation
u_5 [yYCd] - Completed Key Rotation
u_9 [10dR] Ends Rotation
u_9 [10dR] - Completed Key Rotation
u_6 [Ueba] Ends Rotation
u_6 [Ueba] - Completed Key Rotation
u_0 [zR5x] Ends Rotation
u_0 [zR5x] - Completed Key Rotation
u_4 [S2vv] Ends Rotation
u_4 [S2vv] - Completed Key Rotation
u_3 [tVLF] Ends Rotation
u_3 [tVLF] - Completed Key Rotation
u_7 [sWS8] Ends Rotation
u_7 [sWS8] - Completed Key Rotation
u_2 [T4Dj] Ends Rotation
u_2 [T4Dj] - Completed Key Rotation
u_8 [ECxD] Ends Rotation
u_8 [ECxD] - Completed Key Rotation
u_1 [cc_i] Ends Rotation
u_1 [cc_i] - Completed Key Rotation
Executed 10 users / 10 success / 0 fail
Test 1: 6736ms (673 p.u.)
Test 2: 1ms (0 p.u.)
Test 3: 883ms (88 p.u.)
Test 4: 2131ms (213 p.u.)
