Waiting for an incoming message - Test 1 (inception)
Error while deserializing http message: Error("EOF while parsing a value", line: 1, column: 0)
	Preparing Data...
	Data is ready, starting users and test1
Incepted: u_0 [-_KE]
Incepted: u_7 [ohzV]
Incepted: u_1 [qaIo]
Incepted: u_6 [yjVI]
Incepted: u_2 [qWtW]
Incepted: u_8 [FBZS]
Incepted: u_3 [lDBE]
Incepted: u_4 [P1QM]
Incepted: u_9 [qlSw]
Incepted: u_5 [0SPn]
	Added [jm4C] as watcher for u_2 [qWtW]
	Added [2D85] as watcher for u_1 [qaIo]
	Added [2D85] as watcher for u_7 [ohzV]
	Added [bivQ] as watcher for u_0 [-_KE]
	Added [x5MO] as watcher for u_6 [yjVI]
	Added [2D85] as watcher for u_3 [lDBE]
	Added [x5MO] as watcher for u_4 [P1QM]
	Added [2D85] as watcher for u_8 [FBZS]
	Added [bivQ] as watcher for u_9 [qlSw]
	Added [bivQ] as watcher for u_5 [0SPn]
	Added [x5MO] as watcher for u_2 [qWtW]
	Added [x5MO] as watcher for u_1 [qaIo]
	Added [x5MO] as watcher for u_7 [ohzV]
	Added [2D85] as watcher for u_0 [-_KE]
	Added [jm4C] as watcher for u_8 [FBZS]
	Added [2D85] as watcher for u_4 [P1QM]
	Added [bivQ] as watcher for u_3 [lDBE]
	Added [jm4C] as watcher for u_5 [0SPn]
	Added [jm4C] as watcher for u_9 [qlSw]
	Added [bivQ] as watcher for u_6 [yjVI]
	Added [x5MO] as watcher for u_0 [-_KE]
	Asking u_0 [-_KE]'s watchers to watch [SX5N]
	Added [jm4C] as watcher for u_4 [P1QM]
	Asking u_4 [P1QM]'s watchers to watch [SX5N]
	Added [bivQ] as watcher for u_2 [qWtW]
	Asking u_2 [qWtW]'s watchers to watch [SX5N]
	Added [bivQ] as watcher for u_1 [qaIo]
	Asking u_1 [qaIo]'s watchers to watch [SX5N]
	Added [jm4C] as watcher for u_3 [lDBE]
	Asking u_3 [lDBE]'s watchers to watch [SX5N]
	Added [bivQ] as watcher for u_7 [ohzV]
	Asking u_7 [ohzV]'s watchers to watch [SX5N]
	Added [jm4C] as watcher for u_6 [yjVI]
	Asking u_6 [yjVI]'s watchers to watch [SX5N]
	Added [x5MO] as watcher for u_9 [qlSw]
	Asking u_9 [qlSw]'s watchers to watch [SX5N]
	Added [2D85] as watcher for u_5 [0SPn]
	Asking u_5 [0SPn]'s watchers to watch [SX5N]
	Added [bivQ] as watcher for u_8 [FBZS]
	Asking u_8 [FBZS]'s watchers to watch [SX5N]
	✅ u_0 [-_KE] Inception Done
	✅ u_4 [P1QM] Inception Done
	✅ u_2 [qWtW] Inception Done
	✅ u_3 [lDBE] Inception Done
	✅ u_1 [qaIo] Inception Done
	✅ u_7 [ohzV] Inception Done
	✅ u_6 [yjVI] Inception Done
	✅ u_5 [0SPn] Inception Done
	✅ u_8 [FBZS] Inception Done
	✅ u_9 [qlSw] Inception Done
Test 2 (signature verification)
	✅ u_9 [qlSw] Message verified
	✅ u_7 [ohzV] Message verified
	✅ u_2 [qWtW] Message verified
	✅ u_1 [qaIo] Message verified
	✅ u_6 [yjVI] Message verified
	✅ u_4 [P1QM] Message verified
	✅ u_8 [FBZS] Message verified
	✅ u_5 [0SPn] Message verified
	✅ u_0 [-_KE] Message verified
	✅ u_3 [lDBE] Message verified
Waiting for an incoming message - Test 3 (signature verification after rotation of issuer)
	✅ u_4 [P1QM] Message Verified (2)
	✅ u_9 [qlSw] Message Verified (2)
	✅ u_0 [-_KE] Message Verified (2)
	✅ u_5 [0SPn] Message Verified (2)
	✅ u_2 [qWtW] Message Verified (2)
	✅ u_3 [lDBE] Message Verified (2)
	✅ u_6 [yjVI] Message Verified (2)
	✅ u_7 [ohzV] Message Verified (2)
	✅ u_8 [FBZS] Message Verified (2)
	✅ u_1 [qaIo] Message Verified (2)
Waiting for an incoming message - Test 4 (valid acdc credential)
skipped--
Waiting for an incoming message - Test 5 (acdc revocation)
skipped--
Waiting for an incoming message - Test 6
u_1 [qaIo] Starts Rotation
u_5 [0SPn] Starts Rotation
u_7 [ohzV] Starts Rotation
u_2 [qWtW] Starts Rotation
u_9 [qlSw] Starts Rotation
u_6 [yjVI] Starts Rotation
u_4 [P1QM] Starts Rotation
u_8 [FBZS] Starts Rotation
u_3 [lDBE] Starts Rotation
u_0 [-_KE] Starts Rotation
u_6 [yjVI] Ends Rotation
u_6 [yjVI] - Completed Key Rotation
u_0 [-_KE] Ends Rotation
u_0 [-_KE] - Completed Key Rotation
u_5 [0SPn] Ends Rotation
u_5 [0SPn] - Completed Key Rotation
u_2 [qWtW] Ends Rotation
u_2 [qWtW] - Completed Key Rotation
u_7 [ohzV] Ends Rotation
u_7 [ohzV] - Completed Key Rotation
u_1 [qaIo] Ends Rotation
u_1 [qaIo] - Completed Key Rotation
u_8 [FBZS] Ends Rotation
u_8 [FBZS] - Completed Key Rotation
u_9 [qlSw] Ends Rotation
u_9 [qlSw] - Completed Key Rotation
u_4 [P1QM] Ends Rotation
u_4 [P1QM] - Completed Key Rotation
u_3 [lDBE] Ends Rotation
u_3 [lDBE] - Completed Key Rotation
Executed 10 users / 10 success / 0 fail
Test 1: 5825ms (582 p.u.)
Test 2: 1ms (0 p.u.)
Test 3: 788ms (78 p.u.)
Test 4: 2081ms (208 p.u.)
