Waiting for an incoming message - Test 1 (inception)
Error while deserializing http message: Error("EOF while parsing a value", line: 1, column: 0)
	Preparing Data...
	Data is ready, starting users and test1
Incepted: u_6 [gGE8]
Incepted: u_3 [tW4d]
Incepted: u_2 [y0H1]
Incepted: u_8 [mJuY]
Incepted: u_4 [B-E0]
Incepted: u_9 [0Fud]
Incepted: u_7 [fPHD]
Incepted: u_0 [YJop]
Incepted: u_5 [7Pjl]
Incepted: u_1 [3neO]
	Added [bivQ] as watcher for u_3 [tW4d]
	Added [2D85] as watcher for u_6 [gGE8]
	Added [2D85] as watcher for u_8 [mJuY]
	Added [2D85] as watcher for u_2 [y0H1]
	Added [2D85] as watcher for u_4 [B-E0]
	Added [2D85] as watcher for u_0 [YJop]
	Added [x5MO] as watcher for u_9 [0Fud]
	Added [x5MO] as watcher for u_5 [7Pjl]
	Added [jm4C] as watcher for u_7 [fPHD]
	Added [bivQ] as watcher for u_6 [gGE8]
	Added [x5MO] as watcher for u_3 [tW4d]
	Added [x5MO] as watcher for u_1 [3neO]
	Added [bivQ] as watcher for u_5 [7Pjl]
	Added [bivQ] as watcher for u_7 [fPHD]
	Added [x5MO] as watcher for u_2 [y0H1]
	Added [x5MO] as watcher for u_8 [mJuY]
	Added [2D85] as watcher for u_9 [0Fud]
	Added [jm4C] as watcher for u_4 [B-E0]
	Added [jm4C] as watcher for u_0 [YJop]
	Added [2D85] as watcher for u_3 [tW4d]
	Asking u_3 [tW4d]'s watchers to watch [SX5N]
	Added [jm4C] as watcher for u_6 [gGE8]
	Asking u_6 [gGE8]'s watchers to watch [SX5N]
	Added [jm4C] as watcher for u_1 [3neO]
	Added [bivQ] as watcher for u_0 [YJop]
	Asking u_0 [YJop]'s watchers to watch [SX5N]
	Added [2D85] as watcher for u_5 [7Pjl]
	Asking u_5 [7Pjl]'s watchers to watch [SX5N]
	Added [x5MO] as watcher for u_7 [fPHD]
	Asking u_7 [fPHD]'s watchers to watch [SX5N]
	Added [jm4C] as watcher for u_2 [y0H1]
	Asking u_2 [y0H1]'s watchers to watch [SX5N]
	Added [jm4C] as watcher for u_8 [mJuY]
	Asking u_8 [mJuY]'s watchers to watch [SX5N]
	Added [jm4C] as watcher for u_9 [0Fud]
	Asking u_9 [0Fud]'s watchers to watch [SX5N]
	Added [x5MO] as watcher for u_4 [B-E0]
	Asking u_4 [B-E0]'s watchers to watch [SX5N]
	Added [bivQ] as watcher for u_1 [3neO]
	Asking u_1 [3neO]'s watchers to watch [SX5N]
	✅ u_6 [gGE8] Inception Done
	✅ u_3 [tW4d] Inception Done
	✅ u_0 [YJop] Inception Done
	✅ u_5 [7Pjl] Inception Done
	✅ u_7 [fPHD] Inception Done
	✅ u_2 [y0H1] Inception Done
	✅ u_1 [3neO] Inception Done
	✅ u_8 [mJuY] Inception Done
	✅ u_9 [0Fud] Inception Done
	✅ u_4 [B-E0] Inception Done
Test 2 (signature verification)
	✅ u_4 [B-E0] Message verified
	✅ u_3 [tW4d] Message verified
	✅ u_7 [fPHD] Message verified
	✅ u_0 [YJop] Message verified
	✅ u_2 [y0H1] Message verified
	✅ u_1 [3neO] Message verified
	✅ u_9 [0Fud] Message verified
	✅ u_6 [gGE8] Message verified
	✅ u_8 [mJuY] Message verified
	✅ u_5 [7Pjl] Message verified
Waiting for an incoming message - Test 3 (signature verification after rotation of issuer)
	✅ u_6 [gGE8] Message Verified (2)
	✅ u_8 [mJuY] Message Verified (2)
	✅ u_5 [7Pjl] Message Verified (2)
	✅ u_9 [0Fud] Message Verified (2)
	✅ u_3 [tW4d] Message Verified (2)
	✅ u_0 [YJop] Message Verified (2)
	✅ u_7 [fPHD] Message Verified (2)
	✅ u_1 [3neO] Message Verified (2)
	✅ u_2 [y0H1] Message Verified (2)
	✅ u_4 [B-E0] Message Verified (2)
Waiting for an incoming message - Test 4 (valid acdc credential)
skipped--
Waiting for an incoming message - Test 5 (acdc revocation)
skipped--
Waiting for an incoming message - Test 6
u_2 [y0H1] Starts Rotation
u_4 [B-E0] Starts Rotation
u_3 [tW4d] Starts Rotation
u_0 [YJop] Starts Rotation
u_1 [3neO] Starts Rotation
u_9 [0Fud] Starts Rotation
u_5 [7Pjl] Starts Rotation
u_7 [fPHD] Starts Rotation
u_6 [gGE8] Starts Rotation
u_8 [mJuY] Starts Rotation
u_4 [B-E0] Ends Rotation
u_4 [B-E0] - Completed Key Rotation
u_2 [y0H1] Ends Rotation
u_2 [y0H1] - Completed Key Rotation
u_6 [gGE8] Ends Rotation
u_6 [gGE8] - Completed Key Rotation
u_3 [tW4d] Ends Rotation
u_3 [tW4d] - Completed Key Rotation
u_5 [7Pjl] Ends Rotation
u_5 [7Pjl] - Completed Key Rotation
u_0 [YJop] Ends Rotation
u_0 [YJop] - Completed Key Rotation
u_1 [3neO] Ends Rotation
u_1 [3neO] - Completed Key Rotation
u_8 [mJuY] Ends Rotation
u_8 [mJuY] - Completed Key Rotation
u_7 [fPHD] Ends Rotation
u_7 [fPHD] - Completed Key Rotation
u_9 [0Fud] Ends Rotation
u_9 [0Fud] - Completed Key Rotation
Executed 10 users / 10 success / 0 fail
Test 1: 5876ms (587 p.u.)
Test 2: 1ms (0 p.u.)
Test 3: 815ms (81 p.u.)
Test 4: 2041ms (204 p.u.)
