Waiting for an incoming message - Test 1 (inception)
Error while deserializing http message: Error("EOF while parsing a value", line: 1, column: 0)
	Preparing Data...
	Data is ready, starting users and test1
Incepted: u_4 [o48K]
Incepted: u_2 [3Pqz]
Incepted: u_0 [G9JQ]
Incepted: u_5 [7c2F]
Incepted: u_8 [bW9g]
Incepted: u_1 [OYJm]
Incepted: u_7 [y1DG]
Incepted: u_3 [87EL]
Incepted: u_6 [fFIr]
Incepted: u_9 [VD5V]
	Added [jm4C] as watcher for u_0 [G9JQ]
	Added [x5MO] as watcher for u_2 [3Pqz]
	Added [x5MO] as watcher for u_1 [OYJm]
	Added [bivQ] as watcher for u_4 [o48K]
	Added [x5MO] as watcher for u_8 [bW9g]
	Added [2D85] as watcher for u_3 [87EL]
	Added [x5MO] as watcher for u_6 [fFIr]
	Added [x5MO] as watcher for u_7 [y1DG]
	Added [bivQ] as watcher for u_5 [7c2F]
	Added [2D85] as watcher for u_9 [VD5V]
	Added [jm4C] as watcher for u_4 [o48K]
	Added [bivQ] as watcher for u_0 [G9JQ]
	Added [bivQ] as watcher for u_2 [3Pqz]
	Added [jm4C] as watcher for u_3 [87EL]
	Added [jm4C] as watcher for u_6 [fFIr]
	Added [bivQ] as watcher for u_8 [bW9g]
	Added [x5MO] as watcher for u_5 [7c2F]
	Added [2D85] as watcher for u_7 [y1DG]
	Added [bivQ] as watcher for u_1 [OYJm]
	Added [x5MO] as watcher for u_9 [VD5V]
	Added [x5MO] as watcher for u_4 [o48K]
	Asking u_4 [o48K]'s watchers to watch [SX5N]
	Added [jm4C] as watcher for u_2 [3Pqz]
	Asking u_2 [3Pqz]'s watchers to watch [SX5N]
	Added [x5MO] as watcher for u_0 [G9JQ]
	Asking u_0 [G9JQ]'s watchers to watch [SX5N]
	Added [x5MO] as watcher for u_3 [87EL]
	Asking u_3 [87EL]'s watchers to watch [SX5N]
	Added [jm4C] as watcher for u_5 [7c2F]
	Asking u_5 [7c2F]'s watchers to watch [SX5N]
	Added [2D85] as watcher for u_6 [fFIr]
	Asking u_6 [fFIr]'s watchers to watch [SX5N]
	Added [jm4C] as watcher for u_8 [bW9g]
	Asking u_8 [bW9g]'s watchers to watch [SX5N]
	Added [jm4C] as watcher for u_1 [OYJm]
	Asking u_1 [OYJm]'s watchers to watch [SX5N]
	Added [jm4C] as watcher for u_7 [y1DG]
	Asking u_7 [y1DG]'s watchers to watch [SX5N]
	Added [bivQ] as watcher for u_9 [VD5V]
	Asking u_9 [VD5V]'s watchers to watch [SX5N]
	✅ u_4 [o48K] Inception Done
	✅ u_0 [G9JQ] Inception Done
	✅ u_2 [3Pqz] Inception Done
	✅ u_5 [7c2F] Inception Done
	✅ u_3 [87EL] Inception Done
	✅ u_1 [OYJm] Inception Done
	✅ u_7 [y1DG] Inception Done
	✅ u_6 [fFIr] Inception Done
	✅ u_8 [bW9g] Inception Done
	✅ u_9 [VD5V] Inception Done
Test 2 (signature verification)
	✅ u_9 [VD5V] Message verified
	✅ u_1 [OYJm] Message verified
	✅ u_7 [y1DG] Message verified
	✅ u_8 [bW9g] Message verified
	✅ u_4 [o48K] Message verified
	✅ u_6 [fFIr] Message verified
	✅ u_5 [7c2F] Message verified
	✅ u_0 [G9JQ] Message verified
	✅ u_3 [87EL] Message verified
	✅ u_2 [3Pqz] Message verified
Waiting for an incoming message - Test 3 (signature verification after rotation of issuer)
	✅ u_7 [y1DG] Message Verified (2)
	✅ u_6 [fFIr] Message Verified (2)
	✅ u_2 [3Pqz] Message Verified (2)
	✅ u_3 [87EL] Message Verified (2)
	✅ u_4 [o48K] Message Verified (2)
	✅ u_5 [7c2F] Message Verified (2)
	✅ u_9 [VD5V] Message Verified (2)
	✅ u_1 [OYJm] Message Verified (2)
	✅ u_8 [bW9g] Message Verified (2)
	✅ u_0 [G9JQ] Message Verified (2)
Waiting for an incoming message - Test 4 (valid acdc credential)
skipped--
Waiting for an incoming message - Test 5 (acdc revocation)
skipped--
Waiting for an incoming message - Test 6
u_0 [G9JQ] Starts Rotation
u_4 [o48K] Starts Rotation
u_9 [VD5V] Starts Rotation
u_7 [y1DG] Starts Rotation
u_1 [OYJm] Starts Rotation
u_3 [87EL] Starts Rotation
u_5 [7c2F] Starts Rotation
u_2 [3Pqz] Starts Rotation
u_6 [fFIr] Starts Rotation
u_8 [bW9g] Starts Rotation
u_5 [7c2F] Ends Rotation
u_5 [7c2F] - Completed Key Rotation
u_0 [G9JQ] Ends Rotation
u_0 [G9JQ] - Completed Key Rotation
u_2 [3Pqz] Ends Rotation
u_2 [3Pqz] - Completed Key Rotation
u_9 [VD5V] Ends Rotation
u_9 [VD5V] - Completed Key Rotation
u_6 [fFIr] Ends Rotation
u_6 [fFIr] - Completed Key Rotation
u_4 [o48K] Ends Rotation
u_4 [o48K] - Completed Key Rotation
u_8 [bW9g] Ends Rotation
u_8 [bW9g] - Completed Key Rotation
u_7 [y1DG] Ends Rotation
u_7 [y1DG] - Completed Key Rotation
u_3 [87EL] Ends Rotation
u_3 [87EL] - Completed Key Rotation
u_1 [OYJm] Ends Rotation
u_1 [OYJm] - Completed Key Rotation
Executed 10 users / 10 success / 0 fail
Test 1: 6381ms (638 p.u.)
Test 2: 1ms (0 p.u.)
Test 3: 800ms (80 p.u.)
Test 4: 2434ms (243 p.u.)
