Waiting for an incoming message - Test 1 (inception)
Error while deserializing http message: Error("EOF while parsing a value", line: 1, column: 0)
	Preparing Data...
	Data is ready, starting users and test1
Incepted: u_8 [WFWm]
Incepted: u_9 [EImI]
Incepted: u_3 [2WsA]
Incepted: u_1 [8IoL]
Incepted: u_7 [hTMQ]
Incepted: u_5 [aT8P]
Incepted: u_6 [gtjz]
Incepted: u_2 [UiS0]
Incepted: u_4 [Yxxu]
	Added [x5MO] as watcher for u_8 [WFWm]
Incepted: u_0 [QH9x]
	Added [jm4C] as watcher for u_9 [EImI]
	Added [x5MO] as watcher for u_7 [hTMQ]
	Added [x5MO] as watcher for u_5 [aT8P]
	Added [jm4C] as watcher for u_1 [8IoL]
	Added [bivQ] as watcher for u_3 [2WsA]
	Added [x5MO] as watcher for u_6 [gtjz]
	Added [jm4C] as watcher for u_4 [Yxxu]
	Added [bivQ] as watcher for u_2 [UiS0]
	Added [bivQ] as watcher for u_8 [WFWm]
	Added [2D85] as watcher for u_3 [2WsA]
	Added [jm4C] as watcher for u_0 [QH9x]
	Added [jm4C] as watcher for u_7 [hTMQ]
	Added [bivQ] as watcher for u_9 [EImI]
	Added [bivQ] as watcher for u_1 [8IoL]
	Added [bivQ] as watcher for u_5 [aT8P]
	Added [x5MO] as watcher for u_4 [Yxxu]
	Added [x5MO] as watcher for u_2 [UiS0]
	Added [bivQ] as watcher for u_6 [gtjz]
	Added [jm4C] as watcher for u_8 [WFWm]
	Asking u_8 [WFWm]'s watchers to watch [SX5N]
	Added [x5MO] as watcher for u_3 [2WsA]
	Asking u_3 [2WsA]'s watchers to watch [SX5N]
	Added [bivQ] as watcher for u_7 [hTMQ]
	Asking u_7 [hTMQ]'s watchers to watch [SX5N]
	Added [bivQ] as watcher for u_0 [QH9x]
	Added [2D85] as watcher for u_2 [UiS0]
	Asking u_2 [UiS0]'s watchers to watch [SX5N]
	Added [2D85] as watcher for u_9 [EImI]
	Asking u_9 [EImI]'s watchers to watch [SX5N]
	Added [2D85] as watcher for u_1 [8IoL]
	Asking u_1 [8IoL]'s watchers to watch [SX5N]
	Added [jm4C] as watcher for u_5 [aT8P]
	Asking u_5 [aT8P]'s watchers to watch [SX5N]
	Added [2D85] as watcher for u_6 [gtjz]
	Asking u_6 [gtjz]'s watchers to watch [SX5N]
	Added [bivQ] as watcher for u_4 [Yxxu]
	Asking u_4 [Yxxu]'s watchers to watch [SX5N]
	Added [x5MO] as watcher for u_0 [QH9x]
	Asking u_0 [QH9x]'s watchers to watch [SX5N]
	✅ u_3 [2WsA] Inception Done
	✅ u_8 [WFWm] Inception Done
	✅ u_9 [EImI] Inception Done
	✅ u_2 [UiS0] Inception Done
	✅ u_1 [8IoL] Inception Done
	✅ u_5 [aT8P] Inception Done
	✅ u_6 [gtjz] Inception Done
	✅ u_7 [hTMQ] Inception Done
	✅ u_4 [Yxxu] Inception Done
	✅ u_0 [QH9x] Inception Done
Test 2 (signature verification)
	✅ u_0 [QH9x] Message verified
	✅ u_9 [EImI] Message verified
	✅ u_4 [Yxxu] Message verified
	✅ u_7 [hTMQ] Message verified
	✅ u_5 [aT8P] Message verified
	✅ u_6 [gtjz] Message verified
	✅ u_3 [2WsA] Message verified
	✅ u_8 [WFWm] Message verified
	✅ u_1 [8IoL] Message verified
	✅ u_2 [UiS0] Message verified
Waiting for an incoming message - Test 3 (signature verification after rotation of issuer)
	✅ u_3 [2WsA] Message Verified (2)
	✅ u_2 [UiS0] Message Verified (2)
	✅ u_8 [WFWm] Message Verified (2)
	✅ u_0 [QH9x] Message Verified (2)
	✅ u_6 [gtjz] Message Verified (2)
	✅ u_9 [EImI] Message Verified (2)
	✅ u_1 [8IoL] Message Verified (2)
	✅ u_5 [aT8P] Message Verified (2)
	✅ u_4 [Yxxu] Message Verified (2)
	✅ u_7 [hTMQ] Message Verified (2)
Waiting for an incoming message - Test 4 (valid acdc credential)
skipped--
Waiting for an incoming message - Test 5 (acdc revocation)
skipped--
Waiting for an incoming message - Test 6
u_2 [UiS0] Starts Rotation
u_5 [aT8P] Starts Rotation
u_6 [gtjz] Starts Rotation
u_4 [Yxxu] Starts Rotation
u_3 [2WsA] Starts Rotation
u_7 [hTMQ] Starts Rotation
u_1 [8IoL] Starts Rotation
u_8 [WFWm] Starts Rotation
u_9 [EImI] Starts Rotation
u_0 [QH9x] Starts Rotation
u_8 [WFWm] Ends Rotation
u_8 [WFWm] - Completed Key Rotation
u_0 [QH9x] Ends Rotation
u_0 [QH9x] - Completed Key Rotation
u_3 [2WsA] Ends Rotation
u_3 [2WsA] - Completed Key Rotation
u_2 [UiS0] Ends Rotation
u_2 [UiS0] - Completed Key Rotation
u_9 [EImI] Ends Rotation
u_9 [EImI] - Completed Key Rotation
u_1 [8IoL] Ends Rotation
u_1 [8IoL] - Completed Key Rotation
u_7 [hTMQ] Ends Rotation
u_7 [hTMQ] - Completed Key Rotation
u_4 [Yxxu] Ends Rotation
u_4 [Yxxu] - Completed Key Rotation
u_6 [gtjz] Ends Rotation
u_6 [gtjz] - Completed Key Rotation
u_5 [aT8P] Ends Rotation
u_5 [aT8P] - Completed Key Rotation
Executed 10 users / 10 success / 0 fail
Test 1: 6178ms (617 p.u.)
Test 2: 1ms (0 p.u.)
Test 3: 692ms (69 p.u.)
Test 4: 2201ms (220 p.u.)
