Waiting for an incoming message - Test 1 (inception)
Error while deserializing http message: Error("EOF while parsing a value", line: 1, column: 0)
	Preparing Data...
	Data is ready, starting users and test1
Incepted: u_0 [PRbN]
Incepted: u_3 [i9n4]
Incepted: u_2 [Crh3]
Incepted: u_9 [-6L4]
Incepted: u_6 [h9Cj]
Incepted: u_5 [Xh7C]
Incepted: u_8 [WOef]
Incepted: u_4 [9poS]
Incepted: u_1 [S38e]
Incepted: u_7 [zvY0]
	Added [bivQ] as watcher for u_3 [i9n4]
	Added [bivQ] as watcher for u_9 [-6L4]
	Added [bivQ] as watcher for u_5 [Xh7C]
	Added [jm4C] as watcher for u_0 [PRbN]
	Added [jm4C] as watcher for u_2 [Crh3]
	Added [2D85] as watcher for u_6 [h9Cj]
	Added [bivQ] as watcher for u_7 [zvY0]
	Added [2D85] as watcher for u_4 [9poS]
	Added [x5MO] as watcher for u_8 [WOef]
	Added [bivQ] as watcher for u_6 [h9Cj]
	Added [jm4C] as watcher for u_1 [S38e]
	Added [2D85] as watcher for u_5 [Xh7C]
	Added [x5MO] as watcher for u_3 [i9n4]
	Added [x5MO] as watcher for u_9 [-6L4]
	Added [x5MO] as watcher for u_0 [PRbN]
	Added [x5MO] as watcher for u_7 [zvY0]
	Added [x5MO] as watcher for u_2 [Crh3]
	Added [x5MO] as watcher for u_4 [9poS]
	Added [x5MO] as watcher for u_6 [h9Cj]
	Asking u_6 [h9Cj]'s watchers to watch [SX5N]
	Added [jm4C] as watcher for u_8 [WOef]
	Added [2D85] as watcher for u_1 [S38e]
	Added [x5MO] as watcher for u_5 [Xh7C]
	Asking u_5 [Xh7C]'s watchers to watch [SX5N]
	Added [bivQ] as watcher for u_4 [9poS]
	Asking u_4 [9poS]'s watchers to watch [SX5N]
	Added [2D85] as watcher for u_0 [PRbN]
	Asking u_0 [PRbN]'s watchers to watch [SX5N]
	Added [jm4C] as watcher for u_3 [i9n4]
	Asking u_3 [i9n4]'s watchers to watch [SX5N]
	Added [jm4C] as watcher for u_9 [-6L4]
	Asking u_9 [-6L4]'s watchers to watch [SX5N]
	Added [2D85] as watcher for u_2 [Crh3]
	Asking u_2 [Crh3]'s watchers to watch [SX5N]
	Added [jm4C] as watcher for u_7 [zvY0]
	Asking u_7 [zvY0]'s watchers to watch [SX5N]
	Added [2D85] as watcher for u_8 [WOef]
	Asking u_8 [WOef]'s watchers to watch [SX5N]
	Added [x5MO] as watcher for u_1 [S38e]
	Asking u_1 [S38e]'s watchers to watch [SX5N]
	✅ u_6 [h9Cj] Inception Done
	✅ u_5 [Xh7C] Inception Done
	✅ u_4 [9poS] Inception Done
	✅ u_3 [i9n4] Inception Done
	✅ u_0 [PRbN] Inception Done
	✅ u_9 [-6L4] Inception Done
	✅ u_7 [zvY0] Inception Done
	✅ u_2 [Crh3] Inception Done
	✅ u_8 [WOef] Inception Done
	✅ u_1 [S38e] Inception Done
Test 2 (signature verification)
	✅ u_9 [-6L4] Message verified
	✅ u_1 [S38e] Message verified
	✅ u_4 [9poS] Message verified
	✅ u_6 [h9Cj] Message verified
	✅ u_3 [i9n4] Message verified
	✅ u_0 [PRbN] Message verified
	✅ u_7 [zvY0] Message verified
	✅ u_2 [Crh3] Message verified
	✅ u_5 [Xh7C] Message verified
	✅ u_8 [WOef] Message verified
Waiting for an incoming message - Test 3 (signature verification after rotation of issuer)
	✅ u_3 [i9n4] Message Verified (2)
	✅ u_4 [9poS] Message Verified (2)
	✅ u_6 [h9Cj] Message Verified (2)
	✅ u_7 [zvY0] Message Verified (2)
	✅ u_2 [Crh3] Message Verified (2)
	✅ u_8 [WOef] Message Verified (2)
	✅ u_9 [-6L4] Message Verified (2)
	✅ u_5 [Xh7C] Message Verified (2)
	✅ u_0 [PRbN] Message Verified (2)
	✅ u_1 [S38e] Message Verified (2)
Waiting for an incoming message - Test 4 (valid acdc credential)
skipped--
Waiting for an incoming message - Test 5 (acdc revocation)
skipped--
Waiting for an incoming message - Test 6
u_3 [i9n4] Starts Rotation
u_1 [S38e] Starts Rotation
u_0 [PRbN] Starts Rotation
u_6 [h9Cj] Starts Rotation
u_4 [9poS] Starts Rotation
u_7 [zvY0] Starts Rotation
u_2 [Crh3] Starts Rotation
u_9 [-6L4] Starts Rotation
u_5 [Xh7C] Starts Rotation
u_8 [WOef] Starts Rotation
u_2 [Crh3] Ends Rotation
u_2 [Crh3] - Completed Key Rotation
u_4 [9poS] Ends Rotation
u_4 [9poS] - Completed Key Rotation
u_3 [i9n4] Ends Rotation
u_3 [i9n4] - Completed Key Rotation
u_6 [h9Cj] Ends Rotation
u_6 [h9Cj] - Completed Key Rotation
u_0 [PRbN] Ends Rotation
u_0 [PRbN] - Completed Key Rotation
u_5 [Xh7C] Ends Rotation
u_5 [Xh7C] - Completed Key Rotation
u_8 [WOef] Ends Rotation
u_8 [WOef] - Completed Key Rotation
u_9 [-6L4] Ends Rotation
u_9 [-6L4] - Completed Key Rotation
u_1 [S38e] Ends Rotation
u_1 [S38e] - Completed Key Rotation
u_7 [zvY0] Ends Rotation
u_7 [zvY0] - Completed Key Rotation
Executed 10 users / 10 success / 0 fail
Test 1: 5061ms (506 p.u.)
Test 2: 1ms (0 p.u.)
Test 3: 731ms (73 p.u.)
Test 4: 2028ms (202 p.u.)
