Waiting for an incoming message - Test 1 (inception)
Error while deserializing http message: Error("EOF while parsing a value", line: 1, column: 0)
	Preparing Data...
	Data is ready, starting users and test1
Incepted: u_7 [lZ2C]
Incepted: u_8 [-Pq7]
Incepted: u_5 [sa4l]
Incepted: u_0 [bm4S]
Incepted: u_3 [_QBC]
Incepted: u_4 [zeq4]
Incepted: u_9 [nS6_]
Incepted: u_2 [0n38]
Incepted: u_1 [mxNT]
Incepted: u_6 [Ssi_]
	Added [bivQ] as watcher for u_8 [-Pq7]
	Added [bivQ] as watcher for u_7 [lZ2C]
	Added [2D85] as watcher for u_0 [bm4S]
	Added [x5MO] as watcher for u_5 [sa4l]
	Added [jm4C] as watcher for u_9 [nS6_]
	Added [jm4C] as watcher for u_3 [_QBC]
	Added [jm4C] as watcher for u_4 [zeq4]
	Added [bivQ] as watcher for u_2 [0n38]
	Added [2D85] as watcher for u_1 [mxNT]
	Added [bivQ] as watcher for u_6 [Ssi_]
	Added [2D85] as watcher for u_5 [sa4l]
	Added [jm4C] as watcher for u_7 [lZ2C]
	Added [jm4C] as watcher for u_8 [-Pq7]
	Added [jm4C] as watcher for u_0 [bm4S]
	Added [x5MO] as watcher for u_4 [zeq4]
	Added [jm4C] as watcher for u_2 [0n38]
	Added [bivQ] as watcher for u_9 [nS6_]
	Added [x5MO] as watcher for u_3 [_QBC]
	Added [bivQ] as watcher for u_1 [mxNT]
	Added [2D85] as watcher for u_7 [lZ2C]
	Asking u_7 [lZ2C]'s watchers to watch [SX5N]
	Added [x5MO] as watcher for u_6 [Ssi_]
	Added [2D85] as watcher for u_8 [-Pq7]
	Asking u_8 [-Pq7]'s watchers to watch [SX5N]
	Added [jm4C] as watcher for u_5 [sa4l]
	Asking u_5 [sa4l]'s watchers to watch [SX5N]
	Added [2D85] as watcher for u_9 [nS6_]
	Asking u_9 [nS6_]'s watchers to watch [SX5N]
	Added [x5MO] as watcher for u_0 [bm4S]
	Asking u_0 [bm4S]'s watchers to watch [SX5N]
	Added [2D85] as watcher for u_3 [_QBC]
	Asking u_3 [_QBC]'s watchers to watch [SX5N]
	Added [jm4C] as watcher for u_1 [mxNT]
	Asking u_1 [mxNT]'s watchers to watch [SX5N]
	Added [bivQ] as watcher for u_4 [zeq4]
	Asking u_4 [zeq4]'s watchers to watch [SX5N]
	Added [x5MO] as watcher for u_2 [0n38]
	Asking u_2 [0n38]'s watchers to watch [SX5N]
	Added [jm4C] as watcher for u_6 [Ssi_]
	Asking u_6 [Ssi_]'s watchers to watch [SX5N]
	✅ u_7 [lZ2C] Inception Done
	✅ u_8 [-Pq7] Inception Done
	✅ u_3 [_QBC] Inception Done
	✅ u_5 [sa4l] Inception Done
	✅ u_2 [0n38] Inception Done
	✅ u_0 [bm4S] Inception Done
	✅ u_9 [nS6_] Inception Done
	✅ u_4 [zeq4] Inception Done
	✅ u_1 [mxNT] Inception Done
	✅ u_6 [Ssi_] Inception Done
Test 2 (signature verification)
	✅ u_6 [Ssi_] Message verified
	✅ u_0 [bm4S] Message verified
	✅ u_4 [zeq4] Message verified
	✅ u_8 [-Pq7] Message verified
	✅ u_5 [sa4l] Message verified
	✅ u_1 [mxNT] Message verified
	✅ u_9 [nS6_] Message verified
	✅ u_7 [lZ2C] Message verified
	✅ u_3 [_QBC] Message verified
	✅ u_2 [0n38] Message verified
Waiting for an incoming message - Test 3 (signature verification after rotation of issuer)
	✅ u_3 [_QBC] Message Verified (2)
	✅ u_4 [zeq4] Message Verified (2)
	✅ u_0 [bm4S] Message Verified (2)
	✅ u_7 [lZ2C] Message Verified (2)
	✅ u_5 [sa4l] Message Verified (2)
	✅ u_2 [0n38] Message Verified (2)
	✅ u_8 [-Pq7] Message Verified (2)
	✅ u_6 [Ssi_] Message Verified (2)
	✅ u_1 [mxNT] Message Verified (2)
	✅ u_9 [nS6_] Message Verified (2)
Waiting for an incoming message - Test 4 (valid acdc credential)
skipped--
Waiting for an incoming message - Test 5 (acdc revocation)
skipped--
Waiting for an incoming message - Test 6
u_9 [nS6_] Starts Rotation
u_0 [bm4S] Starts Rotation
u_4 [zeq4] Starts Rotation
u_2 [0n38] Starts Rotation
u_8 [-Pq7] Starts Rotation
u_7 [lZ2C] Starts Rotation
u_3 [_QBC] Starts Rotation
u_6 [Ssi_] Starts Rotation
u_5 [sa4l] Starts Rotation
u_1 [mxNT] Starts Rotation
u_6 [Ssi_] Ends Rotation
u_6 [Ssi_] - Completed Key Rotation
u_3 [_QBC] Ends Rotation
u_3 [_QBC] - Completed Key Rotation
u_5 [sa4l] Ends Rotation
u_5 [sa4l] - Completed Key Rotation
u_8 [-Pq7] Ends Rotation
u_8 [-Pq7] - Completed Key Rotation
u_7 [lZ2C] Ends Rotation
u_7 [lZ2C] - Completed Key Rotation
u_4 [zeq4] Ends Rotation
u_4 [zeq4] - Completed Key Rotation
u_1 [mxNT] Ends Rotation
u_1 [mxNT] - Completed Key Rotation
u_2 [0n38] Ends Rotation
u_2 [0n38] - Completed Key Rotation
u_9 [nS6_] Ends Rotation
u_9 [nS6_] - Completed Key Rotation
u_0 [bm4S] Ends Rotation
u_0 [bm4S] - Completed Key Rotation
Executed 10 users / 10 success / 0 fail
Test 1: 6595ms (659 p.u.)
Test 2: 1ms (0 p.u.)
Test 3: 728ms (72 p.u.)
Test 4: 2672ms (267 p.u.)
