Waiting for an incoming message - Test 1 (inception)
Error while deserializing http message: Error("EOF while parsing a value", line: 1, column: 0)
	Preparing Data...
	Data is ready, starting users and test1
Incepted: u_9 [zNqX]
Incepted: u_6 [wglZ]
Incepted: u_7 [C-B9]
Incepted: u_4 [m4gt]
Incepted: u_3 [9EAQ]
Incepted: u_2 [Mbtv]
Incepted: u_1 [XlcY]
Incepted: u_0 [YQlp]
Incepted: u_8 [yGqQ]
Incepted: u_5 [Uxwa]
	Added [2D85] as watcher for u_9 [zNqX]
	Added [2D85] as watcher for u_4 [m4gt]
	Added [jm4C] as watcher for u_6 [wglZ]
	Added [bivQ] as watcher for u_7 [C-B9]
	Added [2D85] as watcher for u_3 [9EAQ]
	Added [2D85] as watcher for u_8 [yGqQ]
	Added [jm4C] as watcher for u_2 [Mbtv]
	Added [x5MO] as watcher for u_1 [XlcY]
	Added [x5MO] as watcher for u_0 [YQlp]
	Added [jm4C] as watcher for u_5 [Uxwa]
	Added [x5MO] as watcher for u_9 [zNqX]
	Added [jm4C] as watcher for u_7 [C-B9]
	Added [2D85] as watcher for u_6 [wglZ]
	Added [x5MO] as watcher for u_3 [9EAQ]
	Added [x5MO] as watcher for u_4 [m4gt]
	Added [2D85] as watcher for u_2 [Mbtv]
	Added [2D85] as watcher for u_0 [YQlp]
	Added [x5MO] as watcher for u_8 [yGqQ]
	Added [jm4C] as watcher for u_1 [XlcY]
	Added [jm4C] as watcher for u_9 [zNqX]
	Asking u_9 [zNqX]'s watchers to watch [SX5N]
	Added [x5MO] as watcher for u_5 [Uxwa]
	Added [x5MO] as watcher for u_6 [wglZ]
	Asking u_6 [wglZ]'s watchers to watch [SX5N]
	Added [x5MO] as watcher for u_7 [C-B9]
	Asking u_7 [C-B9]'s watchers to watch [SX5N]
	Added [jm4C] as watcher for u_4 [m4gt]
	Asking u_4 [m4gt]'s watchers to watch [SX5N]
	Added [2D85] as watcher for u_1 [XlcY]
	Asking u_1 [XlcY]'s watchers to watch [SX5N]
	Added [bivQ] as watcher for u_2 [Mbtv]
	Asking u_2 [Mbtv]'s watchers to watch [SX5N]
	Added [bivQ] as watcher for u_3 [9EAQ]
	Asking u_3 [9EAQ]'s watchers to watch [SX5N]
	Added [bivQ] as watcher for u_0 [YQlp]
	Asking u_0 [YQlp]'s watchers to watch [SX5N]
	Added [bivQ] as watcher for u_8 [yGqQ]
	Asking u_8 [yGqQ]'s watchers to watch [SX5N]
	Added [bivQ] as watcher for u_5 [Uxwa]
	Asking u_5 [Uxwa]'s watchers to watch [SX5N]
	✅ u_9 [zNqX] Inception Done
	✅ u_7 [C-B9] Inception Done
	✅ u_6 [wglZ] Inception Done
	✅ u_2 [Mbtv] Inception Done
	✅ u_1 [XlcY] Inception Done
	✅ u_0 [YQlp] Inception Done
	✅ u_3 [9EAQ] Inception Done
	✅ u_4 [m4gt] Inception Done
	✅ u_8 [yGqQ] Inception Done
	✅ u_5 [Uxwa] Inception Done
Test 2 (signature verification)
	✅ u_9 [zNqX] Message verified
	✅ u_5 [Uxwa] Message verified
	✅ u_8 [yGqQ] Message verified
	✅ u_2 [Mbtv] Message verified
	✅ u_6 [wglZ] Message verified
	✅ u_3 [9EAQ] Message verified
	✅ u_0 [YQlp] Message verified
	✅ u_4 [m4gt] Message verified
	✅ u_7 [C-B9] Message verified
	✅ u_1 [XlcY] Message verified
Waiting for an incoming message - Test 3 (signature verification after rotation of issuer)
	✅ u_0 [YQlp] Message Verified (2)
	✅ u_4 [m4gt] Message Verified (2)
	✅ u_3 [9EAQ] Message Verified (2)
	✅ u_2 [Mbtv] Message Verified (2)
	✅ u_9 [zNqX] Message Verified (2)
	✅ u_5 [Uxwa] Message Verified (2)
	✅ u_6 [wglZ] Message Verified (2)
	✅ u_7 [C-B9] Message Verified (2)
	✅ u_1 [XlcY] Message Verified (2)
	✅ u_8 [yGqQ] Message Verified (2)
Waiting for an incoming message - Test 4 (valid acdc credential)
skipped--
Waiting for an incoming message - Test 5 (acdc revocation)
skipped--
Waiting for an incoming message - Test 6
u_8 [yGqQ] Starts Rotation
u_4 [m4gt] Starts Rotation
u_3 [9EAQ] Starts Rotation
u_1 [XlcY] Starts Rotation
u_9 [zNqX] Starts Rotation
u_0 [YQlp] Starts Rotation
u_5 [Uxwa] Starts Rotation
u_2 [Mbtv] Starts Rotation
u_7 [C-B9] Starts Rotation
u_6 [wglZ] Starts Rotation
u_6 [wglZ] Ends Rotation
u_6 [wglZ] - Completed Key Rotation
u_1 [XlcY] Ends Rotation
u_1 [XlcY] - Completed Key Rotation
u_9 [zNqX] Ends Rotation
u_9 [zNqX] - Completed Key Rotation
u_4 [m4gt] Ends Rotation
u_4 [m4gt] - Completed Key Rotation
u_2 [Mbtv] Ends Rotation
u_2 [Mbtv] - Completed Key Rotation
u_0 [YQlp] Ends Rotation
u_0 [YQlp] - Completed Key Rotation
u_5 [Uxwa] Ends Rotation
u_5 [Uxwa] - Completed Key Rotation
u_8 [yGqQ] Ends Rotation
u_8 [yGqQ] - Completed Key Rotation
u_3 [9EAQ] Ends Rotation
u_3 [9EAQ] - Completed Key Rotation
u_7 [C-B9] Ends Rotation
u_7 [C-B9] - Completed Key Rotation
Executed 10 users / 10 success / 0 fail
Test 1: 6558ms (655 p.u.)
Test 2: 1ms (0 p.u.)
Test 3: 774ms (77 p.u.)
Test 4: 3045ms (304 p.u.)
