Waiting for an incoming message - Test 1 (inception)
Error while deserializing http message: Error("EOF while parsing a value", line: 1, column: 0)
	Preparing Data...
	Data is ready, starting users and test1
Incepted: u_7 [b1Qr]
Incepted: u_9 [Og13]
Incepted: u_5 [GU9S]
Incepted: u_0 [TfdD]
Incepted: u_3 [LL6I]
Incepted: u_2 [suc-]
Incepted: u_4 [EWzD]
Incepted: u_1 [YZy2]
Incepted: u_8 [Wrc-]
Incepted: u_6 [QlCj]
	Added [jm4C] as watcher for u_7 [b1Qr]
	Added [x5MO] as watcher for u_9 [Og13]
	Added [2D85] as watcher for u_0 [TfdD]
	Added [jm4C] as watcher for u_5 [GU9S]
	Added [2D85] as watcher for u_1 [YZy2]
	Added [x5MO] as watcher for u_2 [suc-]
	Added [x5MO] as watcher for u_4 [EWzD]
	Added [bivQ] as watcher for u_3 [LL6I]
	Added [x5MO] as watcher for u_8 [Wrc-]
	Added [2D85] as watcher for u_7 [b1Qr]
	Added [jm4C] as watcher for u_6 [QlCj]
	Added [2D85] as watcher for u_2 [suc-]
	Added [jm4C] as watcher for u_0 [TfdD]
	Added [2D85] as watcher for u_5 [GU9S]
	Added [bivQ] as watcher for u_9 [Og13]
	Added [2D85] as watcher for u_3 [LL6I]
	Added [jm4C] as watcher for u_4 [EWzD]
	Added [bivQ] as watcher for u_1 [YZy2]
	Added [jm4C] as watcher for u_8 [Wrc-]
	Added [bivQ] as watcher for u_7 [b1Qr]
	Asking u_7 [b1Qr]'s watchers to watch [SX5N]
	Added [x5MO] as watcher for u_5 [GU9S]
	Asking u_5 [GU9S]'s watchers to watch [SX5N]
	Added [x5MO] as watcher for u_0 [TfdD]
	Asking u_0 [TfdD]'s watchers to watch [SX5N]
	Added [x5MO] as watcher for u_6 [QlCj]
	Added [jm4C] as watcher for u_9 [Og13]
	Asking u_9 [Og13]'s watchers to watch [SX5N]
	Added [jm4C] as watcher for u_3 [LL6I]
	Asking u_3 [LL6I]'s watchers to watch [SX5N]
	Added [jm4C] as watcher for u_1 [YZy2]
	Asking u_1 [YZy2]'s watchers to watch [SX5N]
	Added [bivQ] as watcher for u_2 [suc-]
	Asking u_2 [suc-]'s watchers to watch [SX5N]
	Added [bivQ] as watcher for u_4 [EWzD]
	Asking u_4 [EWzD]'s watchers to watch [SX5N]
	Added [2D85] as watcher for u_8 [Wrc-]
	Asking u_8 [Wrc-]'s watchers to watch [SX5N]
	Added [2D85] as watcher for u_6 [QlCj]
	Asking u_6 [QlCj]'s watchers to watch [SX5N]
	✅ u_0 [TfdD] Inception Done
	✅ u_9 [Og13] Inception Done
	✅ u_7 [b1Qr] Inception Done
	✅ u_5 [GU9S] Inception Done
	✅ u_2 [suc-] Inception Done
	✅ u_8 [Wrc-] Inception Done
	✅ u_6 [QlCj] Inception Done
	✅ u_3 [LL6I] Inception Done
	✅ u_1 [YZy2] Inception Done
	✅ u_4 [EWzD] Inception Done
Test 2 (signature verification)
	✅ u_4 [EWzD] Message verified
	✅ u_9 [Og13] Message verified
	✅ u_6 [QlCj] Message verified
	✅ u_0 [TfdD] Message verified
	✅ u_2 [suc-] Message verified
	✅ u_5 [GU9S] Message verified
	✅ u_8 [Wrc-] Message verified
	✅ u_3 [LL6I] Message verified
	✅ u_1 [YZy2] Message verified
	✅ u_7 [b1Qr] Message verified
Waiting for an incoming message - Test 3 (signature verification after rotation of issuer)
	✅ u_8 [Wrc-] Message Verified (2)
	✅ u_6 [QlCj] Message Verified (2)
	✅ u_0 [TfdD] Message Verified (2)
	✅ u_7 [b1Qr] Message Verified (2)
	✅ u_5 [GU9S] Message Verified (2)
	✅ u_1 [YZy2] Message Verified (2)
	✅ u_9 [Og13] Message Verified (2)
	✅ u_4 [EWzD] Message Verified (2)
	✅ u_3 [LL6I] Message Verified (2)
	✅ u_2 [suc-] Message Verified (2)
Waiting for an incoming message - Test 4 (valid acdc credential)
skipped--
Waiting for an incoming message - Test 5 (acdc revocation)
skipped--
Waiting for an incoming message - Test 6
u_2 [suc-] Starts Rotation
u_6 [QlCj] Starts Rotation
u_7 [b1Qr] Starts Rotation
u_1 [YZy2] Starts Rotation
u_0 [TfdD] Starts Rotation
u_8 [Wrc-] Starts Rotation
u_5 [GU9S] Starts Rotation
u_9 [Og13] Starts Rotation
u_4 [EWzD] Starts Rotation
u_3 [LL6I] Starts Rotation
u_9 [Og13] Ends Rotation
u_9 [Og13] - Completed Key Rotation
u_6 [QlCj] Ends Rotation
u_6 [QlCj] - Completed Key Rotation
u_2 [suc-] Ends Rotation
u_2 [suc-] - Completed Key Rotation
u_7 [b1Qr] Ends Rotation
u_7 [b1Qr] - Completed Key Rotation
u_4 [EWzD] Ends Rotation
u_4 [EWzD] - Completed Key Rotation
u_8 [Wrc-] Ends Rotation
u_8 [Wrc-] - Completed Key Rotation
u_1 [YZy2] Ends Rotation
u_1 [YZy2] - Completed Key Rotation
u_5 [GU9S] Ends Rotation
u_5 [GU9S] - Completed Key Rotation
u_3 [LL6I] Ends Rotation
u_3 [LL6I] - Completed Key Rotation
u_0 [TfdD] Ends Rotation
u_0 [TfdD] - Completed Key Rotation
Executed 10 users / 10 success / 0 fail
Test 1: 6168ms (616 p.u.)
Test 2: 1ms (0 p.u.)
Test 3: 774ms (77 p.u.)
Test 4: 2298ms (229 p.u.)
