2024-08-13 10:10:34,20,18.1825,172548096,187630,30624776
2024-08-13 10:10:39,0,18.4087,174694400,265891,43520439
2024-08-13 10:10:44,3.1,18.4087,174694400,265891,43520439
2024-08-13 10:10:49,0,18.4346,174940160,265891,43520439
2024-08-13 10:10:54,0,18.4346,174940160,265981,43520515
2024-08-13 10:11:00,3,18.4346,174940160,265981,43520515
2024-08-13 10:11:05,3.2,18.4346,174940160,266119,43520515
2024-08-13 10:11:10,0,18.4605,175185920,266209,43520591
2024-08-13 10:11:15,0,18.4605,175185920,266209,43520591
2024-08-13 10:11:20,3,18.4605,175185920,266369,43520667
2024-08-13 10:11:26,0,18.4605,175185920,266771,43520999
2024-08-13 10:11:31,81.2,22.8768,217096192,276862,43538281
2024-08-13 10:11:36,82.4,24.4644,232161280,534642,43666700
2024-08-13 10:11:41,3.1,24.4635,232153088,735366,43847991
2024-08-13 10:11:47,3.2,24.4635,232153088,735366,43847991
2024-08-13 10:11:52,2.9,24.4859,232366080,737402,43850050
2024-08-13 10:11:57,3.1,24.4859,232366080,737492,43850126
2024-08-13 10:12:02,3.1,24.9961,237207552,775305,44324618
2024-08-13 10:12:07,3,24.9961,237207552,775305,44324618
2024-08-13 10:12:13,80.6,27.0847,257028096,876112,44369704
2024-08-13 10:12:18,3.1,17.0413,161718272,1029704,44446791
2024-08-13 10:12:23,3.2,17.1488,162738176,1029746,44446819
2024-08-13 10:12:28,9.3,17.6352,167354368,1039005,44450875
