Waiting for an incoming message - Test 1 (inception)
Error while deserializing http message: Error("EOF while parsing a value", line: 1, column: 0)
	Preparing Data...
	Data is ready, starting users and test1
Incepted: u_9 [HFUh]
Incepted: u_8 [8xso]
Incepted: u_7 [OYeF]
Incepted: u_1 [6yyn]
	Added [2D85] as watcher for u_9 [HFUh]
Incepted: u_6 [EUSr]
Incepted: u_0 [EME1]
Incepted: u_5 [wjy8]
Incepted: u_2 [2b27]
	Added [2D85] as watcher for u_8 [8xso]
	Added [bivQ] as watcher for u_7 [OYeF]
	Added [jm4C] as watcher for u_1 [6yyn]
Incepted: u_3 [kTOd]
Incepted: u_4 [ecil]
	Added [jm4C] as watcher for u_9 [HFUh]
	Added [x5MO] as watcher for u_6 [EUSr]
	Added [2D85] as watcher for u_0 [EME1]
	Added [x5MO] as watcher for u_2 [2b27]
	Added [2D85] as watcher for u_5 [wjy8]
	Added [bivQ] as watcher for u_8 [8xso]
	Added [x5MO] as watcher for u_7 [OYeF]
	Added [bivQ] as watcher for u_1 [6yyn]
	Added [x5MO] as watcher for u_4 [ecil]
	Added [x5MO] as watcher for u_3 [kTOd]
	Added [bivQ] as watcher for u_6 [EUSr]
	Added [bivQ] as watcher for u_9 [HFUh]
	Asking u_9 [HFUh]'s watchers to watch [ZvwY]
	Added [jm4C] as watcher for u_0 [EME1]
	Added [2D85] as watcher for u_1 [6yyn]
	Asking u_1 [6yyn]'s watchers to watch [ZvwY]
	Added [2D85] as watcher for u_2 [2b27]
	Added [jm4C] as watcher for u_5 [wjy8]
	Added [x5MO] as watcher for u_8 [8xso]
	Asking u_8 [8xso]'s watchers to watch [ZvwY]
	✅ u_9 [HFUh] Inception Done
	Added [bivQ] as watcher for u_3 [kTOd]
	Added [jm4C] as watcher for u_7 [OYeF]
	Asking u_7 [OYeF]'s watchers to watch [ZvwY]
	Added [2D85] as watcher for u_6 [EUSr]
	Asking u_6 [EUSr]'s watchers to watch [ZvwY]
	Added [jm4C] as watcher for u_4 [ecil]
	Added [bivQ] as watcher for u_0 [EME1]
	Asking u_0 [EME1]'s watchers to watch [ZvwY]
	✅ u_1 [6yyn] Inception Done
	Added [bivQ] as watcher for u_2 [2b27]
	Asking u_2 [2b27]'s watchers to watch [ZvwY]
	Added [bivQ] as watcher for u_5 [wjy8]
	Asking u_5 [wjy8]'s watchers to watch [ZvwY]
	✅ u_8 [8xso] Inception Done
	Added [jm4C] as watcher for u_3 [kTOd]
	Asking u_3 [kTOd]'s watchers to watch [ZvwY]
	✅ u_6 [EUSr] Inception Done
	✅ u_7 [OYeF] Inception Done
	✅ u_2 [2b27] Inception Done
	Added [2D85] as watcher for u_4 [ecil]
	Asking u_4 [ecil]'s watchers to watch [ZvwY]
	✅ u_5 [wjy8] Inception Done
	✅ u_0 [EME1] Inception Done
	✅ u_3 [kTOd] Inception Done
	✅ u_4 [ecil] Inception Done
Test 2 (signature verification)
	✅ u_7 [OYeF] Message verified
	✅ u_4 [ecil] Message verified
	✅ u_0 [EME1] Message verified
	✅ u_1 [6yyn] Message verified
	✅ u_5 [wjy8] Message verified
	✅ u_3 [kTOd] Message verified
	✅ u_2 [2b27] Message verified
	✅ u_6 [EUSr] Message verified
	✅ u_8 [8xso] Message verified
	✅ u_9 [HFUh] Message verified
Waiting for an incoming message - Test 3 (signature verification after rotation of issuer)
	✅ u_7 [OYeF] Message Verified (2)
	✅ u_2 [2b27] Message Verified (2)
	✅ u_6 [EUSr] Message Verified (2)
	✅ u_5 [wjy8] Message Verified (2)
	✅ u_1 [6yyn] Message Verified (2)
	✅ u_0 [EME1] Message Verified (2)
	✅ u_3 [kTOd] Message Verified (2)
	✅ u_4 [ecil] Message Verified (2)
	✅ u_9 [HFUh] Message Verified (2)
	✅ u_8 [8xso] Message Verified (2)
Waiting for an incoming message - Test 4 (valid acdc credential)
skipped--
Waiting for an incoming message - Test 5 (acdc revocation)
skipped--
Waiting for an incoming message - Test 6
u_8 [8xso] Starts Rotation
u_9 [HFUh] Starts Rotation
u_3 [kTOd] Starts Rotation
u_5 [wjy8] Starts Rotation
u_0 [EME1] Starts Rotation
u_6 [EUSr] Starts Rotation
u_2 [2b27] Starts Rotation
u_7 [OYeF] Starts Rotation
u_1 [6yyn] Starts Rotation
u_4 [ecil] Starts Rotation
u_9 [HFUh] Ends Rotation
u_9 [HFUh] - Completed Key Rotation
u_0 [EME1] Ends Rotation
u_0 [EME1] - Completed Key Rotation
u_6 [EUSr] Ends Rotation
u_6 [EUSr] - Completed Key Rotation
u_8 [8xso] Ends Rotation
u_8 [8xso] - Completed Key Rotation
u_3 [kTOd] Ends Rotation
u_3 [kTOd] - Completed Key Rotation
u_5 [wjy8] Ends Rotation
u_5 [wjy8] - Completed Key Rotation
u_4 [ecil] Ends Rotation
u_4 [ecil] - Completed Key Rotation
u_2 [2b27] Ends Rotation
u_2 [2b27] - Completed Key Rotation
u_7 [OYeF] Ends Rotation
u_7 [OYeF] - Completed Key Rotation
u_1 [6yyn] Ends Rotation
u_1 [6yyn] - Completed Key Rotation
Executed 10 users / 10 success / 0 fail
Test 1: 12875ms (1287 p.u.)
Test 2: 2ms (0 p.u.)
Test 3: 844ms (84 p.u.)
Test 4: 11248ms (1124 p.u.)
