Waiting for an incoming message - Test 1 (inception)
Error while deserializing http message: Error("EOF while parsing a value", line: 1, column: 0)
	Preparing Data...
	Data is ready, starting users and test1
Incepted: u_6 [68sO]
Incepted: u_3 [1ruG]
Incepted: u_7 [bCN0]
Incepted: u_5 [N_8w]
Incepted: u_0 [PiBi]
Incepted: u_8 [dPM_]
Incepted: u_2 [bgP1]
	Added [bivQ] as watcher for u_6 [68sO]
	Added [2D85] as watcher for u_3 [1ruG]
Incepted: u_4 [o8x-]
Incepted: u_9 [IG50]
Incepted: u_1 [wb1l]
	Added [x5MO] as watcher for u_5 [N_8w]
	Added [x5MO] as watcher for u_8 [dPM_]
	Added [bivQ] as watcher for u_7 [bCN0]
	Added [x5MO] as watcher for u_2 [bgP1]
	Added [jm4C] as watcher for u_0 [PiBi]
	Added [2D85] as watcher for u_6 [68sO]
	Added [x5MO] as watcher for u_3 [1ruG]
	Added [x5MO] as watcher for u_4 [o8x-]
	Added [bivQ] as watcher for u_9 [IG50]
	Added [2D85] as watcher for u_5 [N_8w]
	Added [jm4C] as watcher for u_7 [bCN0]
	Added [2D85] as watcher for u_8 [dPM_]
	Added [x5MO] as watcher for u_1 [wb1l]
	Added [jm4C] as watcher for u_2 [bgP1]
	Added [bivQ] as watcher for u_0 [PiBi]
	Added [2D85] as watcher for u_9 [IG50]
	Added [x5MO] as watcher for u_6 [68sO]
	Asking u_6 [68sO]'s watchers to watch [ZvwY]
	Added [jm4C] as watcher for u_4 [o8x-]
	Added [bivQ] as watcher for u_3 [1ruG]
	Asking u_3 [1ruG]'s watchers to watch [ZvwY]
	Added [2D85] as watcher for u_1 [wb1l]
	Added [x5MO] as watcher for u_7 [bCN0]
	Asking u_7 [bCN0]'s watchers to watch [ZvwY]
	Added [bivQ] as watcher for u_8 [dPM_]
	Asking u_8 [dPM_]'s watchers to watch [ZvwY]
	Added [2D85] as watcher for u_0 [PiBi]
	Asking u_0 [PiBi]'s watchers to watch [ZvwY]
	Added [2D85] as watcher for u_2 [bgP1]
	Asking u_2 [bgP1]'s watchers to watch [ZvwY]
	Added [jm4C] as watcher for u_5 [N_8w]
	Asking u_5 [N_8w]'s watchers to watch [ZvwY]
	Added [jm4C] as watcher for u_9 [IG50]
	Asking u_9 [IG50]'s watchers to watch [ZvwY]
	Added [2D85] as watcher for u_4 [o8x-]
	Asking u_4 [o8x-]'s watchers to watch [ZvwY]
	Added [bivQ] as watcher for u_1 [wb1l]
	Asking u_1 [wb1l]'s watchers to watch [ZvwY]
	✅ u_6 [68sO] Inception Done
	✅ u_2 [bgP1] Inception Done
	✅ u_7 [bCN0] Inception Done
	✅ u_4 [o8x-] Inception Done
	✅ u_8 [dPM_] Inception Done
	✅ u_5 [N_8w] Inception Done
	✅ u_0 [PiBi] Inception Done
	✅ u_3 [1ruG] Inception Done
	✅ u_9 [IG50] Inception Done
	✅ u_1 [wb1l] Inception Done
Test 2 (signature verification)
	✅ u_1 [wb1l] Message verified
	✅ u_2 [bgP1] Message verified
	✅ u_5 [N_8w] Message verified
	✅ u_7 [bCN0] Message verified
	✅ u_8 [dPM_] Message verified
	✅ u_3 [1ruG] Message verified
	✅ u_0 [PiBi] Message verified
	✅ u_6 [68sO] Message verified
	✅ u_9 [IG50] Message verified
	✅ u_4 [o8x-] Message verified
Waiting for an incoming message - Test 3 (signature verification after rotation of issuer)
	✅ u_0 [PiBi] Message Verified (2)
	✅ u_5 [N_8w] Message Verified (2)
	✅ u_7 [bCN0] Message Verified (2)
	✅ u_4 [o8x-] Message Verified (2)
	✅ u_6 [68sO] Message Verified (2)
	✅ u_9 [IG50] Message Verified (2)
	✅ u_8 [dPM_] Message Verified (2)
	✅ u_1 [wb1l] Message Verified (2)
	✅ u_2 [bgP1] Message Verified (2)
	✅ u_3 [1ruG] Message Verified (2)
Waiting for an incoming message - Test 4 (valid acdc credential)
skipped--
Waiting for an incoming message - Test 5 (acdc revocation)
skipped--
Waiting for an incoming message - Test 6
u_3 [1ruG] Starts Rotation
u_5 [N_8w] Starts Rotation
u_8 [dPM_] Starts Rotation
u_4 [o8x-] Starts Rotation
u_7 [bCN0] Starts Rotation
u_6 [68sO] Starts Rotation
u_9 [IG50] Starts Rotation
u_2 [bgP1] Starts Rotation
u_1 [wb1l] Starts Rotation
u_0 [PiBi] Starts Rotation
u_2 [bgP1] Ends Rotation
u_2 [bgP1] - Completed Key Rotation
u_8 [dPM_] Ends Rotation
u_8 [dPM_] - Completed Key Rotation
u_5 [N_8w] Ends Rotation
u_5 [N_8w] - Completed Key Rotation
u_7 [bCN0] Ends Rotation
u_7 [bCN0] - Completed Key Rotation
u_4 [o8x-] Ends Rotation
u_4 [o8x-] - Completed Key Rotation
u_6 [68sO] Ends Rotation
u_6 [68sO] - Completed Key Rotation
u_1 [wb1l] Ends Rotation
u_1 [wb1l] - Completed Key Rotation
u_0 [PiBi] Ends Rotation
u_0 [PiBi] - Completed Key Rotation
u_3 [1ruG] Ends Rotation
u_3 [1ruG] - Completed Key Rotation
u_9 [IG50] Ends Rotation
u_9 [IG50] - Completed Key Rotation
Executed 10 users / 10 success / 0 fail
Test 1: 10730ms (1073 p.u.)
Test 2: 1ms (0 p.u.)
Test 3: 803ms (80 p.u.)
Test 4: 13454ms (1345 p.u.)
