Waiting for an incoming message - Test 1 (inception)
Error while deserializing http message: Error("EOF while parsing a value", line: 1, column: 0)
	Preparing Data...
	Data is ready, starting users and test1
Incepted: u_8 [XMlG]
Incepted: u_6 [VTYN]
Incepted: u_4 [XVwf]
	Added [x5MO] as watcher for u_6 [VTYN]
	Added [jm4C] as watcher for u_8 [XMlG]
	Added [jm4C] as watcher for u_4 [XVwf]
Incepted: u_7 [ZmX5]
Incepted: u_1 [7PfP]
Incepted: u_3 [KzGJ]
	Added [2D85] as watcher for u_6 [VTYN]
Incepted: u_2 [yN9j]
	Added [2D85] as watcher for u_4 [XVwf]
	Added [x5MO] as watcher for u_8 [XMlG]
Incepted: u_5 [McHi]
Incepted: u_9 [qrcE]
	Added [x5MO] as watcher for u_7 [ZmX5]
	Added [jm4C] as watcher for u_1 [7PfP]
	Added [jm4C] as watcher for u_3 [KzGJ]
	Added [jm4C] as watcher for u_6 [VTYN]
	Asking u_6 [VTYN]'s watchers to watch [ZvwY]
Incepted: u_0 [qLHP]
	Added [2D85] as watcher for u_2 [yN9j]
	Added [2D85] as watcher for u_9 [qrcE]
	Added [x5MO] as watcher for u_4 [XVwf]
	Asking u_4 [XVwf]'s watchers to watch [ZvwY]
	Added [jm4C] as watcher for u_7 [ZmX5]
	Added [2D85] as watcher for u_3 [KzGJ]
	Added [jm4C] as watcher for u_0 [qLHP]
	Added [bivQ] as watcher for u_8 [XMlG]
	Asking u_8 [XMlG]'s watchers to watch [ZvwY]
	Added [bivQ] as watcher for u_5 [McHi]
	Added [jm4C] as watcher for u_2 [yN9j]
	Added [bivQ] as watcher for u_1 [7PfP]
	Added [jm4C] as watcher for u_9 [qrcE]
	Added [x5MO] as watcher for u_3 [KzGJ]
	Asking u_3 [KzGJ]'s watchers to watch [ZvwY]
	Added [2D85] as watcher for u_1 [7PfP]
	Asking u_1 [7PfP]'s watchers to watch [ZvwY]
	Added [bivQ] as watcher for u_7 [ZmX5]
	Asking u_7 [ZmX5]'s watchers to watch [ZvwY]
	Added [jm4C] as watcher for u_5 [McHi]
	Added [x5MO] as watcher for u_9 [qrcE]
	Asking u_9 [qrcE]'s watchers to watch [ZvwY]
	Added [bivQ] as watcher for u_0 [qLHP]
	Added [bivQ] as watcher for u_2 [yN9j]
	Asking u_2 [yN9j]'s watchers to watch [ZvwY]
	✅ u_6 [VTYN] Inception Done
	Added [x5MO] as watcher for u_5 [McHi]
	Asking u_5 [McHi]'s watchers to watch [ZvwY]
	Added [x5MO] as watcher for u_0 [qLHP]
	Asking u_0 [qLHP]'s watchers to watch [ZvwY]
	✅ u_8 [XMlG] Inception Done
	✅ u_3 [KzGJ] Inception Done
	✅ u_4 [XVwf] Inception Done
	✅ u_2 [yN9j] Inception Done
	✅ u_9 [qrcE] Inception Done
	✅ u_1 [7PfP] Inception Done
	✅ u_7 [ZmX5] Inception Done
	✅ u_0 [qLHP] Inception Done
	✅ u_5 [McHi] Inception Done
Test 2 (signature verification)
	✅ u_5 [McHi] Message verified
	✅ u_0 [qLHP] Message verified
	✅ u_8 [XMlG] Message verified
	✅ u_7 [ZmX5] Message verified
	✅ u_3 [KzGJ] Message verified
	✅ u_4 [XVwf] Message verified
	✅ u_2 [yN9j] Message verified
	✅ u_1 [7PfP] Message verified
	✅ u_6 [VTYN] Message verified
	✅ u_9 [qrcE] Message verified
Waiting for an incoming message - Test 3 (signature verification after rotation of issuer)
	✅ u_9 [qrcE] Message Verified (2)
	✅ u_2 [yN9j] Message Verified (2)
	✅ u_7 [ZmX5] Message Verified (2)
	✅ u_1 [7PfP] Message Verified (2)
	✅ u_6 [VTYN] Message Verified (2)
	✅ u_8 [XMlG] Message Verified (2)
	✅ u_5 [McHi] Message Verified (2)
	✅ u_4 [XVwf] Message Verified (2)
	✅ u_3 [KzGJ] Message Verified (2)
	✅ u_0 [qLHP] Message Verified (2)
Waiting for an incoming message - Test 4 (valid acdc credential)
skipped--
Waiting for an incoming message - Test 5 (acdc revocation)
skipped--
Waiting for an incoming message - Test 6
u_0 [qLHP] Starts Rotation
u_4 [XVwf] Starts Rotation
u_6 [VTYN] Starts Rotation
u_1 [7PfP] Starts Rotation
u_5 [McHi] Starts Rotation
u_8 [XMlG] Starts Rotation
u_2 [yN9j] Starts Rotation
u_9 [qrcE] Starts Rotation
u_3 [KzGJ] Starts Rotation
u_7 [ZmX5] Starts Rotation
u_7 [ZmX5] Ends Rotation
u_7 [ZmX5] - Completed Key Rotation
u_5 [McHi] Ends Rotation
u_5 [McHi] - Completed Key Rotation
u_8 [XMlG] Ends Rotation
u_8 [XMlG] - Completed Key Rotation
u_1 [7PfP] Ends Rotation
u_1 [7PfP] - Completed Key Rotation
u_4 [XVwf] Ends Rotation
u_4 [XVwf] - Completed Key Rotation
u_0 [qLHP] Ends Rotation
u_0 [qLHP] - Completed Key Rotation
u_3 [KzGJ] Ends Rotation
u_3 [KzGJ] - Completed Key Rotation
u_9 [qrcE] Ends Rotation
u_9 [qrcE] - Completed Key Rotation
u_2 [yN9j] Ends Rotation
u_2 [yN9j] - Completed Key Rotation
u_6 [VTYN] Ends Rotation
u_6 [VTYN] - Completed Key Rotation
Executed 10 users / 10 success / 0 fail
Test 1: 5187ms (518 p.u.)
Test 2: 1ms (0 p.u.)
Test 3: 554ms (55 p.u.)
Test 4: 7001ms (700 p.u.)
