Waiting for an incoming message - Test 1 (inception)
Error while deserializing http message: Error("EOF while parsing a value", line: 1, column: 0)
	Preparing Data...
	Data is ready, starting users and test1
Incepted: u_9 [Gxq6]
Incepted: u_3 [VLfQ]
Incepted: u_6 [-dto]
	Added [jm4C] as watcher for u_9 [Gxq6]
Incepted: u_8 [A4Lq]
	Added [x5MO] as watcher for u_6 [-dto]
	Added [bivQ] as watcher for u_3 [VLfQ]
Incepted: u_1 [-Oaz]
Incepted: u_7 [lk2X]
Incepted: u_2 [ArHp]
Incepted: u_4 [zgF2]
	Added [2D85] as watcher for u_3 [VLfQ]
	Added [2D85] as watcher for u_8 [A4Lq]
	Added [bivQ] as watcher for u_9 [Gxq6]
	Added [jm4C] as watcher for u_7 [lk2X]
	Added [bivQ] as watcher for u_1 [-Oaz]
	Added [bivQ] as watcher for u_6 [-dto]
Incepted: u_0 [yogK]
	Added [bivQ] as watcher for u_4 [zgF2]
	Added [bivQ] as watcher for u_2 [ArHp]
	Added [2D85] as watcher for u_9 [Gxq6]
	Asking u_9 [Gxq6]'s watchers to watch [ZvwY]
	Added [x5MO] as watcher for u_3 [VLfQ]
	Asking u_3 [VLfQ]'s watchers to watch [ZvwY]
Incepted: u_5 [AnJz]
	Added [jm4C] as watcher for u_8 [A4Lq]
	Added [2D85] as watcher for u_7 [lk2X]
	Added [x5MO] as watcher for u_1 [-Oaz]
	Added [jm4C] as watcher for u_6 [-dto]
	Asking u_6 [-dto]'s watchers to watch [ZvwY]
	Added [2D85] as watcher for u_2 [ArHp]
	Added [bivQ] as watcher for u_0 [yogK]
	Added [jm4C] as watcher for u_4 [zgF2]
	Added [2D85] as watcher for u_5 [AnJz]
	Added [bivQ] as watcher for u_8 [A4Lq]
	Asking u_8 [A4Lq]'s watchers to watch [ZvwY]
	Added [2D85] as watcher for u_1 [-Oaz]
	Asking u_1 [-Oaz]'s watchers to watch [ZvwY]
	Added [bivQ] as watcher for u_7 [lk2X]
	Asking u_7 [lk2X]'s watchers to watch [ZvwY]
	✅ u_3 [VLfQ] Inception Done
	Added [x5MO] as watcher for u_2 [ArHp]
	Asking u_2 [ArHp]'s watchers to watch [ZvwY]
	Added [2D85] as watcher for u_4 [zgF2]
	Asking u_4 [zgF2]'s watchers to watch [ZvwY]
	Added [jm4C] as watcher for u_0 [yogK]
	Added [jm4C] as watcher for u_5 [AnJz]
	Added [2D85] as watcher for u_0 [yogK]
	Asking u_0 [yogK]'s watchers to watch [ZvwY]
	Added [x5MO] as watcher for u_5 [AnJz]
	Asking u_5 [AnJz]'s watchers to watch [ZvwY]
	✅ u_9 [Gxq6] Inception Done
	✅ u_6 [-dto] Inception Done
	✅ u_7 [lk2X] Inception Done
	✅ u_4 [zgF2] Inception Done
	✅ u_1 [-Oaz] Inception Done
	✅ u_8 [A4Lq] Inception Done
	✅ u_5 [AnJz] Inception Done
	✅ u_0 [yogK] Inception Done
	✅ u_2 [ArHp] Inception Done
Test 2 (signature verification)
	✅ u_2 [ArHp] Message verified
	✅ u_3 [VLfQ] Message verified
	✅ u_7 [lk2X] Message verified
	✅ u_5 [AnJz] Message verified
	✅ u_6 [-dto] Message verified
	✅ u_0 [yogK] Message verified
	✅ u_4 [zgF2] Message verified
	✅ u_9 [Gxq6] Message verified
	✅ u_1 [-Oaz] Message verified
	✅ u_8 [A4Lq] Message verified
Waiting for an incoming message - Test 3 (signature verification after rotation of issuer)
	✅ u_3 [VLfQ] Message Verified (2)
	✅ u_4 [zgF2] Message Verified (2)
	✅ u_2 [ArHp] Message Verified (2)
	✅ u_6 [-dto] Message Verified (2)
	✅ u_9 [Gxq6] Message Verified (2)
	✅ u_5 [AnJz] Message Verified (2)
	✅ u_1 [-Oaz] Message Verified (2)
	✅ u_0 [yogK] Message Verified (2)
	✅ u_8 [A4Lq] Message Verified (2)
	✅ u_7 [lk2X] Message Verified (2)
Waiting for an incoming message - Test 4 (valid acdc credential)
skipped--
Waiting for an incoming message - Test 5 (acdc revocation)
skipped--
Waiting for an incoming message - Test 6
u_7 [lk2X] Starts Rotation
u_9 [Gxq6] Starts Rotation
u_6 [-dto] Starts Rotation
u_5 [AnJz] Starts Rotation
u_0 [yogK] Starts Rotation
u_8 [A4Lq] Starts Rotation
u_1 [-Oaz] Starts Rotation
u_2 [ArHp] Starts Rotation
u_3 [VLfQ] Starts Rotation
u_4 [zgF2] Starts Rotation
u_8 [A4Lq] Ends Rotation
u_8 [A4Lq] - Completed Key Rotation
u_6 [-dto] Ends Rotation
u_6 [-dto] - Completed Key Rotation
u_4 [zgF2] Ends Rotation
u_4 [zgF2] - Completed Key Rotation
u_1 [-Oaz] Ends Rotation
u_1 [-Oaz] - Completed Key Rotation
u_9 [Gxq6] Ends Rotation
u_9 [Gxq6] - Completed Key Rotation
u_0 [yogK] Ends Rotation
u_0 [yogK] - Completed Key Rotation
u_3 [VLfQ] Ends Rotation
u_3 [VLfQ] - Completed Key Rotation
u_5 [AnJz] Ends Rotation
u_5 [AnJz] - Completed Key Rotation
u_7 [lk2X] Ends Rotation
u_7 [lk2X] - Completed Key Rotation
u_2 [ArHp] Ends Rotation
u_2 [ArHp] - Completed Key Rotation
Executed 10 users / 10 success / 0 fail
Test 1: 9896ms (989 p.u.)
Test 2: 1ms (0 p.u.)
Test 3: 780ms (78 p.u.)
Test 4: 14276ms (1427 p.u.)
