Waiting for an incoming message - Test 1 (inception)
Error while deserializing http message: Error("EOF while parsing a value", line: 1, column: 0)
	Preparing Data...
	Data is ready, starting users and test1
Incepted: u_6 [qXX3]
Incepted: u_3 [egMP]
Incepted: u_5 [2RSh]
Incepted: u_7 [6KSp]
Incepted: u_2 [VoRb]
Incepted: u_1 [2evg]
Incepted: u_9 [VxWC]
Incepted: u_8 [RsXb]
Incepted: u_0 [Q9J8]
	Added [bivQ] as watcher for u_3 [egMP]
Incepted: u_4 [RHyg]
	Added [bivQ] as watcher for u_7 [6KSp]
	Added [bivQ] as watcher for u_9 [VxWC]
	Added [x5MO] as watcher for u_6 [qXX3]
	Added [x5MO] as watcher for u_2 [VoRb]
	Added [jm4C] as watcher for u_5 [2RSh]
	Added [2D85] as watcher for u_1 [2evg]
	Added [x5MO] as watcher for u_3 [egMP]
	Added [x5MO] as watcher for u_8 [RsXb]
	Added [2D85] as watcher for u_0 [Q9J8]
	Added [bivQ] as watcher for u_6 [qXX3]
	Added [bivQ] as watcher for u_5 [2RSh]
	Added [2D85] as watcher for u_4 [RHyg]
	Added [x5MO] as watcher for u_7 [6KSp]
	Added [bivQ] as watcher for u_8 [RsXb]
	Added [x5MO] as watcher for u_9 [VxWC]
	Added [2D85] as watcher for u_2 [VoRb]
	Added [x5MO] as watcher for u_1 [2evg]
	Added [jm4C] as watcher for u_3 [egMP]
	Asking u_3 [egMP]'s watchers to watch [ZvwY]
	Added [2D85] as watcher for u_5 [2RSh]
	Asking u_5 [2RSh]'s watchers to watch [ZvwY]
	Added [bivQ] as watcher for u_2 [VoRb]
	Asking u_2 [VoRb]'s watchers to watch [ZvwY]
	Added [2D85] as watcher for u_7 [6KSp]
	Asking u_7 [6KSp]'s watchers to watch [ZvwY]
	Added [jm4C] as watcher for u_0 [Q9J8]
	Added [bivQ] as watcher for u_1 [2evg]
	Asking u_1 [2evg]'s watchers to watch [ZvwY]
	Added [jm4C] as watcher for u_4 [RHyg]
	Added [jm4C] as watcher for u_6 [qXX3]
	Asking u_6 [qXX3]'s watchers to watch [ZvwY]
	Added [jm4C] as watcher for u_9 [VxWC]
	Asking u_9 [VxWC]'s watchers to watch [ZvwY]
	Added [jm4C] as watcher for u_8 [RsXb]
	Asking u_8 [RsXb]'s watchers to watch [ZvwY]
	Added [bivQ] as watcher for u_4 [RHyg]
	Asking u_4 [RHyg]'s watchers to watch [ZvwY]
	Added [x5MO] as watcher for u_0 [Q9J8]
	Asking u_0 [Q9J8]'s watchers to watch [ZvwY]
	✅ u_3 [egMP] Inception Done
	✅ u_7 [6KSp] Inception Done
	✅ u_2 [VoRb] Inception Done
	✅ u_5 [2RSh] Inception Done
	✅ u_6 [qXX3] Inception Done
	✅ u_1 [2evg] Inception Done
	✅ u_9 [VxWC] Inception Done
	✅ u_8 [RsXb] Inception Done
	✅ u_4 [RHyg] Inception Done
	✅ u_0 [Q9J8] Inception Done
Test 2 (signature verification)
	✅ u_0 [Q9J8] Message verified
	✅ u_7 [6KSp] Message verified
	✅ u_4 [RHyg] Message verified
	✅ u_3 [egMP] Message verified
	✅ u_2 [VoRb] Message verified
	✅ u_6 [qXX3] Message verified
	✅ u_1 [2evg] Message verified
	✅ u_8 [RsXb] Message verified
	✅ u_9 [VxWC] Message verified
	✅ u_5 [2RSh] Message verified
Waiting for an incoming message - Test 3 (signature verification after rotation of issuer)
	✅ u_2 [VoRb] Message Verified (2)
	✅ u_1 [2evg] Message Verified (2)
	✅ u_9 [VxWC] Message Verified (2)
	✅ u_6 [qXX3] Message Verified (2)
	✅ u_0 [Q9J8] Message Verified (2)
	✅ u_4 [RHyg] Message Verified (2)
	✅ u_8 [RsXb] Message Verified (2)
	✅ u_7 [6KSp] Message Verified (2)
	✅ u_5 [2RSh] Message Verified (2)
	✅ u_3 [egMP] Message Verified (2)
Waiting for an incoming message - Test 4 (valid acdc credential)
skipped--
Waiting for an incoming message - Test 5 (acdc revocation)
skipped--
Waiting for an incoming message - Test 6
u_3 [egMP] Starts Rotation
u_7 [6KSp] Starts Rotation
u_2 [VoRb] Starts Rotation
u_8 [RsXb] Starts Rotation
u_5 [2RSh] Starts Rotation
u_4 [RHyg] Starts Rotation
u_0 [Q9J8] Starts Rotation
u_9 [VxWC] Starts Rotation
u_6 [qXX3] Starts Rotation
u_1 [2evg] Starts Rotation
u_1 [2evg] Ends Rotation
u_1 [2evg] - Completed Key Rotation
u_2 [VoRb] Ends Rotation
u_2 [VoRb] - Completed Key Rotation
u_6 [qXX3] Ends Rotation
u_6 [qXX3] - Completed Key Rotation
u_3 [egMP] Ends Rotation
u_3 [egMP] - Completed Key Rotation
u_5 [2RSh] Ends Rotation
u_5 [2RSh] - Completed Key Rotation
u_7 [6KSp] Ends Rotation
u_7 [6KSp] - Completed Key Rotation
u_9 [VxWC] Ends Rotation
u_9 [VxWC] - Completed Key Rotation
u_0 [Q9J8] Ends Rotation
u_0 [Q9J8] - Completed Key Rotation
u_8 [RsXb] Ends Rotation
u_8 [RsXb] - Completed Key Rotation
u_4 [RHyg] Ends Rotation
u_4 [RHyg] - Completed Key Rotation
Executed 10 users / 10 success / 0 fail
Test 1: 4349ms (434 p.u.)
Test 2: 1ms (0 p.u.)
Test 3: 558ms (55 p.u.)
Test 4: 1665ms (166 p.u.)
