Waiting for an incoming message - Test 1 (inception)
Error while deserializing http message: Error("EOF while parsing a value", line: 1, column: 0)
	Preparing Data...
	Data is ready, starting users and test1
Incepted: u_8 [nUA-]
Incepted: u_5 [e6pi]
Incepted: u_9 [WDu9]
	Added [2D85] as watcher for u_8 [nUA-]
	Added [bivQ] as watcher for u_5 [e6pi]
Incepted: u_1 [yX07]
	Added [x5MO] as watcher for u_9 [WDu9]
	Added [bivQ] as watcher for u_8 [nUA-]
	Added [2D85] as watcher for u_5 [e6pi]
	Added [x5MO] as watcher for u_1 [yX07]
	Added [jm4C] as watcher for u_9 [WDu9]
Incepted: u_2 [3LMs]
Incepted: u_6 [cEhy]
Incepted: u_7 [G9xd]
Incepted: u_3 [u3Io]
	Added [jm4C] as watcher for u_8 [nUA-]
	Asking u_8 [nUA-]'s watchers to watch [ZvwY]
	Added [jm4C] as watcher for u_5 [e6pi]
	Asking u_5 [e6pi]'s watchers to watch [ZvwY]
	Added [2D85] as watcher for u_1 [yX07]
Incepted: u_4 [8wmA]
	Added [bivQ] as watcher for u_9 [WDu9]
	Asking u_9 [WDu9]'s watchers to watch [ZvwY]
Incepted: u_0 [XSoF]
	Added [x5MO] as watcher for u_2 [3LMs]
	✅ u_8 [nUA-] Inception Done
	Added [jm4C] as watcher for u_6 [cEhy]
	Added [jm4C] as watcher for u_7 [G9xd]
	Added [x5MO] as watcher for u_3 [u3Io]
	✅ u_5 [e6pi] Inception Done
	Added [jm4C] as watcher for u_1 [yX07]
	Asking u_1 [yX07]'s watchers to watch [ZvwY]
	Added [bivQ] as watcher for u_4 [8wmA]
	✅ u_9 [WDu9] Inception Done
	Added [2D85] as watcher for u_3 [u3Io]
	Added [bivQ] as watcher for u_0 [XSoF]
	Added [jm4C] as watcher for u_2 [3LMs]
	Added [x5MO] as watcher for u_7 [G9xd]
	Added [x5MO] as watcher for u_6 [cEhy]
	✅ u_1 [yX07] Inception Done
	Added [2D85] as watcher for u_0 [XSoF]
	Added [2D85] as watcher for u_4 [8wmA]
	Added [bivQ] as watcher for u_2 [3LMs]
	Asking u_2 [3LMs]'s watchers to watch [ZvwY]
	Added [bivQ] as watcher for u_7 [G9xd]
	Asking u_7 [G9xd]'s watchers to watch [ZvwY]
	Added [jm4C] as watcher for u_3 [u3Io]
	Asking u_3 [u3Io]'s watchers to watch [ZvwY]
	Added [x5MO] as watcher for u_0 [XSoF]
	Asking u_0 [XSoF]'s watchers to watch [ZvwY]
	Added [jm4C] as watcher for u_4 [8wmA]
	Asking u_4 [8wmA]'s watchers to watch [ZvwY]
	✅ u_2 [3LMs] Inception Done
	Added [2D85] as watcher for u_6 [cEhy]
	Asking u_6 [cEhy]'s watchers to watch [ZvwY]
	✅ u_7 [G9xd] Inception Done
	✅ u_3 [u3Io] Inception Done
	✅ u_4 [8wmA] Inception Done
	✅ u_0 [XSoF] Inception Done
	✅ u_6 [cEhy] Inception Done
Test 2 (signature verification)
	✅ u_6 [cEhy] Message verified
	✅ u_4 [8wmA] Message verified
	✅ u_2 [3LMs] Message verified
	✅ u_9 [WDu9] Message verified
	✅ u_5 [e6pi] Message verified
	✅ u_3 [u3Io] Message verified
	✅ u_0 [XSoF] Message verified
	✅ u_8 [nUA-] Message verified
	✅ u_1 [yX07] Message verified
	✅ u_7 [G9xd] Message verified
Waiting for an incoming message - Test 3 (signature verification after rotation of issuer)
	✅ u_9 [WDu9] Message Verified (2)
	✅ u_3 [u3Io] Message Verified (2)
	✅ u_7 [G9xd] Message Verified (2)
	✅ u_5 [e6pi] Message Verified (2)
	✅ u_2 [3LMs] Message Verified (2)
	✅ u_6 [cEhy] Message Verified (2)
	✅ u_8 [nUA-] Message Verified (2)
	✅ u_0 [XSoF] Message Verified (2)
	✅ u_1 [yX07] Message Verified (2)
	✅ u_4 [8wmA] Message Verified (2)
Waiting for an incoming message - Test 4 (valid acdc credential)
skipped--
Waiting for an incoming message - Test 5 (acdc revocation)
skipped--
Waiting for an incoming message - Test 6
u_4 [8wmA] Starts Rotation
u_1 [yX07] Starts Rotation
u_2 [3LMs] Starts Rotation
u_8 [nUA-] Starts Rotation
u_9 [WDu9] Starts Rotation
u_3 [u3Io] Starts Rotation
u_7 [G9xd] Starts Rotation
u_5 [e6pi] Starts Rotation
u_6 [cEhy] Starts Rotation
u_0 [XSoF] Starts Rotation
u_9 [WDu9] Ends Rotation
u_9 [WDu9] - Completed Key Rotation
u_1 [yX07] Ends Rotation
u_1 [yX07] - Completed Key Rotation
u_6 [cEhy] Ends Rotation
u_6 [cEhy] - Completed Key Rotation
u_0 [XSoF] Ends Rotation
u_0 [XSoF] - Completed Key Rotation
u_7 [G9xd] Ends Rotation
u_7 [G9xd] - Completed Key Rotation
u_2 [3LMs] Ends Rotation
u_2 [3LMs] - Completed Key Rotation
u_8 [nUA-] Ends Rotation
u_8 [nUA-] - Completed Key Rotation
u_5 [e6pi] Ends Rotation
u_5 [e6pi] - Completed Key Rotation
u_3 [u3Io] Ends Rotation
u_3 [u3Io] - Completed Key Rotation
u_4 [8wmA] Ends Rotation
u_4 [8wmA] - Completed Key Rotation
Executed 10 users / 10 success / 0 fail
Test 1: 13192ms (1319 p.u.)
Test 2: 1ms (0 p.u.)
Test 3: 878ms (87 p.u.)
Test 4: 11795ms (1179 p.u.)
