Waiting for an incoming message - Test 1 (inception)
Error while deserializing http message: Error("EOF while parsing a value", line: 1, column: 0)
	Preparing Data...
	Data is ready, starting users and test1
Incepted: u_3 [Ah8H]
Incepted: u_7 [jVmQ]
Incepted: u_2 [csDN]
Incepted: u_5 [z8F5]
Incepted: u_1 [GtNP]
Incepted: u_4 [Hgme]
Incepted: u_6 [f78V]
Incepted: u_8 [wo4d]
	Added [bivQ] as watcher for u_7 [jVmQ]
	Added [bivQ] as watcher for u_2 [csDN]
Incepted: u_9 [Duuk]
	Added [x5MO] as watcher for u_3 [Ah8H]
	Added [bivQ] as watcher for u_1 [GtNP]
Incepted: u_0 [HT0v]
	Added [bivQ] as watcher for u_3 [Ah8H]
	Added [x5MO] as watcher for u_5 [z8F5]
	Added [bivQ] as watcher for u_0 [HT0v]
	Added [x5MO] as watcher for u_6 [f78V]
	Added [2D85] as watcher for u_7 [jVmQ]
	Added [jm4C] as watcher for u_4 [Hgme]
	Added [jm4C] as watcher for u_8 [wo4d]
	Added [2D85] as watcher for u_2 [csDN]
	Added [2D85] as watcher for u_1 [GtNP]
	Added [jm4C] as watcher for u_9 [Duuk]
	Added [bivQ] as watcher for u_6 [f78V]
	Added [bivQ] as watcher for u_8 [wo4d]
	Added [bivQ] as watcher for u_4 [Hgme]
	Added [x5MO] as watcher for u_0 [HT0v]
	Added [jm4C] as watcher for u_3 [Ah8H]
	Asking u_3 [Ah8H]'s watchers to watch [ZvwY]
	Added [jm4C] as watcher for u_7 [jVmQ]
	Asking u_7 [jVmQ]'s watchers to watch [ZvwY]
	Added [jm4C] as watcher for u_5 [z8F5]
	Added [jm4C] as watcher for u_2 [csDN]
	Asking u_2 [csDN]'s watchers to watch [ZvwY]
	Added [2D85] as watcher for u_9 [Duuk]
	Added [jm4C] as watcher for u_1 [GtNP]
	Asking u_1 [GtNP]'s watchers to watch [ZvwY]
	Added [2D85] as watcher for u_6 [f78V]
	Asking u_6 [f78V]'s watchers to watch [ZvwY]
	Added [x5MO] as watcher for u_4 [Hgme]
	Asking u_4 [Hgme]'s watchers to watch [ZvwY]
	Added [2D85] as watcher for u_8 [wo4d]
	Asking u_8 [wo4d]'s watchers to watch [ZvwY]
	Added [bivQ] as watcher for u_9 [Duuk]
	Asking u_9 [Duuk]'s watchers to watch [ZvwY]
	Added [jm4C] as watcher for u_0 [HT0v]
	Asking u_0 [HT0v]'s watchers to watch [ZvwY]
	Added [2D85] as watcher for u_5 [z8F5]
	Asking u_5 [z8F5]'s watchers to watch [ZvwY]
	✅ u_3 [Ah8H] Inception Done
	✅ u_7 [jVmQ] Inception Done
	✅ u_2 [csDN] Inception Done
	✅ u_6 [f78V] Inception Done
	✅ u_1 [GtNP] Inception Done
	✅ u_9 [Duuk] Inception Done
	✅ u_8 [wo4d] Inception Done
	✅ u_0 [HT0v] Inception Done
	✅ u_4 [Hgme] Inception Done
	✅ u_5 [z8F5] Inception Done
Test 2 (signature verification)
	✅ u_5 [z8F5] Message verified
	✅ u_2 [csDN] Message verified
	✅ u_9 [Duuk] Message verified
	✅ u_4 [Hgme] Message verified
	✅ u_1 [GtNP] Message verified
	✅ u_7 [jVmQ] Message verified
	✅ u_0 [HT0v] Message verified
	✅ u_6 [f78V] Message verified
	✅ u_8 [wo4d] Message verified
	✅ u_3 [Ah8H] Message verified
Waiting for an incoming message - Test 3 (signature verification after rotation of issuer)
	✅ u_3 [Ah8H] Message Verified (2)
	✅ u_8 [wo4d] Message Verified (2)
	✅ u_5 [z8F5] Message Verified (2)
	✅ u_1 [GtNP] Message Verified (2)
	✅ u_2 [csDN] Message Verified (2)
	✅ u_9 [Duuk] Message Verified (2)
	✅ u_7 [jVmQ] Message Verified (2)
	✅ u_6 [f78V] Message Verified (2)
	✅ u_4 [Hgme] Message Verified (2)
	✅ u_0 [HT0v] Message Verified (2)
Waiting for an incoming message - Test 4 (valid acdc credential)
skipped--
Waiting for an incoming message - Test 5 (acdc revocation)
skipped--
Waiting for an incoming message - Test 6
u_0 [HT0v] Starts Rotation
u_5 [z8F5] Starts Rotation
u_1 [GtNP] Starts Rotation
u_3 [Ah8H] Starts Rotation
u_6 [f78V] Starts Rotation
u_4 [Hgme] Starts Rotation
u_2 [csDN] Starts Rotation
u_8 [wo4d] Starts Rotation
u_9 [Duuk] Starts Rotation
u_7 [jVmQ] Starts Rotation
u_7 [jVmQ] Ends Rotation
u_7 [jVmQ] - Completed Key Rotation
u_5 [z8F5] Ends Rotation
u_5 [z8F5] - Completed Key Rotation
u_1 [GtNP] Ends Rotation
u_1 [GtNP] - Completed Key Rotation
u_3 [Ah8H] Ends Rotation
u_3 [Ah8H] - Completed Key Rotation
u_8 [wo4d] Ends Rotation
u_8 [wo4d] - Completed Key Rotation
u_2 [csDN] Ends Rotation
u_2 [csDN] - Completed Key Rotation
u_6 [f78V] Ends Rotation
u_6 [f78V] - Completed Key Rotation
u_4 [Hgme] Ends Rotation
u_4 [Hgme] - Completed Key Rotation
u_0 [HT0v] Ends Rotation
u_0 [HT0v] - Completed Key Rotation
u_9 [Duuk] Ends Rotation
u_9 [Duuk] - Completed Key Rotation
Executed 10 users / 10 success / 0 fail
Test 1: 4836ms (483 p.u.)
Test 2: 1ms (0 p.u.)
Test 3: 622ms (62 p.u.)
Test 4: 1923ms (192 p.u.)
