Waiting for an incoming message - Test 1 (inception)
Error while deserializing http message: Error("EOF while parsing a value", line: 1, column: 0)
	Preparing Data...
	Data is ready, starting users and test1
Incepted: u_5 [vmKK]
Incepted: u_0 [VKxR]
	Added [2D85] as watcher for u_0 [VKxR]
	Added [jm4C] as watcher for u_5 [vmKK]
Incepted: u_6 [5mJe]
Incepted: u_3 [HY6i]
	Added [bivQ] as watcher for u_0 [VKxR]
	Added [bivQ] as watcher for u_5 [vmKK]
Incepted: u_4 [daA7]
Incepted: u_9 [SpQF]
Incepted: u_2 [fYE-]
	Added [x5MO] as watcher for u_6 [5mJe]
	Added [jm4C] as watcher for u_0 [VKxR]
	Asking u_0 [VKxR]'s watchers to watch [ZvwY]
Incepted: u_1 [2xJv]
	Added [x5MO] as watcher for u_3 [HY6i]
Incepted: u_8 [wrn3]
Incepted: u_7 [m6SA]
	Added [2D85] as watcher for u_5 [vmKK]
	Asking u_5 [vmKK]'s watchers to watch [ZvwY]
	Added [jm4C] as watcher for u_4 [daA7]
	Added [jm4C] as watcher for u_9 [SpQF]
	Added [jm4C] as watcher for u_2 [fYE-]
	✅ u_0 [VKxR] Inception Done
	Added [bivQ] as watcher for u_6 [5mJe]
	Added [jm4C] as watcher for u_3 [HY6i]
	Added [x5MO] as watcher for u_1 [2xJv]
	✅ u_5 [vmKK] Inception Done
	Added [x5MO] as watcher for u_8 [wrn3]
	Added [2D85] as watcher for u_6 [5mJe]
	Asking u_6 [5mJe]'s watchers to watch [ZvwY]
	Added [x5MO] as watcher for u_9 [SpQF]
	Added [bivQ] as watcher for u_7 [m6SA]
	Added [x5MO] as watcher for u_2 [fYE-]
	Added [2D85] as watcher for u_4 [daA7]
	Added [bivQ] as watcher for u_3 [HY6i]
	Asking u_3 [HY6i]'s watchers to watch [ZvwY]
	Added [bivQ] as watcher for u_1 [2xJv]
	✅ u_6 [5mJe] Inception Done
	Added [bivQ] as watcher for u_4 [daA7]
	Asking u_4 [daA7]'s watchers to watch [ZvwY]
	Added [2D85] as watcher for u_2 [fYE-]
	Asking u_2 [fYE-]'s watchers to watch [ZvwY]
	Added [2D85] as watcher for u_8 [wrn3]
	Added [2D85] as watcher for u_9 [SpQF]
	Asking u_9 [SpQF]'s watchers to watch [ZvwY]
	Added [2D85] as watcher for u_7 [m6SA]
	Added [jm4C] as watcher for u_1 [2xJv]
	Asking u_1 [2xJv]'s watchers to watch [ZvwY]
	✅ u_2 [fYE-] Inception Done
	✅ u_3 [HY6i] Inception Done
	Added [jm4C] as watcher for u_7 [m6SA]
	Asking u_7 [m6SA]'s watchers to watch [ZvwY]
	Added [jm4C] as watcher for u_8 [wrn3]
	Asking u_8 [wrn3]'s watchers to watch [ZvwY]
	✅ u_4 [daA7] Inception Done
	✅ u_1 [2xJv] Inception Done
	✅ u_9 [SpQF] Inception Done
	✅ u_7 [m6SA] Inception Done
	✅ u_8 [wrn3] Inception Done
Test 2 (signature verification)
	✅ u_8 [wrn3] Message verified
	✅ u_0 [VKxR] Message verified
	✅ u_1 [2xJv] Message verified
	✅ u_7 [m6SA] Message verified
	✅ u_5 [vmKK] Message verified
	✅ u_6 [5mJe] Message verified
	✅ u_2 [fYE-] Message verified
	✅ u_4 [daA7] Message verified
	✅ u_3 [HY6i] Message verified
	✅ u_9 [SpQF] Message verified
Waiting for an incoming message - Test 3 (signature verification after rotation of issuer)
	✅ u_5 [vmKK] Message Verified (2)
	✅ u_6 [5mJe] Message Verified (2)
	✅ u_8 [wrn3] Message Verified (2)
	✅ u_0 [VKxR] Message Verified (2)
	✅ u_7 [m6SA] Message Verified (2)
	✅ u_4 [daA7] Message Verified (2)
	✅ u_2 [fYE-] Message Verified (2)
	✅ u_3 [HY6i] Message Verified (2)
	✅ u_9 [SpQF] Message Verified (2)
	✅ u_1 [2xJv] Message Verified (2)
Waiting for an incoming message - Test 4 (valid acdc credential)
skipped--
Waiting for an incoming message - Test 5 (acdc revocation)
skipped--
Waiting for an incoming message - Test 6
u_1 [2xJv] Starts Rotation
u_2 [fYE-] Starts Rotation
u_7 [m6SA] Starts Rotation
u_9 [SpQF] Starts Rotation
u_0 [VKxR] Starts Rotation
u_3 [HY6i] Starts Rotation
u_6 [5mJe] Starts Rotation
u_5 [vmKK] Starts Rotation
u_4 [daA7] Starts Rotation
u_8 [wrn3] Starts Rotation
u_5 [vmKK] Ends Rotation
u_5 [vmKK] - Completed Key Rotation
u_4 [daA7] Ends Rotation
u_4 [daA7] - Completed Key Rotation
u_0 [VKxR] Ends Rotation
u_0 [VKxR] - Completed Key Rotation
u_8 [wrn3] Ends Rotation
u_8 [wrn3] - Completed Key Rotation
u_2 [fYE-] Ends Rotation
u_2 [fYE-] - Completed Key Rotation
u_3 [HY6i] Ends Rotation
u_3 [HY6i] - Completed Key Rotation
u_9 [SpQF] Ends Rotation
u_9 [SpQF] - Completed Key Rotation
u_7 [m6SA] Ends Rotation
u_7 [m6SA] - Completed Key Rotation
u_1 [2xJv] Ends Rotation
u_1 [2xJv] - Completed Key Rotation
u_6 [5mJe] Ends Rotation
u_6 [5mJe] - Completed Key Rotation
Executed 10 users / 10 success / 0 fail
Test 1: 13145ms (1314 p.u.)
Test 2: 1ms (0 p.u.)
Test 3: 969ms (96 p.u.)
Test 4: 11430ms (1143 p.u.)
