Waiting for an incoming message - Test 1 (inception)
Error while deserializing http message: Error("EOF while parsing a value", line: 1, column: 0)
	Preparing Data...
	Data is ready, starting users and test1
Incepted: u_0 [PJg6]
Incepted: u_4 [_ldw]
Incepted: u_2 [Gx8T]
Incepted: u_1 [XnCZ]
Incepted: u_5 [iRAf]
Incepted: u_6 [Vtd3]
Incepted: u_7 [DntW]
Incepted: u_9 [OV-J]
Incepted: u_3 [CU9X]
Incepted: u_8 [AMp5]
	Added [bivQ] as watcher for u_4 [_ldw]
	Added [bivQ] as watcher for u_2 [Gx8T]
	Added [bivQ] as watcher for u_3 [CU9X]
	Added [jm4C] as watcher for u_0 [PJg6]
	Added [x5MO] as watcher for u_7 [DntW]
	Added [x5MO] as watcher for u_5 [iRAf]
	Added [x5MO] as watcher for u_6 [Vtd3]
	Added [x5MO] as watcher for u_9 [OV-J]
	Added [x5MO] as watcher for u_1 [XnCZ]
	Added [x5MO] as watcher for u_4 [_ldw]
	Added [x5MO] as watcher for u_8 [AMp5]
	Added [bivQ] as watcher for u_7 [DntW]
	Added [2D85] as watcher for u_2 [Gx8T]
	Added [2D85] as watcher for u_0 [PJg6]
	Added [2D85] as watcher for u_3 [CU9X]
	Added [bivQ] as watcher for u_8 [AMp5]
	Added [2D85] as watcher for u_5 [iRAf]
	Added [2D85] as watcher for u_9 [OV-J]
	Added [2D85] as watcher for u_4 [_ldw]
	Asking u_4 [_ldw]'s watchers to watch [ZvwY]
	Added [2D85] as watcher for u_1 [XnCZ]
	Added [jm4C] as watcher for u_6 [Vtd3]
	Added [bivQ] as watcher for u_0 [PJg6]
	Asking u_0 [PJg6]'s watchers to watch [ZvwY]
	Added [jm4C] as watcher for u_2 [Gx8T]
	Asking u_2 [Gx8T]'s watchers to watch [ZvwY]
	Added [2D85] as watcher for u_7 [DntW]
	Asking u_7 [DntW]'s watchers to watch [ZvwY]
	Added [bivQ] as watcher for u_5 [iRAf]
	Asking u_5 [iRAf]'s watchers to watch [ZvwY]
	Added [bivQ] as watcher for u_6 [Vtd3]
	Asking u_6 [Vtd3]'s watchers to watch [ZvwY]
	Added [jm4C] as watcher for u_3 [CU9X]
	Asking u_3 [CU9X]'s watchers to watch [ZvwY]
	Added [jm4C] as watcher for u_8 [AMp5]
	Asking u_8 [AMp5]'s watchers to watch [ZvwY]
	Added [jm4C] as watcher for u_1 [XnCZ]
	Asking u_1 [XnCZ]'s watchers to watch [ZvwY]
	Added [jm4C] as watcher for u_9 [OV-J]
	Asking u_9 [OV-J]'s watchers to watch [ZvwY]
	✅ u_4 [_ldw] Inception Done
	✅ u_0 [PJg6] Inception Done
	✅ u_2 [Gx8T] Inception Done
	✅ u_5 [iRAf] Inception Done
	✅ u_7 [DntW] Inception Done
	✅ u_6 [Vtd3] Inception Done
	✅ u_3 [CU9X] Inception Done
	✅ u_8 [AMp5] Inception Done
	✅ u_1 [XnCZ] Inception Done
	✅ u_9 [OV-J] Inception Done
Test 2 (signature verification)
	✅ u_6 [Vtd3] Message verified
	✅ u_9 [OV-J] Message verified
	✅ u_0 [PJg6] Message verified
	✅ u_2 [Gx8T] Message verified
	✅ u_5 [iRAf] Message verified
	✅ u_3 [CU9X] Message verified
	✅ u_8 [AMp5] Message verified
	✅ u_4 [_ldw] Message verified
	✅ u_1 [XnCZ] Message verified
	✅ u_7 [DntW] Message verified
Waiting for an incoming message - Test 3 (signature verification after rotation of issuer)
	✅ u_4 [_ldw] Message Verified (2)
	✅ u_7 [DntW] Message Verified (2)
	✅ u_5 [iRAf] Message Verified (2)
	✅ u_9 [OV-J] Message Verified (2)
	✅ u_0 [PJg6] Message Verified (2)
	✅ u_6 [Vtd3] Message Verified (2)
	✅ u_1 [XnCZ] Message Verified (2)
	✅ u_2 [Gx8T] Message Verified (2)
	✅ u_8 [AMp5] Message Verified (2)
	✅ u_3 [CU9X] Message Verified (2)
Waiting for an incoming message - Test 4 (valid acdc credential)
skipped--
Waiting for an incoming message - Test 5 (acdc revocation)
skipped--
Waiting for an incoming message - Test 6
u_3 [CU9X] Starts Rotation
u_7 [DntW] Starts Rotation
u_4 [_ldw] Starts Rotation
u_6 [Vtd3] Starts Rotation
u_1 [XnCZ] Starts Rotation
u_2 [Gx8T] Starts Rotation
u_0 [PJg6] Starts Rotation
u_9 [OV-J] Starts Rotation
u_8 [AMp5] Starts Rotation
u_5 [iRAf] Starts Rotation
u_1 [XnCZ] Ends Rotation
u_1 [XnCZ] - Completed Key Rotation
u_2 [Gx8T] Ends Rotation
u_2 [Gx8T] - Completed Key Rotation
u_4 [_ldw] Ends Rotation
u_4 [_ldw] - Completed Key Rotation
u_9 [OV-J] Ends Rotation
u_9 [OV-J] - Completed Key Rotation
u_0 [PJg6] Ends Rotation
u_0 [PJg6] - Completed Key Rotation
u_7 [DntW] Ends Rotation
u_7 [DntW] - Completed Key Rotation
u_6 [Vtd3] Ends Rotation
u_6 [Vtd3] - Completed Key Rotation
u_5 [iRAf] Ends Rotation
u_5 [iRAf] - Completed Key Rotation
u_3 [CU9X] Ends Rotation
u_3 [CU9X] - Completed Key Rotation
u_8 [AMp5] Ends Rotation
u_8 [AMp5] - Completed Key Rotation
Executed 10 users / 10 success / 0 fail
Test 1: 5020ms (502 p.u.)
Test 2: 6ms (0 p.u.)
Test 3: 646ms (64 p.u.)
Test 4: 1982ms (198 p.u.)
