Waiting for an incoming message - Test 1 (inception)
Error while deserializing http message: Error("EOF while parsing a value", line: 1, column: 0)
	Preparing Data...
	Data is ready, starting users and test1
Incepted: u_7 [Lm1w]
Incepted: u_6 [GEvu]
Incepted: u_3 [ePv9]
Incepted: u_4 [5Hlp]
Incepted: u_9 [zl4J]
Incepted: u_1 [GmpM]
Incepted: u_5 [Tjb5]
Incepted: u_2 [UG8d]
	Added [bivQ] as watcher for u_4 [5Hlp]
	Added [2D85] as watcher for u_7 [Lm1w]
Incepted: u_0 [lT-E]
	Added [x5MO] as watcher for u_6 [GEvu]
Incepted: u_8 [Nd-G]
	Added [x5MO] as watcher for u_3 [ePv9]
	Added [2D85] as watcher for u_1 [GmpM]
	Added [x5MO] as watcher for u_5 [Tjb5]
	Added [bivQ] as watcher for u_0 [lT-E]
	Added [jm4C] as watcher for u_9 [zl4J]
	Added [jm4C] as watcher for u_2 [UG8d]
	Added [bivQ] as watcher for u_5 [Tjb5]
	Added [jm4C] as watcher for u_4 [5Hlp]
	Added [bivQ] as watcher for u_2 [UG8d]
	Added [2D85] as watcher for u_6 [GEvu]
	Added [jm4C] as watcher for u_7 [Lm1w]
	Added [jm4C] as watcher for u_8 [Nd-G]
	Added [2D85] as watcher for u_0 [lT-E]
	Added [jm4C] as watcher for u_3 [ePv9]
	Added [jm4C] as watcher for u_1 [GmpM]
	Added [2D85] as watcher for u_9 [zl4J]
	Added [bivQ] as watcher for u_8 [Nd-G]
	Added [bivQ] as watcher for u_3 [ePv9]
	Asking u_3 [ePv9]'s watchers to watch [ZvwY]
	Added [2D85] as watcher for u_4 [5Hlp]
	Asking u_4 [5Hlp]'s watchers to watch [ZvwY]
	Added [jm4C] as watcher for u_5 [Tjb5]
	Asking u_5 [Tjb5]'s watchers to watch [ZvwY]
	Added [x5MO] as watcher for u_2 [UG8d]
	Asking u_2 [UG8d]'s watchers to watch [ZvwY]
	Added [jm4C] as watcher for u_6 [GEvu]
	Asking u_6 [GEvu]'s watchers to watch [ZvwY]
	Added [x5MO] as watcher for u_7 [Lm1w]
	Asking u_7 [Lm1w]'s watchers to watch [ZvwY]
	Added [x5MO] as watcher for u_0 [lT-E]
	Asking u_0 [lT-E]'s watchers to watch [ZvwY]
	Added [x5MO] as watcher for u_9 [zl4J]
	Asking u_9 [zl4J]'s watchers to watch [ZvwY]
	Added [x5MO] as watcher for u_1 [GmpM]
	Asking u_1 [GmpM]'s watchers to watch [ZvwY]
	Added [2D85] as watcher for u_8 [Nd-G]
	Asking u_8 [Nd-G]'s watchers to watch [ZvwY]
	✅ u_4 [5Hlp] Inception Done
	✅ u_2 [UG8d] Inception Done
	✅ u_3 [ePv9] Inception Done
	✅ u_5 [Tjb5] Inception Done
	✅ u_0 [lT-E] Inception Done
	✅ u_6 [GEvu] Inception Done
	✅ u_9 [zl4J] Inception Done
	✅ u_7 [Lm1w] Inception Done
	✅ u_1 [GmpM] Inception Done
	✅ u_8 [Nd-G] Inception Done
Test 2 (signature verification)
	✅ u_8 [Nd-G] Message verified
	✅ u_7 [Lm1w] Message verified
	✅ u_0 [lT-E] Message verified
	✅ u_9 [zl4J] Message verified
	✅ u_2 [UG8d] Message verified
	✅ u_4 [5Hlp] Message verified
	✅ u_3 [ePv9] Message verified
	✅ u_1 [GmpM] Message verified
	✅ u_5 [Tjb5] Message verified
	✅ u_6 [GEvu] Message verified
Waiting for an incoming message - Test 3 (signature verification after rotation of issuer)
	✅ u_0 [lT-E] Message Verified (2)
	✅ u_3 [ePv9] Message Verified (2)
	✅ u_2 [UG8d] Message Verified (2)
	✅ u_6 [GEvu] Message Verified (2)
	✅ u_5 [Tjb5] Message Verified (2)
	✅ u_1 [GmpM] Message Verified (2)
	✅ u_9 [zl4J] Message Verified (2)
	✅ u_8 [Nd-G] Message Verified (2)
	✅ u_4 [5Hlp] Message Verified (2)
	✅ u_7 [Lm1w] Message Verified (2)
Waiting for an incoming message - Test 4 (valid acdc credential)
skipped--
Waiting for an incoming message - Test 5 (acdc revocation)
skipped--
Waiting for an incoming message - Test 6
u_7 [Lm1w] Starts Rotation
u_8 [Nd-G] Starts Rotation
u_0 [lT-E] Starts Rotation
u_5 [Tjb5] Starts Rotation
u_2 [UG8d] Starts Rotation
u_1 [GmpM] Starts Rotation
u_6 [GEvu] Starts Rotation
u_9 [zl4J] Starts Rotation
u_3 [ePv9] Starts Rotation
u_4 [5Hlp] Starts Rotation
u_1 [GmpM] Ends Rotation
u_1 [GmpM] - Completed Key Rotation
u_9 [zl4J] Ends Rotation
u_9 [zl4J] - Completed Key Rotation
u_3 [ePv9] Ends Rotation
u_3 [ePv9] - Completed Key Rotation
u_6 [GEvu] Ends Rotation
u_6 [GEvu] - Completed Key Rotation
u_4 [5Hlp] Ends Rotation
u_4 [5Hlp] - Completed Key Rotation
u_2 [UG8d] Ends Rotation
u_2 [UG8d] - Completed Key Rotation
u_5 [Tjb5] Ends Rotation
u_5 [Tjb5] - Completed Key Rotation
u_0 [lT-E] Ends Rotation
u_0 [lT-E] - Completed Key Rotation
u_7 [Lm1w] Ends Rotation
u_7 [Lm1w] - Completed Key Rotation
u_8 [Nd-G] Ends Rotation
u_8 [Nd-G] - Completed Key Rotation
Executed 10 users / 10 success / 0 fail
Test 1: 4177ms (417 p.u.)
Test 2: 1ms (0 p.u.)
Test 3: 544ms (54 p.u.)
Test 4: 1578ms (157 p.u.)
