Waiting for an incoming message - Test 1 (inception)
Error while deserializing http message: Error("EOF while parsing a value", line: 1, column: 0)
	Preparing Data...
	Data is ready, starting users and test1
Incepted: u_8 [y4jQ]
Incepted: u_4 [mOqu]
Incepted: u_6 [eavV]
Incepted: u_3 [P17n]
Incepted: u_5 [VUAX]
Incepted: u_1 [jo5Q]
Incepted: u_7 [0uBo]
Incepted: u_0 [7iHK]
	Added [bivQ] as watcher for u_6 [eavV]
	Added [bivQ] as watcher for u_1 [jo5Q]
Incepted: u_9 [5P6T]
Incepted: u_2 [Ht7K]
	Added [2D85] as watcher for u_8 [y4jQ]
	Added [2D85] as watcher for u_4 [mOqu]
	Added [2D85] as watcher for u_3 [P17n]
	Added [2D85] as watcher for u_5 [VUAX]
	Added [bivQ] as watcher for u_2 [Ht7K]
	Added [x5MO] as watcher for u_7 [0uBo]
	Added [2D85] as watcher for u_0 [7iHK]
	Added [bivQ] as watcher for u_3 [P17n]
	Added [jm4C] as watcher for u_6 [eavV]
	Added [2D85] as watcher for u_9 [5P6T]
	Added [2D85] as watcher for u_1 [jo5Q]
	Added [x5MO] as watcher for u_8 [y4jQ]
	Added [bivQ] as watcher for u_9 [5P6T]
	Added [bivQ] as watcher for u_8 [y4jQ]
	Asking u_8 [y4jQ]'s watchers to watch [ZvwY]
	Added [x5MO] as watcher for u_5 [VUAX]
	Added [jm4C] as watcher for u_4 [mOqu]
	Added [x5MO] as watcher for u_0 [7iHK]
	Added [x5MO] as watcher for u_6 [eavV]
	Asking u_6 [eavV]'s watchers to watch [ZvwY]
	Added [jm4C] as watcher for u_2 [Ht7K]
	Added [jm4C] as watcher for u_7 [0uBo]
	Added [bivQ] as watcher for u_4 [mOqu]
	Asking u_4 [mOqu]'s watchers to watch [ZvwY]
	Added [jm4C] as watcher for u_1 [jo5Q]
	Asking u_1 [jo5Q]'s watchers to watch [ZvwY]
	Added [jm4C] as watcher for u_3 [P17n]
	Asking u_3 [P17n]'s watchers to watch [ZvwY]
	Added [jm4C] as watcher for u_9 [5P6T]
	Asking u_9 [5P6T]'s watchers to watch [ZvwY]
	Added [2D85] as watcher for u_7 [0uBo]
	Asking u_7 [0uBo]'s watchers to watch [ZvwY]
	Added [x5MO] as watcher for u_2 [Ht7K]
	Asking u_2 [Ht7K]'s watchers to watch [ZvwY]
	Added [jm4C] as watcher for u_5 [VUAX]
	Asking u_5 [VUAX]'s watchers to watch [ZvwY]
	Added [jm4C] as watcher for u_0 [7iHK]
	Asking u_0 [7iHK]'s watchers to watch [ZvwY]
	✅ u_8 [y4jQ] Inception Done
	✅ u_6 [eavV] Inception Done
	✅ u_4 [mOqu] Inception Done
	✅ u_3 [P17n] Inception Done
	✅ u_1 [jo5Q] Inception Done
	✅ u_9 [5P6T] Inception Done
	✅ u_7 [0uBo] Inception Done
	✅ u_2 [Ht7K] Inception Done
	✅ u_5 [VUAX] Inception Done
	✅ u_0 [7iHK] Inception Done
Test 2 (signature verification)
	✅ u_0 [7iHK] Message verified
	✅ u_8 [y4jQ] Message verified
	✅ u_5 [VUAX] Message verified
	✅ u_2 [Ht7K] Message verified
	✅ u_9 [5P6T] Message verified
	✅ u_6 [eavV] Message verified
	✅ u_4 [mOqu] Message verified
	✅ u_3 [P17n] Message verified
	✅ u_1 [jo5Q] Message verified
	✅ u_7 [0uBo] Message verified
Waiting for an incoming message - Test 3 (signature verification after rotation of issuer)
	✅ u_4 [mOqu] Message Verified (2)
	✅ u_8 [y4jQ] Message Verified (2)
	✅ u_7 [0uBo] Message Verified (2)
	✅ u_1 [jo5Q] Message Verified (2)
	✅ u_5 [VUAX] Message Verified (2)
	✅ u_9 [5P6T] Message Verified (2)
	✅ u_2 [Ht7K] Message Verified (2)
	✅ u_6 [eavV] Message Verified (2)
	✅ u_0 [7iHK] Message Verified (2)
	✅ u_3 [P17n] Message Verified (2)
Waiting for an incoming message - Test 4 (valid acdc credential)
skipped--
Waiting for an incoming message - Test 5 (acdc revocation)
skipped--
Waiting for an incoming message - Test 6
u_0 [7iHK] Starts Rotation
u_9 [5P6T] Starts Rotation
u_8 [y4jQ] Starts Rotation
u_1 [jo5Q] Starts Rotation
u_3 [P17n] Starts Rotation
u_4 [mOqu] Starts Rotation
u_6 [eavV] Starts Rotation
u_2 [Ht7K] Starts Rotation
u_7 [0uBo] Starts Rotation
u_5 [VUAX] Starts Rotation
u_8 [y4jQ] Ends Rotation
u_8 [y4jQ] - Completed Key Rotation
u_4 [mOqu] Ends Rotation
u_4 [mOqu] - Completed Key Rotation
u_5 [VUAX] Ends Rotation
u_5 [VUAX] - Completed Key Rotation
u_3 [P17n] Ends Rotation
u_3 [P17n] - Completed Key Rotation
u_9 [5P6T] Ends Rotation
u_9 [5P6T] - Completed Key Rotation
u_6 [eavV] Ends Rotation
u_6 [eavV] - Completed Key Rotation
u_7 [0uBo] Ends Rotation
u_7 [0uBo] - Completed Key Rotation
u_1 [jo5Q] Ends Rotation
u_1 [jo5Q] - Completed Key Rotation
u_0 [7iHK] Ends Rotation
u_0 [7iHK] - Completed Key Rotation
u_2 [Ht7K] Ends Rotation
u_2 [Ht7K] - Completed Key Rotation
Executed 10 users / 10 success / 0 fail
Test 1: 3956ms (395 p.u.)
Test 2: 1ms (0 p.u.)
Test 3: 539ms (53 p.u.)
Test 4: 1557ms (155 p.u.)
