Waiting for an incoming message - Test 1 (inception)
Error while deserializing http message: Error("EOF while parsing a value", line: 1, column: 0)
	Preparing Data...
	Data is ready, starting users and test1
Incepted: u_0 [gRER]
Incepted: u_6 [WbpG]
Incepted: u_5 [TAeM]
Incepted: u_9 [Lpag]
Incepted: u_7 [BvOe]
Incepted: u_4 [d3Ug]
Incepted: u_1 [iz8d]
Incepted: u_3 [37Rp]
Incepted: u_8 [b7n-]
Incepted: u_2 [Cs-i]
	Added [bivQ] as watcher for u_6 [WbpG]
	Added [bivQ] as watcher for u_7 [BvOe]
	Added [bivQ] as watcher for u_2 [Cs-i]
	Added [2D85] as watcher for u_9 [Lpag]
	Added [2D85] as watcher for u_5 [TAeM]
	Added [2D85] as watcher for u_0 [gRER]
	Added [x5MO] as watcher for u_4 [d3Ug]
	Added [x5MO] as watcher for u_8 [b7n-]
	Added [jm4C] as watcher for u_1 [iz8d]
	Added [x5MO] as watcher for u_3 [37Rp]
	Added [2D85] as watcher for u_7 [BvOe]
	Added [x5MO] as watcher for u_6 [WbpG]
	Added [x5MO] as watcher for u_2 [Cs-i]
	Added [bivQ] as watcher for u_1 [iz8d]
	Added [bivQ] as watcher for u_3 [37Rp]
	Added [x5MO] as watcher for u_9 [Lpag]
	Added [x5MO] as watcher for u_0 [gRER]
	Added [x5MO] as watcher for u_5 [TAeM]
	Added [2D85] as watcher for u_4 [d3Ug]
	Added [bivQ] as watcher for u_9 [Lpag]
	Asking u_9 [Lpag]'s watchers to watch [ZvwY]
	Added [bivQ] as watcher for u_0 [gRER]
	Asking u_0 [gRER]'s watchers to watch [ZvwY]
	Added [jm4C] as watcher for u_8 [b7n-]
	Added [2D85] as watcher for u_2 [Cs-i]
	Asking u_2 [Cs-i]'s watchers to watch [ZvwY]
	Added [x5MO] as watcher for u_1 [iz8d]
	Asking u_1 [iz8d]'s watchers to watch [ZvwY]
	Added [2D85] as watcher for u_3 [37Rp]
	Asking u_3 [37Rp]'s watchers to watch [ZvwY]
	Added [jm4C] as watcher for u_6 [WbpG]
	Asking u_6 [WbpG]'s watchers to watch [ZvwY]
	Added [jm4C] as watcher for u_7 [BvOe]
	Asking u_7 [BvOe]'s watchers to watch [ZvwY]
	Added [bivQ] as watcher for u_4 [d3Ug]
	Asking u_4 [d3Ug]'s watchers to watch [ZvwY]
	Added [bivQ] as watcher for u_8 [b7n-]
	Asking u_8 [b7n-]'s watchers to watch [ZvwY]
	Added [jm4C] as watcher for u_5 [TAeM]
	Asking u_5 [TAeM]'s watchers to watch [ZvwY]
	✅ u_0 [gRER] Inception Done
	✅ u_9 [Lpag] Inception Done
	✅ u_1 [iz8d] Inception Done
	✅ u_6 [WbpG] Inception Done
	✅ u_7 [BvOe] Inception Done
	✅ u_3 [37Rp] Inception Done
	✅ u_4 [d3Ug] Inception Done
	✅ u_5 [TAeM] Inception Done
	✅ u_2 [Cs-i] Inception Done
	✅ u_8 [b7n-] Inception Done
Test 2 (signature verification)
	✅ u_8 [b7n-] Message verified
	✅ u_9 [Lpag] Message verified
	✅ u_6 [WbpG] Message verified
	✅ u_4 [d3Ug] Message verified
	✅ u_1 [iz8d] Message verified
	✅ u_5 [TAeM] Message verified
	✅ u_3 [37Rp] Message verified
	✅ u_0 [gRER] Message verified
	✅ u_7 [BvOe] Message verified
	✅ u_2 [Cs-i] Message verified
Waiting for an incoming message - Test 3 (signature verification after rotation of issuer)
	✅ u_0 [gRER] Message Verified (2)
	✅ u_2 [Cs-i] Message Verified (2)
	✅ u_9 [Lpag] Message Verified (2)
	✅ u_3 [37Rp] Message Verified (2)
	✅ u_7 [BvOe] Message Verified (2)
	✅ u_4 [d3Ug] Message Verified (2)
	✅ u_6 [WbpG] Message Verified (2)
	✅ u_5 [TAeM] Message Verified (2)
	✅ u_8 [b7n-] Message Verified (2)
	✅ u_1 [iz8d] Message Verified (2)
Waiting for an incoming message - Test 4 (valid acdc credential)
skipped--
Waiting for an incoming message - Test 5 (acdc revocation)
skipped--
Waiting for an incoming message - Test 6
u_1 [iz8d] Starts Rotation
u_3 [37Rp] Starts Rotation
u_5 [TAeM] Starts Rotation
u_6 [WbpG] Starts Rotation
u_4 [d3Ug] Starts Rotation
u_8 [b7n-] Starts Rotation
u_2 [Cs-i] Starts Rotation
u_0 [gRER] Starts Rotation
u_9 [Lpag] Starts Rotation
u_7 [BvOe] Starts Rotation
u_3 [37Rp] Ends Rotation
u_3 [37Rp] - Completed Key Rotation
u_4 [d3Ug] Ends Rotation
u_4 [d3Ug] - Completed Key Rotation
u_7 [BvOe] Ends Rotation
u_7 [BvOe] - Completed Key Rotation
u_0 [gRER] Ends Rotation
u_0 [gRER] - Completed Key Rotation
u_9 [Lpag] Ends Rotation
u_9 [Lpag] - Completed Key Rotation
u_6 [WbpG] Ends Rotation
u_6 [WbpG] - Completed Key Rotation
u_2 [Cs-i] Ends Rotation
u_2 [Cs-i] - Completed Key Rotation
u_5 [TAeM] Ends Rotation
u_5 [TAeM] - Completed Key Rotation
u_1 [iz8d] Ends Rotation
u_1 [iz8d] - Completed Key Rotation
u_8 [b7n-] Ends Rotation
u_8 [b7n-] - Completed Key Rotation
Executed 10 users / 10 success / 0 fail
Test 1: 4988ms (498 p.u.)
Test 2: 1ms (0 p.u.)
Test 3: 590ms (59 p.u.)
Test 4: 1747ms (174 p.u.)
