Waiting for an incoming message - Test 1 (inception)
Error while deserializing http message: Error("EOF while parsing a value", line: 1, column: 0)
	Preparing Data...
	Data is ready, starting users and test1
Incepted: u_7 [7U4t]
Incepted: u_4 [7GN1]
	Added [2D85] as watcher for u_4 [7GN1]
	Added [x5MO] as watcher for u_7 [7U4t]
Incepted: u_1 [Wc2n]
Incepted: u_3 [gOv5]
Incepted: u_5 [cZrm]
Incepted: u_2 [ONUb]
Incepted: u_8 [bjW4]
Incepted: u_0 [3rY_]
Incepted: u_9 [HHJR]
Incepted: u_6 [a3QA]
	Added [jm4C] as watcher for u_7 [7U4t]
	Added [jm4C] as watcher for u_4 [7GN1]
	Added [x5MO] as watcher for u_1 [Wc2n]
	Added [jm4C] as watcher for u_5 [cZrm]
	Added [x5MO] as watcher for u_3 [gOv5]
	Added [x5MO] as watcher for u_8 [bjW4]
	Added [bivQ] as watcher for u_2 [ONUb]
	Added [2D85] as watcher for u_0 [3rY_]
	Added [x5MO] as watcher for u_9 [HHJR]
	Added [x5MO] as watcher for u_6 [a3QA]
	Added [bivQ] as watcher for u_7 [7U4t]
	Asking u_7 [7U4t]'s watchers to watch [ZvwY]
	Added [jm4C] as watcher for u_1 [Wc2n]
	Added [bivQ] as watcher for u_3 [gOv5]
	Added [bivQ] as watcher for u_4 [7GN1]
	Asking u_4 [7GN1]'s watchers to watch [ZvwY]
	✅ u_7 [7U4t] Inception Done
	Added [2D85] as watcher for u_5 [cZrm]
	Added [jm4C] as watcher for u_8 [bjW4]
	Added [jm4C] as watcher for u_6 [a3QA]
	Added [2D85] as watcher for u_1 [Wc2n]
	Asking u_1 [Wc2n]'s watchers to watch [ZvwY]
	Added [bivQ] as watcher for u_0 [3rY_]
	Added [2D85] as watcher for u_2 [ONUb]
	Added [2D85] as watcher for u_8 [bjW4]
	Asking u_8 [bjW4]'s watchers to watch [ZvwY]
	✅ u_4 [7GN1] Inception Done
	Added [2D85] as watcher for u_9 [HHJR]
	Added [x5MO] as watcher for u_0 [3rY_]
	Asking u_0 [3rY_]'s watchers to watch [ZvwY]
	Added [jm4C] as watcher for u_3 [gOv5]
	Asking u_3 [gOv5]'s watchers to watch [ZvwY]
	Added [x5MO] as watcher for u_5 [cZrm]
	Asking u_5 [cZrm]'s watchers to watch [ZvwY]
	Added [x5MO] as watcher for u_2 [ONUb]
	Asking u_2 [ONUb]'s watchers to watch [ZvwY]
	Added [jm4C] as watcher for u_9 [HHJR]
	Asking u_9 [HHJR]'s watchers to watch [ZvwY]
	Added [2D85] as watcher for u_6 [a3QA]
	Asking u_6 [a3QA]'s watchers to watch [ZvwY]
	✅ u_1 [Wc2n] Inception Done
	✅ u_8 [bjW4] Inception Done
	✅ u_3 [gOv5] Inception Done
	✅ u_5 [cZrm] Inception Done
	✅ u_0 [3rY_] Inception Done
	✅ u_2 [ONUb] Inception Done
	✅ u_9 [HHJR] Inception Done
	✅ u_6 [a3QA] Inception Done
Test 2 (signature verification)
	✅ u_6 [a3QA] Message verified
	✅ u_1 [Wc2n] Message verified
	✅ u_5 [cZrm] Message verified
	✅ u_8 [bjW4] Message verified
	✅ u_2 [ONUb] Message verified
	✅ u_3 [gOv5] Message verified
	✅ u_7 [7U4t] Message verified
	✅ u_0 [3rY_] Message verified
	✅ u_9 [HHJR] Message verified
	✅ u_4 [7GN1] Message verified
Waiting for an incoming message - Test 3 (signature verification after rotation of issuer)
	✅ u_4 [7GN1] Message Verified (2)
	✅ u_1 [Wc2n] Message Verified (2)
	✅ u_5 [cZrm] Message Verified (2)
	✅ u_3 [gOv5] Message Verified (2)
	✅ u_9 [HHJR] Message Verified (2)
	✅ u_0 [3rY_] Message Verified (2)
	✅ u_8 [bjW4] Message Verified (2)
	✅ u_7 [7U4t] Message Verified (2)
	✅ u_2 [ONUb] Message Verified (2)
	✅ u_6 [a3QA] Message Verified (2)
Waiting for an incoming message - Test 4 (valid acdc credential)
skipped--
Waiting for an incoming message - Test 5 (acdc revocation)
skipped--
Waiting for an incoming message - Test 6
u_5 [cZrm] Starts Rotation
u_7 [7U4t] Starts Rotation
u_2 [ONUb] Starts Rotation
u_4 [7GN1] Starts Rotation
u_8 [bjW4] Starts Rotation
u_6 [a3QA] Starts Rotation
u_9 [HHJR] Starts Rotation
u_0 [3rY_] Starts Rotation
u_3 [gOv5] Starts Rotation
u_1 [Wc2n] Starts Rotation
u_5 [cZrm] Ends Rotation
u_5 [cZrm] - Completed Key Rotation
u_7 [7U4t] Ends Rotation
u_7 [7U4t] - Completed Key Rotation
u_4 [7GN1] Ends Rotation
u_4 [7GN1] - Completed Key Rotation
u_0 [3rY_] Ends Rotation
u_0 [3rY_] - Completed Key Rotation
u_3 [gOv5] Ends Rotation
u_3 [gOv5] - Completed Key Rotation
u_1 [Wc2n] Ends Rotation
u_1 [Wc2n] - Completed Key Rotation
u_2 [ONUb] Ends Rotation
u_2 [ONUb] - Completed Key Rotation
u_8 [bjW4] Ends Rotation
u_8 [bjW4] - Completed Key Rotation
u_6 [a3QA] Ends Rotation
u_6 [a3QA] - Completed Key Rotation
u_9 [HHJR] Ends Rotation
u_9 [HHJR] - Completed Key Rotation
Executed 10 users / 10 success / 0 fail
Test 1: 12642ms (1264 p.u.)
Test 2: 1ms (0 p.u.)
Test 3: 792ms (79 p.u.)
Test 4: 10552ms (1055 p.u.)
