Waiting for an incoming message - Test 1 (inception)
Error while deserializing http message: Error("EOF while parsing a value", line: 1, column: 0)
	Preparing Data...
	Data is ready, starting users and test1
Incepted: u_7 [NCKv]
Incepted: u_2 [gkoB]
Incepted: u_3 [qwDl]
Incepted: u_6 [_wwA]
	Added [jm4C] as watcher for u_7 [NCKv]
Incepted: u_1 [S4Nu]
	Added [bivQ] as watcher for u_3 [qwDl]
Incepted: u_0 [4b61]
Incepted: u_4 [jSlq]
	Added [bivQ] as watcher for u_2 [gkoB]
Incepted: u_8 [IddW]
Incepted: u_9 [UoZL]
Incepted: u_5 [2muR]
	Added [x5MO] as watcher for u_7 [NCKv]
	Added [jm4C] as watcher for u_6 [_wwA]
	Added [x5MO] as watcher for u_0 [4b61]
	Added [x5MO] as watcher for u_2 [gkoB]
	Added [x5MO] as watcher for u_3 [qwDl]
	Added [bivQ] as watcher for u_1 [S4Nu]
	Added [bivQ] as watcher for u_4 [jSlq]
	Added [x5MO] as watcher for u_8 [IddW]
	Added [2D85] as watcher for u_9 [UoZL]
	Added [bivQ] as watcher for u_7 [NCKv]
	Asking u_7 [NCKv]'s watchers to watch [ZvwY]
	Added [bivQ] as watcher for u_5 [2muR]
	Added [2D85] as watcher for u_6 [_wwA]
	Added [2D85] as watcher for u_2 [gkoB]
	Asking u_2 [gkoB]'s watchers to watch [ZvwY]
	Added [2D85] as watcher for u_0 [4b61]
	Added [2D85] as watcher for u_8 [IddW]
	Added [2D85] as watcher for u_3 [qwDl]
	Asking u_3 [qwDl]'s watchers to watch [ZvwY]
	Added [x5MO] as watcher for u_4 [jSlq]
	Added [x5MO] as watcher for u_1 [S4Nu]
	Added [jm4C] as watcher for u_9 [UoZL]
	✅ u_7 [NCKv] Inception Done
	Added [x5MO] as watcher for u_6 [_wwA]
	Asking u_6 [_wwA]'s watchers to watch [ZvwY]
	Added [jm4C] as watcher for u_0 [4b61]
	Asking u_0 [4b61]'s watchers to watch [ZvwY]
	Added [jm4C] as watcher for u_8 [IddW]
	Asking u_8 [IddW]'s watchers to watch [ZvwY]
	✅ u_2 [gkoB] Inception Done
	✅ u_3 [qwDl] Inception Done
	Added [bivQ] as watcher for u_9 [UoZL]
	Asking u_9 [UoZL]'s watchers to watch [ZvwY]
	Added [jm4C] as watcher for u_4 [jSlq]
	Asking u_4 [jSlq]'s watchers to watch [ZvwY]
	✅ u_8 [IddW] Inception Done
	Added [2D85] as watcher for u_5 [2muR]
	Added [2D85] as watcher for u_1 [S4Nu]
	Asking u_1 [S4Nu]'s watchers to watch [ZvwY]
	✅ u_9 [UoZL] Inception Done
	✅ u_6 [_wwA] Inception Done
	Added [x5MO] as watcher for u_5 [2muR]
	Asking u_5 [2muR]'s watchers to watch [ZvwY]
	✅ u_0 [4b61] Inception Done
	✅ u_4 [jSlq] Inception Done
	✅ u_1 [S4Nu] Inception Done
	✅ u_5 [2muR] Inception Done
Test 2 (signature verification)
	✅ u_5 [2muR] Message verified
	✅ u_8 [IddW] Message verified
	✅ u_0 [4b61] Message verified
	✅ u_3 [qwDl] Message verified
	✅ u_4 [jSlq] Message verified
	✅ u_2 [gkoB] Message verified
	✅ u_6 [_wwA] Message verified
	✅ u_9 [UoZL] Message verified
	✅ u_1 [S4Nu] Message verified
	✅ u_7 [NCKv] Message verified
Waiting for an incoming message - Test 3 (signature verification after rotation of issuer)
	✅ u_5 [2muR] Message Verified (2)
	✅ u_2 [gkoB] Message Verified (2)
	✅ u_4 [jSlq] Message Verified (2)
	✅ u_9 [UoZL] Message Verified (2)
	✅ u_0 [4b61] Message Verified (2)
	✅ u_1 [S4Nu] Message Verified (2)
	✅ u_7 [NCKv] Message Verified (2)
	✅ u_3 [qwDl] Message Verified (2)
	✅ u_6 [_wwA] Message Verified (2)
	✅ u_8 [IddW] Message Verified (2)
Waiting for an incoming message - Test 4 (valid acdc credential)
skipped--
Waiting for an incoming message - Test 5 (acdc revocation)
skipped--
Waiting for an incoming message - Test 6
u_8 [IddW] Starts Rotation
u_2 [gkoB] Starts Rotation
u_4 [jSlq] Starts Rotation
u_0 [4b61] Starts Rotation
u_7 [NCKv] Starts Rotation
u_1 [S4Nu] Starts Rotation
u_9 [UoZL] Starts Rotation
u_6 [_wwA] Starts Rotation
u_3 [qwDl] Starts Rotation
u_5 [2muR] Starts Rotation
u_2 [gkoB] Ends Rotation
u_2 [gkoB] - Completed Key Rotation
u_1 [S4Nu] Ends Rotation
u_1 [S4Nu] - Completed Key Rotation
u_7 [NCKv] Ends Rotation
u_7 [NCKv] - Completed Key Rotation
u_6 [_wwA] Ends Rotation
u_6 [_wwA] - Completed Key Rotation
u_3 [qwDl] Ends Rotation
u_3 [qwDl] - Completed Key Rotation
u_4 [jSlq] Ends Rotation
u_4 [jSlq] - Completed Key Rotation
u_8 [IddW] Ends Rotation
u_8 [IddW] - Completed Key Rotation
u_9 [UoZL] Ends Rotation
u_9 [UoZL] - Completed Key Rotation
u_0 [4b61] Ends Rotation
u_0 [4b61] - Completed Key Rotation
u_5 [2muR] Ends Rotation
u_5 [2muR] - Completed Key Rotation
Executed 10 users / 10 success / 0 fail
Test 1: 11731ms (1173 p.u.)
Test 2: 1ms (0 p.u.)
Test 3: 940ms (94 p.u.)
Test 4: 9779ms (977 p.u.)
