Waiting for an incoming message - Test 1 (inception)
Error while deserializing http message: Error("EOF while parsing a value", line: 1, column: 0)
	Preparing Data...
	Data is ready, starting users and test1
Incepted: u_0 [24IQ]
Incepted: u_6 [CWFe]
Incepted: u_2 [fOq9]
Incepted: u_4 [33MA]
	Added [x5MO] as watcher for u_0 [24IQ]
	Added [2D85] as watcher for u_6 [CWFe]
Incepted: u_3 [ynnh]
Incepted: u_1 [4NTQ]
Incepted: u_9 [_DT1]
	Added [2D85] as watcher for u_2 [fOq9]
Incepted: u_7 [SOyk]
	Added [x5MO] as watcher for u_4 [33MA]
Incepted: u_8 [Lm65]
Incepted: u_5 [7FBG]
	Added [2D85] as watcher for u_0 [24IQ]
	Added [x5MO] as watcher for u_6 [CWFe]
	Added [bivQ] as watcher for u_3 [ynnh]
	Added [x5MO] as watcher for u_9 [_DT1]
	Added [bivQ] as watcher for u_1 [4NTQ]
	Added [bivQ] as watcher for u_2 [fOq9]
	Added [2D85] as watcher for u_7 [SOyk]
	Added [2D85] as watcher for u_8 [Lm65]
	Added [jm4C] as watcher for u_4 [33MA]
	Added [bivQ] as watcher for u_5 [7FBG]
	Added [bivQ] as watcher for u_0 [24IQ]
	Asking u_0 [24IQ]'s watchers to watch [ZvwY]
	Added [jm4C] as watcher for u_2 [fOq9]
	Asking u_2 [fOq9]'s watchers to watch [ZvwY]
	Added [jm4C] as watcher for u_1 [4NTQ]
	Added [x5MO] as watcher for u_8 [Lm65]
	Added [jm4C] as watcher for u_6 [CWFe]
	Asking u_6 [CWFe]'s watchers to watch [ZvwY]
	Added [jm4C] as watcher for u_9 [_DT1]
	Added [jm4C] as watcher for u_3 [ynnh]
	Added [2D85] as watcher for u_4 [33MA]
	Asking u_4 [33MA]'s watchers to watch [ZvwY]
	Added [bivQ] as watcher for u_7 [SOyk]
	Added [2D85] as watcher for u_5 [7FBG]
	Added [x5MO] as watcher for u_3 [ynnh]
	Asking u_3 [ynnh]'s watchers to watch [ZvwY]
	Added [x5MO] as watcher for u_1 [4NTQ]
	Asking u_1 [4NTQ]'s watchers to watch [ZvwY]
	Added [bivQ] as watcher for u_8 [Lm65]
	Asking u_8 [Lm65]'s watchers to watch [ZvwY]
	Added [jm4C] as watcher for u_7 [SOyk]
	Asking u_7 [SOyk]'s watchers to watch [ZvwY]
	Added [jm4C] as watcher for u_5 [7FBG]
	Asking u_5 [7FBG]'s watchers to watch [ZvwY]
	Added [bivQ] as watcher for u_9 [_DT1]
	Asking u_9 [_DT1]'s watchers to watch [ZvwY]
	✅ u_0 [24IQ] Inception Done
	✅ u_4 [33MA] Inception Done
	✅ u_2 [fOq9] Inception Done
	✅ u_8 [Lm65] Inception Done
	✅ u_3 [ynnh] Inception Done
	✅ u_6 [CWFe] Inception Done
	✅ u_1 [4NTQ] Inception Done
	✅ u_5 [7FBG] Inception Done
	✅ u_9 [_DT1] Inception Done
	✅ u_7 [SOyk] Inception Done
Test 2 (signature verification)
	✅ u_7 [SOyk] Message verified
	✅ u_3 [ynnh] Message verified
	✅ u_2 [fOq9] Message verified
	✅ u_8 [Lm65] Message verified
	✅ u_6 [CWFe] Message verified
	✅ u_5 [7FBG] Message verified
	✅ u_1 [4NTQ] Message verified
	✅ u_4 [33MA] Message verified
	✅ u_0 [24IQ] Message verified
	✅ u_9 [_DT1] Message verified
Waiting for an incoming message - Test 3 (signature verification after rotation of issuer)
	✅ u_5 [7FBG] Message Verified (2)
	✅ u_6 [CWFe] Message Verified (2)
	✅ u_1 [4NTQ] Message Verified (2)
	✅ u_4 [33MA] Message Verified (2)
	✅ u_8 [Lm65] Message Verified (2)
	✅ u_3 [ynnh] Message Verified (2)
	✅ u_7 [SOyk] Message Verified (2)
	✅ u_9 [_DT1] Message Verified (2)
	✅ u_0 [24IQ] Message Verified (2)
	✅ u_2 [fOq9] Message Verified (2)
Waiting for an incoming message - Test 4 (valid acdc credential)
skipped--
Waiting for an incoming message - Test 5 (acdc revocation)
skipped--
Waiting for an incoming message - Test 6
u_2 [fOq9] Starts Rotation
u_7 [SOyk] Starts Rotation
u_9 [_DT1] Starts Rotation
u_1 [4NTQ] Starts Rotation
u_6 [CWFe] Starts Rotation
u_0 [24IQ] Starts Rotation
u_5 [7FBG] Starts Rotation
u_4 [33MA] Starts Rotation
u_3 [ynnh] Starts Rotation
u_8 [Lm65] Starts Rotation
u_2 [fOq9] Ends Rotation
u_2 [fOq9] - Completed Key Rotation
u_0 [24IQ] Ends Rotation
u_0 [24IQ] - Completed Key Rotation
u_9 [_DT1] Ends Rotation
u_9 [_DT1] - Completed Key Rotation
u_3 [ynnh] Ends Rotation
u_3 [ynnh] - Completed Key Rotation
u_1 [4NTQ] Ends Rotation
u_1 [4NTQ] - Completed Key Rotation
u_6 [CWFe] Ends Rotation
u_6 [CWFe] - Completed Key Rotation
u_5 [7FBG] Ends Rotation
u_5 [7FBG] - Completed Key Rotation
u_7 [SOyk] Ends Rotation
u_7 [SOyk] - Completed Key Rotation
u_4 [33MA] Ends Rotation
u_4 [33MA] - Completed Key Rotation
u_8 [Lm65] Ends Rotation
u_8 [Lm65] - Completed Key Rotation
Executed 10 users / 10 success / 0 fail
Test 1: 8672ms (867 p.u.)
Test 2: 1ms (0 p.u.)
Test 3: 874ms (87 p.u.)
Test 4: 13433ms (1343 p.u.)
