Waiting for an incoming message - Test 1 (inception)
Error while deserializing http message: Error("EOF while parsing a value", line: 1, column: 0)
	Preparing Data...
	Data is ready, starting users and test1
Incepted: u_4 [wLE-]
	Added [2D85] as watcher for u_4 [wLE-]
Incepted: u_3 [C7L-]
Incepted: u_1 [Y5j5]
Incepted: u_5 [uDSq]
	Added [x5MO] as watcher for u_4 [wLE-]
Incepted: u_8 [MLCY]
	Added [jm4C] as watcher for u_3 [C7L-]
	Added [x5MO] as watcher for u_1 [Y5j5]
Incepted: u_0 [1kV9]
	Added [2D85] as watcher for u_5 [uDSq]
Incepted: u_6 [YE4e]
Incepted: u_7 [9ieK]
Incepted: u_2 [5DEk]
	Added [jm4C] as watcher for u_4 [wLE-]
	Asking u_4 [wLE-]'s watchers to watch [ZvwY]
	Added [x5MO] as watcher for u_8 [MLCY]
Incepted: u_9 [X_8S]
	Added [x5MO] as watcher for u_3 [C7L-]
	Added [bivQ] as watcher for u_0 [1kV9]
	Added [bivQ] as watcher for u_1 [Y5j5]
	Added [bivQ] as watcher for u_7 [9ieK]
	Added [jm4C] as watcher for u_6 [YE4e]
	Added [2D85] as watcher for u_2 [5DEk]
	Added [x5MO] as watcher for u_5 [uDSq]
	Added [2D85] as watcher for u_8 [MLCY]
	Added [x5MO] as watcher for u_9 [X_8S]
	✅ u_4 [wLE-] Inception Done
	Added [2D85] as watcher for u_3 [C7L-]
	Asking u_3 [C7L-]'s watchers to watch [ZvwY]
	Added [jm4C] as watcher for u_5 [uDSq]
	Asking u_5 [uDSq]'s watchers to watch [ZvwY]
	Added [x5MO] as watcher for u_2 [5DEk]
	Added [x5MO] as watcher for u_6 [YE4e]
	Added [jm4C] as watcher for u_0 [1kV9]
	Added [jm4C] as watcher for u_1 [Y5j5]
	Asking u_1 [Y5j5]'s watchers to watch [ZvwY]
	Added [bivQ] as watcher for u_9 [X_8S]
	Added [x5MO] as watcher for u_7 [9ieK]
	✅ u_3 [C7L-] Inception Done
	Added [bivQ] as watcher for u_8 [MLCY]
	Asking u_8 [MLCY]'s watchers to watch [ZvwY]
	Added [2D85] as watcher for u_7 [9ieK]
	Asking u_7 [9ieK]'s watchers to watch [ZvwY]
	✅ u_5 [uDSq] Inception Done
	Added [jm4C] as watcher for u_2 [5DEk]
	Asking u_2 [5DEk]'s watchers to watch [ZvwY]
	Added [bivQ] as watcher for u_6 [YE4e]
	Asking u_6 [YE4e]'s watchers to watch [ZvwY]
	Added [x5MO] as watcher for u_0 [1kV9]
	Asking u_0 [1kV9]'s watchers to watch [ZvwY]
	✅ u_1 [Y5j5] Inception Done
	✅ u_8 [MLCY] Inception Done
	Added [jm4C] as watcher for u_9 [X_8S]
	Asking u_9 [X_8S]'s watchers to watch [ZvwY]
	✅ u_7 [9ieK] Inception Done
	✅ u_9 [X_8S] Inception Done
	✅ u_0 [1kV9] Inception Done
	✅ u_2 [5DEk] Inception Done
	✅ u_6 [YE4e] Inception Done
Test 2 (signature verification)
	✅ u_6 [YE4e] Message verified
	✅ u_8 [MLCY] Message verified
	✅ u_7 [9ieK] Message verified
	✅ u_0 [1kV9] Message verified
	✅ u_5 [uDSq] Message verified
	✅ u_4 [wLE-] Message verified
	✅ u_1 [Y5j5] Message verified
	✅ u_9 [X_8S] Message verified
	✅ u_2 [5DEk] Message verified
	✅ u_3 [C7L-] Message verified
Waiting for an incoming message - Test 3 (signature verification after rotation of issuer)
	✅ u_7 [9ieK] Message Verified (2)
	✅ u_3 [C7L-] Message Verified (2)
	✅ u_8 [MLCY] Message Verified (2)
	✅ u_4 [wLE-] Message Verified (2)
	✅ u_1 [Y5j5] Message Verified (2)
	✅ u_2 [5DEk] Message Verified (2)
	✅ u_5 [uDSq] Message Verified (2)
	✅ u_9 [X_8S] Message Verified (2)
	✅ u_0 [1kV9] Message Verified (2)
	✅ u_6 [YE4e] Message Verified (2)
Waiting for an incoming message - Test 4 (valid acdc credential)
skipped--
Waiting for an incoming message - Test 5 (acdc revocation)
skipped--
Waiting for an incoming message - Test 6
u_6 [YE4e] Starts Rotation
u_1 [Y5j5] Starts Rotation
u_5 [uDSq] Starts Rotation
u_2 [5DEk] Starts Rotation
u_4 [wLE-] Starts Rotation
u_3 [C7L-] Starts Rotation
u_9 [X_8S] Starts Rotation
u_0 [1kV9] Starts Rotation
u_8 [MLCY] Starts Rotation
u_7 [9ieK] Starts Rotation
u_3 [C7L-] Ends Rotation
u_3 [C7L-] - Completed Key Rotation
u_5 [uDSq] Ends Rotation
u_5 [uDSq] - Completed Key Rotation
u_2 [5DEk] Ends Rotation
u_2 [5DEk] - Completed Key Rotation
u_4 [wLE-] Ends Rotation
u_4 [wLE-] - Completed Key Rotation
u_6 [YE4e] Ends Rotation
u_6 [YE4e] - Completed Key Rotation
u_7 [9ieK] Ends Rotation
u_7 [9ieK] - Completed Key Rotation
u_0 [1kV9] Ends Rotation
u_0 [1kV9] - Completed Key Rotation
u_1 [Y5j5] Ends Rotation
u_1 [Y5j5] - Completed Key Rotation
u_8 [MLCY] Ends Rotation
u_8 [MLCY] - Completed Key Rotation
u_9 [X_8S] Ends Rotation
u_9 [X_8S] - Completed Key Rotation
Executed 10 users / 10 success / 0 fail
Test 1: 12789ms (1278 p.u.)
Test 2: 4ms (0 p.u.)
Test 3: 798ms (79 p.u.)
Test 4: 11843ms (1184 p.u.)
