Waiting for an incoming message - Test 1 (inception)
Error while deserializing http message: Error("EOF while parsing a value", line: 1, column: 0)
	Preparing Data...
	Data is ready, starting users and test1
Incepted: u_0 [4qJg]
Incepted: u_8 [t_39]
Incepted: u_5 [Jyfp]
Incepted: u_2 [HNzP]
Incepted: u_3 [DF8B]
Incepted: u_9 [FlSQ]
Incepted: u_1 [u0km]
Incepted: u_6 [EPaw]
Incepted: u_4 [PHgI]
Incepted: u_7 [xmLS]
	Added [2D85] as watcher for u_8 [t_39]
	Added [jm4C] as watcher for u_0 [4qJg]
	Added [bivQ] as watcher for u_5 [Jyfp]
	Added [bivQ] as watcher for u_9 [FlSQ]
	Added [jm4C] as watcher for u_2 [HNzP]
	Added [x5MO] as watcher for u_1 [u0km]
	Added [2D85] as watcher for u_4 [PHgI]
	Added [x5MO] as watcher for u_6 [EPaw]
	Added [2D85] as watcher for u_3 [DF8B]
	Added [bivQ] as watcher for u_0 [4qJg]
	Added [x5MO] as watcher for u_8 [t_39]
	Added [jm4C] as watcher for u_7 [xmLS]
	Added [x5MO] as watcher for u_5 [Jyfp]
	Added [2D85] as watcher for u_2 [HNzP]
	Added [x5MO] as watcher for u_4 [PHgI]
	Added [bivQ] as watcher for u_8 [t_39]
	Asking u_8 [t_39]'s watchers to watch [ZvwY]
	Added [2D85] as watcher for u_9 [FlSQ]
	Added [jm4C] as watcher for u_1 [u0km]
	Added [2D85] as watcher for u_6 [EPaw]
	Added [jm4C] as watcher for u_3 [DF8B]
	Added [2D85] as watcher for u_0 [4qJg]
	Asking u_0 [4qJg]'s watchers to watch [ZvwY]
	Added [2D85] as watcher for u_5 [Jyfp]
	Asking u_5 [Jyfp]'s watchers to watch [ZvwY]
	Added [x5MO] as watcher for u_2 [HNzP]
	Asking u_2 [HNzP]'s watchers to watch [ZvwY]
	✅ u_8 [t_39] Inception Done
	Added [x5MO] as watcher for u_9 [FlSQ]
	Asking u_9 [FlSQ]'s watchers to watch [ZvwY]
	✅ u_0 [4qJg] Inception Done
	Added [bivQ] as watcher for u_4 [PHgI]
	Asking u_4 [PHgI]'s watchers to watch [ZvwY]
	Added [x5MO] as watcher for u_3 [DF8B]
	Asking u_3 [DF8B]'s watchers to watch [ZvwY]
	Added [2D85] as watcher for u_7 [xmLS]
	Added [bivQ] as watcher for u_6 [EPaw]
	Asking u_6 [EPaw]'s watchers to watch [ZvwY]
	✅ u_2 [HNzP] Inception Done
	✅ u_9 [FlSQ] Inception Done
	Added [2D85] as watcher for u_1 [u0km]
	Asking u_1 [u0km]'s watchers to watch [ZvwY]
	✅ u_3 [DF8B] Inception Done
	Added [bivQ] as watcher for u_7 [xmLS]
	Asking u_7 [xmLS]'s watchers to watch [ZvwY]
	✅ u_5 [Jyfp] Inception Done
	✅ u_4 [PHgI] Inception Done
	✅ u_6 [EPaw] Inception Done
	✅ u_1 [u0km] Inception Done
	✅ u_7 [xmLS] Inception Done
Test 2 (signature verification)
	✅ u_7 [xmLS] Message verified
	✅ u_2 [HNzP] Message verified
	✅ u_8 [t_39] Message verified
	✅ u_4 [PHgI] Message verified
	✅ u_5 [Jyfp] Message verified
	✅ u_6 [EPaw] Message verified
	✅ u_1 [u0km] Message verified
	✅ u_3 [DF8B] Message verified
	✅ u_0 [4qJg] Message verified
	✅ u_9 [FlSQ] Message verified
Waiting for an incoming message - Test 3 (signature verification after rotation of issuer)
	✅ u_5 [Jyfp] Message Verified (2)
	✅ u_7 [xmLS] Message Verified (2)
	✅ u_2 [HNzP] Message Verified (2)
	✅ u_3 [DF8B] Message Verified (2)
	✅ u_4 [PHgI] Message Verified (2)
	✅ u_0 [4qJg] Message Verified (2)
	✅ u_8 [t_39] Message Verified (2)
	✅ u_1 [u0km] Message Verified (2)
	✅ u_6 [EPaw] Message Verified (2)
	✅ u_9 [FlSQ] Message Verified (2)
Waiting for an incoming message - Test 4 (valid acdc credential)
skipped--
Waiting for an incoming message - Test 5 (acdc revocation)
skipped--
Waiting for an incoming message - Test 6
u_9 [FlSQ] Starts Rotation
u_0 [4qJg] Starts Rotation
u_2 [HNzP] Starts Rotation
u_8 [t_39] Starts Rotation
u_3 [DF8B] Starts Rotation
u_5 [Jyfp] Starts Rotation
u_6 [EPaw] Starts Rotation
u_4 [PHgI] Starts Rotation
u_7 [xmLS] Starts Rotation
u_1 [u0km] Starts Rotation
u_8 [t_39] Ends Rotation
u_8 [t_39] - Completed Key Rotation
u_5 [Jyfp] Ends Rotation
u_5 [Jyfp] - Completed Key Rotation
u_4 [PHgI] Ends Rotation
u_4 [PHgI] - Completed Key Rotation
u_0 [4qJg] Ends Rotation
u_0 [4qJg] - Completed Key Rotation
u_1 [u0km] Ends Rotation
u_1 [u0km] - Completed Key Rotation
u_2 [HNzP] Ends Rotation
u_2 [HNzP] - Completed Key Rotation
u_7 [xmLS] Ends Rotation
u_7 [xmLS] - Completed Key Rotation
u_3 [DF8B] Ends Rotation
u_3 [DF8B] - Completed Key Rotation
u_6 [EPaw] Ends Rotation
u_6 [EPaw] - Completed Key Rotation
u_9 [FlSQ] Ends Rotation
u_9 [FlSQ] - Completed Key Rotation
Executed 10 users / 10 success / 0 fail
Test 1: 12583ms (1258 p.u.)
Test 2: 1ms (0 p.u.)
Test 3: 690ms (69 p.u.)
Test 4: 10403ms (1040 p.u.)
