2024-08-13 14:49:26,9.7,17.6797,167776256,147815,26657479
2024-08-13 14:49:31,0,18.1925,172642304,296254,43519767
2024-08-13 14:49:37,0,18.1925,172642304,296344,43519843
2024-08-13 14:49:42,0,18.2183,172888064,296704,43520147
2024-08-13 14:49:47,6.2,18.2175,172879872,296704,43520147
2024-08-13 14:49:52,6.2,18.2175,172879872,296704,43520147
2024-08-13 14:49:57,6,18.2447,173137920,296794,43520223
2024-08-13 14:50:02,3.2,18.2719,173395968,296836,43520251
2024-08-13 14:50:08,3.2,18.2991,173654016,296836,43520251
2024-08-13 14:50:13,3.2,18.3263,173912064,296926,43520327
2024-08-13 14:50:18,3,18.3263,173912064,296968,43520355
2024-08-13 14:50:23,3.2,18.3258,173907968,296968,43520355
2024-08-13 14:50:28,3.2,18.353,174166016,297058,43520431
2024-08-13 14:50:33,3.2,18.3534,174170112,297058,43520431
2024-08-13 14:50:39,3.2,18.4281,174878720,299160,43522490
2024-08-13 14:50:44,3.1,18.4277,174874624,299610,43522870
2024-08-13 14:50:49,3.1,18.4277,174874624,299610,43522870
2024-08-13 14:50:54,3.2,18.4281,174878720,299610,43522870
2024-08-13 14:50:59,0,18.4281,174878720,299742,43522974
2024-08-13 14:51:05,0,18.4281,174878720,299880,43522974
2024-08-13 14:51:10,0,18.4285,174882816,299880,43522974
2024-08-13 14:51:15,0,18.4285,174882816,299970,43523050
2024-08-13 14:51:20,0,18.4268,174866432,300082,43523078
2024-08-13 14:51:25,0,18.4268,174866432,300082,43523078
2024-08-13 14:51:30,0,18.4536,175120384,300082,43523078
2024-08-13 14:51:36,0,18.5624,176152576,300172,43523154
2024-08-13 14:51:41,0,18.6983,177442816,300172,43523154
2024-08-13 14:51:46,0,18.6983,177442816,300352,43523306
2024-08-13 14:51:51,0,18.6966,177426432,300622,43523534
2024-08-13 14:51:56,0,18.6944,177405952,302766,43525621
2024-08-13 14:52:02,0,18.7221,177668096,302766,43525621
2024-08-13 14:52:07,0,18.7764,178184192,302856,43525697
2024-08-13 14:52:12,0,18.7764,178184192,302856,43525697
2024-08-13 14:52:17,0,18.7764,178184192,302856,43525697
2024-08-13 14:52:22,0,18.7795,178212864,302946,43525773
2024-08-13 14:52:27,3.1,18.7795,178212864,302946,43525773
2024-08-13 14:52:33,3.2,18.7795,178212864,302946,43525773
2024-08-13 14:52:38,0,18.7795,178212864,303036,43525849
2024-08-13 14:52:43,0,18.7795,178212864,303078,43525877
2024-08-13 14:52:48,6.1,18.7795,178212864,303078,43525877
2024-08-13 14:52:53,3.2,18.7795,178212864,303766,43526423
2024-08-13 14:52:59,3.2,18.7795,178212864,303766,43526423
2024-08-13 14:53:04,3.2,18.7795,178212864,303766,43526423
2024-08-13 14:53:09,3.2,23.5295,223289344,582223,43732326
2024-08-13 14:53:14,3,23.5554,223535104,582223,43732326
2024-08-13 14:53:19,0,23.5545,223526912,582223,43732326
2024-08-13 14:53:24,0,23.5804,223772672,582313,43732402
2024-08-13 14:53:30,0,23.5804,223772672,582313,43732402
2024-08-13 14:53:35,0,23.662,224546816,582313,43732402
2024-08-13 14:53:40,0,23.6892,224804864,582313,43732402
2024-08-13 14:53:45,6,23.6892,224804864,582403,43732478
2024-08-13 14:53:50,3.2,23.7164,225062912,582445,43732506
2024-08-13 14:53:55,3.2,24.6577,233996288,615115,43924750
2024-08-13 14:54:01,3.2,24.6577,233996288,615385,43924978
2024-08-13 14:54:06,3.2,24.6577,233996288,615385,43924978
2024-08-13 14:54:11,0,24.6577,233996288,615385,43924978
2024-08-13 14:54:16,0,18.5179,175730688,722486,43980388
2024-08-13 14:54:21,0,18.6254,176750592,722486,43980388
2024-08-13 14:54:27,0,18.6798,177266688,722486,43980388
2024-08-13 14:54:32,6,18.7065,177520640,722576,43980464
2024-08-13 14:54:37,6.2,18.7229,177676288,722576,43980464
