2024-08-13 14:48:57,12.4,17.8437,169332736,148602,26102913
2024-08-13 14:49:02,0,18.4484,175071232,261653,42964785
2024-08-13 14:49:07,0,18.4484,175071232,261653,42964785
2024-08-13 14:49:12,0,18.4484,175071232,261743,42964861
2024-08-13 14:49:17,0,18.4484,175071232,261813,42964861
2024-08-13 14:49:23,0,18.5844,176361472,261951,42964861
2024-08-13 14:49:28,6.2,18.6646,177123328,262041,42964937
2024-08-13 14:49:33,0,18.6646,177123328,262041,42964937
2024-08-13 14:49:38,0,18.6638,177115136,262041,42964937
2024-08-13 14:49:43,0,18.6638,177115136,262533,42965345
2024-08-13 14:49:49,0,18.691,177373184,262575,42965373
2024-08-13 14:49:54,0,18.7726,178147328,262575,42965373
2024-08-13 14:49:59,0,18.7726,178147328,262665,42965449
2024-08-13 14:50:04,3.1,18.7726,178147328,262665,42965449
2024-08-13 14:50:09,3.2,18.7726,178147328,262665,42965449
2024-08-13 14:50:14,3.2,18.7726,178147328,262755,42965525
2024-08-13 14:50:20,3.2,18.7743,178163712,262755,42965525
2024-08-13 14:50:25,3,18.7743,178163712,262755,42965525
2024-08-13 14:50:30,3.2,18.8287,178679808,262899,42965647
2024-08-13 14:50:35,6.1,18.9629,179953664,262983,42965703
2024-08-13 14:50:40,0,19.1502,181731328,265151,42967763
2024-08-13 14:50:46,0,19.1502,181731328,265511,42968067
2024-08-13 14:50:51,0,19.1498,181727232,265601,42968143
2024-08-13 14:50:56,3.2,19.1498,181727232,265601,42968143
2024-08-13 14:51:01,3.2,19.1498,181727232,265601,42968143
2024-08-13 14:51:06,0,19.1498,181727232,265691,42968219
2024-08-13 14:51:11,3.1,19.177,181985280,265691,42968219
2024-08-13 14:51:17,3.2,19.2314,182501376,265899,42968219
2024-08-13 14:51:22,0,19.2586,182759424,265989,42968295
2024-08-13 14:51:27,3.2,19.2586,182759424,266031,42968323
2024-08-13 14:51:32,0,19.3401,183533568,266073,42968351
2024-08-13 14:51:37,0,19.4217,184307712,266163,42968427
2024-08-13 14:51:43,0,19.4761,184823808,266163,42968427
2024-08-13 14:51:48,6.2,19.5033,185081856,266253,42968503
2024-08-13 14:51:53,3.2,19.4994,185044992,268847,42970867
2024-08-13 14:51:58,0,19.4994,185044992,268847,42970867
2024-08-13 14:52:03,6,19.5262,185298944,268847,42970867
2024-08-13 14:52:08,6.2,19.5262,185298944,268937,42970943
2024-08-13 14:52:14,0,19.5262,185298944,268937,42970943
2024-08-13 14:52:19,0,19.5262,185298944,268937,42970943
2024-08-13 14:52:24,0,19.6345,186327040,269027,42971019
2024-08-13 14:52:29,0,19.6345,186327040,269069,42971047
2024-08-13 14:52:34,0,19.6345,186327040,269069,42971047
2024-08-13 14:52:40,0,19.6345,186327040,269159,42971123
2024-08-13 14:52:45,0,19.6345,186327040,269201,42971151
2024-08-13 14:52:50,0,19.6345,186327040,269201,42971151
2024-08-13 14:52:55,3.2,19.6345,186327040,269561,42971455
2024-08-13 14:53:00,6,19.6345,186327040,269651,42971531
2024-08-13 14:53:06,96.5,24.2403,230035456,536903,43160315
2024-08-13 14:53:11,0,24.2749,230363136,548166,43177463
2024-08-13 14:53:16,3.1,24.2749,230363136,548256,43177539
2024-08-13 14:53:21,3,24.2749,230363136,548256,43177539
2024-08-13 14:53:26,0,24.2749,230363136,548298,43177567
2024-08-13 14:53:31,3.1,24.2749,230363136,548388,43177643
2024-08-13 14:53:37,3.2,24.2749,230363136,548388,43177643
2024-08-13 14:53:42,6.2,24.2749,230363136,548388,43177643
2024-08-13 14:53:47,0,24.2749,230363136,548478,43177719
2024-08-13 14:53:52,3.1,24.8891,236191744,581343,43369891
2024-08-13 14:53:57,3.2,24.915,236437504,581433,43369967
2024-08-13 14:54:03,3.1,24.915,236437504,581793,43370271
2024-08-13 14:54:08,3.2,24.905,236343296,581847,43370317
2024-08-13 14:54:13,12.1,18.3288,173936640,688854,43425702
2024-08-13 14:54:18,3.2,18.3599,174231552,688944,43425778
2024-08-13 14:54:23,0,18.4687,175263744,688986,43425806
2024-08-13 14:54:28,3.2,18.4687,175263744,688986,43425806
2024-08-13 14:54:34,6.2,18.4687,175263744,689076,43425882
2024-08-13 14:54:39,0,18.4687,175263744,689076,43425882
2024-08-13 14:54:44,0,18.4687,175263744,689076,43425882
