2024-08-13 14:50:28,9.7,17.7743,168673280,156731,27634487
2024-08-13 14:50:34,0,18.4986,175546368,259432,43518255
2024-08-13 14:50:39,3.1,18.6328,176820224,259522,43518331
2024-08-13 14:50:44,3,18.66,177078272,259522,43518331
2024-08-13 14:50:49,0,18.66,177078272,259522,43518331
2024-08-13 14:50:54,3.1,18.6583,177061888,259744,43518511
2024-08-13 14:51:00,0,18.6872,177336320,260014,43518739
2024-08-13 14:51:05,3,18.6872,177336320,260014,43518739
2024-08-13 14:51:10,3,18.6872,177336320,260072,43518831
2024-08-13 14:51:15,0,18.6867,177332224,260232,43518907
2024-08-13 14:51:20,5.8,18.7126,177577984,260274,43518935
2024-08-13 14:51:26,3,18.7109,177561600,260412,43518935
2024-08-13 14:51:31,2.9,18.7381,177819648,262538,43521071
2024-08-13 14:51:36,0,18.7398,177836032,262538,43521071
2024-08-13 14:51:41,0,18.7398,177836032,262538,43521071
2024-08-13 14:51:46,0,18.7398,177836032,262628,43521147
2024-08-13 14:51:52,3.1,18.7394,177831936,262670,43521175
2024-08-13 14:51:57,3.1,18.7394,177831936,262670,43521175
2024-08-13 14:52:02,2.8,18.7394,177831936,263120,43521555
2024-08-13 14:52:07,8.4,18.7394,177831936,263120,43521555
2024-08-13 14:52:12,6.2,18.7398,177836032,263120,43521555
2024-08-13 14:52:18,3.1,18.7416,177852416,263210,43521631
2024-08-13 14:52:23,0,18.7416,177852416,263252,43521659
2024-08-13 14:52:28,6.2,18.7687,178110464,263252,43521659
2024-08-13 14:52:33,2.9,18.764,178065408,263342,43521735
2024-08-13 14:52:38,3.1,18.7899,178311168,263342,43521735
2024-08-13 14:52:44,6,18.8439,178823168,263342,43521735
2024-08-13 14:52:49,5.7,18.8439,178823168,263474,43521839
2024-08-13 14:52:54,3,18.8439,178823168,263474,43521839
2024-08-13 14:52:59,0,18.871,179081216,263474,43521839
2024-08-13 14:53:05,0,18.9798,180113408,263834,43522143
2024-08-13 14:53:10,81.9,24.6954,234352640,405008,43607233
2024-08-13 14:53:15,0,24.7083,234475520,542323,43729112
2024-08-13 14:53:20,3.2,24.7083,234475520,542551,43729188
2024-08-13 14:53:25,3,24.7083,234475520,542551,43729188
2024-08-13 14:53:31,5.8,24.707,234463232,544653,43731248
2024-08-13 14:53:36,6.2,24.707,234463232,544653,43731248
2024-08-13 14:53:41,3,24.7329,234708992,544743,43731324
2024-08-13 14:53:46,3.1,24.7329,234708992,544785,43731352
2024-08-13 14:53:52,3.1,24.7329,234708992,544785,43731352
2024-08-13 14:53:57,0,25.2384,239505408,575525,43921513
2024-08-13 14:54:02,2.9,25.2384,239505408,575525,43921513
2024-08-13 14:54:07,3.2,25.2384,239505408,575705,43921665
2024-08-13 14:54:12,6.2,25.2384,239505408,575975,43921893
2024-08-13 14:54:18,75.8,25.231,239435776,628736,43948846
2024-08-13 14:54:23,5.7,18.0074,170885120,683106,43981589
2024-08-13 14:54:28,0,18.1148,171905024,683196,43981665
2024-08-13 14:54:33,3,18.1148,171905024,683591,43981958
2024-08-13 14:54:38,2.9,18.1692,172421120,683633,43981986
2024-08-13 14:54:44,6,18.1964,172679168,683723,43982062
2024-08-13 14:54:49,0,18.1968,172683264,683723,43982062
2024-08-13 14:54:54,0,18.1977,172691456,683793,43982062
