2024-08-13 14:52:32,23.5,17.709,168054784,225545,35316971
2024-08-13 14:52:38,5.7,18.2732,173408256,306640,43558507
2024-08-13 14:52:43,3.2,18.3271,173920256,306730,43558583
2024-08-13 14:52:48,0,18.353,174166016,306730,43558583
2024-08-13 14:52:53,0,18.353,174166016,306730,43558583
2024-08-13 14:52:58,0,18.353,174166016,306820,43558659
2024-08-13 14:53:04,6,18.353,174166016,306862,43558687
2024-08-13 14:53:09,0,18.353,174166016,306862,43558687
2024-08-13 14:53:14,67.6,22.4828,213356544,310232,43560438
2024-08-13 14:53:19,56.3,24.2822,230432768,465646,43655732
2024-08-13 14:53:24,8.8,24.2947,230551552,585901,43775659
2024-08-13 14:53:30,0,24.3219,230809600,585991,43775735
2024-08-13 14:53:35,0,24.3219,230809600,585991,43775735
2024-08-13 14:53:40,3.2,24.3219,230809600,585991,43775735
2024-08-13 14:53:45,3.2,24.4566,232087552,588027,43777794
2024-08-13 14:53:50,0,24.4566,232087552,588117,43777870
2024-08-13 14:53:56,3.1,24.4833,232341504,588117,43777870
2024-08-13 14:54:01,3.1,24.4833,232341504,588117,43777870
2024-08-13 14:54:06,0,24.9081,236371968,619125,43968028
2024-08-13 14:54:11,0,24.9081,236371968,619167,43968056
2024-08-13 14:54:17,0,24.9081,236371968,619479,43968312
2024-08-13 14:54:22,2.9,24.9331,236609536,619659,43968464
2024-08-13 14:54:27,25,25.2866,239964160,661897,43986941
2024-08-13 14:54:32,3.2,18.2853,173522944,726662,44028007
2024-08-13 14:54:37,3.1,18.3124,173780992,726794,44028111
2024-08-13 14:54:43,3.2,18.3124,173780992,726794,44028111
2024-08-13 14:54:48,3,18.3103,173760512,726794,44028111
2024-08-13 14:54:53,0,18.3103,173760512,726884,44028187
2024-08-13 14:54:58,3.2,18.3362,174006272,726884,44028187
2024-08-13 14:55:03,3.1,18.3362,174006272,726884,44028187
2024-08-13 14:55:09,6.2,18.3362,174006272,727016,44028291
2024-08-13 14:55:14,0,18.3634,174264320,727196,44028319
2024-08-13 14:55:19,3.1,18.4437,175026176,727266,44028379
