2024-08-13 14:50:25,12.1,17.7228,168185856,154540,27080511
2024-08-13 14:50:30,3.2,18.1148,171905024,264375,43521091
2024-08-13 14:50:35,3.2,18.1148,171905024,264465,43521167
2024-08-13 14:50:40,3.1,18.1148,171905024,264465,43521167
2024-08-13 14:50:45,0,18.1139,171896832,264465,43521167
2024-08-13 14:50:51,0,18.1398,172142592,264735,43521395
2024-08-13 14:50:56,0,18.1389,172134400,264957,43521575
2024-08-13 14:51:01,6.2,18.1389,172134400,265095,43521575
2024-08-13 14:51:06,3.1,18.1407,172150784,265095,43521575
2024-08-13 14:51:11,3.1,18.1407,172150784,265185,43521651
2024-08-13 14:51:16,3.2,18.1411,172154880,265227,43521679
2024-08-13 14:51:22,0,18.1411,172154880,265227,43521679
2024-08-13 14:51:27,0,18.1411,172154880,265387,43521755
2024-08-13 14:51:32,0,18.1411,172154880,265429,43521783
2024-08-13 14:51:37,0,18.1411,172154880,265429,43521783
2024-08-13 14:51:42,3.2,18.1411,172154880,265519,43521859
2024-08-13 14:51:48,3.2,18.1411,172154880,265519,43521859
2024-08-13 14:51:53,3.2,18.1411,172154880,265519,43521859
2024-08-13 14:51:58,0,18.1411,172154880,265969,43522239
2024-08-13 14:52:03,0,18.1411,172154880,266011,43522267
2024-08-13 14:52:08,0,18.1411,172154880,266011,43522267
2024-08-13 14:52:13,0,18.3254,173903872,268245,43524431
2024-08-13 14:52:19,0,18.3263,173912064,268245,43524431
2024-08-13 14:52:24,0,18.3263,173912064,268245,43524431
2024-08-13 14:52:29,3.2,18.3263,173912064,268389,43524599
2024-08-13 14:52:34,0,18.3263,173912064,268389,43524599
2024-08-13 14:52:39,0,18.3263,173912064,268389,43524599
2024-08-13 14:52:45,0,18.3263,173912064,268479,43524675
2024-08-13 14:52:50,0,18.3263,173912064,268521,43524703
2024-08-13 14:52:55,3.1,18.3263,173912064,268659,43524703
2024-08-13 14:53:00,0,18.3263,173912064,268839,43524855
2024-08-13 14:53:05,0,18.3263,173912064,269109,43525083
2024-08-13 14:53:10,96.9,23.9853,227614720,488319,43650797
2024-08-13 14:53:16,0,24.0245,227987456,547564,43731659
2024-08-13 14:53:21,0,24.0245,227987456,547654,43731735
2024-08-13 14:53:26,6.2,24.0245,227987456,547654,43731735
2024-08-13 14:53:31,0,24.0245,227987456,547654,43731735
2024-08-13 14:53:36,0,24.0517,228245504,547744,43731811
2024-08-13 14:53:42,0,24.0517,228245504,547744,43731811
2024-08-13 14:53:47,6.2,24.0517,228245504,547744,43731811
2024-08-13 14:53:52,3.2,24.132,229007360,547834,43731887
2024-08-13 14:53:57,3.1,24.4445,231972864,578391,43921945
2024-08-13 14:54:02,0,24.4445,231972864,578433,43921973
2024-08-13 14:54:07,0,24.4436,231964672,578883,43922353
2024-08-13 14:54:13,0,24.4669,232185856,580919,43924413
2024-08-13 14:54:18,80.7,24.7514,234885120,643600,43954945
2024-08-13 14:54:23,0,18.4946,175509504,688078,43984072
2024-08-13 14:54:28,0,18.7108,177561600,688078,43984072
2024-08-13 14:54:33,0,18.9012,179367936,688078,43984072
2024-08-13 14:54:39,0,19.1442,181673984,688168,43984148
2024-08-13 14:54:44,0,19.1986,182190080,688306,43984148
2024-08-13 14:54:49,6.2,19.2258,182448128,688306,43984148
2024-08-13 14:54:54,0,19.2258,182448128,688396,43984224
