2024-08-13 14:50:25,6,17.6723,167706624,166854,28999737
2024-08-13 14:50:30,3,18.2641,173322240,259193,43558929
2024-08-13 14:50:36,3,18.2641,173322240,259193,43558929
2024-08-13 14:50:41,3.1,18.2641,173322240,259283,43559005
2024-08-13 14:50:46,2.9,18.2641,173322240,259283,43559005
2024-08-13 14:50:51,0,18.2641,173322240,259283,43559005
2024-08-13 14:50:57,0,18.2637,173318144,259733,43559385
2024-08-13 14:51:02,0,18.3452,174092288,259775,43559413
2024-08-13 14:51:07,0,18.3724,174350336,259775,43559413
2024-08-13 14:51:12,3,18.3724,174350336,259865,43559489
2024-08-13 14:51:17,0,18.3724,174350336,259865,43559489
2024-08-13 14:51:22,0,18.3724,174350336,260003,43559489
2024-08-13 14:51:28,3.1,18.3724,174350336,260135,43559593
2024-08-13 14:51:33,6.1,18.3724,174350336,260205,43559593
2024-08-13 14:51:38,0,18.4255,174854144,260205,43559593
2024-08-13 14:51:43,0,18.5071,175628288,262859,43561833
2024-08-13 14:51:48,2.9,18.5071,175628288,262991,43561833
2024-08-13 14:51:54,3,18.5054,175611904,263123,43561833
2024-08-13 14:51:59,8.6,18.5054,175611904,263705,43562213
2024-08-13 14:52:04,3.2,18.5054,175611904,263705,43562213
2024-08-13 14:52:09,3.1,18.5071,175628288,263705,43562213
2024-08-13 14:52:14,3.2,18.5071,175628288,263927,43562289
2024-08-13 14:52:20,3.1,18.5071,175628288,263969,43562317
2024-08-13 14:52:25,0,18.5071,175628288,264011,43562345
2024-08-13 14:52:30,0,18.5067,175624192,264101,43562421
2024-08-13 14:52:35,3.1,18.5067,175624192,264101,43562421
2024-08-13 14:52:41,0,18.5067,175624192,264101,43562421
2024-08-13 14:52:46,3.2,18.5045,175603712,264191,43562497
2024-08-13 14:52:51,6,18.5045,175603712,264233,43562525
2024-08-13 14:52:56,6.1,18.5045,175603712,264233,43562525
2024-08-13 14:53:01,3.2,18.5045,175603712,264323,43562601
2024-08-13 14:53:07,0,18.5045,175603712,264683,43562905
2024-08-13 14:53:12,81.2,23.8338,226177024,508388,43715812
2024-08-13 14:53:17,0,23.8523,226353152,543092,43770004
2024-08-13 14:53:22,3,23.8502,226332672,543320,43770080
2024-08-13 14:53:27,3,23.8752,226570240,543320,43770080
2024-08-13 14:53:33,3.2,23.8752,226570240,543320,43770080
2024-08-13 14:53:38,0,23.8752,226570240,543410,43770156
2024-08-13 14:53:43,3,23.8752,226570240,545644,43772216
2024-08-13 14:53:48,0,23.9011,226816000,545644,43772216
2024-08-13 14:53:53,0,23.9011,226816000,545734,43772292
2024-08-13 14:53:59,3.1,24.4618,232136704,575928,43962321
2024-08-13 14:54:04,0,24.4877,232382464,575928,43962321
2024-08-13 14:54:09,6,24.4877,232382464,576432,43962747
2024-08-13 14:54:14,0,24.4877,232382464,576474,43962775
2024-08-13 14:54:19,19.3,24.7389,234766336,676828,44014308
2024-08-13 14:54:25,3.1,18.7708,178130944,683559,44022497
2024-08-13 14:54:30,3.1,18.8511,178892800,683559,44022497
2024-08-13 14:54:35,3.2,18.8787,179154944,683559,44022497
2024-08-13 14:54:40,3,18.8783,179150848,683649,44022573
2024-08-13 14:54:45,0,18.8787,179154944,683649,44022573
2024-08-13 14:54:51,3.1,18.8787,179154944,683649,44022573
2024-08-13 14:54:56,25,19.0389,180674560,694830,44028401
