2024-08-13 14:50:31,12.5,17.6715,167698432,181172,27334397
2024-08-13 14:50:36,0,18.2421,173113344,298745,43548277
2024-08-13 14:50:41,0,18.2421,173113344,298835,43548353
2024-08-13 14:50:47,0,18.2693,173371392,298835,43548353
2024-08-13 14:50:52,3,18.3237,173887488,298835,43548353
2024-08-13 14:50:57,3.2,18.4048,174657536,299285,43548733
2024-08-13 14:51:02,3.1,18.4592,175173632,299327,43548761
2024-08-13 14:51:08,0,18.486,175427584,299327,43548761
2024-08-13 14:51:13,3.2,18.486,175427584,299417,43548837
2024-08-13 14:51:18,3.1,18.486,175427584,299529,43548865
2024-08-13 14:51:23,6.2,18.486,175427584,299667,43548865
2024-08-13 14:51:28,0,18.486,175427584,299757,43548941
2024-08-13 14:51:34,0,18.486,175427584,301859,43551001
2024-08-13 14:51:39,0,18.486,175427584,301859,43551001
2024-08-13 14:51:44,3.1,18.486,175427584,301949,43551077
2024-08-13 14:51:49,3.2,18.486,175427584,301949,43551077
2024-08-13 14:51:54,0,18.5403,175943680,301949,43551077
2024-08-13 14:52:00,2.5,18.5947,176459776,302495,43551577
2024-08-13 14:52:05,3.1,18.675,177221632,302495,43551577
2024-08-13 14:52:10,3.1,18.7022,177479680,302495,43551577
2024-08-13 14:52:15,0,18.7566,177995776,302495,43551577
2024-08-13 14:52:20,3.1,18.7566,177995776,302627,43551681
2024-08-13 14:52:26,0,18.7566,177995776,302627,43551681
2024-08-13 14:52:31,3.1,18.7566,177995776,302627,43551681
2024-08-13 14:52:36,3,18.7536,177967104,302717,43551757
2024-08-13 14:52:41,6.1,18.7536,177967104,302717,43551757
2024-08-13 14:52:46,0,18.7536,177967104,302717,43551757
2024-08-13 14:52:52,3,18.7803,178221056,302807,43551833
2024-08-13 14:52:57,3,18.8075,178479104,302849,43551861
2024-08-13 14:53:02,3.1,18.8075,178479104,302849,43551861
2024-08-13 14:53:07,6.2,18.8075,178479104,303341,43552269
2024-08-13 14:53:12,83.8,23.813,225980416,520376,43674247
2024-08-13 14:53:18,0,23.829,226131968,582054,43761043
2024-08-13 14:53:23,3,23.8808,226623488,582202,43761119
2024-08-13 14:53:28,0,23.8808,226623488,582260,43761119
2024-08-13 14:53:33,9.1,23.8808,226623488,584350,43763271
2024-08-13 14:53:38,3,23.8808,226623488,584440,43763347
2024-08-13 14:53:44,0,23.8808,226623488,584498,43763347
2024-08-13 14:53:49,0,23.8808,226623488,584498,43763347
2024-08-13 14:53:54,0,23.8808,226623488,584630,43763451
2024-08-13 14:53:59,6.2,24.4415,231944192,615079,43953535
2024-08-13 14:54:04,6.2,24.4415,231944192,615079,43953535
2024-08-13 14:54:10,0,24.4415,231944192,615529,43954053
2024-08-13 14:54:15,0,24.4406,231936000,615529,43954053
2024-08-13 14:54:20,29.4,24.6677,234090496,703191,43997931
2024-08-13 14:54:25,3.2,19.0445,180727808,722700,44014402
2024-08-13 14:54:30,0,19.0449,180731904,722700,44014402
2024-08-13 14:54:36,0,19.1252,181493760,722700,44014402
2024-08-13 14:54:41,3.2,19.1252,181493760,722790,44014478
2024-08-13 14:54:46,3,19.1269,181510144,722790,44014478
2024-08-13 14:54:51,48.5,19.395,184053760,733175,44019426
