2024-08-13 14:52:47,26.4,18.1847,172568576,206516,35081145
2024-08-13 14:52:53,0,18.0979,171745280,257385,43118405
2024-08-13 14:52:58,3,18.2602,173285376,257385,43118405
2024-08-13 14:53:03,0,18.3422,174063616,257475,43118481
2024-08-13 14:53:08,3.1,18.3949,174563328,257475,43118481
2024-08-13 14:53:13,0,18.5317,175861760,257613,43118481
2024-08-13 14:53:19,63.7,23.8385,226222080,363101,43187978
2024-08-13 14:53:24,0,23.9028,226832384,536467,43334386
2024-08-13 14:53:29,3.1,23.9028,226832384,536467,43334386
2024-08-13 14:53:34,3.1,23.9572,227348480,536557,43334462
2024-08-13 14:53:39,3,24.0099,227848192,536557,43334462
2024-08-13 14:53:45,0,24.009,227840000,536557,43334462
2024-08-13 14:53:50,0,24.0366,228102144,536689,43334566
2024-08-13 14:53:55,0,24.0366,228102144,536689,43334566
2024-08-13 14:54:00,0,24.0366,228102144,536689,43334566
2024-08-13 14:54:05,3.1,24.678,234188800,568025,43524674
2024-08-13 14:54:11,3,24.6741,234151936,570061,43526733
2024-08-13 14:54:16,0,24.6741,234151936,570061,43526733
2024-08-13 14:54:21,3.1,24.6741,234151936,570421,43527037
2024-08-13 14:54:26,12.1,25.1364,238538752,597777,43535007
2024-08-13 14:54:31,3,19.2128,182325248,677518,43586658
2024-08-13 14:54:37,0,19.2145,182341632,677955,43586978
2024-08-13 14:54:42,0,19.2154,182349824,678045,43587054
2024-08-13 14:54:47,0,19.2154,182349824,678087,43587082
2024-08-13 14:54:52,3.2,19.2154,182349824,678087,43587082
2024-08-13 14:54:57,6.1,19.2154,182349824,678177,43587158
2024-08-13 14:55:03,3,19.2171,182366208,678315,43587158
2024-08-13 14:55:08,0,19.2417,182599680,678315,43587158
2024-08-13 14:55:13,6,19.2417,182599680,678405,43587234
2024-08-13 14:55:18,0,19.2417,182599680,678405,43587234
2024-08-13 14:55:23,0,19.2417,182599680,678405,43587234
