2024-08-13 14:04:10,15.2,17.7108,168071168,166249,27709352
2024-08-13 14:04:15,2.9,18.5291,175837184,294832,43557760
2024-08-13 14:04:20,0,18.5563,176095232,294832,43557760
2024-08-13 14:04:25,0,18.5563,176095232,294832,43557760
2024-08-13 14:04:31,0,18.5563,176095232,294922,43557836
2024-08-13 14:04:36,3.2,18.5554,176087040,294922,43557836
2024-08-13 14:04:41,0,18.5554,176087040,294922,43557836
2024-08-13 14:04:46,3.1,18.5554,176087040,295192,43557940
2024-08-13 14:04:51,3.1,18.5826,176345088,295234,43557968
2024-08-13 14:04:56,0,18.6642,177119232,295304,43557968
2024-08-13 14:05:02,3,18.6642,177119232,295664,43558348
2024-08-13 14:05:07,3.2,18.6642,177119232,295754,43558348
2024-08-13 14:05:12,3.2,18.7186,177635328,297856,43560407
2024-08-13 14:05:17,3,18.7186,177635328,297856,43560407
2024-08-13 14:05:22,87.5,26.6656,253050880,533839,43705437
2024-08-13 14:05:28,96.3,26.7114,253485056,775037,43809241
2024-08-13 14:05:33,64.6,26.7075,253448192,1030055,43917508
2024-08-13 14:05:38,3.1,26.742,253775872,1176529,44122448
2024-08-13 14:05:43,0,26.742,253775872,1176571,44122476
2024-08-13 14:05:49,3.1,26.7403,253759488,1176571,44122476
2024-08-13 14:05:54,3,26.7679,254021632,1176661,44122552
2024-08-13 14:05:59,3.1,26.7679,254021632,1176661,44122552
2024-08-13 14:06:04,0,26.3916,250449920,1230996,45407424
2024-08-13 14:06:09,3.2,26.3911,250445824,1231446,45407804
2024-08-13 14:06:15,0,26.3846,250384384,1231446,45407804
2024-08-13 14:06:20,3,26.3846,250384384,1231446,45407804
2024-08-13 14:06:25,3.2,26.3846,250384384,1231536,45407880
2024-08-13 14:06:30,0,26.3846,250384384,1231536,45407880
2024-08-13 14:06:35,0,26.3846,250384384,1231536,45407880
2024-08-13 14:06:41,0,26.3846,250384384,1231668,45407984
2024-08-13 14:06:46,0,26.3851,250388480,1231848,45408012
2024-08-13 14:06:51,6.1,26.4667,251162624,1231848,45408012
2024-08-13 14:06:56,0,26.4934,251416576,1231938,45408088
2024-08-13 14:07:01,0,26.5478,251932672,1231938,45408088
2024-08-13 14:07:07,3.1,26.5478,251932672,1231938,45408088
2024-08-13 14:07:12,0,26.5474,251928576,1234424,45410527
2024-08-13 14:07:17,0,26.5474,251928576,1234494,45410527
2024-08-13 14:07:22,3,26.5474,251928576,1234494,45410527
2024-08-13 14:07:27,3,26.5474,251928576,1234584,45410603
2024-08-13 14:07:33,3,26.5474,251928576,1234584,45410603
2024-08-13 14:07:38,0,26.5474,251928576,1234626,45410631
2024-08-13 14:07:43,3.2,26.5474,251928576,1234626,45410631
2024-08-13 14:07:48,3.2,26.5469,251924480,1234716,45410707
2024-08-13 14:07:53,0,26.5469,251924480,1234716,45410707
2024-08-13 14:07:59,0,26.5469,251924480,1234716,45410707
2024-08-13 14:08:04,0,26.5741,252182528,1234806,45410783
2024-08-13 14:08:09,0,26.6557,252956672,1234848,45410811
2024-08-13 14:08:14,0,26.7373,253730816,1235028,45410963
2024-08-13 14:08:19,6.2,26.7373,253730816,1235298,45411191
2024-08-13 14:08:25,3.2,26.8176,254492672,1235298,45411191
2024-08-13 14:08:30,0,26.8443,254746624,1235298,45411191
2024-08-13 14:08:35,6.2,26.846,254763008,1235430,45411295
2024-08-13 14:08:40,3.1,26.846,254763008,1235568,45411295
2024-08-13 14:08:45,0,26.846,254763008,1235568,45411295
2024-08-13 14:08:51,3,26.9276,255537152,1235658,45411371
2024-08-13 14:08:56,3.1,26.9276,255537152,1235700,45411399
2024-08-13 14:09:01,8.6,26.9548,255795200,1235700,45411399
2024-08-13 14:09:06,6.2,27.0092,256311296,1235790,45411475
2024-08-13 14:09:11,32.3,27.1995,258117632,1237826,45413534
2024-08-13 14:09:17,3.1,27.2116,258232320,1237826,45413534
2024-08-13 14:09:22,0,27.2116,258232320,1238276,45413914
2024-08-13 14:09:27,0,27.2116,258232320,1238276,45413914
2024-08-13 14:09:32,5.9,27.2116,258232320,1238318,45413942
2024-08-13 14:09:37,5.9,27.2116,258232320,1238408,45414018
2024-08-13 14:09:43,5.8,27.2116,258232320,1238408,45414018
2024-08-13 14:09:48,3.1,24.5213,232701952,1238408,45414018
2024-08-13 14:09:53,6,24.5757,233218048,1238498,45414094
2024-08-13 14:09:58,3.2,24.6029,233476096,1238540,45414122
2024-08-13 14:10:04,3.1,24.6288,233721856,1238540,45414122
2024-08-13 14:10:09,8.8,24.6288,233721856,1238540,45414122
2024-08-13 14:10:14,0,24.6288,233721856,1238630,45414198
2024-08-13 14:10:19,0,24.6284,233717760,1238630,45414198
2024-08-13 14:10:24,3.2,24.6284,233717760,1238942,45414454
2024-08-13 14:10:30,2.9,24.6284,233717760,1239122,45414606
2024-08-13 14:10:35,3.1,24.6284,233717760,1239122,45414606
2024-08-13 14:10:40,3.1,24.8977,236273664,1241296,45416665
2024-08-13 14:10:45,3.1,24.8977,236273664,1241386,45416741
2024-08-13 14:10:50,0,24.8977,236273664,1241386,45416741
2024-08-13 14:10:56,0,24.9771,237027328,1241386,45416741
2024-08-13 14:11:01,2.9,25.0039,237281280,1241476,45416817
2024-08-13 14:11:06,8.6,25.0039,237281280,1241476,45416817
2024-08-13 14:11:11,0,25.0039,237281280,1241476,45416817
2024-08-13 14:11:16,0,25.0026,237268992,1241566,45416893
2024-08-13 14:11:22,3.1,25.0026,237268992,1241704,45417041
2024-08-13 14:11:27,6.1,25.0026,237268992,1241794,45417117
2024-08-13 14:11:32,6.2,25.0017,237260800,1242154,45417421
2024-08-13 14:11:37,0,25.0017,237260800,1242154,45417421
2024-08-13 14:11:42,0,25.0017,237260800,1242154,45417421
2024-08-13 14:11:48,3.1,25.0017,237260800,1242244,45417497
2024-08-13 14:11:53,3.2,25.0017,237260800,1242244,45417497
2024-08-13 14:11:58,3,25.0017,237260800,1242314,45417497
2024-08-13 14:12:03,3.2,25.0285,237514752,1242404,45417573
2024-08-13 14:12:08,0,25.1644,238804992,1242554,45417721
2024-08-13 14:12:14,5.9,25.3276,240353280,1244590,45419780
2024-08-13 14:12:19,6.2,25.3276,240353280,1244632,45419808
2024-08-13 14:12:24,3.1,25.3276,240353280,1244722,45419884
2024-08-13 14:12:29,0,25.3276,240353280,1244860,45419884
2024-08-13 14:12:34,3.1,25.3276,240353280,1245130,45420112
2024-08-13 14:12:40,75,25.3276,240353280,1247915,45421616
2024-08-13 14:12:45,89.7,29.5342,280272896,1508938,45535911
2024-08-13 14:12:50,93.6,29.4077,279072768,1795493,45670896
2024-08-13 14:12:55,0,19.3509,183635968,1835622,45692051
2024-08-13 14:13:00,5.8,19.3518,183644160,1835622,45692051
2024-08-13 14:13:06,5.8,19.3777,183889920,1835622,45692051
2024-08-13 14:13:11,3.1,19.3777,183889920,1835820,45692265
2024-08-13 14:13:16,6,19.3777,183889920,1835862,45692293
2024-08-13 14:13:21,3.2,19.3777,183889920,1835862,45692293
2024-08-13 14:13:27,3.2,19.3777,183889920,1835952,45692369
2024-08-13 14:13:32,0,19.3777,183889920,1835994,45692397
2024-08-13 14:13:37,0,19.3777,183889920,1836174,45692549
2024-08-13 14:13:42,3.1,19.3777,183889920,1836444,45692777
2024-08-13 14:13:47,0,19.4588,184659968,1836444,45692777
2024-08-13 14:13:52,5.8,19.486,184918016,1836444,45692777
2024-08-13 14:13:58,3.2,19.486,184918016,1836534,45692853
2024-08-13 14:14:03,0,19.486,184918016,1836534,45692853
