2024-08-13 14:04:30,12.4,17.7644,168579072,167209,26875959
2024-08-13 14:04:35,6.2,18.6872,177336320,317972,43740079
2024-08-13 14:04:41,3.2,18.6872,177336320,318062,43740155
2024-08-13 14:04:46,3,18.6872,177336320,318200,43740155
2024-08-13 14:04:51,0,18.7416,177852416,318200,43740155
2024-08-13 14:04:56,0,18.7687,178110464,318290,43740231
2024-08-13 14:05:01,5.9,18.7959,178368512,318290,43740231
2024-08-13 14:05:07,3.1,18.7951,178360320,318360,43740231
2024-08-13 14:05:12,0,18.7951,178360320,318852,43740639
2024-08-13 14:05:17,0,18.7951,178360320,318852,43740639
2024-08-13 14:05:22,89.2,26.5941,252370944,496074,43847024
2024-08-13 14:05:27,67.6,26.6748,253136896,743345,43965985
2024-08-13 14:05:33,90.6,26.7288,253648896,996402,44075856
2024-08-13 14:05:38,0,26.7331,253689856,1197719,44302722
2024-08-13 14:05:43,3,26.7331,253689856,1197809,44302798
2024-08-13 14:05:48,2.9,26.7331,253689856,1197809,44302798
2024-08-13 14:05:54,3.1,26.7331,253689856,1197809,44302798
2024-08-13 14:05:59,2.9,26.759,253935616,1197809,44302798
2024-08-13 14:06:04,0,26.383,250368000,1251840,45587748
2024-08-13 14:06:09,0,26.3848,250384384,1251882,45587776
2024-08-13 14:06:14,6.2,26.3839,250376192,1251972,45587852
2024-08-13 14:06:20,5.6,26.4037,250564608,1254434,45590216
2024-08-13 14:06:25,13.5,26.4037,250564608,1254434,45590216
2024-08-13 14:06:30,2.8,26.4037,250564608,1254434,45590216
2024-08-13 14:06:35,3.2,26.4037,250564608,1254662,45590292
2024-08-13 14:06:40,3.2,26.4037,250564608,1254662,45590292
2024-08-13 14:06:46,5.9,26.4037,250564608,1254662,45590292
2024-08-13 14:06:51,3.2,26.4037,250564608,1254752,45590368
2024-08-13 14:06:56,3,26.4037,250564608,1254752,45590368
2024-08-13 14:07:01,2.9,26.4037,250564608,1254794,45590396
2024-08-13 14:07:06,6.2,26.4037,250564608,1254884,45590472
2024-08-13 14:07:12,0,26.4037,250564608,1254926,45590500
2024-08-13 14:07:17,3.2,26.4016,250544128,1254926,45590500
2024-08-13 14:07:22,0,26.4538,251039744,1255376,45590880
2024-08-13 14:07:27,0,26.4538,251039744,1255446,45590880
2024-08-13 14:07:32,6,26.481,251297792,1255620,45590926
2024-08-13 14:07:38,0,26.5622,252067840,1255768,45591002
2024-08-13 14:07:43,6.2,26.6152,252571648,1255768,45591002
2024-08-13 14:07:48,0,26.6152,252571648,1255826,45591002
2024-08-13 14:07:53,3.2,26.6148,252567552,1255916,45591078
2024-08-13 14:07:58,0,26.6148,252567552,1255958,45591106
2024-08-13 14:08:04,0,26.6148,252567552,1256016,45591106
2024-08-13 14:08:09,0,26.6148,252567552,1256058,45591134
2024-08-13 14:08:14,0,26.6148,252567552,1256148,45591210
2024-08-13 14:08:19,0,26.6675,253067264,1258184,45593270
2024-08-13 14:08:24,3.2,26.6675,253067264,1258364,45593422
2024-08-13 14:08:29,0,26.6675,253067264,1258634,45593650
2024-08-13 14:08:35,3.1,26.6675,253067264,1258772,45593650
2024-08-13 14:08:40,0,24.0069,227819520,1258772,45593650
2024-08-13 14:08:45,3.1,24.0341,228077568,1258862,45593726
2024-08-13 14:08:50,3.2,24.06,228323328,1258862,45593726
2024-08-13 14:08:55,2.9,24.0872,228581376,1258904,45593754
2024-08-13 14:09:01,3,24.0872,228581376,1259048,45593876
2024-08-13 14:09:06,0,24.196,229613568,1259090,45593904
2024-08-13 14:09:11,3,24.332,230903808,1259090,45593904
2024-08-13 14:09:16,0,24.332,230903808,1259180,45593980
2024-08-13 14:09:21,5.8,24.3863,231419904,1259180,45593980
2024-08-13 14:09:27,6.2,24.4135,231677952,1259180,45593980
2024-08-13 14:09:32,0,24.4135,231677952,1259630,45594360
2024-08-13 14:09:37,3.1,24.4308,231841792,1259630,45594360
2024-08-13 14:09:42,0,24.4308,231841792,1259630,45594360
2024-08-13 14:09:47,3.1,24.4308,231841792,1259720,45594436
2024-08-13 14:09:53,0,24.458,232099840,1259762,45594464
2024-08-13 14:09:58,2.9,24.458,232099840,1259762,45594464
2024-08-13 14:10:03,0,24.4852,232357888,1259852,45594540
2024-08-13 14:10:08,3.1,24.4852,232357888,1259894,45594568
2024-08-13 14:10:13,5.8,24.5396,232873984,1259894,45594568
2024-08-13 14:10:19,5.8,24.9168,236453888,1261996,45596628
2024-08-13 14:10:24,3.1,24.9431,236703744,1262224,45596704
2024-08-13 14:10:29,3.2,24.9431,236703744,1262224,45596704
2024-08-13 14:10:34,0,24.9431,236703744,1262404,45596856
2024-08-13 14:10:39,6,24.9423,236695552,1262674,45597084
2024-08-13 14:10:45,5.8,24.9423,236695552,1262674,45597084
2024-08-13 14:10:50,0,24.9423,236695552,1262716,45597112
2024-08-13 14:10:55,0,24.9682,236941312,1262806,45597188
2024-08-13 14:11:00,3.1,24.9682,236941312,1262806,45597188
2024-08-13 14:11:06,3.2,24.9941,237187072,1262806,45597188
2024-08-13 14:11:11,3.2,24.9941,237187072,1262896,45597264
2024-08-13 14:11:16,0,24.9941,237187072,1262938,45597292
2024-08-13 14:11:21,0,24.9941,237187072,1262938,45597292
2024-08-13 14:11:26,6.2,24.9941,237187072,1263028,45597368
2024-08-13 14:11:31,0,24.9941,237187072,1263028,45597368
2024-08-13 14:11:37,0,24.9941,237187072,1263028,45597368
2024-08-13 14:11:42,3,24.9928,237174784,1263478,45597748
2024-08-13 14:11:47,0,24.9928,237174784,1263520,45597776
2024-08-13 14:11:52,3,24.9928,237174784,1263520,45597776
2024-08-13 14:11:57,3.1,24.9928,237174784,1263610,45597852
2024-08-13 14:12:03,3.1,24.9928,237174784,1263652,45597880
2024-08-13 14:12:08,6.2,24.9928,237174784,1263652,45597880
2024-08-13 14:12:13,3.1,24.9928,237174784,1263812,45597956
2024-08-13 14:12:18,3,25.0169,237404160,1266046,45600016
2024-08-13 14:12:24,6.1,25.0169,237404160,1266184,45600016
2024-08-13 14:12:29,0,25.0169,237404160,1266184,45600016
2024-08-13 14:12:34,3.2,25.0169,237404160,1266274,45600092
2024-08-13 14:12:39,0,25.0169,237404160,1266316,45600120
2024-08-13 14:12:44,67.8,26.9454,255705088,1457357,45682042
2024-08-13 14:12:50,72.4,27.0564,256757760,1702228,45797155
2024-08-13 14:12:55,0,18.284,173510656,1857186,45872265
2024-08-13 14:13:00,3.1,18.284,173510656,1857186,45872265
2024-08-13 14:13:05,5.7,18.284,173510656,1857276,45872341
2024-08-13 14:13:10,3.1,18.284,173510656,1857276,45872341
2024-08-13 14:13:16,3.1,18.284,173510656,1857276,45872341
2024-08-13 14:13:21,3.1,18.284,173510656,1857366,45872417
2024-08-13 14:13:26,0,18.3112,173768704,1857366,45872417
2024-08-13 14:13:31,6.2,18.3112,173768704,1857366,45872417
2024-08-13 14:13:36,3,18.3112,173768704,1857498,45872521
2024-08-13 14:13:42,6.2,18.3112,173768704,1857498,45872521
2024-08-13 14:13:47,0,18.3112,173768704,1857588,45872597
2024-08-13 14:13:52,0,18.3112,173768704,1857990,45872929
2024-08-13 14:13:57,0,18.3656,174284800,1858044,45872975
2024-08-13 14:14:02,0,18.3656,174284800,1858044,45872975
2024-08-13 14:14:08,0,18.3656,174284800,1858134,45873051
