2024-08-13 14:03:52,12.4,17.8415,169312256,133884,26667530
2024-08-13 14:03:57,3.1,18.4424,175013888,264447,43531750
2024-08-13 14:04:03,0,18.5231,175779840,264447,43531750
2024-08-13 14:04:08,0,18.659,177070080,264447,43531750
2024-08-13 14:04:13,0,18.6862,177328128,264537,43531826
2024-08-13 14:04:18,3.1,18.6862,177328128,264537,43531826
2024-08-13 14:04:23,0,18.6862,177328128,264537,43531826
2024-08-13 14:04:29,3.1,18.6862,177328128,264627,43531902
2024-08-13 14:04:34,0,18.71,177553408,266969,43533990
2024-08-13 14:04:39,3,18.71,177553408,267107,43533990
2024-08-13 14:04:44,3.2,18.71,177553408,267267,43534066
2024-08-13 14:04:49,0,18.71,177553408,267267,43534066
2024-08-13 14:04:55,0,18.71,177553408,267309,43534094
2024-08-13 14:05:00,3.2,18.8174,178573312,267759,43534474
2024-08-13 14:05:05,3,18.8174,178573312,267855,43534633
2024-08-13 14:05:10,3.2,18.8174,178573312,267855,43534633
2024-08-13 14:05:15,3.2,18.8174,178573312,267945,43534709
2024-08-13 14:05:20,93.8,27.4538,260530176,483388,43668513
2024-08-13 14:05:26,88.9,27.4607,260595712,765865,43792009
2024-08-13 14:05:31,87.4,27.487,260845568,1082941,43994929
2024-08-13 14:05:36,0,27.49,260874240,1146798,44096708
2024-08-13 14:05:41,0,27.49,260874240,1146914,44096754
2024-08-13 14:05:47,0,27.49,260874240,1147120,44096830
2024-08-13 14:05:52,6,27.49,260874240,1147162,44096858
2024-08-13 14:05:57,0,27.49,260874240,1147220,44096858
2024-08-13 14:06:02,0,27.1987,258109440,1194733,45064195
2024-08-13 14:06:07,3.1,27.1987,258109440,1194823,45064271
2024-08-13 14:06:12,3.1,27.1978,258101248,1194881,45064271
2024-08-13 14:06:18,0,27.1978,258101248,1194881,45064271
2024-08-13 14:06:23,6.1,27.1974,258097152,1194971,45064347
2024-08-13 14:06:28,0,27.2513,258609152,1195025,45064439
2024-08-13 14:06:33,6,27.3273,259330048,1197103,45066527
2024-08-13 14:06:38,6,27.3273,259330048,1197331,45066603
2024-08-13 14:06:44,3.1,27.3545,259588096,1197331,45066603
2024-08-13 14:06:49,3.1,27.3545,259588096,1197443,45066631
2024-08-13 14:06:54,3.1,27.3545,259588096,1197533,45066707
2024-08-13 14:06:59,3.2,27.3817,259846144,1197575,45066735
2024-08-13 14:07:04,0,27.4089,260104192,1197665,45066811
2024-08-13 14:07:10,6,27.4361,260362240,1198025,45067115
2024-08-13 14:07:15,3,27.49,260874240,1198025,45067115
2024-08-13 14:07:20,0,27.5427,261373952,1198025,45067115
2024-08-13 14:07:25,0,27.5427,261373952,1198115,45067191
2024-08-13 14:07:30,3.1,27.5427,261373952,1198211,45067265
2024-08-13 14:07:35,3,27.541,261357568,1198211,45067265
2024-08-13 14:07:41,3.2,27.5405,261353472,1198343,45067369
2024-08-13 14:07:46,0,27.5405,261353472,1198343,45067369
2024-08-13 14:07:51,0,24.782,235175936,1198343,45067369
2024-08-13 14:07:56,3,24.8364,235692032,1198433,45067445
2024-08-13 14:08:01,5.8,24.8364,235692032,1198529,45067525
2024-08-13 14:08:07,3.2,24.8364,235692032,1198745,45067733
2024-08-13 14:08:12,3.2,24.8908,236208128,1199105,45068037
2024-08-13 14:08:17,0,24.9448,236720128,1199195,45068113
2024-08-13 14:08:22,0,25.025,237481984,1199195,45068113
2024-08-13 14:08:27,0,25.0522,237740032,1199195,45068113
2024-08-13 14:08:33,3.2,25.1308,238485504,1201459,45070249
2024-08-13 14:08:38,6,25.1308,238485504,1201501,45070277
2024-08-13 14:08:43,3.1,25.1308,238485504,1201501,45070277
2024-08-13 14:08:48,6.2,25.1308,238485504,1201591,45070353
2024-08-13 14:08:53,6,25.1308,238485504,1201591,45070353
2024-08-13 14:08:59,3.1,25.1234,238415872,1201591,45070353
2024-08-13 14:09:04,0,25.1209,238391296,1201681,45070429
2024-08-13 14:09:09,3.2,25.1209,238391296,1201723,45070457
2024-08-13 14:09:14,3.1,25.1209,238391296,1201813,45070533
2024-08-13 14:09:19,3.1,25.1209,238391296,1202173,45070837
2024-08-13 14:09:25,3.1,25.1209,238391296,1202173,45070837
2024-08-13 14:09:30,0,25.1209,238391296,1202173,45070837
2024-08-13 14:09:35,0,25.145,238620672,1202305,45070941
2024-08-13 14:09:40,3.1,25.145,238620672,1202347,45070969
2024-08-13 14:09:45,3.2,25.145,238620672,1202347,45070969
2024-08-13 14:09:51,6.1,25.145,238620672,1202437,45071045
2024-08-13 14:09:56,0,25.145,238620672,1202437,45071045
2024-08-13 14:10:01,2.9,25.145,238620672,1202491,45071091
2024-08-13 14:10:06,6.2,25.1446,238616576,1202623,45071195
2024-08-13 14:10:11,0,25.2249,239378432,1202623,45071195
2024-08-13 14:10:16,3.1,25.4152,241184768,1202623,45071195
2024-08-13 14:10:22,0,25.5512,242475008,1203211,45071575
2024-08-13 14:10:27,3.2,25.5775,242724864,1203211,45071575
2024-08-13 14:10:32,3.1,25.7368,244236288,1205289,45073663
2024-08-13 14:10:37,0,25.7368,244236288,1205289,45073663
2024-08-13 14:10:42,0,25.7368,244236288,1205379,45073739
2024-08-13 14:10:48,0,25.7368,244236288,1205379,45073739
2024-08-13 14:10:53,3.2,25.7368,244236288,1205379,45073739
2024-08-13 14:10:58,0,25.7363,244232192,1205469,45073815
2024-08-13 14:11:03,3.2,25.7363,244232192,1205581,45073843
2024-08-13 14:11:08,5.9,25.7363,244232192,1205581,45073843
2024-08-13 14:11:14,3.1,25.7359,244228096,1205671,45073919
2024-08-13 14:11:19,0,25.7359,244228096,1205671,45073919
2024-08-13 14:11:24,3.2,25.7359,244228096,1205761,45073995
2024-08-13 14:11:29,3.1,25.7355,244224000,1206205,45074355
2024-08-13 14:11:34,3.1,25.7355,244224000,1206205,45074355
2024-08-13 14:11:39,3.2,25.7355,244224000,1206205,45074355
2024-08-13 14:11:45,6.2,25.7355,244224000,1206443,45074551
2024-08-13 14:11:50,3.1,25.7355,244224000,1206665,45074611
2024-08-13 14:11:55,6.1,25.7355,244224000,1206909,45074745
2024-08-13 14:12:00,5.8,25.7355,244224000,1206999,45074821
2024-08-13 14:12:05,5.8,25.7355,244224000,1207073,45074821
2024-08-13 14:12:11,3.1,25.7355,244224000,1207073,45074821
2024-08-13 14:12:16,0,25.7355,244224000,1207163,45074897
2024-08-13 14:12:21,3.1,25.7355,244224000,1207417,45074925
2024-08-13 14:12:26,0,25.7355,244224000,1207459,45074953
2024-08-13 14:12:31,3.2,25.7355,244224000,1209945,45077393
2024-08-13 14:12:37,3.2,25.7355,244224000,1209945,45077393
2024-08-13 14:12:42,100,29.7267,282099712,1405058,45160435
2024-08-13 14:12:47,96.4,29.6244,281128960,1714481,45306454
2024-08-13 14:12:52,0,16.8846,160231424,1800512,45349181
2024-08-13 14:12:57,3.2,16.9105,160477184,1800512,45349181
2024-08-13 14:13:03,0,16.9921,161251328,1800512,45349181
2024-08-13 14:13:08,3.2,17.0724,162013184,1800602,45349257
2024-08-13 14:13:13,0,17.1268,162529280,1800602,45349257
2024-08-13 14:13:18,3.1,17.2088,163307520,1800602,45349257
2024-08-13 14:13:23,6,17.2088,163307520,1800734,45349361
2024-08-13 14:13:29,0,17.3176,164339712,1800776,45349389
2024-08-13 14:13:34,0,17.3719,164855808,1800956,45349541
2024-08-13 14:13:39,5.9,17.3996,165117952,1801226,45349769
2024-08-13 14:13:44,3.2,17.4798,165879808,1801226,45349769
2024-08-13 14:13:49,3.1,17.4798,165879808,1801226,45349769
2024-08-13 14:13:54,0,17.643,167428096,1801316,45349845
