Waiting for an incoming message - Test 1 (inception)
Error while deserializing http message: Error("EOF while parsing a value", line: 1, column: 0)
	Preparing Data...
	Data is ready, starting users and test1
Incepted: u_1 [bVTy]
Incepted: u_5 [H0mm]
Incepted: u_4 [5jw7]
Incepted: u_9 [iz7z]
Incepted: u_8 [bnei]
Incepted: u_3 [RdMF]
Incepted: u_7 [rlrg]
Incepted: u_0 [lIH8]
Incepted: u_6 [w0aO]
	Added [j5nz] as watcher for u_1 [bVTy]
Incepted: u_2 [SuIP]
	Added [j5nz] as watcher for u_8 [bnei]
	Added [QEi9] as watcher for u_4 [5jw7]
	Added [j5nz] as watcher for u_5 [H0mm]
	Added [j5nz] as watcher for u_7 [rlrg]
	Added [QEi9] as watcher for u_9 [iz7z]
	Added [QEi9] as watcher for u_1 [bVTy]
	Added [x5MO] as watcher for u_0 [lIH8]
	Added [b_RA] as watcher for u_2 [SuIP]
	Added [jm4C] as watcher for u_6 [w0aO]
	Added [bivQ] as watcher for u_3 [RdMF]
	Added [QEi9] as watcher for u_5 [H0mm]
	Added [b_RA] as watcher for u_8 [bnei]
	Added [b_RA] as watcher for u_9 [iz7z]
	Added [b_RA] as watcher for u_1 [bVTy]
	Added [j5nz] as watcher for u_0 [lIH8]
	Added [2D85] as watcher for u_4 [5jw7]
	Added [2D85] as watcher for u_7 [rlrg]
	Added [QEi9] as watcher for u_8 [bnei]
	Added [b_RA] as watcher for u_5 [H0mm]
	Added [x5MO] as watcher for u_2 [SuIP]
	Added [bivQ] as watcher for u_6 [w0aO]
	Added [3mIH] as watcher for u_9 [iz7z]
	Added [3mIH] as watcher for u_3 [RdMF]
	Added [b_RA] as watcher for u_4 [5jw7]
	Added [3mIH] as watcher for u_0 [lIH8]
	Added [b_RA] as watcher for u_7 [rlrg]
	Added [x5MO] as watcher for u_8 [bnei]
	Added [bivQ] as watcher for u_1 [bVTy]
	Added [QEi9] as watcher for u_6 [w0aO]
	Added [bivQ] as watcher for u_5 [H0mm]
	Added [jm4C] as watcher for u_9 [iz7z]
	Added [jm4C] as watcher for u_3 [RdMF]
	Added [QEi9] as watcher for u_0 [lIH8]
	Added [bivQ] as watcher for u_2 [SuIP]
	Added [x5MO] as watcher for u_4 [5jw7]
	Added [bivQ] as watcher for u_7 [rlrg]
	Added [jm4C] as watcher for u_8 [bnei]
	Added [x5MO] as watcher for u_1 [bVTy]
	Added [x5MO] as watcher for u_9 [iz7z]
	Added [b_RA] as watcher for u_0 [lIH8]
	Added [jm4C] as watcher for u_5 [H0mm]
	Added [QEi9] as watcher for u_3 [RdMF]
	Added [jm4C] as watcher for u_2 [SuIP]
	Added [2D85] as watcher for u_6 [w0aO]
	Added [jm4C] as watcher for u_4 [5jw7]
	Added [3mIH] as watcher for u_8 [bnei]
	Asking u_8 [bnei]'s watchers to watch [XYIx]
	Added [3mIH] as watcher for u_7 [rlrg]
	Added [jm4C] as watcher for u_1 [bVTy]
	Asking u_1 [bVTy]'s watchers to watch [XYIx]
	Added [QEi9] as watcher for u_2 [SuIP]
	Added [x5MO] as watcher for u_3 [RdMF]
	Added [x5MO] as watcher for u_5 [H0mm]
	Asking u_5 [H0mm]'s watchers to watch [XYIx]
	Added [2D85] as watcher for u_9 [iz7z]
	Asking u_9 [iz7z]'s watchers to watch [XYIx]
	Added [x5MO] as watcher for u_6 [w0aO]
	Added [2D85] as watcher for u_0 [lIH8]
	Asking u_0 [lIH8]'s watchers to watch [XYIx]
	Added [j5nz] as watcher for u_4 [5jw7]
	Asking u_4 [5jw7]'s watchers to watch [XYIx]
	Added [QEi9] as watcher for u_7 [rlrg]
	Asking u_7 [rlrg]'s watchers to watch [XYIx]
	Added [b_RA] as watcher for u_3 [RdMF]
	Asking u_3 [RdMF]'s watchers to watch [XYIx]
	Added [2D85] as watcher for u_2 [SuIP]
	Asking u_2 [SuIP]'s watchers to watch [XYIx]
	Added [3mIH] as watcher for u_6 [w0aO]
	Asking u_6 [w0aO]'s watchers to watch [XYIx]
	✅ u_8 [bnei] Inception Done
	✅ u_5 [H0mm] Inception Done
	✅ u_1 [bVTy] Inception Done
	✅ u_9 [iz7z] Inception Done
	✅ u_4 [5jw7] Inception Done
	✅ u_0 [lIH8] Inception Done
	✅ u_2 [SuIP] Inception Done
	✅ u_7 [rlrg] Inception Done
	✅ u_3 [RdMF] Inception Done
	✅ u_6 [w0aO] Inception Done
Test 2 (signature verification)
	✅ u_6 [w0aO] Message verified
	✅ u_5 [H0mm] Message verified
	✅ u_9 [iz7z] Message verified
	✅ u_8 [bnei] Message verified
	✅ u_4 [5jw7] Message verified
	✅ u_2 [SuIP] Message verified
	✅ u_0 [lIH8] Message verified
	✅ u_7 [rlrg] Message verified
	✅ u_1 [bVTy] Message verified
	✅ u_3 [RdMF] Message verified
Waiting for an incoming message - Test 3 (signature verification after rotation of issuer)
	✅ u_3 [RdMF] Message Verified (2)
	✅ u_5 [H0mm] Message Verified (2)
	✅ u_6 [w0aO] Message Verified (2)
	✅ u_9 [iz7z] Message Verified (2)
	✅ u_8 [bnei] Message Verified (2)
	✅ u_1 [bVTy] Message Verified (2)
	✅ u_2 [SuIP] Message Verified (2)
	✅ u_4 [5jw7] Message Verified (2)
	✅ u_7 [rlrg] Message Verified (2)
	✅ u_0 [lIH8] Message Verified (2)
Waiting for an incoming message - Test 4 (valid acdc credential)
skipped--
Waiting for an incoming message - Test 5 (acdc revocation)
skipped--
Waiting for an incoming message - Test 6
u_5 [H0mm] Starts Rotation
u_2 [SuIP] Starts Rotation
u_9 [iz7z] Starts Rotation
u_4 [5jw7] Starts Rotation
u_3 [RdMF] Starts Rotation
u_8 [bnei] Starts Rotation
u_0 [lIH8] Starts Rotation
u_7 [rlrg] Starts Rotation
u_6 [w0aO] Starts Rotation
u_1 [bVTy] Starts Rotation
u_0 [lIH8] Ends Rotation
u_0 [lIH8] - Completed Key Rotation
u_1 [bVTy] Ends Rotation
u_1 [bVTy] - Completed Key Rotation
u_4 [5jw7] Ends Rotation
u_4 [5jw7] - Completed Key Rotation
u_3 [RdMF] Ends Rotation
u_3 [RdMF] - Completed Key Rotation
u_6 [w0aO] Ends Rotation
u_6 [w0aO] - Completed Key Rotation
u_5 [H0mm] Ends Rotation
u_5 [H0mm] - Completed Key Rotation
u_8 [bnei] Ends Rotation
u_8 [bnei] - Completed Key Rotation
u_2 [SuIP] Ends Rotation
u_2 [SuIP] - Completed Key Rotation
u_7 [rlrg] Ends Rotation
u_7 [rlrg] - Completed Key Rotation
u_9 [iz7z] Ends Rotation
u_9 [iz7z] - Completed Key Rotation
Executed 10 users / 10 success / 0 fail
Test 1: 8924ms (892 p.u.)
Test 2: 1ms (0 p.u.)
Test 3: 1869ms (186 p.u.)
Test 4: 2608ms (260 p.u.)
