Waiting for an incoming message - Test 1 (inception)
Error while deserializing http message: Error("EOF while parsing a value", line: 1, column: 0)
	Preparing Data...
	Data is ready, starting users and test1
Incepted: u_3 [rSv5]
Incepted: u_2 [9XtN]
Incepted: u_1 [ljyC]
Incepted: u_4 [UEu-]
Incepted: u_5 [74i2]
Incepted: u_8 [6h8j]
Incepted: u_0 [1vIe]
Incepted: u_7 [0W5U]
Incepted: u_9 [M_Yo]
Incepted: u_6 [mbcZ]
	Added [b_RA] as watcher for u_2 [9XtN]
	Added [QEi9] as watcher for u_1 [ljyC]
	Added [QEi9] as watcher for u_0 [1vIe]
	Added [2D85] as watcher for u_3 [rSv5]
	Added [b_RA] as watcher for u_4 [UEu-]
	Added [3mIH] as watcher for u_9 [M_Yo]
	Added [x5MO] as watcher for u_6 [mbcZ]
	Added [2D85] as watcher for u_5 [74i2]
	Added [2D85] as watcher for u_8 [6h8j]
	Added [QEi9] as watcher for u_2 [9XtN]
	Added [bivQ] as watcher for u_7 [0W5U]
	Added [j5nz] as watcher for u_1 [ljyC]
	Added [x5MO] as watcher for u_0 [1vIe]
	Added [x5MO] as watcher for u_3 [rSv5]
	Added [jm4C] as watcher for u_4 [UEu-]
	Added [b_RA] as watcher for u_6 [mbcZ]
	Added [b_RA] as watcher for u_9 [M_Yo]
	Added [QEi9] as watcher for u_8 [6h8j]
	Added [x5MO] as watcher for u_5 [74i2]
	Added [3mIH] as watcher for u_2 [9XtN]
	Added [j5nz] as watcher for u_7 [0W5U]
	Added [x5MO] as watcher for u_4 [UEu-]
	Added [bivQ] as watcher for u_0 [1vIe]
	Added [j5nz] as watcher for u_8 [6h8j]
	Added [x5MO] as watcher for u_9 [M_Yo]
	Added [bivQ] as watcher for u_1 [ljyC]
	Added [j5nz] as watcher for u_2 [9XtN]
	Added [bivQ] as watcher for u_3 [rSv5]
	Added [2D85] as watcher for u_6 [mbcZ]
	Added [jm4C] as watcher for u_7 [0W5U]
	Added [bivQ] as watcher for u_5 [74i2]
	Added [j5nz] as watcher for u_0 [1vIe]
	Added [j5nz] as watcher for u_4 [UEu-]
	Added [b_RA] as watcher for u_1 [ljyC]
	Added [3mIH] as watcher for u_8 [6h8j]
	Added [QEi9] as watcher for u_6 [mbcZ]
	Added [3mIH] as watcher for u_3 [rSv5]
	Added [QEi9] as watcher for u_5 [74i2]
	Added [b_RA] as watcher for u_7 [0W5U]
	Added [2D85] as watcher for u_9 [M_Yo]
	Added [bivQ] as watcher for u_2 [9XtN]
	Added [b_RA] as watcher for u_0 [1vIe]
	Added [x5MO] as watcher for u_8 [6h8j]
	Added [jm4C] as watcher for u_1 [ljyC]
	Added [b_RA] as watcher for u_3 [rSv5]
	Added [2D85] as watcher for u_4 [UEu-]
	Added [b_RA] as watcher for u_5 [74i2]
	Added [bivQ] as watcher for u_6 [mbcZ]
	Added [QEi9] as watcher for u_9 [M_Yo]
	Added [3mIH] as watcher for u_7 [0W5U]
	Added [b_RA] as watcher for u_8 [6h8j]
	Asking u_8 [6h8j]'s watchers to watch [XYIx]
	Added [2D85] as watcher for u_2 [9XtN]
	Asking u_2 [9XtN]'s watchers to watch [XYIx]
	Added [2D85] as watcher for u_0 [1vIe]
	Asking u_0 [1vIe]'s watchers to watch [XYIx]
	Added [x5MO] as watcher for u_1 [ljyC]
	Asking u_1 [ljyC]'s watchers to watch [XYIx]
	Added [j5nz] as watcher for u_5 [74i2]
	Asking u_5 [74i2]'s watchers to watch [XYIx]
	Added [j5nz] as watcher for u_3 [rSv5]
	Asking u_3 [rSv5]'s watchers to watch [XYIx]
	Added [bivQ] as watcher for u_4 [UEu-]
	Asking u_4 [UEu-]'s watchers to watch [XYIx]
	Added [jm4C] as watcher for u_6 [mbcZ]
	Asking u_6 [mbcZ]'s watchers to watch [XYIx]
	Added [jm4C] as watcher for u_9 [M_Yo]
	Asking u_9 [M_Yo]'s watchers to watch [XYIx]
	Added [2D85] as watcher for u_7 [0W5U]
	Asking u_7 [0W5U]'s watchers to watch [XYIx]
	✅ u_2 [9XtN] Inception Done
	✅ u_8 [6h8j] Inception Done
	✅ u_0 [1vIe] Inception Done
	✅ u_1 [ljyC] Inception Done
	✅ u_9 [M_Yo] Inception Done
	✅ u_3 [rSv5] Inception Done
	✅ u_5 [74i2] Inception Done
	✅ u_6 [mbcZ] Inception Done
	✅ u_7 [0W5U] Inception Done
	✅ u_4 [UEu-] Inception Done
Test 2 (signature verification)
	✅ u_4 [UEu-] Message verified
	✅ u_5 [74i2] Message verified
	✅ u_6 [mbcZ] Message verified
	✅ u_8 [6h8j] Message verified
	✅ u_1 [ljyC] Message verified
	✅ u_0 [1vIe] Message verified
	✅ u_9 [M_Yo] Message verified
	✅ u_2 [9XtN] Message verified
	✅ u_3 [rSv5] Message verified
	✅ u_7 [0W5U] Message verified
Waiting for an incoming message - Test 3 (signature verification after rotation of issuer)
	✅ u_1 [ljyC] Message Verified (2)
	✅ u_3 [rSv5] Message Verified (2)
	✅ u_6 [mbcZ] Message Verified (2)
	✅ u_5 [74i2] Message Verified (2)
	✅ u_4 [UEu-] Message Verified (2)
	✅ u_9 [M_Yo] Message Verified (2)
	✅ u_2 [9XtN] Message Verified (2)
	✅ u_8 [6h8j] Message Verified (2)
	✅ u_0 [1vIe] Message Verified (2)
	✅ u_7 [0W5U] Message Verified (2)
Waiting for an incoming message - Test 4 (valid acdc credential)
skipped--
Waiting for an incoming message - Test 5 (acdc revocation)
skipped--
Waiting for an incoming message - Test 6
u_9 [M_Yo] Starts Rotation
u_1 [ljyC] Starts Rotation
u_4 [UEu-] Starts Rotation
u_5 [74i2] Starts Rotation
u_7 [0W5U] Starts Rotation
u_2 [9XtN] Starts Rotation
u_8 [6h8j] Starts Rotation
u_0 [1vIe] Starts Rotation
u_6 [mbcZ] Starts Rotation
u_3 [rSv5] Starts Rotation
u_2 [9XtN] Ends Rotation
u_2 [9XtN] - Completed Key Rotation
u_0 [1vIe] Ends Rotation
u_0 [1vIe] - Completed Key Rotation
u_1 [ljyC] Ends Rotation
u_1 [ljyC] - Completed Key Rotation
u_7 [0W5U] Ends Rotation
u_7 [0W5U] - Completed Key Rotation
u_5 [74i2] Ends Rotation
u_5 [74i2] - Completed Key Rotation
u_4 [UEu-] Ends Rotation
u_4 [UEu-] - Completed Key Rotation
u_9 [M_Yo] Ends Rotation
u_9 [M_Yo] - Completed Key Rotation
u_8 [6h8j] Ends Rotation
u_8 [6h8j] - Completed Key Rotation
u_6 [mbcZ] Ends Rotation
u_6 [mbcZ] - Completed Key Rotation
u_3 [rSv5] Ends Rotation
u_3 [rSv5] - Completed Key Rotation
Executed 10 users / 10 success / 0 fail
Test 1: 8785ms (878 p.u.)
Test 2: 1ms (0 p.u.)
Test 3: 1643ms (164 p.u.)
Test 4: 2321ms (232 p.u.)
