Waiting for an incoming message - Test 1 (inception)
Error while deserializing http message: Error("EOF while parsing a value", line: 1, column: 0)
	Preparing Data...
	Data is ready, starting users and test1
Incepted: u_5 [HTJT]
Incepted: u_2 [4yY1]
Incepted: u_7 [nJ02]
Incepted: u_0 [ieB2]
Incepted: u_4 [WT31]
Incepted: u_3 [MBaE]
	Added [2D85] as watcher for u_7 [nJ02]
Incepted: u_6 [VOqp]
Incepted: u_9 [bOws]
Incepted: u_8 [LwM7]
Incepted: u_1 [JsO2]
	Added [3mIH] as watcher for u_5 [HTJT]
	Added [j5nz] as watcher for u_2 [4yY1]
	Added [2D85] as watcher for u_1 [JsO2]
	Added [x5MO] as watcher for u_0 [ieB2]
	Added [jm4C] as watcher for u_4 [WT31]
	Added [bivQ] as watcher for u_2 [4yY1]
	Added [QEi9] as watcher for u_3 [MBaE]
	Added [bivQ] as watcher for u_0 [ieB2]
	Added [x5MO] as watcher for u_8 [LwM7]
	Added [b_RA] as watcher for u_7 [nJ02]
	Added [b_RA] as watcher for u_6 [VOqp]
	Added [b_RA] as watcher for u_9 [bOws]
	Added [QEi9] as watcher for u_5 [HTJT]
	Added [3mIH] as watcher for u_4 [WT31]
	Added [bivQ] as watcher for u_6 [VOqp]
	Added [2D85] as watcher for u_8 [LwM7]
	Added [b_RA] as watcher for u_1 [JsO2]
	Added [3mIH] as watcher for u_0 [ieB2]
	Added [b_RA] as watcher for u_3 [MBaE]
	Added [b_RA] as watcher for u_2 [4yY1]
	Added [bivQ] as watcher for u_8 [LwM7]
	Added [x5MO] as watcher for u_9 [bOws]
	Added [2D85] as watcher for u_0 [ieB2]
	Added [QEi9] as watcher for u_7 [nJ02]
	Added [j5nz] as watcher for u_5 [HTJT]
	Added [x5MO] as watcher for u_4 [WT31]
	Added [x5MO] as watcher for u_6 [VOqp]
	Added [jm4C] as watcher for u_1 [JsO2]
	Added [2D85] as watcher for u_5 [HTJT]
	Added [j5nz] as watcher for u_3 [MBaE]
	Added [3mIH] as watcher for u_9 [bOws]
	Added [QEi9] as watcher for u_2 [4yY1]
	Added [b_RA] as watcher for u_8 [LwM7]
	Added [x5MO] as watcher for u_7 [nJ02]
	Added [b_RA] as watcher for u_0 [ieB2]
	Added [j5nz] as watcher for u_4 [WT31]
	Added [x5MO] as watcher for u_1 [JsO2]
	Added [QEi9] as watcher for u_6 [VOqp]
	Added [x5MO] as watcher for u_5 [HTJT]
	Added [x5MO] as watcher for u_3 [MBaE]
	Added [3mIH] as watcher for u_8 [LwM7]
	Added [x5MO] as watcher for u_2 [4yY1]
	Added [bivQ] as watcher for u_1 [JsO2]
	Added [QEi9] as watcher for u_9 [bOws]
	Added [2D85] as watcher for u_6 [VOqp]
	Added [jm4C] as watcher for u_7 [nJ02]
	Added [jm4C] as watcher for u_0 [ieB2]
	Asking u_0 [ieB2]'s watchers to watch [XYIx]
	Added [2D85] as watcher for u_9 [bOws]
	Added [b_RA] as watcher for u_4 [WT31]
	Added [3mIH] as watcher for u_2 [4yY1]
	Asking u_2 [4yY1]'s watchers to watch [XYIx]
	Added [jm4C] as watcher for u_5 [HTJT]
	Asking u_5 [HTJT]'s watchers to watch [XYIx]
	Added [3mIH] as watcher for u_1 [JsO2]
	Asking u_1 [JsO2]'s watchers to watch [XYIx]
	Added [jm4C] as watcher for u_3 [MBaE]
	Added [QEi9] as watcher for u_8 [LwM7]
	Asking u_8 [LwM7]'s watchers to watch [XYIx]
	Added [2D85] as watcher for u_4 [WT31]
	Asking u_4 [WT31]'s watchers to watch [XYIx]
	Added [3mIH] as watcher for u_6 [VOqp]
	Asking u_6 [VOqp]'s watchers to watch [XYIx]
	Added [j5nz] as watcher for u_7 [nJ02]
	Asking u_7 [nJ02]'s watchers to watch [XYIx]
	Added [jm4C] as watcher for u_9 [bOws]
	Asking u_9 [bOws]'s watchers to watch [XYIx]
	Added [3mIH] as watcher for u_3 [MBaE]
	Asking u_3 [MBaE]'s watchers to watch [XYIx]
	✅ u_0 [ieB2] Inception Done
	✅ u_1 [JsO2] Inception Done
	✅ u_5 [HTJT] Inception Done
	✅ u_2 [4yY1] Inception Done
	✅ u_8 [LwM7] Inception Done
	✅ u_4 [WT31] Inception Done
	✅ u_6 [VOqp] Inception Done
	✅ u_7 [nJ02] Inception Done
	✅ u_9 [bOws] Inception Done
	✅ u_3 [MBaE] Inception Done
Test 2 (signature verification)
	✅ u_3 [MBaE] Message verified
	✅ u_6 [VOqp] Message verified
	✅ u_9 [bOws] Message verified
	✅ u_2 [4yY1] Message verified
	✅ u_7 [nJ02] Message verified
	✅ u_0 [ieB2] Message verified
	✅ u_5 [HTJT] Message verified
	✅ u_1 [JsO2] Message verified
	✅ u_8 [LwM7] Message verified
	✅ u_4 [WT31] Message verified
Waiting for an incoming message - Test 3 (signature verification after rotation of issuer)
	✅ u_7 [nJ02] Message Verified (2)
	✅ u_0 [ieB2] Message Verified (2)
	✅ u_4 [WT31] Message Verified (2)
	✅ u_5 [HTJT] Message Verified (2)
	✅ u_8 [LwM7] Message Verified (2)
	✅ u_3 [MBaE] Message Verified (2)
	✅ u_6 [VOqp] Message Verified (2)
	✅ u_9 [bOws] Message Verified (2)
	✅ u_1 [JsO2] Message Verified (2)
	✅ u_2 [4yY1] Message Verified (2)
Waiting for an incoming message - Test 4 (valid acdc credential)
skipped--
Waiting for an incoming message - Test 5 (acdc revocation)
skipped--
Waiting for an incoming message - Test 6
u_2 [4yY1] Starts Rotation
u_8 [LwM7] Starts Rotation
u_5 [HTJT] Starts Rotation
u_4 [WT31] Starts Rotation
u_3 [MBaE] Starts Rotation
u_1 [JsO2] Starts Rotation
u_7 [nJ02] Starts Rotation
u_0 [ieB2] Starts Rotation
u_6 [VOqp] Starts Rotation
u_9 [bOws] Starts Rotation
u_2 [4yY1] Ends Rotation
u_2 [4yY1] - Completed Key Rotation
u_5 [HTJT] Ends Rotation
u_5 [HTJT] - Completed Key Rotation
u_9 [bOws] Ends Rotation
u_9 [bOws] - Completed Key Rotation
u_7 [nJ02] Ends Rotation
u_7 [nJ02] - Completed Key Rotation
u_0 [ieB2] Ends Rotation
u_0 [ieB2] - Completed Key Rotation
u_3 [MBaE] Ends Rotation
u_3 [MBaE] - Completed Key Rotation
u_6 [VOqp] Ends Rotation
u_6 [VOqp] - Completed Key Rotation
u_4 [WT31] Ends Rotation
u_4 [WT31] - Completed Key Rotation
u_1 [JsO2] Ends Rotation
u_1 [JsO2] - Completed Key Rotation
u_8 [LwM7] Ends Rotation
u_8 [LwM7] - Completed Key Rotation
Executed 10 users / 10 success / 0 fail
Test 1: 5679ms (567 p.u.)
Test 2: 0ms (0 p.u.)
Test 3: 1134ms (113 p.u.)
Test 4: 1591ms (159 p.u.)
