Waiting for an incoming message - Test 1 (inception)
Error while deserializing http message: Error("EOF while parsing a value", line: 1, column: 0)
	Preparing Data...
	Data is ready, starting users and test1
Incepted: u_3 [8j1s]
Incepted: u_2 [4Gfp]
Incepted: u_9 [gwo7]
Incepted: u_5 [ZfOJ]
Incepted: u_1 [Ytr4]
Incepted: u_8 [6AQD]
Incepted: u_7 [g46w]
Incepted: u_6 [Sxcq]
Incepted: u_4 [br4B]
Incepted: u_0 [6eAG]
	Added [3mIH] as watcher for u_3 [8j1s]
	Added [jm4C] as watcher for u_2 [4Gfp]
	Added [jm4C] as watcher for u_5 [ZfOJ]
	Added [2D85] as watcher for u_0 [6eAG]
	Added [bivQ] as watcher for u_4 [br4B]
	Added [3mIH] as watcher for u_6 [Sxcq]
	Added [QEi9] as watcher for u_9 [gwo7]
	Added [j5nz] as watcher for u_1 [Ytr4]
	Added [j5nz] as watcher for u_7 [g46w]
	Added [b_RA] as watcher for u_8 [6AQD]
	Added [2D85] as watcher for u_2 [4Gfp]
	Added [bivQ] as watcher for u_9 [gwo7]
	Added [QEi9] as watcher for u_3 [8j1s]
	Added [2D85] as watcher for u_7 [g46w]
	Added [j5nz] as watcher for u_8 [6AQD]
	Added [x5MO] as watcher for u_0 [6eAG]
	Added [x5MO] as watcher for u_1 [Ytr4]
	Added [QEi9] as watcher for u_6 [Sxcq]
	Added [b_RA] as watcher for u_4 [br4B]
	Added [b_RA] as watcher for u_5 [ZfOJ]
	Added [bivQ] as watcher for u_0 [6eAG]
	Added [jm4C] as watcher for u_3 [8j1s]
	Added [x5MO] as watcher for u_7 [g46w]
	Added [3mIH] as watcher for u_1 [Ytr4]
	Added [j5nz] as watcher for u_9 [gwo7]
	Added [b_RA] as watcher for u_2 [4Gfp]
	Added [3mIH] as watcher for u_4 [br4B]
	Added [x5MO] as watcher for u_6 [Sxcq]
	Added [j5nz] as watcher for u_5 [ZfOJ]
	Added [2D85] as watcher for u_3 [8j1s]
	Added [QEi9] as watcher for u_8 [6AQD]
	Added [3mIH] as watcher for u_0 [6eAG]
	Added [bivQ] as watcher for u_2 [4Gfp]
	Added [2D85] as watcher for u_9 [gwo7]
	Added [b_RA] as watcher for u_7 [g46w]
	Added [jm4C] as watcher for u_1 [Ytr4]
	Added [jm4C] as watcher for u_4 [br4B]
	Added [bivQ] as watcher for u_7 [g46w]
	Added [j5nz] as watcher for u_6 [Sxcq]
	Added [QEi9] as watcher for u_5 [ZfOJ]
	Added [3mIH] as watcher for u_2 [4Gfp]
	Added [x5MO] as watcher for u_8 [6AQD]
	Added [j5nz] as watcher for u_3 [8j1s]
	Added [QEi9] as watcher for u_0 [6eAG]
	Added [x5MO] as watcher for u_9 [gwo7]
	Added [2D85] as watcher for u_4 [br4B]
	Added [bivQ] as watcher for u_6 [Sxcq]
	Added [bivQ] as watcher for u_5 [ZfOJ]
	Added [2D85] as watcher for u_8 [6AQD]
	Added [QEi9] as watcher for u_1 [Ytr4]
	Added [bivQ] as watcher for u_3 [8j1s]
	Asking u_3 [8j1s]'s watchers to watch [XYIx]
	Added [jm4C] as watcher for u_7 [g46w]
	Asking u_7 [g46w]'s watchers to watch [XYIx]
	Added [j5nz] as watcher for u_2 [4Gfp]
	Asking u_2 [4Gfp]'s watchers to watch [XYIx]
	Added [2D85] as watcher for u_5 [ZfOJ]
	Asking u_5 [ZfOJ]'s watchers to watch [XYIx]
	Added [jm4C] as watcher for u_0 [6eAG]
	Asking u_0 [6eAG]'s watchers to watch [XYIx]
	Added [QEi9] as watcher for u_4 [br4B]
	Added [bivQ] as watcher for u_1 [Ytr4]
	Asking u_1 [Ytr4]'s watchers to watch [XYIx]
	Asking u_4 [br4B]'s watchers to watch [XYIx]
	Added [jm4C] as watcher for u_9 [gwo7]
	Asking u_9 [gwo7]'s watchers to watch [XYIx]
	Added [bivQ] as watcher for u_8 [6AQD]
	Asking u_8 [6AQD]'s watchers to watch [XYIx]
	Added [b_RA] as watcher for u_6 [Sxcq]
	Asking u_6 [Sxcq]'s watchers to watch [XYIx]
	✅ u_3 [8j1s] Inception Done
	✅ u_7 [g46w] Inception Done
	✅ u_2 [4Gfp] Inception Done
	✅ u_8 [6AQD] Inception Done
	✅ u_5 [ZfOJ] Inception Done
	✅ u_0 [6eAG] Inception Done
	✅ u_1 [Ytr4] Inception Done
	✅ u_9 [gwo7] Inception Done
	✅ u_4 [br4B] Inception Done
	✅ u_6 [Sxcq] Inception Done
Test 2 (signature verification)
	✅ u_6 [Sxcq] Message verified
	✅ u_5 [ZfOJ] Message verified
	✅ u_9 [gwo7] Message verified
	✅ u_8 [6AQD] Message verified
	✅ u_0 [6eAG] Message verified
	✅ u_2 [4Gfp] Message verified
	✅ u_3 [8j1s] Message verified
	✅ u_4 [br4B] Message verified
	✅ u_7 [g46w] Message verified
	✅ u_1 [Ytr4] Message verified
Waiting for an incoming message - Test 3 (signature verification after rotation of issuer)
	✅ u_0 [6eAG] Message Verified (2)
	✅ u_9 [gwo7] Message Verified (2)
	✅ u_3 [8j1s] Message Verified (2)
	✅ u_4 [br4B] Message Verified (2)
	✅ u_2 [4Gfp] Message Verified (2)
	✅ u_6 [Sxcq] Message Verified (2)
	✅ u_7 [g46w] Message Verified (2)
	✅ u_8 [6AQD] Message Verified (2)
	✅ u_5 [ZfOJ] Message Verified (2)
	✅ u_1 [Ytr4] Message Verified (2)
Waiting for an incoming message - Test 4 (valid acdc credential)
skipped--
Waiting for an incoming message - Test 5 (acdc revocation)
skipped--
Waiting for an incoming message - Test 6
u_1 [Ytr4] Starts Rotation
u_4 [br4B] Starts Rotation
u_2 [4Gfp] Starts Rotation
u_6 [Sxcq] Starts Rotation
u_9 [gwo7] Starts Rotation
u_3 [8j1s] Starts Rotation
u_0 [6eAG] Starts Rotation
u_7 [g46w] Starts Rotation
u_5 [ZfOJ] Starts Rotation
u_8 [6AQD] Starts Rotation
u_7 [g46w] Ends Rotation
u_7 [g46w] - Completed Key Rotation
u_9 [gwo7] Ends Rotation
u_9 [gwo7] - Completed Key Rotation
u_1 [Ytr4] Ends Rotation
u_1 [Ytr4] - Completed Key Rotation
u_3 [8j1s] Ends Rotation
u_3 [8j1s] - Completed Key Rotation
u_2 [4Gfp] Ends Rotation
u_2 [4Gfp] - Completed Key Rotation
u_6 [Sxcq] Ends Rotation
u_6 [Sxcq] - Completed Key Rotation
u_8 [6AQD] Ends Rotation
u_8 [6AQD] - Completed Key Rotation
u_5 [ZfOJ] Ends Rotation
u_5 [ZfOJ] - Completed Key Rotation
u_4 [br4B] Ends Rotation
u_4 [br4B] - Completed Key Rotation
u_0 [6eAG] Ends Rotation
u_0 [6eAG] - Completed Key Rotation
Executed 10 users / 10 success / 0 fail
Test 1: 6995ms (699 p.u.)
Test 2: 0ms (0 p.u.)
Test 3: 1399ms (139 p.u.)
Test 4: 1918ms (191 p.u.)
