Waiting for an incoming message - Test 1 (inception)
Error while deserializing http message: Error("EOF while parsing a value", line: 1, column: 0)
	Preparing Data...
	Data is ready, starting users and test1
Incepted: u_1 [BzDS]
Incepted: u_4 [F9kx]
Incepted: u_2 [8yfO]
Incepted: u_0 [FrQ4]
Incepted: u_3 [EbVi]
Incepted: u_6 [r2wA]
Incepted: u_5 [JMkP]
Incepted: u_8 [R5_r]
Incepted: u_9 [bOkt]
Incepted: u_7 [U0Rs]
	Added [b_RA] as watcher for u_2 [8yfO]
	Added [3mIH] as watcher for u_6 [r2wA]
	Added [x5MO] as watcher for u_4 [F9kx]
	Added [2D85] as watcher for u_5 [JMkP]
	Added [bivQ] as watcher for u_0 [FrQ4]
	Added [b_RA] as watcher for u_9 [bOkt]
	Added [x5MO] as watcher for u_3 [EbVi]
	Added [j5nz] as watcher for u_8 [R5_r]
	Added [b_RA] as watcher for u_7 [U0Rs]
	Added [j5nz] as watcher for u_1 [BzDS]
	Added [x5MO] as watcher for u_2 [8yfO]
	Added [QEi9] as watcher for u_0 [FrQ4]
	Added [3mIH] as watcher for u_8 [R5_r]
	Added [x5MO] as watcher for u_6 [r2wA]
	Added [b_RA] as watcher for u_4 [F9kx]
	Added [j5nz] as watcher for u_5 [JMkP]
	Added [x5MO] as watcher for u_9 [bOkt]
	Added [2D85] as watcher for u_7 [U0Rs]
	Added [bivQ] as watcher for u_3 [EbVi]
	Added [QEi9] as watcher for u_1 [BzDS]
	Added [3mIH] as watcher for u_4 [F9kx]
	Added [bivQ] as watcher for u_2 [8yfO]
	Added [QEi9] as watcher for u_8 [R5_r]
	Added [2D85] as watcher for u_0 [FrQ4]
	Added [jm4C] as watcher for u_7 [U0Rs]
	Added [j5nz] as watcher for u_6 [r2wA]
	Added [bivQ] as watcher for u_5 [JMkP]
	Added [2D85] as watcher for u_9 [bOkt]
	Added [bivQ] as watcher for u_1 [BzDS]
	Added [b_RA] as watcher for u_3 [EbVi]
	Added [QEi9] as watcher for u_2 [8yfO]
	Added [b_RA] as watcher for u_0 [FrQ4]
	Added [3mIH] as watcher for u_5 [JMkP]
	Added [QEi9] as watcher for u_4 [F9kx]
	Added [2D85] as watcher for u_8 [R5_r]
	Added [bivQ] as watcher for u_9 [bOkt]
	Added [bivQ] as watcher for u_7 [U0Rs]
	Added [3mIH] as watcher for u_3 [EbVi]
	Added [x5MO] as watcher for u_1 [BzDS]
	Added [QEi9] as watcher for u_6 [r2wA]
	Added [3mIH] as watcher for u_2 [8yfO]
	Added [j5nz] as watcher for u_4 [F9kx]
	Added [x5MO] as watcher for u_5 [JMkP]
	Added [j5nz] as watcher for u_9 [bOkt]
	Added [jm4C] as watcher for u_8 [R5_r]
	Added [j5nz] as watcher for u_0 [FrQ4]
	Added [jm4C] as watcher for u_1 [BzDS]
	Added [2D85] as watcher for u_3 [EbVi]
	Added [j5nz] as watcher for u_7 [U0Rs]
	Added [bivQ] as watcher for u_6 [r2wA]
	Added [2D85] as watcher for u_2 [8yfO]
	Asking u_2 [8yfO]'s watchers to watch [XYIx]
	Added [3mIH] as watcher for u_9 [bOkt]
	Asking u_9 [bOkt]'s watchers to watch [XYIx]
	Added [QEi9] as watcher for u_5 [JMkP]
	Asking u_5 [JMkP]'s watchers to watch [XYIx]
	Added [jm4C] as watcher for u_0 [FrQ4]
	Asking u_0 [FrQ4]'s watchers to watch [XYIx]
	Added [2D85] as watcher for u_4 [F9kx]
	Asking u_4 [F9kx]'s watchers to watch [XYIx]
	Added [bivQ] as watcher for u_8 [R5_r]
	Asking u_8 [R5_r]'s watchers to watch [XYIx]
	Added [x5MO] as watcher for u_7 [U0Rs]
	Asking u_7 [U0Rs]'s watchers to watch [XYIx]
	Added [2D85] as watcher for u_1 [BzDS]
	Asking u_1 [BzDS]'s watchers to watch [XYIx]
	Added [QEi9] as watcher for u_3 [EbVi]
	Asking u_3 [EbVi]'s watchers to watch [XYIx]
	Added [2D85] as watcher for u_6 [r2wA]
	Asking u_6 [r2wA]'s watchers to watch [XYIx]
	✅ u_2 [8yfO] Inception Done
	✅ u_0 [FrQ4] Inception Done
	✅ u_4 [F9kx] Inception Done
	✅ u_9 [bOkt] Inception Done
	✅ u_5 [JMkP] Inception Done
	✅ u_7 [U0Rs] Inception Done
	✅ u_3 [EbVi] Inception Done
	✅ u_1 [BzDS] Inception Done
	✅ u_8 [R5_r] Inception Done
	✅ u_6 [r2wA] Inception Done
Test 2 (signature verification)
	✅ u_7 [U0Rs] Message verified
	✅ u_6 [r2wA] Message verified
	✅ u_1 [BzDS] Message verified
	✅ u_4 [F9kx] Message verified
	✅ u_5 [JMkP] Message verified
	✅ u_3 [EbVi] Message verified
	✅ u_8 [R5_r] Message verified
	✅ u_9 [bOkt] Message verified
	✅ u_2 [8yfO] Message verified
	✅ u_0 [FrQ4] Message verified
Waiting for an incoming message - Test 3 (signature verification after rotation of issuer)
	✅ u_1 [BzDS] Message Verified (2)
	✅ u_8 [R5_r] Message Verified (2)
	✅ u_9 [bOkt] Message Verified (2)
	✅ u_6 [r2wA] Message Verified (2)
	✅ u_5 [JMkP] Message Verified (2)
	✅ u_4 [F9kx] Message Verified (2)
	✅ u_2 [8yfO] Message Verified (2)
	✅ u_7 [U0Rs] Message Verified (2)
	✅ u_3 [EbVi] Message Verified (2)
	✅ u_0 [FrQ4] Message Verified (2)
Waiting for an incoming message - Test 4 (valid acdc credential)
skipped--
Waiting for an incoming message - Test 5 (acdc revocation)
skipped--
Waiting for an incoming message - Test 6
u_0 [FrQ4] Starts Rotation
u_8 [R5_r] Starts Rotation
u_4 [F9kx] Starts Rotation
u_5 [JMkP] Starts Rotation
u_7 [U0Rs] Starts Rotation
u_2 [8yfO] Starts Rotation
u_3 [EbVi] Starts Rotation
u_9 [bOkt] Starts Rotation
u_6 [r2wA] Starts Rotation
u_1 [BzDS] Starts Rotation
u_8 [R5_r] Ends Rotation
u_8 [R5_r] - Completed Key Rotation
u_5 [JMkP] Ends Rotation
u_5 [JMkP] - Completed Key Rotation
u_1 [BzDS] Ends Rotation
u_1 [BzDS] - Completed Key Rotation
u_6 [r2wA] Ends Rotation
u_6 [r2wA] - Completed Key Rotation
u_2 [8yfO] Ends Rotation
u_2 [8yfO] - Completed Key Rotation
u_4 [F9kx] Ends Rotation
u_4 [F9kx] - Completed Key Rotation
u_3 [EbVi] Ends Rotation
u_3 [EbVi] - Completed Key Rotation
u_7 [U0Rs] Ends Rotation
u_7 [U0Rs] - Completed Key Rotation
u_0 [FrQ4] Ends Rotation
u_0 [FrQ4] - Completed Key Rotation
u_9 [bOkt] Ends Rotation
u_9 [bOkt] - Completed Key Rotation
Executed 10 users / 10 success / 0 fail
Test 1: 9003ms (900 p.u.)
Test 2: 1ms (0 p.u.)
Test 3: 1585ms (158 p.u.)
Test 4: 2377ms (237 p.u.)
