Waiting for an incoming message - Test 1 (inception)
Error while deserializing http message: Error("EOF while parsing a value", line: 1, column: 0)
	Preparing Data...
	Data is ready, starting users and test1
Incepted: u_0 [UL8w]
Incepted: u_2 [bzxR]
Incepted: u_1 [riar]
Incepted: u_7 [-bty]
Incepted: u_8 [GMoA]
Incepted: u_3 [-CN3]
Incepted: u_4 [Yb7d]
	Added [bivQ] as watcher for u_2 [bzxR]
Incepted: u_6 [OhTn]
Incepted: u_9 [0fBd]
	Added [bivQ] as watcher for u_1 [riar]
	Added [bivQ] as watcher for u_8 [GMoA]
Incepted: u_5 [GM9o]
	Added [QEi9] as watcher for u_0 [UL8w]
	Added [3mIH] as watcher for u_3 [-CN3]
	Added [2D85] as watcher for u_1 [riar]
	Added [j5nz] as watcher for u_7 [-bty]
	Added [j5nz] as watcher for u_2 [bzxR]
	Added [jm4C] as watcher for u_4 [Yb7d]
	Added [j5nz] as watcher for u_9 [0fBd]
	Added [2D85] as watcher for u_8 [GMoA]
	Added [jm4C] as watcher for u_6 [OhTn]
	Added [bivQ] as watcher for u_0 [UL8w]
	Added [bivQ] as watcher for u_3 [-CN3]
	Added [QEi9] as watcher for u_5 [GM9o]
	Added [3mIH] as watcher for u_1 [riar]
	Added [bivQ] as watcher for u_7 [-bty]
	Added [2D85] as watcher for u_3 [-CN3]
	Added [2D85] as watcher for u_7 [-bty]
	Added [b_RA] as watcher for u_4 [Yb7d]
	Added [x5MO] as watcher for u_2 [bzxR]
	Added [b_RA] as watcher for u_6 [OhTn]
	Added [QEi9] as watcher for u_9 [0fBd]
	Added [QEi9] as watcher for u_8 [GMoA]
	Added [3mIH] as watcher for u_5 [GM9o]
	Added [b_RA] as watcher for u_0 [UL8w]
	Added [2D85] as watcher for u_4 [Yb7d]
	Added [b_RA] as watcher for u_1 [riar]
	Added [x5MO] as watcher for u_3 [-CN3]
	Added [bivQ] as watcher for u_9 [0fBd]
	Added [3mIH] as watcher for u_6 [OhTn]
	Added [2D85] as watcher for u_5 [GM9o]
	Added [j5nz] as watcher for u_8 [GMoA]
	Added [b_RA] as watcher for u_2 [bzxR]
	Added [QEi9] as watcher for u_7 [-bty]
	Added [j5nz] as watcher for u_0 [UL8w]
	Added [2D85] as watcher for u_6 [OhTn]
	Added [x5MO] as watcher for u_4 [Yb7d]
	Added [jm4C] as watcher for u_1 [riar]
	Added [j5nz] as watcher for u_3 [-CN3]
	Added [jm4C] as watcher for u_9 [0fBd]
	Added [2D85] as watcher for u_2 [bzxR]
	Added [2D85] as watcher for u_0 [UL8w]
	Added [b_RA] as watcher for u_8 [GMoA]
	Added [b_RA] as watcher for u_5 [GM9o]
	Added [x5MO] as watcher for u_7 [-bty]
	Added [j5nz] as watcher for u_6 [OhTn]
	Added [3mIH] as watcher for u_9 [0fBd]
	Added [QEi9] as watcher for u_4 [Yb7d]
	Added [jm4C] as watcher for u_3 [-CN3]
	Asking u_3 [-CN3]'s watchers to watch [XYIx]
	Added [j5nz] as watcher for u_1 [riar]
	Asking u_1 [riar]'s watchers to watch [XYIx]
	Added [3mIH] as watcher for u_8 [GMoA]
	Asking u_8 [GMoA]'s watchers to watch [XYIx]
	Added [jm4C] as watcher for u_2 [bzxR]
	Asking u_2 [bzxR]'s watchers to watch [XYIx]
	Added [jm4C] as watcher for u_5 [GM9o]
	Added [x5MO] as watcher for u_0 [UL8w]
	Asking u_0 [UL8w]'s watchers to watch [XYIx]
	Added [bivQ] as watcher for u_6 [OhTn]
	Asking u_6 [OhTn]'s watchers to watch [XYIx]
	Added [jm4C] as watcher for u_7 [-bty]
	Asking u_7 [-bty]'s watchers to watch [XYIx]
	Added [bivQ] as watcher for u_4 [Yb7d]
	Asking u_4 [Yb7d]'s watchers to watch [XYIx]
	Added [b_RA] as watcher for u_9 [0fBd]
	Asking u_9 [0fBd]'s watchers to watch [XYIx]
	Added [x5MO] as watcher for u_5 [GM9o]
	Asking u_5 [GM9o]'s watchers to watch [XYIx]
	✅ u_6 [OhTn] Inception Done
	✅ u_3 [-CN3] Inception Done
	✅ u_8 [GMoA] Inception Done
	✅ u_1 [riar] Inception Done
	✅ u_7 [-bty] Inception Done
	✅ u_2 [bzxR] Inception Done
	✅ u_0 [UL8w] Inception Done
	✅ u_4 [Yb7d] Inception Done
	✅ u_9 [0fBd] Inception Done
	✅ u_5 [GM9o] Inception Done
Test 2 (signature verification)
	✅ u_7 [-bty] Message verified
	✅ u_5 [GM9o] Message verified
	✅ u_9 [0fBd] Message verified
	✅ u_8 [GMoA] Message verified
	✅ u_4 [Yb7d] Message verified
	✅ u_2 [bzxR] Message verified
	✅ u_0 [UL8w] Message verified
	✅ u_1 [riar] Message verified
	✅ u_6 [OhTn] Message verified
	✅ u_3 [-CN3] Message verified
Waiting for an incoming message - Test 3 (signature verification after rotation of issuer)
	✅ u_0 [UL8w] Message Verified (2)
	✅ u_2 [bzxR] Message Verified (2)
	✅ u_3 [-CN3] Message Verified (2)
	✅ u_5 [GM9o] Message Verified (2)
	✅ u_4 [Yb7d] Message Verified (2)
	✅ u_1 [riar] Message Verified (2)
	✅ u_8 [GMoA] Message Verified (2)
	✅ u_9 [0fBd] Message Verified (2)
	✅ u_6 [OhTn] Message Verified (2)
	✅ u_7 [-bty] Message Verified (2)
Waiting for an incoming message - Test 4 (valid acdc credential)
skipped--
Waiting for an incoming message - Test 5 (acdc revocation)
skipped--
Waiting for an incoming message - Test 6
u_7 [-bty] Starts Rotation
u_5 [GM9o] Starts Rotation
u_6 [OhTn] Starts Rotation
u_9 [0fBd] Starts Rotation
u_0 [UL8w] Starts Rotation
u_1 [riar] Starts Rotation
u_8 [GMoA] Starts Rotation
u_2 [bzxR] Starts Rotation
u_3 [-CN3] Starts Rotation
u_4 [Yb7d] Starts Rotation
u_0 [UL8w] Ends Rotation
u_0 [UL8w] - Completed Key Rotation
u_8 [GMoA] Ends Rotation
u_8 [GMoA] - Completed Key Rotation
u_1 [riar] Ends Rotation
u_1 [riar] - Completed Key Rotation
u_6 [OhTn] Ends Rotation
u_6 [OhTn] - Completed Key Rotation
u_4 [Yb7d] Ends Rotation
u_4 [Yb7d] - Completed Key Rotation
u_2 [bzxR] Ends Rotation
u_2 [bzxR] - Completed Key Rotation
u_7 [-bty] Ends Rotation
u_7 [-bty] - Completed Key Rotation
u_9 [0fBd] Ends Rotation
u_9 [0fBd] - Completed Key Rotation
u_3 [-CN3] Ends Rotation
u_3 [-CN3] - Completed Key Rotation
u_5 [GM9o] Ends Rotation
u_5 [GM9o] - Completed Key Rotation
Executed 10 users / 10 success / 0 fail
Test 1: 7101ms (710 p.u.)
Test 2: 1ms (0 p.u.)
Test 3: 1292ms (129 p.u.)
Test 4: 1993ms (199 p.u.)
