Waiting for an incoming message - Test 1 (inception)
Error while deserializing http message: Error("EOF while parsing a value", line: 1, column: 0)
	Preparing Data...
	Data is ready, starting users and test1
Incepted: u_7 [lqBE]
Incepted: u_1 [ASKL]
Incepted: u_8 [xMT-]
Incepted: u_2 [T107]
Incepted: u_0 [Dhox]
Incepted: u_6 [ZZ1T]
Incepted: u_4 [7BJ_]
Incepted: u_3 [n5_D]
Incepted: u_5 [F01V]
Incepted: u_9 [rdlz]
	Added [x5MO] as watcher for u_1 [ASKL]
	Added [x5MO] as watcher for u_7 [lqBE]
	Added [j5nz] as watcher for u_6 [ZZ1T]
	Added [jm4C] as watcher for u_4 [7BJ_]
	Added [j5nz] as watcher for u_2 [T107]
	Added [b_RA] as watcher for u_0 [Dhox]
	Added [bivQ] as watcher for u_8 [xMT-]
	Added [QEi9] as watcher for u_5 [F01V]
	Added [QEi9] as watcher for u_9 [rdlz]
	Added [bivQ] as watcher for u_3 [n5_D]
	Added [QEi9] as watcher for u_7 [lqBE]
	Added [jm4C] as watcher for u_1 [ASKL]
	Added [x5MO] as watcher for u_2 [T107]
	Added [3mIH] as watcher for u_4 [7BJ_]
	Added [x5MO] as watcher for u_8 [xMT-]
	Added [bivQ] as watcher for u_6 [ZZ1T]
	Added [bivQ] as watcher for u_0 [Dhox]
	Added [x5MO] as watcher for u_5 [F01V]
	Added [jm4C] as watcher for u_9 [rdlz]
	Added [b_RA] as watcher for u_1 [ASKL]
	Added [j5nz] as watcher for u_7 [lqBE]
	Added [b_RA] as watcher for u_3 [n5_D]
	Added [j5nz] as watcher for u_4 [7BJ_]
	Added [jm4C] as watcher for u_5 [F01V]
	Added [b_RA] as watcher for u_2 [T107]
	Added [jm4C] as watcher for u_6 [ZZ1T]
	Added [b_RA] as watcher for u_8 [xMT-]
	Added [jm4C] as watcher for u_3 [n5_D]
	Added [jm4C] as watcher for u_0 [Dhox]
	Added [QEi9] as watcher for u_1 [ASKL]
	Added [2D85] as watcher for u_7 [lqBE]
	Added [bivQ] as watcher for u_9 [rdlz]
	Added [2D85] as watcher for u_4 [7BJ_]
	Added [j5nz] as watcher for u_3 [n5_D]
	Added [b_RA] as watcher for u_5 [F01V]
	Added [2D85] as watcher for u_1 [ASKL]
	Added [QEi9] as watcher for u_2 [T107]
	Added [3mIH] as watcher for u_8 [xMT-]
	Added [b_RA] as watcher for u_6 [ZZ1T]
	Added [3mIH] as watcher for u_0 [Dhox]
	Added [jm4C] as watcher for u_7 [lqBE]
	Added [b_RA] as watcher for u_9 [rdlz]
	Added [b_RA] as watcher for u_4 [7BJ_]
	Added [3mIH] as watcher for u_5 [F01V]
	Added [QEi9] as watcher for u_3 [n5_D]
	Added [x5MO] as watcher for u_6 [ZZ1T]
	Added [j5nz] as watcher for u_1 [ASKL]
	Asking u_1 [ASKL]'s watchers to watch [XYIx]
	Added [2D85] as watcher for u_2 [T107]
	Added [QEi9] as watcher for u_8 [xMT-]
	Added [bivQ] as watcher for u_7 [lqBE]
	Added [x5MO] as watcher for u_4 [7BJ_]
	Asking u_7 [lqBE]'s watchers to watch [XYIx]
	Asking u_4 [7BJ_]'s watchers to watch [XYIx]
	Added [2D85] as watcher for u_0 [Dhox]
	Added [x5MO] as watcher for u_9 [rdlz]
	Added [j5nz] as watcher for u_5 [F01V]
	Asking u_5 [F01V]'s watchers to watch [XYIx]
	Added [3mIH] as watcher for u_6 [ZZ1T]
	Asking u_6 [ZZ1T]'s watchers to watch [XYIx]
	Added [2D85] as watcher for u_8 [xMT-]
	Asking u_8 [xMT-]'s watchers to watch [XYIx]
	Added [bivQ] as watcher for u_2 [T107]
	Asking u_2 [T107]'s watchers to watch [XYIx]
	Added [2D85] as watcher for u_3 [n5_D]
	Asking u_3 [n5_D]'s watchers to watch [XYIx]
	Added [j5nz] as watcher for u_0 [Dhox]
	Asking u_0 [Dhox]'s watchers to watch [XYIx]
	Added [2D85] as watcher for u_9 [rdlz]
	Asking u_9 [rdlz]'s watchers to watch [XYIx]
	✅ u_7 [lqBE] Inception Done
	✅ u_1 [ASKL] Inception Done
	✅ u_4 [7BJ_] Inception Done
	✅ u_5 [F01V] Inception Done
	✅ u_8 [xMT-] Inception Done
	✅ u_6 [ZZ1T] Inception Done
	✅ u_2 [T107] Inception Done
	✅ u_3 [n5_D] Inception Done
	✅ u_0 [Dhox] Inception Done
	✅ u_9 [rdlz] Inception Done
Test 2 (signature verification)
	✅ u_9 [rdlz] Message verified
	✅ u_6 [ZZ1T] Message verified
	✅ u_0 [Dhox] Message verified
	✅ u_8 [xMT-] Message verified
	✅ u_7 [lqBE] Message verified
	✅ u_3 [n5_D] Message verified
	✅ u_1 [ASKL] Message verified
	✅ u_2 [T107] Message verified
	✅ u_4 [7BJ_] Message verified
	✅ u_5 [F01V] Message verified
Waiting for an incoming message - Test 3 (signature verification after rotation of issuer)
	✅ u_6 [ZZ1T] Message Verified (2)
	✅ u_3 [n5_D] Message Verified (2)
	✅ u_9 [rdlz] Message Verified (2)
	✅ u_0 [Dhox] Message Verified (2)
	✅ u_2 [T107] Message Verified (2)
	✅ u_8 [xMT-] Message Verified (2)
	✅ u_1 [ASKL] Message Verified (2)
	✅ u_5 [F01V] Message Verified (2)
	✅ u_4 [7BJ_] Message Verified (2)
	✅ u_7 [lqBE] Message Verified (2)
Waiting for an incoming message - Test 4 (valid acdc credential)
skipped--
Waiting for an incoming message - Test 5 (acdc revocation)
skipped--
Waiting for an incoming message - Test 6
u_3 [n5_D] Starts Rotation
u_8 [xMT-] Starts Rotation
u_4 [7BJ_] Starts Rotation
u_1 [ASKL] Starts Rotation
u_2 [T107] Starts Rotation
u_6 [ZZ1T] Starts Rotation
u_0 [Dhox] Starts Rotation
u_9 [rdlz] Starts Rotation
u_7 [lqBE] Starts Rotation
u_5 [F01V] Starts Rotation
u_6 [ZZ1T] Ends Rotation
u_6 [ZZ1T] - Completed Key Rotation
u_0 [Dhox] Ends Rotation
u_0 [Dhox] - Completed Key Rotation
u_4 [7BJ_] Ends Rotation
u_4 [7BJ_] - Completed Key Rotation
u_7 [lqBE] Ends Rotation
u_7 [lqBE] - Completed Key Rotation
u_3 [n5_D] Ends Rotation
u_3 [n5_D] - Completed Key Rotation
u_2 [T107] Ends Rotation
u_2 [T107] - Completed Key Rotation
u_1 [ASKL] Ends Rotation
u_1 [ASKL] - Completed Key Rotation
u_5 [F01V] Ends Rotation
u_5 [F01V] - Completed Key Rotation
u_9 [rdlz] Ends Rotation
u_9 [rdlz] - Completed Key Rotation
u_8 [xMT-] Ends Rotation
u_8 [xMT-] - Completed Key Rotation
Executed 10 users / 10 success / 0 fail
Test 1: 8569ms (856 p.u.)
Test 2: 1ms (0 p.u.)
Test 3: 1656ms (165 p.u.)
Test 4: 2320ms (232 p.u.)
