Waiting for an incoming message - Test 1 (inception)
Error while deserializing http message: Error("EOF while parsing a value", line: 1, column: 0)
	Preparing Data...
	Data is ready, starting users and test1
Incepted: u_5 [tkJs]
Incepted: u_8 [spVP]
Incepted: u_7 [Jc9_]
Incepted: u_0 [vOPW]
Incepted: u_2 [GZMM]
Incepted: u_1 [lN8b]
Incepted: u_3 [QNtT]
Incepted: u_4 [Xbm-]
	Added [x5MO] as watcher for u_5 [tkJs]
Incepted: u_9 [32KY]
Incepted: u_6 [AzOH]
	Added [j5nz] as watcher for u_8 [spVP]
	Added [jm4C] as watcher for u_2 [GZMM]
	Added [QEi9] as watcher for u_7 [Jc9_]
	Added [x5MO] as watcher for u_4 [Xbm-]
	Added [bivQ] as watcher for u_1 [lN8b]
	Added [bivQ] as watcher for u_0 [vOPW]
	Added [QEi9] as watcher for u_5 [tkJs]
	Added [2D85] as watcher for u_3 [QNtT]
	Added [j5nz] as watcher for u_9 [32KY]
	Added [jm4C] as watcher for u_8 [spVP]
	Added [2D85] as watcher for u_6 [AzOH]
	Added [j5nz] as watcher for u_7 [Jc9_]
	Added [b_RA] as watcher for u_2 [GZMM]
	Added [jm4C] as watcher for u_1 [lN8b]
	Added [b_RA] as watcher for u_9 [32KY]
	Added [j5nz] as watcher for u_0 [vOPW]
	Added [x5MO] as watcher for u_3 [QNtT]
	Added [j5nz] as watcher for u_4 [Xbm-]
	Added [j5nz] as watcher for u_5 [tkJs]
	Added [2D85] as watcher for u_8 [spVP]
	Added [QEi9] as watcher for u_1 [lN8b]
	Added [2D85] as watcher for u_7 [Jc9_]
	Added [QEi9] as watcher for u_2 [GZMM]
	Added [bivQ] as watcher for u_6 [AzOH]
	Added [bivQ] as watcher for u_9 [32KY]
	Added [jm4C] as watcher for u_5 [tkJs]
	Added [b_RA] as watcher for u_0 [vOPW]
	Added [b_RA] as watcher for u_4 [Xbm-]
	Added [bivQ] as watcher for u_3 [QNtT]
	Added [bivQ] as watcher for u_8 [spVP]
	Added [b_RA] as watcher for u_1 [lN8b]
	Added [jm4C] as watcher for u_6 [AzOH]
	Added [jm4C] as watcher for u_9 [32KY]
	Added [j5nz] as watcher for u_2 [GZMM]
	Added [bivQ] as watcher for u_7 [Jc9_]
	Added [x5MO] as watcher for u_0 [vOPW]
	Added [jm4C] as watcher for u_4 [Xbm-]
	Added [bivQ] as watcher for u_5 [tkJs]
	Asking u_5 [tkJs]'s watchers to watch [EhPR]
	Added [x5MO] as watcher for u_8 [spVP]
	Asking u_8 [spVP]'s watchers to watch [EhPR]
	Added [b_RA] as watcher for u_3 [QNtT]
	Added [2D85] as watcher for u_1 [lN8b]
	Asking u_1 [lN8b]'s watchers to watch [EhPR]
	Added [x5MO] as watcher for u_9 [32KY]
	Asking u_9 [32KY]'s watchers to watch [EhPR]
	Added [jm4C] as watcher for u_7 [Jc9_]
	Asking u_7 [Jc9_]'s watchers to watch [EhPR]
	Added [jm4C] as watcher for u_0 [vOPW]
	Asking u_0 [vOPW]'s watchers to watch [EhPR]
	Added [QEi9] as watcher for u_6 [AzOH]
	Added [bivQ] as watcher for u_2 [GZMM]
	Asking u_2 [GZMM]'s watchers to watch [EhPR]
	Added [2D85] as watcher for u_4 [Xbm-]
	Asking u_4 [Xbm-]'s watchers to watch [EhPR]
	Added [j5nz] as watcher for u_3 [QNtT]
	Asking u_3 [QNtT]'s watchers to watch [EhPR]
	Added [x5MO] as watcher for u_6 [AzOH]
	Asking u_6 [AzOH]'s watchers to watch [EhPR]
	✅ u_5 [tkJs] Inception Done
	✅ u_8 [spVP] Inception Done
	✅ u_7 [Jc9_] Inception Done
	✅ u_1 [lN8b] Inception Done
	✅ u_9 [32KY] Inception Done
	✅ u_0 [vOPW] Inception Done
	✅ u_2 [GZMM] Inception Done
	✅ u_4 [Xbm-] Inception Done
	✅ u_3 [QNtT] Inception Done
	✅ u_6 [AzOH] Inception Done
Test 2 (signature verification)
	✅ u_6 [AzOH] Message verified
	✅ u_5 [tkJs] Message verified
	✅ u_7 [Jc9_] Message verified
	✅ u_2 [GZMM] Message verified
	✅ u_8 [spVP] Message verified
	✅ u_1 [lN8b] Message verified
	✅ u_9 [32KY] Message verified
	✅ u_4 [Xbm-] Message verified
	✅ u_3 [QNtT] Message verified
	✅ u_0 [vOPW] Message verified
Waiting for an incoming message - Test 3 (signature verification after rotation of issuer)
	✅ u_5 [tkJs] Message Verified (2)
	✅ u_6 [AzOH] Message Verified (2)
	✅ u_8 [spVP] Message Verified (2)
	✅ u_9 [32KY] Message Verified (2)
	✅ u_3 [QNtT] Message Verified (2)
	✅ u_1 [lN8b] Message Verified (2)
	✅ u_7 [Jc9_] Message Verified (2)
	✅ u_4 [Xbm-] Message Verified (2)
	✅ u_2 [GZMM] Message Verified (2)
	✅ u_0 [vOPW] Message Verified (2)
Waiting for an incoming message - Test 4 (valid acdc credential)
skipped--
Waiting for an incoming message - Test 5 (acdc revocation)
skipped--
Waiting for an incoming message - Test 6
u_0 [vOPW] Starts Rotation
u_9 [32KY] Starts Rotation
u_7 [Jc9_] Starts Rotation
u_6 [AzOH] Starts Rotation
u_1 [lN8b] Starts Rotation
u_4 [Xbm-] Starts Rotation
u_2 [GZMM] Starts Rotation
u_3 [QNtT] Starts Rotation
u_5 [tkJs] Starts Rotation
u_8 [spVP] Starts Rotation
u_7 [Jc9_] Ends Rotation
u_7 [Jc9_] - Completed Key Rotation
u_5 [tkJs] Ends Rotation
u_5 [tkJs] - Completed Key Rotation
u_8 [spVP] Ends Rotation
u_8 [spVP] - Completed Key Rotation
u_2 [GZMM] Ends Rotation
u_2 [GZMM] - Completed Key Rotation
u_6 [AzOH] Ends Rotation
u_6 [AzOH] - Completed Key Rotation
u_0 [vOPW] Ends Rotation
u_0 [vOPW] - Completed Key Rotation
u_1 [lN8b] Ends Rotation
u_1 [lN8b] - Completed Key Rotation
u_3 [QNtT] Ends Rotation
u_3 [QNtT] - Completed Key Rotation
u_4 [Xbm-] Ends Rotation
u_4 [Xbm-] - Completed Key Rotation
u_9 [32KY] Ends Rotation
u_9 [32KY] - Completed Key Rotation
Executed 10 users / 10 success / 0 fail
Test 1: 7849ms (784 p.u.)
Test 2: 1ms (0 p.u.)
Test 3: 1384ms (138 p.u.)
Test 4: 2302ms (230 p.u.)
