Waiting for an incoming message - Test 1 (inception)
Error while deserializing http message: Error("EOF while parsing a value", line: 1, column: 0)
	Preparing Data...
	Data is ready, starting users and test1
Incepted: u_2 [RTsM]
Incepted: u_5 [f4HB]
Incepted: u_4 [yS9F]
Incepted: u_3 [js0W]
Incepted: u_1 [2Psu]
Incepted: u_7 [nHW3]
Incepted: u_8 [g8tr]
Incepted: u_0 [hhT3]
Incepted: u_9 [phCp]
Incepted: u_6 [zOp3]
	Added [QEi9] as watcher for u_5 [f4HB]
	Added [x5MO] as watcher for u_3 [js0W]
	Added [jm4C] as watcher for u_4 [yS9F]
	Added [jm4C] as watcher for u_2 [RTsM]
	Added [b_RA] as watcher for u_1 [2Psu]
	Added [bivQ] as watcher for u_0 [hhT3]
	Added [b_RA] as watcher for u_7 [nHW3]
	Added [x5MO] as watcher for u_8 [g8tr]
	Added [b_RA] as watcher for u_9 [phCp]
	Added [j5nz] as watcher for u_5 [f4HB]
	Added [bivQ] as watcher for u_6 [zOp3]
	Added [bivQ] as watcher for u_3 [js0W]
	Added [QEi9] as watcher for u_2 [RTsM]
	Added [x5MO] as watcher for u_1 [2Psu]
	Added [bivQ] as watcher for u_4 [yS9F]
	Added [jm4C] as watcher for u_9 [phCp]
	Added [x5MO] as watcher for u_0 [hhT3]
	Added [j5nz] as watcher for u_7 [nHW3]
	Added [j5nz] as watcher for u_8 [g8tr]
	Added [jm4C] as watcher for u_6 [zOp3]
	Added [bivQ] as watcher for u_5 [f4HB]
	Added [j5nz] as watcher for u_3 [js0W]
	Added [2D85] as watcher for u_2 [RTsM]
	Added [x5MO] as watcher for u_4 [yS9F]
	Added [bivQ] as watcher for u_1 [2Psu]
	Added [QEi9] as watcher for u_7 [nHW3]
	Added [j5nz] as watcher for u_9 [phCp]
	Added [jm4C] as watcher for u_0 [hhT3]
	Added [bivQ] as watcher for u_8 [g8tr]
	Added [b_RA] as watcher for u_6 [zOp3]
	Added [2D85] as watcher for u_5 [f4HB]
	Added [QEi9] as watcher for u_3 [js0W]
	Added [j5nz] as watcher for u_1 [2Psu]
	Added [j5nz] as watcher for u_4 [yS9F]
	Added [bivQ] as watcher for u_2 [RTsM]
	Added [QEi9] as watcher for u_8 [g8tr]
	Added [bivQ] as watcher for u_7 [nHW3]
	Added [x5MO] as watcher for u_9 [phCp]
	Added [j5nz] as watcher for u_0 [hhT3]
	Added [x5MO] as watcher for u_5 [f4HB]
	Asking u_5 [f4HB]'s watchers to watch [EhPR]
	Added [j5nz] as watcher for u_6 [zOp3]
	Added [QEi9] as watcher for u_1 [2Psu]
	Asking u_1 [2Psu]'s watchers to watch [EhPR]
	Added [b_RA] as watcher for u_0 [hhT3]
	Asking u_0 [hhT3]'s watchers to watch [EhPR]
	Added [j5nz] as watcher for u_2 [RTsM]
	Asking u_2 [RTsM]'s watchers to watch [EhPR]
	Added [b_RA] as watcher for u_3 [js0W]
	Asking u_3 [js0W]'s watchers to watch [EhPR]
	Added [2D85] as watcher for u_8 [g8tr]
	Asking u_8 [g8tr]'s watchers to watch [EhPR]
	Added [2D85] as watcher for u_4 [yS9F]
	Asking u_4 [yS9F]'s watchers to watch [EhPR]
	Added [2D85] as watcher for u_7 [nHW3]
	Asking u_7 [nHW3]'s watchers to watch [EhPR]
	Added [bivQ] as watcher for u_9 [phCp]
	Asking u_9 [phCp]'s watchers to watch [EhPR]
	Added [x5MO] as watcher for u_6 [zOp3]
	Asking u_6 [zOp3]'s watchers to watch [EhPR]
	✅ u_1 [2Psu] Inception Done
	✅ u_5 [f4HB] Inception Done
	✅ u_2 [RTsM] Inception Done
	✅ u_3 [js0W] Inception Done
	✅ u_0 [hhT3] Inception Done
	✅ u_4 [yS9F] Inception Done
	✅ u_8 [g8tr] Inception Done
	✅ u_7 [nHW3] Inception Done
	✅ u_9 [phCp] Inception Done
	✅ u_6 [zOp3] Inception Done
Test 2 (signature verification)
	✅ u_6 [zOp3] Message verified
	✅ u_9 [phCp] Message verified
	✅ u_8 [g8tr] Message verified
	✅ u_1 [2Psu] Message verified
	✅ u_7 [nHW3] Message verified
	✅ u_3 [js0W] Message verified
	✅ u_2 [RTsM] Message verified
	✅ u_5 [f4HB] Message verified
	✅ u_4 [yS9F] Message verified
	✅ u_0 [hhT3] Message verified
Waiting for an incoming message - Test 3 (signature verification after rotation of issuer)
	✅ u_2 [RTsM] Message Verified (2)
	✅ u_6 [zOp3] Message Verified (2)
	✅ u_0 [hhT3] Message Verified (2)
	✅ u_1 [2Psu] Message Verified (2)
	✅ u_4 [yS9F] Message Verified (2)
	✅ u_8 [g8tr] Message Verified (2)
	✅ u_5 [f4HB] Message Verified (2)
	✅ u_9 [phCp] Message Verified (2)
	✅ u_7 [nHW3] Message Verified (2)
	✅ u_3 [js0W] Message Verified (2)
Waiting for an incoming message - Test 4 (valid acdc credential)
skipped--
Waiting for an incoming message - Test 5 (acdc revocation)
skipped--
Waiting for an incoming message - Test 6
u_5 [f4HB] Starts Rotation
u_6 [zOp3] Starts Rotation
u_0 [hhT3] Starts Rotation
u_2 [RTsM] Starts Rotation
u_9 [phCp] Starts Rotation
u_3 [js0W] Starts Rotation
u_8 [g8tr] Starts Rotation
u_1 [2Psu] Starts Rotation
u_4 [yS9F] Starts Rotation
u_7 [nHW3] Starts Rotation
u_8 [g8tr] Ends Rotation
u_8 [g8tr] - Completed Key Rotation
u_5 [f4HB] Ends Rotation
u_5 [f4HB] - Completed Key Rotation
u_9 [phCp] Ends Rotation
u_9 [phCp] - Completed Key Rotation
u_1 [2Psu] Ends Rotation
u_1 [2Psu] - Completed Key Rotation
u_2 [RTsM] Ends Rotation
u_2 [RTsM] - Completed Key Rotation
u_7 [nHW3] Ends Rotation
u_7 [nHW3] - Completed Key Rotation
u_0 [hhT3] Ends Rotation
u_0 [hhT3] - Completed Key Rotation
u_3 [js0W] Ends Rotation
u_3 [js0W] - Completed Key Rotation
u_6 [zOp3] Ends Rotation
u_6 [zOp3] - Completed Key Rotation
u_4 [yS9F] Ends Rotation
u_4 [yS9F] - Completed Key Rotation
Executed 10 users / 10 success / 0 fail
Test 1: 8350ms (835 p.u.)
Test 2: 1ms (0 p.u.)
Test 3: 1380ms (138 p.u.)
Test 4: 2443ms (244 p.u.)
