Waiting for an incoming message - Test 1 (inception)
Error while deserializing http message: Error("EOF while parsing a value", line: 1, column: 0)
	Preparing Data...
	Data is ready, starting users and test1
Incepted: u_4 [avxf]
Incepted: u_2 [T-0y]
Incepted: u_1 [QSbU]
Incepted: u_8 [JP4z]
Incepted: u_3 [SGZs]
Incepted: u_5 [BEgt]
Incepted: u_7 [HJyx]
Incepted: u_9 [JLBX]
	Added [bivQ] as watcher for u_2 [T-0y]
Incepted: u_0 [yqhD]
	Added [QEi9] as watcher for u_1 [QSbU]
	Added [2D85] as watcher for u_7 [HJyx]
Incepted: u_6 [08VT]
	Added [b_RA] as watcher for u_4 [avxf]
	Added [QEi9] as watcher for u_8 [JP4z]
	Added [QEi9] as watcher for u_9 [JLBX]
	Added [jm4C] as watcher for u_3 [SGZs]
	Added [x5MO] as watcher for u_5 [BEgt]
	Added [QEi9] as watcher for u_0 [yqhD]
	Added [bivQ] as watcher for u_6 [08VT]
	Added [x5MO] as watcher for u_2 [T-0y]
	Added [j5nz] as watcher for u_7 [HJyx]
	Added [2D85] as watcher for u_9 [JLBX]
	Added [QEi9] as watcher for u_4 [avxf]
	Added [bivQ] as watcher for u_5 [BEgt]
	Added [b_RA] as watcher for u_1 [QSbU]
	Added [jm4C] as watcher for u_8 [JP4z]
	Added [b_RA] as watcher for u_3 [SGZs]
	Added [bivQ] as watcher for u_9 [JLBX]
	Added [bivQ] as watcher for u_7 [HJyx]
	Added [2D85] as watcher for u_4 [avxf]
	Added [b_RA] as watcher for u_0 [yqhD]
	Added [j5nz] as watcher for u_6 [08VT]
	Added [2D85] as watcher for u_8 [JP4z]
	Added [jm4C] as watcher for u_2 [T-0y]
	Added [jm4C] as watcher for u_5 [BEgt]
	Added [j5nz] as watcher for u_1 [QSbU]
	Added [bivQ] as watcher for u_4 [avxf]
	Added [QEi9] as watcher for u_7 [HJyx]
	Added [2D85] as watcher for u_0 [yqhD]
	Added [QEi9] as watcher for u_3 [SGZs]
	Added [jm4C] as watcher for u_9 [JLBX]
	Added [bivQ] as watcher for u_8 [JP4z]
	Added [QEi9] as watcher for u_2 [T-0y]
	Added [2D85] as watcher for u_3 [SGZs]
	Added [b_RA] as watcher for u_6 [08VT]
	Added [bivQ] as watcher for u_3 [SGZs]
	Asking u_3 [SGZs]'s watchers to watch [EhPR]
	Added [j5nz] as watcher for u_5 [BEgt]
	Added [x5MO] as watcher for u_1 [QSbU]
	Added [x5MO] as watcher for u_7 [HJyx]
	Asking u_7 [HJyx]'s watchers to watch [EhPR]
	Added [x5MO] as watcher for u_0 [yqhD]
	Added [j5nz] as watcher for u_4 [avxf]
	Asking u_4 [avxf]'s watchers to watch [EhPR]
	Added [b_RA] as watcher for u_9 [JLBX]
	Asking u_9 [JLBX]'s watchers to watch [EhPR]
	Added [b_RA] as watcher for u_8 [JP4z]
	Asking u_8 [JP4z]'s watchers to watch [EhPR]
	Added [b_RA] as watcher for u_2 [T-0y]
	Asking u_2 [T-0y]'s watchers to watch [EhPR]
	Added [2D85] as watcher for u_1 [QSbU]
	Asking u_1 [QSbU]'s watchers to watch [EhPR]
	Added [x5MO] as watcher for u_6 [08VT]
	Added [j5nz] as watcher for u_0 [yqhD]
	Asking u_0 [yqhD]'s watchers to watch [EhPR]
	Added [b_RA] as watcher for u_5 [BEgt]
	Asking u_5 [BEgt]'s watchers to watch [EhPR]
	Added [jm4C] as watcher for u_6 [08VT]
	Asking u_6 [08VT]'s watchers to watch [EhPR]
	✅ u_3 [SGZs] Inception Done
	✅ u_4 [avxf] Inception Done
	✅ u_7 [HJyx] Inception Done
	✅ u_8 [JP4z] Inception Done
	✅ u_9 [JLBX] Inception Done
	✅ u_1 [QSbU] Inception Done
	✅ u_2 [T-0y] Inception Done
	✅ u_0 [yqhD] Inception Done
	✅ u_5 [BEgt] Inception Done
	✅ u_6 [08VT] Inception Done
Test 2 (signature verification)
	✅ u_6 [08VT] Message verified
	✅ u_9 [JLBX] Message verified
	✅ u_1 [QSbU] Message verified
	✅ u_0 [yqhD] Message verified
	✅ u_4 [avxf] Message verified
	✅ u_5 [BEgt] Message verified
	✅ u_8 [JP4z] Message verified
	✅ u_3 [SGZs] Message verified
	✅ u_7 [HJyx] Message verified
	✅ u_2 [T-0y] Message verified
Waiting for an incoming message - Test 3 (signature verification after rotation of issuer)
	✅ u_7 [HJyx] Message Verified (2)
	✅ u_0 [yqhD] Message Verified (2)
	✅ u_3 [SGZs] Message Verified (2)
	✅ u_6 [08VT] Message Verified (2)
	✅ u_2 [T-0y] Message Verified (2)
	✅ u_4 [avxf] Message Verified (2)
	✅ u_5 [BEgt] Message Verified (2)
	✅ u_9 [JLBX] Message Verified (2)
	✅ u_8 [JP4z] Message Verified (2)
	✅ u_1 [QSbU] Message Verified (2)
Waiting for an incoming message - Test 4 (valid acdc credential)
skipped--
Waiting for an incoming message - Test 5 (acdc revocation)
skipped--
Waiting for an incoming message - Test 6
u_1 [QSbU] Starts Rotation
u_5 [BEgt] Starts Rotation
u_7 [HJyx] Starts Rotation
u_4 [avxf] Starts Rotation
u_0 [yqhD] Starts Rotation
u_6 [08VT] Starts Rotation
u_2 [T-0y] Starts Rotation
u_3 [SGZs] Starts Rotation
u_9 [JLBX] Starts Rotation
u_8 [JP4z] Starts Rotation
u_4 [avxf] Ends Rotation
u_4 [avxf] - Completed Key Rotation
u_5 [BEgt] Ends Rotation
u_5 [BEgt] - Completed Key Rotation
u_3 [SGZs] Ends Rotation
u_3 [SGZs] - Completed Key Rotation
u_1 [QSbU] Ends Rotation
u_1 [QSbU] - Completed Key Rotation
u_7 [HJyx] Ends Rotation
u_7 [HJyx] - Completed Key Rotation
u_2 [T-0y] Ends Rotation
u_2 [T-0y] - Completed Key Rotation
u_8 [JP4z] Ends Rotation
u_8 [JP4z] - Completed Key Rotation
u_0 [yqhD] Ends Rotation
u_0 [yqhD] - Completed Key Rotation
u_9 [JLBX] Ends Rotation
u_9 [JLBX] - Completed Key Rotation
u_6 [08VT] Ends Rotation
u_6 [08VT] - Completed Key Rotation
Executed 10 users / 10 success / 0 fail
Test 1: 5960ms (596 p.u.)
Test 2: 0ms (0 p.u.)
Test 3: 979ms (97 p.u.)
Test 4: 1753ms (175 p.u.)
