Waiting for an incoming message - Test 1 (inception)
Error while deserializing http message: Error("EOF while parsing a value", line: 1, column: 0)
	Preparing Data...
	Data is ready, starting users and test1
Incepted: u_8 [pADM]
Incepted: u_3 [pmUs]
Incepted: u_0 [X-sM]
Incepted: u_4 [TTET]
Incepted: u_7 [x1xb]
Incepted: u_9 [0jnG]
Incepted: u_5 [narr]
Incepted: u_6 [w5uq]
	Added [x5MO] as watcher for u_8 [pADM]
Incepted: u_2 [av7Y]
	Added [jm4C] as watcher for u_0 [X-sM]
	Added [j5nz] as watcher for u_3 [pmUs]
Incepted: u_1 [xinO]
	Added [x5MO] as watcher for u_7 [x1xb]
	Added [jm4C] as watcher for u_9 [0jnG]
	Added [j5nz] as watcher for u_6 [w5uq]
	Added [b_RA] as watcher for u_5 [narr]
	Added [bivQ] as watcher for u_4 [TTET]
	Added [b_RA] as watcher for u_8 [pADM]
	Added [b_RA] as watcher for u_2 [av7Y]
	Added [b_RA] as watcher for u_1 [xinO]
	Added [QEi9] as watcher for u_3 [pmUs]
	Added [jm4C] as watcher for u_7 [x1xb]
	Added [x5MO] as watcher for u_9 [0jnG]
	Added [2D85] as watcher for u_0 [X-sM]
	Added [jm4C] as watcher for u_6 [w5uq]
	Added [j5nz] as watcher for u_8 [pADM]
	Added [b_RA] as watcher for u_4 [TTET]
	Added [jm4C] as watcher for u_2 [av7Y]
	Added [jm4C] as watcher for u_3 [pmUs]
	Added [QEi9] as watcher for u_7 [x1xb]
	Added [QEi9] as watcher for u_1 [xinO]
	Added [x5MO] as watcher for u_0 [X-sM]
	Added [j5nz] as watcher for u_9 [0jnG]
	Added [2D85] as watcher for u_5 [narr]
	Added [jm4C] as watcher for u_8 [pADM]
	Added [QEi9] as watcher for u_6 [w5uq]
	Added [x5MO] as watcher for u_2 [av7Y]
	Added [b_RA] as watcher for u_0 [X-sM]
	Added [jm4C] as watcher for u_1 [xinO]
	Added [2D85] as watcher for u_4 [TTET]
	Added [b_RA] as watcher for u_6 [w5uq]
	Added [bivQ] as watcher for u_3 [pmUs]
	Added [2D85] as watcher for u_7 [x1xb]
	Added [bivQ] as watcher for u_9 [0jnG]
	Added [x5MO] as watcher for u_1 [xinO]
	Added [j5nz] as watcher for u_0 [X-sM]
	Asking u_0 [X-sM]'s watchers to watch [EhPR]
	Added [bivQ] as watcher for u_5 [narr]
	Added [2D85] as watcher for u_8 [pADM]
	Asking u_8 [pADM]'s watchers to watch [EhPR]
	Added [x5MO] as watcher for u_4 [TTET]
	Added [bivQ] as watcher for u_2 [av7Y]
	Added [b_RA] as watcher for u_3 [pmUs]
	Asking u_3 [pmUs]'s watchers to watch [EhPR]
	Added [j5nz] as watcher for u_5 [narr]
	Added [bivQ] as watcher for u_6 [w5uq]
	Asking u_6 [w5uq]'s watchers to watch [EhPR]
	Added [QEi9] as watcher for u_2 [av7Y]
	Asking u_2 [av7Y]'s watchers to watch [EhPR]
	Added [2D85] as watcher for u_9 [0jnG]
	Asking u_9 [0jnG]'s watchers to watch [EhPR]
	Added [b_RA] as watcher for u_7 [x1xb]
	Asking u_7 [x1xb]'s watchers to watch [EhPR]
	Added [j5nz] as watcher for u_4 [TTET]
	Asking u_4 [TTET]'s watchers to watch [EhPR]
	Added [bivQ] as watcher for u_1 [xinO]
	Asking u_1 [xinO]'s watchers to watch [EhPR]
	Added [x5MO] as watcher for u_5 [narr]
	Asking u_5 [narr]'s watchers to watch [EhPR]
	✅ u_0 [X-sM] Inception Done
	✅ u_8 [pADM] Inception Done
	✅ u_3 [pmUs] Inception Done
	✅ u_6 [w5uq] Inception Done
	✅ u_7 [x1xb] Inception Done
	✅ u_9 [0jnG] Inception Done
	✅ u_1 [xinO] Inception Done
	✅ u_4 [TTET] Inception Done
	✅ u_2 [av7Y] Inception Done
	✅ u_5 [narr] Inception Done
Test 2 (signature verification)
	✅ u_5 [narr] Message verified
	✅ u_1 [xinO] Message verified
	✅ u_6 [w5uq] Message verified
	✅ u_0 [X-sM] Message verified
	✅ u_9 [0jnG] Message verified
	✅ u_3 [pmUs] Message verified
	✅ u_4 [TTET] Message verified
	✅ u_7 [x1xb] Message verified
	✅ u_2 [av7Y] Message verified
	✅ u_8 [pADM] Message verified
Waiting for an incoming message - Test 3 (signature verification after rotation of issuer)
	✅ u_4 [TTET] Message Verified (2)
	✅ u_2 [av7Y] Message Verified (2)
	✅ u_9 [0jnG] Message Verified (2)
	✅ u_7 [x1xb] Message Verified (2)
	✅ u_3 [pmUs] Message Verified (2)
	✅ u_0 [X-sM] Message Verified (2)
	✅ u_6 [w5uq] Message Verified (2)
	✅ u_1 [xinO] Message Verified (2)
	✅ u_5 [narr] Message Verified (2)
	✅ u_8 [pADM] Message Verified (2)
Waiting for an incoming message - Test 4 (valid acdc credential)
skipped--
Waiting for an incoming message - Test 5 (acdc revocation)
skipped--
Waiting for an incoming message - Test 6
u_8 [pADM] Starts Rotation
u_5 [narr] Starts Rotation
u_4 [TTET] Starts Rotation
u_7 [x1xb] Starts Rotation
u_6 [w5uq] Starts Rotation
u_3 [pmUs] Starts Rotation
u_0 [X-sM] Starts Rotation
u_1 [xinO] Starts Rotation
u_9 [0jnG] Starts Rotation
u_2 [av7Y] Starts Rotation
u_3 [pmUs] Ends Rotation
u_3 [pmUs] - Completed Key Rotation
u_8 [pADM] Ends Rotation
u_8 [pADM] - Completed Key Rotation
u_0 [X-sM] Ends Rotation
u_0 [X-sM] - Completed Key Rotation
u_7 [x1xb] Ends Rotation
u_7 [x1xb] - Completed Key Rotation
u_4 [TTET] Ends Rotation
u_4 [TTET] - Completed Key Rotation
u_5 [narr] Ends Rotation
u_5 [narr] - Completed Key Rotation
u_6 [w5uq] Ends Rotation
u_6 [w5uq] - Completed Key Rotation
u_9 [0jnG] Ends Rotation
u_9 [0jnG] - Completed Key Rotation
u_1 [xinO] Ends Rotation
u_1 [xinO] - Completed Key Rotation
u_2 [av7Y] Ends Rotation
u_2 [av7Y] - Completed Key Rotation
Executed 10 users / 10 success / 0 fail
Test 1: 6032ms (603 p.u.)
Test 2: 1ms (0 p.u.)
Test 3: 1002ms (100 p.u.)
Test 4: 1586ms (158 p.u.)
