Waiting for an incoming message - Test 1 (inception)
Error while deserializing http message: Error("EOF while parsing a value", line: 1, column: 0)
	Preparing Data...
	Data is ready, starting users and test1
Incepted: u_6 [bAyW]
Incepted: u_4 [uLAz]
Incepted: u_5 [0JeR]
Incepted: u_9 [azpx]
Incepted: u_0 [0yiR]
Incepted: u_1 [9mOQ]
Incepted: u_7 [tvIv]
Incepted: u_2 [rFi_]
Incepted: u_8 [2PfF]
Incepted: u_3 [BElj]
	Added [b_RA] as watcher for u_6 [bAyW]
	Added [2D85] as watcher for u_0 [0yiR]
	Added [2D85] as watcher for u_9 [azpx]
	Added [QEi9] as watcher for u_1 [9mOQ]
	Added [x5MO] as watcher for u_4 [uLAz]
	Added [bivQ] as watcher for u_3 [BElj]
	Added [j5nz] as watcher for u_5 [0JeR]
	Added [bivQ] as watcher for u_8 [2PfF]
	Added [QEi9] as watcher for u_0 [0yiR]
	Added [j5nz] as watcher for u_2 [rFi_]
	Added [b_RA] as watcher for u_7 [tvIv]
	Added [bivQ] as watcher for u_5 [0JeR]
	Added [jm4C] as watcher for u_6 [bAyW]
	Added [b_RA] as watcher for u_1 [9mOQ]
	Added [j5nz] as watcher for u_9 [azpx]
	Added [QEi9] as watcher for u_7 [tvIv]
	Added [jm4C] as watcher for u_4 [uLAz]
	Added [jm4C] as watcher for u_3 [BElj]
	Added [j5nz] as watcher for u_8 [2PfF]
	Added [2D85] as watcher for u_5 [0JeR]
	Added [x5MO] as watcher for u_0 [0yiR]
	Added [QEi9] as watcher for u_6 [bAyW]
	Added [jm4C] as watcher for u_2 [rFi_]
	Added [bivQ] as watcher for u_7 [tvIv]
	Added [2D85] as watcher for u_8 [2PfF]
	Added [bivQ] as watcher for u_9 [azpx]
	Added [QEi9] as watcher for u_5 [0JeR]
	Added [j5nz] as watcher for u_1 [9mOQ]
	Added [2D85] as watcher for u_2 [rFi_]
	Added [j5nz] as watcher for u_4 [uLAz]
	Added [b_RA] as watcher for u_3 [BElj]
	Added [j5nz] as watcher for u_0 [0yiR]
	Added [j5nz] as watcher for u_6 [bAyW]
	Added [jm4C] as watcher for u_7 [tvIv]
	Added [bivQ] as watcher for u_1 [9mOQ]
	Added [QEi9] as watcher for u_9 [azpx]
	Added [x5MO] as watcher for u_5 [0JeR]
	Asking u_5 [0JeR]'s watchers to watch [EhPR]
	Added [x5MO] as watcher for u_8 [2PfF]
	Added [QEi9] as watcher for u_2 [rFi_]
	Added [2D85] as watcher for u_3 [BElj]
	Added [QEi9] as watcher for u_4 [uLAz]
	Added [2D85] as watcher for u_6 [bAyW]
	Asking u_6 [bAyW]'s watchers to watch [EhPR]
	Added [jm4C] as watcher for u_0 [0yiR]
	Asking u_0 [0yiR]'s watchers to watch [EhPR]
	Added [2D85] as watcher for u_7 [tvIv]
	Asking u_7 [tvIv]'s watchers to watch [EhPR]
	Added [x5MO] as watcher for u_1 [9mOQ]
	Asking u_1 [9mOQ]'s watchers to watch [EhPR]
	Added [bivQ] as watcher for u_4 [uLAz]
	Asking u_4 [uLAz]'s watchers to watch [EhPR]
	Added [x5MO] as watcher for u_9 [azpx]
	Asking u_9 [azpx]'s watchers to watch [EhPR]
	Added [QEi9] as watcher for u_8 [2PfF]
	Asking u_8 [2PfF]'s watchers to watch [EhPR]
	Added [x5MO] as watcher for u_3 [BElj]
	Asking u_3 [BElj]'s watchers to watch [EhPR]
	Added [x5MO] as watcher for u_2 [rFi_]
	Asking u_2 [rFi_]'s watchers to watch [EhPR]
	✅ u_5 [0JeR] Inception Done
	✅ u_6 [bAyW] Inception Done
	✅ u_0 [0yiR] Inception Done
	✅ u_7 [tvIv] Inception Done
	✅ u_1 [9mOQ] Inception Done
	✅ u_4 [uLAz] Inception Done
	✅ u_9 [azpx] Inception Done
	✅ u_3 [BElj] Inception Done
	✅ u_2 [rFi_] Inception Done
	✅ u_8 [2PfF] Inception Done
Test 2 (signature verification)
	✅ u_0 [0yiR] Message verified
	✅ u_8 [2PfF] Message verified
	✅ u_6 [bAyW] Message verified
	✅ u_1 [9mOQ] Message verified
	✅ u_2 [rFi_] Message verified
	✅ u_4 [uLAz] Message verified
	✅ u_9 [azpx] Message verified
	✅ u_3 [BElj] Message verified
	✅ u_5 [0JeR] Message verified
	✅ u_7 [tvIv] Message verified
Waiting for an incoming message - Test 3 (signature verification after rotation of issuer)
	✅ u_8 [2PfF] Message Verified (2)
	✅ u_6 [bAyW] Message Verified (2)
	✅ u_1 [9mOQ] Message Verified (2)
	✅ u_3 [BElj] Message Verified (2)
	✅ u_9 [azpx] Message Verified (2)
	✅ u_7 [tvIv] Message Verified (2)
	✅ u_5 [0JeR] Message Verified (2)
	✅ u_2 [rFi_] Message Verified (2)
	✅ u_0 [0yiR] Message Verified (2)
	✅ u_4 [uLAz] Message Verified (2)
Waiting for an incoming message - Test 4 (valid acdc credential)
skipped--
Waiting for an incoming message - Test 5 (acdc revocation)
skipped--
Waiting for an incoming message - Test 6
u_4 [uLAz] Starts Rotation
u_9 [azpx] Starts Rotation
u_6 [bAyW] Starts Rotation
u_5 [0JeR] Starts Rotation
u_2 [rFi_] Starts Rotation
u_8 [2PfF] Starts Rotation
u_0 [0yiR] Starts Rotation
u_7 [tvIv] Starts Rotation
u_1 [9mOQ] Starts Rotation
u_3 [BElj] Starts Rotation
u_4 [uLAz] Ends Rotation
u_4 [uLAz] - Completed Key Rotation
u_6 [bAyW] Ends Rotation
u_6 [bAyW] - Completed Key Rotation
u_3 [BElj] Ends Rotation
u_3 [BElj] - Completed Key Rotation
u_7 [tvIv] Ends Rotation
u_7 [tvIv] - Completed Key Rotation
u_9 [azpx] Ends Rotation
u_9 [azpx] - Completed Key Rotation
u_0 [0yiR] Ends Rotation
u_0 [0yiR] - Completed Key Rotation
u_5 [0JeR] Ends Rotation
u_5 [0JeR] - Completed Key Rotation
u_1 [9mOQ] Ends Rotation
u_1 [9mOQ] - Completed Key Rotation
u_8 [2PfF] Ends Rotation
u_8 [2PfF] - Completed Key Rotation
u_2 [rFi_] Ends Rotation
u_2 [rFi_] - Completed Key Rotation
Executed 10 users / 10 success / 0 fail
Test 1: 7363ms (736 p.u.)
Test 2: 1ms (0 p.u.)
Test 3: 1130ms (113 p.u.)
Test 4: 2291ms (229 p.u.)
