Waiting for an incoming message - Test 1 (inception)
Error while deserializing http message: Error("EOF while parsing a value", line: 1, column: 0)
	Preparing Data...
	Data is ready, starting users and test1
Incepted: u_0 [zUEN]
Incepted: u_3 [Gh0W]
Incepted: u_2 [gl_D]
Incepted: u_4 [9lkJ]
Incepted: u_8 [D8FC]
Incepted: u_1 [_bjM]
Incepted: u_9 [_eBL]
Incepted: u_5 [PC5d]
Incepted: u_7 [RGyO]
Incepted: u_6 [JIIf]
	Added [bivQ] as watcher for u_3 [Gh0W]
	Added [2D85] as watcher for u_0 [zUEN]
	Added [bivQ] as watcher for u_2 [gl_D]
	Added [bivQ] as watcher for u_4 [9lkJ]
	Added [x5MO] as watcher for u_1 [_bjM]
	Added [jm4C] as watcher for u_8 [D8FC]
	Added [x5MO] as watcher for u_5 [PC5d]
	Added [bivQ] as watcher for u_7 [RGyO]
	Added [x5MO] as watcher for u_9 [_eBL]
	Added [jm4C] as watcher for u_6 [JIIf]
	Added [x5MO] as watcher for u_3 [Gh0W]
	Added [bivQ] as watcher for u_0 [zUEN]
	Added [2D85] as watcher for u_4 [9lkJ]
	Added [x5MO] as watcher for u_2 [gl_D]
	Added [2D85] as watcher for u_1 [_bjM]
	Added [x5MO] as watcher for u_8 [D8FC]
	Added [bivQ] as watcher for u_9 [_eBL]
	Added [2D85] as watcher for u_7 [RGyO]
	Added [jm4C] as watcher for u_5 [PC5d]
	Added [bivQ] as watcher for u_6 [JIIf]
	Added [jm4C] as watcher for u_3 [Gh0W]
	Asking u_3 [Gh0W]'s watchers to watch [ThSh]
	Added [jm4C] as watcher for u_2 [gl_D]
	Asking u_2 [gl_D]'s watchers to watch [ThSh]
	Added [jm4C] as watcher for u_0 [zUEN]
	Asking u_0 [zUEN]'s watchers to watch [ThSh]
	Added [jm4C] as watcher for u_4 [9lkJ]
	Asking u_4 [9lkJ]'s watchers to watch [ThSh]
	Added [bivQ] as watcher for u_8 [D8FC]
	Asking u_8 [D8FC]'s watchers to watch [ThSh]
	Added [bivQ] as watcher for u_1 [_bjM]
	Asking u_1 [_bjM]'s watchers to watch [ThSh]
	Added [jm4C] as watcher for u_9 [_eBL]
	Asking u_9 [_eBL]'s watchers to watch [ThSh]
	Added [jm4C] as watcher for u_7 [RGyO]
	Asking u_7 [RGyO]'s watchers to watch [ThSh]
	Added [bivQ] as watcher for u_5 [PC5d]
	Asking u_5 [PC5d]'s watchers to watch [ThSh]
	Added [x5MO] as watcher for u_6 [JIIf]
	Asking u_6 [JIIf]'s watchers to watch [ThSh]
	✅ u_3 [Gh0W] Inception Done
	✅ u_2 [gl_D] Inception Done
	✅ u_0 [zUEN] Inception Done
	✅ u_9 [_eBL] Inception Done
	✅ u_7 [RGyO] Inception Done
	✅ u_4 [9lkJ] Inception Done
	✅ u_8 [D8FC] Inception Done
	✅ u_1 [_bjM] Inception Done
	✅ u_5 [PC5d] Inception Done
	✅ u_6 [JIIf] Inception Done
Test 2 (signature verification)
	✅ u_1 [_bjM] Message verified
	✅ u_6 [JIIf] Message verified
	✅ u_4 [9lkJ] Message verified
	✅ u_7 [RGyO] Message verified
	✅ u_2 [gl_D] Message verified
	✅ u_0 [zUEN] Message verified
	✅ u_5 [PC5d] Message verified
	✅ u_8 [D8FC] Message verified
	✅ u_9 [_eBL] Message verified
	✅ u_3 [Gh0W] Message verified
Waiting for an incoming message - Test 3 (signature verification after rotation of issuer)
	✅ u_1 [_bjM] Message Verified (2)
	✅ u_8 [D8FC] Message Verified (2)
	✅ u_9 [_eBL] Message Verified (2)
	✅ u_6 [JIIf] Message Verified (2)
	✅ u_3 [Gh0W] Message Verified (2)
	✅ u_0 [zUEN] Message Verified (2)
	✅ u_7 [RGyO] Message Verified (2)
	✅ u_5 [PC5d] Message Verified (2)
	✅ u_2 [gl_D] Message Verified (2)
	✅ u_4 [9lkJ] Message Verified (2)
Waiting for an incoming message - Test 4 (valid acdc credential)
skipped--
Waiting for an incoming message - Test 5 (acdc revocation)
skipped--
Waiting for an incoming message - Test 6
u_4 [9lkJ] Starts Rotation
u_8 [D8FC] Starts Rotation
u_7 [RGyO] Starts Rotation
u_2 [gl_D] Starts Rotation
u_5 [PC5d] Starts Rotation
u_1 [_bjM] Starts Rotation
u_0 [zUEN] Starts Rotation
u_9 [_eBL] Starts Rotation
u_6 [JIIf] Starts Rotation
u_3 [Gh0W] Starts Rotation
u_2 [gl_D] Ends Rotation
u_2 [gl_D] - Completed Key Rotation
u_8 [D8FC] Ends Rotation
u_8 [D8FC] - Completed Key Rotation
u_7 [RGyO] Ends Rotation
u_7 [RGyO] - Completed Key Rotation
u_0 [zUEN] Ends Rotation
u_0 [zUEN] - Completed Key Rotation
u_4 [9lkJ] Ends Rotation
u_4 [9lkJ] - Completed Key Rotation
u_1 [_bjM] Ends Rotation
u_1 [_bjM] - Completed Key Rotation
u_6 [JIIf] Ends Rotation
u_6 [JIIf] - Completed Key Rotation
u_5 [PC5d] Ends Rotation
u_5 [PC5d] - Completed Key Rotation
u_9 [_eBL] Ends Rotation
u_9 [_eBL] - Completed Key Rotation
u_3 [Gh0W] Ends Rotation
u_3 [Gh0W] - Completed Key Rotation
Executed 10 users / 10 success / 0 fail
Test 1: 6589ms (658 p.u.)
Test 2: 1ms (0 p.u.)
Test 3: 767ms (76 p.u.)
Test 4: 2625ms (262 p.u.)
