Waiting for an incoming message - Test 1 (inception)
Error while deserializing http message: Error("EOF while parsing a value", line: 1, column: 0)
	Preparing Data...
	Data is ready, starting users and test1
Incepted: u_6 [75u0]
Incepted: u_9 [NVyD]
Incepted: u_3 [avy9]
Incepted: u_8 [L9_f]
Incepted: u_0 [-iWh]
Incepted: u_2 [5H2O]
Incepted: u_7 [WSNQ]
Incepted: u_5 [t0h6]
Incepted: u_4 [8qfm]
Incepted: u_1 [3c5L]
	Added [x5MO] as watcher for u_6 [75u0]
	Added [jm4C] as watcher for u_3 [avy9]
	Added [bivQ] as watcher for u_8 [L9_f]
	Added [bivQ] as watcher for u_7 [WSNQ]
	Added [jm4C] as watcher for u_9 [NVyD]
	Added [bivQ] as watcher for u_1 [3c5L]
	Added [jm4C] as watcher for u_0 [-iWh]
	Added [jm4C] as watcher for u_2 [5H2O]
	Added [x5MO] as watcher for u_5 [t0h6]
	Added [x5MO] as watcher for u_4 [8qfm]
	Added [jm4C] as watcher for u_6 [75u0]
	Added [2D85] as watcher for u_9 [NVyD]
	Added [bivQ] as watcher for u_2 [5H2O]
	Added [bivQ] as watcher for u_0 [-iWh]
	Added [x5MO] as watcher for u_7 [WSNQ]
	Added [x5MO] as watcher for u_3 [avy9]
	Added [jm4C] as watcher for u_8 [L9_f]
	Added [jm4C] as watcher for u_1 [3c5L]
	Added [bivQ] as watcher for u_3 [avy9]
	Asking u_3 [avy9]'s watchers to watch [ThSh]
	Added [2D85] as watcher for u_5 [t0h6]
	Added [2D85] as watcher for u_4 [8qfm]
	Added [2D85] as watcher for u_6 [75u0]
	Asking u_6 [75u0]'s watchers to watch [ThSh]
	Added [x5MO] as watcher for u_9 [NVyD]
	Asking u_9 [NVyD]'s watchers to watch [ThSh]
	Added [x5MO] as watcher for u_2 [5H2O]
	Asking u_2 [5H2O]'s watchers to watch [ThSh]
	Added [2D85] as watcher for u_0 [-iWh]
	Asking u_0 [-iWh]'s watchers to watch [ThSh]
	Added [jm4C] as watcher for u_7 [WSNQ]
	Asking u_7 [WSNQ]'s watchers to watch [ThSh]
	Added [bivQ] as watcher for u_5 [t0h6]
	Asking u_5 [t0h6]'s watchers to watch [ThSh]
	Added [x5MO] as watcher for u_8 [L9_f]
	Asking u_8 [L9_f]'s watchers to watch [ThSh]
	Added [bivQ] as watcher for u_4 [8qfm]
	Asking u_4 [8qfm]'s watchers to watch [ThSh]
	Added [x5MO] as watcher for u_1 [3c5L]
	Asking u_1 [3c5L]'s watchers to watch [ThSh]
	✅ u_3 [avy9] Inception Done
	✅ u_6 [75u0] Inception Done
	✅ u_2 [5H2O] Inception Done
	✅ u_9 [NVyD] Inception Done
	✅ u_0 [-iWh] Inception Done
	✅ u_7 [WSNQ] Inception Done
	✅ u_4 [8qfm] Inception Done
	✅ u_8 [L9_f] Inception Done
	✅ u_5 [t0h6] Inception Done
	✅ u_1 [3c5L] Inception Done
Test 2 (signature verification)
	✅ u_1 [3c5L] Message verified
	✅ u_0 [-iWh] Message verified
	✅ u_8 [L9_f] Message verified
	✅ u_3 [avy9] Message verified
	✅ u_6 [75u0] Message verified
	✅ u_7 [WSNQ] Message verified
	✅ u_2 [5H2O] Message verified
	✅ u_9 [NVyD] Message verified
	✅ u_5 [t0h6] Message verified
	✅ u_4 [8qfm] Message verified
Waiting for an incoming message - Test 3 (signature verification after rotation of issuer)
	✅ u_2 [5H2O] Message Verified (2)
	✅ u_3 [avy9] Message Verified (2)
	✅ u_0 [-iWh] Message Verified (2)
	✅ u_1 [3c5L] Message Verified (2)
	✅ u_5 [t0h6] Message Verified (2)
	✅ u_9 [NVyD] Message Verified (2)
	✅ u_4 [8qfm] Message Verified (2)
	✅ u_6 [75u0] Message Verified (2)
	✅ u_7 [WSNQ] Message Verified (2)
	✅ u_8 [L9_f] Message Verified (2)
Waiting for an incoming message - Test 4 (valid acdc credential)
skipped--
Waiting for an incoming message - Test 5 (acdc revocation)
skipped--
Waiting for an incoming message - Test 6
u_8 [L9_f] Starts Rotation
u_9 [NVyD] Starts Rotation
u_7 [WSNQ] Starts Rotation
u_5 [t0h6] Starts Rotation
u_3 [avy9] Starts Rotation
u_2 [5H2O] Starts Rotation
u_1 [3c5L] Starts Rotation
u_0 [-iWh] Starts Rotation
u_6 [75u0] Starts Rotation
u_4 [8qfm] Starts Rotation
u_2 [5H2O] Ends Rotation
u_2 [5H2O] - Completed Key Rotation
u_0 [-iWh] Ends Rotation
u_0 [-iWh] - Completed Key Rotation
u_9 [NVyD] Ends Rotation
u_9 [NVyD] - Completed Key Rotation
u_7 [WSNQ] Ends Rotation
u_7 [WSNQ] - Completed Key Rotation
u_3 [avy9] Ends Rotation
u_3 [avy9] - Completed Key Rotation
u_4 [8qfm] Ends Rotation
u_4 [8qfm] - Completed Key Rotation
u_8 [L9_f] Ends Rotation
u_8 [L9_f] - Completed Key Rotation
u_6 [75u0] Ends Rotation
u_6 [75u0] - Completed Key Rotation
u_5 [t0h6] Ends Rotation
u_5 [t0h6] - Completed Key Rotation
u_1 [3c5L] Ends Rotation
u_1 [3c5L] - Completed Key Rotation
Executed 10 users / 10 success / 0 fail
Test 1: 5390ms (539 p.u.)
Test 2: 1ms (0 p.u.)
Test 3: 2251ms (225 p.u.)
Test 4: 2282ms (228 p.u.)
