Waiting for an incoming message - Test 1 (inception)
Error while deserializing http message: Error("EOF while parsing a value", line: 1, column: 0)
	Preparing Data...
	Data is ready, starting users and test1
Incepted: u_4 [hmKY]
Incepted: u_9 [TfXq]
Incepted: u_3 [TYmO]
Incepted: u_0 [2Z4m]
Incepted: u_1 [YIqu]
Incepted: u_6 [Uj1S]
Incepted: u_5 [Ww2M]
Incepted: u_8 [1qP3]
Incepted: u_7 [-iuJ]
Incepted: u_2 [FJnu]
	Added [2D85] as watcher for u_9 [TfXq]
	Added [jm4C] as watcher for u_4 [hmKY]
	Added [bivQ] as watcher for u_0 [2Z4m]
	Added [bivQ] as watcher for u_1 [YIqu]
	Added [jm4C] as watcher for u_3 [TYmO]
	Added [x5MO] as watcher for u_6 [Uj1S]
	Added [bivQ] as watcher for u_5 [Ww2M]
	Added [bivQ] as watcher for u_8 [1qP3]
	Added [bivQ] as watcher for u_2 [FJnu]
	Added [jm4C] as watcher for u_7 [-iuJ]
	Added [jm4C] as watcher for u_9 [TfXq]
	Added [2D85] as watcher for u_1 [YIqu]
	Added [2D85] as watcher for u_0 [2Z4m]
	Added [bivQ] as watcher for u_4 [hmKY]
	Added [2D85] as watcher for u_8 [1qP3]
	Added [2D85] as watcher for u_5 [Ww2M]
	Added [x5MO] as watcher for u_3 [TYmO]
	Added [jm4C] as watcher for u_6 [Uj1S]
	Added [jm4C] as watcher for u_2 [FJnu]
	Added [x5MO] as watcher for u_7 [-iuJ]
	Added [bivQ] as watcher for u_9 [TfXq]
	Asking u_9 [TfXq]'s watchers to watch [ThSh]
	Added [x5MO] as watcher for u_4 [hmKY]
	Asking u_4 [hmKY]'s watchers to watch [ThSh]
	Added [x5MO] as watcher for u_1 [YIqu]
	Asking u_1 [YIqu]'s watchers to watch [ThSh]
	Added [jm4C] as watcher for u_0 [2Z4m]
	Asking u_0 [2Z4m]'s watchers to watch [ThSh]
	Added [2D85] as watcher for u_3 [TYmO]
	Asking u_3 [TYmO]'s watchers to watch [ThSh]
	Added [bivQ] as watcher for u_6 [Uj1S]
	Asking u_6 [Uj1S]'s watchers to watch [ThSh]
	Added [jm4C] as watcher for u_5 [Ww2M]
	Asking u_5 [Ww2M]'s watchers to watch [ThSh]
	Added [x5MO] as watcher for u_8 [1qP3]
	Asking u_8 [1qP3]'s watchers to watch [ThSh]
	Added [2D85] as watcher for u_2 [FJnu]
	Asking u_2 [FJnu]'s watchers to watch [ThSh]
	Added [2D85] as watcher for u_7 [-iuJ]
	Asking u_7 [-iuJ]'s watchers to watch [ThSh]
	✅ u_9 [TfXq] Inception Done
	✅ u_0 [2Z4m] Inception Done
	✅ u_1 [YIqu] Inception Done
	✅ u_4 [hmKY] Inception Done
	✅ u_2 [FJnu] Inception Done
	✅ u_5 [Ww2M] Inception Done
	✅ u_3 [TYmO] Inception Done
	✅ u_8 [1qP3] Inception Done
	✅ u_6 [Uj1S] Inception Done
	✅ u_7 [-iuJ] Inception Done
Test 2 (signature verification)
	✅ u_7 [-iuJ] Message verified
	✅ u_1 [YIqu] Message verified
	✅ u_3 [TYmO] Message verified
	✅ u_2 [FJnu] Message verified
	✅ u_8 [1qP3] Message verified
	✅ u_0 [2Z4m] Message verified
	✅ u_6 [Uj1S] Message verified
	✅ u_4 [hmKY] Message verified
	✅ u_5 [Ww2M] Message verified
	✅ u_9 [TfXq] Message verified
Waiting for an incoming message - Test 3 (signature verification after rotation of issuer)
	✅ u_3 [TYmO] Message Verified (2)
	✅ u_2 [FJnu] Message Verified (2)
	✅ u_8 [1qP3] Message Verified (2)
	✅ u_6 [Uj1S] Message Verified (2)
	✅ u_5 [Ww2M] Message Verified (2)
	✅ u_9 [TfXq] Message Verified (2)
	✅ u_4 [hmKY] Message Verified (2)
	✅ u_7 [-iuJ] Message Verified (2)
	✅ u_1 [YIqu] Message Verified (2)
	✅ u_0 [2Z4m] Message Verified (2)
Waiting for an incoming message - Test 4 (valid acdc credential)
skipped--
Waiting for an incoming message - Test 5 (acdc revocation)
skipped--
Waiting for an incoming message - Test 6
u_0 [2Z4m] Starts Rotation
u_7 [-iuJ] Starts Rotation
u_1 [YIqu] Starts Rotation
u_4 [hmKY] Starts Rotation
u_6 [Uj1S] Starts Rotation
u_9 [TfXq] Starts Rotation
u_8 [1qP3] Starts Rotation
u_3 [TYmO] Starts Rotation
u_5 [Ww2M] Starts Rotation
u_2 [FJnu] Starts Rotation
u_7 [-iuJ] Ends Rotation
u_7 [-iuJ] - Completed Key Rotation
u_5 [Ww2M] Ends Rotation
u_5 [Ww2M] - Completed Key Rotation
u_6 [Uj1S] Ends Rotation
u_6 [Uj1S] - Completed Key Rotation
u_8 [1qP3] Ends Rotation
u_8 [1qP3] - Completed Key Rotation
u_4 [hmKY] Ends Rotation
u_4 [hmKY] - Completed Key Rotation
u_9 [TfXq] Ends Rotation
u_9 [TfXq] - Completed Key Rotation
u_3 [TYmO] Ends Rotation
u_3 [TYmO] - Completed Key Rotation
u_1 [YIqu] Ends Rotation
u_1 [YIqu] - Completed Key Rotation
u_0 [2Z4m] Ends Rotation
u_0 [2Z4m] - Completed Key Rotation
u_2 [FJnu] Ends Rotation
u_2 [FJnu] - Completed Key Rotation
Executed 10 users / 10 success / 0 fail
Test 1: 6211ms (621 p.u.)
Test 2: 1ms (0 p.u.)
Test 3: 877ms (87 p.u.)
Test 4: 2476ms (247 p.u.)
