Waiting for an incoming message - Test 1 (inception)
Error while deserializing http message: Error("EOF while parsing a value", line: 1, column: 0)
	Preparing Data...
	Data is ready, starting users and test1
Incepted: u_0 [Z3Un]
Incepted: u_8 [Xvzd]
Incepted: u_4 [dMMJ]
Incepted: u_3 [IaZu]
Incepted: u_7 [J75W]
Incepted: u_9 [MwX-]
Incepted: u_2 [Mdtq]
Incepted: u_6 [TBK1]
Incepted: u_5 [eE79]
Incepted: u_1 [rbcx]
	Added [x5MO] as watcher for u_0 [Z3Un]
	Added [jm4C] as watcher for u_8 [Xvzd]
	Added [2D85] as watcher for u_2 [Mdtq]
	Added [x5MO] as watcher for u_3 [IaZu]
	Added [jm4C] as watcher for u_4 [dMMJ]
	Added [jm4C] as watcher for u_6 [TBK1]
	Added [bivQ] as watcher for u_9 [MwX-]
	Added [2D85] as watcher for u_5 [eE79]
	Added [2D85] as watcher for u_0 [Z3Un]
	Added [x5MO] as watcher for u_1 [rbcx]
	Added [bivQ] as watcher for u_7 [J75W]
	Added [x5MO] as watcher for u_2 [Mdtq]
	Added [bivQ] as watcher for u_8 [Xvzd]
	Added [2D85] as watcher for u_4 [dMMJ]
	Added [x5MO] as watcher for u_6 [TBK1]
	Added [jm4C] as watcher for u_9 [MwX-]
	Added [jm4C] as watcher for u_5 [eE79]
	Added [bivQ] as watcher for u_3 [IaZu]
	Added [x5MO] as watcher for u_7 [J75W]
	Added [jm4C] as watcher for u_1 [rbcx]
	Added [jm4C] as watcher for u_0 [Z3Un]
	Asking u_0 [Z3Un]'s watchers to watch [ThSh]
	Added [2D85] as watcher for u_6 [TBK1]
	Asking u_6 [TBK1]'s watchers to watch [ThSh]
	Added [2D85] as watcher for u_8 [Xvzd]
	Asking u_8 [Xvzd]'s watchers to watch [ThSh]
	Added [jm4C] as watcher for u_2 [Mdtq]
	Asking u_2 [Mdtq]'s watchers to watch [ThSh]
	Added [2D85] as watcher for u_9 [MwX-]
	Asking u_9 [MwX-]'s watchers to watch [ThSh]
	Added [bivQ] as watcher for u_4 [dMMJ]
	Asking u_4 [dMMJ]'s watchers to watch [ThSh]
	Added [jm4C] as watcher for u_7 [J75W]
	Asking u_7 [J75W]'s watchers to watch [ThSh]
	Added [2D85] as watcher for u_1 [rbcx]
	Asking u_1 [rbcx]'s watchers to watch [ThSh]
	Added [jm4C] as watcher for u_3 [IaZu]
	Asking u_3 [IaZu]'s watchers to watch [ThSh]
	Added [bivQ] as watcher for u_5 [eE79]
	Asking u_5 [eE79]'s watchers to watch [ThSh]
	✅ u_0 [Z3Un] Inception Done
	✅ u_2 [Mdtq] Inception Done
	✅ u_6 [TBK1] Inception Done
	✅ u_8 [Xvzd] Inception Done
	✅ u_4 [dMMJ] Inception Done
	✅ u_9 [MwX-] Inception Done
	✅ u_1 [rbcx] Inception Done
	✅ u_7 [J75W] Inception Done
	✅ u_3 [IaZu] Inception Done
	✅ u_5 [eE79] Inception Done
Test 2 (signature verification)
	✅ u_5 [eE79] Message verified
	✅ u_0 [Z3Un] Message verified
	✅ u_1 [rbcx] Message verified
	✅ u_9 [MwX-] Message verified
	✅ u_2 [Mdtq] Message verified
	✅ u_8 [Xvzd] Message verified
	✅ u_7 [J75W] Message verified
	✅ u_6 [TBK1] Message verified
	✅ u_4 [dMMJ] Message verified
	✅ u_3 [IaZu] Message verified
Waiting for an incoming message - Test 3 (signature verification after rotation of issuer)
	✅ u_6 [TBK1] Message Verified (2)
	✅ u_2 [Mdtq] Message Verified (2)
	✅ u_1 [rbcx] Message Verified (2)
	✅ u_7 [J75W] Message Verified (2)
	✅ u_9 [MwX-] Message Verified (2)
	✅ u_8 [Xvzd] Message Verified (2)
	✅ u_4 [dMMJ] Message Verified (2)
	✅ u_3 [IaZu] Message Verified (2)
	✅ u_5 [eE79] Message Verified (2)
	✅ u_0 [Z3Un] Message Verified (2)
Waiting for an incoming message - Test 4 (valid acdc credential)
skipped--
Waiting for an incoming message - Test 5 (acdc revocation)
skipped--
Waiting for an incoming message - Test 6
u_0 [Z3Un] Starts Rotation
u_4 [dMMJ] Starts Rotation
u_9 [MwX-] Starts Rotation
u_5 [eE79] Starts Rotation
u_3 [IaZu] Starts Rotation
u_6 [TBK1] Starts Rotation
u_2 [Mdtq] Starts Rotation
u_7 [J75W] Starts Rotation
u_1 [rbcx] Starts Rotation
u_8 [Xvzd] Starts Rotation
u_6 [TBK1] Ends Rotation
u_6 [TBK1] - Completed Key Rotation
u_3 [IaZu] Ends Rotation
u_3 [IaZu] - Completed Key Rotation
u_0 [Z3Un] Ends Rotation
u_0 [Z3Un] - Completed Key Rotation
u_1 [rbcx] Ends Rotation
u_1 [rbcx] - Completed Key Rotation
u_2 [Mdtq] Ends Rotation
u_2 [Mdtq] - Completed Key Rotation
u_9 [MwX-] Ends Rotation
u_9 [MwX-] - Completed Key Rotation
u_7 [J75W] Ends Rotation
u_7 [J75W] - Completed Key Rotation
u_4 [dMMJ] Ends Rotation
u_4 [dMMJ] - Completed Key Rotation
u_8 [Xvzd] Ends Rotation
u_8 [Xvzd] - Completed Key Rotation
u_5 [eE79] Ends Rotation
u_5 [eE79] - Completed Key Rotation
Executed 10 users / 10 success / 0 fail
Test 1: 5744ms (574 p.u.)
Test 2: 1ms (0 p.u.)
Test 3: 880ms (88 p.u.)
Test 4: 2172ms (217 p.u.)
