Waiting for an incoming message - Test 1 (inception)
Error while deserializing http message: Error("EOF while parsing a value", line: 1, column: 0)
	Preparing Data...
	Data is ready, starting users and test1
Incepted: u_9 [KGm_]
Incepted: u_1 [Xx1h]
Incepted: u_8 [U-YS]
Incepted: u_3 [qxAw]
Incepted: u_4 [mudl]
Incepted: u_0 [veSY]
	Added [x5MO] as watcher for u_9 [KGm_]
	Added [bivQ] as watcher for u_3 [qxAw]
	Added [jm4C] as watcher for u_8 [U-YS]
Incepted: u_5 [aVV2]
	Added [bivQ] as watcher for u_4 [mudl]
	Added [bivQ] as watcher for u_9 [KGm_]
	Added [2D85] as watcher for u_1 [Xx1h]
	Added [jm4C] as watcher for u_0 [veSY]
Incepted: u_7 [VKv7]
	Added [jm4C] as watcher for u_5 [aVV2]
	Added [bivQ] as watcher for u_0 [veSY]
Incepted: u_2 [llJ5]
	Added [2D85] as watcher for u_8 [U-YS]
	Added [2D85] as watcher for u_3 [qxAw]
	Added [2D85] as watcher for u_4 [mudl]
	Added [bivQ] as watcher for u_7 [VKv7]
	Added [2D85] as watcher for u_9 [KGm_]
	Asking u_9 [KGm_]'s watchers to watch [64dc]
	Added [x5MO] as watcher for u_1 [Xx1h]
	Added [2D85] as watcher for u_5 [aVV2]
Incepted: u_6 [Ez5i]
	Added [x5MO] as watcher for u_0 [veSY]
	Asking u_0 [veSY]'s watchers to watch [64dc]
	Added [x5MO] as watcher for u_8 [U-YS]
	Asking u_8 [U-YS]'s watchers to watch [64dc]
	Added [jm4C] as watcher for u_1 [Xx1h]
	Asking u_1 [Xx1h]'s watchers to watch [64dc]
	Added [2D85] as watcher for u_7 [VKv7]
	Added [x5MO] as watcher for u_2 [llJ5]
	Added [bivQ] as watcher for u_5 [aVV2]
	Asking u_5 [aVV2]'s watchers to watch [64dc]
	Added [x5MO] as watcher for u_3 [qxAw]
	Asking u_3 [qxAw]'s watchers to watch [64dc]
	Added [bivQ] as watcher for u_6 [Ez5i]
	Added [x5MO] as watcher for u_4 [mudl]
	Asking u_4 [mudl]'s watchers to watch [64dc]
	Added [jm4C] as watcher for u_7 [VKv7]
	Asking u_7 [VKv7]'s watchers to watch [64dc]
	Added [2D85] as watcher for u_2 [llJ5]
	Added [x5MO] as watcher for u_6 [Ez5i]
	Added [jm4C] as watcher for u_2 [llJ5]
	Asking u_2 [llJ5]'s watchers to watch [64dc]
	Added [2D85] as watcher for u_6 [Ez5i]
	Asking u_6 [Ez5i]'s watchers to watch [64dc]
	✅ u_9 [KGm_] Inception Done
	✅ u_0 [veSY] Inception Done
	✅ u_8 [U-YS] Inception Done
	✅ u_1 [Xx1h] Inception Done
	✅ u_5 [aVV2] Inception Done
	✅ u_4 [mudl] Inception Done
	✅ u_3 [qxAw] Inception Done
	✅ u_7 [VKv7] Inception Done
	✅ u_2 [llJ5] Inception Done
	✅ u_6 [Ez5i] Inception Done
Test 2 (signature verification)
	✅ u_6 [Ez5i] Message verified
	✅ u_4 [mudl] Message verified
	✅ u_0 [veSY] Message verified
	✅ u_5 [aVV2] Message verified
	✅ u_7 [VKv7] Message verified
	✅ u_2 [llJ5] Message verified
	✅ u_1 [Xx1h] Message verified
	✅ u_8 [U-YS] Message verified
	✅ u_3 [qxAw] Message verified
	✅ u_9 [KGm_] Message verified
Waiting for an incoming message - Test 3 (signature verification after rotation of issuer)
	✅ u_5 [aVV2] Message Verified (2)
	✅ u_9 [KGm_] Message Verified (2)
	✅ u_0 [veSY] Message Verified (2)
	✅ u_7 [VKv7] Message Verified (2)
	✅ u_6 [Ez5i] Message Verified (2)
	✅ u_8 [U-YS] Message Verified (2)
	✅ u_3 [qxAw] Message Verified (2)
	✅ u_2 [llJ5] Message Verified (2)
	✅ u_1 [Xx1h] Message Verified (2)
	✅ u_4 [mudl] Message Verified (2)
Waiting for an incoming message - Test 4 (valid acdc credential)
skipped--
Waiting for an incoming message - Test 5 (acdc revocation)
skipped--
Waiting for an incoming message - Test 6
u_4 [mudl] Starts Rotation
u_7 [VKv7] Starts Rotation
u_8 [U-YS] Starts Rotation
u_6 [Ez5i] Starts Rotation
u_1 [Xx1h] Starts Rotation
u_9 [KGm_] Starts Rotation
u_2 [llJ5] Starts Rotation
u_0 [veSY] Starts Rotation
u_3 [qxAw] Starts Rotation
u_5 [aVV2] Starts Rotation
u_9 [KGm_] Ends Rotation
u_9 [KGm_] - Completed Key Rotation
u_8 [U-YS] Ends Rotation
u_8 [U-YS] - Completed Key Rotation
u_0 [veSY] Ends Rotation
u_0 [veSY] - Completed Key Rotation
u_5 [aVV2] Ends Rotation
u_5 [aVV2] - Completed Key Rotation
u_3 [qxAw] Ends Rotation
u_3 [qxAw] - Completed Key Rotation
u_1 [Xx1h] Ends Rotation
u_1 [Xx1h] - Completed Key Rotation
u_4 [mudl] Ends Rotation
u_4 [mudl] - Completed Key Rotation
u_2 [llJ5] Ends Rotation
u_2 [llJ5] - Completed Key Rotation
u_7 [VKv7] Ends Rotation
u_7 [VKv7] - Completed Key Rotation
u_6 [Ez5i] Ends Rotation
u_6 [Ez5i] - Completed Key Rotation
Executed 10 users / 10 success / 0 fail
Test 1: 13733ms (1373 p.u.)
Test 2: 1ms (0 p.u.)
Test 3: 818ms (81 p.u.)
Test 4: 9246ms (924 p.u.)
