Waiting for an incoming message - Test 1 (inception)
Error while deserializing http message: Error("EOF while parsing a value", line: 1, column: 0)
	Preparing Data...
	Data is ready, starting users and test1
Incepted: u_4 [Zk2t]
Incepted: u_2 [V41K]
Incepted: u_1 [9zTB]
Incepted: u_8 [yDlD]
Incepted: u_6 [54EI]
Incepted: u_5 [zkrC]
Incepted: u_7 [hIX6]
Incepted: u_9 [LfAq]
Incepted: u_0 [jDXn]
Incepted: u_3 [wzbD]
	Added [x5MO] as watcher for u_4 [Zk2t]
	Added [bivQ] as watcher for u_1 [9zTB]
	Added [x5MO] as watcher for u_2 [V41K]
	Added [bivQ] as watcher for u_9 [LfAq]
	Added [x5MO] as watcher for u_8 [yDlD]
	Added [bivQ] as watcher for u_3 [wzbD]
	Added [x5MO] as watcher for u_6 [54EI]
	Added [x5MO] as watcher for u_5 [zkrC]
	Added [jm4C] as watcher for u_7 [hIX6]
	Added [jm4C] as watcher for u_0 [jDXn]
	Added [bivQ] as watcher for u_8 [yDlD]
	Added [bivQ] as watcher for u_6 [54EI]
	Added [jm4C] as watcher for u_4 [Zk2t]
	Added [jm4C] as watcher for u_9 [LfAq]
	Added [bivQ] as watcher for u_7 [hIX6]
	Added [jm4C] as watcher for u_1 [9zTB]
	Added [jm4C] as watcher for u_3 [wzbD]
	Added [jm4C] as watcher for u_2 [V41K]
	Added [2D85] as watcher for u_5 [zkrC]
	Added [2D85] as watcher for u_8 [yDlD]
	Asking u_8 [yDlD]'s watchers to watch [8r7y]
	Added [x5MO] as watcher for u_0 [jDXn]
	Added [bivQ] as watcher for u_4 [Zk2t]
	Asking u_4 [Zk2t]'s watchers to watch [8r7y]
	Added [jm4C] as watcher for u_6 [54EI]
	Asking u_6 [54EI]'s watchers to watch [8r7y]
	Added [bivQ] as watcher for u_5 [zkrC]
	Asking u_5 [zkrC]'s watchers to watch [8r7y]
	Added [2D85] as watcher for u_7 [hIX6]
	Asking u_7 [hIX6]'s watchers to watch [8r7y]
	Added [2D85] as watcher for u_1 [9zTB]
	Asking u_1 [9zTB]'s watchers to watch [8r7y]
	Added [x5MO] as watcher for u_9 [LfAq]
	Asking u_9 [LfAq]'s watchers to watch [8r7y]
	Added [2D85] as watcher for u_3 [wzbD]
	Asking u_3 [wzbD]'s watchers to watch [8r7y]
	Added [bivQ] as watcher for u_0 [jDXn]
	Asking u_0 [jDXn]'s watchers to watch [8r7y]
	Added [2D85] as watcher for u_2 [V41K]
	Asking u_2 [V41K]'s watchers to watch [8r7y]
	✅ u_8 [yDlD] Inception Done
	✅ u_5 [zkrC] Inception Done
	✅ u_4 [Zk2t] Inception Done
	✅ u_6 [54EI] Inception Done
	✅ u_7 [hIX6] Inception Done
	✅ u_3 [wzbD] Inception Done
	✅ u_1 [9zTB] Inception Done
	✅ u_0 [jDXn] Inception Done
	✅ u_9 [LfAq] Inception Done
	✅ u_2 [V41K] Inception Done
Test 2 (signature verification)
	✅ u_2 [V41K] Message verified
	✅ u_8 [yDlD] Message verified
	✅ u_9 [LfAq] Message verified
	✅ u_6 [54EI] Message verified
	✅ u_5 [zkrC] Message verified
	✅ u_7 [hIX6] Message verified
	✅ u_3 [wzbD] Message verified
	✅ u_4 [Zk2t] Message verified
	✅ u_1 [9zTB] Message verified
	✅ u_0 [jDXn] Message verified
Waiting for an incoming message - Test 3 (signature verification after rotation of issuer)
	✅ u_7 [hIX6] Message Verified (2)
	✅ u_6 [54EI] Message Verified (2)
	✅ u_8 [yDlD] Message Verified (2)
	✅ u_0 [jDXn] Message Verified (2)
	✅ u_5 [zkrC] Message Verified (2)
	✅ u_3 [wzbD] Message Verified (2)
	✅ u_2 [V41K] Message Verified (2)
	✅ u_4 [Zk2t] Message Verified (2)
	✅ u_1 [9zTB] Message Verified (2)
	✅ u_9 [LfAq] Message Verified (2)
Waiting for an incoming message - Test 4 (valid acdc credential)
skipped--
Waiting for an incoming message - Test 5 (acdc revocation)
skipped--
Waiting for an incoming message - Test 6
u_9 [LfAq] Starts Rotation
u_5 [zkrC] Starts Rotation
u_0 [jDXn] Starts Rotation
u_8 [yDlD] Starts Rotation
u_7 [hIX6] Starts Rotation
u_1 [9zTB] Starts Rotation
u_6 [54EI] Starts Rotation
u_4 [Zk2t] Starts Rotation
u_2 [V41K] Starts Rotation
u_3 [wzbD] Starts Rotation
u_6 [54EI] Ends Rotation
u_6 [54EI] - Completed Key Rotation
u_1 [9zTB] Ends Rotation
u_1 [9zTB] - Completed Key Rotation
u_9 [LfAq] Ends Rotation
u_9 [LfAq] - Completed Key Rotation
u_4 [Zk2t] Ends Rotation
u_4 [Zk2t] - Completed Key Rotation
u_2 [V41K] Ends Rotation
u_2 [V41K] - Completed Key Rotation
u_5 [zkrC] Ends Rotation
u_5 [zkrC] - Completed Key Rotation
u_8 [yDlD] Ends Rotation
u_8 [yDlD] - Completed Key Rotation
u_3 [wzbD] Ends Rotation
u_3 [wzbD] - Completed Key Rotation
u_0 [jDXn] Ends Rotation
u_0 [jDXn] - Completed Key Rotation
u_7 [hIX6] Ends Rotation
u_7 [hIX6] - Completed Key Rotation
Executed 10 users / 10 success / 0 fail
Test 1: 5638ms (563 p.u.)
Test 2: 1ms (0 p.u.)
Test 3: 717ms (71 p.u.)
Test 4: 5244ms (524 p.u.)
