Waiting for an incoming message - Test 1 (inception)
Error while deserializing http message: Error("EOF while parsing a value", line: 1, column: 0)
Error while deserializing http message: Error("EOF while parsing a value", line: 1, column: 0)
	Preparing Data...
	Data is ready, starting users and test1
Incepted: u_4 [gtpA]
	Added [2D85] as watcher for u_4 [gtpA]
	Added [bivQ] as watcher for u_4 [gtpA]
	Added [x5MO] as watcher for u_4 [gtpA]
	Asking u_4 [gtpA]'s watchers to watch [8r7y]
Incepted: u_5 [b-w0]
	Added [jm4C] as watcher for u_5 [b-w0]
	Added [2D85] as watcher for u_5 [b-w0]
Incepted: u_3 [ZA4x]
Incepted: u_1 [1hiO]
	Added [bivQ] as watcher for u_5 [b-w0]
	Asking u_5 [b-w0]'s watchers to watch [8r7y]
	Added [x5MO] as watcher for u_3 [ZA4x]
	Added [2D85] as watcher for u_1 [1hiO]
	Added [bivQ] as watcher for u_3 [ZA4x]
	Added [bivQ] as watcher for u_1 [1hiO]
	Added [2D85] as watcher for u_3 [ZA4x]
	Asking u_3 [ZA4x]'s watchers to watch [8r7y]
	Added [jm4C] as watcher for u_1 [1hiO]
	Asking u_1 [1hiO]'s watchers to watch [8r7y]
Incepted: u_6 [Te0O]
	Added [2D85] as watcher for u_6 [Te0O]
	Added [bivQ] as watcher for u_6 [Te0O]
	Added [jm4C] as watcher for u_6 [Te0O]
	Asking u_6 [Te0O]'s watchers to watch [8r7y]
Incepted: u_9 [5KOH]
Incepted: u_7 [yCiq]
	Added [jm4C] as watcher for u_9 [5KOH]
	Added [jm4C] as watcher for u_7 [yCiq]
	Added [2D85] as watcher for u_7 [yCiq]
	Added [bivQ] as watcher for u_9 [5KOH]
Incepted: u_8 [Aq6K]
Incepted: u_0 [0yv1]
	Added [bivQ] as watcher for u_7 [yCiq]
	Asking u_7 [yCiq]'s watchers to watch [8r7y]
	Added [x5MO] as watcher for u_9 [5KOH]
	Asking u_9 [5KOH]'s watchers to watch [8r7y]
	Added [bivQ] as watcher for u_8 [Aq6K]
	✅ u_4 [gtpA] Inception Done
	Added [2D85] as watcher for u_8 [Aq6K]
	Added [jm4C] as watcher for u_0 [0yv1]
Incepted: u_2 [IqTZ]
	✅ u_3 [ZA4x] Inception Done
	Added [x5MO] as watcher for u_2 [IqTZ]
	Added [jm4C] as watcher for u_8 [Aq6K]
	Asking u_8 [Aq6K]'s watchers to watch [8r7y]
	Added [x5MO] as watcher for u_0 [0yv1]
	Added [2D85] as watcher for u_0 [0yv1]
	Asking u_0 [0yv1]'s watchers to watch [8r7y]
	Added [bivQ] as watcher for u_2 [IqTZ]
	✅ u_9 [5KOH] Inception Done
	✅ u_1 [1hiO] Inception Done
	✅ u_5 [b-w0] Inception Done
	✅ u_7 [yCiq] Inception Done
	Added [2D85] as watcher for u_2 [IqTZ]
	Asking u_2 [IqTZ]'s watchers to watch [8r7y]
	✅ u_6 [Te0O] Inception Done
	✅ u_8 [Aq6K] Inception Done
	✅ u_2 [IqTZ] Inception Done
	✅ u_0 [0yv1] Inception Done
Test 2 (signature verification)
	✅ u_0 [0yv1] Message verified
	✅ u_1 [1hiO] Message verified
	✅ u_7 [yCiq] Message verified
	✅ u_6 [Te0O] Message verified
	✅ u_5 [b-w0] Message verified
	✅ u_3 [ZA4x] Message verified
	✅ u_8 [Aq6K] Message verified
	✅ u_4 [gtpA] Message verified
	✅ u_9 [5KOH] Message verified
	✅ u_2 [IqTZ] Message verified
Waiting for an incoming message - Test 3 (signature verification after rotation of issuer)
	✅ u_0 [0yv1] Message Verified (2)
	✅ u_9 [5KOH] Message Verified (2)
	✅ u_5 [b-w0] Message Verified (2)
	✅ u_3 [ZA4x] Message Verified (2)
	✅ u_1 [1hiO] Message Verified (2)
	✅ u_2 [IqTZ] Message Verified (2)
	✅ u_8 [Aq6K] Message Verified (2)
	✅ u_4 [gtpA] Message Verified (2)
	✅ u_6 [Te0O] Message Verified (2)
	✅ u_7 [yCiq] Message Verified (2)
Waiting for an incoming message - Test 4 (valid acdc credential)
skipped--
Waiting for an incoming message - Test 5 (acdc revocation)
skipped--
Waiting for an incoming message - Test 6
u_7 [yCiq] Starts Rotation
u_6 [Te0O] Starts Rotation
u_3 [ZA4x] Starts Rotation
u_8 [Aq6K] Starts Rotation
u_5 [b-w0] Starts Rotation
u_4 [gtpA] Starts Rotation
u_9 [5KOH] Starts Rotation
u_1 [1hiO] Starts Rotation
u_2 [IqTZ] Starts Rotation
u_0 [0yv1] Starts Rotation
u_7 [yCiq] Ends Rotation
u_7 [yCiq] - Completed Key Rotation
u_0 [0yv1] Ends Rotation
u_0 [0yv1] - Completed Key Rotation
u_2 [IqTZ] Ends Rotation
u_2 [IqTZ] - Completed Key Rotation
u_9 [5KOH] Ends Rotation
u_9 [5KOH] - Completed Key Rotation
u_6 [Te0O] Ends Rotation
u_6 [Te0O] - Completed Key Rotation
u_5 [b-w0] Ends Rotation
u_5 [b-w0] - Completed Key Rotation
u_8 [Aq6K] Ends Rotation
u_8 [Aq6K] - Completed Key Rotation
u_4 [gtpA] Ends Rotation
u_4 [gtpA] - Completed Key Rotation
u_3 [ZA4x] Ends Rotation
u_3 [ZA4x] - Completed Key Rotation
u_1 [1hiO] Ends Rotation
u_1 [1hiO] - Completed Key Rotation
Executed 10 users / 10 success / 0 fail
Test 1: 26397ms (2639 p.u.)
Test 2: 1ms (0 p.u.)
Test 3: 722ms (72 p.u.)
Test 4: 37483ms (3748 p.u.)
