Waiting for an incoming message - Test 1 (inception)
Error while deserializing http message: Error("EOF while parsing a value", line: 1, column: 0)
	Preparing Data...
	Data is ready, starting users and test1
Incepted: u_0 [OY5o]
Incepted: u_1 [amYd]
Incepted: u_2 [mVa3]
Incepted: u_6 [2Hni]
Incepted: u_5 [QX5R]
Incepted: u_4 [zgOL]
Incepted: u_3 [XJDU]
Incepted: u_8 [aXbd]
Incepted: u_7 [t2B3]
Incepted: u_9 [bFyU]
	Added [2D85] as watcher for u_1 [amYd]
	Added [bivQ] as watcher for u_0 [OY5o]
	Added [2D85] as watcher for u_3 [XJDU]
	Added [x5MO] as watcher for u_5 [QX5R]
	Added [2D85] as watcher for u_6 [2Hni]
	Added [x5MO] as watcher for u_4 [zgOL]
	Added [jm4C] as watcher for u_2 [mVa3]
	Added [x5MO] as watcher for u_7 [t2B3]
	Added [bivQ] as watcher for u_8 [aXbd]
	Added [bivQ] as watcher for u_9 [bFyU]
	Added [2D85] as watcher for u_0 [OY5o]
	Added [x5MO] as watcher for u_2 [mVa3]
	Added [x5MO] as watcher for u_1 [amYd]
	Added [jm4C] as watcher for u_3 [XJDU]
	Added [jm4C] as watcher for u_4 [zgOL]
	Added [bivQ] as watcher for u_5 [QX5R]
	Added [2D85] as watcher for u_7 [t2B3]
	Added [x5MO] as watcher for u_8 [aXbd]
	Added [bivQ] as watcher for u_6 [2Hni]
	Added [2D85] as watcher for u_2 [mVa3]
	Asking u_2 [mVa3]'s watchers to watch [8r7y]
	Added [x5MO] as watcher for u_0 [OY5o]
	Asking u_0 [OY5o]'s watchers to watch [8r7y]
	Added [jm4C] as watcher for u_9 [bFyU]
	Added [bivQ] as watcher for u_1 [amYd]
	Asking u_1 [amYd]'s watchers to watch [8r7y]
	Added [jm4C] as watcher for u_7 [t2B3]
	Asking u_7 [t2B3]'s watchers to watch [8r7y]
	Added [jm4C] as watcher for u_8 [aXbd]
	Asking u_8 [aXbd]'s watchers to watch [8r7y]
	Added [2D85] as watcher for u_4 [zgOL]
	Asking u_4 [zgOL]'s watchers to watch [8r7y]
	Added [x5MO] as watcher for u_3 [XJDU]
	Asking u_3 [XJDU]'s watchers to watch [8r7y]
	Added [jm4C] as watcher for u_5 [QX5R]
	Asking u_5 [QX5R]'s watchers to watch [8r7y]
	Added [jm4C] as watcher for u_6 [2Hni]
	Asking u_6 [2Hni]'s watchers to watch [8r7y]
	Added [x5MO] as watcher for u_9 [bFyU]
	Asking u_9 [bFyU]'s watchers to watch [8r7y]
	✅ u_2 [mVa3] Inception Done
	✅ u_0 [OY5o] Inception Done
	✅ u_1 [amYd] Inception Done
	✅ u_5 [QX5R] Inception Done
	✅ u_3 [XJDU] Inception Done
	✅ u_8 [aXbd] Inception Done
	✅ u_7 [t2B3] Inception Done
	✅ u_6 [2Hni] Inception Done
	✅ u_4 [zgOL] Inception Done
	✅ u_9 [bFyU] Inception Done
Test 2 (signature verification)
	✅ u_0 [OY5o] Message verified
	✅ u_9 [bFyU] Message verified
	✅ u_8 [aXbd] Message verified
	✅ u_2 [mVa3] Message verified
	✅ u_4 [zgOL] Message verified
	✅ u_7 [t2B3] Message verified
	✅ u_1 [amYd] Message verified
	✅ u_3 [XJDU] Message verified
	✅ u_5 [QX5R] Message verified
	✅ u_6 [2Hni] Message verified
Waiting for an incoming message - Test 3 (signature verification after rotation of issuer)
	✅ u_4 [zgOL] Message Verified (2)
	✅ u_6 [2Hni] Message Verified (2)
	✅ u_2 [mVa3] Message Verified (2)
	✅ u_1 [amYd] Message Verified (2)
	✅ u_7 [t2B3] Message Verified (2)
	✅ u_0 [OY5o] Message Verified (2)
	✅ u_8 [aXbd] Message Verified (2)
	✅ u_9 [bFyU] Message Verified (2)
	✅ u_3 [XJDU] Message Verified (2)
	✅ u_5 [QX5R] Message Verified (2)
Waiting for an incoming message - Test 4 (valid acdc credential)
skipped--
Waiting for an incoming message - Test 5 (acdc revocation)
skipped--
Waiting for an incoming message - Test 6
u_4 [zgOL] Starts Rotation
u_6 [2Hni] Starts Rotation
u_2 [mVa3] Starts Rotation
u_0 [OY5o] Starts Rotation
u_8 [aXbd] Starts Rotation
u_3 [XJDU] Starts Rotation
u_7 [t2B3] Starts Rotation
u_9 [bFyU] Starts Rotation
u_1 [amYd] Starts Rotation
u_5 [QX5R] Starts Rotation
u_7 [t2B3] Ends Rotation
u_7 [t2B3] - Completed Key Rotation
u_5 [QX5R] Ends Rotation
u_5 [QX5R] - Completed Key Rotation
u_6 [2Hni] Ends Rotation
u_6 [2Hni] - Completed Key Rotation
u_3 [XJDU] Ends Rotation
u_3 [XJDU] - Completed Key Rotation
u_2 [mVa3] Ends Rotation
u_2 [mVa3] - Completed Key Rotation
u_1 [amYd] Ends Rotation
u_1 [amYd] - Completed Key Rotation
u_8 [aXbd] Ends Rotation
u_8 [aXbd] - Completed Key Rotation
u_0 [OY5o] Ends Rotation
u_0 [OY5o] - Completed Key Rotation
u_9 [bFyU] Ends Rotation
u_9 [bFyU] - Completed Key Rotation
u_4 [zgOL] Ends Rotation
u_4 [zgOL] - Completed Key Rotation
Executed 10 users / 10 success / 0 fail
Test 1: 7159ms (715 p.u.)
Test 2: 1ms (0 p.u.)
Test 3: 796ms (79 p.u.)
Test 4: 37097ms (3709 p.u.)
