Waiting for an incoming message - Test 1 (inception)
Error while deserializing http message: Error("EOF while parsing a value", line: 1, column: 0)
	Preparing Data...
	Data is ready, starting users and test1
Incepted: u_5 [ksot]
Incepted: u_1 [aee_]
Incepted: u_3 [UQiB]
Incepted: u_9 [J5Qa]
Incepted: u_7 [vsh2]
Incepted: u_2 [YMyQ]
Incepted: u_6 [eTQR]
Incepted: u_4 [0K-E]
Incepted: u_8 [8L-q]
	Added [jm4C] as watcher for u_5 [ksot]
Incepted: u_0 [3buD]
	Added [bivQ] as watcher for u_1 [aee_]
	Added [jm4C] as watcher for u_3 [UQiB]
	Added [2D85] as watcher for u_7 [vsh2]
	Added [bivQ] as watcher for u_9 [J5Qa]
	Added [2D85] as watcher for u_8 [8L-q]
	Added [jm4C] as watcher for u_2 [YMyQ]
	Added [2D85] as watcher for u_5 [ksot]
	Added [2D85] as watcher for u_3 [UQiB]
	Added [x5MO] as watcher for u_6 [eTQR]
	Added [jm4C] as watcher for u_0 [3buD]
	Added [bivQ] as watcher for u_4 [0K-E]
	Added [x5MO] as watcher for u_9 [J5Qa]
	Added [x5MO] as watcher for u_1 [aee_]
	Added [bivQ] as watcher for u_2 [YMyQ]
	Added [x5MO] as watcher for u_7 [vsh2]
	Added [bivQ] as watcher for u_5 [ksot]
	Asking u_5 [ksot]'s watchers to watch [8r7y]
	Added [x5MO] as watcher for u_8 [8L-q]
	Added [2D85] as watcher for u_9 [J5Qa]
	Asking u_9 [J5Qa]'s watchers to watch [8r7y]
	Added [bivQ] as watcher for u_3 [UQiB]
	Asking u_3 [UQiB]'s watchers to watch [8r7y]
	Added [jm4C] as watcher for u_1 [aee_]
	Asking u_1 [aee_]'s watchers to watch [8r7y]
	Added [2D85] as watcher for u_4 [0K-E]
	Added [x5MO] as watcher for u_0 [3buD]
	Added [jm4C] as watcher for u_7 [vsh2]
	Asking u_7 [vsh2]'s watchers to watch [8r7y]
	✅ u_3 [UQiB] Inception Done
	Added [bivQ] as watcher for u_6 [eTQR]
	Added [2D85] as watcher for u_0 [3buD]
	Asking u_0 [3buD]'s watchers to watch [8r7y]
	Added [2D85] as watcher for u_6 [eTQR]
	Asking u_6 [eTQR]'s watchers to watch [8r7y]
	Added [jm4C] as watcher for u_4 [0K-E]
	Asking u_4 [0K-E]'s watchers to watch [8r7y]
	✅ u_5 [ksot] Inception Done
	✅ u_9 [J5Qa] Inception Done
	✅ u_7 [vsh2] Inception Done
	Added [x5MO] as watcher for u_2 [YMyQ]
	Asking u_2 [YMyQ]'s watchers to watch [8r7y]
	Added [jm4C] as watcher for u_8 [8L-q]
	Asking u_8 [8L-q]'s watchers to watch [8r7y]
	✅ u_1 [aee_] Inception Done
	✅ u_0 [3buD] Inception Done
	✅ u_2 [YMyQ] Inception Done
	✅ u_8 [8L-q] Inception Done
	✅ u_4 [0K-E] Inception Done
	✅ u_6 [eTQR] Inception Done
Test 2 (signature verification)
	✅ u_6 [eTQR] Message verified
	✅ u_8 [8L-q] Message verified
	✅ u_2 [YMyQ] Message verified
	✅ u_0 [3buD] Message verified
	✅ u_3 [UQiB] Message verified
	✅ u_4 [0K-E] Message verified
	✅ u_1 [aee_] Message verified
	✅ u_5 [ksot] Message verified
	✅ u_9 [J5Qa] Message verified
	✅ u_7 [vsh2] Message verified
Waiting for an incoming message - Test 3 (signature verification after rotation of issuer)
	✅ u_0 [3buD] Message Verified (2)
	✅ u_2 [YMyQ] Message Verified (2)
	✅ u_9 [J5Qa] Message Verified (2)
	✅ u_7 [vsh2] Message Verified (2)
	✅ u_3 [UQiB] Message Verified (2)
	✅ u_5 [ksot] Message Verified (2)
	✅ u_8 [8L-q] Message Verified (2)
	✅ u_6 [eTQR] Message Verified (2)
	✅ u_4 [0K-E] Message Verified (2)
	✅ u_1 [aee_] Message Verified (2)
Waiting for an incoming message - Test 4 (valid acdc credential)
skipped--
Waiting for an incoming message - Test 5 (acdc revocation)
skipped--
Waiting for an incoming message - Test 6
u_1 [aee_] Starts Rotation
u_5 [ksot] Starts Rotation
u_3 [UQiB] Starts Rotation
u_7 [vsh2] Starts Rotation
u_9 [J5Qa] Starts Rotation
u_8 [8L-q] Starts Rotation
u_2 [YMyQ] Starts Rotation
u_4 [0K-E] Starts Rotation
u_0 [3buD] Starts Rotation
u_6 [eTQR] Starts Rotation
u_5 [ksot] Ends Rotation
u_5 [ksot] - Completed Key Rotation
u_1 [aee_] Ends Rotation
u_1 [aee_] - Completed Key Rotation
u_8 [8L-q] Ends Rotation
u_8 [8L-q] - Completed Key Rotation
u_6 [eTQR] Ends Rotation
u_6 [eTQR] - Completed Key Rotation
u_0 [3buD] Ends Rotation
u_0 [3buD] - Completed Key Rotation
u_7 [vsh2] Ends Rotation
u_7 [vsh2] - Completed Key Rotation
u_4 [0K-E] Ends Rotation
u_4 [0K-E] - Completed Key Rotation
u_3 [UQiB] Ends Rotation
u_3 [UQiB] - Completed Key Rotation
u_9 [J5Qa] Ends Rotation
u_9 [J5Qa] - Completed Key Rotation
u_2 [YMyQ] Ends Rotation
u_2 [YMyQ] - Completed Key Rotation
Executed 10 users / 10 success / 0 fail
Test 1: 28806ms (2880 p.u.)
Test 2: 1ms (0 p.u.)
Test 3: 574ms (57 p.u.)
Test 4: 27883ms (2788 p.u.)
