Waiting for an incoming message - Test 1 (inception)
Error while deserializing http message: Error("EOF while parsing a value", line: 1, column: 0)
	Preparing Data...
	Data is ready, starting users and test1
Incepted: u_7 [olgT]
Incepted: u_8 [ryiG]
	Added [jm4C] as watcher for u_7 [olgT]
Incepted: u_1 [Fkea]
Incepted: u_6 [Cjc7]
Incepted: u_5 [mfjw]
Incepted: u_9 [Ho-L]
Incepted: u_3 [w9Yj]
Incepted: u_4 [gbAT]
	Added [bivQ] as watcher for u_8 [ryiG]
Incepted: u_2 [e2x4]
	Added [bivQ] as watcher for u_1 [Fkea]
	Added [2D85] as watcher for u_6 [Cjc7]
Incepted: u_0 [LsUW]
	Added [x5MO] as watcher for u_7 [olgT]
	Added [2D85] as watcher for u_5 [mfjw]
	Added [2D85] as watcher for u_3 [w9Yj]
	Added [jm4C] as watcher for u_9 [Ho-L]
	Added [2D85] as watcher for u_4 [gbAT]
	Added [jm4C] as watcher for u_1 [Fkea]
	Added [2D85] as watcher for u_2 [e2x4]
	Added [jm4C] as watcher for u_8 [ryiG]
	Added [bivQ] as watcher for u_5 [mfjw]
	Added [x5MO] as watcher for u_0 [LsUW]
	Added [bivQ] as watcher for u_6 [Cjc7]
	Added [bivQ] as watcher for u_7 [olgT]
	Asking u_7 [olgT]'s watchers to watch [8r7y]
	Added [jm4C] as watcher for u_3 [w9Yj]
	Added [2D85] as watcher for u_9 [Ho-L]
	Added [bivQ] as watcher for u_4 [gbAT]
	Added [2D85] as watcher for u_8 [ryiG]
	Asking u_8 [ryiG]'s watchers to watch [8r7y]
	Added [x5MO] as watcher for u_2 [e2x4]
	Added [2D85] as watcher for u_1 [Fkea]
	Asking u_1 [Fkea]'s watchers to watch [8r7y]
	Added [jm4C] as watcher for u_5 [mfjw]
	Asking u_5 [mfjw]'s watchers to watch [8r7y]
	Added [jm4C] as watcher for u_0 [LsUW]
	✅ u_8 [ryiG] Inception Done
	✅ u_7 [olgT] Inception Done
	Added [x5MO] as watcher for u_9 [Ho-L]
	Asking u_9 [Ho-L]'s watchers to watch [8r7y]
	Added [x5MO] as watcher for u_4 [gbAT]
	Asking u_4 [gbAT]'s watchers to watch [8r7y]
	Added [2D85] as watcher for u_0 [LsUW]
	Asking u_0 [LsUW]'s watchers to watch [8r7y]
	Added [x5MO] as watcher for u_6 [Cjc7]
	Asking u_6 [Cjc7]'s watchers to watch [8r7y]
	Added [bivQ] as watcher for u_3 [w9Yj]
	Asking u_3 [w9Yj]'s watchers to watch [8r7y]
	✅ u_5 [mfjw] Inception Done
	✅ u_1 [Fkea] Inception Done
	✅ u_0 [LsUW] Inception Done
	✅ u_4 [gbAT] Inception Done
	✅ u_6 [Cjc7] Inception Done
	✅ u_9 [Ho-L] Inception Done
	✅ u_3 [w9Yj] Inception Done
	Added [bivQ] as watcher for u_2 [e2x4]
	Asking u_2 [e2x4]'s watchers to watch [8r7y]
	✅ u_2 [e2x4] Inception Done
Test 2 (signature verification)
	✅ u_2 [e2x4] Message verified
	✅ u_5 [mfjw] Message verified
	✅ u_4 [gbAT] Message verified
	✅ u_1 [Fkea] Message verified
	✅ u_0 [LsUW] Message verified
	✅ u_3 [w9Yj] Message verified
	✅ u_8 [ryiG] Message verified
	✅ u_9 [Ho-L] Message verified
	✅ u_7 [olgT] Message verified
	✅ u_6 [Cjc7] Message verified
Waiting for an incoming message - Test 3 (signature verification after rotation of issuer)
	✅ u_8 [ryiG] Message Verified (2)
	✅ u_4 [gbAT] Message Verified (2)
	✅ u_9 [Ho-L] Message Verified (2)
	✅ u_5 [mfjw] Message Verified (2)
	✅ u_0 [LsUW] Message Verified (2)
	✅ u_7 [olgT] Message Verified (2)
	✅ u_3 [w9Yj] Message Verified (2)
	✅ u_6 [Cjc7] Message Verified (2)
	✅ u_1 [Fkea] Message Verified (2)
	✅ u_2 [e2x4] Message Verified (2)
Waiting for an incoming message - Test 4 (valid acdc credential)
skipped--
Waiting for an incoming message - Test 5 (acdc revocation)
skipped--
Waiting for an incoming message - Test 6
u_9 [Ho-L] Starts Rotation
u_3 [w9Yj] Starts Rotation
u_4 [gbAT] Starts Rotation
u_6 [Cjc7] Starts Rotation
u_8 [ryiG] Starts Rotation
u_1 [Fkea] Starts Rotation
u_5 [mfjw] Starts Rotation
u_0 [LsUW] Starts Rotation
u_2 [e2x4] Starts Rotation
u_7 [olgT] Starts Rotation
u_7 [olgT] Ends Rotation
u_7 [olgT] - Completed Key Rotation
u_5 [mfjw] Ends Rotation
u_5 [mfjw] - Completed Key Rotation
u_4 [gbAT] Ends Rotation
u_4 [gbAT] - Completed Key Rotation
u_6 [Cjc7] Ends Rotation
u_6 [Cjc7] - Completed Key Rotation
u_3 [w9Yj] Ends Rotation
u_3 [w9Yj] - Completed Key Rotation
u_8 [ryiG] Ends Rotation
u_8 [ryiG] - Completed Key Rotation
u_1 [Fkea] Ends Rotation
u_1 [Fkea] - Completed Key Rotation
u_2 [e2x4] Ends Rotation
u_2 [e2x4] - Completed Key Rotation
u_0 [LsUW] Ends Rotation
u_0 [LsUW] - Completed Key Rotation
u_9 [Ho-L] Ends Rotation
u_9 [Ho-L] - Completed Key Rotation
Executed 10 users / 10 success / 0 fail
Test 1: 30724ms (3072 p.u.)
Test 2: 1ms (0 p.u.)
Test 3: 577ms (57 p.u.)
Test 4: 29590ms (2959 p.u.)
