Waiting for an incoming message - Test 1 (inception)
Error while deserializing http message: Error("EOF while parsing a value", line: 1, column: 0)
	Preparing Data...
	Data is ready, starting users and test1
Incepted: u_4 [TpGG]
	Added [jm4C] as watcher for u_4 [TpGG]
	Added [bivQ] as watcher for u_4 [TpGG]
	Added [2D85] as watcher for u_4 [TpGG]
	Asking u_4 [TpGG]'s watchers to watch [8r7y]
Incepted: u_5 [8gJY]
Incepted: u_1 [A7IM]
	Added [2D85] as watcher for u_5 [8gJY]
Incepted: u_6 [27cJ]
Incepted: u_2 [MlYy]
Incepted: u_8 [18hi]
	Added [x5MO] as watcher for u_5 [8gJY]
Incepted: u_0 [rgvQ]
	✅ u_4 [TpGG] Inception Done
	Added [x5MO] as watcher for u_1 [A7IM]
	Added [2D85] as watcher for u_6 [27cJ]
Incepted: u_7 [_tJN]
	Added [jm4C] as watcher for u_2 [MlYy]
	Added [bivQ] as watcher for u_5 [8gJY]
	Asking u_5 [8gJY]'s watchers to watch [8r7y]
Incepted: u_9 [7wPD]
	Added [x5MO] as watcher for u_8 [18hi]
	Added [x5MO] as watcher for u_0 [rgvQ]
Incepted: u_3 [3_Eh]
	Added [jm4C] as watcher for u_7 [_tJN]
	Added [bivQ] as watcher for u_1 [A7IM]
	✅ u_5 [8gJY] Inception Done
	Added [2D85] as watcher for u_2 [MlYy]
	Added [x5MO] as watcher for u_6 [27cJ]
	Added [jm4C] as watcher for u_9 [7wPD]
	Added [2D85] as watcher for u_7 [_tJN]
	Added [bivQ] as watcher for u_8 [18hi]
	Added [bivQ] as watcher for u_0 [rgvQ]
	Added [jm4C] as watcher for u_1 [A7IM]
	Asking u_1 [A7IM]'s watchers to watch [8r7y]
	Added [bivQ] as watcher for u_3 [3_Eh]
	Added [bivQ] as watcher for u_6 [27cJ]
	Asking u_6 [27cJ]'s watchers to watch [8r7y]
	Added [2D85] as watcher for u_8 [18hi]
	Asking u_8 [18hi]'s watchers to watch [8r7y]
	Added [bivQ] as watcher for u_2 [MlYy]
	Asking u_2 [MlYy]'s watchers to watch [8r7y]
	Added [jm4C] as watcher for u_3 [3_Eh]
	Added [x5MO] as watcher for u_9 [7wPD]
	✅ u_6 [27cJ] Inception Done
	✅ u_1 [A7IM] Inception Done
	Added [jm4C] as watcher for u_0 [rgvQ]
	Asking u_0 [rgvQ]'s watchers to watch [8r7y]
	✅ u_2 [MlYy] Inception Done
	Added [bivQ] as watcher for u_7 [_tJN]
	Asking u_7 [_tJN]'s watchers to watch [8r7y]
	✅ u_8 [18hi] Inception Done
	Added [2D85] as watcher for u_9 [7wPD]
	Asking u_9 [7wPD]'s watchers to watch [8r7y]
	✅ u_9 [7wPD] Inception Done
	✅ u_7 [_tJN] Inception Done
	✅ u_0 [rgvQ] Inception Done
	Added [x5MO] as watcher for u_3 [3_Eh]
	Asking u_3 [3_Eh]'s watchers to watch [8r7y]
	✅ u_3 [3_Eh] Inception Done
Test 2 (signature verification)
	✅ u_3 [3_Eh] Message verified
	✅ u_2 [MlYy] Message verified
	✅ u_8 [18hi] Message verified
	✅ u_5 [8gJY] Message verified
	✅ u_9 [7wPD] Message verified
	✅ u_0 [rgvQ] Message verified
	✅ u_7 [_tJN] Message verified
	✅ u_1 [A7IM] Message verified
	✅ u_6 [27cJ] Message verified
	✅ u_4 [TpGG] Message verified
Waiting for an incoming message - Test 3 (signature verification after rotation of issuer)
	✅ u_7 [_tJN] Message Verified (2)
	✅ u_9 [7wPD] Message Verified (2)
	✅ u_1 [A7IM] Message Verified (2)
	✅ u_3 [3_Eh] Message Verified (2)
	✅ u_2 [MlYy] Message Verified (2)
	✅ u_6 [27cJ] Message Verified (2)
	✅ u_8 [18hi] Message Verified (2)
	✅ u_4 [TpGG] Message Verified (2)
	✅ u_5 [8gJY] Message Verified (2)
	✅ u_0 [rgvQ] Message Verified (2)
Waiting for an incoming message - Test 4 (valid acdc credential)
skipped--
Waiting for an incoming message - Test 5 (acdc revocation)
skipped--
Waiting for an incoming message - Test 6
u_5 [8gJY] Starts Rotation
u_3 [3_Eh] Starts Rotation
u_2 [MlYy] Starts Rotation
u_4 [TpGG] Starts Rotation
u_0 [rgvQ] Starts Rotation
u_7 [_tJN] Starts Rotation
u_1 [A7IM] Starts Rotation
u_9 [7wPD] Starts Rotation
u_8 [18hi] Starts Rotation
u_6 [27cJ] Starts Rotation
u_3 [3_Eh] Ends Rotation
u_3 [3_Eh] - Completed Key Rotation
u_9 [7wPD] Ends Rotation
u_9 [7wPD] - Completed Key Rotation
u_8 [18hi] Ends Rotation
u_8 [18hi] - Completed Key Rotation
u_5 [8gJY] Ends Rotation
u_5 [8gJY] - Completed Key Rotation
u_0 [rgvQ] Ends Rotation
u_0 [rgvQ] - Completed Key Rotation
u_7 [_tJN] Ends Rotation
u_7 [_tJN] - Completed Key Rotation
u_6 [27cJ] Ends Rotation
u_6 [27cJ] - Completed Key Rotation
u_1 [A7IM] Ends Rotation
u_1 [A7IM] - Completed Key Rotation
u_2 [MlYy] Ends Rotation
u_2 [MlYy] - Completed Key Rotation
u_4 [TpGG] Ends Rotation
u_4 [TpGG] - Completed Key Rotation
Executed 10 users / 10 success / 0 fail
Test 1: 34955ms (3495 p.u.)
Test 2: 1ms (0 p.u.)
Test 3: 904ms (90 p.u.)
Test 4: 32529ms (3252 p.u.)
