Waiting for an incoming message - Test 1 (inception)
Error while deserializing http message: Error("EOF while parsing a value", line: 1, column: 0)
	Preparing Data...
	Data is ready, starting users and test1
Incepted: u_5 [gOME]
	Added [2D85] as watcher for u_5 [gOME]
Incepted: u_2 [k0bF]
	Added [bivQ] as watcher for u_5 [gOME]
	Added [jm4C] as watcher for u_2 [k0bF]
	Added [x5MO] as watcher for u_5 [gOME]
	Asking u_5 [gOME]'s watchers to watch [8r7y]
	Added [bivQ] as watcher for u_2 [k0bF]
	Added [2D85] as watcher for u_2 [k0bF]
	Asking u_2 [k0bF]'s watchers to watch [8r7y]
Incepted: u_3 [eVOA]
	Added [jm4C] as watcher for u_3 [eVOA]
	Added [x5MO] as watcher for u_3 [eVOA]
	Added [2D85] as watcher for u_3 [eVOA]
	Asking u_3 [eVOA]'s watchers to watch [8r7y]
	✅ u_5 [gOME] Inception Done
Incepted: u_1 [Ml4m]
	Added [x5MO] as watcher for u_1 [Ml4m]
Incepted: u_9 [_aq7]
	Added [jm4C] as watcher for u_1 [Ml4m]
	Added [bivQ] as watcher for u_9 [_aq7]
Incepted: u_8 [ZNxW]
Incepted: u_7 [M97n]
	Added [x5MO] as watcher for u_9 [_aq7]
	Added [bivQ] as watcher for u_1 [Ml4m]
	Asking u_1 [Ml4m]'s watchers to watch [8r7y]
	Added [bivQ] as watcher for u_8 [ZNxW]
	Added [bivQ] as watcher for u_7 [M97n]
	Added [2D85] as watcher for u_9 [_aq7]
	Asking u_9 [_aq7]'s watchers to watch [8r7y]
	✅ u_2 [k0bF] Inception Done
	Added [2D85] as watcher for u_8 [ZNxW]
	Added [jm4C] as watcher for u_7 [M97n]
	✅ u_3 [eVOA] Inception Done
Incepted: u_6 [MN42]
	Added [2D85] as watcher for u_7 [M97n]
	Asking u_7 [M97n]'s watchers to watch [8r7y]
Incepted: u_0 [gFV3]
Incepted: u_4 [yM9v]
	✅ u_1 [Ml4m] Inception Done
	Added [x5MO] as watcher for u_8 [ZNxW]
	Asking u_8 [ZNxW]'s watchers to watch [8r7y]
	Added [jm4C] as watcher for u_4 [yM9v]
	✅ u_9 [_aq7] Inception Done
	Added [x5MO] as watcher for u_6 [MN42]
	Added [jm4C] as watcher for u_0 [gFV3]
	✅ u_7 [M97n] Inception Done
	✅ u_8 [ZNxW] Inception Done
	Added [2D85] as watcher for u_6 [MN42]
	Added [x5MO] as watcher for u_4 [yM9v]
	Added [bivQ] as watcher for u_0 [gFV3]
	Added [2D85] as watcher for u_4 [yM9v]
	Asking u_4 [yM9v]'s watchers to watch [8r7y]
	Added [jm4C] as watcher for u_6 [MN42]
	Asking u_6 [MN42]'s watchers to watch [8r7y]
	Added [2D85] as watcher for u_0 [gFV3]
	Asking u_0 [gFV3]'s watchers to watch [8r7y]
	✅ u_4 [yM9v] Inception Done
	✅ u_6 [MN42] Inception Done
	✅ u_0 [gFV3] Inception Done
Test 2 (signature verification)
	✅ u_0 [gFV3] Message verified
	✅ u_2 [k0bF] Message verified
	✅ u_6 [MN42] Message verified
	✅ u_3 [eVOA] Message verified
	✅ u_8 [ZNxW] Message verified
	✅ u_5 [gOME] Message verified
	✅ u_4 [yM9v] Message verified
	✅ u_9 [_aq7] Message verified
	✅ u_7 [M97n] Message verified
	✅ u_1 [Ml4m] Message verified
Waiting for an incoming message - Test 3 (signature verification after rotation of issuer)
	✅ u_6 [MN42] Message Verified (2)
	✅ u_1 [Ml4m] Message Verified (2)
	✅ u_4 [yM9v] Message Verified (2)
	✅ u_0 [gFV3] Message Verified (2)
	✅ u_5 [gOME] Message Verified (2)
	✅ u_3 [eVOA] Message Verified (2)
	✅ u_7 [M97n] Message Verified (2)
	✅ u_9 [_aq7] Message Verified (2)
	✅ u_8 [ZNxW] Message Verified (2)
	✅ u_2 [k0bF] Message Verified (2)
Waiting for an incoming message - Test 4 (valid acdc credential)
skipped--
Waiting for an incoming message - Test 5 (acdc revocation)
skipped--
Waiting for an incoming message - Test 6
u_9 [_aq7] Starts Rotation
u_6 [MN42] Starts Rotation
u_0 [gFV3] Starts Rotation
u_4 [yM9v] Starts Rotation
u_2 [k0bF] Starts Rotation
u_7 [M97n] Starts Rotation
u_8 [ZNxW] Starts Rotation
u_3 [eVOA] Starts Rotation
u_1 [Ml4m] Starts Rotation
u_5 [gOME] Starts Rotation
u_0 [gFV3] Ends Rotation
u_0 [gFV3] - Completed Key Rotation
u_1 [Ml4m] Ends Rotation
u_1 [Ml4m] - Completed Key Rotation
u_8 [ZNxW] Ends Rotation
u_8 [ZNxW] - Completed Key Rotation
u_4 [yM9v] Ends Rotation
u_4 [yM9v] - Completed Key Rotation
u_2 [k0bF] Ends Rotation
u_2 [k0bF] - Completed Key Rotation
u_9 [_aq7] Ends Rotation
u_9 [_aq7] - Completed Key Rotation
u_5 [gOME] Ends Rotation
u_5 [gOME] - Completed Key Rotation
u_3 [eVOA] Ends Rotation
u_3 [eVOA] - Completed Key Rotation
u_7 [M97n] Ends Rotation
u_7 [M97n] - Completed Key Rotation
u_6 [MN42] Ends Rotation
u_6 [MN42] - Completed Key Rotation
Executed 10 users / 10 success / 0 fail
Test 1: 35932ms (3593 p.u.)
Test 2: 1ms (0 p.u.)
Test 3: 639ms (63 p.u.)
Test 4: 37310ms (3731 p.u.)
