Waiting for an incoming message - Test 1 (inception)
Error while deserializing http message: Error("EOF while parsing a value", line: 1, column: 0)
	Preparing Data...
	Data is ready, starting users and test1
Incepted: u_3 [f-DM]
	Added [x5MO] as watcher for u_3 [f-DM]
	Added [jm4C] as watcher for u_3 [f-DM]
	Added [2D85] as watcher for u_3 [f-DM]
	Asking u_3 [f-DM]'s watchers to watch [8r7y]
Incepted: u_8 [o71r]
Incepted: u_2 [mbkz]
Incepted: u_1 [YiWL]
	Added [x5MO] as watcher for u_8 [o71r]
	Added [2D85] as watcher for u_2 [mbkz]
	Added [jm4C] as watcher for u_1 [YiWL]
	Added [bivQ] as watcher for u_8 [o71r]
Incepted: u_7 [AZSx]
	Added [bivQ] as watcher for u_2 [mbkz]
	Added [2D85] as watcher for u_8 [o71r]
	Asking u_8 [o71r]'s watchers to watch [8r7y]
	Added [bivQ] as watcher for u_1 [YiWL]
	✅ u_3 [f-DM] Inception Done
	Added [bivQ] as watcher for u_7 [AZSx]
Incepted: u_5 [eeXX]
	Added [x5MO] as watcher for u_2 [mbkz]
	Asking u_2 [mbkz]'s watchers to watch [8r7y]
	Added [jm4C] as watcher for u_7 [AZSx]
	Added [x5MO] as watcher for u_1 [YiWL]
	Asking u_1 [YiWL]'s watchers to watch [8r7y]
Incepted: u_6 [wdMy]
Incepted: u_0 [ijGO]
	Added [2D85] as watcher for u_5 [eeXX]
Incepted: u_9 [87EC]
	Added [2D85] as watcher for u_6 [wdMy]
	Added [x5MO] as watcher for u_7 [AZSx]
	Asking u_7 [AZSx]'s watchers to watch [8r7y]
	✅ u_2 [mbkz] Inception Done
Incepted: u_4 [Of-m]
	Added [bivQ] as watcher for u_0 [ijGO]
	Added [jm4C] as watcher for u_9 [87EC]
	Added [bivQ] as watcher for u_5 [eeXX]
	✅ u_8 [o71r] Inception Done
	Added [bivQ] as watcher for u_6 [wdMy]
	✅ u_7 [AZSx] Inception Done
	✅ u_1 [YiWL] Inception Done
	Added [x5MO] as watcher for u_0 [ijGO]
	Added [bivQ] as watcher for u_4 [Of-m]
	Added [2D85] as watcher for u_9 [87EC]
	Added [x5MO] as watcher for u_5 [eeXX]
	Asking u_5 [eeXX]'s watchers to watch [8r7y]
	Added [jm4C] as watcher for u_6 [wdMy]
	Asking u_6 [wdMy]'s watchers to watch [8r7y]
	Added [2D85] as watcher for u_4 [Of-m]
	Added [2D85] as watcher for u_0 [ijGO]
	Asking u_0 [ijGO]'s watchers to watch [8r7y]
	Added [bivQ] as watcher for u_9 [87EC]
	Asking u_9 [87EC]'s watchers to watch [8r7y]
	✅ u_6 [wdMy] Inception Done
	✅ u_5 [eeXX] Inception Done
	Added [jm4C] as watcher for u_4 [Of-m]
	Asking u_4 [Of-m]'s watchers to watch [8r7y]
	✅ u_0 [ijGO] Inception Done
	✅ u_9 [87EC] Inception Done
	✅ u_4 [Of-m] Inception Done
Test 2 (signature verification)
	✅ u_4 [Of-m] Message verified
	✅ u_7 [AZSx] Message verified
	✅ u_0 [ijGO] Message verified
	✅ u_1 [YiWL] Message verified
	✅ u_3 [f-DM] Message verified
	✅ u_2 [mbkz] Message verified
	✅ u_8 [o71r] Message verified
	✅ u_9 [87EC] Message verified
	✅ u_6 [wdMy] Message verified
	✅ u_5 [eeXX] Message verified
Waiting for an incoming message - Test 3 (signature verification after rotation of issuer)
	✅ u_8 [o71r] Message Verified (2)
	✅ u_9 [87EC] Message Verified (2)
	✅ u_3 [f-DM] Message Verified (2)
	✅ u_6 [wdMy] Message Verified (2)
	✅ u_0 [ijGO] Message Verified (2)
	✅ u_2 [mbkz] Message Verified (2)
	✅ u_5 [eeXX] Message Verified (2)
	✅ u_4 [Of-m] Message Verified (2)
	✅ u_7 [AZSx] Message Verified (2)
	✅ u_1 [YiWL] Message Verified (2)
Waiting for an incoming message - Test 4 (valid acdc credential)
skipped--
Waiting for an incoming message - Test 5 (acdc revocation)
skipped--
Waiting for an incoming message - Test 6
u_1 [YiWL] Starts Rotation
u_7 [AZSx] Starts Rotation
u_3 [f-DM] Starts Rotation
u_4 [Of-m] Starts Rotation
u_6 [wdMy] Starts Rotation
u_2 [mbkz] Starts Rotation
u_8 [o71r] Starts Rotation
u_5 [eeXX] Starts Rotation
u_9 [87EC] Starts Rotation
u_0 [ijGO] Starts Rotation
u_2 [mbkz] Ends Rotation
u_2 [mbkz] - Completed Key Rotation
u_8 [o71r] Ends Rotation
u_8 [o71r] - Completed Key Rotation
u_0 [ijGO] Ends Rotation
u_0 [ijGO] - Completed Key Rotation
u_1 [YiWL] Ends Rotation
u_1 [YiWL] - Completed Key Rotation
u_3 [f-DM] Ends Rotation
u_3 [f-DM] - Completed Key Rotation
u_7 [AZSx] Ends Rotation
u_7 [AZSx] - Completed Key Rotation
u_9 [87EC] Ends Rotation
u_9 [87EC] - Completed Key Rotation
u_6 [wdMy] Ends Rotation
u_6 [wdMy] - Completed Key Rotation
u_5 [eeXX] Ends Rotation
u_5 [eeXX] - Completed Key Rotation
u_4 [Of-m] Ends Rotation
u_4 [Of-m] - Completed Key Rotation
Executed 10 users / 10 success / 0 fail
Test 1: 36671ms (3667 p.u.)
Test 2: 1ms (0 p.u.)
Test 3: 685ms (68 p.u.)
Test 4: 37366ms (3736 p.u.)
