Waiting for an incoming message - Test 1 (inception)
Error while deserializing http message: Error("EOF while parsing a value", line: 1, column: 0)
	Preparing Data...
	Data is ready, starting users and test1
Incepted: u_9 [WaPu]
	Added [x5MO] as watcher for u_9 [WaPu]
	Added [bivQ] as watcher for u_9 [WaPu]
	Added [2D85] as watcher for u_9 [WaPu]
	Asking u_9 [WaPu]'s watchers to watch [8r7y]
Incepted: u_2 [OyLE]
	Added [jm4C] as watcher for u_2 [OyLE]
	Added [2D85] as watcher for u_2 [OyLE]
	Added [bivQ] as watcher for u_2 [OyLE]
	Asking u_2 [OyLE]'s watchers to watch [8r7y]
Incepted: u_7 [GSGT]
	Added [2D85] as watcher for u_7 [GSGT]
	Added [x5MO] as watcher for u_7 [GSGT]
	Added [bivQ] as watcher for u_7 [GSGT]
	Asking u_7 [GSGT]'s watchers to watch [8r7y]
Incepted: u_1 [fJRG]
	Added [bivQ] as watcher for u_1 [fJRG]
Incepted: u_3 [Wu1W]
	Added [2D85] as watcher for u_1 [fJRG]
	Added [bivQ] as watcher for u_3 [Wu1W]
	Added [jm4C] as watcher for u_1 [fJRG]
	Asking u_1 [fJRG]'s watchers to watch [8r7y]
	✅ u_9 [WaPu] Inception Done
Incepted: u_8 [O84U]
	Added [jm4C] as watcher for u_3 [Wu1W]
Incepted: u_0 [9_OL]
	Added [bivQ] as watcher for u_8 [O84U]
	✅ u_2 [OyLE] Inception Done
	✅ u_7 [GSGT] Inception Done
	Added [jm4C] as watcher for u_0 [9_OL]
	Added [x5MO] as watcher for u_3 [Wu1W]
	Asking u_3 [Wu1W]'s watchers to watch [8r7y]
Incepted: u_4 [t8-W]
	Added [x5MO] as watcher for u_8 [O84U]
	Added [2D85] as watcher for u_0 [9_OL]
	Added [jm4C] as watcher for u_4 [t8-W]
Incepted: u_6 [tH5k]
	✅ u_1 [fJRG] Inception Done
	✅ u_3 [Wu1W] Inception Done
Incepted: u_5 [nKLV]
	Added [jm4C] as watcher for u_8 [O84U]
	Asking u_8 [O84U]'s watchers to watch [8r7y]
	Added [bivQ] as watcher for u_0 [9_OL]
	Asking u_0 [9_OL]'s watchers to watch [8r7y]
	Added [x5MO] as watcher for u_4 [t8-W]
	Added [bivQ] as watcher for u_6 [tH5k]
	✅ u_0 [9_OL] Inception Done
	Added [x5MO] as watcher for u_5 [nKLV]
	✅ u_8 [O84U] Inception Done
	Added [2D85] as watcher for u_4 [t8-W]
	Asking u_4 [t8-W]'s watchers to watch [8r7y]
	Added [x5MO] as watcher for u_6 [tH5k]
	Added [jm4C] as watcher for u_5 [nKLV]
	✅ u_4 [t8-W] Inception Done
	Added [2D85] as watcher for u_6 [tH5k]
	Asking u_6 [tH5k]'s watchers to watch [8r7y]
	Added [bivQ] as watcher for u_5 [nKLV]
	Asking u_5 [nKLV]'s watchers to watch [8r7y]
	✅ u_6 [tH5k] Inception Done
	✅ u_5 [nKLV] Inception Done
Test 2 (signature verification)
	✅ u_7 [GSGT] Message verified
	✅ u_5 [nKLV] Message verified
	✅ u_9 [WaPu] Message verified
	✅ u_2 [OyLE] Message verified
	✅ u_1 [fJRG] Message verified
	✅ u_4 [t8-W] Message verified
	✅ u_6 [tH5k] Message verified
	✅ u_8 [O84U] Message verified
	✅ u_3 [Wu1W] Message verified
	✅ u_0 [9_OL] Message verified
Waiting for an incoming message - Test 3 (signature verification after rotation of issuer)
	✅ u_7 [GSGT] Message Verified (2)
	✅ u_6 [tH5k] Message Verified (2)
	✅ u_0 [9_OL] Message Verified (2)
	✅ u_3 [Wu1W] Message Verified (2)
	✅ u_5 [nKLV] Message Verified (2)
	✅ u_2 [OyLE] Message Verified (2)
	✅ u_9 [WaPu] Message Verified (2)
	✅ u_4 [t8-W] Message Verified (2)
	✅ u_8 [O84U] Message Verified (2)
	✅ u_1 [fJRG] Message Verified (2)
Waiting for an incoming message - Test 4 (valid acdc credential)
skipped--
Waiting for an incoming message - Test 5 (acdc revocation)
skipped--
Waiting for an incoming message - Test 6
u_1 [fJRG] Starts Rotation
u_3 [Wu1W] Starts Rotation
u_9 [WaPu] Starts Rotation
u_7 [GSGT] Starts Rotation
u_8 [O84U] Starts Rotation
u_6 [tH5k] Starts Rotation
u_5 [nKLV] Starts Rotation
u_2 [OyLE] Starts Rotation
u_0 [9_OL] Starts Rotation
u_4 [t8-W] Starts Rotation
u_2 [OyLE] Ends Rotation
u_2 [OyLE] - Completed Key Rotation
u_1 [fJRG] Ends Rotation
u_1 [fJRG] - Completed Key Rotation
u_3 [Wu1W] Ends Rotation
u_3 [Wu1W] - Completed Key Rotation
u_9 [WaPu] Ends Rotation
u_9 [WaPu] - Completed Key Rotation
u_4 [t8-W] Ends Rotation
u_4 [t8-W] - Completed Key Rotation
u_8 [O84U] Ends Rotation
u_8 [O84U] - Completed Key Rotation
u_7 [GSGT] Ends Rotation
u_7 [GSGT] - Completed Key Rotation
u_5 [nKLV] Ends Rotation
u_5 [nKLV] - Completed Key Rotation
u_0 [9_OL] Ends Rotation
u_0 [9_OL] - Completed Key Rotation
u_6 [tH5k] Ends Rotation
u_6 [tH5k] - Completed Key Rotation
Executed 10 users / 10 success / 0 fail
Test 1: 37992ms (3799 p.u.)
Test 2: 1ms (0 p.u.)
Test 3: 837ms (83 p.u.)
Test 4: 36267ms (3626 p.u.)
