Waiting for an incoming message - Test 1 (inception)
Error while deserializing http message: Error("EOF while parsing a value", line: 1, column: 0)
	Preparing Data...
	Data is ready, starting users and test1
Incepted: u_6 [sZe_]
Incepted: u_8 [S6TM]
Incepted: u_1 [O8ZO]
Incepted: u_4 [mfvA]
	Added [bivQ] as watcher for u_6 [sZe_]
Incepted: u_7 [xzZA]
	Added [2D85] as watcher for u_1 [O8ZO]
Incepted: u_9 [YRJR]
	Added [x5MO] as watcher for u_4 [mfvA]
	Added [2D85] as watcher for u_6 [sZe_]
Incepted: u_0 [amNX]
	Added [jm4C] as watcher for u_8 [S6TM]
Incepted: u_5 [cyZS]
Incepted: u_2 [vgEw]
Incepted: u_3 [X-BX]
	Added [x5MO] as watcher for u_1 [O8ZO]
	Added [x5MO] as watcher for u_7 [xzZA]
	Added [2D85] as watcher for u_4 [mfvA]
	Added [bivQ] as watcher for u_8 [S6TM]
	Added [x5MO] as watcher for u_6 [sZe_]
	Asking u_6 [sZe_]'s watchers to watch [8r7y]
	Added [x5MO] as watcher for u_0 [amNX]
	Added [bivQ] as watcher for u_9 [YRJR]
	Added [x5MO] as watcher for u_5 [cyZS]
	Added [x5MO] as watcher for u_3 [X-BX]
	Added [bivQ] as watcher for u_2 [vgEw]
	Added [bivQ] as watcher for u_1 [O8ZO]
	Asking u_1 [O8ZO]'s watchers to watch [8r7y]
	Added [2D85] as watcher for u_8 [S6TM]
	Asking u_8 [S6TM]'s watchers to watch [8r7y]
	Added [jm4C] as watcher for u_4 [mfvA]
	Asking u_4 [mfvA]'s watchers to watch [8r7y]
	✅ u_6 [sZe_] Inception Done
	Added [bivQ] as watcher for u_7 [xzZA]
	Added [2D85] as watcher for u_0 [amNX]
	Added [jm4C] as watcher for u_2 [vgEw]
	✅ u_8 [S6TM] Inception Done
	Added [x5MO] as watcher for u_9 [YRJR]
	Added [jm4C] as watcher for u_5 [cyZS]
	Added [bivQ] as watcher for u_3 [X-BX]
	✅ u_1 [O8ZO] Inception Done
	Added [jm4C] as watcher for u_7 [xzZA]
	Asking u_7 [xzZA]'s watchers to watch [8r7y]
	✅ u_4 [mfvA] Inception Done
	Added [2D85] as watcher for u_2 [vgEw]
	Asking u_2 [vgEw]'s watchers to watch [8r7y]
	Added [jm4C] as watcher for u_3 [X-BX]
	Asking u_3 [X-BX]'s watchers to watch [8r7y]
	Added [2D85] as watcher for u_9 [YRJR]
	Asking u_9 [YRJR]'s watchers to watch [8r7y]
	Added [bivQ] as watcher for u_0 [amNX]
	Asking u_0 [amNX]'s watchers to watch [8r7y]
	Added [2D85] as watcher for u_5 [cyZS]
	Asking u_5 [cyZS]'s watchers to watch [8r7y]
	✅ u_2 [vgEw] Inception Done
	✅ u_5 [cyZS] Inception Done
	✅ u_3 [X-BX] Inception Done
	✅ u_7 [xzZA] Inception Done
	✅ u_0 [amNX] Inception Done
	✅ u_9 [YRJR] Inception Done
Test 2 (signature verification)
	✅ u_9 [YRJR] Message verified
	✅ u_3 [X-BX] Message verified
	✅ u_0 [amNX] Message verified
	✅ u_5 [cyZS] Message verified
	✅ u_8 [S6TM] Message verified
	✅ u_7 [xzZA] Message verified
	✅ u_1 [O8ZO] Message verified
	✅ u_6 [sZe_] Message verified
	✅ u_4 [mfvA] Message verified
	✅ u_2 [vgEw] Message verified
Waiting for an incoming message - Test 3 (signature verification after rotation of issuer)
	✅ u_6 [sZe_] Message Verified (2)
	✅ u_9 [YRJR] Message Verified (2)
	✅ u_1 [O8ZO] Message Verified (2)
	✅ u_3 [X-BX] Message Verified (2)
	✅ u_0 [amNX] Message Verified (2)
	✅ u_2 [vgEw] Message Verified (2)
	✅ u_7 [xzZA] Message Verified (2)
	✅ u_5 [cyZS] Message Verified (2)
	✅ u_8 [S6TM] Message Verified (2)
	✅ u_4 [mfvA] Message Verified (2)
Waiting for an incoming message - Test 4 (valid acdc credential)
skipped--
Waiting for an incoming message - Test 5 (acdc revocation)
skipped--
Waiting for an incoming message - Test 6
u_4 [mfvA] Starts Rotation
u_0 [amNX] Starts Rotation
u_7 [xzZA] Starts Rotation
u_3 [X-BX] Starts Rotation
u_8 [S6TM] Starts Rotation
u_1 [O8ZO] Starts Rotation
u_5 [cyZS] Starts Rotation
u_9 [YRJR] Starts Rotation
u_2 [vgEw] Starts Rotation
u_6 [sZe_] Starts Rotation
u_8 [S6TM] Ends Rotation
u_8 [S6TM] - Completed Key Rotation
u_6 [sZe_] Ends Rotation
u_6 [sZe_] - Completed Key Rotation
u_0 [amNX] Ends Rotation
u_0 [amNX] - Completed Key Rotation
u_5 [cyZS] Ends Rotation
u_5 [cyZS] - Completed Key Rotation
u_9 [YRJR] Ends Rotation
u_9 [YRJR] - Completed Key Rotation
u_2 [vgEw] Ends Rotation
u_2 [vgEw] - Completed Key Rotation
u_1 [O8ZO] Ends Rotation
u_1 [O8ZO] - Completed Key Rotation
u_7 [xzZA] Ends Rotation
u_7 [xzZA] - Completed Key Rotation
u_3 [X-BX] Ends Rotation
u_3 [X-BX] - Completed Key Rotation
u_4 [mfvA] Ends Rotation
u_4 [mfvA] - Completed Key Rotation
Executed 10 users / 10 success / 0 fail
Test 1: 29906ms (2990 p.u.)
Test 2: 1ms (0 p.u.)
Test 3: 628ms (62 p.u.)
Test 4: 28423ms (2842 p.u.)
