Waiting for an incoming message - Test 1 (inception)
Error while deserializing http message: Error("EOF while parsing a value", line: 1, column: 0)
	Preparing Data...
	Data is ready, starting users and test1
Incepted: u_0 [Zss6]
	Added [bivQ] as watcher for u_0 [Zss6]
	Added [2D85] as watcher for u_0 [Zss6]
	Added [jm4C] as watcher for u_0 [Zss6]
	Asking u_0 [Zss6]'s watchers to watch [8r7y]
Incepted: u_7 [tkkU]
Incepted: u_4 [4swl]
	Added [x5MO] as watcher for u_7 [tkkU]
	Added [jm4C] as watcher for u_4 [4swl]
	Added [2D85] as watcher for u_7 [tkkU]
Incepted: u_1 [rl4A]
	Added [bivQ] as watcher for u_4 [4swl]
	Added [bivQ] as watcher for u_7 [tkkU]
	Asking u_7 [tkkU]'s watchers to watch [8r7y]
Incepted: u_6 [VObV]
	Added [x5MO] as watcher for u_1 [rl4A]
	Added [2D85] as watcher for u_4 [4swl]
	Asking u_4 [4swl]'s watchers to watch [8r7y]
	Added [jm4C] as watcher for u_6 [VObV]
Incepted: u_2 [jhTc]
Incepted: u_9 [zJWB]
	Added [bivQ] as watcher for u_1 [rl4A]
Incepted: u_3 [7_S4]
	Added [x5MO] as watcher for u_6 [VObV]
Incepted: u_5 [PY_t]
	Added [2D85] as watcher for u_3 [7_S4]
	Added [jm4C] as watcher for u_2 [jhTc]
	Added [x5MO] as watcher for u_9 [zJWB]
	Added [jm4C] as watcher for u_1 [rl4A]
	Asking u_1 [rl4A]'s watchers to watch [8r7y]
	Added [2D85] as watcher for u_6 [VObV]
	Asking u_6 [VObV]'s watchers to watch [8r7y]
	Added [x5MO] as watcher for u_2 [jhTc]
	Added [jm4C] as watcher for u_5 [PY_t]
Incepted: u_8 [NLnj]
	Added [bivQ] as watcher for u_9 [zJWB]
	Added [bivQ] as watcher for u_3 [7_S4]
	Added [2D85] as watcher for u_2 [jhTc]
	Asking u_2 [jhTc]'s watchers to watch [8r7y]
	Added [jm4C] as watcher for u_9 [zJWB]
	Asking u_9 [zJWB]'s watchers to watch [8r7y]
	Added [bivQ] as watcher for u_5 [PY_t]
	Added [jm4C] as watcher for u_3 [7_S4]
	Asking u_3 [7_S4]'s watchers to watch [8r7y]
	Added [jm4C] as watcher for u_8 [NLnj]
	Added [x5MO] as watcher for u_5 [PY_t]
	Asking u_5 [PY_t]'s watchers to watch [8r7y]
	Added [2D85] as watcher for u_8 [NLnj]
	Added [x5MO] as watcher for u_8 [NLnj]
	Asking u_8 [NLnj]'s watchers to watch [8r7y]
	✅ u_0 [Zss6] Inception Done
	✅ u_4 [4swl] Inception Done
	✅ u_1 [rl4A] Inception Done
	✅ u_7 [tkkU] Inception Done
	✅ u_3 [7_S4] Inception Done
	✅ u_6 [VObV] Inception Done
	✅ u_8 [NLnj] Inception Done
	✅ u_5 [PY_t] Inception Done
	✅ u_9 [zJWB] Inception Done
	✅ u_2 [jhTc] Inception Done
Test 2 (signature verification)
	✅ u_2 [jhTc] Message verified
	✅ u_6 [VObV] Message verified
	✅ u_3 [7_S4] Message verified
	✅ u_8 [NLnj] Message verified
	✅ u_9 [zJWB] Message verified
	✅ u_5 [PY_t] Message verified
	✅ u_0 [Zss6] Message verified
	✅ u_4 [4swl] Message verified
	✅ u_1 [rl4A] Message verified
	✅ u_7 [tkkU] Message verified
Waiting for an incoming message - Test 3 (signature verification after rotation of issuer)
	✅ u_1 [rl4A] Message Verified (2)
	✅ u_7 [tkkU] Message Verified (2)
	✅ u_9 [zJWB] Message Verified (2)
	✅ u_0 [Zss6] Message Verified (2)
	✅ u_2 [jhTc] Message Verified (2)
	✅ u_4 [4swl] Message Verified (2)
	✅ u_3 [7_S4] Message Verified (2)
	✅ u_5 [PY_t] Message Verified (2)
	✅ u_6 [VObV] Message Verified (2)
	✅ u_8 [NLnj] Message Verified (2)
Waiting for an incoming message - Test 4 (valid acdc credential)
skipped--
Waiting for an incoming message - Test 5 (acdc revocation)
skipped--
Waiting for an incoming message - Test 6
u_8 [NLnj] Starts Rotation
u_1 [rl4A] Starts Rotation
u_6 [VObV] Starts Rotation
u_7 [tkkU] Starts Rotation
u_3 [7_S4] Starts Rotation
u_2 [jhTc] Starts Rotation
u_4 [4swl] Starts Rotation
u_5 [PY_t] Starts Rotation
u_0 [Zss6] Starts Rotation
u_9 [zJWB] Starts Rotation
u_5 [PY_t] Ends Rotation
u_5 [PY_t] - Completed Key Rotation
u_0 [Zss6] Ends Rotation
u_0 [Zss6] - Completed Key Rotation
u_4 [4swl] Ends Rotation
u_4 [4swl] - Completed Key Rotation
u_8 [NLnj] Ends Rotation
u_8 [NLnj] - Completed Key Rotation
u_6 [VObV] Ends Rotation
u_6 [VObV] - Completed Key Rotation
u_2 [jhTc] Ends Rotation
u_2 [jhTc] - Completed Key Rotation
u_3 [7_S4] Ends Rotation
u_3 [7_S4] - Completed Key Rotation
u_1 [rl4A] Ends Rotation
u_1 [rl4A] - Completed Key Rotation
u_7 [tkkU] Ends Rotation
u_7 [tkkU] - Completed Key Rotation
u_9 [zJWB] Ends Rotation
u_9 [zJWB] - Completed Key Rotation
Executed 10 users / 10 success / 0 fail
Test 1: 23235ms (2323 p.u.)
Test 2: 1ms (0 p.u.)
Test 3: 869ms (86 p.u.)
Test 4: 40123ms (4012 p.u.)
