Waiting for an incoming message - Test 1 (inception)
Error while deserializing http message: Error("EOF while parsing a value", line: 1, column: 0)
	Preparing Data...
	Data is ready, starting users and test1
Incepted: u_3 [STdd]
Incepted: u_1 [KNEQ]
Incepted: u_7 [dREL]
Incepted: u_6 [O3tP]
Incepted: u_8 [wMLq]
Incepted: u_2 [R7Ai]
Incepted: u_9 [N-MY]
Incepted: u_0 [K2Nz]
Incepted: u_4 [akEw]
Incepted: u_5 [DTB1]
	Added [jm4C] as watcher for u_1 [KNEQ]
	Added [2D85] as watcher for u_7 [dREL]
	Added [jm4C] as watcher for u_2 [R7Ai]
	Added [x5MO] as watcher for u_3 [STdd]
	Added [x5MO] as watcher for u_8 [wMLq]
	Added [jm4C] as watcher for u_6 [O3tP]
	Added [bivQ] as watcher for u_9 [N-MY]
	Added [jm4C] as watcher for u_4 [akEw]
	Added [jm4C] as watcher for u_0 [K2Nz]
	Added [x5MO] as watcher for u_5 [DTB1]
	Added [jm4C] as watcher for u_7 [dREL]
	Added [2D85] as watcher for u_2 [R7Ai]
	Added [x5MO] as watcher for u_1 [KNEQ]
	Added [2D85] as watcher for u_3 [STdd]
	Added [jm4C] as watcher for u_8 [wMLq]
	Added [2D85] as watcher for u_1 [KNEQ]
	Asking u_1 [KNEQ]'s watchers to watch [8r7y]
	Added [2D85] as watcher for u_5 [DTB1]
	Added [x5MO] as watcher for u_6 [O3tP]
	Added [bivQ] as watcher for u_4 [akEw]
	Added [2D85] as watcher for u_4 [akEw]
	Asking u_4 [akEw]'s watchers to watch [8r7y]
	Added [bivQ] as watcher for u_0 [K2Nz]
	Added [jm4C] as watcher for u_3 [STdd]
	Asking u_3 [STdd]'s watchers to watch [8r7y]
	Added [x5MO] as watcher for u_9 [N-MY]
	Added [bivQ] as watcher for u_8 [wMLq]
	Asking u_8 [wMLq]'s watchers to watch [8r7y]
	Added [bivQ] as watcher for u_7 [dREL]
	Asking u_7 [dREL]'s watchers to watch [8r7y]
	✅ u_1 [KNEQ] Inception Done
	Added [2D85] as watcher for u_0 [K2Nz]
	Asking u_0 [K2Nz]'s watchers to watch [8r7y]
	Added [jm4C] as watcher for u_9 [N-MY]
	Asking u_9 [N-MY]'s watchers to watch [8r7y]
	Added [bivQ] as watcher for u_6 [O3tP]
	Asking u_6 [O3tP]'s watchers to watch [8r7y]
	Added [bivQ] as watcher for u_2 [R7Ai]
	Asking u_2 [R7Ai]'s watchers to watch [8r7y]
	✅ u_4 [akEw] Inception Done
	Added [bivQ] as watcher for u_5 [DTB1]
	Asking u_5 [DTB1]'s watchers to watch [8r7y]
	✅ u_2 [R7Ai] Inception Done
	✅ u_0 [K2Nz] Inception Done
	✅ u_3 [STdd] Inception Done
	✅ u_8 [wMLq] Inception Done
	✅ u_7 [dREL] Inception Done
	✅ u_6 [O3tP] Inception Done
	✅ u_9 [N-MY] Inception Done
	✅ u_5 [DTB1] Inception Done
Test 2 (signature verification)
	✅ u_5 [DTB1] Message verified
	✅ u_1 [KNEQ] Message verified
	✅ u_9 [N-MY] Message verified
	✅ u_0 [K2Nz] Message verified
	✅ u_4 [akEw] Message verified
	✅ u_2 [R7Ai] Message verified
	✅ u_3 [STdd] Message verified
	✅ u_7 [dREL] Message verified
	✅ u_8 [wMLq] Message verified
	✅ u_6 [O3tP] Message verified
Waiting for an incoming message - Test 3 (signature verification after rotation of issuer)
	✅ u_5 [DTB1] Message Verified (2)
	✅ u_9 [N-MY] Message Verified (2)
	✅ u_2 [R7Ai] Message Verified (2)
	✅ u_1 [KNEQ] Message Verified (2)
	✅ u_3 [STdd] Message Verified (2)
	✅ u_6 [O3tP] Message Verified (2)
	✅ u_4 [akEw] Message Verified (2)
	✅ u_7 [dREL] Message Verified (2)
	✅ u_0 [K2Nz] Message Verified (2)
	✅ u_8 [wMLq] Message Verified (2)
Waiting for an incoming message - Test 4 (valid acdc credential)
skipped--
Waiting for an incoming message - Test 5 (acdc revocation)
skipped--
Waiting for an incoming message - Test 6
u_8 [wMLq] Starts Rotation
u_0 [K2Nz] Starts Rotation
u_3 [STdd] Starts Rotation
u_5 [DTB1] Starts Rotation
u_1 [KNEQ] Starts Rotation
u_2 [R7Ai] Starts Rotation
u_6 [O3tP] Starts Rotation
u_4 [akEw] Starts Rotation
u_9 [N-MY] Starts Rotation
u_7 [dREL] Starts Rotation
u_3 [STdd] Ends Rotation
u_3 [STdd] - Completed Key Rotation
u_6 [O3tP] Ends Rotation
u_6 [O3tP] - Completed Key Rotation
u_2 [R7Ai] Ends Rotation
u_2 [R7Ai] - Completed Key Rotation
u_9 [N-MY] Ends Rotation
u_9 [N-MY] - Completed Key Rotation
u_7 [dREL] Ends Rotation
u_7 [dREL] - Completed Key Rotation
u_4 [akEw] Ends Rotation
u_4 [akEw] - Completed Key Rotation
u_0 [K2Nz] Ends Rotation
u_0 [K2Nz] - Completed Key Rotation
u_8 [wMLq] Ends Rotation
u_8 [wMLq] - Completed Key Rotation
u_5 [DTB1] Ends Rotation
u_5 [DTB1] - Completed Key Rotation
u_1 [KNEQ] Ends Rotation
u_1 [KNEQ] - Completed Key Rotation
Executed 10 users / 10 success / 0 fail
Test 1: 28149ms (2814 p.u.)
Test 2: 1ms (0 p.u.)
Test 3: 686ms (68 p.u.)
Test 4: 26327ms (2632 p.u.)
