Waiting for an incoming message - Test 1 (inception)
Error while deserializing http message: Error("EOF while parsing a value", line: 1, column: 0)
	Preparing Data...
	Data is ready, starting users and test1
Incepted: u_8 [Mzee]
Incepted: u_9 [WEW-]
	Added [2D85] as watcher for u_9 [WEW-]
Incepted: u_6 [dLSI]
	Added [x5MO] as watcher for u_8 [Mzee]
Incepted: u_4 [Slth]
	Added [jm4C] as watcher for u_6 [dLSI]
Incepted: u_3 [yOCb]
	Added [jm4C] as watcher for u_9 [WEW-]
	Added [jm4C] as watcher for u_8 [Mzee]
Incepted: u_2 [qrG-]
Incepted: u_5 [eqye]
	Added [jm4C] as watcher for u_4 [Slth]
Incepted: u_7 [5Cuo]
	Added [x5MO] as watcher for u_6 [dLSI]
	Added [2D85] as watcher for u_8 [Mzee]
	Asking u_8 [Mzee]'s watchers to watch [8r7y]
	Added [bivQ] as watcher for u_9 [WEW-]
	Asking u_9 [WEW-]'s watchers to watch [8r7y]
Incepted: u_0 [5v52]
	Added [2D85] as watcher for u_5 [eqye]
	Added [jm4C] as watcher for u_3 [yOCb]
	Added [bivQ] as watcher for u_4 [Slth]
	Added [bivQ] as watcher for u_2 [qrG-]
	Added [bivQ] as watcher for u_6 [dLSI]
	Asking u_6 [dLSI]'s watchers to watch [8r7y]
Incepted: u_1 [UY6G]
	Added [x5MO] as watcher for u_7 [5Cuo]
	✅ u_9 [WEW-] Inception Done
	✅ u_8 [Mzee] Inception Done
	Added [bivQ] as watcher for u_0 [5v52]
	Added [bivQ] as watcher for u_3 [yOCb]
	Added [2D85] as watcher for u_4 [Slth]
	Asking u_4 [Slth]'s watchers to watch [8r7y]
	Added [2D85] as watcher for u_2 [qrG-]
	Added [bivQ] as watcher for u_5 [eqye]
	✅ u_6 [dLSI] Inception Done
	Added [jm4C] as watcher for u_7 [5Cuo]
	Added [bivQ] as watcher for u_1 [UY6G]
	✅ u_4 [Slth] Inception Done
	Added [2D85] as watcher for u_0 [5v52]
	Added [x5MO] as watcher for u_3 [yOCb]
	Asking u_3 [yOCb]'s watchers to watch [8r7y]
	Added [2D85] as watcher for u_7 [5Cuo]
	Asking u_7 [5Cuo]'s watchers to watch [8r7y]
	Added [jm4C] as watcher for u_2 [qrG-]
	Asking u_2 [qrG-]'s watchers to watch [8r7y]
	Added [x5MO] as watcher for u_5 [eqye]
	Asking u_5 [eqye]'s watchers to watch [8r7y]
	Added [x5MO] as watcher for u_1 [UY6G]
	✅ u_3 [yOCb] Inception Done
	✅ u_7 [5Cuo] Inception Done
	Added [x5MO] as watcher for u_0 [5v52]
	Asking u_0 [5v52]'s watchers to watch [8r7y]
	Added [jm4C] as watcher for u_1 [UY6G]
	Asking u_1 [UY6G]'s watchers to watch [8r7y]
	✅ u_2 [qrG-] Inception Done
	✅ u_5 [eqye] Inception Done
	✅ u_0 [5v52] Inception Done
	✅ u_1 [UY6G] Inception Done
Test 2 (signature verification)
	✅ u_1 [UY6G] Message verified
	✅ u_6 [dLSI] Message verified
	✅ u_0 [5v52] Message verified
	✅ u_5 [eqye] Message verified
	✅ u_9 [WEW-] Message verified
	✅ u_8 [Mzee] Message verified
	✅ u_7 [5Cuo] Message verified
	✅ u_3 [yOCb] Message verified
	✅ u_4 [Slth] Message verified
	✅ u_2 [qrG-] Message verified
Waiting for an incoming message - Test 3 (signature verification after rotation of issuer)
	✅ u_0 [5v52] Message Verified (2)
	✅ u_7 [5Cuo] Message Verified (2)
	✅ u_9 [WEW-] Message Verified (2)
	✅ u_8 [Mzee] Message Verified (2)
	✅ u_6 [dLSI] Message Verified (2)
	✅ u_2 [qrG-] Message Verified (2)
	✅ u_3 [yOCb] Message Verified (2)
	✅ u_5 [eqye] Message Verified (2)
	✅ u_4 [Slth] Message Verified (2)
	✅ u_1 [UY6G] Message Verified (2)
Waiting for an incoming message - Test 4 (valid acdc credential)
skipped--
Waiting for an incoming message - Test 5 (acdc revocation)
skipped--
Waiting for an incoming message - Test 6
u_1 [UY6G] Starts Rotation
u_6 [dLSI] Starts Rotation
u_0 [5v52] Starts Rotation
u_9 [WEW-] Starts Rotation
u_2 [qrG-] Starts Rotation
u_4 [Slth] Starts Rotation
u_7 [5Cuo] Starts Rotation
u_8 [Mzee] Starts Rotation
u_3 [yOCb] Starts Rotation
u_5 [eqye] Starts Rotation
u_3 [yOCb] Ends Rotation
u_3 [yOCb] - Completed Key Rotation
u_4 [Slth] Ends Rotation
u_4 [Slth] - Completed Key Rotation
u_8 [Mzee] Ends Rotation
u_8 [Mzee] - Completed Key Rotation
u_9 [WEW-] Ends Rotation
u_9 [WEW-] - Completed Key Rotation
u_6 [dLSI] Ends Rotation
u_6 [dLSI] - Completed Key Rotation
u_1 [UY6G] Ends Rotation
u_1 [UY6G] - Completed Key Rotation
u_7 [5Cuo] Ends Rotation
u_7 [5Cuo] - Completed Key Rotation
u_0 [5v52] Ends Rotation
u_0 [5v52] - Completed Key Rotation
u_5 [eqye] Ends Rotation
u_5 [eqye] - Completed Key Rotation
u_2 [qrG-] Ends Rotation
u_2 [qrG-] - Completed Key Rotation
Executed 10 users / 10 success / 0 fail
Test 1: 32423ms (3242 p.u.)
Test 2: 1ms (0 p.u.)
Test 3: 579ms (57 p.u.)
Test 4: 30215ms (3021 p.u.)
