Waiting for an incoming message - Test 1 (inception)
Error while deserializing http message: Error("EOF while parsing a value", line: 1, column: 0)
	Preparing Data...
	Data is ready, starting users and test1
Incepted: u_7 [UfGe]
	Added [bivQ] as watcher for u_7 [UfGe]
	Added [2D85] as watcher for u_7 [UfGe]
	Added [jm4C] as watcher for u_7 [UfGe]
	Asking u_7 [UfGe]'s watchers to watch [8r7y]
Incepted: u_9 [bc-9]
Incepted: u_3 [QCET]
Incepted: u_2 [cUh0]
	Added [x5MO] as watcher for u_9 [bc-9]
	Added [jm4C] as watcher for u_3 [QCET]
	Added [jm4C] as watcher for u_2 [cUh0]
	Added [2D85] as watcher for u_9 [bc-9]
	Added [bivQ] as watcher for u_3 [QCET]
	Added [bivQ] as watcher for u_2 [cUh0]
	Added [jm4C] as watcher for u_9 [bc-9]
	Asking u_9 [bc-9]'s watchers to watch [8r7y]
	Added [2D85] as watcher for u_3 [QCET]
	Asking u_3 [QCET]'s watchers to watch [8r7y]
	Added [x5MO] as watcher for u_2 [cUh0]
	Asking u_2 [cUh0]'s watchers to watch [8r7y]
Incepted: u_5 [GOTU]
	Added [jm4C] as watcher for u_5 [GOTU]
	Added [2D85] as watcher for u_5 [GOTU]
Incepted: u_6 [RHan]
	Added [x5MO] as watcher for u_5 [GOTU]
	Asking u_5 [GOTU]'s watchers to watch [8r7y]
Incepted: u_0 [PDR1]
	Added [bivQ] as watcher for u_6 [RHan]
	Added [bivQ] as watcher for u_0 [PDR1]
	Added [x5MO] as watcher for u_6 [RHan]
Incepted: u_1 [samH]
Incepted: u_8 [G3BP]
	Added [2D85] as watcher for u_6 [RHan]
	Asking u_6 [RHan]'s watchers to watch [8r7y]
	Added [x5MO] as watcher for u_0 [PDR1]
	Added [2D85] as watcher for u_8 [G3BP]
	Added [bivQ] as watcher for u_1 [samH]
	Added [2D85] as watcher for u_1 [samH]
	Added [jm4C] as watcher for u_0 [PDR1]
	Asking u_0 [PDR1]'s watchers to watch [8r7y]
	Added [bivQ] as watcher for u_8 [G3BP]
	Added [x5MO] as watcher for u_1 [samH]
	Asking u_1 [samH]'s watchers to watch [8r7y]
	Added [x5MO] as watcher for u_8 [G3BP]
	Asking u_8 [G3BP]'s watchers to watch [8r7y]
	✅ u_7 [UfGe] Inception Done
	✅ u_9 [bc-9] Inception Done
	✅ u_5 [GOTU] Inception Done
Incepted: u_4 [LjFv]
	✅ u_3 [QCET] Inception Done
	Added [x5MO] as watcher for u_4 [LjFv]
	Added [jm4C] as watcher for u_4 [LjFv]
	Added [2D85] as watcher for u_4 [LjFv]
	Asking u_4 [LjFv]'s watchers to watch [8r7y]
	✅ u_2 [cUh0] Inception Done
	✅ u_0 [PDR1] Inception Done
	✅ u_6 [RHan] Inception Done
	✅ u_8 [G3BP] Inception Done
	✅ u_1 [samH] Inception Done
	✅ u_4 [LjFv] Inception Done
Test 2 (signature verification)
	✅ u_4 [LjFv] Message verified
	✅ u_8 [G3BP] Message verified
	✅ u_1 [samH] Message verified
	✅ u_2 [cUh0] Message verified
	✅ u_5 [GOTU] Message verified
	✅ u_3 [QCET] Message verified
	✅ u_7 [UfGe] Message verified
	✅ u_0 [PDR1] Message verified
	✅ u_6 [RHan] Message verified
	✅ u_9 [bc-9] Message verified
Waiting for an incoming message - Test 3 (signature verification after rotation of issuer)
	✅ u_8 [G3BP] Message Verified (2)
	✅ u_3 [QCET] Message Verified (2)
	✅ u_7 [UfGe] Message Verified (2)
	✅ u_6 [RHan] Message Verified (2)
	✅ u_0 [PDR1] Message Verified (2)
	✅ u_4 [LjFv] Message Verified (2)
	✅ u_5 [GOTU] Message Verified (2)
	✅ u_2 [cUh0] Message Verified (2)
	✅ u_9 [bc-9] Message Verified (2)
	✅ u_1 [samH] Message Verified (2)
Waiting for an incoming message - Test 4 (valid acdc credential)
skipped--
Waiting for an incoming message - Test 5 (acdc revocation)
skipped--
Waiting for an incoming message - Test 6
u_1 [samH] Starts Rotation
u_7 [UfGe] Starts Rotation
u_2 [cUh0] Starts Rotation
u_3 [QCET] Starts Rotation
u_8 [G3BP] Starts Rotation
u_5 [GOTU] Starts Rotation
u_9 [bc-9] Starts Rotation
u_0 [PDR1] Starts Rotation
u_6 [RHan] Starts Rotation
u_4 [LjFv] Starts Rotation
u_2 [cUh0] Ends Rotation
u_2 [cUh0] - Completed Key Rotation
u_8 [G3BP] Ends Rotation
u_8 [G3BP] - Completed Key Rotation
u_3 [QCET] Ends Rotation
u_3 [QCET] - Completed Key Rotation
u_9 [bc-9] Ends Rotation
u_9 [bc-9] - Completed Key Rotation
u_4 [LjFv] Ends Rotation
u_4 [LjFv] - Completed Key Rotation
u_1 [samH] Ends Rotation
u_1 [samH] - Completed Key Rotation
u_7 [UfGe] Ends Rotation
u_7 [UfGe] - Completed Key Rotation
u_6 [RHan] Ends Rotation
u_6 [RHan] - Completed Key Rotation
u_5 [GOTU] Ends Rotation
u_5 [GOTU] - Completed Key Rotation
u_0 [PDR1] Ends Rotation
u_0 [PDR1] - Completed Key Rotation
Executed 10 users / 10 success / 0 fail
Test 1: 23287ms (2328 p.u.)
Test 2: 1ms (0 p.u.)
Test 3: 867ms (86 p.u.)
Test 4: 37868ms (3786 p.u.)
