Waiting for an incoming message - Test 1 (inception)
Error while deserializing http message: Error("EOF while parsing a value", line: 1, column: 0)
	Preparing Data...
	Data is ready, starting users and test1
Incepted: u_4 [qY09]
Incepted: u_6 [hfkW]
Incepted: u_0 [EpyF]
Incepted: u_9 [45Ef]
Incepted: u_3 [YBKZ]
	Added [jm4C] as watcher for u_4 [qY09]
	Added [jm4C] as watcher for u_9 [45Ef]
Incepted: u_1 [_o3r]
Incepted: u_7 [Lrpx]
Incepted: u_5 [gHbN]
	Added [x5MO] as watcher for u_6 [hfkW]
Incepted: u_2 [3jO7]
Incepted: u_8 [pRsw]
	Added [2D85] as watcher for u_0 [EpyF]
	Added [jm4C] as watcher for u_1 [_o3r]
	Added [jm4C] as watcher for u_3 [YBKZ]
	Added [x5MO] as watcher for u_9 [45Ef]
	Added [2D85] as watcher for u_4 [qY09]
	Added [2D85] as watcher for u_7 [Lrpx]
	Added [jm4C] as watcher for u_6 [hfkW]
	Added [x5MO] as watcher for u_1 [_o3r]
	Added [x5MO] as watcher for u_0 [EpyF]
	Added [bivQ] as watcher for u_5 [gHbN]
	Added [x5MO] as watcher for u_3 [YBKZ]
	Added [bivQ] as watcher for u_2 [3jO7]
	Added [bivQ] as watcher for u_8 [pRsw]
	Added [jm4C] as watcher for u_0 [EpyF]
	Asking u_0 [EpyF]'s watchers to watch [8r7y]
	Added [bivQ] as watcher for u_9 [45Ef]
	Asking u_9 [45Ef]'s watchers to watch [8r7y]
	Added [bivQ] as watcher for u_6 [hfkW]
	Asking u_6 [hfkW]'s watchers to watch [8r7y]
	Added [2D85] as watcher for u_1 [_o3r]
	Asking u_1 [_o3r]'s watchers to watch [8r7y]
	Added [2D85] as watcher for u_5 [gHbN]
	Added [bivQ] as watcher for u_4 [qY09]
	Asking u_4 [qY09]'s watchers to watch [8r7y]
	Added [jm4C] as watcher for u_8 [pRsw]
	Added [bivQ] as watcher for u_7 [Lrpx]
	Added [x5MO] as watcher for u_2 [3jO7]
	Added [bivQ] as watcher for u_3 [YBKZ]
	Asking u_3 [YBKZ]'s watchers to watch [8r7y]
	Added [x5MO] as watcher for u_7 [Lrpx]
	Asking u_7 [Lrpx]'s watchers to watch [8r7y]
	Added [x5MO] as watcher for u_8 [pRsw]
	Asking u_8 [pRsw]'s watchers to watch [8r7y]
	Added [x5MO] as watcher for u_5 [gHbN]
	Asking u_5 [gHbN]'s watchers to watch [8r7y]
	Added [2D85] as watcher for u_2 [3jO7]
	Asking u_2 [3jO7]'s watchers to watch [8r7y]
	✅ u_0 [EpyF] Inception Done
	✅ u_3 [YBKZ] Inception Done
	✅ u_1 [_o3r] Inception Done
	✅ u_9 [45Ef] Inception Done
	✅ u_6 [hfkW] Inception Done
	✅ u_4 [qY09] Inception Done
	✅ u_7 [Lrpx] Inception Done
	✅ u_2 [3jO7] Inception Done
	✅ u_8 [pRsw] Inception Done
	✅ u_5 [gHbN] Inception Done
Test 2 (signature verification)
	✅ u_5 [gHbN] Message verified
	✅ u_9 [45Ef] Message verified
	✅ u_8 [pRsw] Message verified
	✅ u_0 [EpyF] Message verified
	✅ u_6 [hfkW] Message verified
	✅ u_4 [qY09] Message verified
	✅ u_3 [YBKZ] Message verified
	✅ u_1 [_o3r] Message verified
	✅ u_2 [3jO7] Message verified
	✅ u_7 [Lrpx] Message verified
Waiting for an incoming message - Test 3 (signature verification after rotation of issuer)
	✅ u_0 [EpyF] Message Verified (2)
	✅ u_4 [qY09] Message Verified (2)
	✅ u_5 [gHbN] Message Verified (2)
	✅ u_7 [Lrpx] Message Verified (2)
	✅ u_2 [3jO7] Message Verified (2)
	✅ u_6 [hfkW] Message Verified (2)
	✅ u_1 [_o3r] Message Verified (2)
	✅ u_9 [45Ef] Message Verified (2)
	✅ u_3 [YBKZ] Message Verified (2)
	✅ u_8 [pRsw] Message Verified (2)
Waiting for an incoming message - Test 4 (valid acdc credential)
skipped--
Waiting for an incoming message - Test 5 (acdc revocation)
skipped--
Waiting for an incoming message - Test 6
u_1 [_o3r] Starts Rotation
u_2 [3jO7] Starts Rotation
u_5 [gHbN] Starts Rotation
u_7 [Lrpx] Starts Rotation
u_6 [hfkW] Starts Rotation
u_8 [pRsw] Starts Rotation
u_3 [YBKZ] Starts Rotation
u_0 [EpyF] Starts Rotation
u_9 [45Ef] Starts Rotation
u_4 [qY09] Starts Rotation
u_5 [gHbN] Ends Rotation
u_5 [gHbN] - Completed Key Rotation
u_9 [45Ef] Ends Rotation
u_9 [45Ef] - Completed Key Rotation
u_4 [qY09] Ends Rotation
u_4 [qY09] - Completed Key Rotation
u_6 [hfkW] Ends Rotation
u_6 [hfkW] - Completed Key Rotation
u_0 [EpyF] Ends Rotation
u_0 [EpyF] - Completed Key Rotation
u_1 [_o3r] Ends Rotation
u_1 [_o3r] - Completed Key Rotation
u_8 [pRsw] Ends Rotation
u_8 [pRsw] - Completed Key Rotation
u_3 [YBKZ] Ends Rotation
u_3 [YBKZ] - Completed Key Rotation
u_7 [Lrpx] Ends Rotation
u_7 [Lrpx] - Completed Key Rotation
u_2 [3jO7] Ends Rotation
u_2 [3jO7] - Completed Key Rotation
Executed 10 users / 10 success / 0 fail
Test 1: 6347ms (634 p.u.)
Test 2: 2ms (0 p.u.)
Test 3: 642ms (64 p.u.)
Test 4: 38357ms (3835 p.u.)
