Waiting for an incoming message - Test 1 (inception)
Error while deserializing http message: Error("EOF while parsing a value", line: 1, column: 0)
	Preparing Data...
	Data is ready, starting users and test1
Incepted: u_7 [QU9A]
Incepted: u_0 [um0E]
Incepted: u_4 [G07o]
Incepted: u_8 [unVK]
Incepted: u_1 [UgcK]
Incepted: u_9 [5ALL]
Incepted: u_3 [uTyU]
Incepted: u_2 [VZVi]
	Added [x5MO] as watcher for u_7 [QU9A]
Incepted: u_6 [0d8I]
	Added [2D85] as watcher for u_0 [um0E]
Incepted: u_5 [BSQ2]
	Added [2D85] as watcher for u_1 [UgcK]
	Added [x5MO] as watcher for u_8 [unVK]
	Added [2D85] as watcher for u_9 [5ALL]
	Added [bivQ] as watcher for u_4 [G07o]
	Added [bivQ] as watcher for u_3 [uTyU]
	Added [x5MO] as watcher for u_6 [0d8I]
	Added [jm4C] as watcher for u_5 [BSQ2]
	Added [bivQ] as watcher for u_2 [VZVi]
	Added [bivQ] as watcher for u_0 [um0E]
	Added [2D85] as watcher for u_8 [unVK]
	Added [bivQ] as watcher for u_7 [QU9A]
	Added [bivQ] as watcher for u_9 [5ALL]
	Added [x5MO] as watcher for u_4 [G07o]
	Added [jm4C] as watcher for u_1 [UgcK]
	Added [x5MO] as watcher for u_3 [uTyU]
	Added [2D85] as watcher for u_2 [VZVi]
	Added [jm4C] as watcher for u_6 [0d8I]
	Added [x5MO] as watcher for u_0 [um0E]
	Asking u_0 [um0E]'s watchers to watch [8r7y]
	Added [2D85] as watcher for u_7 [QU9A]
	Asking u_7 [QU9A]'s watchers to watch [8r7y]
	Added [jm4C] as watcher for u_8 [unVK]
	Added [bivQ] as watcher for u_5 [BSQ2]
	Asking u_8 [unVK]'s watchers to watch [8r7y]
	Added [2D85] as watcher for u_4 [G07o]
	Asking u_4 [G07o]'s watchers to watch [8r7y]
	Added [jm4C] as watcher for u_9 [5ALL]
	Asking u_9 [5ALL]'s watchers to watch [8r7y]
	Added [bivQ] as watcher for u_1 [UgcK]
	Asking u_1 [UgcK]'s watchers to watch [8r7y]
	Added [jm4C] as watcher for u_3 [uTyU]
	Asking u_3 [uTyU]'s watchers to watch [8r7y]
	Added [jm4C] as watcher for u_2 [VZVi]
	Asking u_2 [VZVi]'s watchers to watch [8r7y]
	Added [x5MO] as watcher for u_5 [BSQ2]
	Asking u_5 [BSQ2]'s watchers to watch [8r7y]
	Added [bivQ] as watcher for u_6 [0d8I]
	Asking u_6 [0d8I]'s watchers to watch [8r7y]
	✅ u_8 [unVK] Inception Done
	✅ u_0 [um0E] Inception Done
	✅ u_5 [BSQ2] Inception Done
	✅ u_4 [G07o] Inception Done
	✅ u_2 [VZVi] Inception Done
	✅ u_9 [5ALL] Inception Done
	✅ u_7 [QU9A] Inception Done
	✅ u_3 [uTyU] Inception Done
	✅ u_6 [0d8I] Inception Done
	✅ u_1 [UgcK] Inception Done
Test 2 (signature verification)
	✅ u_7 [QU9A] Message verified
	✅ u_1 [UgcK] Message verified
	✅ u_5 [BSQ2] Message verified
	✅ u_8 [unVK] Message verified
	✅ u_3 [uTyU] Message verified
	✅ u_2 [VZVi] Message verified
	✅ u_0 [um0E] Message verified
	✅ u_4 [G07o] Message verified
	✅ u_9 [5ALL] Message verified
	✅ u_6 [0d8I] Message verified
Waiting for an incoming message - Test 3 (signature verification after rotation of issuer)
	✅ u_4 [G07o] Message Verified (2)
	✅ u_2 [VZVi] Message Verified (2)
	✅ u_1 [UgcK] Message Verified (2)
	✅ u_3 [uTyU] Message Verified (2)
	✅ u_8 [unVK] Message Verified (2)
	✅ u_0 [um0E] Message Verified (2)
	✅ u_7 [QU9A] Message Verified (2)
	✅ u_5 [BSQ2] Message Verified (2)
	✅ u_9 [5ALL] Message Verified (2)
	✅ u_6 [0d8I] Message Verified (2)
Waiting for an incoming message - Test 4 (valid acdc credential)
skipped--
Waiting for an incoming message - Test 5 (acdc revocation)
skipped--
Waiting for an incoming message - Test 6
u_6 [0d8I] Starts Rotation
u_7 [QU9A] Starts Rotation
u_9 [5ALL] Starts Rotation
u_0 [um0E] Starts Rotation
u_5 [BSQ2] Starts Rotation
u_8 [unVK] Starts Rotation
u_2 [VZVi] Starts Rotation
u_4 [G07o] Starts Rotation
u_1 [UgcK] Starts Rotation
u_3 [uTyU] Starts Rotation
u_7 [QU9A] Ends Rotation
u_7 [QU9A] - Completed Key Rotation
u_8 [unVK] Ends Rotation
u_8 [unVK] - Completed Key Rotation
u_2 [VZVi] Ends Rotation
u_2 [VZVi] - Completed Key Rotation
u_1 [UgcK] Ends Rotation
u_1 [UgcK] - Completed Key Rotation
u_6 [0d8I] Ends Rotation
u_6 [0d8I] - Completed Key Rotation
u_3 [uTyU] Ends Rotation
u_3 [uTyU] - Completed Key Rotation
u_5 [BSQ2] Ends Rotation
u_5 [BSQ2] - Completed Key Rotation
u_4 [G07o] Ends Rotation
u_4 [G07o] - Completed Key Rotation
u_0 [um0E] Ends Rotation
u_0 [um0E] - Completed Key Rotation
u_9 [5ALL] Ends Rotation
u_9 [5ALL] - Completed Key Rotation
Executed 10 users / 10 success / 0 fail
Test 1: 6758ms (675 p.u.)
Test 2: 1ms (0 p.u.)
Test 3: 649ms (64 p.u.)
Test 4: 37306ms (3730 p.u.)
