Waiting for an incoming message - Test 1 (inception)
Error while deserializing http message: Error("EOF while parsing a value", line: 1, column: 0)
	Preparing Data...
	Data is ready, starting users and test1
Incepted: u_0 [gBNt]
Incepted: u_4 [wD9q]
Incepted: u_1 [XzY-]
Incepted: u_7 [nOgT]
Incepted: u_8 [iPou]
Incepted: u_6 [6k8L]
Incepted: u_5 [BjAI]
Incepted: u_2 [RTOE]
	Added [2D85] as watcher for u_0 [gBNt]
Incepted: u_3 [FC0q]
Incepted: u_9 [aKGw]
	Added [2D85] as watcher for u_1 [XzY-]
	Added [2D85] as watcher for u_8 [iPou]
	Added [x5MO] as watcher for u_7 [nOgT]
	Added [bivQ] as watcher for u_4 [wD9q]
	Added [2D85] as watcher for u_5 [BjAI]
	Added [jm4C] as watcher for u_6 [6k8L]
	Added [x5MO] as watcher for u_1 [XzY-]
	Added [bivQ] as watcher for u_3 [FC0q]
	Added [bivQ] as watcher for u_2 [RTOE]
	Added [jm4C] as watcher for u_0 [gBNt]
	Added [2D85] as watcher for u_7 [nOgT]
	Added [jm4C] as watcher for u_8 [iPou]
	Added [bivQ] as watcher for u_9 [aKGw]
	Added [jm4C] as watcher for u_4 [wD9q]
	Added [bivQ] as watcher for u_5 [BjAI]
	Added [jm4C] as watcher for u_3 [FC0q]
	Added [bivQ] as watcher for u_6 [6k8L]
	Added [bivQ] as watcher for u_1 [XzY-]
	Asking u_1 [XzY-]'s watchers to watch [8r7y]
	Added [x5MO] as watcher for u_0 [gBNt]
	Asking u_0 [gBNt]'s watchers to watch [8r7y]
	Added [jm4C] as watcher for u_2 [RTOE]
	Added [jm4C] as watcher for u_9 [aKGw]
	Added [x5MO] as watcher for u_5 [BjAI]
	Asking u_5 [BjAI]'s watchers to watch [8r7y]
	Added [jm4C] as watcher for u_7 [nOgT]
	Asking u_7 [nOgT]'s watchers to watch [8r7y]
	Added [bivQ] as watcher for u_8 [iPou]
	Asking u_8 [iPou]'s watchers to watch [8r7y]
	Added [x5MO] as watcher for u_4 [wD9q]
	Asking u_4 [wD9q]'s watchers to watch [8r7y]
	Added [x5MO] as watcher for u_3 [FC0q]
	Asking u_3 [FC0q]'s watchers to watch [8r7y]
	Added [x5MO] as watcher for u_6 [6k8L]
	Asking u_6 [6k8L]'s watchers to watch [8r7y]
	Added [x5MO] as watcher for u_2 [RTOE]
	Asking u_2 [RTOE]'s watchers to watch [8r7y]
	Added [x5MO] as watcher for u_9 [aKGw]
	Asking u_9 [aKGw]'s watchers to watch [8r7y]
	✅ u_1 [XzY-] Inception Done
	✅ u_0 [gBNt] Inception Done
	✅ u_7 [nOgT] Inception Done
	✅ u_8 [iPou] Inception Done
	✅ u_5 [BjAI] Inception Done
	✅ u_6 [6k8L] Inception Done
	✅ u_9 [aKGw] Inception Done
	✅ u_4 [wD9q] Inception Done
	✅ u_3 [FC0q] Inception Done
	✅ u_2 [RTOE] Inception Done
Test 2 (signature verification)
	✅ u_2 [RTOE] Message verified
	✅ u_5 [BjAI] Message verified
	✅ u_1 [XzY-] Message verified
	✅ u_0 [gBNt] Message verified
	✅ u_6 [6k8L] Message verified
	✅ u_9 [aKGw] Message verified
	✅ u_4 [wD9q] Message verified
	✅ u_8 [iPou] Message verified
	✅ u_3 [FC0q] Message verified
	✅ u_7 [nOgT] Message verified
Waiting for an incoming message - Test 3 (signature verification after rotation of issuer)
	✅ u_7 [nOgT] Message Verified (2)
	✅ u_0 [gBNt] Message Verified (2)
	✅ u_4 [wD9q] Message Verified (2)
	✅ u_1 [XzY-] Message Verified (2)
	✅ u_9 [aKGw] Message Verified (2)
	✅ u_6 [6k8L] Message Verified (2)
	✅ u_8 [iPou] Message Verified (2)
	✅ u_2 [RTOE] Message Verified (2)
	✅ u_3 [FC0q] Message Verified (2)
	✅ u_5 [BjAI] Message Verified (2)
Waiting for an incoming message - Test 4 (valid acdc credential)
skipped--
Waiting for an incoming message - Test 5 (acdc revocation)
skipped--
Waiting for an incoming message - Test 6
u_8 [iPou] Starts Rotation
u_9 [aKGw] Starts Rotation
u_5 [BjAI] Starts Rotation
u_7 [nOgT] Starts Rotation
u_1 [XzY-] Starts Rotation
u_2 [RTOE] Starts Rotation
u_3 [FC0q] Starts Rotation
u_0 [gBNt] Starts Rotation
u_4 [wD9q] Starts Rotation
u_6 [6k8L] Starts Rotation
u_7 [nOgT] Ends Rotation
u_7 [nOgT] - Completed Key Rotation
u_9 [aKGw] Ends Rotation
u_9 [aKGw] - Completed Key Rotation
u_3 [FC0q] Ends Rotation
u_3 [FC0q] - Completed Key Rotation
u_2 [RTOE] Ends Rotation
u_2 [RTOE] - Completed Key Rotation
u_0 [gBNt] Ends Rotation
u_0 [gBNt] - Completed Key Rotation
u_6 [6k8L] Ends Rotation
u_6 [6k8L] - Completed Key Rotation
u_5 [BjAI] Ends Rotation
u_5 [BjAI] - Completed Key Rotation
u_8 [iPou] Ends Rotation
u_8 [iPou] - Completed Key Rotation
u_1 [XzY-] Ends Rotation
u_1 [XzY-] - Completed Key Rotation
u_4 [wD9q] Ends Rotation
u_4 [wD9q] - Completed Key Rotation
Executed 10 users / 10 success / 0 fail
Test 1: 8988ms (898 p.u.)
Test 2: 1ms (0 p.u.)
Test 3: 763ms (76 p.u.)
Test 4: 38656ms (3865 p.u.)
