Waiting for an incoming message - Test 1 (inception)
Error while deserializing http message: Error("EOF while parsing a value", line: 1, column: 0)
	Preparing Data...
	Data is ready, starting users and test1
Incepted: u_7 [E8ud]
Incepted: u_0 [oJct]
Incepted: u_4 [ed0W]
Incepted: u_9 [pFW9]
Incepted: u_2 [dv_T]
Incepted: u_1 [mcs5]
Incepted: u_6 [NEA_]
Incepted: u_3 [MqlY]
Incepted: u_8 [YAvV]
	Added [bivQ] as watcher for u_8 [YAvV]
Incepted: u_5 [i0Pb]
	Added [jm4C] as watcher for u_0 [oJct]
	Added [2D85] as watcher for u_2 [dv_T]
	Added [2D85] as watcher for u_6 [NEA_]
	Added [2D85] as watcher for u_4 [ed0W]
	Added [jm4C] as watcher for u_7 [E8ud]
	Added [x5MO] as watcher for u_9 [pFW9]
	Added [2D85] as watcher for u_1 [mcs5]
	Added [2D85] as watcher for u_3 [MqlY]
	Added [2D85] as watcher for u_8 [YAvV]
	Added [x5MO] as watcher for u_5 [i0Pb]
	Added [bivQ] as watcher for u_6 [NEA_]
	Added [bivQ] as watcher for u_4 [ed0W]
	Added [bivQ] as watcher for u_9 [pFW9]
	Added [2D85] as watcher for u_0 [oJct]
	Added [x5MO] as watcher for u_2 [dv_T]
	Added [x5MO] as watcher for u_1 [mcs5]
	Added [2D85] as watcher for u_7 [E8ud]
	Added [x5MO] as watcher for u_3 [MqlY]
	Added [bivQ] as watcher for u_2 [dv_T]
	Asking u_2 [dv_T]'s watchers to watch [8r7y]
	Added [bivQ] as watcher for u_7 [E8ud]
	Asking u_7 [E8ud]'s watchers to watch [8r7y]
	Added [2D85] as watcher for u_5 [i0Pb]
	Added [jm4C] as watcher for u_8 [YAvV]
	Asking u_8 [YAvV]'s watchers to watch [8r7y]
	Added [x5MO] as watcher for u_6 [NEA_]
	Added [x5MO] as watcher for u_0 [oJct]
	Asking u_6 [NEA_]'s watchers to watch [8r7y]
	Asking u_0 [oJct]'s watchers to watch [8r7y]
	Added [jm4C] as watcher for u_4 [ed0W]
	Asking u_4 [ed0W]'s watchers to watch [8r7y]
	Added [jm4C] as watcher for u_9 [pFW9]
	Asking u_9 [pFW9]'s watchers to watch [8r7y]
	Added [bivQ] as watcher for u_5 [i0Pb]
	Asking u_5 [i0Pb]'s watchers to watch [8r7y]
	Added [jm4C] as watcher for u_1 [mcs5]
	Asking u_1 [mcs5]'s watchers to watch [8r7y]
	Added [jm4C] as watcher for u_3 [MqlY]
	Asking u_3 [MqlY]'s watchers to watch [8r7y]
	✅ u_2 [dv_T] Inception Done
	✅ u_6 [NEA_] Inception Done
	✅ u_7 [E8ud] Inception Done
	✅ u_0 [oJct] Inception Done
	✅ u_5 [i0Pb] Inception Done
	✅ u_8 [YAvV] Inception Done
	✅ u_9 [pFW9] Inception Done
	✅ u_4 [ed0W] Inception Done
	✅ u_3 [MqlY] Inception Done
	✅ u_1 [mcs5] Inception Done
Test 2 (signature verification)
	✅ u_1 [mcs5] Message verified
	✅ u_0 [oJct] Message verified
	✅ u_8 [YAvV] Message verified
	✅ u_7 [E8ud] Message verified
	✅ u_9 [pFW9] Message verified
	✅ u_6 [NEA_] Message verified
	✅ u_4 [ed0W] Message verified
	✅ u_5 [i0Pb] Message verified
	✅ u_3 [MqlY] Message verified
	✅ u_2 [dv_T] Message verified
Waiting for an incoming message - Test 3 (signature verification after rotation of issuer)
	✅ u_7 [E8ud] Message Verified (2)
	✅ u_5 [i0Pb] Message Verified (2)
	✅ u_6 [NEA_] Message Verified (2)
	✅ u_8 [YAvV] Message Verified (2)
	✅ u_2 [dv_T] Message Verified (2)
	✅ u_3 [MqlY] Message Verified (2)
	✅ u_0 [oJct] Message Verified (2)
	✅ u_1 [mcs5] Message Verified (2)
	✅ u_9 [pFW9] Message Verified (2)
	✅ u_4 [ed0W] Message Verified (2)
Waiting for an incoming message - Test 4 (valid acdc credential)
skipped--
Waiting for an incoming message - Test 5 (acdc revocation)
skipped--
Waiting for an incoming message - Test 6
u_4 [ed0W] Starts Rotation
u_3 [MqlY] Starts Rotation
u_2 [dv_T] Starts Rotation
u_9 [pFW9] Starts Rotation
u_8 [YAvV] Starts Rotation
u_0 [oJct] Starts Rotation
u_1 [mcs5] Starts Rotation
u_7 [E8ud] Starts Rotation
u_6 [NEA_] Starts Rotation
u_5 [i0Pb] Starts Rotation
u_9 [pFW9] Ends Rotation
u_9 [pFW9] - Completed Key Rotation
u_0 [oJct] Ends Rotation
u_0 [oJct] - Completed Key Rotation
u_5 [i0Pb] Ends Rotation
u_5 [i0Pb] - Completed Key Rotation
u_4 [ed0W] Ends Rotation
u_4 [ed0W] - Completed Key Rotation
u_7 [E8ud] Ends Rotation
u_7 [E8ud] - Completed Key Rotation
u_8 [YAvV] Ends Rotation
u_8 [YAvV] - Completed Key Rotation
u_6 [NEA_] Ends Rotation
u_6 [NEA_] - Completed Key Rotation
u_2 [dv_T] Ends Rotation
u_2 [dv_T] - Completed Key Rotation
u_1 [mcs5] Ends Rotation
u_1 [mcs5] - Completed Key Rotation
u_3 [MqlY] Ends Rotation
u_3 [MqlY] - Completed Key Rotation
Executed 10 users / 10 success / 0 fail
Test 1: 4779ms (477 p.u.)
Test 2: 1ms (0 p.u.)
Test 3: 543ms (54 p.u.)
Test 4: 3076ms (307 p.u.)
