Waiting for an incoming message - Test 1 (inception)
Error while deserializing http message: Error("EOF while parsing a value", line: 1, column: 0)
	Preparing Data...
	Data is ready, starting users and test1
Incepted: u_5 [K8pG]
Incepted: u_0 [dT7T]
	Added [bivQ] as watcher for u_5 [K8pG]
	Added [x5MO] as watcher for u_5 [K8pG]
	Added [jm4C] as watcher for u_0 [dT7T]
	Added [2D85] as watcher for u_5 [K8pG]
	Asking u_5 [K8pG]'s watchers to watch [8r7y]
	Added [x5MO] as watcher for u_0 [dT7T]
	Added [bivQ] as watcher for u_0 [dT7T]
	Asking u_0 [dT7T]'s watchers to watch [8r7y]
Incepted: u_3 [Wc85]
Incepted: u_1 [OuKs]
	Added [2D85] as watcher for u_1 [OuKs]
Incepted: u_2 [psYk]
	Added [bivQ] as watcher for u_3 [Wc85]
	Added [jm4C] as watcher for u_2 [psYk]
	Added [jm4C] as watcher for u_1 [OuKs]
	Added [jm4C] as watcher for u_3 [Wc85]
Incepted: u_9 [3gyL]
Incepted: u_6 [2tEX]
	Added [x5MO] as watcher for u_2 [psYk]
	Added [x5MO] as watcher for u_3 [Wc85]
	Asking u_3 [Wc85]'s watchers to watch [8r7y]
	Added [bivQ] as watcher for u_1 [OuKs]
	Asking u_1 [OuKs]'s watchers to watch [8r7y]
	Added [bivQ] as watcher for u_9 [3gyL]
	Added [bivQ] as watcher for u_6 [2tEX]
	Added [bivQ] as watcher for u_2 [psYk]
	Asking u_2 [psYk]'s watchers to watch [8r7y]
Incepted: u_7 [Vuzh]
	Added [2D85] as watcher for u_9 [3gyL]
Incepted: u_4 [uXNp]
	Added [jm4C] as watcher for u_6 [2tEX]
	Added [x5MO] as watcher for u_7 [Vuzh]
	Added [x5MO] as watcher for u_9 [3gyL]
	Asking u_9 [3gyL]'s watchers to watch [8r7y]
	Added [jm4C] as watcher for u_4 [uXNp]
	Added [2D85] as watcher for u_6 [2tEX]
	Asking u_6 [2tEX]'s watchers to watch [8r7y]
	Added [2D85] as watcher for u_7 [Vuzh]
	Added [x5MO] as watcher for u_4 [uXNp]
Incepted: u_8 [gXb2]
	Added [bivQ] as watcher for u_7 [Vuzh]
	Asking u_7 [Vuzh]'s watchers to watch [8r7y]
	Added [bivQ] as watcher for u_4 [uXNp]
	Asking u_4 [uXNp]'s watchers to watch [8r7y]
	Added [jm4C] as watcher for u_8 [gXb2]
	Added [2D85] as watcher for u_8 [gXb2]
	Added [bivQ] as watcher for u_8 [gXb2]
	Asking u_8 [gXb2]'s watchers to watch [8r7y]
	✅ u_5 [K8pG] Inception Done
	✅ u_6 [2tEX] Inception Done
	✅ u_2 [psYk] Inception Done
	✅ u_3 [Wc85] Inception Done
	✅ u_0 [dT7T] Inception Done
	✅ u_7 [Vuzh] Inception Done
	✅ u_8 [gXb2] Inception Done
	✅ u_9 [3gyL] Inception Done
	✅ u_4 [uXNp] Inception Done
	✅ u_1 [OuKs] Inception Done
Test 2 (signature verification)
	✅ u_1 [OuKs] Message verified
	✅ u_3 [Wc85] Message verified
	✅ u_5 [K8pG] Message verified
	✅ u_6 [2tEX] Message verified
	✅ u_8 [gXb2] Message verified
	✅ u_2 [psYk] Message verified
	✅ u_9 [3gyL] Message verified
	✅ u_7 [Vuzh] Message verified
	✅ u_0 [dT7T] Message verified
	✅ u_4 [uXNp] Message verified
Waiting for an incoming message - Test 3 (signature verification after rotation of issuer)
	✅ u_5 [K8pG] Message Verified (2)
	✅ u_3 [Wc85] Message Verified (2)
	✅ u_4 [uXNp] Message Verified (2)
	✅ u_8 [gXb2] Message Verified (2)
	✅ u_6 [2tEX] Message Verified (2)
	✅ u_2 [psYk] Message Verified (2)
	✅ u_7 [Vuzh] Message Verified (2)
	✅ u_1 [OuKs] Message Verified (2)
	✅ u_0 [dT7T] Message Verified (2)
	✅ u_9 [3gyL] Message Verified (2)
Waiting for an incoming message - Test 4 (valid acdc credential)
skipped--
Waiting for an incoming message - Test 5 (acdc revocation)
skipped--
Waiting for an incoming message - Test 6
u_4 [uXNp] Starts Rotation
u_6 [2tEX] Starts Rotation
u_7 [Vuzh] Starts Rotation
u_3 [Wc85] Starts Rotation
u_1 [OuKs] Starts Rotation
u_0 [dT7T] Starts Rotation
u_8 [gXb2] Starts Rotation
u_9 [3gyL] Starts Rotation
u_5 [K8pG] Starts Rotation
u_2 [psYk] Starts Rotation
u_6 [2tEX] Ends Rotation
u_6 [2tEX] - Completed Key Rotation
u_5 [K8pG] Ends Rotation
u_5 [K8pG] - Completed Key Rotation
u_2 [psYk] Ends Rotation
u_2 [psYk] - Completed Key Rotation
u_0 [dT7T] Ends Rotation
u_0 [dT7T] - Completed Key Rotation
u_8 [gXb2] Ends Rotation
u_8 [gXb2] - Completed Key Rotation
u_9 [3gyL] Ends Rotation
u_9 [3gyL] - Completed Key Rotation
u_3 [Wc85] Ends Rotation
u_3 [Wc85] - Completed Key Rotation
u_7 [Vuzh] Ends Rotation
u_7 [Vuzh] - Completed Key Rotation
u_1 [OuKs] Ends Rotation
u_1 [OuKs] - Completed Key Rotation
u_4 [uXNp] Ends Rotation
u_4 [uXNp] - Completed Key Rotation
Executed 10 users / 10 success / 0 fail
Test 1: 18996ms (1899 p.u.)
Test 2: 1ms (0 p.u.)
Test 3: 785ms (78 p.u.)
Test 4: 39695ms (3969 p.u.)
