Waiting for an incoming message - Test 1 (inception)
Error while deserializing http message: Error("EOF while parsing a value", line: 1, column: 0)
	Preparing Data...
	Data is ready, starting users and test1
Incepted: u_4 [GWuz]
Incepted: u_5 [dLXv]
	Added [jm4C] as watcher for u_4 [GWuz]
	Added [jm4C] as watcher for u_5 [dLXv]
Incepted: u_8 [ShQN]
Incepted: u_0 [yHvQ]
Incepted: u_2 [9jXn]
Incepted: u_3 [q5iM]
Incepted: u_6 [qVcA]
Incepted: u_9 [na5I]
Incepted: u_7 [MoQo]
Incepted: u_1 [AXP4]
	Added [2D85] as watcher for u_5 [dLXv]
	Added [2D85] as watcher for u_4 [GWuz]
	Added [2D85] as watcher for u_3 [q5iM]
	Added [jm4C] as watcher for u_2 [9jXn]
	Added [x5MO] as watcher for u_0 [yHvQ]
	Added [bivQ] as watcher for u_8 [ShQN]
	Added [bivQ] as watcher for u_6 [qVcA]
	Added [2D85] as watcher for u_7 [MoQo]
	Added [x5MO] as watcher for u_9 [na5I]
	Added [bivQ] as watcher for u_4 [GWuz]
	Asking u_4 [GWuz]'s watchers to watch [8r7y]
	Added [x5MO] as watcher for u_1 [AXP4]
	Added [x5MO] as watcher for u_5 [dLXv]
	Asking u_5 [dLXv]'s watchers to watch [8r7y]
	Added [bivQ] as watcher for u_2 [9jXn]
	Added [jm4C] as watcher for u_0 [yHvQ]
	Added [jm4C] as watcher for u_7 [MoQo]
	Added [jm4C] as watcher for u_8 [ShQN]
	Added [x5MO] as watcher for u_3 [q5iM]
	Added [jm4C] as watcher for u_6 [qVcA]
	Added [2D85] as watcher for u_2 [9jXn]
	Asking u_2 [9jXn]'s watchers to watch [8r7y]
	Added [jm4C] as watcher for u_9 [na5I]
	Added [bivQ] as watcher for u_1 [AXP4]
	✅ u_4 [GWuz] Inception Done
	✅ u_5 [dLXv] Inception Done
	Added [2D85] as watcher for u_0 [yHvQ]
	Asking u_0 [yHvQ]'s watchers to watch [8r7y]
	Added [2D85] as watcher for u_8 [ShQN]
	Asking u_8 [ShQN]'s watchers to watch [8r7y]
	Added [jm4C] as watcher for u_1 [AXP4]
	Asking u_1 [AXP4]'s watchers to watch [8r7y]
	Added [jm4C] as watcher for u_3 [q5iM]
	Asking u_3 [q5iM]'s watchers to watch [8r7y]
	✅ u_2 [9jXn] Inception Done
	Added [2D85] as watcher for u_9 [na5I]
	Asking u_9 [na5I]'s watchers to watch [8r7y]
	✅ u_8 [ShQN] Inception Done
	Added [bivQ] as watcher for u_7 [MoQo]
	Asking u_7 [MoQo]'s watchers to watch [8r7y]
	✅ u_3 [q5iM] Inception Done
	✅ u_1 [AXP4] Inception Done
	✅ u_0 [yHvQ] Inception Done
	✅ u_7 [MoQo] Inception Done
	Added [x5MO] as watcher for u_6 [qVcA]
	Asking u_6 [qVcA]'s watchers to watch [8r7y]
	✅ u_9 [na5I] Inception Done
	✅ u_6 [qVcA] Inception Done
Test 2 (signature verification)
	✅ u_6 [qVcA] Message verified
	✅ u_5 [dLXv] Message verified
	✅ u_7 [MoQo] Message verified
	✅ u_4 [GWuz] Message verified
	✅ u_1 [AXP4] Message verified
	✅ u_3 [q5iM] Message verified
	✅ u_0 [yHvQ] Message verified
	✅ u_8 [ShQN] Message verified
	✅ u_9 [na5I] Message verified
	✅ u_2 [9jXn] Message verified
Waiting for an incoming message - Test 3 (signature verification after rotation of issuer)
	✅ u_3 [q5iM] Message Verified (2)
	✅ u_5 [dLXv] Message Verified (2)
	✅ u_8 [ShQN] Message Verified (2)
	✅ u_9 [na5I] Message Verified (2)
	✅ u_1 [AXP4] Message Verified (2)
	✅ u_4 [GWuz] Message Verified (2)
	✅ u_2 [9jXn] Message Verified (2)
	✅ u_6 [qVcA] Message Verified (2)
	✅ u_0 [yHvQ] Message Verified (2)
	✅ u_7 [MoQo] Message Verified (2)
Waiting for an incoming message - Test 4 (valid acdc credential)
skipped--
Waiting for an incoming message - Test 5 (acdc revocation)
skipped--
Waiting for an incoming message - Test 6
u_9 [na5I] Starts Rotation
u_7 [MoQo] Starts Rotation
u_4 [GWuz] Starts Rotation
u_5 [dLXv] Starts Rotation
u_6 [qVcA] Starts Rotation
u_8 [ShQN] Starts Rotation
u_3 [q5iM] Starts Rotation
u_0 [yHvQ] Starts Rotation
u_1 [AXP4] Starts Rotation
u_2 [9jXn] Starts Rotation
u_8 [ShQN] Ends Rotation
u_8 [ShQN] - Completed Key Rotation
u_5 [dLXv] Ends Rotation
u_5 [dLXv] - Completed Key Rotation
u_4 [GWuz] Ends Rotation
u_4 [GWuz] - Completed Key Rotation
u_6 [qVcA] Ends Rotation
u_6 [qVcA] - Completed Key Rotation
u_0 [yHvQ] Ends Rotation
u_0 [yHvQ] - Completed Key Rotation
u_2 [9jXn] Ends Rotation
u_2 [9jXn] - Completed Key Rotation
u_7 [MoQo] Ends Rotation
u_7 [MoQo] - Completed Key Rotation
u_1 [AXP4] Ends Rotation
u_1 [AXP4] - Completed Key Rotation
u_3 [q5iM] Ends Rotation
u_3 [q5iM] - Completed Key Rotation
u_9 [na5I] Ends Rotation
u_9 [na5I] - Completed Key Rotation
Executed 10 users / 10 success / 0 fail
Test 1: 28982ms (2898 p.u.)
Test 2: 1ms (0 p.u.)
Test 3: 588ms (58 p.u.)
Test 4: 27742ms (2774 p.u.)
