Waiting for an incoming message - Test 1 (inception)
Error while deserializing http message: Error("EOF while parsing a value", line: 1, column: 0)
	Preparing Data...
	Data is ready, starting users and test1
Incepted: u_0 [wZcG]
Incepted: u_3 [dIeg]
Incepted: u_7 [D_6Z]
Incepted: u_1 [p62V]
Incepted: u_2 [GvVx]
Incepted: u_4 [RaKj]
	Added [bivQ] as watcher for u_0 [wZcG]
Incepted: u_8 [ZwLW]
Incepted: u_5 [tVvN]
	Added [bivQ] as watcher for u_8 [ZwLW]
Incepted: u_6 [9uWL]
	Added [2D85] as watcher for u_1 [p62V]
Incepted: u_9 [aFvY]
	Added [2D85] as watcher for u_7 [D_6Z]
	Added [x5MO] as watcher for u_4 [RaKj]
	Added [jm4C] as watcher for u_3 [dIeg]
	Added [jm4C] as watcher for u_2 [GvVx]
	Added [jm4C] as watcher for u_0 [wZcG]
	Added [bivQ] as watcher for u_4 [RaKj]
	Added [bivQ] as watcher for u_2 [GvVx]
	Added [jm4C] as watcher for u_5 [tVvN]
	Added [bivQ] as watcher for u_3 [dIeg]
	Added [jm4C] as watcher for u_8 [ZwLW]
	Added [jm4C] as watcher for u_7 [D_6Z]
	Added [2D85] as watcher for u_9 [aFvY]
	Added [jm4C] as watcher for u_6 [9uWL]
	Added [jm4C] as watcher for u_1 [p62V]
	Added [x5MO] as watcher for u_0 [wZcG]
	Asking u_0 [wZcG]'s watchers to watch [8r7y]
	Added [2D85] as watcher for u_2 [GvVx]
	Asking u_2 [GvVx]'s watchers to watch [8r7y]
	Added [2D85] as watcher for u_3 [dIeg]
	Asking u_3 [dIeg]'s watchers to watch [8r7y]
	Added [bivQ] as watcher for u_7 [D_6Z]
	Asking u_7 [D_6Z]'s watchers to watch [8r7y]
	Added [x5MO] as watcher for u_5 [tVvN]
	Added [jm4C] as watcher for u_4 [RaKj]
	Asking u_4 [RaKj]'s watchers to watch [8r7y]
	Added [2D85] as watcher for u_8 [ZwLW]
	Asking u_8 [ZwLW]'s watchers to watch [8r7y]
	Added [jm4C] as watcher for u_9 [aFvY]
	Added [x5MO] as watcher for u_1 [p62V]
	Asking u_1 [p62V]'s watchers to watch [8r7y]
	Added [bivQ] as watcher for u_5 [tVvN]
	Asking u_5 [tVvN]'s watchers to watch [8r7y]
	Added [2D85] as watcher for u_6 [9uWL]
	✅ u_0 [wZcG] Inception Done
	Added [x5MO] as watcher for u_9 [aFvY]
	Asking u_9 [aFvY]'s watchers to watch [8r7y]
	✅ u_7 [D_6Z] Inception Done
	✅ u_2 [GvVx] Inception Done
	Added [x5MO] as watcher for u_6 [9uWL]
	Asking u_6 [9uWL]'s watchers to watch [8r7y]
	✅ u_3 [dIeg] Inception Done
	✅ u_4 [RaKj] Inception Done
	✅ u_8 [ZwLW] Inception Done
	✅ u_5 [tVvN] Inception Done
	✅ u_1 [p62V] Inception Done
	✅ u_9 [aFvY] Inception Done
	✅ u_6 [9uWL] Inception Done
Test 2 (signature verification)
	✅ u_6 [9uWL] Message verified
	✅ u_8 [ZwLW] Message verified
	✅ u_4 [RaKj] Message verified
	✅ u_2 [GvVx] Message verified
	✅ u_1 [p62V] Message verified
	✅ u_3 [dIeg] Message verified
	✅ u_0 [wZcG] Message verified
	✅ u_7 [D_6Z] Message verified
	✅ u_5 [tVvN] Message verified
	✅ u_9 [aFvY] Message verified
Waiting for an incoming message - Test 3 (signature verification after rotation of issuer)
	✅ u_7 [D_6Z] Message Verified (2)
	✅ u_2 [GvVx] Message Verified (2)
	✅ u_6 [9uWL] Message Verified (2)
	✅ u_9 [aFvY] Message Verified (2)
	✅ u_8 [ZwLW] Message Verified (2)
	✅ u_4 [RaKj] Message Verified (2)
	✅ u_5 [tVvN] Message Verified (2)
	✅ u_0 [wZcG] Message Verified (2)
	✅ u_3 [dIeg] Message Verified (2)
	✅ u_1 [p62V] Message Verified (2)
Waiting for an incoming message - Test 4 (valid acdc credential)
skipped--
Waiting for an incoming message - Test 5 (acdc revocation)
skipped--
Waiting for an incoming message - Test 6
u_1 [p62V] Starts Rotation
u_0 [wZcG] Starts Rotation
u_4 [RaKj] Starts Rotation
u_6 [9uWL] Starts Rotation
u_8 [ZwLW] Starts Rotation
u_9 [aFvY] Starts Rotation
u_7 [D_6Z] Starts Rotation
u_3 [dIeg] Starts Rotation
u_5 [tVvN] Starts Rotation
u_2 [GvVx] Starts Rotation
u_7 [D_6Z] Ends Rotation
u_7 [D_6Z] - Completed Key Rotation
u_0 [wZcG] Ends Rotation
u_0 [wZcG] - Completed Key Rotation
u_2 [GvVx] Ends Rotation
u_2 [GvVx] - Completed Key Rotation
u_1 [p62V] Ends Rotation
u_1 [p62V] - Completed Key Rotation
u_4 [RaKj] Ends Rotation
u_4 [RaKj] - Completed Key Rotation
u_9 [aFvY] Ends Rotation
u_9 [aFvY] - Completed Key Rotation
u_8 [ZwLW] Ends Rotation
u_8 [ZwLW] - Completed Key Rotation
u_6 [9uWL] Ends Rotation
u_6 [9uWL] - Completed Key Rotation
u_5 [tVvN] Ends Rotation
u_5 [tVvN] - Completed Key Rotation
u_3 [dIeg] Ends Rotation
u_3 [dIeg] - Completed Key Rotation
Executed 10 users / 10 success / 0 fail
Test 1: 4835ms (483 p.u.)
Test 2: 1ms (0 p.u.)
Test 3: 584ms (58 p.u.)
Test 4: 2814ms (281 p.u.)
