Waiting for an incoming message - Test 1 (inception)
Error while deserializing http message: Error("EOF while parsing a value", line: 1, column: 0)
	Preparing Data...
	Data is ready, starting users and test1
Incepted: u_7 [NMvy]
Incepted: u_8 [BnVb]
Incepted: u_0 [EXoE]
Incepted: u_6 [Igb6]
Incepted: u_3 [Gl7a]
Incepted: u_4 [p67J]
Incepted: u_2 [4bzq]
Incepted: u_9 [7Mok]
Incepted: u_5 [ELlR]
	Added [bivQ] as watcher for u_6 [Igb6]
Incepted: u_1 [13u5]
	Added [bivQ] as watcher for u_5 [ELlR]
	Added [2D85] as watcher for u_7 [NMvy]
	Added [2D85] as watcher for u_8 [BnVb]
	Added [jm4C] as watcher for u_3 [Gl7a]
	Added [jm4C] as watcher for u_0 [EXoE]
	Added [x5MO] as watcher for u_4 [p67J]
	Added [jm4C] as watcher for u_2 [4bzq]
	Added [bivQ] as watcher for u_7 [NMvy]
	Added [jm4C] as watcher for u_9 [7Mok]
	Added [2D85] as watcher for u_6 [Igb6]
	Added [bivQ] as watcher for u_3 [Gl7a]
	Added [bivQ] as watcher for u_0 [EXoE]
	Added [x5MO] as watcher for u_1 [13u5]
	Added [x5MO] as watcher for u_5 [ELlR]
	Added [x5MO] as watcher for u_2 [4bzq]
	Added [jm4C] as watcher for u_8 [BnVb]
	Added [2D85] as watcher for u_4 [p67J]
	Added [x5MO] as watcher for u_7 [NMvy]
	Asking u_7 [NMvy]'s watchers to watch [8r7y]
	Added [2D85] as watcher for u_9 [7Mok]
	Added [jm4C] as watcher for u_6 [Igb6]
	Asking u_6 [Igb6]'s watchers to watch [8r7y]
	Added [x5MO] as watcher for u_3 [Gl7a]
	Asking u_3 [Gl7a]'s watchers to watch [8r7y]
	Added [x5MO] as watcher for u_0 [EXoE]
	Asking u_0 [EXoE]'s watchers to watch [8r7y]
	Added [2D85] as watcher for u_1 [13u5]
	Added [bivQ] as watcher for u_8 [BnVb]
	Asking u_8 [BnVb]'s watchers to watch [8r7y]
	Added [bivQ] as watcher for u_2 [4bzq]
	Asking u_2 [4bzq]'s watchers to watch [8r7y]
	Added [2D85] as watcher for u_5 [ELlR]
	Asking u_5 [ELlR]'s watchers to watch [8r7y]
	Added [bivQ] as watcher for u_1 [13u5]
	Asking u_1 [13u5]'s watchers to watch [8r7y]
	Added [jm4C] as watcher for u_4 [p67J]
	Asking u_4 [p67J]'s watchers to watch [8r7y]
	Added [x5MO] as watcher for u_9 [7Mok]
	Asking u_9 [7Mok]'s watchers to watch [8r7y]
	✅ u_7 [NMvy] Inception Done
	✅ u_6 [Igb6] Inception Done
	✅ u_3 [Gl7a] Inception Done
	✅ u_0 [EXoE] Inception Done
	✅ u_8 [BnVb] Inception Done
	✅ u_5 [ELlR] Inception Done
	✅ u_2 [4bzq] Inception Done
	✅ u_1 [13u5] Inception Done
	✅ u_4 [p67J] Inception Done
	✅ u_9 [7Mok] Inception Done
Test 2 (signature verification)
	✅ u_9 [7Mok] Message verified
	✅ u_3 [Gl7a] Message verified
	✅ u_0 [EXoE] Message verified
	✅ u_7 [NMvy] Message verified
	✅ u_4 [p67J] Message verified
	✅ u_6 [Igb6] Message verified
	✅ u_5 [ELlR] Message verified
	✅ u_8 [BnVb] Message verified
	✅ u_2 [4bzq] Message verified
	✅ u_1 [13u5] Message verified
Waiting for an incoming message - Test 3 (signature verification after rotation of issuer)
	✅ u_5 [ELlR] Message Verified (2)
	✅ u_7 [NMvy] Message Verified (2)
	✅ u_6 [Igb6] Message Verified (2)
	✅ u_4 [p67J] Message Verified (2)
	✅ u_1 [13u5] Message Verified (2)
	✅ u_8 [BnVb] Message Verified (2)
	✅ u_0 [EXoE] Message Verified (2)
	✅ u_2 [4bzq] Message Verified (2)
	✅ u_3 [Gl7a] Message Verified (2)
	✅ u_9 [7Mok] Message Verified (2)
Waiting for an incoming message - Test 4 (valid acdc credential)
skipped--
Waiting for an incoming message - Test 5 (acdc revocation)
skipped--
Waiting for an incoming message - Test 6
u_8 [BnVb] Starts Rotation
u_9 [7Mok] Starts Rotation
u_2 [4bzq] Starts Rotation
u_6 [Igb6] Starts Rotation
u_4 [p67J] Starts Rotation
u_0 [EXoE] Starts Rotation
u_3 [Gl7a] Starts Rotation
u_1 [13u5] Starts Rotation
u_7 [NMvy] Starts Rotation
u_5 [ELlR] Starts Rotation
u_4 [p67J] Ends Rotation
u_4 [p67J] - Completed Key Rotation
u_9 [7Mok] Ends Rotation
u_9 [7Mok] - Completed Key Rotation
u_8 [BnVb] Ends Rotation
u_8 [BnVb] - Completed Key Rotation
u_7 [NMvy] Ends Rotation
u_7 [NMvy] - Completed Key Rotation
u_0 [EXoE] Ends Rotation
u_0 [EXoE] - Completed Key Rotation
u_3 [Gl7a] Ends Rotation
u_3 [Gl7a] - Completed Key Rotation
u_6 [Igb6] Ends Rotation
u_6 [Igb6] - Completed Key Rotation
u_2 [4bzq] Ends Rotation
u_2 [4bzq] - Completed Key Rotation
u_5 [ELlR] Ends Rotation
u_5 [ELlR] - Completed Key Rotation
u_1 [13u5] Ends Rotation
u_1 [13u5] - Completed Key Rotation
Executed 10 users / 10 success / 0 fail
Test 1: 4880ms (488 p.u.)
Test 2: 1ms (0 p.u.)
Test 3: 677ms (67 p.u.)
Test 4: 1827ms (182 p.u.)
