Waiting for an incoming message - Test 1 (inception)
Error while deserializing http message: Error("EOF while parsing a value", line: 1, column: 0)
	Preparing Data...
	Data is ready, starting users and test1
Incepted: u_8 [BWdC]
	Added [2D85] as watcher for u_8 [BWdC]
Incepted: u_2 [V6z1]
Incepted: u_6 [-f-5]
Incepted: u_4 [sSYB]
Incepted: u_1 [4SAR]
Incepted: u_7 [x3HE]
Incepted: u_5 [SWDJ]
	Added [jm4C] as watcher for u_8 [BWdC]
	Added [jm4C] as watcher for u_2 [V6z1]
Incepted: u_3 [7g6Y]
Incepted: u_0 [RB9q]
	Added [jm4C] as watcher for u_6 [-f-5]
Incepted: u_9 [1Tqg]
	Added [jm4C] as watcher for u_4 [sSYB]
	Added [2D85] as watcher for u_1 [4SAR]
	Added [jm4C] as watcher for u_7 [x3HE]
	Added [bivQ] as watcher for u_5 [SWDJ]
	Added [2D85] as watcher for u_2 [V6z1]
	Added [x5MO] as watcher for u_0 [RB9q]
	Added [bivQ] as watcher for u_8 [BWdC]
	Asking u_8 [BWdC]'s watchers to watch [8r7y]
	Added [bivQ] as watcher for u_3 [7g6Y]
	Added [x5MO] as watcher for u_6 [-f-5]
	Added [bivQ] as watcher for u_1 [4SAR]
	Added [jm4C] as watcher for u_9 [1Tqg]
	Added [x5MO] as watcher for u_4 [sSYB]
	Added [2D85] as watcher for u_7 [x3HE]
	✅ u_8 [BWdC] Inception Done
	Added [jm4C] as watcher for u_0 [RB9q]
	Added [2D85] as watcher for u_3 [7g6Y]
	Added [2D85] as watcher for u_9 [1Tqg]
	Added [bivQ] as watcher for u_2 [V6z1]
	Asking u_2 [V6z1]'s watchers to watch [8r7y]
	Added [x5MO] as watcher for u_5 [SWDJ]
	Added [bivQ] as watcher for u_4 [sSYB]
	Asking u_4 [sSYB]'s watchers to watch [8r7y]
	Added [x5MO] as watcher for u_1 [4SAR]
	Asking u_1 [4SAR]'s watchers to watch [8r7y]
	Added [bivQ] as watcher for u_7 [x3HE]
	Asking u_7 [x3HE]'s watchers to watch [8r7y]
	Added [bivQ] as watcher for u_6 [-f-5]
	Asking u_6 [-f-5]'s watchers to watch [8r7y]
	✅ u_2 [V6z1] Inception Done
	Added [jm4C] as watcher for u_5 [SWDJ]
	Asking u_5 [SWDJ]'s watchers to watch [8r7y]
	Added [x5MO] as watcher for u_3 [7g6Y]
	Asking u_3 [7g6Y]'s watchers to watch [8r7y]
	Added [bivQ] as watcher for u_0 [RB9q]
	Asking u_0 [RB9q]'s watchers to watch [8r7y]
	Added [x5MO] as watcher for u_9 [1Tqg]
	Asking u_9 [1Tqg]'s watchers to watch [8r7y]
	✅ u_7 [x3HE] Inception Done
	✅ u_1 [4SAR] Inception Done
	✅ u_4 [sSYB] Inception Done
	✅ u_9 [1Tqg] Inception Done
	✅ u_5 [SWDJ] Inception Done
	✅ u_6 [-f-5] Inception Done
	✅ u_0 [RB9q] Inception Done
	✅ u_3 [7g6Y] Inception Done
Test 2 (signature verification)
	✅ u_3 [7g6Y] Message verified
	✅ u_8 [BWdC] Message verified
	✅ u_2 [V6z1] Message verified
	✅ u_1 [4SAR] Message verified
	✅ u_6 [-f-5] Message verified
	✅ u_5 [SWDJ] Message verified
	✅ u_7 [x3HE] Message verified
	✅ u_4 [sSYB] Message verified
	✅ u_9 [1Tqg] Message verified
	✅ u_0 [RB9q] Message verified
Waiting for an incoming message - Test 3 (signature verification after rotation of issuer)
	✅ u_9 [1Tqg] Message Verified (2)
	✅ u_3 [7g6Y] Message Verified (2)
	✅ u_6 [-f-5] Message Verified (2)
	✅ u_2 [V6z1] Message Verified (2)
	✅ u_0 [RB9q] Message Verified (2)
	✅ u_5 [SWDJ] Message Verified (2)
	✅ u_8 [BWdC] Message Verified (2)
	✅ u_1 [4SAR] Message Verified (2)
	✅ u_4 [sSYB] Message Verified (2)
	✅ u_7 [x3HE] Message Verified (2)
Waiting for an incoming message - Test 4 (valid acdc credential)
skipped--
Waiting for an incoming message - Test 5 (acdc revocation)
skipped--
Waiting for an incoming message - Test 6
u_7 [x3HE] Starts Rotation
u_4 [sSYB] Starts Rotation
u_6 [-f-5] Starts Rotation
u_5 [SWDJ] Starts Rotation
u_8 [BWdC] Starts Rotation
u_2 [V6z1] Starts Rotation
u_3 [7g6Y] Starts Rotation
u_9 [1Tqg] Starts Rotation
u_0 [RB9q] Starts Rotation
u_1 [4SAR] Starts Rotation
u_4 [sSYB] Ends Rotation
u_4 [sSYB] - Completed Key Rotation
u_1 [4SAR] Ends Rotation
u_1 [4SAR] - Completed Key Rotation
u_2 [V6z1] Ends Rotation
u_2 [V6z1] - Completed Key Rotation
u_9 [1Tqg] Ends Rotation
u_9 [1Tqg] - Completed Key Rotation
u_6 [-f-5] Ends Rotation
u_6 [-f-5] - Completed Key Rotation
u_7 [x3HE] Ends Rotation
u_7 [x3HE] - Completed Key Rotation
u_8 [BWdC] Ends Rotation
u_8 [BWdC] - Completed Key Rotation
u_5 [SWDJ] Ends Rotation
u_5 [SWDJ] - Completed Key Rotation
u_0 [RB9q] Ends Rotation
u_0 [RB9q] - Completed Key Rotation
u_3 [7g6Y] Ends Rotation
u_3 [7g6Y] - Completed Key Rotation
Executed 10 users / 10 success / 0 fail
Test 1: 31924ms (3192 p.u.)
Test 2: 2ms (0 p.u.)
Test 3: 760ms (76 p.u.)
Test 4: 28896ms (2889 p.u.)
