Waiting for an incoming message - Test 1 (inception)
Error while deserializing http message: Error("EOF while parsing a value", line: 1, column: 0)
	Preparing Data...
	Data is ready, starting users and test1
Incepted: u_9 [GuGt]
Incepted: u_7 [ql3e]
Incepted: u_4 [2nYN]
Incepted: u_2 [VxxM]
Incepted: u_0 [wQwf]
Incepted: u_3 [KaA5]
Incepted: u_5 [Tadu]
	Added [x5MO] as watcher for u_9 [GuGt]
Incepted: u_1 [eXau]
	Added [x5MO] as watcher for u_7 [ql3e]
Incepted: u_6 [LcaK]
	Added [bivQ] as watcher for u_4 [2nYN]
Incepted: u_8 [D1DR]
	Added [jm4C] as watcher for u_3 [KaA5]
	Added [x5MO] as watcher for u_0 [wQwf]
	Added [x5MO] as watcher for u_2 [VxxM]
	Added [x5MO] as watcher for u_5 [Tadu]
	Added [jm4C] as watcher for u_9 [GuGt]
	Added [jm4C] as watcher for u_1 [eXau]
	Added [2D85] as watcher for u_4 [2nYN]
	Added [jm4C] as watcher for u_6 [LcaK]
	Added [bivQ] as watcher for u_8 [D1DR]
	Added [bivQ] as watcher for u_7 [ql3e]
	Added [2D85] as watcher for u_0 [wQwf]
	Added [jm4C] as watcher for u_2 [VxxM]
	Added [bivQ] as watcher for u_3 [KaA5]
	Added [bivQ] as watcher for u_9 [GuGt]
	Asking u_9 [GuGt]'s watchers to watch [8r7y]
	Added [jm4C] as watcher for u_5 [Tadu]
	Added [jm4C] as watcher for u_4 [2nYN]
	Asking u_4 [2nYN]'s watchers to watch [8r7y]
	Added [2D85] as watcher for u_7 [ql3e]
	Asking u_7 [ql3e]'s watchers to watch [8r7y]
	Added [x5MO] as watcher for u_1 [eXau]
	Added [x5MO] as watcher for u_6 [LcaK]
	Added [2D85] as watcher for u_5 [Tadu]
	Asking u_5 [Tadu]'s watchers to watch [8r7y]
	✅ u_9 [GuGt] Inception Done
	Added [x5MO] as watcher for u_3 [KaA5]
	Asking u_3 [KaA5]'s watchers to watch [8r7y]
	✅ u_7 [ql3e] Inception Done
	✅ u_4 [2nYN] Inception Done
	Added [x5MO] as watcher for u_8 [D1DR]
	Added [2D85] as watcher for u_8 [D1DR]
	Asking u_8 [D1DR]'s watchers to watch [8r7y]
	Added [2D85] as watcher for u_1 [eXau]
	Asking u_1 [eXau]'s watchers to watch [8r7y]
	Added [bivQ] as watcher for u_2 [VxxM]
	Asking u_2 [VxxM]'s watchers to watch [8r7y]
	✅ u_5 [Tadu] Inception Done
	Added [bivQ] as watcher for u_0 [wQwf]
	Asking u_0 [wQwf]'s watchers to watch [8r7y]
	✅ u_1 [eXau] Inception Done
	✅ u_8 [D1DR] Inception Done
	Added [bivQ] as watcher for u_6 [LcaK]
	Asking u_6 [LcaK]'s watchers to watch [8r7y]
	✅ u_3 [KaA5] Inception Done
	✅ u_2 [VxxM] Inception Done
	✅ u_6 [LcaK] Inception Done
	✅ u_0 [wQwf] Inception Done
Test 2 (signature verification)
	✅ u_0 [wQwf] Message verified
	✅ u_5 [Tadu] Message verified
	✅ u_6 [LcaK] Message verified
	✅ u_9 [GuGt] Message verified
	✅ u_2 [VxxM] Message verified
	✅ u_7 [ql3e] Message verified
	✅ u_4 [2nYN] Message verified
	✅ u_1 [eXau] Message verified
	✅ u_3 [KaA5] Message verified
	✅ u_8 [D1DR] Message verified
Waiting for an incoming message - Test 3 (signature verification after rotation of issuer)
	✅ u_2 [VxxM] Message Verified (2)
	✅ u_5 [Tadu] Message Verified (2)
	✅ u_3 [KaA5] Message Verified (2)
	✅ u_0 [wQwf] Message Verified (2)
	✅ u_7 [ql3e] Message Verified (2)
	✅ u_8 [D1DR] Message Verified (2)
	✅ u_6 [LcaK] Message Verified (2)
	✅ u_1 [eXau] Message Verified (2)
	✅ u_4 [2nYN] Message Verified (2)
	✅ u_9 [GuGt] Message Verified (2)
Waiting for an incoming message - Test 4 (valid acdc credential)
skipped--
Waiting for an incoming message - Test 5 (acdc revocation)
skipped--
Waiting for an incoming message - Test 6
u_9 [GuGt] Starts Rotation
u_1 [eXau] Starts Rotation
u_3 [KaA5] Starts Rotation
u_5 [Tadu] Starts Rotation
u_4 [2nYN] Starts Rotation
u_6 [LcaK] Starts Rotation
u_2 [VxxM] Starts Rotation
u_0 [wQwf] Starts Rotation
u_8 [D1DR] Starts Rotation
u_7 [ql3e] Starts Rotation
u_9 [GuGt] Ends Rotation
u_9 [GuGt] - Completed Key Rotation
u_4 [2nYN] Ends Rotation
u_4 [2nYN] - Completed Key Rotation
u_7 [ql3e] Ends Rotation
u_7 [ql3e] - Completed Key Rotation
u_2 [VxxM] Ends Rotation
u_2 [VxxM] - Completed Key Rotation
u_1 [eXau] Ends Rotation
u_1 [eXau] - Completed Key Rotation
u_5 [Tadu] Ends Rotation
u_5 [Tadu] - Completed Key Rotation
u_6 [LcaK] Ends Rotation
u_6 [LcaK] - Completed Key Rotation
u_8 [D1DR] Ends Rotation
u_8 [D1DR] - Completed Key Rotation
u_3 [KaA5] Ends Rotation
u_3 [KaA5] - Completed Key Rotation
u_0 [wQwf] Ends Rotation
u_0 [wQwf] - Completed Key Rotation
Executed 10 users / 10 success / 0 fail
Test 1: 29872ms (2987 p.u.)
Test 2: 0ms (0 p.u.)
Test 3: 543ms (54 p.u.)
Test 4: 28372ms (2837 p.u.)
