Waiting for an incoming message - Test 1 (inception)
Error while deserializing http message: Error("EOF while parsing a value", line: 1, column: 0)
	Preparing Data...
	Data is ready, starting users and test1
Incepted: u_5 [NRaZ]
Incepted: u_3 [OpgF]
Incepted: u_2 [I-w0]
Incepted: u_7 [koUM]
Incepted: u_9 [dxdg]
Incepted: u_1 [j5Gv]
	Added [x5MO] as watcher for u_5 [NRaZ]
Incepted: u_4 [f381]
Incepted: u_6 [eTIQ]
Incepted: u_0 [J8rl]
	Added [jm4C] as watcher for u_3 [OpgF]
Incepted: u_8 [Z_3A]
	Added [bivQ] as watcher for u_2 [I-w0]
	Added [bivQ] as watcher for u_7 [koUM]
	Added [x5MO] as watcher for u_9 [dxdg]
	Added [jm4C] as watcher for u_1 [j5Gv]
	Added [2D85] as watcher for u_0 [J8rl]
	Added [jm4C] as watcher for u_5 [NRaZ]
	Added [x5MO] as watcher for u_6 [eTIQ]
	Added [2D85] as watcher for u_3 [OpgF]
	Added [bivQ] as watcher for u_4 [f381]
	Added [2D85] as watcher for u_2 [I-w0]
	Added [bivQ] as watcher for u_8 [Z_3A]
	Added [2D85] as watcher for u_7 [koUM]
	Added [jm4C] as watcher for u_9 [dxdg]
	Added [x5MO] as watcher for u_1 [j5Gv]
	Added [jm4C] as watcher for u_2 [I-w0]
	Asking u_2 [I-w0]'s watchers to watch [8r7y]
	Added [jm4C] as watcher for u_4 [f381]
	Added [bivQ] as watcher for u_0 [J8rl]
	Added [x5MO] as watcher for u_8 [Z_3A]
	Added [bivQ] as watcher for u_6 [eTIQ]
	Added [bivQ] as watcher for u_5 [NRaZ]
	Asking u_5 [NRaZ]'s watchers to watch [8r7y]
	✅ u_2 [I-w0] Inception Done
	Added [2D85] as watcher for u_1 [j5Gv]
	Asking u_1 [j5Gv]'s watchers to watch [8r7y]
	Added [x5MO] as watcher for u_7 [koUM]
	Asking u_7 [koUM]'s watchers to watch [8r7y]
	Added [bivQ] as watcher for u_3 [OpgF]
	Asking u_3 [OpgF]'s watchers to watch [8r7y]
	Added [2D85] as watcher for u_8 [Z_3A]
	Asking u_8 [Z_3A]'s watchers to watch [8r7y]
	Added [jm4C] as watcher for u_6 [eTIQ]
	Asking u_6 [eTIQ]'s watchers to watch [8r7y]
	✅ u_5 [NRaZ] Inception Done
	Added [bivQ] as watcher for u_9 [dxdg]
	Asking u_9 [dxdg]'s watchers to watch [8r7y]
	✅ u_8 [Z_3A] Inception Done
	✅ u_1 [j5Gv] Inception Done
	✅ u_6 [eTIQ] Inception Done
	✅ u_7 [koUM] Inception Done
	Added [x5MO] as watcher for u_4 [f381]
	Asking u_4 [f381]'s watchers to watch [8r7y]
	✅ u_3 [OpgF] Inception Done
	Added [x5MO] as watcher for u_0 [J8rl]
	Asking u_0 [J8rl]'s watchers to watch [8r7y]
	✅ u_4 [f381] Inception Done
	✅ u_0 [J8rl] Inception Done
	✅ u_9 [dxdg] Inception Done
Test 2 (signature verification)
	✅ u_9 [dxdg] Message verified
	✅ u_0 [J8rl] Message verified
	✅ u_3 [OpgF] Message verified
	✅ u_2 [I-w0] Message verified
	✅ u_1 [j5Gv] Message verified
	✅ u_8 [Z_3A] Message verified
	✅ u_5 [NRaZ] Message verified
	✅ u_7 [koUM] Message verified
	✅ u_6 [eTIQ] Message verified
	✅ u_4 [f381] Message verified
Waiting for an incoming message - Test 3 (signature verification after rotation of issuer)
	✅ u_8 [Z_3A] Message Verified (2)
	✅ u_1 [j5Gv] Message Verified (2)
	✅ u_3 [OpgF] Message Verified (2)
	✅ u_5 [NRaZ] Message Verified (2)
	✅ u_0 [J8rl] Message Verified (2)
	✅ u_4 [f381] Message Verified (2)
	✅ u_7 [koUM] Message Verified (2)
	✅ u_6 [eTIQ] Message Verified (2)
	✅ u_9 [dxdg] Message Verified (2)
	✅ u_2 [I-w0] Message Verified (2)
Waiting for an incoming message - Test 4 (valid acdc credential)
skipped--
Waiting for an incoming message - Test 5 (acdc revocation)
skipped--
Waiting for an incoming message - Test 6
u_2 [I-w0] Starts Rotation
u_6 [eTIQ] Starts Rotation
u_4 [f381] Starts Rotation
u_7 [koUM] Starts Rotation
u_1 [j5Gv] Starts Rotation
u_3 [OpgF] Starts Rotation
u_0 [J8rl] Starts Rotation
u_9 [dxdg] Starts Rotation
u_5 [NRaZ] Starts Rotation
u_8 [Z_3A] Starts Rotation
u_3 [OpgF] Ends Rotation
u_3 [OpgF] - Completed Key Rotation
u_2 [I-w0] Ends Rotation
u_2 [I-w0] - Completed Key Rotation
u_7 [koUM] Ends Rotation
u_7 [koUM] - Completed Key Rotation
u_6 [eTIQ] Ends Rotation
u_6 [eTIQ] - Completed Key Rotation
u_4 [f381] Ends Rotation
u_4 [f381] - Completed Key Rotation
u_0 [J8rl] Ends Rotation
u_0 [J8rl] - Completed Key Rotation
u_5 [NRaZ] Ends Rotation
u_5 [NRaZ] - Completed Key Rotation
u_9 [dxdg] Ends Rotation
u_9 [dxdg] - Completed Key Rotation
u_8 [Z_3A] Ends Rotation
u_8 [Z_3A] - Completed Key Rotation
u_1 [j5Gv] Ends Rotation
u_1 [j5Gv] - Completed Key Rotation
Executed 10 users / 10 success / 0 fail
Test 1: 29940ms (2994 p.u.)
Test 2: 0ms (0 p.u.)
Test 3: 826ms (82 p.u.)
Test 4: 28262ms (2826 p.u.)
