Waiting for an incoming message - Test 1 (inception)
Error while deserializing http message: Error("EOF while parsing a value", line: 1, column: 0)
	Preparing Data...
	Data is ready, starting users and test1
Incepted: u_3 [TFaz]
Incepted: u_0 [pzXK]
Incepted: u_7 [IFZh]
Incepted: u_8 [_PgR]
Incepted: u_9 [wqDZ]
	Added [2D85] as watcher for u_3 [TFaz]
Incepted: u_6 [fpgt]
Incepted: u_2 [QB9L]
Incepted: u_5 [5Suk]
Incepted: u_1 [o_Mu]
Incepted: u_4 [Dd3z]
	Added [jm4C] as watcher for u_7 [IFZh]
	Added [x5MO] as watcher for u_8 [_PgR]
	Added [bivQ] as watcher for u_0 [pzXK]
	Added [jm4C] as watcher for u_9 [wqDZ]
	Added [x5MO] as watcher for u_3 [TFaz]
	Added [x5MO] as watcher for u_6 [fpgt]
	Added [jm4C] as watcher for u_2 [QB9L]
	Added [bivQ] as watcher for u_1 [o_Mu]
	Added [2D85] as watcher for u_7 [IFZh]
	Added [bivQ] as watcher for u_5 [5Suk]
	Added [x5MO] as watcher for u_4 [Dd3z]
	Added [jm4C] as watcher for u_8 [_PgR]
	Added [bivQ] as watcher for u_9 [wqDZ]
	Added [jm4C] as watcher for u_3 [TFaz]
	Asking u_3 [TFaz]'s watchers to watch [8r7y]
	Added [jm4C] as watcher for u_0 [pzXK]
	Added [bivQ] as watcher for u_6 [fpgt]
	Added [x5MO] as watcher for u_2 [QB9L]
	Added [2D85] as watcher for u_4 [Dd3z]
	Added [x5MO] as watcher for u_7 [IFZh]
	Asking u_7 [IFZh]'s watchers to watch [8r7y]
	Added [2D85] as watcher for u_8 [_PgR]
	Asking u_8 [_PgR]'s watchers to watch [8r7y]
	Added [jm4C] as watcher for u_1 [o_Mu]
	Added [x5MO] as watcher for u_5 [5Suk]
	Added [x5MO] as watcher for u_9 [wqDZ]
	Asking u_9 [wqDZ]'s watchers to watch [8r7y]
	Added [2D85] as watcher for u_0 [pzXK]
	Asking u_0 [pzXK]'s watchers to watch [8r7y]
	Added [2D85] as watcher for u_6 [fpgt]
	Asking u_6 [fpgt]'s watchers to watch [8r7y]
	Added [2D85] as watcher for u_2 [QB9L]
	Asking u_2 [QB9L]'s watchers to watch [8r7y]
	Added [2D85] as watcher for u_1 [o_Mu]
	Asking u_1 [o_Mu]'s watchers to watch [8r7y]
	Added [jm4C] as watcher for u_5 [5Suk]
	Asking u_5 [5Suk]'s watchers to watch [8r7y]
	Added [jm4C] as watcher for u_4 [Dd3z]
	Asking u_4 [Dd3z]'s watchers to watch [8r7y]
	✅ u_3 [TFaz] Inception Done
	✅ u_8 [_PgR] Inception Done
	✅ u_7 [IFZh] Inception Done
	✅ u_2 [QB9L] Inception Done
	✅ u_6 [fpgt] Inception Done
	✅ u_9 [wqDZ] Inception Done
	✅ u_0 [pzXK] Inception Done
	✅ u_1 [o_Mu] Inception Done
	✅ u_5 [5Suk] Inception Done
	✅ u_4 [Dd3z] Inception Done
Test 2 (signature verification)
	✅ u_4 [Dd3z] Message verified
	✅ u_3 [TFaz] Message verified
	✅ u_1 [o_Mu] Message verified
	✅ u_2 [QB9L] Message verified
	✅ u_8 [_PgR] Message verified
	✅ u_9 [wqDZ] Message verified
	✅ u_0 [pzXK] Message verified
	✅ u_5 [5Suk] Message verified
	✅ u_7 [IFZh] Message verified
	✅ u_6 [fpgt] Message verified
Waiting for an incoming message - Test 3 (signature verification after rotation of issuer)
	✅ u_4 [Dd3z] Message Verified (2)
	✅ u_7 [IFZh] Message Verified (2)
	✅ u_2 [QB9L] Message Verified (2)
	✅ u_5 [5Suk] Message Verified (2)
	✅ u_3 [TFaz] Message Verified (2)
	✅ u_1 [o_Mu] Message Verified (2)
	✅ u_8 [_PgR] Message Verified (2)
	✅ u_6 [fpgt] Message Verified (2)
	✅ u_9 [wqDZ] Message Verified (2)
	✅ u_0 [pzXK] Message Verified (2)
Waiting for an incoming message - Test 4 (valid acdc credential)
skipped--
Waiting for an incoming message - Test 5 (acdc revocation)
skipped--
Waiting for an incoming message - Test 6
u_0 [pzXK] Starts Rotation
u_4 [Dd3z] Starts Rotation
u_8 [_PgR] Starts Rotation
u_9 [wqDZ] Starts Rotation
u_2 [QB9L] Starts Rotation
u_7 [IFZh] Starts Rotation
u_6 [fpgt] Starts Rotation
u_3 [TFaz] Starts Rotation
u_5 [5Suk] Starts Rotation
u_1 [o_Mu] Starts Rotation
u_4 [Dd3z] Ends Rotation
u_4 [Dd3z] - Completed Key Rotation
u_8 [_PgR] Ends Rotation
u_8 [_PgR] - Completed Key Rotation
u_7 [IFZh] Ends Rotation
u_7 [IFZh] - Completed Key Rotation
u_0 [pzXK] Ends Rotation
u_0 [pzXK] - Completed Key Rotation
u_1 [o_Mu] Ends Rotation
u_1 [o_Mu] - Completed Key Rotation
u_9 [wqDZ] Ends Rotation
u_9 [wqDZ] - Completed Key Rotation
u_6 [fpgt] Ends Rotation
u_6 [fpgt] - Completed Key Rotation
u_2 [QB9L] Ends Rotation
u_2 [QB9L] - Completed Key Rotation
u_3 [TFaz] Ends Rotation
u_3 [TFaz] - Completed Key Rotation
u_5 [5Suk] Ends Rotation
u_5 [5Suk] - Completed Key Rotation
Executed 10 users / 10 success / 0 fail
Test 1: 6407ms (640 p.u.)
Test 2: 1ms (0 p.u.)
Test 3: 863ms (86 p.u.)
Test 4: 34932ms (3493 p.u.)
