Waiting for an incoming message - Test 1 (inception)
Error while deserializing http message: Error("EOF while parsing a value", line: 1, column: 0)
	Preparing Data...
	Data is ready, starting users and test1
Incepted: u_5 [wKJJ]
	Added [bivQ] as watcher for u_5 [wKJJ]
	Added [2D85] as watcher for u_5 [wKJJ]
	Added [x5MO] as watcher for u_5 [wKJJ]
	Asking u_5 [wKJJ]'s watchers to watch [8r7y]
Incepted: u_6 [SPSA]
	Added [x5MO] as watcher for u_6 [SPSA]
	Added [2D85] as watcher for u_6 [SPSA]
	Added [bivQ] as watcher for u_6 [SPSA]
	Asking u_6 [SPSA]'s watchers to watch [8r7y]
Incepted: u_7 [Y0d5]
	Added [bivQ] as watcher for u_7 [Y0d5]
	Added [jm4C] as watcher for u_7 [Y0d5]
	Added [2D85] as watcher for u_7 [Y0d5]
	Asking u_7 [Y0d5]'s watchers to watch [8r7y]
Incepted: u_2 [7J1T]
Incepted: u_1 [z5Mo]
	Added [x5MO] as watcher for u_2 [7J1T]
	✅ u_6 [SPSA] Inception Done
	Added [x5MO] as watcher for u_1 [z5Mo]
	Added [jm4C] as watcher for u_2 [7J1T]
	Added [jm4C] as watcher for u_1 [z5Mo]
	Added [2D85] as watcher for u_1 [z5Mo]
	Asking u_1 [z5Mo]'s watchers to watch [8r7y]
	Added [bivQ] as watcher for u_2 [7J1T]
	Asking u_2 [7J1T]'s watchers to watch [8r7y]
	✅ u_5 [wKJJ] Inception Done
Incepted: u_4 [1bdD]
Incepted: u_8 [9lHQ]
Incepted: u_0 [7N_k]
Incepted: u_3 [poPW]
Incepted: u_9 [3yS2]
	Added [bivQ] as watcher for u_4 [1bdD]
	Added [2D85] as watcher for u_8 [9lHQ]
	✅ u_7 [Y0d5] Inception Done
	Added [jm4C] as watcher for u_0 [7N_k]
	✅ u_1 [z5Mo] Inception Done
	Added [x5MO] as watcher for u_3 [poPW]
	Added [bivQ] as watcher for u_9 [3yS2]
	Added [x5MO] as watcher for u_4 [1bdD]
	✅ u_2 [7J1T] Inception Done
	Added [bivQ] as watcher for u_3 [poPW]
	Added [x5MO] as watcher for u_8 [9lHQ]
	Added [jm4C] as watcher for u_9 [3yS2]
	Added [bivQ] as watcher for u_0 [7N_k]
	Added [jm4C] as watcher for u_4 [1bdD]
	Asking u_4 [1bdD]'s watchers to watch [8r7y]
	Added [bivQ] as watcher for u_8 [9lHQ]
	Asking u_8 [9lHQ]'s watchers to watch [8r7y]
	Added [jm4C] as watcher for u_3 [poPW]
	Asking u_3 [poPW]'s watchers to watch [8r7y]
	Added [2D85] as watcher for u_9 [3yS2]
	Asking u_9 [3yS2]'s watchers to watch [8r7y]
	✅ u_4 [1bdD] Inception Done
	Added [x5MO] as watcher for u_0 [7N_k]
	Asking u_0 [7N_k]'s watchers to watch [8r7y]
	✅ u_8 [9lHQ] Inception Done
	✅ u_3 [poPW] Inception Done
	✅ u_9 [3yS2] Inception Done
	✅ u_0 [7N_k] Inception Done
Test 2 (signature verification)
	✅ u_0 [7N_k] Message verified
	✅ u_2 [7J1T] Message verified
	✅ u_7 [Y0d5] Message verified
	✅ u_5 [wKJJ] Message verified
	✅ u_8 [9lHQ] Message verified
	✅ u_4 [1bdD] Message verified
	✅ u_3 [poPW] Message verified
	✅ u_1 [z5Mo] Message verified
	✅ u_9 [3yS2] Message verified
	✅ u_6 [SPSA] Message verified
Waiting for an incoming message - Test 3 (signature verification after rotation of issuer)
	✅ u_1 [z5Mo] Message Verified (2)
	✅ u_3 [poPW] Message Verified (2)
	✅ u_0 [7N_k] Message Verified (2)
	✅ u_5 [wKJJ] Message Verified (2)
	✅ u_9 [3yS2] Message Verified (2)
	✅ u_6 [SPSA] Message Verified (2)
	✅ u_2 [7J1T] Message Verified (2)
	✅ u_8 [9lHQ] Message Verified (2)
	✅ u_7 [Y0d5] Message Verified (2)
	✅ u_4 [1bdD] Message Verified (2)
Waiting for an incoming message - Test 4 (valid acdc credential)
skipped--
Waiting for an incoming message - Test 5 (acdc revocation)
skipped--
Waiting for an incoming message - Test 6
u_4 [1bdD] Starts Rotation
u_8 [9lHQ] Starts Rotation
u_3 [poPW] Starts Rotation
u_7 [Y0d5] Starts Rotation
u_1 [z5Mo] Starts Rotation
u_6 [SPSA] Starts Rotation
u_0 [7N_k] Starts Rotation
u_5 [wKJJ] Starts Rotation
u_2 [7J1T] Starts Rotation
u_9 [3yS2] Starts Rotation
u_4 [1bdD] Ends Rotation
u_4 [1bdD] - Completed Key Rotation
u_5 [wKJJ] Ends Rotation
u_5 [wKJJ] - Completed Key Rotation
u_8 [9lHQ] Ends Rotation
u_8 [9lHQ] - Completed Key Rotation
u_1 [z5Mo] Ends Rotation
u_1 [z5Mo] - Completed Key Rotation
u_3 [poPW] Ends Rotation
u_3 [poPW] - Completed Key Rotation
u_7 [Y0d5] Ends Rotation
u_7 [Y0d5] - Completed Key Rotation
u_6 [SPSA] Ends Rotation
u_6 [SPSA] - Completed Key Rotation
u_9 [3yS2] Ends Rotation
u_9 [3yS2] - Completed Key Rotation
u_2 [7J1T] Ends Rotation
u_2 [7J1T] - Completed Key Rotation
u_0 [7N_k] Ends Rotation
u_0 [7N_k] - Completed Key Rotation
Executed 10 users / 10 success / 0 fail
Test 1: 32998ms (3299 p.u.)
Test 2: 1ms (0 p.u.)
Test 3: 744ms (74 p.u.)
Test 4: 34550ms (3455 p.u.)
