Waiting for an incoming message - Test 1 (inception)
Error while deserializing http message: Error("EOF while parsing a value", line: 1, column: 0)
	Preparing Data...
	Data is ready, starting users and test1
Incepted: u_6 [dTs_]
Incepted: u_2 [gX78]
	Added [bivQ] as watcher for u_6 [dTs_]
	Added [2D85] as watcher for u_6 [dTs_]
	Added [jm4C] as watcher for u_2 [gX78]
	Added [jm4C] as watcher for u_6 [dTs_]
	Asking u_6 [dTs_]'s watchers to watch [8r7y]
	Added [x5MO] as watcher for u_2 [gX78]
	Added [2D85] as watcher for u_2 [gX78]
	Asking u_2 [gX78]'s watchers to watch [8r7y]
Incepted: u_8 [VGyT]
	Added [x5MO] as watcher for u_8 [VGyT]
	Added [2D85] as watcher for u_8 [VGyT]
	Added [jm4C] as watcher for u_8 [VGyT]
	Asking u_8 [VGyT]'s watchers to watch [8r7y]
Incepted: u_4 [6iP9]
Incepted: u_9 [a0uv]
Incepted: u_5 [KRBD]
Incepted: u_7 [NBPe]
	Added [jm4C] as watcher for u_4 [6iP9]
Incepted: u_3 [nsSK]
	Added [bivQ] as watcher for u_9 [a0uv]
	Added [2D85] as watcher for u_7 [NBPe]
	Added [2D85] as watcher for u_4 [6iP9]
	✅ u_2 [gX78] Inception Done
	Added [x5MO] as watcher for u_5 [KRBD]
	Added [2D85] as watcher for u_3 [nsSK]
	Added [jm4C] as watcher for u_7 [NBPe]
	Added [2D85] as watcher for u_9 [a0uv]
	✅ u_8 [VGyT] Inception Done
Incepted: u_1 [m40G]
	✅ u_6 [dTs_] Inception Done
	Added [bivQ] as watcher for u_5 [KRBD]
	Added [x5MO] as watcher for u_4 [6iP9]
	Asking u_4 [6iP9]'s watchers to watch [8r7y]
Incepted: u_0 [0LCl]
	Added [x5MO] as watcher for u_7 [NBPe]
	Asking u_7 [NBPe]'s watchers to watch [8r7y]
	Added [x5MO] as watcher for u_9 [a0uv]
	Asking u_9 [a0uv]'s watchers to watch [8r7y]
	Added [jm4C] as watcher for u_1 [m40G]
	Added [x5MO] as watcher for u_3 [nsSK]
	Added [2D85] as watcher for u_5 [KRBD]
	Asking u_5 [KRBD]'s watchers to watch [8r7y]
	Added [jm4C] as watcher for u_3 [nsSK]
	Asking u_3 [nsSK]'s watchers to watch [8r7y]
	Added [bivQ] as watcher for u_0 [0LCl]
	Added [x5MO] as watcher for u_1 [m40G]
	✅ u_9 [a0uv] Inception Done
	✅ u_7 [NBPe] Inception Done
	Added [jm4C] as watcher for u_0 [0LCl]
	✅ u_5 [KRBD] Inception Done
	✅ u_4 [6iP9] Inception Done
	✅ u_3 [nsSK] Inception Done
	Added [2D85] as watcher for u_1 [m40G]
	Asking u_1 [m40G]'s watchers to watch [8r7y]
	Added [2D85] as watcher for u_0 [0LCl]
	Asking u_0 [0LCl]'s watchers to watch [8r7y]
	✅ u_1 [m40G] Inception Done
	✅ u_0 [0LCl] Inception Done
Test 2 (signature verification)
	✅ u_6 [dTs_] Message verified
	✅ u_0 [0LCl] Message verified
	✅ u_1 [m40G] Message verified
	✅ u_7 [NBPe] Message verified
	✅ u_9 [a0uv] Message verified
	✅ u_2 [gX78] Message verified
	✅ u_8 [VGyT] Message verified
	✅ u_4 [6iP9] Message verified
	✅ u_3 [nsSK] Message verified
	✅ u_5 [KRBD] Message verified
Waiting for an incoming message - Test 3 (signature verification after rotation of issuer)
	✅ u_7 [NBPe] Message Verified (2)
	✅ u_1 [m40G] Message Verified (2)
	✅ u_6 [dTs_] Message Verified (2)
	✅ u_3 [nsSK] Message Verified (2)
	✅ u_0 [0LCl] Message Verified (2)
	✅ u_5 [KRBD] Message Verified (2)
	✅ u_9 [a0uv] Message Verified (2)
	✅ u_8 [VGyT] Message Verified (2)
	✅ u_4 [6iP9] Message Verified (2)
	✅ u_2 [gX78] Message Verified (2)
Waiting for an incoming message - Test 4 (valid acdc credential)
skipped--
Waiting for an incoming message - Test 5 (acdc revocation)
skipped--
Waiting for an incoming message - Test 6
u_9 [a0uv] Starts Rotation
u_2 [gX78] Starts Rotation
u_3 [nsSK] Starts Rotation
u_1 [m40G] Starts Rotation
u_0 [0LCl] Starts Rotation
u_7 [NBPe] Starts Rotation
u_6 [dTs_] Starts Rotation
u_5 [KRBD] Starts Rotation
u_4 [6iP9] Starts Rotation
u_8 [VGyT] Starts Rotation
u_8 [VGyT] Ends Rotation
u_8 [VGyT] - Completed Key Rotation
u_9 [a0uv] Ends Rotation
u_9 [a0uv] - Completed Key Rotation
u_2 [gX78] Ends Rotation
u_2 [gX78] - Completed Key Rotation
u_7 [NBPe] Ends Rotation
u_7 [NBPe] - Completed Key Rotation
u_3 [nsSK] Ends Rotation
u_3 [nsSK] - Completed Key Rotation
u_4 [6iP9] Ends Rotation
u_4 [6iP9] - Completed Key Rotation
u_5 [KRBD] Ends Rotation
u_5 [KRBD] - Completed Key Rotation
u_1 [m40G] Ends Rotation
u_1 [m40G] - Completed Key Rotation
u_6 [dTs_] Ends Rotation
u_6 [dTs_] - Completed Key Rotation
u_0 [0LCl] Ends Rotation
u_0 [0LCl] - Completed Key Rotation
Executed 10 users / 10 success / 0 fail
Test 1: 33415ms (3341 p.u.)
Test 2: 1ms (0 p.u.)
Test 3: 666ms (66 p.u.)
Test 4: 36942ms (3694 p.u.)
