Waiting for an incoming message - Test 1 (inception)
Error while deserializing http message: Error("EOF while parsing a value", line: 1, column: 0)
	Preparing Data...
	Data is ready, starting users and test1
Incepted: u_7 [yTdt]
Incepted: u_9 [t_uI]
	Added [2D85] as watcher for u_7 [yTdt]
	Added [bivQ] as watcher for u_9 [t_uI]
	Added [x5MO] as watcher for u_7 [yTdt]
Incepted: u_0 [d_R5]
	Added [x5MO] as watcher for u_9 [t_uI]
Incepted: u_5 [l4Bm]
	Added [bivQ] as watcher for u_7 [yTdt]
	Asking u_7 [yTdt]'s watchers to watch [8r7y]
Incepted: u_2 [IsXD]
	Added [bivQ] as watcher for u_0 [d_R5]
	Added [jm4C] as watcher for u_9 [t_uI]
	Asking u_9 [t_uI]'s watchers to watch [8r7y]
	Added [jm4C] as watcher for u_0 [d_R5]
Incepted: u_6 [XW77]
	Added [bivQ] as watcher for u_5 [l4Bm]
	Added [2D85] as watcher for u_2 [IsXD]
Incepted: u_4 [O00J]
Incepted: u_1 [PQCO]
	Added [2D85] as watcher for u_0 [d_R5]
	Asking u_0 [d_R5]'s watchers to watch [8r7y]
	✅ u_9 [t_uI] Inception Done
Incepted: u_8 [z6Jn]
	Added [jm4C] as watcher for u_4 [O00J]
	Added [2D85] as watcher for u_6 [XW77]
	✅ u_7 [yTdt] Inception Done
Incepted: u_3 [Zgr3]
	Added [jm4C] as watcher for u_5 [l4Bm]
	Added [bivQ] as watcher for u_2 [IsXD]
	✅ u_0 [d_R5] Inception Done
	Added [2D85] as watcher for u_1 [PQCO]
	Added [jm4C] as watcher for u_8 [z6Jn]
	Added [x5MO] as watcher for u_4 [O00J]
	Added [bivQ] as watcher for u_3 [Zgr3]
	Added [x5MO] as watcher for u_5 [l4Bm]
	Asking u_5 [l4Bm]'s watchers to watch [8r7y]
	Added [bivQ] as watcher for u_6 [XW77]
	Added [x5MO] as watcher for u_2 [IsXD]
	Asking u_2 [IsXD]'s watchers to watch [8r7y]
	Added [jm4C] as watcher for u_1 [PQCO]
	✅ u_5 [l4Bm] Inception Done
	Added [bivQ] as watcher for u_4 [O00J]
	Asking u_4 [O00J]'s watchers to watch [8r7y]
	Added [x5MO] as watcher for u_3 [Zgr3]
	Added [jm4C] as watcher for u_6 [XW77]
	Asking u_6 [XW77]'s watchers to watch [8r7y]
	✅ u_2 [IsXD] Inception Done
	Added [bivQ] as watcher for u_8 [z6Jn]
	Added [jm4C] as watcher for u_3 [Zgr3]
	Asking u_3 [Zgr3]'s watchers to watch [8r7y]
	Added [bivQ] as watcher for u_1 [PQCO]
	Asking u_1 [PQCO]'s watchers to watch [8r7y]
	Added [2D85] as watcher for u_8 [z6Jn]
	Asking u_8 [z6Jn]'s watchers to watch [8r7y]
	✅ u_6 [XW77] Inception Done
	✅ u_4 [O00J] Inception Done
	✅ u_8 [z6Jn] Inception Done
	✅ u_1 [PQCO] Inception Done
	✅ u_3 [Zgr3] Inception Done
Test 2 (signature verification)
	✅ u_3 [Zgr3] Message verified
	✅ u_8 [z6Jn] Message verified
	✅ u_4 [O00J] Message verified
	✅ u_1 [PQCO] Message verified
	✅ u_0 [d_R5] Message verified
	✅ u_7 [yTdt] Message verified
	✅ u_5 [l4Bm] Message verified
	✅ u_2 [IsXD] Message verified
	✅ u_6 [XW77] Message verified
	✅ u_9 [t_uI] Message verified
Waiting for an incoming message - Test 3 (signature verification after rotation of issuer)
	✅ u_0 [d_R5] Message Verified (2)
	✅ u_6 [XW77] Message Verified (2)
	✅ u_7 [yTdt] Message Verified (2)
	✅ u_2 [IsXD] Message Verified (2)
	✅ u_3 [Zgr3] Message Verified (2)
	✅ u_9 [t_uI] Message Verified (2)
	✅ u_8 [z6Jn] Message Verified (2)
	✅ u_5 [l4Bm] Message Verified (2)
	✅ u_1 [PQCO] Message Verified (2)
	✅ u_4 [O00J] Message Verified (2)
Waiting for an incoming message - Test 4 (valid acdc credential)
skipped--
Waiting for an incoming message - Test 5 (acdc revocation)
skipped--
Waiting for an incoming message - Test 6
u_4 [O00J] Starts Rotation
u_5 [l4Bm] Starts Rotation
u_7 [yTdt] Starts Rotation
u_3 [Zgr3] Starts Rotation
u_1 [PQCO] Starts Rotation
u_9 [t_uI] Starts Rotation
u_6 [XW77] Starts Rotation
u_0 [d_R5] Starts Rotation
u_8 [z6Jn] Starts Rotation
u_2 [IsXD] Starts Rotation
u_8 [z6Jn] Ends Rotation
u_8 [z6Jn] - Completed Key Rotation
u_1 [PQCO] Ends Rotation
u_1 [PQCO] - Completed Key Rotation
u_9 [t_uI] Ends Rotation
u_9 [t_uI] - Completed Key Rotation
u_4 [O00J] Ends Rotation
u_4 [O00J] - Completed Key Rotation
u_2 [IsXD] Ends Rotation
u_2 [IsXD] - Completed Key Rotation
u_6 [XW77] Ends Rotation
u_6 [XW77] - Completed Key Rotation
u_7 [yTdt] Ends Rotation
u_7 [yTdt] - Completed Key Rotation
u_3 [Zgr3] Ends Rotation
u_3 [Zgr3] - Completed Key Rotation
u_5 [l4Bm] Ends Rotation
u_5 [l4Bm] - Completed Key Rotation
u_0 [d_R5] Ends Rotation
u_0 [d_R5] - Completed Key Rotation
Executed 10 users / 10 success / 0 fail
Test 1: 36143ms (3614 p.u.)
Test 2: 1ms (0 p.u.)
Test 3: 755ms (75 p.u.)
Test 4: 34088ms (3408 p.u.)
