Waiting for an incoming message - Test 1 (inception)
Error while deserializing http message: Error("EOF while parsing a value", line: 1, column: 0)
	Preparing Data...
	Data is ready, starting users and test1
Incepted: u_1 [Keyt]
Incepted: u_6 [rwe0]
	Added [2D85] as watcher for u_1 [Keyt]
	Added [bivQ] as watcher for u_1 [Keyt]
	Added [jm4C] as watcher for u_6 [rwe0]
Incepted: u_9 [pG8z]
Incepted: u_8 [t2tN]
Incepted: u_5 [wenI]
	Added [bivQ] as watcher for u_6 [rwe0]
	Added [x5MO] as watcher for u_1 [Keyt]
	Asking u_1 [Keyt]'s watchers to watch [8r7y]
Incepted: u_4 [SdRR]
	Added [bivQ] as watcher for u_5 [wenI]
Incepted: u_7 [G7xI]
	Added [x5MO] as watcher for u_8 [t2tN]
	Added [jm4C] as watcher for u_9 [pG8z]
Incepted: u_3 [W476]
Incepted: u_0 [OaXo]
Incepted: u_2 [YKiu]
	✅ u_1 [Keyt] Inception Done
	Added [x5MO] as watcher for u_6 [rwe0]
	Asking u_6 [rwe0]'s watchers to watch [8r7y]
	Added [bivQ] as watcher for u_4 [SdRR]
	Added [jm4C] as watcher for u_5 [wenI]
	Added [2D85] as watcher for u_8 [t2tN]
	Added [bivQ] as watcher for u_7 [G7xI]
	Added [2D85] as watcher for u_9 [pG8z]
	Added [jm4C] as watcher for u_3 [W476]
	Added [jm4C] as watcher for u_2 [YKiu]
	Added [bivQ] as watcher for u_0 [OaXo]
	✅ u_6 [rwe0] Inception Done
	Added [jm4C] as watcher for u_4 [SdRR]
	Added [2D85] as watcher for u_0 [OaXo]
	Added [jm4C] as watcher for u_7 [G7xI]
	Added [x5MO] as watcher for u_5 [wenI]
	Asking u_5 [wenI]'s watchers to watch [8r7y]
	Added [x5MO] as watcher for u_3 [W476]
	Added [bivQ] as watcher for u_8 [t2tN]
	Asking u_8 [t2tN]'s watchers to watch [8r7y]
	Added [bivQ] as watcher for u_9 [pG8z]
	Asking u_9 [pG8z]'s watchers to watch [8r7y]
	Added [2D85] as watcher for u_4 [SdRR]
	Asking u_4 [SdRR]'s watchers to watch [8r7y]
	✅ u_9 [pG8z] Inception Done
	Added [x5MO] as watcher for u_2 [YKiu]
	✅ u_8 [t2tN] Inception Done
	Added [x5MO] as watcher for u_0 [OaXo]
	Asking u_0 [OaXo]'s watchers to watch [8r7y]
	✅ u_4 [SdRR] Inception Done
	Added [bivQ] as watcher for u_3 [W476]
	Asking u_3 [W476]'s watchers to watch [8r7y]
	Added [x5MO] as watcher for u_7 [G7xI]
	Asking u_7 [G7xI]'s watchers to watch [8r7y]
	✅ u_5 [wenI] Inception Done
	✅ u_0 [OaXo] Inception Done
	✅ u_3 [W476] Inception Done
	Added [bivQ] as watcher for u_2 [YKiu]
	Asking u_2 [YKiu]'s watchers to watch [8r7y]
	✅ u_7 [G7xI] Inception Done
	✅ u_2 [YKiu] Inception Done
Test 2 (signature verification)
	✅ u_2 [YKiu] Message verified
	✅ u_8 [t2tN] Message verified
	✅ u_7 [G7xI] Message verified
	✅ u_1 [Keyt] Message verified
	✅ u_4 [SdRR] Message verified
	✅ u_5 [wenI] Message verified
	✅ u_0 [OaXo] Message verified
	✅ u_6 [rwe0] Message verified
	✅ u_3 [W476] Message verified
	✅ u_9 [pG8z] Message verified
Waiting for an incoming message - Test 3 (signature verification after rotation of issuer)
	✅ u_9 [pG8z] Message Verified (2)
	✅ u_0 [OaXo] Message Verified (2)
	✅ u_8 [t2tN] Message Verified (2)
	✅ u_1 [Keyt] Message Verified (2)
	✅ u_5 [wenI] Message Verified (2)
	✅ u_3 [W476] Message Verified (2)
	✅ u_4 [SdRR] Message Verified (2)
	✅ u_6 [rwe0] Message Verified (2)
	✅ u_2 [YKiu] Message Verified (2)
	✅ u_7 [G7xI] Message Verified (2)
Waiting for an incoming message - Test 4 (valid acdc credential)
skipped--
Waiting for an incoming message - Test 5 (acdc revocation)
skipped--
Waiting for an incoming message - Test 6
u_7 [G7xI] Starts Rotation
u_5 [wenI] Starts Rotation
u_6 [rwe0] Starts Rotation
u_2 [YKiu] Starts Rotation
u_0 [OaXo] Starts Rotation
u_8 [t2tN] Starts Rotation
u_4 [SdRR] Starts Rotation
u_9 [pG8z] Starts Rotation
u_3 [W476] Starts Rotation
u_1 [Keyt] Starts Rotation
u_1 [Keyt] Ends Rotation
u_1 [Keyt] - Completed Key Rotation
u_8 [t2tN] Ends Rotation
u_8 [t2tN] - Completed Key Rotation
u_9 [pG8z] Ends Rotation
u_9 [pG8z] - Completed Key Rotation
u_5 [wenI] Ends Rotation
u_5 [wenI] - Completed Key Rotation
u_4 [SdRR] Ends Rotation
u_4 [SdRR] - Completed Key Rotation
u_3 [W476] Ends Rotation
u_3 [W476] - Completed Key Rotation
u_2 [YKiu] Ends Rotation
u_2 [YKiu] - Completed Key Rotation
u_7 [G7xI] Ends Rotation
u_7 [G7xI] - Completed Key Rotation
u_6 [rwe0] Ends Rotation
u_6 [rwe0] - Completed Key Rotation
u_0 [OaXo] Ends Rotation
u_0 [OaXo] - Completed Key Rotation
Executed 10 users / 10 success / 0 fail
Test 1: 30269ms (3026 p.u.)
Test 2: 1ms (0 p.u.)
Test 3: 654ms (65 p.u.)
Test 4: 28187ms (2818 p.u.)
