2024-08-14 08:05:05,9.4,17.9387,170233856,163332,26184704
2024-08-14 08:05:10,6,18.1235,171986944,250763,43002072
2024-08-14 08:05:15,3.1,18.1235,171986944,250763,43002072
2024-08-14 08:05:21,0,18.1235,171986944,250853,43002148
2024-08-14 08:05:26,3.2,18.1226,171978752,250853,43002148
2024-08-14 08:05:31,3.2,18.1226,171978752,250853,43002148
2024-08-14 08:05:36,3.1,18.1217,171970560,250943,43002224
2024-08-14 08:05:41,0,18.1217,171970560,250985,43002252
2024-08-14 08:05:46,3,18.1476,172216320,251117,43002304
2024-08-14 08:05:52,0,18.1476,172216320,251699,43002684
2024-08-14 08:05:57,3.1,18.1472,172212224,251699,43002684
2024-08-14 08:06:02,0,18.1472,172212224,251765,43002684
2024-08-14 08:06:07,0,18.1468,172208128,251939,43002816
2024-08-14 08:06:12,0,18.1468,172208128,252077,43002816
2024-08-14 08:06:18,3.2,18.1468,172208128,252213,43002816
2024-08-14 08:06:23,3.2,18.1468,172208128,252303,43002892
2024-08-14 08:06:28,3.2,18.1468,172208128,252399,43002966
2024-08-14 08:06:33,0,18.1468,172208128,252399,43002966
2024-08-14 08:06:38,0,18.1999,172711936,252489,43003042
2024-08-14 08:06:44,6.1,18.1999,172711936,252489,43003042
2024-08-14 08:06:49,0,18.2275,172974080,252489,43003042
2024-08-14 08:06:54,0,18.4701,175276032,254975,43005482
2024-08-14 08:06:59,3,18.4701,175276032,255029,43005528
2024-08-14 08:07:04,3,18.4701,175276032,255071,43005556
2024-08-14 08:07:10,3.2,18.4701,175276032,255071,43005556
2024-08-14 08:07:15,3.2,18.496,175521792,255161,43005632
2024-08-14 08:07:20,0,18.496,175521792,255257,43005706
2024-08-14 08:07:25,0,18.496,175521792,255257,43005706
2024-08-14 08:07:30,3.2,18.4955,175517696,255347,43005782
2024-08-14 08:07:36,0,18.4955,175517696,255347,43005782
2024-08-14 08:07:41,3,18.4955,175517696,255347,43005782
2024-08-14 08:07:46,6,18.4955,175517696,255437,43005858
2024-08-14 08:07:51,3,18.4955,175517696,255479,43005886
2024-08-14 08:07:56,0,18.4934,175497216,255479,43005886
2024-08-14 08:08:01,3,18.4934,175497216,256109,43006294
2024-08-14 08:08:07,0,18.4934,175497216,256109,43006294
2024-08-14 08:08:12,3.1,18.4934,175497216,256109,43006294
2024-08-14 08:08:17,3,18.4934,175497216,256199,43006370
2024-08-14 08:08:22,0,18.4934,175497216,256241,43006398
2024-08-14 08:08:27,3.2,18.4934,175497216,256241,43006398
2024-08-14 08:08:33,3.1,18.4934,175497216,256331,43006474
2024-08-14 08:08:38,0,18.4934,175497216,256331,43006474
2024-08-14 08:08:43,3.1,18.5201,175751168,256331,43006474
2024-08-14 08:08:48,6.2,18.5201,175751168,256475,43006602
2024-08-14 08:08:53,0,18.5473,176009216,256517,43006630
2024-08-14 08:08:59,2.9,18.7631,178057216,258595,43008718
2024-08-14 08:09:04,3,18.7631,178057216,259045,43009098
2024-08-14 08:09:09,0,18.7631,178057216,259045,43009098
2024-08-14 08:09:14,3.1,18.7631,178057216,259045,43009098
2024-08-14 08:09:19,3.2,18.7631,178057216,259045,43009098
2024-08-14 08:09:24,3.2,18.7631,178057216,259135,43009174
2024-08-14 08:09:30,3.1,18.7631,178057216,259177,43009202
2024-08-14 08:09:35,6.1,18.7631,178057216,259177,43009202
2024-08-14 08:09:40,3.1,18.7631,178057216,259321,43009324
2024-08-14 08:09:45,6.2,18.7631,178057216,259321,43009324
2024-08-14 08:09:50,3.1,18.7631,178057216,259321,43009324
2024-08-14 08:09:56,3,18.7903,178315264,259645,43009474
2024-08-14 08:10:01,0,18.8447,178831360,259811,43009548
2024-08-14 08:10:06,0,18.8447,178831360,259901,43009624
2024-08-14 08:10:11,0,18.8352,178741248,260261,43009928
2024-08-14 08:10:16,0,18.8348,178737152,260261,43009928
2024-08-14 08:10:22,3.1,18.8348,178737152,260261,43009928
2024-08-14 08:10:27,0,18.8348,178737152,260351,43010004
2024-08-14 08:10:32,3,18.8348,178737152,260393,43010032
2024-08-14 08:10:37,5.9,18.8326,178716672,262429,43012092
2024-08-14 08:10:42,0,18.8326,178716672,262519,43012168
2024-08-14 08:10:48,3.2,18.8326,178716672,262519,43012168
2024-08-14 08:10:53,3.2,18.8326,178716672,262561,43012196
2024-08-14 08:10:58,3.2,18.8322,178712576,262651,43012272
2024-08-14 08:11:03,3.2,18.8322,178712576,262693,43012300
2024-08-14 08:11:08,0,18.8322,178712576,262693,43012300
2024-08-14 08:11:13,3,18.8313,178704384,263143,43012680
2024-08-14 08:11:19,0,18.8313,178704384,263143,43012680
2024-08-14 08:11:24,0,18.8309,178700288,263197,43012772
2024-08-14 08:11:29,0,18.8309,178700288,263239,43012800
2024-08-14 08:11:34,0,18.8309,178700288,263329,43012876
2024-08-14 08:11:39,3.2,18.8309,178700288,263329,43012876
2024-08-14 08:11:45,6.2,18.83,178692096,263371,43012904
2024-08-14 08:11:50,3.1,18.83,178692096,263461,43012980
2024-08-14 08:11:55,3.2,18.8296,178688000,265677,43015068
2024-08-14 08:12:00,0,18.8296,178688000,265677,43015068
2024-08-14 08:12:05,0,18.8296,178688000,265767,43015144
2024-08-14 08:12:10,3.2,18.8296,178688000,265767,43015144
2024-08-14 08:12:16,0,18.8296,178688000,265857,43015220
2024-08-14 08:12:21,0,18.8296,178688000,266259,43015552
2024-08-14 08:12:26,6,18.8296,178688000,266259,43015552
2024-08-14 08:12:31,0,18.8296,178688000,266259,43015552
2024-08-14 08:12:36,0,18.8296,178688000,266349,43015628
2024-08-14 08:12:42,3,18.8296,178688000,266391,43015656
2024-08-14 08:12:47,2.9,18.8296,178688000,266391,43015656
2024-08-14 08:12:52,3.1,18.8296,178688000,266481,43015732
2024-08-14 08:12:57,0,18.8296,178688000,266577,43015806
2024-08-14 08:13:02,3,18.8296,178688000,266577,43015806
2024-08-14 08:13:08,0,18.8296,178688000,266667,43015882
2024-08-14 08:13:13,3.1,18.8296,178688000,266667,43015882
2024-08-14 08:13:18,0,18.8296,178688000,266667,43015882
2024-08-14 08:13:23,3,18.8296,178688000,267117,43016262
2024-08-14 08:13:28,0,18.8555,178933760,267333,43016336
2024-08-14 08:13:34,0,18.8555,178933760,267391,43016336
2024-08-14 08:13:39,0,18.8555,178933760,267523,43016440
2024-08-14 08:13:44,3.2,18.8555,178933760,267581,43016440
2024-08-14 08:13:49,100,23.6444,224378880,505495,43157905
2024-08-14 08:13:54,0,23.6595,224522240,548442,43225008
2024-08-14 08:14:00,0,23.6599,224526336,548500,43225008
2024-08-14 08:14:05,3.2,23.6591,224518144,548500,43225008
2024-08-14 08:14:10,6.2,23.6591,224518144,548500,43225008
2024-08-14 08:14:15,6,23.6591,224518144,548590,43225084
2024-08-14 08:14:20,0,23.6591,224518144,548632,43225112
2024-08-14 08:14:26,6,23.6591,224518144,548722,43225188
2024-08-14 08:14:31,0,23.6586,224514048,549082,43225492
2024-08-14 08:14:36,3.2,23.6586,224514048,549124,43225520
2024-08-14 08:14:41,3.1,23.6586,224514048,549124,43225520
2024-08-14 08:14:46,5.8,23.6586,224514048,549214,43225596
2024-08-14 08:14:51,0,24.2737,230350848,579728,43415680
2024-08-14 08:14:57,3,24.2737,230350848,579728,43415680
2024-08-14 08:15:02,3.1,24.2737,230350848,579818,43415756
2024-08-14 08:15:07,6,24.2737,230350848,579818,43415756
2024-08-14 08:15:12,6,24.3272,230858752,579818,43415756
2024-08-14 08:15:17,0,24.3272,230858752,579908,43415832
2024-08-14 08:15:23,12.9,24.486,232366080,687087,43471945
2024-08-14 08:15:28,5.8,18.8197,178593792,689189,43474109
2024-08-14 08:15:33,0,18.8192,178589696,689681,43474517
2024-08-14 08:15:38,0,18.8192,178589696,689735,43474563
2024-08-14 08:15:43,3.2,18.8197,178593792,689873,43474563
2024-08-14 08:15:49,6.2,18.8197,178593792,689963,43474639
2024-08-14 08:15:54,3.2,18.8197,178593792,690005,43474667
2024-08-14 08:15:59,0,18.8197,178593792,690005,43474667
2024-08-14 08:16:04,3.1,18.8741,179109888,690005,43474667
2024-08-14 08:16:09,0,18.9013,179367936,690095,43474743
2024-08-14 08:16:15,3,18.9013,179367936,690095,43474743
2024-08-14 08:16:20,0,18.9013,179367936,690095,43474743
2024-08-14 08:16:25,3.1,18.9013,179367936,690185,43474819
2024-08-14 08:16:30,0,18.9013,179367936,690269,43474875
2024-08-14 08:16:35,2.9,18.9013,179367936,690359,43474951
2024-08-14 08:16:41,0,18.9013,179367936,690719,43475255
2024-08-14 08:16:46,6,18.9013,179367936,690719,43475255
2024-08-14 08:16:51,0,18.9013,179367936,690719,43475255
2024-08-14 08:16:56,0,18.9013,179367936,692845,43477391
2024-08-14 08:17:01,3,18.9013,179367936,692845,43477391
2024-08-14 08:17:07,3.1,18.9013,179367936,692845,43477391
2024-08-14 08:17:12,3.2,18.9013,179367936,692935,43477467
2024-08-14 08:17:17,5.7,18.9013,179367936,692935,43477467
2024-08-14 08:17:22,0,18.9013,179367936,692977,43477495
2024-08-14 08:17:27,6.1,18.9013,179367936,693205,43477571
2024-08-14 08:17:33,0,18.9013,179367936,693275,43477571
2024-08-14 08:17:38,0,18.9008,179363840,693365,43477647
2024-08-14 08:17:43,0,18.9008,179363840,693767,43477979
2024-08-14 08:17:48,3.1,18.9008,179363840,693767,43477979
2024-08-14 08:17:53,0,18.9008,179363840,693767,43477979
2024-08-14 08:17:59,3.1,18.9008,179363840,693857,43478055
2024-08-14 08:18:04,6,18.928,179621888,693857,43478055
2024-08-14 08:18:09,3.2,18.9552,179879936,693857,43478055
2024-08-14 08:18:14,3.1,18.9552,179879936,693947,43478131
2024-08-14 08:18:19,3.2,18.9552,179879936,693989,43478159
2024-08-14 08:18:25,3.1,18.9552,179879936,693989,43478159
2024-08-14 08:18:30,0,18.9552,179879936,693989,43478159
2024-08-14 08:18:35,0,18.9548,179875840,694079,43478235
2024-08-14 08:18:40,3,18.9548,179875840,694175,43478315
2024-08-14 08:18:45,0,18.9548,179875840,694535,43478619
2024-08-14 08:18:51,6.2,18.9548,179875840,694625,43478695
2024-08-14 08:18:56,3.1,19.0359,180645888,696661,43480755
2024-08-14 08:19:01,6,19.0359,180645888,696661,43480755
2024-08-14 08:19:06,3,19.0355,180641792,696751,43480831
2024-08-14 08:19:11,2.9,19.0355,180641792,696751,43480831
2024-08-14 08:19:17,5.8,19.0899,181157888,696793,43480859
2024-08-14 08:19:22,0,19.0899,181157888,696883,43480935
2024-08-14 08:19:27,3,19.0899,181157888,697021,43480935
2024-08-14 08:19:32,3.1,19.0899,181157888,697021,43480935
2024-08-14 08:19:37,3.1,19.0899,181157888,697111,43481011
2024-08-14 08:19:43,3.1,19.0899,181157888,697153,43481039
2024-08-14 08:19:48,3,19.1443,181673984,697153,43481039
2024-08-14 08:19:53,0,19.1986,182190080,697243,43481115
2024-08-14 08:19:58,2.9,19.253,182706176,697243,43481115
2024-08-14 08:20:03,3.2,19.3346,183480320,697243,43481115
2024-08-14 08:20:09,6.2,19.3618,183738368,697333,43481191
2024-08-14 08:20:14,3.1,19.3618,183738368,697375,43481219
2024-08-14 08:20:19,3.1,19.3618,183738368,697375,43481219
2024-08-14 08:20:24,0,19.3618,183738368,697465,43481295
2024-08-14 08:20:29,0,19.3635,183754752,697507,43481323
2024-08-14 08:20:34,9.7,19.8517,188387328,699543,43483383
2024-08-14 08:20:40,3.2,19.8513,188383232,699633,43483459
2024-08-14 08:20:45,3.1,17.0625,161918976,699633,43483459
2024-08-14 08:20:50,3.1,17.2257,163467264,699723,43483535
2024-08-14 08:20:55,3,17.3599,164741120,699993,43483763
