2024-08-14 08:12:49,9.3,17.4879,165949440,175724,29292156
2024-08-14 08:12:54,3.2,17.806,168968192,276079,45765216
2024-08-14 08:12:59,3.2,17.8349,169242624,276079,45765216
2024-08-14 08:13:04,3.2,17.8349,169242624,276169,45765292
2024-08-14 08:13:09,3.2,17.8612,169492480,276211,45765320
2024-08-14 08:13:15,3.2,17.8884,169750528,276211,45765320
2024-08-14 08:13:20,6.2,17.8884,169750528,276301,45765396
2024-08-14 08:13:25,6.2,17.8884,169750528,276343,45765424
2024-08-14 08:13:30,6.2,17.8884,169750528,276343,45765424
2024-08-14 08:13:35,0,17.8884,169750528,276433,45765500
2024-08-14 08:13:41,3.1,17.8884,169750528,276433,45765500
2024-08-14 08:13:46,3.2,17.9687,170512384,276433,45765500
2024-08-14 08:13:51,3.2,17.9687,170512384,276883,45765880
2024-08-14 08:13:56,6.2,17.9959,170770432,276925,45765908
2024-08-14 08:14:01,3.1,18.1858,172572672,276925,45765908
2024-08-14 08:14:06,19.3,22.4871,213389312,286785,45777597
2024-08-14 08:14:12,16.7,23.8442,226267136,329112,45801162
2024-08-14 08:14:17,38.7,23.8442,226267136,358812,45823257
2024-08-14 08:14:22,10.3,23.8433,226258944,430077,45860918
2024-08-14 08:14:27,28.1,23.8377,226205696,476274,45886224
2024-08-14 08:14:32,67.7,23.8731,226541568,541817,45957830
2024-08-14 08:14:38,3.2,23.8826,226631680,558150,45987583
2024-08-14 08:14:43,3.2,23.8826,226631680,558240,45987659
2024-08-14 08:14:48,6.2,23.8826,226631680,558240,45987659
2024-08-14 08:14:53,0,23.8826,226631680,558420,45987811
2024-08-14 08:14:58,0,23.8822,226627584,558732,45988067
2024-08-14 08:15:03,0,23.8822,226627584,558774,45988095
2024-08-14 08:15:09,6.1,24.3604,231165952,589615,46178127
2024-08-14 08:15:14,3.1,24.3604,231165952,589705,46178203
2024-08-14 08:15:19,3.2,24.3604,231165952,589705,46178203
2024-08-14 08:15:24,0,24.3604,231165952,589705,46178203
2024-08-14 08:15:29,0,24.3604,231165952,589849,46178325
2024-08-14 08:15:35,0,24.3565,231129088,589891,46178353
2024-08-14 08:15:40,0,24.6013,233451520,612340,46182107
2024-08-14 08:15:45,0,24.7916,235257856,612430,46182183
2024-08-14 08:15:50,6.2,24.846,235773952,624738,46189955
2024-08-14 08:15:55,3.2,24.8443,235757568,629710,46193807
2024-08-14 08:16:00,15.6,24.8542,235851776,660372,46213779
2024-08-14 08:16:06,6,24.8499,235810816,692772,46233069
2024-08-14 08:16:11,3.2,18.6386,176869376,700086,46241897
2024-08-14 08:16:16,3.2,18.639,176873472,700176,46241973
2024-08-14 08:16:21,0,18.639,176873472,700176,46241973
2024-08-14 08:16:26,0,18.639,176873472,700176,46241973
2024-08-14 08:16:31,0,18.639,176873472,700176,46241973
2024-08-14 08:16:37,0,18.639,176873472,700266,46242049
2024-08-14 08:16:42,6.2,18.6395,176877568,700308,46242077
2024-08-14 08:16:47,3.2,18.6395,176877568,700308,46242077
2024-08-14 08:16:52,3.1,18.6395,176877568,700398,46242153
2024-08-14 08:16:57,0,18.6395,176877568,700440,46242181
2024-08-14 08:17:03,0,18.6395,176877568,700620,46242333
2024-08-14 08:17:08,0,18.6395,176877568,700932,46242589
2024-08-14 08:17:13,0,18.6395,176877568,700932,46242589
2024-08-14 08:17:18,2.8,18.6395,176877568,700932,46242589
2024-08-14 08:17:23,3.1,18.6395,176877568,701022,46242665
2024-08-14 08:17:29,0,18.6395,176877568,701022,46242665
2024-08-14 08:17:34,0,18.6667,177135616,703322,46244724
2024-08-14 08:17:39,6.2,18.6939,177393664,703508,46244888
2024-08-14 08:17:44,6,18.8838,179195904,703508,46244888
2024-08-14 08:17:49,3.2,19.0197,180486144,703550,46244916
2024-08-14 08:17:54,3.1,19.0469,180744192,703778,46244992
2024-08-14 08:18:00,3.1,19.037,180649984,703820,46245020
2024-08-14 08:18:05,3.2,19.037,180649984,703820,46245020
2024-08-14 08:18:10,3.1,19.037,180649984,704270,46245400
2024-08-14 08:18:15,0,19.037,180649984,704270,46245400
2024-08-14 08:18:20,0,19.037,180649984,704270,46245400
2024-08-14 08:18:26,0,19.037,180649984,704360,46245476
2024-08-14 08:18:31,0,19.0366,180645888,704402,46245504
2024-08-14 08:18:36,6,19.0366,180645888,704402,46245504
2024-08-14 08:18:41,0,19.0366,180645888,704492,46245580
2024-08-14 08:18:46,0,19.0366,180645888,704534,46245608
2024-08-14 08:18:52,0,19.0366,180645888,704534,46245608
2024-08-14 08:18:57,0,19.0366,180645888,704534,46245608
2024-08-14 08:19:02,0,19.0357,180637696,704624,46245684
2024-08-14 08:19:07,0,19.0357,180637696,704666,46245712
2024-08-14 08:19:12,6.2,19.0357,180637696,704846,46245864
2024-08-14 08:19:18,3.2,19.0353,180633600,705116,46246092
2024-08-14 08:19:23,3.1,19.0353,180633600,705116,46246092
2024-08-14 08:19:28,3.1,19.0353,180633600,705116,46246092
2024-08-14 08:19:33,3.2,19.0595,180862976,707374,46248227
2024-08-14 08:19:38,3.1,19.0595,180862976,707416,46248255
2024-08-14 08:19:43,0,19.0595,180862976,707458,46248283
2024-08-14 08:19:49,0,19.0595,180862976,707548,46248359
2024-08-14 08:19:54,0,19.0595,180862976,707740,46248405
2024-08-14 08:19:59,0,19.0595,180862976,707740,46248405
2024-08-14 08:20:04,3.2,19.1682,181895168,707830,46248481
2024-08-14 08:20:09,3.2,19.1682,181895168,707872,46248509
2024-08-14 08:20:15,3.1,19.1682,181895168,707872,46248509
2024-08-14 08:20:20,3.1,19.1682,181895168,707962,46248585
2024-08-14 08:20:25,3.2,19.1682,181895168,707962,46248585
2024-08-14 08:20:30,3.2,19.1682,181895168,707962,46248585
2024-08-14 08:20:35,0,19.1678,181891072,708052,46248661
2024-08-14 08:20:40,0,19.2494,182665216,708206,46248717
2024-08-14 08:20:46,0,19.3007,183152640,710374,46250776
2024-08-14 08:20:51,0,19.3007,183152640,710464,46250852
2024-08-14 08:20:56,0,19.3007,183152640,710464,46250852
2024-08-14 08:21:01,3.2,19.3007,183152640,710518,46250898
2024-08-14 08:21:06,3.1,19.3007,183152640,710608,46250974
2024-08-14 08:21:12,0,19.3007,183152640,710608,46250974
2024-08-14 08:21:17,3,19.3007,183152640,710608,46250974
2024-08-14 08:21:22,3.2,19.3279,183410688,710968,46251278
2024-08-14 08:21:27,0,19.381,183914496,711100,46251382
2024-08-14 08:21:32,3.2,19.381,183914496,711154,46251428
2024-08-14 08:21:38,6.2,19.381,183914496,711196,46251456
2024-08-14 08:21:43,3.2,19.381,183914496,711424,46251532
2024-08-14 08:21:48,0,19.381,183914496,711424,46251532
2024-08-14 08:21:53,3.2,19.381,183914496,711424,46251532
2024-08-14 08:21:58,3.2,19.381,183914496,711514,46251608
2024-08-14 08:22:04,6,19.381,183914496,711514,46251608
2024-08-14 08:22:09,3.2,19.381,183914496,711514,46251608
2024-08-14 08:22:14,3.2,19.381,183914496,711604,46251684
