2024-08-14 08:09:36,12.1,17.4563,165650432,186662,31315617
2024-08-14 08:09:41,6.2,17.8512,169398272,273423,46001319
2024-08-14 08:09:47,3.2,17.8512,169398272,273423,46001319
2024-08-14 08:09:52,3,17.8784,169656320,273423,46001319
2024-08-14 08:09:57,3.2,17.9328,170172416,273423,46001319
2024-08-14 08:10:02,0,17.9324,170168320,273513,46001395
2024-08-14 08:10:07,3,17.9324,170168320,273513,46001395
2024-08-14 08:10:13,0,17.9596,170426368,273513,46001395
2024-08-14 08:10:18,3.2,17.9596,170426368,273645,46001499
2024-08-14 08:10:23,3.1,18.0398,171188224,273645,46001499
2024-08-14 08:10:28,0,18.067,171446272,273735,46001575
2024-08-14 08:10:33,3,18.1758,172478464,274275,46001907
2024-08-14 08:10:39,12.5,18.2302,172994560,276311,46003966
2024-08-14 08:10:44,6,18.2263,172957696,276311,46003966
2024-08-14 08:10:49,6.1,18.2259,172953600,276401,46004042
2024-08-14 08:10:54,0,18.2259,172953600,276401,46004042
2024-08-14 08:10:59,3.1,18.2514,173195264,276455,46004088
2024-08-14 08:11:05,5.9,18.2509,173191168,276615,46004164
2024-08-14 08:11:10,3,18.2514,173195264,276615,46004164
2024-08-14 08:11:15,3.1,18.2514,173195264,276657,46004192
2024-08-14 08:11:20,3.1,18.2514,173195264,276747,46004268
2024-08-14 08:11:25,3,18.2514,173195264,276789,46004296
2024-08-14 08:11:31,3,18.2518,173199360,276789,46004296
2024-08-14 08:11:36,0,18.2514,173195264,277239,46004676
2024-08-14 08:11:41,0,18.2509,173191168,277239,46004676
2024-08-14 08:11:46,6,18.2509,173191168,277239,46004676
2024-08-14 08:11:52,3.2,18.2509,173191168,277239,46004676
2024-08-14 08:11:57,3.1,18.2509,173191168,277329,46004752
2024-08-14 08:12:02,3,18.2509,173191168,277329,46004752
2024-08-14 08:12:07,6.1,18.2509,173191168,277329,46004752
2024-08-14 08:12:12,2.9,18.2509,173191168,277461,46004856
2024-08-14 08:12:18,5.8,18.2514,173195264,277503,46004884
2024-08-14 08:12:23,6.1,18.629,176779264,279539,46006943
2024-08-14 08:12:28,0,18.629,176779264,279767,46007019
2024-08-14 08:12:33,3,18.6295,176783360,279767,46007019
2024-08-14 08:12:38,3.1,18.6295,176783360,279947,46007171
2024-08-14 08:12:44,0,18.6295,176783360,280217,46007399
2024-08-14 08:12:49,2.9,18.6295,176783360,280217,46007399
2024-08-14 08:12:54,3.2,18.6295,176783360,280217,46007399
2024-08-14 08:12:59,3,18.6295,176783360,280307,46007475
2024-08-14 08:13:05,0,18.6295,176783360,280307,46007475
2024-08-14 08:13:10,0,18.6295,176783360,280349,46007503
2024-08-14 08:13:15,6.2,18.6295,176783360,280439,46007579
2024-08-14 08:13:20,0,18.6295,176783360,280481,46007607
2024-08-14 08:13:26,0,18.6295,176783360,280481,46007607
2024-08-14 08:13:31,3.2,18.6295,176783360,280571,46007683
2024-08-14 08:13:36,0,18.6295,176783360,280571,46007683
2024-08-14 08:13:41,0,18.6295,176783360,280571,46007683
2024-08-14 08:13:46,0,18.6295,176783360,281021,46008063
2024-08-14 08:13:52,3,18.6295,176783360,281021,46008063
2024-08-14 08:13:57,41.2,23.1478,219660288,305893,46031318
2024-08-14 08:14:02,23.5,23.8527,226349056,355595,46060232
2024-08-14 08:14:07,3.3,23.8523,226344960,388207,46078524
2024-08-14 08:14:12,30,23.8544,226365440,467725,46134888
2024-08-14 08:14:18,25,23.8588,226406400,516741,46175261
2024-08-14 08:14:23,3.1,23.8829,226635776,559966,46212501
2024-08-14 08:14:28,3.1,23.9131,226922496,570844,46233086
2024-08-14 08:14:33,5.8,23.9131,226922496,570844,46233086
2024-08-14 08:14:38,3.1,23.9131,226922496,570934,46233162
2024-08-14 08:14:44,6.2,23.9032,226828288,570934,46233162
2024-08-14 08:14:49,0,23.9032,226828288,571204,46233390
2024-08-14 08:14:54,0,23.9028,226824192,571384,46233542
2024-08-14 08:14:59,0,24.4907,232402944,602466,46423654
2024-08-14 08:15:04,0,24.4907,232402944,602466,46423654
2024-08-14 08:15:10,3.1,24.4898,232394752,602556,46423730
2024-08-14 08:15:15,5.8,24.5157,232640512,602556,46423730
2024-08-14 08:15:20,3,24.5157,232640512,602556,46423730
2024-08-14 08:15:25,3.1,24.5157,232640512,602646,46423806
2024-08-14 08:15:31,34.3,24.5157,232640512,603563,46424440
2024-08-14 08:15:36,3,24.6789,234188800,629032,46430316
2024-08-14 08:15:41,0,24.7596,234954752,637561,46435460
2024-08-14 08:15:46,3.1,24.7587,234946560,647158,46442384
2024-08-14 08:15:51,3.1,24.7583,234942464,649080,46443738
2024-08-14 08:15:57,9.1,24.7423,234790912,666077,46456899
2024-08-14 08:16:02,7.9,24.7402,234770432,696429,46473386
2024-08-14 08:16:07,0,19.4241,184324096,720698,46492338
2024-08-14 08:16:12,0,19.4241,184324096,720986,46492570
2024-08-14 08:16:17,0,19.4241,184324096,720986,46492570
2024-08-14 08:16:23,5.7,19.4241,184324096,720986,46492570
2024-08-14 08:16:28,3,19.4245,184328192,721214,46492646
2024-08-14 08:16:33,0,19.4245,184328192,721214,46492646
2024-08-14 08:16:38,3.1,19.4245,184328192,721214,46492646
2024-08-14 08:16:44,0,19.4245,184328192,721214,46492646
2024-08-14 08:16:49,3,19.425,184332288,721304,46492722
2024-08-14 08:16:54,3.1,19.425,184332288,721346,46492750
2024-08-14 08:16:59,3.2,19.425,184332288,721706,46493054
2024-08-14 08:17:04,3.2,19.425,184332288,721838,46493158
2024-08-14 08:17:10,3.1,19.425,184332288,721838,46493158
2024-08-14 08:17:15,6.1,19.425,184332288,721838,46493158
2024-08-14 08:17:20,3,19.4487,184557568,723964,46495293
2024-08-14 08:17:25,6.1,19.4491,184561664,723964,46495293
2024-08-14 08:17:30,3,19.4491,184561664,723964,46495293
2024-08-14 08:17:36,2.9,19.4491,184561664,724054,46495369
2024-08-14 08:17:41,0,19.4491,184561664,724054,46495369
2024-08-14 08:17:46,0,19.4491,184561664,724054,46495369
2024-08-14 08:17:51,3,19.4491,184561664,724186,46495473
2024-08-14 08:17:56,6.2,19.4491,184561664,724186,46495473
2024-08-14 08:18:02,0,19.4491,184561664,724186,46495473
2024-08-14 08:18:07,3,19.4491,184561664,724678,46495881
2024-08-14 08:18:12,3,19.4491,184561664,724678,46495881
2024-08-14 08:18:17,3,19.4491,184561664,724678,46495881
2024-08-14 08:18:22,2.9,19.4457,184528896,724906,46495957
2024-08-14 08:18:28,3.1,19.4457,184528896,724906,46495957
2024-08-14 08:18:33,3,19.4457,184528896,724906,46495957
2024-08-14 08:18:38,3,19.4457,184528896,724996,46496033
2024-08-14 08:18:43,3.2,19.4457,184528896,724996,46496033
2024-08-14 08:18:48,3.1,19.4457,184528896,725038,46496061
2024-08-14 08:18:54,6,19.4457,184528896,725128,46496137
2024-08-14 08:18:59,3,19.4448,184520704,725240,46496165
2024-08-14 08:19:04,0,19.4448,184520704,725240,46496165
2024-08-14 08:19:09,3.2,19.4448,184520704,725690,46496545
2024-08-14 08:19:14,3,19.4716,184774656,725690,46496545
2024-08-14 08:19:20,0,19.4716,184774656,727726,46498604
2024-08-14 08:19:25,6.1,19.4716,184774656,727726,46498604
2024-08-14 08:19:30,3.1,19.4716,184774656,727870,46498726
2024-08-14 08:19:35,3,19.4716,184774656,727870,46498726
2024-08-14 08:19:40,5.8,19.4716,184774656,727912,46498754
2024-08-14 08:19:46,0,19.4716,184774656,728002,46498830
2024-08-14 08:19:51,3,19.4716,184774656,728044,46498858
2024-08-14 08:19:56,3.2,19.4716,184774656,728044,46498858
2024-08-14 08:20:01,3,19.4716,184774656,728134,46498934
2024-08-14 08:20:06,3.1,19.472,184778752,728134,46498934
2024-08-14 08:20:12,0,19.472,184778752,728224,46499010
2024-08-14 08:20:17,0,19.4716,184774656,728446,46499190
2024-08-14 08:20:22,3,19.4716,184774656,728584,46499190
2024-08-14 08:20:27,0,19.4716,184774656,728584,46499190
2024-08-14 08:20:32,3.1,19.4716,184774656,728674,46499266
2024-08-14 08:20:38,3.1,19.4716,184774656,728716,46499294
2024-08-14 08:20:43,3.2,19.4716,184774656,730752,46501353
2024-08-14 08:20:48,3.2,19.4716,184774656,730842,46501429
2024-08-14 08:20:53,3,19.4716,184774656,730842,46501429
2024-08-14 08:20:59,6.1,19.4716,184774656,730842,46501429
2024-08-14 08:21:04,5.9,19.4716,184774656,730932,46501505
2024-08-14 08:21:09,0,19.4716,184774656,730974,46501533
2024-08-14 08:21:14,0,19.4716,184774656,730974,46501533
2024-08-14 08:21:19,0,19.4716,184774656,731334,46501837
2024-08-14 08:21:25,6,19.4716,184774656,731334,46501837
2024-08-14 08:21:30,3,19.4716,184774656,731388,46501883
2024-08-14 08:21:35,0,19.4716,184774656,731562,46502015
2024-08-14 08:21:40,2.9,19.4716,184774656,731562,46502015
2024-08-14 08:21:45,0,19.4716,184774656,731678,46502061
