2024-08-14 08:07:36,12.5,17.6598,167587840,177184,26684065
2024-08-14 08:07:41,0,18.2257,172957696,292651,43531381
2024-08-14 08:07:46,0,18.2253,172953600,292741,43531457
2024-08-14 08:07:51,3.2,18.2253,172953600,292741,43531457
2024-08-14 08:07:57,0,18.2512,173199360,292741,43531457
2024-08-14 08:08:02,0,18.2783,173457408,292831,43531533
2024-08-14 08:08:07,6.1,18.2783,173457408,292831,43531533
2024-08-14 08:08:12,3.2,18.2783,173457408,292831,43531533
2024-08-14 08:08:17,3,18.2783,173457408,293281,43531913
2024-08-14 08:08:23,3.1,18.3871,174489600,293323,43531941
2024-08-14 08:08:28,0,18.4143,174747648,293323,43531941
2024-08-14 08:08:33,3,18.4143,174747648,293593,43532045
2024-08-14 08:08:38,0,18.4143,174747648,293593,43532045
2024-08-14 08:08:43,0,18.4959,175521792,293593,43532045
2024-08-14 08:08:48,0,18.6586,177065984,295719,43534180
2024-08-14 08:08:54,3.1,18.6586,177065984,295719,43534180
2024-08-14 08:08:59,3,18.6586,177065984,295719,43534180
2024-08-14 08:09:04,0,18.6586,177065984,295809,43534256
2024-08-14 08:09:09,3,18.6586,177065984,295809,43534256
2024-08-14 08:09:14,0,18.6586,177065984,295809,43534256
2024-08-14 08:09:20,3.1,18.6586,177065984,296259,43534636
2024-08-14 08:09:25,0,18.6586,177065984,296301,43534664
2024-08-14 08:09:30,6.2,18.6586,177065984,296343,43534692
2024-08-14 08:09:35,0,18.6586,177065984,296433,43534768
2024-08-14 08:09:40,3.1,18.6586,177065984,296433,43534768
2024-08-14 08:09:46,6.2,18.6547,177029120,296433,43534768
2024-08-14 08:09:51,3.1,18.6547,177029120,296433,43534768
2024-08-14 08:09:56,0,18.6547,177029120,296523,43534844
2024-08-14 08:10:01,3,18.6547,177029120,296523,43534844
2024-08-14 08:10:06,3.1,18.6547,177029120,296523,43534844
2024-08-14 08:10:12,6.1,18.6547,177029120,296613,43534920
2024-08-14 08:10:17,3,18.7069,177524736,298781,43536979
2024-08-14 08:10:22,3.1,18.7328,177770496,298871,43537055
2024-08-14 08:10:27,3.2,18.7324,177766400,299411,43537387
2024-08-14 08:10:32,3.1,18.7324,177766400,299411,43537387
2024-08-14 08:10:38,0,18.7324,177766400,299411,43537387
2024-08-14 08:10:43,0,18.732,177762304,299501,43537463
2024-08-14 08:10:48,0,18.732,177762304,299571,43537463
2024-08-14 08:10:53,3.1,18.732,177762304,299625,43537555
2024-08-14 08:10:58,6,18.732,177762304,299757,43537659
2024-08-14 08:11:04,3.2,18.732,177762304,299757,43537659
2024-08-14 08:11:09,3.2,18.732,177762304,299757,43537659
2024-08-14 08:11:14,0,18.732,177762304,299847,43537735
2024-08-14 08:11:19,3.2,18.732,177762304,299847,43537735
2024-08-14 08:11:24,2.9,18.732,177762304,299943,43537809
2024-08-14 08:11:30,3.1,18.7315,177758208,300393,43538189
2024-08-14 08:11:35,3,18.7315,177758208,300393,43538189
2024-08-14 08:11:40,0,18.7315,177758208,300393,43538189
2024-08-14 08:11:45,3.2,18.7307,177750016,302585,43540324
2024-08-14 08:11:50,0,18.7307,177750016,302643,43540462
2024-08-14 08:11:56,8.6,18.7307,177750016,302643,43540462
2024-08-14 08:12:01,3,18.7307,177750016,302733,43540538
2024-08-14 08:12:06,3.2,18.7307,177750016,302733,43540538
2024-08-14 08:12:11,3,18.7307,177750016,302733,43540538
2024-08-14 08:12:16,0,18.7307,177750016,302871,43540538
2024-08-14 08:12:22,0,18.7307,177750016,303045,43540670
2024-08-14 08:12:27,0,18.7307,177750016,303045,43540670
2024-08-14 08:12:32,6,18.7566,177995776,303225,43540822
2024-08-14 08:12:37,5.8,18.7566,177995776,303495,43541050
2024-08-14 08:12:42,3,18.7467,177901568,303495,43541050
2024-08-14 08:12:48,3,18.7467,177901568,303495,43541050
2024-08-14 08:12:53,3.2,18.7467,177901568,303585,43541126
2024-08-14 08:12:58,6.2,18.7467,177901568,303585,43541126
2024-08-14 08:13:03,2.9,18.7467,177901568,303585,43541126
2024-08-14 08:13:09,3.2,18.7467,177901568,303675,43541202
2024-08-14 08:13:14,2.9,18.7467,177901568,303717,43541230
2024-08-14 08:13:19,0,18.7726,178147328,303759,43541258
2024-08-14 08:13:24,3.2,18.8813,179179520,303849,43541334
2024-08-14 08:13:29,0,18.8809,179175424,303849,43541334
2024-08-14 08:13:34,0,18.8809,179175424,303849,43541334
2024-08-14 08:13:40,3.1,18.8809,179175424,304299,43541714
2024-08-14 08:13:45,3.1,18.8809,179175424,306401,43543773
2024-08-14 08:13:50,3.1,18.8809,179175424,306401,43543773
2024-08-14 08:13:55,79.4,24.4557,232079360,539757,43678555
2024-08-14 08:14:01,3.3,24.4721,232235008,580720,43741463
2024-08-14 08:14:06,3,24.4721,232235008,585053,43752042
2024-08-14 08:14:11,0,24.4721,232235008,585323,43752146
2024-08-14 08:14:16,3.1,24.498,232480768,585323,43752146
2024-08-14 08:14:21,0,24.498,232480768,585323,43752146
2024-08-14 08:14:27,0,24.498,232480768,585413,43752222
2024-08-14 08:14:32,3.2,24.498,232480768,585467,43752314
2024-08-14 08:14:37,8.6,24.498,232480768,585467,43752314
2024-08-14 08:14:42,3.2,24.498,232480768,585827,43752618
2024-08-14 08:14:47,3.1,24.4976,232476672,585959,43752722
2024-08-14 08:14:53,76.5,24.5244,232730624,587930,43754231
2024-08-14 08:14:58,0,24.7859,235212800,616798,43942754
2024-08-14 08:15:03,6.1,24.7851,235204608,616888,43942830
2024-08-14 08:15:08,6.1,24.7851,235204608,616930,43942858
2024-08-14 08:15:14,3,24.7851,235204608,616930,43942858
2024-08-14 08:15:19,3.1,24.7851,235204608,617020,43942934
2024-08-14 08:15:24,3,24.7851,235204608,617020,43942934
2024-08-14 08:15:29,5.8,24.8537,235855872,675539,43972616
2024-08-14 08:15:34,0,24.8485,235806720,690839,43980101
2024-08-14 08:15:40,9.1,24.8481,235802624,694749,43981897
2024-08-14 08:15:45,3.1,25.0371,237596672,705668,43987833
2024-08-14 08:15:50,12.1,25.0915,238112768,710445,43992199
2024-08-14 08:15:55,3.1,25.1459,238628864,723315,43999517
2024-08-14 08:16:00,0,25.1714,238870528,747085,44014852
2024-08-14 08:16:06,3,25.2508,239624192,757935,44022452
2024-08-14 08:16:11,3,17.8195,169103360,759909,44027421
2024-08-14 08:16:16,0,17.8726,169607168,759909,44027421
2024-08-14 08:16:21,3,17.9274,170127360,759999,44027497
2024-08-14 08:16:26,0,17.9546,170385408,759999,44027497
2024-08-14 08:16:32,6.2,17.9818,170643456,759999,44027497
2024-08-14 08:16:37,0,17.9818,170643456,760089,44027573
2024-08-14 08:16:42,3.1,17.9818,170643456,760089,44027573
2024-08-14 08:16:47,3,17.9823,170647552,760089,44027573
2024-08-14 08:16:53,3.2,17.9823,170647552,760539,44027953
2024-08-14 08:16:58,3,17.9823,170647552,760581,44027981
2024-08-14 08:17:03,0,17.9823,170647552,760731,44028101
2024-08-14 08:17:08,0,17.9823,170647552,760731,44028101
2024-08-14 08:17:13,3,17.9823,170647552,760821,44028177
2024-08-14 08:17:19,3.1,17.9823,170647552,760821,44028177
2024-08-14 08:17:24,3,18.0366,171163648,760821,44028177
2024-08-14 08:17:29,3.2,18.1454,172195840,760911,44028253
2024-08-14 08:17:34,0,18.2542,173228032,760911,44028253
2024-08-14 08:17:39,6.2,18.2542,173228032,760911,44028253
2024-08-14 08:17:45,0,18.5231,175779840,763037,44030388
2024-08-14 08:17:50,3.1,18.5201,175751168,763037,44030388
2024-08-14 08:17:55,0,18.5201,175751168,763127,44030464
2024-08-14 08:18:00,0,18.5201,175751168,763667,44030796
2024-08-14 08:18:05,6.2,18.5201,175751168,763667,44030796
2024-08-14 08:18:11,3.1,18.5201,175751168,763667,44030796
2024-08-14 08:18:16,5.9,18.5201,175751168,763757,44030872
2024-08-14 08:18:21,6.1,18.5201,175751168,763757,44030872
2024-08-14 08:18:26,3,18.5201,175751168,763757,44030872
2024-08-14 08:18:31,6.2,18.5201,175751168,763847,44030948
2024-08-14 08:18:36,3,18.5201,175751168,763889,44030976
2024-08-14 08:18:42,0,18.5201,175751168,763889,44030976
2024-08-14 08:18:47,0,18.5192,175742976,763979,44031052
2024-08-14 08:18:52,3.1,18.5192,175742976,763979,44031052
2024-08-14 08:18:57,3,18.5192,175742976,764021,44031080
2024-08-14 08:19:02,6.2,18.5192,175742976,764471,44031460
2024-08-14 08:19:08,3,18.5192,175742976,764541,44031460
2024-08-14 08:19:13,6.2,18.5192,175742976,764541,44031460
2024-08-14 08:19:18,0,18.5192,175742976,764631,44031536
2024-08-14 08:19:23,0,18.5192,175742976,764673,44031564
2024-08-14 08:19:28,3.1,18.5192,175742976,764673,44031564
2024-08-14 08:19:34,0,18.5192,175742976,764763,44031640
2024-08-14 08:19:39,3.1,18.5192,175742976,764763,44031640
2024-08-14 08:19:44,25,18.5192,175742976,766799,44033699
2024-08-14 08:19:49,5.9,18.5188,175738880,766979,44033727
2024-08-14 08:19:54,3.1,18.5188,175738880,767069,44033803
2024-08-14 08:20:00,3,18.5188,175738880,767069,44033803
2024-08-14 08:20:05,5.8,18.5183,175734784,767069,44033803
2024-08-14 08:20:10,0,18.5179,175730688,767249,44033955
2024-08-14 08:20:15,3.1,18.5179,175730688,767249,44033955
2024-08-14 08:20:21,0,18.5179,175730688,767249,44033955
2024-08-14 08:20:26,3.1,18.5179,175730688,767339,44034031
2024-08-14 08:20:31,3.2,18.5179,175730688,767339,44034031
2024-08-14 08:20:36,3,18.5179,175730688,767339,44034031
2024-08-14 08:20:41,3.2,18.5179,175730688,767429,44034107
2024-08-14 08:20:47,0,18.5179,175730688,767513,44034163
2024-08-14 08:20:52,6,18.5179,175730688,767513,44034163
2024-08-14 08:20:57,0,18.5179,175730688,767603,44034239
2024-08-14 08:21:02,5.7,18.5179,175730688,767603,44034239
2024-08-14 08:21:07,2.9,18.5179,175730688,767603,44034239
2024-08-14 08:21:13,3.1,18.5179,175730688,768111,44034665
2024-08-14 08:21:18,3.2,18.5179,175730688,768227,44034665
2024-08-14 08:21:23,5.8,18.5179,175730688,768285,44034665
2024-08-14 08:21:28,6.2,18.5179,175730688,768433,44034741
