2024-08-14 08:08:20,20.5,18.0674,171454464,191954,28256753
2024-08-14 08:08:26,6.1,18.5314,175857664,298509,43527441
2024-08-14 08:08:31,0,18.5314,175857664,298509,43527441
2024-08-14 08:08:36,3.1,18.5314,175857664,298509,43527441
2024-08-14 08:08:41,2.9,18.5314,175857664,298599,43527517
2024-08-14 08:08:46,5.8,18.5314,175857664,298599,43527517
2024-08-14 08:08:52,3.1,18.5314,175857664,298737,43527517
2024-08-14 08:08:57,3.1,18.5585,176115712,298827,43527593
2024-08-14 08:09:02,3.1,18.5581,176111616,298869,43527621
2024-08-14 08:09:07,0,18.5581,176111616,298869,43527621
2024-08-14 08:09:12,8.6,18.5585,176115712,298959,43527697
2024-08-14 08:09:18,3.2,18.5585,176115712,299001,43527725
2024-08-14 08:09:23,2.9,18.666,177135616,299001,43527725
2024-08-14 08:09:28,2.9,18.6932,177393664,299451,43528105
2024-08-14 08:09:33,0,18.6932,177393664,299451,43528105
2024-08-14 08:09:38,6.2,18.6932,177393664,299451,43528105
2024-08-14 08:09:44,0,18.9073,179425280,301577,43530241
2024-08-14 08:09:49,2.9,18.9073,179425280,301577,43530241
2024-08-14 08:09:54,2.9,18.9073,179425280,301577,43530241
2024-08-14 08:09:59,3.1,18.9332,179671040,301709,43530345
2024-08-14 08:10:05,3,18.9332,179671040,301709,43530345
2024-08-14 08:10:10,5.9,18.9332,179671040,301779,43530345
2024-08-14 08:10:15,0,18.9332,179671040,301869,43530421
2024-08-14 08:10:20,3,18.9332,179671040,301869,43530421
2024-08-14 08:10:26,3,18.9332,179671040,301869,43530421
2024-08-14 08:10:31,3.1,18.9336,179675136,302319,43530801
2024-08-14 08:10:36,0,18.9336,179675136,302361,43530829
2024-08-14 08:10:41,0,18.9289,179630080,302499,43530829
2024-08-14 08:10:46,3,18.9284,179625984,302589,43530905
2024-08-14 08:10:52,3.1,18.9284,179625984,302589,43530905
2024-08-14 08:10:57,6.2,18.9284,179625984,302631,43530933
2024-08-14 08:11:02,0,18.9284,179625984,302631,43530933
2024-08-14 08:11:07,0,18.928,179621888,302721,43531009
2024-08-14 08:11:12,3.2,18.9552,179879936,302721,43531009
2024-08-14 08:11:18,0,19.0096,180396032,302721,43531009
2024-08-14 08:11:23,2.9,19.1447,181678080,302811,43531085
2024-08-14 08:11:28,0,19.1447,181678080,302811,43531085
2024-08-14 08:11:33,3,19.1447,181678080,302811,43531085
2024-08-14 08:11:38,3,19.1443,181673984,303261,43531465
2024-08-14 08:11:44,3.2,19.2526,182702080,305339,43533553
2024-08-14 08:11:49,0,19.2802,182964224,305339,43533553
2024-08-14 08:11:54,0,19.3074,183222272,305471,43533657
2024-08-14 08:11:59,3,19.3074,183222272,305471,43533657
2024-08-14 08:12:04,6,19.3074,183222272,305471,43533657
2024-08-14 08:12:10,0,19.3074,183222272,305561,43533733
2024-08-14 08:12:15,3.1,19.3074,183222272,305615,43533779
2024-08-14 08:12:20,0,19.3074,183222272,305615,43533779
2024-08-14 08:12:25,3,19.3074,183222272,305759,43533901
2024-08-14 08:12:30,3.2,19.3074,183222272,305759,43533901
2024-08-14 08:12:36,0,19.3074,183222272,305759,43533901
2024-08-14 08:12:41,3,19.3074,183222272,306347,43534281
2024-08-14 08:12:46,0,19.3074,183222272,306431,43534337
2024-08-14 08:12:51,3.2,19.3074,183222272,306431,43534337
2024-08-14 08:12:56,3.1,19.3074,183222272,306521,43534413
2024-08-14 08:13:02,5.8,19.3074,183222272,306521,43534413
2024-08-14 08:13:07,6.1,19.3074,183222272,306521,43534413
2024-08-14 08:13:12,0,19.3074,183222272,306611,43534489
2024-08-14 08:13:17,3.1,19.3333,183468032,306611,43534489
2024-08-14 08:13:22,3.1,19.3605,183726080,306611,43534489
2024-08-14 08:13:28,3.1,19.351,183635968,306611,43534489
2024-08-14 08:13:33,3,19.3506,183631872,306701,43534565
2024-08-14 08:13:38,3.2,19.3506,183631872,306701,43534565
2024-08-14 08:13:43,0,19.7844,187748352,309001,43536729
2024-08-14 08:13:48,5.9,19.7844,187748352,309361,43537033
2024-08-14 08:13:54,61.8,23.4717,222740480,324038,43557658
2024-08-14 08:13:59,0,24.9289,236568576,420972,43608031
2024-08-14 08:14:04,61.3,24.9345,236621824,563937,43709681
2024-08-14 08:14:09,3.1,24.9673,236933120,583700,43740499
2024-08-14 08:14:15,0,24.9673,236933120,588141,43751210
2024-08-14 08:14:20,3.1,24.9673,236933120,588231,43751286
2024-08-14 08:14:25,0,24.9664,236924928,588231,43751286
2024-08-14 08:14:30,0,24.9656,236916736,588231,43751286
2024-08-14 08:14:35,0,24.9651,236912640,588459,43751362
2024-08-14 08:14:41,0,24.9651,236912640,588501,43751390
2024-08-14 08:14:46,3.1,24.9651,236912640,588501,43751390
2024-08-14 08:14:51,0,24.9647,236908544,589005,43751862
2024-08-14 08:14:56,0,25.5254,242229248,620244,43941998
2024-08-14 08:15:01,0,25.5254,242229248,620244,43941998
2024-08-14 08:15:07,3.1,25.5254,242229248,620334,43942074
2024-08-14 08:15:12,3,25.5254,242229248,620334,43942074
2024-08-14 08:15:17,5.9,25.5258,242233344,620334,43942074
2024-08-14 08:15:22,6,25.5258,242233344,620424,43942150
2024-08-14 08:15:27,2.9,25.5526,242487296,620424,43942150
2024-08-14 08:15:33,3,26.2039,248668160,661696,43958413
2024-08-14 08:15:38,6,26.2039,248668160,666958,43962162
2024-08-14 08:15:43,6,26.2121,248745984,676329,43970887
2024-08-14 08:15:48,6,26.2104,248729600,685844,43973100
2024-08-14 08:15:53,6.4,26.2104,248729600,688716,43976702
2024-08-14 08:15:59,6.7,26.21,248725504,710633,43991368
2024-08-14 08:16:04,8.8,26.2341,248954880,742385,44009432
2024-08-14 08:16:09,0,26.2484,249090048,764284,44026467
2024-08-14 08:16:14,6.1,19.0048,180350976,764596,44026875
2024-08-14 08:16:19,3.2,19.1136,181383168,764596,44026875
2024-08-14 08:16:25,3.1,19.1952,182157312,764596,44026875
2024-08-14 08:16:30,0,19.1952,182157312,764686,44026951
2024-08-14 08:16:35,0,19.304,183189504,764866,44026979
2024-08-14 08:16:40,3,19.3312,183447552,764866,44026979
2024-08-14 08:16:45,3,19.3312,183447552,764956,44027055
2024-08-14 08:16:51,3.1,19.3312,183447552,765010,44027101
2024-08-14 08:16:56,0,19.3312,183447552,765010,44027101
2024-08-14 08:17:01,5.9,19.3583,183705600,765460,44027481
2024-08-14 08:17:06,3.1,19.4127,184221696,765502,44027509
2024-08-14 08:17:11,0,16.7651,159096832,765502,44027509
2024-08-14 08:17:17,0,16.9283,160645120,765592,44027585
2024-08-14 08:17:22,0,16.9551,160899072,765716,44027631
2024-08-14 08:17:27,3.1,16.9551,160899072,765716,44027631
2024-08-14 08:17:32,0,17.0094,161415168,765848,44027735
2024-08-14 08:17:37,0,17.0366,161673216,765848,44027735
2024-08-14 08:17:43,5.8,17.3595,164737024,768094,44029795
2024-08-14 08:17:48,0,17.3595,164737024,768184,44029871
2024-08-14 08:17:53,3.1,17.4411,165511168,768382,44029975
2024-08-14 08:17:58,0,17.4411,165511168,768448,44029975
2024-08-14 08:18:03,3.1,17.4411,165511168,768940,44030327
2024-08-14 08:18:09,5.7,17.4411,165511168,769030,44030403
2024-08-14 08:18:14,3,17.5214,166273024,769096,44030403
2024-08-14 08:18:19,3,17.5214,166273024,769096,44030403
2024-08-14 08:18:24,3.1,17.5214,166273024,769366,44030507
2024-08-14 08:18:30,0,17.5214,166273024,769432,44030507
2024-08-14 08:18:35,3.2,17.5214,166273024,769474,44030535
2024-08-14 08:18:40,3.1,17.5218,166277120,769564,44030611
2024-08-14 08:18:45,0,17.5222,166281216,769564,44030611
2024-08-14 08:18:50,6.1,17.5222,166281216,769564,44030611
2024-08-14 08:18:56,3,17.5218,166277120,769654,44030687
2024-08-14 08:19:01,0,17.5218,166277120,769654,44030687
2024-08-14 08:19:06,6,17.5218,166277120,769744,44030763
2024-08-14 08:19:11,3,17.5218,166277120,770104,44031067
2024-08-14 08:19:16,0,17.5218,166277120,770104,44031067
2024-08-14 08:19:22,0,17.5218,166277120,770146,44031095
2024-08-14 08:19:27,0,17.5485,166531072,770236,44031171
2024-08-14 08:19:32,3.1,17.5757,166789120,770278,44031199
2024-08-14 08:19:37,3.1,17.5757,166789120,770278,44031199
2024-08-14 08:19:42,0,17.6254,167260160,772614,44033335
2024-08-14 08:19:48,0,17.6526,167518208,772614,44033335
2024-08-14 08:19:53,0,17.6798,167776256,772614,44033335
2024-08-14 08:19:58,0,17.7613,168550400,772704,44033411
2024-08-14 08:20:03,6.2,17.7613,168550400,772704,44033411
2024-08-14 08:20:08,5.8,17.7885,168808448,772704,44033411
2024-08-14 08:20:14,3.1,17.8157,169066496,772794,44033487
2024-08-14 08:20:19,3.1,17.8157,169066496,772836,44033515
2024-08-14 08:20:24,0,17.8157,169066496,772974,44033515
2024-08-14 08:20:29,3.1,17.8157,169066496,773064,44033591
2024-08-14 08:20:34,3.2,17.8157,169066496,773106,44033619
2024-08-14 08:20:40,6.2,17.8157,169066496,773106,44033619
2024-08-14 08:20:45,3,17.8157,169066496,773106,44033619
2024-08-14 08:20:50,0,17.8679,169562112,773196,44033695
2024-08-14 08:20:55,3,17.8679,169562112,773196,44033695
2024-08-14 08:21:00,6.2,17.8679,169562112,773196,44033695
2024-08-14 08:21:06,0,17.8679,169562112,773286,44033771
2024-08-14 08:21:11,0,17.8679,169562112,773328,44033799
2024-08-14 08:21:16,0,17.8679,169562112,773550,44033979
2024-08-14 08:21:21,0,17.8679,169562112,773820,44034207
2024-08-14 08:21:26,3.1,17.8679,169562112,773820,44034207
