2024-08-14 08:10:00,21.9,17.9281,170127360,259182,38537880
2024-08-14 08:10:05,3,18.0783,171552768,310137,46034904
2024-08-14 08:10:10,3.2,18.1055,171810816,310227,46034980
2024-08-14 08:10:15,3,18.1055,171810816,310227,46034980
2024-08-14 08:10:21,0,18.1055,171810816,310269,46035008
2024-08-14 08:10:26,0,18.1327,172068864,310359,46035084
2024-08-14 08:10:31,3.1,18.1323,172064768,310359,46035084
2024-08-14 08:10:36,3.1,18.1595,172322816,310497,46035084
2024-08-14 08:10:41,3.1,18.1863,172576768,310947,46035464
2024-08-14 08:10:47,2.9,18.3485,174116864,310989,46035492
2024-08-14 08:10:52,3.2,18.4573,175149056,310989,46035492
2024-08-14 08:10:57,3.1,18.6731,177197056,311079,46035568
2024-08-14 08:11:02,0,18.7003,177455104,311079,46035568
2024-08-14 08:11:07,0,18.7008,177459200,311079,46035568
2024-08-14 08:11:13,0,18.7008,177459200,311169,46035644
2024-08-14 08:11:18,3.1,18.728,177717248,311265,46035718
2024-08-14 08:11:23,0,18.9183,179523584,311265,46035718
2024-08-14 08:11:28,3.1,18.9999,180297728,311265,46035718
2024-08-14 08:11:33,8.6,18.9999,180297728,311397,46035822
2024-08-14 08:11:39,0,19.2697,182857728,313565,46037881
2024-08-14 08:11:44,6.1,19.3236,183369728,313835,46038109
2024-08-14 08:11:49,0,19.3508,183627776,314015,46038261
2024-08-14 08:11:54,0,19.378,183885824,314015,46038261
2024-08-14 08:12:00,2.9,19.4324,184401920,314015,46038261
2024-08-14 08:12:05,0,19.4324,184401920,314105,46038337
2024-08-14 08:12:10,0,19.4324,184401920,314175,46038337
2024-08-14 08:12:15,0,19.4324,184401920,314217,46038365
2024-08-14 08:12:20,6,19.4324,184401920,314307,46038441
2024-08-14 08:12:25,0,19.4324,184401920,314349,46038469
2024-08-14 08:12:31,3.2,19.4328,184406016,314349,46038469
2024-08-14 08:12:36,0,19.4548,184614912,314577,46038545
2024-08-14 08:12:41,3.2,19.4544,184610816,314577,46038545
2024-08-14 08:12:46,0,19.4544,184610816,314577,46038545
2024-08-14 08:12:51,0,19.4548,184614912,315027,46038925
2024-08-14 08:12:57,0,19.4548,184614912,315081,46038971
2024-08-14 08:13:02,3.2,19.4548,184614912,315081,46038971
2024-08-14 08:13:07,0,19.4548,184614912,315171,46039047
2024-08-14 08:13:12,5.7,19.4548,184614912,315255,46039103
2024-08-14 08:13:17,0,19.4544,184610816,315255,46039103
2024-08-14 08:13:23,3.2,19.4544,184610816,315345,46039179
2024-08-14 08:13:28,3.2,19.4544,184610816,315345,46039179
2024-08-14 08:13:33,6.1,19.4544,184610816,315345,46039179
2024-08-14 08:13:38,6.1,19.4535,184602624,317537,46041314
2024-08-14 08:13:43,0,19.4535,184602624,317537,46041314
2024-08-14 08:13:48,3.1,19.4535,184602624,317537,46041314
2024-08-14 08:13:54,3.2,19.4535,184602624,317897,46041618
2024-08-14 08:13:59,0,24.3842,231391232,350277,46066369
2024-08-14 08:14:04,6.2,24.4886,232382464,395241,46095682
2024-08-14 08:14:09,12.1,24.5154,232636416,422820,46111200
2024-08-14 08:14:14,6.4,24.5447,232914944,464408,46139793
2024-08-14 08:14:20,9.4,24.5473,232939520,536419,46192080
2024-08-14 08:14:25,6.5,24.5728,233181184,576431,46227892
2024-08-14 08:14:30,6.7,24.5771,233222144,593474,46240064
2024-08-14 08:14:35,3.2,24.6086,233521152,611113,46269496
2024-08-14 08:14:40,6.2,24.6358,233779200,611113,46269496
2024-08-14 08:14:46,2.9,24.6362,233783296,611203,46269572
2024-08-14 08:14:51,3.1,24.6362,233783296,611203,46269572
2024-08-14 08:14:56,3.2,24.6362,233783296,611293,46269648
2024-08-14 08:15:01,6,25.0869,238059520,642535,46460114
2024-08-14 08:15:06,0,25.0769,237965312,642535,46460114
2024-08-14 08:15:12,3,25.0769,237965312,642535,46460114
2024-08-14 08:15:17,6.1,25.0765,237961216,642625,46460190
2024-08-14 08:15:22,0,25.0765,237961216,642625,46460190
2024-08-14 08:15:27,0,25.0765,237961216,642679,46460236
2024-08-14 08:15:32,0,25.6476,243380224,665211,46464064
2024-08-14 08:15:37,3.2,25.8375,245182464,669196,46467619
2024-08-14 08:15:43,3.2,25.8375,245182464,679751,46473895
2024-08-14 08:15:48,9.1,25.8375,245182464,686358,46478708
2024-08-14 08:15:53,3.1,25.8375,245182464,692117,46482972
2024-08-14 08:15:58,6.5,25.8194,245010432,715541,46497962
2024-08-14 08:16:03,16.1,25.8181,244998144,742310,46513659
2024-08-14 08:16:09,3.2,16.6794,158277632,752903,46523367
2024-08-14 08:16:14,0,16.868,160067584,753041,46523367
2024-08-14 08:16:19,0,16.95,160845824,753041,46523367
2024-08-14 08:16:24,3.1,16.9777,161107968,753131,46523443
2024-08-14 08:16:29,3.2,17.0592,161882112,753131,46523443
2024-08-14 08:16:35,0,17.0592,161882112,753131,46523443
2024-08-14 08:16:40,3.2,17.0592,161882112,753221,46523519
2024-08-14 08:16:45,6,17.1123,162385920,753221,46523519
2024-08-14 08:16:50,0,17.2211,163418112,753221,46523519
2024-08-14 08:16:55,0,17.2483,163676160,753353,46523623
2024-08-14 08:17:01,3,17.2483,163676160,753395,46523651
2024-08-14 08:17:06,6.2,17.3027,164192256,753485,46523727
2024-08-14 08:17:11,0,17.3027,164192256,753845,46524031
2024-08-14 08:17:16,3.2,17.3027,164192256,753845,46524031
2024-08-14 08:17:21,0,17.3027,164192256,753845,46524031
2024-08-14 08:17:27,3,17.3027,164192256,753935,46524107
2024-08-14 08:17:32,0,17.3027,164192256,753935,46524107
2024-08-14 08:17:37,2.2,17.4084,165195776,756103,46526166
2024-08-14 08:17:42,6.1,17.4084,165195776,756247,46526302
2024-08-14 08:17:48,3.1,17.4084,165195776,756247,46526302
2024-08-14 08:17:53,3,17.4084,165195776,756289,46526330
2024-08-14 08:17:58,0,17.4084,165195776,756379,46526406
2024-08-14 08:18:03,3,17.4084,165195776,756379,46526406
2024-08-14 08:18:08,0,17.49,165969920,756571,46526452
2024-08-14 08:18:14,5.9,17.5168,166223872,757021,46526832
2024-08-14 08:18:19,0,17.5168,166223872,757063,46526860
2024-08-14 08:18:24,3.1,17.5168,166223872,757063,46526860
2024-08-14 08:18:29,0,17.5168,166223872,757063,46526860
2024-08-14 08:18:34,5.8,17.6476,167464960,757153,46526936
2024-08-14 08:18:40,3.2,17.6476,167464960,757153,46526936
2024-08-14 08:18:45,0,17.6476,167464960,757207,46527028
2024-08-14 08:18:50,0,17.6476,167464960,757339,46527132
2024-08-14 08:18:55,0,17.6476,167464960,757339,46527132
2024-08-14 08:19:00,0,17.6476,167464960,757339,46527132
2024-08-14 08:19:06,3.1,17.6471,167460864,757429,46527208
2024-08-14 08:19:11,6,17.6471,167460864,757471,46527236
2024-08-14 08:19:16,0,17.6471,167460864,757651,46527388
2024-08-14 08:19:21,0,17.6471,167460864,757921,46527616
2024-08-14 08:19:26,2.9,17.6471,167460864,757921,46527616
2024-08-14 08:19:32,0,17.6471,167460864,757921,46527616
2024-08-14 08:19:37,0,17.6713,167690240,760179,46529751
2024-08-14 08:19:42,3.1,17.6713,167690240,760179,46529751
2024-08-14 08:19:47,3.2,17.6713,167690240,760221,46529779
2024-08-14 08:19:52,0,17.6709,167686144,760311,46529855
2024-08-14 08:19:57,0,17.6709,167686144,760311,46529855
2024-08-14 08:20:03,0,17.6709,167686144,760449,46529855
2024-08-14 08:20:08,0,17.6709,167686144,760539,46529931
2024-08-14 08:20:13,3,17.7525,168460288,760581,46529959
2024-08-14 08:20:18,6.2,17.8068,168976384,760671,46530035
2024-08-14 08:20:23,0,17.8068,168976384,760851,46530187
2024-08-14 08:20:29,3.2,17.8068,168976384,760851,46530187
2024-08-14 08:20:34,0,17.8068,168976384,760851,46530187
2024-08-14 08:20:39,3.2,17.8068,168976384,760893,46530215
2024-08-14 08:20:44,0,17.831,169205760,763217,46532350
2024-08-14 08:20:49,0,17.8582,169463808,763217,46532350
2024-08-14 08:20:55,3,17.8582,169463808,763217,46532350
2024-08-14 08:21:00,0,17.8854,169721856,763307,46532426
2024-08-14 08:21:05,0,17.9126,169979904,763307,46532426
2024-08-14 08:21:10,3.1,17.9126,169979904,763307,46532426
2024-08-14 08:21:15,0,17.9126,169979904,763397,46532502
2024-08-14 08:21:20,0,17.9126,169979904,763439,46532530
2024-08-14 08:21:26,0,17.9126,169979904,763619,46532682
2024-08-14 08:21:31,0,17.9126,169979904,763799,46532834
2024-08-14 08:21:36,0,17.9126,169979904,763841,46532862
2024-08-14 08:21:41,3.1,17.9126,169979904,763911,46532862
2024-08-14 08:21:46,3.1,17.9126,169979904,764001,46532938
2024-08-14 08:21:52,0,17.9126,169979904,764043,46532966
2024-08-14 08:21:57,0,17.9126,169979904,764181,46532966
