2024-08-14 08:05:21,9.7,17.8256,169160704,182969,26688726
2024-08-14 08:05:26,0,18.539,175931392,316340,43550910
2024-08-14 08:05:32,0,18.5921,176435200,316340,43550910
2024-08-14 08:05:37,3.1,18.5921,176435200,316340,43550910
2024-08-14 08:05:42,6.2,18.618,176680960,316430,43550986
2024-08-14 08:05:47,3.1,18.6724,177197056,316430,43550986
2024-08-14 08:05:52,0,18.7268,177713152,316700,43551138
2024-08-14 08:05:57,0,18.7264,177709056,316880,43551366
2024-08-14 08:06:03,0,18.7505,177938432,316880,43551366
2024-08-14 08:06:08,3.2,18.7505,177938432,316922,43551394
2024-08-14 08:06:13,3.2,18.751,177942528,317012,43551470
2024-08-14 08:06:18,3.2,18.751,177942528,317054,43551498
2024-08-14 08:06:23,0,18.751,177942528,317054,43551498
2024-08-14 08:06:29,3.2,18.751,177942528,317282,43551574
2024-08-14 08:06:34,3.2,18.751,177942528,317282,43551574
2024-08-14 08:06:39,0,18.751,177942528,317282,43551574
2024-08-14 08:06:44,0,18.751,177942528,317372,43551650
2024-08-14 08:06:49,0,18.751,177942528,317442,43551650
2024-08-14 08:06:54,3.2,18.751,177942528,317442,43551650
2024-08-14 08:07:00,0,18.751,177942528,317892,43552030
2024-08-14 08:07:05,0,18.751,177942528,317976,43552086
2024-08-14 08:07:10,0,18.7479,177913856,320276,43554146
2024-08-14 08:07:15,3.2,18.7479,177913856,320366,43554222
2024-08-14 08:07:20,0,18.7479,177913856,320366,43554222
2024-08-14 08:07:26,0,18.7501,177934336,320366,43554222
2024-08-14 08:07:31,0,18.7501,177934336,320456,43554298
2024-08-14 08:07:36,0,18.7764,178184192,320456,43554298
2024-08-14 08:07:41,0,18.7764,178184192,320456,43554298
2024-08-14 08:07:46,0,18.7764,178184192,320456,43554298
2024-08-14 08:07:51,0,18.7764,178184192,320546,43554374
2024-08-14 08:07:57,0,18.7764,178184192,320588,43554402
2024-08-14 08:08:02,0,18.7764,178184192,320810,43554582
2024-08-14 08:08:07,3.3,18.7764,178184192,321080,43554810
2024-08-14 08:08:12,0,18.7738,178159616,321080,43554810
2024-08-14 08:08:17,0,18.7738,178159616,321272,43554856
2024-08-14 08:08:23,3.1,18.7738,178159616,321362,43554932
2024-08-14 08:08:28,0,18.7738,178159616,321416,43554978
2024-08-14 08:08:33,3.2,18.7738,178159616,321416,43554978
2024-08-14 08:08:38,3.1,18.7738,178159616,321506,43555054
2024-08-14 08:08:43,3.1,18.7738,178159616,321548,43555082
2024-08-14 08:08:48,0,18.7738,178159616,321548,43555082
2024-08-14 08:08:54,3.2,18.7738,178159616,321638,43555158
2024-08-14 08:08:59,3.1,18.7738,178159616,321680,43555186
2024-08-14 08:09:04,0,18.7738,178159616,321680,43555186
2024-08-14 08:09:09,0,18.801,178417664,324232,43557626
2024-08-14 08:09:14,0,18.801,178417664,324232,43557626
2024-08-14 08:09:20,3.1,18.801,178417664,324232,43557626
2024-08-14 08:09:25,0,18.8282,178675712,324322,43557702
2024-08-14 08:09:30,3.1,18.9642,179965952,324322,43557702
2024-08-14 08:09:35,0,19.0458,180740096,324322,43557702
2024-08-14 08:09:40,0,19.0458,180740096,324412,43557778
2024-08-14 08:09:46,0,19.0458,180740096,324412,43557778
2024-08-14 08:09:51,0,19.0458,180740096,324466,43557824
2024-08-14 08:09:56,3.2,19.0458,180740096,324550,43557880
2024-08-14 08:10:01,3.2,19.0458,180740096,324640,43557956
2024-08-14 08:10:06,6.2,19.0458,180740096,324640,43557956
2024-08-14 08:10:11,0,19.0458,180740096,324958,43558108
2024-08-14 08:10:17,3,19.0458,180740096,325228,43558336
2024-08-14 08:10:22,0,19.0458,180740096,325228,43558336
2024-08-14 08:10:27,0,19.0458,180740096,325228,43558336
2024-08-14 08:10:32,3.2,19.0354,180641792,325318,43558412
2024-08-14 08:10:37,3.1,19.0354,180641792,325318,43558412
2024-08-14 08:10:43,3.1,19.0354,180641792,325318,43558412
2024-08-14 08:10:48,3.2,19.0333,180621312,327444,43560548
2024-08-14 08:10:53,6.2,19.0333,180621312,327540,43560636
2024-08-14 08:10:58,3.1,19.0333,180621312,327540,43560636
2024-08-14 08:11:03,0,19.0333,180621312,327630,43560712
2024-08-14 08:11:08,3.2,19.1692,181911552,327700,43560712
2024-08-14 08:11:14,0,19.1692,181911552,327700,43560712
2024-08-14 08:11:19,0,19.1679,181899264,328150,43561092
2024-08-14 08:11:24,3.2,19.1679,181899264,328150,43561092
2024-08-14 08:11:29,3.1,19.1679,181899264,328150,43561092
2024-08-14 08:11:34,3.1,19.1679,181899264,328240,43561168
2024-08-14 08:11:40,6.2,19.1666,181886976,328282,43561196
2024-08-14 08:11:45,3.2,19.1666,181886976,328324,43561224
2024-08-14 08:11:50,0,19.1666,181886976,328468,43561346
2024-08-14 08:11:55,0,19.1666,181886976,328468,43561346
2024-08-14 08:12:00,0,19.2197,182390784,328468,43561346
2024-08-14 08:12:05,0,19.2197,182390784,328606,43561346
2024-08-14 08:12:11,3.2,19.2456,182636544,330930,43563482
2024-08-14 08:12:16,3.1,19.2456,182636544,330930,43563482
2024-08-14 08:12:21,3.2,19.2456,182636544,331110,43563634
2024-08-14 08:12:26,3.1,19.2456,182636544,331380,43563862
2024-08-14 08:12:31,3.2,19.2719,182886400,331380,43563862
2024-08-14 08:12:37,6.2,19.2991,183144448,331380,43563862
2024-08-14 08:12:42,0,19.3263,183402496,331512,43563966
2024-08-14 08:12:47,3.2,19.4066,184164352,331512,43563966
2024-08-14 08:12:52,6.2,19.4066,184164352,331566,43564012
2024-08-14 08:12:57,0,19.4066,184164352,331698,43564116
2024-08-14 08:13:03,0,19.4066,184164352,331698,43564116
2024-08-14 08:13:08,3.1,19.407,184168448,331698,43564116
2024-08-14 08:13:13,3.2,19.407,184168448,331788,43564192
2024-08-14 08:13:18,3.1,19.407,184168448,331788,43564192
2024-08-14 08:13:23,0,19.407,184168448,331788,43564192
2024-08-14 08:13:28,0,19.407,184168448,332238,43564572
2024-08-14 08:13:34,0,19.407,184168448,332238,43564572
2024-08-14 08:13:39,0,19.407,184168448,332280,43564600
2024-08-14 08:13:44,3.1,19.407,184168448,332370,43564676
2024-08-14 08:13:49,96.9,24.6586,234004480,545529,43682760
2024-08-14 08:13:54,0,24.6746,234156032,610937,43771361
2024-08-14 08:14:00,3.2,24.6746,234156032,611081,43771483
2024-08-14 08:14:05,3,24.6746,234156032,611219,43771483
2024-08-14 08:14:10,0,24.7009,234405888,613309,43773589
2024-08-14 08:14:15,0,24.7009,234405888,613309,43773589
2024-08-14 08:14:20,0,24.7268,234651648,613453,43773757
2024-08-14 08:14:26,0,24.7268,234651648,613453,43773757
2024-08-14 08:14:31,6.2,24.7268,234651648,613813,43774061
2024-08-14 08:14:36,3.2,24.7264,234647552,613945,43774165
2024-08-14 08:14:41,3.2,24.7264,234647552,613945,43774165
2024-08-14 08:14:46,0,24.7264,234647552,613945,43774165
2024-08-14 08:14:51,0,24.9068,236359680,644218,43964324
2024-08-14 08:14:57,3.2,24.9327,236605440,644218,43964324
2024-08-14 08:15:02,3.1,24.9327,236605440,644218,43964324
2024-08-14 08:15:07,3.2,24.9327,236605440,644308,43964400
2024-08-14 08:15:12,3.2,24.9327,236605440,644308,43964400
2024-08-14 08:15:17,6.1,24.9327,236605440,644308,43964400
2024-08-14 08:15:23,87.1,25.0833,238034944,731234,44004997
2024-08-14 08:15:28,3,19.6453,186429440,753977,44023956
2024-08-14 08:15:33,6.1,19.6453,186429440,754073,44024030
2024-08-14 08:15:38,6.2,19.6449,186425344,754523,44024410
2024-08-14 08:15:43,0,19.6449,186425344,754523,44024410
2024-08-14 08:15:48,6,16.9356,160714752,754523,44024410
2024-08-14 08:15:54,3.2,17.0158,161476608,754751,44024486
2024-08-14 08:15:59,0,17.0158,161476608,754751,44024486
2024-08-14 08:16:04,0,17.0702,161992704,754751,44024486
2024-08-14 08:16:09,0,17.0974,162250752,754841,44024562
2024-08-14 08:16:14,3.2,17.0974,162250752,754883,44024590
2024-08-14 08:16:20,6.2,17.1246,162508800,754883,44024590
2024-08-14 08:16:25,6.1,17.179,163024896,754973,44024666
2024-08-14 08:16:30,3.1,17.2062,163282944,755015,44024694
2024-08-14 08:16:35,3.2,17.233,163536896,755131,44024740
2024-08-14 08:16:40,6.1,17.2601,163794944,755549,44025044
2024-08-14 08:16:45,0,17.2873,164052992,755697,44025120
2024-08-14 08:16:51,0,17.3145,164311040,755755,44025120
2024-08-14 08:16:56,3.2,17.3145,164311040,755797,44025148
2024-08-14 08:17:01,3.1,17.3145,164311040,755887,44025224
2024-08-14 08:17:06,3.2,17.3145,164311040,755945,44025224
2024-08-14 08:17:11,0,17.4742,165826560,758179,44027284
2024-08-14 08:17:17,3.1,17.4742,165826560,758269,44027360
2024-08-14 08:17:22,3.2,17.4742,165826560,758269,44027360
2024-08-14 08:17:27,3.2,17.5558,166600704,758311,44027388
2024-08-14 08:17:32,3.2,17.5558,166600704,758401,44027464
2024-08-14 08:17:37,3.1,17.583,166858752,758401,44027464
2024-08-14 08:17:42,6.2,17.8277,169181184,758401,44027464
2024-08-14 08:17:48,0,17.8277,169181184,758851,44027844
2024-08-14 08:17:53,0,17.8273,169177088,759031,44027872
2024-08-14 08:17:58,3.1,17.8273,169177088,759031,44027872
2024-08-14 08:18:03,3.2,17.8817,169693184,759121,44027948
2024-08-14 08:18:08,0,17.8817,169693184,759121,44027948
2024-08-14 08:18:14,0,17.8817,169693184,759175,44027994
2024-08-14 08:18:19,0,17.8817,169693184,759307,44028098
2024-08-14 08:18:24,3.2,17.8817,169693184,759307,44028098
2024-08-14 08:18:29,0,17.8817,169693184,759307,44028098
2024-08-14 08:18:34,0,17.9071,169934848,759397,44028174
2024-08-14 08:18:39,3.1,17.9071,169934848,759439,44028202
2024-08-14 08:18:45,0,17.9071,169934848,759439,44028202
2024-08-14 08:18:50,6,17.9071,169934848,759799,44028506
2024-08-14 08:18:55,0,17.9071,169934848,759889,44028582
2024-08-14 08:19:00,0,17.9071,169934848,759889,44028582
2024-08-14 08:19:05,0,17.9071,169934848,759889,44028582
2024-08-14 08:19:11,3.1,17.9067,169930752,762015,44030718
2024-08-14 08:19:16,3.2,17.9067,169930752,762057,44030746
2024-08-14 08:19:21,0,17.9067,169930752,762057,44030746
2024-08-14 08:19:26,3.1,17.9067,169930752,762147,44030822
2024-08-14 08:19:31,3.1,17.9067,169930752,762147,44030822
2024-08-14 08:19:37,0,17.9067,169930752,762147,44030822
2024-08-14 08:19:42,3.2,17.9067,169930752,762375,44030898
2024-08-14 08:19:47,0,17.9067,169930752,762487,44030926
2024-08-14 08:19:52,6,17.9067,169930752,762487,44030926
2024-08-14 08:19:57,0,17.9067,169930752,762721,44031124
2024-08-14 08:20:02,0,17.9067,169930752,762721,44031124
2024-08-14 08:20:08,0,17.9067,169930752,762721,44031124
2024-08-14 08:20:13,6.2,17.9067,169930752,762853,44031228
2024-08-14 08:20:18,0,17.9067,169930752,762895,44031256
2024-08-14 08:20:23,0,17.9067,169930752,762895,44031256
2024-08-14 08:20:28,0,17.9067,169930752,762985,44031332
2024-08-14 08:20:34,0,17.9067,169930752,762985,44031332
2024-08-14 08:20:39,0,17.9067,169930752,762985,44031332
2024-08-14 08:20:44,0,17.9067,169930752,763075,44031408
2024-08-14 08:20:49,3.1,17.9309,170160128,765177,44033468
2024-08-14 08:20:54,3.2,17.9309,170160128,765177,44033468
2024-08-14 08:20:59,6,17.9309,170160128,765627,44033848
2024-08-14 08:21:05,3.2,17.9568,170405888,765627,44033848
2024-08-14 08:21:10,3.1,17.9568,170405888,765669,44033876
2024-08-14 08:21:15,3.2,17.9568,170405888,765669,44033876
