2024-08-14 08:04:37,9.7,18.6073,176578560,147031,26109688
2024-08-14 08:04:42,3.1,18.1222,171974656,263646,42971820
2024-08-14 08:04:48,6.1,18.1222,171974656,264166,42972200
2024-08-14 08:04:53,3,18.1222,171974656,264166,42972200
2024-08-14 08:04:58,3.2,18.1213,171966464,264166,42972200
2024-08-14 08:05:03,3.2,18.1213,171966464,264310,42972322
2024-08-14 08:05:08,6,18.1213,171966464,264310,42972322
2024-08-14 08:05:14,3,18.1213,171966464,264352,42972350
2024-08-14 08:05:19,3,18.1213,171966464,264442,42972426
2024-08-14 08:05:24,0,18.1502,172240896,264484,42972454
2024-08-14 08:05:29,0,18.2305,173002752,264484,42972454
2024-08-14 08:05:34,0,18.2305,173002752,264484,42972454
2024-08-14 08:05:39,5.8,18.2305,173002752,264574,42972530
2024-08-14 08:05:45,0,18.2305,173002752,264574,42972530
2024-08-14 08:05:50,0,18.2305,173002752,264664,42972606
2024-08-14 08:05:55,0,18.2301,172998656,265024,42972910
2024-08-14 08:06:00,3.1,18.2301,172998656,265024,42972910
2024-08-14 08:06:05,3.1,18.2296,172994560,265024,42972910
2024-08-14 08:06:11,3.1,18.2296,172994560,265294,42973014
2024-08-14 08:06:16,0,18.2296,172994560,265336,42973042
2024-08-14 08:06:21,0,18.2296,172994560,265390,42973134
2024-08-14 08:06:26,0,18.2296,172994560,265480,42973210
2024-08-14 08:06:31,0,18.2296,172994560,265480,42973210
2024-08-14 08:06:37,0,18.281,173481984,265480,42973210
2024-08-14 08:06:42,3,18.36,174231552,267804,42975345
2024-08-14 08:06:47,6.1,18.3872,174489600,267804,42975345
2024-08-14 08:06:52,6.1,18.3863,174481408,267804,42975345
2024-08-14 08:06:57,0,18.3863,174481408,268254,42975725
2024-08-14 08:07:02,3.1,18.4135,174739456,268254,42975725
2024-08-14 08:07:08,3.2,18.4666,175243264,268366,42975753
2024-08-14 08:07:13,3.2,18.4666,175243264,268456,42975829
2024-08-14 08:07:18,0,18.4666,175243264,268456,42975829
2024-08-14 08:07:23,0,18.4666,175243264,268456,42975829
2024-08-14 08:07:28,3.1,18.4666,175243264,268456,42975829
2024-08-14 08:07:34,3.2,18.4662,175239168,268546,42975905
2024-08-14 08:07:39,6.2,18.4934,175497216,268588,42975933
2024-08-14 08:07:44,3,18.5206,175755264,268588,42975933
2024-08-14 08:07:49,0,18.6837,177303552,268678,42976009
2024-08-14 08:07:54,3.1,18.8464,178847744,268678,42976009
2024-08-14 08:08:00,0,18.8736,179105792,268906,42976085
2024-08-14 08:08:05,0,18.8736,179105792,269308,42976417
2024-08-14 08:08:10,0,18.8736,179105792,269308,42976417
2024-08-14 08:08:15,6.2,18.8736,179105792,269308,42976417
2024-08-14 08:08:20,0,18.8736,179105792,269398,42976493
2024-08-14 08:08:26,6.2,18.8736,179105792,269440,42976521
2024-08-14 08:08:31,0,18.8736,179105792,269440,42976521
2024-08-14 08:08:36,6.1,18.8736,179105792,269530,42976597
2024-08-14 08:08:41,0,19.2802,182964224,271566,42978656
2024-08-14 08:08:46,0,19.2802,182964224,271566,42978656
2024-08-14 08:08:51,0,19.2802,182964224,271656,42978732
2024-08-14 08:08:57,0,19.2802,182964224,271656,42978732
2024-08-14 08:09:02,5.9,19.2802,182964224,271698,42978760
2024-08-14 08:09:07,0,19.2802,182964224,272148,42979140
2024-08-14 08:09:12,0,19.2802,182964224,272148,42979140
2024-08-14 08:09:17,0,19.2802,182964224,272148,42979140
2024-08-14 08:09:23,0,19.2802,182964224,272238,42979216
2024-08-14 08:09:28,0,19.2802,182964224,272280,42979244
2024-08-14 08:09:33,3.2,19.2802,182964224,272280,42979244
2024-08-14 08:09:38,3.3,19.2802,182964224,272370,42979320
2024-08-14 08:09:43,3,19.2802,182964224,272424,42979366
2024-08-14 08:09:48,3.2,19.2703,182870016,272562,42979366
2024-08-14 08:09:54,0,19.2703,182870016,272604,42979394
2024-08-14 08:09:59,0,19.2703,182870016,272694,42979470
2024-08-14 08:10:04,3.2,19.2703,182870016,272694,42979470
2024-08-14 08:10:09,6,19.2703,182870016,272784,42979546
2024-08-14 08:10:14,3,19.2699,182865920,273186,42979878
2024-08-14 08:10:20,0,19.2673,182841344,275354,42981937
2024-08-14 08:10:25,3.1,19.2673,182841344,275354,42981937
2024-08-14 08:10:30,5.8,19.2673,182841344,275444,42982013
2024-08-14 08:10:35,3,19.2673,182841344,275444,42982013
2024-08-14 08:10:40,3.2,19.2673,182841344,275444,42982013
2024-08-14 08:10:46,0,19.2668,182837248,275534,42982089
2024-08-14 08:10:51,0,19.2668,182837248,275576,42982117
2024-08-14 08:10:56,0,19.2664,182833152,275576,42982117
2024-08-14 08:11:01,3.1,19.2664,182833152,275666,42982193
2024-08-14 08:11:06,3.2,19.2664,182833152,275708,42982221
2024-08-14 08:11:11,3.1,19.2664,182833152,275708,42982221
2024-08-14 08:11:17,3.2,19.2651,182820864,276158,42982601
2024-08-14 08:11:22,3.2,19.2651,182820864,276158,42982601
2024-08-14 08:11:27,3.2,19.2643,182812672,276158,42982601
2024-08-14 08:11:32,3.1,19.2643,182812672,276318,42982677
2024-08-14 08:11:37,3.2,19.2643,182812672,276318,42982677
2024-08-14 08:11:43,0,19.3458,183586816,278486,42984736
2024-08-14 08:11:48,0,19.3458,183586816,278666,42984764
2024-08-14 08:11:53,3.1,19.3458,183586816,278756,42984840
2024-08-14 08:11:58,3,19.3458,183586816,278756,42984840
2024-08-14 08:12:03,0,19.3458,183586816,278756,42984840
2024-08-14 08:12:09,3.1,19.3458,183586816,278846,42984916
2024-08-14 08:12:14,3.2,19.3458,183586816,278846,42984916
2024-08-14 08:12:19,0,19.3458,183586816,278936,42984992
2024-08-14 08:12:24,0,19.3458,183586816,279392,42985370
2024-08-14 08:12:29,3.1,19.345,183578624,279392,42985370
2024-08-14 08:12:34,3.2,19.345,183578624,279392,42985370
2024-08-14 08:12:40,3.2,19.345,183578624,279536,42985492
2024-08-14 08:12:45,3.1,19.345,183578624,279578,42985520
2024-08-14 08:12:50,3.2,19.345,183578624,279578,42985520
2024-08-14 08:12:55,3.1,19.345,183578624,279668,42985596
2024-08-14 08:13:00,3.2,19.345,183578624,279668,42985596
2024-08-14 08:13:06,0,19.345,183578624,279668,42985596
2024-08-14 08:13:11,0,19.345,183578624,279758,42985672
2024-08-14 08:13:16,0,19.345,183578624,279800,42985700
2024-08-14 08:13:21,0,19.345,183578624,279890,42985776
2024-08-14 08:13:26,3.1,19.345,183578624,280250,42986080
2024-08-14 08:13:31,3.2,19.345,183578624,280250,42986080
2024-08-14 08:13:37,3.1,19.345,183578624,280388,42986080
2024-08-14 08:13:42,86.6,22.8666,216997888,291734,43001159
2024-08-14 08:13:47,3.2,24.1744,229408768,561375,43194246
2024-08-14 08:13:52,3.1,24.1744,229408768,561375,43194246
2024-08-14 08:13:57,3.2,24.2016,229666816,561375,43194246
2024-08-14 08:14:03,6,24.2016,229666816,561465,43194322
2024-08-14 08:14:08,0,24.2016,229666816,561465,43194322
2024-08-14 08:14:13,3.2,24.2016,229666816,561465,43194322
2024-08-14 08:14:18,0,24.2016,229666816,561555,43194398
2024-08-14 08:14:23,0,24.2016,229666816,561555,43194398
2024-08-14 08:14:28,0,24.2016,229666816,561735,43194550
2024-08-14 08:14:34,3.1,24.2012,229662720,562047,43194806
2024-08-14 08:14:39,0,24.2556,230178816,562089,43194834
2024-08-14 08:14:44,80,24.9552,236818432,588053,43367250
2024-08-14 08:14:49,0,24.8978,236273664,592625,43385045
2024-08-14 08:14:55,0,24.8978,236273664,592625,43385045
2024-08-14 08:15:00,3,24.9518,236785664,592625,43385045
2024-08-14 08:15:05,0,24.9518,236785664,592715,43385121
2024-08-14 08:15:10,3.1,24.9518,236785664,592715,43385121
2024-08-14 08:15:15,2.9,24.9518,236785664,592715,43385121
2024-08-14 08:15:21,0,18.6643,177119232,702070,43442900
2024-08-14 08:15:26,0,18.6643,177119232,702070,43442900
2024-08-14 08:15:31,0,18.6643,177119232,702298,43442976
2024-08-14 08:15:36,0,18.6639,177115136,702700,43443308
2024-08-14 08:15:41,3.2,18.6639,177115136,702700,43443308
2024-08-14 08:15:46,3.2,18.6639,177115136,702700,43443308
2024-08-14 08:15:52,3,18.6639,177115136,702790,43443384
2024-08-14 08:15:57,3,18.6639,177115136,702844,43443476
2024-08-14 08:16:02,0,18.6639,177115136,702844,43443476
2024-08-14 08:16:07,3.1,18.6639,177115136,702934,43443552
2024-08-14 08:16:12,3.1,18.6639,177115136,702976,43443580
2024-08-14 08:16:18,5.9,18.6911,177373184,702976,43443580
2024-08-14 08:16:23,3.1,18.7454,177889280,702976,43443580
2024-08-14 08:16:28,0,18.7726,178147328,703108,43443684
2024-08-14 08:16:33,5.8,18.7726,178147328,703108,43443684
2024-08-14 08:16:38,3.2,18.7977,178384896,705324,43445895
2024-08-14 08:16:44,0,18.7977,178384896,705594,43446123
2024-08-14 08:16:49,3.2,18.7977,178384896,705594,43446123
2024-08-14 08:16:54,0,18.7977,178384896,705594,43446123
2024-08-14 08:16:59,6.2,18.7977,178384896,705684,43446199
2024-08-14 08:17:04,6.2,18.7977,178384896,705684,43446199
2024-08-14 08:17:09,3.1,18.7972,178380800,705684,43446199
2024-08-14 08:17:15,6,18.7972,178380800,705774,43446275
2024-08-14 08:17:20,5.8,18.7972,178380800,705912,43446275
2024-08-14 08:17:25,0,18.7972,178380800,705954,43446303
2024-08-14 08:17:30,0,18.7972,178380800,706044,43446379
2024-08-14 08:17:35,0,18.7972,178380800,706086,43446407
2024-08-14 08:17:41,3.1,18.8214,178610176,706176,43446483
2024-08-14 08:17:46,3.2,18.8214,178610176,706536,43446787
2024-08-14 08:17:51,3.2,18.8214,178610176,706710,43446833
2024-08-14 08:17:56,6,18.8214,178610176,706768,43446833
2024-08-14 08:18:01,6.2,18.8214,178610176,706858,43446909
2024-08-14 08:18:07,0,18.8214,178610176,706916,43446909
2024-08-14 08:18:12,0,18.8214,178610176,706916,43446909
2024-08-14 08:18:17,0,18.8214,178610176,707006,43446985
2024-08-14 08:18:22,0,18.8214,178610176,707148,43447041
2024-08-14 08:18:27,0,18.8214,178610176,707148,43447041
2024-08-14 08:18:32,0,18.8214,178610176,707148,43447041
2024-08-14 08:18:38,3.1,18.821,178606080,707238,43447117
2024-08-14 08:18:43,3.2,18.8447,178831360,709406,43449176
2024-08-14 08:18:48,3,18.8719,179089408,709586,43449328
2024-08-14 08:18:53,6.2,18.8719,179089408,709856,43449556
2024-08-14 08:18:58,3.1,18.8991,179347456,709856,43449556
2024-08-14 08:19:04,0,18.9535,179863552,709856,43449556
2024-08-14 08:19:09,3.2,18.9535,179863552,709946,43449632
2024-08-14 08:19:14,8.8,18.9535,179863552,709946,43449632
2024-08-14 08:19:19,0,18.9535,179863552,710180,43449706
2024-08-14 08:19:24,6,18.9531,179859456,710270,43449782
2024-08-14 08:19:30,3.2,18.9531,179859456,710312,43449810
2024-08-14 08:19:35,3.1,18.9531,179859456,710312,43449810
2024-08-14 08:19:40,0,18.9531,179859456,710402,43449886
2024-08-14 08:19:45,0,18.9531,179859456,710402,43449886
2024-08-14 08:19:50,0,18.9531,179859456,710456,43449932
2024-08-14 08:19:55,0,18.9531,179859456,710726,43450160
2024-08-14 08:20:01,0,18.9535,179863552,710726,43450160
2024-08-14 08:20:06,0,18.9535,179863552,710726,43450160
2024-08-14 08:20:11,3.1,18.9535,179863552,710816,43450236
2024-08-14 08:20:16,3.2,18.9535,179863552,710900,43450292
2024-08-14 08:20:21,0,18.9535,179863552,713068,43452351
2024-08-14 08:20:27,6.1,18.9535,179863552,713228,43452427
2024-08-14 08:20:32,0,18.9535,179863552,713282,43452473
2024-08-14 08:20:37,6.2,18.9535,179863552,713282,43452473
2024-08-14 08:20:42,6,18.9535,179863552,713282,43452473
2024-08-14 08:20:47,0,18.9531,179859456,713372,43452549
2024-08-14 08:20:53,0,18.9531,179859456,713462,43452625
2024-08-14 08:20:58,0,18.9531,179859456,713606,43452815
2024-08-14 08:21:03,6.2,18.9531,179859456,713786,43452967
2024-08-14 08:21:08,0,18.9531,179859456,713828,43452995
2024-08-14 08:21:13,0,18.9531,179859456,713870,43453023
