2024-08-14 08:12:06,12.5,17.4399,165494784,171950,29145672
2024-08-14 08:12:11,0,18.5091,175640576,305815,46007880
2024-08-14 08:12:16,3.2,18.5091,175640576,305815,46007880
2024-08-14 08:12:22,3.2,18.5091,175640576,305815,46007880
2024-08-14 08:12:27,3.1,18.5091,175640576,306085,46007984
2024-08-14 08:12:32,0,18.5091,175640576,306085,46007984
2024-08-14 08:12:37,0,18.5091,175640576,306085,46007984
2024-08-14 08:12:42,0,18.5091,175640576,306535,46008364
2024-08-14 08:12:48,0,18.6175,176668672,306577,46008392
2024-08-14 08:12:53,0,18.8078,178475008,306577,46008392
2024-08-14 08:12:58,0,18.9438,179765248,306577,46008392
2024-08-14 08:13:03,0,19.1341,181571584,306667,46008468
2024-08-14 08:13:08,0,19.3504,183623680,306667,46008468
2024-08-14 08:13:13,0,19.432,184397824,306667,46008468
2024-08-14 08:13:19,6.2,19.432,184397824,306757,46008544
2024-08-14 08:13:24,3.2,19.4298,184377344,308877,46010660
2024-08-14 08:13:29,3.1,19.4298,184377344,308877,46010660
2024-08-14 08:13:34,3.2,19.4298,184377344,308967,46010736
2024-08-14 08:13:39,3.1,19.4298,184377344,308967,46010736
2024-08-14 08:13:44,3.2,19.4566,184631296,309147,46010888
2024-08-14 08:13:50,0,19.4566,184631296,309591,46011162
2024-08-14 08:13:55,3.2,19.4566,184631296,309691,46011190
2024-08-14 08:14:00,3.1,19.4838,184889344,309691,46011190
2024-08-14 08:14:05,17.6,24.6293,233717760,347584,46039098
2024-08-14 08:14:10,9.7,24.6816,234213376,383513,46062155
2024-08-14 08:14:16,13.3,24.7083,234467328,404597,46075577
2024-08-14 08:14:21,29,24.7329,234700800,471012,46111196
2024-08-14 08:14:26,0,24.7312,234684416,518359,46147416
2024-08-14 08:14:31,6.7,24.7303,234676224,556526,46175494
2024-08-14 08:14:36,3.1,24.7433,234799104,588784,46231384
2024-08-14 08:14:41,3.1,24.7437,234803200,588838,46231430
2024-08-14 08:14:47,3.2,24.7437,234803200,588838,46231430
2024-08-14 08:14:52,3.2,24.7437,234803200,589288,46231810
2024-08-14 08:14:57,3.2,24.7433,234799104,589288,46231810
2024-08-14 08:15:02,3.1,24.7433,234799104,589288,46231810
2024-08-14 08:15:07,3.1,25.3584,240635904,620325,46421842
2024-08-14 08:15:13,3.2,25.3584,240635904,620415,46421918
2024-08-14 08:15:18,3.1,25.3584,240635904,620457,46421946
2024-08-14 08:15:23,6.2,25.3584,240635904,622493,46424006
2024-08-14 08:15:28,0,25.3571,240623616,622583,46424082
2024-08-14 08:15:33,0,25.3571,240623616,622583,46424082
2024-08-14 08:15:38,0,25.6549,243449856,645024,46427836
2024-08-14 08:15:44,3.2,25.8168,244985856,645246,46428132
2024-08-14 08:15:49,0,25.9527,246276096,657358,46435632
2024-08-14 08:15:54,0,25.9786,246521856,664113,46440494
2024-08-14 08:15:59,13.3,25.9609,246353920,692907,46459501
2024-08-14 08:16:04,6.2,25.9851,246583296,719637,46473915
2024-08-14 08:16:10,6.2,19.1574,181792768,730266,46485279
2024-08-14 08:16:15,3.1,19.1579,181796864,730536,46485383
2024-08-14 08:16:20,3.2,19.293,183078912,730536,46485383
2024-08-14 08:16:25,6.1,16.7252,158711808,730536,46485383
2024-08-14 08:16:30,3.2,16.8598,159989760,730626,46485459
2024-08-14 08:16:35,3.1,16.887,160247808,730680,46485505
2024-08-14 08:16:41,0,16.9686,161021952,730680,46485505
2024-08-14 08:16:46,3.1,16.9703,161038336,730770,46485581
2024-08-14 08:16:51,3.2,16.9703,161038336,730770,46485581
2024-08-14 08:16:56,3,16.9703,161038336,730770,46485581
2024-08-14 08:17:01,3.2,16.9703,161038336,731220,46485961
2024-08-14 08:17:06,3.2,16.9975,161296384,731262,46485989
2024-08-14 08:17:12,0,17.0247,161554432,731304,46486017
2024-08-14 08:17:17,0,17.0407,161705984,731304,46486017
2024-08-14 08:17:22,0,17.0666,161951744,731394,46486093
2024-08-14 08:17:27,0,17.4369,165466112,733496,46488153
2024-08-14 08:17:32,0,17.4369,165466112,733496,46488153
2024-08-14 08:17:38,0,17.4369,165466112,733586,46488229
2024-08-14 08:17:43,0,17.4369,165466112,733586,46488229
2024-08-14 08:17:48,0,17.5185,166240256,733640,46488321
2024-08-14 08:17:53,0,17.7089,168046592,733730,46488397
2024-08-14 08:17:58,0,17.8992,169852928,733730,46488397
2024-08-14 08:18:03,0,17.9251,170098688,734054,46488717
2024-08-14 08:18:09,6.1,17.9251,170098688,734414,46488897
2024-08-14 08:18:14,3.2,17.9251,170098688,734456,46488925
2024-08-14 08:18:19,3.2,17.9247,170094592,734456,46488925
2024-08-14 08:18:24,0,17.9208,170057728,734546,46489001
2024-08-14 08:18:29,0,17.9208,170057728,734546,46489001
2024-08-14 08:18:35,0,17.9208,170057728,734546,46489001
2024-08-14 08:18:40,0,17.9204,170053632,734636,46489077
2024-08-14 08:18:45,0,17.9463,170299392,734636,46489077
2024-08-14 08:18:50,0,17.9735,170557440,734636,46489077
2024-08-14 08:18:55,0,18.0542,171323392,734726,46489153
2024-08-14 08:19:00,0,18.0542,171323392,734768,46489181
2024-08-14 08:19:06,0,18.0542,171323392,734810,46489209
2024-08-14 08:19:11,0,18.1345,172085248,735260,46489589
2024-08-14 08:19:16,0,18.2704,173375488,735260,46489589
2024-08-14 08:19:21,0,18.2976,173633536,735260,46489589
2024-08-14 08:19:26,6.2,18.2976,173633536,737296,46491649
2024-08-14 08:19:32,6.2,18.2976,173633536,737386,46491725
2024-08-14 08:19:37,3.2,18.4608,175181824,737386,46491725
2024-08-14 08:19:42,3.2,18.4608,175181824,737386,46491725
2024-08-14 08:19:47,3.1,18.5152,175697920,737476,46491801
2024-08-14 08:19:52,3.2,18.5424,175955968,737476,46491801
2024-08-14 08:19:57,0,18.5424,175955968,737588,46491829
2024-08-14 08:20:03,0,18.5424,175955968,737816,46491905
2024-08-14 08:20:08,0,18.5424,175955968,737816,46491905
2024-08-14 08:20:13,0,18.6239,176730112,737816,46491905
2024-08-14 08:20:18,0,18.6507,176984064,737906,46491981
2024-08-14 08:20:23,0,18.6779,177242112,737948,46492009
2024-08-14 08:20:28,6,18.7051,177500160,737948,46492009
2024-08-14 08:20:34,6.2,18.7051,177500160,738038,46492085
2024-08-14 08:20:39,3.1,18.7051,177500160,738038,46492085
2024-08-14 08:20:44,3.2,18.7051,177500160,740074,46494145
2024-08-14 08:20:49,0,18.7051,177500160,740218,46494267
2024-08-14 08:20:54,3.2,18.7051,177500160,740314,46494341
2024-08-14 08:21:00,3.2,18.7051,177500160,740314,46494341
2024-08-14 08:21:05,0,18.7051,177500160,740404,46494417
2024-08-14 08:21:10,0,18.7051,177500160,740404,46494417
2024-08-14 08:21:15,0,18.7051,177500160,740404,46494417
2024-08-14 08:21:20,6.2,18.7051,177500160,740854,46494797
2024-08-14 08:21:25,3.2,18.7051,177500160,740896,46494825
2024-08-14 08:21:31,3.2,18.7051,177500160,740896,46494825
2024-08-14 08:21:36,3.2,18.7051,177500160,740896,46494825
2024-08-14 08:21:41,3.2,18.7051,177500160,740986,46494901
2024-08-14 08:21:46,3.2,18.7051,177500160,740986,46494901
2024-08-14 08:21:51,3.1,18.7051,177500160,741028,46494929
2024-08-14 08:21:57,3.1,18.7051,177500160,741256,46495005
2024-08-14 08:22:02,3.2,18.7051,177500160,741298,46495033
