2024-08-14 08:09:30,17.6,17.5336,166383616,208602,30779094
2024-08-14 08:09:35,3,18.0188,170987520,344061,45795602
2024-08-14 08:09:41,3.1,18.0179,170979328,344061,45795602
2024-08-14 08:09:46,6.1,18.0995,171753472,344151,45795678
2024-08-14 08:09:51,3.2,18.0995,171753472,344151,45795678
2024-08-14 08:09:56,6.2,18.0995,171753472,344151,45795678
2024-08-14 08:10:01,5.8,18.0995,171753472,344241,45795754
2024-08-14 08:10:07,6.2,18.0995,171753472,344241,45795754
2024-08-14 08:10:12,3.1,18.0995,171753472,344241,45795754
2024-08-14 08:10:17,0,18.0995,171753472,344331,45795830
2024-08-14 08:10:22,5.9,18.0995,171753472,344373,45795858
2024-08-14 08:10:27,2.9,18.2083,172785664,344415,45795886
2024-08-14 08:10:33,3.2,18.2622,173297664,344865,45796266
2024-08-14 08:10:38,0,18.3438,174071808,345003,45796266
2024-08-14 08:10:43,0,18.3982,174587904,345003,45796266
2024-08-14 08:10:48,2.9,18.3978,174583808,345093,45796342
2024-08-14 08:10:54,0,18.3978,174583808,345093,45796342
2024-08-14 08:10:59,0,18.3978,174583808,345093,45796342
2024-08-14 08:11:04,0,18.3978,174583808,345183,45796418
2024-08-14 08:11:09,3,18.3978,174583808,345225,45796446
2024-08-14 08:11:14,0,18.396,174567424,347261,45798505
2024-08-14 08:11:20,0,18.396,174567424,347261,45798505
2024-08-14 08:11:25,6.2,18.396,174567424,347393,45798609
2024-08-14 08:11:30,0,18.396,174567424,347393,45798609
2024-08-14 08:11:35,3.1,18.396,174567424,347573,45798761
2024-08-14 08:11:40,0,18.3956,174563328,347843,45798989
2024-08-14 08:11:46,3.1,18.3956,174563328,347843,45798989
2024-08-14 08:11:51,2.9,18.3956,174563328,347897,45799035
2024-08-14 08:11:56,0,18.3956,174563328,348029,45799139
2024-08-14 08:12:01,3.2,18.3956,174563328,348029,45799139
2024-08-14 08:12:06,0,18.3947,174555136,348029,45799139
2024-08-14 08:12:12,0,18.3926,174534656,348119,45799215
2024-08-14 08:12:17,3.1,18.3926,174534656,348119,45799215
2024-08-14 08:12:22,3.1,18.3926,174534656,348161,45799243
2024-08-14 08:12:27,3.2,18.3926,174534656,348389,45799319
2024-08-14 08:12:32,3.1,18.3926,174534656,348459,45799319
2024-08-14 08:12:38,3.2,18.3926,174534656,348459,45799319
2024-08-14 08:12:43,6,18.3926,174534656,348909,45799699
2024-08-14 08:12:48,0,18.3926,174534656,348951,45799727
2024-08-14 08:12:53,0,18.3926,174534656,348951,45799727
2024-08-14 08:12:58,3.1,18.4185,174780416,349041,45799803
2024-08-14 08:13:03,0,18.4185,174780416,349041,45799803
2024-08-14 08:13:09,3.1,18.4729,175296512,349095,45799849
2024-08-14 08:13:14,2.9,18.8501,178876416,351287,45801984
2024-08-14 08:13:19,3.2,18.9317,179650560,351329,45802012
2024-08-14 08:13:24,0,19.122,181456896,351329,45802012
2024-08-14 08:13:30,2.8,19.3124,183263232,351419,45802088
2024-08-14 08:13:35,3.1,19.3124,183263232,351419,45802088
2024-08-14 08:13:40,0,19.3383,183508992,351419,45802088
2024-08-14 08:13:45,3.1,19.4199,184283136,351689,45802316
2024-08-14 08:13:50,0,19.5282,185311232,351911,45802496
2024-08-14 08:13:56,30,23.015,218398720,357884,45809209
2024-08-14 08:14:01,17.6,24.5085,232570880,412064,45843120
2024-08-14 08:14:06,0,24.5611,233070592,450500,45868756
2024-08-14 08:14:11,39.4,24.5892,233336832,491449,45893360
2024-08-14 08:14:16,43.7,24.5965,233406464,591983,45969273
2024-08-14 08:14:22,3.1,24.5978,233418752,632136,46012943
2024-08-14 08:14:27,3.1,24.6,233439232,636193,46022089
2024-08-14 08:14:32,3,24.6,233439232,636193,46022089
2024-08-14 08:14:37,3.2,24.5901,233345024,636283,46022165
2024-08-14 08:14:42,6.2,24.5901,233345024,636283,46022165
2024-08-14 08:14:48,3.2,24.5901,233345024,636283,46022165
2024-08-14 08:14:53,2.9,24.6168,233598976,636787,46022591
2024-08-14 08:14:58,25,25.0476,237686784,667563,46212623
2024-08-14 08:15:03,9.1,25.0415,237629440,667605,46212651
2024-08-14 08:15:08,6,25.0411,237625344,667737,46212755
2024-08-14 08:15:14,3,25.0666,237867008,669971,46214814
2024-08-14 08:15:19,3.1,25.0666,237867008,669971,46214814
2024-08-14 08:15:24,6.1,25.0666,237867008,670061,46214890
2024-08-14 08:15:29,8.8,25.0666,237867008,670061,46214890
2024-08-14 08:15:34,3.2,25.4464,241471488,692771,46219084
2024-08-14 08:15:40,0,25.4728,241721344,704840,46226440
2024-08-14 08:15:45,3.2,25.4723,241717248,709937,46230136
2024-08-14 08:15:50,0,25.4723,241717248,716425,46234770
2024-08-14 08:15:55,9.4,25.4615,241614848,724383,46242495
2024-08-14 08:16:00,3.1,25.4546,241549312,756755,46260159
2024-08-14 08:16:06,24.2,25.452,241524736,785490,46277014
2024-08-14 08:16:11,0,18.0097,170901504,789819,46283299
2024-08-14 08:16:16,3.2,18.0909,171671552,789861,46283327
2024-08-14 08:16:21,0,18.1457,172191744,789861,46283327
2024-08-14 08:16:27,6,18.2001,172707840,789861,46283327
2024-08-14 08:16:32,3,18.2273,172965888,789951,46283403
2024-08-14 08:16:37,3.2,18.2545,173223936,789951,46283403
2024-08-14 08:16:42,0,18.2545,173223936,789951,46283403
2024-08-14 08:16:47,0,18.2545,173223936,790041,46283479
2024-08-14 08:16:52,3.2,18.3088,173740032,790083,46283507
2024-08-14 08:16:58,3.2,18.3632,174256128,790173,46283583
2024-08-14 08:17:03,3.2,18.3904,174514176,790575,46283915
2024-08-14 08:17:08,0,18.5523,176050176,790575,46283915
2024-08-14 08:17:13,0,18.9295,179630080,792611,46285974
2024-08-14 08:17:18,0,18.9295,179630080,792701,46286050
2024-08-14 08:17:24,3,18.9567,179888128,792701,46286050
2024-08-14 08:17:29,6,18.9839,180146176,792701,46286050
2024-08-14 08:17:34,0,19.0383,180662272,792791,46286126
2024-08-14 08:17:39,0,19.0655,180920320,792791,46286126
2024-08-14 08:17:44,0,19.0655,180920320,792791,46286126
2024-08-14 08:17:50,5.9,19.0655,180920320,792881,46286202
2024-08-14 08:17:55,0,19.0655,180920320,792923,46286230
2024-08-14 08:18:00,3.1,19.0655,180920320,793103,46286258
2024-08-14 08:18:05,0,19.0655,180920320,793463,46286562
2024-08-14 08:18:10,5.9,19.0655,180920320,793553,46286638
2024-08-14 08:18:16,0,19.0616,180883456,793553,46286638
2024-08-14 08:18:21,3.1,19.0616,180883456,793643,46286714
2024-08-14 08:18:26,3.2,19.0616,180883456,793643,46286714
2024-08-14 08:18:31,5.9,19.1432,181657600,793643,46286714
2024-08-14 08:18:36,5.9,19.1432,181657600,793643,46286714
2024-08-14 08:18:42,3.1,19.1432,181657600,793775,46286818
2024-08-14 08:18:47,0,19.1432,181657600,793775,46286818
2024-08-14 08:18:52,3.2,19.1432,181657600,793775,46286818
2024-08-14 08:18:57,0,19.1428,181653504,793907,46286922
2024-08-14 08:19:02,0,19.1428,181653504,793907,46286922
2024-08-14 08:19:08,3,19.1428,181653504,794087,46287074
2024-08-14 08:19:13,0,19.1428,181653504,796393,46289361
2024-08-14 08:19:18,0,19.1428,181653504,796393,46289361
2024-08-14 08:19:23,0,19.1428,181653504,796393,46289361
2024-08-14 08:19:28,3.2,19.1972,182169600,796483,46289437
2024-08-14 08:19:34,0,19.2515,182685696,796483,46289437
2024-08-14 08:19:39,3.2,19.3331,183459840,796483,46289437
2024-08-14 08:19:44,0,16.6673,158162944,796573,46289513
2024-08-14 08:19:49,3,16.8581,159973376,796573,46289513
2024-08-14 08:19:54,0,17.02,161509376,796615,46289541
2024-08-14 08:20:00,3.2,17.02,161509376,796843,46289617
2024-08-14 08:20:05,6.1,17.1287,162541568,796885,46289645
2024-08-14 08:20:10,0,17.1831,163057664,796885,46289645
2024-08-14 08:20:15,6,17.2103,163315712,797065,46289797
2024-08-14 08:20:20,3.2,17.2103,163315712,797065,46289797
2024-08-14 08:20:26,3.1,17.2103,163315712,797065,46289797
2024-08-14 08:20:31,0,17.3976,165093376,799257,46291932
2024-08-14 08:20:36,3,17.3976,165093376,799257,46291932
2024-08-14 08:20:41,6.1,17.4248,165351424,799257,46291932
2024-08-14 08:20:46,3.1,17.4248,165351424,799389,46292036
2024-08-14 08:20:52,0,17.4248,165351424,799389,46292036
2024-08-14 08:20:57,3.1,17.4507,165597184,799389,46292036
2024-08-14 08:21:02,0,17.4507,165597184,799389,46292036
2024-08-14 08:21:07,3,17.4779,165855232,799479,46292112
2024-08-14 08:21:12,3.1,17.5323,166371328,799521,46292140
2024-08-14 08:21:18,0,17.5591,166625280,799701,46292292
2024-08-14 08:21:23,3.1,17.6407,167399424,799971,46292520
2024-08-14 08:21:28,0,17.6407,167399424,799971,46292520
2024-08-14 08:21:33,3.2,17.6679,167657472,800025,46292566
2024-08-14 08:21:38,3.2,17.6679,167657472,800115,46292642
2024-08-14 08:21:43,3,17.6679,167657472,800211,46292716
