2024-08-14 08:04:36,12.5,17.6983,167952384,156878,26670240
2024-08-14 08:04:41,3.1,18.7407,177844224,309097,43532320
2024-08-14 08:04:46,3.1,18.767,178094080,309277,43532472
2024-08-14 08:04:51,3.2,18.7662,178085888,309547,43532700
2024-08-14 08:04:57,6.1,18.7662,178085888,309547,43532700
2024-08-14 08:05:02,3.1,18.846,178843648,309547,43532700
2024-08-14 08:05:07,3.1,18.9021,179376128,309637,43532776
2024-08-14 08:05:12,3.2,18.9021,179376128,309637,43532776
2024-08-14 08:05:17,3.2,18.9021,179376128,309679,43532804
2024-08-14 08:05:22,3.1,18.9004,179359744,309769,43532880
2024-08-14 08:05:28,3.1,18.9004,179359744,309769,43532880
2024-08-14 08:05:33,3.2,18.9021,179376128,309769,43532880
2024-08-14 08:05:38,3.2,18.9021,179376128,309859,43532956
2024-08-14 08:05:43,3.2,18.9021,179376128,309901,43532984
2024-08-14 08:05:48,0,18.928,179621888,309901,43532984
2024-08-14 08:05:54,6.1,18.9552,179879936,310351,43533364
2024-08-14 08:05:59,0,18.9824,180137984,310351,43533364
2024-08-14 08:06:04,3.2,19.0635,180908032,310351,43533364
2024-08-14 08:06:09,3.1,19.1162,181407744,310649,43533440
2024-08-14 08:06:14,0,19.1974,182177792,312727,43535527
2024-08-14 08:06:19,0,19.1974,182177792,312727,43535527
2024-08-14 08:06:25,0,19.1974,182177792,312871,43535649
2024-08-14 08:06:30,0,19.1974,182177792,312871,43535649
2024-08-14 08:06:35,0,19.1974,182177792,312871,43535649
2024-08-14 08:06:40,0,19.2517,182693888,312961,43535725
2024-08-14 08:06:45,0,19.2789,182951936,312961,43535725
2024-08-14 08:06:51,0,19.2789,182951936,312961,43535725
2024-08-14 08:06:56,6,19.3061,183209984,313231,43535953
2024-08-14 08:07:01,0,19.3061,183209984,313453,43536133
2024-08-14 08:07:06,0,19.3061,183209984,313453,43536133
2024-08-14 08:07:11,0,19.304,183189504,313495,43536161
2024-08-14 08:07:16,0,19.304,183189504,313639,43536329
2024-08-14 08:07:22,0,19.304,183189504,313639,43536329
2024-08-14 08:07:27,0,19.304,183189504,313639,43536329
2024-08-14 08:07:32,6.2,19.3035,183185408,313729,43536405
2024-08-14 08:07:37,0,19.3035,183185408,313729,43536405
2024-08-14 08:07:42,0,19.3035,183185408,313729,43536405
2024-08-14 08:07:47,0,19.3035,183185408,313819,43536481
2024-08-14 08:07:53,0,19.3035,183185408,313861,43536509
2024-08-14 08:07:58,0,19.3035,183185408,313861,43536509
2024-08-14 08:08:03,0,19.3035,183185408,314449,43536889
2024-08-14 08:08:08,0,19.3035,183185408,314491,43536917
2024-08-14 08:08:13,0,19.3851,183959552,316527,43538976
2024-08-14 08:08:19,3.2,19.3851,183959552,316617,43539052
2024-08-14 08:08:24,3.1,19.3851,183959552,316617,43539052
2024-08-14 08:08:29,0,19.3851,183959552,316617,43539052
2024-08-14 08:08:34,0,19.3851,183959552,316707,43539128
2024-08-14 08:08:39,3.2,19.3851,183959552,316707,43539128
2024-08-14 08:08:44,3.2,19.3851,183959552,316707,43539128
2024-08-14 08:08:50,3.2,19.3851,183959552,316797,43539204
2024-08-14 08:08:55,3.2,19.3851,183959552,316797,43539204
2024-08-14 08:09:00,6.1,19.3851,183959552,316851,43539250
2024-08-14 08:09:05,3.2,19.3851,183959552,317205,43539534
2024-08-14 08:09:10,3.2,19.3851,183959552,317385,43539686
2024-08-14 08:09:16,3.1,19.3851,183959552,317385,43539686
2024-08-14 08:09:21,0,19.3851,183959552,317385,43539686
2024-08-14 08:09:26,0,19.3851,183959552,317475,43539762
2024-08-14 08:09:31,3.1,19.3851,183959552,317475,43539762
2024-08-14 08:09:36,3.2,19.3851,183959552,317475,43539762
2024-08-14 08:09:41,3.2,19.3851,183959552,317623,43539930
2024-08-14 08:09:47,3.1,19.3752,183865344,317693,43539930
2024-08-14 08:09:52,0,19.3752,183865344,317693,43539930
2024-08-14 08:09:57,6.1,19.3752,183865344,317921,43540006
2024-08-14 08:10:02,8.6,19.3752,183865344,318005,43540062
2024-08-14 08:10:07,3.2,19.3752,183865344,318005,43540062
2024-08-14 08:10:13,0,19.4792,184852480,320491,43542501
2024-08-14 08:10:18,0,19.4792,184852480,320491,43542501
2024-08-14 08:10:23,0,19.4792,184852480,320491,43542501
2024-08-14 08:10:28,0,19.4792,184852480,320581,43542577
2024-08-14 08:10:33,0,19.4792,184852480,320581,43542577
2024-08-14 08:10:38,3.1,19.4792,184852480,320581,43542577
2024-08-14 08:10:44,3.1,19.4788,184848384,320671,43542653
2024-08-14 08:10:49,0,19.4783,184844288,320671,43542653
2024-08-14 08:10:54,0,19.531,185344000,320671,43542653
2024-08-14 08:10:59,0,19.531,185344000,320899,43542877
2024-08-14 08:11:04,0,19.531,185344000,320899,43542877
2024-08-14 08:11:10,5.9,19.531,185344000,320899,43542877
2024-08-14 08:11:15,3.2,19.6657,186621952,321169,43543105
2024-08-14 08:11:20,3.2,19.8016,187912192,321349,43543257
2024-08-14 08:11:25,3.2,19.9907,189706240,321349,43543257
2024-08-14 08:11:30,3.2,20.2078,191766528,321349,43543257
2024-08-14 08:11:35,0,20.2341,192016384,321439,43543333
2024-08-14 08:11:41,0,20.2341,192016384,321439,43543333
2024-08-14 08:11:46,0,20.2341,192016384,321493,43543379
2024-08-14 08:11:51,0,20.2341,192016384,321667,43543557
2024-08-14 08:11:56,0,20.2341,192016384,321805,43543557
2024-08-14 08:12:01,3.2,20.2341,192016384,321805,43543557
2024-08-14 08:12:07,0,20.2341,192016384,321895,43543633
2024-08-14 08:12:12,0,20.2341,192016384,323931,43545692
2024-08-14 08:12:17,0,20.2436,192106496,326398,43548608
2024-08-14 08:12:22,0,20.2432,192102400,326848,43549040
2024-08-14 08:12:27,0,20.2432,192102400,326848,43549040
2024-08-14 08:12:32,0,20.2432,192102400,326848,43549040
2024-08-14 08:12:38,0,20.2432,192102400,326938,43549116
2024-08-14 08:12:43,6.2,20.2423,192094208,326938,43549116
2024-08-14 08:12:48,6.2,20.2423,192094208,326980,43549144
2024-08-14 08:12:53,0,20.2415,192086016,327070,43549220
2024-08-14 08:12:58,3.2,20.2415,192086016,327070,43549220
2024-08-14 08:13:04,0,20.2415,192086016,327070,43549220
2024-08-14 08:13:09,3.2,20.2415,192086016,327160,43549296
2024-08-14 08:13:14,3.2,20.2415,192086016,327202,43549324
2024-08-14 08:13:19,0,20.2415,192086016,327202,43549324
2024-08-14 08:13:24,0,20.2415,192086016,327562,43549628
2024-08-14 08:13:30,0,20.2415,192086016,327652,43549704
2024-08-14 08:13:35,0,20.2415,192086016,327652,43549704
2024-08-14 08:13:40,0,20.2415,192086016,327652,43549704
2024-08-14 08:13:45,75.8,24.878,236085248,595673,43734220
2024-08-14 08:13:50,3.2,24.8844,236146688,606595,43755773
2024-08-14 08:13:55,9.1,24.8844,236146688,606595,43755773
2024-08-14 08:14:01,0,24.8849,236150784,606685,43755849
2024-08-14 08:14:06,3.1,24.8849,236150784,606685,43755849
2024-08-14 08:14:11,25,24.9121,236408832,608721,43757908
2024-08-14 08:14:16,3.2,24.9116,236404736,608811,43757984
2024-08-14 08:14:21,3.1,24.9116,236404736,608811,43757984
2024-08-14 08:14:27,0,24.9116,236404736,608901,43758060
2024-08-14 08:14:32,3.2,24.9112,236400640,609261,43758364
2024-08-14 08:14:37,3.1,24.9112,236400640,609261,43758364
2024-08-14 08:14:42,6.2,24.9112,236400640,609303,43758392
2024-08-14 08:14:47,3.1,25.3631,240689152,639974,43948551
2024-08-14 08:14:52,3.2,25.3631,240689152,639974,43948551
2024-08-14 08:14:58,6,25.3631,240689152,639974,43948551
2024-08-14 08:15:03,0,25.3631,240689152,640064,43948627
2024-08-14 08:15:08,6,25.3631,240689152,640064,43948627
2024-08-14 08:15:13,3.2,25.389,240934912,640064,43948627
2024-08-14 08:15:18,0,19.3583,183705600,749373,44006562
2024-08-14 08:15:24,0,19.3868,183975936,749373,44006562
2024-08-14 08:15:29,0,19.3868,183975936,749373,44006562
2024-08-14 08:15:34,0,19.3864,183971840,749823,44006942
2024-08-14 08:15:39,6.2,19.3864,183971840,749865,44006970
2024-08-14 08:15:44,0,19.3868,183975936,750003,44006970
2024-08-14 08:15:49,0,19.3868,183975936,750003,44006970
2024-08-14 08:15:55,0,19.3868,183975936,750093,44007046
2024-08-14 08:16:00,0,19.3868,183975936,750093,44007046
2024-08-14 08:16:05,0,19.3868,183975936,750093,44007046
2024-08-14 08:16:10,3.2,19.3868,183975936,750183,44007122
2024-08-14 08:16:15,3.1,19.3868,183975936,750225,44007150
2024-08-14 08:16:21,3.2,19.3868,183975936,750279,44007196
2024-08-14 08:16:26,3.2,19.3868,183975936,750369,44007272
2024-08-14 08:16:31,3.1,19.3868,183975936,750369,44007272
2024-08-14 08:16:36,3.2,19.3868,183975936,750411,44007300
2024-08-14 08:16:41,0,19.3868,183975936,750861,44007680
2024-08-14 08:16:46,3.2,19.3868,183975936,750861,44007680
2024-08-14 08:16:52,0,19.3868,183975936,750861,44007680
2024-08-14 08:16:57,0,19.3868,183975936,750951,44007756
2024-08-14 08:17:02,3.2,19.3873,183980032,751191,44007836
2024-08-14 08:17:07,3.2,19.3868,183975936,751327,44007836
2024-08-14 08:17:12,3.2,19.3868,183975936,753519,44009971
2024-08-14 08:17:18,0,19.3868,183975936,753659,44010031
2024-08-14 08:17:23,0,19.3868,183975936,753807,44010031
2024-08-14 08:17:28,3.2,19.3868,183975936,753971,44010107
2024-08-14 08:17:33,0,19.3868,183975936,754153,44010135
2024-08-14 08:17:38,0,19.3868,183975936,754207,44010227
2024-08-14 08:17:43,0,19.3868,183975936,754795,44010607
2024-08-14 08:17:49,0,19.3868,183975936,754795,44010607
2024-08-14 08:17:54,0,19.3868,183975936,754869,44010607
2024-08-14 08:17:59,0,19.3868,183975936,754869,44010607
2024-08-14 08:18:04,0,19.3868,183975936,754959,44010683
2024-08-14 08:18:09,0,19.3868,183975936,755001,44010711
2024-08-14 08:18:15,0,19.4684,184750080,755001,44010711
2024-08-14 08:18:20,3.2,19.4684,184750080,755091,44010787
2024-08-14 08:18:25,0,19.4684,184750080,755091,44010787
2024-08-14 08:18:30,0,19.4956,185008128,755133,44010815
2024-08-14 08:18:35,0,16.8269,159682560,755223,44010891
2024-08-14 08:18:40,0,16.9084,160456704,755223,44010891
2024-08-14 08:18:46,0,17.0703,161992704,755223,44010891
2024-08-14 08:18:51,0,17.2335,163540992,755673,44011271
2024-08-14 08:18:56,0,17.4497,165593088,755715,44011299
2024-08-14 08:19:01,3.2,17.5313,166367232,755715,44011299
2024-08-14 08:19:06,3.2,17.5585,166625280,755805,44011375
2024-08-14 08:19:12,3.1,17.8274,169177088,757841,44013434
2024-08-14 08:19:17,3.2,17.8274,169177088,757841,44013434
2024-08-14 08:19:22,0,17.8274,169177088,757973,44013538
2024-08-14 08:19:27,0,17.8274,169177088,757973,44013538
2024-08-14 08:19:32,0,17.8274,169177088,758111,44013538
2024-08-14 08:19:37,0,17.8541,169431040,758201,44013614
2024-08-14 08:19:43,0,17.8541,169431040,758201,44013614
2024-08-14 08:19:48,6.2,17.9085,169947136,758201,44013614
2024-08-14 08:19:53,6.1,18.0717,171495424,758381,44013766
2024-08-14 08:19:58,6.2,18.1822,172544000,758423,44013794
2024-08-14 08:20:03,6,18.2094,172802048,758423,44013794
2024-08-14 08:20:09,0,18.2909,173576192,758423,44013794
2024-08-14 08:20:14,0,18.3725,174350336,758567,44013916
2024-08-14 08:20:19,0,18.3997,174608384,758609,44013944
2024-08-14 08:20:24,3.2,18.3997,174608384,758609,44013944
2024-08-14 08:20:29,3.2,18.3997,174608384,758699,44014020
2024-08-14 08:20:34,3.1,18.3997,174608384,758699,44014020
2024-08-14 08:20:40,3.2,18.4541,175124480,758699,44014020
2024-08-14 08:20:45,3.1,18.4813,175382528,758789,44014096
2024-08-14 08:20:50,3.1,18.4813,175382528,758843,44014142
2024-08-14 08:20:55,3.1,18.5849,176365568,760969,44016277
