2024-08-14 08:12:05,9.4,17.4969,166035456,177871,29154823
2024-08-14 08:12:10,0,18.1323,172064768,343008,46017007
2024-08-14 08:12:15,0,18.131,172052480,343008,46017007
2024-08-14 08:12:21,6.2,18.2126,172826624,343098,46017083
2024-08-14 08:12:26,3.2,18.2415,173101056,343098,46017083
2024-08-14 08:12:31,3.1,18.2415,173101056,343152,46017129
2024-08-14 08:12:36,3.1,18.2415,173101056,343422,46017233
2024-08-14 08:12:41,2.9,18.2415,173101056,343464,46017261
2024-08-14 08:12:47,0,18.2415,173101056,343464,46017261
2024-08-14 08:12:52,0,18.2415,173101056,343824,46017565
2024-08-14 08:12:57,3.2,18.2402,173088768,343914,46017641
2024-08-14 08:13:02,3.1,18.2674,173346816,343914,46017641
2024-08-14 08:13:07,3.1,18.3218,173862912,343914,46017641
2024-08-14 08:13:12,3.1,18.4578,175153152,344004,46017717
2024-08-14 08:13:18,3.1,18.4595,175169536,344046,46017745
2024-08-14 08:13:23,3.1,18.6757,177221632,346082,46019804
2024-08-14 08:13:28,3.2,18.6757,177221632,346172,46019880
2024-08-14 08:13:33,3.2,18.6757,177221632,346214,46019908
2024-08-14 08:13:38,6.2,18.6749,177213440,346214,46019908
2024-08-14 08:13:44,0,18.6749,177213440,346304,46019984
2024-08-14 08:13:49,0,18.6749,177213440,346304,46019984
2024-08-14 08:13:54,0,18.6749,177213440,346394,46020060
2024-08-14 08:13:59,3.2,18.7008,177459200,346796,46020392
2024-08-14 08:14:04,46.7,23.5472,223449088,383728,46047582
2024-08-14 08:14:10,12.5,23.8144,225984512,426204,46075134
2024-08-14 08:14:15,0,23.814,225980416,440882,46084568
2024-08-14 08:14:20,16.1,23.8381,226209792,530162,46135466
2024-08-14 08:14:25,3.3,23.8429,226254848,576125,46183289
2024-08-14 08:14:30,3.1,23.8425,226250752,602573,46201789
2024-08-14 08:14:35,0,23.8519,226340864,629369,46242111
2024-08-14 08:14:41,0,23.8524,226344960,629369,46242111
2024-08-14 08:14:46,5.8,23.8524,226344960,629459,46242187
2024-08-14 08:14:51,0,23.8783,226590720,629459,46242187
2024-08-14 08:14:56,0,23.8774,226582528,629459,46242187
2024-08-14 08:15:01,3.1,23.8774,226582528,629909,46242567
2024-08-14 08:15:07,3.2,24.6552,233963520,660682,46432704
2024-08-14 08:15:12,3.2,24.6552,233963520,660682,46432704
2024-08-14 08:15:17,3.1,24.6552,233963520,660682,46432704
2024-08-14 08:15:22,6.2,24.6552,233963520,663102,46434959
2024-08-14 08:15:27,0,24.6552,233963520,663102,46434959
2024-08-14 08:15:33,3.2,24.6544,233955328,663160,46435097
2024-08-14 08:15:38,3.2,25.0895,238084096,685695,46438928
2024-08-14 08:15:43,0,25.1167,238342144,685749,46439020
2024-08-14 08:15:48,3,25.1167,238342144,697991,46446740
2024-08-14 08:15:53,3,25.1162,238338048,698609,46447232
2024-08-14 08:15:59,22.6,25.1024,238206976,728952,46468104
2024-08-14 08:16:04,3.1,25.0955,238141440,760950,46485863
2024-08-14 08:16:09,0,18.9623,179941376,767829,46494375
2024-08-14 08:16:14,0,19.0702,180965376,767829,46494375
2024-08-14 08:16:19,3.2,19.0702,180965376,767871,46494403
2024-08-14 08:16:25,3.1,19.0707,180969472,768099,46494479
2024-08-14 08:16:30,3.2,19.1255,181489664,768099,46494479
2024-08-14 08:16:35,3.1,19.233,182509568,768099,46494479
2024-08-14 08:16:40,0,19.3146,183283712,768189,46494555
2024-08-14 08:16:45,6.1,19.3146,183283712,768189,46494555
2024-08-14 08:16:51,3,19.3146,183283712,768189,46494555
2024-08-14 08:16:56,0,19.3146,183283712,768279,46494631
2024-08-14 08:17:01,0,19.3418,183541760,768321,46494659
2024-08-14 08:17:06,3.2,16.7502,158949376,768375,46494705
2024-08-14 08:17:11,0,16.9298,160653312,768825,46495085
2024-08-14 08:17:17,0,16.9824,161153024,768867,46495113
2024-08-14 08:17:22,3.2,17.4054,165167104,771167,46497172
2024-08-14 08:17:27,3.1,17.4054,165167104,771257,46497248
2024-08-14 08:17:32,0,17.4054,165167104,771257,46497248
2024-08-14 08:17:37,3.2,17.4054,165167104,771257,46497248
2024-08-14 08:17:43,0,17.4313,165412864,771257,46497248
2024-08-14 08:17:48,0,17.4313,165412864,771347,46497324
2024-08-14 08:17:53,0,17.4313,165412864,771347,46497324
2024-08-14 08:17:58,3.2,17.4313,165412864,771347,46497324
2024-08-14 08:18:03,3.2,17.4313,165412864,771437,46497400
2024-08-14 08:18:08,0,17.4313,165412864,771437,46497400
2024-08-14 08:18:14,3.1,17.4313,165412864,771659,46497580
2024-08-14 08:18:19,3.1,17.4581,165666816,771971,46497836
2024-08-14 08:18:24,6,17.4835,165908480,772109,46497836
2024-08-14 08:18:29,0,17.4835,165908480,772109,46497836
2024-08-14 08:18:34,0,17.4835,165908480,772199,46497912
2024-08-14 08:18:40,0,17.5107,166166528,772199,46497912
2024-08-14 08:18:45,3.1,17.5107,166166528,772199,46497912
2024-08-14 08:18:50,3.1,17.5107,166166528,772289,46497988
2024-08-14 08:18:55,3.2,17.5107,166166528,772289,46497988
2024-08-14 08:19:00,0,17.5107,166166528,772289,46497988
2024-08-14 08:19:06,0,17.5103,166162432,772379,46498064
2024-08-14 08:19:11,3.1,17.5375,166420480,772463,46498120
2024-08-14 08:19:16,0,17.5919,166936576,772463,46498120
2024-08-14 08:19:21,0,17.6458,167448576,772913,46498500
2024-08-14 08:19:26,0,18.1081,171835392,775213,46500559
2024-08-14 08:19:31,3.2,18.1081,171835392,775213,46500559
2024-08-14 08:19:37,0,18.1081,171835392,775373,46500635
2024-08-14 08:19:42,0,18.2437,173121536,775373,46500635
2024-08-14 08:19:47,3.2,18.3783,174399488,775373,46500635
2024-08-14 08:19:52,3.1,18.3783,174399488,775463,46500711
2024-08-14 08:19:57,0,18.3783,174399488,775505,46500739
2024-08-14 08:20:03,0,18.4055,174657536,775505,46500739
2024-08-14 08:20:08,0,18.4871,175431680,775547,46500767
2024-08-14 08:20:13,3.1,18.5143,175689728,775637,46500843
2024-08-14 08:20:18,3.2,18.5143,175689728,775691,46500889
2024-08-14 08:20:23,3.2,18.649,176967680,775883,46500935
2024-08-14 08:20:28,3.2,18.6757,177221632,776015,46501039
2024-08-14 08:20:34,3.1,18.9744,180056064,778315,46503098
2024-08-14 08:20:39,0,18.9744,180056064,778315,46503098
2024-08-14 08:20:44,0,19.0016,180314112,778405,46503174
2024-08-14 08:20:49,0,19.0016,180314112,778405,46503174
2024-08-14 08:20:54,3.1,19.0016,180314112,778405,46503174
2024-08-14 08:21:00,0,19.0016,180314112,778537,46503278
2024-08-14 08:21:05,3,19.0016,180314112,778579,46503306
2024-08-14 08:21:10,6.2,19.0016,180314112,778579,46503306
2024-08-14 08:21:15,0,19.0012,180310016,778669,46503382
2024-08-14 08:21:20,0,19.0012,180310016,778669,46503382
2024-08-14 08:21:26,3.2,19.0012,180310016,778669,46503382
2024-08-14 08:21:31,0,19.0284,180568064,779119,46503790
2024-08-14 08:21:36,0,19.1915,182116352,779161,46503790
2024-08-14 08:21:41,3,19.3806,183910400,779161,46503790
2024-08-14 08:21:46,6.2,16.6997,158470144,779251,46503866
2024-08-14 08:21:52,0,16.8616,160006144,779251,46503866
2024-08-14 08:21:57,3.1,16.8887,160264192,779293,46503894
2024-08-14 08:22:02,0,16.9975,161296384,779383,46503970
2024-08-14 08:22:07,6.2,17.0234,161542144,779425,46503998
2024-08-14 08:22:12,0,17.0506,161800192,779563,46503998
2024-08-14 08:22:18,0,17.0506,161800192,779653,46504074
2024-08-14 08:22:23,0,17.2651,163835904,781689,46506133
2024-08-14 08:22:28,0,17.2651,163835904,781689,46506133
