2024-08-14 08:05:12,15.1,17.7695,168628224,134666,26658136
2024-08-14 08:05:17,0,18.1602,172335104,240523,43520164
2024-08-14 08:05:22,0,18.2417,173109248,240613,43520240
2024-08-14 08:05:27,3,18.322,173871104,240613,43520240
2024-08-14 08:05:32,3.1,18.3492,174129152,240613,43520240
2024-08-14 08:05:38,0,18.458,175161344,240703,43520316
2024-08-14 08:05:43,5.8,18.458,175161344,240799,43520436
2024-08-14 08:05:48,0,18.458,175161344,240799,43520436
2024-08-14 08:05:53,3.1,18.4575,175157248,241249,43520816
2024-08-14 08:05:58,3,18.4558,175140864,241249,43520816
2024-08-14 08:06:03,5.9,18.4558,175140864,241249,43520816
2024-08-14 08:06:09,3,18.4558,175140864,241477,43520892
2024-08-14 08:06:14,3.1,18.4558,175140864,241519,43520920
2024-08-14 08:06:19,6,18.4558,175140864,241519,43520920
2024-08-14 08:06:24,3.2,18.4817,175386624,241519,43520920
2024-08-14 08:06:29,0,18.48,175370240,241609,43520996
2024-08-14 08:06:35,0,18.48,175370240,241609,43520996
2024-08-14 08:06:40,3.2,18.48,175370240,241775,43521070
2024-08-14 08:06:45,0,18.48,175370240,241865,43521146
2024-08-14 08:06:50,0,18.5072,175628288,241865,43521146
2024-08-14 08:06:55,6.1,18.5072,175628288,241955,43521222
2024-08-14 08:07:01,0,18.5072,175628288,242315,43521526
2024-08-14 08:07:06,0,18.5072,175628288,242315,43521526
2024-08-14 08:07:11,0,18.5072,175628288,244483,43523586
2024-08-14 08:07:16,3.2,18.5072,175628288,244573,43523662
2024-08-14 08:07:21,0,18.5072,175628288,244573,43523662
2024-08-14 08:07:27,3,18.5089,175644672,244573,43523662
2024-08-14 08:07:32,3.2,18.5085,175640576,244663,43523738
2024-08-14 08:07:37,0,18.5085,175640576,244705,43523766
2024-08-14 08:07:42,3.2,18.5102,175656960,244705,43523766
2024-08-14 08:07:47,3.1,18.5102,175656960,244795,43523842
2024-08-14 08:07:53,0,18.5102,175656960,244795,43523842
2024-08-14 08:07:58,3.1,18.5102,175656960,244795,43523842
2024-08-14 08:08:03,5.8,18.537,175910912,245245,43524222
2024-08-14 08:08:08,0,18.537,175910912,245425,43524250
2024-08-14 08:08:13,2.9,18.5331,175874048,245425,43524250
2024-08-14 08:08:19,0,18.5331,175874048,245515,43524326
2024-08-14 08:08:24,2.9,18.559,176119808,245569,43524372
2024-08-14 08:08:29,3.1,18.559,176119808,245569,43524372
2024-08-14 08:08:34,0,18.559,176119808,245701,43524476
2024-08-14 08:08:40,3,18.559,176119808,245701,43524476
2024-08-14 08:08:45,0,18.559,176119808,245701,43524476
2024-08-14 08:08:50,0,18.559,176119808,245701,43524476
2024-08-14 08:08:55,6.1,18.559,176119808,245791,43524552
2024-08-14 08:09:00,8.4,18.6673,177147904,245791,43524552
2024-08-14 08:09:06,0,18.6673,177147904,245971,43524704
2024-08-14 08:09:11,3.1,18.6673,177147904,248385,43527020
2024-08-14 08:09:16,2.9,18.6673,177147904,248385,43527020
2024-08-14 08:09:21,5.8,18.6673,177147904,248385,43527020
2024-08-14 08:09:26,3.1,18.6673,177147904,248475,43527096
2024-08-14 08:09:32,0,18.6673,177147904,248517,43527124
2024-08-14 08:09:37,3.2,18.6673,177147904,248517,43527124
2024-08-14 08:09:42,0,18.6673,177147904,248607,43527200
2024-08-14 08:09:47,8.4,18.6673,177147904,248607,43527200
2024-08-14 08:09:52,2.9,18.6673,177147904,248745,43527200
2024-08-14 08:09:58,3.1,18.6669,177143808,248835,43527276
2024-08-14 08:10:03,6,18.6669,177143808,248877,43527304
2024-08-14 08:10:08,6.2,18.6669,177143808,248967,43527380
2024-08-14 08:10:13,3.1,18.6665,177139712,249327,43527684
2024-08-14 08:10:19,3,18.6565,177045504,249381,43527730
2024-08-14 08:10:24,0,18.6565,177045504,249423,43527758
2024-08-14 08:10:29,3,18.6565,177045504,249513,43527834
2024-08-14 08:10:34,0,18.6565,177045504,249513,43527834
2024-08-14 08:10:39,0,18.6565,177045504,249513,43527834
2024-08-14 08:10:44,2.9,18.6565,177045504,249603,43527910
2024-08-14 08:10:50,0,18.6557,177037312,251705,43529970
2024-08-14 08:10:55,6.2,18.6816,177283072,251775,43529970
2024-08-14 08:11:00,5.8,18.6816,177283072,251865,43530046
2024-08-14 08:11:05,3.2,18.6816,177283072,251865,43530046
2024-08-14 08:11:10,0,18.6816,177283072,251865,43530046
2024-08-14 08:11:16,2.9,18.6811,177278976,252225,43530350
2024-08-14 08:11:21,0,18.6811,177278976,252357,43530454
2024-08-14 08:11:26,3.1,18.6811,177278976,252357,43530454
2024-08-14 08:11:31,3,18.6798,177266688,252357,43530454
2024-08-14 08:11:37,0,18.6798,177266688,252447,43530530
2024-08-14 08:11:42,0,18.6798,177266688,252447,43530530
2024-08-14 08:11:47,0,18.7329,177770496,252585,43530530
2024-08-14 08:11:52,3.1,18.7321,177762304,252675,43530606
2024-08-14 08:11:57,6,18.7321,177762304,252717,43530634
2024-08-14 08:12:03,0,18.7321,177762304,252717,43530634
2024-08-14 08:12:08,0,18.8123,178524160,252807,43530710
2024-08-14 08:12:13,3.2,19.0299,180588544,254843,43532770
2024-08-14 08:12:18,0,19.0299,180588544,254975,43532874
2024-08-14 08:12:23,6.1,19.0299,180588544,255335,43533178
2024-08-14 08:12:29,3,19.0299,180588544,255451,43533224
2024-08-14 08:12:34,0,19.0299,180588544,255509,43533224
2024-08-14 08:12:39,3.1,19.0299,180588544,255657,43533300
2024-08-14 08:12:44,0,19.0299,180588544,255715,43533300
2024-08-14 08:12:49,6.1,19.0299,180588544,255715,43533300
2024-08-14 08:12:55,3.1,19.0299,180588544,255805,43533376
2024-08-14 08:13:00,3.1,19.0299,180588544,255863,43533376
2024-08-14 08:13:05,3,19.0299,180588544,255905,43533404
2024-08-14 08:13:10,3.1,19.0299,180588544,255995,43533480
2024-08-14 08:13:15,0,19.0299,180588544,256037,43533508
2024-08-14 08:13:21,6,19.0299,180588544,256037,43533508
2024-08-14 08:13:26,0,19.0299,180588544,256487,43533888
2024-08-14 08:13:31,0,19.0299,180588544,256487,43533888
2024-08-14 08:13:36,0,19.0299,180588544,256487,43533888
2024-08-14 08:13:41,3.1,19.0299,180588544,256487,43533964
2024-08-14 08:13:47,96.8,22.6296,214749184,269810,43552846
2024-08-14 08:13:52,9.1,24.1036,228737024,535211,43739972
2024-08-14 08:13:57,3.2,24.1036,228737024,535277,43739972
2024-08-14 08:14:02,0,24.1036,228737024,535367,43740048
2024-08-14 08:14:07,3,24.1036,228737024,535367,43740048
2024-08-14 08:14:13,3,24.2085,229732352,537577,43742136
2024-08-14 08:14:18,6.2,24.2085,229732352,537667,43742212
2024-08-14 08:14:23,3.1,24.2085,229732352,537667,43742212
2024-08-14 08:14:28,3,24.2085,229732352,537757,43742288
2024-08-14 08:14:33,0,24.2081,229728256,538117,43742592
2024-08-14 08:14:39,5.8,24.2081,229728256,538117,43742592
2024-08-14 08:14:44,6.2,24.2081,229728256,538117,43742592
2024-08-14 08:14:49,56.7,24.5646,233111552,567890,43928406
2024-08-14 08:14:54,2.9,24.5512,232984576,568785,43932751
2024-08-14 08:14:59,0,24.5512,232984576,568785,43932751
2024-08-14 08:15:05,0,24.5512,232984576,568875,43932827
2024-08-14 08:15:10,0,24.5512,232984576,568917,43932855
2024-08-14 08:15:15,8.8,24.5512,232984576,568917,43932855
2024-08-14 08:15:20,3.2,24.5508,232980480,569007,43932931
2024-08-14 08:15:25,0,24.8011,235356160,672432,43985722
2024-08-14 08:15:31,3.2,19.2017,182218752,678358,43994403
2024-08-14 08:15:36,0,19.2017,182218752,678718,43994707
2024-08-14 08:15:41,6.2,19.2289,182476800,678856,43994707
2024-08-14 08:15:46,0,19.2289,182476800,678856,43994707
2024-08-14 08:15:51,0,19.2289,182476800,678946,43994783
2024-08-14 08:15:57,6.2,19.2289,182476800,678946,43994783
2024-08-14 08:16:02,3.1,19.2289,182476800,679042,43994857
2024-08-14 08:16:07,6.1,19.2289,182476800,679132,43994933
2024-08-14 08:16:12,3.1,19.2289,182476800,679132,43994933
2024-08-14 08:16:17,0,19.2289,182476800,679132,43994933
2024-08-14 08:16:23,0,19.2289,182476800,679132,43994933
2024-08-14 08:16:28,3.1,19.2289,182476800,679222,43995009
2024-08-14 08:16:33,0,19.2289,182476800,679264,43995037
2024-08-14 08:16:38,0,19.2289,182476800,679354,43995113
2024-08-14 08:16:43,0,19.2289,182476800,679714,43995417
2024-08-14 08:16:49,5.8,19.2289,182476800,679714,43995417
2024-08-14 08:16:54,0,19.2289,182476800,679714,43995417
2024-08-14 08:16:59,0,19.2289,182476800,679846,43995521
2024-08-14 08:17:04,0,19.2289,182476800,679846,43995521
2024-08-14 08:17:09,3.1,19.2289,182476800,681882,43997581
2024-08-14 08:17:14,3,19.2289,182476800,681972,43997657
2024-08-14 08:17:20,6,19.3104,183250944,681972,43997657
2024-08-14 08:17:25,3.1,19.3104,183250944,681972,43997657
2024-08-14 08:17:30,0,19.3376,183508992,682062,43997733
2024-08-14 08:17:35,3.1,19.446,184537088,682200,43997733
2024-08-14 08:17:40,3.2,16.8696,160088064,682290,43997809
2024-08-14 08:17:46,3.1,16.8964,160342016,682650,43998113
2024-08-14 08:17:51,0,16.9507,160858112,682650,43998113
2024-08-14 08:17:56,6.2,17.0867,162148352,682692,43998141
2024-08-14 08:18:01,0,17.1683,162922496,682782,43998217
2024-08-14 08:18:06,0,17.3582,164724736,682824,43998245
2024-08-14 08:18:12,3.2,17.8162,169070592,682824,43998245
2024-08-14 08:18:17,0,17.8162,169070592,682914,43998321
2024-08-14 08:18:22,3.2,17.9249,170102784,682914,43998321
2024-08-14 08:18:27,3.2,18.1412,172154880,682914,43998321
2024-08-14 08:18:32,0,18.1684,172412928,683004,43998397
2024-08-14 08:18:38,3.2,18.1947,172662784,683004,43998397
2024-08-14 08:18:43,0,18.2219,172920832,683004,43998397
2024-08-14 08:18:48,0,18.2219,172920832,683274,43998549
2024-08-14 08:18:53,3.1,18.2219,172920832,683496,43998805
2024-08-14 08:18:58,0,18.2219,172920832,683566,43998805
2024-08-14 08:19:04,3,18.2219,172920832,683566,43998805
2024-08-14 08:19:09,0,18.4083,174690304,685692,44000941
2024-08-14 08:19:14,3.1,18.4355,174948352,685692,44000941
2024-08-14 08:19:19,3.1,18.4627,175206400,685692,44000941
2024-08-14 08:19:24,0,18.4627,175206400,685782,44001017
2024-08-14 08:19:30,2.9,18.4627,175206400,685920,44001017
2024-08-14 08:19:35,0,18.4627,175206400,685920,44001017
2024-08-14 08:19:40,3.1,18.4627,175206400,686010,44001093
2024-08-14 08:19:45,0,18.4627,175206400,686010,44001093
2024-08-14 08:19:50,3.1,18.4627,175206400,686106,44001213
2024-08-14 08:19:56,6,18.4627,175206400,686196,44001289
2024-08-14 08:20:01,2.9,18.4627,175206400,686196,44001289
2024-08-14 08:20:06,3,18.4627,175206400,686196,44001289
2024-08-14 08:20:11,3.2,18.4623,175202304,686286,44001365
2024-08-14 08:20:16,3.2,18.4623,175202304,686328,44001393
2024-08-14 08:20:22,0,18.4623,175202304,686328,44001393
2024-08-14 08:20:27,0,18.4623,175202304,686418,44001469
2024-08-14 08:20:32,6.5,18.4623,175202304,686418,44001469
2024-08-14 08:20:37,6.2,18.464,175218688,686472,44001529
2024-08-14 08:20:42,0,18.464,175218688,686562,44001605
2024-08-14 08:20:48,23.4,18.4882,175448064,688706,44003693
2024-08-14 08:20:53,3,18.4895,175460352,688706,44003693
