2024-08-14 08:04:28,9.7,17.87,169582592,168012,26658419
2024-08-14 08:04:33,3.2,18.4048,174657536,295407,43520263
2024-08-14 08:04:38,0,18.4048,174657536,295407,43520263
2024-08-14 08:04:43,0,18.432,174915584,295477,43520263
2024-08-14 08:04:48,0,18.4592,175173632,295969,43520671
2024-08-14 08:04:53,0,18.5408,175947776,295969,43520671
2024-08-14 08:04:59,3.2,18.5952,176463872,295969,43520671
2024-08-14 08:05:04,0,18.6223,176721920,296059,43520747
2024-08-14 08:05:09,0,18.6223,176721920,296101,43520775
2024-08-14 08:05:14,3,18.6482,176967680,296101,43520775
2024-08-14 08:05:19,3.2,18.6482,176967680,296191,43520851
2024-08-14 08:05:25,0,18.6482,176967680,296191,43520851
2024-08-14 08:05:30,0,18.6482,176967680,296191,43520851
2024-08-14 08:05:35,0,18.6482,176967680,296281,43520927
2024-08-14 08:05:40,3,18.6482,176967680,296323,43520955
2024-08-14 08:05:45,3,18.6448,176934912,298401,43523043
2024-08-14 08:05:51,0,18.6448,176934912,298671,43523271
2024-08-14 08:05:56,0,18.6444,176930816,298851,43523423
2024-08-14 08:06:01,3.1,18.6444,176930816,298851,43523423
2024-08-14 08:06:06,0,18.6444,176930816,298941,43523499
2024-08-14 08:06:11,0,18.6444,176930816,298983,43523527
2024-08-14 08:06:17,0,18.7259,177704960,298983,43523527
2024-08-14 08:06:22,3.1,18.7259,177704960,299121,43523527
2024-08-14 08:06:27,0,18.7259,177704960,299211,43523603
2024-08-14 08:06:32,0,18.7259,177704960,299211,43523603
2024-08-14 08:06:37,0,18.7259,177704960,299211,43523603
2024-08-14 08:06:43,0,18.7229,177676288,299343,43523707
2024-08-14 08:06:48,3.2,18.7229,177676288,299385,43523735
2024-08-14 08:06:53,3.2,18.7229,177676288,299455,43523735
2024-08-14 08:06:58,0,18.7229,177676288,299905,43524115
2024-08-14 08:07:03,0,18.7229,177676288,299905,43524115
2024-08-14 08:07:08,3.2,18.7229,177676288,299905,43524115
2024-08-14 08:07:14,3.1,18.7229,177676288,299995,43524191
2024-08-14 08:07:19,3,18.7229,177676288,300037,43524219
2024-08-14 08:07:24,5.9,18.7229,177676288,300037,43524219
2024-08-14 08:07:29,0,18.7225,177672192,300127,43524295
2024-08-14 08:07:34,0,18.7225,177672192,300169,43524323
2024-08-14 08:07:40,0,18.7225,177672192,300169,43524323
2024-08-14 08:07:45,3.2,19.0484,180764672,302295,43526459
2024-08-14 08:07:50,0,19.1295,181534720,302337,43526487
2024-08-14 08:07:55,3.2,19.3186,183328768,302337,43526487
2024-08-14 08:08:00,0,19.3457,183586816,302697,43526791
2024-08-14 08:08:06,3.2,19.4001,184102912,302787,43526867
2024-08-14 08:08:11,3,19.5089,185135104,302925,43526867
2024-08-14 08:08:16,3.2,19.5633,185651200,303015,43526943
2024-08-14 08:08:21,5.9,17.0197,161513472,303057,43526971
2024-08-14 08:08:26,0,17.1013,162287616,303057,43526971
2024-08-14 08:08:32,6.1,17.1013,162287616,303099,43526999
2024-08-14 08:08:37,2.9,17.1013,162287616,303243,43527121
2024-08-14 08:08:42,3.1,17.1013,162287616,303243,43527121
2024-08-14 08:08:47,3.2,17.1557,162803712,303243,43527121
2024-08-14 08:08:52,0,17.2101,163319808,303333,43527197
2024-08-14 08:08:58,0,17.346,164610048,303375,43527225
2024-08-14 08:09:03,5.9,17.346,164610048,303375,43527225
2024-08-14 08:09:08,0,17.346,164610048,303825,43527605
2024-08-14 08:09:13,3.1,17.346,164610048,303825,43527605
2024-08-14 08:09:18,0,17.346,164610048,303825,43527605
2024-08-14 08:09:24,3.2,17.346,164610048,303915,43527681
2024-08-14 08:09:29,3.1,17.3732,164868096,303999,43527737
2024-08-14 08:09:34,3.1,17.3892,165019648,303999,43527737
2024-08-14 08:09:39,5.9,17.3892,165019648,304089,43527813
2024-08-14 08:09:44,3.2,17.6037,167055360,306125,43529873
2024-08-14 08:09:50,3.2,17.6037,167055360,306125,43529873
2024-08-14 08:09:55,3.1,17.6033,167051264,306215,43529949
2024-08-14 08:10:00,0,17.6033,167051264,306269,43529995
2024-08-14 08:10:05,3.1,17.6033,167051264,306407,43529995
2024-08-14 08:10:10,0,17.6033,167051264,306857,43530375
2024-08-14 08:10:16,3.1,17.6029,167047168,306899,43530403
2024-08-14 08:10:21,3.1,17.627,167276544,306899,43530403
2024-08-14 08:10:26,0,17.6814,167792640,307031,43530507
2024-08-14 08:10:31,3.2,17.7086,168050688,307031,43530507
2024-08-14 08:10:36,0,17.7086,168050688,307031,43530507
2024-08-14 08:10:42,3.1,17.7086,168050688,307121,43530583
2024-08-14 08:10:47,0,17.7082,168046592,307163,43530611
2024-08-14 08:10:52,0,17.7082,168046592,307163,43530611
2024-08-14 08:10:57,3.1,17.7082,168046592,307217,43530657
2024-08-14 08:11:02,5.9,17.7341,168292352,307307,43530733
2024-08-14 08:11:08,0,17.7341,168292352,307307,43530733
2024-08-14 08:11:13,0,17.7341,168292352,307377,43530733
2024-08-14 08:11:18,3.2,17.7336,168288256,307827,43531113
2024-08-14 08:11:23,6.2,17.7336,168288256,307911,43531169
2024-08-14 08:11:28,3.1,17.7328,168280064,307911,43531169
2024-08-14 08:11:33,3.1,17.7328,168280064,308001,43531245
2024-08-14 08:11:39,3,17.7587,168525824,308001,43531245
2024-08-14 08:11:44,0,17.7582,168521728,310037,43533305
2024-08-14 08:11:49,3.1,17.7582,168521728,310169,43533409
2024-08-14 08:11:54,3.2,17.7582,168521728,310169,43533409
2024-08-14 08:11:59,3,17.9214,170070016,310361,43533455
2024-08-14 08:12:05,3.2,17.9486,170328064,310451,43533531
2024-08-14 08:12:10,0,17.9486,170328064,310451,43533531
2024-08-14 08:12:15,3.1,17.9745,170573824,310451,43533531
2024-08-14 08:12:20,5.8,17.9745,170573824,310853,43533863
2024-08-14 08:12:25,0,18.0017,170831872,310985,43533967
2024-08-14 08:12:31,3,18.1104,171864064,310985,43533967
2024-08-14 08:12:36,6.2,18.2464,173154304,311075,43534043
2024-08-14 08:12:41,0,18.3552,174186496,311075,43534043
2024-08-14 08:12:46,3.2,18.4096,174702592,311075,43534043
2024-08-14 08:12:51,3,18.5714,176238592,311165,43534119
2024-08-14 08:12:57,3.1,18.7885,178298880,311207,43534147
2024-08-14 08:13:02,3,18.8429,178814976,311207,43534147
2024-08-14 08:13:07,3,18.896,179318784,311207,43534147
2024-08-14 08:13:12,3.2,18.9232,179576832,311339,43534251
2024-08-14 08:13:17,3.2,18.9232,179576832,311339,43534251
2024-08-14 08:13:23,3.2,18.9232,179576832,311339,43534251
2024-08-14 08:13:28,2.9,18.9504,179834880,311789,43534631
2024-08-14 08:13:33,3.2,19.0591,180867072,311831,43534659
2024-08-14 08:13:38,2.9,19.0591,180867072,311831,43534659
2024-08-14 08:13:43,81.2,24.006,227811328,501615,43643840
2024-08-14 08:13:49,3.1,24.0185,227930112,592590,43742751
2024-08-14 08:13:54,3.1,24.0185,227930112,592728,43742751
2024-08-14 08:13:59,3.1,24.0457,228188160,592818,43742827
2024-08-14 08:14:04,0,24.0457,228188160,592818,43742827
2024-08-14 08:14:09,0,24.0457,228188160,592914,43742901
2024-08-14 08:14:15,3.2,24.1268,228958208,593004,43742977
2024-08-14 08:14:20,0,24.1268,228958208,593046,43743005
2024-08-14 08:14:25,3.2,24.1268,228958208,593046,43743005
2024-08-14 08:14:30,3.2,24.154,229216256,593406,43743309
2024-08-14 08:14:35,0,24.2067,229715968,593550,43743431
2024-08-14 08:14:40,3,24.2067,229715968,593550,43743431
2024-08-14 08:14:46,6.2,24.7117,234508288,650947,43945649
2024-08-14 08:14:51,0,24.7661,235024384,650947,43945649
2024-08-14 08:14:56,0,24.7933,235282432,650947,43945649
2024-08-14 08:15:01,0,24.7933,235282432,651037,43945725
2024-08-14 08:15:06,3.1,24.8204,235540480,651079,43945753
2024-08-14 08:15:12,0,24.8204,235540480,651079,43945753
2024-08-14 08:15:17,75,25.0742,237948928,742596,43990294
2024-08-14 08:15:22,3.1,18.6137,176640000,760566,44003272
2024-08-14 08:15:27,6.2,18.6137,176640000,760566,44003272
2024-08-14 08:15:32,0,18.6137,176640000,760566,44003272
2024-08-14 08:15:38,0,18.6137,176640000,761132,44003698
2024-08-14 08:15:43,3.1,18.6426,176914432,761386,44003698
2024-08-14 08:15:48,0,18.6426,176914432,761428,44003726
2024-08-14 08:15:53,3.2,18.6426,176914432,761576,44003802
2024-08-14 08:15:58,3.1,18.6426,176914432,761576,44003802
2024-08-14 08:16:04,3.2,18.6426,176914432,761618,44003830
2024-08-14 08:16:09,6.1,18.6426,176914432,761766,44003906
2024-08-14 08:16:14,0,18.6431,176918528,761808,44003934
2024-08-14 08:16:19,0,18.6431,176918528,761808,44003934
2024-08-14 08:16:24,0,18.6431,176918528,761898,44004010
2024-08-14 08:16:30,0,18.6431,176918528,761898,44004010
2024-08-14 08:16:35,3.1,18.6431,176918528,761898,44004010
2024-08-14 08:16:40,5.9,18.6698,177172480,762348,44004390
2024-08-14 08:16:45,0,18.694,177401856,764450,44006450
2024-08-14 08:16:50,6.2,18.694,177401856,764450,44006450
2024-08-14 08:16:55,0,18.7208,177655808,764540,44006526
2024-08-14 08:17:01,0,18.7208,177655808,764582,44006554
2024-08-14 08:17:06,6.2,18.7479,177913856,764582,44006554
2024-08-14 08:17:11,0,18.7751,178171904,764672,44006630
2024-08-14 08:17:16,0,18.8295,178688000,764714,44006658
2024-08-14 08:17:21,0,18.8295,178688000,764714,44006658
2024-08-14 08:17:27,3.2,18.8295,178688000,764804,44006734
2024-08-14 08:17:32,0,18.8295,178688000,764804,44006734
2024-08-14 08:17:37,3.2,18.8295,178688000,764804,44006734
2024-08-14 08:17:42,0,18.8274,178667520,764942,44006734
2024-08-14 08:17:47,3.2,18.8546,178925568,765434,44007142
2024-08-14 08:17:53,3.2,18.8546,178925568,765542,44007234
2024-08-14 08:17:58,3.2,18.8546,178925568,765584,44007262
2024-08-14 08:18:03,3.2,18.8546,178925568,765674,44007338
2024-08-14 08:18:08,5.9,18.8818,179183616,765674,44007338
2024-08-14 08:18:13,0,18.8818,179183616,765674,44007338
2024-08-14 08:18:19,0,18.8818,179183616,765764,44007414
2024-08-14 08:18:24,0,18.8818,179183616,765806,44007442
2024-08-14 08:18:29,3,18.9089,179441664,765806,44007442
2024-08-14 08:18:34,0,18.9892,180203520,765896,44007518
2024-08-14 08:18:39,3.1,18.9892,180203520,765896,44007518
2024-08-14 08:18:45,3.2,18.9892,180203520,767932,44009578
2024-08-14 08:18:50,0,18.9892,180203520,768334,44009910
2024-08-14 08:18:55,6.1,18.9892,180203520,768424,44009986
2024-08-14 08:19:00,0,18.9892,180203520,768424,44009986
2024-08-14 08:19:05,3.2,18.9892,180203520,768514,44010062
2024-08-14 08:19:10,0,19.0436,180719616,768556,44010090
2024-08-14 08:19:16,0,19.0967,181223424,768556,44010090
2024-08-14 08:19:21,3,19.0967,181223424,768646,44010166
2024-08-14 08:19:26,0,19.0967,181223424,768646,44010166
2024-08-14 08:19:31,0,19.0967,181223424,768646,44010166
2024-08-14 08:19:36,6.2,19.0967,181223424,768736,44010242
2024-08-14 08:19:42,6.2,19.0967,181223424,768874,44010242
2024-08-14 08:19:47,3,19.0967,181223424,768986,44010270
2024-08-14 08:19:52,6.2,19.0963,181219328,769076,44010346
2024-08-14 08:19:57,3.2,19.0963,181219328,769208,44010450
2024-08-14 08:20:02,6.2,19.0963,181219328,769208,44010450
2024-08-14 08:20:08,3.1,19.1235,181477376,769208,44010450
2024-08-14 08:20:13,0,19.1235,181477376,769298,44010526
2024-08-14 08:20:18,3.1,19.1235,181477376,769298,44010526
2024-08-14 08:20:23,6.2,19.1507,181735424,771532,44012586
2024-08-14 08:20:28,3.2,19.2037,182239232,771622,44012662
2024-08-14 08:20:33,0,19.2577,182751232,771622,44012662
2024-08-14 08:20:39,3.2,19.2577,182751232,771622,44012662
2024-08-14 08:20:44,3.1,19.2849,183009280,771754,44012766
2024-08-14 08:20:49,0,19.2849,183009280,771754,44012766
2024-08-14 08:20:54,3.1,19.2849,183009280,771754,44012766
2024-08-14 08:20:59,0,19.3121,183267328,772168,44013162
2024-08-14 08:21:05,6.2,19.338,183513088,772258,44013238
2024-08-14 08:21:10,9.3,19.338,183513088,774223,44014774
