2024-08-14 08:09:02,16.2,17.5438,166486016,214237,33366478
2024-08-14 08:09:08,6.1,18.0259,171061248,297958,43609646
2024-08-14 08:09:13,0,18.0259,171061248,298048,43609722
2024-08-14 08:09:18,0,18.1886,172605440,298048,43609722
2024-08-14 08:09:23,0,18.2702,173379584,298228,43609874
2024-08-14 08:09:28,3,18.2694,173371392,298498,43610102
2024-08-14 08:09:34,6.1,18.2694,173371392,298498,43610102
2024-08-14 08:09:39,0,18.2694,173371392,298498,43610102
2024-08-14 08:09:44,3.1,18.2694,173371392,298588,43610178
2024-08-14 08:09:49,0,18.2694,173371392,298630,43610206
2024-08-14 08:09:54,0,18.2694,173371392,298630,43610206
2024-08-14 08:10:00,0,18.2694,173371392,298762,43610310
2024-08-14 08:10:05,3.1,18.2694,173371392,298762,43610310
2024-08-14 08:10:10,0,18.2694,173371392,298762,43610310
2024-08-14 08:10:15,0,18.2953,173617152,298852,43610386
2024-08-14 08:10:20,3.1,18.2953,173617152,298852,43610386
2024-08-14 08:10:26,0,18.2953,173617152,298852,43610386
2024-08-14 08:10:31,3.2,18.2953,173617152,299440,43610766
2024-08-14 08:10:36,6,18.2927,173592576,301584,43612853
2024-08-14 08:10:41,3.2,18.2927,173592576,301584,43612853
2024-08-14 08:10:46,6.2,18.2927,173592576,301674,43612929
2024-08-14 08:10:51,0,18.2927,173592576,301786,43612957
2024-08-14 08:10:57,3.2,18.3199,173850624,301786,43612957
2024-08-14 08:11:02,3,18.4014,174624768,301876,43613033
2024-08-14 08:11:07,6.1,18.4014,174624768,301876,43613033
2024-08-14 08:11:12,0,18.4817,175386624,301876,43613033
2024-08-14 08:11:17,3.2,18.5633,176160768,301876,43613033
2024-08-14 08:11:23,3.1,18.5629,176156672,302008,43613137
2024-08-14 08:11:28,0,18.5629,176156672,302062,43613183
2024-08-14 08:11:33,3.2,18.6984,177442816,302242,43613335
2024-08-14 08:11:38,0,18.7502,177934336,302512,43613563
2024-08-14 08:11:43,3.1,18.9388,179724288,302512,43613563
2024-08-14 08:11:49,0,19.0463,180744192,302554,43613591
2024-08-14 08:11:54,3,19.0463,180744192,302644,43613667
2024-08-14 08:11:59,0,19.0463,180744192,302644,43613667
2024-08-14 08:12:04,3.2,19.0463,180744192,302644,43613667
2024-08-14 08:12:09,3.2,19.2094,182292480,302734,43613743
2024-08-14 08:12:15,0,19.2094,182292480,302776,43613771
2024-08-14 08:12:20,3.1,19.2094,182292480,302776,43613771
2024-08-14 08:12:25,0,19.2094,182292480,302866,43613847
2024-08-14 08:12:30,0,19.2094,182292480,303004,43613847
2024-08-14 08:12:35,3.1,19.5901,185905152,305304,43615906
2024-08-14 08:12:40,6.1,19.5901,185905152,305754,43616286
2024-08-14 08:12:46,0,19.5901,185905152,305796,43616314
2024-08-14 08:12:51,3,19.5901,185905152,305850,43616360
2024-08-14 08:12:56,0,19.5901,185905152,305940,43616436
2024-08-14 08:13:01,0,16.9948,161275904,305940,43616436
2024-08-14 08:13:06,3.2,17.1294,162553856,305940,43616436
2024-08-14 08:13:12,0,17.1566,162811904,306030,43616512
2024-08-14 08:13:17,3.2,17.1584,162828288,306126,43616586
2024-08-14 08:13:22,0,17.1856,163086336,306180,43616632
2024-08-14 08:13:27,6.2,17.2671,163860480,306270,43616708
2024-08-14 08:13:32,0,17.3759,164892672,306270,43616708
2024-08-14 08:13:38,3.1,17.4031,165150720,306270,43616708
2024-08-14 08:13:43,0,17.4031,165150720,306582,43616964
2024-08-14 08:13:48,0,17.4031,165150720,306762,43617116
2024-08-14 08:13:53,3,17.4031,165150720,306762,43617116
2024-08-14 08:13:58,3.2,22.6801,215228416,361192,43654378
2024-08-14 08:14:03,15.1,22.9231,217534464,400524,43680916
2024-08-14 08:14:09,16.1,23.0202,218456064,469436,43725912
2024-08-14 08:14:14,3.1,23.0569,218804224,556044,43793902
2024-08-14 08:14:19,9.3,23.0846,219066368,573189,43817606
2024-08-14 08:14:24,3,23.0841,219062272,581638,43822209
2024-08-14 08:14:29,6.1,23.0859,219078656,587526,43834709
2024-08-14 08:14:35,10,23.0859,219078656,587616,43834845
2024-08-14 08:14:40,8.4,23.221,220360704,589760,43836820
2024-08-14 08:14:45,0,23.221,220360704,589850,43836896
2024-08-14 08:14:50,3.2,23.2749,220872704,590210,43837200
2024-08-14 08:14:55,0,23.2749,220872704,590210,43837200
2024-08-14 08:15:01,3.1,24.1334,229019648,621448,44027282
2024-08-14 08:15:06,5.8,24.1334,229019648,621538,44027358
2024-08-14 08:15:11,3.1,24.1334,229019648,621538,44027358
2024-08-14 08:15:16,0,24.1321,229007360,621538,44027358
2024-08-14 08:15:21,0,24.1321,229007360,621628,44027434
2024-08-14 08:15:27,0,24.158,229253120,621628,44027434
2024-08-14 08:15:32,0,24.783,235184128,644076,44031186
2024-08-14 08:15:37,3.1,24.783,235184128,656451,44039010
2024-08-14 08:15:42,6.4,24.783,235184128,660586,44042029
2024-08-14 08:15:47,6.2,24.783,235184128,668101,44047392
2024-08-14 08:15:52,0,24.7826,235180032,668503,44047672
2024-08-14 08:15:58,24.2,24.7688,235048960,694229,44065919
2024-08-14 08:16:03,6.5,24.7636,234999808,724285,44081356
2024-08-14 08:16:08,3.2,18.2197,172900352,742916,44098552
2024-08-14 08:16:13,0,18.2197,172900352,743060,44098674
2024-08-14 08:16:18,0,18.2197,172900352,743198,44098674
2024-08-14 08:16:24,3,18.2469,173158400,743198,44098674
2024-08-14 08:16:29,3.2,18.2469,173158400,743288,44098750
2024-08-14 08:16:34,6.1,18.2469,173158400,743330,44098778
2024-08-14 08:16:39,6.2,18.2741,173416448,743330,44098778
2024-08-14 08:16:44,6,18.3281,173928448,743420,44098854
2024-08-14 08:16:50,6.2,18.3824,174444544,743462,44098882
2024-08-14 08:16:55,3.1,18.4096,174702592,743552,44098958
2024-08-14 08:17:00,3.1,18.4368,174960640,743912,44099262
2024-08-14 08:17:05,0,18.4368,174960640,743912,44099262
2024-08-14 08:17:10,6.1,18.464,175218688,743912,44099262
2024-08-14 08:17:16,0,18.5184,175734784,744002,44099338
2024-08-14 08:17:21,3,18.5724,176246784,744002,44099338
2024-08-14 08:17:26,0,18.6811,177278976,744044,44099366
2024-08-14 08:17:31,3.1,18.8987,179343360,744134,44099442
2024-08-14 08:17:36,3.1,19.0618,180891648,746170,44101501
2024-08-14 08:17:42,3.2,19.143,181661696,746170,44101501
2024-08-14 08:17:47,0,19.143,181661696,746260,44101577
2024-08-14 08:17:52,0,19.2245,182435840,746260,44101577
2024-08-14 08:17:57,0,19.2789,182951936,746260,44101577
2024-08-14 08:18:02,0,19.3061,183209984,746620,44101881
2024-08-14 08:18:07,3.2,19.3061,183209984,746710,44101957
2024-08-14 08:18:13,0,19.3061,183209984,746710,44101957
2024-08-14 08:18:18,0,19.3061,183209984,746902,44102003
2024-08-14 08:18:23,0,19.3061,183209984,747076,44102135
2024-08-14 08:18:28,3.1,19.3061,183209984,747076,44102135
2024-08-14 08:18:33,3.2,19.3061,183209984,747076,44102135
2024-08-14 08:18:39,3.1,19.3286,183422976,747166,44102211
2024-08-14 08:18:44,0,19.3286,183422976,747166,44102211
2024-08-14 08:18:49,6.2,19.3286,183422976,747166,44102211
2024-08-14 08:18:54,0,19.3281,183418880,747256,44102287
2024-08-14 08:18:59,3,19.3281,183418880,747256,44102287
2024-08-14 08:19:05,0,19.3281,183418880,747416,44102363
2024-08-14 08:19:10,3,19.3281,183418880,747818,44102695
2024-08-14 08:19:15,3.2,19.3281,183418880,747818,44102695
2024-08-14 08:19:20,0,19.3281,183418880,747860,44102723
2024-08-14 08:19:25,3.2,19.3281,183418880,747950,44102799
2024-08-14 08:19:31,0,19.3281,183418880,747950,44102799
2024-08-14 08:19:36,0,19.3281,183418880,750052,44104858
2024-08-14 08:19:41,0,19.3281,183418880,750142,44104934
2024-08-14 08:19:46,3.1,19.3281,183418880,750142,44104934
2024-08-14 08:19:51,0,19.3281,183418880,750142,44104934
2024-08-14 08:19:57,0,19.3277,183414784,750232,44105010
2024-08-14 08:20:02,2.9,19.3277,183414784,750232,44105010
2024-08-14 08:20:07,0,19.3277,183414784,750394,44105190
2024-08-14 08:20:12,3.1,19.3277,183414784,750622,44105266
2024-08-14 08:20:17,0,19.3277,183414784,750706,44105322
2024-08-14 08:20:22,0,19.3277,183414784,750706,44105322
2024-08-14 08:20:28,0,19.3277,183414784,750706,44105322
2024-08-14 08:20:33,3.1,19.3277,183414784,750796,44105398
2024-08-14 08:20:38,0,19.3277,183414784,750796,44105398
2024-08-14 08:20:43,3.2,19.3277,183414784,750796,44105398
2024-08-14 08:20:48,5.9,19.3277,183414784,750886,44105474
2024-08-14 08:20:54,0,19.3277,183414784,750886,44105474
2024-08-14 08:20:59,0,19.3255,183394304,752922,44107533
2024-08-14 08:21:04,3.1,19.3255,183394304,753012,44107609
2024-08-14 08:21:09,0,19.3255,183394304,753012,44107609
2024-08-14 08:21:14,3.1,19.3251,183390208,753234,44107789
2024-08-14 08:21:20,3.1,19.351,183635968,753504,44108017
2024-08-14 08:21:25,0,19.351,183635968,753558,44108063
2024-08-14 08:21:30,5.8,19.351,183635968,753558,44108063
2024-08-14 08:21:35,0,19.3506,183631872,753702,44108185
2024-08-14 08:21:40,0,19.3506,183631872,753798,44108259
2024-08-14 08:21:46,0,19.3506,183631872,753798,44108259
