2024-08-14 08:09:30,20.5,17.4921,165990400,248384,32734311
2024-08-14 08:09:35,0,18.0537,171319296,353961,46000365
2024-08-14 08:09:40,3.1,18.0809,171577344,354003,46000393
2024-08-14 08:09:46,3.1,18.108,171835392,354093,46000469
2024-08-14 08:09:51,0,18.108,171835392,354093,46000469
2024-08-14 08:09:56,3,18.108,171835392,354093,46000469
2024-08-14 08:10:01,3,18.108,171835392,354183,46000545
2024-08-14 08:10:06,6,18.1085,171839488,354183,46000545
2024-08-14 08:10:12,3.2,18.1076,171831296,354183,46000545
2024-08-14 08:10:17,3,18.1607,172335104,354273,46000621
2024-08-14 08:10:22,3.2,18.1607,172335104,354273,46000621
2024-08-14 08:10:27,6.2,18.1875,172589056,354411,46000621
2024-08-14 08:10:32,0,18.187,172584960,354903,46001029
2024-08-14 08:10:38,8.4,18.1862,172576768,354945,46001057
2024-08-14 08:10:43,0,18.1862,172576768,354945,46001057
2024-08-14 08:10:48,5.8,18.3191,173838336,357203,46003191
2024-08-14 08:10:53,3.1,18.3191,173838336,357203,46003191
2024-08-14 08:10:59,0,18.3191,173838336,357203,46003191
2024-08-14 08:11:04,0,18.3191,173838336,357293,46003267
2024-08-14 08:11:09,0,18.3191,173838336,357293,46003267
2024-08-14 08:11:14,3.1,18.3195,173842432,357293,46003267
2024-08-14 08:11:19,0,18.3195,173842432,357383,46003343
2024-08-14 08:11:25,3.2,18.3195,173842432,357383,46003343
2024-08-14 08:11:30,0,18.4283,174874624,357495,46003371
2024-08-14 08:11:35,3,18.4275,174866432,357855,46003675
2024-08-14 08:11:40,3.2,18.4275,174866432,357987,46003779
2024-08-14 08:11:45,0,18.4275,174866432,357987,46003779
2024-08-14 08:11:51,3.1,18.4275,174866432,357987,46003779
2024-08-14 08:11:56,3.2,18.4275,174866432,358077,46003855
2024-08-14 08:12:01,3.1,18.4275,174866432,358077,46003855
2024-08-14 08:12:06,3.2,18.4275,174866432,358077,46003855
2024-08-14 08:12:11,6.2,18.4275,174866432,358167,46003931
2024-08-14 08:12:17,3.1,18.4275,174866432,358305,46003931
2024-08-14 08:12:22,3.2,18.4275,174866432,358305,46003931
2024-08-14 08:12:27,3.1,18.4508,175087616,360605,46006093
2024-08-14 08:12:32,0,18.4508,175087616,360605,46006093
2024-08-14 08:12:37,3.2,18.4508,175087616,360695,46006169
2024-08-14 08:12:43,0,18.4767,175333376,361055,46006473
2024-08-14 08:12:48,0,18.4771,175337472,361055,46006473
2024-08-14 08:12:53,6.1,18.4771,175337472,361055,46006473
2024-08-14 08:12:58,6.2,18.4775,175341568,361145,46006549
2024-08-14 08:13:03,3,18.4775,175341568,361145,46006549
2024-08-14 08:13:08,6.2,18.5319,175857664,361145,46006549
2024-08-14 08:13:14,3,18.5591,176115712,361235,46006625
2024-08-14 08:13:19,3,18.5591,176115712,361235,46006625
2024-08-14 08:13:24,6,18.5587,176111616,361277,46006653
2024-08-14 08:13:29,3.1,18.5587,176111616,361367,46006729
2024-08-14 08:13:34,3.2,18.5587,176111616,361409,46006757
2024-08-14 08:13:40,2.9,18.5587,176111616,361409,46006757
2024-08-14 08:13:45,0,18.5587,176111616,361859,46007137
2024-08-14 08:13:50,0,18.5587,176111616,361859,46007137
2024-08-14 08:13:55,36.3,22.7084,215490560,365407,46009606
2024-08-14 08:14:01,3.1,23.838,226209792,419302,46045898
2024-08-14 08:14:06,3.2,23.8376,226205696,458143,46072299
2024-08-14 08:14:11,27.3,23.8678,226492416,527217,46117095
2024-08-14 08:14:16,54.9,23.8713,226525184,593326,46168095
2024-08-14 08:14:21,0,23.8739,226549760,628237,46203168
2024-08-14 08:14:26,6.1,23.9002,226799616,639696,46215552
2024-08-14 08:14:32,3.2,23.8998,226795520,645910,46221172
2024-08-14 08:14:37,3,23.9192,226979840,650057,46230394
2024-08-14 08:14:42,3.1,23.9192,226979840,650057,46230394
2024-08-14 08:14:47,6.2,23.9192,226979840,650147,46230470
2024-08-14 08:14:52,3,23.9187,226975744,650507,46230774
2024-08-14 08:14:58,78.1,24.8286,235610112,677328,46415329
2024-08-14 08:15:03,0,24.7786,235134976,681414,46420910
2024-08-14 08:15:08,2.9,24.7781,235130880,681504,46420986
2024-08-14 08:15:13,3.1,24.7781,235130880,681504,46420986
2024-08-14 08:15:18,6.1,24.7781,235130880,681546,46421014
2024-08-14 08:15:24,3.2,24.7781,235130880,681636,46421090
2024-08-14 08:15:29,0,24.7755,235106304,681636,46421090
2024-08-14 08:15:34,9.3,24.9659,236912640,705573,46426056
2024-08-14 08:15:39,3.1,25.0194,237420544,716419,46432640
2024-08-14 08:15:44,5.9,25.019,237416448,723695,46437898
2024-08-14 08:15:50,3.1,25.019,237416448,728001,46440970
2024-08-14 08:15:55,3.2,25.0086,237318144,736478,46448956
2024-08-14 08:16:00,6.2,25.0013,237248512,766997,46466106
2024-08-14 08:16:05,0,24.9996,237232128,794024,46480935
2024-08-14 08:16:10,3,19.2402,182579200,799992,46489351
2024-08-14 08:16:16,5.8,19.2402,182579200,800082,46489427
2024-08-14 08:16:21,0,19.2402,182579200,800082,46489427
2024-08-14 08:16:26,3.1,19.2402,182579200,800082,46489427
2024-08-14 08:16:31,0,19.2402,182579200,800172,46489503
2024-08-14 08:16:36,0,19.3218,183353344,800172,46489503
2024-08-14 08:16:42,0,16.7691,159129600,800172,46489503
2024-08-14 08:16:47,3.2,16.8235,159645696,800262,46489579
2024-08-14 08:16:52,0,16.9323,160677888,800262,46489579
2024-08-14 08:16:57,0,17.0954,162226176,800352,46489655
2024-08-14 08:17:02,3.1,17.2029,163246080,800754,46489987
2024-08-14 08:17:07,0,17.2301,163504128,800796,46490015
2024-08-14 08:17:13,0,17.2301,163504128,800796,46490015
2024-08-14 08:17:18,3.1,17.2301,163504128,800886,46490091
2024-08-14 08:17:23,6,17.2301,163504128,800886,46490091
2024-08-14 08:17:28,0,17.4722,165801984,802922,46492149
2024-08-14 08:17:33,0,17.4722,165801984,803012,46492225
2024-08-14 08:17:39,3,17.4722,165801984,803012,46492225
2024-08-14 08:17:44,3.1,17.4994,166060032,803012,46492225
2024-08-14 08:17:49,0,17.5538,166576128,803240,46492301
2024-08-14 08:17:54,0,17.581,166834176,803240,46492301
2024-08-14 08:17:59,3.1,17.581,166834176,803240,46492301
2024-08-14 08:18:05,0,17.581,166834176,803786,46492755
2024-08-14 08:18:10,0,17.581,166834176,803786,46492755
2024-08-14 08:18:15,0,17.581,166834176,803786,46492755
2024-08-14 08:18:20,0,17.5806,166830080,803876,46492831
2024-08-14 08:18:25,0,17.6345,167342080,803918,46492859
2024-08-14 08:18:31,5.8,17.8728,169603072,803918,46492859
2024-08-14 08:18:36,0,17.8728,169603072,804008,46492935
2024-08-14 08:18:41,3.1,17.9,169861120,804008,46492935
2024-08-14 08:18:46,0,17.9803,170622976,804008,46492935
2024-08-14 08:18:51,0,17.9803,170622976,804008,46492935
2024-08-14 08:18:57,3.2,17.9799,170618880,804098,46493011
2024-08-14 08:19:02,6.1,17.9799,170618880,804140,46493039
2024-08-14 08:19:07,6.2,17.9799,170618880,804230,46493115
2024-08-14 08:19:12,3.2,17.9799,170618880,804632,46493447
2024-08-14 08:19:17,0,17.9799,170618880,804686,46493493
2024-08-14 08:19:22,0,17.9799,170618880,804686,46493493
2024-08-14 08:19:28,0,17.9799,170618880,807076,46495627
2024-08-14 08:19:33,0,17.9799,170618880,807076,46495627
2024-08-14 08:19:38,6.1,17.9799,170618880,807076,46495627
2024-08-14 08:19:43,3.1,17.9799,170618880,807166,46495703
2024-08-14 08:19:48,0,17.9803,170622976,807358,46495795
2024-08-14 08:19:54,6.2,17.9803,170622976,807358,46495795
2024-08-14 08:19:59,3.2,17.9799,170618880,807490,46495899
2024-08-14 08:20:04,0,17.9799,170618880,807532,46495927
2024-08-14 08:20:09,0,17.9799,170618880,807532,46495927
2024-08-14 08:20:14,0,18.007,170876928,807712,46496079
2024-08-14 08:20:20,0,18.0886,171651072,807828,46496125
2024-08-14 08:20:25,6.1,18.1158,171909120,807944,46496125
2024-08-14 08:20:30,0,18.143,172167168,808104,46496201
2024-08-14 08:20:35,3,18.2246,172941312,808204,46496229
2024-08-14 08:20:40,6.2,18.3062,173715456,808204,46496229
2024-08-14 08:20:45,10.3,18.3877,174489600,808320,46496275
2024-08-14 08:20:51,5.7,18.5475,176005120,810760,46498409
2024-08-14 08:20:56,0,18.5746,176263168,810860,46498437
2024-08-14 08:21:01,0,18.6018,176521216,810918,46498437
2024-08-14 08:21:06,0,18.629,176779264,811008,46498513
2024-08-14 08:21:11,0,18.629,176779264,811008,46498513
2024-08-14 08:21:17,3.1,18.7378,177811456,811156,46498589
2024-08-14 08:21:22,8.6,18.8725,179089408,811468,46498845
2024-08-14 08:21:27,0,19.0361,180641792,811468,46498845
2024-08-14 08:21:32,0,19.226,182444032,811522,46498891
2024-08-14 08:21:37,3.1,16.6767,158253056,811612,46498967
2024-08-14 08:21:43,3.1,16.9202,160563200,811750,46498967
