2024-08-14 08:06:36,12.4,17.7419,168366080,161884,27181075
2024-08-14 08:06:41,0,18.354,174174208,284193,42982711
2024-08-14 08:06:46,3,18.3816,174436352,284193,42982711
2024-08-14 08:06:51,0,18.4088,174694400,284283,42982787
2024-08-14 08:06:56,6.2,18.436,174952448,284283,42982787
2024-08-14 08:07:02,3.1,18.4891,175456256,284283,42982787
2024-08-14 08:07:07,6.2,18.5434,175972352,284803,42983167
2024-08-14 08:07:12,3,18.5426,175964160,284887,42983223
2024-08-14 08:07:17,3.2,18.5426,175964160,284887,42983223
2024-08-14 08:07:22,3.2,18.5426,175964160,284977,42983299
2024-08-14 08:07:28,3,18.543,175968256,284977,42983299
2024-08-14 08:07:33,5.8,18.543,175968256,284977,42983299
2024-08-14 08:07:38,0,18.5426,175964160,285067,42983375
2024-08-14 08:07:43,0,18.5698,176222208,285109,42983403
2024-08-14 08:07:48,3.1,18.7057,177512448,285109,42983403
2024-08-14 08:07:53,0,18.7057,177512448,285109,42983403
2024-08-14 08:07:59,3.2,18.7057,177512448,285253,42983525
2024-08-14 08:08:04,6.2,18.7057,177512448,285253,42983525
2024-08-14 08:08:09,0,18.7057,177512448,285529,42983751
2024-08-14 08:08:14,0,18.7057,177512448,285841,42984007
2024-08-14 08:08:19,0,18.7057,177512448,285979,42984007
2024-08-14 08:08:25,3.2,18.7057,177512448,285979,42984007
2024-08-14 08:08:30,3.2,18.7057,177512448,286069,42984083
2024-08-14 08:08:35,0,18.7053,177508352,288303,42986142
2024-08-14 08:08:40,3.2,18.7053,177508352,288345,42986170
2024-08-14 08:08:45,3.2,18.7053,177508352,288435,42986246
2024-08-14 08:08:51,3,18.7053,177508352,288435,42986246
2024-08-14 08:08:56,6.2,18.7053,177508352,288435,42986246
2024-08-14 08:09:01,6.2,18.868,179052544,288567,42986350
2024-08-14 08:09:06,0,19.0584,180858880,288609,42986378
2024-08-14 08:09:11,6.2,19.0856,181116928,288609,42986378
2024-08-14 08:09:16,6.1,19.0856,181116928,289059,42986758
2024-08-14 08:09:22,0,19.0856,181116928,289113,42986850
2024-08-14 08:09:27,3.1,19.0856,181116928,289113,42986850
2024-08-14 08:09:32,3.1,19.0834,181096448,289203,42986926
2024-08-14 08:09:37,0,19.0834,181096448,289245,42986954
2024-08-14 08:09:42,0,19.0834,181096448,289245,42986954
2024-08-14 08:09:47,0,19.1106,181354496,289335,42987030
2024-08-14 08:09:53,3.1,19.1922,182128640,289335,42987030
2024-08-14 08:09:58,6.1,19.3009,183160832,289377,42987058
2024-08-14 08:10:03,0,17.3289,164446208,291701,42989193
2024-08-14 08:10:08,3.1,17.3284,164442112,291743,42989221
2024-08-14 08:10:13,0,17.3284,164442112,291881,42989221
2024-08-14 08:10:19,3.2,17.3556,164700160,292373,42989509
2024-08-14 08:10:24,3.1,17.3552,164696064,292627,42989661
2024-08-14 08:10:29,0,17.3811,164941824,292627,42989661
2024-08-14 08:10:34,0,17.3811,164941824,292701,42989661
2024-08-14 08:10:39,3.2,17.3811,164941824,292833,42989765
2024-08-14 08:10:45,6.1,17.3811,164941824,292833,42989765
2024-08-14 08:10:50,0,17.4083,165199872,292907,42989765
2024-08-14 08:10:55,0,17.4898,165974016,293093,42989915
2024-08-14 08:11:00,0,17.6802,167780352,293135,42989943
2024-08-14 08:11:05,0,17.7074,168038400,293135,42989943
2024-08-14 08:11:10,3.2,17.7346,168296448,293225,42990019
2024-08-14 08:11:16,0,17.7346,168296448,293225,42990019
2024-08-14 08:11:21,0,17.7346,168296448,293225,42990019
2024-08-14 08:11:26,0,17.7341,168292352,293675,42990399
2024-08-14 08:11:31,0,17.9759,170586112,295951,42992486
2024-08-14 08:11:36,0,17.9759,170586112,295951,42992486
2024-08-14 08:11:42,0,18.193,172646400,296041,42992562
2024-08-14 08:11:47,3.1,18.3177,173830144,296111,42992562
2024-08-14 08:11:52,3.1,18.3449,174088192,296153,42992590
2024-08-14 08:11:57,3.1,18.4537,175120384,296243,42992666
2024-08-14 08:12:02,0,18.5611,176140288,296285,42992694
2024-08-14 08:12:07,3.2,18.6427,176914432,296423,42992694
2024-08-14 08:12:13,0,18.6699,177172480,296513,42992770
2024-08-14 08:12:18,3.2,18.7243,177688576,296513,42992770
2024-08-14 08:12:23,3,18.7243,177688576,296513,42992770
2024-08-14 08:12:28,3.1,18.7243,177688576,296783,42992998
2024-08-14 08:12:33,3.2,18.7243,177688576,297059,42993270
2024-08-14 08:12:39,3.2,18.7243,177688576,297059,42993270
2024-08-14 08:12:44,3.1,18.7243,177688576,297059,42993270
2024-08-14 08:12:49,0,18.7511,177942528,297191,42993374
2024-08-14 08:12:54,3.2,18.805,178454528,297191,42993374
2024-08-14 08:12:59,3,18.8853,179216384,297191,42993374
2024-08-14 08:13:04,6.2,18.9112,179462144,297281,42993450
2024-08-14 08:13:10,0,18.9103,179453952,297323,42993478
2024-08-14 08:13:15,3.2,18.9379,179716096,297323,42993478
2024-08-14 08:13:20,0,18.9379,179716096,297467,42993646
2024-08-14 08:13:25,0,18.9371,179707904,297467,42993646
2024-08-14 08:13:30,23.3,18.9638,179961856,299767,42995705
2024-08-14 08:13:36,3.2,18.9625,179949568,300259,42996113
2024-08-14 08:13:41,3.2,18.9625,179949568,300259,42996113
2024-08-14 08:13:46,3.1,18.9625,179949568,300475,42996187
2024-08-14 08:13:51,100,23.6193,224141312,403483,43061873
2024-08-14 08:13:56,3.2,23.6578,224505856,579185,43203986
2024-08-14 08:14:01,0,23.6582,224509952,579381,43203986
2024-08-14 08:14:07,0,23.6582,224509952,579471,43204062
2024-08-14 08:14:12,0,23.6582,224509952,579471,43204062
2024-08-14 08:14:17,0,23.6582,224509952,579529,43204062
2024-08-14 08:14:22,0,23.6582,224509952,579661,43204166
2024-08-14 08:14:27,0,23.6582,224509952,579661,43204166
2024-08-14 08:14:33,0,23.6582,224509952,579661,43204166
2024-08-14 08:14:38,0,23.6586,224514048,579931,43204394
2024-08-14 08:14:43,6.2,23.6582,224509952,580153,43204574
2024-08-14 08:14:48,6.1,23.6582,224509952,580153,43204574
2024-08-14 08:14:53,6.2,24.1645,229314560,610532,43394656
2024-08-14 08:14:58,0,24.1912,229568512,610622,43394732
2024-08-14 08:15:04,0,24.2171,229814272,610622,43394732
2024-08-14 08:15:09,3.2,24.2443,230072320,610622,43394732
2024-08-14 08:15:14,0,24.2443,230072320,610712,43394808
2024-08-14 08:15:19,3.2,24.2443,230072320,610766,43394854
2024-08-14 08:15:24,3.2,24.2443,230072320,610808,43394882
2024-08-14 08:15:30,15.6,24.4433,231960576,695721,43437710
2024-08-14 08:15:35,6.2,24.4658,232173568,706639,43445512
2024-08-14 08:15:40,9.3,24.4653,232169472,710144,43446856
2024-08-14 08:15:45,3.2,24.4649,232165376,715901,43449917
2024-08-14 08:15:50,0,24.4649,232165376,717553,43451595
2024-08-14 08:15:55,6.2,24.4649,232165376,725904,43457561
2024-08-14 08:16:01,3.2,24.4636,232153088,736774,43465125
2024-08-14 08:16:06,3.2,18.2379,173072384,740556,43471134
2024-08-14 08:16:11,0,18.4541,175124480,740556,43471134
2024-08-14 08:16:16,3.1,18.6444,176930816,740646,43471210
2024-08-14 08:16:21,0,18.6716,177188864,740646,43471210
2024-08-14 08:16:27,0,18.7536,177967104,740646,43471210
2024-08-14 08:16:32,3.2,18.808,178483200,740778,43471314
2024-08-14 08:16:37,3.2,18.8352,178741248,740820,43471342
2024-08-14 08:16:42,6.1,18.944,179773440,740928,43471480
2024-08-14 08:16:47,6.2,19.0782,181047296,741198,43471708
2024-08-14 08:16:52,6,19.3234,183373824,741378,43471860
2024-08-14 08:16:58,0,19.3778,183889920,741378,43471860
2024-08-14 08:17:03,0,19.3778,183889920,741378,43471860
2024-08-14 08:17:08,3.2,19.3778,183889920,741468,43471936
2024-08-14 08:17:13,3.1,19.3778,183889920,741510,43471964
2024-08-14 08:17:18,3.2,19.3778,183889920,741564,43472010
2024-08-14 08:17:24,3.2,19.3778,183889920,741654,43472086
2024-08-14 08:17:29,3.1,19.3778,183889920,741696,43472114
2024-08-14 08:17:34,3.2,19.4248,184336384,743732,43474173
2024-08-14 08:17:39,3.2,19.4248,184336384,743864,43474277
2024-08-14 08:17:44,3.2,19.4248,184336384,743864,43474277
2024-08-14 08:17:49,3.1,19.4248,184336384,744002,43474277
2024-08-14 08:17:55,6.2,19.4248,184336384,744452,43474657
2024-08-14 08:18:00,6,19.4248,184336384,744452,43474657
2024-08-14 08:18:05,6.2,19.4248,184336384,744452,43474657
2024-08-14 08:18:10,6.2,19.4244,184332288,744542,43474733
2024-08-14 08:18:15,0,19.4244,184332288,744638,43474807
2024-08-14 08:18:21,0,19.4244,184332288,744638,43474807
2024-08-14 08:18:26,3.2,19.4244,184332288,744770,43474911
2024-08-14 08:18:31,0,19.4244,184332288,744770,43474911
2024-08-14 08:18:36,0,19.4244,184332288,744770,43474911
2024-08-14 08:18:41,3.2,19.4244,184332288,744860,43474987
2024-08-14 08:18:47,0,19.424,184328192,744902,43475015
2024-08-14 08:18:52,0,19.424,184328192,744902,43475015
2024-08-14 08:18:57,3.2,19.424,184328192,745172,43475243
2024-08-14 08:19:02,3.1,19.4235,184324096,745352,43475395
2024-08-14 08:19:07,3.2,19.5323,185356288,745352,43475395
2024-08-14 08:19:12,6.2,19.5595,185614336,745352,43475395
2024-08-14 08:19:18,0,19.5595,185614336,745442,43475471
2024-08-14 08:19:23,0,19.5595,185614336,745484,43475499
2024-08-14 08:19:28,6,19.5595,185614336,745484,43475499
2024-08-14 08:19:33,3.1,19.5595,185614336,747610,43477634
2024-08-14 08:19:38,3,19.5595,185614336,747652,43477662
2024-08-14 08:19:44,8.6,19.5595,185614336,747790,43477662
2024-08-14 08:19:49,3.2,19.5595,185614336,747880,43477738
2024-08-14 08:19:54,3,19.5595,185614336,747880,43477738
2024-08-14 08:19:59,0,19.5595,185614336,747880,43477738
2024-08-14 08:20:04,0,16.93,160661504,748060,43477890
2024-08-14 08:20:09,0,16.9844,161177600,748060,43477890
2024-08-14 08:20:15,0,17.066,161951744,748060,43477890
2024-08-14 08:20:20,6,17.1204,162467840,748192,43477994
2024-08-14 08:20:25,3.2,17.3379,164532224,748192,43477994
2024-08-14 08:20:30,0,17.3651,164790272,748246,43478040
2024-08-14 08:20:35,0,17.3651,164790272,748378,43478144
2024-08-14 08:20:41,3.1,17.3651,164790272,748378,43478144
2024-08-14 08:20:46,6.2,17.3651,164790272,748378,43478144
2024-08-14 08:20:51,0,17.3651,164790272,748538,43478220
2024-08-14 08:20:56,0,17.5011,166080512,748592,43478266
2024-08-14 08:21:01,0,17.637,167370752,748592,43478266
2024-08-14 08:21:06,0,17.6914,167886848,748952,43478570
2024-08-14 08:21:12,0,17.8805,169680896,749042,43478646
2024-08-14 08:21:17,0,17.9349,170196992,749084,43478674
2024-08-14 08:21:22,3.2,17.9892,170713088,749084,43478674
