2024-08-14 08:04:59,9.7,18.5227,175775744,146734,26676273
2024-08-14 08:05:04,0,18.3902,174518272,329019,43538405
2024-08-14 08:05:09,3,18.3902,174518272,329073,43538497
2024-08-14 08:05:15,0,18.3902,174518272,329073,43538497
2024-08-14 08:05:20,0,18.4718,175292416,329163,43538573
2024-08-14 08:05:25,0,18.499,175550464,329163,43538573
2024-08-14 08:05:30,0,18.4986,175546368,329163,43538573
2024-08-14 08:05:35,0,18.5253,175800320,329253,43538649
2024-08-14 08:05:41,3.1,18.5253,175800320,329295,43538677
2024-08-14 08:05:46,3.1,18.5253,175800320,329295,43538677
2024-08-14 08:05:51,3.2,18.5249,175796224,329745,43539057
2024-08-14 08:05:56,3.2,18.5236,175783936,329787,43539085
2024-08-14 08:06:01,3,18.5503,176037888,329787,43539085
2024-08-14 08:06:06,6.2,18.5486,176021504,331913,43541221
2024-08-14 08:06:12,0,18.5503,176037888,331913,43541221
2024-08-14 08:06:17,3.1,18.5762,176283648,332051,43541221
2024-08-14 08:06:22,0,18.6034,176541696,332141,43541297
2024-08-14 08:06:27,6.2,18.6306,176799744,332141,43541297
2024-08-14 08:06:32,6.2,18.6306,176799744,332141,43541297
2024-08-14 08:06:38,3.2,18.6306,176799744,332141,43541297
2024-08-14 08:06:43,6.2,18.6306,176799744,332301,43541373
2024-08-14 08:06:48,0,18.6289,176783360,332343,43541401
2024-08-14 08:06:53,0,18.6289,176783360,332655,43541657
2024-08-14 08:06:58,6.2,18.6289,176783360,332835,43541809
2024-08-14 08:07:03,6.2,18.6526,177008640,332835,43541809
2024-08-14 08:07:09,0,18.6526,177008640,332835,43541809
2024-08-14 08:07:14,0,18.6526,177008640,332925,43541885
2024-08-14 08:07:19,0,18.6526,177008640,332967,43541913
2024-08-14 08:07:24,0,18.6526,177008640,333021,43541959
2024-08-14 08:07:29,0,18.6522,177004544,333111,43542035
2024-08-14 08:07:34,0,18.6522,177004544,333111,43542035
2024-08-14 08:07:40,0,18.6539,177020928,333111,43542035
2024-08-14 08:07:45,0,18.6539,177020928,333201,43542111
2024-08-14 08:07:50,0,18.6539,177020928,333285,43542167
2024-08-14 08:07:55,0,18.6539,177020928,333285,43542167
2024-08-14 08:08:00,0,18.6539,177020928,333735,43542547
2024-08-14 08:08:06,0,18.7623,178049024,336035,43544607
2024-08-14 08:08:11,0,18.8154,178552832,336035,43544607
2024-08-14 08:08:16,3.2,18.8697,179068928,336263,43544683
2024-08-14 08:08:21,0,18.8697,179068928,336263,43544683
2024-08-14 08:08:26,0,18.8697,179068928,336263,43544683
2024-08-14 08:08:32,0,18.8697,179068928,336353,43544759
2024-08-14 08:08:37,0,19.0057,180359168,336395,43544787
2024-08-14 08:08:42,0,19.0329,180617216,336395,43544787
2024-08-14 08:08:47,6.2,19.032,180609024,336437,43544815
2024-08-14 08:08:52,6,19.032,180609024,336527,43544891
2024-08-14 08:08:57,0,19.032,180609024,336527,43544891
2024-08-14 08:09:03,0,19.032,180609024,336707,43545043
2024-08-14 08:09:08,3.2,19.032,180609024,337019,43545299
2024-08-14 08:09:13,3.2,19.032,180609024,337019,43545299
2024-08-14 08:09:18,3.1,19.032,180609024,337019,43545299
2024-08-14 08:09:23,3.2,19.032,180609024,337109,43545375
2024-08-14 08:09:28,3.1,19.032,180609024,337109,43545375
2024-08-14 08:09:34,6.5,19.032,180609024,337109,43545375
2024-08-14 08:09:39,0,19.032,180609024,337199,43545451
2024-08-14 08:09:44,0,19.032,180609024,337283,43545507
2024-08-14 08:09:49,0,19.032,180609024,337283,43545507
2024-08-14 08:09:54,6.1,19.0316,180604928,337373,43545583
2024-08-14 08:10:00,6.2,19.0316,180604928,337373,43545583
2024-08-14 08:10:05,3.1,19.0256,180547584,339679,43547643
2024-08-14 08:10:10,3.1,19.0156,180453376,340183,43548069
2024-08-14 08:10:15,3.2,19.0156,180453376,340183,43548069
2024-08-14 08:10:20,3.2,19.0156,180453376,340183,43548069
2024-08-14 08:10:26,0,19.0156,180453376,340273,43548145
2024-08-14 08:10:31,0,19.0156,180453376,340273,43548145
2024-08-14 08:10:36,0,19.0156,180453376,340273,43548145
2024-08-14 08:10:41,0,19.0156,180453376,340405,43548249
2024-08-14 08:10:46,0,19.0156,180453376,340447,43548277
2024-08-14 08:10:51,0,19.0156,180453376,340447,43548277
2024-08-14 08:10:57,0,19.0424,180707328,340447,43548277
2024-08-14 08:11:02,0,19.0424,180707328,340537,43548353
2024-08-14 08:11:07,0,19.0424,180707328,340537,43548353
2024-08-14 08:11:12,3.1,19.042,180703232,340717,43548505
2024-08-14 08:11:17,3.2,19.0415,180699136,341099,43548761
2024-08-14 08:11:22,0,19.0415,180699136,341099,43548761
2024-08-14 08:11:28,0,19.0415,180699136,341099,43548761
2024-08-14 08:11:33,6.1,19.0415,180699136,341189,43548837
2024-08-14 08:11:38,3.1,19.0407,180690944,341231,43548865
2024-08-14 08:11:43,6.2,19.0407,180690944,341231,43548865
2024-08-14 08:11:48,3.2,19.0407,180690944,341321,43548941
2024-08-14 08:11:54,0,19.0407,180690944,341501,43548969
2024-08-14 08:11:59,0,19.0407,180690944,341501,43548969
2024-08-14 08:12:04,3.2,19.0407,180690944,343627,43551105
2024-08-14 08:12:09,3.1,19.0407,180690944,343627,43551105
2024-08-14 08:12:14,3.2,19.0407,180690944,343627,43551105
2024-08-14 08:12:19,3.2,19.0407,180690944,344077,43551485
2024-08-14 08:12:25,3.2,19.0407,180690944,344077,43551485
2024-08-14 08:12:30,3.2,19.0407,180690944,344077,43551485
2024-08-14 08:12:35,3.1,19.0407,180690944,344209,43551589
2024-08-14 08:12:40,3.1,19.0407,180690944,344251,43551617
2024-08-14 08:12:45,6,19.0407,180690944,344251,43551617
2024-08-14 08:12:51,0,19.0407,180690944,344341,43551693
2024-08-14 08:12:56,0,19.0407,180690944,344341,43551693
2024-08-14 08:13:01,0,19.0407,180690944,344341,43551693
2024-08-14 08:13:06,0,19.0407,180690944,344341,43551693
2024-08-14 08:13:11,3.1,19.0407,180690944,344431,43551769
2024-08-14 08:13:16,3.1,19.0407,180690944,344473,43551797
2024-08-14 08:13:22,0,19.0407,180690944,344563,43551873
2024-08-14 08:13:27,0,19.0407,180690944,344965,43552205
2024-08-14 08:13:32,0,19.0407,180690944,344965,43552205
2024-08-14 08:13:37,0,19.0407,180690944,344965,43552205
2024-08-14 08:13:42,0,19.0398,180682752,345109,43552327
2024-08-14 08:13:48,90.6,23.9387,227172352,602233,43724295
2024-08-14 08:13:53,0,23.9815,227577856,623824,43758286
2024-08-14 08:13:58,3.1,23.9815,227577856,623914,43758362
2024-08-14 08:14:03,0,23.9815,227577856,626214,43760422
2024-08-14 08:14:08,0,23.9815,227577856,626214,43760422
2024-08-14 08:14:14,3.2,23.9815,227577856,626304,43760498
2024-08-14 08:14:19,3.1,24.0618,228339712,626304,43760498
2024-08-14 08:14:24,3.2,24.0618,228339712,626346,43760526
2024-08-14 08:14:29,3.2,24.0613,228335616,626796,43760906
2024-08-14 08:14:34,3.1,24.0613,228335616,626796,43760906
2024-08-14 08:14:39,0,24.0613,228335616,626796,43760906
2024-08-14 08:14:45,0,24.0609,228331520,626886,43760982
2024-08-14 08:14:50,3.1,24.5672,233136128,657450,43951111
2024-08-14 08:14:55,6,24.5663,233127936,657450,43951111
2024-08-14 08:15:00,0,24.5663,233127936,657540,43951187
2024-08-14 08:15:05,6.1,24.5935,233385984,657540,43951187
2024-08-14 08:15:11,3.1,24.6479,233902080,657540,43951187
2024-08-14 08:15:16,0,24.7023,234418176,657540,43951187
2024-08-14 08:15:21,9.7,25.051,237727744,764563,44005873
2024-08-14 08:15:26,3.2,19.5198,185237504,766953,44008943
2024-08-14 08:15:31,3.2,19.5198,185237504,767223,44009171
2024-08-14 08:15:36,0,19.5198,185237504,767403,44009323
2024-08-14 08:15:42,3,19.5198,185237504,767403,44009323
2024-08-14 08:15:47,0,19.5198,185237504,767541,44009323
2024-08-14 08:15:52,0,19.5198,185237504,767631,44009399
2024-08-14 08:15:57,0,16.804,159465472,767673,44009427
2024-08-14 08:16:02,0,16.9943,161271808,767673,44009427
2024-08-14 08:16:08,3.1,17.0487,161787904,767763,44009503
2024-08-14 08:16:13,6.2,17.0487,161787904,767763,44009503
2024-08-14 08:16:18,3.2,17.1299,162557952,767805,44009531
2024-08-14 08:16:23,3.1,17.1571,162816000,767895,44009607
2024-08-14 08:16:28,3.2,17.1571,162816000,767937,44009635
2024-08-14 08:16:33,3.2,17.1571,162816000,767937,44009635
2024-08-14 08:16:39,6.2,17.2641,163831808,768387,44010015
2024-08-14 08:16:44,3.2,17.2913,164089856,768441,44010061
2024-08-14 08:16:49,5.9,17.3185,164347904,768441,44010061
2024-08-14 08:16:54,0,17.3457,164605952,768531,44010137
2024-08-14 08:16:59,0,17.3729,164864000,768573,44010165
2024-08-14 08:17:05,0,17.7493,168435712,770675,44012225
2024-08-14 08:17:10,0,17.7764,168693760,770765,44012301
2024-08-14 08:17:15,0,17.8308,169209856,770807,44012329
2024-08-14 08:17:20,0,17.858,169467904,770807,44012329
2024-08-14 08:17:25,0,17.858,169467904,770897,44012405
2024-08-14 08:17:30,0,17.8576,169463808,770897,44012405
2024-08-14 08:17:36,0,17.8576,169463808,770897,44012405
2024-08-14 08:17:41,0,17.8576,169463808,771305,44012633
2024-08-14 08:17:46,0,17.8844,169717760,771527,44012813
2024-08-14 08:17:51,0,17.9659,170491904,771527,44012813
2024-08-14 08:17:56,3.2,17.9659,170491904,771527,44012813
2024-08-14 08:18:02,3,17.9659,170491904,771617,44012889
2024-08-14 08:18:07,3.2,17.9659,170491904,771617,44012889
2024-08-14 08:18:12,0,17.9659,170491904,771659,44012917
2024-08-14 08:18:17,3.2,17.9659,170491904,771749,44012993
2024-08-14 08:18:22,0,17.9659,170491904,771791,44013021
2024-08-14 08:18:27,6,17.9659,170491904,771791,44013021
2024-08-14 08:18:33,0,17.9655,170487808,771881,44013097
2024-08-14 08:18:38,0,18.0466,171257856,771881,44013097
2024-08-14 08:18:43,3.1,18.0738,171515904,772025,44013219
2024-08-14 08:18:48,3.2,18.0738,171515904,772385,44013523
2024-08-14 08:18:53,0,18.0738,171515904,772427,44013551
2024-08-14 08:18:59,3.2,18.0738,171515904,772481,44013643
2024-08-14 08:19:04,6,18.2353,173047808,774805,44015779
2024-08-14 08:19:09,0,18.2353,173047808,774847,44015807
2024-08-14 08:19:14,0,18.2353,173047808,774847,44015807
2024-08-14 08:19:19,0,18.2348,173043712,774937,44015883
2024-08-14 08:19:24,3.2,18.2348,173043712,774937,44015883
2024-08-14 08:19:30,3.1,18.2348,173043712,774991,44015929
2024-08-14 08:19:35,0,18.2348,173043712,775033,44015957
2024-08-14 08:19:40,0,18.2348,173043712,775261,44016033
2024-08-14 08:19:45,0,18.2348,173043712,775261,44016033
2024-08-14 08:19:50,0,18.2348,173043712,775261,44016033
2024-08-14 08:19:56,0,18.2348,173043712,775511,44016185
2024-08-14 08:20:01,0,18.2348,173043712,775553,44016213
2024-08-14 08:20:06,0,18.2348,173043712,775553,44016213
2024-08-14 08:20:11,0,18.2348,173043712,775643,44016289
2024-08-14 08:20:16,0,18.2348,173043712,775685,44016317
2024-08-14 08:20:21,0,18.2353,173047808,775685,44016317
2024-08-14 08:20:27,0,18.2353,173047808,775775,44016393
2024-08-14 08:20:32,0,18.2353,173047808,775775,44016393
2024-08-14 08:20:37,0,18.2353,173047808,775775,44016393
2024-08-14 08:20:42,0,18.2353,173047808,775919,44016561
2024-08-14 08:20:47,0,18.2896,173563904,778219,44018621
2024-08-14 08:20:53,3.2,18.3427,174067712,778309,44018697
2024-08-14 08:20:58,6.4,18.3427,174067712,780634,44020365
