2024-08-14 08:08:27,16.2,17.6823,167800832,199478,31599065
2024-08-14 08:08:32,0,18.2054,172765184,283761,43536937
2024-08-14 08:08:37,3.2,18.287,173539328,283851,43537013
2024-08-14 08:08:42,3,18.3414,174055424,283893,43537041
2024-08-14 08:08:48,6,18.3686,174313472,283893,43537041
2024-08-14 08:08:53,3.2,18.369,174317568,283983,43537117
2024-08-14 08:08:58,0,18.369,174317568,283983,43537117
2024-08-14 08:09:03,3,18.369,174317568,283983,43537117
2024-08-14 08:09:08,3,18.4216,174817280,284073,43537193
2024-08-14 08:09:14,3.2,18.4216,174817280,284115,43537221
2024-08-14 08:09:19,0,18.4234,174833664,284115,43537221
2024-08-14 08:09:24,0,18.4225,174825472,284565,43537601
2024-08-14 08:09:29,0,18.4225,174825472,284565,43537601
2024-08-14 08:09:34,3.1,18.4225,174825472,284607,43537629
2024-08-14 08:09:40,0,18.4225,174825472,284697,43537705
2024-08-14 08:09:45,3,18.4225,174825472,284697,43537705
2024-08-14 08:09:50,3.2,18.4225,174825472,284697,43537705
2024-08-14 08:09:55,0,18.4225,174825472,284787,43537781
2024-08-14 08:10:00,0,18.4225,174825472,284829,43537809
2024-08-14 08:10:05,2.9,18.4182,174784512,287063,43539869
2024-08-14 08:10:11,3.1,18.4195,174796800,287133,43539869
2024-08-14 08:10:16,3.1,18.4191,174792704,287223,43539945
2024-08-14 08:10:21,6.1,18.4191,174792704,287223,43539945
2024-08-14 08:10:26,3.2,18.4186,174788608,287403,43540097
2024-08-14 08:10:31,3.1,18.4186,174788608,287853,43540353
2024-08-14 08:10:37,3.1,18.4191,174792704,287853,43540353
2024-08-14 08:10:42,6.1,18.4191,174792704,287853,43540353
2024-08-14 08:10:47,6,18.4186,174788608,287943,43540429
2024-08-14 08:10:52,0,18.4182,174784512,288039,43540503
2024-08-14 08:10:57,3.1,18.4182,174784512,288039,43540503
2024-08-14 08:11:03,0,18.4182,174784512,288129,43540579
2024-08-14 08:11:08,3.1,18.416,174764032,288129,43540579
2024-08-14 08:11:13,3,18.416,174764032,288129,43540579
2024-08-14 08:11:18,3.1,18.416,174764032,288219,43540655
2024-08-14 08:11:23,3.1,18.416,174764032,288219,43540655
2024-08-14 08:11:29,3,18.4165,174768128,288261,43540683
2024-08-14 08:11:34,3.1,18.4156,174759936,288711,43541063
2024-08-14 08:11:39,0,18.4428,175017984,288807,43541137
2024-08-14 08:11:44,0,18.47,175276032,288807,43541137
2024-08-14 08:11:49,0,18.4972,175534080,288897,43541213
2024-08-14 08:11:55,3.2,18.5788,176308224,288897,43541213
2024-08-14 08:12:00,3.1,18.6318,176812032,288897,43541213
2024-08-14 08:12:05,0,18.738,177819648,291089,43543349
2024-08-14 08:12:10,0,18.738,177819648,291089,43543349
2024-08-14 08:12:15,0,18.738,177819648,291089,43543349
2024-08-14 08:12:21,3,18.7385,177823744,291179,43543425
2024-08-14 08:12:26,3.1,18.7385,177823744,291359,43543453
2024-08-14 08:12:31,3.2,18.7385,177823744,291359,43543453
2024-08-14 08:12:36,2.9,18.738,177819648,291719,43543757
2024-08-14 08:12:42,5.8,18.738,177819648,291851,43543861
2024-08-14 08:12:47,3.1,18.738,177819648,291851,43543861
2024-08-14 08:12:52,3.1,18.7397,177836032,291851,43543861
2024-08-14 08:12:57,3.2,18.8196,178593792,291941,43543937
2024-08-14 08:13:02,6.2,18.8196,178593792,291941,43543937
2024-08-14 08:13:08,0,18.8213,178610176,291941,43543937
2024-08-14 08:13:13,0,18.8218,178614272,292031,43544013
2024-08-14 08:13:18,3.1,18.8192,178589696,292031,43544013
2024-08-14 08:13:23,6,18.8187,178585600,292073,43544041
2024-08-14 08:13:28,0,18.8192,178589696,292163,43544117
2024-08-14 08:13:34,0,18.8382,178769920,292205,43544145
2024-08-14 08:13:39,3,18.8377,178765824,292205,43544145
2024-08-14 08:13:44,0,18.8377,178765824,292655,43544525
2024-08-14 08:13:49,0,18.8373,178761728,292655,43544525
2024-08-14 08:13:54,65.7,23.7185,225083392,313792,43568132
2024-08-14 08:14:00,2.9,24.5524,232996864,383593,43606319
2024-08-14 08:14:05,48.5,24.5796,233254912,463357,43655501
2024-08-14 08:14:10,6.2,24.59,233353216,562731,43740487
2024-08-14 08:14:15,2.9,24.59,233353216,571180,43756031
2024-08-14 08:14:20,3.1,24.6159,233598976,573634,43761743
2024-08-14 08:14:26,3.1,24.6163,233603072,573772,43761743
2024-08-14 08:14:31,3.1,24.6163,233603072,573862,43761819
2024-08-14 08:14:36,3.1,24.6163,233603072,573862,43761819
2024-08-14 08:14:41,3.1,24.6163,233603072,573862,43761819
2024-08-14 08:14:47,3,24.615,233590784,574222,43762123
2024-08-14 08:14:52,0,24.6146,233586688,574354,43762227
2024-08-14 08:14:57,0,24.713,234520576,605260,43952259
2024-08-14 08:15:02,0,24.7389,234766336,605302,43952287
2024-08-14 08:15:07,6.1,24.738,234758144,605392,43952363
2024-08-14 08:15:13,3.2,24.738,234758144,605434,43952391
2024-08-14 08:15:18,0,24.738,234758144,605434,43952391
2024-08-14 08:15:23,0,24.7376,234754048,605524,43952467
2024-08-14 08:15:28,6.2,24.7376,234754048,605524,43952467
2024-08-14 08:15:33,3.1,24.8735,236044288,641268,43964773
2024-08-14 08:15:39,0,24.8735,236044288,647843,43969483
2024-08-14 08:15:44,3.2,24.8735,236044288,652066,43972497
2024-08-14 08:15:49,6.2,24.861,235925504,660444,43978272
2024-08-14 08:15:54,12.1,24.8558,235876352,670419,43983132
2024-08-14 08:15:59,12.1,24.8558,235876352,696936,44001297
2024-08-14 08:16:05,3.3,24.8528,235847680,730036,44021357
2024-08-14 08:16:10,3.1,18.3051,173711360,742420,44032597
2024-08-14 08:16:15,3.2,18.3051,173711360,742558,44032597
2024-08-14 08:16:20,0,18.3051,173711360,742558,44032597
2024-08-14 08:16:25,0,18.3051,173711360,742648,44032673
2024-08-14 08:16:31,3.2,18.4411,175001600,742648,44032673
2024-08-14 08:16:36,3.1,18.4674,175251456,742648,44032673
2024-08-14 08:16:41,3.1,18.5201,175751168,742738,44032749
2024-08-14 08:16:46,0,18.5472,176009216,742780,44032777
2024-08-14 08:16:51,3.2,18.5477,176013312,742834,44032823
2024-08-14 08:16:57,3.2,18.5477,176013312,743284,44033203
2024-08-14 08:17:02,0,18.5477,176013312,743284,44033203
2024-08-14 08:17:07,0,18.5477,176013312,743326,44033231
2024-08-14 08:17:12,3.1,18.5477,176013312,743326,44033231
2024-08-14 08:17:17,0,18.5477,176013312,743470,44033353
2024-08-14 08:17:23,3,18.5477,176013312,743512,44033381
2024-08-14 08:17:28,3,18.5477,176013312,743512,44033381
2024-08-14 08:17:33,0,18.5477,176013312,743602,44033457
2024-08-14 08:17:38,3.1,18.5477,176013312,743602,44033457
2024-08-14 08:17:43,0,18.5477,176013312,743672,44033457
2024-08-14 08:17:49,0,18.5477,176013312,743762,44033533
2024-08-14 08:17:54,6.2,18.5477,176013312,743762,44033533
2024-08-14 08:17:59,6,18.5477,176013312,744032,44033761
2024-08-14 08:18:04,0,18.5706,176230400,746494,44036001
2024-08-14 08:18:09,3.1,18.5697,176222208,746494,44036001
2024-08-14 08:18:15,3,18.5697,176222208,746494,44036001
2024-08-14 08:18:20,0,18.5697,176222208,746584,44036077
2024-08-14 08:18:25,8.8,18.5697,176222208,746584,44036077
2024-08-14 08:18:30,3,18.5697,176222208,746584,44036077
2024-08-14 08:18:35,0,18.5693,176218112,746674,44036153
2024-08-14 08:18:41,0,18.5693,176218112,746716,44036181
2024-08-14 08:18:46,0,18.5693,176218112,746716,44036181
2024-08-14 08:18:51,5.8,18.5688,176214016,746806,44036257
2024-08-14 08:18:56,6.1,18.5688,176214016,746806,44036257
2024-08-14 08:19:01,3,18.5688,176214016,746848,44036285
2024-08-14 08:19:07,3.1,18.5706,176230400,747298,44036665
2024-08-14 08:19:12,3,18.5706,176230400,747298,44036665
2024-08-14 08:19:17,0,18.5706,176230400,747298,44036665
2024-08-14 08:19:22,6,18.5706,176230400,747388,44036741
2024-08-14 08:19:27,0,18.5706,176230400,747430,44036769
2024-08-14 08:19:33,3,18.5706,176230400,747430,44036769
2024-08-14 08:19:38,0,18.5706,176230400,747484,44036815
2024-08-14 08:19:43,0,18.5706,176230400,747690,44036937
2024-08-14 08:19:48,6.2,18.5706,176230400,747806,44036937
2024-08-14 08:19:53,3.1,18.5706,176230400,747806,44036937
2024-08-14 08:19:59,0,18.5701,176226304,748134,44037041
2024-08-14 08:20:04,3.1,18.5697,176222208,750212,44039129
2024-08-14 08:20:09,6.1,18.5697,176222208,750212,44039129
2024-08-14 08:20:14,0,18.5697,176222208,750360,44039205
2024-08-14 08:20:19,0,18.5697,176222208,750360,44039205
2024-08-14 08:20:25,3,18.5697,176222208,750360,44039205
2024-08-14 08:20:30,3.1,18.5697,176222208,750450,44039281
2024-08-14 08:20:35,3.1,18.5697,176222208,750450,44039281
2024-08-14 08:20:40,3.1,18.5697,176222208,750450,44039281
2024-08-14 08:20:45,2.9,18.5697,176222208,750540,44039357
2024-08-14 08:20:51,3.1,18.5697,176222208,750678,44039459
2024-08-14 08:20:56,0,18.5697,176222208,750678,44039459
2024-08-14 08:21:01,0,18.5693,176218112,750768,44039535
2024-08-14 08:21:06,3.1,18.5693,176218112,750768,44039535
2024-08-14 08:21:11,5.8,18.5693,176218112,750768,44039535
2024-08-14 08:21:17,3,18.5693,176218112,751218,44039915
2024-08-14 08:21:22,0,18.5693,176218112,751218,44039915
2024-08-14 08:21:27,0,18.5693,176218112,751218,44039915
