2024-08-14 08:04:41,9.7,17.8813,169689088,151095,26125472
2024-08-14 08:04:46,3.1,18.5568,176099328,324404,42988076
2024-08-14 08:04:51,0,18.5568,176099328,324404,42988076
2024-08-14 08:04:56,0,18.584,176357376,324404,42988076
2024-08-14 08:05:01,0,18.6647,177123328,324548,42988244
2024-08-14 08:05:07,3.2,18.8266,178659328,324548,42988244
2024-08-14 08:05:12,3.2,18.9077,179429376,324548,42988244
2024-08-14 08:05:17,3.2,18.9349,179687424,324680,42988348
2024-08-14 08:05:22,0,18.9893,180203520,324722,42988376
2024-08-14 08:05:27,0,18.9893,180203520,324722,42988376
2024-08-14 08:05:33,0,18.991,180219904,324866,42988498
2024-08-14 08:05:38,6.2,19.0182,180477952,324866,42988498
2024-08-14 08:05:43,6.1,19.0182,180477952,324866,42988498
2024-08-14 08:05:48,3.2,19.0182,180477952,325316,42988878
2024-08-14 08:05:53,3.2,19.0182,180477952,325358,42988906
2024-08-14 08:05:58,3.2,19.0182,180477952,325358,42988906
2024-08-14 08:06:04,0,19.0152,180449280,327604,42991087
2024-08-14 08:06:09,0,19.0152,180449280,327742,42991087
2024-08-14 08:06:14,0,19.0152,180449280,327784,42991115
2024-08-14 08:06:19,0,19.0415,180699136,327784,42991115
2024-08-14 08:06:24,6,19.0415,180699136,327874,42991191
2024-08-14 08:06:29,3.2,19.0415,180699136,327928,42991283
2024-08-14 08:06:35,3.1,19.0415,180699136,327970,42991311
2024-08-14 08:06:40,3.2,19.0415,180699136,328060,42991387
2024-08-14 08:06:45,3.1,19.0415,180699136,328060,42991387
2024-08-14 08:06:50,3.2,19.0415,180699136,328150,42991463
2024-08-14 08:06:55,0,19.0415,180699136,328580,42991767
2024-08-14 08:07:01,0,19.0674,180944896,328580,42991767
2024-08-14 08:07:06,0,19.0635,180908032,328580,42991767
2024-08-14 08:07:11,0,19.0635,180908032,328712,42991871
2024-08-14 08:07:16,6.2,19.0635,180908032,328754,42991899
2024-08-14 08:07:21,3.1,19.0635,180908032,328754,42991899
2024-08-14 08:07:26,3.1,19.0631,180903936,328844,42991975
2024-08-14 08:07:32,0,19.0907,181166080,328844,42991975
2024-08-14 08:07:37,0,19.0907,181166080,328844,42991975
2024-08-14 08:07:42,0,19.0907,181166080,328934,42992051
2024-08-14 08:07:47,0,19.0907,181166080,328976,42992079
2024-08-14 08:07:52,0,19.0907,181166080,328976,42992079
2024-08-14 08:07:58,6.2,19.0907,181166080,329426,42992459
2024-08-14 08:08:03,3.2,19.0907,181166080,329606,42992487
2024-08-14 08:08:08,3.2,19.1451,181682176,331642,42994546
2024-08-14 08:08:13,0,19.1451,181682176,331774,42994650
2024-08-14 08:08:18,0,19.1451,181682176,331774,42994650
2024-08-14 08:08:23,0,19.1995,182198272,331774,42994650
2024-08-14 08:08:29,6,19.2811,182972416,331774,42994650
2024-08-14 08:08:34,3.1,19.3083,183230464,331864,42994726
2024-08-14 08:08:39,0,19.3083,183230464,331906,42994754
2024-08-14 08:08:44,0,19.3083,183230464,331906,42994754
2024-08-14 08:08:49,0,19.3083,183230464,332050,42994876
2024-08-14 08:08:54,0,19.3083,183230464,332524,42995556
2024-08-14 08:09:00,0,19.3083,183230464,332566,42995584
2024-08-14 08:09:05,6.2,19.3083,183230464,333016,42995964
2024-08-14 08:09:10,3.1,19.3083,183230464,333016,42995964
2024-08-14 08:09:15,3.2,19.3083,183230464,333016,42995964
2024-08-14 08:09:20,0,19.3083,183230464,333106,42996040
2024-08-14 08:09:26,0,19.3083,183230464,333148,42996114
2024-08-14 08:09:31,0,19.3083,183230464,333148,42996114
2024-08-14 08:09:36,6.2,19.3083,183230464,333238,42996190
2024-08-14 08:09:41,6.2,19.3083,183230464,333238,42996190
2024-08-14 08:09:46,3.2,19.3083,183230464,333238,42996190
2024-08-14 08:09:51,3.1,19.2984,183136256,333328,42996266
2024-08-14 08:09:57,3.2,19.2984,183136256,333412,42996322
2024-08-14 08:10:02,0,19.2984,183136256,333550,42996322
2024-08-14 08:10:07,0,19.3493,183619584,336102,42998761
2024-08-14 08:10:12,0,19.3493,183619584,336102,42998761
2024-08-14 08:10:17,0,19.3765,183877632,336102,42998761
2024-08-14 08:10:23,6.2,19.4309,184393728,336102,42998761
2024-08-14 08:10:28,6.2,19.4848,184905728,336234,42998865
2024-08-14 08:10:33,3.1,19.512,185163776,336234,42998865
2024-08-14 08:10:38,3.1,19.512,185163776,337583,43000106
2024-08-14 08:10:43,3.2,19.5116,185159680,338233,43000366
2024-08-14 08:10:48,3.1,19.5111,185155584,341044,43002921
2024-08-14 08:10:54,0,19.5107,185151488,341588,43003179
2024-08-14 08:10:59,0,19.5107,185151488,341940,43003531
2024-08-14 08:11:04,0,19.5098,185143296,341940,43003531
2024-08-14 08:11:09,6,19.5098,185143296,341940,43003531
2024-08-14 08:11:14,3.2,19.5094,185139200,342390,43003911
2024-08-14 08:11:20,3.2,19.5086,185131008,342390,43003911
2024-08-14 08:11:25,0,19.5086,185131008,342390,43003911
2024-08-14 08:11:30,0,19.5086,185131008,342480,43003987
2024-08-14 08:11:35,0,19.5086,185131008,342522,43004015
2024-08-14 08:11:40,3.2,19.5086,185131008,342522,43004015
2024-08-14 08:11:45,3.1,19.5086,185131008,342682,43004091
2024-08-14 08:11:51,3.2,19.5086,185131008,342724,43004119
2024-08-14 08:11:56,3.1,19.5086,185131008,342862,43004119
2024-08-14 08:12:01,0,19.5086,185131008,342952,43004195
2024-08-14 08:12:06,0,19.5073,185118720,344988,43006254
2024-08-14 08:12:11,0,19.5073,185118720,344988,43006254
2024-08-14 08:12:16,6.2,19.5073,185118720,345348,43006558
2024-08-14 08:12:22,3.2,19.5073,185118720,345438,43006634
2024-08-14 08:12:27,3.1,19.5073,185118720,345438,43006634
2024-08-14 08:12:32,0,19.5073,185118720,345438,43006634
2024-08-14 08:12:37,0,19.5073,185118720,345528,43006710
2024-08-14 08:12:42,0,19.5073,185118720,345570,43006738
2024-08-14 08:12:48,0,19.5073,185118720,345666,43006812
2024-08-14 08:12:53,0,19.5073,185118720,345756,43006888
2024-08-14 08:12:58,6.2,19.5073,185118720,345756,43006888
2024-08-14 08:13:03,0,19.5073,185118720,345756,43006888
2024-08-14 08:13:08,3.2,19.5073,185118720,345846,43006964
2024-08-14 08:13:13,0,19.5073,185118720,345888,43006992
2024-08-14 08:13:19,0,19.5073,185118720,345888,43006992
2024-08-14 08:13:24,0,19.5073,185118720,346338,43007372
2024-08-14 08:13:29,3.1,19.5073,185118720,346338,43007372
2024-08-14 08:13:34,3.2,19.5073,185118720,346338,43007372
2024-08-14 08:13:39,3.2,19.5073,185118720,346428,43007448
2024-08-14 08:13:45,96.8,23.9439,227221504,579983,43146977
2024-08-14 08:13:50,3.1,23.9595,227368960,625052,43213437
2024-08-14 08:13:55,3.1,23.9595,227368960,625334,43213559
2024-08-14 08:14:00,3.1,23.9595,227368960,625334,43213559
2024-08-14 08:14:05,0,23.9595,227368960,627436,43215618
2024-08-14 08:14:10,0,23.9595,227368960,627568,43215722
2024-08-14 08:14:16,0,23.9595,227368960,627568,43215722
2024-08-14 08:14:21,0,23.9854,227614720,627568,43215722
2024-08-14 08:14:26,6,23.9854,227614720,627838,43215950
2024-08-14 08:14:31,3.2,23.9849,227610624,628018,43216102
2024-08-14 08:14:36,0,23.9849,227610624,628060,43216130
2024-08-14 08:14:42,3.2,23.9849,227610624,628102,43216158
2024-08-14 08:14:47,3.2,24.7631,234995712,658836,43406266
2024-08-14 08:14:52,3.1,24.7631,234995712,658836,43406266
2024-08-14 08:14:57,0,24.7631,234995712,658836,43406266
2024-08-14 08:15:02,0,24.7631,234995712,658926,43406342
2024-08-14 08:15:07,0,24.7631,234995712,658926,43406342
2024-08-14 08:15:13,6.2,24.7631,234995712,658926,43406342
2024-08-14 08:15:18,78.8,24.9116,236404736,718345,43433972
2024-08-14 08:15:23,3.2,18.5223,175771648,768359,43464070
2024-08-14 08:15:28,0,18.5219,175767552,768449,43464146
2024-08-14 08:15:33,3.2,18.5219,175767552,768851,43464478
2024-08-14 08:15:39,3.2,18.5219,175767552,768851,43464478
2024-08-14 08:15:44,3.2,18.5219,175767552,768851,43464478
2024-08-14 08:15:49,0,18.5219,175767552,769079,43464554
2024-08-14 08:15:54,0,18.5219,175767552,769121,43464582
2024-08-14 08:15:59,0,18.5219,175767552,769121,43464582
2024-08-14 08:16:04,0,18.5219,175767552,769121,43464582
2024-08-14 08:16:10,6.2,18.5219,175767552,769211,43464658
2024-08-14 08:16:15,0,18.5219,175767552,769211,43464658
2024-08-14 08:16:20,0,18.5219,175767552,769211,43464658
2024-08-14 08:16:25,0,18.5219,175767552,769355,43464780
2024-08-14 08:16:30,0,18.5219,175767552,769439,43464836
2024-08-14 08:16:35,6.2,18.5219,175767552,769709,43465064
2024-08-14 08:16:41,3.2,18.5219,175767552,769889,43465216
2024-08-14 08:16:46,0,18.5219,175767552,769889,43465216
2024-08-14 08:16:51,0,18.5219,175767552,769889,43465216
2024-08-14 08:16:56,0,18.5219,175767552,769979,43465292
2024-08-14 08:17:01,6.2,18.5219,175767552,770021,43465320
2024-08-14 08:17:07,0,18.5214,175763456,772189,43467379
2024-08-14 08:17:12,3.2,18.5214,175763456,772279,43467455
2024-08-14 08:17:17,0,18.5214,175763456,772279,43467455
2024-08-14 08:17:22,0,18.5214,175763456,772333,43467547
2024-08-14 08:17:27,0,18.5214,175763456,772465,43467651
2024-08-14 08:17:32,3.1,18.5214,175763456,772507,43467679
2024-08-14 08:17:38,0,18.5214,175763456,772735,43467755
2024-08-14 08:17:43,0,18.5214,175763456,773095,43468059
2024-08-14 08:17:48,0,18.5214,175763456,773095,43468059
2024-08-14 08:17:53,0,18.5758,176279552,773095,43468059
2024-08-14 08:17:58,6.2,18.5758,176279552,773185,43468135
2024-08-14 08:18:04,3.2,18.5741,176263168,773227,43468163
2024-08-14 08:18:09,3.2,18.7096,177549312,773227,43468163
2024-08-14 08:18:14,3.2,18.8184,178581504,773317,43468239
2024-08-14 08:18:19,3.2,18.8456,178839552,773317,43468239
2024-08-14 08:18:24,0,18.8728,179097600,773359,43468267
2024-08-14 08:18:29,0,18.9,179355648,773359,43468267
2024-08-14 08:18:35,0,18.8995,179351552,773449,43468343
2024-08-14 08:18:40,0,18.8995,179351552,773491,43468371
2024-08-14 08:18:45,0,18.9811,180125696,773761,43468599
2024-08-14 08:18:50,0,19.1702,181919744,773941,43468751
2024-08-14 08:18:55,0,19.1974,182177792,773941,43468751
2024-08-14 08:19:00,6,19.1974,182177792,773995,43468797
2024-08-14 08:19:06,3.1,19.3057,183205888,776229,43470960
2024-08-14 08:19:11,3.2,19.3057,183205888,776229,43470960
2024-08-14 08:19:16,0,19.3057,183205888,776229,43470960
2024-08-14 08:19:21,0,19.3057,183205888,776361,43471064
2024-08-14 08:19:26,0,19.3057,183205888,776361,43471064
2024-08-14 08:19:32,3.2,19.3057,183205888,776361,43471064
2024-08-14 08:19:37,3.1,19.3057,183205888,776589,43471140
2024-08-14 08:19:42,0,19.3057,183205888,776631,43471168
2024-08-14 08:19:47,3,19.3057,183205888,776631,43471168
2024-08-14 08:19:52,0,19.3057,183205888,776811,43471320
2024-08-14 08:19:57,0,19.3057,183205888,776811,43471320
2024-08-14 08:20:03,0,19.3057,183205888,776811,43471320
2024-08-14 08:20:08,6.2,19.3053,183201792,776901,43471396
2024-08-14 08:20:13,3.2,19.3053,183201792,776943,43471424
2024-08-14 08:20:18,0,19.3053,183201792,776985,43471452
2024-08-14 08:20:23,0,19.3053,183201792,777075,43471528
2024-08-14 08:20:29,0,19.3053,183201792,777075,43471528
2024-08-14 08:20:34,6,19.3053,183201792,777075,43471528
2024-08-14 08:20:39,3.2,19.3053,183201792,777165,43471604
2024-08-14 08:20:44,3.2,19.3035,183185408,779441,43473691
2024-08-14 08:20:49,0,19.3035,183185408,779441,43473691
2024-08-14 08:20:54,0,19.3035,183185408,779711,43473919
2024-08-14 08:21:00,0,19.3035,183185408,779891,43474071
2024-08-14 08:21:05,3.2,19.3035,183185408,779891,43474071
2024-08-14 08:21:10,3.2,19.3035,183185408,779891,43474071
2024-08-14 08:21:15,0,19.3035,183185408,780023,43474175
