2024-08-14 08:05:04,6.2,17.8851,169725952,170868,26137430
2024-08-14 08:05:09,3.1,18.6198,176697344,267475,43000030
2024-08-14 08:05:14,0,18.6198,176697344,267517,43000058
2024-08-14 08:05:19,0,18.6198,176697344,267607,43000134
2024-08-14 08:05:24,3.2,18.6746,177217536,267607,43000134
2024-08-14 08:05:30,3.1,18.6746,177217536,267607,43000134
2024-08-14 08:05:35,3.2,18.7277,177721344,267697,43000210
2024-08-14 08:05:40,0,18.8092,178495488,267739,43000238
2024-08-14 08:05:45,6.2,18.8092,178495488,267739,43000238
2024-08-14 08:05:50,0,18.8092,178495488,268099,43000542
2024-08-14 08:05:55,3.2,18.8092,178495488,268189,43000618
2024-08-14 08:06:01,0,18.8092,178495488,268189,43000618
2024-08-14 08:06:06,3.1,18.8092,178495488,268279,43000694
2024-08-14 08:06:11,6.2,18.8088,178491392,268363,43000750
2024-08-14 08:06:16,0,18.8079,178483200,270537,43002810
2024-08-14 08:06:21,0,18.8079,178483200,270537,43002810
2024-08-14 08:06:27,0,18.8079,178483200,270627,43002886
2024-08-14 08:06:32,0,18.8079,178483200,270627,43002886
2024-08-14 08:06:37,0,18.8079,178483200,270751,43002932
2024-08-14 08:06:42,3,18.8079,178483200,270883,43003036
2024-08-14 08:06:47,3.1,18.8079,178483200,270883,43003036
2024-08-14 08:06:52,3.2,18.8079,178483200,270973,43003112
2024-08-14 08:06:58,3.1,18.9707,180027392,271333,43003416
2024-08-14 08:07:03,3.2,18.9707,180027392,271375,43003444
2024-08-14 08:07:08,3.2,18.9707,180027392,271417,43003472
2024-08-14 08:07:13,0,18.9668,179990528,271507,43003548
2024-08-14 08:07:18,0,18.9668,179990528,271507,43003548
2024-08-14 08:07:24,0,18.9668,179990528,271507,43003548
2024-08-14 08:07:29,0,18.9664,179986432,271597,43003624
2024-08-14 08:07:34,3.1,18.9664,179986432,271639,43003652
2024-08-14 08:07:39,3.2,18.9664,179986432,271639,43003652
2024-08-14 08:07:44,0,18.9664,179986432,271729,43003728
2024-08-14 08:07:49,0,18.9664,179986432,271729,43003728
2024-08-14 08:07:55,0,18.9664,179986432,271729,43003728
2024-08-14 08:08:00,3.2,19.0207,180502528,272089,43004032
2024-08-14 08:08:05,3,19.0479,180760576,272401,43004164
2024-08-14 08:08:10,3.1,19.0479,180760576,272401,43004164
2024-08-14 08:08:15,3.1,19.0475,180756480,274437,43006224
2024-08-14 08:08:20,3.1,19.0475,180756480,274527,43006300
2024-08-14 08:08:26,5.9,19.0475,180756480,274527,43006300
2024-08-14 08:08:31,0,19.0475,180756480,274527,43006300
2024-08-14 08:08:36,0,19.0475,180756480,274617,43006376
2024-08-14 08:08:41,0,19.0475,180756480,274659,43006404
2024-08-14 08:08:46,6.2,19.0475,180756480,274659,43006404
2024-08-14 08:08:52,0,19.0475,180756480,274749,43006480
2024-08-14 08:08:57,3.2,19.0475,180756480,274791,43006508
2024-08-14 08:09:02,3.1,19.0475,180756480,274881,43006584
2024-08-14 08:09:07,3.2,19.0475,180756480,275337,43006962
2024-08-14 08:09:12,0,19.0475,180756480,275337,43006962
2024-08-14 08:09:17,0,19.0475,180756480,275337,43006962
2024-08-14 08:09:23,0,19.0475,180756480,275427,43007038
2024-08-14 08:09:28,3.2,19.0475,180756480,275427,43007038
2024-08-14 08:09:33,3.1,19.0475,180756480,275481,43007084
2024-08-14 08:09:38,6.2,19.0747,181014528,275613,43007188
2024-08-14 08:09:43,3.2,19.1019,181272576,275613,43007188
2024-08-14 08:09:49,3.2,19.1835,182046720,275613,43007188
2024-08-14 08:09:54,3.1,19.1835,182046720,275745,43007292
2024-08-14 08:09:59,3.2,19.1835,182046720,275925,43007320
2024-08-14 08:10:04,6.2,19.1835,182046720,275925,43007320
2024-08-14 08:10:09,0,19.183,182042624,276285,43007624
2024-08-14 08:10:14,0,19.4424,184504320,278675,43009760
2024-08-14 08:10:20,0,19.4429,184508416,278675,43009760
2024-08-14 08:10:25,0,19.4429,184508416,278675,43009760
2024-08-14 08:10:30,0,19.4429,184508416,278765,43009836
2024-08-14 08:10:35,0,19.4429,184508416,278765,43009836
2024-08-14 08:10:40,0,19.4429,184508416,278835,43009836
2024-08-14 08:10:46,0,19.4424,184504320,278925,43009912
2024-08-14 08:10:51,3.2,19.4424,184504320,279009,43009968
2024-08-14 08:10:56,3.1,19.4424,184504320,279009,43009968
2024-08-14 08:11:01,3,19.4424,184504320,279099,43010044
2024-08-14 08:11:06,0,19.4424,184504320,279099,43010044
2024-08-14 08:11:11,0,19.4424,184504320,279189,43010120
2024-08-14 08:11:17,0,19.4416,184496128,279591,43010452
2024-08-14 08:11:22,3.2,19.4416,184496128,279591,43010452
2024-08-14 08:11:27,0,19.4416,184496128,279591,43010452
2024-08-14 08:11:32,0,19.4416,184496128,279681,43010528
2024-08-14 08:11:37,0,19.4407,184487936,279681,43010528
2024-08-14 08:11:43,3.1,19.4407,184487936,279681,43010528
2024-08-14 08:11:48,3.2,19.4407,184487936,279813,43010632
2024-08-14 08:11:53,3,19.4657,184725504,279993,43010660
2024-08-14 08:11:58,3.1,19.4657,184725504,279993,43010660
2024-08-14 08:12:03,3.1,19.4657,184725504,280083,43010736
2024-08-14 08:12:08,6.1,19.4657,184725504,280083,43010736
2024-08-14 08:12:14,3.2,19.4916,184971264,282383,43012796
2024-08-14 08:12:19,0,19.4908,184963072,282743,43013100
2024-08-14 08:12:24,0,19.4908,184963072,282833,43013176
2024-08-14 08:12:29,0,19.4908,184963072,282833,43013176
2024-08-14 08:12:34,0,19.4899,184954880,282887,43013268
2024-08-14 08:12:40,0,19.4899,184954880,283019,43013372
2024-08-14 08:12:45,0,19.4899,184954880,283061,43013400
2024-08-14 08:12:50,6.2,19.4899,184954880,283061,43013400
2024-08-14 08:12:55,0,19.4899,184954880,283151,43013476
2024-08-14 08:13:00,0,19.4899,184954880,283151,43013476
2024-08-14 08:13:05,0,19.4899,184954880,283151,43013476
2024-08-14 08:13:11,0,19.4899,184954880,283241,43013552
2024-08-14 08:13:16,0,19.5715,185729024,283283,43013580
2024-08-14 08:13:21,0,19.5987,185987072,283373,43013656
2024-08-14 08:13:26,0,19.5987,185987072,283733,43013960
2024-08-14 08:13:31,3.1,19.5987,185987072,283733,43013960
2024-08-14 08:13:37,3.1,19.5987,185987072,283733,43013960
2024-08-14 08:13:42,3.2,19.5987,185987072,283865,43014064
2024-08-14 08:13:47,91.4,24.4462,231989248,489555,43128983
2024-08-14 08:13:52,0,24.4855,232361984,562555,43220019
2024-08-14 08:13:57,0,24.4855,232361984,562645,43220095
2024-08-14 08:14:02,0,24.4855,232361984,562645,43220095
2024-08-14 08:14:08,0,24.4855,232361984,562699,43220141
2024-08-14 08:14:13,0,24.5913,233365504,564825,43222277
2024-08-14 08:14:18,0,24.6996,234393600,564825,43222277
2024-08-14 08:14:23,0,24.7268,234651648,564825,43222277
2024-08-14 08:14:28,0,24.754,234909696,565185,43222581
2024-08-14 08:14:34,0,24.8623,235937792,565275,43222657
2024-08-14 08:14:39,6.1,24.8895,236195840,565359,43222713
2024-08-14 08:14:44,0,24.9711,236969984,565359,43222713
2024-08-14 08:14:49,0,25.6405,243322880,595961,43412873
2024-08-14 08:14:54,0,25.6405,243322880,595961,43412873
2024-08-14 08:14:59,0,25.6405,243322880,595961,43412873
2024-08-14 08:15:05,0,25.6405,243322880,596051,43412949
2024-08-14 08:15:10,0,25.6405,243322880,596051,43412949
2024-08-14 08:15:15,6,25.6405,243322880,596051,43412949
2024-08-14 08:15:20,90.6,25.732,244191232,664077,43446143
2024-08-14 08:15:25,3.1,19.1416,181649408,705328,43471666
2024-08-14 08:15:31,2.9,19.1416,181649408,705460,43471770
2024-08-14 08:15:36,3.2,19.1412,181645312,705820,43472074
2024-08-14 08:15:41,0,19.1412,181645312,705958,43472074
2024-08-14 08:15:46,0,19.1955,182161408,705958,43472074
2024-08-14 08:15:51,3.2,19.2227,182419456,706048,43472150
2024-08-14 08:15:57,3.1,19.2227,182419456,706090,43472178
2024-08-14 08:16:02,3.2,19.2227,182419456,706090,43472178
2024-08-14 08:16:07,6.2,19.2227,182419456,706180,43472254
2024-08-14 08:16:12,0,19.2227,182419456,706180,43472254
2024-08-14 08:16:17,6.1,19.2227,182419456,706180,43472254
2024-08-14 08:16:22,3.2,19.2227,182419456,706270,43472330
2024-08-14 08:16:28,0,19.2227,182419456,706354,43472386
2024-08-14 08:16:33,6.2,19.2227,182419456,706354,43472386
2024-08-14 08:16:38,3.1,19.2227,182419456,706804,43472766
2024-08-14 08:16:43,3.2,19.2227,182419456,706804,43472766
2024-08-14 08:16:48,3.2,19.2227,182419456,706804,43472766
2024-08-14 08:16:54,0,19.2227,182419456,706894,43472842
2024-08-14 08:16:59,0,19.2227,182419456,706936,43472870
2024-08-14 08:17:04,0,19.2227,182419456,706936,43472870
2024-08-14 08:17:09,6.2,19.2227,182419456,706936,43472870
2024-08-14 08:17:14,6.2,19.2227,182419456,709062,43475006
2024-08-14 08:17:19,3.2,19.2227,182419456,709062,43475006
2024-08-14 08:17:25,3.1,19.2227,182419456,709104,43475034
2024-08-14 08:17:30,0,19.2223,182415360,709332,43475110
2024-08-14 08:17:35,3,19.2223,182415360,709332,43475110
2024-08-14 08:17:40,0,19.2223,182415360,709422,43475186
2024-08-14 08:17:45,3.1,19.2223,182415360,709824,43475518
2024-08-14 08:17:50,3.2,19.2223,182415360,709824,43475518
2024-08-14 08:17:56,3.1,19.2223,182415360,709824,43475518
2024-08-14 08:18:01,3.2,19.2223,182415360,709914,43475594
2024-08-14 08:18:06,3.1,19.2223,182415360,709914,43475594
2024-08-14 08:18:11,3.2,19.2223,182415360,709914,43475594
2024-08-14 08:18:16,0,19.2465,182644736,710004,43475670
2024-08-14 08:18:22,0,19.2465,182644736,710088,43475726
2024-08-14 08:18:27,6.2,19.2465,182644736,710088,43475726
2024-08-14 08:18:32,6.2,19.2456,182636544,710178,43475802
2024-08-14 08:18:37,6.2,19.2456,182636544,710178,43475802
2024-08-14 08:18:42,6.2,19.2456,182636544,710178,43475802
2024-08-14 08:18:48,3.2,19.2456,182636544,710628,43476182
2024-08-14 08:18:53,6.1,19.2456,182636544,710670,43476210
2024-08-14 08:18:58,3.1,19.2456,182636544,710740,43476210
2024-08-14 08:19:03,3.2,19.2456,182636544,710740,43476210
2024-08-14 08:19:08,3.2,19.2456,182636544,710830,43476286
2024-08-14 08:19:13,0,19.2452,182632448,712866,43478346
2024-08-14 08:19:19,0,19.2452,182632448,713046,43478374
2024-08-14 08:19:24,3.1,19.2452,182632448,713136,43478450
2024-08-14 08:19:29,3.1,19.2452,182632448,713136,43478450
2024-08-14 08:19:34,6.2,19.2452,182632448,713136,43478450
2024-08-14 08:19:39,3.1,19.2452,182632448,713226,43478526
2024-08-14 08:19:44,0,19.2452,182632448,713268,43478554
2024-08-14 08:19:50,0,19.2452,182632448,713376,43478646
2024-08-14 08:19:55,0,19.2447,182628352,713466,43478722
2024-08-14 08:20:00,3,19.2447,182628352,713466,43478722
2024-08-14 08:20:05,3.2,19.2447,182628352,713466,43478722
2024-08-14 08:20:10,3.2,19.2447,182628352,713556,43478798
2024-08-14 08:20:16,3,19.2447,182628352,713640,43478854
2024-08-14 08:20:21,3.2,19.2447,182628352,713640,43478854
2024-08-14 08:20:26,3.2,19.2447,182628352,713730,43478930
2024-08-14 08:20:31,3.1,19.2452,182632448,713730,43478930
2024-08-14 08:20:36,3.1,19.2452,182632448,713784,43478976
2024-08-14 08:20:42,3,19.2452,182632448,713916,43479080
2024-08-14 08:20:47,3.2,19.2452,182632448,713916,43479080
2024-08-14 08:20:52,6.2,19.2456,182636544,716018,43481140
2024-08-14 08:20:57,6.2,19.2456,182636544,716468,43481520
2024-08-14 08:21:02,3.1,19.2456,182636544,716468,43481520
