2024-08-14 08:04:55,9.7,19.2483,182661120,162867,26659340
2024-08-14 08:05:00,0,20.1353,191078400,277736,43521548
2024-08-14 08:05:05,0,20.1884,191582208,277736,43521548
2024-08-14 08:05:10,3.2,20.3243,192872448,277736,43521548
2024-08-14 08:05:15,3.2,20.4875,194420736,277736,43521548
2024-08-14 08:05:21,3,20.595,195440640,277880,43521670
2024-08-14 08:05:26,0,20.6493,195956736,277922,43521698
2024-08-14 08:05:31,0,20.6493,195956736,277922,43521698
2024-08-14 08:05:36,6.1,20.6493,195956736,278012,43521774
2024-08-14 08:05:41,3.2,20.6493,195956736,278012,43521774
2024-08-14 08:05:46,3.2,20.6493,195956736,278012,43521774
2024-08-14 08:05:52,3.1,20.6489,195952640,278462,43522154
2024-08-14 08:05:57,0,20.6757,196206592,278504,43522182
2024-08-14 08:06:02,0,20.7016,196452352,278504,43522182
2024-08-14 08:06:07,0,20.7016,196452352,278594,43522258
2024-08-14 08:06:12,6.2,20.7016,196452352,278594,43522258
2024-08-14 08:06:18,3.2,20.7016,196452352,278594,43522258
2024-08-14 08:06:23,3.1,20.7016,196452352,278864,43522362
2024-08-14 08:06:28,3.1,20.7016,196452352,278864,43522362
2024-08-14 08:06:33,30,20.7016,196452352,281098,43524422
2024-08-14 08:06:38,0,20.6968,196407296,281188,43524498
2024-08-14 08:06:43,0,20.6968,196407296,281188,43524498
2024-08-14 08:06:49,0,20.6968,196407296,281312,43524544
2024-08-14 08:06:54,0,20.6968,196407296,281672,43524848
2024-08-14 08:06:59,0,20.7227,196653056,281762,43524924
2024-08-14 08:07:04,6.2,18.1472,172212224,281762,43524924
2024-08-14 08:07:09,3.1,18.2288,172986368,281852,43525000
2024-08-14 08:07:14,3.2,18.3104,173760512,281852,43525000
2024-08-14 08:07:20,3.2,18.3104,173760512,281894,43525028
2024-08-14 08:07:25,0,18.3117,173772800,281984,43525104
2024-08-14 08:07:30,0,18.4204,174804992,282026,43525132
2024-08-14 08:07:35,3.2,18.527,175816704,282026,43525132
2024-08-14 08:07:40,0,18.527,175816704,282026,43525132
2024-08-14 08:07:46,0,18.527,175816704,282116,43525208
2024-08-14 08:07:51,0,18.5534,176066560,282116,43525208
2024-08-14 08:07:56,0,18.5806,176324608,282116,43525208
2024-08-14 08:08:01,0,18.5806,176324608,282566,43525588
2024-08-14 08:08:06,3.1,18.5806,176324608,282620,43525634
2024-08-14 08:08:11,3.2,18.5806,176324608,282620,43525634
2024-08-14 08:08:17,0,18.5806,176324608,282890,43525738
2024-08-14 08:08:22,0,18.5806,176324608,282932,43525766
2024-08-14 08:08:27,0,18.6621,177098752,282932,43525766
2024-08-14 08:08:32,6.2,18.824,178634752,283022,43525842
2024-08-14 08:08:37,3.2,19.1197,181440512,285124,43527902
2024-08-14 08:08:43,0,19.1197,181440512,285124,43527902
2024-08-14 08:08:48,3.2,19.1197,181440512,285214,43527978
2024-08-14 08:08:53,3.2,19.1197,181440512,285214,43527978
2024-08-14 08:08:58,6.2,19.1197,181440512,285214,43527978
2024-08-14 08:09:03,2.9,19.1197,181440512,285574,43528282
2024-08-14 08:09:09,0,19.1197,181440512,285664,43528358
2024-08-14 08:09:14,3.1,19.1197,181440512,285706,43528386
2024-08-14 08:09:19,0,19.1197,181440512,285796,43528462
2024-08-14 08:09:24,0,19.1197,181440512,285892,43528536
2024-08-14 08:09:29,0,19.1197,181440512,285892,43528536
2024-08-14 08:09:35,0,19.1197,181440512,285892,43528536
2024-08-14 08:09:40,0,19.1197,181440512,285982,43528612
2024-08-14 08:09:45,0,19.1469,181698560,285982,43528612
2024-08-14 08:09:50,0,19.1469,181698560,285982,43528612
2024-08-14 08:09:55,0,19.2824,182984704,286072,43528688
2024-08-14 08:10:00,0,19.4179,184270848,286072,43528688
2024-08-14 08:10:06,0,19.408,184176640,286204,43528792
2024-08-14 08:10:11,6.2,19.4076,184172544,286744,43529124
2024-08-14 08:10:16,3.1,19.6514,186486784,288978,43531184
2024-08-14 08:10:21,3.1,19.6514,186486784,288978,43531184
2024-08-14 08:10:26,3.2,19.6519,186490880,289068,43531260
2024-08-14 08:10:31,0,19.6519,186490880,289068,43531260
2024-08-14 08:10:37,0,19.6519,186490880,289122,43531306
2024-08-14 08:10:42,0,19.6519,186490880,289212,43531382
2024-08-14 08:10:47,0,19.6519,186490880,289212,43531382
2024-08-14 08:10:52,3.2,19.6519,186490880,289212,43531382
2024-08-14 08:10:57,3.1,19.6519,186490880,289302,43531458
2024-08-14 08:11:03,3.2,19.6519,186490880,289386,43531514
2024-08-14 08:11:08,0,19.6519,186490880,289386,43531514
2024-08-14 08:11:13,0,19.651,186482688,289746,43531818
2024-08-14 08:11:18,0,19.651,186482688,289906,43531894
2024-08-14 08:11:23,3.2,19.651,186482688,289906,43531894
2024-08-14 08:11:28,3.2,19.6769,186728448,289996,43531970
2024-08-14 08:11:34,3.1,19.676,186720256,292164,43534030
2024-08-14 08:11:39,3.1,19.676,186720256,292164,43534030
2024-08-14 08:11:44,0,19.676,186720256,292164,43534030
2024-08-14 08:11:49,0,19.676,186720256,292254,43534106
2024-08-14 08:11:54,0,19.676,186720256,292254,43534106
2024-08-14 08:12:00,0,19.676,186720256,292296,43534134
2024-08-14 08:12:05,0,19.676,186720256,292524,43534210
2024-08-14 08:12:10,6.1,17.0094,161415168,292524,43534210
2024-08-14 08:12:15,3.2,17.1998,163221504,292614,43534286
2024-08-14 08:12:20,3.1,17.227,163479552,293016,43534618
2024-08-14 08:12:25,3.2,17.227,163479552,293016,43534618
2024-08-14 08:12:31,0,17.2261,163471360,293016,43534618
2024-08-14 08:12:36,0,17.3055,164225024,293106,43534694
2024-08-14 08:12:41,0,17.4143,165257216,293106,43534694
2024-08-14 08:12:46,0,17.4143,165257216,293106,43534694
2024-08-14 08:12:51,6.1,17.4143,165257216,293196,43534770
2024-08-14 08:12:57,3.2,17.4415,165515264,293238,43534798
2024-08-14 08:13:02,3.1,17.4415,165515264,293238,43534798
2024-08-14 08:13:07,0,17.4687,165773312,293382,43534920
2024-08-14 08:13:12,0,17.4959,166031360,293424,43534948
2024-08-14 08:13:17,0,17.4959,166031360,293424,43534948
2024-08-14 08:13:22,3.2,17.4959,166031360,293784,43535252
2024-08-14 08:13:28,3.2,17.4959,166031360,293874,43535328
2024-08-14 08:13:33,3.1,17.4959,166031360,293874,43535328
2024-08-14 08:13:38,0,17.5736,166768640,296108,43537388
2024-08-14 08:13:43,0,17.574,166772736,296198,43537464
2024-08-14 08:13:48,0,23.2762,220884992,574750,43743368
2024-08-14 08:13:53,0,23.3552,221634560,574792,43743396
2024-08-14 08:13:59,0,23.4096,222150656,575020,43743472
2024-08-14 08:14:04,0,23.4096,222150656,575020,43743472
2024-08-14 08:14:09,6.2,23.4096,222150656,575020,43743472
2024-08-14 08:14:14,6,23.4096,222150656,575110,43743548
2024-08-14 08:14:19,3.1,23.4627,222654464,575110,43743548
2024-08-14 08:14:25,3.1,23.517,223170560,575200,43743624
2024-08-14 08:14:30,3.2,23.571,223682560,575560,43743928
2024-08-14 08:14:35,3.2,23.5982,223940608,575602,43743956
2024-08-14 08:14:40,0,23.7057,224960512,575602,43743956
2024-08-14 08:14:45,0,23.7052,224956416,575692,43744032
2024-08-14 08:14:50,0,24.6734,234143744,606314,43934145
2024-08-14 08:14:56,0,24.7278,234659840,606314,43934145
2024-08-14 08:15:01,3.2,24.7278,234659840,606404,43934221
2024-08-14 08:15:06,6.2,24.7278,234659840,606404,43934221
2024-08-14 08:15:11,3.2,24.7278,234659840,606404,43934221
2024-08-14 08:15:16,0,24.7278,234659840,606494,43934297
2024-08-14 08:15:22,3.2,18.6354,176844800,715739,43992523
2024-08-14 08:15:27,0,18.6354,176844800,715739,43992523
2024-08-14 08:15:32,0,18.6358,176848896,716099,43992827
2024-08-14 08:15:37,0,18.6358,176848896,716189,43992903
2024-08-14 08:15:42,0,18.799,178397184,716189,43992903
2024-08-14 08:15:47,0,18.9893,180203520,716321,43993007
2024-08-14 08:15:53,0,19.1525,181751808,716363,43993035
2024-08-14 08:15:58,0,19.3959,184061952,716501,43993035
2024-08-14 08:16:03,6.2,19.3959,184061952,716501,43993035
2024-08-14 08:16:08,3.2,16.7544,158994432,716591,43993111
2024-08-14 08:16:13,3.2,16.9175,160542720,716591,43993111
2024-08-14 08:16:19,3.2,17.0535,161832960,716591,43993111
2024-08-14 08:16:24,0,17.0535,161832960,716681,43993187
2024-08-14 08:16:29,0,17.0535,161832960,716723,43993215
2024-08-14 08:16:34,0,17.1579,162824192,718939,43995427
2024-08-14 08:16:39,0,17.2667,163856384,719209,43995655
2024-08-14 08:16:44,6.2,17.2939,164114432,719251,43995683
2024-08-14 08:16:50,3.2,17.3478,164626432,719251,43995683
2024-08-14 08:16:55,3.2,17.3478,164626432,719341,43995759
2024-08-14 08:17:00,3.2,17.3478,164626432,719341,43995759
2024-08-14 08:17:05,0,17.3737,164872192,719341,43995759
2024-08-14 08:17:10,0,17.5097,166162432,719431,43995835
2024-08-14 08:17:15,0,17.7527,168468480,719473,43995863
2024-08-14 08:17:21,0,17.7527,168468480,719473,43995863
2024-08-14 08:17:26,6.2,17.7523,168464384,719563,43995939
2024-08-14 08:17:31,3.2,17.8882,169754624,719563,43995939
2024-08-14 08:17:36,3.1,17.9936,170754048,719605,43995967
2024-08-14 08:17:41,3.1,17.9936,170754048,719965,43996271
2024-08-14 08:17:47,3.2,17.9931,170749952,720235,43996375
2024-08-14 08:17:52,3.2,17.9931,170749952,720235,43996375
2024-08-14 08:17:57,0,17.9931,170749952,720235,43996375
2024-08-14 08:18:02,0,18.1563,172298240,720325,43996451
2024-08-14 08:18:07,0,18.2922,173588480,720325,43996451
2024-08-14 08:18:12,0,18.5085,175640576,720325,43996451
2024-08-14 08:18:18,6.1,18.726,177704960,720415,43996527
2024-08-14 08:18:23,3.2,18.9962,180269056,720457,43996555
2024-08-14 08:18:28,3.2,19.2409,182591488,720457,43996555
2024-08-14 08:18:33,0,19.3221,183361536,722889,43998719
2024-08-14 08:18:38,0,19.3221,183361536,722889,43998719
2024-08-14 08:18:44,0,19.3493,183619584,723069,43998871
2024-08-14 08:18:49,0,19.3493,183619584,723339,43999099
2024-08-14 08:18:54,0,19.3493,183619584,723339,43999099
2024-08-14 08:18:59,6.1,19.3493,183619584,723339,43999099
2024-08-14 08:19:04,0,19.3765,183877632,723429,43999175
2024-08-14 08:19:09,3.2,16.684,158326784,723471,43999203
2024-08-14 08:19:15,3.1,16.8187,159604736,723471,43999203
2024-08-14 08:19:20,0,16.8454,159858688,723561,43999279
2024-08-14 08:19:25,6.2,16.9814,161148928,723561,43999279
2024-08-14 08:19:30,3.1,17.0345,161652736,723603,43999307
2024-08-14 08:19:35,3.2,17.1433,162684928,723693,43999383
2024-08-14 08:19:41,3.2,17.1704,162942976,723831,43999383
2024-08-14 08:19:46,0,17.2235,163446784,723831,43999383
2024-08-14 08:19:51,0,17.4139,165253120,723921,43999459
2024-08-14 08:19:56,0,17.4683,165769216,723963,43999487
2024-08-14 08:20:01,0,17.577,166801408,723963,43999487
2024-08-14 08:20:06,3.2,17.7669,168603648,723963,43999487
2024-08-14 08:20:12,3.1,17.7941,168861696,724053,43999563
2024-08-14 08:20:17,3,17.8973,169840640,726353,44001623
2024-08-14 08:20:22,0,17.8973,169840640,726353,44001623
2024-08-14 08:20:27,3.1,17.8973,169840640,726555,44001727
2024-08-14 08:20:32,0,17.8973,169840640,726555,44001727
2024-08-14 08:20:37,3.2,17.9245,170098688,726555,44001727
2024-08-14 08:20:43,0,17.9245,170098688,726645,44001803
2024-08-14 08:20:48,6.2,17.9245,170098688,726645,44001803
2024-08-14 08:20:53,6,17.9245,170098688,726735,44001879
2024-08-14 08:20:58,3.1,17.9245,170098688,727137,44002211
2024-08-14 08:21:03,3.2,17.9245,170098688,727137,44002211
2024-08-14 08:21:09,3.2,17.9245,170098688,727137,44002211
2024-08-14 08:21:14,0,17.9245,170098688,727227,44002287
2024-08-14 08:21:19,0,17.9245,170098688,727227,44002287
2024-08-14 08:21:24,0,17.9245,170098688,727269,44002315
