2024-08-14 08:11:58,9.3,17.6315,167313408,169557,29160620
2024-08-14 08:12:03,0,17.6669,167649280,315368,46007828
2024-08-14 08:12:09,3.2,17.72,168153088,315368,46007828
2024-08-14 08:12:14,0,17.7183,168136704,315410,46007856
2024-08-14 08:12:19,0,17.7183,168136704,315554,46007978
2024-08-14 08:12:24,0,17.72,168153088,315734,46008006
2024-08-14 08:12:29,3.1,17.8033,168943616,315734,46008006
2024-08-14 08:12:35,0,17.8849,169717760,315824,46008082
2024-08-14 08:12:40,3.1,18.0196,170995712,315824,46008082
2024-08-14 08:12:45,0,18.017,170971136,315914,46008158
2024-08-14 08:12:50,3.1,18.017,170971136,316316,46008490
2024-08-14 08:12:55,0,18.0165,170967040,316316,46008490
2024-08-14 08:13:01,0,18.0183,170983424,316316,46008490
2024-08-14 08:13:06,0,18.0709,171483136,318484,46010653
2024-08-14 08:13:11,5.8,18.0714,171487232,318484,46010653
2024-08-14 08:13:16,3.1,18.0714,171487232,318484,46010653
2024-08-14 08:13:22,0,18.0714,171487232,318574,46010729
2024-08-14 08:13:27,0,18.0696,171470848,318574,46010729
2024-08-14 08:13:32,0,18.0696,171470848,318574,46010729
2024-08-14 08:13:37,3,18.0696,171470848,318664,46010805
2024-08-14 08:13:42,3.2,18.0696,171470848,318760,46010879
2024-08-14 08:13:48,3.2,18.0714,171487232,318760,46010879
2024-08-14 08:13:53,3.1,18.0714,171487232,319210,46011259
2024-08-14 08:13:58,0,18.0714,171487232,319210,46011259
2024-08-14 08:14:03,6.2,22.2893,211513344,328721,46023423
2024-08-14 08:14:08,8.6,23.974,227500032,379490,46051987
2024-08-14 08:14:14,0,23.9736,227495936,401563,46068039
2024-08-14 08:14:19,32.2,23.9727,227487744,444935,46092491
2024-08-14 08:14:24,34.4,23.9693,227454976,508063,46127925
2024-08-14 08:14:29,33.3,23.9714,227475456,550676,46164314
2024-08-14 08:14:34,6.2,23.9857,227610624,599947,46232536
2024-08-14 08:14:40,0,24.0128,227868672,599947,46232536
2024-08-14 08:14:45,0,24.0664,228376576,600145,46232750
2024-08-14 08:14:50,0,24.1208,228892672,600145,46232750
2024-08-14 08:14:55,0,24.1208,228892672,600415,46232978
2024-08-14 08:15:00,0,24.1203,228888576,600679,46233186
2024-08-14 08:15:06,3.2,24.8429,235745280,633753,46425330
2024-08-14 08:15:11,3.1,24.8412,235728896,633753,46425330
2024-08-14 08:15:16,3.1,24.8951,236240896,633843,46425406
2024-08-14 08:15:21,6,24.9495,236756992,633897,46425452
2024-08-14 08:15:26,3.1,24.9499,236761088,633897,46425452
2024-08-14 08:15:32,0,24.9499,236761088,633987,46425528
2024-08-14 08:15:37,34.3,24.9499,236761088,635514,46426431
2024-08-14 08:15:42,3.1,25.4938,241922048,656474,46429311
2024-08-14 08:15:47,0,25.5754,242696192,668804,46437107
2024-08-14 08:15:52,3,25.5754,242696192,668804,46437107
2024-08-14 08:15:58,9.1,25.5616,242565120,694013,46455767
2024-08-14 08:16:03,9.7,25.5555,242507776,726715,46473447
2024-08-14 08:16:08,8.8,25.5534,242487296,738186,46480951
2024-08-14 08:16:13,0,19.1246,181481472,742664,46488083
2024-08-14 08:16:19,3.1,19.1246,181481472,742754,46488159
2024-08-14 08:16:24,0,19.1517,181739520,742754,46488159
2024-08-14 08:16:29,3,19.2061,182255616,742754,46488159
2024-08-14 08:16:34,3.2,19.2061,182255616,742844,46488235
2024-08-14 08:16:39,0,19.2061,182255616,742886,46488263
2024-08-14 08:16:45,3.1,19.2061,182255616,742886,46488263
2024-08-14 08:16:50,3,19.2061,182255616,742976,46488339
2024-08-14 08:16:55,6.1,19.2061,182255616,743018,46488367
2024-08-14 08:17:00,3.1,19.2066,182259712,743018,46488367
2024-08-14 08:17:05,3.2,19.2225,182411264,743378,46488671
2024-08-14 08:17:11,3,19.2225,182411264,743510,46488775
2024-08-14 08:17:16,8.4,19.2225,182411264,743564,46488821
2024-08-14 08:17:21,3,19.2225,182411264,743622,46488913
2024-08-14 08:17:26,3.1,19.2225,182411264,743766,46489081
2024-08-14 08:17:31,5.8,19.2225,182411264,743766,46489081
2024-08-14 08:17:37,3.1,19.2225,182411264,743766,46489081
2024-08-14 08:17:42,6.2,19.2225,182411264,743856,46489157
2024-08-14 08:17:47,3.1,19.2225,182411264,743940,46489213
2024-08-14 08:17:52,3.2,19.2225,182411264,743940,46489213
2024-08-14 08:17:57,0,19.2225,182411264,744030,46489289
2024-08-14 08:18:03,6.4,19.2225,182411264,746198,46491348
2024-08-14 08:18:08,3.1,19.2208,182394880,746240,46491376
2024-08-14 08:18:13,3.1,19.2204,182390784,746828,46491756
2024-08-14 08:18:18,0,19.2204,182390784,746828,46491756
2024-08-14 08:18:23,0,19.2204,182390784,746828,46491756
2024-08-14 08:18:29,6,19.2204,182390784,746918,46491832
2024-08-14 08:18:34,3,19.2204,182390784,746960,46491860
2024-08-14 08:18:39,3.1,19.2204,182390784,746960,46491860
2024-08-14 08:18:44,3.1,19.2204,182390784,747092,46491964
2024-08-14 08:18:49,3.1,19.2204,182390784,747092,46491964
2024-08-14 08:18:55,3.1,19.2204,182390784,747092,46491964
2024-08-14 08:19:00,6.1,19.2199,182386688,747182,46492040
2024-08-14 08:19:05,0,19.2199,182386688,747224,46492068
2024-08-14 08:19:10,3.2,19.2199,182386688,747224,46492068
2024-08-14 08:19:15,3,19.2199,182386688,747674,46492448
2024-08-14 08:19:21,0,19.2199,182386688,747674,46492448
2024-08-14 08:19:26,3.1,19.2199,182386688,747674,46492448
2024-08-14 08:19:31,0,19.2199,182386688,747674,46492448
2024-08-14 08:19:36,2.9,19.2195,182382592,747764,46492524
2024-08-14 08:19:41,0,19.2195,182382592,747848,46492580
2024-08-14 08:19:47,3.1,19.2195,182382592,747848,46492580
2024-08-14 08:19:52,3.1,19.2195,182382592,747938,46492656
2024-08-14 08:19:57,3.1,19.2195,182382592,747938,46492656
2024-08-14 08:20:02,6.1,19.2195,182382592,747938,46492656
2024-08-14 08:20:08,3,19.2191,182378496,750106,46494819
2024-08-14 08:20:13,3.1,19.2191,182378496,750244,46494819
2024-08-14 08:20:18,0,19.2191,182378496,750244,46494819
2024-08-14 08:20:23,3.2,19.2191,182378496,750334,46494895
2024-08-14 08:20:28,6.1,19.2191,182378496,750334,46494895
2024-08-14 08:20:34,3.1,19.2191,182378496,750334,46494895
2024-08-14 08:20:39,0,19.2191,182378496,750466,46494999
2024-08-14 08:20:44,0,19.2191,182378496,750508,46495027
2024-08-14 08:20:49,0,19.2191,182378496,750508,46495027
2024-08-14 08:20:54,3.2,19.2191,182378496,750598,46495103
2024-08-14 08:21:00,3.1,19.2191,182378496,750598,46495103
2024-08-14 08:21:05,3.2,19.2191,182378496,750598,46495103
2024-08-14 08:21:10,0,19.2187,182374400,750688,46495179
2024-08-14 08:21:15,6.2,19.2187,182374400,750730,46495207
2024-08-14 08:21:20,3.1,19.2187,182374400,750730,46495207
2024-08-14 08:21:26,0,19.2187,182374400,751180,46495587
2024-08-14 08:21:31,3,19.2454,182628352,751250,46495587
2024-08-14 08:21:36,2.9,19.2454,182628352,751292,46495615
2024-08-14 08:21:41,0,19.2454,182628352,751382,46495691
2024-08-14 08:21:46,0,19.2454,182628352,751436,46495737
2024-08-14 08:21:52,3.2,19.2454,182628352,751436,46495737
2024-08-14 08:21:57,2.9,19.2454,182628352,751526,46495813
2024-08-14 08:22:02,3.1,19.2454,182628352,751706,46495841
2024-08-14 08:22:07,0,19.2454,182628352,753940,46497900
2024-08-14 08:22:12,6.4,19.2437,182611968,763511,46501976
