2024-08-14 08:09:39,27.3,17.7007,167968768,250740,36805342
2024-08-14 08:09:44,0,17.673,167706624,312585,45791390
2024-08-14 08:09:49,3.2,17.6735,167710720,312627,45791418
2024-08-14 08:09:54,3.2,17.7818,168738816,312627,45791418
2024-08-14 08:09:59,0,17.8094,169000960,312717,45791494
2024-08-14 08:10:05,3,17.8094,169000960,312717,45791494
2024-08-14 08:10:10,3,17.8094,169000960,312717,45791494
2024-08-14 08:10:15,3.2,17.809,168996864,312807,45791570
2024-08-14 08:10:20,3,17.809,168996864,312849,45791598
2024-08-14 08:10:25,3.1,17.809,168996864,312987,45791598
2024-08-14 08:10:31,0,17.8345,169238528,313437,45791978
2024-08-14 08:10:36,3.1,17.9148,170000384,313437,45791978
2024-08-14 08:10:41,0,17.9122,169975808,315807,45794037
2024-08-14 08:10:46,0,17.9122,169975808,315939,45794141
2024-08-14 08:10:51,3.1,17.9122,169975808,315939,45794141
2024-08-14 08:10:57,0,17.9122,169975808,315939,45794141
2024-08-14 08:11:02,3,17.9122,169975808,316029,45794217
2024-08-14 08:11:07,3.1,17.9122,169975808,316029,45794217
2024-08-14 08:11:12,3,17.9122,169975808,316029,45794217
2024-08-14 08:11:17,3,17.9394,170233856,316029,45794217
2024-08-14 08:11:23,0,17.9924,170737664,316119,45794293
2024-08-14 08:11:28,6.2,18.0192,170991616,316161,45794321
2024-08-14 08:11:33,3.1,18.0464,171249664,316341,45794473
2024-08-14 08:11:38,3.1,18.046,171245568,316611,45794701
2024-08-14 08:11:43,3.2,18.046,171245568,316653,45794729
2024-08-14 08:11:49,0,18.0732,171503616,316653,45794729
2024-08-14 08:11:54,0,18.1819,172535808,316743,45794805
2024-08-14 08:11:59,0,18.2622,173297664,316743,45794805
2024-08-14 08:12:04,3.1,18.2622,173297664,316743,45794805
2024-08-14 08:12:09,0,18.2622,173297664,316833,45794881
2024-08-14 08:12:15,2.8,18.3438,174071808,316875,45794909
2024-08-14 08:12:20,3.1,18.4254,174845952,317013,45794909
2024-08-14 08:12:25,3.2,18.8842,179200000,319337,45797044
2024-08-14 08:12:30,3.2,18.911,179453952,319337,45797044
2024-08-14 08:12:35,0,18.911,179453952,319427,45797120
2024-08-14 08:12:41,0,18.9926,180228096,319829,45797452
2024-08-14 08:12:46,3,19.0996,181243904,319829,45797452
2024-08-14 08:12:51,6.2,19.1544,181764096,319829,45797452
2024-08-14 08:12:56,3.2,19.1544,181764096,319919,45797528
2024-08-14 08:13:01,3,19.1544,181764096,319961,45797556
2024-08-14 08:13:06,6,19.1544,181764096,319961,45797556
2024-08-14 08:13:12,0,19.236,182538240,320051,45797632
2024-08-14 08:13:17,3,19.2632,182796288,320051,45797632
2024-08-14 08:13:22,0,19.3176,183312384,320051,45797632
2024-08-14 08:13:27,3.2,19.3176,183312384,320051,45797632
2024-08-14 08:13:32,3.1,19.3176,183312384,320195,45797754
2024-08-14 08:13:38,3.2,19.4264,184344576,320237,45797782
2024-08-14 08:13:43,0,19.4264,184344576,320597,45798086
2024-08-14 08:13:48,6.1,19.4255,184336384,320729,45798190
2024-08-14 08:13:53,0,19.4255,184336384,320729,45798190
2024-08-14 08:13:58,9.3,24.4079,231616512,367613,45830096
2024-08-14 08:14:04,6.4,24.407,231608320,402925,45855540
2024-08-14 08:14:09,16.1,24.4066,231604224,451965,45884354
2024-08-14 08:14:14,3.2,24.4148,231682048,526897,45940701
2024-08-14 08:14:19,12.9,24.4157,231690240,579022,45987480
2024-08-14 08:14:24,0,24.417,231702528,598521,46006726
2024-08-14 08:14:29,3.1,24.417,231702528,603885,46010667
2024-08-14 08:14:35,6.1,24.4731,232235008,608920,46021647
2024-08-14 08:14:40,0,24.4731,232235008,608920,46021647
2024-08-14 08:14:45,3.2,24.4731,232235008,609010,46021723
2024-08-14 08:14:50,3.2,24.4623,232132608,609370,46022027
2024-08-14 08:14:55,0,24.4623,232132608,609370,46022027
2024-08-14 08:15:01,0,24.6423,233840640,640144,46212111
2024-08-14 08:15:06,3.1,24.6414,233832448,640234,46212187
2024-08-14 08:15:11,3.1,24.6414,233832448,640366,46212239
2024-08-14 08:15:16,3.2,24.6414,233832448,640498,46212239
2024-08-14 08:15:21,6.2,24.6414,233832448,640588,46212315
2024-08-14 08:15:27,5.9,24.6397,233816064,640696,46212343
2024-08-14 08:15:32,0,25.0748,237944832,663142,46216097
2024-08-14 08:15:37,3.3,25.1836,238977024,669939,46220907
2024-08-14 08:15:42,0,25.1836,238977024,675731,46224043
2024-08-14 08:15:47,8.8,25.1836,238977024,686156,46231540
2024-08-14 08:15:53,3.2,25.1831,238972928,687541,46232573
2024-08-14 08:15:58,15.6,25.1676,238825472,710936,46247764
2024-08-14 08:16:03,6.4,25.165,238800896,738359,46264140
2024-08-14 08:16:08,15.6,25.1633,238784512,755183,46274101
2024-08-14 08:16:13,6.2,18.9166,179507200,761623,46282053
2024-08-14 08:16:18,0,18.9166,179507200,761761,46282053
2024-08-14 08:16:24,0,18.9166,179507200,761803,46282081
2024-08-14 08:16:29,6,18.917,179511296,761893,46282157
2024-08-14 08:16:34,3.1,18.917,179511296,761947,46282203
2024-08-14 08:16:39,0,18.917,179511296,761947,46282203
2024-08-14 08:16:44,3.1,18.917,179511296,762037,46282279
2024-08-14 08:16:50,3.2,18.917,179511296,762079,46282307
2024-08-14 08:16:55,3,18.917,179511296,762169,46282383
2024-08-14 08:17:00,0,18.917,179511296,762529,46282687
2024-08-14 08:17:05,6,18.917,179511296,762529,46282687
2024-08-14 08:17:10,0,18.917,179511296,762529,46282687
2024-08-14 08:17:16,0,18.917,179511296,762619,46282763
2024-08-14 08:17:21,0,18.917,179511296,762661,46282791
2024-08-14 08:17:26,3.2,19.0258,180543488,764697,46284850
2024-08-14 08:17:31,3.1,19.0258,180543488,764787,46284926
2024-08-14 08:17:36,0,19.0258,180543488,764787,46284926
2024-08-14 08:17:42,3.2,19.0258,180543488,764787,46284926
2024-08-14 08:17:47,0,19.0258,180543488,764877,46285002
2024-08-14 08:17:52,0,19.1346,181575680,764877,46285002
2024-08-14 08:17:57,5.8,19.1618,181833728,764877,46285002
2024-08-14 08:18:02,3.1,19.189,182091776,765237,46285306
2024-08-14 08:18:08,0,19.189,182091776,765369,46285410
2024-08-14 08:18:13,2.9,19.189,182091776,765507,46285410
2024-08-14 08:18:18,0,19.3521,183640064,765639,46285514
2024-08-14 08:18:23,3.2,16.9954,161275904,765709,46285514
2024-08-14 08:18:28,3,17.1581,162820096,765763,46285574
2024-08-14 08:18:34,3.1,17.3484,164626432,765763,46285574
2024-08-14 08:18:39,6.2,17.4572,165658624,765853,46285650
2024-08-14 08:18:44,6.2,17.755,168484864,765895,46285678
2024-08-14 08:18:49,6.1,17.755,168484864,765895,46285678
2024-08-14 08:18:54,0,17.7546,168480768,765985,46285754
2024-08-14 08:18:59,3.1,17.8358,169250816,765985,46285754
2024-08-14 08:19:05,6.1,17.863,169508864,765985,46285754
2024-08-14 08:19:10,0,17.863,169508864,766435,46286134
2024-08-14 08:19:15,3.1,17.8901,169766912,766519,46286190
2024-08-14 08:19:20,0,17.8901,169766912,766519,46286190
2024-08-14 08:19:25,6.1,18.2665,173338624,768711,46288325
2024-08-14 08:19:31,0,18.2665,173338624,768711,46288325
2024-08-14 08:19:36,0,18.2665,173338624,768765,46288371
2024-08-14 08:19:41,3,18.2665,173338624,768855,46288447
2024-08-14 08:19:46,0,18.2665,173338624,768855,46288447
2024-08-14 08:19:51,0,18.2924,173584384,768855,46288447
2024-08-14 08:19:57,6.2,18.292,173580288,768945,46288523
2024-08-14 08:20:02,3.1,18.2924,173584384,768987,46288551
2024-08-14 08:20:07,3.2,18.2924,173584384,769167,46288579
2024-08-14 08:20:12,3.2,18.2924,173584384,769347,46288731
2024-08-14 08:20:17,6.2,18.2924,173584384,769347,46288731
2024-08-14 08:20:23,0,18.2924,173584384,769347,46288731
2024-08-14 08:20:28,0,18.2924,173584384,769437,46288807
2024-08-14 08:20:33,3.2,18.2924,173584384,769437,46288807
2024-08-14 08:20:38,0,18.2924,173584384,769437,46288807
2024-08-14 08:20:43,3.1,18.3468,174100480,771473,46290866
2024-08-14 08:20:49,0,18.4828,175390720,771563,46290942
2024-08-14 08:20:54,6,18.5372,175906816,771563,46290942
2024-08-14 08:20:59,0,18.5644,176164864,771563,46290942
2024-08-14 08:21:04,0,18.5644,176164864,771695,46291046
2024-08-14 08:21:09,0,18.5916,176422912,771695,46291046
2024-08-14 08:21:15,0,18.6731,177197056,771875,46291198
2024-08-14 08:21:20,0,18.6731,177197056,772145,46291426
2024-08-14 08:21:25,0,18.6731,177197056,772145,46291426
2024-08-14 08:21:30,0,18.6731,177197056,772145,46291426
2024-08-14 08:21:35,0,18.6731,177197056,772235,46291502
2024-08-14 08:21:40,3,18.6731,177197056,772277,46291530
2024-08-14 08:21:46,0,18.6731,177197056,772277,46291530
