2024-08-14 08:11:26,12.1,17.5461,166502400,186508,29139489
2024-08-14 08:11:31,0,18.6943,177397760,324713,46001437
2024-08-14 08:11:36,3.2,18.7487,177913856,324755,46001465
2024-08-14 08:11:42,0,18.7504,177930240,324755,46001465
2024-08-14 08:11:47,0,18.7491,177917952,325259,46001891
2024-08-14 08:11:52,0,18.7763,178176000,325259,46001891
2024-08-14 08:11:57,3.2,18.8303,178688000,325259,46001891
2024-08-14 08:12:02,3.1,18.8303,178688000,325349,46001967
2024-08-14 08:12:08,3.2,18.8303,178688000,325391,46001995
2024-08-14 08:12:13,3.1,18.8303,178688000,325391,46001995
2024-08-14 08:12:18,0,18.8303,178688000,325481,46002071
2024-08-14 08:12:23,3.1,18.8303,178688000,325481,46002071
2024-08-14 08:12:28,0,18.8575,178946048,325619,46002071
2024-08-14 08:12:34,3.2,18.8846,179204096,325661,46002099
2024-08-14 08:12:39,0,18.8846,179204096,325751,46002175
2024-08-14 08:12:44,0,18.8846,179204096,325793,46002203
2024-08-14 08:12:49,0,18.8846,179204096,326027,46002401
2024-08-14 08:12:55,0,18.8846,179204096,326297,46002629
2024-08-14 08:13:00,5.8,18.8829,179187712,326297,46002629
2024-08-14 08:13:05,0,18.8846,179204096,326297,46002629
2024-08-14 08:13:10,3.1,18.8846,179204096,326387,46002705
2024-08-14 08:13:15,3.1,18.8846,179204096,328465,46004793
2024-08-14 08:13:20,0,18.8846,179204096,328465,46004793
2024-08-14 08:13:26,3.1,18.8846,179204096,328555,46004869
2024-08-14 08:13:31,3.1,18.8846,179204096,328597,46004897
2024-08-14 08:13:36,3.1,18.8846,179204096,328597,46004897
2024-08-14 08:13:41,0,18.8846,179204096,328687,46004973
2024-08-14 08:13:47,3.2,18.8846,179204096,328729,46005001
2024-08-14 08:13:52,6,18.8846,179204096,328729,46005001
2024-08-14 08:13:57,8.8,18.939,179720192,329179,46005381
2024-08-14 08:14:02,15.1,23.7566,225435648,354263,46028595
2024-08-14 08:14:07,14.7,24.2171,229806080,403386,46056159
2024-08-14 08:14:13,3,24.2154,229789696,421593,46068276
2024-08-14 08:14:18,21.3,24.2396,230019072,472953,46098722
2024-08-14 08:14:23,25.7,24.24,230023168,528689,46139866
2024-08-14 08:14:28,3.1,24.2655,230264832,558186,46158603
2024-08-14 08:14:33,20,24.2715,230322176,610578,46215102
2024-08-14 08:14:39,3,24.2775,230379520,618735,46231703
2024-08-14 08:14:44,3.1,24.2775,230379520,618879,46231825
2024-08-14 08:14:49,5.9,24.3306,230883328,618879,46231825
2024-08-14 08:14:54,0,24.3306,230883328,618879,46231825
2024-08-14 08:14:59,59.4,24.3324,230899712,621054,46233502
2024-08-14 08:15:05,3.1,25.1374,238538752,650367,46422289
2024-08-14 08:15:10,0,25.1374,238538752,650425,46422427
2024-08-14 08:15:15,6.2,25.1335,238501888,652593,46424487
2024-08-14 08:15:20,6,25.1339,238505984,652683,46424563
2024-08-14 08:15:26,0,25.1339,238505984,652725,46424591
2024-08-14 08:15:31,0,25.1339,238505984,652725,46424591
2024-08-14 08:15:36,3.1,25.4887,241872896,675261,46428421
2024-08-14 08:15:41,3.1,25.5431,242388992,676185,46430297
2024-08-14 08:15:46,3,25.5431,242388992,687501,46436141
2024-08-14 08:15:52,5.9,25.5431,242388992,688383,46436841
2024-08-14 08:15:57,10,25.531,242274304,715376,46456328
2024-08-14 08:16:02,17.2,25.5245,242212864,746778,46473922
2024-08-14 08:16:07,0,18.9567,179888128,759024,46485068
2024-08-14 08:16:12,0,19.0452,180727808,759426,46485276
2024-08-14 08:16:18,0,19.1812,182018048,759468,46485304
2024-08-14 08:16:23,8.6,19.2084,182276096,759558,46485380
2024-08-14 08:16:28,3.1,19.2084,182276096,759558,46485380
2024-08-14 08:16:33,0,16.7446,158896128,759558,46485380
2024-08-14 08:16:38,3.1,16.8792,160174080,759648,46485456
2024-08-14 08:16:44,3.1,17.0152,161464320,759690,46485484
2024-08-14 08:16:49,0,17.0696,161980416,759690,46485484
2024-08-14 08:16:54,3.1,17.0968,162238464,759780,46485560
2024-08-14 08:16:59,0,17.0968,162238464,759780,46485560
2024-08-14 08:17:04,3.1,17.0968,162238464,759780,46485560
2024-08-14 08:17:10,6.1,17.0968,162238464,760140,46485864
2024-08-14 08:17:15,5.9,17.4382,165478400,762704,46488370
2024-08-14 08:17:20,0,17.4399,165494784,762704,46488370
2024-08-14 08:17:25,5.8,17.4399,165494784,762704,46488370
2024-08-14 08:17:30,0,17.4399,165494784,762794,46488446
2024-08-14 08:17:36,3,17.4399,165494784,762794,46488446
2024-08-14 08:17:41,3.1,17.5211,166264832,762848,46488538
2024-08-14 08:17:46,6.2,17.6027,167038976,762980,46488642
2024-08-14 08:17:51,5.7,17.6027,167038976,762980,46488642
2024-08-14 08:17:56,0,17.6027,167038976,762980,46488642
2024-08-14 08:18:02,3.1,17.6027,167038976,763070,46488718
2024-08-14 08:18:07,0,17.6027,167038976,763124,46488764
2024-08-14 08:18:12,0,17.6027,167038976,763526,46488972
2024-08-14 08:18:17,0,17.9545,170377216,763796,46489200
2024-08-14 08:18:22,0,18.0076,170881024,763796,46489200
2024-08-14 08:18:28,6.1,18.0619,171397120,763796,46489200
2024-08-14 08:18:33,0,18.0615,171393024,763886,46489276
2024-08-14 08:18:38,6.1,18.0887,171651072,763928,46489304
2024-08-14 08:18:43,3.2,18.0887,171651072,763928,46489304
2024-08-14 08:18:48,5.9,18.0887,171651072,764018,46489380
2024-08-14 08:18:54,3.1,18.0887,171651072,764018,46489380
2024-08-14 08:18:59,0,18.0887,171651072,764018,46489380
2024-08-14 08:19:04,3,18.0883,171646976,764108,46489456
2024-08-14 08:19:09,0,18.0883,171646976,764192,46489512
2024-08-14 08:19:14,3,18.0878,171642880,766360,46491572
2024-08-14 08:19:20,0,18.0878,171642880,766810,46491952
2024-08-14 08:19:25,0,18.0878,171642880,766810,46491952
2024-08-14 08:19:30,3.1,18.0878,171642880,766810,46491952
2024-08-14 08:19:35,3.1,18.0878,171642880,766810,46491952
2024-08-14 08:19:40,3.1,18.0878,171642880,766900,46492028
2024-08-14 08:19:46,3,18.0878,171642880,766900,46492028
2024-08-14 08:19:51,0,18.0878,171642880,766900,46492028
2024-08-14 08:19:56,0,18.0878,171642880,766990,46492104
2024-08-14 08:20:01,0,18.0861,171626496,767170,46492132
2024-08-14 08:20:06,3,18.0861,171626496,767282,46492160
2024-08-14 08:20:12,0,18.0857,171622400,767372,46492236
2024-08-14 08:20:17,3.2,18.0857,171622400,767426,46492282
2024-08-14 08:20:22,5.8,18.084,171606016,769660,46494342
2024-08-14 08:20:27,3.1,18.084,171606016,769840,46494494
2024-08-14 08:20:32,3.1,18.084,171606016,769840,46494494
2024-08-14 08:20:38,6.2,18.084,171606016,769840,46494494
2024-08-14 08:20:43,3,18.084,171606016,769930,46494570
2024-08-14 08:20:48,3,18.0857,171622400,769930,46494570
2024-08-14 08:20:53,8.8,18.0857,171622400,769930,46494570
2024-08-14 08:20:58,0,18.1396,172134400,770020,46494646
2024-08-14 08:21:04,0,18.1396,172134400,770104,46494702
2024-08-14 08:21:09,2.9,18.1668,172392448,770104,46494702
2024-08-14 08:21:14,0,18.1927,172638208,770194,46494778
2024-08-14 08:21:19,3,18.2199,172896256,770194,46494778
2024-08-14 08:21:24,0,18.2199,172896256,770284,46494854
2024-08-14 08:21:30,5.9,18.2199,172896256,770644,46495158
2024-08-14 08:21:35,3.1,18.2199,172896256,770644,46495158
2024-08-14 08:21:40,2.9,18.2199,172896256,770644,46495158
2024-08-14 08:21:45,0,18.2199,172896256,770734,46495234
2024-08-14 08:21:50,3.1,18.2199,172896256,770914,46495262
2024-08-14 08:21:56,0,18.2199,172896256,770956,46495290
2024-08-14 08:22:01,3.1,18.2471,173154304,770956,46495290
2024-08-14 08:22:06,0,18.2471,173154304,771046,46495366
2024-08-14 08:22:11,6,18.2471,173154304,771046,46495366
2024-08-14 08:22:16,3.2,18.2743,173412352,773148,46497426
