2024-08-14 08:06:26,12.9,17.6508,167501824,187497,28871872
2024-08-14 08:06:31,3,18.335,173993984,275966,43561680
2024-08-14 08:06:36,2.9,18.335,173993984,276114,43561756
2024-08-14 08:06:41,3,18.3354,173998080,276114,43561756
2024-08-14 08:06:46,0,18.3354,173998080,276172,43561756
2024-08-14 08:06:52,0,18.3354,173998080,276332,43561832
2024-08-14 08:06:57,3.1,18.3354,173998080,276332,43561832
2024-08-14 08:07:02,0,18.3354,173998080,276390,43561832
2024-08-14 08:07:07,3,18.3354,173998080,276882,43562240
2024-08-14 08:07:12,0,18.3354,173998080,276882,43562240
2024-08-14 08:07:18,0,18.3354,173998080,276882,43562240
2024-08-14 08:07:23,0,18.3354,173998080,277014,43562344
2024-08-14 08:07:28,0,18.3354,173998080,277014,43562344
2024-08-14 08:07:33,2.9,18.6583,177061888,279050,43564404
2024-08-14 08:07:38,3.1,18.6578,177057792,279140,43564480
2024-08-14 08:07:44,0,18.6578,177057792,279140,43564480
2024-08-14 08:07:49,0,18.6578,177057792,279140,43564480
2024-08-14 08:07:54,0,18.6578,177057792,279230,43564556
2024-08-14 08:07:59,5.9,18.6578,177057792,279284,43564602
2024-08-14 08:08:04,3.1,18.6846,177311744,279326,43564630
2024-08-14 08:08:10,5.9,18.7105,177557504,279596,43564858
2024-08-14 08:08:15,3,18.7105,177557504,279914,43565010
2024-08-14 08:08:20,0,18.7105,177557504,279956,43565038
2024-08-14 08:08:25,0,18.7105,177557504,279956,43565038
2024-08-14 08:08:30,3.1,18.7105,177557504,280046,43565114
2024-08-14 08:08:36,0,18.7083,177537024,280046,43565114
2024-08-14 08:08:41,3.2,18.7083,177537024,280046,43565114
2024-08-14 08:08:46,0,18.7355,177795072,280136,43565190
2024-08-14 08:08:51,6.1,18.7627,178053120,280178,43565218
2024-08-14 08:08:56,0,18.7627,178053120,280178,43565218
2024-08-14 08:09:02,3,18.7627,178053120,280268,43565294
2024-08-14 08:09:07,0,18.7627,178053120,280268,43565294
2024-08-14 08:09:12,3.1,18.7627,178053120,280268,43565294
2024-08-14 08:09:17,0,18.7627,178053120,280760,43565702
2024-08-14 08:09:22,3.1,18.7627,178053120,280802,43565730
2024-08-14 08:09:27,3,18.7627,178053120,280802,43565730
2024-08-14 08:09:33,5.8,18.7627,178053120,282982,43567912
2024-08-14 08:09:38,0,18.7627,178053120,282982,43567912
2024-08-14 08:09:43,0,18.7627,178053120,282982,43567912
2024-08-14 08:09:48,3,18.7627,178053120,283072,43567988
2024-08-14 08:09:53,5.7,18.7627,178053120,283072,43567988
2024-08-14 08:09:59,0,18.7627,178053120,283072,43567988
2024-08-14 08:10:04,2.9,18.7627,178053120,283300,43568064
2024-08-14 08:10:09,0,18.7627,178053120,283384,43568120
2024-08-14 08:10:14,0,18.7627,178053120,283384,43568120
2024-08-14 08:10:20,2.9,18.7627,178053120,283744,43568424
2024-08-14 08:10:25,0,18.7627,178053120,283834,43568500
2024-08-14 08:10:30,3,18.7627,178053120,283834,43568500
2024-08-14 08:10:35,0,18.7627,178053120,283924,43568576
2024-08-14 08:10:40,3,18.7627,178053120,283966,43568604
2024-08-14 08:10:46,6,18.8158,178556928,283966,43568604
2024-08-14 08:10:51,0,18.843,178814976,283966,43568604
2024-08-14 08:10:56,0,18.8426,178810880,284056,43568680
2024-08-14 08:11:01,2.9,18.8426,178810880,284056,43568680
2024-08-14 08:11:06,3.2,18.8426,178810880,284098,43568708
2024-08-14 08:11:12,3,18.8421,178806784,284258,43568784
2024-08-14 08:11:17,0,18.8421,178806784,284300,43568812
2024-08-14 08:11:22,6.2,18.8417,178802688,284480,43568964
2024-08-14 08:11:27,0,18.8417,178802688,284750,43569192
2024-08-14 08:11:32,0,18.9928,180236288,286786,43571252
2024-08-14 08:11:38,3.2,18.9928,180236288,286786,43571252
2024-08-14 08:11:43,3.2,18.9928,180236288,286876,43571328
2024-08-14 08:11:48,0,18.9928,180236288,286876,43571328
2024-08-14 08:11:53,3.2,18.9928,180236288,286876,43571328
2024-08-14 08:11:58,0,18.9928,180236288,286966,43571404
2024-08-14 08:12:03,0,19.02,180494336,287146,43571432
2024-08-14 08:12:09,0,19.02,180494336,287146,43571432
2024-08-14 08:12:14,3.1,19.02,180494336,287236,43571508
2024-08-14 08:12:19,0,19.1015,181268480,287278,43571536
2024-08-14 08:12:24,0,19.1015,181268480,287278,43571536
2024-08-14 08:12:29,3.1,19.1015,181268480,287728,43571916
2024-08-14 08:12:35,0,19.1287,181526528,287728,43571916
2024-08-14 08:12:40,6.2,19.1287,181526528,287728,43571916
2024-08-14 08:12:45,2.9,19.1283,181522432,287818,43571992
2024-08-14 08:12:50,3,19.1283,181522432,287860,43572020
2024-08-14 08:12:56,0,19.1283,181522432,287860,43572020
2024-08-14 08:13:01,3.2,19.1274,181514240,287992,43572124
2024-08-14 08:13:06,0,19.1274,181514240,287992,43572124
2024-08-14 08:13:11,0,19.1266,181506048,287992,43572124
2024-08-14 08:13:16,3,19.1266,181506048,287992,43572124
2024-08-14 08:13:21,3,19.1266,181506048,288082,43572200
2024-08-14 08:13:27,6.1,19.1266,181506048,288124,43572228
2024-08-14 08:13:32,0,19.1261,181501952,290340,43574440
2024-08-14 08:13:37,0,19.1253,181493760,290610,43574668
2024-08-14 08:13:42,3.1,19.1253,181493760,290664,43574714
2024-08-14 08:13:47,3.1,19.1244,181485568,290664,43574714
2024-08-14 08:13:53,58.1,24.2171,229814272,464050,43676230
2024-08-14 08:13:58,3.1,24.2551,230174720,569521,43784523
2024-08-14 08:14:03,3.1,24.281,230420480,569521,43784523
2024-08-14 08:14:08,3.1,24.281,230420480,569611,43784599
2024-08-14 08:14:14,0,24.281,230420480,569665,43784645
2024-08-14 08:14:19,0,24.281,230420480,569665,43784645
2024-08-14 08:14:24,3.1,24.281,230420480,569755,43784721
2024-08-14 08:14:29,0,24.281,230420480,569755,43784721
2024-08-14 08:14:34,0,24.281,230420480,569755,43784721
2024-08-14 08:14:40,0,24.281,230420480,570205,43785101
2024-08-14 08:14:45,3.2,24.3337,230920192,570247,43785129
2024-08-14 08:14:50,6.2,24.3337,230920192,570289,43785157
2024-08-14 08:14:55,3.2,24.9733,236990464,600759,43975316
2024-08-14 08:15:00,3.1,24.9733,236990464,600759,43975316
2024-08-14 08:15:06,0,24.9733,236990464,600759,43975316
2024-08-14 08:15:11,3.1,24.9733,236990464,600849,43975392
2024-08-14 08:15:16,0,24.9733,236990464,600891,43975420
2024-08-14 08:15:21,3.2,24.9733,236990464,600891,43975420
2024-08-14 08:15:26,3.1,24.9733,236990464,634678,43987033
2024-08-14 08:15:32,3.1,24.9552,236818432,685624,44018999
2024-08-14 08:15:37,0,24.9544,236810240,690738,44021975
2024-08-14 08:15:42,3.2,24.9526,236793856,699701,44026638
2024-08-14 08:15:47,3.1,24.9518,236785664,705553,44029079
2024-08-14 08:15:52,6.2,24.9518,236785664,709357,44032194
2024-08-14 08:15:58,20,24.9513,236781568,727874,44045027
2024-08-14 08:16:03,0,24.9505,236773376,738034,44053228
2024-08-14 08:16:08,5.9,18.7493,177926144,740140,44058249
2024-08-14 08:16:13,3.1,18.7493,177926144,740140,44058249
2024-08-14 08:16:18,3.2,18.7752,178171904,740230,44058325
2024-08-14 08:16:24,0,18.8024,178429952,740230,44058325
2024-08-14 08:16:29,0,18.9384,179720192,740230,44058325
2024-08-14 08:16:34,3.1,18.9928,180236288,740320,44058401
2024-08-14 08:16:39,6.2,19.0471,180752384,740362,44058429
2024-08-14 08:16:44,3.1,19.0471,180752384,740404,44058457
2024-08-14 08:16:50,6.2,19.2647,182816768,740854,44058837
2024-08-14 08:16:55,3.2,19.3722,183836672,740854,44058837
2024-08-14 08:17:00,3.2,19.3994,184094720,740854,44058837
2024-08-14 08:17:05,3.1,19.3994,184094720,740944,44058913
2024-08-14 08:17:10,0,19.3994,184094720,740986,44058941
2024-08-14 08:17:16,3.2,19.3994,184094720,740986,44058941
2024-08-14 08:17:21,0,19.3994,184094720,741076,44059017
2024-08-14 08:17:26,0,19.3994,184094720,741076,44059017
2024-08-14 08:17:31,12.1,19.4235,184324096,743178,44061077
2024-08-14 08:17:36,0,19.4235,184324096,743268,44061153
2024-08-14 08:17:42,3.1,19.4235,184324096,743310,44061181
2024-08-14 08:17:47,3.1,19.4235,184324096,743448,44061181
2024-08-14 08:17:52,6.2,19.4235,184324096,743808,44061485
2024-08-14 08:17:57,3.1,19.4235,184324096,743940,44061589
2024-08-14 08:18:02,3,19.4235,184324096,743940,44061589
2024-08-14 08:18:08,3,19.4494,184569856,743940,44061589
2024-08-14 08:18:13,5.9,19.4494,184569856,744030,44061665
2024-08-14 08:18:18,3,19.4494,184569856,744030,44061665
2024-08-14 08:18:23,0,19.4494,184569856,744030,44061665
2024-08-14 08:18:28,0,19.5034,185081856,744120,44061741
2024-08-14 08:18:34,3.1,19.5034,185081856,744162,44061769
2024-08-14 08:18:39,0,19.5034,185081856,744204,44061797
2024-08-14 08:18:44,0,19.5029,185077760,744294,44061873
2024-08-14 08:18:49,3.2,19.5029,185077760,744294,44061873
2024-08-14 08:18:54,0,19.5029,185077760,744384,44061949
2024-08-14 08:19:00,0,16.7185,158654464,744786,44062281
2024-08-14 08:19:05,0,16.8545,159944704,744786,44062281
2024-08-14 08:19:10,3.2,17.0707,161996800,744786,44062281
2024-08-14 08:19:15,0,17.0707,161996800,744930,44062403
2024-08-14 08:19:20,3,17.0707,161996800,744930,44062403
2024-08-14 08:19:26,3,17.0707,161996800,744930,44062403
2024-08-14 08:19:31,0,17.1795,163028992,745020,44062479
2024-08-14 08:19:36,3.2,17.53,166354944,747098,44064567
2024-08-14 08:19:41,2.9,17.6375,167374848,747290,44064659
2024-08-14 08:19:46,6.2,17.7726,168656896,747380,44064735
2024-08-14 08:19:52,8.6,17.8541,169431040,747380,44064735
2024-08-14 08:19:57,0,18.0704,171483136,747380,44064735
2024-08-14 08:20:02,6.2,18.152,172257280,747856,44065113
2024-08-14 08:20:07,3,18.152,172257280,748190,44065261
2024-08-14 08:20:12,6,18.152,172257280,748264,44065261
2024-08-14 08:20:17,0,18.1779,172503040,748354,44065337
2024-08-14 08:20:23,0,18.1779,172503040,749094,44065637
2024-08-14 08:20:28,6.1,18.1779,172503040,749506,44065665
2024-08-14 08:20:33,3.2,18.1779,172503040,749506,44065665
2024-08-14 08:20:38,0,18.1779,172503040,749892,44065741
2024-08-14 08:20:43,3,18.1779,172503040,749934,44065769
2024-08-14 08:20:49,3,18.1779,172503040,749934,44065769
2024-08-14 08:20:54,6,18.1774,172498944,750246,44065845
2024-08-14 08:20:59,0,18.1774,172498944,750246,44065845
2024-08-14 08:21:04,6.2,18.1774,172498944,750336,44065921
2024-08-14 08:21:09,3.2,18.1774,172498944,750606,44066149
2024-08-14 08:21:15,0,18.1774,172498944,750606,44066149
2024-08-14 08:21:20,3.1,18.1774,172498944,750606,44066149
2024-08-14 08:21:25,3,18.1774,172498944,750738,44066253
