2024-08-14 08:04:43,9.4,17.7156,168116224,165938,26681658
2024-08-14 08:04:48,0,18.9561,179888128,318289,43544042
2024-08-14 08:04:54,0,18.9561,179888128,318289,43544042
2024-08-14 08:04:59,0,18.9833,180146176,318289,43544042
2024-08-14 08:05:04,0,18.9833,180146176,318379,43544118
2024-08-14 08:05:09,0,18.9833,180146176,318379,43544118
2024-08-14 08:05:14,3.2,18.9833,180146176,318379,43544118
2024-08-14 08:05:19,3.1,18.9833,180146176,318469,43544194
2024-08-14 08:05:25,3.2,18.9833,180146176,318511,43544222
2024-08-14 08:05:30,0,18.9833,180146176,318511,43544222
2024-08-14 08:05:35,0,18.9833,180146176,318601,43544298
2024-08-14 08:05:40,0,19.092,181178368,318643,43544326
2024-08-14 08:05:45,0,19.1179,181424128,318643,43544326
2024-08-14 08:05:51,6.2,19.1175,181420032,319093,43544706
2024-08-14 08:05:56,3.2,19.1175,181420032,319093,43544706
2024-08-14 08:06:01,3.2,19.1443,181673984,319093,43544706
2024-08-14 08:06:06,0,19.1715,181932032,319183,43544782
2024-08-14 08:06:11,0,19.1715,181932032,319183,43544782
2024-08-14 08:06:16,6.2,19.1715,181932032,319183,43544782
2024-08-14 08:06:22,0,19.2245,182435840,319363,43544810
2024-08-14 08:06:27,0,19.5228,185266176,321555,43546946
2024-08-14 08:06:32,0,19.5232,185270272,321555,43546946
2024-08-14 08:06:37,5.9,19.5232,185270272,321555,43546946
2024-08-14 08:06:42,6.2,19.5232,185270272,321715,43547022
2024-08-14 08:06:48,0,19.5232,185270272,321715,43547022
2024-08-14 08:06:53,0,19.5232,185270272,321895,43547174
2024-08-14 08:06:58,0,19.5232,185270272,322219,43547448
2024-08-14 08:07:03,6.2,19.5232,185270272,322219,43547448
2024-08-14 08:07:08,3.1,19.5232,185270272,322219,43547448
2024-08-14 08:07:13,3.2,16.8226,159641600,322309,43547524
2024-08-14 08:07:19,3.1,17.0673,161964032,322393,43547580
2024-08-14 08:07:24,6.2,17.0945,162222080,322393,43547580
2024-08-14 08:07:29,3.2,17.1722,162959360,322483,43547656
2024-08-14 08:07:34,3.2,17.1994,163217408,322483,43547656
2024-08-14 08:07:39,0,17.1994,163217408,322483,43547656
2024-08-14 08:07:44,0,17.1994,163217408,322573,43547732
2024-08-14 08:07:50,0,17.1994,163217408,322573,43547732
2024-08-14 08:07:55,0,17.1994,163217408,322573,43547732
2024-08-14 08:08:00,0,17.1994,163217408,323119,43548186
2024-08-14 08:08:05,6.2,17.1994,163217408,323119,43548186
2024-08-14 08:08:10,3.1,17.1994,163217408,323257,43548186
2024-08-14 08:08:16,3.2,17.2266,163475456,323389,43548290
2024-08-14 08:08:21,0,17.2537,163733504,323389,43548290
2024-08-14 08:08:26,0,17.3323,164478976,325425,43550350
2024-08-14 08:08:31,0,17.3582,164724736,325425,43550350
2024-08-14 08:08:36,3.2,17.5214,166273024,325515,43550426
2024-08-14 08:08:41,3.2,17.5485,166531072,325515,43550426
2024-08-14 08:08:47,0,17.6288,167292928,325515,43550426
2024-08-14 08:08:52,0,17.6288,167292928,325605,43550502
2024-08-14 08:08:57,2.7,17.6288,167292928,325605,43550502
2024-08-14 08:09:02,0,17.6288,167292928,325785,43550654
2024-08-14 08:09:07,3.2,17.6832,167809024,326097,43550910
2024-08-14 08:09:13,0,17.7376,168325120,326139,43550938
2024-08-14 08:09:18,0,17.7376,168325120,326139,43550938
2024-08-14 08:09:23,0,17.7376,168325120,326229,43551014
2024-08-14 08:09:28,6.2,17.7376,168325120,326229,43551014
2024-08-14 08:09:33,3.2,17.7648,168583168,326229,43551014
2024-08-14 08:09:38,3.1,17.792,168841216,326319,43551090
2024-08-14 08:09:44,0,17.8192,169099264,326319,43551090
2024-08-14 08:09:49,0,17.8464,169357312,326319,43551090
2024-08-14 08:09:54,3.2,17.918,170037248,326409,43551166
2024-08-14 08:09:59,0,17.918,170037248,326589,43551194
2024-08-14 08:10:04,0,18.2374,173068288,328889,43553254
2024-08-14 08:10:10,6.2,18.2387,173080576,329381,43553662
2024-08-14 08:10:15,3.1,18.2646,173326336,329381,43553662
2024-08-14 08:10:20,3.1,18.2646,173326336,329381,43553662
2024-08-14 08:10:25,6.2,18.5909,176422912,329471,43553738
2024-08-14 08:10:30,3.2,18.6419,176906240,329471,43553738
2024-08-14 08:10:35,3.1,18.6419,176906240,329471,43553738
2024-08-14 08:10:41,0,18.6419,176906240,329561,43553814
2024-08-14 08:10:46,0,18.6962,177422336,329603,43553842
2024-08-14 08:10:51,0,18.6962,177422336,329603,43553842
2024-08-14 08:10:56,6.1,18.6962,177422336,329603,43553842
2024-08-14 08:11:01,3.2,18.7502,177934336,329763,43553918
2024-08-14 08:11:07,3.1,18.8046,178450432,329805,43553946
2024-08-14 08:11:12,3.2,18.8037,178442240,330075,43554174
2024-08-14 08:11:17,0,18.8568,178946048,330255,43554326
2024-08-14 08:11:22,0,18.8568,178946048,330255,43554326
2024-08-14 08:11:27,0,18.9099,179449856,332357,43556386
2024-08-14 08:11:32,6.2,18.9354,179691520,332447,43556462
2024-08-14 08:11:38,0,18.9358,179695616,332447,43556462
2024-08-14 08:11:43,3.2,18.9349,179687424,332447,43556462
2024-08-14 08:11:48,3.2,18.9349,179687424,332537,43556538
2024-08-14 08:11:53,0,18.9349,179687424,332537,43556538
2024-08-14 08:11:58,0,18.9349,179687424,332717,43556566
2024-08-14 08:12:04,0,18.9349,179687424,332807,43556642
2024-08-14 08:12:09,6.1,18.9349,179687424,332849,43556670
2024-08-14 08:12:14,3.2,18.9349,179687424,332849,43556670
2024-08-14 08:12:19,3.1,18.9349,179687424,333299,43557050
2024-08-14 08:12:24,0,18.9349,179687424,333299,43557050
2024-08-14 08:12:29,0,18.9349,179687424,333299,43557050
2024-08-14 08:12:35,0,18.9349,179687424,333389,43557126
2024-08-14 08:12:40,3.2,18.9608,179933184,333389,43557126
2024-08-14 08:12:45,3.2,18.9608,179933184,333389,43557126
2024-08-14 08:12:50,3.2,18.9608,179933184,333389,43557126
2024-08-14 08:12:55,3.1,18.96,179924992,333521,43557230
2024-08-14 08:13:00,0,18.96,179924992,333617,43557350
2024-08-14 08:13:06,0,18.9591,179916800,333617,43557350
2024-08-14 08:13:11,0,18.9591,179916800,333707,43557426
2024-08-14 08:13:16,0,18.9591,179916800,333707,43557426
2024-08-14 08:13:21,3.2,18.9591,179916800,333887,43557578
2024-08-14 08:13:26,3.2,18.9591,179916800,336259,43559866
2024-08-14 08:13:32,0,18.9582,179908608,336259,43559866
2024-08-14 08:13:37,0,18.9582,179908608,336259,43559866
2024-08-14 08:13:42,0,18.9582,179908608,336349,43559942
2024-08-14 08:13:47,6.5,23.4907,222920704,614916,43765952
2024-08-14 08:13:52,3.2,23.5166,223166464,615096,43765980
2024-08-14 08:13:57,3.2,23.5166,223166464,615186,43766056
2024-08-14 08:14:03,3.2,23.5166,223166464,615186,43766056
2024-08-14 08:14:08,3.1,23.5166,223166464,615186,43766056
2024-08-14 08:14:13,3.1,23.5166,223166464,615276,43766132
2024-08-14 08:14:18,0,23.5166,223166464,615276,43766132
2024-08-14 08:14:23,0,23.5166,223166464,615366,43766208
2024-08-14 08:14:29,0,23.6254,224198656,615768,43766540
2024-08-14 08:14:34,3.2,23.7881,225742848,615768,43766540
2024-08-14 08:14:39,0,23.8153,226000896,615768,43766540
2024-08-14 08:14:44,0,23.8697,226516992,615858,43766616
2024-08-14 08:14:49,0,24.5935,233385984,646200,43956722
2024-08-14 08:14:54,0,24.5935,233385984,646200,43956722
2024-08-14 08:15:00,6.2,24.6207,233644032,646200,43956722
2024-08-14 08:15:05,3.2,24.6479,233902080,646290,43956798
2024-08-14 08:15:10,3.2,24.6479,233902080,646290,43956798
2024-08-14 08:15:15,3.2,24.6479,233902080,646290,43956798
2024-08-14 08:15:20,34.4,18.5068,175624192,755719,44014579
2024-08-14 08:15:25,3.2,18.5106,175661056,755719,44014579
2024-08-14 08:15:31,0,18.5106,175661056,755989,44014807
2024-08-14 08:15:36,0,18.5102,175656960,756169,44014959
2024-08-14 08:15:41,0,18.5102,175656960,756169,44014959
2024-08-14 08:15:46,0,18.5374,175915008,756211,44014987
2024-08-14 08:15:51,0,18.5374,175915008,756439,44015063
2024-08-14 08:15:57,3.1,18.5374,175915008,756439,44015063
2024-08-14 08:16:02,0,18.5374,175915008,756439,44015063
2024-08-14 08:16:07,3.1,18.5374,175915008,756529,44015139
2024-08-14 08:16:12,0,18.5374,175915008,756571,44015167
2024-08-14 08:16:17,0,18.5374,175915008,756571,44015167
2024-08-14 08:16:22,0,18.5374,175915008,756661,44015243
2024-08-14 08:16:28,0,18.5374,175915008,756661,44015243
2024-08-14 08:16:33,6.2,18.5374,175915008,756841,44015395
2024-08-14 08:16:38,0,18.5374,175915008,757111,44015623
2024-08-14 08:16:43,3,18.5646,176173056,757153,44015651
2024-08-14 08:16:48,3.2,18.6462,176947200,757153,44015651
2024-08-14 08:16:54,0,18.6734,177205248,757243,44015727
2024-08-14 08:16:59,0,18.6734,177205248,757285,44015755
2024-08-14 08:17:04,0,18.6734,177205248,757285,44015755
2024-08-14 08:17:09,6.2,18.6734,177205248,757285,44015755
2024-08-14 08:17:14,3.2,18.6729,177201152,757375,44015831
2024-08-14 08:17:19,3.2,18.6729,177201152,757375,44015831
2024-08-14 08:17:25,0,18.6729,177201152,757375,44015831
2024-08-14 08:17:30,0,18.6729,177201152,759633,44017967
2024-08-14 08:17:35,0,18.6729,177201152,759687,44018013
2024-08-14 08:17:40,0,18.6729,177201152,760137,44018269
2024-08-14 08:17:45,0,18.6729,177201152,760371,44018513
2024-08-14 08:17:50,3.2,18.6729,177201152,760371,44018513
2024-08-14 08:17:56,3,18.6729,177201152,760371,44018513
2024-08-14 08:18:01,3.2,18.6729,177201152,760461,44018589
2024-08-14 08:18:06,0,18.6729,177201152,760503,44018617
2024-08-14 08:18:11,0,18.6729,177201152,760503,44018617
2024-08-14 08:18:16,0,18.6729,177201152,760593,44018693
2024-08-14 08:18:22,0,18.7273,177717248,760593,44018693
2024-08-14 08:18:27,6.2,18.7545,177975296,760593,44018693
2024-08-14 08:18:32,3.1,18.808,178483200,760683,44018769
2024-08-14 08:18:37,0,18.8352,178741248,760725,44018797
2024-08-14 08:18:42,0,18.8896,179257344,760725,44018797
2024-08-14 08:18:47,0,18.9168,179515392,761175,44019177
2024-08-14 08:18:53,0,18.9168,179515392,761217,44019205
2024-08-14 08:18:58,6,18.9168,179515392,761217,44019205
2024-08-14 08:19:03,3.1,18.9168,179515392,761307,44019281
2024-08-14 08:19:08,3.1,18.9168,179515392,761361,44019341
2024-08-14 08:19:13,0,18.9168,179515392,761361,44019341
2024-08-14 08:19:19,0,18.944,179773440,761361,44019341
2024-08-14 08:19:24,0,18.9436,179769344,761521,44019417
2024-08-14 08:19:29,0,18.9436,179769344,763599,44021505
2024-08-14 08:19:34,6,18.9436,179769344,763599,44021505
2024-08-14 08:19:39,0,18.9436,179769344,763689,44021581
2024-08-14 08:19:44,3.2,18.9436,179769344,763827,44021581
2024-08-14 08:19:50,0,18.9436,179769344,763827,44021581
2024-08-14 08:19:55,0,18.9436,179769344,763917,44021657
2024-08-14 08:20:00,0,18.9436,179769344,763917,44021657
2024-08-14 08:20:05,6.2,18.9436,179769344,763917,44021657
2024-08-14 08:20:10,6.2,18.9436,179769344,764007,44021733
2024-08-14 08:20:15,3.1,18.9436,179769344,764049,44021761
2024-08-14 08:20:21,3.2,18.9436,179769344,764049,44021761
2024-08-14 08:20:26,3.1,18.9436,179769344,764181,44021865
2024-08-14 08:20:31,0,18.9436,179769344,764181,44021865
2024-08-14 08:20:36,0,18.9436,179769344,764181,44021865
2024-08-14 08:20:41,0,18.9436,179769344,764271,44021941
2024-08-14 08:20:47,6.2,18.9436,179769344,764271,44021941
2024-08-14 08:20:52,3.2,18.9431,179765248,764451,44022093
2024-08-14 08:20:57,3.2,18.9431,179765248,764763,44022349
2024-08-14 08:21:02,0,18.9431,179765248,764763,44022349
2024-08-14 08:21:07,0,18.9431,179765248,764763,44022349
2024-08-14 08:21:12,0,18.969,180011008,764853,44022425
