2024-08-14 08:06:00,12.5,17.6162,167174144,177863,27988346
2024-08-14 08:06:05,3,18.2809,173481984,304588,43531562
2024-08-14 08:06:11,0,18.3612,174243840,304630,43531590
2024-08-14 08:06:16,3.2,18.4428,175017984,304720,43531666
2024-08-14 08:06:21,6.2,18.4428,175017984,304720,43531666
2024-08-14 08:06:26,3.1,18.4424,175013888,304858,43531666
2024-08-14 08:06:31,3.1,18.4424,175013888,304948,43531742
2024-08-14 08:06:37,0,18.4424,175013888,304990,43531770
2024-08-14 08:06:42,0,18.4424,175013888,304990,43531770
2024-08-14 08:06:47,0,18.4424,175013888,304990,43531770
2024-08-14 08:06:52,3,18.4428,175017984,305080,43531846
2024-08-14 08:06:57,3,18.4428,175017984,305080,43531846
2024-08-14 08:07:03,0,18.6055,176562176,307386,43534134
2024-08-14 08:07:08,0,18.6055,176562176,307678,43534314
2024-08-14 08:07:13,6.2,18.6055,176562176,307678,43534314
2024-08-14 08:07:18,0,18.6055,176562176,307678,43534314
2024-08-14 08:07:23,0,18.6055,176562176,307768,43534390
2024-08-14 08:07:28,0,18.6055,176562176,307768,43534390
2024-08-14 08:07:34,0,18.6055,176562176,307768,43534390
2024-08-14 08:07:39,0,18.6051,176558080,307858,43534466
2024-08-14 08:07:44,3,18.6051,176558080,307900,43534494
2024-08-14 08:07:49,0,18.6051,176558080,307900,43534494
2024-08-14 08:07:54,3.2,18.6051,176558080,307990,43534570
2024-08-14 08:08:00,3,18.6051,176558080,307990,43534570
2024-08-14 08:08:05,3.1,18.6029,176537600,308032,43534598
2024-08-14 08:08:10,0,18.6029,176537600,308482,43534978
2024-08-14 08:08:15,3.1,18.6029,176537600,308524,43535006
2024-08-14 08:08:20,0,18.6029,176537600,308524,43535006
2024-08-14 08:08:26,0,18.6029,176537600,308752,43535082
2024-08-14 08:08:31,0,18.6029,176537600,308752,43535082
2024-08-14 08:08:36,0,18.6021,176529408,308752,43535082
2024-08-14 08:08:41,0,18.6021,176529408,308842,43535158
2024-08-14 08:08:46,0,18.6021,176529408,308884,43535186
2024-08-14 08:08:52,3.1,18.6021,176529408,308884,43535186
2024-08-14 08:08:57,3,18.6293,176787456,308974,43535262
2024-08-14 08:09:02,6.2,18.653,177012736,311052,43537350
2024-08-14 08:09:07,0,18.653,177012736,311052,43537350
2024-08-14 08:09:13,3,18.653,177012736,311412,43537654
2024-08-14 08:09:18,6.1,18.653,177012736,311502,43537730
2024-08-14 08:09:23,6,18.653,177012736,311502,43537730
2024-08-14 08:09:28,3.1,18.653,177012736,311502,43537730
2024-08-14 08:09:33,0,18.653,177012736,311592,43537806
2024-08-14 08:09:38,6.2,18.653,177012736,311688,43537880
2024-08-14 08:09:44,0,18.653,177012736,311688,43537880
2024-08-14 08:09:49,0,18.653,177012736,311778,43537956
2024-08-14 08:09:54,3.1,18.653,177012736,311778,43537956
2024-08-14 08:09:59,3.2,18.653,177012736,311820,43537984
2024-08-14 08:10:04,0,18.653,177012736,311910,43538060
2024-08-14 08:10:10,3.2,18.653,177012736,311952,43538088
2024-08-14 08:10:15,0,18.653,177012736,312180,43538164
2024-08-14 08:10:20,3.1,18.653,177012736,312540,43538468
2024-08-14 08:10:25,3.2,18.6789,177258496,312540,43538468
2024-08-14 08:10:30,3.1,18.8149,178548736,312540,43538468
2024-08-14 08:10:36,3,19.0048,180350976,314666,43540604
2024-08-14 08:10:41,0,19.0048,180350976,314666,43540604
2024-08-14 08:10:46,0,19.0048,180350976,314666,43540604
2024-08-14 08:10:51,6,19.0043,180346880,314798,43540708
2024-08-14 08:10:56,0,19.0043,180346880,314798,43540708
2024-08-14 08:11:02,6.1,19.0587,180862976,314798,43540708
2024-08-14 08:11:07,6.2,19.0484,180764672,314888,43540784
2024-08-14 08:11:12,0,19.0484,180764672,314930,43540812
2024-08-14 08:11:17,6,19.0484,180764672,314930,43540812
2024-08-14 08:11:22,3,19.0479,180760576,315290,43541116
2024-08-14 08:11:28,3,19.1023,181276672,315380,43541192
2024-08-14 08:11:33,0,19.1023,181276672,315380,43541192
2024-08-14 08:11:38,3,19.1023,181276672,315380,43541192
2024-08-14 08:11:43,3.1,19.1023,181276672,315582,43541296
2024-08-14 08:11:48,3.1,19.1295,181534720,315624,43541324
2024-08-14 08:11:54,0,19.1567,181792768,315624,43541324
2024-08-14 08:11:59,3,19.1567,181792768,315714,43541400
2024-08-14 08:12:04,6.1,19.347,183599104,317888,43543460
2024-08-14 08:12:09,3.2,19.347,183599104,317888,43543460
2024-08-14 08:12:14,3,19.347,183599104,317978,43543536
2024-08-14 08:12:20,0,19.3466,183595008,317978,43543536
2024-08-14 08:12:25,3.2,19.3466,183595008,318068,43543612
2024-08-14 08:12:30,2.9,19.4269,184356864,318428,43543916
2024-08-14 08:12:35,6.1,19.4541,184614912,318470,43543944
2024-08-14 08:12:40,3,19.4541,184614912,318470,43543944
2024-08-14 08:12:46,3.1,19.4813,184872960,318602,43544048
2024-08-14 08:12:51,0,19.6155,186146816,318602,43544048
2024-08-14 08:12:56,6.2,19.6427,186404864,318602,43544048
2024-08-14 08:13:01,0,19.6427,186404864,318692,43544124
2024-08-14 08:13:06,2.9,19.6699,186662912,318932,43544204
2024-08-14 08:13:12,6.2,19.6971,186920960,318998,43544204
2024-08-14 08:13:17,3,19.6971,186920960,319088,43544280
2024-08-14 08:13:22,2.9,19.6971,186920960,319154,43544280
2024-08-14 08:13:27,3.2,19.6971,186920960,319154,43544280
2024-08-14 08:13:32,3,19.723,187166720,319604,43544660
2024-08-14 08:13:38,3.1,19.723,187166720,319712,43544688
2024-08-14 08:13:43,0,19.723,187166720,319754,43544716
2024-08-14 08:13:48,69.7,24.596,233410560,363649,43576453
2024-08-14 08:13:53,0,24.6629,234045440,598635,43751013
2024-08-14 08:13:58,3.1,24.6888,234291200,598635,43751013
2024-08-14 08:14:04,0,24.6888,234291200,600869,43753073
2024-08-14 08:14:09,3.2,24.6888,234291200,600959,43753149
2024-08-14 08:14:14,0,24.6888,234291200,601013,43753195
2024-08-14 08:14:19,3.1,24.6888,234291200,601013,43753195
2024-08-14 08:14:24,0,24.6888,234291200,601103,43753271
2024-08-14 08:14:30,0,24.6888,234291200,601103,43753271
2024-08-14 08:14:35,8.8,24.6888,234291200,601283,43753423
2024-08-14 08:14:40,3,24.6884,234287104,601637,43753707
2024-08-14 08:14:45,3,24.6884,234287104,601637,43753707
2024-08-14 08:14:50,3.2,24.8412,235737088,632215,43943790
2024-08-14 08:14:56,6.1,24.8412,235737088,632305,43943866
2024-08-14 08:15:01,0,24.8412,235737088,632305,43943866
2024-08-14 08:15:06,0,24.8403,235728896,632305,43943866
2024-08-14 08:15:11,3,24.8403,235728896,632395,43943942
2024-08-14 08:15:16,3.2,24.8403,235728896,632395,43943942
2024-08-14 08:15:22,3,24.8403,235728896,632395,43943942
2024-08-14 08:15:27,6.7,24.9279,236560384,730507,43994788
2024-08-14 08:15:32,3.1,19.5499,185524224,741766,44007182
2024-08-14 08:15:37,3.2,19.5499,185524224,741808,44007210
2024-08-14 08:15:42,0,19.5495,185520128,742258,44007590
2024-08-14 08:15:48,3.1,19.5495,185520128,742258,44007590
2024-08-14 08:15:53,0,19.5499,185524224,742396,44007590
2024-08-14 08:15:58,3.2,19.5499,185524224,742540,44007712
2024-08-14 08:16:03,0,19.5499,185524224,742582,44007740
2024-08-14 08:16:08,3,19.5499,185524224,742582,44007740
2024-08-14 08:16:14,6.1,19.5499,185524224,742582,44007740
2024-08-14 08:16:19,3,19.5499,185524224,742672,44007816
2024-08-14 08:16:24,0,19.5499,185524224,742672,44007816
2024-08-14 08:16:29,0,19.5499,185524224,742714,44007844
2024-08-14 08:16:34,0,19.5499,185524224,742804,44007920
2024-08-14 08:16:40,0,19.5503,185528320,742846,44007948
2024-08-14 08:16:45,0,19.5503,185528320,743116,44008176
2024-08-14 08:16:50,3.1,19.5503,185528320,743350,44008374
2024-08-14 08:16:55,3.1,19.5503,185528320,743350,44008374
2024-08-14 08:17:00,6.1,19.5503,185528320,745452,44010434
2024-08-14 08:17:06,3,19.5503,185528320,745542,44010510
2024-08-14 08:17:11,0,19.5503,185528320,745542,44010510
2024-08-14 08:17:16,3,19.5503,185528320,745542,44010510
2024-08-14 08:17:21,0,19.5503,185528320,745686,44010632
2024-08-14 08:17:26,0,19.5503,185528320,745728,44010660
2024-08-14 08:17:32,3.2,19.5503,185528320,745728,44010660
2024-08-14 08:17:37,3,19.5503,185528320,745818,44010736
2024-08-14 08:17:42,3.1,19.5503,185528320,745860,44010764
2024-08-14 08:17:47,6.1,19.5503,185528320,745998,44010764
2024-08-14 08:17:52,3.1,19.5503,185528320,746448,44011144
2024-08-14 08:17:58,3.2,19.5503,185528320,746448,44011144
2024-08-14 08:18:03,0,19.5745,185757696,746448,44011144
2024-08-14 08:18:08,0,19.5745,185757696,746538,44011220
2024-08-14 08:18:13,0,19.5745,185757696,746580,44011248
2024-08-14 08:18:18,0,19.5745,185757696,746580,44011248
2024-08-14 08:18:24,3,19.5745,185757696,746712,44011352
2024-08-14 08:18:29,0,19.5745,185757696,746712,44011352
2024-08-14 08:18:34,6.2,19.5741,185753600,746712,44011352
2024-08-14 08:18:39,5.9,19.5741,185753600,746712,44011352
2024-08-14 08:18:44,0,19.5736,185749504,746802,44011428
2024-08-14 08:18:50,0,19.5736,185749504,746844,44011456
2024-08-14 08:18:55,3.1,19.5736,185749504,747204,44011760
2024-08-14 08:19:00,9.7,19.5732,185745408,749594,44013896
2024-08-14 08:19:05,6.2,19.5732,185745408,749594,44013896
2024-08-14 08:19:10,3.2,19.5732,185745408,749594,44013896
2024-08-14 08:19:16,0,19.5732,185745408,749684,44013972
2024-08-14 08:19:21,0,19.5732,185745408,749726,44014000
2024-08-14 08:19:26,3.1,19.5732,185745408,749726,44014000
2024-08-14 08:19:31,3,19.5732,185745408,749816,44014076
2024-08-14 08:19:36,0,19.5732,185745408,749858,44014104
2024-08-14 08:19:42,3.1,19.5732,185745408,749996,44014104
2024-08-14 08:19:47,3.1,19.5732,185745408,750086,44014180
2024-08-14 08:19:52,0,19.6,185999360,750210,44014228
2024-08-14 08:19:57,3,19.6,185999360,750334,44014228
2024-08-14 08:20:02,0,19.5995,185995264,750424,44014304
2024-08-14 08:20:08,8.6,19.5995,185995264,750528,44014332
2024-08-14 08:20:13,6.1,19.5995,185995264,750528,44014332
2024-08-14 08:20:18,0,19.5995,185995264,750660,44014436
2024-08-14 08:20:23,2.9,19.5995,185995264,750722,44014436
2024-08-14 08:20:28,5.6,19.5995,185995264,750722,44014436
2024-08-14 08:20:34,3,19.5995,185995264,752902,44016618
2024-08-14 08:20:39,3.2,19.5995,185995264,752902,44016618
2024-08-14 08:20:44,6.2,19.5995,185995264,752902,44016618
2024-08-14 08:20:49,0,19.5995,185995264,752902,44016618
2024-08-14 08:20:54,3.1,19.5995,185995264,752992,44016694
2024-08-14 08:21:00,0,19.5995,185995264,753062,44016694
2024-08-14 08:21:05,3,19.5991,185991168,753422,44016998
2024-08-14 08:21:10,0,19.5991,185991168,753554,44017102
