2024-08-14 08:11:30,17.6,17.4658,165740544,188524,28982044
2024-08-14 08:11:35,3,18.6226,176717824,312465,45798968
2024-08-14 08:11:41,0,18.6769,177233920,312507,45798996
2024-08-14 08:11:46,3.2,18.7037,177487872,312957,45799376
2024-08-14 08:11:51,6,18.7037,177487872,312957,45799376
2024-08-14 08:11:56,0,18.7028,177479680,312957,45799376
2024-08-14 08:12:01,3.2,18.7028,177479680,313047,45799452
2024-08-14 08:12:07,0,18.7028,177479680,313089,45799480
2024-08-14 08:12:12,2.9,18.7028,177479680,313089,45799480
2024-08-14 08:12:17,3.1,18.7296,177733632,313179,45799556
2024-08-14 08:12:22,3.1,18.7296,177733632,313179,45799556
2024-08-14 08:12:28,3.2,18.7296,177733632,313179,45799556
2024-08-14 08:12:33,0,18.7296,177733632,313179,45799556
2024-08-14 08:12:38,3,18.7555,177979392,313449,45799660
2024-08-14 08:12:43,3,18.7555,177979392,313491,45799688
2024-08-14 08:12:48,3.1,18.7555,177979392,313671,45799840
2024-08-14 08:12:54,3,18.7551,177975296,313941,45800068
2024-08-14 08:12:59,3.1,18.7551,177975296,313941,45800068
2024-08-14 08:13:04,0,18.7551,177975296,313995,45800114
2024-08-14 08:13:09,5.8,18.7827,178237440,316253,45802250
2024-08-14 08:13:14,3.1,18.7827,178237440,316253,45802250
2024-08-14 08:13:20,5.9,18.7827,178237440,316253,45802250
2024-08-14 08:13:25,0,18.7827,178237440,316343,45802326
2024-08-14 08:13:30,3.2,18.7827,178237440,316343,45802326
2024-08-14 08:13:35,3.1,18.7827,178237440,316385,45802354
2024-08-14 08:13:40,3,18.7827,178237440,316475,45802430
2024-08-14 08:13:46,6,18.7827,178237440,316517,45802458
2024-08-14 08:13:51,2.9,18.7827,178237440,316607,45802534
2024-08-14 08:13:56,26.4,21.0933,200163328,317324,45803628
2024-08-14 08:14:01,23.5,24.2256,229888000,346394,45826696
2024-08-14 08:14:07,28.6,24.3033,230625280,390581,45853883
2024-08-14 08:14:12,9.1,24.3007,230600704,410838,45866685
2024-08-14 08:14:17,21.2,24.3266,230846464,435980,45879304
2024-08-14 08:14:22,16.1,24.3262,230842368,503172,45920963
2024-08-14 08:14:28,32.3,24.3236,230817792,545359,45949503
2024-08-14 08:14:33,21.2,24.3279,230858752,591009,45996973
2024-08-14 08:14:38,0,24.3646,231206912,611150,46032132
2024-08-14 08:14:43,0,24.3646,231206912,611240,46032208
2024-08-14 08:14:48,0,24.3646,231206912,611294,46032300
2024-08-14 08:14:54,0,24.3646,231206912,611294,46032300
2024-08-14 08:14:59,63.6,25.2076,239206400,631765,46156338
2024-08-14 08:15:04,3.1,25.224,239362048,642520,46222713
2024-08-14 08:15:09,6,25.2741,239837184,644556,46224773
2024-08-14 08:15:14,5.9,25.2741,239837184,644556,46224773
2024-08-14 08:15:20,3.1,25.2741,239837184,644646,46224849
2024-08-14 08:15:25,3.2,25.2741,239837184,644646,46224849
2024-08-14 08:15:30,8.8,25.2741,239837184,644688,46224877
2024-08-14 08:15:35,3,25.4101,241127424,667218,46228708
2024-08-14 08:15:41,3.1,25.4644,241643520,669235,46230800
2024-08-14 08:15:46,0,25.4644,241643520,679461,46236428
2024-08-14 08:15:51,3,25.4644,241643520,680483,46237649
2024-08-14 08:15:56,16.1,25.4575,241577984,700673,46253129
2024-08-14 08:16:01,6.1,25.4472,241479680,730698,46269083
2024-08-14 08:16:07,0,25.4459,241467392,741474,46275435
2024-08-14 08:16:12,3,17.9898,170713088,746584,46283111
2024-08-14 08:16:17,0,17.9911,170725376,746584,46283111
2024-08-14 08:16:22,0,17.9911,170725376,746716,46283215
2024-08-14 08:16:27,0,18.0998,171757568,746854,46283215
2024-08-14 08:16:33,3.2,18.127,172015616,746854,46283215
2024-08-14 08:16:38,0,18.1171,171921408,746944,46283291
2024-08-14 08:16:43,3,18.1175,171925504,746986,46283319
2024-08-14 08:16:48,6.1,18.1175,171925504,746986,46283319
2024-08-14 08:16:53,3,18.1175,171925504,747076,46283395
2024-08-14 08:16:59,0,18.1175,171925504,747076,46283395
2024-08-14 08:17:04,2.9,18.1175,171925504,747166,46283471
2024-08-14 08:17:09,5.4,18.1175,171925504,747526,46283775
2024-08-14 08:17:14,0,18.1175,171925504,747568,46283803
2024-08-14 08:17:19,5.9,18.1175,171925504,747610,46283831
2024-08-14 08:17:25,0,18.1447,172183552,747700,46283907
2024-08-14 08:17:30,3.2,18.1447,172183552,747700,46283907
2024-08-14 08:17:35,0,18.1991,172699648,747700,46283907
2024-08-14 08:17:40,3.2,18.1991,172699648,747790,46283983
2024-08-14 08:17:45,0,18.1987,172695552,747832,46284011
2024-08-14 08:17:51,0,18.3075,173727744,747886,46284071
2024-08-14 08:17:56,0,18.3075,173727744,747886,46284071
2024-08-14 08:18:01,6.1,18.3075,173727744,747976,46284147
2024-08-14 08:18:06,3.1,18.3075,173727744,747976,46284147
2024-08-14 08:18:11,0,18.386,174473216,750282,46286435
2024-08-14 08:18:17,0,18.386,174473216,750642,46286615
2024-08-14 08:18:22,0,18.386,174473216,750642,46286615
2024-08-14 08:18:27,3.1,18.522,175763456,750642,46286615
2024-08-14 08:18:32,0,18.522,175763456,750732,46286691
2024-08-14 08:18:37,3.2,18.6303,176791552,750802,46286691
2024-08-14 08:18:42,0,18.6575,177049600,750802,46286691
2024-08-14 08:18:48,0,18.6575,177049600,750892,46286767
2024-08-14 08:18:53,3.1,18.6575,177049600,750934,46286795
2024-08-14 08:18:58,0,18.6575,177049600,750934,46286795
2024-08-14 08:19:03,3,18.6571,177045504,751024,46286871
2024-08-14 08:19:08,3,18.6571,177045504,751024,46286871
2024-08-14 08:19:14,0,18.6571,177045504,751210,46287021
2024-08-14 08:19:19,3.1,18.6571,177045504,751612,46287353
2024-08-14 08:19:24,6.2,18.6843,177303552,751666,46287399
2024-08-14 08:19:29,0,18.8202,178593792,751666,46287399
2024-08-14 08:19:35,0,18.8746,179109888,751756,46287475
2024-08-14 08:19:40,3,18.9562,179884032,751756,46287475
2024-08-14 08:19:45,2.9,18.9834,180142080,751756,46287475
2024-08-14 08:19:50,0,19.0909,181161984,751846,46287551
2024-08-14 08:19:55,0,19.2536,182706176,751888,46287579
2024-08-14 08:20:00,8.6,19.3611,183726080,751888,46287579
2024-08-14 08:20:06,3.1,16.7967,159391744,752116,46287655
2024-08-14 08:20:11,0,17.1727,162959360,754194,46289743
2024-08-14 08:20:16,3.1,17.1727,162959360,754194,46289743
2024-08-14 08:20:21,0,17.2815,163991552,754194,46289743
2024-08-14 08:20:26,3,17.4433,165527552,754428,46289941
2024-08-14 08:20:32,0,17.6307,167305216,754428,46289941
2024-08-14 08:20:37,3.2,17.7381,168325120,754428,46289941
2024-08-14 08:20:42,0,17.9285,170131456,754572,46290063
2024-08-14 08:20:47,3,17.9557,170389504,754614,46290091
2024-08-14 08:20:52,0,17.9574,170405888,754614,46290091
2024-08-14 08:20:58,3.2,17.9574,170405888,754704,46290167
2024-08-14 08:21:03,0,18.1206,171954176,754704,46290167
2024-08-14 08:21:08,0,18.2837,173502464,754746,46290195
2024-08-14 08:21:13,0,18.3653,174276608,754836,46290271
2024-08-14 08:21:18,3.1,18.3653,174276608,754878,46290299
2024-08-14 08:21:24,3,18.4193,174788608,754968,46290375
2024-08-14 08:21:29,3.2,18.5,175554560,755328,46290679
2024-08-14 08:21:34,3.1,18.5272,175812608,755328,46290679
2024-08-14 08:21:39,0,18.5272,175812608,755328,46290679
2024-08-14 08:21:44,0,18.6346,176832512,755418,46290755
2024-08-14 08:21:50,3.1,18.6618,177090560,755514,46290897
2024-08-14 08:21:55,0,18.6618,177090560,755514,46290897
