2024-08-14 08:08:48,20.5,17.6939,167911424,187423,35076519
2024-08-14 08:08:54,6.2,17.8782,169660416,255848,43130423
2024-08-14 08:08:59,3.1,17.8782,169660416,255848,43130423
2024-08-14 08:09:04,0,17.8782,169660416,255848,43130423
2024-08-14 08:09:09,0,17.8782,169660416,255938,43130499
2024-08-14 08:09:14,3,17.9589,170426368,255938,43130499
2024-08-14 08:09:20,8.3,17.9861,170684416,255938,43130499
2024-08-14 08:09:25,3,17.9861,170684416,256388,43130879
2024-08-14 08:09:30,6.1,17.9861,170684416,256430,43130907
2024-08-14 08:09:35,0,18.0405,171200512,256430,43130907
2024-08-14 08:09:41,3.2,18.0677,171458560,256430,43130907
2024-08-14 08:09:46,3,18.066,171442176,256520,43130983
2024-08-14 08:09:51,2.9,18.0932,171700224,256562,43131011
2024-08-14 08:09:56,0,18.1204,171958272,256562,43131011
2024-08-14 08:10:01,0,18.1204,171958272,256652,43131087
2024-08-14 08:10:07,0,18.1204,171958272,256694,43131115
2024-08-14 08:10:12,6.1,18.1199,171954176,256694,43131115
2024-08-14 08:10:17,3.2,18.1199,171954176,256838,43131237
2024-08-14 08:10:22,0,18.1199,171954176,256838,43131237
2024-08-14 08:10:27,3,18.1199,171954176,257108,43131465
2024-08-14 08:10:33,2.9,18.1195,171950080,257468,43131645
2024-08-14 08:10:38,3.1,18.1441,172183552,259504,43133703
2024-08-14 08:10:43,6.1,18.1704,172433408,259546,43133731
2024-08-14 08:10:48,5.7,18.17,172429312,259636,43133807
2024-08-14 08:10:53,5.8,18.17,172429312,259636,43133807
2024-08-14 08:10:59,0,18.17,172429312,259636,43133807
2024-08-14 08:11:04,0,18.1704,172433408,259726,43133883
2024-08-14 08:11:09,0,18.1976,172691456,259768,43133911
2024-08-14 08:11:14,3.1,18.1976,172691456,259838,43133911
2024-08-14 08:11:19,3.2,18.2248,172949504,259928,43133987
2024-08-14 08:11:25,0,18.252,173207552,259928,43133987
2024-08-14 08:11:30,3.2,18.2792,173465600,259928,43133987
2024-08-14 08:11:35,0,18.3038,173699072,260378,43134367
2024-08-14 08:11:40,0,18.3038,173699072,260462,43134423
2024-08-14 08:11:46,3,18.331,173957120,260578,43134469
2024-08-14 08:11:51,3.1,18.4385,174977024,260784,43134545
2024-08-14 08:11:56,3.1,18.4657,175235072,260784,43134545
2024-08-14 08:12:01,0,18.5196,175747072,260842,43134545
2024-08-14 08:12:07,6.1,18.6012,176521216,260932,43134621
2024-08-14 08:12:12,3.1,18.6012,176521216,260974,43134649
2024-08-14 08:12:17,3,18.6012,176521216,261032,43134649
2024-08-14 08:12:22,3,18.6012,176521216,261032,43134649
2024-08-14 08:12:27,0,18.6012,176521216,261260,43134725
2024-08-14 08:12:33,3.1,18.6012,176521216,261260,43134725
2024-08-14 08:12:38,0,18.599,176500736,263674,43137039
2024-08-14 08:12:43,3.1,18.599,176500736,263854,43137191
2024-08-14 08:12:48,3.2,18.5995,176504832,263854,43137191
2024-08-14 08:12:53,0,18.5995,176504832,263854,43137191
2024-08-14 08:12:59,3.1,18.599,176500736,263944,43137267
2024-08-14 08:13:04,3.1,18.5995,176504832,263944,43137267
2024-08-14 08:13:09,6.1,18.5995,176504832,263944,43137267
2024-08-14 08:13:14,3.1,18.5995,176504832,264034,43137343
2024-08-14 08:13:19,0,18.599,176500736,264076,43137371
2024-08-14 08:13:25,3,18.599,176500736,264076,43137371
2024-08-14 08:13:30,0,18.599,176500736,264166,43137447
2024-08-14 08:13:35,3.2,18.6262,176758784,264208,43137475
2024-08-14 08:13:40,6.1,18.7078,177532928,264298,43137551
2024-08-14 08:13:45,3.1,18.735,177790976,264658,43137855
2024-08-14 08:13:51,0,18.7622,178049024,264700,43137883
2024-08-14 08:13:56,10,24.0863,228573184,308427,43168192
2024-08-14 08:14:01,13.5,24.1911,229568512,349613,43198106
2024-08-14 08:14:07,12.5,24.1911,229568512,380568,43212806
2024-08-14 08:14:12,6.2,24.2015,229666816,500833,43302762
2024-08-14 08:14:17,5.9,24.34,230981632,540907,43343052
2024-08-14 08:14:22,0,24.3923,231477248,547045,43355692
2024-08-14 08:14:27,3.1,24.3927,231481344,547331,43355752
2024-08-14 08:14:33,3.1,24.3918,231473152,547611,43355856
2024-08-14 08:14:38,0,24.3918,231473152,549779,43357914
2024-08-14 08:14:43,3.1,24.3918,231473152,549907,43358006
2024-08-14 08:14:48,3.1,24.3918,231473152,550321,43358356
2024-08-14 08:14:53,3,24.3897,231452672,550411,43358432
2024-08-14 08:14:59,0,24.7328,234708992,581655,43548517
2024-08-14 08:15:04,5.8,24.7328,234708992,581697,43548545
2024-08-14 08:15:09,5.8,24.7315,234696704,581841,43548713
2024-08-14 08:15:14,0,24.7315,234696704,581841,43548713
2024-08-14 08:15:20,3.1,24.7315,234696704,581841,43548713
2024-08-14 08:15:25,0,24.7328,234708992,582081,43548913
2024-08-14 08:15:30,45.2,24.9232,236515328,604521,43552668
2024-08-14 08:15:35,3,24.9232,236515328,616961,43560544
2024-08-14 08:15:40,0,24.9232,236515328,618870,43561973
2024-08-14 08:15:46,3.1,24.9232,236515328,628504,43568846
2024-08-14 08:15:51,3.2,24.9214,236498944,629546,43569803
2024-08-14 08:15:56,0,24.9094,236384256,648065,43583392
2024-08-14 08:16:01,22.8,24.9055,236347392,676152,43598151
2024-08-14 08:16:06,14.3,24.902,236314624,695855,43611112
2024-08-14 08:16:12,0,19.1429,181661696,701055,43618651
2024-08-14 08:16:17,3.1,19.2245,182435840,701235,43618679
2024-08-14 08:16:22,3.1,19.2788,182951936,701277,43618707
2024-08-14 08:16:27,3.1,19.2788,182951936,701367,43618783
2024-08-14 08:16:32,3.1,19.2788,182951936,701367,43618783
2024-08-14 08:16:38,0,19.3604,183726080,701367,43618783
2024-08-14 08:16:43,0,19.4692,184758272,701457,43618859
2024-08-14 08:16:48,0,16.8436,159842304,701499,43618887
2024-08-14 08:16:53,0,16.898,160358400,701553,43618933
2024-08-14 08:16:58,8.6,16.9783,161120256,702003,43619313
2024-08-14 08:17:04,0,17.0871,162152448,702003,43619313
2024-08-14 08:17:09,3,17.2489,163688448,702003,43619313
2024-08-14 08:17:14,3,17.2761,163946496,702003,43619313
2024-08-14 08:17:19,0,17.3305,164462592,702135,43619417
2024-08-14 08:17:24,0,17.3305,164462592,702177,43619445
2024-08-14 08:17:30,3.2,17.4121,165236736,702177,43619445
2024-08-14 08:17:35,3.2,17.4634,165724160,704369,43621579
2024-08-14 08:17:40,6.1,17.4634,165724160,704369,43621579
2024-08-14 08:17:45,0,17.4634,165724160,704369,43621579
2024-08-14 08:17:51,3,17.4634,165724160,704459,43621655
2024-08-14 08:17:56,0,17.4634,165724160,704459,43621655
2024-08-14 08:18:01,2.9,17.4634,165724160,704729,43621883
2024-08-14 08:18:06,3,17.4634,165724160,704909,43622035
2024-08-14 08:18:11,0,17.4634,165724160,705047,43622035
2024-08-14 08:18:17,3.2,17.4634,165724160,705089,43622063
2024-08-14 08:18:22,0,17.463,165720064,705179,43622139
2024-08-14 08:18:27,3,17.463,165720064,705221,43622167
2024-08-14 08:18:32,0,17.463,165720064,705221,43622167
2024-08-14 08:18:38,0,17.4889,165965824,705311,43622243
2024-08-14 08:18:43,0,17.4889,165965824,705311,43622243
2024-08-14 08:18:48,3,17.6249,167256064,705365,43622289
2024-08-14 08:18:53,3.1,17.8135,169046016,705455,43622365
2024-08-14 08:18:58,0,17.8402,169299968,705455,43622365
2024-08-14 08:19:04,0,17.8411,169308160,705545,43622441
2024-08-14 08:19:09,2.9,17.8411,169308160,705947,43622773
2024-08-14 08:19:14,0,17.8411,169308160,705989,43622801
2024-08-14 08:19:19,2.9,17.8955,169824256,706059,43622801
2024-08-14 08:19:24,3,17.8955,169824256,706149,43622877
2024-08-14 08:19:30,0,17.8955,169824256,706149,43622877
2024-08-14 08:19:35,3.1,17.8933,169803776,708383,43624935
2024-08-14 08:19:40,3.1,17.8933,169803776,708473,43625011
2024-08-14 08:19:45,0,17.8933,169803776,708473,43625011
2024-08-14 08:19:50,3,17.9205,170061824,708473,43625011
2024-08-14 08:19:56,3.2,17.9477,170319872,708473,43625011
2024-08-14 08:20:01,0,17.9473,170315776,708563,43625087
2024-08-14 08:20:06,0,17.9473,170315776,708743,43625115
2024-08-14 08:20:11,0,17.9473,170315776,708743,43625115
2024-08-14 08:20:17,0,17.9473,170315776,708833,43625191
2024-08-14 08:20:22,0,17.9473,170315776,708875,43625219
2024-08-14 08:20:27,3.2,17.9473,170315776,708875,43625219
2024-08-14 08:20:32,0,17.9732,170561536,708965,43625295
2024-08-14 08:20:37,5.8,17.9732,170561536,709019,43625341
2024-08-14 08:20:43,5.8,17.9732,170561536,709019,43625341
2024-08-14 08:20:48,5.8,17.9732,170561536,709109,43625417
2024-08-14 08:20:53,0,18.0004,170819584,709109,43625417
2024-08-14 08:20:58,3.2,18.2447,173137920,711211,43627475
2024-08-14 08:21:03,3,18.2447,173137920,711343,43627579
2024-08-14 08:21:09,6,18.2706,173383680,711397,43627625
2024-08-14 08:21:14,3.2,18.2706,173383680,711667,43627853
2024-08-14 08:21:19,6,18.2706,173383680,711847,43628005
2024-08-14 08:21:24,0,18.2701,173379584,711847,43628005
2024-08-14 08:21:29,3.2,18.2701,173379584,711847,43628005
2024-08-14 08:21:35,6.2,18.2973,173637632,711937,43628081
