2024-08-14 08:06:07,16.6,17.8421,169316352,183014,28928204
2024-08-14 08:06:12,0,18.3449,174088192,287049,43518920
2024-08-14 08:06:17,0,18.3449,174088192,287049,43518920
2024-08-14 08:06:23,3.1,18.4265,174862336,287139,43518996
2024-08-14 08:06:28,0,18.5352,175894528,287209,43518996
2024-08-14 08:06:33,3.1,18.644,176926720,287347,43518996
2024-08-14 08:06:38,3,18.6712,177184768,287437,43519072
2024-08-14 08:06:43,3.1,18.6712,177184768,287521,43519128
2024-08-14 08:06:49,0,18.6712,177184768,287521,43519128
2024-08-14 08:06:54,5.8,18.6712,177184768,287611,43519204
2024-08-14 08:06:59,6.1,18.6712,177184768,287611,43519204
2024-08-14 08:07:04,0,18.6712,177184768,287611,43519204
2024-08-14 08:07:09,0,18.6712,177184768,288061,43519584
2024-08-14 08:07:15,3.2,18.669,177164288,288103,43519612
2024-08-14 08:07:20,6.1,18.669,177164288,288103,43519612
2024-08-14 08:07:25,3,18.669,177164288,288193,43519688
2024-08-14 08:07:30,3,18.6695,177168384,288193,43519688
2024-08-14 08:07:35,3.1,18.9686,180006912,290295,43521748
2024-08-14 08:07:41,0,18.9954,180260864,290427,43521852
2024-08-14 08:07:46,0,19.0225,180518912,290427,43521852
2024-08-14 08:07:51,5.8,19.0769,181035008,290427,43521852
2024-08-14 08:07:56,3.1,19.0769,181035008,290517,43521928
2024-08-14 08:08:01,0,19.0769,181035008,290559,43521956
2024-08-14 08:08:07,0,19.0769,181035008,290559,43521956
2024-08-14 08:08:12,0,19.1041,181293056,290919,43522260
2024-08-14 08:08:17,3,19.1313,181551104,291009,43522336
2024-08-14 08:08:22,3.2,19.3471,183599104,291009,43522336
2024-08-14 08:08:27,3.2,19.3471,183599104,291147,43522336
2024-08-14 08:08:33,3.1,19.3994,184094720,291237,43522412
2024-08-14 08:08:38,3.1,16.8506,159907840,291321,43522468
2024-08-14 08:08:43,3,17.0125,161443840,291321,43522468
2024-08-14 08:08:48,2.9,17.0397,161701888,291411,43522544
2024-08-14 08:08:53,3.1,17.0928,162205696,291411,43522544
2024-08-14 08:08:59,0,17.1743,162979840,291411,43522544
2024-08-14 08:09:04,3,17.2576,163770368,291501,43522620
2024-08-14 08:09:09,3.2,17.4204,165314560,291543,43522648
2024-08-14 08:09:14,5.9,17.4204,165314560,291723,43522800
2024-08-14 08:09:19,3.1,17.4475,165572608,291993,43523028
2024-08-14 08:09:25,0,17.4475,165572608,291993,43523028
2024-08-14 08:09:30,0,17.4475,165572608,291993,43523028
2024-08-14 08:09:35,0,17.5257,166313984,294227,43525192
2024-08-14 08:09:40,3.1,17.5257,166313984,294269,43525220
2024-08-14 08:09:45,0,17.5257,166313984,294269,43525220
2024-08-14 08:09:51,3.1,17.5524,166567936,294359,43525296
2024-08-14 08:09:56,0,17.5796,166825984,294359,43525296
2024-08-14 08:10:01,5.8,17.6068,167084032,294429,43525296
2024-08-14 08:10:06,3,17.6068,167084032,294519,43525372
2024-08-14 08:10:12,0,17.6068,167084032,294699,43525400
2024-08-14 08:10:17,6,17.6068,167084032,294699,43525400
2024-08-14 08:10:22,8.6,17.6336,167337984,295149,43525780
2024-08-14 08:10:27,0,17.6603,167591936,295149,43525780
2024-08-14 08:10:32,0,17.6603,167591936,295191,43525808
2024-08-14 08:10:38,3,17.6862,167837696,295191,43525808
2024-08-14 08:10:43,6.1,17.6862,167837696,295281,43525884
2024-08-14 08:10:48,3.1,17.6862,167837696,295323,43525912
2024-08-14 08:10:53,0,17.6862,167837696,295323,43525912
2024-08-14 08:10:58,6,17.7393,168341504,295413,43525988
2024-08-14 08:11:04,3.1,17.7393,168341504,295413,43525988
2024-08-14 08:11:09,0,17.7393,168341504,295413,43525988
2024-08-14 08:11:14,3.2,17.7553,168493056,295503,43526064
2024-08-14 08:11:19,0,17.7553,168493056,295545,43526092
2024-08-14 08:11:24,0,17.7549,168488960,295767,43526272
2024-08-14 08:11:30,0,17.7549,168488960,296037,43526500
2024-08-14 08:11:35,3,17.9159,170016768,298337,43528560
2024-08-14 08:11:40,0,17.9159,170016768,298337,43528560
2024-08-14 08:11:45,0,17.9159,170016768,298427,43528636
2024-08-14 08:11:50,3.1,17.915,170008576,298427,43528636
2024-08-14 08:11:56,0,17.9422,170266624,298481,43528682
2024-08-14 08:12:01,0,18.051,171298816,298571,43528758
2024-08-14 08:12:06,6.2,18.2141,172847104,298613,43528786
2024-08-14 08:12:11,0,18.2141,172847104,298751,43528786
2024-08-14 08:12:16,3.2,18.2141,172847104,298841,43528862
2024-08-14 08:12:22,0,18.2141,172847104,298883,43528890
2024-08-14 08:12:27,0,18.294,173604864,298973,43528966
2024-08-14 08:12:32,0,18.294,173604864,299375,43529298
2024-08-14 08:12:37,3.2,18.3203,173854720,299375,43529298
2024-08-14 08:12:42,3,18.5106,175661056,299375,43529298
2024-08-14 08:12:48,0,18.5098,175652864,299465,43529374
2024-08-14 08:12:53,6.2,18.5098,175652864,299465,43529374
2024-08-14 08:12:58,0,18.537,175910912,299465,43529374
2024-08-14 08:13:03,6.1,18.537,175910912,299465,43529374
2024-08-14 08:13:08,6,18.537,175910912,299555,43529450
2024-08-14 08:13:13,2.9,18.537,175910912,299597,43529478
2024-08-14 08:13:19,0,18.6457,176943104,299693,43529552
2024-08-14 08:13:24,6.2,18.9436,179769344,299783,43529628
2024-08-14 08:13:29,3.1,18.9703,180023296,299783,43529628
2024-08-14 08:13:34,0,19.3208,183349248,302263,43531788
2024-08-14 08:13:39,5.9,19.4563,184635392,302533,43532016
2024-08-14 08:13:45,3,19.4563,184635392,302533,43532016
2024-08-14 08:13:50,93.7,23.975,227516416,404425,43595465
2024-08-14 08:13:55,0,24.0156,227901440,581246,43738880
2024-08-14 08:14:00,3.2,24.0156,227901440,581246,43738880
2024-08-14 08:14:05,0,24.0156,227901440,581384,43738880
2024-08-14 08:14:11,5.8,24.0415,228147200,581474,43738956
2024-08-14 08:14:16,3,24.0687,228405248,581516,43738984
2024-08-14 08:14:21,3.2,24.1218,228909056,581516,43738984
2024-08-14 08:14:26,0,24.1218,228909056,581606,43739060
2024-08-14 08:14:31,5.9,24.1218,228909056,581648,43739088
2024-08-14 08:14:37,0,24.1218,228909056,581738,43739164
2024-08-14 08:14:42,3,24.1213,228904960,582098,43739468
2024-08-14 08:14:47,0,24.1213,228904960,582098,43739468
2024-08-14 08:14:52,0,24.682,234225664,612607,43929552
2024-08-14 08:14:57,3.1,24.682,234225664,612697,43929628
2024-08-14 08:15:03,3.1,24.682,234225664,612697,43929628
2024-08-14 08:15:08,5.7,24.682,234225664,612697,43929628
2024-08-14 08:15:13,0,24.682,234225664,612829,43929732
2024-08-14 08:15:18,0,24.682,234225664,612829,43929732
2024-08-14 08:15:23,66.7,24.682,234225664,615426,43931086
2024-08-14 08:15:29,10,24.8542,235859968,699168,43972840
2024-08-14 08:15:34,6.2,24.8508,235827200,718518,43986700
2024-08-14 08:15:39,0,24.8508,235827200,718650,43986920
2024-08-14 08:15:44,3.1,24.8499,235819008,722490,43988740
2024-08-14 08:15:49,0,24.8499,235819008,722580,43988816
2024-08-14 08:15:55,6.5,24.8499,235819008,724701,43991111
2024-08-14 08:16:00,0,18.8205,178601984,731756,43999263
2024-08-14 08:16:05,0,18.9552,179879936,731978,43999443
2024-08-14 08:16:10,5.8,18.9824,180137984,732020,43999471
2024-08-14 08:16:15,2.9,18.9824,180137984,732020,43999471
2024-08-14 08:16:21,6.2,19.064,180912128,732110,43999547
2024-08-14 08:16:26,3,19.2543,182718464,732110,43999547
2024-08-14 08:16:31,3.1,19.2543,182718464,732110,43999547
2024-08-14 08:16:36,3.2,19.2802,182964224,732200,43999623
2024-08-14 08:16:41,3,19.3074,183222272,732242,43999651
2024-08-14 08:16:47,0,19.3346,183480320,732422,43999803
2024-08-14 08:16:52,3.2,16.7526,158978048,732692,44000031
2024-08-14 08:16:57,3.1,16.8601,159997952,732692,44000031
2024-08-14 08:17:02,3.2,16.9141,160509952,732788,44000105
2024-08-14 08:17:07,3.2,16.9684,161026048,732920,44000209
2024-08-14 08:17:13,3.2,16.9684,161026048,732920,44000209
2024-08-14 08:17:18,3.2,16.9956,161284096,732990,44000209
2024-08-14 08:17:23,3.2,16.9956,161284096,733080,44000285
2024-08-14 08:17:28,0,17.05,161800192,733080,44000285
2024-08-14 08:17:33,3.2,17.5283,166338560,735248,44002345
2024-08-14 08:17:39,3.1,17.5283,166338560,735338,44002421
2024-08-14 08:17:44,3.1,17.6094,167108608,735338,44002421
2024-08-14 08:17:49,0,17.691,167882752,735338,44002421
2024-08-14 08:17:54,6,17.7182,168140800,735926,44002801
2024-08-14 08:17:59,0,17.9344,170192896,735968,44002829
2024-08-14 08:18:05,0,17.9892,170713088,735968,44002829
2024-08-14 08:18:10,3.1,18.0164,170971136,735968,44002829
2024-08-14 08:18:15,0,18.0164,170971136,736112,44002951
2024-08-14 08:18:20,0,18.0436,171229184,736112,44002951
2024-08-14 08:18:25,3.2,18.0708,171487232,736112,44002951
2024-08-14 08:18:31,3.1,18.0708,171487232,736202,44003027
2024-08-14 08:18:36,5.8,18.098,171745280,736244,44003055
2024-08-14 08:18:41,0,18.0976,171741184,736298,44003101
2024-08-14 08:18:46,6,18.0967,171732992,736388,44003177
2024-08-14 08:18:51,0,18.0967,171732992,736388,44003177
2024-08-14 08:18:57,2.9,18.0967,171732992,736610,44003357
2024-08-14 08:19:02,3.2,18.0967,171732992,736880,44003585
2024-08-14 08:19:07,0,18.0967,171732992,736880,44003585
2024-08-14 08:19:12,6,18.0967,171732992,736880,44003585
2024-08-14 08:19:17,3.1,18.0967,171732992,736970,44003661
2024-08-14 08:19:23,3.1,18.0967,171732992,736970,44003661
2024-08-14 08:19:28,5.8,18.0967,171732992,736970,44003661
2024-08-14 08:19:33,3,18.0967,171732992,739228,44005797
2024-08-14 08:19:38,3.2,18.0967,171732992,739228,44005797
2024-08-14 08:19:43,3.2,18.0967,171732992,739228,44005797
2024-08-14 08:19:49,3.2,18.0967,171732992,739318,44005873
2024-08-14 08:19:54,3,18.0967,171732992,739498,44005901
2024-08-14 08:19:59,3.2,18.1239,171991040,739498,44005901
2024-08-14 08:20:04,3.1,18.1511,172249088,739588,44005977
2024-08-14 08:20:09,0,18.1783,172507136,739588,44005977
2024-08-14 08:20:15,3.1,18.2055,172765184,739588,44005977
2024-08-14 08:20:20,3,18.205,172761088,739678,44006053
2024-08-14 08:20:25,6,18.205,172761088,739720,44006081
2024-08-14 08:20:30,3.1,18.205,172761088,739720,44006081
2024-08-14 08:20:35,3.1,18.205,172761088,739810,44006157
2024-08-14 08:20:41,5.8,18.205,172761088,739810,44006157
2024-08-14 08:20:46,3.2,18.205,172761088,739810,44006157
2024-08-14 08:20:51,3.2,18.2322,173019136,739852,44006185
2024-08-14 08:20:56,3.1,18.2594,173277184,739942,44006261
2024-08-14 08:21:02,3.1,18.2594,173277184,739942,44006261
2024-08-14 08:21:07,0,18.2594,173277184,740122,44006413
2024-08-14 08:21:12,3.1,18.2594,173277184,740392,44006641
2024-08-14 08:21:17,2.9,18.2594,173277184,740392,44006641
