2024-08-14 08:04:39,6.4,17.9262,170115072,167284,26153379
2024-08-14 08:04:44,0,19.1447,181678080,320691,43015763
2024-08-14 08:04:49,0,19.1447,181678080,320781,43015839
2024-08-14 08:04:54,6.1,19.1991,182194176,320781,43015839
2024-08-14 08:05:00,3.2,19.1991,182194176,320781,43015839
2024-08-14 08:05:05,0,19.1982,182185984,320871,43015915
2024-08-14 08:05:10,0,19.1982,182185984,320871,43015915
2024-08-14 08:05:15,6.2,19.1982,182185984,320913,43015943
2024-08-14 08:05:20,3.1,19.3881,183988224,321003,43016019
2024-08-14 08:05:25,3.1,19.4425,184504320,321045,43016047
2024-08-14 08:05:31,0,19.4969,185020416,321045,43016047
2024-08-14 08:05:36,0,19.5785,185794560,321135,43016123
2024-08-14 08:05:41,6.2,19.7403,187330560,321135,43016123
2024-08-14 08:05:46,3.1,19.7675,187588608,321135,43016123
2024-08-14 08:05:51,3.2,19.7671,187584512,321585,43016503
2024-08-14 08:05:57,0,19.7671,187584512,321585,43016503
2024-08-14 08:06:02,0,19.7943,187842560,321585,43016503
2024-08-14 08:06:07,0,19.957,189386752,321675,43016579
2024-08-14 08:06:12,3.2,19.9842,189644800,321897,43016635
2024-08-14 08:06:17,3.1,19.9842,189644800,321897,43016635
2024-08-14 08:06:22,0,19.9842,189644800,321987,43016711
2024-08-14 08:06:28,0,19.9842,189644800,322041,43016757
2024-08-14 08:06:33,0,20.033,190107648,324077,43018816
2024-08-14 08:06:38,0,20.0334,190111744,324167,43018892
2024-08-14 08:06:43,6.1,20.0334,190111744,324167,43018892
2024-08-14 08:06:48,3.2,20.0606,190369792,324167,43018892
2024-08-14 08:06:53,3.2,20.0606,190369792,324417,43019044
2024-08-14 08:06:59,0,20.0606,190369792,324687,43019272
2024-08-14 08:07:04,0,20.115,190885888,324687,43019272
2024-08-14 08:07:09,0,20.2768,192421888,324729,43019300
2024-08-14 08:07:14,3.2,20.4672,194228224,324819,43019376
2024-08-14 08:07:19,3.2,20.4944,194486272,324861,43019404
2024-08-14 08:07:25,0,20.4944,194486272,324861,43019404
2024-08-14 08:07:30,0,20.494,194482176,324951,43019480
2024-08-14 08:07:35,0,20.4901,194445312,325059,43019572
2024-08-14 08:07:40,0,20.4901,194445312,325059,43019572
2024-08-14 08:07:45,3.2,20.4901,194445312,325149,43019648
2024-08-14 08:07:50,3.2,20.4901,194445312,325149,43019648
2024-08-14 08:07:56,0,20.4901,194445312,325239,43019648
2024-08-14 08:08:01,0,20.5168,194699264,325683,43020084
2024-08-14 08:08:06,0,20.5173,194703360,325821,43020084
2024-08-14 08:08:11,3.1,20.5173,194703360,325821,43020084
2024-08-14 08:08:16,0,20.5173,194703360,325911,43020160
2024-08-14 08:08:22,0,20.5173,194703360,325911,43020160
2024-08-14 08:08:27,0,20.5173,194703360,325911,43020160
2024-08-14 08:08:32,6.2,20.5168,194699264,328103,43022295
2024-08-14 08:08:37,3.2,20.5168,194699264,328103,43022295
2024-08-14 08:08:42,0,20.5168,194699264,328103,43022295
2024-08-14 08:08:47,0,20.5427,194945024,328103,43022295
2024-08-14 08:08:53,0,20.5427,194945024,328193,43022371
2024-08-14 08:08:58,3.2,20.5427,194945024,328235,43022399
2024-08-14 08:09:03,3,20.5427,194945024,328559,43022673
2024-08-14 08:09:08,0,20.5427,194945024,328781,43022853
2024-08-14 08:09:13,0,20.5427,194945024,328781,43022853
2024-08-14 08:09:18,6.2,20.5427,194945024,328781,43022853
2024-08-14 08:09:24,3.2,20.5427,194945024,328871,43022929
2024-08-14 08:09:29,3.2,20.5427,194945024,328871,43022929
2024-08-14 08:09:34,0,20.5427,194945024,328871,43022929
2024-08-14 08:09:39,0,20.5427,194945024,328961,43023005
2024-08-14 08:09:44,0,20.5427,194945024,328961,43023005
2024-08-14 08:09:50,3.1,20.5328,194850816,328961,43023005
2024-08-14 08:09:55,0,20.5328,194850816,329093,43023109
2024-08-14 08:10:00,0,17.8162,169070592,329135,43023137
2024-08-14 08:10:05,0,17.8162,169070592,329363,43023213
2024-08-14 08:10:10,6.2,18.0531,171319296,331825,43025576
2024-08-14 08:10:15,3.2,18.0531,171319296,331825,43025576
2024-08-14 08:10:21,0,18.0799,171573248,331825,43025576
2024-08-14 08:10:26,0,18.0794,171569152,331915,43025652
2024-08-14 08:10:31,0,18.3229,173879296,331915,43025652
2024-08-14 08:10:36,0,18.3229,173879296,331915,43025652
2024-08-14 08:10:41,3.1,18.3229,173879296,332005,43025728
2024-08-14 08:10:46,3.2,18.3488,174125056,332047,43025756
2024-08-14 08:10:52,3.1,18.3488,174125056,332089,43025784
2024-08-14 08:10:57,0,18.3483,174120960,332089,43025784
2024-08-14 08:11:02,0,18.3755,174379008,332179,43025860
2024-08-14 08:11:07,0,18.3751,174374912,332179,43025860
2024-08-14 08:11:12,3.1,18.3742,174366720,332449,43026088
2024-08-14 08:11:18,0,18.3742,174366720,332699,43026240
2024-08-14 08:11:23,0,18.3742,174366720,332699,43026240
2024-08-14 08:11:28,3.1,18.3742,174366720,332699,43026240
2024-08-14 08:11:33,3.2,18.3738,174362624,335023,43028375
2024-08-14 08:11:38,3.1,18.3729,174354432,335065,43028403
2024-08-14 08:11:43,0,18.3734,174358528,335065,43028403
2024-08-14 08:11:49,0,18.3734,174358528,335197,43028507
2024-08-14 08:11:54,0,18.4822,175390720,335197,43028507
2024-08-14 08:11:59,6.2,18.4822,175390720,335335,43028507
2024-08-14 08:12:04,0,18.4817,175386624,335425,43028583
2024-08-14 08:12:09,3.2,18.4817,175386624,335425,43028583
2024-08-14 08:12:15,0,18.4822,175390720,335425,43028583
2024-08-14 08:12:20,0,18.4822,175390720,335917,43028991
2024-08-14 08:12:25,0,18.4822,175390720,335917,43028991
2024-08-14 08:12:30,0,18.5637,176164864,335917,43028991
2024-08-14 08:12:35,6.2,18.7541,177971200,336007,43029067
2024-08-14 08:12:40,3.2,18.9716,180035584,336007,43029067
2024-08-14 08:12:46,3,19.0804,181067776,336049,43029095
2024-08-14 08:12:51,0,19.0804,181067776,336139,43029171
2024-08-14 08:12:56,0,19.0804,181067776,336139,43029171
2024-08-14 08:13:01,0,19.0804,181067776,336139,43029171
2024-08-14 08:13:06,6.1,19.0804,181067776,336139,43029171
2024-08-14 08:13:11,3.1,19.0804,181067776,336229,43029247
2024-08-14 08:13:17,0,19.0804,181067776,336271,43029275
2024-08-14 08:13:22,0,19.162,181841920,336541,43029503
2024-08-14 08:13:27,6.2,19.162,181841920,336721,43029655
2024-08-14 08:13:32,3.2,19.187,182079488,338757,43031714
2024-08-14 08:13:37,3.1,19.187,182079488,338757,43031714
2024-08-14 08:13:43,96.6,23.9793,227557376,496894,43124052
2024-08-14 08:13:48,0,24.0169,227913728,617436,43237773
2024-08-14 08:13:53,0,24.0169,227913728,617628,43237819
2024-08-14 08:13:58,0,24.0169,227913728,617718,43237895
2024-08-14 08:14:03,6.2,24.0169,227913728,617718,43237895
2024-08-14 08:14:08,0,24.0169,227913728,617718,43237895
2024-08-14 08:14:14,0,24.0169,227913728,617808,43237971
2024-08-14 08:14:19,0,24.0169,227913728,617808,43237971
2024-08-14 08:14:24,0,24.0428,228159488,617898,43238047
2024-08-14 08:14:29,6.2,24.0423,228155392,618300,43238379
2024-08-14 08:14:34,3.2,24.0423,228155392,618300,43238379
2024-08-14 08:14:40,3.2,24.0423,228155392,618342,43238407
2024-08-14 08:14:45,0,24.6289,233721856,648746,43428568
2024-08-14 08:14:50,0,24.6289,233721856,648746,43428568
2024-08-14 08:14:55,0,24.6289,233721856,648746,43428568
2024-08-14 08:15:00,6.2,24.6293,233725952,648836,43428644
2024-08-14 08:15:05,3.2,24.6293,233725952,648836,43428644
2024-08-14 08:15:11,3.1,24.6293,233725952,648836,43428644
2024-08-14 08:15:16,0,24.6293,233725952,648926,43428720
2024-08-14 08:15:21,0,18.9531,179859456,758241,43486581
2024-08-14 08:15:26,0,18.9798,180113408,758241,43486581
2024-08-14 08:15:31,3.2,18.9798,180113408,758553,43486837
2024-08-14 08:15:37,3.2,18.9798,180113408,758733,43486989
2024-08-14 08:15:42,0,18.9798,180113408,758733,43486989
2024-08-14 08:15:47,6.2,19.007,180371456,758871,43486989
2024-08-14 08:15:52,3.2,19.007,180371456,758961,43487065
2024-08-14 08:15:57,0,19.007,180371456,758961,43487065
2024-08-14 08:16:02,0,19.0614,180887552,758961,43487065
2024-08-14 08:16:08,6.1,19.0614,180887552,759051,43487141
2024-08-14 08:16:13,0,19.0614,180887552,759093,43487169
2024-08-14 08:16:18,3.1,19.0614,180887552,759093,43487169
2024-08-14 08:16:23,0,19.0614,180887552,759183,43487245
2024-08-14 08:16:28,0,19.1158,181403648,759225,43487273
2024-08-14 08:16:33,6.2,19.4149,184242176,761495,43489530
2024-08-14 08:16:39,3.2,16.7444,158900224,761819,43489804
2024-08-14 08:16:44,3.1,16.8791,160178176,761819,43489804
2024-08-14 08:16:49,0,16.9607,160952320,761819,43489804
2024-08-14 08:16:54,0,17.1769,163004416,761909,43489880
2024-08-14 08:16:59,0,17.2041,163262464,761909,43489880
2024-08-14 08:17:05,3.1,17.2041,163262464,761909,43489880
2024-08-14 08:17:10,3.1,17.2309,163516416,761999,43489956
2024-08-14 08:17:15,0,17.3124,164290560,762041,43489984
2024-08-14 08:17:20,0,17.4756,165838848,762041,43489984
2024-08-14 08:17:25,0,17.6659,167645184,762173,43490088
2024-08-14 08:17:30,6.1,17.9107,169967616,762173,43490088
2024-08-14 08:17:36,3.1,17.9651,170483712,762173,43490088
2024-08-14 08:17:41,3.1,18.019,170995712,762581,43490316
2024-08-14 08:17:46,0,18.019,170995712,762761,43490468
2024-08-14 08:17:51,0,18.019,170995712,762761,43490468
2024-08-14 08:17:56,0,18.019,170995712,762761,43490468
2024-08-14 08:18:01,3.2,18.019,170995712,762851,43490544
2024-08-14 08:18:07,0,18.019,170995712,762893,43490572
2024-08-14 08:18:12,0,18.019,170995712,762893,43490572
2024-08-14 08:18:17,0,18.0186,170991616,762983,43490648
2024-08-14 08:18:22,6.2,18.0186,170991616,763025,43490676
2024-08-14 08:18:27,3.1,18.0186,170991616,763025,43490676
2024-08-14 08:18:33,3.2,18.0423,171216896,765151,43492811
2024-08-14 08:18:38,0,18.0423,171216896,765151,43492811
2024-08-14 08:18:43,0,18.0423,171216896,765331,43492963
2024-08-14 08:18:48,0,18.0423,171216896,765601,43493191
2024-08-14 08:18:53,6.2,18.0423,171216896,765601,43493191
2024-08-14 08:18:58,3,18.0423,171216896,765601,43493191
2024-08-14 08:19:04,0,18.0423,171216896,765691,43493267
2024-08-14 08:19:09,0,18.0423,171216896,765733,43493295
2024-08-14 08:19:14,6.2,18.0423,171216896,765733,43493295
2024-08-14 08:19:19,3.1,18.0423,171216896,765865,43493399
2024-08-14 08:19:24,0,18.0423,171216896,765865,43493399
2024-08-14 08:19:30,0,18.0423,171216896,765865,43493399
2024-08-14 08:19:35,0,18.0423,171216896,766093,43493475
2024-08-14 08:19:40,6.2,18.0423,171216896,766093,43493475
2024-08-14 08:19:45,3.1,18.0423,171216896,766093,43493475
2024-08-14 08:19:50,0,18.0423,171216896,766093,43493475
2024-08-14 08:19:55,0,18.0423,171216896,766183,43493551
2024-08-14 08:20:01,6.2,18.0432,171225088,766225,43493579
2024-08-14 08:20:06,3.1,18.0432,171225088,766225,43493579
2024-08-14 08:20:11,3.1,18.0661,171442176,768417,43495714
2024-08-14 08:20:16,0,18.0661,171442176,768459,43495742
2024-08-14 08:20:21,0,18.0661,171442176,768529,43495742
2024-08-14 08:20:26,0,18.0661,171442176,768619,43495818
2024-08-14 08:20:32,3.2,18.1204,171958272,768619,43495818
2024-08-14 08:20:37,3.2,18.1476,172216320,768619,43495818
2024-08-14 08:20:42,0,18.1481,172220416,768709,43495894
2024-08-14 08:20:47,0,18.1481,172220416,768709,43495894
2024-08-14 08:20:52,0,18.1481,172220416,768889,43496046
2024-08-14 08:20:58,3.2,18.1481,172220416,769201,43496302
2024-08-14 08:21:03,3.2,18.1753,172478464,769201,43496302
2024-08-14 08:21:08,0,18.1753,172478464,769201,43496302
2024-08-14 08:21:13,0,18.1753,172478464,769333,43496406
2024-08-14 08:21:18,3.2,18.2025,172736512,769333,43496406
2024-08-14 08:21:23,3.2,18.2296,172994560,769333,43496406
2024-08-14 08:21:29,6.5,18.2296,172994560,770790,43497718
