2024-08-14 08:05:15,9.7,17.7134,168095744,163273,26702087
2024-08-14 08:05:20,0,18.536,175902720,325374,43519323
2024-08-14 08:05:25,3.1,18.5887,176402432,325464,43519399
2024-08-14 08:05:30,0,18.5878,176394240,325518,43519445
2024-08-14 08:05:36,0,18.5878,176394240,325572,43519491
2024-08-14 08:05:41,0,18.6966,177426432,325662,43519567
2024-08-14 08:05:46,3.1,18.8041,178446336,325662,43519567
2024-08-14 08:05:51,0,18.8041,178446336,325704,43519595
2024-08-14 08:05:56,0,18.858,178958336,326154,43519975
2024-08-14 08:06:02,3.2,18.9124,179474432,326154,43519975
2024-08-14 08:06:07,0,19.0212,180506624,326154,43519975
2024-08-14 08:06:12,0,19.2072,182272000,326382,43520051
2024-08-14 08:06:17,0,19.3432,183562240,326424,43520079
2024-08-14 08:06:22,0,19.3703,183820288,326424,43520079
2024-08-14 08:06:28,0,19.3712,183828480,328748,43522215
2024-08-14 08:06:33,0,19.3708,183824384,328748,43522215
2024-08-14 08:06:38,3.2,19.3708,183824384,328748,43522215
2024-08-14 08:06:43,3,19.3708,183824384,328838,43522291
2024-08-14 08:06:48,3.2,19.3708,183824384,328950,43522319
2024-08-14 08:06:53,6.2,19.3708,183824384,328950,43522319
2024-08-14 08:06:59,0,19.3712,183828480,329400,43522699
2024-08-14 08:07:04,0,19.3712,183828480,329400,43522699
2024-08-14 08:07:09,3.2,19.3712,183828480,329400,43522699
2024-08-14 08:07:14,3.2,19.3712,183828480,329490,43522775
2024-08-14 08:07:19,0,19.3712,183828480,329532,43522803
2024-08-14 08:07:25,3.3,19.3712,183828480,329532,43522803
2024-08-14 08:07:30,3.1,19.3673,183791616,329532,43522803
2024-08-14 08:07:35,6,19.3669,183787520,329622,43522879
2024-08-14 08:07:40,0,19.3669,183787520,329664,43522907
2024-08-14 08:07:45,0,19.3669,183787520,329664,43522907
2024-08-14 08:07:50,0,19.3669,183787520,329754,43522983
2024-08-14 08:07:56,0,19.3669,183787520,329754,43522983
2024-08-14 08:08:01,0,19.3669,183787520,329844,43523059
2024-08-14 08:08:06,0,19.3669,183787520,330384,43523391
2024-08-14 08:08:11,3.1,19.3669,183787520,330384,43523391
2024-08-14 08:08:16,3.2,19.3669,183787520,330384,43523391
2024-08-14 08:08:21,3.2,19.3669,183787520,330474,43523467
2024-08-14 08:08:27,6.1,19.3665,183783424,332774,43525527
2024-08-14 08:08:32,0,19.3665,183783424,332774,43525527
2024-08-14 08:08:37,0,19.3665,183783424,332906,43525631
2024-08-14 08:08:42,3.1,19.3665,183783424,332906,43525631
2024-08-14 08:08:47,0,19.3665,183783424,332906,43525631
2024-08-14 08:08:53,0,19.3665,183783424,332996,43525707
2024-08-14 08:08:58,0,19.3665,183783424,332996,43525707
2024-08-14 08:09:03,3.1,19.3665,183783424,332996,43525707
2024-08-14 08:09:08,6,19.3665,183783424,333446,43526087
2024-08-14 08:09:13,3,19.3665,183783424,333488,43526115
2024-08-14 08:09:19,0,19.3665,183783424,333488,43526115
2024-08-14 08:09:24,0,19.3665,183783424,333578,43526191
2024-08-14 08:09:29,3.1,19.3665,183783424,333578,43526191
2024-08-14 08:09:34,0,19.3665,183783424,333620,43526219
2024-08-14 08:09:39,3.2,19.3665,183783424,333620,43526219
2024-08-14 08:09:44,0,19.3924,184029184,333710,43526295
2024-08-14 08:09:50,0,19.3924,184029184,333710,43526295
2024-08-14 08:09:55,6.1,19.3924,184029184,333710,43526295
2024-08-14 08:10:00,0,19.3924,184029184,333938,43526371
2024-08-14 08:10:05,3.1,19.4442,184520704,336016,43528459
2024-08-14 08:10:10,0,19.4442,184520704,336196,43528611
2024-08-14 08:10:16,3.2,19.4446,184524800,336520,43528885
2024-08-14 08:10:21,3.1,19.4446,184524800,336520,43528885
2024-08-14 08:10:26,0,19.4347,184430592,336520,43528885
2024-08-14 08:10:31,0,19.4347,184430592,336652,43528989
2024-08-14 08:10:36,0,19.4347,184430592,336652,43528989
2024-08-14 08:10:41,0,19.4347,184430592,336652,43528989
2024-08-14 08:10:47,0,19.4342,184426496,336742,43529065
2024-08-14 08:10:52,3.1,19.4342,184426496,336784,43529093
2024-08-14 08:10:57,3.2,19.4342,184426496,336784,43529093
2024-08-14 08:11:02,0,19.4338,184422400,336944,43529169
2024-08-14 08:11:07,0,19.4338,184422400,336944,43529169
2024-08-14 08:11:13,0,19.4338,184422400,336944,43529169
2024-08-14 08:11:18,3.2,19.4334,184418304,337394,43529549
2024-08-14 08:11:23,3.1,19.4334,184418304,337394,43529549
2024-08-14 08:11:28,3.1,19.4334,184418304,339472,43531637
2024-08-14 08:11:33,0,19.4329,184414208,339562,43531713
2024-08-14 08:11:38,6.1,19.4329,184414208,339562,43531713
2024-08-14 08:11:44,0,19.4329,184414208,339562,43531713
2024-08-14 08:11:49,0,19.4329,184414208,339562,43531713
2024-08-14 08:11:54,0,19.4329,184414208,339844,43531835
2024-08-14 08:11:59,3.2,19.4329,184414208,339844,43531835
2024-08-14 08:12:04,0,19.4588,184659968,339844,43531835
2024-08-14 08:12:10,0,19.4588,184659968,339934,43531911
2024-08-14 08:12:15,6.2,19.4588,184659968,339976,43531939
2024-08-14 08:12:20,3.2,19.4588,184659968,340246,43532167
2024-08-14 08:12:25,3.1,19.4588,184659968,340468,43532347
2024-08-14 08:12:30,3.1,19.4588,184659968,340468,43532347
2024-08-14 08:12:35,3.2,19.4588,184659968,340468,43532347
2024-08-14 08:12:41,3.2,19.4588,184659968,340558,43532423
2024-08-14 08:12:46,3.2,19.4588,184659968,340558,43532423
2024-08-14 08:12:51,0,19.4588,184659968,340612,43532483
2024-08-14 08:12:56,0,19.4588,184659968,340702,43532559
2024-08-14 08:13:01,3,19.4588,184659968,340744,43532587
2024-08-14 08:13:07,0,19.4588,184659968,340744,43532587
2024-08-14 08:13:12,6,19.4588,184659968,340834,43532663
2024-08-14 08:13:17,0,19.4588,184659968,340834,43532663
2024-08-14 08:13:22,0,19.4588,184659968,340876,43532691
2024-08-14 08:13:27,0,19.458,184651776,343626,43535131
2024-08-14 08:13:32,3.1,19.458,184651776,343626,43535131
2024-08-14 08:13:38,3.2,19.4584,184655872,343626,43535131
2024-08-14 08:13:43,0,19.4584,184655872,343716,43535207
2024-08-14 08:13:48,92.9,24.034,228077568,463935,43608020
2024-08-14 08:13:53,3,24.0716,228433920,622467,43741732
2024-08-14 08:13:58,3.1,24.0716,228433920,622557,43741808
2024-08-14 08:14:04,3.2,24.0716,228433920,622611,43741854
2024-08-14 08:14:09,3.2,24.0716,228433920,622611,43741854
2024-08-14 08:14:14,0,24.0716,228433920,622611,43741854
2024-08-14 08:14:19,0,24.0988,228691968,622743,43741958
2024-08-14 08:14:24,3.1,24.0988,228691968,622785,43741986
2024-08-14 08:14:30,0,24.0988,228691968,622965,43742138
2024-08-14 08:14:35,0,24.0983,228687872,623235,43742366
2024-08-14 08:14:40,0,24.0983,228687872,623235,43742366
2024-08-14 08:14:45,3,24.0983,228687872,623235,43742366
2024-08-14 08:14:50,0,24.8485,235806720,653901,43932525
2024-08-14 08:14:55,0,24.9029,236322816,653901,43932525
2024-08-14 08:15:01,3.1,24.9029,236322816,653901,43932525
2024-08-14 08:15:06,3.1,24.9029,236322816,653991,43932601
2024-08-14 08:15:11,3.1,24.9029,236322816,654033,43932629
2024-08-14 08:15:16,3.1,24.9029,236322816,654033,43932629
2024-08-14 08:15:21,3.1,24.9025,236318720,654197,43932765
2024-08-14 08:15:27,3.1,18.1799,172523520,763578,43992905
2024-08-14 08:15:32,3.2,18.233,173027328,763578,43992905
2024-08-14 08:15:37,3.1,18.233,173027328,764028,43993285
2024-08-14 08:15:42,0,18.2874,173543424,764028,43993285
2024-08-14 08:15:47,0,18.2878,173547520,764166,43993285
2024-08-14 08:15:52,0,18.2878,173547520,764256,43993361
2024-08-14 08:15:58,0,18.2878,173547520,764298,43993389
2024-08-14 08:16:03,0,18.315,173805568,764298,43993389
2024-08-14 08:16:08,0,18.3966,174579712,764430,43993493
2024-08-14 08:16:13,0,18.5598,176128000,764430,43993493
2024-08-14 08:16:18,3.1,18.7501,177934336,764430,43993493
2024-08-14 08:16:24,3.2,18.9392,179728384,764520,43993569
2024-08-14 08:16:29,0,18.9664,179986432,764562,43993597
2024-08-14 08:16:34,0,18.9664,179986432,764562,43993597
2024-08-14 08:16:39,3.2,18.9664,179986432,764922,43993901
2024-08-14 08:16:44,0,18.9664,179986432,765012,43993977
2024-08-14 08:16:49,0,18.9664,179986432,765012,43993977
2024-08-14 08:16:55,3.2,18.9664,179986432,765012,43993977
2024-08-14 08:17:00,3.2,18.9664,179986432,765102,43994053
2024-08-14 08:17:05,6.2,18.9664,179986432,765186,43994109
2024-08-14 08:17:10,3.2,18.9664,179986432,765186,43994109
2024-08-14 08:17:15,3.2,18.9664,179986432,765276,43994185
2024-08-14 08:17:21,6.2,18.9664,179986432,765276,43994185
2024-08-14 08:17:26,5.9,19.0151,180449280,767444,43996245
2024-08-14 08:17:31,0,19.0156,180453376,767576,43996349
2024-08-14 08:17:36,6.2,19.0156,180453376,767714,43996349
2024-08-14 08:17:41,3.1,19.0156,180453376,767768,43996395
2024-08-14 08:17:46,3.2,19.0151,180449280,768218,43996775
2024-08-14 08:17:52,3.1,19.0151,180449280,768218,43996775
2024-08-14 08:17:57,6.1,19.0151,180449280,768218,43996775
2024-08-14 08:18:02,0,19.0151,180449280,768350,43996879
2024-08-14 08:18:07,6,19.0151,180449280,768446,43996953
2024-08-14 08:18:12,0,19.0151,180449280,768446,43996953
2024-08-14 08:18:18,0,19.0151,180449280,768536,43997029
2024-08-14 08:18:23,0,19.0151,180449280,768536,43997029
2024-08-14 08:18:28,0,19.0151,180449280,768536,43997029
2024-08-14 08:18:33,3.2,19.0143,180441088,768626,43997105
2024-08-14 08:18:38,0,19.0143,180441088,768668,43997133
2024-08-14 08:18:43,3.1,19.0143,180441088,768668,43997133
2024-08-14 08:18:49,3.1,19.0143,180441088,768938,43997361
2024-08-14 08:18:54,0,19.0143,180441088,769118,43997513
2024-08-14 08:18:59,0,19.0143,180441088,769160,43997541
2024-08-14 08:19:04,0,19.0143,180441088,769160,43997541
2024-08-14 08:19:09,0,19.0143,180441088,769250,43997617
2024-08-14 08:19:15,6.1,19.0143,180441088,769250,43997617
2024-08-14 08:19:20,6.1,19.0143,180441088,769250,43997617
2024-08-14 08:19:25,3,19.0138,180436992,771442,43999753
2024-08-14 08:19:30,0,19.0138,180436992,771554,43999781
2024-08-14 08:19:35,0,19.0138,180436992,771692,43999781
2024-08-14 08:19:40,0,19.0138,180436992,771782,43999857
2024-08-14 08:19:46,3.1,19.0138,180436992,771782,43999857
2024-08-14 08:19:51,3.2,19.0138,180436992,771782,43999857
2024-08-14 08:19:56,0,19.0134,180432896,772004,44000037
2024-08-14 08:20:01,0,19.0134,180432896,772004,44000037
2024-08-14 08:20:06,0,19.0134,180432896,772004,44000037
2024-08-14 08:20:12,0,19.0134,180432896,772094,44000113
2024-08-14 08:20:17,0,19.0406,180690944,772094,44000113
2024-08-14 08:20:22,3.1,19.0678,180948992,772094,44000113
2024-08-14 08:20:27,0,19.0678,180948992,772184,44000189
2024-08-14 08:20:32,3.2,19.0678,180948992,772226,44000217
2024-08-14 08:20:37,3.2,19.0678,180948992,772226,44000217
2024-08-14 08:20:43,3.2,19.0678,180948992,772316,44000293
2024-08-14 08:20:48,3.2,19.0678,180948992,772316,44000293
2024-08-14 08:20:53,3.2,19.0678,180948992,772358,44000321
2024-08-14 08:20:58,5.9,19.1222,181465088,772718,44000625
2024-08-14 08:21:03,0,19.1766,181981184,772862,44000747
2024-08-14 08:21:09,3.1,19.2577,182751232,772862,44000747
2024-08-14 08:21:14,0,19.338,183513088,772862,44000747
2024-08-14 08:21:19,0,19.4739,184803328,772952,44000823
