Waiting for an incoming message - Test 1 (inception)
Error while deserializing http message: Error("EOF while parsing a value", line: 1, column: 0)
	Preparing Data...
	Data is ready, starting users and test1
Incepted: u_6 [Knip]
Incepted: u_0 [UGJa]
Incepted: u_5 [W1Xf]
Incepted: u_8 [LZ6i]
Incepted: u_9 [Fgzf]
Incepted: u_3 [_JlY]
Incepted: u_1 [uLQX]
Incepted: u_2 [ksLP]
	Added [jm4C] as watcher for u_0 [UGJa]
	Added [bivQ] as watcher for u_6 [Knip]
Incepted: u_4 [X4KP]
Incepted: u_7 [fwrs]
	Added [jm4C] as watcher for u_5 [W1Xf]
	Added [x5MO] as watcher for u_8 [LZ6i]
	Added [bivQ] as watcher for u_3 [_JlY]
	Added [2D85] as watcher for u_1 [uLQX]
	Added [2D85] as watcher for u_6 [Knip]
	Added [x5MO] as watcher for u_9 [Fgzf]
	Added [bivQ] as watcher for u_2 [ksLP]
	Added [jm4C] as watcher for u_4 [X4KP]
	Added [2D85] as watcher for u_7 [fwrs]
	Added [x5MO] as watcher for u_0 [UGJa]
	Added [2D85] as watcher for u_8 [LZ6i]
	Added [x5MO] as watcher for u_5 [W1Xf]
	Added [jm4C] as watcher for u_3 [_JlY]
	Added [jm4C] as watcher for u_1 [uLQX]
	Added [jm4C] as watcher for u_7 [fwrs]
	Added [jm4C] as watcher for u_2 [ksLP]
	Added [2D85] as watcher for u_9 [Fgzf]
	Added [2D85] as watcher for u_4 [X4KP]
	Added [x5MO] as watcher for u_6 [Knip]
	Asking u_6 [Knip]'s watchers to watch [-vpd]
	Added [jm4C] as watcher for u_8 [LZ6i]
	Asking u_8 [LZ6i]'s watchers to watch [-vpd]
	Added [2D85] as watcher for u_5 [W1Xf]
	Asking u_5 [W1Xf]'s watchers to watch [-vpd]
	Added [bivQ] as watcher for u_0 [UGJa]
	Asking u_0 [UGJa]'s watchers to watch [-vpd]
	Added [x5MO] as watcher for u_3 [_JlY]
	Asking u_3 [_JlY]'s watchers to watch [-vpd]
	Added [jm4C] as watcher for u_9 [Fgzf]
	Asking u_9 [Fgzf]'s watchers to watch [-vpd]
	Added [2D85] as watcher for u_2 [ksLP]
	Asking u_2 [ksLP]'s watchers to watch [-vpd]
	Added [x5MO] as watcher for u_7 [fwrs]
	Asking u_7 [fwrs]'s watchers to watch [-vpd]
	Added [x5MO] as watcher for u_1 [uLQX]
	Asking u_1 [uLQX]'s watchers to watch [-vpd]
	Added [bivQ] as watcher for u_4 [X4KP]
	Asking u_4 [X4KP]'s watchers to watch [-vpd]
	✅ u_8 [LZ6i] Inception Done
	✅ u_6 [Knip] Inception Done
	✅ u_5 [W1Xf] Inception Done
	✅ u_2 [ksLP] Inception Done
	✅ u_0 [UGJa] Inception Done
	✅ u_9 [Fgzf] Inception Done
	✅ u_7 [fwrs] Inception Done
	✅ u_3 [_JlY] Inception Done
	✅ u_4 [X4KP] Inception Done
	✅ u_1 [uLQX] Inception Done
Test 2 (signature verification)
	✅ u_8 [LZ6i] Message verified
	✅ u_1 [uLQX] Message verified
	✅ u_7 [fwrs] Message verified
	✅ u_6 [Knip] Message verified
	✅ u_2 [ksLP] Message verified
	✅ u_9 [Fgzf] Message verified
	✅ u_0 [UGJa] Message verified
	✅ u_5 [W1Xf] Message verified
	✅ u_4 [X4KP] Message verified
	✅ u_3 [_JlY] Message verified
Waiting for an incoming message - Test 3 (signature verification after rotation of issuer)
	✅ u_5 [W1Xf] Message Verified (2)
	✅ u_4 [X4KP] Message Verified (2)
	✅ u_9 [Fgzf] Message Verified (2)
	✅ u_1 [uLQX] Message Verified (2)
	✅ u_8 [LZ6i] Message Verified (2)
	✅ u_0 [UGJa] Message Verified (2)
	✅ u_7 [fwrs] Message Verified (2)
	✅ u_3 [_JlY] Message Verified (2)
	✅ u_6 [Knip] Message Verified (2)
	✅ u_2 [ksLP] Message Verified (2)
Waiting for an incoming message - Test 4 (valid acdc credential)
skipped--
Waiting for an incoming message - Test 5 (acdc revocation)
skipped--
Waiting for an incoming message - Test 6
u_3 [_JlY] Starts Rotation
u_9 [Fgzf] Starts Rotation
u_6 [Knip] Starts Rotation
u_0 [UGJa] Starts Rotation
u_8 [LZ6i] Starts Rotation
u_2 [ksLP] Starts Rotation
u_7 [fwrs] Starts Rotation
u_5 [W1Xf] Starts Rotation
u_1 [uLQX] Starts Rotation
u_4 [X4KP] Starts Rotation
u_7 [fwrs] Ends Rotation
u_7 [fwrs] - Completed Key Rotation
u_1 [uLQX] Ends Rotation
u_1 [uLQX] - Completed Key Rotation
u_4 [X4KP] Ends Rotation
u_4 [X4KP] - Completed Key Rotation
u_6 [Knip] Ends Rotation
u_6 [Knip] - Completed Key Rotation
u_0 [UGJa] Ends Rotation
u_0 [UGJa] - Completed Key Rotation
u_9 [Fgzf] Ends Rotation
u_9 [Fgzf] - Completed Key Rotation
u_2 [ksLP] Ends Rotation
u_2 [ksLP] - Completed Key Rotation
u_5 [W1Xf] Ends Rotation
u_5 [W1Xf] - Completed Key Rotation
u_8 [LZ6i] Ends Rotation
u_8 [LZ6i] - Completed Key Rotation
u_3 [_JlY] Ends Rotation
u_3 [_JlY] - Completed Key Rotation
Executed 10 users / 10 success / 0 fail
Test 1: 12385ms (1238 p.u.)
Test 2: 1ms (0 p.u.)
Test 3: 1112ms (111 p.u.)
Test 4: 7876ms (787 p.u.)
