Waiting for an incoming message - Test 1 (inception)
Error while deserializing http message: Error("EOF while parsing a value", line: 1, column: 0)
	Preparing Data...
	Data is ready, starting users and test1
Incepted: u_7 [I2FW]
Incepted: u_1 [8I2i]
Incepted: u_9 [Z1qN]
Incepted: u_3 [ATxq]
Incepted: u_8 [4Ry3]
Incepted: u_5 [Oy0q]
	Added [jm4C] as watcher for u_7 [I2FW]
Incepted: u_2 [GffO]
	Added [2D85] as watcher for u_1 [8I2i]
	Added [jm4C] as watcher for u_3 [ATxq]
	Added [bivQ] as watcher for u_5 [Oy0q]
Incepted: u_4 [uIgV]
	Added [bivQ] as watcher for u_2 [GffO]
Incepted: u_0 [_vyw]
	Added [bivQ] as watcher for u_1 [8I2i]
	Added [x5MO] as watcher for u_9 [Z1qN]
	Added [x5MO] as watcher for u_8 [4Ry3]
Incepted: u_6 [eYYz]
	Added [x5MO] as watcher for u_7 [I2FW]
	Added [jm4C] as watcher for u_5 [Oy0q]
	Added [bivQ] as watcher for u_9 [Z1qN]
	Added [jm4C] as watcher for u_2 [GffO]
	Added [2D85] as watcher for u_3 [ATxq]
	Added [jm4C] as watcher for u_0 [_vyw]
	Added [2D85] as watcher for u_4 [uIgV]
	Added [2D85] as watcher for u_6 [eYYz]
	Added [bivQ] as watcher for u_7 [I2FW]
	Asking u_7 [I2FW]'s watchers to watch [-vpd]
	Added [x5MO] as watcher for u_1 [8I2i]
	Asking u_1 [8I2i]'s watchers to watch [-vpd]
	Added [2D85] as watcher for u_8 [4Ry3]
	Added [bivQ] as watcher for u_0 [_vyw]
	Added [bivQ] as watcher for u_3 [ATxq]
	Asking u_3 [ATxq]'s watchers to watch [-vpd]
	Added [bivQ] as watcher for u_4 [uIgV]
	Added [2D85] as watcher for u_5 [Oy0q]
	Asking u_5 [Oy0q]'s watchers to watch [-vpd]
	Added [2D85] as watcher for u_9 [Z1qN]
	Asking u_9 [Z1qN]'s watchers to watch [-vpd]
	Added [x5MO] as watcher for u_2 [GffO]
	Asking u_2 [GffO]'s watchers to watch [-vpd]
	Added [jm4C] as watcher for u_4 [uIgV]
	Asking u_4 [uIgV]'s watchers to watch [-vpd]
	Added [jm4C] as watcher for u_8 [4Ry3]
	Asking u_8 [4Ry3]'s watchers to watch [-vpd]
	Added [x5MO] as watcher for u_6 [eYYz]
	Added [2D85] as watcher for u_0 [_vyw]
	Asking u_0 [_vyw]'s watchers to watch [-vpd]
	Added [jm4C] as watcher for u_6 [eYYz]
	Asking u_6 [eYYz]'s watchers to watch [-vpd]
	✅ u_7 [I2FW] Inception Done
	✅ u_1 [8I2i] Inception Done
	✅ u_5 [Oy0q] Inception Done
	✅ u_3 [ATxq] Inception Done
	✅ u_9 [Z1qN] Inception Done
	✅ u_2 [GffO] Inception Done
	✅ u_0 [_vyw] Inception Done
	✅ u_4 [uIgV] Inception Done
	✅ u_8 [4Ry3] Inception Done
	✅ u_6 [eYYz] Inception Done
Test 2 (signature verification)
	✅ u_6 [eYYz] Message verified
	✅ u_5 [Oy0q] Message verified
	✅ u_9 [Z1qN] Message verified
	✅ u_1 [8I2i] Message verified
	✅ u_0 [_vyw] Message verified
	✅ u_2 [GffO] Message verified
	✅ u_7 [I2FW] Message verified
	✅ u_4 [uIgV] Message verified
	✅ u_3 [ATxq] Message verified
	✅ u_8 [4Ry3] Message verified
Waiting for an incoming message - Test 3 (signature verification after rotation of issuer)
	✅ u_4 [uIgV] Message Verified (2)
	✅ u_9 [Z1qN] Message Verified (2)
	✅ u_2 [GffO] Message Verified (2)
	✅ u_6 [eYYz] Message Verified (2)
	✅ u_0 [_vyw] Message Verified (2)
	✅ u_8 [4Ry3] Message Verified (2)
	✅ u_7 [I2FW] Message Verified (2)
	✅ u_5 [Oy0q] Message Verified (2)
	✅ u_3 [ATxq] Message Verified (2)
	✅ u_1 [8I2i] Message Verified (2)
Waiting for an incoming message - Test 4 (valid acdc credential)
skipped--
Waiting for an incoming message - Test 5 (acdc revocation)
skipped--
Waiting for an incoming message - Test 6
u_1 [8I2i] Starts Rotation
u_0 [_vyw] Starts Rotation
u_9 [Z1qN] Starts Rotation
u_2 [GffO] Starts Rotation
u_7 [I2FW] Starts Rotation
u_3 [ATxq] Starts Rotation
u_4 [uIgV] Starts Rotation
u_8 [4Ry3] Starts Rotation
u_5 [Oy0q] Starts Rotation
u_6 [eYYz] Starts Rotation
u_5 [Oy0q] Ends Rotation
u_5 [Oy0q] - Completed Key Rotation
u_1 [8I2i] Ends Rotation
u_1 [8I2i] - Completed Key Rotation
u_7 [I2FW] Ends Rotation
u_7 [I2FW] - Completed Key Rotation
u_3 [ATxq] Ends Rotation
u_3 [ATxq] - Completed Key Rotation
u_9 [Z1qN] Ends Rotation
u_9 [Z1qN] - Completed Key Rotation
u_2 [GffO] Ends Rotation
u_2 [GffO] - Completed Key Rotation
u_8 [4Ry3] Ends Rotation
u_8 [4Ry3] - Completed Key Rotation
u_4 [uIgV] Ends Rotation
u_4 [uIgV] - Completed Key Rotation
u_6 [eYYz] Ends Rotation
u_6 [eYYz] - Completed Key Rotation
u_0 [_vyw] Ends Rotation
u_0 [_vyw] - Completed Key Rotation
Executed 10 users / 10 success / 0 fail
Test 1: 10958ms (1095 p.u.)
Test 2: 1ms (0 p.u.)
Test 3: 913ms (91 p.u.)
Test 4: 6700ms (670 p.u.)
