Waiting for an incoming message - Test 1 (inception)
Error while deserializing http message: Error("EOF while parsing a value", line: 1, column: 0)
	Preparing Data...
	Data is ready, starting users and test1
Incepted: u_9 [83gK]
Incepted: u_1 [vMzM]
Incepted: u_8 [Nlpg]
Incepted: u_2 [S4I-]
Incepted: u_7 [iBVm]
Incepted: u_0 [c86e]
Incepted: u_5 [qyfY]
Incepted: u_4 [ZaEH]
Incepted: u_6 [f3s0]
Incepted: u_3 [pKhM]
	Added [jm4C] as watcher for u_9 [83gK]
	Added [jm4C] as watcher for u_1 [vMzM]
	Added [2D85] as watcher for u_8 [Nlpg]
	Added [x5MO] as watcher for u_2 [S4I-]
	Added [2D85] as watcher for u_7 [iBVm]
	Added [bivQ] as watcher for u_5 [qyfY]
	Added [bivQ] as watcher for u_4 [ZaEH]
	Added [x5MO] as watcher for u_6 [f3s0]
	Added [x5MO] as watcher for u_0 [c86e]
	Added [jm4C] as watcher for u_2 [S4I-]
	Added [bivQ] as watcher for u_9 [83gK]
	Added [jm4C] as watcher for u_7 [iBVm]
	Added [bivQ] as watcher for u_1 [vMzM]
	Added [bivQ] as watcher for u_3 [pKhM]
	Added [bivQ] as watcher for u_8 [Nlpg]
	Added [jm4C] as watcher for u_5 [qyfY]
	Added [2D85] as watcher for u_6 [f3s0]
	Added [2D85] as watcher for u_4 [ZaEH]
	Added [2D85] as watcher for u_0 [c86e]
	Added [bivQ] as watcher for u_2 [S4I-]
	Asking u_2 [S4I-]'s watchers to watch [-vpd]
	Added [2D85] as watcher for u_9 [83gK]
	Asking u_9 [83gK]'s watchers to watch [-vpd]
	Added [2D85] as watcher for u_1 [vMzM]
	Asking u_1 [vMzM]'s watchers to watch [-vpd]
	Added [2D85] as watcher for u_3 [pKhM]
	Added [jm4C] as watcher for u_8 [Nlpg]
	Asking u_8 [Nlpg]'s watchers to watch [-vpd]
	Added [x5MO] as watcher for u_7 [iBVm]
	Asking u_7 [iBVm]'s watchers to watch [-vpd]
	Added [2D85] as watcher for u_5 [qyfY]
	Asking u_5 [qyfY]'s watchers to watch [-vpd]
	Added [jm4C] as watcher for u_0 [c86e]
	Asking u_0 [c86e]'s watchers to watch [-vpd]
	Added [x5MO] as watcher for u_4 [ZaEH]
	Asking u_4 [ZaEH]'s watchers to watch [-vpd]
	Added [bivQ] as watcher for u_6 [f3s0]
	Added [jm4C] as watcher for u_3 [pKhM]
	Asking u_6 [f3s0]'s watchers to watch [-vpd]
	Asking u_3 [pKhM]'s watchers to watch [-vpd]
	✅ u_2 [S4I-] Inception Done
	✅ u_9 [83gK] Inception Done
	✅ u_8 [Nlpg] Inception Done
	✅ u_5 [qyfY] Inception Done
	✅ u_1 [vMzM] Inception Done
	✅ u_7 [iBVm] Inception Done
	✅ u_4 [ZaEH] Inception Done
	✅ u_0 [c86e] Inception Done
	✅ u_3 [pKhM] Inception Done
	✅ u_6 [f3s0] Inception Done
Test 2 (signature verification)
	✅ u_6 [f3s0] Message verified
	✅ u_8 [Nlpg] Message verified
	✅ u_5 [qyfY] Message verified
	✅ u_7 [iBVm] Message verified
	✅ u_4 [ZaEH] Message verified
	✅ u_2 [S4I-] Message verified
	✅ u_0 [c86e] Message verified
	✅ u_9 [83gK] Message verified
	✅ u_3 [pKhM] Message verified
	✅ u_1 [vMzM] Message verified
Waiting for an incoming message - Test 3 (signature verification after rotation of issuer)
	✅ u_3 [pKhM] Message Verified (2)
	✅ u_2 [S4I-] Message Verified (2)
	✅ u_1 [vMzM] Message Verified (2)
	✅ u_7 [iBVm] Message Verified (2)
	✅ u_4 [ZaEH] Message Verified (2)
	✅ u_8 [Nlpg] Message Verified (2)
	✅ u_6 [f3s0] Message Verified (2)
	✅ u_5 [qyfY] Message Verified (2)
	✅ u_0 [c86e] Message Verified (2)
	✅ u_9 [83gK] Message Verified (2)
Waiting for an incoming message - Test 4 (valid acdc credential)
skipped--
Waiting for an incoming message - Test 5 (acdc revocation)
skipped--
Waiting for an incoming message - Test 6
u_9 [83gK] Starts Rotation
u_1 [vMzM] Starts Rotation
u_3 [pKhM] Starts Rotation
u_6 [f3s0] Starts Rotation
u_4 [ZaEH] Starts Rotation
u_2 [S4I-] Starts Rotation
u_7 [iBVm] Starts Rotation
u_0 [c86e] Starts Rotation
u_8 [Nlpg] Starts Rotation
u_5 [qyfY] Starts Rotation
u_7 [iBVm] Ends Rotation
u_7 [iBVm] - Completed Key Rotation
u_1 [vMzM] Ends Rotation
u_1 [vMzM] - Completed Key Rotation
u_6 [f3s0] Ends Rotation
u_6 [f3s0] - Completed Key Rotation
u_0 [c86e] Ends Rotation
u_0 [c86e] - Completed Key Rotation
u_2 [S4I-] Ends Rotation
u_2 [S4I-] - Completed Key Rotation
u_4 [ZaEH] Ends Rotation
u_4 [ZaEH] - Completed Key Rotation
u_5 [qyfY] Ends Rotation
u_5 [qyfY] - Completed Key Rotation
u_8 [Nlpg] Ends Rotation
u_8 [Nlpg] - Completed Key Rotation
u_3 [pKhM] Ends Rotation
u_3 [pKhM] - Completed Key Rotation
u_9 [83gK] Ends Rotation
u_9 [83gK] - Completed Key Rotation
Executed 10 users / 10 success / 0 fail
Test 1: 13881ms (1388 p.u.)
Test 2: 1ms (0 p.u.)
Test 3: 1131ms (113 p.u.)
Test 4: 7936ms (793 p.u.)
