Waiting for an incoming message - Test 1 (inception)
Error while deserializing http message: Error("EOF while parsing a value", line: 1, column: 0)
	Preparing Data...
	Data is ready, starting users and test1
Incepted: u_4 [neBP]
Incepted: u_0 [0Z3T]
Incepted: u_7 [mTcy]
Incepted: u_3 [pXvs]
Incepted: u_9 [ghv2]
	Added [bivQ] as watcher for u_4 [neBP]
	Added [bivQ] as watcher for u_0 [0Z3T]
Incepted: u_1 [5M8S]
Incepted: u_5 [k4FP]
	Added [x5MO] as watcher for u_9 [ghv2]
Incepted: u_6 [DaG6]
Incepted: u_8 [g5lX]
	Added [jm4C] as watcher for u_3 [pXvs]
	Added [x5MO] as watcher for u_4 [neBP]
	Added [bivQ] as watcher for u_7 [mTcy]
Incepted: u_2 [uF4n]
	Added [jm4C] as watcher for u_1 [5M8S]
	Added [2D85] as watcher for u_0 [0Z3T]
	Added [2D85] as watcher for u_6 [DaG6]
	Added [2D85] as watcher for u_5 [k4FP]
	Added [jm4C] as watcher for u_9 [ghv2]
	Added [x5MO] as watcher for u_7 [mTcy]
	Added [2D85] as watcher for u_4 [neBP]
	Asking u_4 [neBP]'s watchers to watch [-vpd]
	Added [x5MO] as watcher for u_2 [uF4n]
	Added [bivQ] as watcher for u_8 [g5lX]
	Added [x5MO] as watcher for u_0 [0Z3T]
	Asking u_0 [0Z3T]'s watchers to watch [-vpd]
	Added [bivQ] as watcher for u_3 [pXvs]
	Added [2D85] as watcher for u_1 [5M8S]
	Added [x5MO] as watcher for u_5 [k4FP]
	Added [bivQ] as watcher for u_6 [DaG6]
	Added [2D85] as watcher for u_7 [mTcy]
	Asking u_7 [mTcy]'s watchers to watch [-vpd]
	Added [x5MO] as watcher for u_8 [g5lX]
	Added [bivQ] as watcher for u_9 [ghv2]
	Asking u_9 [ghv2]'s watchers to watch [-vpd]
	Added [2D85] as watcher for u_2 [uF4n]
	Added [2D85] as watcher for u_3 [pXvs]
	Asking u_3 [pXvs]'s watchers to watch [-vpd]
	Added [x5MO] as watcher for u_1 [5M8S]
	Asking u_1 [5M8S]'s watchers to watch [-vpd]
	Added [jm4C] as watcher for u_6 [DaG6]
	Asking u_6 [DaG6]'s watchers to watch [-vpd]
	Added [2D85] as watcher for u_8 [g5lX]
	Asking u_8 [g5lX]'s watchers to watch [-vpd]
	Added [bivQ] as watcher for u_5 [k4FP]
	Asking u_5 [k4FP]'s watchers to watch [-vpd]
	Added [bivQ] as watcher for u_2 [uF4n]
	Asking u_2 [uF4n]'s watchers to watch [-vpd]
	✅ u_4 [neBP] Inception Done
	✅ u_0 [0Z3T] Inception Done
	✅ u_7 [mTcy] Inception Done
	✅ u_9 [ghv2] Inception Done
	✅ u_3 [pXvs] Inception Done
	✅ u_1 [5M8S] Inception Done
	✅ u_5 [k4FP] Inception Done
	✅ u_6 [DaG6] Inception Done
	✅ u_8 [g5lX] Inception Done
	✅ u_2 [uF4n] Inception Done
Test 2 (signature verification)
	✅ u_2 [uF4n] Message verified
	✅ u_8 [g5lX] Message verified
	✅ u_5 [k4FP] Message verified
	✅ u_7 [mTcy] Message verified
	✅ u_9 [ghv2] Message verified
	✅ u_4 [neBP] Message verified
	✅ u_1 [5M8S] Message verified
	✅ u_6 [DaG6] Message verified
	✅ u_3 [pXvs] Message verified
	✅ u_0 [0Z3T] Message verified
Waiting for an incoming message - Test 3 (signature verification after rotation of issuer)
	✅ u_0 [0Z3T] Message Verified (2)
	✅ u_5 [k4FP] Message Verified (2)
	✅ u_8 [g5lX] Message Verified (2)
	✅ u_7 [mTcy] Message Verified (2)
	✅ u_2 [uF4n] Message Verified (2)
	✅ u_3 [pXvs] Message Verified (2)
	✅ u_1 [5M8S] Message Verified (2)
	✅ u_9 [ghv2] Message Verified (2)
	✅ u_6 [DaG6] Message Verified (2)
	✅ u_4 [neBP] Message Verified (2)
Waiting for an incoming message - Test 4 (valid acdc credential)
skipped--
Waiting for an incoming message - Test 5 (acdc revocation)
skipped--
Waiting for an incoming message - Test 6
u_4 [neBP] Starts Rotation
u_1 [5M8S] Starts Rotation
u_8 [g5lX] Starts Rotation
u_7 [mTcy] Starts Rotation
u_0 [0Z3T] Starts Rotation
u_3 [pXvs] Starts Rotation
u_9 [ghv2] Starts Rotation
u_2 [uF4n] Starts Rotation
u_5 [k4FP] Starts Rotation
u_6 [DaG6] Starts Rotation
u_1 [5M8S] Ends Rotation
u_1 [5M8S] - Completed Key Rotation
u_7 [mTcy] Ends Rotation
u_7 [mTcy] - Completed Key Rotation
u_4 [neBP] Ends Rotation
u_4 [neBP] - Completed Key Rotation
u_9 [ghv2] Ends Rotation
u_9 [ghv2] - Completed Key Rotation
u_0 [0Z3T] Ends Rotation
u_0 [0Z3T] - Completed Key Rotation
u_3 [pXvs] Ends Rotation
u_3 [pXvs] - Completed Key Rotation
u_8 [g5lX] Ends Rotation
u_8 [g5lX] - Completed Key Rotation
u_2 [uF4n] Ends Rotation
u_2 [uF4n] - Completed Key Rotation
u_5 [k4FP] Ends Rotation
u_5 [k4FP] - Completed Key Rotation
u_6 [DaG6] Ends Rotation
u_6 [DaG6] - Completed Key Rotation
Executed 10 users / 10 success / 0 fail
Test 1: 13695ms (1369 p.u.)
Test 2: 1ms (0 p.u.)
Test 3: 1109ms (110 p.u.)
Test 4: 7803ms (780 p.u.)
