2024-08-13 11:56:49,17.7,17.7329,168280064,164886,29895340
2024-08-13 11:56:54,0,18.1882,172601344,282413,43521208
2024-08-13 11:56:59,3.1,18.1882,172601344,282413,43521208
2024-08-13 11:57:05,3,18.2141,172847104,282503,43521284
2024-08-13 11:57:10,0,18.3224,173875200,282557,43521376
2024-08-13 11:57:15,3.1,18.3216,173867008,282765,43521376
2024-08-13 11:57:20,3.1,18.3216,173867008,282855,43521452
2024-08-13 11:57:25,0,18.3233,173883392,282951,43521526
2024-08-13 11:57:31,0,18.3233,173883392,282951,43521526
2024-08-13 11:57:36,0,18.3233,173883392,283401,43521906
2024-08-13 11:57:41,8.3,18.4575,175157248,285437,43523966
2024-08-13 11:57:46,72.8,24.0639,228360192,310206,43549472
2024-08-13 11:57:51,81.9,24.3807,231366656,563284,43674135
2024-08-13 11:57:57,0,24.379,231350272,696831,43829563
2024-08-13 11:58:02,5.7,24.4321,231854080,696831,43829563
2024-08-13 11:58:07,71,27.8549,264335360,746868,44185322
2024-08-13 11:58:12,3,24.9293,236572672,756040,44204417
2024-08-13 11:58:18,3.2,25.1184,238366720,756040,44204417
2024-08-13 11:58:23,0,19.5975,185974784,863101,44259644
2024-08-13 11:58:28,0,19.6247,186232832,863191,44259720
