Waiting for an incoming message - Test 1 (inception)
Error while deserializing http message: Error("EOF while parsing a value", line: 1, column: 0)
	Preparing Data...
	Data is ready, starting users and test1
Incepted: u_4 [hl8_]
Incepted: u_9 [c6jX]
Incepted: u_7 [3E-3]
Incepted: u_5 [Czf_]
Incepted: u_0 [Q24s]
Incepted: u_1 [g_nB]
Incepted: u_8 [mwhl]
Incepted: u_2 [KrYU]
Incepted: u_6 [Bqmd]
Incepted: u_3 [Ds7h]
	Added [jm4C] as watcher for u_4 [hl8_]
	Added [x5MO] as watcher for u_9 [c6jX]
	Added [2D85] as watcher for u_2 [KrYU]
	Added [jm4C] as watcher for u_0 [Q24s]
	Added [jm4C] as watcher for u_7 [3E-3]
	Added [jm4C] as watcher for u_1 [g_nB]
	Added [x5MO] as watcher for u_8 [mwhl]
	Added [jm4C] as watcher for u_6 [Bqmd]
	Added [bivQ] as watcher for u_5 [Czf_]
	Added [bivQ] as watcher for u_4 [hl8_]
	Added [x5MO] as watcher for u_0 [Q24s]
	Added [2D85] as watcher for u_8 [mwhl]
	Added [2D85] as watcher for u_6 [Bqmd]
	Added [x5MO] as watcher for u_7 [3E-3]
	Added [bivQ] as watcher for u_3 [Ds7h]
	Added [bivQ] as watcher for u_9 [c6jX]
	Added [2D85] as watcher for u_5 [Czf_]
	Added [bivQ] as watcher for u_1 [g_nB]
	Added [bivQ] as watcher for u_2 [KrYU]
	Added [2D85] as watcher for u_4 [hl8_]
	Asking u_4 [hl8_]'s watchers to watch [YkTo]
	Added [2D85] as watcher for u_7 [3E-3]
	Asking u_7 [3E-3]'s watchers to watch [YkTo]
	Added [bivQ] as watcher for u_0 [Q24s]
	Asking u_0 [Q24s]'s watchers to watch [YkTo]
	Added [x5MO] as watcher for u_5 [Czf_]
	Asking u_5 [Czf_]'s watchers to watch [YkTo]
	Added [jm4C] as watcher for u_8 [mwhl]
	Asking u_8 [mwhl]'s watchers to watch [YkTo]
	Added [jm4C] as watcher for u_9 [c6jX]
	Asking u_9 [c6jX]'s watchers to watch [YkTo]
	Added [bivQ] as watcher for u_6 [Bqmd]
	Asking u_6 [Bqmd]'s watchers to watch [YkTo]
	Added [jm4C] as watcher for u_3 [Ds7h]
	Added [jm4C] as watcher for u_2 [KrYU]
	Asking u_2 [KrYU]'s watchers to watch [YkTo]
	Added [x5MO] as watcher for u_1 [g_nB]
	Asking u_1 [g_nB]'s watchers to watch [YkTo]
	Added [2D85] as watcher for u_3 [Ds7h]
	Asking u_3 [Ds7h]'s watchers to watch [YkTo]
	✅ u_4 [hl8_] Inception Done
	✅ u_7 [3E-3] Inception Done
	✅ u_5 [Czf_] Inception Done
	✅ u_0 [Q24s] Inception Done
	✅ u_8 [mwhl] Inception Done
	✅ u_6 [Bqmd] Inception Done
	✅ u_2 [KrYU] Inception Done
	✅ u_9 [c6jX] Inception Done
	✅ u_1 [g_nB] Inception Done
	✅ u_3 [Ds7h] Inception Done
Test 2 (signature verification)
	✅ u_7 [3E-3] Message verified
	✅ u_3 [Ds7h] Message verified
	✅ u_0 [Q24s] Message verified
	✅ u_2 [KrYU] Message verified
	✅ u_6 [Bqmd] Message verified
	✅ u_9 [c6jX] Message verified
	✅ u_8 [mwhl] Message verified
	✅ u_5 [Czf_] Message verified
	✅ u_1 [g_nB] Message verified
	✅ u_4 [hl8_] Message verified
Waiting for an incoming message - Test 3 (signature verification after rotation of issuer)
	✅ u_8 [mwhl] Message Verified (2)
	✅ u_7 [3E-3] Message Verified (2)
	✅ u_4 [hl8_] Message Verified (2)
	✅ u_3 [Ds7h] Message Verified (2)
	✅ u_2 [KrYU] Message Verified (2)
	✅ u_5 [Czf_] Message Verified (2)
	✅ u_9 [c6jX] Message Verified (2)
	✅ u_1 [g_nB] Message Verified (2)
	✅ u_6 [Bqmd] Message Verified (2)
	✅ u_0 [Q24s] Message Verified (2)
Waiting for an incoming message - Test 4 (valid acdc credential)
skipped--
Waiting for an incoming message - Test 5 (acdc revocation)
skipped--
Waiting for an incoming message - Test 6
u_0 [Q24s] Starts Rotation
u_7 [3E-3] Starts Rotation
u_6 [Bqmd] Starts Rotation
u_4 [hl8_] Starts Rotation
u_9 [c6jX] Starts Rotation
u_2 [KrYU] Starts Rotation
u_3 [Ds7h] Starts Rotation
u_1 [g_nB] Starts Rotation
u_8 [mwhl] Starts Rotation
u_5 [Czf_] Starts Rotation
u_0 [Q24s] Ends Rotation
u_0 [Q24s] - Completed Key Rotation
u_1 [g_nB] Ends Rotation
u_1 [g_nB] - Completed Key Rotation
u_8 [mwhl] Ends Rotation
u_8 [mwhl] - Completed Key Rotation
u_2 [KrYU] Ends Rotation
u_2 [KrYU] - Completed Key Rotation
u_4 [hl8_] Ends Rotation
u_4 [hl8_] - Completed Key Rotation
u_7 [3E-3] Ends Rotation
u_7 [3E-3] - Completed Key Rotation
u_5 [Czf_] Ends Rotation
u_5 [Czf_] - Completed Key Rotation
u_9 [c6jX] Ends Rotation
u_9 [c6jX] - Completed Key Rotation
u_6 [Bqmd] Ends Rotation
u_6 [Bqmd] - Completed Key Rotation
u_3 [Ds7h] Ends Rotation
u_3 [Ds7h] - Completed Key Rotation
Executed 10 users / 10 success / 0 fail
Test 1: 6167ms (616 p.u.)
Test 2: 2ms (0 p.u.)
Test 3: 700ms (70 p.u.)
Test 4: 39504ms (3950 p.u.)
