Waiting for an incoming message - Test 1 (inception)
Error while deserializing http message: Error("EOF while parsing a value", line: 1, column: 0)
	Preparing Data...
	Data is ready, starting users and test1
Incepted: u_8 [mWZM]
	Added [jm4C] as watcher for u_8 [mWZM]
	Added [x5MO] as watcher for u_8 [mWZM]
	Added [2D85] as watcher for u_8 [mWZM]
	Asking u_8 [mWZM]'s watchers to watch [YkTo]
Incepted: u_6 [z_Zi]
	Added [jm4C] as watcher for u_6 [z_Zi]
	Added [x5MO] as watcher for u_6 [z_Zi]
	Added [bivQ] as watcher for u_6 [z_Zi]
	Asking u_6 [z_Zi]'s watchers to watch [YkTo]
Incepted: u_5 [Usix]
	Added [2D85] as watcher for u_5 [Usix]
	Added [jm4C] as watcher for u_5 [Usix]
Incepted: u_1 [i0PP]
	Added [x5MO] as watcher for u_5 [Usix]
	Asking u_5 [Usix]'s watchers to watch [YkTo]
	Added [jm4C] as watcher for u_1 [i0PP]
Incepted: u_2 [JtY-]
Incepted: u_0 [VAFK]
	Added [x5MO] as watcher for u_1 [i0PP]
	Added [jm4C] as watcher for u_2 [JtY-]
	✅ u_8 [mWZM] Inception Done
	Added [2D85] as watcher for u_1 [i0PP]
	Asking u_1 [i0PP]'s watchers to watch [YkTo]
	Added [bivQ] as watcher for u_0 [VAFK]
Incepted: u_3 [ibPX]
	Added [bivQ] as watcher for u_2 [JtY-]
	Added [x5MO] as watcher for u_0 [VAFK]
	Added [jm4C] as watcher for u_3 [ibPX]
	Added [2D85] as watcher for u_2 [JtY-]
	Asking u_2 [JtY-]'s watchers to watch [YkTo]
	Added [2D85] as watcher for u_0 [VAFK]
	Asking u_0 [VAFK]'s watchers to watch [YkTo]
	Added [2D85] as watcher for u_3 [ibPX]
Incepted: u_7 [vTJq]
	Added [x5MO] as watcher for u_7 [vTJq]
	Added [bivQ] as watcher for u_3 [ibPX]
	Asking u_3 [ibPX]'s watchers to watch [YkTo]
	✅ u_6 [z_Zi] Inception Done
	✅ u_1 [i0PP] Inception Done
	Added [bivQ] as watcher for u_7 [vTJq]
	✅ u_2 [JtY-] Inception Done
	Added [jm4C] as watcher for u_7 [vTJq]
	Asking u_7 [vTJq]'s watchers to watch [YkTo]
Incepted: u_9 [sHdK]
	✅ u_3 [ibPX] Inception Done
Incepted: u_4 [9W72]
	✅ u_5 [Usix] Inception Done
	✅ u_0 [VAFK] Inception Done
	Added [x5MO] as watcher for u_9 [sHdK]
	Added [jm4C] as watcher for u_4 [9W72]
	✅ u_7 [vTJq] Inception Done
	Added [bivQ] as watcher for u_9 [sHdK]
	Added [bivQ] as watcher for u_4 [9W72]
	Added [jm4C] as watcher for u_9 [sHdK]
	Asking u_9 [sHdK]'s watchers to watch [YkTo]
	Added [x5MO] as watcher for u_4 [9W72]
	Asking u_4 [9W72]'s watchers to watch [YkTo]
	✅ u_9 [sHdK] Inception Done
	✅ u_4 [9W72] Inception Done
	✅ u_4 [9W72] Message verified
	✅ u_1 [i0PP] Message verified
	✅ u_9 [sHdK] Message verified
	✅ u_6 [z_Zi] Message verified
	✅ u_0 [VAFK] Message verified
	✅ u_3 [ibPX] Message verified
	✅ u_8 [mWZM] Message verified
	✅ u_2 [JtY-] Message verified
	✅ u_5 [Usix] Message verified
	✅ u_7 [vTJq] Message verified
Test 2 (signature verification)
Waiting for an incoming message - Test 3 (signature verification after rotation of issuer)
	✅ u_1 [i0PP] Message Verified (2)
	✅ u_5 [Usix] Message Verified (2)
	✅ u_8 [mWZM] Message Verified (2)
	✅ u_9 [sHdK] Message Verified (2)
	✅ u_6 [z_Zi] Message Verified (2)
	✅ u_4 [9W72] Message Verified (2)
	✅ u_0 [VAFK] Message Verified (2)
	✅ u_7 [vTJq] Message Verified (2)
	✅ u_3 [ibPX] Message Verified (2)
	✅ u_2 [JtY-] Message Verified (2)
Waiting for an incoming message - Test 4 (valid acdc credential)
skipped--
Waiting for an incoming message - Test 5 (acdc revocation)
skipped--
Waiting for an incoming message - Test 6
u_0 [VAFK] Starts Rotation
u_6 [z_Zi] Starts Rotation
u_1 [i0PP] Starts Rotation
u_7 [vTJq] Starts Rotation
u_2 [JtY-] Starts Rotation
u_3 [ibPX] Starts Rotation
u_9 [sHdK] Starts Rotation
u_4 [9W72] Starts Rotation
u_5 [Usix] Starts Rotation
u_8 [mWZM] Starts Rotation
u_0 [VAFK] Ends Rotation
u_0 [VAFK] - Completed Key Rotation
u_6 [z_Zi] Ends Rotation
u_6 [z_Zi] - Completed Key Rotation
u_1 [i0PP] Ends Rotation
u_1 [i0PP] - Completed Key Rotation
u_3 [ibPX] Ends Rotation
u_3 [ibPX] - Completed Key Rotation
u_9 [sHdK] Ends Rotation
u_9 [sHdK] - Completed Key Rotation
u_4 [9W72] Ends Rotation
u_4 [9W72] - Completed Key Rotation
u_2 [JtY-] Ends Rotation
u_2 [JtY-] - Completed Key Rotation
u_5 [Usix] Ends Rotation
u_5 [Usix] - Completed Key Rotation
u_7 [vTJq] Ends Rotation
u_7 [vTJq] - Completed Key Rotation
u_8 [mWZM] Ends Rotation
u_8 [mWZM] - Completed Key Rotation
Executed 10 users / 10 success / 0 fail
Test 1: 29759ms (2975 p.u.)
Test 2: 0ms (0 p.u.)
Test 3: 534ms (53 p.u.)
Test 4: 34471ms (3447 p.u.)
