Waiting for an incoming message - Test 1 (inception)
Error while deserializing http message: Error("EOF while parsing a value", line: 1, column: 0)
	Preparing Data...
	Data is ready, starting users and test1
Incepted: u_6 [unpK]
	Added [bivQ] as watcher for u_6 [unpK]
Incepted: u_0 [fypn]
Incepted: u_8 [bUGl]
Incepted: u_7 [3VcB]
Incepted: u_5 [-szb]
Incepted: u_2 [xTFz]
Incepted: u_1 [Iw-6]
	Added [x5MO] as watcher for u_6 [unpK]
Incepted: u_3 [ObEn]
Incepted: u_4 [D8IL]
Incepted: u_9 [GdTk]
	Added [bivQ] as watcher for u_0 [fypn]
	Added [x5MO] as watcher for u_8 [bUGl]
	Added [x5MO] as watcher for u_7 [3VcB]
	Added [2D85] as watcher for u_5 [-szb]
	Added [jm4C] as watcher for u_3 [ObEn]
	Added [bivQ] as watcher for u_2 [xTFz]
	Added [jm4C] as watcher for u_6 [unpK]
	Asking u_6 [unpK]'s watchers to watch [YkTo]
	Added [jm4C] as watcher for u_1 [Iw-6]
	Added [x5MO] as watcher for u_0 [fypn]
	Added [2D85] as watcher for u_4 [D8IL]
	Added [bivQ] as watcher for u_9 [GdTk]
	Added [bivQ] as watcher for u_7 [3VcB]
	Added [bivQ] as watcher for u_8 [bUGl]
	Added [bivQ] as watcher for u_5 [-szb]
	Added [x5MO] as watcher for u_2 [xTFz]
	✅ u_6 [unpK] Inception Done
	Added [bivQ] as watcher for u_3 [ObEn]
	Added [jm4C] as watcher for u_0 [fypn]
	Asking u_0 [fypn]'s watchers to watch [YkTo]
	Added [2D85] as watcher for u_9 [GdTk]
	Added [2D85] as watcher for u_1 [Iw-6]
	Added [jm4C] as watcher for u_5 [-szb]
	Asking u_5 [-szb]'s watchers to watch [YkTo]
	Added [bivQ] as watcher for u_4 [D8IL]
	Added [2D85] as watcher for u_7 [3VcB]
	Asking u_7 [3VcB]'s watchers to watch [YkTo]
	✅ u_0 [fypn] Inception Done
	Added [2D85] as watcher for u_8 [bUGl]
	Asking u_8 [bUGl]'s watchers to watch [YkTo]
	Added [x5MO] as watcher for u_4 [D8IL]
	Asking u_4 [D8IL]'s watchers to watch [YkTo]
	✅ u_5 [-szb] Inception Done
	Added [2D85] as watcher for u_2 [xTFz]
	Asking u_2 [xTFz]'s watchers to watch [YkTo]
	Added [jm4C] as watcher for u_9 [GdTk]
	Asking u_9 [GdTk]'s watchers to watch [YkTo]
	Added [bivQ] as watcher for u_1 [Iw-6]
	Asking u_1 [Iw-6]'s watchers to watch [YkTo]
	✅ u_7 [3VcB] Inception Done
	Added [x5MO] as watcher for u_3 [ObEn]
	Asking u_3 [ObEn]'s watchers to watch [YkTo]
	✅ u_4 [D8IL] Inception Done
	✅ u_8 [bUGl] Inception Done
	✅ u_3 [ObEn] Inception Done
	✅ u_1 [Iw-6] Inception Done
	✅ u_9 [GdTk] Inception Done
	✅ u_2 [xTFz] Inception Done
Test 2 (signature verification)
	✅ u_2 [xTFz] Message verified
	✅ u_4 [D8IL] Message verified
	✅ u_0 [fypn] Message verified
	✅ u_5 [-szb] Message verified
	✅ u_1 [Iw-6] Message verified
	✅ u_3 [ObEn] Message verified
	✅ u_9 [GdTk] Message verified
	✅ u_7 [3VcB] Message verified
	✅ u_8 [bUGl] Message verified
	✅ u_6 [unpK] Message verified
Waiting for an incoming message - Test 3 (signature verification after rotation of issuer)
	✅ u_7 [3VcB] Message Verified (2)
	✅ u_4 [D8IL] Message Verified (2)
	✅ u_8 [bUGl] Message Verified (2)
	✅ u_2 [xTFz] Message Verified (2)
	✅ u_3 [ObEn] Message Verified (2)
	✅ u_5 [-szb] Message Verified (2)
	✅ u_6 [unpK] Message Verified (2)
	✅ u_0 [fypn] Message Verified (2)
	✅ u_9 [GdTk] Message Verified (2)
	✅ u_1 [Iw-6] Message Verified (2)
Waiting for an incoming message - Test 4 (valid acdc credential)
skipped--
Waiting for an incoming message - Test 5 (acdc revocation)
skipped--
Waiting for an incoming message - Test 6
u_1 [Iw-6] Starts Rotation
u_6 [unpK] Starts Rotation
u_4 [D8IL] Starts Rotation
u_9 [GdTk] Starts Rotation
u_0 [fypn] Starts Rotation
u_7 [3VcB] Starts Rotation
u_8 [bUGl] Starts Rotation
u_2 [xTFz] Starts Rotation
u_3 [ObEn] Starts Rotation
u_5 [-szb] Starts Rotation
u_6 [unpK] Ends Rotation
u_6 [unpK] - Completed Key Rotation
u_1 [Iw-6] Ends Rotation
u_1 [Iw-6] - Completed Key Rotation
u_0 [fypn] Ends Rotation
u_0 [fypn] - Completed Key Rotation
u_8 [bUGl] Ends Rotation
u_8 [bUGl] - Completed Key Rotation
u_2 [xTFz] Ends Rotation
u_2 [xTFz] - Completed Key Rotation
u_7 [3VcB] Ends Rotation
u_7 [3VcB] - Completed Key Rotation
u_3 [ObEn] Ends Rotation
u_3 [ObEn] - Completed Key Rotation
u_5 [-szb] Ends Rotation
u_5 [-szb] - Completed Key Rotation
u_4 [D8IL] Ends Rotation
u_4 [D8IL] - Completed Key Rotation
u_9 [GdTk] Ends Rotation
u_9 [GdTk] - Completed Key Rotation
Executed 10 users / 10 success / 0 fail
Test 1: 24744ms (2474 p.u.)
Test 2: 1ms (0 p.u.)
Test 3: 612ms (61 p.u.)
Test 4: 26833ms (2683 p.u.)
