Waiting for an incoming message - Test 1 (inception)
Error while deserializing http message: Error("EOF while parsing a value", line: 1, column: 0)
	Preparing Data...
	Data is ready, starting users and test1
Incepted: u_3 [__0H]
Incepted: u_6 [tfLT]
	Added [x5MO] as watcher for u_3 [__0H]
	Added [x5MO] as watcher for u_6 [tfLT]
	Added [jm4C] as watcher for u_3 [__0H]
	Added [2D85] as watcher for u_6 [tfLT]
Incepted: u_2 [th6i]
	Added [x5MO] as watcher for u_2 [th6i]
	Added [bivQ] as watcher for u_3 [__0H]
	Asking u_3 [__0H]'s watchers to watch [YkTo]
	Added [jm4C] as watcher for u_6 [tfLT]
	Asking u_6 [tfLT]'s watchers to watch [YkTo]
Incepted: u_0 [Gbs_]
	Added [2D85] as watcher for u_0 [Gbs_]
	Added [jm4C] as watcher for u_2 [th6i]
Incepted: u_8 [aXui]
	Added [2D85] as watcher for u_2 [th6i]
	Asking u_2 [th6i]'s watchers to watch [YkTo]
Incepted: u_5 [YpOk]
Incepted: u_7 [i8VA]
	Added [bivQ] as watcher for u_0 [Gbs_]
	Added [2D85] as watcher for u_8 [aXui]
Incepted: u_4 [ngzR]
	Added [jm4C] as watcher for u_0 [Gbs_]
	Asking u_0 [Gbs_]'s watchers to watch [YkTo]
	Added [bivQ] as watcher for u_7 [i8VA]
	Added [bivQ] as watcher for u_5 [YpOk]
	Added [jm4C] as watcher for u_8 [aXui]
	Added [bivQ] as watcher for u_4 [ngzR]
	Added [jm4C] as watcher for u_7 [i8VA]
	Added [x5MO] as watcher for u_8 [aXui]
	Asking u_8 [aXui]'s watchers to watch [YkTo]
	Added [jm4C] as watcher for u_5 [YpOk]
	Added [x5MO] as watcher for u_7 [i8VA]
	Asking u_7 [i8VA]'s watchers to watch [YkTo]
	Added [jm4C] as watcher for u_4 [ngzR]
	Added [2D85] as watcher for u_5 [YpOk]
	Asking u_5 [YpOk]'s watchers to watch [YkTo]
Incepted: u_1 [2mo4]
	Added [2D85] as watcher for u_4 [ngzR]
	Asking u_4 [ngzR]'s watchers to watch [YkTo]
	Added [jm4C] as watcher for u_1 [2mo4]
	Added [2D85] as watcher for u_1 [2mo4]
	Added [bivQ] as watcher for u_1 [2mo4]
	Asking u_1 [2mo4]'s watchers to watch [YkTo]
	✅ u_6 [tfLT] Inception Done
	✅ u_3 [__0H] Inception Done
	✅ u_2 [th6i] Inception Done
	✅ u_4 [ngzR] Inception Done
	✅ u_0 [Gbs_] Inception Done
	✅ u_8 [aXui] Inception Done
	✅ u_5 [YpOk] Inception Done
	✅ u_7 [i8VA] Inception Done
	✅ u_1 [2mo4] Inception Done
Incepted: u_9 [PXKe]
	Added [x5MO] as watcher for u_9 [PXKe]
	Added [bivQ] as watcher for u_9 [PXKe]
	Added [2D85] as watcher for u_9 [PXKe]
	Asking u_9 [PXKe]'s watchers to watch [YkTo]
	✅ u_9 [PXKe] Inception Done
Test 2 (signature verification)
	✅ u_9 [PXKe] Message verified
	✅ u_5 [YpOk] Message verified
	✅ u_6 [tfLT] Message verified
	✅ u_7 [i8VA] Message verified
	✅ u_4 [ngzR] Message verified
	✅ u_2 [th6i] Message verified
	✅ u_8 [aXui] Message verified
	✅ u_1 [2mo4] Message verified
	✅ u_3 [__0H] Message verified
	✅ u_0 [Gbs_] Message verified
Waiting for an incoming message - Test 3 (signature verification after rotation of issuer)
	✅ u_9 [PXKe] Message Verified (2)
	✅ u_5 [YpOk] Message Verified (2)
	✅ u_6 [tfLT] Message Verified (2)
	✅ u_8 [aXui] Message Verified (2)
	✅ u_1 [2mo4] Message Verified (2)
	✅ u_7 [i8VA] Message Verified (2)
	✅ u_3 [__0H] Message Verified (2)
	✅ u_4 [ngzR] Message Verified (2)
	✅ u_2 [th6i] Message Verified (2)
	✅ u_0 [Gbs_] Message Verified (2)
Waiting for an incoming message - Test 4 (valid acdc credential)
skipped--
Waiting for an incoming message - Test 5 (acdc revocation)
skipped--
Waiting for an incoming message - Test 6
u_6 [tfLT] Starts Rotation
u_4 [ngzR] Starts Rotation
u_2 [th6i] Starts Rotation
u_9 [PXKe] Starts Rotation
u_0 [Gbs_] Starts Rotation
u_5 [YpOk] Starts Rotation
u_7 [i8VA] Starts Rotation
u_8 [aXui] Starts Rotation
u_3 [__0H] Starts Rotation
u_1 [2mo4] Starts Rotation
u_4 [ngzR] Ends Rotation
u_4 [ngzR] - Completed Key Rotation
u_3 [__0H] Ends Rotation
u_3 [__0H] - Completed Key Rotation
u_7 [i8VA] Ends Rotation
u_7 [i8VA] - Completed Key Rotation
u_6 [tfLT] Ends Rotation
u_6 [tfLT] - Completed Key Rotation
u_0 [Gbs_] Ends Rotation
u_0 [Gbs_] - Completed Key Rotation
u_1 [2mo4] Ends Rotation
u_1 [2mo4] - Completed Key Rotation
u_8 [aXui] Ends Rotation
u_8 [aXui] - Completed Key Rotation
u_5 [YpOk] Ends Rotation
u_5 [YpOk] - Completed Key Rotation
u_9 [PXKe] Ends Rotation
u_9 [PXKe] - Completed Key Rotation
u_2 [th6i] Ends Rotation
u_2 [th6i] - Completed Key Rotation
Executed 10 users / 10 success / 0 fail
Test 1: 35259ms (3525 p.u.)
Test 2: 0ms (0 p.u.)
Test 3: 689ms (68 p.u.)
Test 4: 36689ms (3668 p.u.)
