Waiting for an incoming message - Test 1 (inception)
Error while deserializing http message: Error("EOF while parsing a value", line: 1, column: 0)
	Preparing Data...
	Data is ready, starting users and test1
Incepted: u_6 [eeSp]
Incepted: u_1 [VJzb]
Incepted: u_8 [h9hX]
Incepted: u_3 [oMU2]
Incepted: u_4 [Pg3r]
Incepted: u_2 [3eRn]
Incepted: u_0 [89oC]
	Added [jm4C] as watcher for u_1 [VJzb]
Incepted: u_9 [3xR5]
Incepted: u_5 [-KaW]
Incepted: u_7 [4OKO]
	Added [2D85] as watcher for u_8 [h9hX]
	Added [bivQ] as watcher for u_6 [eeSp]
	Added [jm4C] as watcher for u_4 [Pg3r]
	Added [x5MO] as watcher for u_9 [3xR5]
	Added [jm4C] as watcher for u_0 [89oC]
	Added [jm4C] as watcher for u_2 [3eRn]
	Added [jm4C] as watcher for u_5 [-KaW]
	Added [bivQ] as watcher for u_3 [oMU2]
	Added [jm4C] as watcher for u_6 [eeSp]
	Added [x5MO] as watcher for u_7 [4OKO]
	Added [bivQ] as watcher for u_1 [VJzb]
	Added [bivQ] as watcher for u_8 [h9hX]
	Added [bivQ] as watcher for u_4 [Pg3r]
	Added [2D85] as watcher for u_0 [89oC]
	Added [x5MO] as watcher for u_3 [oMU2]
	Added [x5MO] as watcher for u_2 [3eRn]
	Added [2D85] as watcher for u_5 [-KaW]
	Added [bivQ] as watcher for u_9 [3xR5]
	Added [2D85] as watcher for u_6 [eeSp]
	Asking u_6 [eeSp]'s watchers to watch [YkTo]
	Added [2D85] as watcher for u_7 [4OKO]
	Added [x5MO] as watcher for u_1 [VJzb]
	Asking u_1 [VJzb]'s watchers to watch [YkTo]
	Added [jm4C] as watcher for u_8 [h9hX]
	Asking u_8 [h9hX]'s watchers to watch [YkTo]
	Added [2D85] as watcher for u_3 [oMU2]
	Asking u_3 [oMU2]'s watchers to watch [YkTo]
	Added [x5MO] as watcher for u_4 [Pg3r]
	Asking u_4 [Pg3r]'s watchers to watch [YkTo]
	Added [2D85] as watcher for u_9 [3xR5]
	Asking u_9 [3xR5]'s watchers to watch [YkTo]
	Added [jm4C] as watcher for u_7 [4OKO]
	Asking u_7 [4OKO]'s watchers to watch [YkTo]
	Added [bivQ] as watcher for u_0 [89oC]
	Asking u_0 [89oC]'s watchers to watch [YkTo]
	Added [bivQ] as watcher for u_2 [3eRn]
	Asking u_2 [3eRn]'s watchers to watch [YkTo]
	Added [bivQ] as watcher for u_5 [-KaW]
	Asking u_5 [-KaW]'s watchers to watch [YkTo]
	✅ u_9 [3xR5] Inception Done
	✅ u_6 [eeSp] Inception Done
	✅ u_1 [VJzb] Inception Done
	✅ u_8 [h9hX] Inception Done
	✅ u_4 [Pg3r] Inception Done
	✅ u_0 [89oC] Inception Done
	✅ u_3 [oMU2] Inception Done
	✅ u_7 [4OKO] Inception Done
	✅ u_5 [-KaW] Inception Done
	✅ u_2 [3eRn] Inception Done
Test 2 (signature verification)
	✅ u_6 [eeSp] Message verified
	✅ u_2 [3eRn] Message verified
	✅ u_5 [-KaW] Message verified
	✅ u_1 [VJzb] Message verified
	✅ u_0 [89oC] Message verified
	✅ u_8 [h9hX] Message verified
	✅ u_3 [oMU2] Message verified
	✅ u_9 [3xR5] Message verified
	✅ u_4 [Pg3r] Message verified
	✅ u_7 [4OKO] Message verified
Waiting for an incoming message - Test 3 (signature verification after rotation of issuer)
	✅ u_7 [4OKO] Message Verified (2)
	✅ u_1 [VJzb] Message Verified (2)
	✅ u_8 [h9hX] Message Verified (2)
	✅ u_5 [-KaW] Message Verified (2)
	✅ u_9 [3xR5] Message Verified (2)
	✅ u_0 [89oC] Message Verified (2)
	✅ u_3 [oMU2] Message Verified (2)
	✅ u_6 [eeSp] Message Verified (2)
	✅ u_2 [3eRn] Message Verified (2)
	✅ u_4 [Pg3r] Message Verified (2)
Waiting for an incoming message - Test 4 (valid acdc credential)
skipped--
Waiting for an incoming message - Test 5 (acdc revocation)
skipped--
Waiting for an incoming message - Test 6
u_4 [Pg3r] Starts Rotation
u_2 [3eRn] Starts Rotation
u_8 [h9hX] Starts Rotation
u_9 [3xR5] Starts Rotation
u_6 [eeSp] Starts Rotation
u_5 [-KaW] Starts Rotation
u_7 [4OKO] Starts Rotation
u_0 [89oC] Starts Rotation
u_1 [VJzb] Starts Rotation
u_3 [oMU2] Starts Rotation
u_0 [89oC] Ends Rotation
u_0 [89oC] - Completed Key Rotation
u_2 [3eRn] Ends Rotation
u_2 [3eRn] - Completed Key Rotation
u_4 [Pg3r] Ends Rotation
u_4 [Pg3r] - Completed Key Rotation
u_6 [eeSp] Ends Rotation
u_6 [eeSp] - Completed Key Rotation
u_8 [h9hX] Ends Rotation
u_8 [h9hX] - Completed Key Rotation
u_9 [3xR5] Ends Rotation
u_9 [3xR5] - Completed Key Rotation
u_1 [VJzb] Ends Rotation
u_1 [VJzb] - Completed Key Rotation
u_7 [4OKO] Ends Rotation
u_7 [4OKO] - Completed Key Rotation
u_3 [oMU2] Ends Rotation
u_3 [oMU2] - Completed Key Rotation
u_5 [-KaW] Ends Rotation
u_5 [-KaW] - Completed Key Rotation
Executed 10 users / 10 success / 0 fail
Test 1: 8539ms (853 p.u.)
Test 2: 1ms (0 p.u.)
Test 3: 725ms (72 p.u.)
Test 4: 39749ms (3974 p.u.)
