Waiting for an incoming message - Test 1 (inception)
Error while deserializing http message: Error("EOF while parsing a value", line: 1, column: 0)
	Preparing Data...
	Data is ready, starting users and test1
Incepted: u_6 [0MOm]
Incepted: u_8 [1aGw]
Incepted: u_0 [G88S]
Incepted: u_3 [DQ8P]
Incepted: u_9 [GEbZ]
Incepted: u_1 [nm2v]
Incepted: u_7 [X6K7]
Incepted: u_2 [9GYr]
	Added [bivQ] as watcher for u_8 [1aGw]
Incepted: u_4 [TrZk]
	Added [bivQ] as watcher for u_1 [nm2v]
	Added [bivQ] as watcher for u_9 [GEbZ]
	Added [x5MO] as watcher for u_6 [0MOm]
	Added [bivQ] as watcher for u_2 [9GYr]
Incepted: u_5 [PLMQ]
	Added [jm4C] as watcher for u_0 [G88S]
	Added [jm4C] as watcher for u_3 [DQ8P]
	Added [2D85] as watcher for u_7 [X6K7]
	Added [jm4C] as watcher for u_8 [1aGw]
	Added [2D85] as watcher for u_9 [GEbZ]
	Added [x5MO] as watcher for u_4 [TrZk]
	Added [2D85] as watcher for u_2 [9GYr]
	Added [2D85] as watcher for u_6 [0MOm]
	Added [jm4C] as watcher for u_1 [nm2v]
	Added [jm4C] as watcher for u_5 [PLMQ]
	Added [x5MO] as watcher for u_3 [DQ8P]
	Added [x5MO] as watcher for u_0 [G88S]
	Added [bivQ] as watcher for u_6 [0MOm]
	Asking u_6 [0MOm]'s watchers to watch [YkTo]
	Added [jm4C] as watcher for u_7 [X6K7]
	Added [x5MO] as watcher for u_8 [1aGw]
	Asking u_8 [1aGw]'s watchers to watch [YkTo]
	Added [2D85] as watcher for u_4 [TrZk]
	Added [jm4C] as watcher for u_9 [GEbZ]
	Asking u_9 [GEbZ]'s watchers to watch [YkTo]
	Added [bivQ] as watcher for u_7 [X6K7]
	Asking u_7 [X6K7]'s watchers to watch [YkTo]
	Added [x5MO] as watcher for u_2 [9GYr]
	Asking u_2 [9GYr]'s watchers to watch [YkTo]
	Added [x5MO] as watcher for u_1 [nm2v]
	Asking u_1 [nm2v]'s watchers to watch [YkTo]
	Added [2D85] as watcher for u_5 [PLMQ]
	Added [2D85] as watcher for u_0 [G88S]
	Asking u_0 [G88S]'s watchers to watch [YkTo]
	Added [2D85] as watcher for u_3 [DQ8P]
	Asking u_3 [DQ8P]'s watchers to watch [YkTo]
	Added [bivQ] as watcher for u_4 [TrZk]
	Asking u_4 [TrZk]'s watchers to watch [YkTo]
	✅ u_6 [0MOm] Inception Done
	Added [x5MO] as watcher for u_5 [PLMQ]
	Asking u_5 [PLMQ]'s watchers to watch [YkTo]
	✅ u_8 [1aGw] Inception Done
	✅ u_2 [9GYr] Inception Done
	✅ u_1 [nm2v] Inception Done
	✅ u_0 [G88S] Inception Done
	✅ u_4 [TrZk] Inception Done
	✅ u_7 [X6K7] Inception Done
	✅ u_9 [GEbZ] Inception Done
	✅ u_3 [DQ8P] Inception Done
	✅ u_5 [PLMQ] Inception Done
Test 2 (signature verification)
	✅ u_5 [PLMQ] Message verified
	✅ u_2 [9GYr] Message verified
	✅ u_8 [1aGw] Message verified
	✅ u_4 [TrZk] Message verified
	✅ u_1 [nm2v] Message verified
	✅ u_7 [X6K7] Message verified
	✅ u_6 [0MOm] Message verified
	✅ u_0 [G88S] Message verified
	✅ u_9 [GEbZ] Message verified
	✅ u_3 [DQ8P] Message verified
Waiting for an incoming message - Test 3 (signature verification after rotation of issuer)
	✅ u_6 [0MOm] Message Verified (2)
	✅ u_5 [PLMQ] Message Verified (2)
	✅ u_3 [DQ8P] Message Verified (2)
	✅ u_7 [X6K7] Message Verified (2)
	✅ u_8 [1aGw] Message Verified (2)
	✅ u_4 [TrZk] Message Verified (2)
	✅ u_9 [GEbZ] Message Verified (2)
	✅ u_2 [9GYr] Message Verified (2)
	✅ u_0 [G88S] Message Verified (2)
	✅ u_1 [nm2v] Message Verified (2)
Waiting for an incoming message - Test 4 (valid acdc credential)
skipped--
Waiting for an incoming message - Test 5 (acdc revocation)
skipped--
Waiting for an incoming message - Test 6
u_7 [X6K7] Starts Rotation
u_3 [DQ8P] Starts Rotation
u_9 [GEbZ] Starts Rotation
u_0 [G88S] Starts Rotation
u_1 [nm2v] Starts Rotation
u_5 [PLMQ] Starts Rotation
u_8 [1aGw] Starts Rotation
u_2 [9GYr] Starts Rotation
u_6 [0MOm] Starts Rotation
u_4 [TrZk] Starts Rotation
u_3 [DQ8P] Ends Rotation
u_3 [DQ8P] - Completed Key Rotation
u_9 [GEbZ] Ends Rotation
u_9 [GEbZ] - Completed Key Rotation
u_1 [nm2v] Ends Rotation
u_1 [nm2v] - Completed Key Rotation
u_0 [G88S] Ends Rotation
u_0 [G88S] - Completed Key Rotation
u_8 [1aGw] Ends Rotation
u_8 [1aGw] - Completed Key Rotation
u_5 [PLMQ] Ends Rotation
u_5 [PLMQ] - Completed Key Rotation
u_6 [0MOm] Ends Rotation
u_6 [0MOm] - Completed Key Rotation
u_7 [X6K7] Ends Rotation
u_7 [X6K7] - Completed Key Rotation
u_2 [9GYr] Ends Rotation
u_2 [9GYr] - Completed Key Rotation
u_4 [TrZk] Ends Rotation
u_4 [TrZk] - Completed Key Rotation
Executed 10 users / 10 success / 0 fail
Test 1: 4489ms (448 p.u.)
Test 2: 1ms (0 p.u.)
Test 3: 569ms (56 p.u.)
Test 4: 5253ms (525 p.u.)
