Waiting for an incoming message - Test 1 (inception)
Error while deserializing http message: Error("EOF while parsing a value", line: 1, column: 0)
	Preparing Data...
	Data is ready, starting users and test1
Incepted: u_5 [jiBP]
Incepted: u_4 [jJeb]
Incepted: u_2 [0BAj]
Incepted: u_1 [WYm1]
Incepted: u_8 [cUvF]
Incepted: u_7 [yn6Q]
Incepted: u_3 [ciiV]
	Added [x5MO] as watcher for u_5 [jiBP]
Incepted: u_0 [0HlX]
Incepted: u_6 [sK6e]
	Added [x5MO] as watcher for u_2 [0BAj]
	Added [jm4C] as watcher for u_7 [yn6Q]
	Added [2D85] as watcher for u_4 [jJeb]
Incepted: u_9 [boqn]
	Added [jm4C] as watcher for u_1 [WYm1]
	Added [jm4C] as watcher for u_3 [ciiV]
	Added [x5MO] as watcher for u_8 [cUvF]
	Added [jm4C] as watcher for u_0 [0HlX]
	Added [bivQ] as watcher for u_5 [jiBP]
	Added [bivQ] as watcher for u_2 [0BAj]
	Added [bivQ] as watcher for u_7 [yn6Q]
	Added [2D85] as watcher for u_9 [boqn]
	Added [2D85] as watcher for u_6 [sK6e]
	Added [bivQ] as watcher for u_1 [WYm1]
	Added [x5MO] as watcher for u_3 [ciiV]
	Added [2D85] as watcher for u_8 [cUvF]
	Added [x5MO] as watcher for u_4 [jJeb]
	Added [jm4C] as watcher for u_5 [jiBP]
	Asking u_5 [jiBP]'s watchers to watch [YkTo]
	Added [bivQ] as watcher for u_0 [0HlX]
	Added [jm4C] as watcher for u_9 [boqn]
	Added [2D85] as watcher for u_7 [yn6Q]
	Asking u_7 [yn6Q]'s watchers to watch [YkTo]
	Added [x5MO] as watcher for u_1 [WYm1]
	Asking u_1 [WYm1]'s watchers to watch [YkTo]
	Added [x5MO] as watcher for u_0 [0HlX]
	Asking u_0 [0HlX]'s watchers to watch [YkTo]
	Added [jm4C] as watcher for u_2 [0BAj]
	Asking u_2 [0BAj]'s watchers to watch [YkTo]
	Added [jm4C] as watcher for u_6 [sK6e]
	Added [bivQ] as watcher for u_8 [cUvF]
	Asking u_8 [cUvF]'s watchers to watch [YkTo]
	Added [jm4C] as watcher for u_4 [jJeb]
	Asking u_4 [jJeb]'s watchers to watch [YkTo]
	Added [2D85] as watcher for u_3 [ciiV]
	Asking u_3 [ciiV]'s watchers to watch [YkTo]
	✅ u_5 [jiBP] Inception Done
	Added [bivQ] as watcher for u_9 [boqn]
	Asking u_9 [boqn]'s watchers to watch [YkTo]
	✅ u_1 [WYm1] Inception Done
	✅ u_0 [0HlX] Inception Done
	Added [bivQ] as watcher for u_6 [sK6e]
	Asking u_6 [sK6e]'s watchers to watch [YkTo]
	✅ u_7 [yn6Q] Inception Done
	✅ u_4 [jJeb] Inception Done
	✅ u_2 [0BAj] Inception Done
	✅ u_8 [cUvF] Inception Done
	✅ u_3 [ciiV] Inception Done
	✅ u_9 [boqn] Inception Done
	✅ u_6 [sK6e] Inception Done
Test 2 (signature verification)
	✅ u_6 [sK6e] Message verified
	✅ u_3 [ciiV] Message verified
	✅ u_0 [0HlX] Message verified
	✅ u_9 [boqn] Message verified
	✅ u_7 [yn6Q] Message verified
	✅ u_5 [jiBP] Message verified
	✅ u_8 [cUvF] Message verified
	✅ u_4 [jJeb] Message verified
	✅ u_1 [WYm1] Message verified
	✅ u_2 [0BAj] Message verified
Waiting for an incoming message - Test 3 (signature verification after rotation of issuer)
	✅ u_3 [ciiV] Message Verified (2)
	✅ u_0 [0HlX] Message Verified (2)
	✅ u_5 [jiBP] Message Verified (2)
	✅ u_4 [jJeb] Message Verified (2)
	✅ u_7 [yn6Q] Message Verified (2)
	✅ u_9 [boqn] Message Verified (2)
	✅ u_2 [0BAj] Message Verified (2)
	✅ u_6 [sK6e] Message Verified (2)
	✅ u_8 [cUvF] Message Verified (2)
	✅ u_1 [WYm1] Message Verified (2)
Waiting for an incoming message - Test 4 (valid acdc credential)
skipped--
Waiting for an incoming message - Test 5 (acdc revocation)
skipped--
Waiting for an incoming message - Test 6
u_1 [WYm1] Starts Rotation
u_6 [sK6e] Starts Rotation
u_0 [0HlX] Starts Rotation
u_5 [jiBP] Starts Rotation
u_4 [jJeb] Starts Rotation
u_3 [ciiV] Starts Rotation
u_2 [0BAj] Starts Rotation
u_7 [yn6Q] Starts Rotation
u_9 [boqn] Starts Rotation
u_8 [cUvF] Starts Rotation
u_7 [yn6Q] Ends Rotation
u_7 [yn6Q] - Completed Key Rotation
u_4 [jJeb] Ends Rotation
u_4 [jJeb] - Completed Key Rotation
u_6 [sK6e] Ends Rotation
u_6 [sK6e] - Completed Key Rotation
u_5 [jiBP] Ends Rotation
u_5 [jiBP] - Completed Key Rotation
u_3 [ciiV] Ends Rotation
u_3 [ciiV] - Completed Key Rotation
u_8 [cUvF] Ends Rotation
u_8 [cUvF] - Completed Key Rotation
u_9 [boqn] Ends Rotation
u_9 [boqn] - Completed Key Rotation
u_0 [0HlX] Ends Rotation
u_0 [0HlX] - Completed Key Rotation
u_2 [0BAj] Ends Rotation
u_2 [0BAj] - Completed Key Rotation
u_1 [WYm1] Ends Rotation
u_1 [WYm1] - Completed Key Rotation
Executed 10 users / 10 success / 0 fail
Test 1: 25493ms (2549 p.u.)
Test 2: 1ms (0 p.u.)
Test 3: 739ms (73 p.u.)
Test 4: 28046ms (2804 p.u.)
