Waiting for an incoming message - Test 1 (inception)
Error while deserializing http message: Error("EOF while parsing a value", line: 1, column: 0)
	Preparing Data...
	Data is ready, starting users and test1
Incepted: u_0 [JRiY]
Incepted: u_9 [j4rU]
Incepted: u_2 [k4n9]
	Added [x5MO] as watcher for u_0 [JRiY]
Incepted: u_6 [s6pO]
	Added [x5MO] as watcher for u_9 [j4rU]
Incepted: u_1 [fABc]
Incepted: u_7 [q3Lz]
Incepted: u_8 [LN7E]
Incepted: u_5 [8JZ6]
Incepted: u_4 [QLUq]
	Added [2D85] as watcher for u_2 [k4n9]
	Added [jm4C] as watcher for u_0 [JRiY]
Incepted: u_3 [_O2t]
	Added [2D85] as watcher for u_9 [j4rU]
	Added [x5MO] as watcher for u_6 [s6pO]
	Added [x5MO] as watcher for u_8 [LN7E]
	Added [bivQ] as watcher for u_7 [q3Lz]
	Added [jm4C] as watcher for u_1 [fABc]
	Added [bivQ] as watcher for u_4 [QLUq]
	Added [x5MO] as watcher for u_5 [8JZ6]
	Added [jm4C] as watcher for u_2 [k4n9]
	Added [2D85] as watcher for u_3 [_O2t]
	Added [2D85] as watcher for u_0 [JRiY]
	Asking u_0 [JRiY]'s watchers to watch [YkTo]
	Added [x5MO] as watcher for u_7 [q3Lz]
	Added [bivQ] as watcher for u_9 [j4rU]
	Asking u_9 [j4rU]'s watchers to watch [YkTo]
	Added [bivQ] as watcher for u_1 [fABc]
	Added [2D85] as watcher for u_8 [LN7E]
	Added [jm4C] as watcher for u_5 [8JZ6]
	Added [2D85] as watcher for u_4 [QLUq]
	Added [jm4C] as watcher for u_6 [s6pO]
	Added [x5MO] as watcher for u_2 [k4n9]
	Asking u_2 [k4n9]'s watchers to watch [YkTo]
	✅ u_0 [JRiY] Inception Done
	Added [jm4C] as watcher for u_7 [q3Lz]
	Asking u_7 [q3Lz]'s watchers to watch [YkTo]
	Added [x5MO] as watcher for u_1 [fABc]
	Asking u_1 [fABc]'s watchers to watch [YkTo]
	✅ u_2 [k4n9] Inception Done
	Added [x5MO] as watcher for u_3 [_O2t]
	✅ u_9 [j4rU] Inception Done
	Added [jm4C] as watcher for u_8 [LN7E]
	Asking u_8 [LN7E]'s watchers to watch [YkTo]
	Added [2D85] as watcher for u_6 [s6pO]
	Asking u_6 [s6pO]'s watchers to watch [YkTo]
	Added [2D85] as watcher for u_5 [8JZ6]
	Asking u_5 [8JZ6]'s watchers to watch [YkTo]
	Added [jm4C] as watcher for u_4 [QLUq]
	Asking u_4 [QLUq]'s watchers to watch [YkTo]
	✅ u_8 [LN7E] Inception Done
	Added [jm4C] as watcher for u_3 [_O2t]
	Asking u_3 [_O2t]'s watchers to watch [YkTo]
	✅ u_1 [fABc] Inception Done
	✅ u_6 [s6pO] Inception Done
	✅ u_4 [QLUq] Inception Done
	✅ u_5 [8JZ6] Inception Done
	✅ u_7 [q3Lz] Inception Done
	✅ u_3 [_O2t] Inception Done
Test 2 (signature verification)
	✅ u_3 [_O2t] Message verified
	✅ u_9 [j4rU] Message verified
	✅ u_7 [q3Lz] Message verified
	✅ u_2 [k4n9] Message verified
	✅ u_6 [s6pO] Message verified
	✅ u_8 [LN7E] Message verified
	✅ u_0 [JRiY] Message verified
	✅ u_1 [fABc] Message verified
	✅ u_5 [8JZ6] Message verified
	✅ u_4 [QLUq] Message verified
Waiting for an incoming message - Test 3 (signature verification after rotation of issuer)
Error while deserializing http message: Error("EOF while parsing a value", line: 1, column: 0)
	✅ u_5 [8JZ6] Message Verified (2)
	✅ u_3 [_O2t] Message Verified (2)
	✅ u_4 [QLUq] Message Verified (2)
	✅ u_8 [LN7E] Message Verified (2)
	✅ u_2 [k4n9] Message Verified (2)
	✅ u_1 [fABc] Message Verified (2)
	✅ u_0 [JRiY] Message Verified (2)
	✅ u_9 [j4rU] Message Verified (2)
	✅ u_6 [s6pO] Message Verified (2)
	✅ u_7 [q3Lz] Message Verified (2)
Waiting for an incoming message - Test 4 (valid acdc credential)
skipped--
Waiting for an incoming message - Test 5 (acdc revocation)
skipped--
Waiting for an incoming message - Test 6
u_1 [fABc] Starts Rotation
u_7 [q3Lz] Starts Rotation
u_6 [s6pO] Starts Rotation
u_4 [QLUq] Starts Rotation
u_2 [k4n9] Starts Rotation
u_8 [LN7E] Starts Rotation
u_3 [_O2t] Starts Rotation
u_0 [JRiY] Starts Rotation
u_9 [j4rU] Starts Rotation
u_5 [8JZ6] Starts Rotation
u_2 [k4n9] Ends Rotation
u_2 [k4n9] - Completed Key Rotation
u_0 [JRiY] Ends Rotation
u_0 [JRiY] - Completed Key Rotation
u_9 [j4rU] Ends Rotation
u_9 [j4rU] - Completed Key Rotation
u_3 [_O2t] Ends Rotation
u_3 [_O2t] - Completed Key Rotation
u_5 [8JZ6] Ends Rotation
u_5 [8JZ6] - Completed Key Rotation
u_1 [fABc] Ends Rotation
u_1 [fABc] - Completed Key Rotation
u_4 [QLUq] Ends Rotation
u_4 [QLUq] - Completed Key Rotation
u_6 [s6pO] Ends Rotation
u_6 [s6pO] - Completed Key Rotation
u_7 [q3Lz] Ends Rotation
u_7 [q3Lz] - Completed Key Rotation
u_8 [LN7E] Ends Rotation
u_8 [LN7E] - Completed Key Rotation
Executed 10 users / 10 success / 0 fail
Test 1: 25618ms (2561 p.u.)
Test 2: 1ms (0 p.u.)
Test 3: 602ms (60 p.u.)
Test 4: 27928ms (2792 p.u.)
