Waiting for an incoming message - Test 1 (inception)
Error while deserializing http message: Error("EOF while parsing a value", line: 1, column: 0)
	Preparing Data...
	Data is ready, starting users and test1
Incepted: u_5 [jWcI]
Incepted: u_7 [0MCN]
Incepted: u_1 [jjb8]
Incepted: u_8 [fnu9]
Incepted: u_0 [Ook9]
	Added [jm4C] as watcher for u_5 [jWcI]
	Added [2D85] as watcher for u_1 [jjb8]
	Added [x5MO] as watcher for u_7 [0MCN]
	Added [jm4C] as watcher for u_0 [Ook9]
	Added [x5MO] as watcher for u_5 [jWcI]
	Added [bivQ] as watcher for u_8 [fnu9]
Incepted: u_4 [rzNk]
	Added [2D85] as watcher for u_7 [0MCN]
Incepted: u_2 [JV48]
	Added [2D85] as watcher for u_0 [Ook9]
	Added [bivQ] as watcher for u_1 [jjb8]
	Added [2D85] as watcher for u_8 [fnu9]
	Added [bivQ] as watcher for u_5 [jWcI]
	Asking u_5 [jWcI]'s watchers to watch [YkTo]
Incepted: u_9 [yWR-]
	Added [jm4C] as watcher for u_4 [rzNk]
	Added [x5MO] as watcher for u_1 [jjb8]
	Asking u_1 [jjb8]'s watchers to watch [YkTo]
	Added [x5MO] as watcher for u_0 [Ook9]
	Asking u_0 [Ook9]'s watchers to watch [YkTo]
	Added [bivQ] as watcher for u_7 [0MCN]
	Asking u_7 [0MCN]'s watchers to watch [YkTo]
	Added [x5MO] as watcher for u_8 [fnu9]
	Asking u_8 [fnu9]'s watchers to watch [YkTo]
	Added [bivQ] as watcher for u_2 [JV48]
Incepted: u_3 [l0e2]
	Added [bivQ] as watcher for u_9 [yWR-]
	Added [x5MO] as watcher for u_4 [rzNk]
	Added [x5MO] as watcher for u_2 [JV48]
	✅ u_7 [0MCN] Inception Done
Incepted: u_6 [_y7F]
	Added [bivQ] as watcher for u_3 [l0e2]
	Added [jm4C] as watcher for u_9 [yWR-]
	✅ u_8 [fnu9] Inception Done
	Added [jm4C] as watcher for u_2 [JV48]
	Asking u_2 [JV48]'s watchers to watch [YkTo]
	Added [bivQ] as watcher for u_4 [rzNk]
	Asking u_4 [rzNk]'s watchers to watch [YkTo]
	✅ u_0 [Ook9] Inception Done
	✅ u_1 [jjb8] Inception Done
	✅ u_5 [jWcI] Inception Done
	Added [jm4C] as watcher for u_3 [l0e2]
	Added [2D85] as watcher for u_6 [_y7F]
	Added [x5MO] as watcher for u_9 [yWR-]
	Asking u_9 [yWR-]'s watchers to watch [YkTo]
	✅ u_4 [rzNk] Inception Done
	✅ u_2 [JV48] Inception Done
	Added [2D85] as watcher for u_3 [l0e2]
	Asking u_3 [l0e2]'s watchers to watch [YkTo]
	✅ u_9 [yWR-] Inception Done
	Added [x5MO] as watcher for u_6 [_y7F]
	✅ u_3 [l0e2] Inception Done
	Added [jm4C] as watcher for u_6 [_y7F]
	Asking u_6 [_y7F]'s watchers to watch [YkTo]
	✅ u_6 [_y7F] Inception Done
Test 2 (signature verification)
	✅ u_6 [_y7F] Message verified
	✅ u_8 [fnu9] Message verified
	✅ u_4 [rzNk] Message verified
	✅ u_7 [0MCN] Message verified
	✅ u_1 [jjb8] Message verified
	✅ u_9 [yWR-] Message verified
	✅ u_2 [JV48] Message verified
	✅ u_3 [l0e2] Message verified
	✅ u_0 [Ook9] Message verified
	✅ u_5 [jWcI] Message verified
Waiting for an incoming message - Test 3 (signature verification after rotation of issuer)
Error while deserializing http message: Error("EOF while parsing a value", line: 1, column: 0)
	✅ u_6 [_y7F] Message Verified (2)
	✅ u_0 [Ook9] Message Verified (2)
	✅ u_2 [JV48] Message Verified (2)
	✅ u_5 [jWcI] Message Verified (2)
	✅ u_4 [rzNk] Message Verified (2)
	✅ u_8 [fnu9] Message Verified (2)
	✅ u_9 [yWR-] Message Verified (2)
	✅ u_1 [jjb8] Message Verified (2)
	✅ u_3 [l0e2] Message Verified (2)
	✅ u_7 [0MCN] Message Verified (2)
Waiting for an incoming message - Test 4 (valid acdc credential)
skipped--
Waiting for an incoming message - Test 5 (acdc revocation)
skipped--
Waiting for an incoming message - Test 6
u_7 [0MCN] Starts Rotation
u_5 [jWcI] Starts Rotation
u_1 [jjb8] Starts Rotation
u_3 [l0e2] Starts Rotation
u_2 [JV48] Starts Rotation
u_6 [_y7F] Starts Rotation
u_8 [fnu9] Starts Rotation
u_0 [Ook9] Starts Rotation
u_4 [rzNk] Starts Rotation
u_9 [yWR-] Starts Rotation
u_7 [0MCN] Ends Rotation
u_7 [0MCN] - Completed Key Rotation
u_0 [Ook9] Ends Rotation
u_0 [Ook9] - Completed Key Rotation
u_6 [_y7F] Ends Rotation
u_6 [_y7F] - Completed Key Rotation
u_5 [jWcI] Ends Rotation
u_5 [jWcI] - Completed Key Rotation
u_3 [l0e2] Ends Rotation
u_3 [l0e2] - Completed Key Rotation
u_2 [JV48] Ends Rotation
u_2 [JV48] - Completed Key Rotation
u_4 [rzNk] Ends Rotation
u_4 [rzNk] - Completed Key Rotation
u_8 [fnu9] Ends Rotation
u_8 [fnu9] - Completed Key Rotation
u_1 [jjb8] Ends Rotation
u_1 [jjb8] - Completed Key Rotation
u_9 [yWR-] Ends Rotation
u_9 [yWR-] - Completed Key Rotation
Executed 10 users / 10 success / 0 fail
Test 1: 31166ms (3116 p.u.)
Test 2: 1ms (0 p.u.)
Test 3: 697ms (69 p.u.)
Test 4: 34147ms (3414 p.u.)
