Waiting for an incoming message - Test 1 (inception)
Error while deserializing http message: Error("EOF while parsing a value", line: 1, column: 0)
	Preparing Data...
	Data is ready, starting users and test1
Incepted: u_4 [oCPO]
Incepted: u_0 [NZ33]
Incepted: u_6 [uTy7]
Incepted: u_7 [HhQa]
Incepted: u_8 [_zL9]
Incepted: u_5 [YArW]
Incepted: u_9 [GybM]
Incepted: u_1 [NVrl]
Incepted: u_3 [bj2L]
Incepted: u_2 [koVW]
	Added [2D85] as watcher for u_0 [NZ33]
	Added [2D85] as watcher for u_6 [uTy7]
	Added [jm4C] as watcher for u_4 [oCPO]
	Added [x5MO] as watcher for u_7 [HhQa]
	Added [jm4C] as watcher for u_1 [NVrl]
	Added [jm4C] as watcher for u_5 [YArW]
	Added [bivQ] as watcher for u_8 [_zL9]
	Added [bivQ] as watcher for u_9 [GybM]
	Added [jm4C] as watcher for u_3 [bj2L]
	Added [jm4C] as watcher for u_0 [NZ33]
	Added [jm4C] as watcher for u_2 [koVW]
	Added [x5MO] as watcher for u_4 [oCPO]
	Added [2D85] as watcher for u_8 [_zL9]
	Added [jm4C] as watcher for u_7 [HhQa]
	Added [bivQ] as watcher for u_6 [uTy7]
	Added [2D85] as watcher for u_9 [GybM]
	Added [x5MO] as watcher for u_1 [NVrl]
	Added [x5MO] as watcher for u_5 [YArW]
	Added [bivQ] as watcher for u_3 [bj2L]
	Added [2D85] as watcher for u_2 [koVW]
	Added [2D85] as watcher for u_4 [oCPO]
	Asking u_4 [oCPO]'s watchers to watch [YkTo]
	Added [2D85] as watcher for u_1 [NVrl]
	Asking u_1 [NVrl]'s watchers to watch [YkTo]
	Added [x5MO] as watcher for u_9 [GybM]
	Asking u_9 [GybM]'s watchers to watch [YkTo]
	Added [bivQ] as watcher for u_0 [NZ33]
	Asking u_0 [NZ33]'s watchers to watch [YkTo]
	Added [x5MO] as watcher for u_8 [_zL9]
	Asking u_8 [_zL9]'s watchers to watch [YkTo]
	Added [bivQ] as watcher for u_7 [HhQa]
	Asking u_7 [HhQa]'s watchers to watch [YkTo]
	Added [x5MO] as watcher for u_6 [uTy7]
	Asking u_6 [uTy7]'s watchers to watch [YkTo]
	Added [x5MO] as watcher for u_3 [bj2L]
	Asking u_3 [bj2L]'s watchers to watch [YkTo]
	Added [bivQ] as watcher for u_5 [YArW]
	Asking u_5 [YArW]'s watchers to watch [YkTo]
	Added [x5MO] as watcher for u_2 [koVW]
	Asking u_2 [koVW]'s watchers to watch [YkTo]
	✅ u_5 [YArW] Inception Done
	✅ u_9 [GybM] Inception Done
	✅ u_1 [NVrl] Inception Done
	✅ u_6 [uTy7] Inception Done
	✅ u_7 [HhQa] Inception Done
	✅ u_4 [oCPO] Inception Done
	✅ u_0 [NZ33] Inception Done
	✅ u_2 [koVW] Inception Done
	✅ u_8 [_zL9] Inception Done
	✅ u_3 [bj2L] Inception Done
Test 2 (signature verification)
	✅ u_3 [bj2L] Message verified
	✅ u_1 [NVrl] Message verified
	✅ u_0 [NZ33] Message verified
	✅ u_8 [_zL9] Message verified
	✅ u_9 [GybM] Message verified
	✅ u_2 [koVW] Message verified
	✅ u_6 [uTy7] Message verified
	✅ u_5 [YArW] Message verified
	✅ u_7 [HhQa] Message verified
	✅ u_4 [oCPO] Message verified
Waiting for an incoming message - Test 3 (signature verification after rotation of issuer)
	✅ u_6 [uTy7] Message Verified (2)
	✅ u_4 [oCPO] Message Verified (2)
	✅ u_5 [YArW] Message Verified (2)
	✅ u_9 [GybM] Message Verified (2)
	✅ u_7 [HhQa] Message Verified (2)
	✅ u_2 [koVW] Message Verified (2)
	✅ u_3 [bj2L] Message Verified (2)
	✅ u_8 [_zL9] Message Verified (2)
	✅ u_0 [NZ33] Message Verified (2)
	✅ u_1 [NVrl] Message Verified (2)
Waiting for an incoming message - Test 4 (valid acdc credential)
skipped--
Waiting for an incoming message - Test 5 (acdc revocation)
skipped--
Waiting for an incoming message - Test 6
u_1 [NVrl] Starts Rotation
u_7 [HhQa] Starts Rotation
u_0 [NZ33] Starts Rotation
u_3 [bj2L] Starts Rotation
u_4 [oCPO] Starts Rotation
u_5 [YArW] Starts Rotation
u_6 [uTy7] Starts Rotation
u_2 [koVW] Starts Rotation
u_9 [GybM] Starts Rotation
u_8 [_zL9] Starts Rotation
u_6 [uTy7] Ends Rotation
u_6 [uTy7] - Completed Key Rotation
u_9 [GybM] Ends Rotation
u_9 [GybM] - Completed Key Rotation
u_7 [HhQa] Ends Rotation
u_7 [HhQa] - Completed Key Rotation
u_1 [NVrl] Ends Rotation
u_1 [NVrl] - Completed Key Rotation
u_2 [koVW] Ends Rotation
u_2 [koVW] - Completed Key Rotation
u_5 [YArW] Ends Rotation
u_5 [YArW] - Completed Key Rotation
u_0 [NZ33] Ends Rotation
u_0 [NZ33] - Completed Key Rotation
u_3 [bj2L] Ends Rotation
u_3 [bj2L] - Completed Key Rotation
u_4 [oCPO] Ends Rotation
u_4 [oCPO] - Completed Key Rotation
u_8 [_zL9] Ends Rotation
u_8 [_zL9] - Completed Key Rotation
Executed 10 users / 10 success / 0 fail
Test 1: 9472ms (947 p.u.)
Test 2: 1ms (0 p.u.)
Test 3: 709ms (70 p.u.)
Test 4: 40254ms (4025 p.u.)
