Waiting for an incoming message - Test 1 (inception)
Error while deserializing http message: Error("EOF while parsing a value", line: 1, column: 0)
	Preparing Data...
	Data is ready, starting users and test1
Incepted: u_7 [e8ZB]
	Added [bivQ] as watcher for u_7 [e8ZB]
Incepted: u_1 [A2ca]
	Added [jm4C] as watcher for u_7 [e8ZB]
	Added [x5MO] as watcher for u_1 [A2ca]
Incepted: u_4 [bC7b]
	Added [x5MO] as watcher for u_7 [e8ZB]
	Asking u_7 [e8ZB]'s watchers to watch [YkTo]
Incepted: u_3 [9QFY]
	Added [x5MO] as watcher for u_4 [bC7b]
	Added [jm4C] as watcher for u_1 [A2ca]
Incepted: u_5 [377_]
Incepted: u_6 [_n_K]
Incepted: u_0 [06yS]
Incepted: u_9 [_YTr]
	Added [bivQ] as watcher for u_3 [9QFY]
	Added [x5MO] as watcher for u_5 [377_]
	Added [jm4C] as watcher for u_4 [bC7b]
	Added [2D85] as watcher for u_1 [A2ca]
	Asking u_1 [A2ca]'s watchers to watch [YkTo]
	Added [bivQ] as watcher for u_6 [_n_K]
	Added [2D85] as watcher for u_9 [_YTr]
	Added [bivQ] as watcher for u_0 [06yS]
	Added [x5MO] as watcher for u_3 [9QFY]
	Added [2D85] as watcher for u_5 [377_]
	Added [2D85] as watcher for u_4 [bC7b]
	Asking u_4 [bC7b]'s watchers to watch [YkTo]
	Added [2D85] as watcher for u_6 [_n_K]
	Added [jm4C] as watcher for u_9 [_YTr]
	Added [jm4C] as watcher for u_6 [_n_K]
	Asking u_6 [_n_K]'s watchers to watch [YkTo]
	Added [jm4C] as watcher for u_3 [9QFY]
	Asking u_3 [9QFY]'s watchers to watch [YkTo]
	Added [jm4C] as watcher for u_5 [377_]
	Asking u_5 [377_]'s watchers to watch [YkTo]
	Added [jm4C] as watcher for u_0 [06yS]
	Added [x5MO] as watcher for u_9 [_YTr]
	Asking u_9 [_YTr]'s watchers to watch [YkTo]
Incepted: u_8 [0btk]
	Added [2D85] as watcher for u_0 [06yS]
	Asking u_0 [06yS]'s watchers to watch [YkTo]
	Added [2D85] as watcher for u_8 [0btk]
	Added [jm4C] as watcher for u_8 [0btk]
	Added [x5MO] as watcher for u_8 [0btk]
	Asking u_8 [0btk]'s watchers to watch [YkTo]
Incepted: u_2 [nfPw]
	Added [bivQ] as watcher for u_2 [nfPw]
	Added [jm4C] as watcher for u_2 [nfPw]
	Added [2D85] as watcher for u_2 [nfPw]
	Asking u_2 [nfPw]'s watchers to watch [YkTo]
	✅ u_1 [A2ca] Inception Done
	✅ u_7 [e8ZB] Inception Done
	✅ u_0 [06yS] Inception Done
	✅ u_3 [9QFY] Inception Done
	✅ u_5 [377_] Inception Done
	✅ u_4 [bC7b] Inception Done
	✅ u_8 [0btk] Inception Done
	✅ u_2 [nfPw] Inception Done
	✅ u_9 [_YTr] Inception Done
	✅ u_6 [_n_K] Inception Done
Test 2 (signature verification)
	✅ u_6 [_n_K] Message verified
	✅ u_9 [_YTr] Message verified
	✅ u_2 [nfPw] Message verified
	✅ u_0 [06yS] Message verified
	✅ u_8 [0btk] Message verified
	✅ u_7 [e8ZB] Message verified
	✅ u_4 [bC7b] Message verified
	✅ u_3 [9QFY] Message verified
	✅ u_1 [A2ca] Message verified
	✅ u_5 [377_] Message verified
Waiting for an incoming message - Test 3 (signature verification after rotation of issuer)
	✅ u_3 [9QFY] Message Verified (2)
	✅ u_7 [e8ZB] Message Verified (2)
	✅ u_0 [06yS] Message Verified (2)
	✅ u_8 [0btk] Message Verified (2)
	✅ u_6 [_n_K] Message Verified (2)
	✅ u_4 [bC7b] Message Verified (2)
	✅ u_5 [377_] Message Verified (2)
	✅ u_2 [nfPw] Message Verified (2)
	✅ u_9 [_YTr] Message Verified (2)
	✅ u_1 [A2ca] Message Verified (2)
Waiting for an incoming message - Test 4 (valid acdc credential)
skipped--
Waiting for an incoming message - Test 5 (acdc revocation)
skipped--
Waiting for an incoming message - Test 6
u_9 [_YTr] Starts Rotation
u_1 [A2ca] Starts Rotation
u_0 [06yS] Starts Rotation
u_2 [nfPw] Starts Rotation
u_4 [bC7b] Starts Rotation
u_5 [377_] Starts Rotation
u_6 [_n_K] Starts Rotation
u_8 [0btk] Starts Rotation
u_7 [e8ZB] Starts Rotation
u_3 [9QFY] Starts Rotation
u_9 [_YTr] Ends Rotation
u_9 [_YTr] - Completed Key Rotation
u_3 [9QFY] Ends Rotation
u_3 [9QFY] - Completed Key Rotation
u_0 [06yS] Ends Rotation
u_0 [06yS] - Completed Key Rotation
u_1 [A2ca] Ends Rotation
u_1 [A2ca] - Completed Key Rotation
u_5 [377_] Ends Rotation
u_5 [377_] - Completed Key Rotation
u_6 [_n_K] Ends Rotation
u_6 [_n_K] - Completed Key Rotation
u_8 [0btk] Ends Rotation
u_8 [0btk] - Completed Key Rotation
u_7 [e8ZB] Ends Rotation
u_7 [e8ZB] - Completed Key Rotation
u_2 [nfPw] Ends Rotation
u_2 [nfPw] - Completed Key Rotation
u_4 [bC7b] Ends Rotation
u_4 [bC7b] - Completed Key Rotation
Executed 10 users / 10 success / 0 fail
Test 1: 22335ms (2233 p.u.)
Test 2: 1ms (0 p.u.)
Test 3: 1097ms (109 p.u.)
Test 4: 37717ms (3771 p.u.)
