Waiting for an incoming message - Test 1 (inception)
Error while deserializing http message: Error("EOF while parsing a value", line: 1, column: 0)
	Preparing Data...
	Data is ready, starting users and test1
Incepted: u_2 [cRkr]
Incepted: u_8 [q51R]
Incepted: u_1 [zw-0]
Incepted: u_4 [1ogc]
Incepted: u_0 [vGTw]
Incepted: u_9 [n0jH]
Incepted: u_3 [NhFF]
	Added [bivQ] as watcher for u_2 [cRkr]
Incepted: u_6 [BP2X]
Incepted: u_5 [yXQa]
	Added [2D85] as watcher for u_4 [1ogc]
Incepted: u_7 [e8K2]
	Added [bivQ] as watcher for u_8 [q51R]
	Added [jm4C] as watcher for u_0 [vGTw]
	Added [2D85] as watcher for u_9 [n0jH]
	Added [x5MO] as watcher for u_1 [zw-0]
	Added [x5MO] as watcher for u_2 [cRkr]
	Added [bivQ] as watcher for u_6 [BP2X]
	Added [bivQ] as watcher for u_3 [NhFF]
	Added [x5MO] as watcher for u_4 [1ogc]
	Added [x5MO] as watcher for u_8 [q51R]
	Added [x5MO] as watcher for u_0 [vGTw]
	Added [jm4C] as watcher for u_5 [yXQa]
	Added [bivQ] as watcher for u_7 [e8K2]
	Added [jm4C] as watcher for u_9 [n0jH]
	Added [jm4C] as watcher for u_1 [zw-0]
	Added [bivQ] as watcher for u_5 [yXQa]
	Added [bivQ] as watcher for u_4 [1ogc]
	Asking u_4 [1ogc]'s watchers to watch [YkTo]
	Added [2D85] as watcher for u_3 [NhFF]
	Added [2D85] as watcher for u_2 [cRkr]
	Asking u_2 [cRkr]'s watchers to watch [YkTo]
	Added [2D85] as watcher for u_6 [BP2X]
	Added [jm4C] as watcher for u_8 [q51R]
	Asking u_8 [q51R]'s watchers to watch [YkTo]
	Added [bivQ] as watcher for u_0 [vGTw]
	Asking u_0 [vGTw]'s watchers to watch [YkTo]
	Added [bivQ] as watcher for u_9 [n0jH]
	Asking u_9 [n0jH]'s watchers to watch [YkTo]
	Added [bivQ] as watcher for u_1 [zw-0]
	Asking u_1 [zw-0]'s watchers to watch [YkTo]
	✅ u_2 [cRkr] Inception Done
	Added [2D85] as watcher for u_7 [e8K2]
	Added [2D85] as watcher for u_5 [yXQa]
	Asking u_5 [yXQa]'s watchers to watch [YkTo]
	✅ u_4 [1ogc] Inception Done
	Added [x5MO] as watcher for u_6 [BP2X]
	Asking u_6 [BP2X]'s watchers to watch [YkTo]
	✅ u_8 [q51R] Inception Done
	Added [x5MO] as watcher for u_3 [NhFF]
	Asking u_3 [NhFF]'s watchers to watch [YkTo]
	Added [x5MO] as watcher for u_7 [e8K2]
	Asking u_7 [e8K2]'s watchers to watch [YkTo]
	✅ u_9 [n0jH] Inception Done
	✅ u_0 [vGTw] Inception Done
	✅ u_1 [zw-0] Inception Done
	✅ u_5 [yXQa] Inception Done
	✅ u_7 [e8K2] Inception Done
	✅ u_6 [BP2X] Inception Done
	✅ u_3 [NhFF] Inception Done
Test 2 (signature verification)
	✅ u_3 [NhFF] Message verified
	✅ u_9 [n0jH] Message verified
	✅ u_5 [yXQa] Message verified
	✅ u_7 [e8K2] Message verified
	✅ u_0 [vGTw] Message verified
	✅ u_6 [BP2X] Message verified
	✅ u_2 [cRkr] Message verified
	✅ u_4 [1ogc] Message verified
	✅ u_8 [q51R] Message verified
	✅ u_1 [zw-0] Message verified
Waiting for an incoming message - Test 3 (signature verification after rotation of issuer)
	✅ u_7 [e8K2] Message Verified (2)
	✅ u_3 [NhFF] Message Verified (2)
	✅ u_6 [BP2X] Message Verified (2)
	✅ u_0 [vGTw] Message Verified (2)
	✅ u_2 [cRkr] Message Verified (2)
	✅ u_5 [yXQa] Message Verified (2)
	✅ u_4 [1ogc] Message Verified (2)
	✅ u_9 [n0jH] Message Verified (2)
	✅ u_8 [q51R] Message Verified (2)
	✅ u_1 [zw-0] Message Verified (2)
Waiting for an incoming message - Test 4 (valid acdc credential)
skipped--
Waiting for an incoming message - Test 5 (acdc revocation)
skipped--
Waiting for an incoming message - Test 6
u_1 [zw-0] Starts Rotation
u_9 [n0jH] Starts Rotation
u_2 [cRkr] Starts Rotation
u_7 [e8K2] Starts Rotation
u_8 [q51R] Starts Rotation
u_6 [BP2X] Starts Rotation
u_5 [yXQa] Starts Rotation
u_3 [NhFF] Starts Rotation
u_0 [vGTw] Starts Rotation
u_4 [1ogc] Starts Rotation
u_2 [cRkr] Ends Rotation
u_2 [cRkr] - Completed Key Rotation
u_5 [yXQa] Ends Rotation
u_5 [yXQa] - Completed Key Rotation
u_6 [BP2X] Ends Rotation
u_6 [BP2X] - Completed Key Rotation
u_3 [NhFF] Ends Rotation
u_3 [NhFF] - Completed Key Rotation
u_7 [e8K2] Ends Rotation
u_7 [e8K2] - Completed Key Rotation
u_8 [q51R] Ends Rotation
u_8 [q51R] - Completed Key Rotation
u_1 [zw-0] Ends Rotation
u_1 [zw-0] - Completed Key Rotation
u_0 [vGTw] Ends Rotation
u_0 [vGTw] - Completed Key Rotation
u_9 [n0jH] Ends Rotation
u_9 [n0jH] - Completed Key Rotation
u_4 [1ogc] Ends Rotation
u_4 [1ogc] - Completed Key Rotation
Executed 10 users / 10 success / 0 fail
Test 1: 27345ms (2734 p.u.)
Test 2: 1ms (0 p.u.)
Test 3: 681ms (68 p.u.)
Test 4: 30832ms (3083 p.u.)
