Waiting for an incoming message - Test 1 (inception)
Error while deserializing http message: Error("EOF while parsing a value", line: 1, column: 0)
	Preparing Data...
	Data is ready, starting users and test1
Incepted: u_4 [q6ZV]
	Added [jm4C] as watcher for u_4 [q6ZV]
Incepted: u_2 [Wzjq]
Incepted: u_5 [IFmH]
Incepted: u_8 [kHlm]
	Added [x5MO] as watcher for u_2 [Wzjq]
	Added [2D85] as watcher for u_5 [IFmH]
	Added [bivQ] as watcher for u_4 [q6ZV]
Incepted: u_0 [spaq]
Incepted: u_7 [0HnD]
Incepted: u_3 [eIXe]
	Added [jm4C] as watcher for u_2 [Wzjq]
	Added [jm4C] as watcher for u_0 [spaq]
	Added [x5MO] as watcher for u_4 [q6ZV]
	Asking u_4 [q6ZV]'s watchers to watch [YkTo]
	Added [2D85] as watcher for u_7 [0HnD]
	Added [bivQ] as watcher for u_8 [kHlm]
	Added [x5MO] as watcher for u_5 [IFmH]
Incepted: u_9 [Z790]
Incepted: u_1 [knpA]
Incepted: u_6 [yfRH]
	Added [jm4C] as watcher for u_3 [eIXe]
	Added [2D85] as watcher for u_0 [spaq]
	Added [x5MO] as watcher for u_7 [0HnD]
	Added [jm4C] as watcher for u_5 [IFmH]
	Asking u_5 [IFmH]'s watchers to watch [YkTo]
	Added [bivQ] as watcher for u_2 [Wzjq]
	Asking u_2 [Wzjq]'s watchers to watch [YkTo]
	Added [2D85] as watcher for u_8 [kHlm]
	Added [jm4C] as watcher for u_9 [Z790]
	Added [x5MO] as watcher for u_0 [spaq]
	Asking u_0 [spaq]'s watchers to watch [YkTo]
	Added [jm4C] as watcher for u_7 [0HnD]
	Asking u_7 [0HnD]'s watchers to watch [YkTo]
	Added [x5MO] as watcher for u_3 [eIXe]
	Added [bivQ] as watcher for u_1 [knpA]
	Added [bivQ] as watcher for u_6 [yfRH]
	Added [x5MO] as watcher for u_8 [kHlm]
	Asking u_8 [kHlm]'s watchers to watch [YkTo]
	Added [2D85] as watcher for u_9 [Z790]
	Added [x5MO] as watcher for u_1 [knpA]
	Added [x5MO] as watcher for u_6 [yfRH]
	Added [jm4C] as watcher for u_1 [knpA]
	Asking u_1 [knpA]'s watchers to watch [YkTo]
	Added [bivQ] as watcher for u_3 [eIXe]
	Asking u_3 [eIXe]'s watchers to watch [YkTo]
	Added [2D85] as watcher for u_6 [yfRH]
	Asking u_6 [yfRH]'s watchers to watch [YkTo]
	Added [bivQ] as watcher for u_9 [Z790]
	Asking u_9 [Z790]'s watchers to watch [YkTo]
	✅ u_4 [q6ZV] Inception Done
	✅ u_5 [IFmH] Inception Done
	✅ u_2 [Wzjq] Inception Done
	✅ u_8 [kHlm] Inception Done
	✅ u_3 [eIXe] Inception Done
	✅ u_7 [0HnD] Inception Done
	✅ u_9 [Z790] Inception Done
	✅ u_0 [spaq] Inception Done
	✅ u_6 [yfRH] Inception Done
	✅ u_1 [knpA] Inception Done
Test 2 (signature verification)
	✅ u_1 [knpA] Message verified
	✅ u_3 [eIXe] Message verified
	✅ u_0 [spaq] Message verified
	✅ u_8 [kHlm] Message verified
	✅ u_9 [Z790] Message verified
	✅ u_6 [yfRH] Message verified
	✅ u_4 [q6ZV] Message verified
	✅ u_5 [IFmH] Message verified
	✅ u_2 [Wzjq] Message verified
	✅ u_7 [0HnD] Message verified
Waiting for an incoming message - Test 3 (signature verification after rotation of issuer)
	✅ u_5 [IFmH] Message Verified (2)
	✅ u_7 [0HnD] Message Verified (2)
	✅ u_9 [Z790] Message Verified (2)
	✅ u_8 [kHlm] Message Verified (2)
	✅ u_1 [knpA] Message Verified (2)
	✅ u_3 [eIXe] Message Verified (2)
	✅ u_0 [spaq] Message Verified (2)
	✅ u_6 [yfRH] Message Verified (2)
	✅ u_2 [Wzjq] Message Verified (2)
	✅ u_4 [q6ZV] Message Verified (2)
Waiting for an incoming message - Test 4 (valid acdc credential)
skipped--
Waiting for an incoming message - Test 5 (acdc revocation)
skipped--
Waiting for an incoming message - Test 6
u_4 [q6ZV] Starts Rotation
u_9 [Z790] Starts Rotation
u_6 [yfRH] Starts Rotation
u_0 [spaq] Starts Rotation
u_7 [0HnD] Starts Rotation
u_5 [IFmH] Starts Rotation
u_3 [eIXe] Starts Rotation
u_1 [knpA] Starts Rotation
u_8 [kHlm] Starts Rotation
u_2 [Wzjq] Starts Rotation
u_7 [0HnD] Ends Rotation
u_7 [0HnD] - Completed Key Rotation
u_5 [IFmH] Ends Rotation
u_5 [IFmH] - Completed Key Rotation
u_4 [q6ZV] Ends Rotation
u_4 [q6ZV] - Completed Key Rotation
u_8 [kHlm] Ends Rotation
u_8 [kHlm] - Completed Key Rotation
u_6 [yfRH] Ends Rotation
u_6 [yfRH] - Completed Key Rotation
u_0 [spaq] Ends Rotation
u_0 [spaq] - Completed Key Rotation
u_3 [eIXe] Ends Rotation
u_3 [eIXe] - Completed Key Rotation
u_1 [knpA] Ends Rotation
u_1 [knpA] - Completed Key Rotation
u_2 [Wzjq] Ends Rotation
u_2 [Wzjq] - Completed Key Rotation
u_9 [Z790] Ends Rotation
u_9 [Z790] - Completed Key Rotation
Executed 10 users / 10 success / 0 fail
Test 1: 10881ms (1088 p.u.)
Test 2: 1ms (0 p.u.)
Test 3: 711ms (71 p.u.)
Test 4: 40397ms (4039 p.u.)
