Waiting for an incoming message - Test 1 (inception)
Error while deserializing http message: Error("EOF while parsing a value", line: 1, column: 0)
	Preparing Data...
	Data is ready, starting users and test1
Incepted: u_8 [tB2t]
Incepted: u_6 [Nq90]
Incepted: u_9 [zqlS]
Incepted: u_4 [pRyO]
Incepted: u_1 [G6CN]
Incepted: u_0 [Lm0a]
Incepted: u_7 [uEc4]
Incepted: u_5 [TP5H]
Incepted: u_3 [Fi9O]
	Added [2D85] as watcher for u_8 [tB2t]
Incepted: u_2 [wTHB]
	Added [2D85] as watcher for u_9 [zqlS]
	Added [x5MO] as watcher for u_6 [Nq90]
	Added [2D85] as watcher for u_2 [wTHB]
	Added [x5MO] as watcher for u_0 [Lm0a]
	Added [x5MO] as watcher for u_3 [Fi9O]
	Added [2D85] as watcher for u_7 [uEc4]
	Added [bivQ] as watcher for u_5 [TP5H]
	Added [bivQ] as watcher for u_1 [G6CN]
	Added [bivQ] as watcher for u_4 [pRyO]
	Added [jm4C] as watcher for u_8 [tB2t]
	Added [bivQ] as watcher for u_9 [zqlS]
	Added [bivQ] as watcher for u_6 [Nq90]
	Added [jm4C] as watcher for u_7 [uEc4]
	Added [2D85] as watcher for u_3 [Fi9O]
	Added [x5MO] as watcher for u_2 [wTHB]
	Added [bivQ] as watcher for u_0 [Lm0a]
	Added [jm4C] as watcher for u_1 [G6CN]
	Added [2D85] as watcher for u_5 [TP5H]
	Added [x5MO] as watcher for u_4 [pRyO]
	Added [x5MO] as watcher for u_8 [tB2t]
	Asking u_8 [tB2t]'s watchers to watch [YkTo]
	Added [2D85] as watcher for u_6 [Nq90]
	Asking u_6 [Nq90]'s watchers to watch [YkTo]
	Added [2D85] as watcher for u_0 [Lm0a]
	Asking u_0 [Lm0a]'s watchers to watch [YkTo]
	Added [jm4C] as watcher for u_9 [zqlS]
	Asking u_9 [zqlS]'s watchers to watch [YkTo]
	Added [bivQ] as watcher for u_7 [uEc4]
	Asking u_7 [uEc4]'s watchers to watch [YkTo]
	Added [jm4C] as watcher for u_2 [wTHB]
	Asking u_2 [wTHB]'s watchers to watch [YkTo]
	Added [jm4C] as watcher for u_5 [TP5H]
	Asking u_5 [TP5H]'s watchers to watch [YkTo]
	Added [x5MO] as watcher for u_1 [G6CN]
	Asking u_1 [G6CN]'s watchers to watch [YkTo]
	Added [bivQ] as watcher for u_3 [Fi9O]
	Asking u_3 [Fi9O]'s watchers to watch [YkTo]
	Added [jm4C] as watcher for u_4 [pRyO]
	Asking u_4 [pRyO]'s watchers to watch [YkTo]
	✅ u_8 [tB2t] Inception Done
	✅ u_6 [Nq90] Inception Done
	✅ u_3 [Fi9O] Inception Done
	✅ u_2 [wTHB] Inception Done
	✅ u_9 [zqlS] Inception Done
	✅ u_7 [uEc4] Inception Done
	✅ u_0 [Lm0a] Inception Done
	✅ u_1 [G6CN] Inception Done
	✅ u_4 [pRyO] Inception Done
	✅ u_5 [TP5H] Inception Done
Test 2 (signature verification)
	✅ u_5 [TP5H] Message verified
	✅ u_4 [pRyO] Message verified
	✅ u_2 [wTHB] Message verified
	✅ u_6 [Nq90] Message verified
	✅ u_3 [Fi9O] Message verified
	✅ u_9 [zqlS] Message verified
	✅ u_0 [Lm0a] Message verified
	✅ u_1 [G6CN] Message verified
	✅ u_8 [tB2t] Message verified
	✅ u_7 [uEc4] Message verified
Waiting for an incoming message - Test 3 (signature verification after rotation of issuer)
	✅ u_3 [Fi9O] Message Verified (2)
	✅ u_4 [pRyO] Message Verified (2)
	✅ u_8 [tB2t] Message Verified (2)
	✅ u_7 [uEc4] Message Verified (2)
	✅ u_2 [wTHB] Message Verified (2)
	✅ u_0 [Lm0a] Message Verified (2)
	✅ u_1 [G6CN] Message Verified (2)
	✅ u_6 [Nq90] Message Verified (2)
	✅ u_9 [zqlS] Message Verified (2)
	✅ u_5 [TP5H] Message Verified (2)
Waiting for an incoming message - Test 4 (valid acdc credential)
skipped--
Waiting for an incoming message - Test 5 (acdc revocation)
skipped--
Waiting for an incoming message - Test 6
u_5 [TP5H] Starts Rotation
u_6 [Nq90] Starts Rotation
u_0 [Lm0a] Starts Rotation
u_7 [uEc4] Starts Rotation
u_9 [zqlS] Starts Rotation
u_3 [Fi9O] Starts Rotation
u_8 [tB2t] Starts Rotation
u_4 [pRyO] Starts Rotation
u_2 [wTHB] Starts Rotation
u_1 [G6CN] Starts Rotation
u_4 [pRyO] Ends Rotation
u_4 [pRyO] - Completed Key Rotation
u_9 [zqlS] Ends Rotation
u_9 [zqlS] - Completed Key Rotation
u_0 [Lm0a] Ends Rotation
u_0 [Lm0a] - Completed Key Rotation
u_2 [wTHB] Ends Rotation
u_2 [wTHB] - Completed Key Rotation
u_3 [Fi9O] Ends Rotation
u_3 [Fi9O] - Completed Key Rotation
u_7 [uEc4] Ends Rotation
u_7 [uEc4] - Completed Key Rotation
u_5 [TP5H] Ends Rotation
u_5 [TP5H] - Completed Key Rotation
u_8 [tB2t] Ends Rotation
u_8 [tB2t] - Completed Key Rotation
u_1 [G6CN] Ends Rotation
u_1 [G6CN] - Completed Key Rotation
u_6 [Nq90] Ends Rotation
u_6 [Nq90] - Completed Key Rotation
Executed 10 users / 10 success / 0 fail
Test 1: 6206ms (620 p.u.)
Test 2: 1ms (0 p.u.)
Test 3: 709ms (70 p.u.)
Test 4: 34042ms (3404 p.u.)
