Waiting for an incoming message - Test 1 (inception)
Error while deserializing http message: Error("EOF while parsing a value", line: 1, column: 0)
	Preparing Data...
	Data is ready, starting users and test1
Incepted: u_0 [9Lh1]
Incepted: u_3 [Mk6K]
Incepted: u_2 [JFsh]
	Added [jm4C] as watcher for u_0 [9Lh1]
	Added [x5MO] as watcher for u_3 [Mk6K]
Incepted: u_8 [k3Qe]
	Added [2D85] as watcher for u_0 [9Lh1]
Incepted: u_1 [g0V4]
Incepted: u_6 [V2O4]
Incepted: u_4 [sLuw]
	Added [bivQ] as watcher for u_2 [JFsh]
	Added [x5MO] as watcher for u_8 [k3Qe]
Incepted: u_7 [JVVm]
Incepted: u_5 [3R4a]
Incepted: u_9 [HL1K]
	Added [bivQ] as watcher for u_3 [Mk6K]
	Added [2D85] as watcher for u_6 [V2O4]
	Added [2D85] as watcher for u_1 [g0V4]
	Added [bivQ] as watcher for u_0 [9Lh1]
	Asking u_0 [9Lh1]'s watchers to watch [YkTo]
	Added [x5MO] as watcher for u_4 [sLuw]
	Added [jm4C] as watcher for u_5 [3R4a]
	Added [2D85] as watcher for u_8 [k3Qe]
	Added [2D85] as watcher for u_3 [Mk6K]
	Asking u_3 [Mk6K]'s watchers to watch [YkTo]
	Added [x5MO] as watcher for u_6 [V2O4]
	Added [bivQ] as watcher for u_9 [HL1K]
	✅ u_0 [9Lh1] Inception Done
	Added [2D85] as watcher for u_7 [JVVm]
	Added [x5MO] as watcher for u_1 [g0V4]
	Added [2D85] as watcher for u_2 [JFsh]
	Added [bivQ] as watcher for u_4 [sLuw]
	Added [jm4C] as watcher for u_8 [k3Qe]
	Asking u_8 [k3Qe]'s watchers to watch [YkTo]
	✅ u_3 [Mk6K] Inception Done
	Added [2D85] as watcher for u_5 [3R4a]
	Added [x5MO] as watcher for u_7 [JVVm]
	Added [bivQ] as watcher for u_6 [V2O4]
	Asking u_6 [V2O4]'s watchers to watch [YkTo]
	Added [x5MO] as watcher for u_2 [JFsh]
	Asking u_2 [JFsh]'s watchers to watch [YkTo]
	Added [jm4C] as watcher for u_9 [HL1K]
	Added [bivQ] as watcher for u_1 [g0V4]
	Asking u_1 [g0V4]'s watchers to watch [YkTo]
	Added [jm4C] as watcher for u_4 [sLuw]
	Asking u_4 [sLuw]'s watchers to watch [YkTo]
	✅ u_8 [k3Qe] Inception Done
	✅ u_2 [JFsh] Inception Done
	✅ u_4 [sLuw] Inception Done
	✅ u_1 [g0V4] Inception Done
	Added [2D85] as watcher for u_9 [HL1K]
	Asking u_9 [HL1K]'s watchers to watch [YkTo]
	Added [x5MO] as watcher for u_5 [3R4a]
	Asking u_5 [3R4a]'s watchers to watch [YkTo]
	Added [bivQ] as watcher for u_7 [JVVm]
	Asking u_7 [JVVm]'s watchers to watch [YkTo]
	✅ u_6 [V2O4] Inception Done
	✅ u_7 [JVVm] Inception Done
	✅ u_5 [3R4a] Inception Done
	✅ u_9 [HL1K] Inception Done
Test 2 (signature verification)
	✅ u_9 [HL1K] Message verified
	✅ u_8 [k3Qe] Message verified
	✅ u_3 [Mk6K] Message verified
	✅ u_2 [JFsh] Message verified
	✅ u_0 [9Lh1] Message verified
	✅ u_1 [g0V4] Message verified
	✅ u_5 [3R4a] Message verified
	✅ u_6 [V2O4] Message verified
	✅ u_4 [sLuw] Message verified
	✅ u_7 [JVVm] Message verified
Waiting for an incoming message - Test 3 (signature verification after rotation of issuer)
	✅ u_8 [k3Qe] Message Verified (2)
	✅ u_5 [3R4a] Message Verified (2)
	✅ u_3 [Mk6K] Message Verified (2)
	✅ u_6 [V2O4] Message Verified (2)
	✅ u_1 [g0V4] Message Verified (2)
	✅ u_4 [sLuw] Message Verified (2)
	✅ u_2 [JFsh] Message Verified (2)
	✅ u_9 [HL1K] Message Verified (2)
	✅ u_7 [JVVm] Message Verified (2)
	✅ u_0 [9Lh1] Message Verified (2)
Waiting for an incoming message - Test 4 (valid acdc credential)
skipped--
Waiting for an incoming message - Test 5 (acdc revocation)
skipped--
Waiting for an incoming message - Test 6
u_0 [9Lh1] Starts Rotation
u_7 [JVVm] Starts Rotation
u_8 [k3Qe] Starts Rotation
u_5 [3R4a] Starts Rotation
u_9 [HL1K] Starts Rotation
u_3 [Mk6K] Starts Rotation
u_6 [V2O4] Starts Rotation
u_1 [g0V4] Starts Rotation
u_4 [sLuw] Starts Rotation
u_2 [JFsh] Starts Rotation
u_2 [JFsh] Ends Rotation
u_2 [JFsh] - Completed Key Rotation
u_5 [3R4a] Ends Rotation
u_5 [3R4a] - Completed Key Rotation
u_3 [Mk6K] Ends Rotation
u_3 [Mk6K] - Completed Key Rotation
u_7 [JVVm] Ends Rotation
u_7 [JVVm] - Completed Key Rotation
u_6 [V2O4] Ends Rotation
u_6 [V2O4] - Completed Key Rotation
u_0 [9Lh1] Ends Rotation
u_0 [9Lh1] - Completed Key Rotation
u_1 [g0V4] Ends Rotation
u_1 [g0V4] - Completed Key Rotation
u_9 [HL1K] Ends Rotation
u_9 [HL1K] - Completed Key Rotation
u_4 [sLuw] Ends Rotation
u_4 [sLuw] - Completed Key Rotation
u_8 [k3Qe] Ends Rotation
u_8 [k3Qe] - Completed Key Rotation
Executed 10 users / 10 success / 0 fail
Test 1: 27191ms (2719 p.u.)
Test 2: 1ms (0 p.u.)
Test 3: 565ms (56 p.u.)
Test 4: 28973ms (2897 p.u.)
