Waiting for an incoming message - Test 1 (inception)
Error while deserializing http message: Error("EOF while parsing a value", line: 1, column: 0)
	Preparing Data...
	Data is ready, starting users and test1
Incepted: u_5 [7nfM]
Incepted: u_7 [0PEc]
Incepted: u_0 [bz5Q]
Incepted: u_9 [_naF]
Incepted: u_8 [o9RQ]
Incepted: u_3 [yydU]
Incepted: u_2 [g8hR]
Incepted: u_4 [QCbz]
Incepted: u_6 [qVoo]
	Added [2D85] as watcher for u_7 [0PEc]
	Added [2D85] as watcher for u_0 [bz5Q]
	Added [bivQ] as watcher for u_5 [7nfM]
Incepted: u_1 [V-_a]
	Added [x5MO] as watcher for u_9 [_naF]
	Added [jm4C] as watcher for u_8 [o9RQ]
	Added [jm4C] as watcher for u_3 [yydU]
	Added [jm4C] as watcher for u_2 [g8hR]
	Added [bivQ] as watcher for u_6 [qVoo]
	Added [bivQ] as watcher for u_4 [QCbz]
	Added [jm4C] as watcher for u_0 [bz5Q]
	Added [x5MO] as watcher for u_5 [7nfM]
	Added [2D85] as watcher for u_3 [yydU]
	Added [jm4C] as watcher for u_1 [V-_a]
	Added [jm4C] as watcher for u_9 [_naF]
	Added [x5MO] as watcher for u_8 [o9RQ]
	Added [bivQ] as watcher for u_7 [0PEc]
	Added [x5MO] as watcher for u_2 [g8hR]
	Added [2D85] as watcher for u_5 [7nfM]
	Asking u_5 [7nfM]'s watchers to watch [YkTo]
	Added [jm4C] as watcher for u_6 [qVoo]
	Added [x5MO] as watcher for u_0 [bz5Q]
	Asking u_0 [bz5Q]'s watchers to watch [YkTo]
	Added [x5MO] as watcher for u_4 [QCbz]
	Added [x5MO] as watcher for u_7 [0PEc]
	Asking u_7 [0PEc]'s watchers to watch [YkTo]
	Added [2D85] as watcher for u_9 [_naF]
	Asking u_9 [_naF]'s watchers to watch [YkTo]
	Added [bivQ] as watcher for u_1 [V-_a]
	Added [bivQ] as watcher for u_3 [yydU]
	Asking u_3 [yydU]'s watchers to watch [YkTo]
	Added [bivQ] as watcher for u_2 [g8hR]
	Asking u_2 [g8hR]'s watchers to watch [YkTo]
	Added [bivQ] as watcher for u_8 [o9RQ]
	Asking u_8 [o9RQ]'s watchers to watch [YkTo]
	Added [2D85] as watcher for u_6 [qVoo]
	Asking u_6 [qVoo]'s watchers to watch [YkTo]
	Added [2D85] as watcher for u_1 [V-_a]
	Asking u_1 [V-_a]'s watchers to watch [YkTo]
	Added [jm4C] as watcher for u_4 [QCbz]
	Asking u_4 [QCbz]'s watchers to watch [YkTo]
	✅ u_5 [7nfM] Inception Done
	✅ u_7 [0PEc] Inception Done
	✅ u_9 [_naF] Inception Done
	✅ u_0 [bz5Q] Inception Done
	✅ u_8 [o9RQ] Inception Done
	✅ u_2 [g8hR] Inception Done
	✅ u_3 [yydU] Inception Done
	✅ u_6 [qVoo] Inception Done
	✅ u_1 [V-_a] Inception Done
	✅ u_4 [QCbz] Inception Done
Test 2 (signature verification)
	✅ u_4 [QCbz] Message verified
	✅ u_6 [qVoo] Message verified
	✅ u_3 [yydU] Message verified
	✅ u_5 [7nfM] Message verified
	✅ u_7 [0PEc] Message verified
	✅ u_0 [bz5Q] Message verified
	✅ u_1 [V-_a] Message verified
	✅ u_2 [g8hR] Message verified
	✅ u_9 [_naF] Message verified
	✅ u_8 [o9RQ] Message verified
Waiting for an incoming message - Test 3 (signature verification after rotation of issuer)
	✅ u_9 [_naF] Message Verified (2)
	✅ u_0 [bz5Q] Message Verified (2)
	✅ u_5 [7nfM] Message Verified (2)
	✅ u_6 [qVoo] Message Verified (2)
	✅ u_3 [yydU] Message Verified (2)
	✅ u_4 [QCbz] Message Verified (2)
	✅ u_2 [g8hR] Message Verified (2)
	✅ u_8 [o9RQ] Message Verified (2)
	✅ u_7 [0PEc] Message Verified (2)
	✅ u_1 [V-_a] Message Verified (2)
Waiting for an incoming message - Test 4 (valid acdc credential)
skipped--
Waiting for an incoming message - Test 5 (acdc revocation)
skipped--
Waiting for an incoming message - Test 6
u_1 [V-_a] Starts Rotation
u_7 [0PEc] Starts Rotation
u_4 [QCbz] Starts Rotation
u_2 [g8hR] Starts Rotation
u_9 [_naF] Starts Rotation
u_5 [7nfM] Starts Rotation
u_0 [bz5Q] Starts Rotation
u_6 [qVoo] Starts Rotation
u_3 [yydU] Starts Rotation
u_8 [o9RQ] Starts Rotation
u_2 [g8hR] Ends Rotation
u_2 [g8hR] - Completed Key Rotation
u_4 [QCbz] Ends Rotation
u_4 [QCbz] - Completed Key Rotation
u_9 [_naF] Ends Rotation
u_9 [_naF] - Completed Key Rotation
u_6 [qVoo] Ends Rotation
u_6 [qVoo] - Completed Key Rotation
u_3 [yydU] Ends Rotation
u_3 [yydU] - Completed Key Rotation
u_5 [7nfM] Ends Rotation
u_5 [7nfM] - Completed Key Rotation
u_0 [bz5Q] Ends Rotation
u_0 [bz5Q] - Completed Key Rotation
u_8 [o9RQ] Ends Rotation
u_8 [o9RQ] - Completed Key Rotation
u_1 [V-_a] Ends Rotation
u_1 [V-_a] - Completed Key Rotation
u_7 [0PEc] Ends Rotation
u_7 [0PEc] - Completed Key Rotation
Executed 10 users / 10 success / 0 fail
Test 1: 6964ms (696 p.u.)
Test 2: 1ms (0 p.u.)
Test 3: 699ms (69 p.u.)
Test 4: 41380ms (4138 p.u.)
