Waiting for an incoming message - Test 1 (inception)
Error while deserializing http message: Error("EOF while parsing a value", line: 1, column: 0)
	Preparing Data...
	Data is ready, starting users and test1
Incepted: u_2 [IEV5]
Incepted: u_1 [CZ6e]
Incepted: u_9 [hevD]
Incepted: u_3 [_GZJ]
Incepted: u_7 [xDet]
Incepted: u_4 [kqJN]
	Added [bivQ] as watcher for u_1 [CZ6e]
Incepted: u_8 [YGQD]
Incepted: u_5 [uUf-]
Incepted: u_0 [Kjbt]
	Added [x5MO] as watcher for u_2 [IEV5]
Incepted: u_6 [QCwS]
	Added [2D85] as watcher for u_3 [_GZJ]
	Added [2D85] as watcher for u_9 [hevD]
	Added [bivQ] as watcher for u_8 [YGQD]
	Added [jm4C] as watcher for u_7 [xDet]
	Added [bivQ] as watcher for u_5 [uUf-]
	Added [jm4C] as watcher for u_4 [kqJN]
	Added [bivQ] as watcher for u_0 [Kjbt]
	Added [bivQ] as watcher for u_9 [hevD]
	Added [x5MO] as watcher for u_1 [CZ6e]
	Added [x5MO] as watcher for u_6 [QCwS]
	Added [bivQ] as watcher for u_4 [kqJN]
	Added [jm4C] as watcher for u_3 [_GZJ]
	Added [jm4C] as watcher for u_2 [IEV5]
	Added [2D85] as watcher for u_5 [uUf-]
	Added [jm4C] as watcher for u_8 [YGQD]
	Added [2D85] as watcher for u_7 [xDet]
	Added [2D85] as watcher for u_0 [Kjbt]
	Added [jm4C] as watcher for u_9 [hevD]
	Asking u_9 [hevD]'s watchers to watch [YkTo]
	Added [2D85] as watcher for u_1 [CZ6e]
	Asking u_1 [CZ6e]'s watchers to watch [YkTo]
	Added [jm4C] as watcher for u_6 [QCwS]
	Added [bivQ] as watcher for u_7 [xDet]
	Asking u_7 [xDet]'s watchers to watch [YkTo]
	Added [2D85] as watcher for u_2 [IEV5]
	Asking u_2 [IEV5]'s watchers to watch [YkTo]
	Added [x5MO] as watcher for u_4 [kqJN]
	Asking u_4 [kqJN]'s watchers to watch [YkTo]
	Added [x5MO] as watcher for u_3 [_GZJ]
	Asking u_3 [_GZJ]'s watchers to watch [YkTo]
	Added [x5MO] as watcher for u_5 [uUf-]
	Asking u_5 [uUf-]'s watchers to watch [YkTo]
	Added [x5MO] as watcher for u_8 [YGQD]
	Asking u_8 [YGQD]'s watchers to watch [YkTo]
	Added [jm4C] as watcher for u_0 [Kjbt]
	Asking u_0 [Kjbt]'s watchers to watch [YkTo]
	Added [2D85] as watcher for u_6 [QCwS]
	Asking u_6 [QCwS]'s watchers to watch [YkTo]
	✅ u_9 [hevD] Inception Done
	✅ u_1 [CZ6e] Inception Done
	✅ u_7 [xDet] Inception Done
	✅ u_2 [IEV5] Inception Done
	✅ u_4 [kqJN] Inception Done
	✅ u_5 [uUf-] Inception Done
	✅ u_3 [_GZJ] Inception Done
	✅ u_8 [YGQD] Inception Done
	✅ u_0 [Kjbt] Inception Done
	✅ u_6 [QCwS] Inception Done
Test 2 (signature verification)
	✅ u_6 [QCwS] Message verified
	✅ u_1 [CZ6e] Message verified
	✅ u_2 [IEV5] Message verified
	✅ u_7 [xDet] Message verified
	✅ u_5 [uUf-] Message verified
	✅ u_4 [kqJN] Message verified
	✅ u_3 [_GZJ] Message verified
	✅ u_9 [hevD] Message verified
	✅ u_8 [YGQD] Message verified
	✅ u_0 [Kjbt] Message verified
Waiting for an incoming message - Test 3 (signature verification after rotation of issuer)
	✅ u_0 [Kjbt] Message Verified (2)
	✅ u_5 [uUf-] Message Verified (2)
	✅ u_4 [kqJN] Message Verified (2)
	✅ u_9 [hevD] Message Verified (2)
	✅ u_1 [CZ6e] Message Verified (2)
	✅ u_3 [_GZJ] Message Verified (2)
	✅ u_2 [IEV5] Message Verified (2)
	✅ u_8 [YGQD] Message Verified (2)
	✅ u_6 [QCwS] Message Verified (2)
	✅ u_7 [xDet] Message Verified (2)
Waiting for an incoming message - Test 4 (valid acdc credential)
skipped--
Waiting for an incoming message - Test 5 (acdc revocation)
skipped--
Waiting for an incoming message - Test 6
u_7 [xDet] Starts Rotation
u_8 [YGQD] Starts Rotation
u_3 [_GZJ] Starts Rotation
u_1 [CZ6e] Starts Rotation
u_0 [Kjbt] Starts Rotation
u_2 [IEV5] Starts Rotation
u_9 [hevD] Starts Rotation
u_4 [kqJN] Starts Rotation
u_5 [uUf-] Starts Rotation
u_6 [QCwS] Starts Rotation
u_9 [hevD] Ends Rotation
u_9 [hevD] - Completed Key Rotation
u_3 [_GZJ] Ends Rotation
u_3 [_GZJ] - Completed Key Rotation
u_4 [kqJN] Ends Rotation
u_4 [kqJN] - Completed Key Rotation
u_8 [YGQD] Ends Rotation
u_8 [YGQD] - Completed Key Rotation
u_2 [IEV5] Ends Rotation
u_2 [IEV5] - Completed Key Rotation
u_1 [CZ6e] Ends Rotation
u_1 [CZ6e] - Completed Key Rotation
u_0 [Kjbt] Ends Rotation
u_0 [Kjbt] - Completed Key Rotation
u_7 [xDet] Ends Rotation
u_7 [xDet] - Completed Key Rotation
u_5 [uUf-] Ends Rotation
u_5 [uUf-] - Completed Key Rotation
u_6 [QCwS] Ends Rotation
u_6 [QCwS] - Completed Key Rotation
Executed 10 users / 10 success / 0 fail
Test 1: 4918ms (491 p.u.)
Test 2: 1ms (0 p.u.)
Test 3: 645ms (64 p.u.)
Test 4: 2056ms (205 p.u.)
