Waiting for an incoming message - Test 1 (inception)
Error while deserializing http message: Error("EOF while parsing a value", line: 1, column: 0)
	Preparing Data...
	Data is ready, starting users and test1
Incepted: u_0 [j15y]
Incepted: u_6 [XiNp]
Incepted: u_4 [RoQT]
Incepted: u_8 [6It7]
Incepted: u_2 [EfMJ]
	Added [x5MO] as watcher for u_0 [j15y]
	Added [x5MO] as watcher for u_6 [XiNp]
Incepted: u_7 [2S2B]
	Added [2D85] as watcher for u_8 [6It7]
	Added [bivQ] as watcher for u_4 [RoQT]
	Added [2D85] as watcher for u_2 [EfMJ]
	Added [jm4C] as watcher for u_7 [2S2B]
	Added [jm4C] as watcher for u_6 [XiNp]
Incepted: u_9 [ZKfX]
Incepted: u_5 [SRJ0]
	Added [bivQ] as watcher for u_0 [j15y]
Incepted: u_3 [noyq]
	Added [jm4C] as watcher for u_4 [RoQT]
Incepted: u_1 [J8Tf]
	Added [bivQ] as watcher for u_8 [6It7]
	Added [jm4C] as watcher for u_9 [ZKfX]
	Added [2D85] as watcher for u_5 [SRJ0]
	Added [bivQ] as watcher for u_6 [XiNp]
	Asking u_6 [XiNp]'s watchers to watch [YkTo]
	Added [2D85] as watcher for u_0 [j15y]
	Asking u_0 [j15y]'s watchers to watch [YkTo]
	Added [bivQ] as watcher for u_7 [2S2B]
	Added [2D85] as watcher for u_4 [RoQT]
	Asking u_4 [RoQT]'s watchers to watch [YkTo]
	Added [bivQ] as watcher for u_2 [EfMJ]
	Added [2D85] as watcher for u_1 [J8Tf]
	Added [bivQ] as watcher for u_3 [noyq]
	Added [x5MO] as watcher for u_8 [6It7]
	Asking u_8 [6It7]'s watchers to watch [YkTo]
	Added [bivQ] as watcher for u_9 [ZKfX]
	Added [x5MO] as watcher for u_5 [SRJ0]
	Added [2D85] as watcher for u_7 [2S2B]
	Asking u_7 [2S2B]'s watchers to watch [YkTo]
	Added [jm4C] as watcher for u_2 [EfMJ]
	Asking u_2 [EfMJ]'s watchers to watch [YkTo]
	Added [jm4C] as watcher for u_3 [noyq]
	Added [x5MO] as watcher for u_1 [J8Tf]
	Added [jm4C] as watcher for u_5 [SRJ0]
	Asking u_5 [SRJ0]'s watchers to watch [YkTo]
	Added [2D85] as watcher for u_9 [ZKfX]
	Asking u_9 [ZKfX]'s watchers to watch [YkTo]
	Added [jm4C] as watcher for u_1 [J8Tf]
	Asking u_1 [J8Tf]'s watchers to watch [YkTo]
	Added [2D85] as watcher for u_3 [noyq]
	Asking u_3 [noyq]'s watchers to watch [YkTo]
	✅ u_7 [2S2B] Inception Done
	✅ u_3 [noyq] Inception Done
	✅ u_6 [XiNp] Inception Done
	✅ u_0 [j15y] Inception Done
	✅ u_5 [SRJ0] Inception Done
	✅ u_2 [EfMJ] Inception Done
	✅ u_4 [RoQT] Inception Done
	✅ u_9 [ZKfX] Inception Done
	✅ u_1 [J8Tf] Inception Done
	✅ u_8 [6It7] Inception Done
Test 2 (signature verification)
	✅ u_0 [j15y] Message verified
	✅ u_8 [6It7] Message verified
	✅ u_7 [2S2B] Message verified
	✅ u_2 [EfMJ] Message verified
	✅ u_4 [RoQT] Message verified
	✅ u_9 [ZKfX] Message verified
	✅ u_6 [XiNp] Message verified
	✅ u_1 [J8Tf] Message verified
	✅ u_3 [noyq] Message verified
	✅ u_5 [SRJ0] Message verified
Waiting for an incoming message - Test 3 (signature verification after rotation of issuer)
	✅ u_5 [SRJ0] Message Verified (2)
	✅ u_2 [EfMJ] Message Verified (2)
	✅ u_9 [ZKfX] Message Verified (2)
	✅ u_3 [noyq] Message Verified (2)
	✅ u_1 [J8Tf] Message Verified (2)
	✅ u_7 [2S2B] Message Verified (2)
	✅ u_6 [XiNp] Message Verified (2)
	✅ u_0 [j15y] Message Verified (2)
	✅ u_8 [6It7] Message Verified (2)
	✅ u_4 [RoQT] Message Verified (2)
Waiting for an incoming message - Test 4 (valid acdc credential)
skipped--
Waiting for an incoming message - Test 5 (acdc revocation)
skipped--
Waiting for an incoming message - Test 6
u_0 [j15y] Starts Rotation
u_4 [RoQT] Starts Rotation
u_8 [6It7] Starts Rotation
u_7 [2S2B] Starts Rotation
u_6 [XiNp] Starts Rotation
u_5 [SRJ0] Starts Rotation
u_2 [EfMJ] Starts Rotation
u_9 [ZKfX] Starts Rotation
u_1 [J8Tf] Starts Rotation
u_3 [noyq] Starts Rotation
u_0 [j15y] Ends Rotation
u_0 [j15y] - Completed Key Rotation
u_7 [2S2B] Ends Rotation
u_7 [2S2B] - Completed Key Rotation
u_3 [noyq] Ends Rotation
u_3 [noyq] - Completed Key Rotation
u_4 [RoQT] Ends Rotation
u_4 [RoQT] - Completed Key Rotation
u_1 [J8Tf] Ends Rotation
u_1 [J8Tf] - Completed Key Rotation
u_8 [6It7] Ends Rotation
u_8 [6It7] - Completed Key Rotation
u_5 [SRJ0] Ends Rotation
u_5 [SRJ0] - Completed Key Rotation
u_6 [XiNp] Ends Rotation
u_6 [XiNp] - Completed Key Rotation
u_2 [EfMJ] Ends Rotation
u_2 [EfMJ] - Completed Key Rotation
u_9 [ZKfX] Ends Rotation
u_9 [ZKfX] - Completed Key Rotation
Executed 10 users / 10 success / 0 fail
Test 1: 9176ms (917 p.u.)
Test 2: 2ms (0 p.u.)
Test 3: 770ms (77 p.u.)
Test 4: 39876ms (3987 p.u.)
