Waiting for an incoming message - Test 1 (inception)
Error while deserializing http message: Error("EOF while parsing a value", line: 1, column: 0)
	Preparing Data...
	Data is ready, starting users and test1
Incepted: u_9 [hjbh]
Incepted: u_2 [AZhL]
Incepted: u_7 [gz6-]
Incepted: u_5 [GWIN]
	Added [2D85] as watcher for u_9 [hjbh]
	Added [x5MO] as watcher for u_2 [AZhL]
Incepted: u_4 [UTfZ]
Incepted: u_6 [O-DS]
Incepted: u_0 [i7wq]
Incepted: u_3 [lKGs]
	Added [jm4C] as watcher for u_7 [gz6-]
	Added [bivQ] as watcher for u_5 [GWIN]
	Added [jm4C] as watcher for u_9 [hjbh]
Incepted: u_1 [MKNl]
	Added [2D85] as watcher for u_0 [i7wq]
	Added [jm4C] as watcher for u_2 [AZhL]
	Added [bivQ] as watcher for u_4 [UTfZ]
	Added [jm4C] as watcher for u_3 [lKGs]
	Added [x5MO] as watcher for u_7 [gz6-]
	Added [jm4C] as watcher for u_6 [O-DS]
	Added [jm4C] as watcher for u_5 [GWIN]
	Added [bivQ] as watcher for u_9 [hjbh]
	Asking u_9 [hjbh]'s watchers to watch [YkTo]
	Added [jm4C] as watcher for u_1 [MKNl]
	Added [x5MO] as watcher for u_3 [lKGs]
	Added [jm4C] as watcher for u_0 [i7wq]
	Added [x5MO] as watcher for u_6 [O-DS]
	Added [jm4C] as watcher for u_4 [UTfZ]
	Added [bivQ] as watcher for u_2 [AZhL]
	Asking u_2 [AZhL]'s watchers to watch [YkTo]
	Added [2D85] as watcher for u_5 [GWIN]
	Asking u_5 [GWIN]'s watchers to watch [YkTo]
	Added [bivQ] as watcher for u_7 [gz6-]
	Asking u_7 [gz6-]'s watchers to watch [YkTo]
	Added [2D85] as watcher for u_3 [lKGs]
	Asking u_3 [lKGs]'s watchers to watch [YkTo]
	Added [x5MO] as watcher for u_4 [UTfZ]
	Asking u_4 [UTfZ]'s watchers to watch [YkTo]
	Added [x5MO] as watcher for u_1 [MKNl]
	Added [2D85] as watcher for u_6 [O-DS]
	Asking u_6 [O-DS]'s watchers to watch [YkTo]
	Added [x5MO] as watcher for u_0 [i7wq]
	Asking u_0 [i7wq]'s watchers to watch [YkTo]
	Added [bivQ] as watcher for u_1 [MKNl]
	Asking u_1 [MKNl]'s watchers to watch [YkTo]
Incepted: u_8 [5mUb]
	Added [x5MO] as watcher for u_8 [5mUb]
	Added [bivQ] as watcher for u_8 [5mUb]
	Added [jm4C] as watcher for u_8 [5mUb]
	Asking u_8 [5mUb]'s watchers to watch [YkTo]
	✅ u_3 [lKGs] Inception Done
	✅ u_6 [O-DS] Inception Done
	✅ u_7 [gz6-] Inception Done
	✅ u_5 [GWIN] Inception Done
	✅ u_9 [hjbh] Inception Done
	✅ u_1 [MKNl] Inception Done
	✅ u_2 [AZhL] Inception Done
	✅ u_0 [i7wq] Inception Done
	✅ u_4 [UTfZ] Inception Done
	✅ u_8 [5mUb] Inception Done
Test 2 (signature verification)
	✅ u_8 [5mUb] Message verified
	✅ u_2 [AZhL] Message verified
	✅ u_7 [gz6-] Message verified
	✅ u_6 [O-DS] Message verified
	✅ u_9 [hjbh] Message verified
	✅ u_3 [lKGs] Message verified
	✅ u_1 [MKNl] Message verified
	✅ u_5 [GWIN] Message verified
	✅ u_0 [i7wq] Message verified
	✅ u_4 [UTfZ] Message verified
Waiting for an incoming message - Test 3 (signature verification after rotation of issuer)
	✅ u_4 [UTfZ] Message Verified (2)
	✅ u_3 [lKGs] Message Verified (2)
	✅ u_5 [GWIN] Message Verified (2)
	✅ u_7 [gz6-] Message Verified (2)
	✅ u_1 [MKNl] Message Verified (2)
	✅ u_0 [i7wq] Message Verified (2)
	✅ u_2 [AZhL] Message Verified (2)
	✅ u_6 [O-DS] Message Verified (2)
	✅ u_9 [hjbh] Message Verified (2)
	✅ u_8 [5mUb] Message Verified (2)
Waiting for an incoming message - Test 4 (valid acdc credential)
skipped--
Waiting for an incoming message - Test 5 (acdc revocation)
skipped--
Waiting for an incoming message - Test 6
u_8 [5mUb] Starts Rotation
u_6 [O-DS] Starts Rotation
u_5 [GWIN] Starts Rotation
u_1 [MKNl] Starts Rotation
u_2 [AZhL] Starts Rotation
u_3 [lKGs] Starts Rotation
u_4 [UTfZ] Starts Rotation
u_7 [gz6-] Starts Rotation
u_0 [i7wq] Starts Rotation
u_9 [hjbh] Starts Rotation
u_1 [MKNl] Ends Rotation
u_1 [MKNl] - Completed Key Rotation
u_5 [GWIN] Ends Rotation
u_5 [GWIN] - Completed Key Rotation
u_7 [gz6-] Ends Rotation
u_7 [gz6-] - Completed Key Rotation
u_4 [UTfZ] Ends Rotation
u_4 [UTfZ] - Completed Key Rotation
u_9 [hjbh] Ends Rotation
u_9 [hjbh] - Completed Key Rotation
u_8 [5mUb] Ends Rotation
u_8 [5mUb] - Completed Key Rotation
u_2 [AZhL] Ends Rotation
u_2 [AZhL] - Completed Key Rotation
u_3 [lKGs] Ends Rotation
u_3 [lKGs] - Completed Key Rotation
u_0 [i7wq] Ends Rotation
u_0 [i7wq] - Completed Key Rotation
u_6 [O-DS] Ends Rotation
u_6 [O-DS] - Completed Key Rotation
Executed 10 users / 10 success / 0 fail
Test 1: 19541ms (1954 p.u.)
Test 2: 1ms (0 p.u.)
Test 3: 897ms (89 p.u.)
Test 4: 40094ms (4009 p.u.)
