Waiting for an incoming message - Test 1 (inception)
Error while deserializing http message: Error("EOF while parsing a value", line: 1, column: 0)
	Preparing Data...
	Data is ready, starting users and test1
Incepted: u_4 [ur93]
Incepted: u_9 [j0Mk]
Incepted: u_2 [WpDO]
Incepted: u_8 [jYya]
Incepted: u_0 [tMeV]
Incepted: u_7 [abbA]
Incepted: u_1 [ULq8]
	Added [bivQ] as watcher for u_2 [WpDO]
Incepted: u_6 [lEDe]
Incepted: u_5 [V9Mn]
Incepted: u_3 [BPkN]
	Added [x5MO] as watcher for u_4 [ur93]
	Added [bivQ] as watcher for u_6 [lEDe]
	Added [x5MO] as watcher for u_8 [jYya]
	Added [jm4C] as watcher for u_9 [j0Mk]
	Added [x5MO] as watcher for u_0 [tMeV]
	Added [bivQ] as watcher for u_3 [BPkN]
	Added [2D85] as watcher for u_1 [ULq8]
	Added [x5MO] as watcher for u_7 [abbA]
	Added [2D85] as watcher for u_5 [V9Mn]
	Added [jm4C] as watcher for u_2 [WpDO]
	Added [bivQ] as watcher for u_9 [j0Mk]
	Added [bivQ] as watcher for u_0 [tMeV]
	Added [bivQ] as watcher for u_7 [abbA]
	Added [bivQ] as watcher for u_5 [V9Mn]
	Added [jm4C] as watcher for u_6 [lEDe]
	Added [jm4C] as watcher for u_4 [ur93]
	Added [2D85] as watcher for u_3 [BPkN]
	Added [jm4C] as watcher for u_8 [jYya]
	Added [jm4C] as watcher for u_1 [ULq8]
	Added [x5MO] as watcher for u_9 [j0Mk]
	Asking u_9 [j0Mk]'s watchers to watch [YkTo]
	Added [2D85] as watcher for u_2 [WpDO]
	Asking u_2 [WpDO]'s watchers to watch [YkTo]
	Added [2D85] as watcher for u_0 [tMeV]
	Asking u_0 [tMeV]'s watchers to watch [YkTo]
	Added [bivQ] as watcher for u_1 [ULq8]
	Asking u_1 [ULq8]'s watchers to watch [YkTo]
	Added [2D85] as watcher for u_7 [abbA]
	Asking u_7 [abbA]'s watchers to watch [YkTo]
	Added [2D85] as watcher for u_6 [lEDe]
	Asking u_6 [lEDe]'s watchers to watch [YkTo]
	Added [jm4C] as watcher for u_5 [V9Mn]
	Asking u_5 [V9Mn]'s watchers to watch [YkTo]
	Added [x5MO] as watcher for u_3 [BPkN]
	Asking u_3 [BPkN]'s watchers to watch [YkTo]
	Added [2D85] as watcher for u_4 [ur93]
	Asking u_4 [ur93]'s watchers to watch [YkTo]
	Added [2D85] as watcher for u_8 [jYya]
	Asking u_8 [jYya]'s watchers to watch [YkTo]
	✅ u_9 [j0Mk] Inception Done
	✅ u_2 [WpDO] Inception Done
	✅ u_0 [tMeV] Inception Done
	✅ u_1 [ULq8] Inception Done
	✅ u_6 [lEDe] Inception Done
	✅ u_7 [abbA] Inception Done
	✅ u_3 [BPkN] Inception Done
	✅ u_5 [V9Mn] Inception Done
	✅ u_4 [ur93] Inception Done
	✅ u_8 [jYya] Inception Done
Test 2 (signature verification)
	✅ u_8 [jYya] Message verified
	✅ u_9 [j0Mk] Message verified
	✅ u_0 [tMeV] Message verified
	✅ u_1 [ULq8] Message verified
	✅ u_3 [BPkN] Message verified
	✅ u_2 [WpDO] Message verified
	✅ u_6 [lEDe] Message verified
	✅ u_7 [abbA] Message verified
	✅ u_5 [V9Mn] Message verified
	✅ u_4 [ur93] Message verified
Waiting for an incoming message - Test 3 (signature verification after rotation of issuer)
	✅ u_1 [ULq8] Message Verified (2)
	✅ u_5 [V9Mn] Message Verified (2)
	✅ u_4 [ur93] Message Verified (2)
	✅ u_7 [abbA] Message Verified (2)
	✅ u_0 [tMeV] Message Verified (2)
	✅ u_6 [lEDe] Message Verified (2)
	✅ u_2 [WpDO] Message Verified (2)
	✅ u_8 [jYya] Message Verified (2)
	✅ u_9 [j0Mk] Message Verified (2)
	✅ u_3 [BPkN] Message Verified (2)
Waiting for an incoming message - Test 4 (valid acdc credential)
skipped--
Waiting for an incoming message - Test 5 (acdc revocation)
skipped--
Waiting for an incoming message - Test 6
u_3 [BPkN] Starts Rotation
u_8 [jYya] Starts Rotation
u_2 [WpDO] Starts Rotation
u_4 [ur93] Starts Rotation
u_9 [j0Mk] Starts Rotation
u_7 [abbA] Starts Rotation
u_1 [ULq8] Starts Rotation
u_6 [lEDe] Starts Rotation
u_5 [V9Mn] Starts Rotation
u_0 [tMeV] Starts Rotation
u_6 [lEDe] Ends Rotation
u_6 [lEDe] - Completed Key Rotation
u_2 [WpDO] Ends Rotation
u_2 [WpDO] - Completed Key Rotation
u_8 [jYya] Ends Rotation
u_8 [jYya] - Completed Key Rotation
u_1 [ULq8] Ends Rotation
u_1 [ULq8] - Completed Key Rotation
u_4 [ur93] Ends Rotation
u_4 [ur93] - Completed Key Rotation
u_9 [j0Mk] Ends Rotation
u_9 [j0Mk] - Completed Key Rotation
u_5 [V9Mn] Ends Rotation
u_5 [V9Mn] - Completed Key Rotation
u_3 [BPkN] Ends Rotation
u_3 [BPkN] - Completed Key Rotation
u_0 [tMeV] Ends Rotation
u_0 [tMeV] - Completed Key Rotation
u_7 [abbA] Ends Rotation
u_7 [abbA] - Completed Key Rotation
Executed 10 users / 10 success / 0 fail
Test 1: 4782ms (478 p.u.)
Test 2: 1ms (0 p.u.)
Test 3: 578ms (57 p.u.)
Test 4: 1792ms (179 p.u.)
