Waiting for an incoming message - Test 1 (inception)
Error while deserializing http message: Error("EOF while parsing a value", line: 1, column: 0)
Error while deserializing http message: Error("EOF while parsing a value", line: 1, column: 0)
	Preparing Data...
	Data is ready, starting users and test1
Incepted: u_6 [xVHM]
	Added [2D85] as watcher for u_6 [xVHM]
Incepted: u_1 [oIYi]
	Added [x5MO] as watcher for u_6 [xVHM]
	Added [2D85] as watcher for u_1 [oIYi]
	Added [bivQ] as watcher for u_6 [xVHM]
	Asking u_6 [xVHM]'s watchers to watch [YkTo]
Incepted: u_8 [n4Ga]
	Added [jm4C] as watcher for u_1 [oIYi]
	Added [bivQ] as watcher for u_1 [oIYi]
	Asking u_1 [oIYi]'s watchers to watch [YkTo]
	Added [jm4C] as watcher for u_8 [n4Ga]
Incepted: u_2 [IEgo]
Incepted: u_5 [30oE]
Incepted: u_7 [PzXc]
Incepted: u_9 [XrAY]
	Added [bivQ] as watcher for u_8 [n4Ga]
	Added [x5MO] as watcher for u_5 [30oE]
	Added [2D85] as watcher for u_2 [IEgo]
	Added [x5MO] as watcher for u_7 [PzXc]
Incepted: u_4 [bfWK]
	Added [bivQ] as watcher for u_9 [XrAY]
	Added [x5MO] as watcher for u_8 [n4Ga]
	Asking u_8 [n4Ga]'s watchers to watch [YkTo]
	Added [jm4C] as watcher for u_5 [30oE]
	Added [jm4C] as watcher for u_2 [IEgo]
	Added [jm4C] as watcher for u_7 [PzXc]
	Added [2D85] as watcher for u_4 [bfWK]
	Added [x5MO] as watcher for u_9 [XrAY]
Incepted: u_0 [Bt3Q]
	Added [bivQ] as watcher for u_5 [30oE]
	Asking u_5 [30oE]'s watchers to watch [YkTo]
	Added [bivQ] as watcher for u_2 [IEgo]
	Asking u_2 [IEgo]'s watchers to watch [YkTo]
Incepted: u_3 [x9GE]
	Added [bivQ] as watcher for u_7 [PzXc]
	Asking u_7 [PzXc]'s watchers to watch [YkTo]
	Added [x5MO] as watcher for u_4 [bfWK]
	Added [2D85] as watcher for u_0 [Bt3Q]
	Added [jm4C] as watcher for u_9 [XrAY]
	Asking u_9 [XrAY]'s watchers to watch [YkTo]
	Added [jm4C] as watcher for u_4 [bfWK]
	Asking u_4 [bfWK]'s watchers to watch [YkTo]
	Added [jm4C] as watcher for u_0 [Bt3Q]
	Added [bivQ] as watcher for u_3 [x9GE]
	Added [bivQ] as watcher for u_0 [Bt3Q]
	Asking u_0 [Bt3Q]'s watchers to watch [YkTo]
	Added [2D85] as watcher for u_3 [x9GE]
	Added [jm4C] as watcher for u_3 [x9GE]
	Asking u_3 [x9GE]'s watchers to watch [YkTo]
	✅ u_6 [xVHM] Inception Done
	✅ u_1 [oIYi] Inception Done
	✅ u_5 [30oE] Inception Done
	✅ u_4 [bfWK] Inception Done
	✅ u_8 [n4Ga] Inception Done
	✅ u_7 [PzXc] Inception Done
	✅ u_3 [x9GE] Inception Done
	✅ u_9 [XrAY] Inception Done
	✅ u_2 [IEgo] Inception Done
	✅ u_0 [Bt3Q] Inception Done
Test 2 (signature verification)
	✅ u_0 [Bt3Q] Message verified
	✅ u_5 [30oE] Message verified
	✅ u_9 [XrAY] Message verified
	✅ u_3 [x9GE] Message verified
	✅ u_8 [n4Ga] Message verified
	✅ u_2 [IEgo] Message verified
	✅ u_7 [PzXc] Message verified
	✅ u_1 [oIYi] Message verified
	✅ u_4 [bfWK] Message verified
	✅ u_6 [xVHM] Message verified
Waiting for an incoming message - Test 3 (signature verification after rotation of issuer)
	✅ u_0 [Bt3Q] Message Verified (2)
	✅ u_6 [xVHM] Message Verified (2)
	✅ u_5 [30oE] Message Verified (2)
	✅ u_3 [x9GE] Message Verified (2)
	✅ u_9 [XrAY] Message Verified (2)
	✅ u_8 [n4Ga] Message Verified (2)
	✅ u_1 [oIYi] Message Verified (2)
	✅ u_7 [PzXc] Message Verified (2)
	✅ u_2 [IEgo] Message Verified (2)
	✅ u_4 [bfWK] Message Verified (2)
Waiting for an incoming message - Test 4 (valid acdc credential)
skipped--
Waiting for an incoming message - Test 5 (acdc revocation)
skipped--
Waiting for an incoming message - Test 6
u_4 [bfWK] Starts Rotation
u_2 [IEgo] Starts Rotation
u_1 [oIYi] Starts Rotation
u_7 [PzXc] Starts Rotation
u_3 [x9GE] Starts Rotation
u_6 [xVHM] Starts Rotation
u_8 [n4Ga] Starts Rotation
u_5 [30oE] Starts Rotation
u_9 [XrAY] Starts Rotation
u_0 [Bt3Q] Starts Rotation
u_1 [oIYi] Ends Rotation
u_1 [oIYi] - Completed Key Rotation
u_7 [PzXc] Ends Rotation
u_7 [PzXc] - Completed Key Rotation
u_2 [IEgo] Ends Rotation
u_2 [IEgo] - Completed Key Rotation
u_5 [30oE] Ends Rotation
u_5 [30oE] - Completed Key Rotation
u_9 [XrAY] Ends Rotation
u_9 [XrAY] - Completed Key Rotation
u_0 [Bt3Q] Ends Rotation
u_0 [Bt3Q] - Completed Key Rotation
u_6 [xVHM] Ends Rotation
u_6 [xVHM] - Completed Key Rotation
u_4 [bfWK] Ends Rotation
u_4 [bfWK] - Completed Key Rotation
u_3 [x9GE] Ends Rotation
u_3 [x9GE] - Completed Key Rotation
u_8 [n4Ga] Ends Rotation
u_8 [n4Ga] - Completed Key Rotation
Executed 10 users / 10 success / 0 fail
Test 1: 22373ms (2237 p.u.)
Test 2: 1ms (0 p.u.)
Test 3: 1040ms (104 p.u.)
Test 4: 37661ms (3766 p.u.)
