Waiting for an incoming message - Test 1 (inception)
Error while deserializing http message: Error("EOF while parsing a value", line: 1, column: 0)
	Preparing Data...
	Data is ready, starting users and test1
Incepted: u_1 [8uAJ]
Incepted: u_6 [UDbi]
Incepted: u_7 [Tx20]
Incepted: u_2 [KfR6]
	Added [2D85] as watcher for u_1 [8uAJ]
Incepted: u_9 [rtDA]
Incepted: u_0 [zPmp]
Incepted: u_5 [u0Wo]
	Added [2D85] as watcher for u_6 [UDbi]
Incepted: u_8 [Q9YP]
Incepted: u_3 [oqoL]
Incepted: u_4 [SU9j]
	Added [2D85] as watcher for u_7 [Tx20]
	Added [bivQ] as watcher for u_2 [KfR6]
	Added [jm4C] as watcher for u_9 [rtDA]
	Added [x5MO] as watcher for u_1 [8uAJ]
	Added [x5MO] as watcher for u_0 [zPmp]
	Added [2D85] as watcher for u_8 [Q9YP]
	Added [bivQ] as watcher for u_4 [SU9j]
	Added [bivQ] as watcher for u_6 [UDbi]
	Added [2D85] as watcher for u_3 [oqoL]
	Added [jm4C] as watcher for u_5 [u0Wo]
	Added [jm4C] as watcher for u_1 [8uAJ]
	Asking u_1 [8uAJ]'s watchers to watch [YkTo]
	Added [x5MO] as watcher for u_7 [Tx20]
	Added [x5MO] as watcher for u_3 [oqoL]
	Added [x5MO] as watcher for u_6 [UDbi]
	Asking u_6 [UDbi]'s watchers to watch [YkTo]
	Added [2D85] as watcher for u_2 [KfR6]
	Added [x5MO] as watcher for u_8 [Q9YP]
	Added [2D85] as watcher for u_9 [rtDA]
	Added [2D85] as watcher for u_4 [SU9j]
	Added [2D85] as watcher for u_0 [zPmp]
	Added [2D85] as watcher for u_5 [u0Wo]
	Added [jm4C] as watcher for u_3 [oqoL]
	Asking u_3 [oqoL]'s watchers to watch [YkTo]
	✅ u_6 [UDbi] Inception Done
	Added [bivQ] as watcher for u_8 [Q9YP]
	Asking u_8 [Q9YP]'s watchers to watch [YkTo]
	Added [x5MO] as watcher for u_9 [rtDA]
	Asking u_9 [rtDA]'s watchers to watch [YkTo]
	Added [jm4C] as watcher for u_2 [KfR6]
	Asking u_2 [KfR6]'s watchers to watch [YkTo]
	Added [bivQ] as watcher for u_7 [Tx20]
	Asking u_7 [Tx20]'s watchers to watch [YkTo]
	✅ u_1 [8uAJ] Inception Done
	Added [x5MO] as watcher for u_5 [u0Wo]
	Asking u_5 [u0Wo]'s watchers to watch [YkTo]
	Added [jm4C] as watcher for u_4 [SU9j]
	Asking u_4 [SU9j]'s watchers to watch [YkTo]
	✅ u_3 [oqoL] Inception Done
	Added [bivQ] as watcher for u_0 [zPmp]
	Asking u_0 [zPmp]'s watchers to watch [YkTo]
	✅ u_8 [Q9YP] Inception Done
	✅ u_7 [Tx20] Inception Done
	✅ u_9 [rtDA] Inception Done
	✅ u_5 [u0Wo] Inception Done
	✅ u_2 [KfR6] Inception Done
	✅ u_0 [zPmp] Inception Done
	✅ u_4 [SU9j] Inception Done
Test 2 (signature verification)
	✅ u_4 [SU9j] Message verified
	✅ u_2 [KfR6] Message verified
	✅ u_5 [u0Wo] Message verified
	✅ u_8 [Q9YP] Message verified
	✅ u_1 [8uAJ] Message verified
	✅ u_7 [Tx20] Message verified
	✅ u_0 [zPmp] Message verified
	✅ u_3 [oqoL] Message verified
	✅ u_6 [UDbi] Message verified
	✅ u_9 [rtDA] Message verified
Waiting for an incoming message - Test 3 (signature verification after rotation of issuer)
	✅ u_7 [Tx20] Message Verified (2)
	✅ u_4 [SU9j] Message Verified (2)
	✅ u_8 [Q9YP] Message Verified (2)
	✅ u_9 [rtDA] Message Verified (2)
	✅ u_0 [zPmp] Message Verified (2)
	✅ u_5 [u0Wo] Message Verified (2)
	✅ u_3 [oqoL] Message Verified (2)
	✅ u_1 [8uAJ] Message Verified (2)
	✅ u_2 [KfR6] Message Verified (2)
	✅ u_6 [UDbi] Message Verified (2)
Waiting for an incoming message - Test 4 (valid acdc credential)
skipped--
Waiting for an incoming message - Test 5 (acdc revocation)
skipped--
Waiting for an incoming message - Test 6
u_2 [KfR6] Starts Rotation
u_8 [Q9YP] Starts Rotation
u_4 [SU9j] Starts Rotation
u_0 [zPmp] Starts Rotation
u_1 [8uAJ] Starts Rotation
u_6 [UDbi] Starts Rotation
u_5 [u0Wo] Starts Rotation
u_3 [oqoL] Starts Rotation
u_9 [rtDA] Starts Rotation
u_7 [Tx20] Starts Rotation
u_1 [8uAJ] Ends Rotation
u_1 [8uAJ] - Completed Key Rotation
u_9 [rtDA] Ends Rotation
u_9 [rtDA] - Completed Key Rotation
u_2 [KfR6] Ends Rotation
u_2 [KfR6] - Completed Key Rotation
u_6 [UDbi] Ends Rotation
u_6 [UDbi] - Completed Key Rotation
u_7 [Tx20] Ends Rotation
u_7 [Tx20] - Completed Key Rotation
u_5 [u0Wo] Ends Rotation
u_5 [u0Wo] - Completed Key Rotation
u_4 [SU9j] Ends Rotation
u_4 [SU9j] - Completed Key Rotation
u_3 [oqoL] Ends Rotation
u_3 [oqoL] - Completed Key Rotation
u_8 [Q9YP] Ends Rotation
u_8 [Q9YP] - Completed Key Rotation
u_0 [zPmp] Ends Rotation
u_0 [zPmp] - Completed Key Rotation
Executed 10 users / 10 success / 0 fail
Test 1: 24376ms (2437 p.u.)
Test 2: 1ms (0 p.u.)
Test 3: 1028ms (102 p.u.)
Test 4: 27268ms (2726 p.u.)
