Waiting for an incoming message - Test 1 (inception)
Error while deserializing http message: Error("EOF while parsing a value", line: 1, column: 0)
	Preparing Data...
	Data is ready, starting users and test1
Incepted: u_0 [XVyk]
Incepted: u_1 [jc8v]
	Added [x5MO] as watcher for u_0 [XVyk]
Incepted: u_2 [aDuh]
Incepted: u_6 [4kF9]
Incepted: u_3 [Js5e]
Incepted: u_5 [yNBI]
Incepted: u_9 [nDhJ]
	Added [jm4C] as watcher for u_1 [jc8v]
Incepted: u_8 [tfSX]
Incepted: u_7 [nLtR]
Incepted: u_4 [E-9G]
	Added [bivQ] as watcher for u_0 [XVyk]
	Added [x5MO] as watcher for u_3 [Js5e]
	Added [bivQ] as watcher for u_2 [aDuh]
	Added [2D85] as watcher for u_6 [4kF9]
	Added [bivQ] as watcher for u_9 [nDhJ]
	Added [2D85] as watcher for u_5 [yNBI]
	Added [x5MO] as watcher for u_1 [jc8v]
	Added [jm4C] as watcher for u_7 [nLtR]
	Added [x5MO] as watcher for u_8 [tfSX]
	Added [bivQ] as watcher for u_4 [E-9G]
	Added [jm4C] as watcher for u_0 [XVyk]
	Asking u_0 [XVyk]'s watchers to watch [YkTo]
	Added [jm4C] as watcher for u_3 [Js5e]
	Added [jm4C] as watcher for u_6 [4kF9]
	Added [2D85] as watcher for u_2 [aDuh]
	Added [jm4C] as watcher for u_9 [nDhJ]
	Added [bivQ] as watcher for u_5 [yNBI]
	Added [x5MO] as watcher for u_7 [nLtR]
	Added [x5MO] as watcher for u_4 [E-9G]
	✅ u_0 [XVyk] Inception Done
	Added [bivQ] as watcher for u_8 [tfSX]
	Added [bivQ] as watcher for u_3 [Js5e]
	Asking u_3 [Js5e]'s watchers to watch [YkTo]
	Added [x5MO] as watcher for u_6 [4kF9]
	Asking u_6 [4kF9]'s watchers to watch [YkTo]
	Added [2D85] as watcher for u_1 [jc8v]
	Asking u_1 [jc8v]'s watchers to watch [YkTo]
	Added [x5MO] as watcher for u_2 [aDuh]
	Asking u_2 [aDuh]'s watchers to watch [YkTo]
	Added [x5MO] as watcher for u_9 [nDhJ]
	Asking u_9 [nDhJ]'s watchers to watch [YkTo]
	Added [jm4C] as watcher for u_5 [yNBI]
	Asking u_5 [yNBI]'s watchers to watch [YkTo]
	Added [jm4C] as watcher for u_4 [E-9G]
	Asking u_4 [E-9G]'s watchers to watch [YkTo]
	Added [jm4C] as watcher for u_8 [tfSX]
	Asking u_8 [tfSX]'s watchers to watch [YkTo]
	✅ u_3 [Js5e] Inception Done
	✅ u_6 [4kF9] Inception Done
	✅ u_9 [nDhJ] Inception Done
	✅ u_2 [aDuh] Inception Done
	✅ u_1 [jc8v] Inception Done
	Added [2D85] as watcher for u_7 [nLtR]
	Asking u_7 [nLtR]'s watchers to watch [YkTo]
	✅ u_5 [yNBI] Inception Done
	✅ u_8 [tfSX] Inception Done
	✅ u_7 [nLtR] Inception Done
	✅ u_4 [E-9G] Inception Done
Test 2 (signature verification)
	✅ u_4 [E-9G] Message verified
	✅ u_5 [yNBI] Message verified
	✅ u_8 [tfSX] Message verified
	✅ u_2 [aDuh] Message verified
	✅ u_6 [4kF9] Message verified
	✅ u_1 [jc8v] Message verified
	✅ u_0 [XVyk] Message verified
	✅ u_7 [nLtR] Message verified
	✅ u_3 [Js5e] Message verified
	✅ u_9 [nDhJ] Message verified
Waiting for an incoming message - Test 3 (signature verification after rotation of issuer)
	✅ u_1 [jc8v] Message Verified (2)
	✅ u_7 [nLtR] Message Verified (2)
	✅ u_3 [Js5e] Message Verified (2)
	✅ u_0 [XVyk] Message Verified (2)
	✅ u_8 [tfSX] Message Verified (2)
	✅ u_5 [yNBI] Message Verified (2)
	✅ u_9 [nDhJ] Message Verified (2)
	✅ u_2 [aDuh] Message Verified (2)
	✅ u_6 [4kF9] Message Verified (2)
	✅ u_4 [E-9G] Message Verified (2)
Waiting for an incoming message - Test 4 (valid acdc credential)
skipped--
Waiting for an incoming message - Test 5 (acdc revocation)
skipped--
Waiting for an incoming message - Test 6
u_4 [E-9G] Starts Rotation
u_5 [yNBI] Starts Rotation
u_0 [XVyk] Starts Rotation
u_1 [jc8v] Starts Rotation
u_2 [aDuh] Starts Rotation
u_8 [tfSX] Starts Rotation
u_9 [nDhJ] Starts Rotation
u_7 [nLtR] Starts Rotation
u_6 [4kF9] Starts Rotation
u_3 [Js5e] Starts Rotation
u_7 [nLtR] Ends Rotation
u_7 [nLtR] - Completed Key Rotation
u_0 [XVyk] Ends Rotation
u_0 [XVyk] - Completed Key Rotation
u_4 [E-9G] Ends Rotation
u_4 [E-9G] - Completed Key Rotation
u_9 [nDhJ] Ends Rotation
u_9 [nDhJ] - Completed Key Rotation
u_5 [yNBI] Ends Rotation
u_5 [yNBI] - Completed Key Rotation
u_1 [jc8v] Ends Rotation
u_1 [jc8v] - Completed Key Rotation
u_8 [tfSX] Ends Rotation
u_8 [tfSX] - Completed Key Rotation
u_3 [Js5e] Ends Rotation
u_3 [Js5e] - Completed Key Rotation
u_6 [4kF9] Ends Rotation
u_6 [4kF9] - Completed Key Rotation
u_2 [aDuh] Ends Rotation
u_2 [aDuh] - Completed Key Rotation
Executed 10 users / 10 success / 0 fail
Test 1: 26876ms (2687 p.u.)
Test 2: 1ms (0 p.u.)
Test 3: 1258ms (125 p.u.)
Test 4: 30047ms (3004 p.u.)
