Waiting for an incoming message - Test 1 (inception)
Error while deserializing http message: Error("EOF while parsing a value", line: 1, column: 0)
	Preparing Data...
	Data is ready, starting users and test1
Incepted: u_7 [SOfz]
Incepted: u_3 [Vtuw]
Incepted: u_2 [HPmK]
Incepted: u_4 [adJa]
Incepted: u_6 [_wb8]
Incepted: u_1 [ESbA]
	Added [jm4C] as watcher for u_7 [SOfz]
Incepted: u_5 [6iLP]
Incepted: u_8 [_qfZ]
Incepted: u_0 [P_h3]
Incepted: u_9 [UL6d]
	Added [x5MO] as watcher for u_3 [Vtuw]
	Added [jm4C] as watcher for u_4 [adJa]
	Added [bivQ] as watcher for u_2 [HPmK]
	Added [x5MO] as watcher for u_6 [_wb8]
	Added [2D85] as watcher for u_1 [ESbA]
	Added [bivQ] as watcher for u_7 [SOfz]
	Added [2D85] as watcher for u_5 [6iLP]
	Added [bivQ] as watcher for u_8 [_qfZ]
	Added [jm4C] as watcher for u_3 [Vtuw]
	Added [bivQ] as watcher for u_9 [UL6d]
	Added [bivQ] as watcher for u_0 [P_h3]
	Added [x5MO] as watcher for u_8 [_qfZ]
	Added [bivQ] as watcher for u_4 [adJa]
	Added [jm4C] as watcher for u_2 [HPmK]
	Added [2D85] as watcher for u_7 [SOfz]
	Asking u_7 [SOfz]'s watchers to watch [YkTo]
	Added [bivQ] as watcher for u_1 [ESbA]
	Added [bivQ] as watcher for u_5 [6iLP]
	Added [jm4C] as watcher for u_6 [_wb8]
	Added [jm4C] as watcher for u_0 [P_h3]
	Added [jm4C] as watcher for u_8 [_qfZ]
	Asking u_8 [_qfZ]'s watchers to watch [YkTo]
	Added [2D85] as watcher for u_3 [Vtuw]
	Asking u_3 [Vtuw]'s watchers to watch [YkTo]
	✅ u_7 [SOfz] Inception Done
	Added [2D85] as watcher for u_9 [UL6d]
	Added [jm4C] as watcher for u_5 [6iLP]
	Asking u_5 [6iLP]'s watchers to watch [YkTo]
	Added [jm4C] as watcher for u_1 [ESbA]
	Asking u_1 [ESbA]'s watchers to watch [YkTo]
	Added [2D85] as watcher for u_4 [adJa]
	Asking u_4 [adJa]'s watchers to watch [YkTo]
	Added [x5MO] as watcher for u_2 [HPmK]
	Asking u_2 [HPmK]'s watchers to watch [YkTo]
	Added [x5MO] as watcher for u_0 [P_h3]
	Asking u_0 [P_h3]'s watchers to watch [YkTo]
	Added [jm4C] as watcher for u_9 [UL6d]
	Asking u_9 [UL6d]'s watchers to watch [YkTo]
	Added [2D85] as watcher for u_6 [_wb8]
	Asking u_6 [_wb8]'s watchers to watch [YkTo]
	✅ u_8 [_qfZ] Inception Done
	✅ u_5 [6iLP] Inception Done
	✅ u_2 [HPmK] Inception Done
	✅ u_0 [P_h3] Inception Done
	✅ u_4 [adJa] Inception Done
	✅ u_3 [Vtuw] Inception Done
	✅ u_9 [UL6d] Inception Done
	✅ u_1 [ESbA] Inception Done
	✅ u_6 [_wb8] Inception Done
Test 2 (signature verification)
	✅ u_3 [Vtuw] Message verified
	✅ u_6 [_wb8] Message verified
	✅ u_1 [ESbA] Message verified
	✅ u_4 [adJa] Message verified
	✅ u_0 [P_h3] Message verified
	✅ u_8 [_qfZ] Message verified
	✅ u_9 [UL6d] Message verified
	✅ u_2 [HPmK] Message verified
	✅ u_7 [SOfz] Message verified
	✅ u_5 [6iLP] Message verified
Waiting for an incoming message - Test 3 (signature verification after rotation of issuer)
	✅ u_3 [Vtuw] Message Verified (2)
	✅ u_9 [UL6d] Message Verified (2)
	✅ u_2 [HPmK] Message Verified (2)
	✅ u_6 [_wb8] Message Verified (2)
	✅ u_1 [ESbA] Message Verified (2)
	✅ u_8 [_qfZ] Message Verified (2)
	✅ u_4 [adJa] Message Verified (2)
	✅ u_7 [SOfz] Message Verified (2)
	✅ u_5 [6iLP] Message Verified (2)
	✅ u_0 [P_h3] Message Verified (2)
Waiting for an incoming message - Test 4 (valid acdc credential)
skipped--
Waiting for an incoming message - Test 5 (acdc revocation)
skipped--
Waiting for an incoming message - Test 6
u_0 [P_h3] Starts Rotation
u_5 [6iLP] Starts Rotation
u_9 [UL6d] Starts Rotation
u_6 [_wb8] Starts Rotation
u_1 [ESbA] Starts Rotation
u_4 [adJa] Starts Rotation
u_3 [Vtuw] Starts Rotation
u_8 [_qfZ] Starts Rotation
u_2 [HPmK] Starts Rotation
u_7 [SOfz] Starts Rotation
u_3 [Vtuw] Ends Rotation
u_3 [Vtuw] - Completed Key Rotation
u_0 [P_h3] Ends Rotation
u_0 [P_h3] - Completed Key Rotation
u_2 [HPmK] Ends Rotation
u_2 [HPmK] - Completed Key Rotation
u_1 [ESbA] Ends Rotation
u_1 [ESbA] - Completed Key Rotation
u_7 [SOfz] Ends Rotation
u_7 [SOfz] - Completed Key Rotation
u_4 [adJa] Ends Rotation
u_4 [adJa] - Completed Key Rotation
u_5 [6iLP] Ends Rotation
u_5 [6iLP] - Completed Key Rotation
u_6 [_wb8] Ends Rotation
u_6 [_wb8] - Completed Key Rotation
u_9 [UL6d] Ends Rotation
u_9 [UL6d] - Completed Key Rotation
u_8 [_qfZ] Ends Rotation
u_8 [_qfZ] - Completed Key Rotation
Executed 10 users / 10 success / 0 fail
Test 1: 23929ms (2392 p.u.)
Test 2: 1ms (0 p.u.)
Test 3: 656ms (65 p.u.)
Test 4: 26915ms (2691 p.u.)
