Waiting for an incoming message - Test 1 (inception)
Error while deserializing http message: Error("EOF while parsing a value", line: 1, column: 0)
	Preparing Data...
	Data is ready, starting users and test1
Incepted: u_7 [LoGf]
	Added [jm4C] as watcher for u_7 [LoGf]
	Added [2D85] as watcher for u_7 [LoGf]
Incepted: u_1 [9zug]
Incepted: u_5 [ccZk]
	Added [x5MO] as watcher for u_7 [LoGf]
	Asking u_7 [LoGf]'s watchers to watch [YkTo]
	Added [bivQ] as watcher for u_1 [9zug]
	Added [jm4C] as watcher for u_5 [ccZk]
Incepted: u_0 [iNCz]
	Added [2D85] as watcher for u_1 [9zug]
Incepted: u_3 [sDRQ]
	Added [bivQ] as watcher for u_5 [ccZk]
	Added [bivQ] as watcher for u_0 [iNCz]
	Added [x5MO] as watcher for u_1 [9zug]
	Asking u_1 [9zug]'s watchers to watch [YkTo]
Incepted: u_8 [n_q8]
	Added [x5MO] as watcher for u_5 [ccZk]
	Asking u_5 [ccZk]'s watchers to watch [YkTo]
	Added [jm4C] as watcher for u_3 [sDRQ]
	Added [2D85] as watcher for u_0 [iNCz]
	Added [2D85] as watcher for u_3 [sDRQ]
	Added [x5MO] as watcher for u_8 [n_q8]
Incepted: u_4 [bmQP]
	Added [x5MO] as watcher for u_0 [iNCz]
	Asking u_0 [iNCz]'s watchers to watch [YkTo]
Incepted: u_2 [4MLy]
	Added [bivQ] as watcher for u_3 [sDRQ]
	Asking u_3 [sDRQ]'s watchers to watch [YkTo]
	Added [bivQ] as watcher for u_8 [n_q8]
	Added [bivQ] as watcher for u_4 [bmQP]
	Added [bivQ] as watcher for u_2 [4MLy]
	Added [2D85] as watcher for u_8 [n_q8]
	Asking u_8 [n_q8]'s watchers to watch [YkTo]
Incepted: u_9 [BepK]
	Added [x5MO] as watcher for u_4 [bmQP]
Incepted: u_6 [8Saz]
	Added [2D85] as watcher for u_2 [4MLy]
	Added [2D85] as watcher for u_4 [bmQP]
	Asking u_4 [bmQP]'s watchers to watch [YkTo]
	Added [2D85] as watcher for u_6 [8Saz]
	Added [x5MO] as watcher for u_9 [BepK]
	Added [jm4C] as watcher for u_2 [4MLy]
	Asking u_2 [4MLy]'s watchers to watch [YkTo]
	Added [2D85] as watcher for u_9 [BepK]
	Added [jm4C] as watcher for u_6 [8Saz]
	Added [jm4C] as watcher for u_9 [BepK]
	Asking u_9 [BepK]'s watchers to watch [YkTo]
	Added [bivQ] as watcher for u_6 [8Saz]
	Asking u_6 [8Saz]'s watchers to watch [YkTo]
	✅ u_1 [9zug] Inception Done
	✅ u_7 [LoGf] Inception Done
	✅ u_0 [iNCz] Inception Done
	✅ u_3 [sDRQ] Inception Done
	✅ u_4 [bmQP] Inception Done
	✅ u_2 [4MLy] Inception Done
	✅ u_8 [n_q8] Inception Done
	✅ u_9 [BepK] Inception Done
	✅ u_5 [ccZk] Inception Done
	✅ u_6 [8Saz] Inception Done
Test 2 (signature verification)
	✅ u_6 [8Saz] Message verified
	✅ u_4 [bmQP] Message verified
	✅ u_3 [sDRQ] Message verified
	✅ u_7 [LoGf] Message verified
	✅ u_2 [4MLy] Message verified
	✅ u_1 [9zug] Message verified
	✅ u_5 [ccZk] Message verified
	✅ u_9 [BepK] Message verified
	✅ u_0 [iNCz] Message verified
	✅ u_8 [n_q8] Message verified
Waiting for an incoming message - Test 3 (signature verification after rotation of issuer)
	✅ u_8 [n_q8] Message Verified (2)
	✅ u_4 [bmQP] Message Verified (2)
	✅ u_5 [ccZk] Message Verified (2)
	✅ u_7 [LoGf] Message Verified (2)
	✅ u_9 [BepK] Message Verified (2)
	✅ u_3 [sDRQ] Message Verified (2)
	✅ u_0 [iNCz] Message Verified (2)
	✅ u_2 [4MLy] Message Verified (2)
	✅ u_6 [8Saz] Message Verified (2)
	✅ u_1 [9zug] Message Verified (2)
Waiting for an incoming message - Test 4 (valid acdc credential)
skipped--
Waiting for an incoming message - Test 5 (acdc revocation)
skipped--
Waiting for an incoming message - Test 6
u_5 [ccZk] Starts Rotation
u_1 [9zug] Starts Rotation
u_0 [iNCz] Starts Rotation
u_7 [LoGf] Starts Rotation
u_4 [bmQP] Starts Rotation
u_6 [8Saz] Starts Rotation
u_2 [4MLy] Starts Rotation
u_8 [n_q8] Starts Rotation
u_3 [sDRQ] Starts Rotation
u_9 [BepK] Starts Rotation
u_8 [n_q8] Ends Rotation
u_8 [n_q8] - Completed Key Rotation
u_1 [9zug] Ends Rotation
u_1 [9zug] - Completed Key Rotation
u_7 [LoGf] Ends Rotation
u_7 [LoGf] - Completed Key Rotation
u_4 [bmQP] Ends Rotation
u_4 [bmQP] - Completed Key Rotation
u_0 [iNCz] Ends Rotation
u_0 [iNCz] - Completed Key Rotation
u_6 [8Saz] Ends Rotation
u_6 [8Saz] - Completed Key Rotation
u_2 [4MLy] Ends Rotation
u_2 [4MLy] - Completed Key Rotation
u_5 [ccZk] Ends Rotation
u_5 [ccZk] - Completed Key Rotation
u_9 [BepK] Ends Rotation
u_9 [BepK] - Completed Key Rotation
u_3 [sDRQ] Ends Rotation
u_3 [sDRQ] - Completed Key Rotation
Executed 10 users / 10 success / 0 fail
Test 1: 23307ms (2330 p.u.)
Test 2: 1ms (0 p.u.)
Test 3: 746ms (74 p.u.)
Test 4: 37094ms (3709 p.u.)
