Waiting for an incoming message - Test 1 (inception)
Error while deserializing http message: Error("EOF while parsing a value", line: 1, column: 0)
	Preparing Data...
	Data is ready, starting users and test1
Incepted: u_4 [lKA-]
Incepted: u_1 [sXgt]
Incepted: u_3 [wfe9]
Incepted: u_8 [pHjS]
Incepted: u_2 [pPFp]
	Added [x5MO] as watcher for u_4 [lKA-]
Incepted: u_9 [V9xa]
Incepted: u_6 [c1As]
Incepted: u_5 [FjWe]
Incepted: u_7 [JMeS]
	Added [bivQ] as watcher for u_1 [sXgt]
Incepted: u_0 [_ydG]
	Added [2D85] as watcher for u_8 [pHjS]
	Added [bivQ] as watcher for u_3 [wfe9]
	Added [jm4C] as watcher for u_2 [pPFp]
	Added [x5MO] as watcher for u_5 [FjWe]
	Added [x5MO] as watcher for u_6 [c1As]
	Added [jm4C] as watcher for u_4 [lKA-]
	Added [x5MO] as watcher for u_9 [V9xa]
	Added [2D85] as watcher for u_1 [sXgt]
	Added [2D85] as watcher for u_0 [_ydG]
	Added [x5MO] as watcher for u_8 [pHjS]
	Added [bivQ] as watcher for u_7 [JMeS]
	Added [jm4C] as watcher for u_3 [wfe9]
	Added [bivQ] as watcher for u_6 [c1As]
	Added [bivQ] as watcher for u_2 [pPFp]
	Added [2D85] as watcher for u_5 [FjWe]
	Added [2D85] as watcher for u_4 [lKA-]
	Asking u_4 [lKA-]'s watchers to watch [YkTo]
	Added [x5MO] as watcher for u_0 [_ydG]
	Added [jm4C] as watcher for u_8 [pHjS]
	Asking u_8 [pHjS]'s watchers to watch [YkTo]
	Added [2D85] as watcher for u_9 [V9xa]
	Added [2D85] as watcher for u_7 [JMeS]
	Added [x5MO] as watcher for u_1 [sXgt]
	Asking u_1 [sXgt]'s watchers to watch [YkTo]
	Added [x5MO] as watcher for u_3 [wfe9]
	Asking u_3 [wfe9]'s watchers to watch [YkTo]
	✅ u_4 [lKA-] Inception Done
	✅ u_8 [pHjS] Inception Done
	Added [2D85] as watcher for u_6 [c1As]
	Asking u_6 [c1As]'s watchers to watch [YkTo]
	Added [2D85] as watcher for u_2 [pPFp]
	Asking u_2 [pPFp]'s watchers to watch [YkTo]
	Added [bivQ] as watcher for u_0 [_ydG]
	Asking u_0 [_ydG]'s watchers to watch [YkTo]
	Added [jm4C] as watcher for u_9 [V9xa]
	Asking u_9 [V9xa]'s watchers to watch [YkTo]
	Added [jm4C] as watcher for u_7 [JMeS]
	Asking u_7 [JMeS]'s watchers to watch [YkTo]
	Added [jm4C] as watcher for u_5 [FjWe]
	Asking u_5 [FjWe]'s watchers to watch [YkTo]
	✅ u_9 [V9xa] Inception Done
	✅ u_3 [wfe9] Inception Done
	✅ u_1 [sXgt] Inception Done
	✅ u_7 [JMeS] Inception Done
	✅ u_0 [_ydG] Inception Done
	✅ u_2 [pPFp] Inception Done
	✅ u_6 [c1As] Inception Done
	✅ u_5 [FjWe] Inception Done
Test 2 (signature verification)
	✅ u_5 [FjWe] Message verified
	✅ u_6 [c1As] Message verified
	✅ u_7 [JMeS] Message verified
	✅ u_1 [sXgt] Message verified
	✅ u_4 [lKA-] Message verified
	✅ u_9 [V9xa] Message verified
	✅ u_8 [pHjS] Message verified
	✅ u_3 [wfe9] Message verified
	✅ u_0 [_ydG] Message verified
	✅ u_2 [pPFp] Message verified
Waiting for an incoming message - Test 3 (signature verification after rotation of issuer)
	✅ u_1 [sXgt] Message Verified (2)
	✅ u_0 [_ydG] Message Verified (2)
	✅ u_9 [V9xa] Message Verified (2)
	✅ u_2 [pPFp] Message Verified (2)
	✅ u_8 [pHjS] Message Verified (2)
	✅ u_4 [lKA-] Message Verified (2)
	✅ u_6 [c1As] Message Verified (2)
	✅ u_5 [FjWe] Message Verified (2)
	✅ u_7 [JMeS] Message Verified (2)
	✅ u_3 [wfe9] Message Verified (2)
Waiting for an incoming message - Test 4 (valid acdc credential)
skipped--
Waiting for an incoming message - Test 5 (acdc revocation)
skipped--
Waiting for an incoming message - Test 6
u_3 [wfe9] Starts Rotation
u_2 [pPFp] Starts Rotation
u_0 [_ydG] Starts Rotation
u_5 [FjWe] Starts Rotation
u_6 [c1As] Starts Rotation
u_8 [pHjS] Starts Rotation
u_9 [V9xa] Starts Rotation
u_7 [JMeS] Starts Rotation
u_4 [lKA-] Starts Rotation
u_1 [sXgt] Starts Rotation
u_3 [wfe9] Ends Rotation
u_3 [wfe9] - Completed Key Rotation
u_0 [_ydG] Ends Rotation
u_0 [_ydG] - Completed Key Rotation
u_1 [sXgt] Ends Rotation
u_1 [sXgt] - Completed Key Rotation
u_7 [JMeS] Ends Rotation
u_7 [JMeS] - Completed Key Rotation
u_9 [V9xa] Ends Rotation
u_9 [V9xa] - Completed Key Rotation
u_6 [c1As] Ends Rotation
u_6 [c1As] - Completed Key Rotation
u_8 [pHjS] Ends Rotation
u_8 [pHjS] - Completed Key Rotation
u_5 [FjWe] Ends Rotation
u_5 [FjWe] - Completed Key Rotation
u_4 [lKA-] Ends Rotation
u_4 [lKA-] - Completed Key Rotation
u_2 [pPFp] Ends Rotation
u_2 [pPFp] - Completed Key Rotation
Executed 10 users / 10 success / 0 fail
Test 1: 25179ms (2517 p.u.)
Test 2: 1ms (0 p.u.)
Test 3: 700ms (70 p.u.)
Test 4: 27824ms (2782 p.u.)
