Waiting for an incoming message - Test 1 (inception)
Error while deserializing http message: Error("EOF while parsing a value", line: 1, column: 0)
	Preparing Data...
	Data is ready, starting users and test1
Incepted: u_6 [JXBH]
Incepted: u_7 [-6dp]
	Added [jm4C] as watcher for u_6 [JXBH]
	Added [jm4C] as watcher for u_7 [-6dp]
Incepted: u_9 [ZWZB]
Incepted: u_8 [eObe]
Incepted: u_4 [e3Oi]
Incepted: u_0 [J7Wp]
	Added [2D85] as watcher for u_7 [-6dp]
	Added [2D85] as watcher for u_6 [JXBH]
Incepted: u_2 [qqR_]
	Added [jm4C] as watcher for u_9 [ZWZB]
	Added [2D85] as watcher for u_4 [e3Oi]
Incepted: u_3 [PkC1]
	Added [x5MO] as watcher for u_7 [-6dp]
	Asking u_7 [-6dp]'s watchers to watch [YkTo]
	Added [bivQ] as watcher for u_8 [eObe]
	Added [jm4C] as watcher for u_2 [qqR_]
	Added [x5MO] as watcher for u_6 [JXBH]
	Asking u_6 [JXBH]'s watchers to watch [YkTo]
	Added [2D85] as watcher for u_9 [ZWZB]
	Added [bivQ] as watcher for u_0 [J7Wp]
Incepted: u_5 [Shh9]
Incepted: u_1 [u-H-]
	✅ u_7 [-6dp] Inception Done
	Added [bivQ] as watcher for u_4 [e3Oi]
	Added [2D85] as watcher for u_8 [eObe]
	✅ u_6 [JXBH] Inception Done
	Added [x5MO] as watcher for u_3 [PkC1]
	Added [x5MO] as watcher for u_9 [ZWZB]
	Asking u_9 [ZWZB]'s watchers to watch [YkTo]
	Added [bivQ] as watcher for u_2 [qqR_]
	Added [2D85] as watcher for u_1 [u-H-]
	Added [x5MO] as watcher for u_0 [J7Wp]
	Added [x5MO] as watcher for u_4 [e3Oi]
	Asking u_4 [e3Oi]'s watchers to watch [YkTo]
	Added [jm4C] as watcher for u_5 [Shh9]
	Added [x5MO] as watcher for u_8 [eObe]
	Asking u_8 [eObe]'s watchers to watch [YkTo]
	Added [jm4C] as watcher for u_3 [PkC1]
	✅ u_9 [ZWZB] Inception Done
	Added [bivQ] as watcher for u_1 [u-H-]
	Added [2D85] as watcher for u_2 [qqR_]
	Asking u_2 [qqR_]'s watchers to watch [YkTo]
	Added [2D85] as watcher for u_0 [J7Wp]
	Asking u_0 [J7Wp]'s watchers to watch [YkTo]
	Added [bivQ] as watcher for u_3 [PkC1]
	Asking u_3 [PkC1]'s watchers to watch [YkTo]
	Added [x5MO] as watcher for u_1 [u-H-]
	Asking u_1 [u-H-]'s watchers to watch [YkTo]
	✅ u_4 [e3Oi] Inception Done
	✅ u_8 [eObe] Inception Done
	Added [bivQ] as watcher for u_5 [Shh9]
	✅ u_0 [J7Wp] Inception Done
	✅ u_1 [u-H-] Inception Done
	✅ u_2 [qqR_] Inception Done
	✅ u_3 [PkC1] Inception Done
	Added [2D85] as watcher for u_5 [Shh9]
	Asking u_5 [Shh9]'s watchers to watch [YkTo]
	✅ u_5 [Shh9] Inception Done
Test 2 (signature verification)
	✅ u_5 [Shh9] Message verified
	✅ u_7 [-6dp] Message verified
	✅ u_9 [ZWZB] Message verified
	✅ u_2 [qqR_] Message verified
	✅ u_1 [u-H-] Message verified
	✅ u_6 [JXBH] Message verified
	✅ u_3 [PkC1] Message verified
	✅ u_8 [eObe] Message verified
	✅ u_0 [J7Wp] Message verified
	✅ u_4 [e3Oi] Message verified
Waiting for an incoming message - Test 3 (signature verification after rotation of issuer)
	✅ u_1 [u-H-] Message Verified (2)
	✅ u_7 [-6dp] Message Verified (2)
	✅ u_5 [Shh9] Message Verified (2)
	✅ u_6 [JXBH] Message Verified (2)
	✅ u_2 [qqR_] Message Verified (2)
	✅ u_3 [PkC1] Message Verified (2)
	✅ u_0 [J7Wp] Message Verified (2)
	✅ u_4 [e3Oi] Message Verified (2)
	✅ u_9 [ZWZB] Message Verified (2)
	✅ u_8 [eObe] Message Verified (2)
Waiting for an incoming message - Test 4 (valid acdc credential)
skipped--
Waiting for an incoming message - Test 5 (acdc revocation)
skipped--
Waiting for an incoming message - Test 6
u_8 [eObe] Starts Rotation
u_2 [qqR_] Starts Rotation
u_3 [PkC1] Starts Rotation
u_7 [-6dp] Starts Rotation
u_0 [J7Wp] Starts Rotation
u_4 [e3Oi] Starts Rotation
u_9 [ZWZB] Starts Rotation
u_5 [Shh9] Starts Rotation
u_6 [JXBH] Starts Rotation
u_1 [u-H-] Starts Rotation
u_1 [u-H-] Ends Rotation
u_1 [u-H-] - Completed Key Rotation
u_9 [ZWZB] Ends Rotation
u_9 [ZWZB] - Completed Key Rotation
u_5 [Shh9] Ends Rotation
u_5 [Shh9] - Completed Key Rotation
u_4 [e3Oi] Ends Rotation
u_4 [e3Oi] - Completed Key Rotation
u_8 [eObe] Ends Rotation
u_8 [eObe] - Completed Key Rotation
u_7 [-6dp] Ends Rotation
u_7 [-6dp] - Completed Key Rotation
u_2 [qqR_] Ends Rotation
u_2 [qqR_] - Completed Key Rotation
u_0 [J7Wp] Ends Rotation
u_0 [J7Wp] - Completed Key Rotation
u_6 [JXBH] Ends Rotation
u_6 [JXBH] - Completed Key Rotation
u_3 [PkC1] Ends Rotation
u_3 [PkC1] - Completed Key Rotation
Executed 10 users / 10 success / 0 fail
Test 1: 30555ms (3055 p.u.)
Test 2: 1ms (0 p.u.)
Test 3: 781ms (78 p.u.)
Test 4: 31994ms (3199 p.u.)
