Waiting for an incoming message - Test 1 (inception)
Error while deserializing http message: Error("EOF while parsing a value", line: 1, column: 0)
Error while deserializing http message: Error("EOF while parsing a value", line: 1, column: 0)
	Preparing Data...
	Data is ready, starting users and test1
Incepted: u_2 [5-kt]
Incepted: u_7 [kwn_]
Incepted: u_8 [QQ3u]
	Added [2D85] as watcher for u_2 [5-kt]
Incepted: u_4 [_Wnz]
	Added [2D85] as watcher for u_7 [kwn_]
	Added [bivQ] as watcher for u_8 [QQ3u]
Incepted: u_0 [OcpT]
	Added [x5MO] as watcher for u_2 [5-kt]
	Added [2D85] as watcher for u_4 [_Wnz]
	Added [x5MO] as watcher for u_8 [QQ3u]
Incepted: u_6 [qjLy]
	Added [bivQ] as watcher for u_7 [kwn_]
	Added [bivQ] as watcher for u_0 [OcpT]
	Added [jm4C] as watcher for u_2 [5-kt]
	Asking u_2 [5-kt]'s watchers to watch [YkTo]
	Added [jm4C] as watcher for u_4 [_Wnz]
	Added [2D85] as watcher for u_8 [QQ3u]
	Asking u_8 [QQ3u]'s watchers to watch [YkTo]
	Added [bivQ] as watcher for u_6 [qjLy]
	Added [jm4C] as watcher for u_0 [OcpT]
	Added [jm4C] as watcher for u_7 [kwn_]
	Asking u_7 [kwn_]'s watchers to watch [YkTo]
Incepted: u_9 [ygA7]
	Added [2D85] as watcher for u_0 [OcpT]
	Asking u_0 [OcpT]'s watchers to watch [YkTo]
	Added [bivQ] as watcher for u_4 [_Wnz]
	Asking u_4 [_Wnz]'s watchers to watch [YkTo]
	Added [jm4C] as watcher for u_6 [qjLy]
	Added [x5MO] as watcher for u_9 [ygA7]
Incepted: u_1 [Okmh]
	Added [x5MO] as watcher for u_6 [qjLy]
	Asking u_6 [qjLy]'s watchers to watch [YkTo]
	Added [2D85] as watcher for u_1 [Okmh]
	Added [bivQ] as watcher for u_9 [ygA7]
	Added [jm4C] as watcher for u_1 [Okmh]
	Added [2D85] as watcher for u_9 [ygA7]
	Asking u_9 [ygA7]'s watchers to watch [YkTo]
	Added [x5MO] as watcher for u_1 [Okmh]
	Asking u_1 [Okmh]'s watchers to watch [YkTo]
Incepted: u_5 [wWpD]
	Added [jm4C] as watcher for u_5 [wWpD]
	Added [bivQ] as watcher for u_5 [wWpD]
	Added [2D85] as watcher for u_5 [wWpD]
	Asking u_5 [wWpD]'s watchers to watch [YkTo]
	✅ u_0 [OcpT] Inception Done
Incepted: u_3 [l5WI]
	✅ u_8 [QQ3u] Inception Done
	✅ u_7 [kwn_] Inception Done
	Added [bivQ] as watcher for u_3 [l5WI]
	Added [2D85] as watcher for u_3 [l5WI]
	✅ u_4 [_Wnz] Inception Done
	Added [jm4C] as watcher for u_3 [l5WI]
	Asking u_3 [l5WI]'s watchers to watch [YkTo]
	✅ u_6 [qjLy] Inception Done
	✅ u_5 [wWpD] Inception Done
	✅ u_2 [5-kt] Inception Done
	✅ u_9 [ygA7] Inception Done
	✅ u_1 [Okmh] Inception Done
	✅ u_3 [l5WI] Inception Done
Test 2 (signature verification)
	✅ u_5 [wWpD] Message verified
	✅ u_8 [QQ3u] Message verified
	✅ u_2 [5-kt] Message verified
	✅ u_3 [l5WI] Message verified
	✅ u_9 [ygA7] Message verified
	✅ u_7 [kwn_] Message verified
	✅ u_1 [Okmh] Message verified
	✅ u_0 [OcpT] Message verified
	✅ u_6 [qjLy] Message verified
	✅ u_4 [_Wnz] Message verified
Waiting for an incoming message - Test 3 (signature verification after rotation of issuer)
	✅ u_1 [Okmh] Message Verified (2)
	✅ u_5 [wWpD] Message Verified (2)
	✅ u_8 [QQ3u] Message Verified (2)
	✅ u_2 [5-kt] Message Verified (2)
	✅ u_6 [qjLy] Message Verified (2)
	✅ u_7 [kwn_] Message Verified (2)
	✅ u_9 [ygA7] Message Verified (2)
	✅ u_3 [l5WI] Message Verified (2)
	✅ u_0 [OcpT] Message Verified (2)
	✅ u_4 [_Wnz] Message Verified (2)
Waiting for an incoming message - Test 4 (valid acdc credential)
skipped--
Waiting for an incoming message - Test 5 (acdc revocation)
skipped--
Waiting for an incoming message - Test 6
u_4 [_Wnz] Starts Rotation
u_1 [Okmh] Starts Rotation
u_9 [ygA7] Starts Rotation
u_6 [qjLy] Starts Rotation
u_7 [kwn_] Starts Rotation
u_0 [OcpT] Starts Rotation
u_5 [wWpD] Starts Rotation
u_3 [l5WI] Starts Rotation
u_2 [5-kt] Starts Rotation
u_8 [QQ3u] Starts Rotation
u_4 [_Wnz] Ends Rotation
u_4 [_Wnz] - Completed Key Rotation
u_3 [l5WI] Ends Rotation
u_3 [l5WI] - Completed Key Rotation
u_9 [ygA7] Ends Rotation
u_9 [ygA7] - Completed Key Rotation
u_0 [OcpT] Ends Rotation
u_0 [OcpT] - Completed Key Rotation
u_8 [QQ3u] Ends Rotation
u_8 [QQ3u] - Completed Key Rotation
u_2 [5-kt] Ends Rotation
u_2 [5-kt] - Completed Key Rotation
u_6 [qjLy] Ends Rotation
u_6 [qjLy] - Completed Key Rotation
u_1 [Okmh] Ends Rotation
u_1 [Okmh] - Completed Key Rotation
u_7 [kwn_] Ends Rotation
u_7 [kwn_] - Completed Key Rotation
u_5 [wWpD] Ends Rotation
u_5 [wWpD] - Completed Key Rotation
Executed 10 users / 10 success / 0 fail
Test 1: 23639ms (2363 p.u.)
Test 2: 3ms (0 p.u.)
Test 3: 807ms (80 p.u.)
Test 4: 38152ms (3815 p.u.)
