Waiting for an incoming message - Test 1 (inception)
Error while deserializing http message: Error("EOF while parsing a value", line: 1, column: 0)
	Preparing Data...
	Data is ready, starting users and test1
Incepted: u_2 [Wmc7]
	Added [jm4C] as watcher for u_2 [Wmc7]
	Added [bivQ] as watcher for u_2 [Wmc7]
Incepted: u_4 [owk5]
	Added [2D85] as watcher for u_2 [Wmc7]
	Asking u_2 [Wmc7]'s watchers to watch [YkTo]
Incepted: u_6 [6IoC]
Incepted: u_7 [zcAX]
Incepted: u_9 [MD_Y]
Incepted: u_3 [vuuR]
Incepted: u_1 [7uly]
Incepted: u_5 [Wblu]
	Added [bivQ] as watcher for u_4 [owk5]
Incepted: u_8 [pbFC]
	Added [jm4C] as watcher for u_6 [6IoC]
	Added [jm4C] as watcher for u_7 [zcAX]
	Added [bivQ] as watcher for u_9 [MD_Y]
	Added [x5MO] as watcher for u_3 [vuuR]
	Added [bivQ] as watcher for u_1 [7uly]
	Added [x5MO] as watcher for u_4 [owk5]
	Added [x5MO] as watcher for u_5 [Wblu]
	Added [2D85] as watcher for u_8 [pbFC]
	Added [2D85] as watcher for u_6 [6IoC]
	Added [2D85] as watcher for u_9 [MD_Y]
	Added [x5MO] as watcher for u_7 [zcAX]
	Added [jm4C] as watcher for u_3 [vuuR]
	Added [x5MO] as watcher for u_1 [7uly]
	Added [2D85] as watcher for u_4 [owk5]
	Asking u_4 [owk5]'s watchers to watch [YkTo]
	Added [bivQ] as watcher for u_5 [Wblu]
	Added [bivQ] as watcher for u_6 [6IoC]
	Asking u_6 [6IoC]'s watchers to watch [YkTo]
	Added [bivQ] as watcher for u_8 [pbFC]
	Added [x5MO] as watcher for u_9 [MD_Y]
	Asking u_9 [MD_Y]'s watchers to watch [YkTo]
	Added [bivQ] as watcher for u_7 [zcAX]
	Asking u_7 [zcAX]'s watchers to watch [YkTo]
	Added [2D85] as watcher for u_3 [vuuR]
	Asking u_3 [vuuR]'s watchers to watch [YkTo]
	Added [2D85] as watcher for u_1 [7uly]
	Asking u_1 [7uly]'s watchers to watch [YkTo]
	Added [x5MO] as watcher for u_8 [pbFC]
	Asking u_8 [pbFC]'s watchers to watch [YkTo]
	Added [jm4C] as watcher for u_5 [Wblu]
	Asking u_5 [Wblu]'s watchers to watch [YkTo]
Incepted: u_0 [GbD0]
	Added [bivQ] as watcher for u_0 [GbD0]
	Added [x5MO] as watcher for u_0 [GbD0]
	✅ u_2 [Wmc7] Inception Done
	Added [2D85] as watcher for u_0 [GbD0]
	Asking u_0 [GbD0]'s watchers to watch [YkTo]
	✅ u_7 [zcAX] Inception Done
	✅ u_6 [6IoC] Inception Done
	✅ u_3 [vuuR] Inception Done
	✅ u_9 [MD_Y] Inception Done
	✅ u_0 [GbD0] Inception Done
	✅ u_4 [owk5] Inception Done
	✅ u_5 [Wblu] Inception Done
	✅ u_1 [7uly] Inception Done
	✅ u_8 [pbFC] Inception Done
Test 2 (signature verification)
	✅ u_8 [pbFC] Message verified
	✅ u_3 [vuuR] Message verified
	✅ u_1 [7uly] Message verified
	✅ u_5 [Wblu] Message verified
	✅ u_2 [Wmc7] Message verified
	✅ u_6 [6IoC] Message verified
	✅ u_9 [MD_Y] Message verified
	✅ u_0 [GbD0] Message verified
	✅ u_7 [zcAX] Message verified
	✅ u_4 [owk5] Message verified
Waiting for an incoming message - Test 3 (signature verification after rotation of issuer)
	✅ u_9 [MD_Y] Message Verified (2)
	✅ u_1 [7uly] Message Verified (2)
	✅ u_2 [Wmc7] Message Verified (2)
	✅ u_5 [Wblu] Message Verified (2)
	✅ u_0 [GbD0] Message Verified (2)
	✅ u_6 [6IoC] Message Verified (2)
	✅ u_3 [vuuR] Message Verified (2)
	✅ u_7 [zcAX] Message Verified (2)
	✅ u_8 [pbFC] Message Verified (2)
	✅ u_4 [owk5] Message Verified (2)
Waiting for an incoming message - Test 4 (valid acdc credential)
skipped--
Waiting for an incoming message - Test 5 (acdc revocation)
skipped--
Waiting for an incoming message - Test 6
u_4 [owk5] Starts Rotation
u_2 [Wmc7] Starts Rotation
u_0 [GbD0] Starts Rotation
u_9 [MD_Y] Starts Rotation
u_3 [vuuR] Starts Rotation
u_7 [zcAX] Starts Rotation
u_1 [7uly] Starts Rotation
u_8 [pbFC] Starts Rotation
u_6 [6IoC] Starts Rotation
u_5 [Wblu] Starts Rotation
u_5 [Wblu] Ends Rotation
u_5 [Wblu] - Completed Key Rotation
u_0 [GbD0] Ends Rotation
u_0 [GbD0] - Completed Key Rotation
u_2 [Wmc7] Ends Rotation
u_2 [Wmc7] - Completed Key Rotation
u_7 [zcAX] Ends Rotation
u_7 [zcAX] - Completed Key Rotation
u_4 [owk5] Ends Rotation
u_4 [owk5] - Completed Key Rotation
u_1 [7uly] Ends Rotation
u_1 [7uly] - Completed Key Rotation
u_8 [pbFC] Ends Rotation
u_8 [pbFC] - Completed Key Rotation
u_9 [MD_Y] Ends Rotation
u_9 [MD_Y] - Completed Key Rotation
u_3 [vuuR] Ends Rotation
u_3 [vuuR] - Completed Key Rotation
u_6 [6IoC] Ends Rotation
u_6 [6IoC] - Completed Key Rotation
Executed 10 users / 10 success / 0 fail
Test 1: 22631ms (2263 p.u.)
Test 2: 1ms (0 p.u.)
Test 3: 862ms (86 p.u.)
Test 4: 36946ms (3694 p.u.)
