2024-08-13 10:23:14,12.4,17.7198,168157184,166414,26685509
2024-08-13 10:23:19,6.1,18.5408,175947776,284541,43534401
2024-08-13 10:23:24,3.2,18.6495,176979968,284541,43534401
2024-08-13 10:23:29,0,18.6495,176979968,284541,43534401
2024-08-13 10:23:34,3.1,18.6495,176979968,284685,43534569
2024-08-13 10:23:40,6.1,18.6767,177238016,284685,43534569
2024-08-13 10:23:45,0,18.6767,177238016,284685,43534569
2024-08-13 10:23:50,0,18.7048,177504256,284775,43534645
2024-08-13 10:23:55,0,18.7307,177750016,284775,43534645
2024-08-13 10:24:00,3.1,18.8369,178757632,286943,43536705
2024-08-13 10:24:06,0,18.8369,178757632,287255,43536837
2024-08-13 10:24:11,0,18.9163,179511296,287309,43536883
2024-08-13 10:24:16,3.2,19.022,180514816,287469,43536959
2024-08-13 10:24:21,3.1,19.022,180514816,287829,43537263
2024-08-13 10:24:26,0,19.0764,181030912,287829,43537263
2024-08-13 10:24:32,96.9,23.1069,219279360,309403,43567206
2024-08-13 10:24:37,83.3,27.4607,260595712,644399,43729997
2024-08-13 10:24:42,83.4,27.4546,260538368,930859,43874466
2024-08-13 10:24:47,6.2,27.4611,260599808,1011815,44010050
2024-08-13 10:24:52,0,27.4611,260599808,1011905,44010126
2024-08-13 10:24:58,3.2,27.4611,260599808,1011905,44010126
2024-08-13 10:25:03,3.2,27.4611,260599808,1011947,44010154
2024-08-13 10:25:08,3.1,27.2462,258560000,1058270,44919256
2024-08-13 10:25:13,3.1,27.247,258568192,1058270,44919256
2024-08-13 10:25:18,78.8,28.2769,268341248,1066541,44923010
2024-08-13 10:25:24,96.9,29.3836,278843392,1400435,45074778
2024-08-13 10:25:29,0,17.4557,165650432,1523645,45136961
2024-08-13 10:25:34,3.2,17.6188,167198720,1523699,45137053
