2024-08-13 10:23:47,12.5,17.8122,169033728,178523,26968560
2024-08-13 10:23:52,3,18.918,179527680,316382,43831880
2024-08-13 10:23:57,0,18.9452,179785728,316526,43832016
2024-08-13 10:24:02,0,18.9439,179773440,316734,43832016
2024-08-13 10:24:07,0,18.9439,179773440,316734,43832016
2024-08-13 10:24:13,6,18.9439,179773440,316824,43832092
2024-08-13 10:24:18,3.1,18.9439,179773440,316824,43832092
2024-08-13 10:24:23,6.1,18.9439,179773440,316914,43832168
2024-08-13 10:24:28,0,18.9439,179773440,317274,43832472
2024-08-13 10:24:33,66.6,24.4678,232194048,355564,43882355
2024-08-13 10:24:39,93.7,28.1452,267091968,634524,44008444
2024-08-13 10:24:44,71.9,28.1975,267587584,867777,44110717
2024-08-13 10:24:49,3.2,25.3772,240824320,1041485,44305330
2024-08-13 10:24:54,3.2,25.5391,242360320,1041543,44305330
2024-08-13 10:24:59,0,25.5391,242360320,1041691,44305406
2024-08-13 10:25:05,3.1,25.5395,242364416,1041691,44305406
2024-08-13 10:25:10,0,25.9474,246235136,1087507,45214426
2024-08-13 10:25:15,0,25.9474,246235136,1087655,45214502
2024-08-13 10:25:20,75,28.6304,271695872,1176394,45252820
2024-08-13 10:25:25,75.8,28.6489,271872000,1412574,45361425
2024-08-13 10:25:31,0,17.2455,163655680,1553174,45432191
2024-08-13 10:25:36,0,17.2727,163913728,1553174,45432191
2024-08-13 10:25:41,12.4,17.7544,168484864,1562517,45436199
