2024-08-13 10:23:16,9.7,17.6802,167780352,168893,26665068
2024-08-13 10:23:21,3.2,18.9164,179511296,289024,43528960
2024-08-13 10:23:27,3.2,18.9164,179511296,289114,43529036
2024-08-13 10:23:32,3.2,18.9436,179769344,289114,43529036
2024-08-13 10:23:37,0,18.9436,179769344,289114,43529036
2024-08-13 10:23:42,0,18.9436,179769344,289204,43529112
2024-08-13 10:23:47,0,18.9436,179769344,289204,43529112
2024-08-13 10:23:52,0,18.9436,179769344,289342,43529112
2024-08-13 10:23:58,6.2,18.9695,180015104,289544,43529216
2024-08-13 10:24:03,3.2,19.051,180789248,289544,43529216
2024-08-13 10:24:08,3.1,19.1326,181563392,289544,43529216
2024-08-13 10:24:13,3,19.1615,181837824,289994,43529596
2024-08-13 10:24:18,3.2,19.162,181841920,290036,43529624
2024-08-13 10:24:24,3.1,19.1602,181825536,290036,43529624
2024-08-13 10:24:29,0,19.162,181841920,290126,43529700
2024-08-13 10:24:34,93.4,26.5423,251879424,503574,43660884
2024-08-13 10:24:39,100,26.563,252076032,903754,43838451
2024-08-13 10:24:44,0,26.5945,252375040,1013980,44002359
2024-08-13 10:24:50,0,26.5945,252375040,1014070,44002435
2024-08-13 10:24:55,0,26.5945,252375040,1014112,44002463
2024-08-13 10:25:00,0,26.6178,252596224,1014112,44002463
2024-08-13 10:25:05,0,26.6178,252596224,1014202,44002539
2024-08-13 10:25:10,0,26.4845,251330560,1061331,44913664
2024-08-13 10:25:15,6.2,26.4862,251346944,1061421,44913740
2024-08-13 10:25:21,93.6,26.2872,249458688,1251815,44997730
2024-08-13 10:25:26,0,19.518,185221120,1524652,45129153
2024-08-13 10:25:31,6.1,19.5996,185995264,1524652,45129153
2024-08-13 10:25:36,3.2,19.6268,186253312,1524742,45129229
