Waiting for an incoming message - Test 1 (inception)
Error while deserializing http message: Error("EOF while parsing a value", line: 1, column: 0)
	Preparing Data...
	Data is ready, starting users and test1
Incepted: u_8 [L1iM]
Incepted: u_5 [e1Bw]
Incepted: u_7 [1_eC]
Incepted: u_3 [4gM5]
Incepted: u_0 [g4u7]
Incepted: u_4 [72Ix]
Incepted: u_1 [plvJ]
Incepted: u_6 [H4SW]
Incepted: u_9 [_cBg]
Incepted: u_2 [4cox]
	Added [j5nz] as watcher for u_8 [L1iM]
	Added [3sn5] as watcher for u_5 [e1Bw]
	Added [jm4C] as watcher for u_0 [g4u7]
	Added [3mIH] as watcher for u_3 [4gM5]
	Added [jm4C] as watcher for u_4 [72Ix]
	Added [j5nz] as watcher for u_6 [H4SW]
	Added [x5MO] as watcher for u_7 [1_eC]
	Added [3mIH] as watcher for u_8 [L1iM]
	Added [3sn5] as watcher for u_1 [plvJ]
	Added [sQMb] as watcher for u_2 [4cox]
	Added [sQMb] as watcher for u_9 [_cBg]
	Added [x5MO] as watcher for u_0 [g4u7]
	Added [QEi9] as watcher for u_5 [e1Bw]
	Added [QEi9] as watcher for u_3 [4gM5]
	Added [j5nz] as watcher for u_4 [72Ix]
	Added [jm4C] as watcher for u_9 [_cBg]
	Added [QEi9] as watcher for u_6 [H4SW]
	Added [QEi9] as watcher for u_8 [L1iM]
	Added [sQMb] as watcher for u_7 [1_eC]
	Added [2D85] as watcher for u_1 [plvJ]
	Added [QDNR] as watcher for u_2 [4cox]
	Added [b_RA] as watcher for u_4 [72Ix]
	Added [3sn5] as watcher for u_9 [_cBg]
	Added [zo7w] as watcher for u_0 [g4u7]
	Added [3mIH] as watcher for u_5 [e1Bw]
	Added [bivQ] as watcher for u_3 [4gM5]
	Added [sQMb] as watcher for u_6 [H4SW]
	Added [jm4C] as watcher for u_1 [plvJ]
	Added [j5nz] as watcher for u_7 [1_eC]
	Added [3sn5] as watcher for u_8 [L1iM]
	Added [b_RA] as watcher for u_2 [4cox]
	Added [3sn5] as watcher for u_4 [72Ix]
	Added [b_RA] as watcher for u_3 [4gM5]
	Added [QDNR] as watcher for u_9 [_cBg]
	Added [QDNR] as watcher for u_5 [e1Bw]
	Added [QEi9] as watcher for u_1 [plvJ]
	Added [x5MO] as watcher for u_8 [L1iM]
	Added [QDNR] as watcher for u_6 [H4SW]
	Added [3sn5] as watcher for u_7 [1_eC]
	Added [QDNR] as watcher for u_0 [g4u7]
	Added [3sn5] as watcher for u_2 [4cox]
	Added [j5nz] as watcher for u_5 [e1Bw]
	Added [QEi9] as watcher for u_9 [_cBg]
	Added [zo7w] as watcher for u_4 [72Ix]
	Added [zo7w] as watcher for u_3 [4gM5]
	Added [zo7w] as watcher for u_7 [1_eC]
	Added [zo7w] as watcher for u_8 [L1iM]
	Added [b_RA] as watcher for u_0 [g4u7]
	Added [3mIH] as watcher for u_6 [H4SW]
	Added [sQMb] as watcher for u_1 [plvJ]
	Added [bivQ] as watcher for u_2 [4cox]
	Added [b_RA] as watcher for u_8 [L1iM]
	Added [bivQ] as watcher for u_5 [e1Bw]
	Added [2D85] as watcher for u_4 [72Ix]
	Added [3sn5] as watcher for u_3 [4gM5]
	Added [2D85] as watcher for u_9 [_cBg]
	Added [3sn5] as watcher for u_6 [H4SW]
	Added [QEi9] as watcher for u_0 [g4u7]
	Added [3mIH] as watcher for u_7 [1_eC]
	Added [QDNR] as watcher for u_1 [plvJ]
	Added [3mIH] as watcher for u_2 [4cox]
	Added [sQMb] as watcher for u_5 [e1Bw]
	Added [j5nz] as watcher for u_3 [4gM5]
	Added [j5nz] as watcher for u_9 [_cBg]
	Added [sQMb] as watcher for u_0 [g4u7]
	Added [bivQ] as watcher for u_4 [72Ix]
	Added [bivQ] as watcher for u_8 [L1iM]
	Asking u_8 [L1iM]'s watchers to watch [YtCj]
	Added [3mIH] as watcher for u_1 [plvJ]
	Added [QDNR] as watcher for u_7 [1_eC]
	Added [x5MO] as watcher for u_6 [H4SW]
	Added [QEi9] as watcher for u_2 [4cox]
	Added [b_RA] as watcher for u_9 [_cBg]
	Asking u_9 [_cBg]'s watchers to watch [YtCj]
	Added [2D85] as watcher for u_5 [e1Bw]
	Asking u_5 [e1Bw]'s watchers to watch [YtCj]
	Added [3mIH] as watcher for u_0 [g4u7]
	Asking u_0 [g4u7]'s watchers to watch [YtCj]
	Added [2D85] as watcher for u_3 [4gM5]
	Asking u_3 [4gM5]'s watchers to watch [YtCj]
	Added [3mIH] as watcher for u_4 [72Ix]
	Asking u_4 [72Ix]'s watchers to watch [YtCj]
	Added [x5MO] as watcher for u_1 [plvJ]
	Asking u_1 [plvJ]'s watchers to watch [YtCj]
	Added [QEi9] as watcher for u_7 [1_eC]
	Asking u_7 [1_eC]'s watchers to watch [YtCj]
	Added [2D85] as watcher for u_2 [4cox]
	Asking u_2 [4cox]'s watchers to watch [YtCj]
	Added [2D85] as watcher for u_6 [H4SW]
	Asking u_6 [H4SW]'s watchers to watch [YtCj]
	✅ u_8 [L1iM] Inception Done
	✅ u_9 [_cBg] Inception Done
	✅ u_5 [e1Bw] Inception Done
	✅ u_0 [g4u7] Inception Done
	✅ u_4 [72Ix] Inception Done
	✅ u_3 [4gM5] Inception Done
	✅ u_7 [1_eC] Inception Done
	✅ u_1 [plvJ] Inception Done
	✅ u_6 [H4SW] Inception Done
	✅ u_2 [4cox] Inception Done
Test 2 (signature verification)
	✅ u_2 [4cox] Message verified
	✅ u_7 [1_eC] Message verified
	✅ u_0 [g4u7] Message verified
	✅ u_5 [e1Bw] Message verified
	✅ u_3 [4gM5] Message verified
	✅ u_6 [H4SW] Message verified
	✅ u_9 [_cBg] Message verified
	✅ u_8 [L1iM] Message verified
	✅ u_4 [72Ix] Message verified
	✅ u_1 [plvJ] Message verified
Waiting for an incoming message - Test 3 (signature verification after rotation of issuer)
	✅ u_7 [1_eC] Message Verified (2)
	✅ u_5 [e1Bw] Message Verified (2)
	✅ u_9 [_cBg] Message Verified (2)
	✅ u_2 [4cox] Message Verified (2)
	✅ u_4 [72Ix] Message Verified (2)
	✅ u_3 [4gM5] Message Verified (2)
	✅ u_0 [g4u7] Message Verified (2)
	✅ u_8 [L1iM] Message Verified (2)
	✅ u_1 [plvJ] Message Verified (2)
	✅ u_6 [H4SW] Message Verified (2)
Waiting for an incoming message - Test 4 (valid acdc credential)
skipped--
Waiting for an incoming message - Test 5 (acdc revocation)
skipped--
Waiting for an incoming message - Test 6
u_7 [1_eC] Starts Rotation
u_5 [e1Bw] Starts Rotation
u_8 [L1iM] Starts Rotation
u_0 [g4u7] Starts Rotation
u_4 [72Ix] Starts Rotation
u_6 [H4SW] Starts Rotation
u_3 [4gM5] Starts Rotation
u_9 [_cBg] Starts Rotation
u_2 [4cox] Starts Rotation
u_1 [plvJ] Starts Rotation
u_7 [1_eC] Ends Rotation
u_7 [1_eC] - Completed Key Rotation
u_5 [e1Bw] Ends Rotation
u_5 [e1Bw] - Completed Key Rotation
u_4 [72Ix] Ends Rotation
u_4 [72Ix] - Completed Key Rotation
u_0 [g4u7] Ends Rotation
u_0 [g4u7] - Completed Key Rotation
u_6 [H4SW] Ends Rotation
u_6 [H4SW] - Completed Key Rotation
u_8 [L1iM] Ends Rotation
u_8 [L1iM] - Completed Key Rotation
u_3 [4gM5] Ends Rotation
u_3 [4gM5] - Completed Key Rotation
u_1 [plvJ] Ends Rotation
u_1 [plvJ] - Completed Key Rotation
u_2 [4cox] Ends Rotation
u_2 [4cox] - Completed Key Rotation
u_9 [_cBg] Ends Rotation
u_9 [_cBg] - Completed Key Rotation
Executed 10 users / 10 success / 0 fail
Test 1: 9306ms (930 p.u.)
Test 2: 1ms (0 p.u.)
Test 3: 2117ms (211 p.u.)
Test 4: 1960ms (196 p.u.)
