Waiting for an incoming message - Test 1 (inception)
Error while deserializing http message: Error("EOF while parsing a value", line: 1, column: 0)
	Preparing Data...
	Data is ready, starting users and test1
Incepted: u_4 [cjC9]
Incepted: u_8 [C1Mj]
Incepted: u_3 [yE6j]
Incepted: u_2 [AUWX]
Incepted: u_6 [_FpK]
Incepted: u_1 [L47x]
Incepted: u_9 [j-5T]
Incepted: u_7 [mfxM]
Incepted: u_0 [E3lc]
Incepted: u_5 [qp8J]
	Added [x5MO] as watcher for u_4 [cjC9]
	Added [QEi9] as watcher for u_3 [yE6j]
	Added [2D85] as watcher for u_8 [C1Mj]
	Added [b_RA] as watcher for u_6 [_FpK]
	Added [j5nz] as watcher for u_1 [L47x]
	Added [jm4C] as watcher for u_2 [AUWX]
	Added [2D85] as watcher for u_9 [j-5T]
	Added [jm4C] as watcher for u_0 [E3lc]
	Added [b_RA] as watcher for u_5 [qp8J]
	Added [3sn5] as watcher for u_4 [cjC9]
	Added [2D85] as watcher for u_7 [mfxM]
	Added [jm4C] as watcher for u_3 [yE6j]
	Added [b_RA] as watcher for u_8 [C1Mj]
	Added [sQMb] as watcher for u_0 [E3lc]
	Added [sQMb] as watcher for u_6 [_FpK]
	Added [zo7w] as watcher for u_1 [L47x]
	Added [j5nz] as watcher for u_2 [AUWX]
	Added [QDNR] as watcher for u_9 [j-5T]
	Added [QDNR] as watcher for u_4 [cjC9]
	Added [QEi9] as watcher for u_5 [qp8J]
	Added [QEi9] as watcher for u_7 [mfxM]
	Added [3sn5] as watcher for u_3 [yE6j]
	Added [zo7w] as watcher for u_0 [E3lc]
	Added [sQMb] as watcher for u_2 [AUWX]
	Added [QDNR] as watcher for u_8 [C1Mj]
	Added [zo7w] as watcher for u_6 [_FpK]
	Added [x5MO] as watcher for u_1 [L47x]
	Added [j5nz] as watcher for u_9 [j-5T]
	Added [zo7w] as watcher for u_7 [mfxM]
	Added [j5nz] as watcher for u_3 [yE6j]
	Added [3mIH] as watcher for u_4 [cjC9]
	Added [bivQ] as watcher for u_5 [qp8J]
	Added [3sn5] as watcher for u_0 [E3lc]
	Added [b_RA] as watcher for u_2 [AUWX]
	Added [zo7w] as watcher for u_8 [C1Mj]
	Added [3mIH] as watcher for u_1 [L47x]
	Added [j5nz] as watcher for u_6 [_FpK]
	Added [QDNR] as watcher for u_7 [mfxM]
	Added [bivQ] as watcher for u_9 [j-5T]
	Added [sQMb] as watcher for u_4 [cjC9]
	Added [zo7w] as watcher for u_5 [qp8J]
	Added [QDNR] as watcher for u_1 [L47x]
	Added [bivQ] as watcher for u_2 [AUWX]
	Added [x5MO] as watcher for u_8 [C1Mj]
	Added [3mIH] as watcher for u_3 [yE6j]
	Added [bivQ] as watcher for u_6 [_FpK]
	Added [x5MO] as watcher for u_0 [E3lc]
	Added [bivQ] as watcher for u_7 [mfxM]
	Added [QEi9] as watcher for u_9 [j-5T]
	Added [zo7w] as watcher for u_4 [cjC9]
	Added [b_RA] as watcher for u_1 [L47x]
	Added [QDNR] as watcher for u_5 [qp8J]
	Added [jm4C] as watcher for u_8 [C1Mj]
	Added [zo7w] as watcher for u_3 [yE6j]
	Added [QDNR] as watcher for u_2 [AUWX]
	Added [b_RA] as watcher for u_0 [E3lc]
	Added [QEi9] as watcher for u_6 [_FpK]
	Added [3mIH] as watcher for u_7 [mfxM]
	Added [3sn5] as watcher for u_9 [j-5T]
	Added [j5nz] as watcher for u_4 [cjC9]
	Added [QDNR] as watcher for u_3 [yE6j]
	Added [jm4C] as watcher for u_1 [L47x]
	Added [j5nz] as watcher for u_8 [C1Mj]
	Added [2D85] as watcher for u_2 [AUWX]
	Added [3mIH] as watcher for u_5 [qp8J]
	Added [3sn5] as watcher for u_6 [_FpK]
	Added [jm4C] as watcher for u_7 [mfxM]
	Added [bivQ] as watcher for u_0 [E3lc]
	Added [2D85] as watcher for u_4 [cjC9]
	Asking u_4 [cjC9]'s watchers to watch [YtCj]
	Added [x5MO] as watcher for u_9 [j-5T]
	Added [zo7w] as watcher for u_2 [AUWX]
	Asking u_2 [AUWX]'s watchers to watch [YtCj]
	Added [2D85] as watcher for u_3 [yE6j]
	Asking u_3 [yE6j]'s watchers to watch [YtCj]
	Added [bivQ] as watcher for u_1 [L47x]
	Asking u_1 [L47x]'s watchers to watch [YtCj]
	Added [3sn5] as watcher for u_8 [C1Mj]
	Asking u_8 [C1Mj]'s watchers to watch [YtCj]
	Added [3sn5] as watcher for u_5 [qp8J]
	Added [sQMb] as watcher for u_7 [mfxM]
	Asking u_7 [mfxM]'s watchers to watch [YtCj]
	Added [2D85] as watcher for u_6 [_FpK]
	Asking u_6 [_FpK]'s watchers to watch [YtCj]
	Added [QEi9] as watcher for u_0 [E3lc]
	Asking u_0 [E3lc]'s watchers to watch [YtCj]
	Added [b_RA] as watcher for u_9 [j-5T]
	Asking u_9 [j-5T]'s watchers to watch [YtCj]
	Added [sQMb] as watcher for u_5 [qp8J]
	Asking u_5 [qp8J]'s watchers to watch [YtCj]
	✅ u_4 [cjC9] Inception Done
	✅ u_1 [L47x] Inception Done
	✅ u_3 [yE6j] Inception Done
	✅ u_8 [C1Mj] Inception Done
	✅ u_2 [AUWX] Inception Done
	✅ u_6 [_FpK] Inception Done
	✅ u_7 [mfxM] Inception Done
	✅ u_0 [E3lc] Inception Done
	✅ u_9 [j-5T] Inception Done
	✅ u_5 [qp8J] Inception Done
Test 2 (signature verification)
	✅ u_5 [qp8J] Message verified
	✅ u_3 [yE6j] Message verified
	✅ u_2 [AUWX] Message verified
	✅ u_6 [_FpK] Message verified
	✅ u_8 [C1Mj] Message verified
	✅ u_0 [E3lc] Message verified
	✅ u_9 [j-5T] Message verified
	✅ u_1 [L47x] Message verified
	✅ u_7 [mfxM] Message verified
	✅ u_4 [cjC9] Message verified
Waiting for an incoming message - Test 3 (signature verification after rotation of issuer)
	✅ u_0 [E3lc] Message Verified (2)
	✅ u_9 [j-5T] Message Verified (2)
	✅ u_2 [AUWX] Message Verified (2)
	✅ u_6 [_FpK] Message Verified (2)
	✅ u_1 [L47x] Message Verified (2)
	✅ u_4 [cjC9] Message Verified (2)
	✅ u_5 [qp8J] Message Verified (2)
	✅ u_3 [yE6j] Message Verified (2)
	✅ u_7 [mfxM] Message Verified (2)
	✅ u_8 [C1Mj] Message Verified (2)
Waiting for an incoming message - Test 4 (valid acdc credential)
skipped--
Waiting for an incoming message - Test 5 (acdc revocation)
skipped--
Waiting for an incoming message - Test 6
u_8 [C1Mj] Starts Rotation
u_4 [cjC9] Starts Rotation
u_1 [L47x] Starts Rotation
u_7 [mfxM] Starts Rotation
u_2 [AUWX] Starts Rotation
u_5 [qp8J] Starts Rotation
u_0 [E3lc] Starts Rotation
u_9 [j-5T] Starts Rotation
u_6 [_FpK] Starts Rotation
u_3 [yE6j] Starts Rotation
u_8 [C1Mj] Ends Rotation
u_8 [C1Mj] - Completed Key Rotation
u_4 [cjC9] Ends Rotation
u_4 [cjC9] - Completed Key Rotation
u_6 [_FpK] Ends Rotation
u_6 [_FpK] - Completed Key Rotation
u_0 [E3lc] Ends Rotation
u_0 [E3lc] - Completed Key Rotation
u_9 [j-5T] Ends Rotation
u_9 [j-5T] - Completed Key Rotation
u_1 [L47x] Ends Rotation
u_1 [L47x] - Completed Key Rotation
u_7 [mfxM] Ends Rotation
u_7 [mfxM] - Completed Key Rotation
u_5 [qp8J] Ends Rotation
u_5 [qp8J] - Completed Key Rotation
u_2 [AUWX] Ends Rotation
u_2 [AUWX] - Completed Key Rotation
u_3 [yE6j] Ends Rotation
u_3 [yE6j] - Completed Key Rotation
Executed 10 users / 10 success / 0 fail
Test 1: 10599ms (1059 p.u.)
Test 2: 1ms (0 p.u.)
Test 3: 2575ms (257 p.u.)
Test 4: 2548ms (254 p.u.)
