Waiting for an incoming message - Test 1 (inception)
Error while deserializing http message: Error("EOF while parsing a value", line: 1, column: 0)
	Preparing Data...
	Data is ready, starting users and test1
Incepted: u_7 [5Jv4]
Incepted: u_1 [2j30]
Incepted: u_4 [r79S]
Incepted: u_8 [e5jc]
Incepted: u_5 [TP95]
Incepted: u_0 [aZ1Q]
Incepted: u_6 [2tDr]
Incepted: u_2 [_6GW]
Incepted: u_9 [HBBb]
Incepted: u_3 [qRAE]
	Added [bivQ] as watcher for u_7 [5Jv4]
	Added [x5MO] as watcher for u_1 [2j30]
	Added [b_RA] as watcher for u_5 [TP95]
	Added [3sn5] as watcher for u_4 [r79S]
	Added [jm4C] as watcher for u_9 [HBBb]
	Added [x5MO] as watcher for u_8 [e5jc]
	Added [3mIH] as watcher for u_0 [aZ1Q]
	Added [x5MO] as watcher for u_2 [_6GW]
	Added [x5MO] as watcher for u_6 [2tDr]
	Added [bivQ] as watcher for u_3 [qRAE]
	Added [zo7w] as watcher for u_7 [5Jv4]
	Added [QDNR] as watcher for u_5 [TP95]
	Added [QDNR] as watcher for u_1 [2j30]
	Added [x5MO] as watcher for u_4 [r79S]
	Added [QEi9] as watcher for u_8 [e5jc]
	Added [zo7w] as watcher for u_2 [_6GW]
	Added [3mIH] as watcher for u_3 [qRAE]
	Added [3sn5] as watcher for u_0 [aZ1Q]
	Added [zo7w] as watcher for u_6 [2tDr]
	Added [bivQ] as watcher for u_9 [HBBb]
	Added [2D85] as watcher for u_7 [5Jv4]
	Added [b_RA] as watcher for u_1 [2j30]
	Added [b_RA] as watcher for u_2 [_6GW]
	Added [bivQ] as watcher for u_5 [TP95]
	Added [2D85] as watcher for u_8 [e5jc]
	Added [QEi9] as watcher for u_3 [qRAE]
	Added [jm4C] as watcher for u_0 [aZ1Q]
	Added [3mIH] as watcher for u_4 [r79S]
	Added [3mIH] as watcher for u_7 [5Jv4]
	Added [bivQ] as watcher for u_6 [2tDr]
	Added [3mIH] as watcher for u_9 [HBBb]
	Added [j5nz] as watcher for u_2 [_6GW]
	Added [3mIH] as watcher for u_1 [2j30]
	Added [b_RA] as watcher for u_4 [r79S]
	Added [QEi9] as watcher for u_5 [TP95]
	Added [3sn5] as watcher for u_8 [e5jc]
	Added [2D85] as watcher for u_3 [qRAE]
	Added [jm4C] as watcher for u_7 [5Jv4]
	Added [2D85] as watcher for u_0 [aZ1Q]
	Added [QEi9] as watcher for u_6 [2tDr]
	Added [jm4C] as watcher for u_2 [_6GW]
	Added [QDNR] as watcher for u_9 [HBBb]
	Added [QEi9] as watcher for u_1 [2j30]
	Added [zo7w] as watcher for u_4 [r79S]
	Added [sQMb] as watcher for u_5 [TP95]
	Added [jm4C] as watcher for u_8 [e5jc]
	Added [QEi9] as watcher for u_2 [_6GW]
	Added [3sn5] as watcher for u_3 [qRAE]
	Added [x5MO] as watcher for u_7 [5Jv4]
	Added [2D85] as watcher for u_6 [2tDr]
	Added [QEi9] as watcher for u_9 [HBBb]
	Added [bivQ] as watcher for u_0 [aZ1Q]
	Added [QEi9] as watcher for u_4 [r79S]
	Added [zo7w] as watcher for u_1 [2j30]
	Added [2D85] as watcher for u_5 [TP95]
	Added [3mIH] as watcher for u_2 [_6GW]
	Added [jm4C] as watcher for u_3 [qRAE]
	Added [3mIH] as watcher for u_8 [e5jc]
	Added [b_RA] as watcher for u_0 [aZ1Q]
	Added [QDNR] as watcher for u_7 [5Jv4]
	Added [QDNR] as watcher for u_6 [2tDr]
	Added [j5nz] as watcher for u_4 [r79S]
	Added [j5nz] as watcher for u_5 [TP95]
	Added [x5MO] as watcher for u_9 [HBBb]
	Added [2D85] as watcher for u_1 [2j30]
	Added [sQMb] as watcher for u_8 [e5jc]
	Added [3sn5] as watcher for u_2 [_6GW]
	Asking u_2 [_6GW]'s watchers to watch [YtCj]
	Added [QDNR] as watcher for u_3 [qRAE]
	Added [3sn5] as watcher for u_7 [5Jv4]
	Asking u_7 [5Jv4]'s watchers to watch [YtCj]
	Added [QDNR] as watcher for u_0 [aZ1Q]
	Added [jm4C] as watcher for u_5 [TP95]
	Asking u_5 [TP95]'s watchers to watch [YtCj]
	Added [j5nz] as watcher for u_9 [HBBb]
	Added [jm4C] as watcher for u_6 [2tDr]
	Added [QDNR] as watcher for u_4 [r79S]
	Asking u_4 [r79S]'s watchers to watch [YtCj]
	Added [bivQ] as watcher for u_1 [2j30]
	Asking u_1 [2j30]'s watchers to watch [YtCj]
	Added [b_RA] as watcher for u_8 [e5jc]
	Asking u_8 [e5jc]'s watchers to watch [YtCj]
	Added [j5nz] as watcher for u_3 [qRAE]
	Asking u_3 [qRAE]'s watchers to watch [YtCj]
	Added [zo7w] as watcher for u_0 [aZ1Q]
	Asking u_0 [aZ1Q]'s watchers to watch [YtCj]
	Added [zo7w] as watcher for u_9 [HBBb]
	Asking u_9 [HBBb]'s watchers to watch [YtCj]
	Added [sQMb] as watcher for u_6 [2tDr]
	Asking u_6 [2tDr]'s watchers to watch [YtCj]
	✅ u_2 [_6GW] Inception Done
	✅ u_7 [5Jv4] Inception Done
	✅ u_5 [TP95] Inception Done
	✅ u_4 [r79S] Inception Done
	✅ u_1 [2j30] Inception Done
	✅ u_9 [HBBb] Inception Done
	✅ u_3 [qRAE] Inception Done
	✅ u_0 [aZ1Q] Inception Done
	✅ u_8 [e5jc] Inception Done
	✅ u_6 [2tDr] Inception Done
Test 2 (signature verification)
	✅ u_6 [2tDr] Message verified
	✅ u_9 [HBBb] Message verified
	✅ u_0 [aZ1Q] Message verified
	✅ u_7 [5Jv4] Message verified
	✅ u_5 [TP95] Message verified
	✅ u_8 [e5jc] Message verified
	✅ u_2 [_6GW] Message verified
	✅ u_4 [r79S] Message verified
	✅ u_1 [2j30] Message verified
	✅ u_3 [qRAE] Message verified
Waiting for an incoming message - Test 3 (signature verification after rotation of issuer)
	✅ u_3 [qRAE] Message Verified (2)
	✅ u_2 [_6GW] Message Verified (2)
	✅ u_9 [HBBb] Message Verified (2)
	✅ u_8 [e5jc] Message Verified (2)
	✅ u_4 [r79S] Message Verified (2)
	✅ u_7 [5Jv4] Message Verified (2)
	✅ u_0 [aZ1Q] Message Verified (2)
	✅ u_5 [TP95] Message Verified (2)
	✅ u_6 [2tDr] Message Verified (2)
	✅ u_1 [2j30] Message Verified (2)
Waiting for an incoming message - Test 4 (valid acdc credential)
skipped--
Waiting for an incoming message - Test 5 (acdc revocation)
skipped--
Waiting for an incoming message - Test 6
u_1 [2j30] Starts Rotation
u_0 [aZ1Q] Starts Rotation
u_6 [2tDr] Starts Rotation
u_7 [5Jv4] Starts Rotation
u_5 [TP95] Starts Rotation
u_8 [e5jc] Starts Rotation
u_2 [_6GW] Starts Rotation
u_3 [qRAE] Starts Rotation
u_4 [r79S] Starts Rotation
u_9 [HBBb] Starts Rotation
u_1 [2j30] Ends Rotation
u_1 [2j30] - Completed Key Rotation
u_5 [TP95] Ends Rotation
u_5 [TP95] - Completed Key Rotation
u_7 [5Jv4] Ends Rotation
u_7 [5Jv4] - Completed Key Rotation
u_0 [aZ1Q] Ends Rotation
u_0 [aZ1Q] - Completed Key Rotation
u_4 [r79S] Ends Rotation
u_4 [r79S] - Completed Key Rotation
u_6 [2tDr] Ends Rotation
u_6 [2tDr] - Completed Key Rotation
u_9 [HBBb] Ends Rotation
u_9 [HBBb] - Completed Key Rotation
u_3 [qRAE] Ends Rotation
u_3 [qRAE] - Completed Key Rotation
u_8 [e5jc] Ends Rotation
u_8 [e5jc] - Completed Key Rotation
u_2 [_6GW] Ends Rotation
u_2 [_6GW] - Completed Key Rotation
Executed 10 users / 10 success / 0 fail
Test 1: 10248ms (1024 p.u.)
Test 2: 1ms (0 p.u.)
Test 3: 2969ms (296 p.u.)
Test 4: 2153ms (215 p.u.)
