2024-08-14 07:38:54,18.2,17.922,170070016,244440,38960992
2024-08-14 07:38:59,3.1,17.9272,170119168,304323,45798620
2024-08-14 07:39:04,3.2,17.9276,170123264,304413,45798696
2024-08-14 07:39:10,6,17.9268,170115072,304413,45798696
2024-08-14 07:39:15,3.1,17.9535,170369024,304413,45798696
2024-08-14 07:39:20,5.9,17.9535,170369024,304503,45798772
2024-08-14 07:39:25,0,18.0351,171143168,304725,45798828
2024-08-14 07:39:30,3.1,18.0895,171659264,304725,45798828
2024-08-14 07:39:36,6,18.0912,171675648,304815,45798904
2024-08-14 07:39:41,0,18.0912,171675648,304815,45798904
2024-08-14 07:39:46,3.1,18.0912,171675648,304815,45798904
2024-08-14 07:39:51,0,18.0912,171675648,305265,45799284
2024-08-14 07:39:56,3.1,18.0912,171675648,305307,45799312
2024-08-14 07:40:02,6.2,18.0912,171675648,305307,45799312
2024-08-14 07:40:07,6,18.0912,171675648,305307,45799312
2024-08-14 07:40:12,3,18.0908,171671552,305397,45799388
2024-08-14 07:40:17,6,18.0908,171671552,305397,45799388
2024-08-14 07:40:22,0,18.0908,171671552,305439,45799416
2024-08-14 07:40:27,3.1,18.0904,171667456,305529,45799492
2024-08-14 07:40:33,6.1,18.0882,171646976,307805,45801579
2024-08-14 07:40:38,3,18.0882,171646976,307805,45801579
2024-08-14 07:40:43,3.2,18.0878,171642880,307895,45801655
2024-08-14 07:40:48,0,18.0878,171642880,307895,45801655
2024-08-14 07:40:53,3.2,18.0878,171642880,308101,45801777
2024-08-14 07:40:59,0,18.0873,171638784,308619,45802109
2024-08-14 07:41:04,3.1,18.0873,171638784,308619,45802109
2024-08-14 07:41:09,0,18.0873,171638784,308747,45802109
2024-08-14 07:41:14,0,18.0873,171638784,308837,45802185
2024-08-14 07:41:19,0,18.1132,171884544,308879,45802213
2024-08-14 07:41:25,3.1,18.1132,171884544,309075,45802213
2024-08-14 07:41:30,0,18.1132,171884544,309207,45802317
2024-08-14 07:41:35,3.2,18.2462,173146112,311507,45804324
2024-08-14 07:41:40,3.1,18.2462,173146112,311507,45804324
2024-08-14 07:41:45,3.2,18.4365,174952448,311651,45804446
2024-08-14 07:41:50,3.1,18.4909,175468544,311651,45804446
2024-08-14 07:41:56,3.2,18.4909,175468544,311705,45804492
2024-08-14 07:42:01,0,18.5168,175714304,312197,45804900
2024-08-14 07:42:06,3.2,18.5168,175714304,312197,45804900
2024-08-14 07:42:11,0,18.6239,176730112,312197,45804900
2024-08-14 07:42:16,3.1,18.651,176988160,312239,45804928
2024-08-14 07:42:22,3.1,18.6515,176992256,312329,45805004
2024-08-14 07:42:27,3.1,18.6532,177008640,312329,45805004
2024-08-14 07:42:32,3.2,18.6532,177008640,312329,45805004
2024-08-14 07:42:37,0,18.7348,177782784,312419,45805080
2024-08-14 07:42:42,0,18.8436,178814976,312461,45805108
2024-08-14 07:42:48,0,18.8427,178806784,312461,45805108
2024-08-14 07:42:53,0,18.8427,178806784,312551,45805184
2024-08-14 07:42:58,3.1,18.8427,178806784,312551,45805184
2024-08-14 07:43:03,3.1,18.8427,178806784,312641,45805260
2024-08-14 07:43:08,0,18.8427,178806784,313043,45805592
2024-08-14 07:43:14,2.9,18.8427,178806784,313223,45805620
2024-08-14 07:43:19,0,18.8427,178806784,313223,45805620
2024-08-14 07:43:24,51.3,24.0444,228167680,387053,45857466
2024-08-14 07:43:29,6.1,24.0694,228405248,421757,45876890
2024-08-14 07:43:34,25.9,24.1018,228712448,560138,45977617
2024-08-14 07:43:40,12.1,24.1069,228761600,587531,46010243
2024-08-14 07:43:45,3.1,24.1069,228761600,594010,46024045
2024-08-14 07:43:50,0,24.1069,228761600,594010,46024045
2024-08-14 07:43:55,0,24.1069,228761600,594100,46024121
2024-08-14 07:44:00,3.1,24.1074,228765696,594100,46024121
2024-08-14 07:44:05,0,24.0979,228675584,594142,46024149
2024-08-14 07:44:11,3,24.0979,228675584,594592,46024529
2024-08-14 07:44:16,0,24.0974,228671488,594688,46024603
2024-08-14 07:44:21,3,24.0974,228671488,594688,46024603
2024-08-14 07:44:26,3.1,24.0974,228671488,594688,46024603
2024-08-14 07:44:31,3.2,24.0974,228671488,594778,46024679
2024-08-14 07:44:37,6.1,24.0974,228671488,594778,46024679
2024-08-14 07:44:42,5.8,24.0974,228671488,594778,46024679
2024-08-14 07:44:47,0,24.0974,228671488,594868,46024755
2024-08-14 07:44:52,3.2,24.0974,228671488,594910,46024783
2024-08-14 07:44:57,0,24.151,229179392,594910,46024783
2024-08-14 07:45:03,3,24.151,229179392,595042,46024887
2024-08-14 07:45:08,0,24.1747,229404672,595180,46024887
2024-08-14 07:45:13,9.1,24.1738,229396480,595270,46024963
2024-08-14 07:45:18,6.2,24.1734,229392384,595672,46025295
2024-08-14 07:45:23,5.8,24.1993,229638144,595672,46025295
2024-08-14 07:45:29,3.2,24.201,229654528,595672,46025295
2024-08-14 07:45:34,6.1,24.2006,229650432,598062,46027430
2024-08-14 07:45:39,3,24.2006,229650432,598062,46027430
2024-08-14 07:45:44,0,24.2006,229650432,598062,46027430
2024-08-14 07:45:49,3.1,24.1997,229642240,598152,46027506
2024-08-14 07:45:55,0,24.1997,229642240,598152,46027506
2024-08-14 07:46:00,3.1,24.1997,229642240,598194,46027534
2024-08-14 07:46:05,3.2,24.1997,229642240,598284,46027610
2024-08-14 07:46:10,0,24.1997,229642240,598326,46027638
2024-08-14 07:46:15,3.2,24.1997,229642240,598326,46027638
2024-08-14 07:46:20,6.2,24.2256,229888000,598776,46028018
2024-08-14 07:46:26,0,24.2256,229888000,598776,46028018
2024-08-14 07:46:31,3,24.2256,229888000,598776,46028018
2024-08-14 07:46:36,0,24.2256,229888000,598866,46028094
2024-08-14 07:46:41,0,24.2256,229888000,598908,46028122
2024-08-14 07:46:46,3,24.2256,229888000,598908,46028122
2024-08-14 07:46:52,6,24.2256,229888000,598908,46028122
2024-08-14 07:46:57,0,24.2256,229888000,599040,46028226
2024-08-14 07:47:02,6.2,24.2256,229888000,599178,46028226
2024-08-14 07:47:07,0,24.2256,229888000,599178,46028226
2024-08-14 07:47:12,0,24.2256,229888000,599268,46028302
2024-08-14 07:47:18,6,24.2256,229888000,599310,46028330
2024-08-14 07:47:23,0,24.2256,229888000,599490,46028482
2024-08-14 07:47:28,3,24.2256,229888000,599760,46028710
2024-08-14 07:47:33,3.1,24.2213,229847040,601928,46030769
2024-08-14 07:47:38,0,24.2213,229847040,601928,46030769
2024-08-14 07:47:44,3.1,24.2213,229847040,602018,46030845
2024-08-14 07:47:49,3.1,24.2213,229847040,602018,46030845
2024-08-14 07:47:54,0,24.2213,229847040,602060,46030873
2024-08-14 07:47:59,5.8,24.2213,229847040,602150,46030949
2024-08-14 07:48:04,0,24.2213,229847040,602192,46030977
2024-08-14 07:48:10,0,24.2213,229847040,602192,46030977
2024-08-14 07:48:15,3.2,24.2209,229842944,602282,46031053
2024-08-14 07:48:20,0,24.2209,229842944,602282,46031053
2024-08-14 07:48:25,3.1,24.2209,229842944,602282,46031053
2024-08-14 07:48:30,3.1,24.2209,229842944,602732,46031433
2024-08-14 07:48:36,3.1,24.2468,230088704,602774,46031461
2024-08-14 07:48:41,3,24.2468,230088704,602828,46031507
2024-08-14 07:48:46,3.2,24.2464,230084608,602918,46031583
2024-08-14 07:48:51,0,24.2464,230084608,602960,46031611
2024-08-14 07:48:56,0,24.2464,230084608,603098,46031611
2024-08-14 07:49:02,3.2,24.6504,233918464,634672,46221779
2024-08-14 07:49:07,3.2,24.6443,233861120,634672,46221779
2024-08-14 07:49:12,0,24.6443,233861120,634672,46221779
2024-08-14 07:49:17,3.1,24.6443,233861120,634762,46221855
2024-08-14 07:49:22,0,24.6443,233861120,634762,46221855
2024-08-14 07:49:28,0,24.6443,233861120,634762,46221855
2024-08-14 07:49:33,6.2,24.8334,235655168,637062,46223914
2024-08-14 07:49:38,6.4,25.4316,241332224,663853,46231014
2024-08-14 07:49:43,6.2,25.4316,241332224,672194,46235774
2024-08-14 07:49:48,6.2,25.4316,241332224,683369,46243792
2024-08-14 07:49:54,0,25.4316,241332224,683591,46243972
2024-08-14 07:49:59,6.2,25.4226,241246208,693930,46252951
2024-08-14 07:50:04,6.5,25.4139,241164288,722291,46268712
2024-08-14 07:50:09,0,25.4096,241123328,752890,46286745
2024-08-14 07:50:14,0,18.5323,175861760,759174,46294919
2024-08-14 07:50:20,3.2,18.5323,175861760,759174,46294919
2024-08-14 07:50:25,0,18.5595,176119808,759334,46294995
2024-08-14 07:50:30,3.1,18.6139,176635904,759334,46294995
2024-08-14 07:50:35,6.2,18.7771,178184192,759334,46294995
2024-08-14 07:50:40,0,18.7771,178184192,759736,46295327
2024-08-14 07:50:45,3.1,18.7771,178184192,759736,46295327
2024-08-14 07:50:51,0,18.7771,178184192,759874,46295327
2024-08-14 07:50:56,3.2,18.7771,178184192,759964,46295403
2024-08-14 07:51:01,3.2,18.7771,178184192,760060,46295477
2024-08-14 07:51:06,3.2,18.7771,178184192,760060,46295477
2024-08-14 07:51:11,6.2,18.7771,178184192,760150,46295553
2024-08-14 07:51:17,0,18.7771,178184192,760150,46295553
2024-08-14 07:51:22,3,18.7767,178180096,760150,46295553
2024-08-14 07:51:27,6,18.7767,178180096,760240,46295629
2024-08-14 07:51:32,0,18.8824,179183616,762474,46297688
2024-08-14 07:51:37,0,18.8824,179183616,762558,46297744
2024-08-14 07:51:42,0,18.9368,179699712,762738,46297896
2024-08-14 07:51:48,0,18.9368,179699712,762738,46297896
2024-08-14 07:51:53,0,18.9368,179699712,762738,46297896
2024-08-14 07:51:58,3.1,18.9368,179699712,762738,46297896
2024-08-14 07:52:03,6.1,18.9368,179699712,762828,46297972
2024-08-14 07:52:08,3.1,18.9368,179699712,762828,46297972
2024-08-14 07:52:14,3.1,18.9368,179699712,762828,46297972
2024-08-14 07:52:19,3.1,19.0184,180473856,762918,46298048
2024-08-14 07:52:24,6.2,19.0184,180473856,763014,46298122
2024-08-14 07:52:29,0,19.0184,180473856,763014,46298122
2024-08-14 07:52:34,0,19.0184,180473856,763146,46298226
2024-08-14 07:52:40,3.1,19.0184,180473856,763284,46298226
2024-08-14 07:52:45,3.2,19.0184,180473856,763284,46298226
2024-08-14 07:52:50,0,19.0179,180469760,763644,46298530
2024-08-14 07:52:55,3,19.0179,180469760,763644,46298530
2024-08-14 07:53:00,3.2,19.0179,180469760,763644,46298530
2024-08-14 07:53:06,0,19.0179,180469760,763734,46298606
2024-08-14 07:53:11,0,19.0179,180469760,763776,46298634
2024-08-14 07:53:16,3,19.0179,180469760,763776,46298634
