2024-08-14 07:35:33,15.2,17.8239,169144320,154103,26824381
2024-08-14 07:35:38,3,18.4744,175316992,263780,42979961
2024-08-14 07:35:44,7.9,18.4744,175316992,263870,42980037
2024-08-14 07:35:49,0,18.6332,176824320,264008,42980037
2024-08-14 07:35:54,3,18.6604,177082368,264008,42980037
2024-08-14 07:35:59,3.2,18.6595,177074176,264098,42980113
2024-08-14 07:36:04,3,18.6595,177074176,264098,42980113
2024-08-14 07:36:10,3.1,18.6595,177074176,264210,42980141
2024-08-14 07:36:15,3.2,18.6595,177074176,264660,42980521
2024-08-14 07:36:20,6.2,18.6854,177319936,264660,42980521
2024-08-14 07:36:25,5.9,18.6885,177348608,264660,42980521
2024-08-14 07:36:30,0,18.6885,177348608,264750,42980597
2024-08-14 07:36:36,2.9,18.6885,177348608,264846,42980671
2024-08-14 07:36:41,3.1,18.6885,177348608,264846,42980671
2024-08-14 07:36:46,3.1,18.6885,177348608,264846,42980671
2024-08-14 07:36:51,6.1,18.688,177344512,264936,42980747
2024-08-14 07:36:56,0,18.688,177344512,264936,42980747
2024-08-14 07:37:02,3.2,18.688,177344512,264936,42980747
2024-08-14 07:37:07,3,18.688,177344512,265068,42980851
2024-08-14 07:37:12,0,18.688,177344512,265068,42980851
2024-08-14 07:37:17,3.2,18.688,177344512,265242,42980897
2024-08-14 07:37:22,0,18.688,177344512,265750,42981277
2024-08-14 07:37:28,0,18.7139,177590272,268050,42983336
2024-08-14 07:37:33,3,18.7139,177590272,268150,42983364
2024-08-14 07:37:38,3,18.7139,177590272,268240,42983440
2024-08-14 07:37:43,3.1,18.7139,177590272,268378,42983440
2024-08-14 07:37:48,5.7,18.7139,177590272,268436,42983440
2024-08-14 07:37:54,0,18.7398,177836032,268526,42983516
2024-08-14 07:37:59,3.1,18.7398,177836032,268526,42983516
2024-08-14 07:38:04,0,18.7657,178081792,268568,42983544
2024-08-14 07:38:09,5.8,18.9013,179367936,268658,42983620
2024-08-14 07:38:14,0,19.0631,180903936,268658,42983620
2024-08-14 07:38:20,3.1,19.0903,181161984,268658,42983620
2024-08-14 07:38:25,0,19.1136,181383168,269108,42984000
2024-08-14 07:38:30,0,19.1136,181383168,269150,42984028
2024-08-14 07:38:35,0,19.1136,181383168,269150,42984028
2024-08-14 07:38:40,0,19.1136,181383168,269294,42984150
2024-08-14 07:38:46,6,19.1408,181641216,269294,42984150
2024-08-14 07:38:51,0,19.1952,182157312,269294,42984150
2024-08-14 07:38:56,3,19.304,183189504,269384,42984226
2024-08-14 07:39:01,3,19.304,183189504,269426,42984254
2024-08-14 07:39:06,3.1,19.4114,184209408,269426,42984254
2024-08-14 07:39:12,3,19.5202,185241600,269426,42984254
2024-08-14 07:39:17,3.1,16.8692,160083968,269516,42984330
2024-08-14 07:39:22,0,16.9495,160845824,269516,42984330
2024-08-14 07:39:27,3.1,17.2995,164167680,271696,42986511
2024-08-14 07:39:32,3,17.2991,164163584,272236,42986843
2024-08-14 07:39:38,0,17.325,164409344,272236,42986843
2024-08-14 07:39:43,3.1,17.325,164409344,272236,42986843
2024-08-14 07:39:48,3.1,17.3245,164405248,272380,42986965
2024-08-14 07:39:53,0,17.3789,164921344,272380,42986965
2024-08-14 07:39:58,5.7,17.5693,166727680,272422,42986993
2024-08-14 07:40:04,3.1,17.5965,166985728,272512,42987069
2024-08-14 07:40:09,2.9,17.5965,166985728,272512,42987069
2024-08-14 07:40:14,0,17.6236,167243776,272512,42987069
2024-08-14 07:40:19,6.1,17.7592,168529920,272656,42987191
2024-08-14 07:40:25,0,17.7864,168787968,272698,42987219
2024-08-14 07:40:30,3.1,17.8136,169046016,272698,42987219
2024-08-14 07:40:35,3,17.839,169287680,273218,42987599
2024-08-14 07:40:40,0,17.991,170729472,273218,42987599
2024-08-14 07:40:45,0,18.0725,171503616,273218,42987599
2024-08-14 07:40:51,6,18.1541,172277760,275386,42989762
2024-08-14 07:40:56,2.9,18.1541,172277760,275386,42989762
2024-08-14 07:41:01,3,18.1541,172277760,275440,42989808
2024-08-14 07:41:06,3,18.1541,172277760,275530,42989884
2024-08-14 07:41:11,0,18.1541,172277760,275530,42989884
2024-08-14 07:41:17,6,18.1783,172507136,275530,42989884
2024-08-14 07:41:22,3.1,18.1783,172507136,275530,42989884
2024-08-14 07:41:27,5.9,18.1783,172507136,275758,42989960
2024-08-14 07:41:32,3.2,18.1783,172507136,275758,42989960
2024-08-14 07:41:37,3.1,18.1783,172507136,276028,42990188
2024-08-14 07:41:43,6,18.18,172523520,276250,42990368
2024-08-14 07:41:48,0,18.18,172523520,276292,42990396
2024-08-14 07:41:53,3,18.1796,172519424,276292,42990396
2024-08-14 07:41:58,3.1,18.1787,172511232,276382,42990472
2024-08-14 07:42:03,0,18.1787,172511232,276382,42990472
2024-08-14 07:42:09,0,18.1787,172511232,276382,42990472
2024-08-14 07:42:14,3,18.1787,172511232,276472,42990548
2024-08-14 07:42:19,0,18.1787,172511232,276472,42990548
2024-08-14 07:42:24,6,18.177,172494848,278574,42992607
2024-08-14 07:42:29,8.8,18.177,172494848,278664,42992683
2024-08-14 07:42:35,0,18.177,172494848,278664,42992683
2024-08-14 07:42:40,0,18.177,172494848,278664,42992683
2024-08-14 07:42:45,6.1,18.177,172494848,279156,42993091
2024-08-14 07:42:50,6.1,18.177,172494848,279156,42993091
2024-08-14 07:42:55,3.1,18.177,172494848,279156,42993091
2024-08-14 07:43:01,3,18.1753,172478464,279246,42993167
2024-08-14 07:43:06,3.2,18.1753,172478464,279246,42993167
2024-08-14 07:43:11,0,18.177,172494848,279246,42993167
2024-08-14 07:43:16,78.8,22.9961,218226688,402974,43069170
2024-08-14 07:43:22,3,23.0349,218595328,555080,43195318
2024-08-14 07:43:27,3.2,23.0608,218841088,557846,43202301
2024-08-14 07:43:32,0,23.088,219099136,557936,43202377
2024-08-14 07:43:37,3,23.1152,219357184,557936,43202377
2024-08-14 07:43:42,3.2,23.1955,220119040,557978,43202405
2024-08-14 07:43:47,3.1,23.1955,220119040,558338,43202709
2024-08-14 07:43:53,0,23.3038,221147136,558428,43202785
2024-08-14 07:43:58,3.1,23.3854,221921280,558428,43202785
2024-08-14 07:44:03,0,23.3854,221921280,558428,43202785
2024-08-14 07:44:08,3,23.3854,221921280,558518,43202861
2024-08-14 07:44:14,3.1,23.3854,221921280,558518,43202861
2024-08-14 07:44:19,0,23.3854,221921280,558518,43202861
2024-08-14 07:44:24,3,23.4937,222949376,560644,43204996
2024-08-14 07:44:29,0,23.4937,222949376,560644,43204996
2024-08-14 07:44:34,3,23.4937,222949376,560644,43204996
2024-08-14 07:44:40,6.1,23.4937,222949376,560776,43205100
2024-08-14 07:44:45,0,23.4937,222949376,560776,43205100
2024-08-14 07:44:50,3.2,23.4937,222949376,560776,43205100
2024-08-14 07:44:55,13.5,23.4937,222949376,561226,43205480
2024-08-14 07:45:00,3,23.4937,222949376,561226,43205480
2024-08-14 07:45:06,8.3,23.4937,222949376,561226,43205480
2024-08-14 07:45:11,0,23.4937,222949376,561454,43205556
2024-08-14 07:45:16,3.2,23.4937,222949376,561496,43205584
2024-08-14 07:45:21,3.1,23.4937,222949376,561496,43205584
2024-08-14 07:45:26,6,23.4937,222949376,561586,43205660
2024-08-14 07:45:32,3.1,23.4937,222949376,561628,43205688
2024-08-14 07:45:37,3,23.4937,222949376,561628,43205688
2024-08-14 07:45:42,3.2,23.492,222932992,561718,43205764
2024-08-14 07:45:47,0,23.492,222932992,561718,43205764
2024-08-14 07:45:52,0,23.492,222932992,561718,43205764
2024-08-14 07:45:58,3.1,23.4937,222949376,562168,43206144
2024-08-14 07:46:03,0,23.4937,222949376,562168,43206144
2024-08-14 07:46:08,0,23.4937,222949376,562168,43206144
2024-08-14 07:46:13,0,23.4937,222949376,562168,43206144
2024-08-14 07:46:18,3,23.4937,222949376,562258,43206220
2024-08-14 07:46:24,6.2,23.4937,222949376,564402,43208307
2024-08-14 07:46:29,3.1,23.4937,222949376,564444,43208335
2024-08-14 07:46:34,3,23.4937,222949376,564534,43208411
2024-08-14 07:46:39,3,23.4937,222949376,564534,43208411
2024-08-14 07:46:44,3.1,23.4937,222949376,564588,43208457
2024-08-14 07:46:50,3,23.4937,222949376,564678,43208533
2024-08-14 07:46:55,3.1,23.4937,222949376,564678,43208533
2024-08-14 07:47:00,0,23.4937,222949376,564678,43208533
2024-08-14 07:47:05,3.1,23.4937,222949376,565266,43208913
2024-08-14 07:47:10,6.1,23.4937,222949376,565308,43208941
2024-08-14 07:47:16,0,23.4937,222949376,565308,43208941
2024-08-14 07:47:21,0,23.4933,222945280,565452,43209063
2024-08-14 07:47:26,0,23.4933,222945280,565494,43209091
2024-08-14 07:47:31,2.9,23.4933,222945280,565656,43209271
2024-08-14 07:47:36,0,23.4933,222945280,565746,43209347
2024-08-14 07:47:42,5.9,23.4933,222945280,565746,43209347
2024-08-14 07:47:47,6.2,23.4933,222945280,565746,43209347
2024-08-14 07:47:52,0,23.4929,222941184,565836,43209423
2024-08-14 07:47:57,5.9,23.4929,222941184,565878,43209451
2024-08-14 07:48:02,0,23.4929,222941184,565878,43209451
2024-08-14 07:48:08,5.8,23.4924,222937088,566328,43209831
2024-08-14 07:48:13,6.2,23.4924,222937088,566328,43209831
2024-08-14 07:48:18,3,23.4924,222937088,566382,43209877
2024-08-14 07:48:23,3.1,23.4924,222937088,568460,43211964
2024-08-14 07:48:28,3.1,23.4924,222937088,568550,43212040
2024-08-14 07:48:34,3.2,23.4924,222937088,568550,43212040
2024-08-14 07:48:39,0,23.4924,222937088,568550,43212040
2024-08-14 07:48:44,0,23.492,222932992,568640,43212116
2024-08-14 07:48:49,3.1,23.492,222932992,568640,43212116
2024-08-14 07:48:54,0,23.492,222932992,568640,43212116
2024-08-14 07:49:00,5.6,24.1882,229539840,599315,43402257
2024-08-14 07:49:05,0,24.1882,229539840,599453,43402257
2024-08-14 07:49:10,0,24.1882,229539840,599453,43402257
2024-08-14 07:49:15,5.9,24.2141,229785600,599633,43402409
2024-08-14 07:49:20,6.2,24.2141,229785600,599675,43402437
2024-08-14 07:49:26,3.2,24.2413,230043648,599675,43402437
2024-08-14 07:49:31,12.1,24.4843,232349696,643742,43420910
2024-08-14 07:49:36,3.2,24.4683,232198144,674863,43440267
2024-08-14 07:49:41,3.1,24.4683,232198144,679157,43442135
2024-08-14 07:49:46,0,24.4675,232189952,688988,43446613
2024-08-14 07:49:52,0,24.4671,232185856,693873,43450654
2024-08-14 07:49:57,9.3,24.4671,232185856,700955,43453524
2024-08-14 07:50:02,5.4,24.4658,232173568,727039,43472128
2024-08-14 07:50:07,3,24.4636,232153088,739467,43480676
2024-08-14 07:50:13,6.1,18.319,173842432,743741,43487808
2024-08-14 07:50:18,0,18.319,173842432,744143,43488140
2024-08-14 07:50:23,0,18.319,173842432,744143,43488140
2024-08-14 07:50:28,0,18.319,173842432,744143,43488140
2024-08-14 07:50:33,3.2,18.319,173842432,744233,43488216
2024-08-14 07:50:39,6.2,18.319,173842432,744233,43488216
2024-08-14 07:50:44,5.9,18.319,173842432,744233,43488216
2024-08-14 07:50:49,3.1,18.319,173842432,744323,43488292
2024-08-14 07:50:54,3.1,18.3734,174358528,744503,43488320
2024-08-14 07:50:59,3.1,18.5365,175906816,744503,43488320
2024-08-14 07:51:05,3.1,18.7269,177713152,744611,43488504
2024-08-14 07:51:10,6.2,18.7541,177971200,744743,43488608
2024-08-14 07:51:15,0,18.7541,177971200,744743,43488608
2024-08-14 07:51:20,0,18.7541,177971200,744833,43488684
2024-08-14 07:51:25,0,18.7541,177971200,747025,43490767
2024-08-14 07:51:31,0,18.7541,177971200,747025,43490767
2024-08-14 07:51:36,3.1,18.7541,177971200,747025,43490767
2024-08-14 07:51:41,6.2,18.7541,177971200,747115,43490843
2024-08-14 07:51:46,0,18.7541,177971200,747115,43490843
2024-08-14 07:51:52,5.6,18.7541,177971200,747115,43490843
2024-08-14 07:51:57,0,18.7541,177971200,747205,43490919
2024-08-14 07:52:02,3,18.7541,177971200,747247,43490947
2024-08-14 07:52:07,0,18.7541,177971200,747289,43490975
2024-08-14 07:52:12,2.9,18.7541,177971200,747379,43491051
2024-08-14 07:52:18,0,18.7541,177971200,747379,43491051
2024-08-14 07:52:23,3.1,18.8085,178487296,747379,43491051
2024-08-14 07:52:28,0,18.8611,178987008,747739,43491355
2024-08-14 07:52:33,3.1,18.8611,178987008,747781,43491383
2024-08-14 07:52:38,0,18.8611,178987008,747835,43491429
2024-08-14 07:52:44,6.1,18.9155,179503104,748063,43491505
2024-08-14 07:52:49,5.8,18.9427,179761152,748063,43491505
