2024-08-14 07:39:18,21.2,17.7089,168046592,225120,37696516
2024-08-14 07:39:23,3.2,17.9355,170196992,292439,45780024
2024-08-14 07:39:28,0,17.9355,170196992,292603,45780206
2024-08-14 07:39:33,0,17.9614,170442752,292957,45780941
2024-08-14 07:39:38,3,17.9614,170442752,293174,45781141
2024-08-14 07:39:44,3.1,17.9614,170442752,294599,45782609
2024-08-14 07:39:49,3.1,18.014,170942464,295033,45782913
2024-08-14 07:39:54,6.1,18.2316,173006848,295171,45782913
2024-08-14 07:39:59,3.2,18.2311,173002752,295245,45782913
2024-08-14 07:40:04,5.8,18.2311,173002752,295335,45782989
2024-08-14 07:40:10,3.1,18.2311,173002752,295377,45783017
2024-08-14 07:40:15,0,18.2566,173244416,295451,45783017
2024-08-14 07:40:20,3.2,18.3106,173756416,295541,45783093
2024-08-14 07:40:25,0,18.3921,174530560,295541,45783093
2024-08-14 07:40:30,0,18.5816,176328704,295541,45783093
2024-08-14 07:40:36,0,18.5812,176324608,295673,45783197
2024-08-14 07:40:41,3.2,18.5808,176320512,295715,45783225
2024-08-14 07:40:46,0,18.5808,176320512,295715,45783225
2024-08-14 07:40:51,0,18.5803,176316416,296219,45783651
2024-08-14 07:40:56,0,18.5803,176316416,296219,45783651
2024-08-14 07:41:02,0,18.5803,176316416,296277,45783697
2024-08-14 07:41:07,3.2,18.7163,177606656,298519,45785831
2024-08-14 07:41:12,3,18.7163,177606656,298577,45785831
2024-08-14 07:41:17,5.8,18.7163,177606656,298635,45785831
2024-08-14 07:41:22,3.1,18.7163,177606656,298849,45785953
2024-08-14 07:41:27,0,18.7163,177606656,298849,45785953
2024-08-14 07:41:33,0,18.7163,177606656,298891,45785981
2024-08-14 07:41:38,5.9,18.7163,177606656,298949,45785981
2024-08-14 07:41:43,0,18.7435,177864704,299273,45786131
2024-08-14 07:41:48,0,18.7703,178118656,299273,45786131
2024-08-14 07:41:53,3.1,18.7703,178118656,299363,45786207
2024-08-14 07:41:59,0,18.7703,178118656,299723,45786511
2024-08-14 07:42:04,0,18.7703,178118656,299723,45786511
2024-08-14 07:42:09,3.2,18.7664,178081792,299777,45786557
2024-08-14 07:42:14,0,18.7664,178081792,299909,45786661
2024-08-14 07:42:19,0,18.7664,178081792,299963,45786707
2024-08-14 07:42:25,0,18.7664,178081792,299963,45786707
2024-08-14 07:42:30,3,18.7655,178073600,300095,45786811
2024-08-14 07:42:35,0,18.7655,178073600,300095,45786811
2024-08-14 07:42:40,0,18.7655,178073600,300095,45786811
2024-08-14 07:42:45,0,18.7655,178073600,300185,45786887
2024-08-14 07:42:50,3.2,18.7646,178065408,300227,45786915
2024-08-14 07:42:56,0,18.7646,178065408,300227,45786915
2024-08-14 07:43:01,3.1,18.7646,178065408,300677,45787295
2024-08-14 07:43:06,5.8,18.7646,178065408,302845,45789353
2024-08-14 07:43:11,0,18.7646,178065408,302845,45789353
2024-08-14 07:43:16,3,18.7646,178065408,302935,45789429
2024-08-14 07:43:22,35.5,22.6887,215302144,309949,45797020
2024-08-14 07:43:27,9.7,24.2909,230506496,364833,45831299
2024-08-14 07:43:32,12.5,24.3177,230760448,403742,45856837
2024-08-14 07:43:37,16.1,24.3457,231026688,447280,45882610
2024-08-14 07:43:42,11.5,24.3811,231362560,550568,45970794
2024-08-14 07:43:48,9.1,24.4066,231604224,571786,45986325
2024-08-14 07:43:53,0,24.4355,231878656,582101,45998419
2024-08-14 07:43:58,0,24.4373,231895040,587110,46009215
2024-08-14 07:44:03,3.2,24.4373,231895040,587290,46009367
2024-08-14 07:44:08,3.2,24.4368,231890944,587560,46009595
2024-08-14 07:44:14,6.2,24.4627,232136704,587560,46009595
2024-08-14 07:44:19,0,24.4627,232136704,587560,46009595
2024-08-14 07:44:24,0,24.4528,232042496,587692,46009699
2024-08-14 07:44:29,3.1,24.4528,232042496,587734,46009727
2024-08-14 07:44:34,3.1,24.4528,232042496,587734,46009727
2024-08-14 07:44:40,3,24.4528,232042496,587824,46009803
2024-08-14 07:44:45,3.1,24.4528,232042496,587824,46009803
2024-08-14 07:44:50,0,24.48,232300544,587824,46009803
2024-08-14 07:44:55,0,24.5072,232558592,587914,46009879
2024-08-14 07:45:00,3.2,24.5072,232558592,587956,46009907
2024-08-14 07:45:06,3.2,24.5344,232816640,590256,46011965
2024-08-14 07:45:11,3,24.587,233316352,590706,46012345
2024-08-14 07:45:16,3.1,24.587,233316352,590706,46012345
2024-08-14 07:45:21,0,24.5862,233308160,590748,46012373
2024-08-14 07:45:26,3.1,24.6677,234082304,590976,46012449
2024-08-14 07:45:31,3.1,24.6673,234078208,591018,46012477
2024-08-14 07:45:37,0,24.7485,234848256,591018,46012477
2024-08-14 07:45:42,0,22.0347,209096704,591108,46012553
2024-08-14 07:45:47,0,22.1694,210374656,591108,46012553
2024-08-14 07:45:52,0,22.2782,211406848,591108,46012553
2024-08-14 07:45:57,3.1,22.3598,212180992,591198,46012629
2024-08-14 07:46:03,6.2,22.3598,212180992,591294,46012703
2024-08-14 07:46:08,6.1,22.3598,212180992,591294,46012703
2024-08-14 07:46:13,6.2,22.3598,212180992,591606,46012959
2024-08-14 07:46:18,0,22.3598,212180992,591786,46013111
2024-08-14 07:46:23,3.1,22.576,214233088,591786,46013111
2024-08-14 07:46:29,3.1,22.6848,215265280,591786,46013111
2024-08-14 07:46:34,5.9,22.6848,215265280,591876,46013187
2024-08-14 07:46:39,3.1,22.6848,215265280,591918,46013215
2024-08-14 07:46:44,0,22.6848,215265280,591918,46013215
2024-08-14 07:46:49,3,22.6848,215265280,592008,46013291
2024-08-14 07:46:55,3.1,22.7931,216293376,592008,46013291
2024-08-14 07:47:00,0,22.7931,216293376,592008,46013291
2024-08-14 07:47:05,0,22.9995,218251264,594200,46015425
2024-08-14 07:47:10,3.1,23.0267,218509312,594242,46015453
2024-08-14 07:47:15,6.1,23.0538,218767360,594380,46015453
2024-08-14 07:47:21,3.1,23.1082,219283456,594830,46015833
2024-08-14 07:47:26,3.2,23.1082,219283456,594830,46015833
2024-08-14 07:47:31,3.1,23.1613,219787264,594830,46015833
2024-08-14 07:47:36,9.1,23.1613,219787264,594920,46015909
2024-08-14 07:47:41,0,23.1613,219787264,594962,46015937
2024-08-14 07:47:47,0,23.1613,219787264,594962,46015937
2024-08-14 07:47:52,3.2,23.1885,220045312,595226,46016059
2024-08-14 07:47:57,0,23.2157,220303360,595284,46016059
2024-08-14 07:48:02,0,23.2157,220303360,595284,46016059
2024-08-14 07:48:07,3.2,23.2153,220299264,595474,46016163
2024-08-14 07:48:13,0,23.2153,220299264,595516,46016191
2024-08-14 07:48:18,3.1,23.2153,220299264,595516,46016191
2024-08-14 07:48:23,5.9,23.2153,220299264,595898,46016465
2024-08-14 07:48:28,0,23.2153,220299264,596078,46016617
2024-08-14 07:48:33,5.8,23.2412,220545024,596078,46016617
2024-08-14 07:48:38,0,23.2412,220545024,596168,46016693
2024-08-14 07:48:44,0,23.2412,220545024,596168,46016693
2024-08-14 07:48:49,3.1,23.2412,220545024,596168,46016693
2024-08-14 07:48:54,0,23.2412,220545024,596168,46016693
2024-08-14 07:48:59,0,23.2407,220540928,596258,46016769
2024-08-14 07:49:04,3.1,24.341,230981632,629267,46208925
2024-08-14 07:49:10,6,24.341,230981632,629405,46208925
2024-08-14 07:49:15,0,24.341,230981632,629495,46209001
2024-08-14 07:49:20,3.2,24.341,230981632,629495,46209001
2024-08-14 07:49:25,3,24.3669,231227392,629495,46209001
2024-08-14 07:49:30,0,24.4213,231743488,629585,46209077
2024-08-14 07:49:36,6.2,24.8559,235868160,651999,46212831
2024-08-14 07:49:41,5.6,24.8559,235868160,654445,46214375
2024-08-14 07:49:46,3.2,24.9125,236404736,664387,46220679
2024-08-14 07:49:51,3.1,24.9125,236404736,672818,46226770
2024-08-14 07:49:56,3,24.909,236371968,677631,46230571
2024-08-14 07:50:02,15.2,24.9211,236486656,700139,46244395
2024-08-14 07:50:07,12.2,24.9211,236486656,728371,46261126
2024-08-14 07:50:12,3.1,18.5173,175718400,751496,46279652
2024-08-14 07:50:17,0,18.6032,176533504,751628,46279756
2024-08-14 07:50:22,0,18.6032,176533504,751628,46279756
2024-08-14 07:50:28,5.8,18.6032,176533504,751698,46279756
2024-08-14 07:50:33,0,18.6032,176533504,752148,46280136
2024-08-14 07:50:38,3.1,18.6032,176533504,752148,46280136
2024-08-14 07:50:43,3,18.6032,176533504,752148,46280136
2024-08-14 07:50:48,0,18.6032,176533504,752238,46280212
2024-08-14 07:50:54,3.1,18.6032,176533504,752238,46280212
2024-08-14 07:50:59,3.2,18.6032,176533504,752280,46280240
2024-08-14 07:51:04,3,18.6032,176533504,752370,46280316
2024-08-14 07:51:09,0,18.6032,176533504,752550,46280344
2024-08-14 07:51:14,6.2,18.6032,176533504,752550,46280344
2024-08-14 07:51:19,3.2,18.6032,176533504,752550,46280344
2024-08-14 07:51:25,3.2,18.6032,176533504,752640,46280420
2024-08-14 07:51:30,3.2,18.6304,176791552,752694,46280466
2024-08-14 07:51:35,0,18.6304,176791552,752694,46280466
2024-08-14 07:51:40,0,18.6304,176791552,752784,46280542
2024-08-14 07:51:45,0,18.63,176787456,752784,46280542
2024-08-14 07:51:51,3,18.6572,177045504,752784,46280542
2024-08-14 07:51:56,3.1,18.6572,177045504,752916,46280646
2024-08-14 07:52:01,3,18.6572,177045504,752916,46280646
2024-08-14 07:52:06,3.1,18.6813,177274880,755216,46282704
2024-08-14 07:52:11,3.1,18.6813,177274880,755306,46282780
2024-08-14 07:52:17,0,18.6813,177274880,755306,46282780
2024-08-14 07:52:22,6.2,18.6813,177274880,755306,46282780
2024-08-14 07:52:27,0,18.6813,177274880,755396,46282856
2024-08-14 07:52:32,3.1,18.6813,177274880,755396,46282856
2024-08-14 07:52:37,3.1,18.6813,177274880,755396,46282856
2024-08-14 07:52:42,0,18.6809,177270784,755756,46283160
2024-08-14 07:52:48,0,18.6809,177270784,755888,46283264
2024-08-14 07:52:53,6,18.6809,177270784,755888,46283264
2024-08-14 07:52:58,0,18.6809,177270784,756116,46283340
2024-08-14 07:53:03,0,18.6809,177270784,756212,46283414
2024-08-14 07:53:08,3.2,18.6809,177270784,756212,46283414
2024-08-14 07:53:14,6.2,18.6809,177270784,756302,46283490
2024-08-14 07:53:19,6.2,18.6809,177270784,756302,46283490
2024-08-14 07:53:24,0,18.6809,177270784,756302,46283490
