2024-08-14 07:34:03,11.8,17.7851,168775680,159106,26241368
2024-08-14 07:34:08,0,19.1253,181493760,317523,43103472
2024-08-14 07:34:13,3.2,19.1525,181751808,317565,43103500
2024-08-14 07:34:19,6.2,19.1525,181751808,317565,43103500
2024-08-14 07:34:24,0,19.1525,181751808,317655,43103576
2024-08-14 07:34:29,0,19.2871,183029760,317655,43103576
2024-08-14 07:34:34,0,19.4227,184315904,317655,43103576
2024-08-14 07:34:39,3.1,19.4227,184315904,317655,43103576
2024-08-14 07:34:44,0,19.4227,184315904,317787,43103680
2024-08-14 07:34:50,0,19.4227,184315904,317787,43103680
2024-08-14 07:34:55,0,19.4227,184315904,317787,43103680
2024-08-14 07:35:00,3,19.4227,184315904,318237,43104060
2024-08-14 07:35:05,3.1,19.4227,184315904,318237,43104060
2024-08-14 07:35:10,3.2,19.4227,184315904,318279,43104088
2024-08-14 07:35:16,0,19.4222,184311808,318369,43104164
2024-08-14 07:35:21,0,19.4227,184315904,318549,43104192
2024-08-14 07:35:26,0,19.477,184832000,318549,43104192
2024-08-14 07:35:31,0,19.5293,185327616,318639,43104268
2024-08-14 07:35:36,0,19.5293,185327616,318693,43104314
2024-08-14 07:35:42,3.2,19.5824,185831424,320927,43106374
2024-08-14 07:35:47,0,19.5824,185831424,321071,43106496
2024-08-14 07:35:52,0,19.5824,185831424,321071,43106496
2024-08-14 07:35:57,3.1,19.5824,185831424,321071,43106496
2024-08-14 07:36:02,0,19.5824,185831424,321521,43106876
2024-08-14 07:36:07,0,19.5824,185831424,321605,43106932
2024-08-14 07:36:13,2.9,19.5824,185831424,321605,43106932
2024-08-14 07:36:18,3.2,19.5824,185831424,321753,43107054
2024-08-14 07:36:23,0,19.5824,185831424,321923,43107100
2024-08-14 07:36:28,0,19.5824,185831424,321981,43107100
2024-08-14 07:36:33,0,19.5819,185827328,322129,43107176
2024-08-14 07:36:39,3.2,19.5802,185810944,322241,43107204
2024-08-14 07:36:44,3.1,19.5802,185810944,322241,43107204
2024-08-14 07:36:49,3.1,19.5802,185810944,322241,43107204
2024-08-14 07:36:54,0,19.5802,185810944,322389,43107280
2024-08-14 07:36:59,0,19.5802,185810944,322389,43107280
2024-08-14 07:37:04,0,19.5802,185810944,322521,43107384
2024-08-14 07:37:10,3.1,19.5802,185810944,323115,43107762
2024-08-14 07:37:15,0,19.5802,185810944,323115,43107762
2024-08-14 07:37:20,0,19.5802,185810944,323115,43107762
2024-08-14 07:37:25,3.2,19.5802,185810944,323205,43107838
2024-08-14 07:37:30,3.2,19.5802,185810944,323205,43107838
2024-08-14 07:37:36,3.2,19.5802,185810944,323205,43107838
2024-08-14 07:37:41,0,19.5802,185810944,325331,43109974
2024-08-14 07:37:46,6.2,19.5802,185810944,325331,43109974
2024-08-14 07:37:51,0,19.5802,185810944,325331,43109974
2024-08-14 07:37:56,0,19.5802,185810944,325421,43110050
2024-08-14 07:38:01,3.1,19.5802,185810944,325463,43110078
2024-08-14 07:38:07,0,19.5802,185810944,325463,43110078
2024-08-14 07:38:12,3.2,19.5802,185810944,325913,43110458
2024-08-14 07:38:17,0,19.6061,186056704,325955,43110486
2024-08-14 07:38:22,0,19.6061,186056704,325955,43110486
2024-08-14 07:38:27,3.2,19.6061,186056704,326045,43110562
2024-08-14 07:38:33,3.2,19.6061,186056704,326045,43110562
2024-08-14 07:38:38,0,19.6061,186056704,326045,43110562
2024-08-14 07:38:43,0,19.6061,186056704,326135,43110638
2024-08-14 07:38:48,3.1,19.6061,186056704,326177,43110666
2024-08-14 07:38:53,0,19.6061,186056704,326219,43110694
2024-08-14 07:38:59,0,19.6061,186056704,326219,43110694
2024-08-14 07:39:04,3.2,19.6061,186056704,326447,43110770
2024-08-14 07:39:09,3.2,19.6061,186056704,326447,43110770
2024-08-14 07:39:14,0,19.5962,185962496,326681,43110968
2024-08-14 07:39:19,0,19.6229,186216448,326993,43111224
2024-08-14 07:39:24,0,19.6229,186216448,326993,43111224
2024-08-14 07:39:30,3,19.6229,186216448,326993,43111224
2024-08-14 07:39:35,6.2,19.6225,186212352,327083,43111300
2024-08-14 07:39:40,6.1,19.6208,186195968,329119,43113360
2024-08-14 07:39:45,3.1,19.6208,186195968,329119,43113360
2024-08-14 07:39:50,0,19.6195,186183680,329425,43113510
2024-08-14 07:39:56,6.2,19.6195,186183680,329483,43113510
2024-08-14 07:40:01,0,19.6186,186175488,329483,43113510
2024-08-14 07:40:06,0,19.6186,186175488,329631,43113586
2024-08-14 07:40:11,0,19.6186,186175488,329673,43113614
2024-08-14 07:40:16,3.1,19.6445,186421248,329673,43113614
2024-08-14 07:40:21,0,19.6437,186413056,330235,43114040
2024-08-14 07:40:27,0,19.6437,186413056,330235,43114040
2024-08-14 07:40:32,3.1,19.6437,186413056,330235,43114040
2024-08-14 07:40:37,0,19.6437,186413056,330325,43114116
2024-08-14 07:40:42,0,19.6437,186413056,330367,43114144
2024-08-14 07:40:47,3.1,19.6428,186404864,330409,43114172
2024-08-14 07:40:53,3.2,19.6428,186404864,330409,43114172
2024-08-14 07:40:58,6.2,19.6428,186404864,330615,43114294
2024-08-14 07:41:03,6.1,19.6428,186404864,330869,43114294
2024-08-14 07:41:08,3,19.6428,186404864,330869,43114294
2024-08-14 07:41:13,3.1,19.6419,186396672,331017,43114370
2024-08-14 07:41:18,0,19.6419,186396672,331059,43114398
2024-08-14 07:41:24,0,19.6419,186396672,331149,43114398
2024-08-14 07:41:29,0,19.6419,186396672,331567,43114778
2024-08-14 07:41:34,3.1,19.6419,186396672,331567,43114778
2024-08-14 07:41:39,6.2,19.6398,186376192,333867,43116838
2024-08-14 07:41:44,6.1,19.6398,186376192,333999,43116942
2024-08-14 07:41:50,0,19.6398,186376192,334069,43116942
2024-08-14 07:41:55,3.1,19.6398,186376192,334069,43116942
2024-08-14 07:42:00,6.2,19.6398,186376192,334387,43117110
2024-08-14 07:42:05,0,19.6389,186368000,334445,43117110
2024-08-14 07:42:10,0,19.6389,186368000,334487,43117138
2024-08-14 07:42:16,0,19.6389,186368000,334635,43117214
2024-08-14 07:42:21,3.2,19.6389,186368000,334635,43117214
2024-08-14 07:42:26,6,19.6389,186368000,334635,43117214
2024-08-14 07:42:31,0,19.6389,186368000,335143,43117594
2024-08-14 07:42:36,0,19.6389,186368000,335143,43117594
2024-08-14 07:42:41,0,19.6389,186368000,335185,43117622
2024-08-14 07:42:47,0,19.6389,186368000,335275,43117698
2024-08-14 07:42:52,3.1,19.6389,186368000,335317,43117726
2024-08-14 07:42:57,3.1,19.6389,186368000,335455,43117726
2024-08-14 07:43:02,3.1,19.6389,186368000,335455,43117726
2024-08-14 07:43:07,90.9,24.2202,229842944,352052,43140153
2024-08-14 07:43:13,0,24.6613,234029056,613993,43323691
2024-08-14 07:43:18,0,24.6621,234037248,613993,43323691
2024-08-14 07:43:23,0,24.688,234283008,614083,43323767
2024-08-14 07:43:28,3.2,24.688,234283008,614083,43323767
2024-08-14 07:43:33,6.1,24.688,234283008,614263,43323919
2024-08-14 07:43:39,0,24.6876,234278912,616677,43326183
2024-08-14 07:43:44,0,24.6876,234278912,616677,43326183
2024-08-14 07:43:49,6.2,24.6876,234278912,616677,43326183
2024-08-14 07:43:54,0,24.6876,234278912,616767,43326259
2024-08-14 07:43:59,0,24.7135,234524672,616767,43326259
2024-08-14 07:44:04,0,24.7135,234524672,616767,43326259
2024-08-14 07:44:10,0,24.7131,234520576,616857,43326335
2024-08-14 07:44:15,3,24.7131,234520576,616899,43326363
2024-08-14 07:44:20,0,24.8762,236068864,616899,43326363
2024-08-14 07:44:25,3.1,24.8762,236068864,616989,43326439
2024-08-14 07:44:30,0,24.9578,236843008,616989,43326439
2024-08-14 07:44:36,0,24.9578,236843008,617031,43326467
2024-08-14 07:44:41,0,24.9578,236843008,617481,43326847
2024-08-14 07:44:46,3.1,24.9578,236843008,617715,43326921
2024-08-14 07:44:51,3.2,24.9578,236843008,617715,43326921
2024-08-14 07:44:56,3.2,24.9578,236843008,617805,43326997
2024-08-14 07:45:01,3.1,24.9578,236843008,617805,43326997
2024-08-14 07:45:07,3.2,22.2813,211443712,617805,43326997
2024-08-14 07:45:12,3.1,22.5247,213753856,617895,43327073
2024-08-14 07:45:17,3,22.7423,215818240,617937,43327101
2024-08-14 07:45:22,3,22.8511,216850432,617937,43327101
2024-08-14 07:45:27,0,22.8511,216850432,617979,43327129
2024-08-14 07:45:33,3.1,22.8511,216850432,618069,43327205
2024-08-14 07:45:38,0,23.0928,219144192,620105,43329265
2024-08-14 07:45:43,3.2,23.0928,219144192,620375,43329417
2024-08-14 07:45:48,0,23.1187,219389952,620555,43329645
2024-08-14 07:45:53,3.2,23.1459,219648000,620555,43329645
2024-08-14 07:45:59,0,23.1459,219648000,620555,43329645
2024-08-14 07:46:04,0,23.1459,219648000,620645,43329721
2024-08-14 07:46:09,0,23.3345,221437952,620645,43329721
2024-08-14 07:46:14,3.2,23.416,222212096,620645,43329721
2024-08-14 07:46:19,0,23.4704,222728192,620735,43329797
2024-08-14 07:46:24,3.2,23.4704,222728192,620819,43329853
2024-08-14 07:46:30,6,23.5792,223760384,620819,43329853
2024-08-14 07:46:35,0,23.5788,223756288,620909,43329929
2024-08-14 07:46:40,3.1,23.6029,223985664,621047,43329929
2024-08-14 07:46:45,0,23.6029,223985664,621047,43329929
2024-08-14 07:46:50,3.1,23.6029,223985664,621497,43330309
2024-08-14 07:46:56,3.2,23.6029,223985664,621497,43330309
2024-08-14 07:47:01,0,23.6029,223985664,621497,43330309
2024-08-14 07:47:06,0,23.6025,223981568,621587,43330385
2024-08-14 07:47:11,3.1,23.6025,223981568,621587,43330385
2024-08-14 07:47:16,0,23.6569,224497664,621587,43330385
2024-08-14 07:47:21,3.2,23.7657,225529856,621719,43330489
2024-08-14 07:47:27,0,23.7929,225787904,621761,43330517
2024-08-14 07:47:32,0,23.7929,225787904,621761,43330517
2024-08-14 07:47:37,0,23.7929,225787904,621761,43330517
2024-08-14 07:47:42,0,24.1451,229130240,623887,43332653
2024-08-14 07:47:47,0,24.1451,229130240,623887,43332653
2024-08-14 07:47:53,3.2,24.2525,230150144,624067,43332805
2024-08-14 07:47:58,3.2,24.3341,230924288,624337,43333033
2024-08-14 07:48:03,0,24.5245,232730624,624337,43333033
2024-08-14 07:48:08,0,24.5245,232730624,624337,43333033
2024-08-14 07:48:13,3.2,24.5245,232730624,624427,43333109
2024-08-14 07:48:19,0,24.5245,232730624,624469,43333137
2024-08-14 07:48:24,3.2,24.5245,232730624,624469,43333137
2024-08-14 07:48:29,6.2,24.524,232726528,624697,43333213
2024-08-14 07:48:34,0,24.524,232726528,624739,43333241
2024-08-14 07:48:39,3.2,24.524,232726528,624739,43333241
2024-08-14 07:48:44,0,24.524,232726528,624829,43333317
2024-08-14 07:48:50,3.1,24.8119,235458560,655410,43523383
2024-08-14 07:48:55,0,24.8119,235458560,655410,43523383
2024-08-14 07:49:00,0,24.8119,235458560,655680,43523611
2024-08-14 07:49:05,6.2,24.8119,235458560,655680,43523611
2024-08-14 07:49:10,3.2,24.8119,235458560,655680,43523611
2024-08-14 07:49:16,0,24.8119,235458560,655812,43523715
2024-08-14 07:49:21,0,24.8119,235458560,655812,43523715
2024-08-14 07:49:26,0,19.2155,182349824,765081,43581784
2024-08-14 07:49:31,3.1,19.2427,182607872,765171,43581860
2024-08-14 07:49:36,3.2,19.3242,183382016,765171,43581860
2024-08-14 07:49:41,0,19.3786,183898112,765171,43581860
2024-08-14 07:49:47,0,19.4628,184696832,765225,43581952
2024-08-14 07:49:52,0,19.4585,184655872,765315,43582028
2024-08-14 07:49:57,3.1,19.4585,184655872,765369,43582120
2024-08-14 07:50:02,0,19.4585,184655872,765549,43582272
2024-08-14 07:50:07,3.2,19.4585,184655872,765819,43582500
2024-08-14 07:50:13,3.1,19.4585,184655872,765861,43582528
2024-08-14 07:50:18,3.1,16.8407,159813632,765999,43582528
2024-08-14 07:50:23,3.2,16.8679,160071680,766089,43582604
2024-08-14 07:50:28,0,16.8951,160329728,766131,43582632
2024-08-14 07:50:33,3.1,17.0854,162136064,766131,43582632
2024-08-14 07:50:38,3.1,17.5132,166195200,768323,43584768
2024-08-14 07:50:44,0,17.5132,166195200,768323,43584768
2024-08-14 07:50:49,3.1,17.5132,166195200,768323,43584768
2024-08-14 07:50:54,0,17.5132,166195200,768413,43584844
2024-08-14 07:50:59,0,17.5132,166195200,768413,43584844
2024-08-14 07:51:04,0,17.5132,166195200,768413,43584844
2024-08-14 07:51:10,0,17.5132,166195200,768725,43585100
2024-08-14 07:51:15,3.1,17.5132,166195200,768725,43585100
2024-08-14 07:51:20,6,17.5132,166195200,768725,43585100
2024-08-14 07:51:25,0,17.5403,166453248,768815,43585176
2024-08-14 07:51:30,6.1,17.5403,166453248,768857,43585204
2024-08-14 07:51:36,0,17.5403,166453248,768857,43585204
2024-08-14 07:51:41,3.2,17.5662,166699008,768947,43585280
2024-08-14 07:51:46,3.2,17.5658,166694912,768947,43585280
2024-08-14 07:51:51,3.2,17.5658,166694912,768947,43585280
2024-08-14 07:51:56,3.2,17.5658,166694912,768947,43585280
2024-08-14 07:52:01,5.8,17.5658,166694912,769037,43585356
2024-08-14 07:52:07,6.2,17.5658,166694912,769079,43585384
2024-08-14 07:52:12,0,17.5658,166694912,769349,43585612
2024-08-14 07:52:17,3.1,17.5658,166694912,769709,43585792
2024-08-14 07:52:22,3.1,17.5658,166694912,769709,43585792
2024-08-14 07:52:27,3,17.5658,166694912,769779,43585792
2024-08-14 07:52:33,0,17.5658,166694912,769869,43585868
2024-08-14 07:52:38,3.2,17.8649,169533440,771905,43587928
