2024-08-14 07:42:50,10,17.3743,164872192,203631,32164022
2024-08-14 07:42:55,6,17.8116,169021440,285522,45313342
2024-08-14 07:43:00,0,17.866,169537536,285564,45313370
2024-08-14 07:43:05,0,17.9463,170299392,286014,45313750
2024-08-14 07:43:11,0,18.1366,172105728,286014,45313750
2024-08-14 07:43:16,0,18.2726,173395968,286014,45313750
2024-08-14 07:43:21,2.9,18.2726,173395968,286104,45313826
2024-08-14 07:43:26,3.1,18.2998,173654016,286242,45313826
2024-08-14 07:43:31,67.8,21.3851,202932224,287093,45314856
2024-08-14 07:43:37,13.3,23.9883,227635200,318254,45338457
2024-08-14 07:43:42,21.2,24.3937,231481344,366166,45369641
2024-08-14 07:43:47,32.2,24.42,231731200,443098,45410159
2024-08-14 07:43:52,12.4,24.4964,232456192,498706,45440507
2024-08-14 07:43:57,3.1,24.5667,233123840,564917,45532533
2024-08-14 07:44:03,3.1,24.5667,233123840,564917,45532533
2024-08-14 07:44:08,3,24.5676,233132032,567403,45534972
2024-08-14 07:44:13,6.1,24.5676,233132032,567403,45534972
2024-08-14 07:44:18,0,24.5676,233132032,567403,45534972
2024-08-14 07:44:23,3.2,24.5676,233132032,567403,45534972
2024-08-14 07:44:29,3,24.5672,233127936,567493,45535048
2024-08-14 07:44:34,3.2,24.5672,233127936,567493,45535048
2024-08-14 07:44:39,3.2,24.5672,233127936,567493,45535048
2024-08-14 07:44:44,3.2,24.5672,233127936,567583,45535124
2024-08-14 07:44:49,3.1,24.5672,233127936,567583,45535124
2024-08-14 07:44:55,3.1,24.5672,233127936,567625,45535152
2024-08-14 07:45:00,6,24.5672,233127936,567715,45535228
2024-08-14 07:45:05,0,24.565,233107456,567757,45535256
2024-08-14 07:45:10,0,24.565,233107456,567757,45535256
2024-08-14 07:45:15,3.2,24.565,233107456,568207,45535636
2024-08-14 07:45:21,11.1,24.565,233107456,568345,45535636
2024-08-14 07:45:26,0,24.5909,233353216,568345,45535636
2024-08-14 07:45:31,0,24.5909,233353216,568435,45535712
2024-08-14 07:45:36,3.1,24.5909,233353216,568435,45535712
2024-08-14 07:45:41,3.1,24.5909,233353216,568435,45535712
2024-08-14 07:45:46,3.1,24.5909,233353216,568525,45535788
2024-08-14 07:45:52,3,24.5909,233353216,568567,45535816
2024-08-14 07:45:57,3.2,24.5909,233353216,568567,45535816
2024-08-14 07:46:02,3.1,24.5909,233353216,568657,45535892
2024-08-14 07:46:07,3.2,24.6988,234377216,570693,45537951
2024-08-14 07:46:12,6.2,24.6988,234377216,570693,45537951
2024-08-14 07:46:18,0,24.6988,234377216,571143,45538331
2024-08-14 07:46:23,3.2,24.6988,234377216,571143,45538331
2024-08-14 07:46:28,6.1,24.6988,234377216,571143,45538331
2024-08-14 07:46:33,0,24.6988,234377216,571233,45538407
2024-08-14 07:46:38,0,24.6988,234377216,571233,45538407
2024-08-14 07:46:43,0,24.6988,234377216,571233,45538407
2024-08-14 07:46:49,3.2,24.6988,234377216,571275,45538435
2024-08-14 07:46:54,3.2,24.6988,234377216,571365,45538511
2024-08-14 07:46:59,0,24.7247,234622976,571365,45538511
2024-08-14 07:47:04,9.7,24.7247,234622976,571365,45538511
2024-08-14 07:47:09,6.2,24.723,234606592,571455,45538587
2024-08-14 07:47:15,3.2,24.723,234606592,571635,45538615
2024-08-14 07:47:20,3,24.723,234606592,571635,45538615
2024-08-14 07:47:25,0,24.723,234606592,572085,45538995
2024-08-14 07:47:30,0,24.723,234606592,572085,45538995
2024-08-14 07:47:35,3.2,24.723,234606592,572085,45538995
2024-08-14 07:47:41,3.2,24.723,234606592,572217,45539099
2024-08-14 07:47:46,0,24.723,234606592,572217,45539099
2024-08-14 07:47:51,0,24.723,234606592,572217,45539099
2024-08-14 07:47:56,3.1,24.7226,234602496,572307,45539175
2024-08-14 07:48:01,3.1,24.7126,234508288,572307,45539175
2024-08-14 07:48:06,0,24.7105,234487808,574413,45541234
2024-08-14 07:48:12,0,24.71,234483712,574503,45541310
2024-08-14 07:48:17,3.2,24.71,234483712,574503,45541310
2024-08-14 07:48:22,0,24.7372,234741760,574503,45541310
2024-08-14 07:48:27,3.1,24.7372,234741760,574953,45541690
2024-08-14 07:48:32,6.2,24.7636,234991616,574953,45541690
2024-08-14 07:48:38,0,24.7636,234991616,574995,45541718
2024-08-14 07:48:43,5.8,24.7895,235237376,575085,45541794
2024-08-14 07:48:48,0,24.7886,235229184,575085,45541794
2024-08-14 07:48:53,3.2,24.7877,235220992,575085,45541794
2024-08-14 07:48:58,0,24.7877,235220992,575175,45541870
2024-08-14 07:49:04,0,24.7873,235216896,575217,45541898
2024-08-14 07:49:09,0,24.7873,235216896,575217,45541898
2024-08-14 07:49:14,0,24.9673,236924928,606595,45731965
2024-08-14 07:49:19,0,24.9673,236924928,606685,45732041
2024-08-14 07:49:24,5.8,24.9673,236924928,606685,45732041
2024-08-14 07:49:29,6.2,24.9664,236916736,606685,45732041
2024-08-14 07:49:35,3.2,24.966,236912640,606907,45732221
2024-08-14 07:49:40,0,24.9932,237170688,606907,45732221
2024-08-14 07:49:45,58.6,24.9932,237170688,608104,45732976
2024-08-14 07:49:50,3,25.2923,240009216,629413,45736052
2024-08-14 07:49:55,11.4,25.2923,240009216,629743,45736492
2024-08-14 07:50:01,9.4,25.373,240775168,670499,45756021
2024-08-14 07:50:06,6.2,25.3541,240594944,700296,45777363
2024-08-14 07:50:11,3.1,25.3506,240562176,739090,45799236
2024-08-14 07:50:16,3.2,19.1807,182013952,743001,45805758
2024-08-14 07:50:21,6,19.3426,183549952,743091,45805834
2024-08-14 07:50:27,3.1,19.3426,183549952,743091,45805834
2024-08-14 07:50:32,6.2,19.3426,183549952,743133,45805862
2024-08-14 07:50:37,0,19.3426,183549952,743583,45806242
2024-08-14 07:50:42,0,19.3426,183549952,743583,45806242
2024-08-14 07:50:47,3.1,19.3426,183549952,743583,45806242
2024-08-14 07:50:52,3.1,19.3426,183549952,743673,45806318
2024-08-14 07:50:58,3.2,19.3426,183549952,743673,45806318
2024-08-14 07:51:03,0,19.3426,183549952,743811,45806318
2024-08-14 07:51:08,3.1,19.3426,183549952,743901,45806394
2024-08-14 07:51:13,3.2,19.3426,183549952,743943,45806422
2024-08-14 07:51:18,0,19.3426,183549952,743943,45806422
2024-08-14 07:51:24,3.2,19.3426,183549952,743943,45806422
2024-08-14 07:51:29,0,19.3426,183549952,744075,45806526
2024-08-14 07:51:34,0,19.3426,183549952,744075,45806526
2024-08-14 07:51:39,0,19.3426,183549952,744075,45806526
2024-08-14 07:51:44,0,19.3426,183549952,744255,45806678
2024-08-14 07:51:49,0,19.3426,183549952,744255,45806678
2024-08-14 07:51:55,0,19.3426,183549952,744255,45806678
2024-08-14 07:52:00,0,19.3426,183549952,744345,45806754
2024-08-14 07:52:05,0,19.3668,183779328,746381,45808813
2024-08-14 07:52:10,0,19.3668,183779328,746423,45808841
2024-08-14 07:52:15,6.2,19.3668,183779328,746513,45808917
2024-08-14 07:52:21,2.9,19.3668,183779328,746513,45808917
2024-08-14 07:52:26,0,19.3668,183779328,746555,45808945
2024-08-14 07:52:31,3.1,19.3668,183779328,746645,45809021
2024-08-14 07:52:36,3.2,19.4212,184295424,746645,45809021
2024-08-14 07:52:41,0,19.5299,185327616,746645,45809021
2024-08-14 07:52:47,0,19.6655,186613760,747095,45809401
2024-08-14 07:52:52,0,17.1689,162922496,747095,45809401
2024-08-14 07:52:57,6,17.3307,164458496,747233,45809401
2024-08-14 07:53:02,0,17.3851,164974592,747323,45809477
2024-08-14 07:53:07,3.1,17.4667,165748736,747365,45809505
2024-08-14 07:53:12,0,17.4667,165748736,747365,45809505
2024-08-14 07:53:18,0,17.4939,166006784,747455,45809581
2024-08-14 07:53:23,3.1,17.4939,166006784,747497,45809609
2024-08-14 07:53:28,3,17.5211,166264832,747497,45809609
2024-08-14 07:53:33,3.2,17.5483,166522880,747587,45809685
2024-08-14 07:53:38,3.2,17.6027,167038976,747587,45809685
2024-08-14 07:53:44,6.2,17.7114,168071168,747587,45809685
2024-08-14 07:53:49,0,17.7386,168329216,747587,45809685
2024-08-14 07:53:54,3,17.7386,168329216,747767,45809837
2024-08-14 07:53:59,3.2,17.7386,168329216,747767,45809837
2024-08-14 07:54:04,0,17.7628,168558592,749803,45811896
