2024-08-14 07:38:57,17.9,17.7645,168574976,207633,33174247
2024-08-14 07:39:03,3,18.1962,172670976,280764,46000555
2024-08-14 07:39:08,0,18.1953,172662784,280764,46000555
2024-08-14 07:39:13,3,18.1953,172662784,280854,46000631
2024-08-14 07:39:18,6.2,18.1953,172662784,280908,46000677
2024-08-14 07:39:24,2.9,18.1953,172662784,280908,46000677
2024-08-14 07:39:29,3.2,18.2221,172916736,281136,46000753
2024-08-14 07:39:34,0,18.2221,172916736,281136,46000753
2024-08-14 07:39:39,3.2,18.2221,172916736,281178,46000781
2024-08-14 07:39:44,0,18.2493,173174784,281628,46001161
2024-08-14 07:39:50,0,18.2493,173174784,281670,46001189
2024-08-14 07:39:55,3.2,18.2493,173174784,281670,46001189
2024-08-14 07:40:00,0,18.2475,173158400,281760,46001265
2024-08-14 07:40:05,0,18.2475,173158400,281760,46001265
2024-08-14 07:40:10,3,18.3805,174419968,284060,46003324
2024-08-14 07:40:16,3.1,18.3805,174419968,284150,46003400
2024-08-14 07:40:21,0,18.3805,174419968,284150,46003400
2024-08-14 07:40:26,0,18.3805,174419968,284150,46003400
2024-08-14 07:40:31,0,18.3805,174419968,284192,46003428
2024-08-14 07:40:36,3,18.3805,174419968,284282,46003504
2024-08-14 07:40:42,3.1,18.3809,174424064,284282,46003504
2024-08-14 07:40:47,3.1,18.3801,174415872,284552,46003732
2024-08-14 07:40:52,3.2,18.3796,174411776,284774,46003912
2024-08-14 07:40:57,0,18.3796,174411776,284844,46003912
2024-08-14 07:41:02,3.2,18.3796,174411776,284844,46003912
2024-08-14 07:41:08,3.1,18.406,174661632,284934,46003988
2024-08-14 07:41:13,0,18.4038,174641152,284934,46003988
2024-08-14 07:41:18,5.9,18.431,174899200,284934,46003988
2024-08-14 07:41:23,0,18.4582,175157248,285216,46004110
2024-08-14 07:41:28,0,18.4854,175415296,285312,46004184
2024-08-14 07:41:34,0,18.4854,175415296,285312,46004184
2024-08-14 07:41:39,0,18.4854,175415296,285402,46004260
2024-08-14 07:41:44,3.2,18.4854,175415296,285444,46004288
2024-08-14 07:41:49,3,18.4854,175415296,285444,46004288
2024-08-14 07:41:54,0,18.4854,175415296,285894,46004668
2024-08-14 07:42:00,0,18.4854,175415296,285894,46004668
2024-08-14 07:42:05,0,18.4854,175415296,285894,46004668
2024-08-14 07:42:10,3,18.6757,177221632,288152,46006803
2024-08-14 07:42:15,3.2,18.6757,177221632,288152,46006803
2024-08-14 07:42:20,0,18.6757,177221632,288152,46006803
2024-08-14 07:42:26,6,18.6757,177221632,288284,46006907
2024-08-14 07:42:31,2.9,18.7301,177737728,288284,46006907
2024-08-14 07:42:36,6.1,18.7301,177737728,288284,46006907
2024-08-14 07:42:41,0,18.7301,177737728,288284,46006907
2024-08-14 07:42:46,6,18.7301,177737728,288374,46006983
2024-08-14 07:42:52,6.1,18.7301,177737728,288374,46006983
2024-08-14 07:42:57,3.1,18.7301,177737728,288644,46007211
2024-08-14 07:43:02,0,18.7301,177737728,288866,46007391
2024-08-14 07:43:07,0,18.7301,177737728,288866,46007391
2024-08-14 07:43:12,3,18.7301,177737728,288866,46007391
2024-08-14 07:43:18,3.1,18.7301,177737728,289202,46007559
2024-08-14 07:43:23,15.1,24.2003,229646336,338768,46041609
2024-08-14 07:43:28,10,24.1998,229642240,385713,46072818
2024-08-14 07:43:33,50,24.2257,229888000,464514,46124151
2024-08-14 07:43:38,3.1,24.2383,230006784,556425,46202029
2024-08-14 07:43:44,5.8,24.265,230260736,567819,46223770
2024-08-14 07:43:49,6.1,24.2655,230264832,567909,46223846
2024-08-14 07:43:54,6.2,24.2655,230264832,567963,46223892
2024-08-14 07:43:59,0,24.2655,230264832,567963,46223892
2024-08-14 07:44:04,0,24.2547,230162432,568413,46224272
2024-08-14 07:44:10,6.2,24.2551,230166528,570449,46226331
2024-08-14 07:44:15,0,24.2542,230158336,570449,46226331
2024-08-14 07:44:20,3.2,24.2542,230158336,570581,46226435
2024-08-14 07:44:25,6.2,24.2542,230158336,570581,46226435
2024-08-14 07:44:30,3,24.2542,230158336,570581,46226435
2024-08-14 07:44:36,3.1,24.2542,230158336,570671,46226511
2024-08-14 07:44:41,0,24.2542,230158336,570671,46226511
2024-08-14 07:44:46,0,24.2542,230158336,570671,46226511
2024-08-14 07:44:51,5.9,24.2542,230158336,570761,46226587
2024-08-14 07:44:56,3.1,24.2542,230158336,570803,46226615
2024-08-14 07:45:02,0,24.2814,230416384,570803,46226615
2024-08-14 07:45:07,0,24.3358,230932480,571163,46226919
2024-08-14 07:45:12,6.2,24.3354,230928384,571253,46226995
2024-08-14 07:45:17,0,24.3621,231182336,571433,46227023
2024-08-14 07:45:22,0,24.4972,232464384,571433,46227023
2024-08-14 07:45:28,3.1,24.4972,232464384,571523,46227099
2024-08-14 07:45:33,3.2,24.5244,232722432,571565,46227127
2024-08-14 07:45:38,6,24.5244,232722432,571565,46227127
2024-08-14 07:45:43,0,24.5244,232722432,571655,46227203
2024-08-14 07:45:48,0,24.5244,232722432,571655,46227203
2024-08-14 07:45:54,3.1,24.5516,232980480,571655,46227203
2024-08-14 07:45:59,6.2,24.5516,232980480,571745,46227279
2024-08-14 07:46:04,0,24.606,233496576,571787,46227307
2024-08-14 07:46:09,35.5,24.8508,235819008,573865,46229394
2024-08-14 07:46:14,6.2,24.8508,235819008,574315,46229774
2024-08-14 07:46:20,0,24.8508,235819008,574315,46229774
2024-08-14 07:46:25,0,24.8508,235819008,574315,46229774
2024-08-14 07:46:30,6,24.8508,235819008,574405,46229850
2024-08-14 07:46:35,0,24.8508,235819008,574405,46229850
2024-08-14 07:46:40,3,24.8508,235819008,574405,46229850
2024-08-14 07:46:46,3.2,24.8508,235819008,574495,46229926
2024-08-14 07:46:51,0,24.8508,235819008,574537,46229954
2024-08-14 07:46:56,0,24.8508,235819008,574537,46229954
2024-08-14 07:47:01,0,24.8508,235819008,574627,46230030
2024-08-14 07:47:06,6.1,24.8508,235819008,574807,46230058
2024-08-14 07:47:12,0,24.8732,236032000,574807,46230058
2024-08-14 07:47:17,8.6,24.8732,236032000,575257,46230438
2024-08-14 07:47:22,0,24.8732,236032000,575299,46230466
2024-08-14 07:47:27,0,24.8732,236032000,575299,46230466
2024-08-14 07:47:32,3,24.8732,236032000,575299,46230466
2024-08-14 07:47:38,3.1,24.8732,236032000,575389,46230542
2024-08-14 07:47:43,0,24.8732,236032000,575389,46230542
2024-08-14 07:47:48,3.1,24.8732,236032000,575389,46230542
2024-08-14 07:47:53,0,24.8732,236032000,575479,46230618
2024-08-14 07:47:58,6.1,24.8732,236032000,575521,46230646
2024-08-14 07:48:03,3.1,24.8732,236032000,575563,46230674
2024-08-14 07:48:09,0,24.8728,236027904,575653,46230750
2024-08-14 07:48:14,3,24.8728,236027904,577689,46232809
2024-08-14 07:48:19,0,24.8728,236027904,577779,46232885
2024-08-14 07:48:24,2.9,24.8728,236027904,578139,46233189
2024-08-14 07:48:29,3,24.8728,236027904,578139,46233189
2024-08-14 07:48:35,0,24.8728,236027904,578139,46233189
2024-08-14 07:48:40,6.2,24.8728,236027904,578229,46233265
2024-08-14 07:48:45,3.2,24.8728,236027904,578271,46233293
2024-08-14 07:48:50,0,24.8728,236027904,578271,46233293
2024-08-14 07:48:55,3.2,24.8728,236027904,578361,46233369
2024-08-14 07:49:01,7.9,24.8728,236027904,578972,46234185
2024-08-14 07:49:06,0,25.3791,240832512,609559,46423490
2024-08-14 07:49:11,3.1,25.3791,240832512,609649,46423566
2024-08-14 07:49:16,0,25.3791,240832512,609649,46423566
2024-08-14 07:49:22,2.9,25.3791,240832512,609649,46423566
2024-08-14 07:49:27,0,25.3787,240828416,609883,46423764
2024-08-14 07:49:32,0,25.3787,240828416,609925,46423792
2024-08-14 07:49:37,0,25.7594,244441088,632339,46427545
2024-08-14 07:49:42,0,25.7594,244441088,643901,46435165
2024-08-14 07:49:48,6.7,25.7594,244441088,651738,46440443
2024-08-14 07:49:53,0,25.7594,244441088,656301,46443723
2024-08-14 07:49:58,0,25.7555,244404224,659611,46446510
2024-08-14 07:50:03,0,25.7417,244273152,686184,46463965
2024-08-14 07:50:08,13.3,25.7395,244252672,716987,46480756
2024-08-14 07:50:14,6,18.2648,173322240,733437,46496405
2024-08-14 07:50:19,3.2,18.3464,174096384,733569,46496509
2024-08-14 07:50:24,0,18.3464,174096384,733569,46496509
2024-08-14 07:50:29,0,18.346,174092288,733749,46496661
2024-08-14 07:50:34,5.8,18.346,174092288,734019,46496889
2024-08-14 07:50:40,3.2,18.346,174092288,734019,46496889
2024-08-14 07:50:45,0,18.346,174092288,734019,46496889
2024-08-14 07:50:50,0,18.346,174092288,734109,46496965
2024-08-14 07:50:55,6,18.346,174092288,734289,46496993
2024-08-14 07:51:00,0,18.4262,174854144,734289,46496993
2024-08-14 07:51:06,3.1,18.4262,174854144,734379,46497069
2024-08-14 07:51:11,0,18.4262,174854144,734421,46497097
2024-08-14 07:51:16,5.8,18.4262,174854144,734421,46497097
2024-08-14 07:51:21,3,18.4267,174858240,734511,46497173
2024-08-14 07:51:26,0,18.4267,174858240,734511,46497173
2024-08-14 07:51:32,3.2,18.4534,175112192,734565,46497219
2024-08-14 07:51:37,0,18.535,175886336,734745,46497371
2024-08-14 07:51:42,3,18.7241,177680384,734745,46497371
2024-08-14 07:51:47,2.9,18.7513,177938432,734787,46497399
2024-08-14 07:51:52,2.9,18.7513,177938432,734877,46497475
2024-08-14 07:51:58,6.1,18.7513,177938432,734919,46497503
2024-08-14 07:52:03,0,18.7513,177938432,734919,46497503
2024-08-14 07:52:08,0,18.7513,177938432,735009,46497579
2024-08-14 07:52:13,3.1,18.8294,178679808,737045,46499638
2024-08-14 07:52:18,0,18.8294,178679808,737045,46499638
2024-08-14 07:52:23,2.9,18.8294,178679808,737045,46499638
2024-08-14 07:52:29,0,18.8566,178937856,737135,46499714
2024-08-14 07:52:34,3.2,19.0728,180989952,737135,46499714
2024-08-14 07:52:39,3.1,19.0996,181243904,737405,46499942
2024-08-14 07:52:44,3.1,19.1268,181501952,737765,46500122
2024-08-14 07:52:50,2.9,19.3711,183820288,737765,46500122
2024-08-14 07:52:55,3.1,19.3983,184078336,737765,46500122
2024-08-14 07:53:00,3.1,16.7498,158945280,737855,46500198
2024-08-14 07:53:05,0,16.9116,160481280,737897,46500226
2024-08-14 07:53:10,3.2,16.9388,160739328,737897,46500226
2024-08-14 07:53:16,3.2,17.1279,162533376,737987,46500302
