2024-08-14 07:37:55,18.2,17.8166,169074688,198476,30789779
2024-08-14 07:38:00,5.9,17.8123,169033728,307461,43525859
2024-08-14 07:38:05,0,17.8662,169545728,307551,43525935
2024-08-14 07:38:10,3.1,17.8934,169803776,307551,43525935
2024-08-14 07:38:15,0,17.9206,170061824,307551,43525935
2024-08-14 07:38:21,3,17.975,170577920,307641,43526011
2024-08-14 07:38:26,3.2,18.0022,170835968,307641,43526011
2024-08-14 07:38:31,2.9,18.0825,171597824,307641,43526011
2024-08-14 07:38:36,0,18.0825,171597824,308091,43526391
2024-08-14 07:38:41,3.2,18.0825,171597824,308175,43526447
2024-08-14 07:38:47,6.2,18.0825,171597824,308175,43526447
2024-08-14 07:38:52,3.1,18.0825,171597824,308175,43526447
2024-08-14 07:38:57,0,18.0825,171597824,308265,43526523
2024-08-14 07:39:02,2.9,18.1912,172630016,308265,43526523
2024-08-14 07:39:07,0,18.2724,173400064,310499,43528582
2024-08-14 07:39:13,3,18.3531,174166016,310882,43528914
2024-08-14 07:39:18,3.2,18.3531,174166016,310882,43528914
2024-08-14 07:39:23,0,18.3531,174166016,310882,43528914
2024-08-14 07:39:28,6.2,18.3522,174157824,311110,43528990
2024-08-14 07:39:33,0,18.4066,174673920,311110,43528990
2024-08-14 07:39:39,5.8,18.4066,174673920,311242,43529094
2024-08-14 07:39:44,3.1,18.4066,174673920,311602,43529398
2024-08-14 07:39:49,0,18.461,175190016,311602,43529398
2024-08-14 07:39:54,3,18.461,175190016,311602,43529398
2024-08-14 07:39:59,3,18.4588,175169536,311692,43529474
2024-08-14 07:40:05,3.1,18.4588,175169536,311734,43529502
2024-08-14 07:40:10,0,18.455,175132672,311734,43529502
2024-08-14 07:40:15,3.1,18.4545,175128576,311824,43529578
2024-08-14 07:40:20,3.2,18.4545,175128576,311824,43529578
2024-08-14 07:40:25,3.1,18.4545,175128576,311878,43529624
2024-08-14 07:40:31,3.1,18.4545,175128576,312022,43529746
2024-08-14 07:40:36,3.2,18.4545,175128576,312064,43529774
2024-08-14 07:40:41,6,18.4545,175128576,312064,43529774
2024-08-14 07:40:46,3.1,18.4541,175124480,312568,43530200
2024-08-14 07:40:52,0,18.4541,175124480,312610,43530228
2024-08-14 07:40:57,3.1,18.4541,175124480,312797,43530412
2024-08-14 07:41:02,0,18.4541,175124480,312887,43530534
2024-08-14 07:41:07,3.2,18.4813,175382528,315187,43532593
2024-08-14 07:41:12,3.1,18.4813,175382528,315187,43532593
2024-08-14 07:41:18,3.2,18.5357,175898624,315347,43532669
2024-08-14 07:41:23,3.2,18.5357,175898624,315485,43532669
2024-08-14 07:41:28,0,18.5357,175898624,315485,43532669
2024-08-14 07:41:33,3.2,18.5357,175898624,315617,43532773
2024-08-14 07:41:38,8.6,18.6975,177434624,315617,43532773
2024-08-14 07:41:44,3,18.7519,177950720,315617,43532773
2024-08-14 07:41:49,3,18.8063,178466816,315797,43532925
2024-08-14 07:41:54,0,18.9146,179494912,316109,43533181
2024-08-14 07:41:59,3.1,18.9146,179494912,316109,43533181
2024-08-14 07:42:05,6.2,18.9146,179494912,316109,43533181
2024-08-14 07:42:10,3.1,18.9146,179494912,316199,43533257
2024-08-14 07:42:15,0,18.9146,179494912,316199,43533257
2024-08-14 07:42:20,0,18.9151,179499008,316199,43533257
2024-08-14 07:42:25,6.1,18.9133,179482624,316331,43533361
2024-08-14 07:42:31,0,18.9129,179478528,316331,43533361
2024-08-14 07:42:36,3.1,18.9133,179482624,316331,43533361
2024-08-14 07:42:41,0,18.9133,179482624,316421,43533437
2024-08-14 07:42:46,0,18.9133,179482624,316463,43533465
2024-08-14 07:42:51,3.1,18.9133,179482624,316463,43533465
2024-08-14 07:42:57,3.2,18.9133,179482624,316913,43533845
2024-08-14 07:43:02,2.9,18.906,179412992,316913,43533845
2024-08-14 07:43:07,0,18.9017,179372032,319213,43535904
2024-08-14 07:43:12,5.6,18.9017,179372032,319303,43535980
2024-08-14 07:43:17,80,22.5977,214446080,329285,43549991
2024-08-14 07:43:23,6.1,23.9116,226914304,431214,43606410
2024-08-14 07:43:28,18.7,23.9236,227028992,584474,43723463
2024-08-14 07:43:33,14.3,23.9236,227028992,598325,43749332
2024-08-14 07:43:38,0,23.9495,227274752,598325,43749332
2024-08-14 07:43:43,0,23.9495,227274752,598473,43749408
2024-08-14 07:43:49,3,23.9495,227274752,598473,43749408
2024-08-14 07:43:54,3,23.9495,227274752,598473,43749408
2024-08-14 07:43:59,5.8,23.9495,227274752,598891,43749712
2024-08-14 07:44:04,0,23.975,227516416,599035,43749834
2024-08-14 07:44:09,0,23.9737,227504128,599035,43749834
2024-08-14 07:44:15,0,23.9737,227504128,599035,43749834
2024-08-14 07:44:20,0,23.9737,227504128,599209,43749966
2024-08-14 07:44:25,3,23.9728,227495936,599209,43749966
2024-08-14 07:44:30,5.8,23.9733,227500032,599209,43749966
2024-08-14 07:44:35,6.1,23.9728,227495936,599299,43750042
2024-08-14 07:44:41,3.1,23.9728,227495936,599299,43750042
2024-08-14 07:44:46,3.1,23.9728,227495936,599299,43750042
2024-08-14 07:44:51,3.1,23.9728,227495936,599389,43750118
2024-08-14 07:44:56,6,23.9728,227495936,599389,43750118
2024-08-14 07:45:01,3,23.9728,227495936,599563,43750164
2024-08-14 07:45:07,0,23.9728,227495936,602281,43752631
2024-08-14 07:45:12,3.1,23.9728,227495936,602419,43752631
2024-08-14 07:45:17,6.1,23.9728,227495936,602573,43752705
2024-08-14 07:45:22,0,23.9728,227495936,602663,43752781
2024-08-14 07:45:27,3.1,23.9728,227495936,602663,43752781
2024-08-14 07:45:33,3,23.9728,227495936,602721,43752781
2024-08-14 07:45:38,0,23.9728,227495936,602811,43752857
2024-08-14 07:45:43,0,23.9728,227495936,602811,43752857
2024-08-14 07:45:48,3,23.9987,227741696,602811,43752857
2024-08-14 07:45:53,0,23.9987,227741696,602901,43752933
2024-08-14 07:45:59,3.2,24.0255,227995648,602943,43752961
2024-08-14 07:46:04,0,24.0255,227995648,602943,43752961
2024-08-14 07:46:09,3.2,24.0799,228511744,603393,43753341
2024-08-14 07:46:14,3,24.0799,228511744,603435,43753369
2024-08-14 07:46:19,0,24.133,229015552,603435,43753369
2024-08-14 07:46:25,0,24.133,229015552,603525,43753445
2024-08-14 07:46:30,3,24.133,229015552,603525,43753445
2024-08-14 07:46:35,3.2,24.133,229015552,603525,43753445
2024-08-14 07:46:40,3.1,24.133,229015552,603525,43753445
2024-08-14 07:46:46,0,24.2685,230301696,607968,43758773
2024-08-14 07:46:51,6.2,24.2681,230297600,607968,43758773
2024-08-14 07:46:56,0,24.2681,230297600,607968,43758773
2024-08-14 07:47:01,0,24.2681,230297600,608196,43758849
2024-08-14 07:47:06,6.1,24.2681,230297600,608196,43758849
2024-08-14 07:47:12,0,24.2663,230281216,608328,43758953
2024-08-14 07:47:17,6,24.2663,230281216,608688,43759257
2024-08-14 07:47:22,0,24.2663,230281216,608688,43759257
2024-08-14 07:47:27,0,24.2663,230281216,608688,43759257
2024-08-14 07:47:32,3,24.2659,230277120,608778,43759333
2024-08-14 07:47:38,0,24.2659,230277120,608820,43759361
2024-08-14 07:47:43,3.1,24.2659,230277120,608820,43759361
2024-08-14 07:47:48,6,24.2659,230277120,608910,43759437
2024-08-14 07:47:53,3.2,24.2659,230277120,608910,43759437
2024-08-14 07:47:58,5.8,24.2659,230277120,608910,43759437
2024-08-14 07:48:04,6.1,24.2655,230273024,609042,43759541
2024-08-14 07:48:09,3.1,24.2672,230289408,611342,43761600
2024-08-14 07:48:14,3,24.2931,230535168,611342,43761600
2024-08-14 07:48:19,3.1,24.2931,230535168,611792,43761980
2024-08-14 07:48:24,6.1,24.2931,230535168,611792,43761980
2024-08-14 07:48:30,3.1,24.2927,230531072,613933,43764761
2024-08-14 07:48:35,3,24.3186,230776832,614357,43765365
2024-08-14 07:48:40,6,24.3186,230776832,614357,43765365
2024-08-14 07:48:45,6,24.3186,230776832,614357,43765365
2024-08-14 07:48:50,3.1,24.3186,230776832,614357,43765365
2024-08-14 07:48:56,3.1,24.3186,230776832,614585,43765441
2024-08-14 07:49:01,0,24.7977,235323392,645719,43955562
2024-08-14 07:49:06,3,24.7977,235323392,645719,43955562
2024-08-14 07:49:11,3.1,24.7977,235323392,645809,43955638
2024-08-14 07:49:16,0,24.7977,235323392,645809,43955638
2024-08-14 07:49:22,3.1,24.7977,235323392,645809,43955638
2024-08-14 07:49:27,0,24.7972,235319296,645899,43955714
2024-08-14 07:49:32,90,24.7972,235319296,649476,43957547
2024-08-14 07:49:37,3.3,24.9876,237125632,691201,43974856
2024-08-14 07:49:42,0,24.9876,237125632,692514,43975869
2024-08-14 07:49:48,6.2,24.9699,236957696,703923,43983919
2024-08-14 07:49:53,0,24.9699,236957696,709602,43985383
2024-08-14 07:49:58,6.7,24.9699,236957696,716384,43992903
2024-08-14 07:50:03,19.3,25.0243,237473792,738400,44005952
2024-08-14 07:50:08,6.4,25.0394,237617152,774108,44026560
2024-08-14 07:50:14,3.2,18.5629,176156672,789676,44040241
2024-08-14 07:50:19,0,18.5633,176160768,789676,44040241
2024-08-14 07:50:24,3.1,18.5633,176160768,789804,44040241
2024-08-14 07:50:29,5.8,18.5633,176160768,790254,44040621
2024-08-14 07:50:34,0,18.5892,176406528,790254,44040621
2024-08-14 07:50:40,3.1,18.6436,176922624,790254,44040621
2024-08-14 07:50:45,3.2,18.698,177438720,790398,44040743
2024-08-14 07:50:50,3.2,18.8326,178716672,790536,44040743
2024-08-14 07:50:55,3.2,18.9958,180264960,790578,44040771
2024-08-14 07:51:00,0,19.023,180523008,790668,44040847
2024-08-14 07:51:06,5.8,19.0774,181039104,790710,44040875
2024-08-14 07:51:11,5.9,19.0774,181039104,790710,44040875
2024-08-14 07:51:16,3.1,19.0774,181039104,790710,44040875
2024-08-14 07:51:21,0,19.0774,181039104,790800,44040951
2024-08-14 07:51:26,0,19.1046,181297152,790800,44040951
2024-08-14 07:51:32,3,19.1046,181297152,790800,44040951
2024-08-14 07:51:37,0,19.1046,181297152,790890,44041027
2024-08-14 07:51:42,0,19.1046,181297152,790890,44041027
2024-08-14 07:51:47,0,19.1046,181297152,790890,44041027
2024-08-14 07:51:52,3.2,19.1046,181297152,791022,44041131
2024-08-14 07:51:58,0,19.1046,181297152,791118,44041205
2024-08-14 07:52:03,5.8,19.1046,181297152,791118,44041205
2024-08-14 07:52:08,3.1,19.1287,181526528,793244,44043478
2024-08-14 07:52:13,6,19.1287,181526528,793244,44043478
2024-08-14 07:52:18,3.2,19.1287,181526528,793244,44043478
2024-08-14 07:52:24,0,19.1287,181526528,793334,44043554
2024-08-14 07:52:29,0,19.1287,181526528,793334,44043554
2024-08-14 07:52:34,0,19.1287,181526528,793514,44043706
2024-08-14 07:52:39,3.2,19.1542,181768192,793784,44043934
2024-08-14 07:52:44,3,19.1542,181768192,793922,44043934
2024-08-14 07:52:50,3.1,19.1542,181768192,793964,44043962
2024-08-14 07:52:55,3.1,19.1542,181768192,794054,44044038
2024-08-14 07:53:00,0,19.1542,181768192,794096,44044066
