2024-08-14 07:33:52,9.1,18.4912,175476736,164186,26655937
2024-08-14 07:33:58,3,18.3829,174448640,312209,43518615
2024-08-14 07:34:03,8.6,18.3829,174448640,312209,43518615
2024-08-14 07:34:08,3.1,18.3829,174448640,312209,43518615
2024-08-14 07:34:13,3.1,18.3824,174444544,312299,43518691
2024-08-14 07:34:18,6,18.3829,174448640,312299,43518691
2024-08-14 07:34:24,6,18.3829,174448640,312299,43518691
2024-08-14 07:34:29,0,18.3829,174448640,312389,43518767
2024-08-14 07:34:34,3.1,18.3829,174448640,312389,43518767
2024-08-14 07:34:39,3.2,18.3829,174448640,312431,43518795
2024-08-14 07:34:44,3.2,18.4912,175476736,312575,43518917
2024-08-14 07:34:49,3.1,18.4912,175476736,312617,43518945
2024-08-14 07:34:55,0,18.4912,175476736,312617,43518945
2024-08-14 07:35:00,3.1,18.4908,175472640,313067,43519325
2024-08-14 07:35:05,3.2,18.4908,175472640,313205,43519325
2024-08-14 07:35:10,3.2,18.5452,175988736,313205,43519325
2024-08-14 07:35:15,3.2,18.6272,176766976,313295,43519401
2024-08-14 07:35:21,0,18.6544,177025024,313295,43519401
2024-08-14 07:35:26,0,18.6544,177025024,313295,43519401
2024-08-14 07:35:31,3,18.6544,177025024,313455,43519477
2024-08-14 07:35:36,0,18.6544,177025024,313539,43519533
2024-08-14 07:35:41,14.7,18.8162,178561024,315773,43521593
2024-08-14 07:35:46,0,18.8154,178552832,315863,43521669
2024-08-14 07:35:52,0,18.8154,178552832,315863,43521669
2024-08-14 07:35:57,3,18.8154,178552832,315917,43521715
2024-08-14 07:36:02,0,18.8154,178552832,315917,43521715
2024-08-14 07:36:07,0,18.8154,178552832,316367,43522095
2024-08-14 07:36:12,0,18.8154,178552832,316367,43522095
2024-08-14 07:36:18,3.1,18.8421,178806784,316367,43522095
2024-08-14 07:36:23,0,18.8421,178806784,316457,43522171
2024-08-14 07:36:28,3.1,18.8421,178806784,316499,43522199
2024-08-14 07:36:33,0,18.8421,178806784,316595,43522273
2024-08-14 07:36:38,0,18.8417,178802688,316685,43522349
2024-08-14 07:36:44,5.8,18.8395,178782208,316685,43522349
2024-08-14 07:36:49,0,18.8395,178782208,316739,43522395
2024-08-14 07:36:54,0,18.8395,178782208,316967,43522471
2024-08-14 07:36:59,3,18.8395,178782208,316967,43522471
2024-08-14 07:37:04,3.1,18.8395,178782208,316967,43522471
2024-08-14 07:37:10,0,18.84,178786304,317417,43522851
2024-08-14 07:37:15,0,18.84,178786304,317459,43522879
2024-08-14 07:37:20,6.2,18.84,178786304,317459,43522879
2024-08-14 07:37:25,0,18.84,178786304,317549,43522955
2024-08-14 07:37:30,0,18.84,178786304,317591,43522983
2024-08-14 07:37:36,3,18.84,178786304,317591,43522983
2024-08-14 07:37:41,0,18.84,178786304,317681,43523059
2024-08-14 07:37:46,3.1,18.84,178786304,319783,43525119
2024-08-14 07:37:51,0,18.84,178786304,319783,43525119
2024-08-14 07:37:56,3.2,18.84,178786304,319927,43525255
2024-08-14 07:38:01,5.8,18.84,178786304,319981,43525315
2024-08-14 07:38:07,6.2,18.84,178786304,319981,43525315
2024-08-14 07:38:12,6.1,18.84,178786304,320161,43525467
2024-08-14 07:38:17,3,18.84,178786304,320431,43525695
2024-08-14 07:38:22,0,18.84,178786304,320515,43525751
2024-08-14 07:38:27,3.1,18.84,178786304,320515,43525751
2024-08-14 07:38:33,3.1,18.84,178786304,320605,43525827
2024-08-14 07:38:38,6.2,18.84,178786304,320605,43525827
2024-08-14 07:38:43,0,18.84,178786304,320605,43525827
2024-08-14 07:38:48,0,18.8395,178782208,320695,43525903
2024-08-14 07:38:53,3.1,18.8395,178782208,320833,43525903
2024-08-14 07:38:59,0,18.8395,178782208,320833,43525903
2024-08-14 07:39:04,6.2,18.8296,178688000,320923,43525979
2024-08-14 07:39:09,0,18.8296,178688000,320965,43526007
2024-08-14 07:39:14,3.2,18.8296,178688000,320965,43526007
2024-08-14 07:39:19,0,18.8292,178683904,321457,43526415
2024-08-14 07:39:24,3.1,18.8292,178683904,321511,43526461
2024-08-14 07:39:30,0,18.8292,178683904,321581,43526461
2024-08-14 07:39:35,3.2,18.8292,178683904,321671,43526537
2024-08-14 07:39:40,3.1,18.8292,178683904,321671,43526537
2024-08-14 07:39:45,3.2,18.8266,178659328,323905,43528597
2024-08-14 07:39:50,3.1,18.8266,178659328,324049,43528719
2024-08-14 07:39:56,0,18.8266,178659328,324049,43528719
2024-08-14 07:40:01,0,18.8266,178659328,324103,43528765
2024-08-14 07:40:06,0,18.8266,178659328,324193,43528841
2024-08-14 07:40:11,0,18.8262,178655232,324193,43528841
2024-08-14 07:40:16,3.1,18.8262,178655232,324235,43528869
2024-08-14 07:40:22,3.2,18.8257,178651136,324415,43529021
2024-08-14 07:40:27,6.2,18.8249,178642944,324727,43529277
2024-08-14 07:40:32,0,18.8249,178642944,324727,43529277
2024-08-14 07:40:37,0,18.8249,178642944,324727,43529277
2024-08-14 07:40:42,6.2,18.824,178634752,324955,43529353
2024-08-14 07:40:47,0,18.824,178634752,324955,43529353
2024-08-14 07:40:53,6,18.824,178634752,324955,43529353
2024-08-14 07:40:58,0,18.824,178634752,325045,43529429
2024-08-14 07:41:03,3.2,18.824,178634752,325045,43529429
2024-08-14 07:41:08,6.2,18.824,178634752,325045,43529429
2024-08-14 07:41:13,3.1,18.8508,178888704,325177,43529533
2024-08-14 07:41:19,3,18.8767,179134464,325219,43529561
2024-08-14 07:41:24,3.1,18.8767,179134464,325219,43529561
2024-08-14 07:41:29,3.2,18.8767,179134464,325723,43530001
2024-08-14 07:41:34,3.2,18.8767,179134464,325723,43530001
2024-08-14 07:41:39,6,18.8767,179134464,325723,43530001
2024-08-14 07:41:45,6.2,18.9306,179646464,328113,43532137
2024-08-14 07:41:50,0,18.9578,179904512,328113,43532137
2024-08-14 07:41:55,0,19.1205,181448704,328113,43532137
2024-08-14 07:42:00,3.2,19.2297,182484992,328203,43532213
2024-08-14 07:42:05,0,19.3385,183517184,328203,43532213
2024-08-14 07:42:10,0,19.3657,183775232,328245,43532241
2024-08-14 07:42:16,0,19.3657,183775232,328335,43532317
2024-08-14 07:42:21,3,19.3657,183775232,328377,43532345
2024-08-14 07:42:26,0,19.3657,183775232,328377,43532345
2024-08-14 07:42:31,3.2,19.3657,183775232,328647,43532573
2024-08-14 07:42:36,0,19.3653,183771136,328965,43532725
2024-08-14 07:42:42,0,19.3657,183775232,328965,43532725
2024-08-14 07:42:47,6.2,19.3657,183775232,328965,43532725
2024-08-14 07:42:52,0,19.3657,183775232,329055,43532801
2024-08-14 07:42:57,0,19.3657,183775232,329055,43532801
2024-08-14 07:43:02,0,19.3653,183771136,329055,43532801
2024-08-14 07:43:08,93.7,23.6819,224735232,349769,43555400
2024-08-14 07:43:13,3.1,23.9785,227549184,607579,43738744
2024-08-14 07:43:18,3,23.9785,227549184,607579,43738744
2024-08-14 07:43:23,3.2,23.9785,227549184,607669,43738820
2024-08-14 07:43:28,3.2,23.9785,227549184,607669,43738820
2024-08-14 07:43:33,3.1,24.0044,227794944,607669,43738820
2024-08-14 07:43:39,3.2,24.0039,227790848,608119,43739200
2024-08-14 07:43:44,3.2,24.0039,227790848,610419,43741260
2024-08-14 07:43:49,3,24.0022,227774464,610419,43741260
2024-08-14 07:43:54,0,24.0022,227774464,610509,43741336
2024-08-14 07:43:59,0,24.0022,227774464,610509,43741336
2024-08-14 07:44:05,0,24.0022,227774464,610551,43741364
2024-08-14 07:44:10,6,24.0022,227774464,610641,43741440
2024-08-14 07:44:15,0,24.0022,227774464,610749,43741532
2024-08-14 07:44:20,3.1,24.0022,227774464,610791,43741560
2024-08-14 07:44:25,3.2,24.0277,228016128,610881,43741636
2024-08-14 07:44:31,0,24.0277,228016128,610881,43741636
2024-08-14 07:44:36,3.1,24.0277,228016128,611019,43741636
2024-08-14 07:44:41,3.2,24.0277,228016128,611289,43741864
2024-08-14 07:44:46,3.1,24.0277,228016128,611469,43742016
2024-08-14 07:44:51,3.2,24.0277,228016128,611469,43742016
2024-08-14 07:44:56,3.2,24.0277,228016128,611511,43742044
2024-08-14 07:45:02,0,24.0277,228016128,611643,43742148
2024-08-14 07:45:07,0,24.0277,228016128,611643,43742148
2024-08-14 07:45:12,0,24.0277,228016128,611643,43742148
2024-08-14 07:45:17,0,24.0277,228016128,611733,43742224
2024-08-14 07:45:22,3.2,24.0277,228016128,611733,43742224
2024-08-14 07:45:28,0,24.0277,228016128,611733,43742224
2024-08-14 07:45:33,0,24.0277,228016128,611823,43742300
2024-08-14 07:45:38,0,24.0277,228016128,611823,43742300
2024-08-14 07:45:43,6,24.1628,229298176,614081,43744436
2024-08-14 07:45:48,3.2,24.1628,229298176,614483,43744768
2024-08-14 07:45:54,6,24.1628,229298176,614525,43744796
2024-08-14 07:45:59,0,24.1628,229298176,614525,43744796
2024-08-14 07:46:04,3.2,24.1628,229298176,614615,43744872
2024-08-14 07:46:09,3.1,24.1628,229298176,614615,43744872
2024-08-14 07:46:14,6.2,24.1628,229298176,614615,43744872
2024-08-14 07:46:20,0,24.1628,229298176,614705,43744948
2024-08-14 07:46:25,0,24.1623,229294080,614801,43745022
2024-08-14 07:46:30,0,24.1623,229294080,614939,43745022
2024-08-14 07:46:35,0,24.1623,229294080,615029,43745098
2024-08-14 07:46:40,0,24.1895,229552128,615029,43745098
2024-08-14 07:46:46,6.2,24.2439,230068224,615029,43745098
2024-08-14 07:46:51,3,24.3799,231358464,615341,43745354
2024-08-14 07:46:56,3.2,24.4886,232390656,615563,43745534
2024-08-14 07:47:01,0,24.4886,232390656,615563,43745534
2024-08-14 07:47:06,0,24.4886,232390656,615723,43745610
2024-08-14 07:47:11,3.2,24.4886,232390656,615723,43745610
2024-08-14 07:47:17,6.2,24.4886,232390656,615723,43745610
2024-08-14 07:47:22,0,24.5145,232636416,615813,43745686
2024-08-14 07:47:27,3.1,24.5145,232636416,615855,43745714
2024-08-14 07:47:32,0,24.5145,232636416,615855,43745714
2024-08-14 07:47:37,5.9,24.5145,232636416,615855,43745714
2024-08-14 07:47:43,0,24.5132,232624128,618179,43747850
2024-08-14 07:47:48,6.1,24.5132,232624128,618221,43747878
2024-08-14 07:47:53,2.9,24.5132,232624128,618311,43747954
2024-08-14 07:47:58,3.2,24.5132,232624128,618671,43748258
2024-08-14 07:48:03,3.1,24.5132,232624128,618671,43748258
2024-08-14 07:48:09,3.2,24.5132,232624128,618671,43748258
2024-08-14 07:48:14,0,24.5132,232624128,618815,43748380
2024-08-14 07:48:19,0,24.5132,232624128,618857,43748408
2024-08-14 07:48:24,3.1,24.5132,232624128,618995,43748408
2024-08-14 07:48:29,0,24.5132,232624128,619085,43748484
2024-08-14 07:48:34,3.1,24.5132,232624128,619085,43748484
2024-08-14 07:48:40,6.2,24.5132,232624128,619085,43748484
2024-08-14 07:48:45,0,24.5132,232624128,619217,43748588
2024-08-14 07:48:50,3.2,25.1283,238460928,649641,43938682
2024-08-14 07:48:55,0,25.1283,238460928,649641,43938682
2024-08-14 07:49:00,0,25.1279,238456832,649731,43938758
2024-08-14 07:49:06,6.1,25.1279,238456832,649731,43938758
2024-08-14 07:49:11,0,25.1538,238702592,649731,43938758
2024-08-14 07:49:16,3.1,25.1538,238702592,649875,43938880
2024-08-14 07:49:21,0,25.1538,238702592,649917,43938908
2024-08-14 07:49:26,3,19.7274,187207680,759066,43997081
2024-08-14 07:49:31,3.2,17.0194,161509376,759156,43997157
2024-08-14 07:49:37,3.2,17.0725,162013184,759156,43997157
2024-08-14 07:49:42,3.1,17.1269,162529280,759198,43997185
2024-08-14 07:49:47,6.1,17.2084,163303424,759198,43997185
2024-08-14 07:49:52,3.2,17.3988,165109760,759288,43997261
2024-08-14 07:49:57,3.1,17.5334,166387712,759330,43997289
2024-08-14 07:50:03,0,17.5334,166387712,759420,43997365
2024-08-14 07:50:08,3,17.5334,166387712,759780,43997669
2024-08-14 07:50:13,5.9,17.5334,166387712,759780,43997669
2024-08-14 07:50:18,0,17.5334,166387712,759918,43997669
2024-08-14 07:50:23,0,17.5334,166387712,760008,43997745
2024-08-14 07:50:28,3.1,17.5334,166387712,760050,43997773
2024-08-14 07:50:34,0,17.6966,167936000,760050,43997773
2024-08-14 07:50:39,0,17.8036,168951808,760182,43997877
2024-08-14 07:50:44,3,17.9897,170717184,762218,43999937
2024-08-14 07:50:49,3.1,17.9897,170717184,762218,43999937
2024-08-14 07:50:54,3.2,17.9897,170717184,762308,44000013
2024-08-14 07:51:00,0,17.9897,170717184,762308,44000013
2024-08-14 07:51:05,3,17.9897,170717184,762308,44000013
2024-08-14 07:51:10,0,18.0441,171233280,762398,44000089
2024-08-14 07:51:15,0,18.0441,171233280,762398,44000089
2024-08-14 07:51:20,3.1,18.0441,171233280,762452,44000135
2024-08-14 07:51:26,0,18.0441,171233280,762584,44000239
2024-08-14 07:51:31,3.1,18.0441,171233280,762626,44000267
2024-08-14 07:51:36,3.2,18.0441,171233280,762626,44000267
2024-08-14 07:51:41,0,18.0441,171233280,762716,44000343
2024-08-14 07:51:46,0,18.0441,171233280,762716,44000343
2024-08-14 07:51:51,3.2,18.0441,171233280,762716,44000343
2024-08-14 07:51:57,0,18.0441,171233280,762716,44000343
2024-08-14 07:52:02,0,18.0441,171233280,762848,44000447
2024-08-14 07:52:07,0,18.0441,171233280,763040,44000493
2024-08-14 07:52:12,0,18.0441,171233280,763130,44000569
2024-08-14 07:52:17,0,18.0436,171229184,763490,44000873
2024-08-14 07:52:23,3.1,18.0436,171229184,763490,44000873
2024-08-14 07:52:28,3.2,18.0436,171229184,763532,44000901
2024-08-14 07:52:33,3.2,18.0436,171229184,763622,44000977
2024-08-14 07:52:38,3.2,18.0976,171741184,763622,44000977
