2024-08-14 07:38:51,17.7,17.5185,166240256,190396,31510906
2024-08-14 07:38:57,0,18.0391,171180032,317171,45997914
2024-08-14 07:39:02,3.1,18.1465,172199936,317303,45998018
2024-08-14 07:39:07,0,18.2281,172974080,317303,45998018
2024-08-14 07:39:12,3.1,18.4444,175026176,317303,45998018
2024-08-14 07:39:17,3.2,18.4716,175284224,317393,45998094
2024-08-14 07:39:23,3.1,18.4716,175284224,317393,45998094
2024-08-14 07:39:28,3.1,18.4716,175284224,317393,45998094
2024-08-14 07:39:33,6,18.4716,175284224,317483,45998170
2024-08-14 07:39:38,0,18.4716,175284224,317621,45998170
2024-08-14 07:39:43,3.2,18.4716,175284224,317711,45998246
2024-08-14 07:39:49,3.1,18.4711,175280128,318113,45998578
2024-08-14 07:39:54,0,18.4711,175280128,318113,45998578
2024-08-14 07:39:59,6,18.4711,175280128,318155,45998606
2024-08-14 07:40:04,2.9,18.5523,176050176,320281,46000742
2024-08-14 07:40:09,3.1,18.5523,176050176,320335,46000788
2024-08-14 07:40:15,6.1,18.5523,176050176,320335,46000788
2024-08-14 07:40:20,0,18.5523,176050176,320425,46000864
2024-08-14 07:40:25,3.1,18.5523,176050176,320425,46000864
2024-08-14 07:40:30,2.8,18.5523,176050176,320425,46000864
2024-08-14 07:40:35,0,18.5523,176050176,320515,46000940
2024-08-14 07:40:41,6.2,18.6304,176791552,320585,46000940
2024-08-14 07:40:46,0,18.6576,177049600,320585,46000940
2024-08-14 07:40:51,3.1,18.6589,177061888,321035,46001320
2024-08-14 07:40:56,5.8,18.6861,177319936,321173,46001422
2024-08-14 07:41:01,3,18.7077,177524736,321227,46001468
2024-08-14 07:41:07,3.1,18.7077,177524736,321227,46001514
2024-08-14 07:41:12,0,18.7077,177524736,321317,46001590
2024-08-14 07:41:17,3.2,18.7077,177524736,321317,46001590
2024-08-14 07:41:22,3.2,18.7077,177524736,321317,46001590
2024-08-14 07:41:27,0,18.7077,177524736,321407,46001666
2024-08-14 07:41:33,0,18.7077,177524736,321407,46001666
2024-08-14 07:41:38,3.2,18.7077,177524736,321599,46001712
2024-08-14 07:41:43,3.1,18.7077,177524736,321743,46001834
2024-08-14 07:41:48,0,18.7077,177524736,321827,46001890
2024-08-14 07:41:53,3.1,18.7077,177524736,321917,46001966
2024-08-14 07:41:58,0,18.7077,177524736,322277,46002270
2024-08-14 07:42:04,3.2,18.7077,177524736,324445,46004330
2024-08-14 07:42:09,0,18.7077,177524736,324445,46004330
2024-08-14 07:42:14,0,18.7072,177520640,324535,46004406
2024-08-14 07:42:19,0,18.7072,177520640,324535,46004406
2024-08-14 07:42:24,3.2,18.7884,178290688,324535,46004406
2024-08-14 07:42:30,3.1,18.9503,179826688,324625,46004482
2024-08-14 07:42:35,0,18.9503,179826688,324625,46004482
2024-08-14 07:42:40,0,18.9503,179826688,324679,46004528
2024-08-14 07:42:45,0,18.9779,180088832,324811,46004632
2024-08-14 07:42:50,0,18.9779,180088832,324853,46004660
2024-08-14 07:42:56,6.2,18.9779,180088832,324853,46004660
2024-08-14 07:43:01,0,19.0051,180346880,325303,46005040
2024-08-14 07:43:06,0,19.0051,180346880,325303,46005040
2024-08-14 07:43:11,3.2,19.0051,180346880,325303,46005040
2024-08-14 07:43:16,0,19.0051,180346880,325393,46005116
2024-08-14 07:43:21,6.2,23.934,227119104,373302,46037889
2024-08-14 07:43:27,19.4,23.959,227356672,416902,46067606
2024-08-14 07:43:32,65.6,23.9862,227614720,511270,46128786
2024-08-14 07:43:37,6.2,23.997,227717120,580535,46190056
2024-08-14 07:43:42,0,23.9987,227733504,602691,46215157
2024-08-14 07:43:47,0,23.9978,227725312,605948,46222206
2024-08-14 07:43:53,3,23.9978,227725312,606056,46222298
2024-08-14 07:43:58,0,23.9978,227725312,606056,46222298
2024-08-14 07:44:03,3.2,24.0121,227860480,608182,46224434
2024-08-14 07:44:08,6,24.0117,227856384,608542,46224738
2024-08-14 07:44:13,3.2,24.0117,227856384,608542,46224738
2024-08-14 07:44:19,0,24.0117,227856384,608542,46224738
2024-08-14 07:44:24,0,24.0117,227856384,608632,46224814
2024-08-14 07:44:29,3.2,24.0117,227856384,608632,46224814
2024-08-14 07:44:34,0,24.0117,227856384,608632,46224814
2024-08-14 07:44:39,3,24.0117,227856384,608764,46224918
2024-08-14 07:44:45,3.2,24.0117,227856384,608806,46224946
2024-08-14 07:44:50,6,24.0117,227856384,608806,46224946
2024-08-14 07:44:55,3.1,24.0104,227844096,608896,46225022
2024-08-14 07:45:00,6.1,24.0095,227835904,608896,46225022
2024-08-14 07:45:05,0,24.0091,227831808,608896,46225022
2024-08-14 07:45:11,0,24.0091,227831808,609346,46225402
2024-08-14 07:45:16,3.2,24.0091,227831808,609388,46225430
2024-08-14 07:45:21,0,24.0091,227831808,609388,46225430
2024-08-14 07:45:26,3,24.0091,227831808,609616,46225506
2024-08-14 07:45:31,0,24.0091,227831808,609616,46225506
2024-08-14 07:45:37,3,24.0091,227831808,609658,46225534
2024-08-14 07:45:42,3,24.0091,227831808,609748,46225610
2024-08-14 07:45:47,0,24.0082,227823616,609790,46225638
2024-08-14 07:45:52,6.2,24.0082,227823616,609790,46225638
2024-08-14 07:45:57,0,24.0082,227823616,609790,46225638
2024-08-14 07:46:02,0,24.1165,228851712,612114,46227774
2024-08-14 07:46:08,3.2,24.1165,228851712,612114,46227774
2024-08-14 07:46:13,6.2,24.2253,229883904,612294,46227926
2024-08-14 07:46:18,0,24.2797,230400000,612564,46228154
2024-08-14 07:46:23,2.9,24.2797,230400000,612564,46228154
2024-08-14 07:46:28,0,24.2797,230400000,612618,46228200
2024-08-14 07:46:34,3.1,24.2797,230400000,612792,46228332
2024-08-14 07:46:39,0,24.2797,230400000,612846,46228378
2024-08-14 07:46:44,3.2,24.2797,230400000,612846,46228378
2024-08-14 07:46:49,0,24.2797,230400000,612936,46228454
2024-08-14 07:46:54,6,24.2797,230400000,612936,46228454
2024-08-14 07:47:00,3,24.2797,230400000,612936,46228454
2024-08-14 07:47:05,3.1,24.278,230383616,613026,46228530
2024-08-14 07:47:10,6.1,24.3039,230629376,613122,46228604
2024-08-14 07:47:15,0,24.3039,230629376,613260,46228604
2024-08-14 07:47:20,0,24.3039,230629376,613710,46228984
2024-08-14 07:47:25,3,24.3039,230629376,613710,46228984
2024-08-14 07:47:31,0,24.3039,230629376,613752,46229012
2024-08-14 07:47:36,0,24.3039,230629376,613842,46229088
2024-08-14 07:47:41,0,24.3039,230629376,613884,46229116
2024-08-14 07:47:46,2.9,24.3039,230629376,613884,46229116
2024-08-14 07:47:51,6,24.3039,230629376,613974,46229192
2024-08-14 07:47:57,3.1,24.3039,230629376,613974,46229192
2024-08-14 07:48:02,0,24.3039,230629376,616142,46231252
2024-08-14 07:48:07,3,24.3034,230625280,616232,46231328
2024-08-14 07:48:12,0,24.3034,230625280,616232,46231328
2024-08-14 07:48:17,3.1,24.3034,230625280,616232,46231328
2024-08-14 07:48:23,0,24.3034,230625280,616454,46231508
2024-08-14 07:48:28,0,24.303,230621184,616724,46231736
2024-08-14 07:48:33,3,24.303,230621184,616724,46231736
2024-08-14 07:48:38,0,24.303,230621184,616724,46231736
2024-08-14 07:48:43,3.2,24.303,230621184,616814,46231812
2024-08-14 07:48:49,3.2,24.303,230621184,616856,46231840
2024-08-14 07:48:54,3,24.303,230621184,616856,46231840
2024-08-14 07:48:59,0,24.303,230621184,616946,46231916
2024-08-14 07:49:04,3.1,24.8089,235421696,648365,46421958
2024-08-14 07:49:09,6,24.8089,235421696,648365,46421958
2024-08-14 07:49:15,3.2,24.8089,235421696,648455,46422034
2024-08-14 07:49:20,3.2,24.8089,235421696,648497,46422062
2024-08-14 07:49:25,5.9,24.8089,235421696,648497,46422062
2024-08-14 07:49:30,0,24.8085,235417600,648677,46422214
2024-08-14 07:49:35,0,25.1076,238256128,671093,46425968
2024-08-14 07:49:41,11.7,25.2436,239546368,682305,46433032
2024-08-14 07:49:46,3.1,25.2436,239546368,685040,46434909
2024-08-14 07:49:51,6.1,25.2436,239546368,695058,46442094
2024-08-14 07:49:56,3.2,25.2418,239529984,695960,46442927
2024-08-14 07:50:01,3,25.2522,239628288,726808,46463828
2024-08-14 07:50:07,6.5,25.2492,239599616,756779,46479496
2024-08-14 07:50:12,0,19.3314,183443456,772639,46494383
2024-08-14 07:50:17,0,16.8167,159580160,772837,46494539
2024-08-14 07:50:22,3.1,16.8698,160083968,772837,46494539
2024-08-14 07:50:27,3.1,16.8969,160342016,772837,46494539
2024-08-14 07:50:33,0,17.0601,161890304,773017,46494691
2024-08-14 07:50:38,3.1,17.0601,161890304,773287,46494919
2024-08-14 07:50:43,3.2,17.0601,161890304,773287,46494919
2024-08-14 07:50:48,3.1,17.0873,162148352,773287,46494919
2024-08-14 07:50:53,0,17.0873,162148352,773515,46494995
2024-08-14 07:50:59,2.9,17.0873,162148352,773557,46495023
2024-08-14 07:51:04,6.2,17.1961,163180544,773611,46495069
2024-08-14 07:51:09,0,17.3864,164986880,773701,46495145
2024-08-14 07:51:14,5.8,17.4136,165244928,773743,46495173
2024-08-14 07:51:19,6,17.4132,165240832,773743,46495173
2024-08-14 07:51:25,0,17.4132,165240832,773833,46495249
2024-08-14 07:51:30,3.2,17.4132,165240832,773875,46495277
2024-08-14 07:51:35,0,17.4132,165240832,773875,46495277
2024-08-14 07:51:40,3.1,17.4132,165240832,774055,46495429
2024-08-14 07:51:45,3.2,17.4132,165240832,774055,46495429
2024-08-14 07:51:50,0,17.4132,165240832,774055,46495429
2024-08-14 07:51:56,0,17.4132,165240832,774145,46495505
2024-08-14 07:52:01,0,17.6247,167247872,776181,46497565
2024-08-14 07:52:06,0,17.6247,167247872,776223,46497593
2024-08-14 07:52:11,3.2,17.6247,167247872,776355,46497697
2024-08-14 07:52:16,0,17.6247,167247872,776355,46497697
2024-08-14 07:52:22,3.1,17.6247,167247872,776651,46497817
2024-08-14 07:52:27,5.9,17.6247,167247872,776815,46497893
2024-08-14 07:52:32,3,17.6247,167247872,776815,46497893
2024-08-14 07:52:37,3.1,17.6247,167247872,776889,46497893
2024-08-14 07:52:42,3,17.6243,167243776,777201,46498149
2024-08-14 07:52:48,0,17.6515,167501824,777519,46498301
2024-08-14 07:52:53,0,17.7317,168263680,777593,46498301
2024-08-14 07:52:58,0,17.7589,168521728,777593,46498301
2024-08-14 07:53:03,3.1,17.8401,169291776,777683,46498377
2024-08-14 07:53:08,3.2,17.976,170582016,777725,46498405
2024-08-14 07:53:13,0,18.0032,170840064,777725,46498405
