2024-08-14 07:42:23,17.7,17.54,166445056,180866,29340047
2024-08-14 07:42:28,0,18.7154,177598464,330321,45180287
2024-08-14 07:42:34,0,18.7697,178114560,330321,45180287
2024-08-14 07:42:39,0,18.7969,178372608,330321,45180287
2024-08-14 07:42:44,6.2,18.7969,178372608,330321,45180287
2024-08-14 07:42:49,3.2,18.7969,178372608,330411,45180363
2024-08-14 07:42:54,0,18.7969,178372608,330411,45180363
2024-08-14 07:42:59,0,18.8241,178630656,330681,45180591
2024-08-14 07:43:05,0,18.8513,178888704,330957,45180817
2024-08-14 07:43:10,0,18.8513,178888704,330957,45180817
2024-08-14 07:43:15,6.2,18.8513,178888704,331173,45180891
2024-08-14 07:43:20,3.2,18.8513,178888704,331321,45180967
2024-08-14 07:43:25,3.2,18.8785,179146752,331321,45180967
2024-08-14 07:43:30,3.1,22.9627,217903104,338663,45188763
2024-08-14 07:43:36,6.7,24.1031,228724736,386716,45218042
2024-08-14 07:43:41,16.1,24.1031,228724736,420585,45241935
2024-08-14 07:43:46,10.3,24.1013,228708352,497039,45282523
2024-08-14 07:43:51,6.2,24.1544,229212160,559476,45329405
2024-08-14 07:43:56,0,24.195,229597184,610171,45400985
2024-08-14 07:44:02,0,24.2494,230113280,610171,45400985
2024-08-14 07:44:07,6.1,24.302,230612992,610675,45401411
2024-08-14 07:44:12,0,24.3012,230604800,610771,45401485
2024-08-14 07:44:17,0,24.3012,230604800,610771,45401485
2024-08-14 07:44:22,0,24.3007,230600704,612897,45403621
2024-08-14 07:44:27,0,24.3007,230600704,612939,45403649
2024-08-14 07:44:33,0,24.3007,230600704,612939,45403649
2024-08-14 07:44:38,3.2,24.3279,230858752,613029,45403725
2024-08-14 07:44:43,3,24.3823,231374848,613029,45403725
2024-08-14 07:44:48,3.1,24.3823,231374848,613029,45403725
2024-08-14 07:44:53,0,24.3823,231374848,613029,45403725
2024-08-14 07:44:59,0,24.3823,231374848,613161,45403829
2024-08-14 07:45:04,0,24.3823,231374848,613161,45403829
2024-08-14 07:45:09,0,24.3823,231374848,613383,45404009
2024-08-14 07:45:14,6.2,24.3823,231374848,613653,45404237
2024-08-14 07:45:19,3.2,24.3802,231354368,613653,45404237
2024-08-14 07:45:24,3.2,24.3802,231354368,613653,45404237
2024-08-14 07:45:30,3.2,24.4069,231608320,613881,45404313
2024-08-14 07:45:35,3.2,24.4069,231608320,613923,45404341
2024-08-14 07:45:40,0,24.4069,231608320,613923,45404341
2024-08-14 07:45:45,0,24.4069,231608320,614013,45404417
2024-08-14 07:45:50,0,24.4069,231608320,614013,45404417
2024-08-14 07:45:56,6.2,24.4069,231608320,614013,45404417
2024-08-14 07:46:01,3.2,24.4069,231608320,614103,45404493
2024-08-14 07:46:06,3.1,24.4069,231608320,614187,45404549
2024-08-14 07:46:11,3.2,24.4069,231608320,614187,45404549
2024-08-14 07:46:16,3,24.4069,231608320,614637,45404929
2024-08-14 07:46:21,3.1,24.4311,231837696,616673,45406989
2024-08-14 07:46:27,0,24.4311,231837696,616673,45406989
2024-08-14 07:46:32,0,24.4311,231837696,616871,45407185
2024-08-14 07:46:37,0,24.4311,231837696,616871,45407185
2024-08-14 07:46:42,0,24.4311,231837696,616871,45407185
2024-08-14 07:46:47,6,24.4311,231837696,616961,45407261
2024-08-14 07:46:52,3.1,24.4311,231837696,617003,45407289
2024-08-14 07:46:58,0,24.4311,231837696,617045,45407317
2024-08-14 07:47:03,3.1,24.4311,231837696,617135,45407393
2024-08-14 07:47:08,0,24.4311,231837696,617135,45407393
2024-08-14 07:47:13,0,24.4583,232095744,617135,45407393
2024-08-14 07:47:18,0,24.5399,232869888,617405,45407621
2024-08-14 07:47:24,0,24.5399,232869888,617723,45407773
2024-08-14 07:47:29,0,24.5399,232869888,617765,45407801
2024-08-14 07:47:34,0,24.5299,232775680,617765,45407801
2024-08-14 07:47:39,6.2,24.5299,232775680,617855,45407877
2024-08-14 07:47:44,6.2,24.5299,232775680,617855,45407877
2024-08-14 07:47:49,3.1,24.5299,232775680,617855,45407877
2024-08-14 07:47:55,3.2,24.5299,232775680,617987,45407981
2024-08-14 07:48:00,3.2,24.5299,232775680,617987,45407981
2024-08-14 07:48:05,3.1,24.5299,232775680,617987,45407981
2024-08-14 07:48:10,3.1,24.5295,232771584,618077,45408057
2024-08-14 07:48:15,0,24.5287,232763392,618119,45408085
2024-08-14 07:48:21,0,24.5269,232747008,620155,45410145
2024-08-14 07:48:26,0,24.5269,232747008,620605,45410525
2024-08-14 07:48:31,0,24.5261,232738816,620605,45410525
2024-08-14 07:48:36,0,24.5256,232734720,620605,45410525
2024-08-14 07:48:41,0,24.5511,232976384,620695,45410601
2024-08-14 07:48:46,0,24.5511,232976384,620695,45410601
2024-08-14 07:48:52,0,24.5502,232968192,620737,45410629
2024-08-14 07:48:57,0,24.5502,232968192,620827,45410705
2024-08-14 07:49:02,0,24.5502,232968192,620869,45410733
2024-08-14 07:49:07,0,24.5502,232968192,620869,45410733
2024-08-14 07:49:12,0,25.3013,240095232,651722,45600920
2024-08-14 07:49:17,0,25.3013,240095232,651860,45600920
2024-08-14 07:49:23,0,25.3013,240095232,651860,45600920
2024-08-14 07:49:28,0,25.3009,240091136,652130,45601148
2024-08-14 07:49:33,0,25.3009,240091136,652220,45601224
2024-08-14 07:49:38,0,25.3009,240091136,652220,45601224
2024-08-14 07:49:43,0,25.4912,241897472,674704,45604977
2024-08-14 07:49:49,3.1,25.6,242929664,674836,45605081
2024-08-14 07:49:54,0,25.6,242929664,687396,45613061
2024-08-14 07:49:59,6.5,25.5965,242896896,699549,45623503
2024-08-14 07:50:04,13.3,25.5827,242765824,727307,45638701
2024-08-14 07:50:09,3.3,25.5775,242716672,753123,45654443
2024-08-14 07:50:14,0,17.2089,163303424,761769,45664614
2024-08-14 07:50:20,6.2,17.2094,163307520,761859,45664690
2024-08-14 07:50:25,3.2,17.2638,163823616,761859,45664690
2024-08-14 07:50:30,6.2,17.4002,165117952,761859,45664690
2024-08-14 07:50:35,3.1,17.5633,166666240,762309,45665070
2024-08-14 07:50:40,3.2,17.8348,169242624,762309,45665070
2024-08-14 07:50:46,3.2,18.1055,171810816,762351,45665098
2024-08-14 07:50:51,3.2,18.2414,173101056,762441,45665174
2024-08-14 07:50:56,3.2,18.2414,173101056,762483,45665202
2024-08-14 07:51:01,0,18.2414,173101056,762483,45665202
2024-08-14 07:51:06,0,18.2414,173101056,762573,45665278
2024-08-14 07:51:11,0,18.2414,173101056,762573,45665278
2024-08-14 07:51:17,0,18.2414,173101056,762711,45665278
2024-08-14 07:51:22,0,18.241,173096960,764969,45667414
2024-08-14 07:51:27,6,18.241,173096960,764969,45667414
2024-08-14 07:51:32,6.2,18.241,173096960,764969,45667414
2024-08-14 07:51:37,3.2,18.241,173096960,765239,45667642
2024-08-14 07:51:43,3.2,18.2406,173092864,765371,45667746
2024-08-14 07:51:48,3.1,18.2406,173092864,765371,45667746
2024-08-14 07:51:53,3.2,18.2406,173092864,765461,45667822
2024-08-14 07:51:58,3.1,18.2406,173092864,765503,45667850
2024-08-14 07:52:03,0,18.2406,173092864,765503,45667850
2024-08-14 07:52:08,0,18.2406,173092864,765503,45667850
2024-08-14 07:52:14,0,18.2937,173596672,765593,45667926
2024-08-14 07:52:19,0,18.3748,174366720,765593,45667926
2024-08-14 07:52:24,0,18.4292,174882816,765593,45667926
2024-08-14 07:52:29,0,18.4292,174882816,765683,45668002
2024-08-14 07:52:34,0,18.4292,174882816,765683,45668002
2024-08-14 07:52:40,0,18.4292,174882816,765725,45668030
2024-08-14 07:52:45,6.1,18.4292,174882816,766085,45668334
2024-08-14 07:52:50,3.2,18.4292,174882816,766127,45668362
2024-08-14 07:52:55,3.2,18.4836,175398912,766127,45668362
2024-08-14 07:53:00,3.2,18.5923,176431104,766217,45668438
2024-08-14 07:53:05,3.2,18.6195,176689152,766355,45668438
2024-08-14 07:53:11,0,18.6739,177205248,766355,45668438
2024-08-14 07:53:16,0,18.7283,177721344,766445,45668514
2024-08-14 07:53:21,0,18.9459,179785728,768745,45670574
2024-08-14 07:53:26,0,18.9459,179785728,768745,45670574
2024-08-14 07:53:31,0,18.9459,179785728,768835,45670650
2024-08-14 07:53:36,0,18.9459,179785728,768877,45670678
2024-08-14 07:53:42,3.1,18.9459,179785728,768877,45670678
2024-08-14 07:53:47,3.2,18.9459,179785728,769147,45670906
2024-08-14 07:53:52,0,18.9459,179785728,769279,45671010
