2024-08-14 07:41:00,15.2,17.4736,165814272,199014,29148400
2024-08-14 07:41:06,3.1,18.0011,170819584,278913,46011052
2024-08-14 07:41:11,0,18.0011,170819584,278913,46011052
2024-08-14 07:41:16,3.1,18.0011,170819584,278913,46011052
2024-08-14 07:41:21,3.1,18.0011,170819584,279003,46011128
2024-08-14 07:41:26,3.1,18.027,171065344,279003,46011128
2024-08-14 07:41:31,3.2,18.0542,171323392,279003,46011128
2024-08-14 07:41:37,3.1,18.0814,171581440,279273,46011232
2024-08-14 07:41:42,3.2,18.1358,172097536,279273,46011232
2024-08-14 07:41:47,3.1,18.1612,172339200,279273,46011232
2024-08-14 07:41:52,0,18.1612,172339200,279723,46011612
2024-08-14 07:41:57,3.2,18.2156,172855296,279765,46011640
2024-08-14 07:42:03,0,18.3239,173883392,279765,46011640
2024-08-14 07:42:08,0,18.4055,174657536,279855,46011716
2024-08-14 07:42:13,5.8,18.4055,174657536,279855,46011716
2024-08-14 07:42:18,0,18.4055,174657536,279855,46011716
2024-08-14 07:42:23,6,18.4055,174657536,279855,46011716
2024-08-14 07:42:29,3.1,18.4055,174657536,279945,46011792
2024-08-14 07:42:34,3.1,18.4073,174673920,282155,46013879
2024-08-14 07:42:39,3,18.4073,174673920,282213,46013925
2024-08-14 07:42:44,3,18.4073,174673920,282419,46014001
2024-08-14 07:42:49,0,18.4055,174657536,282477,46014001
2024-08-14 07:42:55,3,18.4055,174657536,282625,46014077
2024-08-14 07:43:00,3.1,18.4327,174915584,282985,46014381
2024-08-14 07:43:05,0,18.5687,176205824,282985,46014381
2024-08-14 07:43:10,6.1,18.6775,177238016,282985,46014381
2024-08-14 07:43:15,0,18.6775,177238016,283133,46014457
2024-08-14 07:43:21,3.1,18.6775,177238016,283175,46014485
2024-08-14 07:43:26,9.1,22.7612,215990272,287128,46017702
2024-08-14 07:43:31,0,24.3043,230633472,345628,46057253
2024-08-14 07:43:36,12.5,24.3293,230871040,373334,46076462
2024-08-14 07:43:41,58.8,24.3552,231116800,412919,46097127
2024-08-14 07:43:47,3.2,24.3587,231149568,525329,46184575
2024-08-14 07:43:52,6,24.3898,231444480,550279,46212074
2024-08-14 07:43:57,0,24.3932,231477248,565451,46234756
2024-08-14 07:44:02,0,24.3932,231477248,565901,46235136
2024-08-14 07:44:07,3.2,24.4196,231727104,565955,46235182
2024-08-14 07:44:13,3.2,24.4467,231985152,565955,46235182
2024-08-14 07:44:18,0,24.4467,231985152,566045,46235258
2024-08-14 07:44:23,5.6,24.4467,231985152,566087,46235286
2024-08-14 07:44:28,6.1,24.4467,231985152,566087,46235286
2024-08-14 07:44:33,3.1,24.4709,232214528,568411,46237421
2024-08-14 07:44:39,3,24.4709,232214528,568411,46237421
2024-08-14 07:44:44,3,24.4709,232214528,568411,46237421
2024-08-14 07:44:49,3,24.4709,232214528,568411,46237421
2024-08-14 07:44:54,0,24.4692,232198144,568501,46237497
2024-08-14 07:44:59,3.1,24.4692,232198144,568501,46237497
2024-08-14 07:45:04,0,24.4994,232484864,568681,46237649
2024-08-14 07:45:10,3,24.5538,233000960,568993,46237905
2024-08-14 07:45:15,0,24.6082,233517056,568993,46237905
2024-08-14 07:45:20,6.1,24.6082,233517056,569173,46237933
2024-08-14 07:45:25,5.9,24.6082,233517056,569263,46238009
2024-08-14 07:45:30,0,24.6082,233517056,569263,46238009
2024-08-14 07:45:36,0,24.6082,233517056,569263,46238009
2024-08-14 07:45:41,3.2,24.6082,233517056,569353,46238085
2024-08-14 07:45:46,3.1,24.6082,233517056,569353,46238085
2024-08-14 07:45:51,6.2,24.6082,233517056,569353,46238085
2024-08-14 07:45:56,0,24.6082,233517056,569443,46238161
2024-08-14 07:46:02,3,24.6082,233517056,569485,46238189
2024-08-14 07:46:07,5.8,24.6008,233447424,569485,46238189
2024-08-14 07:46:12,6.1,24.5983,233422848,569935,46238569
2024-08-14 07:46:17,3.1,24.5983,233422848,569977,46238597
2024-08-14 07:46:22,3.1,24.5983,233422848,570031,46238689
2024-08-14 07:46:28,0,24.5983,233422848,570121,46238765
2024-08-14 07:46:33,3.2,24.5965,233406464,572223,46240824
2024-08-14 07:46:38,0,24.5965,233406464,572223,46240824
2024-08-14 07:46:43,0,24.5965,233406464,572367,46240960
2024-08-14 07:46:48,3.1,24.5965,233406464,572367,46240960
2024-08-14 07:46:54,3.1,24.5965,233406464,572367,46240960
2024-08-14 07:46:59,0,24.5965,233406464,572367,46241036
2024-08-14 07:47:04,3.1,24.5948,233390080,572457,46241036
2024-08-14 07:47:09,6,24.5948,233390080,572457,46241036
2024-08-14 07:47:14,3.1,24.5944,233385984,572817,46241216
2024-08-14 07:47:20,3.2,24.5944,233385984,573129,46241472
2024-08-14 07:47:25,3.1,24.5944,233385984,573129,46241472
2024-08-14 07:47:30,3.1,24.5944,233385984,573129,46241472
2024-08-14 07:47:35,3,24.6185,233615360,573219,46241548
2024-08-14 07:47:40,3.1,24.6185,233615360,573219,46241548
2024-08-14 07:47:46,6,24.6185,233615360,573219,46241548
2024-08-14 07:47:51,0,24.6185,233615360,573309,46241624
2024-08-14 07:47:56,0,24.6185,233615360,573363,46241670
2024-08-14 07:48:01,3,24.6185,233615360,573405,46241698
2024-08-14 07:48:06,0,24.6177,233607168,573495,46241774
2024-08-14 07:48:12,3,24.6168,233598976,573537,46241802
2024-08-14 07:48:17,0,24.6159,233590784,573627,46241878
2024-08-14 07:48:22,3.2,24.6159,233590784,573987,46242182
2024-08-14 07:48:27,0,24.6159,233590784,573987,46242182
2024-08-14 07:48:32,0,24.6155,233586688,576077,46244287
2024-08-14 07:48:37,3,24.6155,233586688,576167,46244363
2024-08-14 07:48:43,5.9,24.6155,233586688,576167,46244363
2024-08-14 07:48:48,0,24.6155,233586688,576167,46244363
2024-08-14 07:48:53,3.2,24.6155,233586688,576323,46244491
2024-08-14 07:48:58,0,24.6427,233844736,576509,46244537
2024-08-14 07:49:03,3,24.7515,234876928,576617,46244565
2024-08-14 07:49:09,0,25.6385,243294208,607585,46434733
2024-08-14 07:49:14,0,25.6385,243294208,607723,46434733
2024-08-14 07:49:19,0,25.6385,243294208,607723,46434733
2024-08-14 07:49:24,0,25.6385,243294208,607883,46434809
2024-08-14 07:49:29,3.1,25.6385,243294208,607949,46434809
2024-08-14 07:49:35,3,25.6385,243294208,607949,46434809
2024-08-14 07:49:40,3,25.7201,244068352,630362,46438561
2024-08-14 07:49:45,3.1,25.774,244580352,630452,46438637
2024-08-14 07:49:50,3.1,25.8012,244838400,642947,46446565
2024-08-14 07:49:55,3.1,25.8012,244838400,642947,46446565
2024-08-14 07:50:01,6.1,25.8962,245739520,667377,46464397
2024-08-14 07:50:06,11.7,25.8914,245694464,699205,46481528
2024-08-14 07:50:11,0,25.8889,245669888,712272,46490370
2024-08-14 07:50:16,0,16.9992,161312768,717448,46497834
2024-08-14 07:50:21,0,16.9992,161312768,717448,46497834
2024-08-14 07:50:27,3.1,17.0251,161558528,717538,46497910
2024-08-14 07:50:32,0,17.0795,162074624,717898,46498214
2024-08-14 07:50:37,3.2,17.1067,162332672,717898,46498214
2024-08-14 07:50:42,3.2,17.1611,162848768,717952,46498260
2024-08-14 07:50:47,3.1,17.1611,162848768,718042,46498336
2024-08-14 07:50:53,0,17.1611,162848768,718084,46498364
2024-08-14 07:50:58,0,17.1883,163106816,718126,46498392
2024-08-14 07:51:03,6.2,17.2699,163880960,718216,46498468
2024-08-14 07:51:08,0,17.2971,164139008,718354,46498468
2024-08-14 07:51:13,3.1,17.2971,164139008,718408,46498514
2024-08-14 07:51:19,3.1,17.433,165429248,718498,46498590
2024-08-14 07:51:24,0,17.5962,166977536,718498,46498590
2024-08-14 07:51:29,0,17.6234,167235584,718498,46498590
2024-08-14 07:51:34,0,17.8107,169013248,720600,46500649
2024-08-14 07:51:39,0,17.8107,169013248,720690,46500725
2024-08-14 07:51:45,0,17.8107,169013248,720690,46500725
2024-08-14 07:51:50,3.1,17.8107,169013248,720690,46500725
2024-08-14 07:51:55,0,17.8107,169013248,720822,46500829
2024-08-14 07:52:00,3,17.8107,169013248,720822,46500829
2024-08-14 07:52:05,5.9,17.8107,169013248,720822,46500829
2024-08-14 07:52:11,0,17.8923,169787392,720912,46500905
2024-08-14 07:52:16,3.1,17.9467,170303488,720954,46500933
2024-08-14 07:52:21,3.1,17.9739,170561536,720954,46500933
2024-08-14 07:52:26,0,17.9739,170561536,721044,46501009
2024-08-14 07:52:31,5.8,17.9739,170561536,721044,46501009
2024-08-14 07:52:37,6.1,17.9739,170561536,721134,46501085
2024-08-14 07:52:42,6.2,17.9735,170557440,721494,46501389
2024-08-14 07:52:47,3.2,17.9994,170803200,721494,46501389
2024-08-14 07:52:52,3.2,17.9994,170803200,721536,46501417
2024-08-14 07:52:57,0,18.0537,171319296,721764,46501493
2024-08-14 07:53:03,3,18.0537,171319296,721860,46501567
2024-08-14 07:53:08,3.1,18.0537,171319296,721860,46501567
2024-08-14 07:53:13,3.1,18.0537,171319296,721950,46501643
2024-08-14 07:53:18,0,18.0537,171319296,721950,46501643
2024-08-14 07:53:23,3.1,18.0537,171319296,721950,46501643
2024-08-14 07:53:29,0,18.0533,171315200,722040,46501719
2024-08-14 07:53:34,3.1,18.0533,171315200,724142,46503778
2024-08-14 07:53:39,0,18.1077,171831296,724142,46503778
2024-08-14 07:53:44,3.1,18.1349,172089344,724232,46503854
2024-08-14 07:53:49,0,18.1349,172089344,724274,46503882
2024-08-14 07:53:55,0,18.216,172859392,724274,46503882
