2024-08-14 07:34:19,9.3,18.0229,171032576,177981,26142886
2024-08-14 07:34:25,3.2,18.7532,177963008,359564,43005094
2024-08-14 07:34:30,3,18.7791,178208768,359564,43005094
2024-08-14 07:34:35,3.1,18.7778,178196480,359564,43005094
2024-08-14 07:34:40,3.1,18.7778,178196480,359564,43005094
2024-08-14 07:34:45,0,18.7778,178196480,359654,43005170
2024-08-14 07:34:51,0,18.7778,178196480,359654,43005170
2024-08-14 07:34:56,0,18.805,178454528,359834,43005322
2024-08-14 07:35:01,0,18.9405,179740672,360146,43005578
2024-08-14 07:35:06,0,18.9677,179998720,360146,43005578
2024-08-14 07:35:11,0,18.9677,179998720,360188,43005606
2024-08-14 07:35:16,6.2,18.9936,180244480,360278,43005682
2024-08-14 07:35:22,6.2,18.9936,180244480,360416,43005682
2024-08-14 07:35:27,6.2,18.9936,180244480,360416,43005682
2024-08-14 07:35:32,6.2,18.9936,180244480,360506,43005758
2024-08-14 07:35:37,6.2,18.9936,180244480,360548,43005786
2024-08-14 07:35:42,6.2,18.9936,180244480,360548,43005786
2024-08-14 07:35:48,6.1,18.9936,180244480,360638,43005862
2024-08-14 07:35:53,3.2,19.0208,180502528,360638,43005862
2024-08-14 07:35:58,3.2,19.0208,180502528,360638,43005862
2024-08-14 07:36:03,3.2,19.0208,180502528,361130,43006270
2024-08-14 07:36:08,0,19.0208,180502528,361242,43006298
2024-08-14 07:36:13,0,19.0743,181010432,363278,43008357
2024-08-14 07:36:19,0,19.0743,181010432,363368,43008433
2024-08-14 07:36:24,0,19.2634,182804480,363368,43008433
2024-08-14 07:36:29,0,19.373,183844864,363368,43008433
2024-08-14 07:36:34,0,19.3726,183840768,363458,43008509
2024-08-14 07:36:39,0,19.3726,183840768,363458,43008509
2024-08-14 07:36:45,9.1,19.3726,183840768,363458,43008509
2024-08-14 07:36:50,3.2,19.3726,183840768,363458,43008509
2024-08-14 07:36:55,3.2,19.3726,183840768,363590,43008613
2024-08-14 07:37:00,3.2,19.3726,183840768,363632,43008641
2024-08-14 07:37:05,3.1,19.3726,183840768,363902,43008869
2024-08-14 07:37:10,3.2,19.3726,183840768,364220,43009021
2024-08-14 07:37:16,0,19.37,183816192,364220,43009021
2024-08-14 07:37:21,0,19.37,183816192,364220,43009021
2024-08-14 07:37:26,0,19.37,183816192,364310,43009097
2024-08-14 07:37:31,6.2,19.37,183816192,364352,43009125
2024-08-14 07:37:36,6.2,19.37,183816192,364352,43009125
2024-08-14 07:37:41,3.1,19.37,183816192,364442,43009201
2024-08-14 07:37:47,3.1,19.37,183816192,364442,43009201
2024-08-14 07:37:52,0,19.37,183816192,364442,43009201
2024-08-14 07:37:57,0,19.37,183816192,364574,43009305
2024-08-14 07:38:02,0,19.37,183816192,364574,43009305
2024-08-14 07:38:07,0,19.37,183816192,364574,43009305
2024-08-14 07:38:13,0,19.3942,184045568,367060,43011744
2024-08-14 07:38:18,6.2,19.3942,184045568,367114,43011790
2024-08-14 07:38:23,6.2,19.3942,184045568,367114,43011790
2024-08-14 07:38:28,6,19.3942,184045568,367204,43011866
2024-08-14 07:38:33,6.2,19.3942,184045568,367204,43011866
2024-08-14 07:38:38,6,19.3942,184045568,367204,43011866
2024-08-14 07:38:44,3.2,19.3942,184045568,367294,43011942
2024-08-14 07:38:49,3.2,19.3942,184045568,367336,43011970
2024-08-14 07:38:54,3.1,19.3942,184045568,367378,43011998
2024-08-14 07:38:59,0,19.3942,184045568,367468,43012074
2024-08-14 07:39:04,0,19.3942,184045568,367606,43012074
2024-08-14 07:39:10,0,19.3942,184045568,367606,43012074
2024-08-14 07:39:15,0,19.3942,184045568,367966,43012378
2024-08-14 07:39:20,0,19.3942,184045568,368110,43012500
2024-08-14 07:39:25,6.2,19.4201,184291328,368152,43012528
2024-08-14 07:39:30,3.2,19.4101,184197120,368152,43012528
2024-08-14 07:39:35,3.2,19.4101,184197120,368242,43012604
2024-08-14 07:39:41,3.2,19.4101,184197120,368296,43012664
2024-08-14 07:39:46,3.1,19.4101,184197120,368296,43012664
2024-08-14 07:39:51,0,19.4097,184193024,368428,43012768
2024-08-14 07:39:56,0,19.4097,184193024,368470,43012796
2024-08-14 07:40:01,0,19.4097,184193024,368470,43012796
2024-08-14 07:40:06,0,19.4097,184193024,368560,43012872
2024-08-14 07:40:12,29.6,19.4097,184193024,370596,43014931
2024-08-14 07:40:17,6.2,19.4054,184152064,370596,43014931
2024-08-14 07:40:22,6.2,19.4045,184143872,371046,43015311
2024-08-14 07:40:27,6.2,19.4045,184143872,371046,43015311
2024-08-14 07:40:32,6.1,19.4045,184143872,371046,43015311
2024-08-14 07:40:38,6.2,19.4041,184139776,371136,43015387
2024-08-14 07:40:43,0,19.4041,184139776,371136,43015387
2024-08-14 07:40:48,0,19.4041,184139776,371178,43015415
2024-08-14 07:40:53,6.1,19.4032,184131584,371268,43015491
2024-08-14 07:40:58,3.2,19.4032,184131584,371310,43015519
2024-08-14 07:41:03,3.1,19.4024,184123392,371572,43015565
2024-08-14 07:41:09,3.2,19.4024,184123392,371572,43015565
2024-08-14 07:41:14,3.1,19.4024,184123392,371662,43015641
2024-08-14 07:41:19,3.2,19.4015,184115200,371662,43015641
2024-08-14 07:41:24,3,19.4015,184115200,371932,43015869
2024-08-14 07:41:29,0,19.4015,184115200,372112,43016021
2024-08-14 07:41:35,0,19.4015,184115200,372154,43016049
2024-08-14 07:41:40,0,19.4015,184115200,372154,43016049
2024-08-14 07:41:45,0,19.4015,184115200,372286,43016153
2024-08-14 07:41:50,6,19.4287,184373248,372286,43016153
2024-08-14 07:41:55,3.2,19.4559,184631296,372286,43016153
2024-08-14 07:42:00,3.1,19.4559,184631296,372376,43016229
2024-08-14 07:42:06,3.2,19.4559,184631296,372418,43016257
2024-08-14 07:42:11,0,19.4559,184631296,372418,43016257
2024-08-14 07:42:16,0,19.455,184623104,374544,43018392
2024-08-14 07:42:21,0,19.455,184623104,374598,43018438
2024-08-14 07:42:26,0,19.455,184623104,374598,43018438
2024-08-14 07:42:32,0,19.455,184623104,375048,43018818
2024-08-14 07:42:37,0,19.455,184623104,375048,43018818
2024-08-14 07:42:42,0,19.455,184623104,375090,43018846
2024-08-14 07:42:47,0,19.455,184623104,375180,43018922
2024-08-14 07:42:52,6.2,19.455,184623104,375222,43018950
2024-08-14 07:42:57,3.2,19.455,184623104,375222,43018950
2024-08-14 07:43:03,3.2,19.455,184623104,375450,43019026
2024-08-14 07:43:08,3.2,19.455,184623104,375450,43019026
2024-08-14 07:43:13,100,24.824,235573248,637898,43199857
2024-08-14 07:43:18,6.1,24.8335,235663360,653832,43224966
2024-08-14 07:43:23,0,24.8335,235663360,653922,43225042
2024-08-14 07:43:29,6.2,24.8335,235663360,653922,43225042
2024-08-14 07:43:34,6,24.8335,235663360,654234,43225298
2024-08-14 07:43:39,3.1,24.8331,235659264,654414,43225450
2024-08-14 07:43:44,3.1,24.8331,235659264,654414,43225450
2024-08-14 07:43:49,3.1,24.8331,235659264,654414,43225450
2024-08-14 07:43:54,3.2,24.8331,235659264,654504,43225526
2024-08-14 07:44:00,0,24.8331,235659264,654600,43225614
2024-08-14 07:44:05,0,24.8603,235917312,654600,43225614
2024-08-14 07:44:10,0,24.8603,235917312,654690,43225690
2024-08-14 07:44:15,0,24.8857,236158976,656726,43227749
2024-08-14 07:44:20,0,24.8857,236158976,656726,43227749
2024-08-14 07:44:26,0,24.9401,236675072,656816,43227825
2024-08-14 07:44:31,0,25.0472,237690880,656858,43227853
2024-08-14 07:44:36,6.1,25.0472,237690880,656858,43227853
2024-08-14 07:44:41,6.2,25.0467,237686784,657308,43228233
2024-08-14 07:44:46,3.2,25.0467,237686784,657350,43228261
2024-08-14 07:44:51,3.1,25.0467,237686784,657488,43228261
2024-08-14 07:44:57,0,25.0467,237686784,657578,43228337
2024-08-14 07:45:02,3.2,25.0467,237686784,657578,43228337
2024-08-14 07:45:07,3.1,25.0467,237686784,657578,43228337
2024-08-14 07:45:12,0,25.0467,237686784,657668,43228413
2024-08-14 07:45:17,0,25.0467,237686784,657710,43228441
2024-08-14 07:45:22,0,25.0467,237686784,657710,43228441
2024-08-14 07:45:28,0,25.0467,237686784,657752,43228469
2024-08-14 07:45:33,0,25.0467,237686784,657842,43228545
2024-08-14 07:45:38,0,25.0467,237686784,657842,43228545
2024-08-14 07:45:43,0,25.0467,237686784,658112,43228773
2024-08-14 07:45:48,0,25.0467,237686784,658292,43228925
2024-08-14 07:45:54,0,25.0467,237686784,658334,43228953
2024-08-14 07:45:59,6.2,25.0467,237686784,658334,43228953
2024-08-14 07:46:04,0,25.0739,237944832,658424,43229029
2024-08-14 07:46:09,6.2,25.1283,238460928,658424,43229029
2024-08-14 07:46:14,6.2,25.1283,238460928,660460,43231088
2024-08-14 07:46:19,3.2,25.1283,238460928,660550,43231164
2024-08-14 07:46:25,3.1,25.1283,238460928,660592,43231192
2024-08-14 07:46:30,3.2,25.1283,238460928,660592,43231192
2024-08-14 07:46:35,3.1,25.1283,238460928,660682,43231268
2024-08-14 07:46:40,0,25.1283,238460928,660724,43231296
2024-08-14 07:46:45,3.1,25.1283,238460928,660952,43231372
2024-08-14 07:46:51,3.1,25.1279,238456832,661312,43231676
2024-08-14 07:46:56,0,25.1279,238456832,661312,43231676
2024-08-14 07:47:01,0,25.1279,238456832,661366,43231722
2024-08-14 07:47:06,0,25.1279,238456832,661498,43231826
2024-08-14 07:47:11,0,25.1279,238456832,661552,43231872
2024-08-14 07:47:16,0,25.1279,238456832,661552,43231872
2024-08-14 07:47:22,0,25.1279,238456832,661684,43231976
2024-08-14 07:47:27,0,25.1279,238456832,661684,43231976
2024-08-14 07:47:32,0,25.1279,238456832,661684,43231976
2024-08-14 07:47:37,0,25.1279,238456832,661684,43231976
2024-08-14 07:47:42,6.2,25.1274,238452736,661870,43232126
2024-08-14 07:47:48,0,25.1274,238452736,661870,43232126
2024-08-14 07:47:53,6.2,25.1274,238452736,662140,43232354
2024-08-14 07:47:58,3.2,25.1274,238452736,662320,43232506
2024-08-14 07:48:03,3.1,25.1274,238452736,662320,43232506
2024-08-14 07:48:08,3.2,25.1274,238452736,662320,43232506
2024-08-14 07:48:13,3.2,25.127,238448640,664644,43234641
2024-08-14 07:48:19,3.2,25.127,238448640,664740,43234715
2024-08-14 07:48:24,3.2,25.127,238448640,664740,43234715
2024-08-14 07:48:29,3.1,25.1266,238444544,664830,43234791
2024-08-14 07:48:34,0,25.1266,238444544,665052,43234851
2024-08-14 07:48:39,0,25.1266,238444544,665306,43234879
2024-08-14 07:48:44,0,25.1266,238444544,665396,43234955
2024-08-14 07:48:50,0,25.1266,238444544,665524,43235001
2024-08-14 07:48:55,0,25.4421,241438720,695972,43425014
2024-08-14 07:49:00,0,25.4421,241438720,696152,43425166
2024-08-14 07:49:05,0,25.4421,241438720,696226,43425166
2024-08-14 07:49:10,6.2,25.4421,241438720,696280,43425258
2024-08-14 07:49:16,3.2,25.4421,241438720,696412,43425362
2024-08-14 07:49:21,3.2,25.4421,241438720,696454,43425390
2024-08-14 07:49:26,15.6,25.692,243810304,800955,43476161
2024-08-14 07:49:31,0,18.5309,175853568,805685,43483377
2024-08-14 07:49:36,0,18.5309,175853568,805685,43483377
2024-08-14 07:49:41,0,18.5309,175853568,805685,43483377
2024-08-14 07:49:47,6.2,18.5581,176111616,805685,43483377
2024-08-14 07:49:52,6.2,18.5577,176107520,805817,43483481
2024-08-14 07:49:57,3.2,18.5577,176107520,805817,43483481
2024-08-14 07:50:02,3,18.5577,176107520,805997,43483633
2024-08-14 07:50:07,3.2,18.5849,176365568,806177,43483785
2024-08-14 07:50:13,3.1,18.5849,176365568,806219,43483813
2024-08-14 07:50:18,3.2,18.5849,176365568,806219,43483813
2024-08-14 07:50:23,3.2,18.5849,176365568,806309,43483889
2024-08-14 07:50:28,0,18.5849,176365568,806489,43483917
2024-08-14 07:50:33,0,18.5849,176365568,806489,43483917
2024-08-14 07:50:38,0,18.5849,176365568,806579,43483993
2024-08-14 07:50:44,0,18.5832,176349184,808747,43486052
2024-08-14 07:50:49,0,18.5832,176349184,808747,43486052
2024-08-14 07:50:54,0,18.5832,176349184,808837,43486128
2024-08-14 07:50:59,3.2,18.5832,176349184,808837,43486128
2024-08-14 07:51:04,3,18.5832,176349184,808879,43486156
2024-08-14 07:51:10,3.2,18.5832,176349184,809129,43486308
2024-08-14 07:51:15,3.2,18.5832,176349184,809171,43486336
2024-08-14 07:51:20,0,18.5832,176349184,809171,43486336
2024-08-14 07:51:25,0,18.5832,176349184,809261,43486412
2024-08-14 07:51:30,0,18.5832,176349184,809261,43486412
2024-08-14 07:51:35,0,18.5832,176349184,809261,43486412
2024-08-14 07:51:41,6.1,18.5832,176349184,809351,43486488
2024-08-14 07:51:46,6.2,18.5832,176349184,809393,43486516
2024-08-14 07:51:51,6.2,18.5832,176349184,809393,43486516
2024-08-14 07:51:56,3.2,18.6375,176865280,809393,43486516
2024-08-14 07:52:01,3.2,18.7174,177623040,809525,43486620
2024-08-14 07:52:06,3.2,18.7446,177881088,809525,43486620
2024-08-14 07:52:12,28.1,19.0433,180715520,811741,43488831
2024-08-14 07:52:17,0,19.0433,180715520,811921,43488983
2024-08-14 07:52:22,0,19.0433,180715520,811921,43488983
2024-08-14 07:52:27,0,19.0976,181231616,812059,43488983
2024-08-14 07:52:32,0,19.152,181747712,812149,43489059
2024-08-14 07:52:38,0,19.152,181747712,812149,43489059
