2024-08-14 07:37:54,20.6,17.6582,167571456,186580,33027934
2024-08-14 07:37:59,3,17.8926,169795584,246573,42992904
2024-08-14 07:38:05,3.1,17.893,169799680,246737,42992980
2024-08-14 07:38:10,5.8,17.893,169799680,246737,42992980
2024-08-14 07:38:15,3.1,17.893,169799680,246779,42993008
2024-08-14 07:38:20,0,17.893,169799680,246943,42993084
2024-08-14 07:38:25,3.2,17.9987,170803200,246943,42993084
2024-08-14 07:38:31,3.1,17.997,170786816,249243,42995143
2024-08-14 07:38:36,3.1,18.0242,171044864,249693,42995523
2024-08-14 07:38:41,3.2,18.0497,171286528,249693,42995523
2024-08-14 07:38:46,0,18.0769,171544576,249693,42995523
2024-08-14 07:38:51,3,18.0769,171544576,249783,42995599
2024-08-14 07:38:57,0,18.0769,171544576,249783,42995599
2024-08-14 07:39:02,0,18.0769,171544576,249783,42995599
2024-08-14 07:39:07,0,18.1856,172576768,249873,42995675
2024-08-14 07:39:12,3,18.2944,173608960,249915,42995703
2024-08-14 07:39:17,6,18.4575,175157248,249915,42995703
2024-08-14 07:39:23,3.1,18.4847,175415296,250005,42995779
2024-08-14 07:39:28,6,18.5663,176189440,250185,42995807
2024-08-14 07:39:33,3.1,18.7834,178249728,250185,42995807
2024-08-14 07:39:38,3.1,18.7834,178249728,250455,42996035
2024-08-14 07:39:43,3.2,18.7834,178249728,250635,42996187
2024-08-14 07:39:49,0,18.7834,178249728,250635,42996187
2024-08-14 07:39:54,3.1,18.7834,178249728,250635,42996187
2024-08-14 07:39:59,3.1,18.783,178245632,250779,42996309
2024-08-14 07:40:04,8.6,18.783,178245632,250779,42996309
2024-08-14 07:40:09,3.2,18.8374,178761728,250821,42996337
2024-08-14 07:40:15,3.1,18.8369,178757632,250911,42996413
2024-08-14 07:40:20,3.1,18.8369,178757632,250953,42996441
2024-08-14 07:40:25,0,18.8369,178757632,251007,42996487
2024-08-14 07:40:30,0,18.8585,178962432,253397,42998570
2024-08-14 07:40:35,3.1,18.8585,178962432,253397,42998570
2024-08-14 07:40:41,3.1,18.8585,178962432,255774,43000556
2024-08-14 07:40:46,3,18.8581,178958336,256224,43000936
2024-08-14 07:40:51,0,18.884,179204096,256278,43000982
2024-08-14 07:40:56,0,18.9384,179720192,256278,43000982
2024-08-14 07:41:01,2.9,18.9656,179978240,256368,43001058
2024-08-14 07:41:07,0,19.2103,182300672,258787,43003072
2024-08-14 07:41:12,6.1,19.2103,182300672,258857,43003072
2024-08-14 07:41:17,0,19.2103,182300672,258947,43003148
2024-08-14 07:41:22,3,19.2103,182300672,261462,43005134
2024-08-14 07:41:27,0,19.2103,182300672,261570,43005226
2024-08-14 07:41:33,0,19.2099,182296576,266139,43009347
2024-08-14 07:41:38,6,19.2094,182292480,268664,43011349
2024-08-14 07:41:43,6.1,19.2094,182292480,269034,43011589
2024-08-14 07:41:48,0,19.2638,182808576,269706,43012089
2024-08-14 07:41:53,0,19.291,183066624,269780,43012089
2024-08-14 07:41:59,3.1,19.3182,183324672,272199,43014103
2024-08-14 07:42:04,6,19.3454,183582720,272363,43014179
2024-08-14 07:42:09,0,19.3998,184098816,272363,43014179
2024-08-14 07:42:14,0,19.3998,184098816,272363,43014179
2024-08-14 07:42:19,3.1,19.4265,184352768,274814,43016165
2024-08-14 07:42:25,3.1,19.4261,184348672,277281,43018227
2024-08-14 07:42:30,3.1,19.4261,184348672,277281,43018227
2024-08-14 07:42:35,3,19.4257,184344576,279658,43020213
2024-08-14 07:42:40,3,19.4257,184344576,279748,43020289
2024-08-14 07:42:45,6.2,19.4257,184344576,281725,43021827
2024-08-14 07:42:51,2.9,19.424,184328192,284227,43024334
2024-08-14 07:42:56,3,19.424,184328192,284719,43024742
2024-08-14 07:43:01,3.2,19.4166,184258560,284719,43024742
2024-08-14 07:43:06,0,19.414,184233984,284719,43024742
2024-08-14 07:43:11,5.9,19.4136,184229888,287186,43026804
2024-08-14 07:43:17,0,19.4136,184229888,289347,43028446
2024-08-14 07:43:22,3.3,24.1235,228925440,383446,43091095
2024-08-14 07:43:27,57.2,24.2344,229978112,478042,43152068
2024-08-14 07:43:32,6.1,24.243,230060032,566318,43235448
2024-08-14 07:43:38,3.2,24.2439,230068224,570616,43245397
2024-08-14 07:43:43,3.1,24.2711,230326272,573009,43247399
2024-08-14 07:43:48,0,24.3225,230813696,573009,43247399
2024-08-14 07:43:53,3.1,24.3225,230813696,573051,43247427
2024-08-14 07:43:58,3.1,24.3216,230805504,577914,43251852
2024-08-14 07:44:04,3.1,24.3216,230805504,577914,43251852
2024-08-14 07:44:09,3.1,24.3212,230801408,577914,43251852
2024-08-14 07:44:14,3.1,24.3212,230801408,578004,43251928
2024-08-14 07:44:19,0,24.3207,230797312,581763,43255244
2024-08-14 07:44:24,0,24.3203,230793216,582845,43255860
2024-08-14 07:44:30,3.2,24.3203,230793216,582845,43255860
2024-08-14 07:44:35,3,24.3203,230793216,585312,43257922
2024-08-14 07:44:40,0,24.3203,230793216,585312,43257922
2024-08-14 07:44:45,6,24.3743,231305216,587289,43259460
2024-08-14 07:44:50,3.2,24.4554,232075264,587821,43260012
2024-08-14 07:44:55,0,24.5098,232591360,587821,43260012
2024-08-14 07:45:01,3.1,24.5098,232591360,587821,43260012
2024-08-14 07:45:06,0,24.5094,232587264,588271,43260392
2024-08-14 07:45:11,3,24.5331,232812544,593841,43265252
2024-08-14 07:45:16,3.2,24.6147,233586688,598569,43269867
2024-08-14 07:45:21,0,24.6142,233582592,598659,43269943
2024-08-14 07:45:27,5.9,24.7213,234598400,599739,43270971
2024-08-14 07:45:32,6.2,24.7213,234598400,601650,43272509
2024-08-14 07:45:37,6.2,24.7213,234598400,603286,43274061
2024-08-14 07:45:42,3.1,24.7757,235114496,603286,43274061
2024-08-14 07:45:47,0,24.7757,235114496,603328,43274089
2024-08-14 07:45:53,3.1,24.8016,235360256,603418,43274165
2024-08-14 07:45:58,0,24.8016,235360256,603418,43274165
2024-08-14 07:46:03,3.2,24.8011,235356160,605869,43276211
2024-08-14 07:46:08,0,24.8007,235352064,610072,43279725
2024-08-14 07:46:13,5.8,24.8007,235352064,610146,43279785
2024-08-14 07:46:19,0,24.8007,235352064,610220,43279785
2024-08-14 07:46:24,2.9,24.8003,235347968,614797,43283906
2024-08-14 07:46:29,0,24.8003,235347968,614797,43283906
2024-08-14 07:46:34,0,24.8003,235347968,614797,43283906
2024-08-14 07:46:39,3,24.8003,235347968,614871,43283906
2024-08-14 07:46:45,3,24.8003,235347968,615003,43284010
2024-08-14 07:46:50,0,24.7968,235315200,617380,43285996
2024-08-14 07:46:55,11.1,24.7964,235311104,617607,43286182
2024-08-14 07:47:00,3.1,24.7964,235311104,619921,43288118
2024-08-14 07:47:05,3.1,24.7964,235311104,620355,43288238
2024-08-14 07:47:11,3,24.7959,235307008,622896,43290360
2024-08-14 07:47:16,3.2,24.7959,235307008,623330,43290664
2024-08-14 07:47:21,0,24.7959,235307008,623404,43290664
2024-08-14 07:47:26,3.1,24.7959,235307008,625440,43292723
2024-08-14 07:47:31,6.1,24.7959,235307008,625530,43292799
2024-08-14 07:47:37,3,24.7959,235307008,626995,43294139
2024-08-14 07:47:42,0,24.8227,235560960,628077,43294859
2024-08-14 07:47:47,5.9,24.8499,235819008,628167,43294935
2024-08-14 07:47:52,3.1,24.8771,236077056,628167,43294935
2024-08-14 07:47:57,0,24.9039,236331008,632921,43298907
2024-08-14 07:48:03,3.1,22.163,210321408,633233,43299103
2024-08-14 07:48:08,3,22.2718,211353600,633455,43299223
2024-08-14 07:48:13,0,22.3801,212381696,633529,43299223
2024-08-14 07:48:18,6,22.3801,212381696,633979,43299603
2024-08-14 07:48:24,0,22.5131,213643264,635348,43300869
2024-08-14 07:48:29,0,22.567,214155264,636430,43301589
2024-08-14 07:48:34,0,22.7561,215949312,636562,43301693
2024-08-14 07:48:39,3.1,22.8921,217239552,636636,43301693
2024-08-14 07:48:44,0,23.1381,219574272,641049,43305738
2024-08-14 07:48:50,0,23.1381,219574272,641139,43305814
2024-08-14 07:48:55,3,23.1648,219828224,641213,43305874
2024-08-14 07:49:00,9.4,24.1049,228749312,672920,43496086
2024-08-14 07:49:05,3.2,24.1049,228749312,672994,43496146
2024-08-14 07:49:10,5.8,24.1049,228749312,673380,43496342
2024-08-14 07:49:16,0,24.1049,228749312,675653,43498000
2024-08-14 07:49:21,0,24.1045,228745216,676127,43498448
2024-08-14 07:49:26,3.1,24.1045,228745216,676397,43498676
2024-08-14 07:49:31,3.1,24.1045,228745216,678964,43500690
2024-08-14 07:49:36,3.1,24.8659,235970560,714336,43512734
2024-08-14 07:49:42,3,24.8659,235970560,719054,43516142
2024-08-14 07:49:47,0,24.8931,236228608,726247,43521401
2024-08-14 07:49:52,9.7,24.884,236142592,730221,43524429
2024-08-14 07:49:57,0,24.8754,236060672,744088,43531628
2024-08-14 07:50:02,8.8,24.8754,236060672,769081,43547804
2024-08-14 07:50:08,12.2,24.8719,236027904,796548,43563905
2024-08-14 07:50:13,3.2,19.0484,180764672,812633,43579378
2024-08-14 07:50:18,3.1,19.4546,184619008,815306,43581468
2024-08-14 07:50:23,0,16.88,160186368,815528,43581588
2024-08-14 07:50:28,3.2,16.9343,160702464,816168,43581996
2024-08-14 07:50:34,3,16.9343,160702464,816168,43581996
2024-08-14 07:50:39,2.9,16.9343,160702464,816242,43581996
2024-08-14 07:50:44,3.2,16.9343,160702464,816406,43582072
2024-08-14 07:50:49,0,17.0703,161992704,816406,43582072
2024-08-14 07:50:54,3.1,17.2058,163278848,816618,43582072
2024-08-14 07:51:00,5.4,17.2058,163278848,816750,43582176
2024-08-14 07:51:05,3,17.2848,164028416,817979,43583442
2024-08-14 07:51:10,0,17.3932,165056512,821504,43586148
2024-08-14 07:51:15,0,17.3932,165056512,821594,43586224
2024-08-14 07:51:20,3.2,17.4204,165314560,821890,43586404
2024-08-14 07:51:26,0,17.4204,165314560,822302,43586612
2024-08-14 07:51:31,0,17.609,167104512,824724,43588867
2024-08-14 07:51:36,0,17.609,167104512,825052,43589019
2024-08-14 07:51:41,3.1,17.609,167104512,825052,43589019
2024-08-14 07:51:46,0,17.609,167104512,825126,43589019
2024-08-14 07:51:52,6.2,17.609,167104512,825290,43589095
2024-08-14 07:51:57,0,17.609,167104512,827667,43591081
2024-08-14 07:52:02,5.7,17.609,167104512,828259,43591381
2024-08-14 07:52:07,6,17.6085,167100416,828773,43591683
2024-08-14 07:52:12,0,17.6085,167100416,828921,43591683
2024-08-14 07:52:18,5.7,17.6085,167100416,829037,43591711
2024-08-14 07:52:23,6,17.6357,167358464,829201,43591787
2024-08-14 07:52:28,2.9,17.6357,167358464,829349,43591907
2024-08-14 07:52:33,8.8,17.6357,167358464,830147,43592251
2024-08-14 07:52:38,0,17.6616,167604224,830729,43592675
2024-08-14 07:52:44,3.2,17.6616,167604224,830877,43592675
2024-08-14 07:52:49,3.1,17.9871,170692608,835650,43596780
2024-08-14 07:52:54,0,18.0687,171466752,836036,43596976
