2024-08-14 07:38:15,23.5,17.6603,167591936,188949,32521555
2024-08-14 07:38:20,3.2,17.8649,169533440,274048,42982435
2024-08-14 07:38:26,3,17.8878,169750528,274048,42982435
2024-08-14 07:38:31,3.1,17.8878,169750528,274408,42982739
2024-08-14 07:38:36,0,17.8878,169750528,274498,42982815
2024-08-14 07:38:41,0,17.8878,169750528,274498,42982815
2024-08-14 07:38:46,3,17.8878,169750528,274498,42982815
2024-08-14 07:38:52,3.2,17.89,169771008,274588,42982891
2024-08-14 07:38:57,3.2,17.89,169771008,274588,42982891
2024-08-14 07:39:02,3,17.89,169771008,274630,42982919
2024-08-14 07:39:07,0,17.89,169771008,274720,42982995
2024-08-14 07:39:12,0,17.9702,170532864,274816,42983069
2024-08-14 07:39:18,0,17.9702,170532864,274954,42983069
2024-08-14 07:39:23,8.6,17.9961,170778624,275044,42983145
2024-08-14 07:39:28,3.2,18.1049,171810816,275044,42983145
2024-08-14 07:39:33,6.1,18.2948,173613056,275044,42983145
2024-08-14 07:39:38,0,18.6207,176705536,277794,42985585
2024-08-14 07:39:44,0,18.6207,176705536,277794,42985585
2024-08-14 07:39:49,3.1,18.619,176689152,277794,42985585
2024-08-14 07:39:54,0,18.619,176689152,277938,42985707
2024-08-14 07:39:59,3.2,18.619,176689152,277980,42985735
2024-08-14 07:40:04,2.9,18.619,176689152,277980,42985735
2024-08-14 07:40:10,3.1,18.619,176689152,278140,42985811
2024-08-14 07:40:15,3.2,18.619,176689152,278140,42985811
2024-08-14 07:40:20,6.2,18.619,176689152,278140,42985811
2024-08-14 07:40:25,3,18.6185,176685056,278230,42985887
2024-08-14 07:40:30,3.1,18.6185,176685056,278272,42985915
2024-08-14 07:40:36,0,18.6185,176685056,278272,42985915
2024-08-14 07:40:41,0,18.6103,176607232,278776,42986341
2024-08-14 07:40:46,0,18.6103,176607232,278776,42986341
2024-08-14 07:40:51,6,18.6103,176607232,278776,42986341
2024-08-14 07:40:56,3.1,18.6108,176611328,278908,42986445
2024-08-14 07:41:02,2.9,18.6108,176611328,278908,42986445
2024-08-14 07:41:07,0,18.6103,176607232,279046,42986445
2024-08-14 07:41:12,3.1,18.6103,176607232,279046,42986445
2024-08-14 07:41:17,3.1,18.6103,176607232,279136,42986521
2024-08-14 07:41:23,0,18.6103,176607232,279178,42986549
2024-08-14 07:41:28,5.9,18.6103,176607232,279178,42986549
2024-08-14 07:41:33,3.2,18.6103,176607232,279268,42986625
2024-08-14 07:41:38,5.8,18.6103,176607232,281304,42988685
2024-08-14 07:41:43,0,18.6103,176607232,281394,42988761
2024-08-14 07:41:49,3.1,18.6103,176607232,281796,42989093
2024-08-14 07:41:54,3,18.6121,176623616,281796,42989093
2024-08-14 07:41:59,5.9,18.6121,176623616,281796,42989093
2024-08-14 07:42:04,3,18.6121,176623616,281886,42989169
2024-08-14 07:42:09,3.2,18.6121,176623616,281886,42989169
2024-08-14 07:42:15,3,18.6116,176619520,281886,42989169
2024-08-14 07:42:20,3,18.638,176869376,281976,42989245
2024-08-14 07:42:25,3,18.638,176869376,281976,42989245
2024-08-14 07:42:30,3.2,18.638,176869376,281976,42989245
2024-08-14 07:42:35,0,18.6647,177123328,282066,42989321
2024-08-14 07:42:41,6,18.6647,177123328,282108,42989349
2024-08-14 07:42:46,0,18.7446,177881088,282150,42989377
2024-08-14 07:42:51,3.1,18.77,178122752,282600,42989757
2024-08-14 07:42:56,3.1,18.7972,178380800,282738,42989757
2024-08-14 07:43:01,2.9,18.8244,178638848,282738,42989757
2024-08-14 07:43:07,6.1,18.8244,178638848,282828,42989833
2024-08-14 07:43:12,3.1,18.8788,179154944,282828,42989833
2024-08-14 07:43:17,0,18.8792,179159040,282828,42989833
2024-08-14 07:43:22,3.2,24.2301,229937152,338407,43027196
2024-08-14 07:43:27,13.3,24.3091,230686720,380665,43055636
2024-08-14 07:43:33,36.4,24.3151,230744064,496488,43131250
2024-08-14 07:43:38,9.1,24.3216,230805504,540334,43177399
2024-08-14 07:43:43,3.1,24.3225,230813696,565156,43208615
2024-08-14 07:43:48,3.2,24.3225,230813696,565222,43208667
2024-08-14 07:43:53,5.7,24.3216,230805504,565492,43208895
2024-08-14 07:43:59,0,24.3212,230801408,565672,43209047
2024-08-14 07:44:04,0,24.3203,230793216,565672,43209047
2024-08-14 07:44:09,0,24.3203,230793216,565672,43209047
2024-08-14 07:44:14,0,24.3203,230793216,565762,43209123
2024-08-14 07:44:19,3.1,24.3203,230793216,565762,43209123
2024-08-14 07:44:25,3.1,24.3194,230785024,565762,43209123
2024-08-14 07:44:30,0,24.319,230780928,565852,43209199
2024-08-14 07:44:35,3,24.3186,230776832,565894,43209227
2024-08-14 07:44:40,0,24.3445,231022592,565936,43209255
2024-08-14 07:44:45,3.1,24.3445,231022592,566026,43209331
2024-08-14 07:44:51,3.2,24.3445,231022592,566164,43209331
2024-08-14 07:44:56,8.4,24.3445,231022592,566254,43209407
2024-08-14 07:45:01,3.1,24.3445,231022592,566614,43209711
2024-08-14 07:45:06,0,24.3445,231022592,566614,43209711
2024-08-14 07:45:11,0,24.3445,231022592,566614,43209711
2024-08-14 07:45:17,3.1,24.3445,231022592,566704,43209787
2024-08-14 07:45:22,0,24.3445,231022592,566746,43209815
2024-08-14 07:45:27,5.8,24.3445,231022592,566746,43209815
2024-08-14 07:45:32,0,24.3445,231022592,566836,43209891
2024-08-14 07:45:38,0,24.3445,231022592,568914,43211979
2024-08-14 07:45:43,0,24.3445,231022592,568914,43211979
2024-08-14 07:45:48,3,24.3445,231022592,568914,43211979
2024-08-14 07:45:53,3.1,24.3436,231014400,569004,43212055
2024-08-14 07:45:58,0,24.3436,231014400,569004,43212055
2024-08-14 07:46:04,5.7,24.3436,231014400,569274,43212283
2024-08-14 07:46:09,0,24.3436,231014400,569454,43212435
2024-08-14 07:46:14,0,24.3436,231014400,569454,43212435
2024-08-14 07:46:19,3,24.3436,231014400,569454,43212435
2024-08-14 07:46:24,0,24.3436,231014400,569544,43212511
2024-08-14 07:46:30,0,24.3436,231014400,569628,43212567
2024-08-14 07:46:35,3.2,24.3436,231014400,569628,43212567
2024-08-14 07:46:40,3,24.3436,231014400,569856,43212643
2024-08-14 07:46:45,0,24.3436,231014400,569856,43212643
2024-08-14 07:46:51,0,24.3436,231014400,569856,43212643
2024-08-14 07:46:56,0,24.3436,231014400,569946,43212719
2024-08-14 07:47:01,5.9,24.3436,231014400,569946,43212719
2024-08-14 07:47:06,3,24.3708,231272448,570036,43212795
2024-08-14 07:47:11,0,24.3708,231272448,570450,43213145
2024-08-14 07:47:17,0,24.3708,231272448,570492,43213173
2024-08-14 07:47:22,3.1,24.3708,231272448,570492,43213173
2024-08-14 07:47:27,0,24.3708,231272448,570624,43213277
2024-08-14 07:47:32,3,24.3708,231272448,570624,43213277
2024-08-14 07:47:37,42,24.3708,231272448,572660,43215337
2024-08-14 07:47:43,3.1,24.395,231501824,572750,43215413
2024-08-14 07:47:48,0,24.395,231501824,572804,43215459
2024-08-14 07:47:53,3.2,24.4209,231747584,572804,43215459
2024-08-14 07:47:58,3.2,24.42,231739392,572894,43215535
2024-08-14 07:48:03,0,24.42,231739392,572894,43215535
2024-08-14 07:48:09,0,24.42,231739392,572984,43215611
2024-08-14 07:48:14,3,24.42,231739392,573254,43215839
2024-08-14 07:48:19,3.1,24.42,231739392,573344,43215915
2024-08-14 07:48:24,3.2,24.42,231739392,573386,43215943
2024-08-14 07:48:29,6,24.42,231739392,573386,43215943
2024-08-14 07:48:35,3.1,24.42,231739392,573614,43216019
2024-08-14 07:48:40,5.8,24.42,231739392,573656,43216047
2024-08-14 07:48:45,3.1,24.42,231739392,573656,43216047
2024-08-14 07:48:50,0,24.42,231739392,573816,43216123
2024-08-14 07:48:55,0,24.42,231739392,573870,43216183
2024-08-14 07:49:01,67.8,24.5832,233287680,577867,43218529
2024-08-14 07:49:06,2.9,24.8175,235511808,605042,43406350
2024-08-14 07:49:11,6.1,24.8175,235511808,605042,43406350
2024-08-14 07:49:16,0,24.8175,235511808,605132,43406426
2024-08-14 07:49:22,3.1,24.8171,235507712,605264,43406530
2024-08-14 07:49:27,3,24.8171,235507712,605264,43406530
2024-08-14 07:49:32,3.1,24.8171,235507712,605264,43406530
2024-08-14 07:49:37,15.1,24.9803,237056000,636241,43416757
2024-08-14 07:49:42,0,25.0333,237559808,642171,43420241
2024-08-14 07:49:48,0,25.0333,237559808,653744,43428571
2024-08-14 07:49:53,8.6,25.0333,237559808,653900,43428699
2024-08-14 07:49:58,3.2,25.0519,237735936,666378,43436969
2024-08-14 07:50:03,9.3,25.0433,237654016,692375,43453283
2024-08-14 07:50:08,6.2,25.0402,237625344,720467,43469413
2024-08-14 07:50:14,3.1,18.0095,170905600,726884,43477932
2024-08-14 07:50:19,3,18.0367,171163648,727016,43478036
2024-08-14 07:50:24,8.6,18.0367,171163648,727376,43478340
2024-08-14 07:50:29,3,18.0367,171163648,727376,43478340
2024-08-14 07:50:34,2.9,18.0367,171163648,727514,43478340
2024-08-14 07:50:40,3.1,18.0639,171421696,727604,43478416
2024-08-14 07:50:45,6.2,18.0639,171421696,727604,43478416
2024-08-14 07:50:50,3.1,18.0907,171675648,727604,43478416
2024-08-14 07:50:55,3,18.0907,171675648,727604,43478416
2024-08-14 07:51:00,0,18.0907,171675648,727736,43478520
2024-08-14 07:51:06,3.2,18.0907,171675648,727736,43478520
2024-08-14 07:51:11,5.9,18.0907,171675648,727778,43478548
2024-08-14 07:51:16,3,18.1179,171933696,727868,43478624
2024-08-14 07:51:21,0,18.1722,172449792,727868,43478624
2024-08-14 07:51:26,6.1,18.1722,172449792,727958,43478700
2024-08-14 07:51:32,0,18.1722,172449792,728048,43478776
2024-08-14 07:51:37,3.2,18.1722,172449792,728048,43478776
2024-08-14 07:51:42,3.1,18.2236,172937216,730084,43480836
2024-08-14 07:51:47,3.1,18.2236,172937216,730174,43480912
2024-08-14 07:51:52,3.1,18.2236,172937216,730174,43480912
2024-08-14 07:51:58,3.1,18.2236,172937216,730174,43480912
2024-08-14 07:52:03,3,18.2236,172937216,730264,43480988
2024-08-14 07:52:08,0,18.2767,173441024,730306,43481016
2024-08-14 07:52:13,0,18.2767,173441024,730306,43481016
2024-08-14 07:52:19,3,18.2767,173441024,730396,43481092
2024-08-14 07:52:24,3,18.2767,173441024,730534,43481092
2024-08-14 07:52:29,6.1,18.2763,173436928,730624,43481168
2024-08-14 07:52:34,0,18.2763,173436928,731026,43481500
2024-08-14 07:52:39,3,18.2763,173436928,731026,43481500
2024-08-14 07:52:45,2.9,18.2763,173436928,731026,43481500
2024-08-14 07:52:50,0,18.2763,173436928,731116,43481576
2024-08-14 07:52:55,0,18.3035,173694976,731116,43481576
2024-08-14 07:53:00,0,18.3035,173694976,731116,43481576
2024-08-14 07:53:05,3.1,18.3035,173694976,731248,43481680
2024-08-14 07:53:11,6.1,18.3035,173694976,731248,43481680
