2024-08-14 07:35:02,12.1,17.6818,167796736,152161,27347984
2024-08-14 07:35:07,0,18.0673,171454464,282380,43555700
2024-08-14 07:35:12,3,18.094,171708416,282830,43556080
2024-08-14 07:35:18,0,18.094,171708416,282830,43556080
2024-08-14 07:35:23,0,18.1212,171966464,282830,43556080
2024-08-14 07:35:28,0,18.3375,174018560,282974,43556202
2024-08-14 07:35:33,3.2,18.3642,174272512,283154,43556230
2024-08-14 07:35:38,3.2,18.3642,174272512,283154,43556230
2024-08-14 07:35:44,3,18.3642,174272512,283244,43556306
2024-08-14 07:35:49,3.1,18.3642,174272512,283244,43556306
2024-08-14 07:35:54,0,18.3642,174272512,283244,43556306
2024-08-14 07:35:59,0,18.3642,174272512,283376,43556410
2024-08-14 07:36:04,0,18.3647,174276608,283488,43556438
2024-08-14 07:36:10,0,18.4734,175308800,283488,43556438
2024-08-14 07:36:15,0,18.5006,175566848,283848,43556742
2024-08-14 07:36:20,3.1,18.5278,175824896,283938,43556818
2024-08-14 07:36:25,3.1,18.5278,175824896,283938,43556818
2024-08-14 07:36:30,3.2,18.6094,176599040,283938,43556818
2024-08-14 07:36:36,6.2,18.6094,176599040,284082,43556940
2024-08-14 07:36:41,3.1,18.6094,176599040,284124,43556968
2024-08-14 07:36:46,28.1,18.6638,177115136,286292,43559028
2024-08-14 07:36:51,0,18.6595,177074176,286424,43559132
2024-08-14 07:36:56,0,18.6595,177074176,286424,43559132
2024-08-14 07:37:02,3.2,18.6595,177074176,286424,43559132
2024-08-14 07:37:07,0,18.6595,177074176,286514,43559208
2024-08-14 07:37:12,0,18.6595,177074176,286514,43559208
2024-08-14 07:37:17,3.1,18.6595,177074176,286514,43559208
2024-08-14 07:37:22,3.1,18.6595,177074176,287102,43559588
2024-08-14 07:37:28,3.1,18.6595,177074176,287144,43559616
2024-08-14 07:37:33,0,18.6595,177074176,287198,43559662
2024-08-14 07:37:38,0,18.7139,177590272,287288,43559738
2024-08-14 07:37:43,0,18.741,177848320,287342,43559784
2024-08-14 07:37:48,0,18.82,178597888,287384,43559812
2024-08-14 07:37:54,3,18.9275,179617792,287474,43559888
2024-08-14 07:37:59,3.2,19.0363,180649984,287516,43559916
2024-08-14 07:38:04,6.1,19.2525,182702080,287516,43559916
2024-08-14 07:38:09,3.2,19.3341,183476224,287606,43559992
2024-08-14 07:38:14,3.2,19.3613,183734272,287606,43559992
2024-08-14 07:38:20,0,19.3885,183992320,287606,43559992
2024-08-14 07:38:25,6.1,19.3885,183992320,288056,43560372
2024-08-14 07:38:30,3.2,19.3885,183992320,288098,43560400
2024-08-14 07:38:35,3.1,19.3885,183992320,288098,43560400
2024-08-14 07:38:40,0,19.3885,183992320,288188,43560476
2024-08-14 07:38:46,3.2,19.3885,183992320,288230,43560504
2024-08-14 07:38:51,6.1,19.4696,184762368,290266,43562564
2024-08-14 07:38:56,0,19.4696,184762368,290266,43562564
2024-08-14 07:39:01,6.2,19.5227,185266176,290356,43562640
2024-08-14 07:39:06,0,19.5499,185524224,290356,43562640
2024-08-14 07:39:12,3.1,19.5499,185524224,290356,43562640
2024-08-14 07:39:17,5.8,16.9006,160382976,290584,43562716
2024-08-14 07:39:22,3.1,17.0076,161398784,290626,43562744
2024-08-14 07:39:27,6.1,17.0892,162172928,290716,43562820
2024-08-14 07:39:32,3.2,17.0892,162172928,291076,43563124
2024-08-14 07:39:38,3.1,17.0892,162172928,291076,43563124
2024-08-14 07:39:43,0,17.0892,162172928,291118,43563152
2024-08-14 07:39:48,0,17.0892,162172928,291208,43563228
2024-08-14 07:39:53,3.2,17.1423,162676736,291250,43563256
2024-08-14 07:39:58,6.1,17.2239,163450880,291250,43563256
2024-08-14 07:40:04,3.2,17.2239,163450880,291340,43563332
2024-08-14 07:40:09,0,17.4785,165867520,293442,43565392
2024-08-14 07:40:14,6.2,17.4785,165867520,293442,43565392
2024-08-14 07:40:19,0,17.5325,166379520,293532,43565468
2024-08-14 07:40:24,0,17.5597,166637568,293602,43565468
2024-08-14 07:40:30,3.1,17.6141,167153664,293602,43565468
2024-08-14 07:40:35,3.1,17.7474,168419328,294052,43565848
2024-08-14 07:40:40,3.1,17.9378,170225664,294136,43565904
2024-08-14 07:40:45,0,17.9378,170225664,294136,43565904
2024-08-14 07:40:50,6.1,17.9378,170225664,294226,43565980
2024-08-14 07:40:56,0,17.965,170483712,294226,43565980
2024-08-14 07:41:01,6.2,17.965,170483712,294226,43565980
2024-08-14 07:41:06,3.1,17.965,170483712,294454,43566056
2024-08-14 07:41:11,0,17.965,170483712,294496,43566084
2024-08-14 07:41:16,6.2,17.9646,170479616,294496,43566084
2024-08-14 07:41:22,6,17.9646,170479616,294550,43566144
2024-08-14 07:41:27,0,17.9646,170479616,294640,43566220
2024-08-14 07:41:32,0,17.9905,170725376,294640,43566220
2024-08-14 07:41:37,0,17.9905,170725376,294862,43566400
2024-08-14 07:41:42,3.2,17.9905,170725376,295174,43566656
2024-08-14 07:41:48,2.9,17.9905,170725376,297408,43568716
2024-08-14 07:41:53,8.6,17.9905,170725376,297408,43568716
2024-08-14 07:41:58,0,17.9905,170725376,297498,43568792
2024-08-14 07:42:03,0,17.9905,170725376,297498,43568792
2024-08-14 07:42:08,3.2,17.9896,170717184,297498,43568792
2024-08-14 07:42:13,0,17.9896,170717184,297588,43568868
2024-08-14 07:42:19,0,17.9896,170717184,297630,43568896
2024-08-14 07:42:24,0,18.0168,170975232,297684,43568942
2024-08-14 07:42:29,5.8,18.0712,171491328,297816,43569046
2024-08-14 07:42:34,3.1,18.0712,171491328,297816,43569046
2024-08-14 07:42:40,5.6,18.0712,171491328,297816,43569046
2024-08-14 07:42:45,6.1,18.0712,171491328,298266,43569426
2024-08-14 07:42:50,0,18.0712,171491328,298308,43569454
2024-08-14 07:42:55,6.1,18.0712,171491328,298308,43569454
2024-08-14 07:43:00,3,18.0712,171491328,298536,43569530
2024-08-14 07:43:05,0,18.0712,171491328,298536,43569530
2024-08-14 07:43:11,3,18.0712,171491328,298536,43569530
2024-08-14 07:43:16,88.5,23.3262,221360128,562686,43753990
2024-08-14 07:43:21,0,23.3387,221478912,577023,43775706
2024-08-14 07:43:26,3.1,23.3646,221724672,577065,43775734
2024-08-14 07:43:31,3,23.419,222240768,577155,43775810
2024-08-14 07:43:37,8.8,23.419,222240768,577155,43775810
2024-08-14 07:43:42,6.1,23.419,222240768,577155,43775810
2024-08-14 07:43:47,3.1,23.4449,222486528,579461,43778098
2024-08-14 07:43:52,3.2,23.4444,222482432,579641,43778250
2024-08-14 07:43:57,0,23.4444,222482432,579641,43778250
2024-08-14 07:44:03,3.1,23.4716,222740480,579641,43778250
2024-08-14 07:44:08,0,23.4716,222740480,579731,43778326
2024-08-14 07:44:13,0,23.4716,222740480,579731,43778326
2024-08-14 07:44:18,3.2,23.4716,222740480,579731,43778326
2024-08-14 07:44:23,0,23.4716,222740480,579863,43778430
2024-08-14 07:44:29,0,23.4716,222740480,579905,43778458
2024-08-14 07:44:34,0,23.4716,222740480,579905,43778458
2024-08-14 07:44:39,0,23.4716,222740480,579995,43778534
2024-08-14 07:44:44,0,23.4716,222740480,579995,43778534
2024-08-14 07:44:49,3.1,23.4988,222998528,579995,43778534
2024-08-14 07:44:55,3.1,23.5256,223252480,580445,43778914
2024-08-14 07:45:00,3,23.5256,223252480,580625,43778942
2024-08-14 07:45:05,3.1,23.5256,223252480,580625,43778942
2024-08-14 07:45:10,0,23.5528,223510528,580715,43779018
2024-08-14 07:45:15,3,23.5528,223510528,580715,43779018
2024-08-14 07:45:21,0,23.5528,223510528,580757,43779046
2024-08-14 07:45:26,0,23.6615,224542720,580847,43779122
2024-08-14 07:45:31,3.2,23.8234,226078720,580889,43779150
2024-08-14 07:45:36,0,23.905,226852864,580889,43779150
2024-08-14 07:45:41,3.2,23.9322,227110912,580979,43779226
2024-08-14 07:45:47,6,24.0681,228401152,583015,43781286
2024-08-14 07:45:52,3.1,24.0681,228401152,583015,43781286
2024-08-14 07:45:57,3.1,24.0681,228401152,583285,43781514
2024-08-14 07:46:02,0,24.0681,228401152,583465,43781666
2024-08-14 07:46:07,3.2,24.0681,228401152,583465,43781666
2024-08-14 07:46:13,0,24.0681,228401152,583465,43781666
2024-08-14 07:46:18,3,24.0681,228401152,583597,43781770
2024-08-14 07:46:23,3.2,24.0681,228401152,583639,43781798
2024-08-14 07:46:28,0,24.0681,228401152,583639,43781798
2024-08-14 07:46:33,2.9,24.0681,228401152,583729,43781874
2024-08-14 07:46:39,0,24.0681,228401152,583783,43781920
2024-08-14 07:46:44,0,24.0681,228401152,583825,43781948
2024-08-14 07:46:49,2.9,24.0936,228642816,583915,43782024
2024-08-14 07:46:54,0,24.0936,228642816,584053,43782024
2024-08-14 07:46:59,3.1,24.0936,228642816,584143,43782100
2024-08-14 07:47:05,3,24.0936,228642816,584503,43782404
2024-08-14 07:47:10,2.9,24.0936,228642816,584599,43782478
2024-08-14 07:47:15,0,24.0936,228642816,584641,43782506
2024-08-14 07:47:20,3.2,24.0936,228642816,584731,43782582
2024-08-14 07:47:25,6,24.0936,228642816,584731,43782582
2024-08-14 07:47:31,3.1,24.0932,228638720,584731,43782582
2024-08-14 07:47:36,3,24.0932,228638720,584821,43782658
2024-08-14 07:47:41,0,24.0932,228638720,584863,43782686
2024-08-14 07:47:46,3.2,24.1191,228884480,587061,43784926
2024-08-14 07:47:51,3,24.1169,228864000,587151,43785002
2024-08-14 07:47:57,0,24.1169,228864000,587151,43785002
2024-08-14 07:48:02,3.1,24.1169,228864000,587151,43785002
2024-08-14 07:48:07,0,24.1169,228864000,587553,43785334
2024-08-14 07:48:12,6,24.1169,228864000,587685,43785438
2024-08-14 07:48:17,3.1,24.1169,228864000,587685,43785438
2024-08-14 07:48:23,3,24.1169,228864000,587685,43785438
2024-08-14 07:48:28,0,24.1169,228864000,587775,43785514
2024-08-14 07:48:33,3.1,24.1169,228864000,587775,43785514
2024-08-14 07:48:38,0,24.1169,228864000,587775,43785514
2024-08-14 07:48:43,3.2,24.1169,228864000,587865,43785590
2024-08-14 07:48:49,3.1,24.1169,228864000,587977,43785618
2024-08-14 07:48:54,0,24.5688,233152512,618697,43975684
2024-08-14 07:48:59,0,24.5688,233152512,618787,43975760
2024-08-14 07:49:04,3.1,24.5688,233152512,618829,43975788
2024-08-14 07:49:09,6.2,24.5688,233152512,618919,43975864
2024-08-14 07:49:15,2.9,24.5934,233385984,619009,43975940
2024-08-14 07:49:20,0,24.6474,233897984,619009,43975940
2024-08-14 07:49:25,0,24.7017,234414080,619009,43975940
2024-08-14 07:49:30,0,25.2818,239919104,699711,44016081
2024-08-14 07:49:35,0,18.4631,175210496,728274,44039013
2024-08-14 07:49:40,0,18.4631,175210496,728530,44039169
2024-08-14 07:49:46,8.8,18.4631,175210496,728744,44039297
2024-08-14 07:49:51,2.9,18.4631,175210496,728744,44039297
2024-08-14 07:49:56,6,18.4631,175210496,728744,44039297
2024-08-14 07:50:01,3.1,18.4631,175210496,728934,44039401
2024-08-14 07:50:07,0,18.4631,175210496,728976,44039429
2024-08-14 07:50:12,0,18.4631,175210496,728976,44039429
2024-08-14 07:50:17,0,18.4626,175206400,729336,44039733
2024-08-14 07:50:22,3.2,18.4626,175206400,729426,44039809
2024-08-14 07:50:27,0,18.4898,175464448,729426,44039809
2024-08-14 07:50:33,5.8,18.4898,175464448,729516,44039885
2024-08-14 07:50:38,3,18.4898,175464448,729558,44039913
2024-08-14 07:50:43,0,18.4898,175464448,729750,44039959
2024-08-14 07:50:48,3.2,18.6526,177008640,731984,44042019
2024-08-14 07:50:53,0,18.6526,177008640,732074,44042095
2024-08-14 07:50:59,6,18.6526,177008640,732116,44042123
2024-08-14 07:51:04,0,18.6526,177008640,732224,44042243
2024-08-14 07:51:09,0,18.7069,177524736,732314,44042319
2024-08-14 07:51:14,0,18.7341,177782784,732314,44042319
2024-08-14 07:51:19,0,18.7341,177782784,732404,44042395
2024-08-14 07:51:25,6,18.7341,177782784,732536,44042499
2024-08-14 07:51:30,6.2,18.7341,177782784,732536,44042499
2024-08-14 07:51:35,3.1,18.7341,177782784,732536,44042499
2024-08-14 07:51:40,3.1,18.7341,177782784,732626,44042575
2024-08-14 07:51:45,0,18.7341,177782784,732626,44042575
2024-08-14 07:51:51,0,18.7341,177782784,732626,44042575
2024-08-14 07:51:56,0,18.7341,177782784,732758,44042679
2024-08-14 07:52:01,3.1,18.7341,177782784,732800,44042707
2024-08-14 07:52:06,0,18.7341,177782784,732800,44042707
2024-08-14 07:52:11,0,18.7341,177782784,732890,44042783
2024-08-14 07:52:17,3.1,18.7341,177782784,732890,44042783
2024-08-14 07:52:22,0,18.7341,177782784,732890,44042783
2024-08-14 07:52:27,3,18.7337,177778688,733250,44043087
2024-08-14 07:52:32,3.1,18.7337,177778688,733520,44043191
2024-08-14 07:52:37,6.1,18.7337,177778688,733520,44043191
2024-08-14 07:52:43,0,18.7337,177778688,733610,44043267
2024-08-14 07:52:48,0,18.7579,178008064,735910,44045327
