2024-08-14 07:33:40,16.7,17.6763,167743488,160053,26682025
2024-08-14 07:33:46,0,18.9159,179507200,288030,43528817
2024-08-14 07:33:51,0,18.9418,179752960,288030,43528817
2024-08-14 07:33:56,0,18.941,179744768,288120,43528893
2024-08-14 07:34:01,0,18.941,179744768,288480,43529197
2024-08-14 07:34:06,3.1,18.941,179744768,288480,43529197
2024-08-14 07:34:12,3.2,18.941,179744768,288480,43529197
2024-08-14 07:34:17,0,18.941,179744768,288570,43529273
2024-08-14 07:34:22,3.2,18.9936,180244480,288612,43529301
2024-08-14 07:34:27,3.1,19.1555,181780480,288612,43529301
2024-08-14 07:34:32,3.1,19.3437,183566336,288744,43529405
2024-08-14 07:34:38,0,19.4524,184598528,288744,43529405
2024-08-14 07:34:43,3.2,19.4524,184598528,288744,43529405
2024-08-14 07:34:48,0,19.5068,185114624,288834,43529481
2024-08-14 07:34:53,3.1,16.8476,159879168,288876,43529509
2024-08-14 07:34:58,3.2,16.9836,161169408,288876,43529509
2024-08-14 07:35:03,0,17.3901,165027840,291494,43531949
2024-08-14 07:35:09,0,17.4445,165543936,291494,43531949
2024-08-14 07:35:14,3.2,17.4989,166060032,291494,43531949
2024-08-14 07:35:19,0,17.4989,166060032,291584,43532025
2024-08-14 07:35:24,3.2,17.5261,166318080,291626,43532053
2024-08-14 07:35:29,3.1,17.5503,166547456,291626,43532053
2024-08-14 07:35:35,0,17.5485,166531072,291854,43532129
2024-08-14 07:35:40,3.1,17.5485,166531072,291950,43532203
2024-08-14 07:35:45,0,17.5485,166531072,291950,43532203
2024-08-14 07:35:50,0,17.5485,166531072,292020,43532203
2024-08-14 07:35:55,3.1,17.656,167550976,292110,43532279
2024-08-14 07:36:01,3.1,17.7907,168828928,292110,43532279
2024-08-14 07:36:06,0,17.8956,169824256,292200,43532355
2024-08-14 07:36:11,3.1,17.9228,170082304,292602,43532687
2024-08-14 07:36:16,0,17.9228,170082304,292656,43532779
2024-08-14 07:36:21,3.1,17.9245,170098688,292698,43532807
2024-08-14 07:36:26,0,17.9517,170356736,292788,43532883
2024-08-14 07:36:32,6.2,17.9534,170373120,292788,43532883
2024-08-14 07:36:37,0,18.0078,170889216,292788,43532883
2024-08-14 07:36:42,3.1,18.1161,171917312,292878,43532959
2024-08-14 07:36:47,3.2,18.2249,172949504,292920,43532987
2024-08-14 07:36:52,0,18.3337,173981696,292974,43533047
2024-08-14 07:36:58,0,18.5236,175783936,293064,43533123
2024-08-14 07:37:03,3,18.7403,177840128,295232,43535183
2024-08-14 07:37:08,0,18.7403,177840128,295232,43535183
2024-08-14 07:37:13,3.2,18.7403,177840128,295682,43535563
2024-08-14 07:37:18,3.1,18.7403,177840128,295778,43535637
2024-08-14 07:37:24,3.2,18.7403,177840128,295778,43535637
2024-08-14 07:37:29,3.1,18.8218,178614272,295868,43535713
2024-08-14 07:37:34,6.2,18.8218,178614272,296048,43535741
2024-08-14 07:37:39,0,19.0109,180408320,296048,43535741
2024-08-14 07:37:44,0,19.0381,180666368,296138,43535817
2024-08-14 07:37:49,3,19.0381,180666368,296138,43535817
2024-08-14 07:37:55,3.2,19.0381,180666368,296138,43535817
2024-08-14 07:38:00,3.1,19.0381,180666368,296138,43535817
2024-08-14 07:38:05,3.2,19.0381,180666368,296228,43535893
2024-08-14 07:38:10,0,19.0381,180666368,296270,43535921
2024-08-14 07:38:15,0,19.0381,180666368,296492,43536101
2024-08-14 07:38:21,5.9,19.0381,180666368,296762,43536329
2024-08-14 07:38:26,0,19.0381,180666368,296762,43536329
2024-08-14 07:38:31,0,19.0381,180666368,296762,43536329
2024-08-14 07:38:36,3.1,19.0381,180666368,296852,43536405
2024-08-14 07:38:41,0,19.0381,180666368,296894,43536433
2024-08-14 07:38:46,3.2,19.0381,180666368,296894,43536433
2024-08-14 07:38:52,6.1,19.1628,181850112,296984,43536509
2024-08-14 07:38:57,0,19.2172,182366208,296984,43536509
2024-08-14 07:39:02,0,19.5685,185700352,299140,43538615
2024-08-14 07:39:07,6.1,19.5685,185700352,299230,43538691
2024-08-14 07:39:12,0,19.5685,185700352,299272,43538719
2024-08-14 07:39:18,0,19.5685,185700352,299272,43538719
2024-08-14 07:39:23,3.1,19.5685,185700352,299722,43539099
2024-08-14 07:39:28,6.1,19.5685,185700352,299722,43539099
2024-08-14 07:39:33,3.1,19.5685,185700352,299860,43539099
2024-08-14 07:39:38,3.2,19.5685,185700352,299950,43539175
2024-08-14 07:39:44,6.2,19.5685,185700352,299992,43539203
2024-08-14 07:39:49,0,19.5685,185700352,299992,43539203
2024-08-14 07:39:54,3.2,16.9905,161234944,300082,43539279
2024-08-14 07:39:59,3.2,17.0176,161492992,300152,43539279
2024-08-14 07:40:04,0,17.072,162009088,300206,43539325
2024-08-14 07:40:09,3.1,17.0992,162267136,300248,43539353
2024-08-14 07:40:15,3.2,17.1532,162779136,300338,43539429
2024-08-14 07:40:20,3.2,17.1532,162779136,300380,43539457
2024-08-14 07:40:25,0,17.2054,163274752,300560,43539609
2024-08-14 07:40:30,0,17.2054,163274752,300830,43539837
2024-08-14 07:40:35,6,17.4717,165801984,303064,43541897
2024-08-14 07:40:41,0,17.4717,165801984,303064,43541897
2024-08-14 07:40:46,3.2,17.4989,166060032,303154,43541973
2024-08-14 07:40:51,0,17.5261,166318080,303154,43541973
2024-08-14 07:40:56,0,17.6893,167866368,303154,43541973
2024-08-14 07:41:01,3.1,17.6893,167866368,303244,43542049
2024-08-14 07:41:07,0,17.798,168898560,303328,43542105
2024-08-14 07:41:12,0,17.9871,170692608,303328,43542105
2024-08-14 07:41:17,3.1,18.123,171982848,303418,43542181
2024-08-14 07:41:22,3.2,18.1235,171986944,303556,43542181
2024-08-14 07:41:27,3.2,18.1507,172244992,303556,43542181
2024-08-14 07:41:32,3,18.1507,172244992,304006,43542561
2024-08-14 07:41:38,0,18.1507,172244992,304048,43542589
2024-08-14 07:41:43,0,18.2318,173015040,304048,43542589
2024-08-14 07:41:48,0,18.3121,173776896,304138,43542665
2024-08-14 07:41:53,6.2,18.3121,173776896,304138,43542665
2024-08-14 07:41:58,5.9,18.3393,174034944,304180,43542693
2024-08-14 07:42:04,2.8,18.4476,175063040,306570,43544829
2024-08-14 07:42:09,0,18.6384,176873472,306570,43544829
2024-08-14 07:42:14,3.1,18.8287,178679808,306570,43544829
2024-08-14 07:42:19,0,18.9647,179970048,306660,43544905
2024-08-14 07:42:24,0,19.1274,181514240,306660,43544905
2024-08-14 07:42:30,6.1,19.1274,181514240,306660,43544905
2024-08-14 07:42:35,6,19.1274,181514240,307020,43545209
2024-08-14 07:42:40,0,19.1274,181514240,307152,43545313
2024-08-14 07:42:45,0,19.1274,181514240,307152,43545313
2024-08-14 07:42:50,0,19.1274,181514240,307152,43545313
2024-08-14 07:42:56,3.1,19.1274,181514240,307284,43545417
2024-08-14 07:43:01,0,19.1274,181514240,307284,43545417
2024-08-14 07:43:06,96.5,24.0553,228278272,407629,43608009
2024-08-14 07:43:11,0,24.0933,228638720,585756,43751382
2024-08-14 07:43:16,3.2,24.0933,228638720,585756,43751382
2024-08-14 07:43:22,6.2,24.0933,228638720,585894,43751382
2024-08-14 07:43:27,0,24.0933,228638720,585984,43751458
2024-08-14 07:43:32,0,24.0937,228642816,585984,43751458
2024-08-14 07:43:37,3.2,24.0937,228642816,585984,43751458
2024-08-14 07:43:42,3.2,24.0924,228630528,586434,43751838
2024-08-14 07:43:47,6.2,24.0924,228630528,586476,43751866
2024-08-14 07:43:53,0,24.0924,228630528,586518,43751894
2024-08-14 07:43:58,0,24.0924,228630528,586608,43751970
2024-08-14 07:44:03,3.1,24.0924,228630528,588644,43754030
2024-08-14 07:44:08,0,24.0924,228630528,588644,43754030
2024-08-14 07:44:13,3.1,24.0924,228630528,588734,43754106
2024-08-14 07:44:19,3.2,24.0924,228630528,588734,43754106
2024-08-14 07:44:24,3.2,24.0924,228630528,588734,43754106
2024-08-14 07:44:29,8.6,24.0924,228630528,588824,43754182
2024-08-14 07:44:34,6.2,24.1183,228876288,588866,43754210
2024-08-14 07:44:39,0,24.1183,228876288,588866,43754210
2024-08-14 07:44:44,3.2,24.1183,228876288,589226,43754514
2024-08-14 07:44:50,0,24.1179,228872192,589358,43754618
2024-08-14 07:44:55,0,24.1179,228872192,589358,43754618
2024-08-14 07:45:00,3.2,24.1179,228872192,589358,43754618
2024-08-14 07:45:05,0,24.1179,228872192,589448,43754694
2024-08-14 07:45:10,0,24.1179,228872192,589490,43754722
2024-08-14 07:45:16,0,24.1179,228872192,589628,43754722
2024-08-14 07:45:21,6.2,24.1179,228872192,589718,43754798
2024-08-14 07:45:26,3,24.1451,229130240,589718,43754798
2024-08-14 07:45:31,3.1,24.1451,229130240,589718,43754798
2024-08-14 07:45:36,0,24.1451,229130240,589808,43754874
2024-08-14 07:45:42,0,24.1451,229130240,589850,43754902
2024-08-14 07:45:47,0,24.1451,229130240,589892,43754930
2024-08-14 07:45:52,0,24.1451,229130240,590342,43755310
2024-08-14 07:45:57,3.1,24.1451,229130240,590342,43755310
2024-08-14 07:46:02,5.9,24.1451,229130240,592444,43757370
2024-08-14 07:46:07,3.2,24.1446,229126144,592534,43757446
2024-08-14 07:46:13,6.1,24.1446,229126144,592534,43757446
2024-08-14 07:46:18,0,24.1446,229126144,592534,43757446
2024-08-14 07:46:23,3,24.1446,229126144,592624,43757522
2024-08-14 07:46:28,3.1,24.1705,229371904,592624,43757522
2024-08-14 07:46:33,3.2,24.1705,229371904,592624,43757522
2024-08-14 07:46:39,0,24.1705,229371904,592714,43757598
2024-08-14 07:46:44,0,24.2793,230404096,592798,43757654
2024-08-14 07:46:49,0,24.3337,230920192,592798,43757654
2024-08-14 07:46:54,2.9,24.3881,231436288,593158,43757958
2024-08-14 07:46:59,0,24.3881,231436288,593248,43758034
2024-08-14 07:47:05,3.1,24.5737,233197568,593386,43758034
2024-08-14 07:47:10,5.9,24.5737,233197568,593386,43758034
2024-08-14 07:47:15,3,24.5737,233197568,593518,43758138
2024-08-14 07:47:20,3.2,24.5737,233197568,593518,43758138
2024-08-14 07:47:25,0,24.5737,233197568,593518,43758138
2024-08-14 07:47:30,0,24.5737,233197568,593662,43758274
2024-08-14 07:47:36,0,24.5737,233197568,593662,43758274
2024-08-14 07:47:41,0,24.5737,233197568,593704,43758302
2024-08-14 07:47:46,3.1,24.5732,233193472,593794,43758378
2024-08-14 07:47:51,0,24.5732,233193472,593836,43758406
2024-08-14 07:47:56,0,24.7092,234483712,594034,43758574
2024-08-14 07:48:02,17.6,24.8452,235773952,595387,43759910
2024-08-14 07:48:07,3.2,24.8723,236032000,596562,43760938
2024-08-14 07:48:12,3.2,24.8723,236032000,596562,43760938
2024-08-14 07:48:17,3.1,24.8723,236032000,596706,43761106
2024-08-14 07:48:22,3.1,24.8723,236032000,596706,43761106
2024-08-14 07:48:28,0,24.8723,236032000,596706,43761106
2024-08-14 07:48:33,0,24.8723,236032000,597016,43761302
2024-08-14 07:48:38,0,24.8723,236032000,597058,43761330
2024-08-14 07:48:43,0,24.8723,236032000,597058,43761330
2024-08-14 07:48:48,0,25.0165,237400064,627795,43880072
2024-08-14 07:48:53,6.2,25.0165,237400064,627933,43880072
2024-08-14 07:48:59,0,25.0165,237400064,627933,43880072
2024-08-14 07:49:04,3.2,25.0165,237400064,628023,43880148
2024-08-14 07:49:09,6.2,25.0165,237400064,628023,43880148
2024-08-14 07:49:14,3.2,25.0165,237400064,628077,43880194
2024-08-14 07:49:19,64.6,25.4516,241528832,658944,43891525
2024-08-14 07:49:25,0,18.6695,177168384,737544,43938003
2024-08-14 07:49:30,0,18.6967,177426432,737586,43938031
2024-08-14 07:49:35,0,18.887,179232768,737586,43938031
2024-08-14 07:49:40,0,19.0774,181039104,737730,43938153
2024-08-14 07:49:45,0,19.2945,183099392,737730,43938153
2024-08-14 07:49:51,6.2,19.3217,183357440,737730,43938153
2024-08-14 07:49:56,0,19.3217,183357440,737820,43938229
2024-08-14 07:50:01,0,19.3217,183357440,737862,43938257
2024-08-14 07:50:06,0,16.8049,159473664,738042,43938409
2024-08-14 07:50:11,0,16.9395,160751616,738312,43938637
2024-08-14 07:50:16,0,17.0483,161783808,738312,43938637
2024-08-14 07:50:22,0,17.0755,162041856,738312,43938637
2024-08-14 07:50:27,0,17.0755,162041856,738444,43938741
2024-08-14 07:50:32,3.1,17.1286,162545664,738486,43938769
2024-08-14 07:50:37,0,17.2615,163807232,740720,43940829
2024-08-14 07:50:42,3.2,17.2615,163807232,740810,43940905
2024-08-14 07:50:48,6,17.2887,164065280,740810,43940905
2024-08-14 07:50:53,0,17.2887,164065280,740948,43940905
2024-08-14 07:50:58,3.2,17.2887,164065280,741038,43940981
2024-08-14 07:51:03,0,17.3159,164323328,741080,43941009
2024-08-14 07:51:08,0,17.3159,164323328,741080,43941009
2024-08-14 07:51:13,3.1,17.3159,164323328,741170,43941085
2024-08-14 07:51:19,0,17.3431,164581376,741170,43941085
2024-08-14 07:51:24,0,17.4519,165613568,741212,43941113
2024-08-14 07:51:29,0,17.4791,165871616,741302,43941189
2024-08-14 07:51:34,0,17.4791,165871616,741344,43941217
2024-08-14 07:51:39,0,17.4791,165871616,741344,43941217
2024-08-14 07:51:45,3.1,17.5606,166645760,741344,43941217
2024-08-14 07:51:50,0,17.5606,166645760,741434,43941293
2024-08-14 07:51:55,0,17.5606,166645760,741434,43941293
2024-08-14 07:52:00,0,17.5865,166891520,741434,43941293
2024-08-14 07:52:05,0,17.5865,166891520,743626,43943429
2024-08-14 07:52:10,0,17.5865,166891520,743626,43943429
2024-08-14 07:52:16,0,17.6677,167661568,743806,43943581
2024-08-14 07:52:21,3.2,17.7488,168431616,744118,43943837
2024-08-14 07:52:26,3.2,17.8572,169459712,744118,43943837
2024-08-14 07:52:31,3.2,17.8572,169459712,744118,43943837
2024-08-14 07:52:36,3.2,17.9102,169963520,744208,43943913
2024-08-14 07:52:42,0,17.9102,169963520,744250,43943941
