2024-08-14 07:39:20,31.3,18.0814,171581440,255738,41808574
2024-08-14 07:39:25,6,17.8772,169644032,288421,46000170
2024-08-14 07:39:30,0,18.0114,170917888,288601,46000198
2024-08-14 07:39:35,0,18.0922,171683840,288601,46000198
2024-08-14 07:39:41,0,18.1733,172453888,289051,46000578
2024-08-14 07:39:46,0,18.1724,172445696,289051,46000578
2024-08-14 07:39:51,6.1,18.1724,172445696,289051,46000578
2024-08-14 07:39:56,0,18.1724,172445696,289195,46000700
2024-08-14 07:40:01,0,18.1724,172445696,289291,46000774
2024-08-14 07:40:07,3.2,18.1724,172445696,289291,46000774
2024-08-14 07:40:12,3.2,18.172,172441600,289451,46000850
2024-08-14 07:40:17,6.1,18.1724,172445696,289451,46000850
2024-08-14 07:40:22,0,18.1724,172445696,289493,46000878
2024-08-14 07:40:27,3.2,18.4146,174743552,291793,46002936
2024-08-14 07:40:33,3,18.4962,175517696,291883,46003012
2024-08-14 07:40:38,3.1,18.5242,175783936,291883,46003012
2024-08-14 07:40:43,6.1,18.5242,175783936,291973,46003088
2024-08-14 07:40:48,3.2,18.551,176037888,292333,46003392
2024-08-14 07:40:53,3.1,18.6326,176812032,292333,46003392
2024-08-14 07:40:58,6.2,18.8501,178876416,292333,46003392
2024-08-14 07:41:04,3.1,19.0133,180424704,292423,46003468
2024-08-14 07:41:09,0,19.0133,180424704,292465,46003496
2024-08-14 07:41:14,6,19.0133,180424704,292465,46003496
2024-08-14 07:41:19,3.2,19.0133,180424704,292651,46003646
2024-08-14 07:41:24,0,19.0133,180424704,292789,46003646
2024-08-14 07:41:30,3.2,19.0392,180670464,292789,46003646
2024-08-14 07:41:35,3.2,19.0664,180928512,292879,46003722
2024-08-14 07:41:40,0,19.0664,180928512,292879,46003722
2024-08-14 07:41:45,3.1,19.2563,182730752,292969,46003798
2024-08-14 07:41:50,0,19.4182,184266752,293371,46004130
2024-08-14 07:41:56,0,19.4177,184262656,293371,46004130
2024-08-14 07:42:01,3.2,19.4177,184262656,293371,46004130
2024-08-14 07:42:06,0,19.4177,184262656,293461,46004206
2024-08-14 07:42:11,0,19.4449,184520704,293461,46004206
2024-08-14 07:42:16,0,17.2807,163983360,295539,46006292
2024-08-14 07:42:21,3.1,17.3079,164241408,295629,46006368
2024-08-14 07:42:27,3.1,17.3894,165015552,295629,46006368
2024-08-14 07:42:32,3.2,17.471,165789696,295629,46006368
2024-08-14 07:42:37,3.2,17.5526,166563840,295629,46006368
2024-08-14 07:42:42,3.1,17.7158,168112128,295719,46006444
2024-08-14 07:42:47,2.9,17.7158,168112128,295719,46006444
2024-08-14 07:42:53,3.1,17.7158,168112128,295989,46006672
2024-08-14 07:42:58,3.1,17.7162,168116224,296211,46006852
2024-08-14 07:43:03,0,17.7162,168116224,296211,46006852
2024-08-14 07:43:08,0,17.7162,168116224,296211,46006852
2024-08-14 07:43:14,3,17.7162,168116224,296343,46006956
2024-08-14 07:43:19,5.9,17.7961,168873984,296481,46006956
2024-08-14 07:43:24,18.7,23.1579,219754496,335670,46035153
2024-08-14 07:43:29,25,23.2649,220770304,382548,46066986
2024-08-14 07:43:34,33.4,23.3176,221270016,432785,46096031
2024-08-14 07:43:40,9.3,23.3249,221339648,505407,46154360
2024-08-14 07:43:45,0,23.3279,221368320,576922,46216094
2024-08-14 07:43:50,3.2,23.3564,221638656,582180,46227340
2024-08-14 07:43:55,0,23.3836,221896704,582270,46227416
2024-08-14 07:44:00,0,23.381,221872128,582630,46227720
2024-08-14 07:44:06,3,23.3815,221876224,582630,46227720
2024-08-14 07:44:11,0,23.3832,221892608,582672,46227748
2024-08-14 07:44:16,3.1,23.3832,221892608,584930,46229882
2024-08-14 07:44:21,6.2,23.4104,222150656,584984,46229928
2024-08-14 07:44:26,5.8,23.403,222081024,584984,46229928
2024-08-14 07:44:31,3,23.4009,222060544,585074,46230004
2024-08-14 07:44:37,0,23.4251,222289920,585074,46230004
2024-08-14 07:44:42,0,23.4251,222289920,585074,46230004
2024-08-14 07:44:47,3.2,23.4251,222289920,585164,46230080
2024-08-14 07:44:52,3.2,23.4781,222793728,585164,46230080
2024-08-14 07:44:57,0,23.5321,223305728,585164,46230080
2024-08-14 07:45:03,3.1,23.5321,223305728,585524,46230384
2024-08-14 07:45:08,0,23.5321,223305728,585698,46230516
2024-08-14 07:45:13,3.1,23.5593,223563776,585836,46230516
2024-08-14 07:45:18,3,23.5584,223555584,585836,46230516
2024-08-14 07:45:23,0,23.5584,223555584,585926,46230592
2024-08-14 07:45:29,3.1,23.5584,223555584,585926,46230592
2024-08-14 07:45:34,0,23.5571,223543296,585926,46230592
2024-08-14 07:45:39,3.1,23.5589,223559680,586016,46230668
2024-08-14 07:45:44,0,23.5589,223559680,586016,46230668
2024-08-14 07:45:49,3.1,23.5589,223559680,586016,46230668
2024-08-14 07:45:55,0,23.5848,223805440,586106,46230744
2024-08-14 07:46:00,3.1,23.5848,223805440,586190,46230800
2024-08-14 07:46:05,0,23.5848,223805440,586280,46230876
2024-08-14 07:46:10,2.9,23.665,224567296,586640,46231180
2024-08-14 07:46:15,3.1,23.6646,224563200,588862,46233298
2024-08-14 07:46:21,3.2,23.665,224567296,588862,46233298
2024-08-14 07:46:26,0,23.665,224567296,588952,46233374
2024-08-14 07:46:31,3,23.665,224567296,588952,46233374
2024-08-14 07:46:36,0,23.665,224567296,588952,46233374
2024-08-14 07:46:41,5.9,23.6646,224563200,589042,46233450
2024-08-14 07:46:47,0,23.6646,224563200,589042,46233450
2024-08-14 07:46:52,0,23.6646,224563200,589042,46233450
2024-08-14 07:46:57,3.2,23.6646,224563200,589174,46233554
2024-08-14 07:47:02,6,23.6646,224563200,589216,46233582
2024-08-14 07:47:07,6.2,23.6646,224563200,589354,46233582
2024-08-14 07:47:13,3.2,23.6646,224563200,589768,46233932
2024-08-14 07:47:18,3,23.6646,224563200,589858,46234008
2024-08-14 07:47:23,0,23.6646,224563200,589858,46234008
2024-08-14 07:47:28,3.1,23.6646,224563200,589858,46234008
2024-08-14 07:47:33,3,23.6646,224563200,589948,46234084
2024-08-14 07:47:39,3.2,23.6646,224563200,589948,46234084
2024-08-14 07:47:44,2.9,23.6646,224563200,589948,46234084
2024-08-14 07:47:49,3.1,23.6646,224563200,590038,46234160
2024-08-14 07:47:54,0,23.6646,224563200,590122,46234216
2024-08-14 07:47:59,3.2,23.6646,224563200,590122,46234216
2024-08-14 07:48:05,3.2,23.6642,224559104,590212,46234292
2024-08-14 07:48:10,0,23.6642,224559104,590212,46234292
2024-08-14 07:48:15,3.1,23.6914,224817152,590302,46234368
2024-08-14 07:48:20,0,23.8532,226353152,592764,46236730
2024-08-14 07:48:25,3,23.8532,226353152,592834,46236730
2024-08-14 07:48:31,3.2,23.9348,227127296,592834,46236730
2024-08-14 07:48:36,5.8,23.962,227385344,592924,46236806
2024-08-14 07:48:41,6,23.9892,227643392,592924,46236806
2024-08-14 07:48:46,0,24.0164,227901440,592924,46236806
2024-08-14 07:48:51,0,24.0164,227901440,593056,46236910
2024-08-14 07:48:57,0,24.0164,227901440,593098,46236938
2024-08-14 07:49:02,75,24.6324,233746432,621636,46421959
2024-08-14 07:49:07,0,24.6043,233480192,624600,46427106
2024-08-14 07:49:12,0,24.6043,233480192,624600,46427106
2024-08-14 07:49:17,0,24.6043,233480192,624600,46427106
2024-08-14 07:49:23,3.1,24.6043,233480192,624780,46427258
2024-08-14 07:49:28,0,24.6043,233480192,624780,46427258
2024-08-14 07:49:33,3.2,24.6043,233480192,624780,46427258
2024-08-14 07:49:38,3.2,25.1482,238641152,647194,46431010
2024-08-14 07:49:43,6.2,25.2297,239415296,657730,46438246
2024-08-14 07:49:49,19.3,25.2297,239415296,663756,46441905
2024-08-14 07:49:54,0,25.2297,239415296,669146,46445758
2024-08-14 07:49:59,9.3,25.2129,239255552,684643,46457322
2024-08-14 07:50:04,12.9,25.2116,239243264,715132,46473706
2024-08-14 07:50:09,6.2,25.2103,239230976,733782,46485019
2024-08-14 07:50:15,3.1,19.4255,184336384,739860,46493630
2024-08-14 07:50:20,3.1,19.4255,184336384,739860,46493630
2024-08-14 07:50:25,0,19.4799,184852480,740130,46493858
2024-08-14 07:50:30,3.1,16.8236,159645696,740310,46494010
2024-08-14 07:50:35,3.1,16.931,160665600,740310,46494010
2024-08-14 07:50:41,6.2,16.9582,160923648,740310,46494010
2024-08-14 07:50:46,3.2,17.1214,162471936,740442,46494114
2024-08-14 07:50:51,6,17.1214,162471936,740622,46494142
2024-08-14 07:50:56,3.2,17.1214,162471936,740622,46494142
2024-08-14 07:51:01,6.2,17.1214,162471936,740712,46494218
2024-08-14 07:51:06,3.1,17.1214,162471936,740712,46494218
2024-08-14 07:51:12,3.2,17.1214,162471936,740712,46494218
2024-08-14 07:51:17,2.9,17.1218,162476032,740802,46494294
2024-08-14 07:51:22,3.1,17.1218,162476032,740844,46494322
2024-08-14 07:51:27,2.9,17.1218,162476032,740898,46494368
2024-08-14 07:51:32,6.2,17.1218,162476032,741078,46494520
2024-08-14 07:51:38,0,17.1218,162476032,741120,46494548
2024-08-14 07:51:43,3.2,17.149,162734080,741120,46494548
2024-08-14 07:51:48,3.1,17.1758,162988032,741120,46494548
2024-08-14 07:51:53,6.2,17.2574,163762176,741210,46494624
2024-08-14 07:51:58,0,17.2846,164020224,741252,46494652
2024-08-14 07:52:04,8.8,17.2846,164020224,741252,46494652
2024-08-14 07:52:09,0,17.3389,164536320,741342,46494728
2024-08-14 07:52:14,3.1,17.5293,166342656,741342,46494728
2024-08-14 07:52:19,0,17.7982,168894464,743378,46496786
2024-08-14 07:52:24,3,17.8254,169152512,743468,46496862
2024-08-14 07:52:30,3,17.8254,169152512,743468,46496862
2024-08-14 07:52:35,0,17.825,169148416,743870,46497194
2024-08-14 07:52:40,3.1,17.8491,169377792,743960,46497270
2024-08-14 07:52:45,3,17.8491,169377792,743960,46497270
2024-08-14 07:52:50,0,17.8491,169377792,744098,46497270
2024-08-14 07:52:55,0,17.8491,169377792,744188,46497346
2024-08-14 07:53:01,0,17.9834,170651648,744230,46497374
2024-08-14 07:53:06,0,17.9834,170651648,744230,46497374
2024-08-14 07:53:11,3.2,17.9834,170651648,744320,46497450
2024-08-14 07:53:16,3.1,17.9834,170651648,744374,46497496
2024-08-14 07:53:21,25,17.9834,170651648,746607,46499872
