2024-08-14 07:38:14,18.2,17.4782,165863424,174061,29091254
2024-08-14 07:38:20,3.1,18.2016,172728320,271966,43529178
2024-08-14 07:38:25,3,18.2292,172990464,271966,43529178
2024-08-14 07:38:30,0,18.2288,172986368,272236,43529406
2024-08-14 07:38:35,0,18.3091,173748224,272416,43529558
2024-08-14 07:38:40,3.1,18.3363,174006272,272470,43529604
2024-08-14 07:38:46,3,18.3337,173981696,272554,43529660
2024-08-14 07:38:51,0,18.3337,173981696,272644,43529736
2024-08-14 07:38:56,6.2,18.3337,173981696,272644,43529736
2024-08-14 07:39:01,0,18.3354,173998080,272644,43529736
2024-08-14 07:39:06,2.8,18.3354,173998080,272734,43529812
2024-08-14 07:39:12,0,18.3898,174514176,272734,43529812
2024-08-14 07:39:17,5.9,18.4714,175288320,272872,43529812
2024-08-14 07:39:22,5.9,18.4696,175271936,272962,43529888
2024-08-14 07:39:27,3.2,18.4696,175271936,273004,43529916
2024-08-14 07:39:33,3.1,18.4701,175276032,273058,43529962
2024-08-14 07:39:38,0,18.4701,175276032,273508,43530342
2024-08-14 07:39:43,3.1,18.4701,175276032,273550,43530370
2024-08-14 07:39:48,6,18.4718,175292416,273550,43530370
2024-08-14 07:39:53,0,18.4714,175288320,273640,43530446
2024-08-14 07:39:58,5.7,18.4709,175284224,275742,43532505
2024-08-14 07:40:04,0,18.4709,175284224,275742,43532505
2024-08-14 07:40:09,3,18.4705,175280128,275832,43532581
2024-08-14 07:40:14,0,18.4688,175263744,275832,43532581
2024-08-14 07:40:19,3.2,18.4688,175263744,275832,43532581
2024-08-14 07:40:25,8.6,18.5232,175779840,275922,43532657
2024-08-14 07:40:30,3.2,18.5214,175763456,275964,43532685
2024-08-14 07:40:35,3,18.5232,175779840,276006,43532713
2024-08-14 07:40:40,0,18.521,175759360,276436,43533017
2024-08-14 07:40:45,0,18.5767,176287744,276526,43533093
2024-08-14 07:40:51,3.1,18.5754,176275456,276526,43533093
2024-08-14 07:40:56,3.1,18.6565,177045504,276526,43533093
2024-08-14 07:41:01,3,18.8175,178573312,276616,43533169
2024-08-14 07:41:06,3.1,18.8175,178573312,276658,43533197
2024-08-14 07:41:11,3.1,18.9789,180105216,276658,43533197
2024-08-14 07:41:17,0,19.0605,180879360,276886,43533273
2024-08-14 07:41:22,3.2,19.2776,182939648,276886,43533273
2024-08-14 07:41:27,3,19.3614,183734272,276886,43533273
2024-08-14 07:41:32,0,19.5245,185282560,277018,43533377
2024-08-14 07:41:37,3,19.6044,186040320,277060,43533405
2024-08-14 07:41:43,0,19.6044,186040320,277060,43533405
2024-08-14 07:41:48,0,19.6026,186023936,277510,43533785
2024-08-14 07:41:53,0,19.6022,186019840,277510,43533785
2024-08-14 07:41:58,6.1,19.6039,186036224,279678,43535844
2024-08-14 07:42:03,3.1,19.6039,186036224,279768,43535920
2024-08-14 07:42:09,3.2,19.6044,186040320,279768,43535920
2024-08-14 07:42:14,0,19.6061,186056704,279768,43535920
2024-08-14 07:42:19,3.1,19.6039,186036224,279858,43535996
2024-08-14 07:42:24,0,19.6039,186036224,279858,43535996
2024-08-14 07:42:29,3.1,19.6039,186036224,279900,43536024
2024-08-14 07:42:34,0,19.6022,186019840,279990,43536100
2024-08-14 07:42:40,3.1,19.6022,186019840,280032,43536128
2024-08-14 07:42:45,0,19.6022,186019840,280032,43536128
2024-08-14 07:42:50,3,19.6022,186019840,280392,43536432
2024-08-14 07:42:55,6.1,19.6057,186052608,280536,43536554
2024-08-14 07:43:01,0,19.6311,186294272,280536,43536554
2024-08-14 07:43:06,0,19.6311,186294272,280626,43536630
2024-08-14 07:43:11,3.2,19.6311,186294272,280806,43536658
2024-08-14 07:43:16,0,19.6311,186294272,280806,43536658
2024-08-14 07:43:21,3.2,22.9391,217686016,331286,43570716
2024-08-14 07:43:27,23.3,23.0449,218689536,371737,43599246
2024-08-14 07:43:32,42.4,23.0712,218939392,460305,43652881
2024-08-14 07:43:37,0,23.0846,219066368,547513,43729526
2024-08-14 07:43:42,0,23.1674,219852800,559440,43752730
2024-08-14 07:43:47,3.1,23.2205,220356608,559506,43752782
2024-08-14 07:43:53,6.2,23.2205,220356608,559506,43752782
2024-08-14 07:43:58,6.1,23.271,220835840,561992,43755221
2024-08-14 07:44:03,3.2,23.271,220835840,561992,43755221
2024-08-14 07:44:08,6.2,23.271,220835840,561992,43755221
2024-08-14 07:44:13,0,23.271,220835840,562082,43755297
2024-08-14 07:44:18,3.1,23.3241,221339648,562082,43755297
2024-08-14 07:44:24,0,23.3241,221339648,562124,43755325
2024-08-14 07:44:29,6.2,23.3237,221335552,562214,43755401
2024-08-14 07:44:34,0,23.3237,221335552,562310,43755475
2024-08-14 07:44:39,3.1,23.3237,221335552,562310,43755475
2024-08-14 07:44:45,0,23.3496,221581312,562400,43755551
2024-08-14 07:44:50,0,23.3768,221839360,562400,43755551
2024-08-14 07:44:55,0,23.3759,221831168,562400,43755551
2024-08-14 07:45:00,3.1,23.3759,221831168,562898,43755855
2024-08-14 07:45:05,3.1,23.3759,221831168,563030,43755959
2024-08-14 07:45:10,3.2,23.3759,221831168,563030,43755959
2024-08-14 07:45:16,3.1,23.4018,222076928,563120,43756035
2024-08-14 07:45:21,6.1,23.4018,222076928,563162,43756063
2024-08-14 07:45:26,0,23.4562,222593024,563162,43756063
2024-08-14 07:45:31,3.1,23.4562,222593024,563252,43756139
2024-08-14 07:45:36,0,23.4562,222593024,563294,43756167
2024-08-14 07:45:42,8.6,23.4562,222593024,563348,43756259
2024-08-14 07:45:47,0,23.4562,222593024,563348,43756259
2024-08-14 07:45:52,3.1,23.4562,222593024,563438,43756335
2024-08-14 07:45:57,6.2,23.4545,222576640,565474,43758394
2024-08-14 07:46:02,3.1,23.4545,222576640,565654,43758546
2024-08-14 07:46:08,3.2,23.4545,222576640,565924,43758774
2024-08-14 07:46:13,6.2,23.4545,222576640,565966,43758802
2024-08-14 07:46:18,3.1,23.4545,222576640,566020,43758848
2024-08-14 07:46:23,2.9,23.4545,222576640,566110,43758924
2024-08-14 07:46:28,2.9,23.4545,222576640,566152,43758952
2024-08-14 07:46:34,0,23.4545,222576640,566152,43758952
2024-08-14 07:46:39,3.2,23.4545,222576640,566242,43759028
2024-08-14 07:46:44,0,23.4545,222576640,566242,43759028
2024-08-14 07:46:49,0,23.4519,222552064,566380,43759028
2024-08-14 07:46:55,3.1,23.4519,222552064,566470,43759104
2024-08-14 07:47:00,3,23.4743,222765056,566566,43759178
2024-08-14 07:47:05,3.1,23.4743,222765056,566566,43759178
2024-08-14 07:47:10,0,23.4743,222765056,567058,43759586
2024-08-14 07:47:15,3.1,23.476,222781440,567058,43759586
2024-08-14 07:47:21,0,23.5019,223027200,567058,43759586
2024-08-14 07:47:26,0,23.5019,223027200,567148,43759662
2024-08-14 07:47:31,0,23.5019,223027200,567190,43759690
2024-08-14 07:47:36,3.1,23.5019,223027200,567244,43759736
2024-08-14 07:47:41,0,23.5019,223027200,567334,43759812
2024-08-14 07:47:47,3.1,23.5019,223027200,567334,43759812
2024-08-14 07:47:52,6.2,23.5019,223027200,567334,43759812
2024-08-14 07:47:57,3,23.6103,224055296,569370,43761871
2024-08-14 07:48:02,5.8,23.6098,224051200,569460,43761947
2024-08-14 07:48:07,0,23.6098,224051200,569502,43761975
2024-08-14 07:48:12,3,23.6914,224825344,569682,43762127
2024-08-14 07:48:18,0,23.7998,225853440,569952,43762355
2024-08-14 07:48:23,3,23.7998,225853440,569952,43762355
2024-08-14 07:48:28,3.1,23.7998,225853440,569952,43762355
2024-08-14 07:48:33,0,23.7993,225849344,570042,43762431
2024-08-14 07:48:38,5.9,23.7993,225849344,570084,43762459
2024-08-14 07:48:44,0,23.8537,226365440,570084,43762459
2024-08-14 07:48:49,0,23.8537,226365440,570312,43762535
2024-08-14 07:48:54,8.6,23.8537,226365440,570312,43762535
2024-08-14 07:48:59,0,23.8554,226381824,570312,43762535
2024-08-14 07:49:04,2.9,24.3889,231444480,601200,43952730
2024-08-14 07:49:10,3.1,24.3889,231444480,601200,43952730
2024-08-14 07:49:15,0,24.3889,231444480,601200,43952730
2024-08-14 07:49:20,3.2,24.3889,231444480,601290,43952806
2024-08-14 07:49:25,0,24.3889,231444480,601360,43952806
2024-08-14 07:49:30,3,24.3889,231444480,601360,43952806
2024-08-14 07:49:36,0,24.688,234283008,624127,43957073
2024-08-14 07:49:41,0,24.824,235573248,636095,43964353
2024-08-14 07:49:46,9.7,24.824,235573248,645418,43970965
2024-08-14 07:49:51,0,24.824,235573248,647888,43972863
2024-08-14 07:49:56,11.4,24.8197,235532288,651981,43977153
2024-08-14 07:50:02,12.5,24.8063,235405312,679829,43995460
2024-08-14 07:50:07,9.7,24.8024,235368448,714403,44014816
2024-08-14 07:50:12,2.9,18.1118,171876352,723765,44024967
2024-08-14 07:50:17,3.2,18.1377,172122112,723765,44024967
2024-08-14 07:50:22,3.2,18.2737,173412352,724125,44025271
2024-08-14 07:50:28,0,18.3553,174186496,724215,44025347
2024-08-14 07:50:33,5.9,18.3824,174444544,724215,44025347
2024-08-14 07:50:38,0,18.4096,174702592,724353,44025347
2024-08-14 07:50:43,6,18.515,175702016,724443,44025423
2024-08-14 07:50:48,2.9,18.7312,177754112,724485,44025451
2024-08-14 07:50:54,3.1,18.7329,177770496,724485,44025451
2024-08-14 07:50:59,6,18.7601,178028544,724617,44025555
2024-08-14 07:51:04,3,18.84,178786304,724617,44025555
2024-08-14 07:51:09,3.1,18.84,178786304,724617,44025555
2024-08-14 07:51:14,3,18.84,178786304,724707,44025631
2024-08-14 07:51:20,0,18.84,178786304,724749,44025659
2024-08-14 07:51:25,0,18.8672,179044352,724749,44025659
2024-08-14 07:51:30,0,18.9487,179818496,724839,44025735
2024-08-14 07:51:35,3.1,18.9505,179834880,724839,44025735
2024-08-14 07:51:40,0,18.9487,179818496,724839,44025735
2024-08-14 07:51:46,6.2,18.9487,179818496,724929,44025811
2024-08-14 07:51:51,0,18.947,179802112,725013,44025867
2024-08-14 07:51:56,19.4,18.9984,180289536,726480,44027401
2024-08-14 07:52:01,2.9,19.0005,180310016,727139,44028002
2024-08-14 07:52:06,3,19.0023,180326400,727139,44028002
2024-08-14 07:52:12,0,19.0023,180326400,727139,44028002
2024-08-14 07:52:17,0,19.0023,180326400,727283,44028124
2024-08-14 07:52:22,0,19.0023,180326400,727325,44028152
2024-08-14 07:52:27,3.1,19.0023,180326400,727325,44028152
2024-08-14 07:52:32,0,19.0018,180322304,727823,44028456
2024-08-14 07:52:38,0,19.0001,180305920,727967,44028578
2024-08-14 07:52:43,3,19.0001,180305920,727967,44028578
2024-08-14 07:52:48,3,19.0001,180305920,728009,44028606
2024-08-14 07:52:53,0,18.9984,180289536,728099,44028682
2024-08-14 07:52:58,0,19.1611,181833728,728141,44028710
2024-08-14 07:53:04,0,19.1883,182091776,728195,44028756
2024-08-14 07:53:09,3.1,19.2155,182349824,728285,44028832
