2024-08-14 07:38:18,14.3,17.8895,169766912,203121,32412108
2024-08-14 07:38:23,3.1,18.0751,171528192,262070,43525944
2024-08-14 07:38:28,6.1,18.1562,172298240,262070,43525944
2024-08-14 07:38:33,3.1,18.1562,172298240,262562,43526352
2024-08-14 07:38:39,0,18.1553,172290048,262562,43526352
2024-08-14 07:38:44,0,18.1821,172544000,262562,43526352
2024-08-14 07:38:49,0,18.1825,172548096,262652,43526428
2024-08-14 07:38:54,8.6,18.1825,172548096,262694,43526456
2024-08-14 07:38:59,0,18.1821,172544000,262694,43526456
2024-08-14 07:39:05,0,18.1821,172544000,262748,43526502
2024-08-14 07:39:10,3.1,18.1821,172544000,262838,43526578
2024-08-14 07:39:15,0,18.2637,173318144,262838,43526578
2024-08-14 07:39:20,6.1,18.2909,173576192,262838,43526578
2024-08-14 07:39:25,0,18.2909,173576192,262928,43526654
2024-08-14 07:39:31,0,18.2909,173576192,263012,43526710
2024-08-14 07:39:36,0,18.2926,173592576,263172,43526786
2024-08-14 07:39:41,3.2,18.2922,173588480,263532,43527090
2024-08-14 07:39:46,0,18.3737,174362624,265568,43529150
2024-08-14 07:39:51,3.1,18.3737,174362624,265706,43529150
2024-08-14 07:39:57,0,18.3737,174362624,265796,43529226
2024-08-14 07:40:02,3.1,18.3737,174362624,265796,43529226
2024-08-14 07:40:07,6,18.3737,174362624,265796,43529226
2024-08-14 07:40:12,3.2,18.4277,174874624,265886,43529302
2024-08-14 07:40:17,0,18.4277,174874624,265982,43529376
2024-08-14 07:40:23,0,18.4277,174874624,265982,43529376
2024-08-14 07:40:28,0,18.4273,174870528,266114,43529480
2024-08-14 07:40:33,3.1,18.4273,174870528,266114,43529480
2024-08-14 07:40:38,0,18.4273,174870528,266114,43529480
2024-08-14 07:40:43,0,18.5071,175628288,266564,43529860
2024-08-14 07:40:48,0,18.5045,175603712,266606,43529888
2024-08-14 07:40:54,0,18.5024,175583232,266660,43529934
2024-08-14 07:40:59,3.1,18.5024,175583232,266750,43530010
2024-08-14 07:41:04,0,18.5024,175583232,266750,43530010
2024-08-14 07:41:09,0,18.5024,175583232,266750,43530010
2024-08-14 07:41:15,0,18.5024,175583232,266750,43530010
2024-08-14 07:41:20,0,18.5041,175599616,266840,43530086
2024-08-14 07:41:25,3.2,18.5028,175587328,266978,43530188
2024-08-14 07:41:30,0,18.5028,175587328,266978,43530188
2024-08-14 07:41:35,3.1,18.5028,175587328,267068,43530264
2024-08-14 07:41:41,3.2,18.5028,175587328,267206,43530264
2024-08-14 07:41:46,3.1,18.6111,176615424,269668,43532838
2024-08-14 07:41:51,3,18.6111,176615424,269890,43533018
2024-08-14 07:41:56,3.1,18.6111,176615424,269890,43533018
2024-08-14 07:42:01,0,18.6111,176615424,269890,43533018
2024-08-14 07:42:07,3,18.6107,176611328,269980,43533094
2024-08-14 07:42:12,0,18.6379,176869376,269980,43533094
2024-08-14 07:42:17,0,18.6923,177385472,269980,43533094
2024-08-14 07:42:22,3.1,18.7467,177901568,270112,43533198
2024-08-14 07:42:27,0,18.8282,178675712,270112,43533198
2024-08-14 07:42:33,0,18.9085,179437568,270112,43533198
2024-08-14 07:42:38,3,18.9085,179437568,270202,43533274
2024-08-14 07:42:43,3.2,18.9085,179437568,270244,43533302
2024-08-14 07:42:48,3,18.9085,179437568,270244,43533302
2024-08-14 07:42:53,3.1,18.9085,179437568,270694,43533682
2024-08-14 07:42:59,0,18.9085,179437568,270694,43533682
2024-08-14 07:43:04,3.1,18.9085,179437568,270694,43533682
2024-08-14 07:43:09,3,18.9085,179437568,270784,43533758
2024-08-14 07:43:14,6,18.9085,179437568,270784,43533758
2024-08-14 07:43:19,14.7,22.9394,217690112,285863,43551126
2024-08-14 07:43:25,6.2,23.8782,226598912,359469,43594780
2024-08-14 07:43:30,41.4,23.8808,226623488,431197,43639633
2024-08-14 07:43:35,6,23.8907,226717696,539790,43730955
2024-08-14 07:43:40,0,23.8899,226709504,546985,43744232
2024-08-14 07:43:45,3.1,23.9145,226942976,551811,43752337
2024-08-14 07:43:51,5.8,23.9145,226942976,551811,43752337
2024-08-14 07:43:56,6.1,23.9145,226942976,552081,43752565
2024-08-14 07:44:01,2.9,23.914,226938880,552261,43752717
2024-08-14 07:44:06,3.1,23.914,226938880,552261,43752717
2024-08-14 07:44:11,0,23.914,226938880,552303,43752745
2024-08-14 07:44:17,0,23.914,226938880,552393,43752821
2024-08-14 07:44:22,3.1,23.914,226938880,552393,43752821
2024-08-14 07:44:27,0,23.914,226938880,552393,43752821
2024-08-14 07:44:32,3,23.914,226938880,552483,43752897
2024-08-14 07:44:37,5.9,23.9136,226934784,552579,43752971
2024-08-14 07:44:43,2.8,23.9136,226934784,552579,43752971
2024-08-14 07:44:48,3,23.9132,226930688,552669,43753047
2024-08-14 07:44:53,0,23.9132,226930688,552669,43753047
2024-08-14 07:44:58,0,23.9123,226922496,552759,43753123
2024-08-14 07:45:03,3.2,23.9123,226922496,553119,43753427
2024-08-14 07:45:09,3,23.9123,226922496,553161,43753455
2024-08-14 07:45:14,3.1,23.9123,226922496,553161,43753455
2024-08-14 07:45:19,0,23.9114,226914304,553251,43753531
2024-08-14 07:45:24,3.1,23.9114,226914304,553293,43753559
2024-08-14 07:45:29,0,23.9114,226914304,553293,43753559
2024-08-14 07:45:35,0,23.9114,226914304,553521,43753635
2024-08-14 07:45:40,0,23.9114,226914304,553521,43753635
2024-08-14 07:45:45,0,23.9386,227172352,555833,43756055
2024-08-14 07:45:50,6.1,23.9386,227172352,555923,43756131
2024-08-14 07:45:55,0,23.9386,227172352,555923,43756131
2024-08-14 07:46:01,0,23.9386,227172352,555923,43756131
2024-08-14 07:46:06,0,23.9386,227172352,556415,43756539
2024-08-14 07:46:11,3.2,23.9386,227172352,556415,43756539
2024-08-14 07:46:16,3.1,23.9386,227172352,556415,43756539
2024-08-14 07:46:21,6.1,23.9386,227172352,556415,43756539
2024-08-14 07:46:27,2.9,23.9386,227172352,556505,43756615
2024-08-14 07:46:32,0,23.9386,227172352,556547,43756643
2024-08-14 07:46:37,0,23.9386,227172352,556547,43756643
2024-08-14 07:46:42,2.9,23.9386,227172352,556637,43756719
2024-08-14 07:46:47,3.2,23.9386,227172352,556637,43756719
2024-08-14 07:46:53,3.2,23.9645,227418112,556691,43756765
2024-08-14 07:46:58,5.8,23.9645,227418112,556781,43756841
2024-08-14 07:47:03,3,24.0733,228450304,556893,43756869
2024-08-14 07:47:08,3.1,24.2093,229740544,556983,43756945
2024-08-14 07:47:13,3.2,24.2637,230256640,557385,43757277
2024-08-14 07:47:19,0,24.2637,230256640,557385,43757277
2024-08-14 07:47:24,0,24.2637,230256640,557523,43757277
2024-08-14 07:47:29,0,24.2908,230514688,557613,43757353
2024-08-14 07:47:34,0,24.2908,230514688,557613,43757353
2024-08-14 07:47:39,0,24.2908,230514688,557613,43757353
2024-08-14 07:47:44,3.1,24.3409,230989824,559739,43759489
2024-08-14 07:47:50,6.2,24.3409,230989824,559739,43759489
2024-08-14 07:47:55,3.2,24.3677,231243776,559739,43759489
2024-08-14 07:48:00,0,24.3931,231485440,559871,43759593
2024-08-14 07:48:05,0,24.3931,231485440,559871,43759593
2024-08-14 07:48:10,3.1,24.3931,231485440,559871,43759593
2024-08-14 07:48:16,0,24.3931,231485440,560231,43759821
2024-08-14 07:48:21,3.1,24.3931,231485440,560363,43760001
2024-08-14 07:48:26,3,24.3931,231485440,560363,43760001
2024-08-14 07:48:31,5.9,24.3931,231485440,560363,43760001
2024-08-14 07:48:36,3,24.3931,231485440,560453,43760077
2024-08-14 07:48:42,0,24.3931,231485440,560453,43760077
2024-08-14 07:48:47,0,24.3931,231485440,560453,43760077
2024-08-14 07:48:52,9.1,24.419,231731200,560543,43760153
2024-08-14 07:48:57,0,24.419,231731200,560627,43760209
2024-08-14 07:49:02,3,25.2244,239374336,592237,43950302
2024-08-14 07:49:08,5.8,25.224,239370240,592327,43950378
2024-08-14 07:49:13,3.2,25.224,239370240,592327,43950378
2024-08-14 07:49:18,6.2,25.224,239370240,592417,43950454
2024-08-14 07:49:23,0,25.224,239370240,592645,43950530
2024-08-14 07:49:28,3.1,25.224,239370240,592645,43950530
2024-08-14 07:49:34,0,25.4946,241938432,615059,43954283
2024-08-14 07:49:39,6.2,25.5762,242712576,627514,43962183
2024-08-14 07:49:44,25.7,25.603,242966528,631861,43966984
2024-08-14 07:49:49,3,25.603,242966528,641187,43972807
2024-08-14 07:49:55,0,25.5978,242917376,643655,43975122
2024-08-14 07:50:00,3.2,25.587,242814976,664132,43989806
2024-08-14 07:50:05,18.2,25.5836,242782208,698385,44008109
2024-08-14 07:50:10,3,18.5507,176041984,716544,44023394
2024-08-14 07:50:15,6.2,18.6085,176590848,716850,44023630
2024-08-14 07:50:21,3.1,18.6629,177106944,716850,44023630
2024-08-14 07:50:26,3.1,18.7173,177623040,717210,44023934
2024-08-14 07:50:31,3.1,18.7445,177881088,717300,44024010
2024-08-14 07:50:36,3.1,18.7989,178397184,717300,44024010
2024-08-14 07:50:41,3.2,18.8261,178655232,717300,44024010
2024-08-14 07:50:47,0,18.8261,178655232,717432,44024114
2024-08-14 07:50:52,6.1,18.8515,178896896,717474,44024142
2024-08-14 07:50:57,3,18.8787,179154944,717474,44024142
2024-08-14 07:51:02,0,18.9875,180187136,717564,44024218
2024-08-14 07:51:07,2.9,18.9875,180187136,717564,44024218
2024-08-14 07:51:13,0,18.9875,180187136,717564,44024218
2024-08-14 07:51:18,0,18.9875,180187136,717792,44024294
2024-08-14 07:51:23,3.1,19.0147,180445184,717834,44024322
2024-08-14 07:51:28,3,19.0963,181219328,717924,44024398
2024-08-14 07:51:33,3.1,19.1507,181735424,718014,44024474
2024-08-14 07:51:39,6,19.1778,181993472,718014,44024474
2024-08-14 07:51:44,3,19.2849,183009280,718056,44024502
2024-08-14 07:51:49,0,19.6626,186593280,720314,44026638
2024-08-14 07:51:54,0,19.6626,186593280,720314,44026638
2024-08-14 07:51:59,3.1,19.6626,186593280,720314,44026638
2024-08-14 07:52:05,6.2,19.6626,186593280,720404,44026714
2024-08-14 07:52:10,6.2,19.6885,186839040,720404,44026714
2024-08-14 07:52:15,0,19.6885,186839040,720404,44026714
2024-08-14 07:52:20,3,16.9843,161177600,720494,44026790
2024-08-14 07:52:25,3,17.0115,161435648,720536,44026818
2024-08-14 07:52:31,8.6,17.0379,161685504,720626,44026894
2024-08-14 07:52:36,0,17.1453,162705408,720986,44027198
2024-08-14 07:52:41,3.1,17.3085,164253696,721086,44027318
2024-08-14 07:52:46,0,17.3085,164253696,721160,44027430
2024-08-14 07:52:51,3.1,17.4682,165769216,725596,44031250
2024-08-14 07:52:57,0,17.4954,166027264,725740,44031372
