2024-08-14 07:33:36,6.6,17.5968,166989824,161432,26674996
2024-08-14 07:33:41,3.1,18.7803,178221056,273943,43536834
2024-08-14 07:33:47,3.1,18.7803,178221056,273943,43536834
2024-08-14 07:33:52,6.2,18.8062,178466816,273943,43536834
2024-08-14 07:33:57,3.2,18.8058,178462720,274447,43537260
2024-08-14 07:34:02,0,18.9689,180011008,274489,43537288
2024-08-14 07:34:07,0,19.1852,182063104,274489,43537288
2024-08-14 07:34:12,0,19.3751,183865344,274579,43537364
2024-08-14 07:34:18,6.2,19.3751,183865344,274579,43537364
2024-08-14 07:34:23,6.1,19.3768,183881728,274579,43537364
2024-08-14 07:34:28,6.2,19.3768,183881728,274669,43537440
2024-08-14 07:34:33,5.9,19.3751,183865344,274765,43537560
2024-08-14 07:34:38,6,19.3751,183865344,274765,43537560
2024-08-14 07:34:44,6.2,19.3768,183881728,274855,43537636
2024-08-14 07:34:49,6.1,19.3768,183881728,274855,43537636
2024-08-14 07:34:54,3.2,19.3768,183881728,274855,43537636
2024-08-14 07:34:59,3.2,19.3768,183881728,275257,43537968
2024-08-14 07:35:04,3.1,19.4036,184135680,275347,43538044
2024-08-14 07:35:09,3.2,19.4036,184135680,275347,43538044
2024-08-14 07:35:15,3.2,19.4036,184135680,275533,43538194
2024-08-14 07:35:20,3.2,19.4036,184135680,275587,43538240
2024-08-14 07:35:25,6.2,19.4036,184135680,275641,43538286
2024-08-14 07:35:30,3.1,19.4286,184373248,277677,43540346
2024-08-14 07:35:35,6.2,19.4286,184373248,277905,43540422
2024-08-14 07:35:41,6.2,19.4558,184631296,277959,43540468
2024-08-14 07:35:46,6,19.4558,184631296,278029,43540468
2024-08-14 07:35:51,6.2,19.4558,184631296,278119,43540544
2024-08-14 07:35:56,3.1,19.483,184889344,278161,43540572
2024-08-14 07:36:01,3.2,19.483,184889344,278161,43540572
2024-08-14 07:36:06,3.1,19.483,184889344,278611,43540952
2024-08-14 07:36:12,3.2,19.483,184889344,278653,43540980
2024-08-14 07:36:17,3.2,19.483,184889344,278653,43540980
2024-08-14 07:36:22,3.1,19.483,184889344,278743,43541056
2024-08-14 07:36:27,3.2,19.4808,184868864,278743,43541056
2024-08-14 07:36:32,3.1,19.4808,184868864,278743,43541056
2024-08-14 07:36:38,3.2,19.48,184860672,278941,43541224
2024-08-14 07:36:43,3.1,19.48,184860672,278941,43541224
2024-08-14 07:36:48,3.2,19.48,184860672,278983,43541252
2024-08-14 07:36:53,3.2,19.48,184860672,279127,43541374
2024-08-14 07:36:58,0,19.48,184860672,279169,43541402
2024-08-14 07:37:03,3.2,19.48,184860672,279169,43541402
2024-08-14 07:37:09,0,19.48,184860672,279529,43541706
2024-08-14 07:37:14,0,19.48,184860672,279673,43541828
2024-08-14 07:37:19,0,19.48,184860672,279673,43541828
2024-08-14 07:37:24,0,19.48,184860672,279763,43541904
2024-08-14 07:37:29,0,19.5892,185896960,282201,43543964
2024-08-14 07:37:34,0,19.5892,185896960,282243,43543992
2024-08-14 07:37:40,0,17.0435,161738752,282243,43543992
2024-08-14 07:37:45,0,17.1522,162770944,282375,43544096
2024-08-14 07:37:50,0,17.3426,164577280,282375,43544096
2024-08-14 07:37:55,0,17.5316,166371328,282429,43544188
2024-08-14 07:38:00,0,17.722,168177664,282519,43544264
2024-08-14 07:38:06,0,17.9378,170225664,282519,43544264
2024-08-14 07:38:11,6.2,18.1281,172032000,282609,43544340
2024-08-14 07:38:16,5.8,18.3457,174096384,283065,43544718
2024-08-14 07:38:21,6.1,18.3988,174600192,283065,43544718
2024-08-14 07:38:26,3.2,18.3988,174600192,283065,43544718
2024-08-14 07:38:31,3.2,18.3988,174600192,283155,43544794
2024-08-14 07:38:37,3.1,18.3988,174600192,283155,43544794
2024-08-14 07:38:42,3.1,18.3988,174600192,283197,43544822
2024-08-14 07:38:47,3.2,18.3884,174501888,283287,43544898
2024-08-14 07:38:52,3.2,18.3884,174501888,283287,43544898
2024-08-14 07:38:57,6.1,18.3884,174501888,283287,43544898
2024-08-14 07:39:03,6.2,18.3884,174501888,283377,43544974
2024-08-14 07:39:08,0,18.4143,174747648,283419,43545002
2024-08-14 07:39:13,0,18.5231,175779840,283419,43545002
2024-08-14 07:39:18,0,18.5231,175779840,283869,43545382
2024-08-14 07:39:23,0,18.5226,175775744,284007,43545382
2024-08-14 07:39:28,0,18.5451,175988736,286241,43547442
2024-08-14 07:39:34,0,18.5451,175988736,286241,43547442
2024-08-14 07:39:39,6.2,18.5451,175988736,286373,43547546
2024-08-14 07:39:44,6.2,18.5451,175988736,286373,43547546
2024-08-14 07:39:49,0,18.5447,175984640,286373,43547546
2024-08-14 07:39:54,3.2,18.5447,175984640,286463,43547622
2024-08-14 07:40:00,6.1,18.5447,175984640,286533,43547622
2024-08-14 07:40:05,6.2,18.5447,175984640,286533,43547622
2024-08-14 07:40:10,6.2,18.5447,175984640,286623,43547698
2024-08-14 07:40:15,0,18.5447,175984640,286665,43547726
2024-08-14 07:40:20,0,18.5438,175976448,286665,43547726
2024-08-14 07:40:26,0,18.5693,176218112,287115,43548106
2024-08-14 07:40:31,0,18.5693,176218112,287115,43548106
2024-08-14 07:40:36,0,18.5693,176218112,287157,43548134
2024-08-14 07:40:41,3.1,18.5693,176218112,287247,43548210
2024-08-14 07:40:46,3.2,18.5693,176218112,287247,43548210
2024-08-14 07:40:51,6.1,18.7052,177508352,287247,43548210
2024-08-14 07:40:57,3.1,19.2188,182382592,289373,43550346
2024-08-14 07:41:02,3.2,19.2188,182382592,289373,43550346
2024-08-14 07:41:07,2.9,19.2188,182382592,289373,43550346
2024-08-14 07:41:12,0,19.2188,182382592,289601,43550422
2024-08-14 07:41:17,0,19.2188,182382592,289601,43550422
2024-08-14 07:41:23,0,19.2732,182898688,289601,43550422
2024-08-14 07:41:28,6.2,19.2732,182898688,290051,43550802
2024-08-14 07:41:33,6,19.2732,182898688,290093,43550830
2024-08-14 07:41:38,3.2,19.2732,182898688,290093,43550830
2024-08-14 07:41:43,3.2,19.2732,182898688,290183,43550906
2024-08-14 07:41:48,3.2,19.2732,182898688,290225,43550934
2024-08-14 07:41:54,3.2,19.2732,182898688,290225,43550934
2024-08-14 07:41:59,0,19.2732,182898688,290225,43550934
2024-08-14 07:42:04,0,19.2732,182898688,290315,43551010
2024-08-14 07:42:09,3.1,19.2732,182898688,290369,43551056
2024-08-14 07:42:14,0,19.2732,182898688,290369,43551056
2024-08-14 07:42:20,0,19.2732,182898688,290459,43551132
2024-08-14 07:42:25,0,19.2732,182898688,290459,43551132
2024-08-14 07:42:30,0,19.4636,184705024,292603,43553220
2024-08-14 07:42:35,0,19.5452,185479168,293053,43553600
2024-08-14 07:42:40,0,16.9477,160829440,293053,43553600
2024-08-14 07:42:45,0,17.1108,162377728,293053,43553600
2024-08-14 07:42:51,0,17.1924,163151872,293143,43553676
2024-08-14 07:42:56,0,17.2468,163667968,293143,43553676
2024-08-14 07:43:01,0,17.2727,163913728,293143,43553676
2024-08-14 07:43:06,100,23.0115,218374144,374107,43607752
2024-08-14 07:43:11,3.1,23.0758,218984448,571748,43759641
2024-08-14 07:43:17,3.1,23.0758,218984448,571748,43759641
2024-08-14 07:43:22,0,23.1017,219230208,571880,43759745
2024-08-14 07:43:27,0,23.1017,219230208,571880,43759745
2024-08-14 07:43:32,0,23.1289,219488256,571880,43759745
2024-08-14 07:43:37,0,23.1285,219484160,572330,43760125
2024-08-14 07:43:42,6.2,23.1557,219742208,572330,43760125
2024-08-14 07:43:48,6.2,23.2101,220258304,572330,43760125
2024-08-14 07:43:53,3.2,23.2373,220516352,572330,43760125
2024-08-14 07:43:58,3.2,23.2644,220774400,572420,43760201
2024-08-14 07:44:03,3.2,23.3175,221278208,572462,43760229
2024-08-14 07:44:08,6.2,23.3175,221278208,572462,43760229
2024-08-14 07:44:14,0,23.3171,221274112,572552,43760305
2024-08-14 07:44:19,0,23.3982,222044160,572594,43760333
2024-08-14 07:44:24,0,23.4526,222560256,572594,43760333
2024-08-14 07:44:29,0,23.8061,225914880,574720,43762469
2024-08-14 07:44:34,0,23.8061,225914880,574720,43762469
2024-08-14 07:44:39,6.2,23.8061,225914880,574720,43762469
2024-08-14 07:44:45,2.7,23.8061,225914880,575170,43762849
2024-08-14 07:44:50,0,23.8061,225914880,575170,43762849
2024-08-14 07:44:55,6.2,23.8061,225914880,575308,43762849
2024-08-14 07:45:00,6.2,23.8061,225914880,575398,43762925
2024-08-14 07:45:06,3.2,23.8061,225914880,575440,43762953
2024-08-14 07:45:11,3.2,23.8061,225914880,575440,43762953
2024-08-14 07:45:16,3.2,23.8061,225914880,575630,43763103
2024-08-14 07:45:21,3.2,23.8061,225914880,575746,43763103
2024-08-14 07:45:26,3.1,23.8061,225914880,575804,43763103
2024-08-14 07:45:31,0,23.8061,225914880,575952,43763179
2024-08-14 07:45:37,0,23.8061,225914880,575952,43763179
2024-08-14 07:45:42,0,23.8061,225914880,575952,43763179
2024-08-14 07:45:47,0,23.8061,225914880,576402,43763559
2024-08-14 07:45:52,6.2,23.8061,225914880,576502,43763587
2024-08-14 07:45:57,3.1,23.8061,225914880,576502,43763587
2024-08-14 07:46:02,3.1,23.8057,225910784,576592,43763663
2024-08-14 07:46:08,3.2,23.8057,225910784,576592,43763663
2024-08-14 07:46:13,3.2,23.8057,225910784,576688,43763737
2024-08-14 07:46:18,3.2,23.8057,225910784,576688,43763737
2024-08-14 07:46:23,0,23.8057,225910784,576778,43763813
2024-08-14 07:46:28,0,23.8843,226656256,578814,43765873
2024-08-14 07:46:34,0,23.8843,226656256,578856,43765901
2024-08-14 07:46:39,0,23.8843,226656256,578946,43765977
2024-08-14 07:46:44,0,23.8843,226656256,579084,43765977
2024-08-14 07:46:49,0,23.993,227688448,579084,43765977
2024-08-14 07:46:54,0,24.1562,229236736,579534,43766357
2024-08-14 07:46:59,6.2,24.3193,230785024,579534,43766357
2024-08-14 07:47:05,3.1,24.5636,233103360,579534,43766357
2024-08-14 07:47:10,3.1,24.8084,235425792,579666,43766461
2024-08-14 07:47:15,3.2,22.3477,212074496,579708,43766489
2024-08-14 07:47:20,3.2,22.4836,213364736,579708,43766489
2024-08-14 07:47:25,3.1,22.4836,213364736,579798,43766565
2024-08-14 07:47:31,3.2,22.5359,213860352,579798,43766565
2024-08-14 07:47:36,3.2,22.6446,214892544,579852,43766611
2024-08-14 07:47:41,3.2,22.671,215142400,579942,43766687
2024-08-14 07:47:46,3.2,22.6982,215400448,579996,43766733
2024-08-14 07:47:51,0,22.8596,216932352,580038,43766761
2024-08-14 07:47:56,0,22.8868,217190400,580488,43767141
2024-08-14 07:48:02,0,23.103,219242496,580488,43767141
2024-08-14 07:48:07,0,23.2934,221048832,580530,43767169
2024-08-14 07:48:12,0,23.3206,221306880,580530,43767169
2024-08-14 07:48:17,0,23.3206,221306880,580620,43767245
2024-08-14 07:48:22,0,23.3206,221306880,580662,43767273
2024-08-14 07:48:28,0,23.4531,222564352,582698,43769333
2024-08-14 07:48:33,0,23.4531,222564352,582788,43769409
2024-08-14 07:48:38,3.2,23.4531,222564352,582996,43769409
2024-08-14 07:48:43,3.2,23.4531,222564352,582996,43769409
2024-08-14 07:48:48,3.2,24.2585,230207488,613534,43959500
2024-08-14 07:48:53,0,24.2585,230207488,613534,43959500
2024-08-14 07:48:59,0,24.2585,230207488,613534,43959500
2024-08-14 07:49:04,0,24.258,230203392,613666,43959604
2024-08-14 07:49:09,0,24.258,230203392,613666,43959604
2024-08-14 07:49:14,0,24.2839,230449152,613666,43959604
2024-08-14 07:49:19,6.2,24.337,230952960,613756,43959680
2024-08-14 07:49:24,3.2,18.76,178028544,720791,44015482
2024-08-14 07:49:30,3.1,18.8131,178532352,720791,44015482
2024-08-14 07:49:35,3.2,18.8131,178532352,720935,44015618
2024-08-14 07:49:40,3.1,18.8403,178790400,720935,44015618
2024-08-14 07:49:45,0,18.975,180068352,720935,44015618
2024-08-14 07:49:50,0,18.975,180068352,721079,44015740
2024-08-14 07:49:56,0,19.1109,181358592,721121,44015768
2024-08-14 07:50:01,0,19.1109,181358592,721163,44015796
2024-08-14 07:50:06,6.2,19.1118,181366784,721613,44016176
2024-08-14 07:50:11,3.2,19.2478,182657024,721667,44016222
2024-08-14 07:50:16,3.1,19.4092,184188928,721667,44016222
2024-08-14 07:50:21,0,19.4092,184188928,721667,44016222
2024-08-14 07:50:27,0,19.4334,184418304,723925,44018358
2024-08-14 07:50:32,0,19.4334,184418304,724063,44018358
2024-08-14 07:50:37,0,19.4334,184418304,724063,44018358
2024-08-14 07:50:42,6.2,19.4334,184418304,724153,44018434
2024-08-14 07:50:47,3.2,19.4334,184418304,724153,44018434
2024-08-14 07:50:53,3.1,19.4334,184418304,724195,44018462
2024-08-14 07:50:58,3.2,19.4334,184418304,724285,44018538
2024-08-14 07:51:03,0,19.4334,184418304,724327,44018566
2024-08-14 07:51:08,0,19.4334,184418304,724327,44018566
2024-08-14 07:51:13,0,19.4334,184418304,724417,44018642
2024-08-14 07:51:18,0,19.4334,184418304,724417,44018642
2024-08-14 07:51:24,6.2,19.4334,184418304,724417,44018642
2024-08-14 07:51:29,3.2,19.4334,184418304,724507,44018718
2024-08-14 07:51:34,3.1,19.4334,184418304,724549,44018746
2024-08-14 07:51:39,0,19.4334,184418304,724603,44018792
2024-08-14 07:51:44,0,19.4334,184418304,724747,44018914
2024-08-14 07:51:49,0,19.4334,184418304,724789,44018942
2024-08-14 07:51:55,0,19.4334,184418304,724789,44018942
2024-08-14 07:52:00,3.1,19.4334,184418304,724879,44019018
2024-08-14 07:52:05,3.2,19.4334,184418304,724921,44019046
2024-08-14 07:52:10,3.2,19.4334,184418304,724921,44019046
2024-08-14 07:52:15,0,19.4325,184410112,725281,44019350
2024-08-14 07:52:21,0,19.4325,184410112,725509,44019426
2024-08-14 07:52:26,12.9,19.4316,184401920,735766,44024770
