2024-08-14 07:39:15,19.4,17.6614,167596032,224713,36528558
2024-08-14 07:39:21,0,18.286,173522944,306468,45768670
2024-08-14 07:39:26,3.1,18.3403,174039040,306558,45768746
2024-08-14 07:39:31,3.2,18.3403,174039040,306558,45768746
2024-08-14 07:39:36,3.1,18.3675,174297088,306558,45768746
2024-08-14 07:39:41,0,18.4219,174813184,307050,45769154
2024-08-14 07:39:47,3.1,18.5035,175587328,307188,45769154
2024-08-14 07:39:52,0,18.6667,177135616,307188,45769154
2024-08-14 07:39:57,3,18.7737,178151424,307188,45769154
2024-08-14 07:40:02,3.2,18.8277,178663424,307452,45769276
2024-08-14 07:40:08,0,18.8277,178663424,307552,45769304
2024-08-14 07:40:13,0,18.8277,178663424,307552,45769304
2024-08-14 07:40:18,3.1,18.936,179691520,307700,45769380
2024-08-14 07:40:23,0,18.9904,180207616,307770,45769380
2024-08-14 07:40:28,3.2,19.1795,182001664,307770,45769380
2024-08-14 07:40:33,3.1,19.261,182775808,307960,45769484
2024-08-14 07:40:39,3,19.2882,183033856,308014,45769530
2024-08-14 07:40:44,6,16.7264,158724096,308146,45769634
2024-08-14 07:40:49,3.2,17.367,164802560,310806,45771998
2024-08-14 07:40:54,0,17.3907,165027840,310806,45771998
2024-08-14 07:40:59,3.1,17.3907,165027840,310806,45771998
2024-08-14 07:41:05,3,17.3907,165027840,310896,45772074
2024-08-14 07:41:10,0,17.3942,165060608,310896,45772074
2024-08-14 07:41:15,6.2,17.3942,165060608,310896,45772074
2024-08-14 07:41:20,0,17.3942,165060608,310986,45772150
2024-08-14 07:41:25,0,17.3942,165060608,311028,45772178
2024-08-14 07:41:31,0,17.3942,165060608,311070,45772206
2024-08-14 07:41:36,3.1,17.3925,165044224,311214,45772328
2024-08-14 07:41:41,0,17.4192,165298176,311214,45772328
2024-08-14 07:41:46,3.1,17.4153,165261312,311352,45772328
2024-08-14 07:41:51,3,17.4153,165261312,311802,45772708
2024-08-14 07:41:57,6,17.4171,165277696,311802,45772708
2024-08-14 07:42:02,3.1,17.4171,165277696,311802,45772708
2024-08-14 07:42:07,0,17.4443,165535744,311802,45772708
2024-08-14 07:42:12,3,17.4443,165535744,311934,45772812
2024-08-14 07:42:17,0,17.4425,165519360,311934,45772812
2024-08-14 07:42:23,0,17.4425,165519360,311934,45772812
2024-08-14 07:42:28,3.2,17.4697,165777408,312120,45772962
2024-08-14 07:42:33,3.1,17.6303,167301120,312174,45773008
2024-08-14 07:42:38,3,17.7119,168075264,312174,45773008
2024-08-14 07:42:43,6,17.7119,168075264,312264,45773084
2024-08-14 07:42:49,3.1,17.7391,168333312,314366,45775144
2024-08-14 07:42:54,0,17.7391,168333312,314588,45775324
2024-08-14 07:42:59,3.1,17.7373,168316928,314858,45775552
2024-08-14 07:43:04,0,17.7373,168316928,314912,45775598
2024-08-14 07:43:09,3.2,17.7378,168321024,314912,45775598
2024-08-14 07:43:15,8.6,17.7378,168321024,315002,45775674
2024-08-14 07:43:20,6.2,17.7395,168337408,315002,45775674
2024-08-14 07:43:25,8.8,23.1557,219734016,366316,45811027
2024-08-14 07:43:30,12.1,23.2369,220504064,411119,45840776
2024-08-14 07:43:35,40.6,23.2373,220508160,480568,45882902
2024-08-14 07:43:41,10,23.3003,221106176,564560,45953042
2024-08-14 07:43:46,3.2,23.3292,221380608,597332,45993756
2024-08-14 07:43:51,6.1,23.3292,221380608,597332,45993756
2024-08-14 07:43:56,3.2,23.3292,221380608,597332,45993756
2024-08-14 07:44:01,0,23.356,221634560,597782,45994136
2024-08-14 07:44:06,0,23.4376,222408704,597782,45994136
2024-08-14 07:44:12,2.9,23.4376,222408704,597782,45994136
2024-08-14 07:44:17,3.2,23.4648,222666752,597872,45994212
2024-08-14 07:44:22,0,23.5105,223100928,597956,45994268
2024-08-14 07:44:27,0,23.5084,223080448,597956,45994268
2024-08-14 07:44:32,6.1,23.5084,223080448,597956,45994268
2024-08-14 07:44:38,0,23.5084,223080448,598046,45994344
2024-08-14 07:44:43,3.1,23.5084,223080448,598046,45994344
2024-08-14 07:44:48,3.1,23.5084,223080448,600082,45996404
2024-08-14 07:44:53,0,23.5079,223076352,600172,45996480
2024-08-14 07:44:58,3,23.5615,223584256,600172,45996480
2024-08-14 07:45:04,3.1,23.5615,223584256,600352,45996632
2024-08-14 07:45:09,0,23.5615,223584256,600622,45996860
2024-08-14 07:45:14,3.2,23.5615,223584256,600676,45996920
2024-08-14 07:45:19,0,23.5886,223842304,600718,45996948
2024-08-14 07:45:24,0,23.615,224092160,600808,45997024
2024-08-14 07:45:30,0,23.7216,225103872,600988,45997052
2024-08-14 07:45:35,3.2,23.7216,225103872,600988,45997052
2024-08-14 07:45:40,0,23.7216,225103872,601078,45997128
2024-08-14 07:45:45,3.2,23.7216,225103872,601078,45997128
2024-08-14 07:45:50,3.2,23.7207,225095680,601078,45997128
2024-08-14 07:45:56,3.1,23.7207,225095680,601168,45997204
2024-08-14 07:46:01,0,23.7207,225095680,601168,45997204
2024-08-14 07:46:06,0,23.7207,225095680,601258,45997280
2024-08-14 07:46:11,0,23.7207,225095680,601702,45997640
2024-08-14 07:46:16,5.9,23.7207,225095680,601702,45997640
2024-08-14 07:46:21,6.1,23.7207,225095680,601702,45997640
2024-08-14 07:46:27,0,23.7207,225095680,601792,45997716
2024-08-14 07:46:32,3.1,23.8295,226127872,601792,45997716
2024-08-14 07:46:37,6.1,23.8295,226127872,601792,45997716
2024-08-14 07:46:42,3.1,23.8295,226127872,601792,45997792
2024-08-14 07:46:47,8.8,23.94,227176448,603984,45999852
2024-08-14 07:46:53,0,23.94,227176448,603984,45999852
2024-08-14 07:46:58,2.9,23.94,227176448,604038,45999898
2024-08-14 07:47:03,3.1,23.94,227176448,604128,45999974
2024-08-14 07:47:08,3.2,23.94,227176448,604170,46000002
2024-08-14 07:47:13,2.9,23.94,227176448,604350,46000154
2024-08-14 07:47:19,0,23.94,227176448,604800,46000410
2024-08-14 07:47:24,0,24.0488,228208640,604800,46000410
2024-08-14 07:47:29,3.2,24.1032,228724736,604800,46000410
2024-08-14 07:47:34,3.2,24.1575,229240832,604890,46000486
2024-08-14 07:47:39,0,24.2663,230273024,604890,46000486
2024-08-14 07:47:45,0,24.2663,230273024,604890,46000486
2024-08-14 07:47:50,3.2,24.5616,233074688,604980,46000562
2024-08-14 07:47:55,3.2,24.5616,233074688,605022,46000590
2024-08-14 07:48:00,3.1,24.5616,233074688,605022,46000590
2024-08-14 07:48:05,5.6,24.5611,233070592,605154,46000694
2024-08-14 07:48:11,11.7,24.5611,233070592,605154,46000694
2024-08-14 07:48:16,0,24.5611,233070592,605244,46000770
2024-08-14 07:48:21,3.1,24.5883,233328640,605604,46001074
2024-08-14 07:48:26,3,24.6155,233586688,605716,46001102
2024-08-14 07:48:31,0,24.6686,234090496,605716,46001102
2024-08-14 07:48:37,0,24.723,234606592,605806,46001178
2024-08-14 07:48:42,3.1,24.723,234606592,605860,46001224
2024-08-14 07:48:47,3.1,24.8318,235638784,607896,46003284
2024-08-14 07:48:52,0,24.8318,235638784,608156,46003554
2024-08-14 07:48:57,3.1,24.8318,235638784,608156,46003554
2024-08-14 07:49:02,3,25.3653,240701440,639142,46193675
2024-08-14 07:49:08,3,25.3653,240701440,639142,46193675
2024-08-14 07:49:13,6.2,25.3653,240701440,639232,46193751
2024-08-14 07:49:18,3.1,25.4197,241217536,639370,46193751
2024-08-14 07:49:23,3.1,25.4192,241213440,639604,46193949
2024-08-14 07:49:28,3.1,25.4192,241213440,639694,46194025
2024-08-14 07:49:34,3.1,25.4192,241213440,639748,46194071
2024-08-14 07:49:39,0,25.528,242245632,662887,46199040
2024-08-14 07:49:44,2.9,25.5552,242503680,674747,46205828
2024-08-14 07:49:49,0,25.5552,242503680,682846,46211659
2024-08-14 07:49:55,3.2,25.6363,243273728,686119,46214002
2024-08-14 07:50:00,0,25.6225,243142656,700298,46224732
2024-08-14 07:50:05,16.6,25.6191,243109888,727296,46239757
2024-08-14 07:50:10,9.7,25.6152,243073024,755093,46256087
2024-08-14 07:50:15,0,17.2263,163467264,762206,46265533
2024-08-14 07:50:20,3.1,17.2535,163725312,762206,46265533
2024-08-14 07:50:26,6.2,17.2807,163983360,762296,46265609
2024-08-14 07:50:31,0,17.3351,164499456,762656,46265913
2024-08-14 07:50:36,3.1,17.3351,164499456,762656,46265913
2024-08-14 07:50:41,6.2,17.3351,164499456,762710,46265959
2024-08-14 07:50:46,0,17.4404,165498880,762842,46266063
2024-08-14 07:50:52,6.1,17.6035,167047168,762842,46266063
2024-08-14 07:50:57,0,17.7654,168583168,762884,46266091
2024-08-14 07:51:02,3,17.7943,168857600,762974,46266167
2024-08-14 07:51:07,3,17.7943,168857600,762974,46266167
2024-08-14 07:51:12,0,17.7943,168857600,762974,46266167
2024-08-14 07:51:18,3,17.7943,168857600,763202,46266243
2024-08-14 07:51:23,0,17.7943,168857600,763244,46266271
2024-08-14 07:51:28,5.8,17.7943,168857600,763244,46266271
2024-08-14 07:51:33,3,17.7943,168857600,763514,46266499
2024-08-14 07:51:38,6.2,17.7943,168857600,763514,46266499
2024-08-14 07:51:44,0,17.8755,169627648,763514,46266499
2024-08-14 07:51:49,0,18.0322,171114496,765592,46268587
2024-08-14 07:51:54,0,18.0322,171114496,765778,46268737
2024-08-14 07:51:59,0,18.0339,171130880,765778,46268737
2024-08-14 07:52:04,6.2,18.0339,171130880,765778,46268737
2024-08-14 07:52:09,3,18.0335,171126784,765868,46268813
2024-08-14 07:52:15,3.2,18.0335,171126784,765868,46268813
2024-08-14 07:52:20,6.1,18.0335,171126784,765868,46268813
2024-08-14 07:52:25,0,18.0335,171126784,765958,46268889
2024-08-14 07:52:30,0,18.0335,171126784,766000,46268917
2024-08-14 07:52:35,3,18.0335,171126784,766180,46269069
2024-08-14 07:52:41,3.1,18.0335,171126784,766450,46269297
2024-08-14 07:52:46,3.2,18.0335,171126784,766492,46269325
2024-08-14 07:52:51,3.2,18.0335,171126784,766492,46269325
2024-08-14 07:52:56,3.2,18.0317,171110400,766582,46269401
2024-08-14 07:53:01,3.1,18.0317,171110400,766678,46269475
2024-08-14 07:53:07,3.2,18.0317,171110400,766678,46269475
2024-08-14 07:53:12,0,18.0317,171110400,766906,46269551
2024-08-14 07:53:17,0,18.0317,171110400,766906,46269551
2024-08-14 07:53:22,0,18.0317,171110400,766906,46269551
