2024-08-14 07:35:11,12.1,17.5097,166162432,185421,29770871
2024-08-14 07:35:16,5.8,18.2724,173400064,300698,43004543
2024-08-14 07:35:21,3.1,18.2983,173645824,300698,43004543
2024-08-14 07:35:26,6,18.3255,173903872,300788,43004619
2024-08-14 07:35:31,0,18.3272,173920256,300788,43004619
2024-08-14 07:35:37,3.1,18.3272,173920256,300788,43004619
2024-08-14 07:35:42,3,18.3268,173916160,301016,43004695
2024-08-14 07:35:47,0,18.3268,173916160,301016,43004695
2024-08-14 07:35:52,3.2,18.3268,173916160,301016,43004695
2024-08-14 07:35:57,3,18.3268,173916160,301106,43004771
2024-08-14 07:36:03,3,18.3268,173916160,301218,43004799
2024-08-14 07:36:08,3,18.3268,173916160,301260,43004827
2024-08-14 07:36:13,0,18.3268,173916160,301710,43005207
2024-08-14 07:36:18,3.1,18.4053,174661632,301710,43005207
2024-08-14 07:36:23,3.1,18.4053,174661632,301710,43005207
2024-08-14 07:36:29,3.1,18.4053,174661632,301710,43005207
2024-08-14 07:36:34,0,18.4053,174661632,301800,43005283
2024-08-14 07:36:39,3,18.4869,175435776,301800,43005283
2024-08-14 07:36:44,8.6,18.4869,175435776,301800,43005283
2024-08-14 07:36:49,3.1,18.4882,175448064,301890,43005359
2024-08-14 07:36:55,3.2,18.6237,176734208,304034,43007447
2024-08-14 07:37:00,0,18.6237,176734208,304034,43007447
2024-08-14 07:37:05,0,18.6237,176734208,304166,43007551
2024-08-14 07:37:10,0,18.6237,176734208,304166,43007551
2024-08-14 07:37:15,3.2,18.6237,176734208,304166,43007551
2024-08-14 07:37:21,3.1,18.6237,176734208,304616,43007931
2024-08-14 07:37:26,0,18.6237,176734208,304616,43007931
2024-08-14 07:37:31,0,18.6496,176979968,304616,43007931
2024-08-14 07:37:36,0,18.6496,176979968,304844,43008007
2024-08-14 07:37:41,3.1,18.6496,176979968,304886,43008035
2024-08-14 07:37:47,3.2,18.6496,176979968,304886,43008035
2024-08-14 07:37:52,3.1,18.6457,176943104,304976,43008111
2024-08-14 07:37:57,3.1,18.6457,176943104,304976,43008111
2024-08-14 07:38:02,5.6,18.6457,176943104,305018,43008139
2024-08-14 07:38:07,0,18.6457,176943104,305108,43008215
2024-08-14 07:38:13,3,18.6457,176943104,305108,43008215
2024-08-14 07:38:18,3.1,18.6457,176943104,305108,43008215
2024-08-14 07:38:23,6,18.6729,177201152,305558,43008595
2024-08-14 07:38:28,6.1,18.6729,177201152,305600,43008623
2024-08-14 07:38:33,0,18.6729,177201152,305600,43008623
2024-08-14 07:38:39,3.1,18.6729,177201152,305690,43008699
2024-08-14 07:38:44,5.9,18.6729,177201152,305744,43008745
2024-08-14 07:38:49,0,18.7001,177459200,305744,43008745
2024-08-14 07:38:54,0,18.6975,177434624,307888,43010781
2024-08-14 07:38:59,0,18.7234,177680384,307978,43010857
2024-08-14 07:39:05,3.2,18.7234,177680384,307978,43010857
2024-08-14 07:39:10,0,18.7234,177680384,307978,43010857
2024-08-14 07:39:15,0,18.7234,177680384,308068,43010933
2024-08-14 07:39:20,3.2,18.7234,177680384,308068,43010933
2024-08-14 07:39:25,0,18.7234,177680384,308158,43011009
2024-08-14 07:39:31,0,18.7234,177680384,308710,43011359
2024-08-14 07:39:36,3,18.7234,177680384,308710,43011359
2024-08-14 07:39:41,3.1,18.7234,177680384,308710,43011359
2024-08-14 07:39:46,3.2,18.723,177676288,308800,43011435
2024-08-14 07:39:51,0,18.723,177676288,308884,43011491
2024-08-14 07:39:56,3.1,18.7502,177934336,308884,43011491
2024-08-14 07:40:02,3.1,18.7769,178188288,308974,43011567
2024-08-14 07:40:07,0,18.7769,178188288,308974,43011567
2024-08-14 07:40:12,3.1,18.8313,178704384,309044,43011567
2024-08-14 07:40:17,3.1,19.0666,180936704,311236,43013703
2024-08-14 07:40:22,6.1,19.064,180912128,311236,43013703
2024-08-14 07:40:28,3.1,19.064,180912128,311236,43013703
2024-08-14 07:40:33,0,19.0635,180908032,311686,43014083
2024-08-14 07:40:38,3,19.0635,180908032,311686,43014083
2024-08-14 07:40:43,3.2,19.0635,180908032,311686,43014083
2024-08-14 07:40:48,3.1,19.0635,180908032,311818,43014187
2024-08-14 07:40:54,0,19.0635,180908032,311818,43014187
2024-08-14 07:40:59,3,19.0635,180908032,311818,43014187
2024-08-14 07:41:04,3.1,19.0635,180908032,311818,43014187
2024-08-14 07:41:09,3.2,19.0635,180908032,311908,43014263
2024-08-14 07:41:14,3.1,19.0635,180908032,312004,43014337
2024-08-14 07:41:20,3.2,19.0907,181166080,312004,43014337
2024-08-14 07:41:25,0,19.1175,181420032,312094,43014413
2024-08-14 07:41:30,3.1,19.1175,181420032,312232,43014413
2024-08-14 07:41:35,3.2,19.1438,181669888,312412,43014565
2024-08-14 07:41:40,0,19.1982,182185984,312682,43014793
2024-08-14 07:41:46,3,19.2245,182435840,312778,43014867
2024-08-14 07:41:51,3.1,19.2789,182951936,312778,43014867
2024-08-14 07:41:56,3.2,19.4417,184496128,314946,43017031
2024-08-14 07:42:01,5.8,19.4417,184496128,314946,43017031
2024-08-14 07:42:07,0,19.4417,184496128,314946,43017031
2024-08-14 07:42:12,0,19.4417,184496128,315036,43017107
2024-08-14 07:42:17,0,19.4417,184496128,315036,43017107
2024-08-14 07:42:22,3.2,19.4417,184496128,315036,43017107
2024-08-14 07:42:27,3,19.4417,184496128,315126,43017183
2024-08-14 07:42:32,3.1,19.4417,184496128,315126,43017183
2024-08-14 07:42:38,6,19.4417,184496128,315126,43017183
2024-08-14 07:42:43,3.2,19.4417,184496128,315618,43017591
2024-08-14 07:42:48,0,19.4417,184496128,315660,43017619
2024-08-14 07:42:53,3,19.4417,184496128,315660,43017619
2024-08-14 07:42:58,0,19.4417,184496128,315750,43017695
2024-08-14 07:43:04,3.2,19.4417,184496128,315750,43017695
2024-08-14 07:43:09,0,19.4417,184496128,315750,43017695
2024-08-14 07:43:14,87.1,24.4748,232259584,442705,43095891
2024-08-14 07:43:19,3,24.4873,232378368,594391,43224016
2024-08-14 07:43:25,3,24.4873,232378368,594391,43224016
2024-08-14 07:43:30,3.2,24.5132,232624128,594391,43224016
2024-08-14 07:43:35,2.9,24.5132,232624128,594481,43224092
2024-08-14 07:43:40,0,24.5132,232624128,594523,43224120
2024-08-14 07:43:45,0,24.5132,232624128,594883,43224424
2024-08-14 07:43:51,0,24.5128,232620032,594973,43224500
2024-08-14 07:43:56,3.2,24.5128,232620032,597075,43226560
2024-08-14 07:44:01,3,24.5128,232620032,597075,43226560
2024-08-14 07:44:06,0,24.5128,232620032,597165,43226636
2024-08-14 07:44:11,3.1,24.5128,232620032,597165,43226636
2024-08-14 07:44:17,3.1,24.5128,232620032,597165,43226636
2024-08-14 07:44:22,0,24.5119,232611840,597255,43226712
2024-08-14 07:44:27,0,24.5119,232611840,597255,43226712
2024-08-14 07:44:32,8.6,24.5119,232611840,597297,43226740
2024-08-14 07:44:37,0,24.5119,232611840,597387,43226816
2024-08-14 07:44:43,0,24.5119,232611840,597429,43226844
2024-08-14 07:44:48,0,24.5119,232611840,597429,43226844
2024-08-14 07:44:53,2.9,24.5115,232607744,597879,43227224
2024-08-14 07:44:58,0,24.5115,232607744,597879,43227224
2024-08-14 07:45:03,0,24.5115,232607744,597879,43227224
2024-08-14 07:45:09,0,24.5115,232607744,597969,43227300
2024-08-14 07:45:14,3.1,24.5115,232607744,598107,43227300
2024-08-14 07:45:19,3.1,24.5115,232607744,598107,43227300
2024-08-14 07:45:24,9.4,24.5115,232607744,598197,43227376
2024-08-14 07:45:29,0,24.5115,232607744,598281,43227432
2024-08-14 07:45:35,0,24.5115,232607744,598281,43227432
2024-08-14 07:45:40,3.1,24.5115,232607744,598371,43227508
2024-08-14 07:45:45,0,24.5387,232865792,598371,43227508
2024-08-14 07:45:50,0,24.5387,232865792,598371,43227508
2024-08-14 07:45:55,3,24.5914,233365504,600899,43229872
2024-08-14 07:46:01,5.8,24.5914,233365504,600989,43229948
2024-08-14 07:46:06,6,24.5914,233365504,600989,43229948
2024-08-14 07:46:11,0,24.5914,233365504,600989,43229948
2024-08-14 07:46:16,3,24.5914,233365504,601079,43230024
2024-08-14 07:46:21,0,24.5914,233365504,601079,43230024
2024-08-14 07:46:27,3.2,24.5914,233365504,601121,43230052
2024-08-14 07:46:32,0,24.5914,233365504,601211,43230128
2024-08-14 07:46:37,2.9,24.5914,233365504,601211,43230128
2024-08-14 07:46:42,3,24.5914,233365504,601211,43230128
2024-08-14 07:46:47,3.1,24.5914,233365504,601301,43230204
2024-08-14 07:46:53,0,24.644,233865216,601343,43230232
2024-08-14 07:46:58,0,24.6971,234369024,601433,43230308
2024-08-14 07:47:03,3,24.7515,234885120,601793,43230612
2024-08-14 07:47:08,0,24.7515,234885120,601793,43230612
2024-08-14 07:47:13,3.2,24.8313,235642880,601931,43230612
2024-08-14 07:47:19,0,24.8585,235900928,602021,43230688
2024-08-14 07:47:24,6.1,24.8585,235900928,602063,43230716
2024-08-14 07:47:29,3.2,24.8585,235900928,602063,43230716
2024-08-14 07:47:34,0,24.8585,235900928,602153,43230792
2024-08-14 07:47:39,5.6,24.9125,236412928,602195,43230820
2024-08-14 07:47:45,0,24.9125,236412928,602195,43230820
2024-08-14 07:47:50,8.6,24.9121,236408832,602285,43230896
2024-08-14 07:47:55,0,24.9116,236404736,604507,43233002
2024-08-14 07:48:00,3.2,24.9116,236404736,604507,43233002
2024-08-14 07:48:05,6.2,24.9388,236662784,604957,43233382
2024-08-14 07:48:11,0,24.9388,236662784,604957,43233382
2024-08-14 07:48:16,3.1,24.9388,236662784,604957,43233382
2024-08-14 07:48:21,0,24.9388,236662784,604999,43233410
2024-08-14 07:48:26,0,24.9384,236658688,605089,43233486
2024-08-14 07:48:31,3.2,24.9384,236658688,605089,43233486
2024-08-14 07:48:37,0,24.9384,236658688,605089,43233486
2024-08-14 07:48:42,3.1,24.9384,236658688,605179,43233562
2024-08-14 07:48:47,5.8,24.9384,236658688,605221,43233590
2024-08-14 07:48:52,3.1,24.9384,236658688,605221,43233590
2024-08-14 07:48:57,0,25.3359,240431104,635557,43423731
2024-08-14 07:49:03,3.2,25.3618,240676864,635627,43423731
2024-08-14 07:49:08,3.2,25.3618,240676864,635765,43423731
2024-08-14 07:49:13,0,25.389,240934912,635855,43423807
2024-08-14 07:49:18,3.1,25.389,240934912,635897,43423835
2024-08-14 07:49:23,3.1,25.4162,241192960,635897,43423835
2024-08-14 07:49:29,6.2,25.7576,244432896,688695,43449830
2024-08-14 07:49:34,3,25.749,244350976,736406,43476800
2024-08-14 07:49:39,5.9,25.7753,244600832,738465,43478173
2024-08-14 07:49:44,3,25.7744,244592640,739631,43479348
2024-08-14 07:49:49,3.2,25.7744,244592640,741459,43479844
2024-08-14 07:49:55,3.2,25.7744,244592640,744265,43482581
2024-08-14 07:50:00,0,25.774,244588544,747136,43484823
2024-08-14 07:50:05,3,25.774,244588544,750406,43486704
2024-08-14 07:50:10,3.1,18.3488,174125056,752422,43491649
2024-08-14 07:50:15,3.1,18.3488,174125056,752872,43492029
2024-08-14 07:50:21,0,18.3488,174125056,752872,43492029
2024-08-14 07:50:26,6,18.3488,174125056,752872,43492029
2024-08-14 07:50:31,3.1,18.3488,174125056,752962,43492105
2024-08-14 07:50:36,3.1,18.3755,174379008,752962,43492105
2024-08-14 07:50:41,0,18.3755,174379008,752962,43492105
2024-08-14 07:50:47,0,18.3755,174379008,752962,43492105
2024-08-14 07:50:52,3.2,18.5115,175669248,753052,43492181
2024-08-14 07:50:57,0,18.5659,176185344,753094,43492209
2024-08-14 07:51:02,3.1,18.6475,176959488,753094,43492209
2024-08-14 07:51:07,0,18.6747,177217536,753364,43492313
2024-08-14 07:51:13,2.9,18.6747,177217536,753364,43492313
2024-08-14 07:51:18,5.9,18.6747,177217536,753364,43492313
2024-08-14 07:51:23,0,18.6747,177217536,753454,43492389
2024-08-14 07:51:28,3.1,18.6747,177217536,753454,43492389
2024-08-14 07:51:33,6,18.6747,177217536,753454,43492389
2024-08-14 07:51:39,0,18.6747,177217536,753544,43492465
2024-08-14 07:51:44,0,18.6747,177217536,753586,43492493
2024-08-14 07:51:49,5.9,18.6747,177217536,753640,43492539
2024-08-14 07:51:54,3.2,18.729,177733632,755898,43494623
2024-08-14 07:51:59,0,18.729,177733632,755898,43494623
2024-08-14 07:52:05,0,18.729,177733632,755940,43494651
2024-08-14 07:52:10,3,18.7562,177991680,756030,43494727
2024-08-14 07:52:15,6.1,18.7562,177991680,756030,43494727
2024-08-14 07:52:20,6.1,18.7562,177991680,756030,43494727
2024-08-14 07:52:25,3.1,18.7558,177987584,756480,43495107
2024-08-14 07:52:31,0,18.7558,177987584,756522,43495135
2024-08-14 07:52:36,0,18.7558,177987584,756522,43495135
