2024-08-14 07:40:52,3.2,17.5927,166944768,202275,29159139
2024-08-14 07:40:57,3.2,18.1102,171855872,323028,46021191
2024-08-14 07:41:02,3.2,18.1102,171855872,323118,46021267
2024-08-14 07:41:07,0,18.1365,172105728,323118,46021267
2024-08-14 07:41:12,0,18.1637,172363776,323118,46021267
2024-08-14 07:41:18,6.2,18.1629,172355584,323346,46021343
2024-08-14 07:41:23,3.1,18.1629,172355584,323346,46021343
2024-08-14 07:41:28,0,18.1611,172339200,323346,46021343
2024-08-14 07:41:33,0,18.1611,172339200,323478,46021447
2024-08-14 07:41:38,6.2,18.1629,172355584,323520,46021475
2024-08-14 07:41:43,3.1,18.2716,173387776,323520,46021475
2024-08-14 07:41:49,0,18.2716,173387776,323880,46021779
2024-08-14 07:41:54,0,18.4348,174936064,323970,46021855
2024-08-14 07:41:59,0,18.6774,177238016,326072,46023914
2024-08-14 07:42:04,3.1,18.7033,177483776,326072,46023914
2024-08-14 07:42:09,3.3,18.7033,177483776,326162,46023990
2024-08-14 07:42:15,0,18.7015,177467392,326162,46023990
2024-08-14 07:42:20,0,18.7015,177467392,326162,46023990
2024-08-14 07:42:25,6.2,18.7015,177467392,326252,46024066
2024-08-14 07:42:30,3.2,18.7015,177467392,326336,46024122
2024-08-14 07:42:35,0,18.7015,177467392,326336,46024122
2024-08-14 07:42:40,0,18.7015,177467392,326426,46024198
2024-08-14 07:42:46,6.2,18.7015,177467392,326426,46024198
2024-08-14 07:42:51,3.1,18.7015,177467392,326516,46024274
2024-08-14 07:42:56,0,18.6994,177446912,326918,46024606
2024-08-14 07:43:01,0,18.6994,177446912,326918,46024606
2024-08-14 07:43:06,0,18.6994,177446912,326918,46024606
2024-08-14 07:43:12,3.1,18.6994,177446912,327146,46024682
2024-08-14 07:43:17,0,18.6994,177446912,327146,46024682
2024-08-14 07:43:22,0,22.768,216055808,330614,46026590
2024-08-14 07:43:27,13.7,24.2805,230408192,381297,46061117
2024-08-14 07:43:32,6.5,24.3059,230649856,418776,46087136
2024-08-14 07:43:37,0,24.3064,230653952,440853,46098513
2024-08-14 07:43:43,21.2,24.3124,230711296,565086,46191251
2024-08-14 07:43:48,0,24.3413,230985728,602958,46227678
2024-08-14 07:43:53,0,24.3724,231280640,611023,46244563
2024-08-14 07:43:58,0,24.561,233070592,613485,46246926
2024-08-14 07:44:03,6.2,24.5865,233312256,613575,46247002
2024-08-14 07:44:09,3.2,24.5865,233312256,613629,46247048
2024-08-14 07:44:14,3.2,24.5865,233312256,613629,46247048
2024-08-14 07:44:19,0,24.5865,233312256,613719,46247124
2024-08-14 07:44:24,0,24.5865,233312256,613761,46247152
2024-08-14 07:44:29,6.2,24.6409,233828352,613761,46247152
2024-08-14 07:44:34,3.2,24.6409,233828352,613851,46247228
2024-08-14 07:44:40,3.2,24.6409,233828352,613893,46247256
2024-08-14 07:44:45,0,24.6409,233828352,613893,46247256
2024-08-14 07:44:50,0,24.6409,233828352,613983,46247332
2024-08-14 07:44:55,6.2,24.6409,233828352,613983,46247332
2024-08-14 07:45:00,3.1,24.6409,233828352,614121,46247332
2024-08-14 07:45:05,0,24.6404,233824256,614613,46247740
2024-08-14 07:45:11,0,24.6404,233824256,614613,46247740
2024-08-14 07:45:16,6,24.6404,233824256,614613,46247740
2024-08-14 07:45:21,3.1,24.6404,233824256,614745,46247844
2024-08-14 07:45:26,3.2,24.6404,233824256,614745,46247844
2024-08-14 07:45:31,0,24.6404,233824256,614745,46247844
2024-08-14 07:45:37,0,24.6404,233824256,614835,46247920
2024-08-14 07:45:42,3.1,24.6404,233824256,614835,46247920
2024-08-14 07:45:47,3.1,24.6404,233824256,614835,46247920
2024-08-14 07:45:52,0,24.6404,233824256,614925,46247996
2024-08-14 07:45:57,0,24.6387,233807872,617027,46250055
2024-08-14 07:46:02,6,24.6288,233713664,617027,46250055
2024-08-14 07:46:08,3.1,24.6288,233713664,617387,46250359
2024-08-14 07:46:13,0,24.6288,233713664,617477,46250435
2024-08-14 07:46:18,0,24.6288,233713664,617519,46250463
2024-08-14 07:46:23,6.2,24.6288,233713664,617519,46250463
2024-08-14 07:46:28,0,24.6288,233713664,617609,46250539
2024-08-14 07:46:33,0,24.6288,233713664,617609,46250539
2024-08-14 07:46:39,0,24.6288,233713664,617609,46250539
2024-08-14 07:46:44,0,24.6279,233705472,617699,46250615
2024-08-14 07:46:49,6.2,24.6279,233705472,617741,46250643
2024-08-14 07:46:54,3.2,24.6279,233705472,617879,46250643
2024-08-14 07:46:59,3.1,24.6271,233697280,617969,46250719
2024-08-14 07:47:05,0,24.6266,233693184,617969,46250719
2024-08-14 07:47:10,0,24.6258,233684992,618101,46250823
2024-08-14 07:47:15,0,24.6232,233660416,618461,46251127
2024-08-14 07:47:20,6.2,24.6232,233660416,618461,46251127
2024-08-14 07:47:25,3.2,24.6249,233676800,618461,46251127
2024-08-14 07:47:30,0,24.6249,233676800,618551,46251203
2024-08-14 07:47:36,0,24.624,233668608,618593,46251231
2024-08-14 07:47:41,6.2,24.624,233668608,618593,46251231
2024-08-14 07:47:46,3.2,24.624,233668608,618683,46251307
2024-08-14 07:47:51,0,24.6232,233660416,618683,46251307
2024-08-14 07:47:56,0,24.7863,235208704,620917,46253366
2024-08-14 07:48:02,0,24.8671,235974656,625381,46256794
2024-08-14 07:48:07,6.2,24.8653,235958272,632090,46261688
2024-08-14 07:48:12,3.2,24.8645,235950080,638705,46266406
2024-08-14 07:48:17,3.1,24.8636,235941888,645002,46270380
2024-08-14 07:48:22,0,24.8619,235925504,651662,46275312
2024-08-14 07:48:27,0,24.861,235917312,657691,46279870
2024-08-14 07:48:33,0,24.8606,235913216,660168,46281708
2024-08-14 07:48:38,6.1,24.8843,236138496,662666,46283520
2024-08-14 07:48:43,3.1,24.8839,236134400,669387,46288340
2024-08-14 07:48:48,0,24.8822,236118016,676818,46292950
2024-08-14 07:48:53,0,24.8813,236109824,682846,46297646
2024-08-14 07:48:58,6.2,24.88,236097536,690571,46303563
2024-08-14 07:49:04,6.2,25.2741,239837184,728058,46498000
2024-08-14 07:49:09,3.1,25.2732,239828992,734048,46502716
2024-08-14 07:49:14,6.2,25.2715,239812608,740930,46507738
2024-08-14 07:49:19,3.3,25.2711,239808512,748054,46513004
2024-08-14 07:49:24,0,25.2706,239804416,748496,46513428
2024-08-14 07:49:30,6.2,25.2706,239804416,748496,46513428
2024-08-14 07:49:35,3.2,25.2706,239804416,748496,46513428
2024-08-14 07:49:40,3.2,25.379,240832512,771000,46517257
2024-08-14 07:49:45,3.3,25.4062,241090560,783231,46524977
2024-08-14 07:49:50,0,25.4062,241090560,783429,46525133
2024-08-14 07:49:55,0,25.4062,241090560,792712,46531821
2024-08-14 07:50:01,6.7,25.3906,240943104,809502,46544265
2024-08-14 07:50:06,6.5,25.4955,241938432,842012,46562541
2024-08-14 07:50:11,3.1,18.5401,175935488,856031,46575219
2024-08-14 07:50:16,3.2,18.5932,176439296,856139,46575299
2024-08-14 07:50:21,0,18.702,177471488,856139,46575299
2024-08-14 07:50:27,0,18.702,177471488,856409,46575527
2024-08-14 07:50:32,6.2,18.7836,178245632,856643,46575725
2024-08-14 07:50:37,3.2,19.0542,180813824,856643,46575725
2024-08-14 07:50:42,3.1,19.0814,181071872,856643,46575725
2024-08-14 07:50:47,0,19.0814,181071872,856871,46575801
2024-08-14 07:50:52,0,19.0814,181071872,856913,46575829
2024-08-14 07:50:58,3.2,19.0814,181071872,856955,46575857
2024-08-14 07:51:03,3.2,19.0814,181071872,857045,46575933
2024-08-14 07:51:08,0,19.0818,181075968,857045,46575933
2024-08-14 07:51:13,0,19.0818,181075968,857045,46575933
2024-08-14 07:51:18,6.2,19.0818,181075968,857135,46576009
2024-08-14 07:51:23,3.2,19.1634,181850112,857177,46576037
2024-08-14 07:51:29,0,19.2722,182882304,857177,46576037
2024-08-14 07:51:34,0,16.7566,159010816,857321,46576159
2024-08-14 07:51:39,0,16.9197,160559104,857321,46576159
2024-08-14 07:51:44,0,16.9728,161062912,857321,46576159
2024-08-14 07:51:49,3,17,161320960,857465,46576281
2024-08-14 07:51:55,6.4,17.2659,163844096,859585,46578396
2024-08-14 07:52:00,3.2,17.2659,163844096,859585,46578396
2024-08-14 07:52:05,0,17.2659,163844096,859675,46578472
2024-08-14 07:52:10,0,17.2935,164106240,859675,46578472
2024-08-14 07:52:15,6.2,17.3207,164364288,859675,46578472
2024-08-14 07:52:20,3.1,17.5111,166170624,859765,46578548
2024-08-14 07:52:26,0,17.6471,167460864,859807,46578576
2024-08-14 07:52:31,0,17.8901,169766912,859807,46578576
2024-08-14 07:52:36,6.2,17.8896,169762816,860215,46578804
2024-08-14 07:52:41,3.2,17.8914,169779200,860395,46578956
2024-08-14 07:52:46,0,17.8914,169779200,860395,46578956
2024-08-14 07:52:52,0,17.8914,169779200,860437,46578984
2024-08-14 07:52:57,0,17.8914,169779200,860527,46579060
2024-08-14 07:53:02,3.1,17.8914,169779200,860569,46579088
2024-08-14 07:53:07,0,17.8914,169779200,860569,46579088
2024-08-14 07:53:12,0,17.8914,169779200,860659,46579164
2024-08-14 07:53:17,6.2,17.8914,169779200,860659,46579164
2024-08-14 07:53:23,3.1,17.8909,169775104,860659,46579164
2024-08-14 07:53:28,0,17.8909,169775104,860749,46579240
2024-08-14 07:53:33,13.3,17.8909,169775104,863572,46581748
