2024-08-14 07:35:33,11.8,17.6676,167661568,180912,28675435
2024-08-14 07:35:38,3,18.6202,176701440,307515,43565411
2024-08-14 07:35:43,0,18.6202,176701440,307605,43565487
2024-08-14 07:35:48,0,18.6202,176701440,307647,43565515
2024-08-14 07:35:53,3.2,18.6202,176701440,307647,43565515
2024-08-14 07:35:59,0,18.6746,177217536,307647,43565515
2024-08-14 07:36:04,3.1,18.7277,177721344,307737,43565591
2024-08-14 07:36:09,0,18.7277,177721344,307737,43565591
2024-08-14 07:36:14,0,18.7277,177721344,307917,43565743
2024-08-14 07:36:19,0,18.7259,177704960,308187,43565971
2024-08-14 07:36:24,0,18.8084,178487296,308187,43565971
2024-08-14 07:36:30,3.1,18.943,179765248,308187,43565971
2024-08-14 07:36:35,6.2,18.972,180039680,308401,43566093
2024-08-14 07:36:40,0,18.972,180039680,308443,43566121
2024-08-14 07:36:45,3,18.9737,180056064,308485,43566149
2024-08-14 07:36:50,6.1,18.9733,180051968,308575,43566225
2024-08-14 07:36:56,3.1,18.9733,180051968,308575,43566225
2024-08-14 07:37:01,6.2,18.9733,180051968,308575,43566225
2024-08-14 07:37:06,3.2,18.9733,180051968,308665,43566301
2024-08-14 07:37:11,3,19.2702,182870016,310833,43568361
2024-08-14 07:37:16,0,19.2702,182870016,310833,43568361
2024-08-14 07:37:22,3.1,19.2702,182870016,311421,43568741
2024-08-14 07:37:27,0,19.2702,182870016,311421,43568741
2024-08-14 07:37:32,3.1,19.2702,182870016,311421,43568741
2024-08-14 07:37:37,3.1,19.2702,182870016,311511,43568817
2024-08-14 07:37:42,3.1,19.2702,182870016,311553,43568845
2024-08-14 07:37:47,3.2,19.2702,182870016,311607,43568891
2024-08-14 07:37:53,0,19.2706,182874112,311697,43568967
2024-08-14 07:37:58,0,19.2706,182874112,311697,43568967
2024-08-14 07:38:03,3.2,19.2706,182874112,311697,43568967
2024-08-14 07:38:08,0,19.2706,182874112,311787,43569043
2024-08-14 07:38:13,0,19.2685,182853632,311829,43569071
2024-08-14 07:38:19,3.2,19.2685,182853632,311829,43569071
2024-08-14 07:38:24,2.9,19.2685,182853632,312099,43569299
2024-08-14 07:38:29,0,19.2685,182853632,312279,43569451
2024-08-14 07:38:34,3.1,19.2685,182853632,312279,43569451
2024-08-14 07:38:39,0,19.2685,182853632,312321,43569479
2024-08-14 07:38:45,0,19.2685,182853632,312411,43569555
2024-08-14 07:38:50,6.1,19.2685,182853632,312411,43569555
2024-08-14 07:38:55,0,19.2685,182853632,312411,43569555
2024-08-14 07:39:00,3.1,19.2685,182853632,312501,43569631
2024-08-14 07:39:05,3.1,19.2685,182853632,312501,43569631
2024-08-14 07:39:11,12.1,19.2685,182853632,314669,43571691
2024-08-14 07:39:16,0,19.2681,182849536,314897,43571767
2024-08-14 07:39:21,2.9,19.2681,182849536,314897,43571767
2024-08-14 07:39:26,3.1,19.2681,182849536,314987,43571843
2024-08-14 07:39:31,3.1,19.2681,182849536,315347,43572147
2024-08-14 07:39:37,0,19.2681,182849536,315389,43572175
2024-08-14 07:39:42,3.2,19.2681,182849536,315389,43572175
2024-08-14 07:39:47,3.2,19.2681,182849536,315479,43572251
2024-08-14 07:39:52,6,19.2681,182849536,315479,43572251
2024-08-14 07:39:57,3.1,19.2681,182849536,315479,43572251
2024-08-14 07:40:02,0,19.2676,182845440,315569,43572327
2024-08-14 07:40:08,6.2,19.2668,182837248,315611,43572355
2024-08-14 07:40:13,3.1,19.2668,182837248,315611,43572355
2024-08-14 07:40:18,0,19.2663,182833152,315755,43572477
2024-08-14 07:40:23,3.2,19.2663,182833152,315809,43572523
2024-08-14 07:40:29,3.1,19.2663,182833152,315917,43572615
2024-08-14 07:40:34,3.1,19.3445,183574528,318373,43574855
2024-08-14 07:40:39,0,19.3889,183996416,318643,43575083
2024-08-14 07:40:44,0,19.4433,184512512,318643,43575083
2024-08-14 07:40:49,0,16.8048,159473664,318643,43575083
2024-08-14 07:40:54,0,16.9407,160763904,318733,43575159
2024-08-14 07:41:00,0,17.0495,161796096,318733,43575159
2024-08-14 07:41:05,0,17.1583,162828288,318733,43575159
2024-08-14 07:41:10,3.2,17.2114,163332096,318823,43575235
2024-08-14 07:41:15,0,17.3473,164622336,318961,43575235
2024-08-14 07:41:20,0,17.3473,164622336,318961,43575235
2024-08-14 07:41:26,5.8,17.3715,164851712,319147,43575385
2024-08-14 07:41:31,3.2,17.3715,164851712,319189,43575413
2024-08-14 07:41:36,3.2,17.3715,164851712,319395,43575535
2024-08-14 07:41:41,6.1,17.4803,165883904,319995,43575899
2024-08-14 07:41:46,0,17.643,167428096,319995,43575899
2024-08-14 07:41:52,3.1,17.7509,168452096,320053,43575899
2024-08-14 07:41:57,3,17.7509,168452096,320143,43575975
2024-08-14 07:42:02,3,17.7509,168452096,320143,43575975
2024-08-14 07:42:07,6,17.8053,168968192,320201,43575975
2024-08-14 07:42:12,3.2,17.8312,169213952,322393,43578111
2024-08-14 07:42:18,0,17.8312,169213952,322393,43578111
2024-08-14 07:42:23,3.2,17.8303,169205760,322435,43578139
2024-08-14 07:42:28,0,17.8303,169205760,322525,43578215
2024-08-14 07:42:33,3.2,17.8834,169709568,322525,43578215
2024-08-14 07:42:38,3.1,17.9106,169967616,322525,43578215
2024-08-14 07:42:43,0,17.9106,169967616,322705,43578367
2024-08-14 07:42:49,0,17.9106,169967616,322975,43578595
2024-08-14 07:42:54,3.2,17.9106,169967616,322975,43578595
2024-08-14 07:42:59,6.1,17.9106,169967616,322975,43578595
2024-08-14 07:43:04,0,17.9106,169967616,323203,43578671
2024-08-14 07:43:09,3,17.965,170483712,323245,43578699
2024-08-14 07:43:15,78.1,23.3007,221118464,400147,43630661
2024-08-14 07:43:20,3.2,23.365,221728768,599851,43781794
2024-08-14 07:43:25,3,23.365,221728768,601759,43787033
2024-08-14 07:43:30,6.2,23.365,221728768,601759,43787033
2024-08-14 07:43:35,3.2,23.3909,221974528,601849,43787109
2024-08-14 07:43:41,3.2,23.3909,221974528,601849,43787109
2024-08-14 07:43:46,3.2,23.3909,221974528,602029,43787261
2024-08-14 07:43:51,0,23.3905,221970432,602299,43787489
2024-08-14 07:43:56,0,23.4177,222228480,602341,43787517
2024-08-14 07:44:01,3.1,23.4449,222486528,602341,43787517
2024-08-14 07:44:07,0,23.526,223256576,602431,43787593
2024-08-14 07:44:12,3.2,23.5804,223772672,604467,43789653
2024-08-14 07:44:17,2.9,23.5804,223772672,604509,43789681
2024-08-14 07:44:22,0,23.5804,223772672,604599,43789757
2024-08-14 07:44:27,3.2,23.5804,223772672,604599,43789757
2024-08-14 07:44:33,6.2,23.5804,223772672,604599,43789757
2024-08-14 07:44:38,0,23.5804,223772672,604689,43789833
2024-08-14 07:44:43,6.2,23.5787,223756288,604689,43789833
2024-08-14 07:44:48,0,23.5787,223756288,604689,43789833
2024-08-14 07:44:53,3.1,23.5782,223752192,605013,43790107
2024-08-14 07:44:58,0,23.58,223768576,605235,43790287
2024-08-14 07:45:04,0,23.58,223768576,605373,43790287
2024-08-14 07:45:09,0,23.58,223768576,605373,43790287
2024-08-14 07:45:14,6.2,23.58,223768576,605505,43790391
2024-08-14 07:45:19,6.2,23.58,223768576,605505,43790391
2024-08-14 07:45:24,3.1,23.58,223768576,605505,43790391
2024-08-14 07:45:30,3.2,23.58,223768576,605595,43790467
2024-08-14 07:45:35,0,23.58,223768576,605637,43790495
2024-08-14 07:45:40,0,23.6331,224272384,605637,43790495
2024-08-14 07:45:45,3.2,23.6309,224251904,605727,43790571
2024-08-14 07:45:50,0,23.6309,224251904,605727,43790571
2024-08-14 07:45:56,3.2,23.6309,224251904,605907,43790723
2024-08-14 07:46:01,3,23.7125,225026048,606177,43790951
2024-08-14 07:46:06,0,23.8756,226574336,606177,43790951
2024-08-14 07:46:11,3.2,24.1199,228892672,608453,43793039
2024-08-14 07:46:16,0,24.1199,228892672,608543,43793115
2024-08-14 07:46:21,0,24.1199,228892672,608543,43793115
2024-08-14 07:46:27,3.2,24.1199,228892672,608543,43793115
2024-08-14 07:46:32,6,24.1458,229138432,608633,43793191
2024-08-14 07:46:37,3,24.1458,229138432,608633,43793191
2024-08-14 07:46:42,0,24.1458,229138432,608633,43793191
2024-08-14 07:46:47,3.1,24.1458,229138432,608723,43793267
2024-08-14 07:46:53,0,24.1458,229138432,608765,43793295
2024-08-14 07:46:58,3.1,24.1458,229138432,608993,43793371
2024-08-14 07:47:03,6.2,24.1458,229138432,609461,43793795
2024-08-14 07:47:08,0,24.1458,229138432,609503,43793823
2024-08-14 07:47:13,5.8,24.1458,229138432,609503,43793823
2024-08-14 07:47:19,5.9,24.1458,229138432,609503,43793823
2024-08-14 07:47:24,0,24.1458,229138432,609593,43793899
2024-08-14 07:47:29,6.2,24.1458,229138432,609593,43793899
2024-08-14 07:47:34,0,24.1458,229138432,609593,43793899
2024-08-14 07:47:39,3,24.1458,229138432,609683,43793975
2024-08-14 07:47:45,0,24.1458,229138432,609725,43794003
2024-08-14 07:47:50,3,24.1458,229138432,609725,43794003
2024-08-14 07:47:55,6.1,24.1454,229134336,609815,43794079
2024-08-14 07:48:00,0,24.1454,229134336,609857,43794107
2024-08-14 07:48:05,3,24.145,229130240,610037,43794259
2024-08-14 07:48:10,20,24.1709,229376000,612475,43796547
2024-08-14 07:48:16,0,24.1963,229617664,612475,43796547
2024-08-14 07:48:21,8.8,24.252,230146048,612475,43796547
2024-08-14 07:48:26,0,24.3318,230903808,612565,43796623
2024-08-14 07:48:31,3.2,24.359,231161856,612565,43796623
2024-08-14 07:48:36,6.2,24.3862,231419904,612565,43796623
2024-08-14 07:48:42,0,24.4406,231936000,612655,43796699
2024-08-14 07:48:47,6.1,24.4406,231936000,612655,43796699
2024-08-14 07:48:52,3,24.4406,231936000,612655,43796699
2024-08-14 07:48:57,0,25.1373,238546944,643373,43986870
2024-08-14 07:49:02,6.1,25.1373,238546944,643373,43986870
2024-08-14 07:49:08,0,25.1373,238546944,643373,43986870
2024-08-14 07:49:13,0,25.1373,238546944,643463,43986946
2024-08-14 07:49:18,0,25.1373,238546944,643463,43986946
2024-08-14 07:49:23,0,25.1373,238546944,643463,43986946
2024-08-14 07:49:28,63.6,25.1373,238546944,647484,43988977
2024-08-14 07:49:34,6.5,25.1196,238379008,716548,44023742
2024-08-14 07:49:39,3,25.1459,238628864,725532,44028018
2024-08-14 07:49:44,6.2,25.145,238620672,733199,44030931
2024-08-14 07:49:49,0,25.1985,239128576,735649,44032936
2024-08-14 07:49:54,3.1,25.2257,239386624,741976,44038231
2024-08-14 07:50:00,2.7,25.2253,239382528,758439,44048752
2024-08-14 07:50:05,0,25.2227,239357952,778478,44061352
2024-08-14 07:50:10,0,19.2555,182730752,784050,44069810
2024-08-14 07:50:15,3.2,19.2551,182726656,784296,44070014
2024-08-14 07:50:20,0,19.2551,182726656,784566,44070242
2024-08-14 07:50:26,0,19.2551,182726656,784566,44070242
2024-08-14 07:50:31,6.2,19.2551,182726656,784566,44070242
2024-08-14 07:50:36,3,19.2551,182726656,784656,44070318
2024-08-14 07:50:41,0,19.2551,182726656,784710,44070364
2024-08-14 07:50:46,3.1,19.2551,182726656,784710,44070364
2024-08-14 07:50:51,0,19.2551,182726656,784980,44070468
2024-08-14 07:50:57,0,19.2551,182726656,784980,44070468
2024-08-14 07:51:02,0,19.2551,182726656,784980,44070468
2024-08-14 07:51:07,0,19.2551,182726656,785070,44070544
2024-08-14 07:51:12,6.2,19.2551,182726656,787172,44072604
2024-08-14 07:51:17,6.2,19.2551,182726656,787172,44072604
2024-08-14 07:51:23,0,19.2551,182726656,787262,44072680
2024-08-14 07:51:28,3.2,19.2551,182726656,787262,44072680
2024-08-14 07:51:33,3.1,19.2551,182726656,787316,44072726
2024-08-14 07:51:38,3.2,19.2551,182726656,787476,44072802
2024-08-14 07:51:43,3.2,19.2551,182726656,787476,44072802
2024-08-14 07:51:49,0,19.3367,183500800,787518,44072830
2024-08-14 07:51:54,0,16.8415,159821824,787518,44072830
2024-08-14 07:51:59,3.2,16.9231,160595968,787608,44072906
2024-08-14 07:52:04,3.2,16.9774,161112064,787608,44072906
2024-08-14 07:52:09,3.1,17.0046,161370112,787608,44072906
2024-08-14 07:52:14,0,17.1134,162402304,787698,44072982
2024-08-14 07:52:20,0,17.1678,162918400,787740,44073010
2024-08-14 07:52:25,3.2,17.1937,163164160,787920,44073162
2024-08-14 07:52:30,0,17.1932,163160064,788190,44073390
2024-08-14 07:52:35,3.1,17.1932,163160064,788190,44073390
2024-08-14 07:52:40,3.2,17.2191,163405824,788190,44073390
2024-08-14 07:52:46,0,17.2463,163663872,788322,44073494
2024-08-14 07:52:51,0,17.2463,163663872,788460,44073494
2024-08-14 07:52:56,0,17.2735,163921920,788460,44073494
2024-08-14 07:53:01,3.1,17.4095,165212160,788550,44073570
2024-08-14 07:53:06,6.2,17.624,167247872,790473,44074958
