2024-08-14 07:41:11,12.4,17.5167,166223872,176211,29145452
2024-08-14 07:41:17,3.2,17.7783,168706048,296766,46007660
2024-08-14 07:41:22,0,17.7783,168706048,296994,46007736
2024-08-14 07:41:27,0,17.7783,168706048,296994,46007736
2024-08-14 07:41:32,3.1,17.8055,168964096,296994,46007736
2024-08-14 07:41:37,0,17.8055,168964096,297126,46007840
2024-08-14 07:41:42,0,17.8055,168964096,297126,46007840
2024-08-14 07:41:48,6.2,17.8055,168964096,297306,46007992
2024-08-14 07:41:53,3.2,17.8055,168964096,297576,46008220
2024-08-14 07:41:58,0,17.8055,168964096,297576,46008220
2024-08-14 07:42:03,3.2,17.9142,169996288,297576,46008220
2024-08-14 07:42:08,3.1,17.9686,170512384,297666,46008296
2024-08-14 07:42:14,0,17.9958,170770432,297708,46008324
2024-08-14 07:42:19,0,18.0774,171544576,297708,46008324
2024-08-14 07:42:24,3.1,18.0774,171544576,297798,46008400
2024-08-14 07:42:29,0,18.0774,171544576,297798,46008400
2024-08-14 07:42:34,0,18.0774,171544576,297840,46008428
2024-08-14 07:42:39,3.2,18.3221,173867008,300020,46010655
2024-08-14 07:42:45,3.1,18.3221,173867008,300020,46010655
2024-08-14 07:42:50,0,18.3221,173867008,300020,46010655
2024-08-14 07:42:55,6.2,18.3221,173867008,300470,46011035
2024-08-14 07:43:00,3.1,18.3221,173867008,300470,46011035
2024-08-14 07:43:05,0,18.3221,173867008,300470,46011035
2024-08-14 07:43:10,6.2,18.3221,173867008,300470,46011035
2024-08-14 07:43:16,3.2,18.3221,173867008,300698,46011111
2024-08-14 07:43:21,0,18.3221,173867008,300698,46011111
2024-08-14 07:43:26,0,22.2971,211587072,304166,46013019
2024-08-14 07:43:31,3.2,23.4914,222920704,356402,46048923
2024-08-14 07:43:36,6.2,23.5169,223162368,387510,46071209
2024-08-14 07:43:42,32.2,23.5156,223150080,445807,46104067
2024-08-14 07:43:47,6.5,23.5186,223178752,537438,46178827
2024-08-14 07:43:52,13.3,23.5199,223191040,564735,46204429
2024-08-14 07:43:57,0,23.5255,223244288,584813,46233549
2024-08-14 07:44:02,6.2,23.5247,223236096,587473,46236016
2024-08-14 07:44:07,3.2,23.5247,223236096,587473,46236016
2024-08-14 07:44:13,0,23.5251,223240192,587473,46236016
2024-08-14 07:44:18,0,23.5247,223236096,587563,46236092
2024-08-14 07:44:23,6.2,23.5247,223236096,587563,46236092
2024-08-14 07:44:28,3.1,23.5247,223236096,587605,46236120
2024-08-14 07:44:33,0,23.5247,223236096,587695,46236196
2024-08-14 07:44:38,0,23.5247,223236096,587695,46236196
2024-08-14 07:44:44,3,23.5247,223236096,587695,46236196
2024-08-14 07:44:49,0,23.5247,223236096,587785,46236272
2024-08-14 07:44:54,0,23.5247,223236096,587827,46236300
2024-08-14 07:44:59,3.2,23.5247,223236096,587827,46236300
2024-08-14 07:45:04,3.2,23.5506,223481856,588277,46236680
2024-08-14 07:45:10,0,23.5506,223481856,588415,46236680
2024-08-14 07:45:15,6.2,23.5506,223481856,588415,46236680
2024-08-14 07:45:20,0,23.5506,223481856,588457,46236708
2024-08-14 07:45:25,0,23.5506,223481856,588547,46236784
2024-08-14 07:45:30,3.2,23.5778,223739904,588547,46236784
2024-08-14 07:45:35,3.2,23.6049,223997952,588547,46236784
2024-08-14 07:45:41,0,23.6844,224751616,590805,46238919
2024-08-14 07:45:46,0,23.7111,225005568,590805,46238919
2024-08-14 07:45:51,3.1,23.7111,225005568,590805,46238919
2024-08-14 07:45:56,0,23.7111,225005568,590895,46238995
2024-08-14 07:46:01,0,23.7111,225005568,590895,46238995
2024-08-14 07:46:07,3.2,23.7111,225005568,590985,46239071
2024-08-14 07:46:12,0,23.7111,225005568,591345,46239375
2024-08-14 07:46:17,0,23.7111,225005568,591387,46239403
2024-08-14 07:46:22,6.2,23.7271,225157120,591387,46239403
2024-08-14 07:46:27,3.2,23.7271,225157120,591477,46239479
2024-08-14 07:46:32,0,23.7271,225157120,591519,46239507
2024-08-14 07:46:38,0,23.7271,225157120,591519,46239507
2024-08-14 07:46:43,3.1,23.7254,225140736,591609,46239583
2024-08-14 07:46:48,0,23.7254,225140736,591609,46239583
2024-08-14 07:46:53,0,23.7254,225140736,591609,46239583
2024-08-14 07:46:58,3.1,23.7254,225140736,591837,46239659
2024-08-14 07:47:03,3.2,23.7254,225140736,591837,46239659
2024-08-14 07:47:09,0,23.7254,225140736,591837,46239659
2024-08-14 07:47:14,6.2,23.7245,225132544,592149,46239915
2024-08-14 07:47:19,3.1,23.7245,225132544,592371,46240095
2024-08-14 07:47:24,0,23.7241,225128448,592371,46240095
2024-08-14 07:47:29,0,23.7241,225128448,592371,46240095
2024-08-14 07:47:35,8.8,23.7236,225124352,592461,46240171
2024-08-14 07:47:40,3.2,23.7228,225116160,594695,46242230
2024-08-14 07:47:45,0,23.7228,225116160,594695,46242230
2024-08-14 07:47:50,0,23.7232,225120256,594785,46242306
2024-08-14 07:47:55,3.2,23.7232,225120256,594785,46242306
2024-08-14 07:48:00,0,23.7232,225120256,594785,46242306
2024-08-14 07:48:06,0,23.7228,225116160,594875,46242382
2024-08-14 07:48:11,6.2,23.7228,225116160,594917,46242410
2024-08-14 07:48:16,3.2,23.75,225374208,595007,46242486
2024-08-14 07:48:21,0,23.75,225374208,595409,46242818
2024-08-14 07:48:26,0,23.75,225374208,595409,46242818
2024-08-14 07:48:31,0,23.75,225374208,595631,46242878
2024-08-14 07:48:37,0,23.75,225374208,595795,46242954
2024-08-14 07:48:42,0,23.7772,225632256,595869,46243014
2024-08-14 07:48:47,3.2,23.9131,226922496,595869,46243014
2024-08-14 07:48:52,3.2,23.9127,226918400,596033,46243090
2024-08-14 07:48:57,0,23.9399,227176448,596225,46243142
2024-08-14 07:49:03,6.2,23.9399,227176448,596267,46243170
2024-08-14 07:49:08,0,24.6366,233787392,627556,46433367
2024-08-14 07:49:13,0,24.6366,233787392,627556,46433367
2024-08-14 07:49:18,0,24.6366,233787392,627556,46433367
2024-08-14 07:49:23,6.2,24.6366,233787392,627556,46433367
2024-08-14 07:49:28,3.2,24.6366,233787392,627646,46433443
2024-08-14 07:49:34,6.2,24.6366,233787392,627646,46433443
2024-08-14 07:49:39,0,24.6366,233787392,627720,46433503
2024-08-14 07:49:44,0,25.4524,241528832,652186,46439331
2024-08-14 07:49:49,0,25.5883,242819072,664417,46447051
2024-08-14 07:49:54,3.1,25.5883,242819072,664669,46447253
2024-08-14 07:49:59,3.2,25.578,242720768,683195,46461133
2024-08-14 07:50:05,0,25.5698,242642944,713145,46477943
2024-08-14 07:50:10,0,25.568,242626560,728333,46487246
2024-08-14 07:50:15,0,17.6471,167460864,734192,46494762
2024-08-14 07:50:20,6.2,17.6488,167477248,734234,46494790
2024-08-14 07:50:25,3.2,17.6488,167477248,734324,46494866
2024-08-14 07:50:31,0,17.676,167735296,734684,46495170
2024-08-14 07:50:36,0,17.676,167735296,734684,46495170
2024-08-14 07:50:41,0,17.7308,168255488,734684,46495170
2024-08-14 07:50:46,0,17.7308,168255488,734774,46495246
2024-08-14 07:50:51,0,17.7308,168255488,734774,46495246
2024-08-14 07:50:56,0,17.7308,168255488,734966,46495292
2024-08-14 07:51:02,0,17.7308,168255488,735140,46495424
2024-08-14 07:51:07,0,17.7308,168255488,735140,46495424
2024-08-14 07:51:12,6.2,17.7308,168255488,735140,46495424
2024-08-14 07:51:17,3.1,17.7308,168255488,735230,46495500
2024-08-14 07:51:22,0,17.7308,168255488,735230,46495500
2024-08-14 07:51:27,6.2,17.7308,168255488,735230,46495500
2024-08-14 07:51:33,3.2,17.894,169803776,735320,46495576
2024-08-14 07:51:38,0,18.0304,171098112,735362,46495604
2024-08-14 07:51:43,0,18.5168,175714304,737398,46497663
2024-08-14 07:51:48,3.2,18.5427,175960064,737398,46497663
2024-08-14 07:51:53,0,18.5427,175960064,737488,46497739
2024-08-14 07:51:59,0,18.5427,175960064,737530,46497767
2024-08-14 07:52:04,6.2,18.5427,175960064,737704,46497813
2024-08-14 07:52:09,3.2,18.5695,176214016,737894,46497917
2024-08-14 07:52:14,0,18.5695,176214016,737894,46497917
2024-08-14 07:52:19,0,18.5695,176214016,737952,46497917
2024-08-14 07:52:24,0,18.5695,176214016,738042,46497993
2024-08-14 07:52:30,0,18.5695,176214016,738042,46497993
2024-08-14 07:52:35,0,18.5695,176214016,738280,46498145
2024-08-14 07:52:40,3.2,18.569,176209920,738592,46498401
2024-08-14 07:52:45,0,18.569,176209920,738646,46498447
2024-08-14 07:52:50,0,18.569,176209920,738688,46498475
2024-08-14 07:52:56,6.2,18.569,176209920,738916,46498551
2024-08-14 07:53:01,3.1,18.569,176209920,738916,46498551
2024-08-14 07:53:06,0,18.569,176209920,738916,46498551
2024-08-14 07:53:11,6.2,18.569,176209920,739006,46498627
2024-08-14 07:53:16,3,18.569,176209920,739048,46498655
2024-08-14 07:53:21,0,18.569,176209920,739048,46498655
2024-08-14 07:53:27,0,18.569,176209920,739138,46498731
2024-08-14 07:53:32,3,18.569,176209920,739138,46498731
2024-08-14 07:53:37,0,18.569,176209920,739138,46498731
2024-08-14 07:53:42,0,18.5686,176205824,741264,46500866
