2024-08-14 07:35:12,12.5,17.466,165748736,152459,28038831
2024-08-14 07:35:17,0,18.0945,171712512,284694,43522175
2024-08-14 07:35:22,0,18.0945,171712512,284694,43522175
2024-08-14 07:35:27,3.1,18.0945,171712512,284886,43522235
2024-08-14 07:35:33,0,18.1761,172486656,285030,43522357
2024-08-14 07:35:38,3.1,18.2032,172744704,285030,43522357
2024-08-14 07:35:43,0,18.2032,172744704,285072,43522385
2024-08-14 07:35:48,3.1,18.2032,172744704,285162,43522461
2024-08-14 07:35:53,0,18.2274,172974080,285204,43522489
2024-08-14 07:35:59,0,18.2546,173232128,285204,43522489
2024-08-14 07:36:04,0,18.2818,173490176,285294,43522565
2024-08-14 07:36:09,3,18.2814,173486080,285364,43522565
2024-08-14 07:36:14,3,18.2814,173486080,285364,43522565
2024-08-14 07:36:19,3,18.309,173748224,285868,43523037
2024-08-14 07:36:25,0,18.3107,173764608,285910,43523065
2024-08-14 07:36:30,6.2,18.3906,174522368,285910,43523065
2024-08-14 07:36:35,0,18.5265,175812608,286000,43523141
2024-08-14 07:36:40,3.1,18.5265,175812608,286042,43523169
2024-08-14 07:36:45,0,18.5265,175812608,286042,43523169
2024-08-14 07:36:51,0,18.5261,175808512,286132,43523245
2024-08-14 07:36:56,0,18.5261,175808512,286174,43523273
2024-08-14 07:37:01,3.2,18.5261,175808512,286174,43523273
2024-08-14 07:37:06,3.1,18.5257,175804416,288432,43525409
2024-08-14 07:37:11,0,18.5257,175804416,288432,43525409
2024-08-14 07:37:17,3,18.5257,175804416,288432,43525409
2024-08-14 07:37:22,0,18.5257,175804416,289020,43525789
2024-08-14 07:37:27,0,18.5257,175804416,289020,43525789
2024-08-14 07:37:32,0,18.5257,175804416,289020,43525789
2024-08-14 07:37:37,3,18.58,176320512,289062,43525817
2024-08-14 07:37:43,0,18.58,176320512,289152,43525893
2024-08-14 07:37:48,8.6,18.58,176320512,289194,43525921
2024-08-14 07:37:53,0,18.58,176320512,289194,43525921
2024-08-14 07:37:58,5.9,18.58,176320512,289284,43525997
2024-08-14 07:38:03,3.1,18.58,176320512,289284,43525997
2024-08-14 07:38:09,0,18.5779,176300032,289284,43525997
2024-08-14 07:38:14,6.1,18.5779,176300032,289374,43526073
2024-08-14 07:38:19,0,18.5779,176300032,289416,43526101
2024-08-14 07:38:24,5.9,18.5779,176300032,289416,43526101
2024-08-14 07:38:29,0,18.5779,176300032,290040,43526527
2024-08-14 07:38:35,3,18.5779,176300032,290194,43526601
2024-08-14 07:38:40,3.1,18.5779,176300032,290194,43526601
2024-08-14 07:38:45,0,18.5779,176300032,290342,43526677
2024-08-14 07:38:50,3.2,18.5779,176300032,290384,43526705
2024-08-14 07:38:55,0,18.5779,176300032,290384,43526705
2024-08-14 07:39:01,0,18.5779,176300032,290586,43526827
2024-08-14 07:39:06,3.1,18.5779,176300032,292886,43528887
2024-08-14 07:39:11,0,18.6595,177074176,292886,43528887
2024-08-14 07:39:16,3.1,18.741,177848320,293114,43528963
2024-08-14 07:39:21,0,18.741,177848320,293114,43528963
2024-08-14 07:39:26,3.1,18.741,177848320,293114,43528963
2024-08-14 07:39:32,0,18.741,177848320,293606,43529371
2024-08-14 07:39:37,3.2,18.741,177848320,293648,43529399
2024-08-14 07:39:42,5.8,18.741,177848320,293648,43529399
2024-08-14 07:39:47,3.2,18.741,177848320,293738,43529475
2024-08-14 07:39:52,0,18.7406,177844224,293738,43529475
2024-08-14 07:39:58,0,18.7406,177844224,293738,43529475
2024-08-14 07:40:03,3.1,18.7406,177844224,293738,43529475
2024-08-14 07:40:08,6.1,18.7402,177840128,293828,43529551
2024-08-14 07:40:13,0,18.7402,177840128,293870,43529579
2024-08-14 07:40:18,3.1,18.7328,177770496,293870,43529579
2024-08-14 07:40:24,3.1,18.7303,177745920,293960,43529655
2024-08-14 07:40:29,3.1,18.7281,177725440,296356,43531789
2024-08-14 07:40:34,2.9,18.7281,177725440,296516,43531865
2024-08-14 07:40:39,0,18.7277,177721344,296930,43532215
2024-08-14 07:40:44,3,18.7549,177979392,296930,43532215
2024-08-14 07:40:50,0,18.8636,179011584,296930,43532215
2024-08-14 07:40:55,3.1,18.918,179527680,297020,43532291
2024-08-14 07:41:00,0,18.9452,179785728,297062,43532319
2024-08-14 07:41:05,0,19.0807,181071872,297062,43532319
2024-08-14 07:41:10,2.9,19.2141,182337536,297344,43532487
2024-08-14 07:41:16,3,19.2957,183111680,297344,43532487
2024-08-14 07:41:21,0,19.4044,184143872,297386,43532515
2024-08-14 07:41:26,0,19.4316,184401920,297530,43532637
2024-08-14 07:41:31,3.2,19.4312,184397824,297572,43532665
2024-08-14 07:41:36,0,19.4312,184397824,297572,43532665
2024-08-14 07:41:42,0,19.4312,184397824,298022,43533045
2024-08-14 07:41:47,0,19.4303,184389632,298022,43533045
2024-08-14 07:41:52,3,19.4826,184885248,298022,43533045
2024-08-14 07:41:57,3.2,19.5098,185143296,298166,43533167
2024-08-14 07:42:02,0,19.5098,185143296,298208,43533195
2024-08-14 07:42:07,0,19.6185,186175488,300244,43535255
2024-08-14 07:42:13,0,19.6185,186175488,300334,43535331
2024-08-14 07:42:18,3.1,16.9925,161255424,300376,43535359
2024-08-14 07:42:23,3,17.0189,161505280,300376,43535359
2024-08-14 07:42:28,3.2,17.1276,162537472,300376,43535359
2024-08-14 07:42:33,6.2,17.1276,162537472,300466,43535435
2024-08-14 07:42:39,0,17.182,163053568,300508,43535463
2024-08-14 07:42:44,0,17.2092,163311616,300508,43535463
2024-08-14 07:42:49,5.9,17.2092,163311616,300958,43535843
2024-08-14 07:42:54,0,17.2092,163311616,301012,43535889
2024-08-14 07:42:59,0,17.2364,163569664,301012,43535889
2024-08-14 07:43:05,0,17.2364,163569664,301240,43535965
2024-08-14 07:43:10,3.1,17.2364,163569664,301282,43535993
2024-08-14 07:43:15,82.8,23.3257,221356032,500434,43648636
2024-08-14 07:43:20,3.1,23.4224,222273536,579806,43742039
2024-08-14 07:43:25,0,23.4496,222531584,579860,43742085
2024-08-14 07:43:31,3.1,23.5027,223035392,579860,43742085
2024-08-14 07:43:36,2.8,23.5299,223293440,579950,43742161
2024-08-14 07:43:41,0,23.5299,223293440,579950,43742161
2024-08-14 07:43:46,8.1,23.5299,223293440,579950,43742161
2024-08-14 07:43:51,3,23.5295,223289344,580400,43742541
2024-08-14 07:43:57,0,23.5295,223289344,580442,43742569
2024-08-14 07:44:02,5.8,23.5295,223289344,580442,43742569
2024-08-14 07:44:07,0,23.5295,223289344,582568,43744705
2024-08-14 07:44:12,6.2,23.5295,223289344,582610,43744733
2024-08-14 07:44:17,3.2,23.5295,223289344,582610,43744733
2024-08-14 07:44:23,5.8,23.5295,223289344,582754,43744855
2024-08-14 07:44:28,3.1,23.5295,223289344,582754,43744855
2024-08-14 07:44:33,0,23.5826,223793152,582754,43744855
2024-08-14 07:44:38,0,23.5826,223793152,582754,43744855
2024-08-14 07:44:44,0,23.6097,224051200,582886,43744959
2024-08-14 07:44:49,3.2,23.6369,224309248,582886,43744959
2024-08-14 07:44:54,0,23.7176,225075200,583156,43745187
2024-08-14 07:44:59,0,23.8251,226095104,583474,43745339
2024-08-14 07:45:04,6,23.8523,226353152,583474,43745339
2024-08-14 07:45:09,0,23.9339,227127296,583570,43745413
2024-08-14 07:45:15,5.7,24.1497,229175296,583702,43745517
2024-08-14 07:45:20,3,24.2313,229949440,583702,43745517
2024-08-14 07:45:25,3.1,24.34,230981632,583702,43745517
2024-08-14 07:45:30,0,24.4216,231755776,583792,43745593
2024-08-14 07:45:35,6.2,24.5304,232787968,583792,43745593
2024-08-14 07:45:41,0,24.5304,232787968,583792,43745593
2024-08-14 07:45:46,0,24.5304,232787968,583882,43745669
2024-08-14 07:45:51,0,24.6664,234078208,583924,43745697
2024-08-14 07:45:56,0,24.7479,234852352,583924,43745697
2024-08-14 07:46:01,11.1,24.8835,236138496,584374,43746077
2024-08-14 07:46:07,3,22.7659,216043520,586452,43748165
2024-08-14 07:46:12,0,22.8203,216559616,586452,43748165
2024-08-14 07:46:17,3.1,22.8203,216559616,586542,43748241
2024-08-14 07:46:22,0,22.8203,216559616,586542,43748241
2024-08-14 07:46:27,0,22.8203,216559616,586542,43748241
2024-08-14 07:46:33,0,22.9019,217333760,586632,43748317
2024-08-14 07:46:38,3.1,22.9291,217591808,586674,43748345
2024-08-14 07:46:43,3.1,22.9291,217591808,586674,43748345
2024-08-14 07:46:48,5.9,22.9291,217591808,586764,43748421
2024-08-14 07:46:53,6.1,22.9291,217591808,586902,43748421
2024-08-14 07:46:59,0,22.9291,217591808,586902,43748421
2024-08-14 07:47:04,0,22.9291,217591808,587214,43748677
2024-08-14 07:47:09,3.1,23.119,219394048,587436,43748857
2024-08-14 07:47:14,0,23.119,219394048,587436,43748857
2024-08-14 07:47:19,5.9,23.119,219394048,587436,43748857
2024-08-14 07:47:25,0,23.2278,220426240,587526,43748933
2024-08-14 07:47:30,0,23.255,220684288,587526,43748933
2024-08-14 07:47:35,3.2,23.255,220684288,587526,43748933
2024-08-14 07:47:40,3,23.255,220684288,587616,43749009
2024-08-14 07:47:45,3.2,23.2545,220680192,587658,43749037
2024-08-14 07:47:51,6.2,23.2545,220680192,587658,43749037
2024-08-14 07:47:56,3.2,23.2541,220676096,587790,43749141
2024-08-14 07:48:01,3.1,23.2541,220676096,587790,43749141
2024-08-14 07:48:06,3.1,23.3629,221708288,589826,43751201
2024-08-14 07:48:11,3.2,23.5256,223252480,590276,43751581
2024-08-14 07:48:17,3.1,23.5528,223510528,590276,43751581
2024-08-14 07:48:22,0,23.5787,223756288,590276,43751581
2024-08-14 07:48:27,6,23.5787,223756288,590366,43751657
2024-08-14 07:48:32,8.4,23.5787,223756288,590408,43751685
2024-08-14 07:48:37,3.1,23.5787,223756288,590462,43751731
2024-08-14 07:48:42,0,23.5787,223756288,590552,43751807
2024-08-14 07:48:48,3.1,23.5787,223756288,590690,43751807
2024-08-14 07:48:53,83.9,23.5787,223756288,592893,43753455
2024-08-14 07:48:58,3.1,24.1665,229335040,621461,43942028
2024-08-14 07:49:03,3.1,24.1665,229335040,621461,43942028
2024-08-14 07:49:08,3.2,24.1665,229335040,621461,43942028
2024-08-14 07:49:14,0,24.1665,229335040,621551,43942104
2024-08-14 07:49:19,0,24.1665,229335040,621593,43942132
2024-08-14 07:49:24,0,24.2468,230096896,621593,43942132
2024-08-14 07:49:29,9.4,24.7186,234573824,698752,43980465
2024-08-14 07:49:34,0,18.6905,177369088,730564,44005320
2024-08-14 07:49:40,0,18.6944,177405952,730882,44005574
2024-08-14 07:49:45,0,18.6944,177405952,730882,44005574
2024-08-14 07:49:50,3.2,18.7216,177664000,731068,44005724
2024-08-14 07:49:55,3.2,18.776,178180096,731068,44005724
2024-08-14 07:50:00,0,18.776,178180096,731068,44005724
2024-08-14 07:50:06,0,18.776,178180096,731158,44005800
2024-08-14 07:50:11,6.2,18.8304,178696192,731200,44005828
2024-08-14 07:50:16,5.8,18.8576,178954240,731200,44005828
2024-08-14 07:50:21,3.2,18.8576,178954240,731650,44006208
2024-08-14 07:50:26,3,18.8576,178954240,731650,44006208
2024-08-14 07:50:32,3.1,18.8576,178954240,731650,44006208
2024-08-14 07:50:37,6.2,18.8584,178962432,731878,44006284
2024-08-14 07:50:42,0,18.8584,178962432,731920,44006312
2024-08-14 07:50:47,3.2,18.8584,178962432,731962,44006340
2024-08-14 07:50:52,0,18.8584,178962432,732052,44006416
2024-08-14 07:50:58,0,18.8584,178962432,732052,44006416
2024-08-14 07:51:03,2.9,18.8584,178962432,732052,44006416
2024-08-14 07:51:08,3.2,18.8826,179191808,734178,44008552
2024-08-14 07:51:13,6.2,18.8826,179191808,734220,44008580
2024-08-14 07:51:18,0,18.8826,179191808,734220,44008580
2024-08-14 07:51:24,2.9,18.8826,179191808,734310,44008656
2024-08-14 07:51:29,0,18.8826,179191808,734310,44008656
2024-08-14 07:51:34,3,18.8826,179191808,734310,44008656
2024-08-14 07:51:39,6.2,18.8826,179191808,734400,44008732
2024-08-14 07:51:44,3.1,18.8826,179191808,734538,44008834
2024-08-14 07:51:50,3,18.8826,179191808,734538,44008834
2024-08-14 07:51:55,3.2,18.8826,179191808,734628,44008910
2024-08-14 07:52:00,3.1,18.8826,179191808,734628,44008910
2024-08-14 07:52:05,0,18.8826,179191808,734628,44008910
2024-08-14 07:52:10,5.6,18.8826,179191808,734628,44008910
2024-08-14 07:52:16,3.1,18.8826,179191808,734718,44008986
2024-08-14 07:52:21,3.1,18.8826,179191808,734718,44008986
2024-08-14 07:52:26,5.9,18.8826,179191808,734856,44008986
2024-08-14 07:52:31,0,18.8822,179187712,735306,44009366
2024-08-14 07:52:36,0,18.8822,179187712,735348,44009394
2024-08-14 07:52:42,3,18.8822,179187712,735444,44009468
2024-08-14 07:52:47,3.2,18.8822,179187712,735534,44009544
