Waiting for an incoming message - Test 1 (inception)
Error while deserializing http message: Error("EOF while parsing a value", line: 1, column: 0)
	Preparing Data...
	Data is ready, starting users and test1
Incepted: u_1 [jl7y]
Incepted: u_2 [6wsN]
Incepted: u_9 [w75J]
Incepted: u_0 [YQot]
Incepted: u_3 [gZ2u]
Incepted: u_7 [aX-5]
Incepted: u_6 [vLyc]
Incepted: u_4 [m9XZ]
	Added [QDNR] as watcher for u_2 [6wsN]
Incepted: u_5 [IPZi]
	Added [sQMb] as watcher for u_7 [aX-5]
	Added [QDNR] as watcher for u_9 [w75J]
Incepted: u_8 [V4Za]
	Added [x5MO] as watcher for u_1 [jl7y]
	Added [3sn5] as watcher for u_4 [m9XZ]
	Added [bivQ] as watcher for u_0 [YQot]
	Added [2D85] as watcher for u_3 [gZ2u]
	Added [3sn5] as watcher for u_5 [IPZi]
	Added [sQMb] as watcher for u_9 [w75J]
	Added [bivQ] as watcher for u_6 [vLyc]
	Added [3mIH] as watcher for u_7 [aX-5]
	Added [2D85] as watcher for u_2 [6wsN]
	Added [QDNR] as watcher for u_1 [jl7y]
	Added [j5nz] as watcher for u_4 [m9XZ]
	Added [x5MO] as watcher for u_8 [V4Za]
	Added [j5nz] as watcher for u_3 [gZ2u]
	Added [j5nz] as watcher for u_5 [IPZi]
	Added [x5MO] as watcher for u_0 [YQot]
	Added [QDNR] as watcher for u_7 [aX-5]
	Added [3sn5] as watcher for u_1 [jl7y]
	Added [b_RA] as watcher for u_9 [w75J]
	Added [QEi9] as watcher for u_4 [m9XZ]
	Added [x5MO] as watcher for u_2 [6wsN]
	Added [x5MO] as watcher for u_6 [vLyc]
	Added [zo7w] as watcher for u_8 [V4Za]
	Added [zo7w] as watcher for u_3 [gZ2u]
	Added [sQMb] as watcher for u_5 [IPZi]
	Added [j5nz] as watcher for u_1 [jl7y]
	Added [2D85] as watcher for u_0 [YQot]
	Added [zo7w] as watcher for u_4 [m9XZ]
	Added [2D85] as watcher for u_7 [aX-5]
	Added [jm4C] as watcher for u_2 [6wsN]
	Added [QDNR] as watcher for u_8 [V4Za]
	Added [x5MO] as watcher for u_9 [w75J]
	Added [sQMb] as watcher for u_6 [vLyc]
	Added [QDNR] as watcher for u_3 [gZ2u]
	Added [jm4C] as watcher for u_1 [jl7y]
	Added [QDNR] as watcher for u_0 [YQot]
	Added [x5MO] as watcher for u_5 [IPZi]
	Added [3mIH] as watcher for u_9 [w75J]
	Added [jm4C] as watcher for u_7 [aX-5]
	Added [jm4C] as watcher for u_6 [vLyc]
	Added [3mIH] as watcher for u_2 [6wsN]
	Added [x5MO] as watcher for u_4 [m9XZ]
	Added [bivQ] as watcher for u_8 [V4Za]
	Added [3mIH] as watcher for u_0 [YQot]
	Added [QEi9] as watcher for u_1 [jl7y]
	Added [x5MO] as watcher for u_3 [gZ2u]
	Added [3sn5] as watcher for u_7 [aX-5]
	Added [b_RA] as watcher for u_4 [m9XZ]
	Added [QEi9] as watcher for u_6 [vLyc]
	Added [b_RA] as watcher for u_2 [6wsN]
	Added [2D85] as watcher for u_5 [IPZi]
	Added [2D85] as watcher for u_9 [w75J]
	Added [b_RA] as watcher for u_0 [YQot]
	Added [zo7w] as watcher for u_1 [jl7y]
	Added [2D85] as watcher for u_8 [V4Za]
	Added [3mIH] as watcher for u_5 [IPZi]
	Added [zo7w] as watcher for u_7 [aX-5]
	Added [sQMb] as watcher for u_4 [m9XZ]
	Added [zo7w] as watcher for u_2 [6wsN]
	Added [bivQ] as watcher for u_3 [gZ2u]
	Added [j5nz] as watcher for u_6 [vLyc]
	Added [sQMb] as watcher for u_1 [jl7y]
	Asking u_1 [jl7y]'s watchers to watch [3EVh]
	Added [zo7w] as watcher for u_0 [YQot]
	Added [zo7w] as watcher for u_9 [w75J]
	Added [3mIH] as watcher for u_4 [m9XZ]
	Asking u_4 [m9XZ]'s watchers to watch [3EVh]
	Added [jm4C] as watcher for u_8 [V4Za]
	Added [jm4C] as watcher for u_5 [IPZi]
	Added [x5MO] as watcher for u_7 [aX-5]
	Asking u_7 [aX-5]'s watchers to watch [3EVh]
	Added [sQMb] as watcher for u_2 [6wsN]
	Asking u_2 [6wsN]'s watchers to watch [3EVh]
	Added [QEi9] as watcher for u_3 [gZ2u]
	Added [sQMb] as watcher for u_8 [V4Za]
	Added [2D85] as watcher for u_6 [vLyc]
	Added [jm4C] as watcher for u_9 [w75J]
	Asking u_9 [w75J]'s watchers to watch [3EVh]
	Added [QEi9] as watcher for u_0 [YQot]
	Asking u_0 [YQot]'s watchers to watch [3EVh]
	Added [b_RA] as watcher for u_5 [IPZi]
	Asking u_5 [IPZi]'s watchers to watch [3EVh]
	Added [b_RA] as watcher for u_3 [gZ2u]
	Asking u_3 [gZ2u]'s watchers to watch [3EVh]
	Added [3mIH] as watcher for u_8 [V4Za]
	Asking u_8 [V4Za]'s watchers to watch [3EVh]
	Added [3mIH] as watcher for u_6 [vLyc]
	Asking u_6 [vLyc]'s watchers to watch [3EVh]
	✅ u_1 [jl7y] Inception Done
	✅ u_4 [m9XZ] Inception Done
	✅ u_2 [6wsN] Inception Done
	✅ u_7 [aX-5] Inception Done
	✅ u_9 [w75J] Inception Done
	✅ u_0 [YQot] Inception Done
	✅ u_8 [V4Za] Inception Done
	✅ u_5 [IPZi] Inception Done
	✅ u_6 [vLyc] Inception Done
	✅ u_3 [gZ2u] Inception Done
Test 2 (signature verification)
	✅ u_3 [gZ2u] Message verified
	✅ u_4 [m9XZ] Message verified
	✅ u_7 [aX-5] Message verified
	✅ u_8 [V4Za] Message verified
	✅ u_2 [6wsN] Message verified
	✅ u_6 [vLyc] Message verified
	✅ u_0 [YQot] Message verified
	✅ u_1 [jl7y] Message verified
	✅ u_5 [IPZi] Message verified
	✅ u_9 [w75J] Message verified
Waiting for an incoming message - Test 3 (signature verification after rotation of issuer)
	✅ u_6 [vLyc] Message Verified (2)
	✅ u_7 [aX-5] Message Verified (2)
	✅ u_4 [m9XZ] Message Verified (2)
	✅ u_9 [w75J] Message Verified (2)
	✅ u_0 [YQot] Message Verified (2)
	✅ u_1 [jl7y] Message Verified (2)
	✅ u_2 [6wsN] Message Verified (2)
	✅ u_3 [gZ2u] Message Verified (2)
	✅ u_8 [V4Za] Message Verified (2)
	✅ u_5 [IPZi] Message Verified (2)
Waiting for an incoming message - Test 4 (valid acdc credential)
skipped--
Waiting for an incoming message - Test 5 (acdc revocation)
skipped--
Waiting for an incoming message - Test 6
u_5 [IPZi] Starts Rotation
u_4 [m9XZ] Starts Rotation
u_2 [6wsN] Starts Rotation
u_1 [jl7y] Starts Rotation
u_7 [aX-5] Starts Rotation
u_6 [vLyc] Starts Rotation
u_0 [YQot] Starts Rotation
u_9 [w75J] Starts Rotation
u_3 [gZ2u] Starts Rotation
u_8 [V4Za] Starts Rotation
u_9 [w75J] Ends Rotation
u_9 [w75J] - Completed Key Rotation
u_1 [jl7y] Ends Rotation
u_1 [jl7y] - Completed Key Rotation
u_2 [6wsN] Ends Rotation
u_2 [6wsN] - Completed Key Rotation
u_7 [aX-5] Ends Rotation
u_7 [aX-5] - Completed Key Rotation
u_3 [gZ2u] Ends Rotation
u_3 [gZ2u] - Completed Key Rotation
u_0 [YQot] Ends Rotation
u_0 [YQot] - Completed Key Rotation
u_6 [vLyc] Ends Rotation
u_6 [vLyc] - Completed Key Rotation
u_8 [V4Za] Ends Rotation
u_8 [V4Za] - Completed Key Rotation
u_4 [m9XZ] Ends Rotation
u_4 [m9XZ] - Completed Key Rotation
u_5 [IPZi] Ends Rotation
u_5 [IPZi] - Completed Key Rotation
Executed 10 users / 10 success / 0 fail
Test 1: 10754ms (1075 p.u.)
Test 2: 5ms (0 p.u.)
Test 3: 2226ms (222 p.u.)
Test 4: 1999ms (199 p.u.)
