Waiting for an incoming message - Test 1 (inception)
Error while deserializing http message: Error("EOF while parsing a value", line: 1, column: 0)
	Preparing Data...
	Data is ready, starting users and test1
Incepted: u_6 [OnMz]
Incepted: u_7 [u0GJ]
Incepted: u_0 [pGDf]
Incepted: u_9 [P5Oz]
Incepted: u_4 [sHvm]
Incepted: u_2 [CrZg]
Incepted: u_8 [q1Bz]
Incepted: u_3 [iOoS]
Incepted: u_1 [eghU]
Incepted: u_5 [QFTr]
	Added [3mIH] as watcher for u_6 [OnMz]
	Added [sQMb] as watcher for u_3 [iOoS]
	Added [QDNR] as watcher for u_7 [u0GJ]
	Added [QEi9] as watcher for u_4 [sHvm]
	Added [sQMb] as watcher for u_9 [P5Oz]
	Added [sQMb] as watcher for u_8 [q1Bz]
	Added [3sn5] as watcher for u_0 [pGDf]
	Added [QDNR] as watcher for u_5 [QFTr]
	Added [bivQ] as watcher for u_1 [eghU]
	Added [x5MO] as watcher for u_2 [CrZg]
	Added [QEi9] as watcher for u_6 [OnMz]
	Added [b_RA] as watcher for u_3 [iOoS]
	Added [QDNR] as watcher for u_4 [sHvm]
	Added [j5nz] as watcher for u_8 [q1Bz]
	Added [bivQ] as watcher for u_7 [u0GJ]
	Added [zo7w] as watcher for u_5 [QFTr]
	Added [3mIH] as watcher for u_0 [pGDf]
	Added [3mIH] as watcher for u_9 [P5Oz]
	Added [zo7w] as watcher for u_1 [eghU]
	Added [2D85] as watcher for u_2 [CrZg]
	Added [3sn5] as watcher for u_6 [OnMz]
	Added [j5nz] as watcher for u_7 [u0GJ]
	Added [QDNR] as watcher for u_3 [iOoS]
	Added [jm4C] as watcher for u_9 [P5Oz]
	Added [QEi9] as watcher for u_8 [q1Bz]
	Added [zo7w] as watcher for u_4 [sHvm]
	Added [3mIH] as watcher for u_5 [QFTr]
	Added [x5MO] as watcher for u_0 [pGDf]
	Added [QEi9] as watcher for u_2 [CrZg]
	Added [b_RA] as watcher for u_6 [OnMz]
	Added [2D85] as watcher for u_1 [eghU]
	Added [3sn5] as watcher for u_7 [u0GJ]
	Added [3sn5] as watcher for u_3 [iOoS]
	Added [j5nz] as watcher for u_9 [P5Oz]
	Added [b_RA] as watcher for u_4 [sHvm]
	Added [zo7w] as watcher for u_8 [q1Bz]
	Added [sQMb] as watcher for u_5 [QFTr]
	Added [zo7w] as watcher for u_0 [pGDf]
	Added [QDNR] as watcher for u_6 [OnMz]
	Added [bivQ] as watcher for u_2 [CrZg]
	Added [j5nz] as watcher for u_3 [iOoS]
	Added [QEi9] as watcher for u_1 [eghU]
	Added [x5MO] as watcher for u_4 [sHvm]
	Added [sQMb] as watcher for u_7 [u0GJ]
	Added [bivQ] as watcher for u_9 [P5Oz]
	Added [QEi9] as watcher for u_5 [QFTr]
	Added [QDNR] as watcher for u_8 [q1Bz]
	Added [j5nz] as watcher for u_6 [OnMz]
	Added [sQMb] as watcher for u_0 [pGDf]
	Added [3sn5] as watcher for u_2 [CrZg]
	Added [x5MO] as watcher for u_3 [iOoS]
	Added [jm4C] as watcher for u_7 [u0GJ]
	Added [bivQ] as watcher for u_4 [sHvm]
	Added [QDNR] as watcher for u_1 [eghU]
	Added [QDNR] as watcher for u_9 [P5Oz]
	Added [3mIH] as watcher for u_8 [q1Bz]
	Added [bivQ] as watcher for u_5 [QFTr]
	Added [b_RA] as watcher for u_0 [pGDf]
	Added [3mIH] as watcher for u_2 [CrZg]
	Added [zo7w] as watcher for u_3 [iOoS]
	Added [2D85] as watcher for u_6 [OnMz]
	Added [jm4C] as watcher for u_1 [eghU]
	Added [j5nz] as watcher for u_4 [sHvm]
	Added [b_RA] as watcher for u_9 [P5Oz]
	Added [3mIH] as watcher for u_7 [u0GJ]
	Added [bivQ] as watcher for u_0 [pGDf]
	Added [2D85] as watcher for u_5 [QFTr]
	Added [2D85] as watcher for u_8 [q1Bz]
	Added [b_RA] as watcher for u_2 [CrZg]
	Added [sQMb] as watcher for u_6 [OnMz]
	Asking u_6 [OnMz]'s watchers to watch [3EVh]
	Added [2D85] as watcher for u_3 [iOoS]
	Asking u_3 [iOoS]'s watchers to watch [3EVh]
	Added [sQMb] as watcher for u_1 [eghU]
	Added [sQMb] as watcher for u_4 [sHvm]
	Asking u_4 [sHvm]'s watchers to watch [3EVh]
	Added [b_RA] as watcher for u_7 [u0GJ]
	Asking u_7 [u0GJ]'s watchers to watch [3EVh]
	Added [x5MO] as watcher for u_9 [P5Oz]
	Asking u_9 [P5Oz]'s watchers to watch [3EVh]
	Added [jm4C] as watcher for u_0 [pGDf]
	Asking u_0 [pGDf]'s watchers to watch [3EVh]
	Added [jm4C] as watcher for u_5 [QFTr]
	Asking u_5 [QFTr]'s watchers to watch [3EVh]
	Added [zo7w] as watcher for u_2 [CrZg]
	Asking u_2 [CrZg]'s watchers to watch [3EVh]
	Added [bivQ] as watcher for u_8 [q1Bz]
	Asking u_8 [q1Bz]'s watchers to watch [3EVh]
	Added [3mIH] as watcher for u_1 [eghU]
	Asking u_1 [eghU]'s watchers to watch [3EVh]
	✅ u_7 [u0GJ] Inception Done
	✅ u_3 [iOoS] Inception Done
	✅ u_4 [sHvm] Inception Done
	✅ u_0 [pGDf] Inception Done
	✅ u_6 [OnMz] Inception Done
	✅ u_9 [P5Oz] Inception Done
	✅ u_5 [QFTr] Inception Done
	✅ u_2 [CrZg] Inception Done
	✅ u_8 [q1Bz] Inception Done
	✅ u_1 [eghU] Inception Done
Test 2 (signature verification)
	✅ u_3 [iOoS] Message verified
	✅ u_1 [eghU] Message verified
	✅ u_6 [OnMz] Message verified
	✅ u_4 [sHvm] Message verified
	✅ u_5 [QFTr] Message verified
	✅ u_0 [pGDf] Message verified
	✅ u_8 [q1Bz] Message verified
	✅ u_9 [P5Oz] Message verified
	✅ u_2 [CrZg] Message verified
	✅ u_7 [u0GJ] Message verified
Waiting for an incoming message - Test 3 (signature verification after rotation of issuer)
	✅ u_8 [q1Bz] Message Verified (2)
	✅ u_9 [P5Oz] Message Verified (2)
	✅ u_0 [pGDf] Message Verified (2)
	✅ u_6 [OnMz] Message Verified (2)
	✅ u_7 [u0GJ] Message Verified (2)
	✅ u_1 [eghU] Message Verified (2)
	✅ u_3 [iOoS] Message Verified (2)
	✅ u_2 [CrZg] Message Verified (2)
	✅ u_4 [sHvm] Message Verified (2)
	✅ u_5 [QFTr] Message Verified (2)
Waiting for an incoming message - Test 4 (valid acdc credential)
skipped--
Waiting for an incoming message - Test 5 (acdc revocation)
skipped--
Waiting for an incoming message - Test 6
u_5 [QFTr] Starts Rotation
u_2 [CrZg] Starts Rotation
u_8 [q1Bz] Starts Rotation
u_9 [P5Oz] Starts Rotation
u_1 [eghU] Starts Rotation
u_4 [sHvm] Starts Rotation
u_0 [pGDf] Starts Rotation
u_6 [OnMz] Starts Rotation
u_7 [u0GJ] Starts Rotation
u_3 [iOoS] Starts Rotation
u_0 [pGDf] Ends Rotation
u_0 [pGDf] - Completed Key Rotation
u_9 [P5Oz] Ends Rotation
u_9 [P5Oz] - Completed Key Rotation
u_1 [eghU] Ends Rotation
u_1 [eghU] - Completed Key Rotation
u_2 [CrZg] Ends Rotation
u_2 [CrZg] - Completed Key Rotation
u_6 [OnMz] Ends Rotation
u_6 [OnMz] - Completed Key Rotation
u_5 [QFTr] Ends Rotation
u_5 [QFTr] - Completed Key Rotation
u_3 [iOoS] Ends Rotation
u_3 [iOoS] - Completed Key Rotation
u_7 [u0GJ] Ends Rotation
u_7 [u0GJ] - Completed Key Rotation
u_4 [sHvm] Ends Rotation
u_4 [sHvm] - Completed Key Rotation
u_8 [q1Bz] Ends Rotation
u_8 [q1Bz] - Completed Key Rotation
Executed 10 users / 10 success / 0 fail
Test 1: 10723ms (1072 p.u.)
Test 2: 1ms (0 p.u.)
Test 3: 2292ms (229 p.u.)
Test 4: 2590ms (259 p.u.)
