Waiting for an incoming message - Test 1 (inception)
Error while deserializing http message: Error("EOF while parsing a value", line: 1, column: 0)
	Preparing Data...
	Data is ready, starting users and test1
Incepted: u_2 [vc1k]
Incepted: u_0 [qWbE]
Incepted: u_3 [zbTp]
Incepted: u_4 [Ve0K]
Incepted: u_5 [qao5]
Incepted: u_9 [mdf7]
Incepted: u_7 [nAZp]
Incepted: u_8 [1H1H]
Incepted: u_6 [ru8P]
Incepted: u_1 [_aoD]
	Added [QEi9] as watcher for u_2 [vc1k]
	Added [sQMb] as watcher for u_0 [qWbE]
	Added [zo7w] as watcher for u_4 [Ve0K]
	Added [2D85] as watcher for u_3 [zbTp]
	Added [j5nz] as watcher for u_9 [mdf7]
	Added [zo7w] as watcher for u_5 [qao5]
	Added [bivQ] as watcher for u_7 [nAZp]
	Added [3sn5] as watcher for u_6 [ru8P]
	Added [3sn5] as watcher for u_8 [1H1H]
	Added [QDNR] as watcher for u_1 [_aoD]
	Added [QEi9] as watcher for u_4 [Ve0K]
	Added [jm4C] as watcher for u_3 [zbTp]
	Added [b_RA] as watcher for u_0 [qWbE]
	Added [QDNR] as watcher for u_2 [vc1k]
	Added [3mIH] as watcher for u_9 [mdf7]
	Added [zo7w] as watcher for u_8 [1H1H]
	Added [QEi9] as watcher for u_7 [nAZp]
	Added [j5nz] as watcher for u_1 [_aoD]
	Added [QDNR] as watcher for u_4 [Ve0K]
	Added [x5MO] as watcher for u_6 [ru8P]
	Added [2D85] as watcher for u_5 [qao5]
	Added [x5MO] as watcher for u_3 [zbTp]
	Added [b_RA] as watcher for u_2 [vc1k]
	Added [3mIH] as watcher for u_0 [qWbE]
	Added [x5MO] as watcher for u_9 [mdf7]
	Added [sQMb] as watcher for u_4 [Ve0K]
	Added [jm4C] as watcher for u_1 [_aoD]
	Added [x5MO] as watcher for u_7 [nAZp]
	Added [b_RA] as watcher for u_8 [1H1H]
	Added [QEi9] as watcher for u_5 [qao5]
	Added [j5nz] as watcher for u_6 [ru8P]
	Added [QEi9] as watcher for u_3 [zbTp]
	Added [zo7w] as watcher for u_9 [mdf7]
	Added [jm4C] as watcher for u_2 [vc1k]
	Added [bivQ] as watcher for u_4 [Ve0K]
	Added [bivQ] as watcher for u_0 [qWbE]
	Added [b_RA] as watcher for u_1 [_aoD]
	Added [zo7w] as watcher for u_3 [zbTp]
	Added [sQMb] as watcher for u_5 [qao5]
	Added [2D85] as watcher for u_8 [1H1H]
	Added [sQMb] as watcher for u_7 [nAZp]
	Added [3mIH] as watcher for u_6 [ru8P]
	Added [QEi9] as watcher for u_9 [mdf7]
	Added [b_RA] as watcher for u_4 [Ve0K]
	Added [x5MO] as watcher for u_2 [vc1k]
	Added [j5nz] as watcher for u_0 [qWbE]
	Added [j5nz] as watcher for u_8 [1H1H]
	Added [b_RA] as watcher for u_5 [qao5]
	Added [j5nz] as watcher for u_3 [zbTp]
	Added [2D85] as watcher for u_1 [_aoD]
	Added [j5nz] as watcher for u_7 [nAZp]
	Added [sQMb] as watcher for u_9 [mdf7]
	Added [QEi9] as watcher for u_6 [ru8P]
	Added [2D85] as watcher for u_4 [Ve0K]
	Added [bivQ] as watcher for u_2 [vc1k]
	Added [QEi9] as watcher for u_8 [1H1H]
	Added [x5MO] as watcher for u_0 [qWbE]
	Added [jm4C] as watcher for u_5 [qao5]
	Added [zo7w] as watcher for u_1 [_aoD]
	Added [b_RA] as watcher for u_9 [mdf7]
	Added [3sn5] as watcher for u_3 [zbTp]
	Added [2D85] as watcher for u_7 [nAZp]
	Added [b_RA] as watcher for u_6 [ru8P]
	Added [j5nz] as watcher for u_4 [Ve0K]
	Asking u_4 [Ve0K]'s watchers to watch [3EVh]
	Added [3mIH] as watcher for u_2 [vc1k]
	Added [x5MO] as watcher for u_8 [1H1H]
	Added [3sn5] as watcher for u_0 [qWbE]
	Added [bivQ] as watcher for u_5 [qao5]
	Added [bivQ] as watcher for u_1 [_aoD]
	Added [3sn5] as watcher for u_7 [nAZp]
	Added [QDNR] as watcher for u_9 [mdf7]
	Asking u_9 [mdf7]'s watchers to watch [3EVh]
	Added [QDNR] as watcher for u_3 [zbTp]
	Asking u_3 [zbTp]'s watchers to watch [3EVh]
	Added [sQMb] as watcher for u_6 [ru8P]
	Added [jm4C] as watcher for u_8 [1H1H]
	Asking u_8 [1H1H]'s watchers to watch [3EVh]
	Added [zo7w] as watcher for u_0 [qWbE]
	Asking u_0 [qWbE]'s watchers to watch [3EVh]
	Added [3sn5] as watcher for u_2 [vc1k]
	Asking u_2 [vc1k]'s watchers to watch [3EVh]
	Added [x5MO] as watcher for u_5 [qao5]
	Asking u_5 [qao5]'s watchers to watch [3EVh]
	Added [QEi9] as watcher for u_1 [_aoD]
	Asking u_1 [_aoD]'s watchers to watch [3EVh]
	Added [jm4C] as watcher for u_7 [nAZp]
	Asking u_7 [nAZp]'s watchers to watch [3EVh]
	Added [jm4C] as watcher for u_6 [ru8P]
	Asking u_6 [ru8P]'s watchers to watch [3EVh]
	✅ u_4 [Ve0K] Inception Done
	✅ u_3 [zbTp] Inception Done
	✅ u_9 [mdf7] Inception Done
	✅ u_8 [1H1H] Inception Done
	✅ u_7 [nAZp] Inception Done
	✅ u_1 [_aoD] Inception Done
	✅ u_5 [qao5] Inception Done
	✅ u_6 [ru8P] Inception Done
	✅ u_2 [vc1k] Inception Done
	✅ u_0 [qWbE] Inception Done
Test 2 (signature verification)
	✅ u_0 [qWbE] Message verified
	✅ u_2 [vc1k] Message verified
	✅ u_1 [_aoD] Message verified
	✅ u_7 [nAZp] Message verified
	✅ u_8 [1H1H] Message verified
	✅ u_5 [qao5] Message verified
	✅ u_6 [ru8P] Message verified
	✅ u_9 [mdf7] Message verified
	✅ u_4 [Ve0K] Message verified
	✅ u_3 [zbTp] Message verified
Waiting for an incoming message - Test 3 (signature verification after rotation of issuer)
	✅ u_7 [nAZp] Message Verified (2)
	✅ u_0 [qWbE] Message Verified (2)
	✅ u_3 [zbTp] Message Verified (2)
	✅ u_4 [Ve0K] Message Verified (2)
	✅ u_6 [ru8P] Message Verified (2)
	✅ u_2 [vc1k] Message Verified (2)
	✅ u_9 [mdf7] Message Verified (2)
	✅ u_8 [1H1H] Message Verified (2)
	✅ u_1 [_aoD] Message Verified (2)
	✅ u_5 [qao5] Message Verified (2)
Waiting for an incoming message - Test 4 (valid acdc credential)
skipped--
Waiting for an incoming message - Test 5 (acdc revocation)
skipped--
Waiting for an incoming message - Test 6
u_5 [qao5] Starts Rotation
u_0 [qWbE] Starts Rotation
u_7 [nAZp] Starts Rotation
u_2 [vc1k] Starts Rotation
u_1 [_aoD] Starts Rotation
u_8 [1H1H] Starts Rotation
u_6 [ru8P] Starts Rotation
u_9 [mdf7] Starts Rotation
u_4 [Ve0K] Starts Rotation
u_3 [zbTp] Starts Rotation
u_7 [nAZp] Ends Rotation
u_7 [nAZp] - Completed Key Rotation
u_2 [vc1k] Ends Rotation
u_2 [vc1k] - Completed Key Rotation
u_9 [mdf7] Ends Rotation
u_9 [mdf7] - Completed Key Rotation
u_3 [zbTp] Ends Rotation
u_3 [zbTp] - Completed Key Rotation
u_0 [qWbE] Ends Rotation
u_0 [qWbE] - Completed Key Rotation
u_1 [_aoD] Ends Rotation
u_1 [_aoD] - Completed Key Rotation
u_8 [1H1H] Ends Rotation
u_8 [1H1H] - Completed Key Rotation
u_5 [qao5] Ends Rotation
u_5 [qao5] - Completed Key Rotation
u_6 [ru8P] Ends Rotation
u_6 [ru8P] - Completed Key Rotation
u_4 [Ve0K] Ends Rotation
u_4 [Ve0K] - Completed Key Rotation
Executed 10 users / 10 success / 0 fail
Test 1: 11095ms (1109 p.u.)
Test 2: 1ms (0 p.u.)
Test 3: 2407ms (240 p.u.)
Test 4: 2463ms (246 p.u.)
