Waiting for an incoming message - Test 1 (inception)
Error while deserializing http message: Error("EOF while parsing a value", line: 1, column: 0)
	Preparing Data...
	Data is ready, starting users and test1
Incepted: u_8 [C-7S]
Incepted: u_2 [IXjs]
Incepted: u_5 [aY-A]
Incepted: u_0 [BJJs]
Incepted: u_3 [D7Qk]
Incepted: u_6 [F1gp]
Incepted: u_9 [QQrf]
Incepted: u_7 [rNUh]
Incepted: u_4 [QhdI]
Incepted: u_1 [Lilt]
	Added [3sn5] as watcher for u_2 [IXjs]
	Added [zo7w] as watcher for u_5 [aY-A]
	Added [bivQ] as watcher for u_8 [C-7S]
	Added [b_RA] as watcher for u_0 [BJJs]
	Added [3mIH] as watcher for u_9 [QQrf]
	Added [QEi9] as watcher for u_3 [D7Qk]
	Added [QDNR] as watcher for u_6 [F1gp]
	Added [QEi9] as watcher for u_1 [Lilt]
	Added [x5MO] as watcher for u_7 [rNUh]
	Added [j5nz] as watcher for u_2 [IXjs]
	Added [x5MO] as watcher for u_4 [QhdI]
	Added [b_RA] as watcher for u_8 [C-7S]
	Added [QDNR] as watcher for u_3 [D7Qk]
	Added [3sn5] as watcher for u_9 [QQrf]
	Added [QEi9] as watcher for u_5 [aY-A]
	Added [sQMb] as watcher for u_0 [BJJs]
	Added [zo7w] as watcher for u_6 [F1gp]
	Added [b_RA] as watcher for u_1 [Lilt]
	Added [3mIH] as watcher for u_2 [IXjs]
	Added [QEi9] as watcher for u_7 [rNUh]
	Added [zo7w] as watcher for u_4 [QhdI]
	Added [QEi9] as watcher for u_8 [C-7S]
	Added [zo7w] as watcher for u_1 [Lilt]
	Added [bivQ] as watcher for u_3 [D7Qk]
	Added [x5MO] as watcher for u_9 [QQrf]
	Added [x5MO] as watcher for u_0 [BJJs]
	Added [QDNR] as watcher for u_2 [IXjs]
	Added [3sn5] as watcher for u_7 [rNUh]
	Added [2D85] as watcher for u_5 [aY-A]
	Added [bivQ] as watcher for u_6 [F1gp]
	Added [b_RA] as watcher for u_4 [QhdI]
	Added [sQMb] as watcher for u_8 [C-7S]
	Added [QDNR] as watcher for u_0 [BJJs]
	Added [zo7w] as watcher for u_2 [IXjs]
	Added [QEi9] as watcher for u_6 [F1gp]
	Added [jm4C] as watcher for u_5 [aY-A]
	Added [3sn5] as watcher for u_8 [C-7S]
	Added [2D85] as watcher for u_1 [Lilt]
	Added [2D85] as watcher for u_3 [D7Qk]
	Added [bivQ] as watcher for u_7 [rNUh]
	Added [2D85] as watcher for u_9 [QQrf]
	Added [2D85] as watcher for u_4 [QhdI]
	Added [3sn5] as watcher for u_5 [aY-A]
	Added [b_RA] as watcher for u_2 [IXjs]
	Added [jm4C] as watcher for u_6 [F1gp]
	Added [QDNR] as watcher for u_1 [Lilt]
	Added [zo7w] as watcher for u_0 [BJJs]
	Added [j5nz] as watcher for u_8 [C-7S]
	Added [j5nz] as watcher for u_3 [D7Qk]
	Added [zo7w] as watcher for u_7 [rNUh]
	Added [sQMb] as watcher for u_9 [QQrf]
	Added [sQMb] as watcher for u_4 [QhdI]
	Added [sQMb] as watcher for u_6 [F1gp]
	Added [b_RA] as watcher for u_5 [aY-A]
	Added [3mIH] as watcher for u_8 [C-7S]
	Added [j5nz] as watcher for u_0 [BJJs]
	Added [3mIH] as watcher for u_7 [rNUh]
	Added [j5nz] as watcher for u_9 [QQrf]
	Added [bivQ] as watcher for u_2 [IXjs]
	Added [bivQ] as watcher for u_1 [Lilt]
	Added [x5MO] as watcher for u_3 [D7Qk]
	Added [3sn5] as watcher for u_4 [QhdI]
	Added [3mIH] as watcher for u_0 [BJJs]
	Added [QDNR] as watcher for u_7 [rNUh]
	Added [j5nz] as watcher for u_6 [F1gp]
	Added [bivQ] as watcher for u_5 [aY-A]
	Added [zo7w] as watcher for u_9 [QQrf]
	Added [x5MO] as watcher for u_8 [C-7S]
	Asking u_8 [C-7S]'s watchers to watch [3EVh]
	Added [sQMb] as watcher for u_1 [Lilt]
	Added [sQMb] as watcher for u_2 [IXjs]
	Asking u_2 [IXjs]'s watchers to watch [3EVh]
	Added [jm4C] as watcher for u_4 [QhdI]
	Added [j5nz] as watcher for u_7 [rNUh]
	Added [3mIH] as watcher for u_6 [F1gp]
	Asking u_6 [F1gp]'s watchers to watch [3EVh]
	Asking u_7 [rNUh]'s watchers to watch [3EVh]
	Added [zo7w] as watcher for u_3 [D7Qk]
	Added [j5nz] as watcher for u_1 [Lilt]
	Asking u_1 [Lilt]'s watchers to watch [3EVh]
	Added [2D85] as watcher for u_0 [BJJs]
	Asking u_0 [BJJs]'s watchers to watch [3EVh]
	Added [QDNR] as watcher for u_4 [QhdI]
	Asking u_4 [QhdI]'s watchers to watch [3EVh]
	Added [x5MO] as watcher for u_5 [aY-A]
	Asking u_5 [aY-A]'s watchers to watch [3EVh]
	Added [3mIH] as watcher for u_3 [D7Qk]
	Asking u_3 [D7Qk]'s watchers to watch [3EVh]
	Added [bivQ] as watcher for u_9 [QQrf]
	Asking u_9 [QQrf]'s watchers to watch [3EVh]
	✅ u_2 [IXjs] Inception Done
	✅ u_8 [C-7S] Inception Done
	✅ u_6 [F1gp] Inception Done
	✅ u_7 [rNUh] Inception Done
	✅ u_1 [Lilt] Inception Done
	✅ u_0 [BJJs] Inception Done
	✅ u_4 [QhdI] Inception Done
	✅ u_3 [D7Qk] Inception Done
	✅ u_9 [QQrf] Inception Done
	✅ u_5 [aY-A] Inception Done
Test 2 (signature verification)
	✅ u_5 [aY-A] Message verified
	✅ u_8 [C-7S] Message verified
	✅ u_4 [QhdI] Message verified
	✅ u_6 [F1gp] Message verified
	✅ u_0 [BJJs] Message verified
	✅ u_7 [rNUh] Message verified
	✅ u_2 [IXjs] Message verified
	✅ u_1 [Lilt] Message verified
	✅ u_9 [QQrf] Message verified
	✅ u_3 [D7Qk] Message verified
Waiting for an incoming message - Test 3 (signature verification after rotation of issuer)
	✅ u_2 [IXjs] Message Verified (2)
	✅ u_4 [QhdI] Message Verified (2)
	✅ u_5 [aY-A] Message Verified (2)
	✅ u_7 [rNUh] Message Verified (2)
	✅ u_6 [F1gp] Message Verified (2)
	✅ u_1 [Lilt] Message Verified (2)
	✅ u_0 [BJJs] Message Verified (2)
	✅ u_9 [QQrf] Message Verified (2)
	✅ u_3 [D7Qk] Message Verified (2)
	✅ u_8 [C-7S] Message Verified (2)
Waiting for an incoming message - Test 4 (valid acdc credential)
skipped--
Waiting for an incoming message - Test 5 (acdc revocation)
skipped--
Waiting for an incoming message - Test 6
u_8 [C-7S] Starts Rotation
u_5 [aY-A] Starts Rotation
u_4 [QhdI] Starts Rotation
u_7 [rNUh] Starts Rotation
u_2 [IXjs] Starts Rotation
u_0 [BJJs] Starts Rotation
u_6 [F1gp] Starts Rotation
u_1 [Lilt] Starts Rotation
u_3 [D7Qk] Starts Rotation
u_9 [QQrf] Starts Rotation
u_8 [C-7S] Ends Rotation
u_8 [C-7S] - Completed Key Rotation
u_2 [IXjs] Ends Rotation
u_2 [IXjs] - Completed Key Rotation
u_7 [rNUh] Ends Rotation
u_7 [rNUh] - Completed Key Rotation
u_9 [QQrf] Ends Rotation
u_9 [QQrf] - Completed Key Rotation
u_3 [D7Qk] Ends Rotation
u_3 [D7Qk] - Completed Key Rotation
u_6 [F1gp] Ends Rotation
u_6 [F1gp] - Completed Key Rotation
u_5 [aY-A] Ends Rotation
u_5 [aY-A] - Completed Key Rotation
u_1 [Lilt] Ends Rotation
u_1 [Lilt] - Completed Key Rotation
u_0 [BJJs] Ends Rotation
u_0 [BJJs] - Completed Key Rotation
u_4 [QhdI] Ends Rotation
u_4 [QhdI] - Completed Key Rotation
Executed 10 users / 10 success / 0 fail
Test 1: 9503ms (950 p.u.)
Test 2: 1ms (0 p.u.)
Test 3: 2010ms (201 p.u.)
Test 4: 2044ms (204 p.u.)
