Waiting for an incoming message - Test 1 (inception)
Error while deserializing http message: Error("EOF while parsing a value", line: 1, column: 0)
	Preparing Data...
	Data is ready, starting users and test1
Incepted: u_1 [c_IK]
Incepted: u_4 [KKNg]
Incepted: u_6 [ThLk]
Incepted: u_0 [PBDI]
Incepted: u_5 [mB6t]
Incepted: u_9 [H5bs]
Incepted: u_8 [hcHM]
Incepted: u_7 [btve]
	Added [3sn5] as watcher for u_1 [c_IK]
Incepted: u_2 [WNgJ]
Incepted: u_3 [eQwt]
	Added [sQMb] as watcher for u_4 [KKNg]
	Added [3mIH] as watcher for u_0 [PBDI]
	Added [3mIH] as watcher for u_6 [ThLk]
	Added [QDNR] as watcher for u_9 [H5bs]
	Added [3sn5] as watcher for u_8 [hcHM]
	Added [jm4C] as watcher for u_2 [WNgJ]
	Added [x5MO] as watcher for u_5 [mB6t]
	Added [QEi9] as watcher for u_3 [eQwt]
	Added [j5nz] as watcher for u_1 [c_IK]
	Added [2D85] as watcher for u_7 [btve]
	Added [zo7w] as watcher for u_6 [ThLk]
	Added [QEi9] as watcher for u_0 [PBDI]
	Added [b_RA] as watcher for u_9 [H5bs]
	Added [bivQ] as watcher for u_4 [KKNg]
	Added [b_RA] as watcher for u_8 [hcHM]
	Added [zo7w] as watcher for u_5 [mB6t]
	Added [b_RA] as watcher for u_2 [WNgJ]
	Added [QDNR] as watcher for u_7 [btve]
	Added [zo7w] as watcher for u_3 [eQwt]
	Added [b_RA] as watcher for u_1 [c_IK]
	Added [3sn5] as watcher for u_6 [ThLk]
	Added [QDNR] as watcher for u_2 [WNgJ]
	Added [3mIH] as watcher for u_9 [H5bs]
	Added [3sn5] as watcher for u_4 [KKNg]
	Added [bivQ] as watcher for u_0 [PBDI]
	Added [jm4C] as watcher for u_5 [mB6t]
	Added [x5MO] as watcher for u_8 [hcHM]
	Added [zo7w] as watcher for u_1 [c_IK]
	Added [sQMb] as watcher for u_3 [eQwt]
	Added [x5MO] as watcher for u_7 [btve]
	Added [j5nz] as watcher for u_9 [H5bs]
	Added [2D85] as watcher for u_6 [ThLk]
	Added [sQMb] as watcher for u_5 [mB6t]
	Added [sQMb] as watcher for u_8 [hcHM]
	Added [2D85] as watcher for u_0 [PBDI]
	Added [x5MO] as watcher for u_2 [WNgJ]
	Added [3mIH] as watcher for u_3 [eQwt]
	Added [2D85] as watcher for u_4 [KKNg]
	Added [2D85] as watcher for u_1 [c_IK]
	Added [3sn5] as watcher for u_7 [btve]
	Added [3sn5] as watcher for u_9 [H5bs]
	Added [jm4C] as watcher for u_6 [ThLk]
	Added [QDNR] as watcher for u_5 [mB6t]
	Added [3sn5] as watcher for u_3 [eQwt]
	Added [QEi9] as watcher for u_2 [WNgJ]
	Added [zo7w] as watcher for u_0 [PBDI]
	Added [j5nz] as watcher for u_8 [hcHM]
	Added [zo7w] as watcher for u_4 [KKNg]
	Added [zo7w] as watcher for u_9 [H5bs]
	Added [x5MO] as watcher for u_1 [c_IK]
	Added [bivQ] as watcher for u_7 [btve]
	Added [b_RA] as watcher for u_6 [ThLk]
	Added [QDNR] as watcher for u_3 [eQwt]
	Added [bivQ] as watcher for u_5 [mB6t]
	Added [3sn5] as watcher for u_0 [PBDI]
	Added [jm4C] as watcher for u_4 [KKNg]
	Added [bivQ] as watcher for u_8 [hcHM]
	Added [2D85] as watcher for u_2 [WNgJ]
	Added [sQMb] as watcher for u_9 [H5bs]
	Added [jm4C] as watcher for u_1 [c_IK]
	Added [zo7w] as watcher for u_7 [btve]
	Added [x5MO] as watcher for u_6 [ThLk]
	Added [b_RA] as watcher for u_4 [KKNg]
	Added [sQMb] as watcher for u_0 [PBDI]
	Added [QEi9] as watcher for u_8 [hcHM]
	Added [3mIH] as watcher for u_2 [WNgJ]
	Added [bivQ] as watcher for u_3 [eQwt]
	Added [QEi9] as watcher for u_1 [c_IK]
	Asking u_1 [c_IK]'s watchers to watch [3EVh]
	Added [2D85] as watcher for u_5 [mB6t]
	Added [bivQ] as watcher for u_9 [H5bs]
	Asking u_9 [H5bs]'s watchers to watch [3EVh]
	Added [b_RA] as watcher for u_7 [btve]
	Added [b_RA] as watcher for u_0 [PBDI]
	Asking u_0 [PBDI]'s watchers to watch [3EVh]
	Added [sQMb] as watcher for u_6 [ThLk]
	Asking u_6 [ThLk]'s watchers to watch [3EVh]
	Added [j5nz] as watcher for u_2 [WNgJ]
	Asking u_2 [WNgJ]'s watchers to watch [3EVh]
	Added [j5nz] as watcher for u_4 [KKNg]
	Asking u_4 [KKNg]'s watchers to watch [3EVh]
	Added [zo7w] as watcher for u_8 [hcHM]
	Asking u_8 [hcHM]'s watchers to watch [3EVh]
	Added [j5nz] as watcher for u_3 [eQwt]
	Asking u_3 [eQwt]'s watchers to watch [3EVh]
	Added [b_RA] as watcher for u_5 [mB6t]
	Asking u_5 [mB6t]'s watchers to watch [3EVh]
	Added [jm4C] as watcher for u_7 [btve]
	Asking u_7 [btve]'s watchers to watch [3EVh]
	✅ u_1 [c_IK] Inception Done
	✅ u_9 [H5bs] Inception Done
	✅ u_0 [PBDI] Inception Done
	✅ u_3 [eQwt] Inception Done
	✅ u_4 [KKNg] Inception Done
	✅ u_6 [ThLk] Inception Done
	✅ u_2 [WNgJ] Inception Done
	✅ u_8 [hcHM] Inception Done
	✅ u_5 [mB6t] Inception Done
	✅ u_7 [btve] Inception Done
Test 2 (signature verification)
	✅ u_7 [btve] Message verified
	✅ u_2 [WNgJ] Message verified
	✅ u_6 [ThLk] Message verified
	✅ u_8 [hcHM] Message verified
	✅ u_1 [c_IK] Message verified
	✅ u_9 [H5bs] Message verified
	✅ u_3 [eQwt] Message verified
	✅ u_4 [KKNg] Message verified
	✅ u_5 [mB6t] Message verified
	✅ u_0 [PBDI] Message verified
Waiting for an incoming message - Test 3 (signature verification after rotation of issuer)
	✅ u_3 [eQwt] Message Verified (2)
	✅ u_8 [hcHM] Message Verified (2)
	✅ u_4 [KKNg] Message Verified (2)
	✅ u_1 [c_IK] Message Verified (2)
	✅ u_2 [WNgJ] Message Verified (2)
	✅ u_7 [btve] Message Verified (2)
	✅ u_6 [ThLk] Message Verified (2)
	✅ u_5 [mB6t] Message Verified (2)
	✅ u_0 [PBDI] Message Verified (2)
	✅ u_9 [H5bs] Message Verified (2)
Waiting for an incoming message - Test 4 (valid acdc credential)
skipped--
Waiting for an incoming message - Test 5 (acdc revocation)
skipped--
Waiting for an incoming message - Test 6
u_9 [H5bs] Starts Rotation
u_1 [c_IK] Starts Rotation
u_6 [ThLk] Starts Rotation
u_0 [PBDI] Starts Rotation
u_8 [hcHM] Starts Rotation
u_3 [eQwt] Starts Rotation
u_7 [btve] Starts Rotation
u_5 [mB6t] Starts Rotation
u_2 [WNgJ] Starts Rotation
u_4 [KKNg] Starts Rotation
u_0 [PBDI] Ends Rotation
u_0 [PBDI] - Completed Key Rotation
u_6 [ThLk] Ends Rotation
u_6 [ThLk] - Completed Key Rotation
u_1 [c_IK] Ends Rotation
u_1 [c_IK] - Completed Key Rotation
u_4 [KKNg] Ends Rotation
u_4 [KKNg] - Completed Key Rotation
u_5 [mB6t] Ends Rotation
u_5 [mB6t] - Completed Key Rotation
u_2 [WNgJ] Ends Rotation
u_2 [WNgJ] - Completed Key Rotation
u_7 [btve] Ends Rotation
u_7 [btve] - Completed Key Rotation
u_9 [H5bs] Ends Rotation
u_9 [H5bs] - Completed Key Rotation
u_3 [eQwt] Ends Rotation
u_3 [eQwt] - Completed Key Rotation
u_8 [hcHM] Ends Rotation
u_8 [hcHM] - Completed Key Rotation
Executed 10 users / 10 success / 0 fail
Test 1: 10781ms (1078 p.u.)
Test 2: 1ms (0 p.u.)
Test 3: 2325ms (232 p.u.)
Test 4: 2536ms (253 p.u.)
