Waiting for an incoming message - Test 1 (inception)
Error while deserializing http message: Error("EOF while parsing a value", line: 1, column: 0)
	Preparing Data...
	Data is ready, starting users and test1
Incepted: u_0 [0SY9]
Incepted: u_3 [C0rd]
Incepted: u_7 [wHAD]
Incepted: u_4 [Rwtj]
Incepted: u_8 [q5Vw]
Incepted: u_2 [vN_c]
Incepted: u_6 [UT9a]
Incepted: u_5 [LQBV]
Incepted: u_9 [KmPh]
Incepted: u_1 [nH2n]
	Added [3mIH] as watcher for u_0 [0SY9]
	Added [3mIH] as watcher for u_7 [wHAD]
	Added [jm4C] as watcher for u_3 [C0rd]
	Added [QEi9] as watcher for u_4 [Rwtj]
	Added [zo7w] as watcher for u_6 [UT9a]
	Added [QDNR] as watcher for u_2 [vN_c]
	Added [x5MO] as watcher for u_8 [q5Vw]
	Added [sQMb] as watcher for u_9 [KmPh]
	Added [QEi9] as watcher for u_5 [LQBV]
	Added [b_RA] as watcher for u_1 [nH2n]
	Added [b_RA] as watcher for u_0 [0SY9]
	Added [bivQ] as watcher for u_3 [C0rd]
	Added [j5nz] as watcher for u_7 [wHAD]
	Added [QEi9] as watcher for u_6 [UT9a]
	Added [sQMb] as watcher for u_2 [vN_c]
	Added [3mIH] as watcher for u_4 [Rwtj]
	Added [bivQ] as watcher for u_8 [q5Vw]
	Added [3sn5] as watcher for u_9 [KmPh]
	Added [x5MO] as watcher for u_5 [LQBV]
	Added [QDNR] as watcher for u_1 [nH2n]
	Added [jm4C] as watcher for u_0 [0SY9]
	Added [sQMb] as watcher for u_4 [Rwtj]
	Added [3sn5] as watcher for u_6 [UT9a]
	Added [3sn5] as watcher for u_2 [vN_c]
	Added [b_RA] as watcher for u_3 [C0rd]
	Added [QEi9] as watcher for u_7 [wHAD]
	Added [x5MO] as watcher for u_9 [KmPh]
	Added [zo7w] as watcher for u_1 [nH2n]
	Added [2D85] as watcher for u_8 [q5Vw]
	Added [2D85] as watcher for u_5 [LQBV]
	Added [QDNR] as watcher for u_6 [UT9a]
	Added [jm4C] as watcher for u_4 [Rwtj]
	Added [bivQ] as watcher for u_2 [vN_c]
	Added [3sn5] as watcher for u_0 [0SY9]
	Added [j5nz] as watcher for u_3 [C0rd]
	Added [sQMb] as watcher for u_7 [wHAD]
	Added [2D85] as watcher for u_9 [KmPh]
	Added [b_RA] as watcher for u_8 [q5Vw]
	Added [2D85] as watcher for u_1 [nH2n]
	Added [3mIH] as watcher for u_5 [LQBV]
	Added [zo7w] as watcher for u_4 [Rwtj]
	Added [jm4C] as watcher for u_7 [wHAD]
	Added [zo7w] as watcher for u_2 [vN_c]
	Added [2D85] as watcher for u_0 [0SY9]
	Added [bivQ] as watcher for u_6 [UT9a]
	Added [zo7w] as watcher for u_3 [C0rd]
	Added [bivQ] as watcher for u_9 [KmPh]
	Added [QDNR] as watcher for u_8 [q5Vw]
	Added [b_RA] as watcher for u_5 [LQBV]
	Added [2D85] as watcher for u_4 [Rwtj]
	Added [3mIH] as watcher for u_1 [nH2n]
	Added [j5nz] as watcher for u_2 [vN_c]
	Added [QDNR] as watcher for u_7 [wHAD]
	Added [x5MO] as watcher for u_0 [0SY9]
	Added [j5nz] as watcher for u_6 [UT9a]
	Added [x5MO] as watcher for u_3 [C0rd]
	Added [QEi9] as watcher for u_8 [q5Vw]
	Added [3mIH] as watcher for u_9 [KmPh]
	Added [j5nz] as watcher for u_4 [Rwtj]
	Added [jm4C] as watcher for u_5 [LQBV]
	Added [3mIH] as watcher for u_2 [vN_c]
	Added [j5nz] as watcher for u_1 [nH2n]
	Added [bivQ] as watcher for u_0 [0SY9]
	Added [x5MO] as watcher for u_7 [wHAD]
	Added [2D85] as watcher for u_3 [C0rd]
	Added [x5MO] as watcher for u_6 [UT9a]
	Added [3mIH] as watcher for u_8 [q5Vw]
	Added [b_RA] as watcher for u_4 [Rwtj]
	Asking u_4 [Rwtj]'s watchers to watch [3EVh]
	Added [QEi9] as watcher for u_9 [KmPh]
	Added [3sn5] as watcher for u_1 [nH2n]
	Added [zo7w] as watcher for u_5 [LQBV]
	Added [2D85] as watcher for u_2 [vN_c]
	Asking u_2 [vN_c]'s watchers to watch [3EVh]
	Added [sQMb] as watcher for u_0 [0SY9]
	Asking u_0 [0SY9]'s watchers to watch [3EVh]
	Added [bivQ] as watcher for u_7 [wHAD]
	Asking u_7 [wHAD]'s watchers to watch [3EVh]
	Added [3mIH] as watcher for u_3 [C0rd]
	Asking u_3 [C0rd]'s watchers to watch [3EVh]
	Added [jm4C] as watcher for u_8 [q5Vw]
	Asking u_8 [q5Vw]'s watchers to watch [3EVh]
	Added [2D85] as watcher for u_6 [UT9a]
	Asking u_6 [UT9a]'s watchers to watch [3EVh]
	Added [jm4C] as watcher for u_9 [KmPh]
	Asking u_9 [KmPh]'s watchers to watch [3EVh]
	Added [bivQ] as watcher for u_1 [nH2n]
	Asking u_1 [nH2n]'s watchers to watch [3EVh]
	Added [QDNR] as watcher for u_5 [LQBV]
	Asking u_5 [LQBV]'s watchers to watch [3EVh]
	✅ u_4 [Rwtj] Inception Done
	✅ u_0 [0SY9] Inception Done
	✅ u_2 [vN_c] Inception Done
	✅ u_7 [wHAD] Inception Done
	✅ u_6 [UT9a] Inception Done
	✅ u_1 [nH2n] Inception Done
	✅ u_3 [C0rd] Inception Done
	✅ u_8 [q5Vw] Inception Done
	✅ u_5 [LQBV] Inception Done
	✅ u_9 [KmPh] Inception Done
Test 2 (signature verification)
	✅ u_9 [KmPh] Message verified
	✅ u_7 [wHAD] Message verified
	✅ u_3 [C0rd] Message verified
	✅ u_2 [vN_c] Message verified
	✅ u_5 [LQBV] Message verified
	✅ u_6 [UT9a] Message verified
	✅ u_4 [Rwtj] Message verified
	✅ u_1 [nH2n] Message verified
	✅ u_8 [q5Vw] Message verified
	✅ u_0 [0SY9] Message verified
Waiting for an incoming message - Test 3 (signature verification after rotation of issuer)
	✅ u_7 [wHAD] Message Verified (2)
	✅ u_3 [C0rd] Message Verified (2)
	✅ u_4 [Rwtj] Message Verified (2)
	✅ u_0 [0SY9] Message Verified (2)
	✅ u_5 [LQBV] Message Verified (2)
	✅ u_2 [vN_c] Message Verified (2)
	✅ u_6 [UT9a] Message Verified (2)
	✅ u_8 [q5Vw] Message Verified (2)
	✅ u_1 [nH2n] Message Verified (2)
	✅ u_9 [KmPh] Message Verified (2)
Waiting for an incoming message - Test 4 (valid acdc credential)
skipped--
Waiting for an incoming message - Test 5 (acdc revocation)
skipped--
Waiting for an incoming message - Test 6
u_2 [vN_c] Starts Rotation
u_8 [q5Vw] Starts Rotation
u_9 [KmPh] Starts Rotation
u_7 [wHAD] Starts Rotation
u_3 [C0rd] Starts Rotation
u_0 [0SY9] Starts Rotation
u_5 [LQBV] Starts Rotation
u_6 [UT9a] Starts Rotation
u_4 [Rwtj] Starts Rotation
u_1 [nH2n] Starts Rotation
u_0 [0SY9] Ends Rotation
u_0 [0SY9] - Completed Key Rotation
u_4 [Rwtj] Ends Rotation
u_4 [Rwtj] - Completed Key Rotation
u_8 [q5Vw] Ends Rotation
u_8 [q5Vw] - Completed Key Rotation
u_3 [C0rd] Ends Rotation
u_3 [C0rd] - Completed Key Rotation
u_2 [vN_c] Ends Rotation
u_2 [vN_c] - Completed Key Rotation
u_7 [wHAD] Ends Rotation
u_7 [wHAD] - Completed Key Rotation
u_5 [LQBV] Ends Rotation
u_5 [LQBV] - Completed Key Rotation
u_1 [nH2n] Ends Rotation
u_1 [nH2n] - Completed Key Rotation
u_9 [KmPh] Ends Rotation
u_9 [KmPh] - Completed Key Rotation
u_6 [UT9a] Ends Rotation
u_6 [UT9a] - Completed Key Rotation
Executed 10 users / 10 success / 0 fail
Test 1: 11550ms (1155 p.u.)
Test 2: 1ms (0 p.u.)
Test 3: 2321ms (232 p.u.)
Test 4: 2567ms (256 p.u.)
