Waiting for an incoming message - Test 1 (inception)
Error while deserializing http message: Error("EOF while parsing a value", line: 1, column: 0)
	Preparing Data...
	Data is ready, starting users and test1
Incepted: u_9 [YNhz]
Incepted: u_5 [QAwS]
Incepted: u_3 [X9vI]
Incepted: u_7 [0hxn]
Incepted: u_4 [TKbT]
Incepted: u_2 [W7Mw]
Incepted: u_0 [8KEE]
Incepted: u_8 [dcmZ]
Incepted: u_6 [-W9A]
Incepted: u_1 [gVI1]
	Added [j5nz] as watcher for u_4 [TKbT]
	Added [sQMb] as watcher for u_7 [0hxn]
	Added [sQMb] as watcher for u_3 [X9vI]
	Added [2D85] as watcher for u_5 [QAwS]
	Added [3mIH] as watcher for u_9 [YNhz]
	Added [jm4C] as watcher for u_2 [W7Mw]
	Added [sQMb] as watcher for u_6 [-W9A]
	Added [j5nz] as watcher for u_0 [8KEE]
	Added [x5MO] as watcher for u_8 [dcmZ]
	Added [zo7w] as watcher for u_4 [TKbT]
	Added [2D85] as watcher for u_1 [gVI1]
	Added [QDNR] as watcher for u_3 [X9vI]
	Added [QEi9] as watcher for u_2 [W7Mw]
	Added [QDNR] as watcher for u_7 [0hxn]
	Added [3mIH] as watcher for u_5 [QAwS]
	Added [QEi9] as watcher for u_9 [YNhz]
	Added [bivQ] as watcher for u_0 [8KEE]
	Added [3sn5] as watcher for u_6 [-W9A]
	Added [QEi9] as watcher for u_1 [gVI1]
	Added [QEi9] as watcher for u_8 [dcmZ]
	Added [j5nz] as watcher for u_2 [W7Mw]
	Added [3mIH] as watcher for u_3 [X9vI]
	Added [bivQ] as watcher for u_4 [TKbT]
	Added [3sn5] as watcher for u_7 [0hxn]
	Added [j5nz] as watcher for u_5 [QAwS]
	Added [QDNR] as watcher for u_6 [-W9A]
	Added [bivQ] as watcher for u_9 [YNhz]
	Added [2D85] as watcher for u_0 [8KEE]
	Added [jm4C] as watcher for u_1 [gVI1]
	Added [b_RA] as watcher for u_8 [dcmZ]
	Added [sQMb] as watcher for u_4 [TKbT]
	Added [bivQ] as watcher for u_2 [W7Mw]
	Added [2D85] as watcher for u_3 [X9vI]
	Added [3mIH] as watcher for u_6 [-W9A]
	Added [x5MO] as watcher for u_7 [0hxn]
	Added [bivQ] as watcher for u_5 [QAwS]
	Added [b_RA] as watcher for u_9 [YNhz]
	Added [x5MO] as watcher for u_0 [8KEE]
	Added [zo7w] as watcher for u_8 [dcmZ]
	Added [zo7w] as watcher for u_1 [gVI1]
	Added [QDNR] as watcher for u_4 [TKbT]
	Added [zo7w] as watcher for u_3 [X9vI]
	Added [QDNR] as watcher for u_2 [W7Mw]
	Added [sQMb] as watcher for u_9 [YNhz]
	Added [j5nz] as watcher for u_6 [-W9A]
	Added [QEi9] as watcher for u_7 [0hxn]
	Added [QDNR] as watcher for u_5 [QAwS]
	Added [zo7w] as watcher for u_0 [8KEE]
	Added [x5MO] as watcher for u_1 [gVI1]
	Added [3mIH] as watcher for u_8 [dcmZ]
	Added [3mIH] as watcher for u_4 [TKbT]
	Added [x5MO] as watcher for u_3 [X9vI]
	Added [zo7w] as watcher for u_5 [QAwS]
	Added [j5nz] as watcher for u_9 [YNhz]
	Added [jm4C] as watcher for u_7 [0hxn]
	Added [jm4C] as watcher for u_6 [-W9A]
	Added [3sn5] as watcher for u_2 [W7Mw]
	Added [b_RA] as watcher for u_0 [8KEE]
	Added [j5nz] as watcher for u_1 [gVI1]
	Added [bivQ] as watcher for u_8 [dcmZ]
	Added [b_RA] as watcher for u_4 [TKbT]
	Added [jm4C] as watcher for u_3 [X9vI]
	Added [QEi9] as watcher for u_5 [QAwS]
	Added [bivQ] as watcher for u_6 [-W9A]
	Added [2D85] as watcher for u_7 [0hxn]
	Added [QDNR] as watcher for u_9 [YNhz]
	Added [zo7w] as watcher for u_2 [W7Mw]
	Added [3sn5] as watcher for u_0 [8KEE]
	Added [QDNR] as watcher for u_1 [gVI1]
	Added [x5MO] as watcher for u_4 [TKbT]
	Asking u_4 [TKbT]'s watchers to watch [3EVh]
	Added [j5nz] as watcher for u_8 [dcmZ]
	Added [j5nz] as watcher for u_3 [X9vI]
	Asking u_3 [X9vI]'s watchers to watch [3EVh]
	Added [2D85] as watcher for u_2 [W7Mw]
	Asking u_2 [W7Mw]'s watchers to watch [3EVh]
	Added [b_RA] as watcher for u_5 [QAwS]
	Asking u_5 [QAwS]'s watchers to watch [3EVh]
	Added [x5MO] as watcher for u_6 [-W9A]
	Asking u_6 [-W9A]'s watchers to watch [3EVh]
	Added [zo7w] as watcher for u_7 [0hxn]
	Asking u_7 [0hxn]'s watchers to watch [3EVh]
	Added [QEi9] as watcher for u_0 [8KEE]
	Asking u_0 [8KEE]'s watchers to watch [3EVh]
	Added [jm4C] as watcher for u_9 [YNhz]
	Asking u_9 [YNhz]'s watchers to watch [3EVh]
	Added [b_RA] as watcher for u_1 [gVI1]
	Asking u_1 [gVI1]'s watchers to watch [3EVh]
	Added [jm4C] as watcher for u_8 [dcmZ]
	Asking u_8 [dcmZ]'s watchers to watch [3EVh]
	✅ u_4 [TKbT] Inception Done
	✅ u_6 [-W9A] Inception Done
	✅ u_2 [W7Mw] Inception Done
	✅ u_3 [X9vI] Inception Done
	✅ u_0 [8KEE] Inception Done
	✅ u_5 [QAwS] Inception Done
	✅ u_7 [0hxn] Inception Done
	✅ u_9 [YNhz] Inception Done
	✅ u_1 [gVI1] Inception Done
	✅ u_8 [dcmZ] Inception Done
Test 2 (signature verification)
	✅ u_8 [dcmZ] Message verified
	✅ u_6 [-W9A] Message verified
	✅ u_7 [0hxn] Message verified
	✅ u_0 [8KEE] Message verified
	✅ u_3 [X9vI] Message verified
	✅ u_4 [TKbT] Message verified
	✅ u_1 [gVI1] Message verified
	✅ u_5 [QAwS] Message verified
	✅ u_2 [W7Mw] Message verified
	✅ u_9 [YNhz] Message verified
Waiting for an incoming message - Test 3 (signature verification after rotation of issuer)
	✅ u_5 [QAwS] Message Verified (2)
	✅ u_8 [dcmZ] Message Verified (2)
	✅ u_4 [TKbT] Message Verified (2)
	✅ u_1 [gVI1] Message Verified (2)
	✅ u_3 [X9vI] Message Verified (2)
	✅ u_0 [8KEE] Message Verified (2)
	✅ u_6 [-W9A] Message Verified (2)
	✅ u_7 [0hxn] Message Verified (2)
	✅ u_9 [YNhz] Message Verified (2)
	✅ u_2 [W7Mw] Message Verified (2)
Waiting for an incoming message - Test 4 (valid acdc credential)
skipped--
Waiting for an incoming message - Test 5 (acdc revocation)
skipped--
Waiting for an incoming message - Test 6
u_2 [W7Mw] Starts Rotation
u_9 [YNhz] Starts Rotation
u_8 [dcmZ] Starts Rotation
u_5 [QAwS] Starts Rotation
u_4 [TKbT] Starts Rotation
u_7 [0hxn] Starts Rotation
u_1 [gVI1] Starts Rotation
u_6 [-W9A] Starts Rotation
u_3 [X9vI] Starts Rotation
u_0 [8KEE] Starts Rotation
u_7 [0hxn] Ends Rotation
u_7 [0hxn] - Completed Key Rotation
u_5 [QAwS] Ends Rotation
u_5 [QAwS] - Completed Key Rotation
u_9 [YNhz] Ends Rotation
u_9 [YNhz] - Completed Key Rotation
u_6 [-W9A] Ends Rotation
u_6 [-W9A] - Completed Key Rotation
u_8 [dcmZ] Ends Rotation
u_8 [dcmZ] - Completed Key Rotation
u_3 [X9vI] Ends Rotation
u_3 [X9vI] - Completed Key Rotation
u_4 [TKbT] Ends Rotation
u_4 [TKbT] - Completed Key Rotation
u_1 [gVI1] Ends Rotation
u_1 [gVI1] - Completed Key Rotation
u_0 [8KEE] Ends Rotation
u_0 [8KEE] - Completed Key Rotation
u_2 [W7Mw] Ends Rotation
u_2 [W7Mw] - Completed Key Rotation
Executed 10 users / 10 success / 0 fail
Test 1: 10854ms (1085 p.u.)
Test 2: 1ms (0 p.u.)
Test 3: 2198ms (219 p.u.)
Test 4: 2191ms (219 p.u.)
