Waiting for an incoming message - Test 1 (inception)
Error while deserializing http message: Error("EOF while parsing a value", line: 1, column: 0)
	Preparing Data...
	Data is ready, starting users and test1
Incepted: u_3 [F_8L]
Incepted: u_6 [R-Ro]
Incepted: u_2 [-n1L]
Incepted: u_1 [Xpo-]
Incepted: u_8 [ZKor]
Incepted: u_9 [KDJ_]
Incepted: u_5 [oOBh]
Incepted: u_0 [jK5Q]
Incepted: u_4 [tp_G]
	Added [QDNR] as watcher for u_3 [F_8L]
Incepted: u_7 [2cpd]
	Added [2D85] as watcher for u_1 [Xpo-]
	Added [QEi9] as watcher for u_6 [R-Ro]
	Added [x5MO] as watcher for u_4 [tp_G]
	Added [b_RA] as watcher for u_0 [jK5Q]
	Added [3sn5] as watcher for u_2 [-n1L]
	Added [b_RA] as watcher for u_8 [ZKor]
	Added [QEi9] as watcher for u_9 [KDJ_]
	Added [3mIH] as watcher for u_5 [oOBh]
	Added [sQMb] as watcher for u_7 [2cpd]
	Added [sQMb] as watcher for u_3 [F_8L]
	Added [zo7w] as watcher for u_2 [-n1L]
	Added [sQMb] as watcher for u_4 [tp_G]
	Added [jm4C] as watcher for u_1 [Xpo-]
	Added [sQMb] as watcher for u_0 [jK5Q]
	Added [sQMb] as watcher for u_9 [KDJ_]
	Added [QEi9] as watcher for u_8 [ZKor]
	Added [3sn5] as watcher for u_6 [R-Ro]
	Added [x5MO] as watcher for u_2 [-n1L]
	Added [QDNR] as watcher for u_5 [oOBh]
	Added [QEi9] as watcher for u_7 [2cpd]
	Added [2D85] as watcher for u_4 [tp_G]
	Added [jm4C] as watcher for u_0 [jK5Q]
	Added [x5MO] as watcher for u_8 [ZKor]
	Added [3sn5] as watcher for u_3 [F_8L]
	Added [2D85] as watcher for u_5 [oOBh]
	Added [QDNR] as watcher for u_1 [Xpo-]
	Added [QDNR] as watcher for u_9 [KDJ_]
	Added [2D85] as watcher for u_0 [jK5Q]
	Added [sQMb] as watcher for u_8 [ZKor]
	Added [QDNR] as watcher for u_6 [R-Ro]
	Added [3mIH] as watcher for u_7 [2cpd]
	Added [QDNR] as watcher for u_2 [-n1L]
	Added [QDNR] as watcher for u_4 [tp_G]
	Added [3mIH] as watcher for u_3 [F_8L]
	Added [zo7w] as watcher for u_0 [jK5Q]
	Added [3sn5] as watcher for u_5 [oOBh]
	Added [j5nz] as watcher for u_1 [Xpo-]
	Added [sQMb] as watcher for u_6 [R-Ro]
	Added [3sn5] as watcher for u_9 [KDJ_]
	Added [sQMb] as watcher for u_2 [-n1L]
	Added [jm4C] as watcher for u_7 [2cpd]
	Added [3sn5] as watcher for u_8 [ZKor]
	Added [2D85] as watcher for u_3 [F_8L]
	Added [3sn5] as watcher for u_4 [tp_G]
	Added [b_RA] as watcher for u_5 [oOBh]
	Added [QEi9] as watcher for u_0 [jK5Q]
	Added [zo7w] as watcher for u_1 [Xpo-]
	Added [jm4C] as watcher for u_9 [KDJ_]
	Added [jm4C] as watcher for u_6 [R-Ro]
	Added [x5MO] as watcher for u_7 [2cpd]
	Added [2D85] as watcher for u_2 [-n1L]
	Added [zo7w] as watcher for u_4 [tp_G]
	Added [jm4C] as watcher for u_3 [F_8L]
	Added [3mIH] as watcher for u_8 [ZKor]
	Added [bivQ] as watcher for u_7 [2cpd]
	Added [bivQ] as watcher for u_1 [Xpo-]
	Added [x5MO] as watcher for u_9 [KDJ_]
	Added [zo7w] as watcher for u_5 [oOBh]
	Added [3mIH] as watcher for u_6 [R-Ro]
	Added [j5nz] as watcher for u_0 [jK5Q]
	Added [3mIH] as watcher for u_2 [-n1L]
	Added [2D85] as watcher for u_7 [2cpd]
	Added [j5nz] as watcher for u_3 [F_8L]
	Added [b_RA] as watcher for u_4 [tp_G]
	Added [j5nz] as watcher for u_9 [KDJ_]
	Added [QDNR] as watcher for u_8 [ZKor]
	Added [sQMb] as watcher for u_5 [oOBh]
	Added [3mIH] as watcher for u_1 [Xpo-]
	Added [j5nz] as watcher for u_6 [R-Ro]
	Added [zo7w] as watcher for u_3 [F_8L]
	Asking u_3 [F_8L]'s watchers to watch [3EVh]
	Added [bivQ] as watcher for u_8 [ZKor]
	Asking u_8 [ZKor]'s watchers to watch [3EVh]
	Added [b_RA] as watcher for u_2 [-n1L]
	Asking u_2 [-n1L]'s watchers to watch [3EVh]
	Added [b_RA] as watcher for u_7 [2cpd]
	Asking u_7 [2cpd]'s watchers to watch [3EVh]
	Added [jm4C] as watcher for u_4 [tp_G]
	Asking u_4 [tp_G]'s watchers to watch [3EVh]
	Added [QDNR] as watcher for u_0 [jK5Q]
	Asking u_0 [jK5Q]'s watchers to watch [3EVh]
	Added [jm4C] as watcher for u_5 [oOBh]
	Asking u_5 [oOBh]'s watchers to watch [3EVh]
	Added [3mIH] as watcher for u_9 [KDJ_]
	Asking u_9 [KDJ_]'s watchers to watch [3EVh]
	Added [b_RA] as watcher for u_6 [R-Ro]
	Asking u_6 [R-Ro]'s watchers to watch [3EVh]
	Added [3sn5] as watcher for u_1 [Xpo-]
	Asking u_1 [Xpo-]'s watchers to watch [3EVh]
	✅ u_5 [oOBh] Inception Done
	✅ u_4 [tp_G] Inception Done
	✅ u_8 [ZKor] Inception Done
	✅ u_2 [-n1L] Inception Done
	✅ u_7 [2cpd] Inception Done
	✅ u_3 [F_8L] Inception Done
	✅ u_0 [jK5Q] Inception Done
	✅ u_1 [Xpo-] Inception Done
	✅ u_9 [KDJ_] Inception Done
	✅ u_6 [R-Ro] Inception Done
Test 2 (signature verification)
	✅ u_6 [R-Ro] Message verified
	✅ u_9 [KDJ_] Message verified
	✅ u_4 [tp_G] Message verified
	✅ u_8 [ZKor] Message verified
	✅ u_2 [-n1L] Message verified
	✅ u_1 [Xpo-] Message verified
	✅ u_0 [jK5Q] Message verified
	✅ u_5 [oOBh] Message verified
	✅ u_7 [2cpd] Message verified
	✅ u_3 [F_8L] Message verified
Waiting for an incoming message - Test 3 (signature verification after rotation of issuer)
	✅ u_2 [-n1L] Message Verified (2)
	✅ u_9 [KDJ_] Message Verified (2)
	✅ u_8 [ZKor] Message Verified (2)
	✅ u_7 [2cpd] Message Verified (2)
	✅ u_1 [Xpo-] Message Verified (2)
	✅ u_3 [F_8L] Message Verified (2)
	✅ u_0 [jK5Q] Message Verified (2)
	✅ u_4 [tp_G] Message Verified (2)
	✅ u_6 [R-Ro] Message Verified (2)
	✅ u_5 [oOBh] Message Verified (2)
Waiting for an incoming message - Test 4 (valid acdc credential)
skipped--
Waiting for an incoming message - Test 5 (acdc revocation)
skipped--
Waiting for an incoming message - Test 6
u_5 [oOBh] Starts Rotation
u_1 [Xpo-] Starts Rotation
u_7 [2cpd] Starts Rotation
u_8 [ZKor] Starts Rotation
u_2 [-n1L] Starts Rotation
u_0 [jK5Q] Starts Rotation
u_4 [tp_G] Starts Rotation
u_3 [F_8L] Starts Rotation
u_9 [KDJ_] Starts Rotation
u_6 [R-Ro] Starts Rotation
u_6 [R-Ro] Ends Rotation
u_6 [R-Ro] - Completed Key Rotation
u_9 [KDJ_] Ends Rotation
u_9 [KDJ_] - Completed Key Rotation
u_3 [F_8L] Ends Rotation
u_3 [F_8L] - Completed Key Rotation
u_8 [ZKor] Ends Rotation
u_8 [ZKor] - Completed Key Rotation
u_5 [oOBh] Ends Rotation
u_5 [oOBh] - Completed Key Rotation
u_1 [Xpo-] Ends Rotation
u_1 [Xpo-] - Completed Key Rotation
u_0 [jK5Q] Ends Rotation
u_0 [jK5Q] - Completed Key Rotation
u_4 [tp_G] Ends Rotation
u_4 [tp_G] - Completed Key Rotation
u_2 [-n1L] Ends Rotation
u_2 [-n1L] - Completed Key Rotation
u_7 [2cpd] Ends Rotation
u_7 [2cpd] - Completed Key Rotation
Executed 10 users / 10 success / 0 fail
Test 1: 9995ms (999 p.u.)
Test 2: 1ms (0 p.u.)
Test 3: 2096ms (209 p.u.)
Test 4: 2419ms (241 p.u.)
