Waiting for an incoming message - Test 1 (inception)
Error while deserializing http message: Error("EOF while parsing a value", line: 1, column: 0)
	Preparing Data...
	Data is ready, starting users and test1
Incepted: u_7 [eU3J]
Incepted: u_4 [5M7E]
Incepted: u_9 [Mogz]
Incepted: u_3 [lOTD]
Incepted: u_8 [t-Y6]
Incepted: u_6 [rsuu]
	Added [bivQ] as watcher for u_3 [lOTD]
Incepted: u_1 [HtUD]
Incepted: u_5 [9Y2D]
Incepted: u_0 [L40f]
Incepted: u_2 [eqTY]
	Added [x5MO] as watcher for u_7 [eU3J]
	Added [2D85] as watcher for u_9 [Mogz]
	Added [x5MO] as watcher for u_4 [5M7E]
	Added [bivQ] as watcher for u_6 [rsuu]
	Added [bivQ] as watcher for u_0 [L40f]
	Added [x5MO] as watcher for u_8 [t-Y6]
	Added [bivQ] as watcher for u_5 [9Y2D]
	Added [bivQ] as watcher for u_7 [eU3J]
	Added [x5MO] as watcher for u_3 [lOTD]
	Added [2D85] as watcher for u_1 [HtUD]
	Added [x5MO] as watcher for u_2 [eqTY]
	Added [bivQ] as watcher for u_8 [t-Y6]
	Added [x5MO] as watcher for u_9 [Mogz]
	Added [jm4C] as watcher for u_4 [5M7E]
	Added [jm4C] as watcher for u_6 [rsuu]
	Added [jm4C] as watcher for u_0 [L40f]
	Added [bivQ] as watcher for u_9 [Mogz]
	Asking u_9 [Mogz]'s watchers to watch [IjVS]
	Added [2D85] as watcher for u_7 [eU3J]
	Asking u_7 [eU3J]'s watchers to watch [IjVS]
	Added [x5MO] as watcher for u_5 [9Y2D]
	Added [2D85] as watcher for u_2 [eqTY]
	Added [jm4C] as watcher for u_8 [t-Y6]
	Asking u_8 [t-Y6]'s watchers to watch [IjVS]
	Added [jm4C] as watcher for u_1 [HtUD]
	Added [jm4C] as watcher for u_3 [lOTD]
	Asking u_3 [lOTD]'s watchers to watch [IjVS]
	Added [2D85] as watcher for u_4 [5M7E]
	Asking u_4 [5M7E]'s watchers to watch [IjVS]
	Added [2D85] as watcher for u_6 [rsuu]
	Asking u_6 [rsuu]'s watchers to watch [IjVS]
	Added [2D85] as watcher for u_0 [L40f]
	Asking u_0 [L40f]'s watchers to watch [IjVS]
	Added [bivQ] as watcher for u_2 [eqTY]
	Asking u_2 [eqTY]'s watchers to watch [IjVS]
	Added [2D85] as watcher for u_5 [9Y2D]
	Asking u_5 [9Y2D]'s watchers to watch [IjVS]
	Added [x5MO] as watcher for u_1 [HtUD]
	Asking u_1 [HtUD]'s watchers to watch [IjVS]
	✅ u_9 [Mogz] Inception Done
	✅ u_7 [eU3J] Inception Done
	✅ u_8 [t-Y6] Inception Done
	✅ u_3 [lOTD] Inception Done
	✅ u_2 [eqTY] Inception Done
	✅ u_6 [rsuu] Inception Done
	✅ u_4 [5M7E] Inception Done
	✅ u_0 [L40f] Inception Done
	✅ u_5 [9Y2D] Inception Done
	✅ u_1 [HtUD] Inception Done
Test 2 (signature verification)
	✅ u_1 [HtUD] Message verified
	✅ u_8 [t-Y6] Message verified
	✅ u_5 [9Y2D] Message verified
	✅ u_6 [rsuu] Message verified
	✅ u_3 [lOTD] Message verified
	✅ u_0 [L40f] Message verified
	✅ u_4 [5M7E] Message verified
	✅ u_9 [Mogz] Message verified
	✅ u_7 [eU3J] Message verified
	✅ u_2 [eqTY] Message verified
Waiting for an incoming message - Test 3 (signature verification after rotation of issuer)
	✅ u_7 [eU3J] Message Verified (2)
	✅ u_9 [Mogz] Message Verified (2)
	✅ u_2 [eqTY] Message Verified (2)
	✅ u_1 [HtUD] Message Verified (2)
	✅ u_6 [rsuu] Message Verified (2)
	✅ u_4 [5M7E] Message Verified (2)
	✅ u_8 [t-Y6] Message Verified (2)
	✅ u_0 [L40f] Message Verified (2)
	✅ u_3 [lOTD] Message Verified (2)
	✅ u_5 [9Y2D] Message Verified (2)
Waiting for an incoming message - Test 4 (valid acdc credential)
skipped--
Waiting for an incoming message - Test 5 (acdc revocation)
skipped--
Waiting for an incoming message - Test 6
u_5 [9Y2D] Starts Rotation
u_9 [Mogz] Starts Rotation
u_4 [5M7E] Starts Rotation
u_6 [rsuu] Starts Rotation
u_2 [eqTY] Starts Rotation
u_0 [L40f] Starts Rotation
u_7 [eU3J] Starts Rotation
u_3 [lOTD] Starts Rotation
u_1 [HtUD] Starts Rotation
u_8 [t-Y6] Starts Rotation
u_9 [Mogz] Ends Rotation
u_9 [Mogz] - Completed Key Rotation
u_8 [t-Y6] Ends Rotation
u_8 [t-Y6] - Completed Key Rotation
u_4 [5M7E] Ends Rotation
u_4 [5M7E] - Completed Key Rotation
u_3 [lOTD] Ends Rotation
u_3 [lOTD] - Completed Key Rotation
u_7 [eU3J] Ends Rotation
u_7 [eU3J] - Completed Key Rotation
u_0 [L40f] Ends Rotation
u_0 [L40f] - Completed Key Rotation
u_1 [HtUD] Ends Rotation
u_1 [HtUD] - Completed Key Rotation
u_2 [eqTY] Ends Rotation
u_2 [eqTY] - Completed Key Rotation
u_6 [rsuu] Ends Rotation
u_6 [rsuu] - Completed Key Rotation
u_5 [9Y2D] Ends Rotation
u_5 [9Y2D] - Completed Key Rotation
Executed 10 users / 10 success / 0 fail
Test 1: 5489ms (548 p.u.)
Test 2: 1ms (0 p.u.)
Test 3: 668ms (66 p.u.)
Test 4: 2309ms (230 p.u.)
