Waiting for an incoming message - Test 1 (inception)
Error while deserializing http message: Error("EOF while parsing a value", line: 1, column: 0)
	Preparing Data...
	Data is ready, starting users and test1
Incepted: u_1 [g6EV]
	Added [x5MO] as watcher for u_1 [g6EV]
Incepted: u_6 [mC8e]
Incepted: u_4 [jSHK]
	Added [bivQ] as watcher for u_1 [g6EV]
	Added [2D85] as watcher for u_1 [g6EV]
	Asking u_1 [g6EV]'s watchers to watch [IjVS]
	Added [jm4C] as watcher for u_6 [mC8e]
	Added [bivQ] as watcher for u_4 [jSHK]
Incepted: u_3 [dwA1]
Incepted: u_5 [kXHg]
	Added [bivQ] as watcher for u_6 [mC8e]
	Added [jm4C] as watcher for u_4 [jSHK]
	✅ u_1 [g6EV] Inception Done
	Added [bivQ] as watcher for u_3 [dwA1]
Incepted: u_7 [dltx]
Incepted: u_9 [HRFs]
Incepted: u_0 [MxTO]
	Added [jm4C] as watcher for u_5 [kXHg]
Incepted: u_2 [fRa7]
	Added [x5MO] as watcher for u_6 [mC8e]
	Asking u_6 [mC8e]'s watchers to watch [IjVS]
Incepted: u_8 [-mlR]
	Added [x5MO] as watcher for u_4 [jSHK]
	Asking u_4 [jSHK]'s watchers to watch [IjVS]
	Added [jm4C] as watcher for u_3 [dwA1]
	Added [jm4C] as watcher for u_9 [HRFs]
	Added [bivQ] as watcher for u_0 [MxTO]
	Added [2D85] as watcher for u_7 [dltx]
	✅ u_6 [mC8e] Inception Done
	Added [2D85] as watcher for u_2 [fRa7]
	Added [bivQ] as watcher for u_5 [kXHg]
	Added [2D85] as watcher for u_8 [-mlR]
	✅ u_4 [jSHK] Inception Done
	Added [x5MO] as watcher for u_3 [dwA1]
	Asking u_3 [dwA1]'s watchers to watch [IjVS]
	Added [x5MO] as watcher for u_7 [dltx]
	Added [x5MO] as watcher for u_2 [fRa7]
	Added [2D85] as watcher for u_9 [HRFs]
	Added [x5MO] as watcher for u_5 [kXHg]
	Asking u_5 [kXHg]'s watchers to watch [IjVS]
	Added [2D85] as watcher for u_0 [MxTO]
	✅ u_3 [dwA1] Inception Done
	Added [x5MO] as watcher for u_8 [-mlR]
	Added [bivQ] as watcher for u_2 [fRa7]
	Asking u_2 [fRa7]'s watchers to watch [IjVS]
	✅ u_5 [kXHg] Inception Done
	Added [bivQ] as watcher for u_9 [HRFs]
	Asking u_9 [HRFs]'s watchers to watch [IjVS]
	Added [bivQ] as watcher for u_7 [dltx]
	Asking u_7 [dltx]'s watchers to watch [IjVS]
	Added [jm4C] as watcher for u_8 [-mlR]
	Asking u_8 [-mlR]'s watchers to watch [IjVS]
	Added [x5MO] as watcher for u_0 [MxTO]
	Asking u_0 [MxTO]'s watchers to watch [IjVS]
	✅ u_2 [fRa7] Inception Done
	✅ u_7 [dltx] Inception Done
	✅ u_8 [-mlR] Inception Done
	✅ u_0 [MxTO] Inception Done
	✅ u_9 [HRFs] Inception Done
Test 2 (signature verification)
	✅ u_9 [HRFs] Message verified
	✅ u_7 [dltx] Message verified
	✅ u_1 [g6EV] Message verified
	✅ u_4 [jSHK] Message verified
	✅ u_5 [kXHg] Message verified
	✅ u_6 [mC8e] Message verified
	✅ u_0 [MxTO] Message verified
	✅ u_3 [dwA1] Message verified
	✅ u_2 [fRa7] Message verified
	✅ u_8 [-mlR] Message verified
Waiting for an incoming message - Test 3 (signature verification after rotation of issuer)
Error while deserializing http message: Error("EOF while parsing a value", line: 1, column: 0)
	✅ u_1 [g6EV] Message Verified (2)
	✅ u_7 [dltx] Message Verified (2)
	✅ u_8 [-mlR] Message Verified (2)
	✅ u_3 [dwA1] Message Verified (2)
	✅ u_9 [HRFs] Message Verified (2)
	✅ u_2 [fRa7] Message Verified (2)
	✅ u_6 [mC8e] Message Verified (2)
	✅ u_5 [kXHg] Message Verified (2)
	✅ u_4 [jSHK] Message Verified (2)
	✅ u_0 [MxTO] Message Verified (2)
Waiting for an incoming message - Test 4 (valid acdc credential)
skipped--
Waiting for an incoming message - Test 5 (acdc revocation)
skipped--
Waiting for an incoming message - Test 6
u_0 [MxTO] Starts Rotation
u_4 [jSHK] Starts Rotation
u_5 [kXHg] Starts Rotation
u_3 [dwA1] Starts Rotation
u_6 [mC8e] Starts Rotation
u_8 [-mlR] Starts Rotation
u_9 [HRFs] Starts Rotation
u_7 [dltx] Starts Rotation
u_2 [fRa7] Starts Rotation
u_1 [g6EV] Starts Rotation
u_8 [-mlR] Ends Rotation
u_8 [-mlR] - Completed Key Rotation
u_3 [dwA1] Ends Rotation
u_3 [dwA1] - Completed Key Rotation
u_7 [dltx] Ends Rotation
u_7 [dltx] - Completed Key Rotation
u_4 [jSHK] Ends Rotation
u_4 [jSHK] - Completed Key Rotation
u_6 [mC8e] Ends Rotation
u_6 [mC8e] - Completed Key Rotation
u_5 [kXHg] Ends Rotation
u_5 [kXHg] - Completed Key Rotation
u_0 [MxTO] Ends Rotation
u_0 [MxTO] - Completed Key Rotation
u_2 [fRa7] Ends Rotation
u_2 [fRa7] - Completed Key Rotation
u_9 [HRFs] Ends Rotation
u_9 [HRFs] - Completed Key Rotation
u_1 [g6EV] Ends Rotation
u_1 [g6EV] - Completed Key Rotation
Executed 10 users / 10 success / 0 fail
Test 1: 73321ms (7332 p.u.)
Test 2: 1ms (0 p.u.)
Test 3: 619ms (61 p.u.)
Test 4: 66037ms (6603 p.u.)
