Waiting for an incoming message - Test 1 (inception)
Error while deserializing http message: Error("EOF while parsing a value", line: 1, column: 0)
	Preparing Data...
	Data is ready, starting users and test1
Incepted: u_2 [Y2vk]
	Added [2D85] as watcher for u_2 [Y2vk]
	Added [bivQ] as watcher for u_2 [Y2vk]
	Added [jm4C] as watcher for u_2 [Y2vk]
	Asking u_2 [Y2vk]'s watchers to watch [IjVS]
Incepted: u_6 [_n7f]
	Added [x5MO] as watcher for u_6 [_n7f]
Incepted: u_5 [zfpy]
	Added [bivQ] as watcher for u_6 [_n7f]
	Added [jm4C] as watcher for u_5 [zfpy]
	Added [2D85] as watcher for u_6 [_n7f]
	Asking u_6 [_n7f]'s watchers to watch [IjVS]
	Added [x5MO] as watcher for u_5 [zfpy]
	Added [2D85] as watcher for u_5 [zfpy]
	Asking u_5 [zfpy]'s watchers to watch [IjVS]
Incepted: u_9 [jtJ0]
Incepted: u_8 [FniF]
	Added [2D85] as watcher for u_9 [jtJ0]
	Added [x5MO] as watcher for u_8 [FniF]
Incepted: u_1 [11R7]
Incepted: u_3 [LYcj]
	Added [x5MO] as watcher for u_9 [jtJ0]
	Added [2D85] as watcher for u_8 [FniF]
	Added [x5MO] as watcher for u_3 [LYcj]
	Added [jm4C] as watcher for u_1 [11R7]
	Added [bivQ] as watcher for u_8 [FniF]
	Asking u_8 [FniF]'s watchers to watch [IjVS]
	Added [jm4C] as watcher for u_9 [jtJ0]
	Asking u_9 [jtJ0]'s watchers to watch [IjVS]
Incepted: u_4 [tYj0]
	Added [x5MO] as watcher for u_1 [11R7]
	Added [bivQ] as watcher for u_3 [LYcj]
	Added [x5MO] as watcher for u_4 [tYj0]
	Added [bivQ] as watcher for u_1 [11R7]
	Asking u_1 [11R7]'s watchers to watch [IjVS]
	Added [2D85] as watcher for u_3 [LYcj]
	Asking u_3 [LYcj]'s watchers to watch [IjVS]
	Added [2D85] as watcher for u_4 [tYj0]
	✅ u_2 [Y2vk] Inception Done
	Added [bivQ] as watcher for u_4 [tYj0]
	Asking u_4 [tYj0]'s watchers to watch [IjVS]
	✅ u_6 [_n7f] Inception Done
	✅ u_5 [zfpy] Inception Done
	✅ u_8 [FniF] Inception Done
	✅ u_1 [11R7] Inception Done
	✅ u_3 [LYcj] Inception Done
	✅ u_4 [tYj0] Inception Done
	✅ u_9 [jtJ0] Inception Done
Incepted: u_7 [UGTu]
Incepted: u_0 [6llV]
	Added [bivQ] as watcher for u_0 [6llV]
	Added [2D85] as watcher for u_7 [UGTu]
	Added [x5MO] as watcher for u_0 [6llV]
	Added [jm4C] as watcher for u_7 [UGTu]
	Added [x5MO] as watcher for u_7 [UGTu]
	Asking u_7 [UGTu]'s watchers to watch [IjVS]
	Added [2D85] as watcher for u_0 [6llV]
	Asking u_0 [6llV]'s watchers to watch [IjVS]
	✅ u_7 [UGTu] Inception Done
	✅ u_0 [6llV] Inception Done
Test 2 (signature verification)
	✅ u_0 [6llV] Message verified
	✅ u_2 [Y2vk] Message verified
	✅ u_5 [zfpy] Message verified
	✅ u_6 [_n7f] Message verified
	✅ u_8 [FniF] Message verified
	✅ u_1 [11R7] Message verified
	✅ u_4 [tYj0] Message verified
	✅ u_9 [jtJ0] Message verified
	✅ u_7 [UGTu] Message verified
	✅ u_3 [LYcj] Message verified
Waiting for an incoming message - Test 3 (signature verification after rotation of issuer)
	✅ u_8 [FniF] Message Verified (2)
	✅ u_4 [tYj0] Message Verified (2)
	✅ u_7 [UGTu] Message Verified (2)
	✅ u_6 [_n7f] Message Verified (2)
	✅ u_5 [zfpy] Message Verified (2)
	✅ u_9 [jtJ0] Message Verified (2)
	✅ u_0 [6llV] Message Verified (2)
	✅ u_1 [11R7] Message Verified (2)
	✅ u_3 [LYcj] Message Verified (2)
	✅ u_2 [Y2vk] Message Verified (2)
Waiting for an incoming message - Test 4 (valid acdc credential)
skipped--
Waiting for an incoming message - Test 5 (acdc revocation)
skipped--
Waiting for an incoming message - Test 6
u_2 [Y2vk] Starts Rotation
u_4 [tYj0] Starts Rotation
u_0 [6llV] Starts Rotation
u_8 [FniF] Starts Rotation
u_5 [zfpy] Starts Rotation
u_3 [LYcj] Starts Rotation
u_7 [UGTu] Starts Rotation
u_6 [_n7f] Starts Rotation
u_9 [jtJ0] Starts Rotation
u_1 [11R7] Starts Rotation
u_1 [11R7] Ends Rotation
u_1 [11R7] - Completed Key Rotation
u_8 [FniF] Ends Rotation
u_8 [FniF] - Completed Key Rotation
u_7 [UGTu] Ends Rotation
u_7 [UGTu] - Completed Key Rotation
u_9 [jtJ0] Ends Rotation
u_9 [jtJ0] - Completed Key Rotation
u_4 [tYj0] Ends Rotation
u_4 [tYj0] - Completed Key Rotation
u_0 [6llV] Ends Rotation
u_0 [6llV] - Completed Key Rotation
u_5 [zfpy] Ends Rotation
u_5 [zfpy] - Completed Key Rotation
u_3 [LYcj] Ends Rotation
u_3 [LYcj] - Completed Key Rotation
u_2 [Y2vk] Ends Rotation
u_2 [Y2vk] - Completed Key Rotation
u_6 [_n7f] Ends Rotation
u_6 [_n7f] - Completed Key Rotation
Executed 10 users / 10 success / 0 fail
Test 1: 79048ms (7904 p.u.)
Test 2: 1ms (0 p.u.)
Test 3: 879ms (87 p.u.)
Test 4: 68999ms (6899 p.u.)
