Waiting for an incoming message - Test 1 (inception)
Error while deserializing http message: Error("EOF while parsing a value", line: 1, column: 0)
	Preparing Data...
	Data is ready, starting users and test1
Incepted: u_2 [eTBt]
Incepted: u_1 [WRKM]
Incepted: u_4 [sP-E]
	Added [jm4C] as watcher for u_2 [eTBt]
	Added [x5MO] as watcher for u_1 [WRKM]
Incepted: u_0 [1Vtc]
	Added [bivQ] as watcher for u_4 [sP-E]
Incepted: u_7 [g_36]
	Added [bivQ] as watcher for u_2 [eTBt]
Incepted: u_8 [Jg0v]
Incepted: u_5 [_MAF]
	Added [jm4C] as watcher for u_1 [WRKM]
	Added [2D85] as watcher for u_0 [1Vtc]
	Added [2D85] as watcher for u_4 [sP-E]
Incepted: u_9 [MqBs]
Incepted: u_3 [MoAG]
	Added [jm4C] as watcher for u_8 [Jg0v]
	Added [x5MO] as watcher for u_7 [g_36]
Incepted: u_6 [lbf-]
	Added [2D85] as watcher for u_2 [eTBt]
	Asking u_2 [eTBt]'s watchers to watch [IjVS]
	Added [jm4C] as watcher for u_0 [1Vtc]
	Added [2D85] as watcher for u_1 [WRKM]
	Asking u_1 [WRKM]'s watchers to watch [IjVS]
	Added [x5MO] as watcher for u_5 [_MAF]
	Added [x5MO] as watcher for u_4 [sP-E]
	Asking u_4 [sP-E]'s watchers to watch [IjVS]
	Added [2D85] as watcher for u_9 [MqBs]
	Added [jm4C] as watcher for u_3 [MoAG]
	✅ u_2 [eTBt] Inception Done
	Added [bivQ] as watcher for u_6 [lbf-]
	Added [x5MO] as watcher for u_8 [Jg0v]
	Added [2D85] as watcher for u_7 [g_36]
	✅ u_1 [WRKM] Inception Done
	Added [x5MO] as watcher for u_0 [1Vtc]
	Asking u_0 [1Vtc]'s watchers to watch [IjVS]
	Added [jm4C] as watcher for u_5 [_MAF]
	✅ u_4 [sP-E] Inception Done
	Added [bivQ] as watcher for u_3 [MoAG]
	Added [x5MO] as watcher for u_9 [MqBs]
	Added [jm4C] as watcher for u_7 [g_36]
	Asking u_7 [g_36]'s watchers to watch [IjVS]
	Added [2D85] as watcher for u_6 [lbf-]
	✅ u_0 [1Vtc] Inception Done
	Added [2D85] as watcher for u_8 [Jg0v]
	Asking u_8 [Jg0v]'s watchers to watch [IjVS]
	Added [bivQ] as watcher for u_9 [MqBs]
	Asking u_9 [MqBs]'s watchers to watch [IjVS]
	✅ u_7 [g_36] Inception Done
	Added [x5MO] as watcher for u_3 [MoAG]
	Asking u_3 [MoAG]'s watchers to watch [IjVS]
	Added [2D85] as watcher for u_5 [_MAF]
	Asking u_5 [_MAF]'s watchers to watch [IjVS]
	Added [x5MO] as watcher for u_6 [lbf-]
	Asking u_6 [lbf-]'s watchers to watch [IjVS]
	✅ u_9 [MqBs] Inception Done
	✅ u_3 [MoAG] Inception Done
	✅ u_5 [_MAF] Inception Done
	✅ u_8 [Jg0v] Inception Done
	✅ u_6 [lbf-] Inception Done
Test 2 (signature verification)
	✅ u_6 [lbf-] Message verified
	✅ u_8 [Jg0v] Message verified
	✅ u_7 [g_36] Message verified
	✅ u_0 [1Vtc] Message verified
	✅ u_9 [MqBs] Message verified
	✅ u_1 [WRKM] Message verified
	✅ u_2 [eTBt] Message verified
	✅ u_3 [MoAG] Message verified
	✅ u_4 [sP-E] Message verified
	✅ u_5 [_MAF] Message verified
Waiting for an incoming message - Test 3 (signature verification after rotation of issuer)
	✅ u_7 [g_36] Message Verified (2)
	✅ u_4 [sP-E] Message Verified (2)
	✅ u_9 [MqBs] Message Verified (2)
	✅ u_8 [Jg0v] Message Verified (2)
	✅ u_6 [lbf-] Message Verified (2)
	✅ u_5 [_MAF] Message Verified (2)
	✅ u_2 [eTBt] Message Verified (2)
	✅ u_0 [1Vtc] Message Verified (2)
	✅ u_1 [WRKM] Message Verified (2)
	✅ u_3 [MoAG] Message Verified (2)
Waiting for an incoming message - Test 4 (valid acdc credential)
skipped--
Waiting for an incoming message - Test 5 (acdc revocation)
skipped--
Waiting for an incoming message - Test 6
u_3 [MoAG] Starts Rotation
u_6 [lbf-] Starts Rotation
u_9 [MqBs] Starts Rotation
u_2 [eTBt] Starts Rotation
u_8 [Jg0v] Starts Rotation
u_1 [WRKM] Starts Rotation
u_4 [sP-E] Starts Rotation
u_7 [g_36] Starts Rotation
u_5 [_MAF] Starts Rotation
u_0 [1Vtc] Starts Rotation
u_8 [Jg0v] Ends Rotation
u_8 [Jg0v] - Completed Key Rotation
u_4 [sP-E] Ends Rotation
u_4 [sP-E] - Completed Key Rotation
u_5 [_MAF] Ends Rotation
u_5 [_MAF] - Completed Key Rotation
u_3 [MoAG] Ends Rotation
u_3 [MoAG] - Completed Key Rotation
u_1 [WRKM] Ends Rotation
u_1 [WRKM] - Completed Key Rotation
u_9 [MqBs] Ends Rotation
u_9 [MqBs] - Completed Key Rotation
u_6 [lbf-] Ends Rotation
u_6 [lbf-] - Completed Key Rotation
u_2 [eTBt] Ends Rotation
u_2 [eTBt] - Completed Key Rotation
u_7 [g_36] Ends Rotation
u_7 [g_36] - Completed Key Rotation
u_0 [1Vtc] Ends Rotation
u_0 [1Vtc] - Completed Key Rotation
Executed 10 users / 10 success / 0 fail
Test 1: 72367ms (7236 p.u.)
Test 2: 3ms (0 p.u.)
Test 3: 626ms (62 p.u.)
Test 4: 69553ms (6955 p.u.)
