Waiting for an incoming message - Test 1 (inception)
Error while deserializing http message: Error("EOF while parsing a value", line: 1, column: 0)
	Preparing Data...
	Data is ready, starting users and test1
Incepted: u_8 [lvmX]
	Added [2D85] as watcher for u_8 [lvmX]
	Added [bivQ] as watcher for u_8 [lvmX]
	Added [x5MO] as watcher for u_8 [lvmX]
	Asking u_8 [lvmX]'s watchers to watch [IjVS]
Incepted: u_3 [rDkd]
	Added [x5MO] as watcher for u_3 [rDkd]
	Added [jm4C] as watcher for u_3 [rDkd]
	Added [bivQ] as watcher for u_3 [rDkd]
	Asking u_3 [rDkd]'s watchers to watch [IjVS]
Incepted: u_0 [ZJ2r]
	Added [x5MO] as watcher for u_0 [ZJ2r]
Incepted: u_5 [nXlc]
	Added [bivQ] as watcher for u_0 [ZJ2r]
	Added [x5MO] as watcher for u_5 [nXlc]
	Added [2D85] as watcher for u_0 [ZJ2r]
	Asking u_0 [ZJ2r]'s watchers to watch [IjVS]
Incepted: u_6 [Cd1R]
	Added [jm4C] as watcher for u_5 [nXlc]
	Added [bivQ] as watcher for u_6 [Cd1R]
	Added [2D85] as watcher for u_5 [nXlc]
	Asking u_5 [nXlc]'s watchers to watch [IjVS]
	Added [x5MO] as watcher for u_6 [Cd1R]
	Added [jm4C] as watcher for u_6 [Cd1R]
	Asking u_6 [Cd1R]'s watchers to watch [IjVS]
Incepted: u_1 [MNCS]
	Added [2D85] as watcher for u_1 [MNCS]
	Added [x5MO] as watcher for u_1 [MNCS]
	Added [jm4C] as watcher for u_1 [MNCS]
	Asking u_1 [MNCS]'s watchers to watch [IjVS]
Incepted: u_4 [FaqP]
	✅ u_5 [nXlc] Inception Done
	✅ u_0 [ZJ2r] Inception Done
	✅ u_8 [lvmX] Inception Done
	Added [2D85] as watcher for u_4 [FaqP]
	✅ u_3 [rDkd] Inception Done
	✅ u_1 [MNCS] Inception Done
	✅ u_6 [Cd1R] Inception Done
	Added [x5MO] as watcher for u_4 [FaqP]
	Added [jm4C] as watcher for u_4 [FaqP]
	Asking u_4 [FaqP]'s watchers to watch [IjVS]
Incepted: u_7 [jskc]
Incepted: u_2 [2-0-]
Incepted: u_9 [2XPn]
	✅ u_4 [FaqP] Inception Done
	Added [jm4C] as watcher for u_7 [jskc]
	Added [x5MO] as watcher for u_2 [2-0-]
	Added [bivQ] as watcher for u_9 [2XPn]
	Added [x5MO] as watcher for u_9 [2XPn]
	Added [2D85] as watcher for u_2 [2-0-]
	Added [2D85] as watcher for u_7 [jskc]
	Added [jm4C] as watcher for u_9 [2XPn]
	Asking u_9 [2XPn]'s watchers to watch [IjVS]
	Added [bivQ] as watcher for u_2 [2-0-]
	Asking u_2 [2-0-]'s watchers to watch [IjVS]
	Added [bivQ] as watcher for u_7 [jskc]
	Asking u_7 [jskc]'s watchers to watch [IjVS]
	✅ u_9 [2XPn] Inception Done
	✅ u_2 [2-0-] Inception Done
	✅ u_7 [jskc] Inception Done
Test 2 (signature verification)
	✅ u_7 [jskc] Message verified
	✅ u_8 [lvmX] Message verified
	✅ u_0 [ZJ2r] Message verified
	✅ u_1 [MNCS] Message verified
	✅ u_4 [FaqP] Message verified
	✅ u_6 [Cd1R] Message verified
	✅ u_3 [rDkd] Message verified
	✅ u_9 [2XPn] Message verified
	✅ u_2 [2-0-] Message verified
	✅ u_5 [nXlc] Message verified
Waiting for an incoming message - Test 3 (signature verification after rotation of issuer)
	✅ u_1 [MNCS] Message Verified (2)
	✅ u_5 [nXlc] Message Verified (2)
	✅ u_7 [jskc] Message Verified (2)
	✅ u_6 [Cd1R] Message Verified (2)
	✅ u_3 [rDkd] Message Verified (2)
	✅ u_4 [FaqP] Message Verified (2)
	✅ u_8 [lvmX] Message Verified (2)
	✅ u_2 [2-0-] Message Verified (2)
	✅ u_0 [ZJ2r] Message Verified (2)
	✅ u_9 [2XPn] Message Verified (2)
Waiting for an incoming message - Test 4 (valid acdc credential)
skipped--
Waiting for an incoming message - Test 5 (acdc revocation)
skipped--
Waiting for an incoming message - Test 6
u_7 [jskc] Starts Rotation
u_0 [ZJ2r] Starts Rotation
u_5 [nXlc] Starts Rotation
u_9 [2XPn] Starts Rotation
u_2 [2-0-] Starts Rotation
u_3 [rDkd] Starts Rotation
u_6 [Cd1R] Starts Rotation
u_4 [FaqP] Starts Rotation
u_8 [lvmX] Starts Rotation
u_1 [MNCS] Starts Rotation
u_3 [rDkd] Ends Rotation
u_3 [rDkd] - Completed Key Rotation
u_0 [ZJ2r] Ends Rotation
u_0 [ZJ2r] - Completed Key Rotation
u_8 [lvmX] Ends Rotation
u_8 [lvmX] - Completed Key Rotation
u_4 [FaqP] Ends Rotation
u_4 [FaqP] - Completed Key Rotation
u_2 [2-0-] Ends Rotation
u_2 [2-0-] - Completed Key Rotation
u_1 [MNCS] Ends Rotation
u_1 [MNCS] - Completed Key Rotation
u_7 [jskc] Ends Rotation
u_7 [jskc] - Completed Key Rotation
u_5 [nXlc] Ends Rotation
u_5 [nXlc] - Completed Key Rotation
u_9 [2XPn] Ends Rotation
u_9 [2XPn] - Completed Key Rotation
u_6 [Cd1R] Ends Rotation
u_6 [Cd1R] - Completed Key Rotation
Executed 10 users / 10 success / 0 fail
Test 1: 78185ms (7818 p.u.)
Test 2: 1ms (0 p.u.)
Test 3: 872ms (87 p.u.)
Test 4: 70493ms (7049 p.u.)
