Waiting for an incoming message - Test 1 (inception)
Error while deserializing http message: Error("EOF while parsing a value", line: 1, column: 0)
	Preparing Data...
	Data is ready, starting users and test1
Incepted: u_2 [uIVa]
Incepted: u_5 [0KYe]
Incepted: u_8 [FBcb]
Incepted: u_3 [K8wl]
	Added [jm4C] as watcher for u_2 [uIVa]
	Added [jm4C] as watcher for u_5 [0KYe]
Incepted: u_9 [aMMp]
Incepted: u_0 [bbTx]
Incepted: u_1 [ckiK]
	Added [bivQ] as watcher for u_8 [FBcb]
Incepted: u_7 [E--S]
Incepted: u_4 [Ra4Y]
	Added [2D85] as watcher for u_5 [0KYe]
Incepted: u_6 [IJoZ]
	Added [bivQ] as watcher for u_3 [K8wl]
	Added [x5MO] as watcher for u_8 [FBcb]
	Added [x5MO] as watcher for u_9 [aMMp]
	Added [x5MO] as watcher for u_1 [ckiK]
	Added [bivQ] as watcher for u_0 [bbTx]
	Added [bivQ] as watcher for u_2 [uIVa]
	Added [x5MO] as watcher for u_7 [E--S]
	Added [bivQ] as watcher for u_4 [Ra4Y]
	Added [2D85] as watcher for u_3 [K8wl]
	Added [2D85] as watcher for u_8 [FBcb]
	Asking u_8 [FBcb]'s watchers to watch [IjVS]
	Added [2D85] as watcher for u_2 [uIVa]
	Asking u_2 [uIVa]'s watchers to watch [IjVS]
	Added [bivQ] as watcher for u_5 [0KYe]
	Asking u_5 [0KYe]'s watchers to watch [IjVS]
	Added [bivQ] as watcher for u_6 [IJoZ]
	Added [x5MO] as watcher for u_0 [bbTx]
	Added [x5MO] as watcher for u_4 [Ra4Y]
	Added [bivQ] as watcher for u_7 [E--S]
	Added [bivQ] as watcher for u_1 [ckiK]
	Added [bivQ] as watcher for u_9 [aMMp]
	Added [x5MO] as watcher for u_3 [K8wl]
	Asking u_3 [K8wl]'s watchers to watch [IjVS]
	Added [2D85] as watcher for u_6 [IJoZ]
	Added [jm4C] as watcher for u_0 [bbTx]
	Asking u_0 [bbTx]'s watchers to watch [IjVS]
	Added [jm4C] as watcher for u_4 [Ra4Y]
	Asking u_4 [Ra4Y]'s watchers to watch [IjVS]
	Added [jm4C] as watcher for u_1 [ckiK]
	Added [jm4C] as watcher for u_9 [aMMp]
	Asking u_1 [ckiK]'s watchers to watch [IjVS]
	Asking u_9 [aMMp]'s watchers to watch [IjVS]
	Added [jm4C] as watcher for u_7 [E--S]
	Asking u_7 [E--S]'s watchers to watch [IjVS]
	Added [jm4C] as watcher for u_6 [IJoZ]
	Asking u_6 [IJoZ]'s watchers to watch [IjVS]
	✅ u_8 [FBcb] Inception Done
	✅ u_2 [uIVa] Inception Done
	✅ u_5 [0KYe] Inception Done
	✅ u_4 [Ra4Y] Inception Done
	✅ u_9 [aMMp] Inception Done
	✅ u_3 [K8wl] Inception Done
	✅ u_0 [bbTx] Inception Done
	✅ u_6 [IJoZ] Inception Done
	✅ u_1 [ckiK] Inception Done
	✅ u_7 [E--S] Inception Done
Test 2 (signature verification)
	✅ u_7 [E--S] Message verified
	✅ u_2 [uIVa] Message verified
	✅ u_4 [Ra4Y] Message verified
	✅ u_9 [aMMp] Message verified
	✅ u_3 [K8wl] Message verified
	✅ u_6 [IJoZ] Message verified
	✅ u_0 [bbTx] Message verified
	✅ u_8 [FBcb] Message verified
	✅ u_1 [ckiK] Message verified
	✅ u_5 [0KYe] Message verified
Waiting for an incoming message - Test 3 (signature verification after rotation of issuer)
	✅ u_1 [ckiK] Message Verified (2)
	✅ u_2 [uIVa] Message Verified (2)
	✅ u_3 [K8wl] Message Verified (2)
	✅ u_7 [E--S] Message Verified (2)
	✅ u_4 [Ra4Y] Message Verified (2)
	✅ u_0 [bbTx] Message Verified (2)
	✅ u_6 [IJoZ] Message Verified (2)
	✅ u_9 [aMMp] Message Verified (2)
	✅ u_8 [FBcb] Message Verified (2)
	✅ u_5 [0KYe] Message Verified (2)
Waiting for an incoming message - Test 4 (valid acdc credential)
skipped--
Waiting for an incoming message - Test 5 (acdc revocation)
skipped--
Waiting for an incoming message - Test 6
u_5 [0KYe] Starts Rotation
u_0 [bbTx] Starts Rotation
u_8 [FBcb] Starts Rotation
u_4 [Ra4Y] Starts Rotation
u_1 [ckiK] Starts Rotation
u_7 [E--S] Starts Rotation
u_6 [IJoZ] Starts Rotation
u_3 [K8wl] Starts Rotation
u_9 [aMMp] Starts Rotation
u_2 [uIVa] Starts Rotation
u_2 [uIVa] Ends Rotation
u_2 [uIVa] - Completed Key Rotation
u_3 [K8wl] Ends Rotation
u_3 [K8wl] - Completed Key Rotation
u_4 [Ra4Y] Ends Rotation
u_4 [Ra4Y] - Completed Key Rotation
u_9 [aMMp] Ends Rotation
u_9 [aMMp] - Completed Key Rotation
u_1 [ckiK] Ends Rotation
u_1 [ckiK] - Completed Key Rotation
u_6 [IJoZ] Ends Rotation
u_6 [IJoZ] - Completed Key Rotation
u_8 [FBcb] Ends Rotation
u_8 [FBcb] - Completed Key Rotation
u_0 [bbTx] Ends Rotation
u_0 [bbTx] - Completed Key Rotation
u_7 [E--S] Ends Rotation
u_7 [E--S] - Completed Key Rotation
u_5 [0KYe] Ends Rotation
u_5 [0KYe] - Completed Key Rotation
Executed 10 users / 10 success / 0 fail
Test 1: 14626ms (1462 p.u.)
Test 2: 1ms (0 p.u.)
Test 3: 665ms (66 p.u.)
Test 4: 79913ms (7991 p.u.)
