Waiting for an incoming message - Test 1 (inception)
Error while deserializing http message: Error("EOF while parsing a value", line: 1, column: 0)
Error while deserializing http message: Error("EOF while parsing a value", line: 1, column: 0)
	Preparing Data...
	Data is ready, starting users and test1
Incepted: u_0 [MEc1]
	Added [jm4C] as watcher for u_0 [MEc1]
	Added [2D85] as watcher for u_0 [MEc1]
Incepted: u_3 [R4HA]
Incepted: u_6 [67UZ]
	Added [bivQ] as watcher for u_0 [MEc1]
	Asking u_0 [MEc1]'s watchers to watch [IjVS]
	Added [2D85] as watcher for u_3 [R4HA]
Incepted: u_5 [cD_1]
	Added [bivQ] as watcher for u_3 [R4HA]
	Added [x5MO] as watcher for u_6 [67UZ]
	Added [2D85] as watcher for u_5 [cD_1]
	Added [2D85] as watcher for u_6 [67UZ]
	Added [bivQ] as watcher for u_5 [cD_1]
	Added [x5MO] as watcher for u_3 [R4HA]
	Asking u_3 [R4HA]'s watchers to watch [IjVS]
	Added [bivQ] as watcher for u_6 [67UZ]
	Asking u_6 [67UZ]'s watchers to watch [IjVS]
Incepted: u_9 [SN8B]
Incepted: u_7 [r5Q_]
Incepted: u_4 [biO8]
	Added [x5MO] as watcher for u_5 [cD_1]
	Asking u_5 [cD_1]'s watchers to watch [IjVS]
Incepted: u_1 [QCqb]
	Added [bivQ] as watcher for u_9 [SN8B]
	Added [2D85] as watcher for u_4 [biO8]
	Added [bivQ] as watcher for u_7 [r5Q_]
	Added [bivQ] as watcher for u_1 [QCqb]
	✅ u_6 [67UZ] Inception Done
	✅ u_0 [MEc1] Inception Done
	✅ u_3 [R4HA] Inception Done
	Added [x5MO] as watcher for u_9 [SN8B]
	Added [jm4C] as watcher for u_4 [biO8]
Incepted: u_8 [i6ZR]
	Added [2D85] as watcher for u_7 [r5Q_]
Incepted: u_2 [r6xN]
	✅ u_5 [cD_1] Inception Done
	Added [x5MO] as watcher for u_1 [QCqb]
	Added [jm4C] as watcher for u_8 [i6ZR]
	Added [jm4C] as watcher for u_9 [SN8B]
	Asking u_9 [SN8B]'s watchers to watch [IjVS]
	Added [x5MO] as watcher for u_4 [biO8]
	Asking u_4 [biO8]'s watchers to watch [IjVS]
	Added [x5MO] as watcher for u_7 [r5Q_]
	Asking u_7 [r5Q_]'s watchers to watch [IjVS]
	Added [x5MO] as watcher for u_2 [r6xN]
	Added [x5MO] as watcher for u_8 [i6ZR]
	Added [2D85] as watcher for u_1 [QCqb]
	Asking u_1 [QCqb]'s watchers to watch [IjVS]
	✅ u_9 [SN8B] Inception Done
	✅ u_4 [biO8] Inception Done
	✅ u_7 [r5Q_] Inception Done
	Added [2D85] as watcher for u_2 [r6xN]
	Added [bivQ] as watcher for u_8 [i6ZR]
	Asking u_8 [i6ZR]'s watchers to watch [IjVS]
	✅ u_1 [QCqb] Inception Done
	Added [jm4C] as watcher for u_2 [r6xN]
	Asking u_2 [r6xN]'s watchers to watch [IjVS]
	✅ u_8 [i6ZR] Inception Done
	✅ u_2 [r6xN] Inception Done
Test 2 (signature verification)
	✅ u_2 [r6xN] Message verified
	✅ u_4 [biO8] Message verified
	✅ u_7 [r5Q_] Message verified
	✅ u_5 [cD_1] Message verified
	✅ u_1 [QCqb] Message verified
	✅ u_0 [MEc1] Message verified
	✅ u_9 [SN8B] Message verified
	✅ u_3 [R4HA] Message verified
	✅ u_8 [i6ZR] Message verified
	✅ u_6 [67UZ] Message verified
Waiting for an incoming message - Test 3 (signature verification after rotation of issuer)
	✅ u_3 [R4HA] Message Verified (2)
	✅ u_8 [i6ZR] Message Verified (2)
	✅ u_6 [67UZ] Message Verified (2)
	✅ u_0 [MEc1] Message Verified (2)
	✅ u_7 [r5Q_] Message Verified (2)
	✅ u_9 [SN8B] Message Verified (2)
	✅ u_2 [r6xN] Message Verified (2)
	✅ u_4 [biO8] Message Verified (2)
	✅ u_1 [QCqb] Message Verified (2)
	✅ u_5 [cD_1] Message Verified (2)
Waiting for an incoming message - Test 4 (valid acdc credential)
skipped--
Waiting for an incoming message - Test 5 (acdc revocation)
skipped--
Waiting for an incoming message - Test 6
u_7 [r5Q_] Starts Rotation
u_6 [67UZ] Starts Rotation
u_2 [r6xN] Starts Rotation
u_4 [biO8] Starts Rotation
u_9 [SN8B] Starts Rotation
u_3 [R4HA] Starts Rotation
u_8 [i6ZR] Starts Rotation
u_5 [cD_1] Starts Rotation
u_1 [QCqb] Starts Rotation
u_0 [MEc1] Starts Rotation
u_4 [biO8] Ends Rotation
u_4 [biO8] - Completed Key Rotation
u_5 [cD_1] Ends Rotation
u_5 [cD_1] - Completed Key Rotation
u_3 [R4HA] Ends Rotation
u_3 [R4HA] - Completed Key Rotation
u_8 [i6ZR] Ends Rotation
u_8 [i6ZR] - Completed Key Rotation
u_7 [r5Q_] Ends Rotation
u_7 [r5Q_] - Completed Key Rotation
u_9 [SN8B] Ends Rotation
u_9 [SN8B] - Completed Key Rotation
u_0 [MEc1] Ends Rotation
u_0 [MEc1] - Completed Key Rotation
u_6 [67UZ] Ends Rotation
u_6 [67UZ] - Completed Key Rotation
u_2 [r6xN] Ends Rotation
u_2 [r6xN] - Completed Key Rotation
u_1 [QCqb] Ends Rotation
u_1 [QCqb] - Completed Key Rotation
Executed 10 users / 10 success / 0 fail
Test 1: 74487ms (7448 p.u.)
Test 2: 1ms (0 p.u.)
Test 3: 877ms (87 p.u.)
Test 4: 70529ms (7052 p.u.)
