Waiting for an incoming message - Test 1 (inception)
Error while deserializing http message: Error("EOF while parsing a value", line: 1, column: 0)
	Preparing Data...
	Data is ready, starting users and test1
Incepted: u_4 [LPqi]
	Added [2D85] as watcher for u_4 [LPqi]
	Added [bivQ] as watcher for u_4 [LPqi]
	Added [x5MO] as watcher for u_4 [LPqi]
	Asking u_4 [LPqi]'s watchers to watch [IjVS]
Incepted: u_7 [3_dH]
Incepted: u_9 [WFmN]
Incepted: u_8 [sH_i]
	Added [bivQ] as watcher for u_9 [WFmN]
	Added [x5MO] as watcher for u_8 [sH_i]
	Added [x5MO] as watcher for u_7 [3_dH]
Incepted: u_0 [rTKv]
Incepted: u_1 [G5XN]
	Added [jm4C] as watcher for u_9 [WFmN]
	Added [2D85] as watcher for u_8 [sH_i]
	✅ u_4 [LPqi] Inception Done
	Added [2D85] as watcher for u_7 [3_dH]
Incepted: u_2 [hg1_]
	Added [jm4C] as watcher for u_0 [rTKv]
Incepted: u_5 [u7pK]
	Added [2D85] as watcher for u_1 [G5XN]
	Added [jm4C] as watcher for u_8 [sH_i]
	Asking u_8 [sH_i]'s watchers to watch [IjVS]
	Added [x5MO] as watcher for u_9 [WFmN]
	Asking u_9 [WFmN]'s watchers to watch [IjVS]
	Added [jm4C] as watcher for u_7 [3_dH]
	Asking u_7 [3_dH]'s watchers to watch [IjVS]
	Added [2D85] as watcher for u_2 [hg1_]
	Added [jm4C] as watcher for u_5 [u7pK]
Incepted: u_3 [trCH]
Incepted: u_6 [kNy8]
	Added [x5MO] as watcher for u_0 [rTKv]
	Added [x5MO] as watcher for u_1 [G5XN]
	✅ u_8 [sH_i] Inception Done
	✅ u_9 [WFmN] Inception Done
	Added [bivQ] as watcher for u_2 [hg1_]
	✅ u_7 [3_dH] Inception Done
	Added [bivQ] as watcher for u_5 [u7pK]
	Added [bivQ] as watcher for u_1 [G5XN]
	Asking u_1 [G5XN]'s watchers to watch [IjVS]
	Added [bivQ] as watcher for u_0 [rTKv]
	Asking u_0 [rTKv]'s watchers to watch [IjVS]
	Added [bivQ] as watcher for u_6 [kNy8]
	Added [2D85] as watcher for u_3 [trCH]
	Added [x5MO] as watcher for u_2 [hg1_]
	Asking u_2 [hg1_]'s watchers to watch [IjVS]
	✅ u_0 [rTKv] Inception Done
	✅ u_1 [G5XN] Inception Done
	Added [x5MO] as watcher for u_6 [kNy8]
	Added [2D85] as watcher for u_5 [u7pK]
	Asking u_5 [u7pK]'s watchers to watch [IjVS]
	Added [x5MO] as watcher for u_3 [trCH]
	✅ u_5 [u7pK] Inception Done
	✅ u_2 [hg1_] Inception Done
	Added [jm4C] as watcher for u_6 [kNy8]
	Asking u_6 [kNy8]'s watchers to watch [IjVS]
	Added [jm4C] as watcher for u_3 [trCH]
	Asking u_3 [trCH]'s watchers to watch [IjVS]
	✅ u_6 [kNy8] Inception Done
	✅ u_3 [trCH] Inception Done
Test 2 (signature verification)
	✅ u_3 [trCH] Message verified
	✅ u_5 [u7pK] Message verified
	✅ u_7 [3_dH] Message verified
	✅ u_1 [G5XN] Message verified
	✅ u_2 [hg1_] Message verified
	✅ u_9 [WFmN] Message verified
	✅ u_0 [rTKv] Message verified
	✅ u_4 [LPqi] Message verified
	✅ u_6 [kNy8] Message verified
	✅ u_8 [sH_i] Message verified
Waiting for an incoming message - Test 3 (signature verification after rotation of issuer)
	✅ u_8 [sH_i] Message Verified (2)
	✅ u_4 [LPqi] Message Verified (2)
	✅ u_1 [G5XN] Message Verified (2)
	✅ u_9 [WFmN] Message Verified (2)
	✅ u_6 [kNy8] Message Verified (2)
	✅ u_3 [trCH] Message Verified (2)
	✅ u_5 [u7pK] Message Verified (2)
	✅ u_2 [hg1_] Message Verified (2)
	✅ u_0 [rTKv] Message Verified (2)
	✅ u_7 [3_dH] Message Verified (2)
Waiting for an incoming message - Test 4 (valid acdc credential)
skipped--
Waiting for an incoming message - Test 5 (acdc revocation)
skipped--
Waiting for an incoming message - Test 6
u_9 [WFmN] Starts Rotation
u_0 [rTKv] Starts Rotation
u_6 [kNy8] Starts Rotation
u_1 [G5XN] Starts Rotation
u_7 [3_dH] Starts Rotation
u_4 [LPqi] Starts Rotation
u_2 [hg1_] Starts Rotation
u_8 [sH_i] Starts Rotation
u_5 [u7pK] Starts Rotation
u_3 [trCH] Starts Rotation
u_1 [G5XN] Ends Rotation
u_1 [G5XN] - Completed Key Rotation
u_4 [LPqi] Ends Rotation
u_4 [LPqi] - Completed Key Rotation
u_0 [rTKv] Ends Rotation
u_0 [rTKv] - Completed Key Rotation
u_9 [WFmN] Ends Rotation
u_9 [WFmN] - Completed Key Rotation
u_7 [3_dH] Ends Rotation
u_7 [3_dH] - Completed Key Rotation
u_2 [hg1_] Ends Rotation
u_2 [hg1_] - Completed Key Rotation
u_8 [sH_i] Ends Rotation
u_8 [sH_i] - Completed Key Rotation
u_3 [trCH] Ends Rotation
u_3 [trCH] - Completed Key Rotation
u_5 [u7pK] Ends Rotation
u_5 [u7pK] - Completed Key Rotation
u_6 [kNy8] Ends Rotation
u_6 [kNy8] - Completed Key Rotation
Executed 10 users / 10 success / 0 fail
Test 1: 76390ms (7639 p.u.)
Test 2: 2ms (0 p.u.)
Test 3: 1082ms (108 p.u.)
Test 4: 71860ms (7186 p.u.)
