Waiting for an incoming message - Test 1 (inception)
Error while deserializing http message: Error("EOF while parsing a value", line: 1, column: 0)
	Preparing Data...
	Data is ready, starting users and test1
Incepted: u_7 [iDZH]
	Added [2D85] as watcher for u_7 [iDZH]
	Added [jm4C] as watcher for u_7 [iDZH]
	Added [bivQ] as watcher for u_7 [iDZH]
	Asking u_7 [iDZH]'s watchers to watch [IjVS]
Incepted: u_2 [Vzjb]
Incepted: u_0 [7Du2]
Incepted: u_4 [JuMi]
	Added [x5MO] as watcher for u_0 [7Du2]
	Added [x5MO] as watcher for u_2 [Vzjb]
	Added [bivQ] as watcher for u_4 [JuMi]
Incepted: u_3 [P_jM]
	Added [2D85] as watcher for u_0 [7Du2]
	Added [bivQ] as watcher for u_2 [Vzjb]
Incepted: u_8 [xE16]
	Added [jm4C] as watcher for u_4 [JuMi]
	Added [jm4C] as watcher for u_0 [7Du2]
	Asking u_0 [7Du2]'s watchers to watch [IjVS]
	Added [jm4C] as watcher for u_3 [P_jM]
	Added [2D85] as watcher for u_2 [Vzjb]
	Asking u_2 [Vzjb]'s watchers to watch [IjVS]
	Added [jm4C] as watcher for u_8 [xE16]
	Added [2D85] as watcher for u_3 [P_jM]
	Added [2D85] as watcher for u_4 [JuMi]
	Asking u_4 [JuMi]'s watchers to watch [IjVS]
	Added [2D85] as watcher for u_8 [xE16]
	Added [bivQ] as watcher for u_3 [P_jM]
	Asking u_3 [P_jM]'s watchers to watch [IjVS]
	Added [bivQ] as watcher for u_8 [xE16]
	Asking u_8 [xE16]'s watchers to watch [IjVS]
Incepted: u_9 [9wA9]
	Added [x5MO] as watcher for u_9 [9wA9]
	Added [jm4C] as watcher for u_9 [9wA9]
	Added [bivQ] as watcher for u_9 [9wA9]
	Asking u_9 [9wA9]'s watchers to watch [IjVS]
Incepted: u_5 [pC3v]
	Added [x5MO] as watcher for u_5 [pC3v]
	Added [jm4C] as watcher for u_5 [pC3v]
	Added [bivQ] as watcher for u_5 [pC3v]
	Asking u_5 [pC3v]'s watchers to watch [IjVS]
	✅ u_0 [7Du2] Inception Done
	✅ u_8 [xE16] Inception Done
	✅ u_2 [Vzjb] Inception Done
	✅ u_4 [JuMi] Inception Done
	✅ u_9 [9wA9] Inception Done
	✅ u_7 [iDZH] Inception Done
	✅ u_3 [P_jM] Inception Done
Incepted: u_1 [VML5]
	✅ u_5 [pC3v] Inception Done
Incepted: u_6 [Aq0k]
	Added [2D85] as watcher for u_1 [VML5]
	Added [jm4C] as watcher for u_6 [Aq0k]
	Added [bivQ] as watcher for u_1 [VML5]
	Added [bivQ] as watcher for u_6 [Aq0k]
	Added [jm4C] as watcher for u_1 [VML5]
	Asking u_1 [VML5]'s watchers to watch [IjVS]
	Added [2D85] as watcher for u_6 [Aq0k]
	Asking u_6 [Aq0k]'s watchers to watch [IjVS]
	✅ u_1 [VML5] Inception Done
	✅ u_6 [Aq0k] Inception Done
Test 2 (signature verification)
	✅ u_6 [Aq0k] Message verified
	✅ u_9 [9wA9] Message verified
	✅ u_3 [P_jM] Message verified
	✅ u_2 [Vzjb] Message verified
	✅ u_7 [iDZH] Message verified
	✅ u_5 [pC3v] Message verified
	✅ u_4 [JuMi] Message verified
	✅ u_1 [VML5] Message verified
	✅ u_0 [7Du2] Message verified
	✅ u_8 [xE16] Message verified
Waiting for an incoming message - Test 3 (signature verification after rotation of issuer)
	✅ u_0 [7Du2] Message Verified (2)
	✅ u_2 [Vzjb] Message Verified (2)
	✅ u_9 [9wA9] Message Verified (2)
	✅ u_6 [Aq0k] Message Verified (2)
	✅ u_4 [JuMi] Message Verified (2)
	✅ u_5 [pC3v] Message Verified (2)
	✅ u_3 [P_jM] Message Verified (2)
	✅ u_1 [VML5] Message Verified (2)
	✅ u_8 [xE16] Message Verified (2)
	✅ u_7 [iDZH] Message Verified (2)
Waiting for an incoming message - Test 4 (valid acdc credential)
skipped--
Waiting for an incoming message - Test 5 (acdc revocation)
skipped--
Waiting for an incoming message - Test 6
u_3 [P_jM] Starts Rotation
u_8 [xE16] Starts Rotation
u_5 [pC3v] Starts Rotation
u_6 [Aq0k] Starts Rotation
u_1 [VML5] Starts Rotation
u_4 [JuMi] Starts Rotation
u_2 [Vzjb] Starts Rotation
u_0 [7Du2] Starts Rotation
u_9 [9wA9] Starts Rotation
u_7 [iDZH] Starts Rotation
u_9 [9wA9] Ends Rotation
u_9 [9wA9] - Completed Key Rotation
u_1 [VML5] Ends Rotation
u_1 [VML5] - Completed Key Rotation
u_0 [7Du2] Ends Rotation
u_0 [7Du2] - Completed Key Rotation
u_7 [iDZH] Ends Rotation
u_7 [iDZH] - Completed Key Rotation
u_4 [JuMi] Ends Rotation
u_4 [JuMi] - Completed Key Rotation
u_3 [P_jM] Ends Rotation
u_3 [P_jM] - Completed Key Rotation
u_8 [xE16] Ends Rotation
u_8 [xE16] - Completed Key Rotation
u_2 [Vzjb] Ends Rotation
u_2 [Vzjb] - Completed Key Rotation
u_6 [Aq0k] Ends Rotation
u_6 [Aq0k] - Completed Key Rotation
u_5 [pC3v] Ends Rotation
u_5 [pC3v] - Completed Key Rotation
Executed 10 users / 10 success / 0 fail
Test 1: 76255ms (7625 p.u.)
Test 2: 2ms (0 p.u.)
Test 3: 783ms (78 p.u.)
Test 4: 71985ms (7198 p.u.)
