Waiting for an incoming message - Test 1 (inception)
Error while deserializing http message: Error("EOF while parsing a value", line: 1, column: 0)
	Preparing Data...
	Data is ready, starting users and test1
Incepted: u_1 [4GDf]
Incepted: u_2 [aSqc]
Incepted: u_7 [dI6z]
Incepted: u_9 [lKY8]
Incepted: u_3 [7p-l]
Incepted: u_8 [xX99]
Incepted: u_0 [2Pf2]
Incepted: u_4 [ZznK]
Incepted: u_6 [Lr1N]
Incepted: u_5 [evid]
	Added [x5MO] as watcher for u_1 [4GDf]
	Added [jm4C] as watcher for u_2 [aSqc]
	Added [2D85] as watcher for u_3 [7p-l]
	Added [x5MO] as watcher for u_7 [dI6z]
	Added [jm4C] as watcher for u_9 [lKY8]
	Added [x5MO] as watcher for u_0 [2Pf2]
	Added [2D85] as watcher for u_4 [ZznK]
	Added [jm4C] as watcher for u_8 [xX99]
	Added [2D85] as watcher for u_5 [evid]
	Added [x5MO] as watcher for u_6 [Lr1N]
	Added [jm4C] as watcher for u_1 [4GDf]
	Added [bivQ] as watcher for u_8 [xX99]
	Added [x5MO] as watcher for u_2 [aSqc]
	Added [2D85] as watcher for u_7 [dI6z]
	Added [x5MO] as watcher for u_3 [7p-l]
	Added [2D85] as watcher for u_0 [2Pf2]
	Added [2D85] as watcher for u_9 [lKY8]
	Added [jm4C] as watcher for u_4 [ZznK]
	Added [2D85] as watcher for u_8 [xX99]
	Asking u_8 [xX99]'s watchers to watch [IjVS]
	Added [2D85] as watcher for u_6 [Lr1N]
	Added [x5MO] as watcher for u_5 [evid]
	Added [2D85] as watcher for u_1 [4GDf]
	Asking u_1 [4GDf]'s watchers to watch [IjVS]
	Added [2D85] as watcher for u_2 [aSqc]
	Asking u_2 [aSqc]'s watchers to watch [IjVS]
	Added [jm4C] as watcher for u_7 [dI6z]
	Asking u_7 [dI6z]'s watchers to watch [IjVS]
	Added [jm4C] as watcher for u_3 [7p-l]
	Asking u_3 [7p-l]'s watchers to watch [IjVS]
	Added [x5MO] as watcher for u_4 [ZznK]
	Asking u_4 [ZznK]'s watchers to watch [IjVS]
	Added [jm4C] as watcher for u_0 [2Pf2]
	Asking u_0 [2Pf2]'s watchers to watch [IjVS]
	Added [x5MO] as watcher for u_9 [lKY8]
	Asking u_9 [lKY8]'s watchers to watch [IjVS]
	Added [jm4C] as watcher for u_6 [Lr1N]
	Asking u_6 [Lr1N]'s watchers to watch [IjVS]
	Added [jm4C] as watcher for u_5 [evid]
	Asking u_5 [evid]'s watchers to watch [IjVS]
	✅ u_1 [4GDf] Inception Done
	✅ u_8 [xX99] Inception Done
	✅ u_2 [aSqc] Inception Done
	✅ u_3 [7p-l] Inception Done
	✅ u_0 [2Pf2] Inception Done
	✅ u_7 [dI6z] Inception Done
	✅ u_9 [lKY8] Inception Done
	✅ u_4 [ZznK] Inception Done
	✅ u_6 [Lr1N] Inception Done
	✅ u_5 [evid] Inception Done
Test 2 (signature verification)
	✅ u_5 [evid] Message verified
	✅ u_2 [aSqc] Message verified
	✅ u_6 [Lr1N] Message verified
	✅ u_9 [lKY8] Message verified
	✅ u_0 [2Pf2] Message verified
	✅ u_4 [ZznK] Message verified
	✅ u_7 [dI6z] Message verified
	✅ u_8 [xX99] Message verified
	✅ u_1 [4GDf] Message verified
	✅ u_3 [7p-l] Message verified
Waiting for an incoming message - Test 3 (signature verification after rotation of issuer)
	✅ u_8 [xX99] Message Verified (2)
	✅ u_7 [dI6z] Message Verified (2)
	✅ u_5 [evid] Message Verified (2)
	✅ u_9 [lKY8] Message Verified (2)
	✅ u_2 [aSqc] Message Verified (2)
	✅ u_1 [4GDf] Message Verified (2)
	✅ u_6 [Lr1N] Message Verified (2)
	✅ u_4 [ZznK] Message Verified (2)
	✅ u_0 [2Pf2] Message Verified (2)
	✅ u_3 [7p-l] Message Verified (2)
Waiting for an incoming message - Test 4 (valid acdc credential)
skipped--
Waiting for an incoming message - Test 5 (acdc revocation)
skipped--
Waiting for an incoming message - Test 6
u_5 [evid] Starts Rotation
u_6 [Lr1N] Starts Rotation
u_0 [2Pf2] Starts Rotation
u_7 [dI6z] Starts Rotation
u_9 [lKY8] Starts Rotation
u_3 [7p-l] Starts Rotation
u_8 [xX99] Starts Rotation
u_4 [ZznK] Starts Rotation
u_2 [aSqc] Starts Rotation
u_1 [4GDf] Starts Rotation
u_0 [2Pf2] Ends Rotation
u_0 [2Pf2] - Completed Key Rotation
u_9 [lKY8] Ends Rotation
u_9 [lKY8] - Completed Key Rotation
u_2 [aSqc] Ends Rotation
u_2 [aSqc] - Completed Key Rotation
u_7 [dI6z] Ends Rotation
u_7 [dI6z] - Completed Key Rotation
u_3 [7p-l] Ends Rotation
u_3 [7p-l] - Completed Key Rotation
u_1 [4GDf] Ends Rotation
u_1 [4GDf] - Completed Key Rotation
u_4 [ZznK] Ends Rotation
u_4 [ZznK] - Completed Key Rotation
u_5 [evid] Ends Rotation
u_5 [evid] - Completed Key Rotation
u_8 [xX99] Ends Rotation
u_8 [xX99] - Completed Key Rotation
u_6 [Lr1N] Ends Rotation
u_6 [Lr1N] - Completed Key Rotation
Executed 10 users / 10 success / 0 fail
Test 1: 4668ms (466 p.u.)
Test 2: 1ms (0 p.u.)
Test 3: 625ms (62 p.u.)
Test 4: 2069ms (206 p.u.)
