Waiting for an incoming message - Test 1 (inception)
Error while deserializing http message: Error("EOF while parsing a value", line: 1, column: 0)
	Preparing Data...
	Data is ready, starting users and test1
Incepted: u_6 [QQRG]
Incepted: u_1 [xvsg]
Incepted: u_8 [a38L]
Incepted: u_7 [FFM7]
Incepted: u_2 [5YMT]
Incepted: u_4 [sm9x]
Incepted: u_3 [Tp-R]
Incepted: u_0 [lG37]
Incepted: u_9 [LB59]
Incepted: u_5 [zk37]
	Added [bivQ] as watcher for u_2 [5YMT]
	Added [bivQ] as watcher for u_0 [lG37]
	Added [2D85] as watcher for u_6 [QQRG]
	Added [bivQ] as watcher for u_9 [LB59]
	Added [2D85] as watcher for u_8 [a38L]
	Added [2D85] as watcher for u_1 [xvsg]
	Added [jm4C] as watcher for u_7 [FFM7]
	Added [2D85] as watcher for u_4 [sm9x]
	Added [jm4C] as watcher for u_3 [Tp-R]
	Added [bivQ] as watcher for u_1 [xvsg]
	Added [jm4C] as watcher for u_5 [zk37]
	Added [2D85] as watcher for u_2 [5YMT]
	Added [x5MO] as watcher for u_0 [lG37]
	Added [2D85] as watcher for u_9 [LB59]
	Added [x5MO] as watcher for u_6 [QQRG]
	Added [jm4C] as watcher for u_8 [a38L]
	Added [x5MO] as watcher for u_4 [sm9x]
	Added [2D85] as watcher for u_7 [FFM7]
	Added [bivQ] as watcher for u_5 [zk37]
	Added [2D85] as watcher for u_3 [Tp-R]
	Added [jm4C] as watcher for u_1 [xvsg]
	Asking u_1 [xvsg]'s watchers to watch [IjVS]
	Added [bivQ] as watcher for u_3 [Tp-R]
	Asking u_3 [Tp-R]'s watchers to watch [IjVS]
	Added [x5MO] as watcher for u_2 [5YMT]
	Asking u_2 [5YMT]'s watchers to watch [IjVS]
	Added [x5MO] as watcher for u_9 [LB59]
	Asking u_9 [LB59]'s watchers to watch [IjVS]
	Added [jm4C] as watcher for u_0 [lG37]
	Asking u_0 [lG37]'s watchers to watch [IjVS]
	Added [x5MO] as watcher for u_8 [a38L]
	Asking u_8 [a38L]'s watchers to watch [IjVS]
	Added [x5MO] as watcher for u_7 [FFM7]
	Asking u_7 [FFM7]'s watchers to watch [IjVS]
	Added [jm4C] as watcher for u_6 [QQRG]
	Asking u_6 [QQRG]'s watchers to watch [IjVS]
	Added [2D85] as watcher for u_5 [zk37]
	Asking u_5 [zk37]'s watchers to watch [IjVS]
	Added [jm4C] as watcher for u_4 [sm9x]
	Asking u_4 [sm9x]'s watchers to watch [IjVS]
	✅ u_1 [xvsg] Inception Done
	✅ u_9 [LB59] Inception Done
	✅ u_3 [Tp-R] Inception Done
	✅ u_2 [5YMT] Inception Done
	✅ u_0 [lG37] Inception Done
	✅ u_8 [a38L] Inception Done
	✅ u_7 [FFM7] Inception Done
	✅ u_5 [zk37] Inception Done
	✅ u_6 [QQRG] Inception Done
	✅ u_4 [sm9x] Inception Done
Test 2 (signature verification)
	✅ u_4 [sm9x] Message verified
	✅ u_5 [zk37] Message verified
	✅ u_7 [FFM7] Message verified
	✅ u_3 [Tp-R] Message verified
	✅ u_0 [lG37] Message verified
	✅ u_2 [5YMT] Message verified
	✅ u_8 [a38L] Message verified
	✅ u_9 [LB59] Message verified
	✅ u_6 [QQRG] Message verified
	✅ u_1 [xvsg] Message verified
Waiting for an incoming message - Test 3 (signature verification after rotation of issuer)
	✅ u_5 [zk37] Message Verified (2)
	✅ u_8 [a38L] Message Verified (2)
	✅ u_9 [LB59] Message Verified (2)
	✅ u_7 [FFM7] Message Verified (2)
	✅ u_6 [QQRG] Message Verified (2)
	✅ u_0 [lG37] Message Verified (2)
	✅ u_1 [xvsg] Message Verified (2)
	✅ u_3 [Tp-R] Message Verified (2)
	✅ u_4 [sm9x] Message Verified (2)
	✅ u_2 [5YMT] Message Verified (2)
Waiting for an incoming message - Test 4 (valid acdc credential)
skipped--
Waiting for an incoming message - Test 5 (acdc revocation)
skipped--
Waiting for an incoming message - Test 6
u_2 [5YMT] Starts Rotation
u_1 [xvsg] Starts Rotation
u_9 [LB59] Starts Rotation
u_6 [QQRG] Starts Rotation
u_4 [sm9x] Starts Rotation
u_0 [lG37] Starts Rotation
u_3 [Tp-R] Starts Rotation
u_5 [zk37] Starts Rotation
u_7 [FFM7] Starts Rotation
u_8 [a38L] Starts Rotation
u_3 [Tp-R] Ends Rotation
u_3 [Tp-R] - Completed Key Rotation
u_6 [QQRG] Ends Rotation
u_6 [QQRG] - Completed Key Rotation
u_4 [sm9x] Ends Rotation
u_4 [sm9x] - Completed Key Rotation
u_2 [5YMT] Ends Rotation
u_2 [5YMT] - Completed Key Rotation
u_5 [zk37] Ends Rotation
u_5 [zk37] - Completed Key Rotation
u_1 [xvsg] Ends Rotation
u_1 [xvsg] - Completed Key Rotation
u_7 [FFM7] Ends Rotation
u_7 [FFM7] - Completed Key Rotation
u_9 [LB59] Ends Rotation
u_9 [LB59] - Completed Key Rotation
u_8 [a38L] Ends Rotation
u_8 [a38L] - Completed Key Rotation
u_0 [lG37] Ends Rotation
u_0 [lG37] - Completed Key Rotation
Executed 10 users / 10 success / 0 fail
Test 1: 4436ms (443 p.u.)
Test 2: 1ms (0 p.u.)
Test 3: 602ms (60 p.u.)
Test 4: 2978ms (297 p.u.)
