Waiting for an incoming message - Test 1 (inception)
Error while deserializing http message: Error("EOF while parsing a value", line: 1, column: 0)
	Preparing Data...
	Data is ready, starting users and test1
Incepted: u_6 [Bw9c]
	Added [2D85] as watcher for u_6 [Bw9c]
	Added [x5MO] as watcher for u_6 [Bw9c]
	Added [bivQ] as watcher for u_6 [Bw9c]
	Asking u_6 [Bw9c]'s watchers to watch [IjVS]
Incepted: u_5 [P8Wj]
	Added [jm4C] as watcher for u_5 [P8Wj]
	Added [x5MO] as watcher for u_5 [P8Wj]
	Added [bivQ] as watcher for u_5 [P8Wj]
	Asking u_5 [P8Wj]'s watchers to watch [IjVS]
Incepted: u_1 [WyEV]
	✅ u_5 [P8Wj] Inception Done
Incepted: u_8 [z2py]
	Added [bivQ] as watcher for u_1 [WyEV]
Incepted: u_4 [ZCtk]
Incepted: u_7 [oq9v]
Incepted: u_3 [sgc7]
	✅ u_6 [Bw9c] Inception Done
	Added [2D85] as watcher for u_8 [z2py]
	Added [jm4C] as watcher for u_1 [WyEV]
	Added [bivQ] as watcher for u_4 [ZCtk]
	Added [jm4C] as watcher for u_3 [sgc7]
Incepted: u_9 [2hfq]
	Added [x5MO] as watcher for u_7 [oq9v]
Incepted: u_0 [UfS7]
	Added [jm4C] as watcher for u_8 [z2py]
Incepted: u_2 [BxhU]
	Added [x5MO] as watcher for u_1 [WyEV]
	Asking u_1 [WyEV]'s watchers to watch [IjVS]
	Added [x5MO] as watcher for u_4 [ZCtk]
	Added [jm4C] as watcher for u_9 [2hfq]
	Added [jm4C] as watcher for u_7 [oq9v]
	Added [2D85] as watcher for u_3 [sgc7]
	Added [jm4C] as watcher for u_0 [UfS7]
	✅ u_1 [WyEV] Inception Done
	Added [x5MO] as watcher for u_8 [z2py]
	Asking u_8 [z2py]'s watchers to watch [IjVS]
	Added [jm4C] as watcher for u_2 [BxhU]
	Added [bivQ] as watcher for u_9 [2hfq]
	Added [2D85] as watcher for u_4 [ZCtk]
	Asking u_4 [ZCtk]'s watchers to watch [IjVS]
	Added [2D85] as watcher for u_7 [oq9v]
	Asking u_7 [oq9v]'s watchers to watch [IjVS]
	Added [bivQ] as watcher for u_0 [UfS7]
	Added [x5MO] as watcher for u_3 [sgc7]
	Asking u_3 [sgc7]'s watchers to watch [IjVS]
	✅ u_8 [z2py] Inception Done
	✅ u_4 [ZCtk] Inception Done
	Added [2D85] as watcher for u_2 [BxhU]
	Added [2D85] as watcher for u_9 [2hfq]
	Asking u_9 [2hfq]'s watchers to watch [IjVS]
	✅ u_3 [sgc7] Inception Done
	Added [2D85] as watcher for u_0 [UfS7]
	Asking u_0 [UfS7]'s watchers to watch [IjVS]
	✅ u_7 [oq9v] Inception Done
	✅ u_9 [2hfq] Inception Done
	✅ u_0 [UfS7] Inception Done
	Added [x5MO] as watcher for u_2 [BxhU]
	Asking u_2 [BxhU]'s watchers to watch [IjVS]
	✅ u_2 [BxhU] Inception Done
Test 2 (signature verification)
	✅ u_2 [BxhU] Message verified
	✅ u_6 [Bw9c] Message verified
	✅ u_8 [z2py] Message verified
	✅ u_4 [ZCtk] Message verified
	✅ u_5 [P8Wj] Message verified
	✅ u_7 [oq9v] Message verified
	✅ u_3 [sgc7] Message verified
	✅ u_9 [2hfq] Message verified
	✅ u_1 [WyEV] Message verified
	✅ u_0 [UfS7] Message verified
Waiting for an incoming message - Test 3 (signature verification after rotation of issuer)
	✅ u_7 [oq9v] Message Verified (2)
	✅ u_8 [z2py] Message Verified (2)
	✅ u_2 [BxhU] Message Verified (2)
	✅ u_1 [WyEV] Message Verified (2)
	✅ u_0 [UfS7] Message Verified (2)
	✅ u_4 [ZCtk] Message Verified (2)
	✅ u_5 [P8Wj] Message Verified (2)
	✅ u_9 [2hfq] Message Verified (2)
	✅ u_6 [Bw9c] Message Verified (2)
	✅ u_3 [sgc7] Message Verified (2)
Waiting for an incoming message - Test 4 (valid acdc credential)
skipped--
Waiting for an incoming message - Test 5 (acdc revocation)
skipped--
Waiting for an incoming message - Test 6
u_1 [WyEV] Starts Rotation
u_2 [BxhU] Starts Rotation
u_7 [oq9v] Starts Rotation
u_4 [ZCtk] Starts Rotation
u_3 [sgc7] Starts Rotation
u_6 [Bw9c] Starts Rotation
u_8 [z2py] Starts Rotation
u_9 [2hfq] Starts Rotation
u_0 [UfS7] Starts Rotation
u_5 [P8Wj] Starts Rotation
u_3 [sgc7] Ends Rotation
u_3 [sgc7] - Completed Key Rotation
u_7 [oq9v] Ends Rotation
u_7 [oq9v] - Completed Key Rotation
u_0 [UfS7] Ends Rotation
u_0 [UfS7] - Completed Key Rotation
u_4 [ZCtk] Ends Rotation
u_4 [ZCtk] - Completed Key Rotation
u_5 [P8Wj] Ends Rotation
u_5 [P8Wj] - Completed Key Rotation
u_6 [Bw9c] Ends Rotation
u_6 [Bw9c] - Completed Key Rotation
u_9 [2hfq] Ends Rotation
u_9 [2hfq] - Completed Key Rotation
u_1 [WyEV] Ends Rotation
u_1 [WyEV] - Completed Key Rotation
u_2 [BxhU] Ends Rotation
u_2 [BxhU] - Completed Key Rotation
u_8 [z2py] Ends Rotation
u_8 [z2py] - Completed Key Rotation
Executed 10 users / 10 success / 0 fail
Test 1: 74943ms (7494 p.u.)
Test 2: 1ms (0 p.u.)
Test 3: 1133ms (113 p.u.)
Test 4: 68638ms (6863 p.u.)
