Waiting for an incoming message - Test 1 (inception)
Error while deserializing http message: Error("EOF while parsing a value", line: 1, column: 0)
	Preparing Data...
	Data is ready, starting users and test1
Incepted: u_1 [NSbM]
	Added [bivQ] as watcher for u_1 [NSbM]
	Added [2D85] as watcher for u_1 [NSbM]
	Added [x5MO] as watcher for u_1 [NSbM]
	Asking u_1 [NSbM]'s watchers to watch [IjVS]
Incepted: u_9 [doub]
Incepted: u_6 [DWXy]
	✅ u_1 [NSbM] Inception Done
Incepted: u_5 [AmcO]
	Added [bivQ] as watcher for u_9 [doub]
Incepted: u_2 [srmE]
Incepted: u_4 [tvSM]
Incepted: u_8 [CzBz]
Incepted: u_3 [a7DG]
	Added [x5MO] as watcher for u_6 [DWXy]
Incepted: u_0 [Ytng]
Incepted: u_7 [8pi5]
	Added [jm4C] as watcher for u_5 [AmcO]
	Added [jm4C] as watcher for u_4 [tvSM]
	Added [x5MO] as watcher for u_9 [doub]
	Added [2D85] as watcher for u_2 [srmE]
	Added [x5MO] as watcher for u_8 [CzBz]
	Added [x5MO] as watcher for u_3 [a7DG]
	Added [x5MO] as watcher for u_0 [Ytng]
	Added [jm4C] as watcher for u_7 [8pi5]
	Added [2D85] as watcher for u_6 [DWXy]
	Added [bivQ] as watcher for u_5 [AmcO]
	Added [jm4C] as watcher for u_9 [doub]
	Asking u_9 [doub]'s watchers to watch [IjVS]
	Added [x5MO] as watcher for u_2 [srmE]
	Added [bivQ] as watcher for u_8 [CzBz]
	Added [2D85] as watcher for u_4 [tvSM]
	Added [jm4C] as watcher for u_3 [a7DG]
	Added [bivQ] as watcher for u_7 [8pi5]
	✅ u_9 [doub] Inception Done
	Added [bivQ] as watcher for u_6 [DWXy]
	Asking u_6 [DWXy]'s watchers to watch [IjVS]
	Added [jm4C] as watcher for u_0 [Ytng]
	Added [bivQ] as watcher for u_2 [srmE]
	Asking u_2 [srmE]'s watchers to watch [IjVS]
	Added [2D85] as watcher for u_5 [AmcO]
	Asking u_5 [AmcO]'s watchers to watch [IjVS]
	Added [x5MO] as watcher for u_4 [tvSM]
	Asking u_4 [tvSM]'s watchers to watch [IjVS]
	Added [2D85] as watcher for u_8 [CzBz]
	Asking u_8 [CzBz]'s watchers to watch [IjVS]
	✅ u_6 [DWXy] Inception Done
	✅ u_2 [srmE] Inception Done
	Added [2D85] as watcher for u_3 [a7DG]
	Asking u_3 [a7DG]'s watchers to watch [IjVS]
	✅ u_4 [tvSM] Inception Done
	Added [2D85] as watcher for u_7 [8pi5]
	Asking u_7 [8pi5]'s watchers to watch [IjVS]
	✅ u_3 [a7DG] Inception Done
	✅ u_8 [CzBz] Inception Done
	✅ u_5 [AmcO] Inception Done
	Added [2D85] as watcher for u_0 [Ytng]
	Asking u_0 [Ytng]'s watchers to watch [IjVS]
	✅ u_7 [8pi5] Inception Done
	✅ u_0 [Ytng] Inception Done
Test 2 (signature verification)
	✅ u_0 [Ytng] Message verified
	✅ u_4 [tvSM] Message verified
	✅ u_7 [8pi5] Message verified
	✅ u_6 [DWXy] Message verified
	✅ u_2 [srmE] Message verified
	✅ u_9 [doub] Message verified
	✅ u_1 [NSbM] Message verified
	✅ u_3 [a7DG] Message verified
	✅ u_5 [AmcO] Message verified
	✅ u_8 [CzBz] Message verified
Waiting for an incoming message - Test 3 (signature verification after rotation of issuer)
	✅ u_7 [8pi5] Message Verified (2)
	✅ u_0 [Ytng] Message Verified (2)
	✅ u_9 [doub] Message Verified (2)
	✅ u_3 [a7DG] Message Verified (2)
	✅ u_1 [NSbM] Message Verified (2)
	✅ u_8 [CzBz] Message Verified (2)
	✅ u_2 [srmE] Message Verified (2)
	✅ u_6 [DWXy] Message Verified (2)
	✅ u_5 [AmcO] Message Verified (2)
	✅ u_4 [tvSM] Message Verified (2)
Waiting for an incoming message - Test 4 (valid acdc credential)
skipped--
Waiting for an incoming message - Test 5 (acdc revocation)
skipped--
Waiting for an incoming message - Test 6
u_4 [tvSM] Starts Rotation
u_6 [DWXy] Starts Rotation
u_3 [a7DG] Starts Rotation
u_7 [8pi5] Starts Rotation
u_8 [CzBz] Starts Rotation
u_0 [Ytng] Starts Rotation
u_9 [doub] Starts Rotation
u_5 [AmcO] Starts Rotation
u_2 [srmE] Starts Rotation
u_1 [NSbM] Starts Rotation
u_4 [tvSM] Ends Rotation
u_4 [tvSM] - Completed Key Rotation
u_9 [doub] Ends Rotation
u_9 [doub] - Completed Key Rotation
u_3 [a7DG] Ends Rotation
u_3 [a7DG] - Completed Key Rotation
u_2 [srmE] Ends Rotation
u_2 [srmE] - Completed Key Rotation
u_8 [CzBz] Ends Rotation
u_8 [CzBz] - Completed Key Rotation
u_7 [8pi5] Ends Rotation
u_7 [8pi5] - Completed Key Rotation
u_6 [DWXy] Ends Rotation
u_6 [DWXy] - Completed Key Rotation
u_5 [AmcO] Ends Rotation
u_5 [AmcO] - Completed Key Rotation
u_1 [NSbM] Ends Rotation
u_1 [NSbM] - Completed Key Rotation
u_0 [Ytng] Ends Rotation
u_0 [Ytng] - Completed Key Rotation
Executed 10 users / 10 success / 0 fail
Test 1: 65800ms (6580 p.u.)
Test 2: 1ms (0 p.u.)
Test 3: 622ms (62 p.u.)
Test 4: 61914ms (6191 p.u.)
