Waiting for an incoming message - Test 1 (inception)
Error while deserializing http message: Error("EOF while parsing a value", line: 1, column: 0)
	Preparing Data...
	Data is ready, starting users and test1
Incepted: u_6 [qN8l]
Incepted: u_1 [DZ2N]
Incepted: u_7 [YF_K]
	Added [jm4C] as watcher for u_6 [qN8l]
Incepted: u_4 [YH_J]
	Added [bivQ] as watcher for u_6 [qN8l]
	Added [bivQ] as watcher for u_1 [DZ2N]
	Added [x5MO] as watcher for u_7 [YF_K]
Incepted: u_9 [U1u6]
	Added [jm4C] as watcher for u_4 [YH_J]
	Added [bivQ] as watcher for u_7 [YF_K]
Incepted: u_8 [F08i]
	Added [jm4C] as watcher for u_1 [DZ2N]
Incepted: u_2 [ATE5]
Incepted: u_3 [WBcY]
Incepted: u_0 [E_FE]
	Added [x5MO] as watcher for u_6 [qN8l]
	Asking u_6 [qN8l]'s watchers to watch [IjVS]
Incepted: u_5 [nPPC]
	Added [2D85] as watcher for u_9 [U1u6]
	Added [2D85] as watcher for u_4 [YH_J]
	Added [jm4C] as watcher for u_2 [ATE5]
	✅ u_6 [qN8l] Inception Done
	Added [2D85] as watcher for u_8 [F08i]
	Added [2D85] as watcher for u_1 [DZ2N]
	Asking u_1 [DZ2N]'s watchers to watch [IjVS]
	Added [2D85] as watcher for u_7 [YF_K]
	Asking u_7 [YF_K]'s watchers to watch [IjVS]
	Added [bivQ] as watcher for u_0 [E_FE]
	Added [bivQ] as watcher for u_3 [WBcY]
	Added [x5MO] as watcher for u_9 [U1u6]
	Added [bivQ] as watcher for u_5 [nPPC]
	✅ u_1 [DZ2N] Inception Done
	Added [bivQ] as watcher for u_4 [YH_J]
	Asking u_4 [YH_J]'s watchers to watch [IjVS]
	Added [bivQ] as watcher for u_8 [F08i]
	Added [jm4C] as watcher for u_0 [E_FE]
	Added [x5MO] as watcher for u_2 [ATE5]
	✅ u_7 [YF_K] Inception Done
	Added [2D85] as watcher for u_3 [WBcY]
	Added [jm4C] as watcher for u_9 [U1u6]
	Asking u_9 [U1u6]'s watchers to watch [IjVS]
	Added [jm4C] as watcher for u_5 [nPPC]
	✅ u_4 [YH_J] Inception Done
	Added [x5MO] as watcher for u_0 [E_FE]
	Asking u_0 [E_FE]'s watchers to watch [IjVS]
	Added [x5MO] as watcher for u_8 [F08i]
	Asking u_8 [F08i]'s watchers to watch [IjVS]
	✅ u_9 [U1u6] Inception Done
	Added [x5MO] as watcher for u_3 [WBcY]
	Asking u_3 [WBcY]'s watchers to watch [IjVS]
	✅ u_0 [E_FE] Inception Done
	Added [bivQ] as watcher for u_2 [ATE5]
	Asking u_2 [ATE5]'s watchers to watch [IjVS]
	✅ u_2 [ATE5] Inception Done
	✅ u_8 [F08i] Inception Done
	✅ u_3 [WBcY] Inception Done
	Added [2D85] as watcher for u_5 [nPPC]
	Asking u_5 [nPPC]'s watchers to watch [IjVS]
	✅ u_5 [nPPC] Inception Done
Test 2 (signature verification)
	✅ u_5 [nPPC] Message verified
	✅ u_3 [WBcY] Message verified
	✅ u_1 [DZ2N] Message verified
	✅ u_2 [ATE5] Message verified
	✅ u_9 [U1u6] Message verified
	✅ u_4 [YH_J] Message verified
	✅ u_0 [E_FE] Message verified
	✅ u_8 [F08i] Message verified
	✅ u_7 [YF_K] Message verified
	✅ u_6 [qN8l] Message verified
Waiting for an incoming message - Test 3 (signature verification after rotation of issuer)
	✅ u_9 [U1u6] Message Verified (2)
	✅ u_5 [nPPC] Message Verified (2)
	✅ u_8 [F08i] Message Verified (2)
	✅ u_3 [WBcY] Message Verified (2)
	✅ u_1 [DZ2N] Message Verified (2)
	✅ u_6 [qN8l] Message Verified (2)
	✅ u_2 [ATE5] Message Verified (2)
	✅ u_4 [YH_J] Message Verified (2)
	✅ u_7 [YF_K] Message Verified (2)
	✅ u_0 [E_FE] Message Verified (2)
Waiting for an incoming message - Test 4 (valid acdc credential)
skipped--
Waiting for an incoming message - Test 5 (acdc revocation)
skipped--
Waiting for an incoming message - Test 6
u_0 [E_FE] Starts Rotation
u_6 [qN8l] Starts Rotation
u_9 [U1u6] Starts Rotation
u_3 [WBcY] Starts Rotation
u_8 [F08i] Starts Rotation
u_7 [YF_K] Starts Rotation
u_4 [YH_J] Starts Rotation
u_5 [nPPC] Starts Rotation
u_1 [DZ2N] Starts Rotation
u_2 [ATE5] Starts Rotation
u_5 [nPPC] Ends Rotation
u_5 [nPPC] - Completed Key Rotation
u_6 [qN8l] Ends Rotation
u_6 [qN8l] - Completed Key Rotation
u_1 [DZ2N] Ends Rotation
u_1 [DZ2N] - Completed Key Rotation
u_0 [E_FE] Ends Rotation
u_0 [E_FE] - Completed Key Rotation
u_9 [U1u6] Ends Rotation
u_9 [U1u6] - Completed Key Rotation
u_4 [YH_J] Ends Rotation
u_4 [YH_J] - Completed Key Rotation
u_7 [YF_K] Ends Rotation
u_7 [YF_K] - Completed Key Rotation
u_2 [ATE5] Ends Rotation
u_2 [ATE5] - Completed Key Rotation
u_3 [WBcY] Ends Rotation
u_3 [WBcY] - Completed Key Rotation
u_8 [F08i] Ends Rotation
u_8 [F08i] - Completed Key Rotation
Executed 10 users / 10 success / 0 fail
Test 1: 68616ms (6861 p.u.)
Test 2: 1ms (0 p.u.)
Test 3: 583ms (58 p.u.)
Test 4: 63981ms (6398 p.u.)
