Waiting for an incoming message - Test 1 (inception)
Error while deserializing http message: Error("EOF while parsing a value", line: 1, column: 0)
	Preparing Data...
	Data is ready, starting users and test1
Incepted: u_2 [j12l]
Incepted: u_3 [cAdJ]
Incepted: u_4 [qzQ0]
Incepted: u_9 [9_zz]
Incepted: u_8 [EMO-]
Incepted: u_5 [8XYc]
Incepted: u_7 [q3ar]
Incepted: u_1 [B5F_]
Incepted: u_0 [z_G_]
	Added [x5MO] as watcher for u_3 [cAdJ]
	Added [x5MO] as watcher for u_2 [j12l]
Incepted: u_6 [8ISM]
	Added [2D85] as watcher for u_4 [qzQ0]
	Added [x5MO] as watcher for u_9 [9_zz]
	Added [x5MO] as watcher for u_8 [EMO-]
	Added [jm4C] as watcher for u_5 [8XYc]
	Added [bivQ] as watcher for u_4 [qzQ0]
	Added [jm4C] as watcher for u_1 [B5F_]
	Added [jm4C] as watcher for u_7 [q3ar]
	Added [2D85] as watcher for u_0 [z_G_]
	Added [2D85] as watcher for u_3 [cAdJ]
	Added [bivQ] as watcher for u_8 [EMO-]
	Added [2D85] as watcher for u_2 [j12l]
	Added [x5MO] as watcher for u_6 [8ISM]
	Added [2D85] as watcher for u_9 [9_zz]
	Added [bivQ] as watcher for u_7 [q3ar]
	Added [bivQ] as watcher for u_0 [z_G_]
	Added [jm4C] as watcher for u_4 [qzQ0]
	Asking u_4 [qzQ0]'s watchers to watch [IjVS]
	Added [bivQ] as watcher for u_1 [B5F_]
	Added [2D85] as watcher for u_5 [8XYc]
	Added [bivQ] as watcher for u_2 [j12l]
	Asking u_2 [j12l]'s watchers to watch [IjVS]
	Added [bivQ] as watcher for u_9 [9_zz]
	Asking u_9 [9_zz]'s watchers to watch [IjVS]
	Added [jm4C] as watcher for u_3 [cAdJ]
	Asking u_3 [cAdJ]'s watchers to watch [IjVS]
	Added [2D85] as watcher for u_8 [EMO-]
	Asking u_8 [EMO-]'s watchers to watch [IjVS]
	Added [jm4C] as watcher for u_6 [8ISM]
	Added [x5MO] as watcher for u_0 [z_G_]
	Asking u_0 [z_G_]'s watchers to watch [IjVS]
	Added [2D85] as watcher for u_7 [q3ar]
	Asking u_7 [q3ar]'s watchers to watch [IjVS]
	Added [x5MO] as watcher for u_5 [8XYc]
	Asking u_5 [8XYc]'s watchers to watch [IjVS]
	Added [x5MO] as watcher for u_1 [B5F_]
	Asking u_1 [B5F_]'s watchers to watch [IjVS]
	Added [bivQ] as watcher for u_6 [8ISM]
	Asking u_6 [8ISM]'s watchers to watch [IjVS]
	✅ u_4 [qzQ0] Inception Done
	✅ u_2 [j12l] Inception Done
	✅ u_9 [9_zz] Inception Done
	✅ u_3 [cAdJ] Inception Done
	✅ u_8 [EMO-] Inception Done
	✅ u_0 [z_G_] Inception Done
	✅ u_7 [q3ar] Inception Done
	✅ u_6 [8ISM] Inception Done
	✅ u_5 [8XYc] Inception Done
	✅ u_1 [B5F_] Inception Done
Test 2 (signature verification)
	✅ u_6 [8ISM] Message verified
	✅ u_1 [B5F_] Message verified
	✅ u_3 [cAdJ] Message verified
	✅ u_4 [qzQ0] Message verified
	✅ u_0 [z_G_] Message verified
	✅ u_7 [q3ar] Message verified
	✅ u_5 [8XYc] Message verified
	✅ u_2 [j12l] Message verified
	✅ u_8 [EMO-] Message verified
	✅ u_9 [9_zz] Message verified
Waiting for an incoming message - Test 3 (signature verification after rotation of issuer)
	✅ u_2 [j12l] Message Verified (2)
	✅ u_0 [z_G_] Message Verified (2)
	✅ u_9 [9_zz] Message Verified (2)
	✅ u_5 [8XYc] Message Verified (2)
	✅ u_6 [8ISM] Message Verified (2)
	✅ u_1 [B5F_] Message Verified (2)
	✅ u_8 [EMO-] Message Verified (2)
	✅ u_7 [q3ar] Message Verified (2)
	✅ u_4 [qzQ0] Message Verified (2)
	✅ u_3 [cAdJ] Message Verified (2)
Waiting for an incoming message - Test 4 (valid acdc credential)
skipped--
Waiting for an incoming message - Test 5 (acdc revocation)
skipped--
Waiting for an incoming message - Test 6
u_3 [cAdJ] Starts Rotation
u_9 [9_zz] Starts Rotation
u_1 [B5F_] Starts Rotation
u_4 [qzQ0] Starts Rotation
u_8 [EMO-] Starts Rotation
u_0 [z_G_] Starts Rotation
u_7 [q3ar] Starts Rotation
u_6 [8ISM] Starts Rotation
u_2 [j12l] Starts Rotation
u_5 [8XYc] Starts Rotation
u_5 [8XYc] Ends Rotation
u_5 [8XYc] - Completed Key Rotation
u_1 [B5F_] Ends Rotation
u_1 [B5F_] - Completed Key Rotation
u_4 [qzQ0] Ends Rotation
u_4 [qzQ0] - Completed Key Rotation
u_8 [EMO-] Ends Rotation
u_8 [EMO-] - Completed Key Rotation
u_3 [cAdJ] Ends Rotation
u_3 [cAdJ] - Completed Key Rotation
u_7 [q3ar] Ends Rotation
u_7 [q3ar] - Completed Key Rotation
u_0 [z_G_] Ends Rotation
u_0 [z_G_] - Completed Key Rotation
u_2 [j12l] Ends Rotation
u_2 [j12l] - Completed Key Rotation
u_9 [9_zz] Ends Rotation
u_9 [9_zz] - Completed Key Rotation
u_6 [8ISM] Ends Rotation
u_6 [8ISM] - Completed Key Rotation
Executed 10 users / 10 success / 0 fail
Test 1: 5227ms (522 p.u.)
Test 2: 1ms (0 p.u.)
Test 3: 593ms (59 p.u.)
Test 4: 3334ms (333 p.u.)
