Waiting for an incoming message - Test 1 (inception)
Error while deserializing http message: Error("EOF while parsing a value", line: 1, column: 0)
Error while deserializing http message: Error("EOF while parsing a value", line: 1, column: 0)
	Preparing Data...
	Data is ready, starting users and test1
Incepted: u_3 [3iXi]
Incepted: u_0 [OGn5]
Incepted: u_2 [3-ej]
Incepted: u_4 [q--V]
Incepted: u_9 [tC-n]
Incepted: u_7 [8usN]
Incepted: u_5 [MuFv]
Incepted: u_6 [zt_U]
Incepted: u_8 [7tqv]
Incepted: u_1 [zKgC]
	Added [2D85] as watcher for u_0 [OGn5]
	Added [x5MO] as watcher for u_3 [3iXi]
	Added [jm4C] as watcher for u_4 [q--V]
	Added [2D85] as watcher for u_5 [MuFv]
	Added [x5MO] as watcher for u_7 [8usN]
	Added [2D85] as watcher for u_2 [3-ej]
	Added [2D85] as watcher for u_6 [zt_U]
	Added [jm4C] as watcher for u_9 [tC-n]
	Added [bivQ] as watcher for u_0 [OGn5]
	Added [2D85] as watcher for u_8 [7tqv]
	Added [bivQ] as watcher for u_6 [zt_U]
	Added [2D85] as watcher for u_3 [3iXi]
	Added [jm4C] as watcher for u_1 [zKgC]
	Added [2D85] as watcher for u_4 [q--V]
	Added [2D85] as watcher for u_7 [8usN]
	Added [bivQ] as watcher for u_8 [7tqv]
	Added [jm4C] as watcher for u_5 [MuFv]
	Added [2D85] as watcher for u_9 [tC-n]
	Added [x5MO] as watcher for u_0 [OGn5]
	Asking u_0 [OGn5]'s watchers to watch [IjVS]
	Added [jm4C] as watcher for u_2 [3-ej]
	Added [bivQ] as watcher for u_7 [8usN]
	Asking u_7 [8usN]'s watchers to watch [IjVS]
	Added [x5MO] as watcher for u_6 [zt_U]
	Asking u_6 [zt_U]'s watchers to watch [IjVS]
	Added [bivQ] as watcher for u_2 [3-ej]
	Asking u_2 [3-ej]'s watchers to watch [IjVS]
	Added [2D85] as watcher for u_1 [zKgC]
	Added [jm4C] as watcher for u_3 [3iXi]
	Asking u_3 [3iXi]'s watchers to watch [IjVS]
	Added [x5MO] as watcher for u_4 [q--V]
	Asking u_4 [q--V]'s watchers to watch [IjVS]
	Added [x5MO] as watcher for u_5 [MuFv]
	Asking u_5 [MuFv]'s watchers to watch [IjVS]
	Added [jm4C] as watcher for u_8 [7tqv]
	Asking u_8 [7tqv]'s watchers to watch [IjVS]
	Added [x5MO] as watcher for u_9 [tC-n]
	Asking u_9 [tC-n]'s watchers to watch [IjVS]
	Added [bivQ] as watcher for u_1 [zKgC]
	Asking u_1 [zKgC]'s watchers to watch [IjVS]
	✅ u_0 [OGn5] Inception Done
	✅ u_7 [8usN] Inception Done
	✅ u_2 [3-ej] Inception Done
	✅ u_6 [zt_U] Inception Done
	✅ u_4 [q--V] Inception Done
	✅ u_8 [7tqv] Inception Done
	✅ u_3 [3iXi] Inception Done
	✅ u_5 [MuFv] Inception Done
	✅ u_1 [zKgC] Inception Done
	✅ u_9 [tC-n] Inception Done
Test 2 (signature verification)
	✅ u_9 [tC-n] Message verified
	✅ u_6 [zt_U] Message verified
	✅ u_4 [q--V] Message verified
	✅ u_8 [7tqv] Message verified
	✅ u_0 [OGn5] Message verified
	✅ u_3 [3iXi] Message verified
	✅ u_5 [MuFv] Message verified
	✅ u_1 [zKgC] Message verified
	✅ u_7 [8usN] Message verified
	✅ u_2 [3-ej] Message verified
Waiting for an incoming message - Test 3 (signature verification after rotation of issuer)
	✅ u_0 [OGn5] Message Verified (2)
	✅ u_1 [zKgC] Message Verified (2)
	✅ u_7 [8usN] Message Verified (2)
	✅ u_2 [3-ej] Message Verified (2)
	✅ u_4 [q--V] Message Verified (2)
	✅ u_3 [3iXi] Message Verified (2)
	✅ u_5 [MuFv] Message Verified (2)
	✅ u_9 [tC-n] Message Verified (2)
	✅ u_6 [zt_U] Message Verified (2)
	✅ u_8 [7tqv] Message Verified (2)
Waiting for an incoming message - Test 4 (valid acdc credential)
skipped--
Waiting for an incoming message - Test 5 (acdc revocation)
skipped--
Waiting for an incoming message - Test 6
u_8 [7tqv] Starts Rotation
u_2 [3-ej] Starts Rotation
u_5 [MuFv] Starts Rotation
u_6 [zt_U] Starts Rotation
u_3 [3iXi] Starts Rotation
u_9 [tC-n] Starts Rotation
u_1 [zKgC] Starts Rotation
u_0 [OGn5] Starts Rotation
u_7 [8usN] Starts Rotation
u_4 [q--V] Starts Rotation
u_6 [zt_U] Ends Rotation
u_6 [zt_U] - Completed Key Rotation
u_9 [tC-n] Ends Rotation
u_9 [tC-n] - Completed Key Rotation
u_2 [3-ej] Ends Rotation
u_2 [3-ej] - Completed Key Rotation
u_3 [3iXi] Ends Rotation
u_3 [3iXi] - Completed Key Rotation
u_8 [7tqv] Ends Rotation
u_8 [7tqv] - Completed Key Rotation
u_1 [zKgC] Ends Rotation
u_1 [zKgC] - Completed Key Rotation
u_4 [q--V] Ends Rotation
u_4 [q--V] - Completed Key Rotation
u_5 [MuFv] Ends Rotation
u_5 [MuFv] - Completed Key Rotation
u_0 [OGn5] Ends Rotation
u_0 [OGn5] - Completed Key Rotation
u_7 [8usN] Ends Rotation
u_7 [8usN] - Completed Key Rotation
Executed 10 users / 10 success / 0 fail
Test 1: 4201ms (420 p.u.)
Test 2: 1ms (0 p.u.)
Test 3: 581ms (58 p.u.)
Test 4: 2120ms (212 p.u.)
