Waiting for an incoming message - Test 1 (inception)
Error while deserializing http message: Error("EOF while parsing a value", line: 1, column: 0)
	Preparing Data...
	Data is ready, starting users and test1
Incepted: u_8 [OUNe]
Incepted: u_5 [hNp7]
Incepted: u_7 [xFqI]
Incepted: u_0 [dbPD]
Incepted: u_9 [BmvK]
Incepted: u_6 [S3ne]
Incepted: u_3 [KOqn]
Incepted: u_2 [ZAbK]
	Added [bivQ] as watcher for u_6 [S3ne]
Incepted: u_1 [7rkU]
Incepted: u_4 [CucR]
	Added [2D85] as watcher for u_8 [OUNe]
	Added [bivQ] as watcher for u_8 [OUNe]
	Added [2D85] as watcher for u_9 [BmvK]
	Added [jm4C] as watcher for u_5 [hNp7]
	Added [x5MO] as watcher for u_7 [xFqI]
	Added [2D85] as watcher for u_3 [KOqn]
	Added [jm4C] as watcher for u_0 [dbPD]
	Added [2D85] as watcher for u_2 [ZAbK]
	Added [bivQ] as watcher for u_3 [KOqn]
	Added [jm4C] as watcher for u_6 [S3ne]
	Added [x5MO] as watcher for u_4 [CucR]
	Added [2D85] as watcher for u_1 [7rkU]
	Added [x5MO] as watcher for u_9 [BmvK]
	Added [2D85] as watcher for u_5 [hNp7]
	Added [bivQ] as watcher for u_4 [CucR]
	Added [jm4C] as watcher for u_8 [OUNe]
	Asking u_8 [OUNe]'s watchers to watch [IjVS]
	Added [jm4C] as watcher for u_7 [xFqI]
	Added [x5MO] as watcher for u_0 [dbPD]
	Added [x5MO] as watcher for u_3 [KOqn]
	Asking u_3 [KOqn]'s watchers to watch [IjVS]
	Added [2D85] as watcher for u_6 [S3ne]
	Asking u_6 [S3ne]'s watchers to watch [IjVS]
	Added [jm4C] as watcher for u_2 [ZAbK]
	Added [bivQ] as watcher for u_9 [BmvK]
	Asking u_9 [BmvK]'s watchers to watch [IjVS]
	Added [x5MO] as watcher for u_1 [7rkU]
	Added [bivQ] as watcher for u_7 [xFqI]
	Asking u_7 [xFqI]'s watchers to watch [IjVS]
	Added [bivQ] as watcher for u_5 [hNp7]
	Asking u_5 [hNp7]'s watchers to watch [IjVS]
	Added [2D85] as watcher for u_4 [CucR]
	Asking u_4 [CucR]'s watchers to watch [IjVS]
	Added [bivQ] as watcher for u_2 [ZAbK]
	Asking u_2 [ZAbK]'s watchers to watch [IjVS]
	Added [2D85] as watcher for u_0 [dbPD]
	Asking u_0 [dbPD]'s watchers to watch [IjVS]
	✅ u_8 [OUNe] Inception Done
	Added [jm4C] as watcher for u_1 [7rkU]
	Asking u_1 [7rkU]'s watchers to watch [IjVS]
	✅ u_3 [KOqn] Inception Done
	✅ u_6 [S3ne] Inception Done
	✅ u_5 [hNp7] Inception Done
	✅ u_9 [BmvK] Inception Done
	✅ u_7 [xFqI] Inception Done
	✅ u_4 [CucR] Inception Done
	✅ u_2 [ZAbK] Inception Done
	✅ u_0 [dbPD] Inception Done
	✅ u_1 [7rkU] Inception Done
Test 2 (signature verification)
	✅ u_7 [xFqI] Message verified
	✅ u_1 [7rkU] Message verified
	✅ u_3 [KOqn] Message verified
	✅ u_9 [BmvK] Message verified
	✅ u_5 [hNp7] Message verified
	✅ u_2 [ZAbK] Message verified
	✅ u_4 [CucR] Message verified
	✅ u_6 [S3ne] Message verified
	✅ u_0 [dbPD] Message verified
	✅ u_8 [OUNe] Message verified
Waiting for an incoming message - Test 3 (signature verification after rotation of issuer)
	✅ u_9 [BmvK] Message Verified (2)
	✅ u_4 [CucR] Message Verified (2)
	✅ u_7 [xFqI] Message Verified (2)
	✅ u_5 [hNp7] Message Verified (2)
	✅ u_6 [S3ne] Message Verified (2)
	✅ u_8 [OUNe] Message Verified (2)
	✅ u_2 [ZAbK] Message Verified (2)
	✅ u_1 [7rkU] Message Verified (2)
	✅ u_0 [dbPD] Message Verified (2)
	✅ u_3 [KOqn] Message Verified (2)
Waiting for an incoming message - Test 4 (valid acdc credential)
skipped--
Waiting for an incoming message - Test 5 (acdc revocation)
skipped--
Waiting for an incoming message - Test 6
u_3 [KOqn] Starts Rotation
u_5 [hNp7] Starts Rotation
u_0 [dbPD] Starts Rotation
u_8 [OUNe] Starts Rotation
u_4 [CucR] Starts Rotation
u_1 [7rkU] Starts Rotation
u_6 [S3ne] Starts Rotation
u_9 [BmvK] Starts Rotation
u_2 [ZAbK] Starts Rotation
u_7 [xFqI] Starts Rotation
u_0 [dbPD] Ends Rotation
u_0 [dbPD] - Completed Key Rotation
u_6 [S3ne] Ends Rotation
u_6 [S3ne] - Completed Key Rotation
u_5 [hNp7] Ends Rotation
u_5 [hNp7] - Completed Key Rotation
u_9 [BmvK] Ends Rotation
u_9 [BmvK] - Completed Key Rotation
u_4 [CucR] Ends Rotation
u_4 [CucR] - Completed Key Rotation
u_8 [OUNe] Ends Rotation
u_8 [OUNe] - Completed Key Rotation
u_3 [KOqn] Ends Rotation
u_3 [KOqn] - Completed Key Rotation
u_7 [xFqI] Ends Rotation
u_7 [xFqI] - Completed Key Rotation
u_1 [7rkU] Ends Rotation
u_1 [7rkU] - Completed Key Rotation
u_2 [ZAbK] Ends Rotation
u_2 [ZAbK] - Completed Key Rotation
Executed 10 users / 10 success / 0 fail
Test 1: 4392ms (439 p.u.)
Test 2: 1ms (0 p.u.)
Test 3: 557ms (55 p.u.)
Test 4: 2089ms (208 p.u.)
