Waiting for an incoming message - Test 1 (inception)
Error while deserializing http message: Error("EOF while parsing a value", line: 1, column: 0)
	Preparing Data...
	Data is ready, starting users and test1
Incepted: u_3 [svhh]
Incepted: u_9 [aQrM]
	Added [x5MO] as watcher for u_3 [svhh]
Incepted: u_1 [Z0mr]
Incepted: u_0 [Q9JN]
	Added [2D85] as watcher for u_3 [svhh]
Incepted: u_5 [l7_5]
	Added [2D85] as watcher for u_9 [aQrM]
Incepted: u_4 [2itd]
Incepted: u_8 [bmJf]
Incepted: u_7 [aTsa]
	Added [bivQ] as watcher for u_3 [svhh]
	Asking u_3 [svhh]'s watchers to watch [IjVS]
	Added [2D85] as watcher for u_1 [Z0mr]
	Added [jm4C] as watcher for u_0 [Q9JN]
	Added [x5MO] as watcher for u_9 [aQrM]
	Added [x5MO] as watcher for u_5 [l7_5]
	Added [bivQ] as watcher for u_4 [2itd]
	Added [bivQ] as watcher for u_8 [bmJf]
	Added [2D85] as watcher for u_7 [aTsa]
Incepted: u_6 [0EFb]
	Added [jm4C] as watcher for u_1 [Z0mr]
	✅ u_3 [svhh] Inception Done
Incepted: u_2 [isKh]
	Added [2D85] as watcher for u_0 [Q9JN]
	Added [bivQ] as watcher for u_5 [l7_5]
	Added [bivQ] as watcher for u_9 [aQrM]
	Asking u_9 [aQrM]'s watchers to watch [IjVS]
	Added [2D85] as watcher for u_4 [2itd]
	Added [jm4C] as watcher for u_7 [aTsa]
	Added [bivQ] as watcher for u_6 [0EFb]
	Added [jm4C] as watcher for u_8 [bmJf]
	Added [x5MO] as watcher for u_1 [Z0mr]
	Asking u_1 [Z0mr]'s watchers to watch [IjVS]
	✅ u_9 [aQrM] Inception Done
	Added [jm4C] as watcher for u_5 [l7_5]
	Asking u_5 [l7_5]'s watchers to watch [IjVS]
	Added [bivQ] as watcher for u_0 [Q9JN]
	Asking u_0 [Q9JN]'s watchers to watch [IjVS]
	Added [jm4C] as watcher for u_2 [isKh]
	Added [jm4C] as watcher for u_4 [2itd]
	Asking u_4 [2itd]'s watchers to watch [IjVS]
	Added [bivQ] as watcher for u_7 [aTsa]
	Asking u_7 [aTsa]'s watchers to watch [IjVS]
	Added [x5MO] as watcher for u_8 [bmJf]
	Asking u_8 [bmJf]'s watchers to watch [IjVS]
	✅ u_1 [Z0mr] Inception Done
	✅ u_5 [l7_5] Inception Done
	✅ u_0 [Q9JN] Inception Done
	Added [x5MO] as watcher for u_6 [0EFb]
	Added [bivQ] as watcher for u_2 [isKh]
	✅ u_4 [2itd] Inception Done
	✅ u_8 [bmJf] Inception Done
	✅ u_7 [aTsa] Inception Done
	Added [x5MO] as watcher for u_2 [isKh]
	Asking u_2 [isKh]'s watchers to watch [IjVS]
	✅ u_2 [isKh] Inception Done
	Added [2D85] as watcher for u_6 [0EFb]
	Asking u_6 [0EFb]'s watchers to watch [IjVS]
	✅ u_6 [0EFb] Inception Done
Test 2 (signature verification)
	✅ u_6 [0EFb] Message verified
	✅ u_8 [bmJf] Message verified
	✅ u_9 [aQrM] Message verified
	✅ u_0 [Q9JN] Message verified
	✅ u_2 [isKh] Message verified
	✅ u_3 [svhh] Message verified
	✅ u_1 [Z0mr] Message verified
	✅ u_4 [2itd] Message verified
	✅ u_5 [l7_5] Message verified
	✅ u_7 [aTsa] Message verified
Waiting for an incoming message - Test 3 (signature verification after rotation of issuer)
	✅ u_9 [aQrM] Message Verified (2)
	✅ u_1 [Z0mr] Message Verified (2)
	✅ u_4 [2itd] Message Verified (2)
	✅ u_6 [0EFb] Message Verified (2)
	✅ u_5 [l7_5] Message Verified (2)
	✅ u_7 [aTsa] Message Verified (2)
	✅ u_2 [isKh] Message Verified (2)
	✅ u_0 [Q9JN] Message Verified (2)
	✅ u_8 [bmJf] Message Verified (2)
	✅ u_3 [svhh] Message Verified (2)
Waiting for an incoming message - Test 4 (valid acdc credential)
skipped--
Waiting for an incoming message - Test 5 (acdc revocation)
skipped--
Waiting for an incoming message - Test 6
u_1 [Z0mr] Starts Rotation
u_5 [l7_5] Starts Rotation
u_7 [aTsa] Starts Rotation
u_2 [isKh] Starts Rotation
u_9 [aQrM] Starts Rotation
u_3 [svhh] Starts Rotation
u_8 [bmJf] Starts Rotation
u_0 [Q9JN] Starts Rotation
u_4 [2itd] Starts Rotation
u_6 [0EFb] Starts Rotation
u_9 [aQrM] Ends Rotation
u_9 [aQrM] - Completed Key Rotation
u_4 [2itd] Ends Rotation
u_4 [2itd] - Completed Key Rotation
u_5 [l7_5] Ends Rotation
u_5 [l7_5] - Completed Key Rotation
u_6 [0EFb] Ends Rotation
u_6 [0EFb] - Completed Key Rotation
u_0 [Q9JN] Ends Rotation
u_0 [Q9JN] - Completed Key Rotation
u_3 [svhh] Ends Rotation
u_3 [svhh] - Completed Key Rotation
u_2 [isKh] Ends Rotation
u_2 [isKh] - Completed Key Rotation
u_8 [bmJf] Ends Rotation
u_8 [bmJf] - Completed Key Rotation
u_1 [Z0mr] Ends Rotation
u_1 [Z0mr] - Completed Key Rotation
u_7 [aTsa] Ends Rotation
u_7 [aTsa] - Completed Key Rotation
Executed 10 users / 10 success / 0 fail
Test 1: 64520ms (6452 p.u.)
Test 2: 1ms (0 p.u.)
Test 3: 620ms (62 p.u.)
Test 4: 59308ms (5930 p.u.)
