Waiting for an incoming message - Test 1 (inception)
Error while deserializing http message: Error("EOF while parsing a value", line: 1, column: 0)
	Preparing Data...
	Data is ready, starting users and test1
Incepted: u_8 [y513]
Incepted: u_0 [5m4S]
Incepted: u_9 [mYCm]
Incepted: u_3 [6nQY]
Incepted: u_2 [v0Sm]
Incepted: u_1 [g_CX]
Incepted: u_4 [sC2e]
Incepted: u_7 [ogGG]
Incepted: u_6 [lv0d]
Incepted: u_5 [CmlZ]
	Added [bivQ] as watcher for u_8 [y513]
	Added [x5MO] as watcher for u_0 [5m4S]
	Added [bivQ] as watcher for u_7 [ogGG]
	Added [2D85] as watcher for u_1 [g_CX]
	Added [2D85] as watcher for u_9 [mYCm]
	Added [x5MO] as watcher for u_2 [v0Sm]
	Added [2D85] as watcher for u_4 [sC2e]
	Added [jm4C] as watcher for u_3 [6nQY]
	Added [2D85] as watcher for u_6 [lv0d]
	Added [2D85] as watcher for u_5 [CmlZ]
	Added [2D85] as watcher for u_8 [y513]
	Added [bivQ] as watcher for u_0 [5m4S]
	Added [bivQ] as watcher for u_4 [sC2e]
	Added [bivQ] as watcher for u_3 [6nQY]
	Added [x5MO] as watcher for u_1 [g_CX]
	Added [2D85] as watcher for u_7 [ogGG]
	Added [x5MO] as watcher for u_6 [lv0d]
	Added [jm4C] as watcher for u_9 [mYCm]
	Added [x5MO] as watcher for u_5 [CmlZ]
	Added [jm4C] as watcher for u_2 [v0Sm]
	Added [x5MO] as watcher for u_4 [sC2e]
	Asking u_4 [sC2e]'s watchers to watch [IjVS]
	Added [jm4C] as watcher for u_8 [y513]
	Asking u_8 [y513]'s watchers to watch [IjVS]
	Added [bivQ] as watcher for u_6 [lv0d]
	Asking u_6 [lv0d]'s watchers to watch [IjVS]
	Added [2D85] as watcher for u_3 [6nQY]
	Asking u_3 [6nQY]'s watchers to watch [IjVS]
	Added [jm4C] as watcher for u_0 [5m4S]
	Asking u_0 [5m4S]'s watchers to watch [IjVS]
	Added [bivQ] as watcher for u_2 [v0Sm]
	Asking u_2 [v0Sm]'s watchers to watch [IjVS]
	Added [bivQ] as watcher for u_5 [CmlZ]
	Asking u_5 [CmlZ]'s watchers to watch [IjVS]
	Added [jm4C] as watcher for u_1 [g_CX]
	Asking u_1 [g_CX]'s watchers to watch [IjVS]
	Added [jm4C] as watcher for u_7 [ogGG]
	Asking u_7 [ogGG]'s watchers to watch [IjVS]
	Added [x5MO] as watcher for u_9 [mYCm]
	Asking u_9 [mYCm]'s watchers to watch [IjVS]
	✅ u_4 [sC2e] Inception Done
	✅ u_8 [y513] Inception Done
	✅ u_6 [lv0d] Inception Done
	✅ u_3 [6nQY] Inception Done
	✅ u_5 [CmlZ] Inception Done
	✅ u_2 [v0Sm] Inception Done
	✅ u_1 [g_CX] Inception Done
	✅ u_9 [mYCm] Inception Done
	✅ u_7 [ogGG] Inception Done
	✅ u_0 [5m4S] Inception Done
Test 2 (signature verification)
	✅ u_0 [5m4S] Message verified
	✅ u_4 [sC2e] Message verified
	✅ u_2 [v0Sm] Message verified
	✅ u_5 [CmlZ] Message verified
	✅ u_3 [6nQY] Message verified
	✅ u_6 [lv0d] Message verified
	✅ u_8 [y513] Message verified
	✅ u_1 [g_CX] Message verified
	✅ u_7 [ogGG] Message verified
	✅ u_9 [mYCm] Message verified
Waiting for an incoming message - Test 3 (signature verification after rotation of issuer)
	✅ u_4 [sC2e] Message Verified (2)
	✅ u_5 [CmlZ] Message Verified (2)
	✅ u_6 [lv0d] Message Verified (2)
	✅ u_9 [mYCm] Message Verified (2)
	✅ u_2 [v0Sm] Message Verified (2)
	✅ u_0 [5m4S] Message Verified (2)
	✅ u_3 [6nQY] Message Verified (2)
	✅ u_8 [y513] Message Verified (2)
	✅ u_1 [g_CX] Message Verified (2)
	✅ u_7 [ogGG] Message Verified (2)
Waiting for an incoming message - Test 4 (valid acdc credential)
skipped--
Waiting for an incoming message - Test 5 (acdc revocation)
skipped--
Waiting for an incoming message - Test 6
u_0 [5m4S] Starts Rotation
u_7 [ogGG] Starts Rotation
u_2 [v0Sm] Starts Rotation
u_1 [g_CX] Starts Rotation
u_4 [sC2e] Starts Rotation
u_8 [y513] Starts Rotation
u_3 [6nQY] Starts Rotation
u_9 [mYCm] Starts Rotation
u_5 [CmlZ] Starts Rotation
u_6 [lv0d] Starts Rotation
u_8 [y513] Ends Rotation
u_8 [y513] - Completed Key Rotation
u_9 [mYCm] Ends Rotation
u_9 [mYCm] - Completed Key Rotation
u_2 [v0Sm] Ends Rotation
u_2 [v0Sm] - Completed Key Rotation
u_3 [6nQY] Ends Rotation
u_3 [6nQY] - Completed Key Rotation
u_5 [CmlZ] Ends Rotation
u_5 [CmlZ] - Completed Key Rotation
u_4 [sC2e] Ends Rotation
u_4 [sC2e] - Completed Key Rotation
u_6 [lv0d] Ends Rotation
u_6 [lv0d] - Completed Key Rotation
u_0 [5m4S] Ends Rotation
u_0 [5m4S] - Completed Key Rotation
u_1 [g_CX] Ends Rotation
u_1 [g_CX] - Completed Key Rotation
u_7 [ogGG] Ends Rotation
u_7 [ogGG] - Completed Key Rotation
Executed 10 users / 10 success / 0 fail
Test 1: 5752ms (575 p.u.)
Test 2: 1ms (0 p.u.)
Test 3: 671ms (67 p.u.)
Test 4: 14476ms (1447 p.u.)
