Waiting for an incoming message - Test 1 (inception)
Error while deserializing http message: Error("EOF while parsing a value", line: 1, column: 0)
	Preparing Data...
	Data is ready, starting users and test1
Incepted: u_9 [-Aud]
Incepted: u_7 [wdvm]
Incepted: u_5 [INar]
	Added [bivQ] as watcher for u_9 [-Aud]
Incepted: u_3 [eMAa]
Incepted: u_0 [BDqz]
Incepted: u_8 [y-VJ]
	Added [2D85] as watcher for u_7 [wdvm]
Incepted: u_6 [GoKC]
	Added [jm4C] as watcher for u_9 [-Aud]
	Added [jm4C] as watcher for u_0 [BDqz]
	Added [bivQ] as watcher for u_5 [INar]
	Added [x5MO] as watcher for u_3 [eMAa]
Incepted: u_4 [vh9X]
Incepted: u_2 [fX2M]
Incepted: u_1 [raEq]
	Added [jm4C] as watcher for u_7 [wdvm]
	Added [bivQ] as watcher for u_8 [y-VJ]
	Added [x5MO] as watcher for u_0 [BDqz]
	Added [2D85] as watcher for u_9 [-Aud]
	Asking u_9 [-Aud]'s watchers to watch [IjVS]
	Added [bivQ] as watcher for u_6 [GoKC]
	Added [x5MO] as watcher for u_5 [INar]
	Added [jm4C] as watcher for u_2 [fX2M]
	Added [2D85] as watcher for u_4 [vh9X]
	Added [jm4C] as watcher for u_3 [eMAa]
	Added [2D85] as watcher for u_1 [raEq]
	Added [x5MO] as watcher for u_7 [wdvm]
	Asking u_7 [wdvm]'s watchers to watch [IjVS]
	Added [jm4C] as watcher for u_8 [y-VJ]
	Added [jm4C] as watcher for u_5 [INar]
	Asking u_5 [INar]'s watchers to watch [IjVS]
	✅ u_9 [-Aud] Inception Done
	Added [2D85] as watcher for u_6 [GoKC]
	Added [bivQ] as watcher for u_1 [raEq]
	Added [2D85] as watcher for u_0 [BDqz]
	Asking u_0 [BDqz]'s watchers to watch [IjVS]
	Added [2D85] as watcher for u_2 [fX2M]
	Added [x5MO] as watcher for u_4 [vh9X]
	Added [2D85] as watcher for u_3 [eMAa]
	Asking u_3 [eMAa]'s watchers to watch [IjVS]
	✅ u_7 [wdvm] Inception Done
	Added [jm4C] as watcher for u_6 [GoKC]
	Asking u_6 [GoKC]'s watchers to watch [IjVS]
	✅ u_5 [INar] Inception Done
	Added [x5MO] as watcher for u_8 [y-VJ]
	Asking u_8 [y-VJ]'s watchers to watch [IjVS]
	Added [x5MO] as watcher for u_2 [fX2M]
	Asking u_2 [fX2M]'s watchers to watch [IjVS]
	Added [jm4C] as watcher for u_4 [vh9X]
	Asking u_4 [vh9X]'s watchers to watch [IjVS]
	✅ u_0 [BDqz] Inception Done
	✅ u_3 [eMAa] Inception Done
	Added [x5MO] as watcher for u_1 [raEq]
	Asking u_1 [raEq]'s watchers to watch [IjVS]
	✅ u_6 [GoKC] Inception Done
	✅ u_4 [vh9X] Inception Done
	✅ u_8 [y-VJ] Inception Done
	✅ u_2 [fX2M] Inception Done
	✅ u_1 [raEq] Inception Done
Test 2 (signature verification)
	✅ u_5 [INar] Message verified
	✅ u_1 [raEq] Message verified
	✅ u_4 [vh9X] Message verified
	✅ u_9 [-Aud] Message verified
	✅ u_2 [fX2M] Message verified
	✅ u_7 [wdvm] Message verified
	✅ u_0 [BDqz] Message verified
	✅ u_3 [eMAa] Message verified
	✅ u_8 [y-VJ] Message verified
	✅ u_6 [GoKC] Message verified
Waiting for an incoming message - Test 3 (signature verification after rotation of issuer)
	✅ u_3 [eMAa] Message Verified (2)
	✅ u_7 [wdvm] Message Verified (2)
	✅ u_2 [fX2M] Message Verified (2)
	✅ u_9 [-Aud] Message Verified (2)
	✅ u_0 [BDqz] Message Verified (2)
	✅ u_1 [raEq] Message Verified (2)
	✅ u_5 [INar] Message Verified (2)
	✅ u_8 [y-VJ] Message Verified (2)
	✅ u_4 [vh9X] Message Verified (2)
	✅ u_6 [GoKC] Message Verified (2)
Waiting for an incoming message - Test 4 (valid acdc credential)
skipped--
Waiting for an incoming message - Test 5 (acdc revocation)
skipped--
Waiting for an incoming message - Test 6
u_9 [-Aud] Starts Rotation
u_0 [BDqz] Starts Rotation
u_2 [fX2M] Starts Rotation
u_6 [GoKC] Starts Rotation
u_8 [y-VJ] Starts Rotation
u_5 [INar] Starts Rotation
u_3 [eMAa] Starts Rotation
u_4 [vh9X] Starts Rotation
u_1 [raEq] Starts Rotation
u_7 [wdvm] Starts Rotation
u_6 [GoKC] Ends Rotation
u_6 [GoKC] - Completed Key Rotation
u_3 [eMAa] Ends Rotation
u_3 [eMAa] - Completed Key Rotation
u_7 [wdvm] Ends Rotation
u_7 [wdvm] - Completed Key Rotation
u_0 [BDqz] Ends Rotation
u_0 [BDqz] - Completed Key Rotation
u_9 [-Aud] Ends Rotation
u_9 [-Aud] - Completed Key Rotation
u_5 [INar] Ends Rotation
u_5 [INar] - Completed Key Rotation
u_1 [raEq] Ends Rotation
u_1 [raEq] - Completed Key Rotation
u_2 [fX2M] Ends Rotation
u_2 [fX2M] - Completed Key Rotation
u_4 [vh9X] Ends Rotation
u_4 [vh9X] - Completed Key Rotation
u_8 [y-VJ] Ends Rotation
u_8 [y-VJ] - Completed Key Rotation
Executed 10 users / 10 success / 0 fail
Test 1: 73612ms (7361 p.u.)
Test 2: 1ms (0 p.u.)
Test 3: 730ms (73 p.u.)
Test 4: 71522ms (7152 p.u.)
