Waiting for an incoming message - Test 1 (inception)
Error while deserializing http message: Error("EOF while parsing a value", line: 1, column: 0)
	Preparing Data...
	Data is ready, starting users and test1
Incepted: u_0 [DTTZ]
Incepted: u_3 [3mCx]
Incepted: u_8 [_aSq]
Incepted: u_1 [9o6l]
Incepted: u_7 [4Vr2]
Incepted: u_4 [Ls-I]
	Added [bivQ] as watcher for u_0 [DTTZ]
Incepted: u_6 [E87c]
	Added [bivQ] as watcher for u_1 [9o6l]
Incepted: u_9 [6P6a]
	Added [bivQ] as watcher for u_8 [_aSq]
	Added [bivQ] as watcher for u_4 [Ls-I]
Incepted: u_5 [3ucM]
Incepted: u_2 [byKl]
	Added [jm4C] as watcher for u_3 [3mCx]
	Added [bivQ] as watcher for u_9 [6P6a]
	Added [2D85] as watcher for u_7 [4Vr2]
	Added [x5MO] as watcher for u_0 [DTTZ]
	Added [jm4C] as watcher for u_6 [E87c]
	Added [bivQ] as watcher for u_7 [4Vr2]
	Added [2D85] as watcher for u_4 [Ls-I]
	Added [2D85] as watcher for u_1 [9o6l]
	Added [x5MO] as watcher for u_3 [3mCx]
	Added [jm4C] as watcher for u_2 [byKl]
	Added [jm4C] as watcher for u_8 [_aSq]
	Added [jm4C] as watcher for u_5 [3ucM]
	Added [2D85] as watcher for u_9 [6P6a]
	Added [2D85] as watcher for u_0 [DTTZ]
	Asking u_0 [DTTZ]'s watchers to watch [IjVS]
	Added [2D85] as watcher for u_6 [E87c]
	Added [bivQ] as watcher for u_5 [3ucM]
	Added [x5MO] as watcher for u_7 [4Vr2]
	Asking u_7 [4Vr2]'s watchers to watch [IjVS]
	Added [2D85] as watcher for u_2 [byKl]
	Added [2D85] as watcher for u_3 [3mCx]
	Asking u_3 [3mCx]'s watchers to watch [IjVS]
	Added [bivQ] as watcher for u_6 [E87c]
	Asking u_6 [E87c]'s watchers to watch [IjVS]
	Added [x5MO] as watcher for u_4 [Ls-I]
	Asking u_4 [Ls-I]'s watchers to watch [IjVS]
	Added [x5MO] as watcher for u_1 [9o6l]
	Asking u_1 [9o6l]'s watchers to watch [IjVS]
	Added [2D85] as watcher for u_8 [_aSq]
	Asking u_8 [_aSq]'s watchers to watch [IjVS]
	Added [jm4C] as watcher for u_9 [6P6a]
	Asking u_9 [6P6a]'s watchers to watch [IjVS]
	Added [bivQ] as watcher for u_2 [byKl]
	Asking u_2 [byKl]'s watchers to watch [IjVS]
	Added [x5MO] as watcher for u_5 [3ucM]
	Asking u_5 [3ucM]'s watchers to watch [IjVS]
	✅ u_0 [DTTZ] Inception Done
	✅ u_7 [4Vr2] Inception Done
	✅ u_6 [E87c] Inception Done
	✅ u_3 [3mCx] Inception Done
	✅ u_4 [Ls-I] Inception Done
	✅ u_1 [9o6l] Inception Done
	✅ u_8 [_aSq] Inception Done
	✅ u_2 [byKl] Inception Done
	✅ u_9 [6P6a] Inception Done
	✅ u_5 [3ucM] Inception Done
Test 2 (signature verification)
	✅ u_5 [3ucM] Message verified
	✅ u_7 [4Vr2] Message verified
	✅ u_9 [6P6a] Message verified
	✅ u_0 [DTTZ] Message verified
	✅ u_3 [3mCx] Message verified
	✅ u_2 [byKl] Message verified
	✅ u_8 [_aSq] Message verified
	✅ u_1 [9o6l] Message verified
	✅ u_6 [E87c] Message verified
	✅ u_4 [Ls-I] Message verified
Waiting for an incoming message - Test 3 (signature verification after rotation of issuer)
	✅ u_0 [DTTZ] Message Verified (2)
	✅ u_4 [Ls-I] Message Verified (2)
	✅ u_1 [9o6l] Message Verified (2)
	✅ u_7 [4Vr2] Message Verified (2)
	✅ u_9 [6P6a] Message Verified (2)
	✅ u_2 [byKl] Message Verified (2)
	✅ u_6 [E87c] Message Verified (2)
	✅ u_5 [3ucM] Message Verified (2)
	✅ u_8 [_aSq] Message Verified (2)
	✅ u_3 [3mCx] Message Verified (2)
Waiting for an incoming message - Test 4 (valid acdc credential)
skipped--
Waiting for an incoming message - Test 5 (acdc revocation)
skipped--
Waiting for an incoming message - Test 6
u_3 [3mCx] Starts Rotation
u_1 [9o6l] Starts Rotation
u_6 [E87c] Starts Rotation
u_9 [6P6a] Starts Rotation
u_8 [_aSq] Starts Rotation
u_5 [3ucM] Starts Rotation
u_0 [DTTZ] Starts Rotation
u_7 [4Vr2] Starts Rotation
u_4 [Ls-I] Starts Rotation
u_2 [byKl] Starts Rotation
u_3 [3mCx] Ends Rotation
u_3 [3mCx] - Completed Key Rotation
u_6 [E87c] Ends Rotation
u_6 [E87c] - Completed Key Rotation
u_8 [_aSq] Ends Rotation
u_8 [_aSq] - Completed Key Rotation
u_4 [Ls-I] Ends Rotation
u_4 [Ls-I] - Completed Key Rotation
u_5 [3ucM] Ends Rotation
u_5 [3ucM] - Completed Key Rotation
u_0 [DTTZ] Ends Rotation
u_0 [DTTZ] - Completed Key Rotation
u_9 [6P6a] Ends Rotation
u_9 [6P6a] - Completed Key Rotation
u_7 [4Vr2] Ends Rotation
u_7 [4Vr2] - Completed Key Rotation
u_1 [9o6l] Ends Rotation
u_1 [9o6l] - Completed Key Rotation
u_2 [byKl] Ends Rotation
u_2 [byKl] - Completed Key Rotation
Executed 10 users / 10 success / 0 fail
Test 1: 4498ms (449 p.u.)
Test 2: 1ms (0 p.u.)
Test 3: 587ms (58 p.u.)
Test 4: 2390ms (239 p.u.)
