Waiting for an incoming message - Test 1 (inception)
Error while deserializing http message: Error("EOF while parsing a value", line: 1, column: 0)
	Preparing Data...
	Data is ready, starting users and test1
Incepted: u_7 [Uu7t]
	Added [bivQ] as watcher for u_7 [Uu7t]
	Added [x5MO] as watcher for u_7 [Uu7t]
Incepted: u_3 [s0zY]
	Added [x5MO] as watcher for u_3 [s0zY]
	Added [jm4C] as watcher for u_7 [Uu7t]
	Asking u_7 [Uu7t]'s watchers to watch [IjVS]
Incepted: u_2 [k-ct]
	Added [bivQ] as watcher for u_3 [s0zY]
	Added [jm4C] as watcher for u_3 [s0zY]
	Asking u_3 [s0zY]'s watchers to watch [IjVS]
	Added [bivQ] as watcher for u_2 [k-ct]
	Added [x5MO] as watcher for u_2 [k-ct]
Incepted: u_1 [jcvS]
Incepted: u_4 [zlrY]
	Added [jm4C] as watcher for u_2 [k-ct]
	Asking u_2 [k-ct]'s watchers to watch [IjVS]
	✅ u_7 [Uu7t] Inception Done
Incepted: u_8 [6IAn]
	✅ u_3 [s0zY] Inception Done
	Added [jm4C] as watcher for u_4 [zlrY]
Incepted: u_5 [A9dl]
Incepted: u_9 [YLgU]
	Added [x5MO] as watcher for u_1 [jcvS]
	✅ u_2 [k-ct] Inception Done
	Added [bivQ] as watcher for u_8 [6IAn]
Incepted: u_0 [TJm8]
Incepted: u_6 [TLLS]
	Added [x5MO] as watcher for u_4 [zlrY]
	Added [jm4C] as watcher for u_5 [A9dl]
	Added [x5MO] as watcher for u_9 [YLgU]
	Added [jm4C] as watcher for u_1 [jcvS]
	Added [jm4C] as watcher for u_8 [6IAn]
	Added [2D85] as watcher for u_0 [TJm8]
	Added [x5MO] as watcher for u_6 [TLLS]
	Added [2D85] as watcher for u_4 [zlrY]
	Asking u_4 [zlrY]'s watchers to watch [IjVS]
	Added [x5MO] as watcher for u_5 [A9dl]
	Added [2D85] as watcher for u_9 [YLgU]
	Added [2D85] as watcher for u_8 [6IAn]
	Asking u_8 [6IAn]'s watchers to watch [IjVS]
	✅ u_4 [zlrY] Inception Done
	Added [2D85] as watcher for u_1 [jcvS]
	Asking u_1 [jcvS]'s watchers to watch [IjVS]
	Added [x5MO] as watcher for u_0 [TJm8]
	Added [2D85] as watcher for u_6 [TLLS]
	Added [bivQ] as watcher for u_5 [A9dl]
	Asking u_5 [A9dl]'s watchers to watch [IjVS]
	Added [jm4C] as watcher for u_9 [YLgU]
	Asking u_9 [YLgU]'s watchers to watch [IjVS]
	✅ u_8 [6IAn] Inception Done
	✅ u_5 [A9dl] Inception Done
	Added [bivQ] as watcher for u_6 [TLLS]
	Asking u_6 [TLLS]'s watchers to watch [IjVS]
	✅ u_1 [jcvS] Inception Done
	Added [jm4C] as watcher for u_0 [TJm8]
	Asking u_0 [TJm8]'s watchers to watch [IjVS]
	✅ u_6 [TLLS] Inception Done
	✅ u_0 [TJm8] Inception Done
	✅ u_9 [YLgU] Inception Done
Test 2 (signature verification)
	✅ u_9 [YLgU] Message verified
	✅ u_6 [TLLS] Message verified
	✅ u_1 [jcvS] Message verified
	✅ u_7 [Uu7t] Message verified
	✅ u_4 [zlrY] Message verified
	✅ u_2 [k-ct] Message verified
	✅ u_8 [6IAn] Message verified
	✅ u_5 [A9dl] Message verified
	✅ u_0 [TJm8] Message verified
	✅ u_3 [s0zY] Message verified
Waiting for an incoming message - Test 3 (signature verification after rotation of issuer)
	✅ u_4 [zlrY] Message Verified (2)
	✅ u_2 [k-ct] Message Verified (2)
	✅ u_1 [jcvS] Message Verified (2)
	✅ u_5 [A9dl] Message Verified (2)
	✅ u_0 [TJm8] Message Verified (2)
	✅ u_6 [TLLS] Message Verified (2)
	✅ u_8 [6IAn] Message Verified (2)
	✅ u_7 [Uu7t] Message Verified (2)
	✅ u_9 [YLgU] Message Verified (2)
	✅ u_3 [s0zY] Message Verified (2)
Waiting for an incoming message - Test 4 (valid acdc credential)
skipped--
Waiting for an incoming message - Test 5 (acdc revocation)
skipped--
Waiting for an incoming message - Test 6
u_6 [TLLS] Starts Rotation
u_3 [s0zY] Starts Rotation
u_7 [Uu7t] Starts Rotation
u_8 [6IAn] Starts Rotation
u_2 [k-ct] Starts Rotation
u_1 [jcvS] Starts Rotation
u_4 [zlrY] Starts Rotation
u_5 [A9dl] Starts Rotation
u_9 [YLgU] Starts Rotation
u_0 [TJm8] Starts Rotation
u_2 [k-ct] Ends Rotation
u_2 [k-ct] - Completed Key Rotation
u_7 [Uu7t] Ends Rotation
u_7 [Uu7t] - Completed Key Rotation
u_9 [YLgU] Ends Rotation
u_9 [YLgU] - Completed Key Rotation
u_3 [s0zY] Ends Rotation
u_3 [s0zY] - Completed Key Rotation
u_1 [jcvS] Ends Rotation
u_1 [jcvS] - Completed Key Rotation
u_0 [TJm8] Ends Rotation
u_0 [TJm8] - Completed Key Rotation
u_5 [A9dl] Ends Rotation
u_5 [A9dl] - Completed Key Rotation
u_4 [zlrY] Ends Rotation
u_4 [zlrY] - Completed Key Rotation
u_8 [6IAn] Ends Rotation
u_8 [6IAn] - Completed Key Rotation
u_6 [TLLS] Ends Rotation
u_6 [TLLS] - Completed Key Rotation
Executed 10 users / 10 success / 0 fail
Test 1: 65223ms (6522 p.u.)
Test 2: 1ms (0 p.u.)
Test 3: 597ms (59 p.u.)
Test 4: 61354ms (6135 p.u.)
