Waiting for an incoming message - Test 1 (inception)
Error while deserializing http message: Error("EOF while parsing a value", line: 1, column: 0)
	Preparing Data...
	Data is ready, starting users and test1
Incepted: u_4 [388Q]
Incepted: u_2 [K9XJ]
Incepted: u_3 [MEGN]
Incepted: u_6 [2PQF]
	Added [2D85] as watcher for u_2 [K9XJ]
Incepted: u_5 [BBtt]
Incepted: u_7 [GjhU]
Incepted: u_1 [GqK0]
	Added [jm4C] as watcher for u_3 [MEGN]
	Added [bivQ] as watcher for u_4 [388Q]
Incepted: u_9 [wsx0]
	Added [bivQ] as watcher for u_6 [2PQF]
	Added [2D85] as watcher for u_3 [MEGN]
	Added [2D85] as watcher for u_7 [GjhU]
	Added [jm4C] as watcher for u_2 [K9XJ]
	Added [2D85] as watcher for u_1 [GqK0]
	Added [x5MO] as watcher for u_4 [388Q]
	Added [bivQ] as watcher for u_5 [BBtt]
Incepted: u_8 [0m5W]
Incepted: u_0 [QA9a]
	Added [x5MO] as watcher for u_6 [2PQF]
	Added [jm4C] as watcher for u_9 [wsx0]
	Added [x5MO] as watcher for u_7 [GjhU]
	Added [bivQ] as watcher for u_2 [K9XJ]
	Asking u_2 [K9XJ]'s watchers to watch [IjVS]
	Added [jm4C] as watcher for u_1 [GqK0]
	Added [2D85] as watcher for u_4 [388Q]
	Asking u_4 [388Q]'s watchers to watch [IjVS]
	Added [bivQ] as watcher for u_3 [MEGN]
	Asking u_3 [MEGN]'s watchers to watch [IjVS]
	Added [x5MO] as watcher for u_5 [BBtt]
	Added [x5MO] as watcher for u_0 [QA9a]
	Added [jm4C] as watcher for u_8 [0m5W]
	Added [2D85] as watcher for u_6 [2PQF]
	Asking u_6 [2PQF]'s watchers to watch [IjVS]
	Added [2D85] as watcher for u_9 [wsx0]
	Added [jm4C] as watcher for u_7 [GjhU]
	Asking u_7 [GjhU]'s watchers to watch [IjVS]
	Added [bivQ] as watcher for u_1 [GqK0]
	Asking u_1 [GqK0]'s watchers to watch [IjVS]
	Added [jm4C] as watcher for u_5 [BBtt]
	Asking u_5 [BBtt]'s watchers to watch [IjVS]
	Added [bivQ] as watcher for u_9 [wsx0]
	Asking u_9 [wsx0]'s watchers to watch [IjVS]
	Added [bivQ] as watcher for u_0 [QA9a]
	Added [bivQ] as watcher for u_8 [0m5W]
	Added [2D85] as watcher for u_8 [0m5W]
	Asking u_8 [0m5W]'s watchers to watch [IjVS]
	✅ u_2 [K9XJ] Inception Done
	✅ u_4 [388Q] Inception Done
	Added [jm4C] as watcher for u_0 [QA9a]
	Asking u_0 [QA9a]'s watchers to watch [IjVS]
	✅ u_6 [2PQF] Inception Done
	✅ u_3 [MEGN] Inception Done
	✅ u_9 [wsx0] Inception Done
	✅ u_7 [GjhU] Inception Done
	✅ u_1 [GqK0] Inception Done
	✅ u_5 [BBtt] Inception Done
	✅ u_0 [QA9a] Inception Done
	✅ u_8 [0m5W] Inception Done
Test 2 (signature verification)
	✅ u_8 [0m5W] Message verified
	✅ u_9 [wsx0] Message verified
	✅ u_0 [QA9a] Message verified
	✅ u_2 [K9XJ] Message verified
	✅ u_5 [BBtt] Message verified
	✅ u_6 [2PQF] Message verified
	✅ u_4 [388Q] Message verified
	✅ u_3 [MEGN] Message verified
	✅ u_7 [GjhU] Message verified
	✅ u_1 [GqK0] Message verified
Waiting for an incoming message - Test 3 (signature verification after rotation of issuer)
	✅ u_3 [MEGN] Message Verified (2)
	✅ u_7 [GjhU] Message Verified (2)
	✅ u_6 [2PQF] Message Verified (2)
	✅ u_5 [BBtt] Message Verified (2)
	✅ u_0 [QA9a] Message Verified (2)
	✅ u_1 [GqK0] Message Verified (2)
	✅ u_8 [0m5W] Message Verified (2)
	✅ u_9 [wsx0] Message Verified (2)
	✅ u_4 [388Q] Message Verified (2)
	✅ u_2 [K9XJ] Message Verified (2)
Waiting for an incoming message - Test 4 (valid acdc credential)
skipped--
Waiting for an incoming message - Test 5 (acdc revocation)
skipped--
Waiting for an incoming message - Test 6
u_7 [GjhU] Starts Rotation
u_2 [K9XJ] Starts Rotation
u_8 [0m5W] Starts Rotation
u_0 [QA9a] Starts Rotation
u_3 [MEGN] Starts Rotation
u_5 [BBtt] Starts Rotation
u_4 [388Q] Starts Rotation
u_6 [2PQF] Starts Rotation
u_9 [wsx0] Starts Rotation
u_1 [GqK0] Starts Rotation
u_8 [0m5W] Ends Rotation
u_8 [0m5W] - Completed Key Rotation
u_3 [MEGN] Ends Rotation
u_3 [MEGN] - Completed Key Rotation
u_5 [BBtt] Ends Rotation
u_5 [BBtt] - Completed Key Rotation
u_2 [K9XJ] Ends Rotation
u_2 [K9XJ] - Completed Key Rotation
u_4 [388Q] Ends Rotation
u_4 [388Q] - Completed Key Rotation
u_9 [wsx0] Ends Rotation
u_9 [wsx0] - Completed Key Rotation
u_1 [GqK0] Ends Rotation
u_1 [GqK0] - Completed Key Rotation
u_0 [QA9a] Ends Rotation
u_0 [QA9a] - Completed Key Rotation
u_6 [2PQF] Ends Rotation
u_6 [2PQF] - Completed Key Rotation
u_7 [GjhU] Ends Rotation
u_7 [GjhU] - Completed Key Rotation
Executed 10 users / 10 success / 0 fail
Test 1: 9826ms (982 p.u.)
Test 2: 1ms (0 p.u.)
Test 3: 913ms (91 p.u.)
Test 4: 81770ms (8177 p.u.)
