Waiting for an incoming message - Test 1 (inception)
Error while deserializing http message: Error("EOF while parsing a value", line: 1, column: 0)
	Preparing Data...
	Data is ready, starting users and test1
Incepted: u_5 [JTt7]
	Added [jm4C] as watcher for u_5 [JTt7]
Incepted: u_3 [-YQQ]
	Added [2D85] as watcher for u_5 [JTt7]
Incepted: u_9 [9aci]
Incepted: u_8 [FnUy]
	Added [bivQ] as watcher for u_3 [-YQQ]
	Added [bivQ] as watcher for u_5 [JTt7]
	Asking u_5 [JTt7]'s watchers to watch [IjVS]
Incepted: u_1 [l_5Y]
Incepted: u_7 [AmK6]
	Added [x5MO] as watcher for u_9 [9aci]
Incepted: u_0 [FktK]
	Added [2D85] as watcher for u_8 [FnUy]
	Added [bivQ] as watcher for u_7 [AmK6]
	Added [jm4C] as watcher for u_3 [-YQQ]
Incepted: u_4 [nw3W]
Incepted: u_6 [uqnv]
	Added [2D85] as watcher for u_1 [l_5Y]
	✅ u_5 [JTt7] Inception Done
	Added [bivQ] as watcher for u_9 [9aci]
Incepted: u_2 [H3Pj]
	Added [2D85] as watcher for u_0 [FktK]
	Added [jm4C] as watcher for u_8 [FnUy]
	Added [x5MO] as watcher for u_3 [-YQQ]
	Asking u_3 [-YQQ]'s watchers to watch [IjVS]
	Added [x5MO] as watcher for u_7 [AmK6]
	Added [2D85] as watcher for u_4 [nw3W]
	Added [jm4C] as watcher for u_6 [uqnv]
	Added [bivQ] as watcher for u_1 [l_5Y]
	Added [jm4C] as watcher for u_9 [9aci]
	Asking u_9 [9aci]'s watchers to watch [IjVS]
	✅ u_3 [-YQQ] Inception Done
	Added [x5MO] as watcher for u_8 [FnUy]
	Asking u_8 [FnUy]'s watchers to watch [IjVS]
	Added [x5MO] as watcher for u_2 [H3Pj]
	Added [bivQ] as watcher for u_0 [FktK]
	Added [jm4C] as watcher for u_4 [nw3W]
	Added [jm4C] as watcher for u_7 [AmK6]
	Asking u_7 [AmK6]'s watchers to watch [IjVS]
	Added [jm4C] as watcher for u_1 [l_5Y]
	Asking u_1 [l_5Y]'s watchers to watch [IjVS]
	✅ u_9 [9aci] Inception Done
	Added [x5MO] as watcher for u_6 [uqnv]
	✅ u_7 [AmK6] Inception Done
	✅ u_8 [FnUy] Inception Done
	Added [x5MO] as watcher for u_0 [FktK]
	Asking u_0 [FktK]'s watchers to watch [IjVS]
	Added [bivQ] as watcher for u_4 [nw3W]
	Asking u_4 [nw3W]'s watchers to watch [IjVS]
	Added [bivQ] as watcher for u_2 [H3Pj]
	✅ u_1 [l_5Y] Inception Done
	✅ u_4 [nw3W] Inception Done
	✅ u_0 [FktK] Inception Done
	Added [2D85] as watcher for u_6 [uqnv]
	Asking u_6 [uqnv]'s watchers to watch [IjVS]
	Added [2D85] as watcher for u_2 [H3Pj]
	Asking u_2 [H3Pj]'s watchers to watch [IjVS]
	✅ u_6 [uqnv] Inception Done
	✅ u_2 [H3Pj] Inception Done
Test 2 (signature verification)
	✅ u_2 [H3Pj] Message verified
	✅ u_9 [9aci] Message verified
	✅ u_7 [AmK6] Message verified
	✅ u_3 [-YQQ] Message verified
	✅ u_6 [uqnv] Message verified
	✅ u_1 [l_5Y] Message verified
	✅ u_5 [JTt7] Message verified
	✅ u_4 [nw3W] Message verified
	✅ u_0 [FktK] Message verified
	✅ u_8 [FnUy] Message verified
Waiting for an incoming message - Test 3 (signature verification after rotation of issuer)
	✅ u_8 [FnUy] Message Verified (2)
	✅ u_6 [uqnv] Message Verified (2)
	✅ u_3 [-YQQ] Message Verified (2)
	✅ u_9 [9aci] Message Verified (2)
	✅ u_5 [JTt7] Message Verified (2)
	✅ u_1 [l_5Y] Message Verified (2)
	✅ u_7 [AmK6] Message Verified (2)
	✅ u_2 [H3Pj] Message Verified (2)
	✅ u_0 [FktK] Message Verified (2)
	✅ u_4 [nw3W] Message Verified (2)
Waiting for an incoming message - Test 4 (valid acdc credential)
skipped--
Waiting for an incoming message - Test 5 (acdc revocation)
skipped--
Waiting for an incoming message - Test 6
u_4 [nw3W] Starts Rotation
u_3 [-YQQ] Starts Rotation
u_5 [JTt7] Starts Rotation
u_0 [FktK] Starts Rotation
u_9 [9aci] Starts Rotation
u_6 [uqnv] Starts Rotation
u_1 [l_5Y] Starts Rotation
u_8 [FnUy] Starts Rotation
u_7 [AmK6] Starts Rotation
u_2 [H3Pj] Starts Rotation
u_9 [9aci] Ends Rotation
u_9 [9aci] - Completed Key Rotation
u_5 [JTt7] Ends Rotation
u_5 [JTt7] - Completed Key Rotation
u_1 [l_5Y] Ends Rotation
u_1 [l_5Y] - Completed Key Rotation
u_3 [-YQQ] Ends Rotation
u_3 [-YQQ] - Completed Key Rotation
u_0 [FktK] Ends Rotation
u_0 [FktK] - Completed Key Rotation
u_6 [uqnv] Ends Rotation
u_6 [uqnv] - Completed Key Rotation
u_8 [FnUy] Ends Rotation
u_8 [FnUy] - Completed Key Rotation
u_7 [AmK6] Ends Rotation
u_7 [AmK6] - Completed Key Rotation
u_4 [nw3W] Ends Rotation
u_4 [nw3W] - Completed Key Rotation
u_2 [H3Pj] Ends Rotation
u_2 [H3Pj] - Completed Key Rotation
Executed 10 users / 10 success / 0 fail
Test 1: 69323ms (6932 p.u.)
Test 2: 1ms (0 p.u.)
Test 3: 818ms (81 p.u.)
Test 4: 64108ms (6410 p.u.)
