Waiting for an incoming message - Test 1 (inception)
Error while deserializing http message: Error("EOF while parsing a value", line: 1, column: 0)
	Preparing Data...
	Data is ready, starting users and test1
Incepted: u_2 [Rt_Q]
Incepted: u_7 [U6P8]
	Added [2D85] as watcher for u_2 [Rt_Q]
	Added [jm4C] as watcher for u_2 [Rt_Q]
	Added [jm4C] as watcher for u_7 [U6P8]
	Added [x5MO] as watcher for u_7 [U6P8]
Incepted: u_4 [-MBa]
	Added [x5MO] as watcher for u_2 [Rt_Q]
	Asking u_2 [Rt_Q]'s watchers to watch [IjVS]
Incepted: u_6 [EySD]
Incepted: u_3 [VGOu]
	Added [bivQ] as watcher for u_4 [-MBa]
Incepted: u_9 [wFmB]
	Added [bivQ] as watcher for u_7 [U6P8]
	Asking u_7 [U6P8]'s watchers to watch [IjVS]
	Added [2D85] as watcher for u_3 [VGOu]
	Added [jm4C] as watcher for u_6 [EySD]
	Added [jm4C] as watcher for u_4 [-MBa]
	Added [bivQ] as watcher for u_9 [wFmB]
Incepted: u_8 [lPPS]
	Added [bivQ] as watcher for u_3 [VGOu]
Incepted: u_0 [nlZa]
	✅ u_2 [Rt_Q] Inception Done
	Added [2D85] as watcher for u_4 [-MBa]
	Asking u_4 [-MBa]'s watchers to watch [IjVS]
	Added [x5MO] as watcher for u_6 [EySD]
	✅ u_7 [U6P8] Inception Done
	Added [2D85] as watcher for u_9 [wFmB]
	Added [x5MO] as watcher for u_8 [lPPS]
	Added [jm4C] as watcher for u_3 [VGOu]
	Asking u_3 [VGOu]'s watchers to watch [IjVS]
	✅ u_4 [-MBa] Inception Done
Incepted: u_5 [DIxS]
Incepted: u_1 [xGvH]
	Added [x5MO] as watcher for u_0 [nlZa]
	Added [bivQ] as watcher for u_6 [EySD]
	Asking u_6 [EySD]'s watchers to watch [IjVS]
	Added [x5MO] as watcher for u_9 [wFmB]
	Asking u_9 [wFmB]'s watchers to watch [IjVS]
	✅ u_3 [VGOu] Inception Done
	Added [bivQ] as watcher for u_8 [lPPS]
	Added [bivQ] as watcher for u_5 [DIxS]
	Added [bivQ] as watcher for u_1 [xGvH]
	✅ u_6 [EySD] Inception Done
	Added [2D85] as watcher for u_0 [nlZa]
	✅ u_9 [wFmB] Inception Done
	Added [jm4C] as watcher for u_1 [xGvH]
	Added [2D85] as watcher for u_8 [lPPS]
	Asking u_8 [lPPS]'s watchers to watch [IjVS]
	Added [x5MO] as watcher for u_5 [DIxS]
	Added [jm4C] as watcher for u_0 [nlZa]
	Asking u_0 [nlZa]'s watchers to watch [IjVS]
	✅ u_0 [nlZa] Inception Done
	✅ u_8 [lPPS] Inception Done
	Added [x5MO] as watcher for u_1 [xGvH]
	Asking u_1 [xGvH]'s watchers to watch [IjVS]
	✅ u_1 [xGvH] Inception Done
	Added [2D85] as watcher for u_5 [DIxS]
	Asking u_5 [DIxS]'s watchers to watch [IjVS]
	✅ u_5 [DIxS] Inception Done
Test 2 (signature verification)
	✅ u_4 [-MBa] Message verified
	✅ u_5 [DIxS] Message verified
	✅ u_8 [lPPS] Message verified
	✅ u_2 [Rt_Q] Message verified
	✅ u_3 [VGOu] Message verified
	✅ u_7 [U6P8] Message verified
	✅ u_0 [nlZa] Message verified
	✅ u_6 [EySD] Message verified
	✅ u_9 [wFmB] Message verified
	✅ u_1 [xGvH] Message verified
Waiting for an incoming message - Test 3 (signature verification after rotation of issuer)
	✅ u_9 [wFmB] Message Verified (2)
	✅ u_5 [DIxS] Message Verified (2)
	✅ u_2 [Rt_Q] Message Verified (2)
	✅ u_7 [U6P8] Message Verified (2)
	✅ u_3 [VGOu] Message Verified (2)
	✅ u_4 [-MBa] Message Verified (2)
	✅ u_8 [lPPS] Message Verified (2)
	✅ u_0 [nlZa] Message Verified (2)
	✅ u_1 [xGvH] Message Verified (2)
	✅ u_6 [EySD] Message Verified (2)
Waiting for an incoming message - Test 4 (valid acdc credential)
skipped--
Waiting for an incoming message - Test 5 (acdc revocation)
skipped--
Waiting for an incoming message - Test 6
u_6 [EySD] Starts Rotation
u_3 [VGOu] Starts Rotation
u_7 [U6P8] Starts Rotation
u_9 [wFmB] Starts Rotation
u_0 [nlZa] Starts Rotation
u_2 [Rt_Q] Starts Rotation
u_1 [xGvH] Starts Rotation
u_5 [DIxS] Starts Rotation
u_8 [lPPS] Starts Rotation
u_4 [-MBa] Starts Rotation
u_7 [U6P8] Ends Rotation
u_7 [U6P8] - Completed Key Rotation
u_8 [lPPS] Ends Rotation
u_8 [lPPS] - Completed Key Rotation
u_1 [xGvH] Ends Rotation
u_1 [xGvH] - Completed Key Rotation
u_2 [Rt_Q] Ends Rotation
u_2 [Rt_Q] - Completed Key Rotation
u_6 [EySD] Ends Rotation
u_6 [EySD] - Completed Key Rotation
u_4 [-MBa] Ends Rotation
u_4 [-MBa] - Completed Key Rotation
u_3 [VGOu] Ends Rotation
u_3 [VGOu] - Completed Key Rotation
u_0 [nlZa] Ends Rotation
u_0 [nlZa] - Completed Key Rotation
u_9 [wFmB] Ends Rotation
u_9 [wFmB] - Completed Key Rotation
u_5 [DIxS] Ends Rotation
u_5 [DIxS] - Completed Key Rotation
Executed 10 users / 10 success / 0 fail
Test 1: 76311ms (7631 p.u.)
Test 2: 1ms (0 p.u.)
Test 3: 820ms (82 p.u.)
Test 4: 70337ms (7033 p.u.)
