Waiting for an incoming message - Test 1 (inception)
Error while deserializing http message: Error("EOF while parsing a value", line: 1, column: 0)
	Preparing Data...
	Data is ready, starting users and test1
Incepted: u_0 [O25Q]
Incepted: u_8 [il_T]
Incepted: u_7 [7JgS]
	Added [bivQ] as watcher for u_0 [O25Q]
Incepted: u_3 [uDEE]
Incepted: u_4 [BfnN]
Incepted: u_2 [ftQo]
	Added [2D85] as watcher for u_8 [il_T]
	Added [bivQ] as watcher for u_3 [uDEE]
	Added [x5MO] as watcher for u_0 [O25Q]
Incepted: u_6 [8FbL]
	Added [x5MO] as watcher for u_7 [7JgS]
	Added [2D85] as watcher for u_4 [BfnN]
	Added [2D85] as watcher for u_2 [ftQo]
	Added [bivQ] as watcher for u_8 [il_T]
Incepted: u_5 [pFgD]
Incepted: u_9 [OEKe]
	Added [x5MO] as watcher for u_3 [uDEE]
	Added [2D85] as watcher for u_0 [O25Q]
	Asking u_0 [O25Q]'s watchers to watch [IjVS]
	Added [2D85] as watcher for u_7 [7JgS]
	Added [bivQ] as watcher for u_6 [8FbL]
Incepted: u_1 [34Fl]
	Added [x5MO] as watcher for u_4 [BfnN]
	Added [bivQ] as watcher for u_2 [ftQo]
	✅ u_0 [O25Q] Inception Done
	Added [x5MO] as watcher for u_8 [il_T]
	Asking u_8 [il_T]'s watchers to watch [IjVS]
	Added [jm4C] as watcher for u_3 [uDEE]
	Asking u_3 [uDEE]'s watchers to watch [IjVS]
	Added [x5MO] as watcher for u_5 [pFgD]
	Added [x5MO] as watcher for u_9 [OEKe]
	Added [bivQ] as watcher for u_7 [7JgS]
	Asking u_7 [7JgS]'s watchers to watch [IjVS]
	Added [x5MO] as watcher for u_6 [8FbL]
	Added [jm4C] as watcher for u_4 [BfnN]
	Asking u_4 [BfnN]'s watchers to watch [IjVS]
	Added [x5MO] as watcher for u_1 [34Fl]
	✅ u_8 [il_T] Inception Done
	✅ u_3 [uDEE] Inception Done
	✅ u_7 [7JgS] Inception Done
	Added [jm4C] as watcher for u_2 [ftQo]
	Asking u_2 [ftQo]'s watchers to watch [IjVS]
	Added [jm4C] as watcher for u_5 [pFgD]
	Added [jm4C] as watcher for u_9 [OEKe]
	Added [jm4C] as watcher for u_6 [8FbL]
	Asking u_6 [8FbL]'s watchers to watch [IjVS]
	✅ u_4 [BfnN] Inception Done
	✅ u_2 [ftQo] Inception Done
	Added [bivQ] as watcher for u_9 [OEKe]
	Asking u_9 [OEKe]'s watchers to watch [IjVS]
	Added [2D85] as watcher for u_1 [34Fl]
	✅ u_6 [8FbL] Inception Done
	✅ u_9 [OEKe] Inception Done
	Added [jm4C] as watcher for u_1 [34Fl]
	Asking u_1 [34Fl]'s watchers to watch [IjVS]
	Added [2D85] as watcher for u_5 [pFgD]
	Asking u_5 [pFgD]'s watchers to watch [IjVS]
	✅ u_5 [pFgD] Inception Done
	✅ u_1 [34Fl] Inception Done
Test 2 (signature verification)
	✅ u_1 [34Fl] Message verified
	✅ u_5 [pFgD] Message verified
	✅ u_9 [OEKe] Message verified
	✅ u_2 [ftQo] Message verified
	✅ u_8 [il_T] Message verified
	✅ u_6 [8FbL] Message verified
	✅ u_3 [uDEE] Message verified
	✅ u_4 [BfnN] Message verified
	✅ u_7 [7JgS] Message verified
	✅ u_0 [O25Q] Message verified
Waiting for an incoming message - Test 3 (signature verification after rotation of issuer)
	✅ u_8 [il_T] Message Verified (2)
	✅ u_5 [pFgD] Message Verified (2)
	✅ u_3 [uDEE] Message Verified (2)
	✅ u_2 [ftQo] Message Verified (2)
	✅ u_0 [O25Q] Message Verified (2)
	✅ u_1 [34Fl] Message Verified (2)
	✅ u_4 [BfnN] Message Verified (2)
	✅ u_6 [8FbL] Message Verified (2)
	✅ u_9 [OEKe] Message Verified (2)
	✅ u_7 [7JgS] Message Verified (2)
Waiting for an incoming message - Test 4 (valid acdc credential)
skipped--
Waiting for an incoming message - Test 5 (acdc revocation)
skipped--
Waiting for an incoming message - Test 6
u_7 [7JgS] Starts Rotation
u_8 [il_T] Starts Rotation
u_4 [BfnN] Starts Rotation
u_0 [O25Q] Starts Rotation
u_6 [8FbL] Starts Rotation
u_2 [ftQo] Starts Rotation
u_3 [uDEE] Starts Rotation
u_9 [OEKe] Starts Rotation
u_5 [pFgD] Starts Rotation
u_1 [34Fl] Starts Rotation
u_9 [OEKe] Ends Rotation
u_9 [OEKe] - Completed Key Rotation
u_0 [O25Q] Ends Rotation
u_0 [O25Q] - Completed Key Rotation
u_3 [uDEE] Ends Rotation
u_3 [uDEE] - Completed Key Rotation
u_5 [pFgD] Ends Rotation
u_5 [pFgD] - Completed Key Rotation
u_7 [7JgS] Ends Rotation
u_7 [7JgS] - Completed Key Rotation
u_8 [il_T] Ends Rotation
u_8 [il_T] - Completed Key Rotation
u_4 [BfnN] Ends Rotation
u_4 [BfnN] - Completed Key Rotation
u_1 [34Fl] Ends Rotation
u_1 [34Fl] - Completed Key Rotation
u_6 [8FbL] Ends Rotation
u_6 [8FbL] - Completed Key Rotation
u_2 [ftQo] Ends Rotation
u_2 [ftQo] - Completed Key Rotation
Executed 10 users / 10 success / 0 fail
Test 1: 63900ms (6390 p.u.)
Test 2: 1ms (0 p.u.)
Test 3: 731ms (73 p.u.)
Test 4: 59597ms (5959 p.u.)
