Waiting for an incoming message - Test 1 (inception)
Error while deserializing http message: Error("EOF while parsing a value", line: 1, column: 0)
	Preparing Data...
	Data is ready, starting users and test1
Incepted: u_5 [qUFK]
	Added [jm4C] as watcher for u_5 [qUFK]
	Added [bivQ] as watcher for u_5 [qUFK]
	Added [x5MO] as watcher for u_5 [qUFK]
	Asking u_5 [qUFK]'s watchers to watch [IjVS]
Incepted: u_7 [5wBo]
	Added [bivQ] as watcher for u_7 [5wBo]
Incepted: u_8 [fgCz]
	Added [x5MO] as watcher for u_7 [5wBo]
	Added [jm4C] as watcher for u_8 [fgCz]
Incepted: u_2 [GANn]
	Added [jm4C] as watcher for u_7 [5wBo]
	Asking u_7 [5wBo]'s watchers to watch [IjVS]
	Added [x5MO] as watcher for u_8 [fgCz]
	Added [x5MO] as watcher for u_2 [GANn]
Incepted: u_0 [ezM0]
	Added [2D85] as watcher for u_8 [fgCz]
	Asking u_8 [fgCz]'s watchers to watch [IjVS]
	✅ u_5 [qUFK] Inception Done
	Added [2D85] as watcher for u_2 [GANn]
	Added [bivQ] as watcher for u_0 [ezM0]
	Added [bivQ] as watcher for u_2 [GANn]
	Asking u_2 [GANn]'s watchers to watch [IjVS]
Incepted: u_6 [k4nr]
	Added [x5MO] as watcher for u_0 [ezM0]
Incepted: u_1 [LavJ]
Incepted: u_9 [Fq91]
	Added [jm4C] as watcher for u_0 [ezM0]
	Asking u_0 [ezM0]'s watchers to watch [IjVS]
	Added [bivQ] as watcher for u_6 [k4nr]
	Added [bivQ] as watcher for u_1 [LavJ]
	Added [jm4C] as watcher for u_9 [Fq91]
Incepted: u_4 [Qf3l]
	✅ u_7 [5wBo] Inception Done
	Added [jm4C] as watcher for u_6 [k4nr]
	✅ u_8 [fgCz] Inception Done
	Added [2D85] as watcher for u_9 [Fq91]
	Added [x5MO] as watcher for u_1 [LavJ]
	✅ u_2 [GANn] Inception Done
	Added [x5MO] as watcher for u_4 [Qf3l]
	✅ u_0 [ezM0] Inception Done
	Added [2D85] as watcher for u_6 [k4nr]
	Asking u_6 [k4nr]'s watchers to watch [IjVS]
Incepted: u_3 [Rm-q]
	Added [2D85] as watcher for u_1 [LavJ]
	Asking u_1 [LavJ]'s watchers to watch [IjVS]
	Added [x5MO] as watcher for u_9 [Fq91]
	Asking u_9 [Fq91]'s watchers to watch [IjVS]
	Added [jm4C] as watcher for u_4 [Qf3l]
	✅ u_6 [k4nr] Inception Done
	✅ u_1 [LavJ] Inception Done
	✅ u_9 [Fq91] Inception Done
	Added [bivQ] as watcher for u_3 [Rm-q]
	Added [bivQ] as watcher for u_4 [Qf3l]
	Asking u_4 [Qf3l]'s watchers to watch [IjVS]
	✅ u_4 [Qf3l] Inception Done
	Added [jm4C] as watcher for u_3 [Rm-q]
	Added [x5MO] as watcher for u_3 [Rm-q]
	Asking u_3 [Rm-q]'s watchers to watch [IjVS]
	✅ u_3 [Rm-q] Inception Done
Test 2 (signature verification)
	✅ u_3 [Rm-q] Message verified
	✅ u_0 [ezM0] Message verified
	✅ u_6 [k4nr] Message verified
	✅ u_1 [LavJ] Message verified
	✅ u_9 [Fq91] Message verified
	✅ u_7 [5wBo] Message verified
	✅ u_4 [Qf3l] Message verified
	✅ u_5 [qUFK] Message verified
	✅ u_8 [fgCz] Message verified
	✅ u_2 [GANn] Message verified
Waiting for an incoming message - Test 3 (signature verification after rotation of issuer)
	✅ u_4 [Qf3l] Message Verified (2)
	✅ u_6 [k4nr] Message Verified (2)
	✅ u_1 [LavJ] Message Verified (2)
	✅ u_7 [5wBo] Message Verified (2)
	✅ u_3 [Rm-q] Message Verified (2)
	✅ u_9 [Fq91] Message Verified (2)
	✅ u_8 [fgCz] Message Verified (2)
	✅ u_2 [GANn] Message Verified (2)
	✅ u_0 [ezM0] Message Verified (2)
	✅ u_5 [qUFK] Message Verified (2)
Waiting for an incoming message - Test 4 (valid acdc credential)
skipped--
Waiting for an incoming message - Test 5 (acdc revocation)
skipped--
Waiting for an incoming message - Test 6
u_6 [k4nr] Starts Rotation
u_9 [Fq91] Starts Rotation
u_5 [qUFK] Starts Rotation
u_2 [GANn] Starts Rotation
u_4 [Qf3l] Starts Rotation
u_1 [LavJ] Starts Rotation
u_7 [5wBo] Starts Rotation
u_8 [fgCz] Starts Rotation
u_0 [ezM0] Starts Rotation
u_3 [Rm-q] Starts Rotation
u_7 [5wBo] Ends Rotation
u_7 [5wBo] - Completed Key Rotation
u_9 [Fq91] Ends Rotation
u_9 [Fq91] - Completed Key Rotation
u_1 [LavJ] Ends Rotation
u_1 [LavJ] - Completed Key Rotation
u_0 [ezM0] Ends Rotation
u_0 [ezM0] - Completed Key Rotation
u_8 [fgCz] Ends Rotation
u_8 [fgCz] - Completed Key Rotation
u_5 [qUFK] Ends Rotation
u_5 [qUFK] - Completed Key Rotation
u_2 [GANn] Ends Rotation
u_2 [GANn] - Completed Key Rotation
u_3 [Rm-q] Ends Rotation
u_3 [Rm-q] - Completed Key Rotation
u_6 [k4nr] Ends Rotation
u_6 [k4nr] - Completed Key Rotation
u_4 [Qf3l] Ends Rotation
u_4 [Qf3l] - Completed Key Rotation
Executed 10 users / 10 success / 0 fail
Test 1: 75489ms (7548 p.u.)
Test 2: 1ms (0 p.u.)
Test 3: 711ms (71 p.u.)
Test 4: 69660ms (6966 p.u.)
