Waiting for an incoming message - Test 1 (inception)
Error while deserializing http message: Error("EOF while parsing a value", line: 1, column: 0)
	Preparing Data...
	Data is ready, starting users and test1
Incepted: u_7 [zfcm]
	Added [jm4C] as watcher for u_7 [zfcm]
Incepted: u_9 [1jN6]
	Added [bivQ] as watcher for u_7 [zfcm]
	Added [x5MO] as watcher for u_9 [1jN6]
	Added [2D85] as watcher for u_7 [zfcm]
	Asking u_7 [zfcm]'s watchers to watch [IjVS]
Incepted: u_3 [-IJt]
	Added [jm4C] as watcher for u_9 [1jN6]
Incepted: u_8 [oFD5]
	Added [x5MO] as watcher for u_3 [-IJt]
	Added [bivQ] as watcher for u_9 [1jN6]
	Asking u_9 [1jN6]'s watchers to watch [IjVS]
Incepted: u_5 [zcHL]
	Added [bivQ] as watcher for u_8 [oFD5]
	✅ u_7 [zfcm] Inception Done
	Added [2D85] as watcher for u_3 [-IJt]
Incepted: u_4 [fDaL]
Incepted: u_2 [16pu]
Incepted: u_6 [l767]
	✅ u_9 [1jN6] Inception Done
Incepted: u_1 [KzGc]
	Added [bivQ] as watcher for u_5 [zcHL]
Incepted: u_0 [VZad]
	Added [jm4C] as watcher for u_8 [oFD5]
	Added [x5MO] as watcher for u_4 [fDaL]
	Added [bivQ] as watcher for u_3 [-IJt]
	Asking u_3 [-IJt]'s watchers to watch [IjVS]
	Added [jm4C] as watcher for u_2 [16pu]
	Added [bivQ] as watcher for u_6 [l767]
	Added [2D85] as watcher for u_1 [KzGc]
	Added [jm4C] as watcher for u_5 [zcHL]
	✅ u_3 [-IJt] Inception Done
	Added [2D85] as watcher for u_4 [fDaL]
	Added [2D85] as watcher for u_8 [oFD5]
	Asking u_8 [oFD5]'s watchers to watch [IjVS]
	Added [x5MO] as watcher for u_0 [VZad]
	Added [bivQ] as watcher for u_2 [16pu]
	Added [2D85] as watcher for u_6 [l767]
	Added [x5MO] as watcher for u_1 [KzGc]
	Added [jm4C] as watcher for u_0 [VZad]
	Added [2D85] as watcher for u_5 [zcHL]
	Asking u_5 [zcHL]'s watchers to watch [IjVS]
	✅ u_8 [oFD5] Inception Done
	Added [bivQ] as watcher for u_4 [fDaL]
	Asking u_4 [fDaL]'s watchers to watch [IjVS]
	Added [x5MO] as watcher for u_2 [16pu]
	Asking u_2 [16pu]'s watchers to watch [IjVS]
	Added [jm4C] as watcher for u_1 [KzGc]
	Asking u_1 [KzGc]'s watchers to watch [IjVS]
	✅ u_5 [zcHL] Inception Done
	Added [x5MO] as watcher for u_6 [l767]
	Asking u_6 [l767]'s watchers to watch [IjVS]
	✅ u_2 [16pu] Inception Done
	✅ u_4 [fDaL] Inception Done
	✅ u_1 [KzGc] Inception Done
	Added [2D85] as watcher for u_0 [VZad]
	Asking u_0 [VZad]'s watchers to watch [IjVS]
	✅ u_0 [VZad] Inception Done
	✅ u_6 [l767] Inception Done
Test 2 (signature verification)
	✅ u_6 [l767] Message verified
	✅ u_4 [fDaL] Message verified
	✅ u_0 [VZad] Message verified
	✅ u_5 [zcHL] Message verified
	✅ u_9 [1jN6] Message verified
	✅ u_3 [-IJt] Message verified
	✅ u_1 [KzGc] Message verified
	✅ u_8 [oFD5] Message verified
	✅ u_2 [16pu] Message verified
	✅ u_7 [zfcm] Message verified
Waiting for an incoming message - Test 3 (signature verification after rotation of issuer)
	✅ u_6 [l767] Message Verified (2)
	✅ u_1 [KzGc] Message Verified (2)
	✅ u_0 [VZad] Message Verified (2)
	✅ u_7 [zfcm] Message Verified (2)
	✅ u_8 [oFD5] Message Verified (2)
	✅ u_5 [zcHL] Message Verified (2)
	✅ u_4 [fDaL] Message Verified (2)
	✅ u_9 [1jN6] Message Verified (2)
	✅ u_3 [-IJt] Message Verified (2)
	✅ u_2 [16pu] Message Verified (2)
Waiting for an incoming message - Test 4 (valid acdc credential)
skipped--
Waiting for an incoming message - Test 5 (acdc revocation)
skipped--
Waiting for an incoming message - Test 6
u_2 [16pu] Starts Rotation
u_1 [KzGc] Starts Rotation
u_6 [l767] Starts Rotation
u_4 [fDaL] Starts Rotation
u_3 [-IJt] Starts Rotation
u_0 [VZad] Starts Rotation
u_5 [zcHL] Starts Rotation
u_7 [zfcm] Starts Rotation
u_8 [oFD5] Starts Rotation
u_9 [1jN6] Starts Rotation
u_6 [l767] Ends Rotation
u_6 [l767] - Completed Key Rotation
u_7 [zfcm] Ends Rotation
u_7 [zfcm] - Completed Key Rotation
u_2 [16pu] Ends Rotation
u_2 [16pu] - Completed Key Rotation
u_3 [-IJt] Ends Rotation
u_3 [-IJt] - Completed Key Rotation
u_5 [zcHL] Ends Rotation
u_5 [zcHL] - Completed Key Rotation
u_1 [KzGc] Ends Rotation
u_1 [KzGc] - Completed Key Rotation
u_4 [fDaL] Ends Rotation
u_4 [fDaL] - Completed Key Rotation
u_8 [oFD5] Ends Rotation
u_8 [oFD5] - Completed Key Rotation
u_9 [1jN6] Ends Rotation
u_9 [1jN6] - Completed Key Rotation
u_0 [VZad] Ends Rotation
u_0 [VZad] - Completed Key Rotation
Executed 10 users / 10 success / 0 fail
Test 1: 70295ms (7029 p.u.)
Test 2: 2ms (0 p.u.)
Test 3: 728ms (72 p.u.)
Test 4: 63714ms (6371 p.u.)
