Waiting for an incoming message - Test 1 (inception)
Error while deserializing http message: Error("EOF while parsing a value", line: 1, column: 0)
	Preparing Data...
	Data is ready, starting users and test1
Incepted: u_7 [7IN_]
Incepted: u_6 [ffqh]
Incepted: u_0 [2gZ1]
Incepted: u_4 [5-NO]
	Added [jm4C] as watcher for u_7 [7IN_]
Incepted: u_3 [XiQI]
Incepted: u_5 [f2Og]
	Added [jm4C] as watcher for u_6 [ffqh]
Incepted: u_1 [wkzd]
	Added [x5MO] as watcher for u_0 [2gZ1]
Incepted: u_8 [FN7Z]
Incepted: u_2 [T4e5]
	Added [jm4C] as watcher for u_4 [5-NO]
	Added [2D85] as watcher for u_7 [7IN_]
Incepted: u_9 [T86w]
	Added [x5MO] as watcher for u_3 [XiQI]
	Added [2D85] as watcher for u_5 [f2Og]
	Added [bivQ] as watcher for u_6 [ffqh]
	Added [bivQ] as watcher for u_8 [FN7Z]
	Added [jm4C] as watcher for u_1 [wkzd]
	Added [jm4C] as watcher for u_0 [2gZ1]
	Added [bivQ] as watcher for u_4 [5-NO]
	Added [bivQ] as watcher for u_2 [T4e5]
	Added [bivQ] as watcher for u_7 [7IN_]
	Asking u_7 [7IN_]'s watchers to watch [IjVS]
	Added [2D85] as watcher for u_9 [T86w]
	Added [2D85] as watcher for u_3 [XiQI]
	Added [jm4C] as watcher for u_5 [f2Og]
	Added [x5MO] as watcher for u_8 [FN7Z]
	Added [2D85] as watcher for u_6 [ffqh]
	Asking u_6 [ffqh]'s watchers to watch [IjVS]
	Added [x5MO] as watcher for u_1 [wkzd]
	Added [x5MO] as watcher for u_4 [5-NO]
	Asking u_4 [5-NO]'s watchers to watch [IjVS]
	✅ u_7 [7IN_] Inception Done
	Added [bivQ] as watcher for u_9 [T86w]
	Added [x5MO] as watcher for u_2 [T4e5]
	Added [2D85] as watcher for u_0 [2gZ1]
	Asking u_0 [2gZ1]'s watchers to watch [IjVS]
	Added [bivQ] as watcher for u_3 [XiQI]
	Asking u_3 [XiQI]'s watchers to watch [IjVS]
	✅ u_6 [ffqh] Inception Done
	Added [x5MO] as watcher for u_5 [f2Og]
	Asking u_5 [f2Og]'s watchers to watch [IjVS]
	Added [jm4C] as watcher for u_8 [FN7Z]
	Asking u_8 [FN7Z]'s watchers to watch [IjVS]
	✅ u_4 [5-NO] Inception Done
	Added [jm4C] as watcher for u_2 [T4e5]
	Asking u_2 [T4e5]'s watchers to watch [IjVS]
	✅ u_3 [XiQI] Inception Done
	Added [jm4C] as watcher for u_9 [T86w]
	Asking u_9 [T86w]'s watchers to watch [IjVS]
	✅ u_8 [FN7Z] Inception Done
	Added [2D85] as watcher for u_1 [wkzd]
	Asking u_1 [wkzd]'s watchers to watch [IjVS]
	✅ u_2 [T4e5] Inception Done
	✅ u_0 [2gZ1] Inception Done
	✅ u_5 [f2Og] Inception Done
	✅ u_9 [T86w] Inception Done
	✅ u_1 [wkzd] Inception Done
Test 2 (signature verification)
	✅ u_1 [wkzd] Message verified
	✅ u_8 [FN7Z] Message verified
	✅ u_0 [2gZ1] Message verified
	✅ u_4 [5-NO] Message verified
	✅ u_2 [T4e5] Message verified
	✅ u_6 [ffqh] Message verified
	✅ u_3 [XiQI] Message verified
	✅ u_5 [f2Og] Message verified
	✅ u_9 [T86w] Message verified
	✅ u_7 [7IN_] Message verified
Waiting for an incoming message - Test 3 (signature verification after rotation of issuer)
	✅ u_5 [f2Og] Message Verified (2)
	✅ u_0 [2gZ1] Message Verified (2)
	✅ u_1 [wkzd] Message Verified (2)
	✅ u_7 [7IN_] Message Verified (2)
	✅ u_8 [FN7Z] Message Verified (2)
	✅ u_3 [XiQI] Message Verified (2)
	✅ u_9 [T86w] Message Verified (2)
	✅ u_2 [T4e5] Message Verified (2)
	✅ u_6 [ffqh] Message Verified (2)
	✅ u_4 [5-NO] Message Verified (2)
Waiting for an incoming message - Test 4 (valid acdc credential)
skipped--
Waiting for an incoming message - Test 5 (acdc revocation)
skipped--
Waiting for an incoming message - Test 6
u_4 [5-NO] Starts Rotation
u_6 [ffqh] Starts Rotation
u_7 [7IN_] Starts Rotation
u_0 [2gZ1] Starts Rotation
u_8 [FN7Z] Starts Rotation
u_2 [T4e5] Starts Rotation
u_9 [T86w] Starts Rotation
u_5 [f2Og] Starts Rotation
u_1 [wkzd] Starts Rotation
u_3 [XiQI] Starts Rotation
u_8 [FN7Z] Ends Rotation
u_8 [FN7Z] - Completed Key Rotation
u_1 [wkzd] Ends Rotation
u_1 [wkzd] - Completed Key Rotation
u_2 [T4e5] Ends Rotation
u_2 [T4e5] - Completed Key Rotation
u_7 [7IN_] Ends Rotation
u_7 [7IN_] - Completed Key Rotation
u_5 [f2Og] Ends Rotation
u_5 [f2Og] - Completed Key Rotation
u_6 [ffqh] Ends Rotation
u_6 [ffqh] - Completed Key Rotation
u_3 [XiQI] Ends Rotation
u_3 [XiQI] - Completed Key Rotation
u_4 [5-NO] Ends Rotation
u_4 [5-NO] - Completed Key Rotation
u_0 [2gZ1] Ends Rotation
u_0 [2gZ1] - Completed Key Rotation
u_9 [T86w] Ends Rotation
u_9 [T86w] - Completed Key Rotation
Executed 10 users / 10 success / 0 fail
Test 1: 69874ms (6987 p.u.)
Test 2: 1ms (0 p.u.)
Test 3: 995ms (99 p.u.)
Test 4: 65678ms (6567 p.u.)
