Waiting for an incoming message - Test 1 (inception)
Error while deserializing http message: Error("EOF while parsing a value", line: 1, column: 0)
	Preparing Data...
	Data is ready, starting users and test1
Incepted: u_3 [YRrX]
	Added [x5MO] as watcher for u_3 [YRrX]
	Added [2D85] as watcher for u_3 [YRrX]
	Added [bivQ] as watcher for u_3 [YRrX]
	Asking u_3 [YRrX]'s watchers to watch [IjVS]
Incepted: u_7 [LRYV]
Incepted: u_9 [eE50]
Incepted: u_0 [0ZAx]
Incepted: u_6 [s-Gt]
	Added [x5MO] as watcher for u_7 [LRYV]
	Added [bivQ] as watcher for u_9 [eE50]
Incepted: u_8 [-Plb]
Incepted: u_2 [jFlm]
Incepted: u_1 [JQY6]
	Added [bivQ] as watcher for u_0 [0ZAx]
	✅ u_3 [YRrX] Inception Done
	Added [2D85] as watcher for u_6 [s-Gt]
	Added [jm4C] as watcher for u_7 [LRYV]
	Added [2D85] as watcher for u_8 [-Plb]
	Added [jm4C] as watcher for u_9 [eE50]
	Added [2D85] as watcher for u_2 [jFlm]
Incepted: u_5 [nhgO]
Incepted: u_4 [-2rw]
	Added [x5MO] as watcher for u_0 [0ZAx]
	Added [2D85] as watcher for u_1 [JQY6]
	Added [jm4C] as watcher for u_6 [s-Gt]
	Added [2D85] as watcher for u_7 [LRYV]
	Asking u_7 [LRYV]'s watchers to watch [IjVS]
	Added [jm4C] as watcher for u_8 [-Plb]
	Added [2D85] as watcher for u_9 [eE50]
	Asking u_9 [eE50]'s watchers to watch [IjVS]
	Added [bivQ] as watcher for u_5 [nhgO]
	Added [bivQ] as watcher for u_4 [-2rw]
	Added [x5MO] as watcher for u_2 [jFlm]
	Added [2D85] as watcher for u_0 [0ZAx]
	Asking u_0 [0ZAx]'s watchers to watch [IjVS]
	Added [bivQ] as watcher for u_6 [s-Gt]
	Asking u_6 [s-Gt]'s watchers to watch [IjVS]
	Added [x5MO] as watcher for u_1 [JQY6]
	✅ u_7 [LRYV] Inception Done
	✅ u_9 [eE50] Inception Done
	Added [x5MO] as watcher for u_8 [-Plb]
	Asking u_8 [-Plb]'s watchers to watch [IjVS]
	Added [bivQ] as watcher for u_2 [jFlm]
	Asking u_2 [jFlm]'s watchers to watch [IjVS]
	✅ u_6 [s-Gt] Inception Done
	Added [jm4C] as watcher for u_5 [nhgO]
	✅ u_0 [0ZAx] Inception Done
	Added [x5MO] as watcher for u_4 [-2rw]
	Added [jm4C] as watcher for u_1 [JQY6]
	Asking u_1 [JQY6]'s watchers to watch [IjVS]
	✅ u_2 [jFlm] Inception Done
	✅ u_8 [-Plb] Inception Done
	✅ u_1 [JQY6] Inception Done
	Added [2D85] as watcher for u_5 [nhgO]
	Asking u_5 [nhgO]'s watchers to watch [IjVS]
	✅ u_5 [nhgO] Inception Done
	Added [2D85] as watcher for u_4 [-2rw]
	Asking u_4 [-2rw]'s watchers to watch [IjVS]
	✅ u_4 [-2rw] Inception Done
Test 2 (signature verification)
	✅ u_4 [-2rw] Message verified
	✅ u_7 [LRYV] Message verified
	✅ u_8 [-Plb] Message verified
	✅ u_0 [0ZAx] Message verified
	✅ u_6 [s-Gt] Message verified
	✅ u_9 [eE50] Message verified
	✅ u_1 [JQY6] Message verified
	✅ u_5 [nhgO] Message verified
	✅ u_2 [jFlm] Message verified
	✅ u_3 [YRrX] Message verified
Waiting for an incoming message - Test 3 (signature verification after rotation of issuer)
	✅ u_1 [JQY6] Message Verified (2)
	✅ u_2 [jFlm] Message Verified (2)
	✅ u_4 [-2rw] Message Verified (2)
	✅ u_7 [LRYV] Message Verified (2)
	✅ u_9 [eE50] Message Verified (2)
	✅ u_6 [s-Gt] Message Verified (2)
	✅ u_5 [nhgO] Message Verified (2)
	✅ u_8 [-Plb] Message Verified (2)
	✅ u_0 [0ZAx] Message Verified (2)
	✅ u_3 [YRrX] Message Verified (2)
Waiting for an incoming message - Test 4 (valid acdc credential)
skipped--
Waiting for an incoming message - Test 5 (acdc revocation)
skipped--
Waiting for an incoming message - Test 6
u_1 [JQY6] Starts Rotation
u_3 [YRrX] Starts Rotation
u_6 [s-Gt] Starts Rotation
u_9 [eE50] Starts Rotation
u_5 [nhgO] Starts Rotation
u_0 [0ZAx] Starts Rotation
u_7 [LRYV] Starts Rotation
u_4 [-2rw] Starts Rotation
u_2 [jFlm] Starts Rotation
u_8 [-Plb] Starts Rotation
u_9 [eE50] Ends Rotation
u_9 [eE50] - Completed Key Rotation
u_2 [jFlm] Ends Rotation
u_2 [jFlm] - Completed Key Rotation
u_5 [nhgO] Ends Rotation
u_5 [nhgO] - Completed Key Rotation
u_3 [YRrX] Ends Rotation
u_3 [YRrX] - Completed Key Rotation
u_0 [0ZAx] Ends Rotation
u_0 [0ZAx] - Completed Key Rotation
u_4 [-2rw] Ends Rotation
u_4 [-2rw] - Completed Key Rotation
u_1 [JQY6] Ends Rotation
u_1 [JQY6] - Completed Key Rotation
u_8 [-Plb] Ends Rotation
u_8 [-Plb] - Completed Key Rotation
u_7 [LRYV] Ends Rotation
u_7 [LRYV] - Completed Key Rotation
u_6 [s-Gt] Ends Rotation
u_6 [s-Gt] - Completed Key Rotation
Executed 10 users / 10 success / 0 fail
Test 1: 64430ms (6443 p.u.)
Test 2: 1ms (0 p.u.)
Test 3: 581ms (58 p.u.)
Test 4: 57736ms (5773 p.u.)
