Waiting for an incoming message - Test 1 (inception)
Error while deserializing http message: Error("EOF while parsing a value", line: 1, column: 0)
	Preparing Data...
	Data is ready, starting users and test1
Incepted: u_2 [i7-V]
Incepted: u_4 [jypk]
Incepted: u_8 [aNnH]
Incepted: u_0 [DvGs]
Incepted: u_3 [V3aM]
Incepted: u_6 [NEbI]
Incepted: u_5 [dLcp]
	Added [bivQ] as watcher for u_4 [jypk]
Incepted: u_9 [61mV]
	Added [bivQ] as watcher for u_0 [DvGs]
Incepted: u_7 [uNA0]
	Added [2D85] as watcher for u_2 [i7-V]
	Added [bivQ] as watcher for u_6 [NEbI]
Incepted: u_1 [uMuF]
	Added [2D85] as watcher for u_3 [V3aM]
	Added [jm4C] as watcher for u_8 [aNnH]
	Added [2D85] as watcher for u_5 [dLcp]
	Added [x5MO] as watcher for u_4 [jypk]
	Added [2D85] as watcher for u_0 [DvGs]
	Added [2D85] as watcher for u_9 [61mV]
	Added [2D85] as watcher for u_6 [NEbI]
	Added [jm4C] as watcher for u_2 [i7-V]
	Added [2D85] as watcher for u_1 [uMuF]
	Added [jm4C] as watcher for u_7 [uNA0]
	Added [x5MO] as watcher for u_8 [aNnH]
	Added [bivQ] as watcher for u_1 [uMuF]
	Added [jm4C] as watcher for u_3 [V3aM]
	Added [x5MO] as watcher for u_5 [dLcp]
	Added [2D85] as watcher for u_4 [jypk]
	Asking u_4 [jypk]'s watchers to watch [IjVS]
	Added [x5MO] as watcher for u_0 [DvGs]
	Asking u_0 [DvGs]'s watchers to watch [IjVS]
	Added [jm4C] as watcher for u_9 [61mV]
	Added [bivQ] as watcher for u_8 [aNnH]
	Asking u_8 [aNnH]'s watchers to watch [IjVS]
	Added [x5MO] as watcher for u_2 [i7-V]
	Asking u_2 [i7-V]'s watchers to watch [IjVS]
	Added [bivQ] as watcher for u_3 [V3aM]
	Asking u_3 [V3aM]'s watchers to watch [IjVS]
	Added [x5MO] as watcher for u_6 [NEbI]
	Asking u_6 [NEbI]'s watchers to watch [IjVS]
	Added [2D85] as watcher for u_7 [uNA0]
	Added [bivQ] as watcher for u_9 [61mV]
	Asking u_9 [61mV]'s watchers to watch [IjVS]
	Added [jm4C] as watcher for u_1 [uMuF]
	Asking u_1 [uMuF]'s watchers to watch [IjVS]
	Added [jm4C] as watcher for u_5 [dLcp]
	Asking u_5 [dLcp]'s watchers to watch [IjVS]
	Added [x5MO] as watcher for u_7 [uNA0]
	Asking u_7 [uNA0]'s watchers to watch [IjVS]
	✅ u_0 [DvGs] Inception Done
	✅ u_4 [jypk] Inception Done
	✅ u_8 [aNnH] Inception Done
	✅ u_9 [61mV] Inception Done
	✅ u_3 [V3aM] Inception Done
	✅ u_6 [NEbI] Inception Done
	✅ u_1 [uMuF] Inception Done
	✅ u_5 [dLcp] Inception Done
	✅ u_2 [i7-V] Inception Done
	✅ u_7 [uNA0] Inception Done
Test 2 (signature verification)
	✅ u_7 [uNA0] Message verified
	✅ u_2 [i7-V] Message verified
	✅ u_9 [61mV] Message verified
	✅ u_3 [V3aM] Message verified
	✅ u_0 [DvGs] Message verified
	✅ u_1 [uMuF] Message verified
	✅ u_8 [aNnH] Message verified
	✅ u_4 [jypk] Message verified
	✅ u_6 [NEbI] Message verified
	✅ u_5 [dLcp] Message verified
Waiting for an incoming message - Test 3 (signature verification after rotation of issuer)
	✅ u_1 [uMuF] Message Verified (2)
	✅ u_2 [i7-V] Message Verified (2)
	✅ u_3 [V3aM] Message Verified (2)
	✅ u_4 [jypk] Message Verified (2)
	✅ u_0 [DvGs] Message Verified (2)
	✅ u_9 [61mV] Message Verified (2)
	✅ u_8 [aNnH] Message Verified (2)
	✅ u_5 [dLcp] Message Verified (2)
	✅ u_7 [uNA0] Message Verified (2)
	✅ u_6 [NEbI] Message Verified (2)
Waiting for an incoming message - Test 4 (valid acdc credential)
skipped--
Waiting for an incoming message - Test 5 (acdc revocation)
skipped--
Waiting for an incoming message - Test 6
u_6 [NEbI] Starts Rotation
u_1 [uMuF] Starts Rotation
u_4 [jypk] Starts Rotation
u_7 [uNA0] Starts Rotation
u_5 [dLcp] Starts Rotation
u_3 [V3aM] Starts Rotation
u_9 [61mV] Starts Rotation
u_8 [aNnH] Starts Rotation
u_2 [i7-V] Starts Rotation
u_0 [DvGs] Starts Rotation
u_6 [NEbI] Ends Rotation
u_6 [NEbI] - Completed Key Rotation
u_9 [61mV] Ends Rotation
u_9 [61mV] - Completed Key Rotation
u_4 [jypk] Ends Rotation
u_4 [jypk] - Completed Key Rotation
u_3 [V3aM] Ends Rotation
u_3 [V3aM] - Completed Key Rotation
u_8 [aNnH] Ends Rotation
u_8 [aNnH] - Completed Key Rotation
u_1 [uMuF] Ends Rotation
u_1 [uMuF] - Completed Key Rotation
u_7 [uNA0] Ends Rotation
u_7 [uNA0] - Completed Key Rotation
u_5 [dLcp] Ends Rotation
u_5 [dLcp] - Completed Key Rotation
u_0 [DvGs] Ends Rotation
u_0 [DvGs] - Completed Key Rotation
u_2 [i7-V] Ends Rotation
u_2 [i7-V] - Completed Key Rotation
Executed 10 users / 10 success / 0 fail
Test 1: 4355ms (435 p.u.)
Test 2: 1ms (0 p.u.)
Test 3: 560ms (56 p.u.)
Test 4: 73788ms (7378 p.u.)
