Waiting for an incoming message - Test 1 (inception)
Error while deserializing http message: Error("EOF while parsing a value", line: 1, column: 0)
	Preparing Data...
	Data is ready, starting users and test1
Incepted: u_6 [z1PO]
Incepted: u_7 [lNam]
Incepted: u_8 [GelR]
	Added [jm4C] as watcher for u_6 [z1PO]
	Added [jm4C] as watcher for u_7 [lNam]
Incepted: u_1 [0P3D]
	Added [jm4C] as watcher for u_8 [GelR]
	Added [2D85] as watcher for u_7 [lNam]
Incepted: u_5 [v4gx]
Incepted: u_2 [scVW]
Incepted: u_3 [WNN4]
Incepted: u_0 [vfxK]
	Added [bivQ] as watcher for u_6 [z1PO]
Incepted: u_4 [g4P4]
Incepted: u_9 [7sDR]
	Added [x5MO] as watcher for u_1 [0P3D]
	Added [2D85] as watcher for u_0 [vfxK]
	Added [x5MO] as watcher for u_8 [GelR]
	Added [bivQ] as watcher for u_7 [lNam]
	Asking u_7 [lNam]'s watchers to watch [IjVS]
	Added [jm4C] as watcher for u_5 [v4gx]
	Added [x5MO] as watcher for u_6 [z1PO]
	Asking u_6 [z1PO]'s watchers to watch [IjVS]
	Added [x5MO] as watcher for u_3 [WNN4]
	Added [bivQ] as watcher for u_2 [scVW]
	Added [2D85] as watcher for u_1 [0P3D]
	Added [x5MO] as watcher for u_9 [7sDR]
	Added [x5MO] as watcher for u_0 [vfxK]
	Added [2D85] as watcher for u_8 [GelR]
	Asking u_8 [GelR]'s watchers to watch [IjVS]
	Added [bivQ] as watcher for u_4 [g4P4]
	Added [2D85] as watcher for u_2 [scVW]
	Added [x5MO] as watcher for u_5 [v4gx]
	Added [bivQ] as watcher for u_3 [WNN4]
	Added [x5MO] as watcher for u_4 [g4P4]
	Added [jm4C] as watcher for u_9 [7sDR]
	Added [jm4C] as watcher for u_1 [0P3D]
	Asking u_1 [0P3D]'s watchers to watch [IjVS]
	Added [bivQ] as watcher for u_0 [vfxK]
	Asking u_0 [vfxK]'s watchers to watch [IjVS]
	Added [jm4C] as watcher for u_2 [scVW]
	Asking u_2 [scVW]'s watchers to watch [IjVS]
	Added [jm4C] as watcher for u_3 [WNN4]
	Asking u_3 [WNN4]'s watchers to watch [IjVS]
	Added [bivQ] as watcher for u_5 [v4gx]
	Asking u_5 [v4gx]'s watchers to watch [IjVS]
	Added [jm4C] as watcher for u_4 [g4P4]
	Asking u_4 [g4P4]'s watchers to watch [IjVS]
	✅ u_7 [lNam] Inception Done
	Added [bivQ] as watcher for u_9 [7sDR]
	Asking u_9 [7sDR]'s watchers to watch [IjVS]
	✅ u_6 [z1PO] Inception Done
	✅ u_8 [GelR] Inception Done
	✅ u_2 [scVW] Inception Done
	✅ u_0 [vfxK] Inception Done
	✅ u_4 [g4P4] Inception Done
	✅ u_1 [0P3D] Inception Done
	✅ u_9 [7sDR] Inception Done
	✅ u_3 [WNN4] Inception Done
	✅ u_5 [v4gx] Inception Done
Test 2 (signature verification)
	✅ u_4 [g4P4] Message verified
	✅ u_5 [v4gx] Message verified
	✅ u_3 [WNN4] Message verified
	✅ u_7 [lNam] Message verified
	✅ u_8 [GelR] Message verified
	✅ u_2 [scVW] Message verified
	✅ u_0 [vfxK] Message verified
	✅ u_9 [7sDR] Message verified
	✅ u_6 [z1PO] Message verified
	✅ u_1 [0P3D] Message verified
Waiting for an incoming message - Test 3 (signature verification after rotation of issuer)
	✅ u_8 [GelR] Message Verified (2)
	✅ u_1 [0P3D] Message Verified (2)
	✅ u_9 [7sDR] Message Verified (2)
	✅ u_6 [z1PO] Message Verified (2)
	✅ u_7 [lNam] Message Verified (2)
	✅ u_4 [g4P4] Message Verified (2)
	✅ u_0 [vfxK] Message Verified (2)
	✅ u_3 [WNN4] Message Verified (2)
	✅ u_5 [v4gx] Message Verified (2)
	✅ u_2 [scVW] Message Verified (2)
Waiting for an incoming message - Test 4 (valid acdc credential)
skipped--
Waiting for an incoming message - Test 5 (acdc revocation)
skipped--
Waiting for an incoming message - Test 6
Error while deserializing http message: Error("EOF while parsing a value", line: 1, column: 0)
Error while deserializing http message: Error("EOF while parsing a value", line: 1, column: 0)
u_2 [scVW] Starts Rotation
u_6 [z1PO] Starts Rotation
u_3 [WNN4] Starts Rotation
u_7 [lNam] Starts Rotation
u_4 [g4P4] Starts Rotation
u_0 [vfxK] Starts Rotation
u_9 [7sDR] Starts Rotation
u_8 [GelR] Starts Rotation
u_1 [0P3D] Starts Rotation
u_5 [v4gx] Starts Rotation
u_4 [g4P4] Ends Rotation
u_4 [g4P4] - Completed Key Rotation
u_3 [WNN4] Ends Rotation
u_3 [WNN4] - Completed Key Rotation
u_8 [GelR] Ends Rotation
u_8 [GelR] - Completed Key Rotation
u_1 [0P3D] Ends Rotation
u_1 [0P3D] - Completed Key Rotation
u_9 [7sDR] Ends Rotation
u_9 [7sDR] - Completed Key Rotation
u_6 [z1PO] Ends Rotation
u_6 [z1PO] - Completed Key Rotation
u_0 [vfxK] Ends Rotation
u_0 [vfxK] - Completed Key Rotation
u_2 [scVW] Ends Rotation
u_2 [scVW] - Completed Key Rotation
u_5 [v4gx] Ends Rotation
u_5 [v4gx] - Completed Key Rotation
