Waiting for an incoming message - Test 1 (inception)
Error while deserializing http message: Error("EOF while parsing a value", line: 1, column: 0)
	Preparing Data...
	Data is ready, starting users and test1
Incepted: u_9 [S5F5]
Incepted: u_5 [EuTS]
Incepted: u_1 [pxjZ]
Incepted: u_3 [fSgT]
Incepted: u_7 [vav4]
Incepted: u_0 [8cuR]
Incepted: u_2 [AQR1]
Incepted: u_6 [Mq6I]
Incepted: u_8 [kUMI]
	Added [bivQ] as watcher for u_1 [pxjZ]
	Added [bivQ] as watcher for u_3 [fSgT]
	Added [bivQ] as watcher for u_0 [8cuR]
Incepted: u_4 [cImA]
	Added [2D85] as watcher for u_9 [S5F5]
	Added [bivQ] as watcher for u_6 [Mq6I]
	Added [x5MO] as watcher for u_5 [EuTS]
	Added [jm4C] as watcher for u_7 [vav4]
	Added [bivQ] as watcher for u_9 [S5F5]
	Added [x5MO] as watcher for u_2 [AQR1]
	Added [2D85] as watcher for u_3 [fSgT]
	Added [2D85] as watcher for u_4 [cImA]
	Added [2D85] as watcher for u_0 [8cuR]
	Added [jm4C] as watcher for u_8 [kUMI]
	Added [jm4C] as watcher for u_1 [pxjZ]
	Added [2D85] as watcher for u_6 [Mq6I]
	Added [2D85] as watcher for u_5 [EuTS]
	Added [2D85] as watcher for u_2 [AQR1]
	Added [2D85] as watcher for u_7 [vav4]
	Added [bivQ] as watcher for u_2 [AQR1]
	Asking u_2 [AQR1]'s watchers to watch [IjVS]
	Added [x5MO] as watcher for u_3 [fSgT]
	Asking u_3 [fSgT]'s watchers to watch [IjVS]
	Added [jm4C] as watcher for u_9 [S5F5]
	Asking u_9 [S5F5]'s watchers to watch [IjVS]
	Added [x5MO] as watcher for u_4 [cImA]
	Added [x5MO] as watcher for u_0 [8cuR]
	Asking u_0 [8cuR]'s watchers to watch [IjVS]
	Added [2D85] as watcher for u_8 [kUMI]
	Added [2D85] as watcher for u_1 [pxjZ]
	Asking u_1 [pxjZ]'s watchers to watch [IjVS]
	Added [jm4C] as watcher for u_6 [Mq6I]
	Asking u_6 [Mq6I]'s watchers to watch [IjVS]
	Added [bivQ] as watcher for u_4 [cImA]
	Asking u_4 [cImA]'s watchers to watch [IjVS]
	Added [jm4C] as watcher for u_5 [EuTS]
	Asking u_5 [EuTS]'s watchers to watch [IjVS]
	Added [x5MO] as watcher for u_7 [vav4]
	Asking u_7 [vav4]'s watchers to watch [IjVS]
	Added [x5MO] as watcher for u_8 [kUMI]
	Asking u_8 [kUMI]'s watchers to watch [IjVS]
	✅ u_2 [AQR1] Inception Done
	✅ u_0 [8cuR] Inception Done
	✅ u_9 [S5F5] Inception Done
	✅ u_3 [fSgT] Inception Done
	✅ u_1 [pxjZ] Inception Done
	✅ u_4 [cImA] Inception Done
	✅ u_6 [Mq6I] Inception Done
	✅ u_5 [EuTS] Inception Done
	✅ u_7 [vav4] Inception Done
	✅ u_8 [kUMI] Inception Done
Test 2 (signature verification)
	✅ u_8 [kUMI] Message verified
	✅ u_2 [AQR1] Message verified
	✅ u_1 [pxjZ] Message verified
	✅ u_4 [cImA] Message verified
	✅ u_3 [fSgT] Message verified
	✅ u_5 [EuTS] Message verified
	✅ u_7 [vav4] Message verified
	✅ u_6 [Mq6I] Message verified
	✅ u_0 [8cuR] Message verified
	✅ u_9 [S5F5] Message verified
Waiting for an incoming message - Test 3 (signature verification after rotation of issuer)
	✅ u_0 [8cuR] Message Verified (2)
	✅ u_9 [S5F5] Message Verified (2)
	✅ u_8 [kUMI] Message Verified (2)
	✅ u_1 [pxjZ] Message Verified (2)
	✅ u_4 [cImA] Message Verified (2)
	✅ u_5 [EuTS] Message Verified (2)
	✅ u_7 [vav4] Message Verified (2)
	✅ u_2 [AQR1] Message Verified (2)
	✅ u_3 [fSgT] Message Verified (2)
	✅ u_6 [Mq6I] Message Verified (2)
Waiting for an incoming message - Test 4 (valid acdc credential)
skipped--
Waiting for an incoming message - Test 5 (acdc revocation)
skipped--
Waiting for an incoming message - Test 6
u_6 [Mq6I] Starts Rotation
u_2 [AQR1] Starts Rotation
u_4 [cImA] Starts Rotation
u_1 [pxjZ] Starts Rotation
u_5 [EuTS] Starts Rotation
u_8 [kUMI] Starts Rotation
u_9 [S5F5] Starts Rotation
u_7 [vav4] Starts Rotation
u_3 [fSgT] Starts Rotation
u_0 [8cuR] Starts Rotation
u_8 [kUMI] Ends Rotation
u_8 [kUMI] - Completed Key Rotation
u_9 [S5F5] Ends Rotation
u_9 [S5F5] - Completed Key Rotation
u_2 [AQR1] Ends Rotation
u_2 [AQR1] - Completed Key Rotation
u_0 [8cuR] Ends Rotation
u_0 [8cuR] - Completed Key Rotation
u_3 [fSgT] Ends Rotation
u_3 [fSgT] - Completed Key Rotation
u_7 [vav4] Ends Rotation
u_7 [vav4] - Completed Key Rotation
u_5 [EuTS] Ends Rotation
u_5 [EuTS] - Completed Key Rotation
u_1 [pxjZ] Ends Rotation
u_1 [pxjZ] - Completed Key Rotation
u_6 [Mq6I] Ends Rotation
u_6 [Mq6I] - Completed Key Rotation
u_4 [cImA] Ends Rotation
u_4 [cImA] - Completed Key Rotation
Executed 10 users / 10 success / 0 fail
Test 1: 3860ms (386 p.u.)
Test 2: 1ms (0 p.u.)
Test 3: 528ms (52 p.u.)
Test 4: 1988ms (198 p.u.)
