Waiting for an incoming message - Test 1 (inception)
Error while deserializing http message: Error("EOF while parsing a value", line: 1, column: 0)
	Preparing Data...
	Data is ready, starting users and test1
Incepted: u_9 [9_R-]
	Added [jm4C] as watcher for u_9 [9_R-]
	Added [2D85] as watcher for u_9 [9_R-]
	Added [bivQ] as watcher for u_9 [9_R-]
	Asking u_9 [9_R-]'s watchers to watch [IjVS]
Incepted: u_7 [mx1t]
Incepted: u_2 [LRrk]
Incepted: u_3 [feHx]
	Added [2D85] as watcher for u_7 [mx1t]
Incepted: u_4 [A3Vn]
Incepted: u_8 [oRoX]
	✅ u_9 [9_R-] Inception Done
	Added [x5MO] as watcher for u_2 [LRrk]
Incepted: u_0 [_LTo]
	Added [jm4C] as watcher for u_7 [mx1t]
	Added [x5MO] as watcher for u_3 [feHx]
	Added [2D85] as watcher for u_4 [A3Vn]
	Added [jm4C] as watcher for u_8 [oRoX]
	Added [2D85] as watcher for u_0 [_LTo]
Incepted: u_5 [olU2]
	Added [jm4C] as watcher for u_2 [LRrk]
Incepted: u_6 [zjiF]
	Added [jm4C] as watcher for u_3 [feHx]
	Added [jm4C] as watcher for u_4 [A3Vn]
	Added [bivQ] as watcher for u_7 [mx1t]
	Asking u_7 [mx1t]'s watchers to watch [IjVS]
Incepted: u_1 [PdFU]
	Added [bivQ] as watcher for u_8 [oRoX]
	Added [x5MO] as watcher for u_0 [_LTo]
	Added [jm4C] as watcher for u_5 [olU2]
	Added [jm4C] as watcher for u_6 [zjiF]
	✅ u_7 [mx1t] Inception Done
	Added [bivQ] as watcher for u_4 [A3Vn]
	Asking u_4 [A3Vn]'s watchers to watch [IjVS]
	Added [2D85] as watcher for u_2 [LRrk]
	Asking u_2 [LRrk]'s watchers to watch [IjVS]
	Added [x5MO] as watcher for u_1 [PdFU]
	Added [2D85] as watcher for u_3 [feHx]
	Asking u_3 [feHx]'s watchers to watch [IjVS]
	Added [jm4C] as watcher for u_0 [_LTo]
	Asking u_0 [_LTo]'s watchers to watch [IjVS]
	Added [2D85] as watcher for u_8 [oRoX]
	Asking u_8 [oRoX]'s watchers to watch [IjVS]
	Added [2D85] as watcher for u_6 [zjiF]
	Added [2D85] as watcher for u_5 [olU2]
	✅ u_4 [A3Vn] Inception Done
	✅ u_2 [LRrk] Inception Done
	Added [2D85] as watcher for u_1 [PdFU]
	✅ u_0 [_LTo] Inception Done
	Added [bivQ] as watcher for u_5 [olU2]
	Asking u_5 [olU2]'s watchers to watch [IjVS]
	✅ u_8 [oRoX] Inception Done
	✅ u_3 [feHx] Inception Done
	Added [bivQ] as watcher for u_6 [zjiF]
	Asking u_6 [zjiF]'s watchers to watch [IjVS]
	Added [jm4C] as watcher for u_1 [PdFU]
	Asking u_1 [PdFU]'s watchers to watch [IjVS]
	✅ u_5 [olU2] Inception Done
	✅ u_6 [zjiF] Inception Done
	✅ u_1 [PdFU] Inception Done
Test 2 (signature verification)
	✅ u_1 [PdFU] Message verified
	✅ u_6 [zjiF] Message verified
	✅ u_3 [feHx] Message verified
	✅ u_7 [mx1t] Message verified
	✅ u_0 [_LTo] Message verified
	✅ u_8 [oRoX] Message verified
	✅ u_5 [olU2] Message verified
	✅ u_2 [LRrk] Message verified
	✅ u_9 [9_R-] Message verified
	✅ u_4 [A3Vn] Message verified
Waiting for an incoming message - Test 3 (signature verification after rotation of issuer)
	✅ u_4 [A3Vn] Message Verified (2)
	✅ u_7 [mx1t] Message Verified (2)
	✅ u_9 [9_R-] Message Verified (2)
	✅ u_8 [oRoX] Message Verified (2)
	✅ u_0 [_LTo] Message Verified (2)
	✅ u_6 [zjiF] Message Verified (2)
	✅ u_2 [LRrk] Message Verified (2)
	✅ u_1 [PdFU] Message Verified (2)
	✅ u_3 [feHx] Message Verified (2)
	✅ u_5 [olU2] Message Verified (2)
Waiting for an incoming message - Test 4 (valid acdc credential)
skipped--
Waiting for an incoming message - Test 5 (acdc revocation)
skipped--
Waiting for an incoming message - Test 6
u_9 [9_R-] Starts Rotation
u_3 [feHx] Starts Rotation
u_2 [LRrk] Starts Rotation
u_6 [zjiF] Starts Rotation
u_4 [A3Vn] Starts Rotation
u_5 [olU2] Starts Rotation
u_1 [PdFU] Starts Rotation
u_8 [oRoX] Starts Rotation
u_0 [_LTo] Starts Rotation
u_7 [mx1t] Starts Rotation
u_9 [9_R-] Ends Rotation
u_9 [9_R-] - Completed Key Rotation
u_2 [LRrk] Ends Rotation
u_2 [LRrk] - Completed Key Rotation
u_6 [zjiF] Ends Rotation
u_6 [zjiF] - Completed Key Rotation
u_0 [_LTo] Ends Rotation
u_0 [_LTo] - Completed Key Rotation
u_7 [mx1t] Ends Rotation
u_7 [mx1t] - Completed Key Rotation
u_1 [PdFU] Ends Rotation
u_1 [PdFU] - Completed Key Rotation
u_4 [A3Vn] Ends Rotation
u_4 [A3Vn] - Completed Key Rotation
u_5 [olU2] Ends Rotation
u_5 [olU2] - Completed Key Rotation
u_3 [feHx] Ends Rotation
u_3 [feHx] - Completed Key Rotation
u_8 [oRoX] Ends Rotation
u_8 [oRoX] - Completed Key Rotation
Executed 10 users / 10 success / 0 fail
Test 1: 76574ms (7657 p.u.)
Test 2: 1ms (0 p.u.)
Test 3: 786ms (78 p.u.)
Test 4: 68810ms (6881 p.u.)
