Waiting for an incoming message - Test 1 (inception)
Error while deserializing http message: Error("EOF while parsing a value", line: 1, column: 0)
	Preparing Data...
	Data is ready, starting users and test1
Incepted: u_8 [XkNp]
Incepted: u_7 [SIMH]
	Added [2D85] as watcher for u_8 [XkNp]
Incepted: u_5 [_z-0]
Incepted: u_6 [ZL95]
Incepted: u_0 [Bn6O]
Incepted: u_9 [M_l2]
	Added [2D85] as watcher for u_5 [_z-0]
Incepted: u_1 [Iq2O]
Incepted: u_3 [Go_o]
	Added [jm4C] as watcher for u_8 [XkNp]
	Added [bivQ] as watcher for u_7 [SIMH]
Incepted: u_4 [1enp]
	Added [x5MO] as watcher for u_6 [ZL95]
	Added [jm4C] as watcher for u_0 [Bn6O]
	Added [bivQ] as watcher for u_5 [_z-0]
	Added [bivQ] as watcher for u_9 [M_l2]
	Added [bivQ] as watcher for u_1 [Iq2O]
	Added [bivQ] as watcher for u_3 [Go_o]
	Added [jm4C] as watcher for u_6 [ZL95]
	Added [jm4C] as watcher for u_7 [SIMH]
	Added [x5MO] as watcher for u_0 [Bn6O]
	Added [bivQ] as watcher for u_8 [XkNp]
	Asking u_8 [XkNp]'s watchers to watch [IjVS]
	Added [2D85] as watcher for u_3 [Go_o]
	Added [bivQ] as watcher for u_4 [1enp]
Incepted: u_2 [6yyU]
	Added [2D85] as watcher for u_9 [M_l2]
	Added [jm4C] as watcher for u_5 [_z-0]
	Asking u_5 [_z-0]'s watchers to watch [IjVS]
	Added [x5MO] as watcher for u_1 [Iq2O]
	Added [2D85] as watcher for u_7 [SIMH]
	Asking u_7 [SIMH]'s watchers to watch [IjVS]
	Added [jm4C] as watcher for u_3 [Go_o]
	Asking u_3 [Go_o]'s watchers to watch [IjVS]
	Added [2D85] as watcher for u_6 [ZL95]
	Asking u_6 [ZL95]'s watchers to watch [IjVS]
	Added [2D85] as watcher for u_4 [1enp]
	Added [jm4C] as watcher for u_1 [Iq2O]
	Asking u_1 [Iq2O]'s watchers to watch [IjVS]
	Added [bivQ] as watcher for u_0 [Bn6O]
	Asking u_0 [Bn6O]'s watchers to watch [IjVS]
	Added [x5MO] as watcher for u_9 [M_l2]
	Asking u_9 [M_l2]'s watchers to watch [IjVS]
	Added [bivQ] as watcher for u_2 [6yyU]
	Added [jm4C] as watcher for u_4 [1enp]
	Asking u_4 [1enp]'s watchers to watch [IjVS]
	Added [x5MO] as watcher for u_2 [6yyU]
	Added [jm4C] as watcher for u_2 [6yyU]
	Asking u_2 [6yyU]'s watchers to watch [IjVS]
	✅ u_6 [ZL95] Inception Done
	✅ u_7 [SIMH] Inception Done
	✅ u_5 [_z-0] Inception Done
	✅ u_3 [Go_o] Inception Done
	✅ u_8 [XkNp] Inception Done
	✅ u_9 [M_l2] Inception Done
	✅ u_1 [Iq2O] Inception Done
	✅ u_4 [1enp] Inception Done
	✅ u_0 [Bn6O] Inception Done
	✅ u_2 [6yyU] Inception Done
Test 2 (signature verification)
	✅ u_2 [6yyU] Message verified
	✅ u_5 [_z-0] Message verified
	✅ u_3 [Go_o] Message verified
	✅ u_1 [Iq2O] Message verified
	✅ u_0 [Bn6O] Message verified
	✅ u_6 [ZL95] Message verified
	✅ u_7 [SIMH] Message verified
	✅ u_4 [1enp] Message verified
	✅ u_8 [XkNp] Message verified
	✅ u_9 [M_l2] Message verified
Waiting for an incoming message - Test 3 (signature verification after rotation of issuer)
	✅ u_9 [M_l2] Message Verified (2)
	✅ u_1 [Iq2O] Message Verified (2)
	✅ u_7 [SIMH] Message Verified (2)
	✅ u_3 [Go_o] Message Verified (2)
	✅ u_0 [Bn6O] Message Verified (2)
	✅ u_8 [XkNp] Message Verified (2)
	✅ u_6 [ZL95] Message Verified (2)
	✅ u_4 [1enp] Message Verified (2)
	✅ u_5 [_z-0] Message Verified (2)
	✅ u_2 [6yyU] Message Verified (2)
Waiting for an incoming message - Test 4 (valid acdc credential)
skipped--
Waiting for an incoming message - Test 5 (acdc revocation)
skipped--
Waiting for an incoming message - Test 6
u_2 [6yyU] Starts Rotation
u_8 [XkNp] Starts Rotation
u_6 [ZL95] Starts Rotation
u_0 [Bn6O] Starts Rotation
u_1 [Iq2O] Starts Rotation
u_5 [_z-0] Starts Rotation
u_9 [M_l2] Starts Rotation
u_7 [SIMH] Starts Rotation
u_3 [Go_o] Starts Rotation
u_4 [1enp] Starts Rotation
u_9 [M_l2] Ends Rotation
u_9 [M_l2] - Completed Key Rotation
u_8 [XkNp] Ends Rotation
u_8 [XkNp] - Completed Key Rotation
u_0 [Bn6O] Ends Rotation
u_0 [Bn6O] - Completed Key Rotation
u_6 [ZL95] Ends Rotation
u_6 [ZL95] - Completed Key Rotation
u_5 [_z-0] Ends Rotation
u_5 [_z-0] - Completed Key Rotation
u_2 [6yyU] Ends Rotation
u_2 [6yyU] - Completed Key Rotation
u_7 [SIMH] Ends Rotation
u_7 [SIMH] - Completed Key Rotation
u_3 [Go_o] Ends Rotation
u_3 [Go_o] - Completed Key Rotation
u_1 [Iq2O] Ends Rotation
u_1 [Iq2O] - Completed Key Rotation
u_4 [1enp] Ends Rotation
u_4 [1enp] - Completed Key Rotation
Executed 10 users / 10 success / 0 fail
Test 1: 14494ms (1449 p.u.)
Test 2: 1ms (0 p.u.)
Test 3: 844ms (84 p.u.)
Test 4: 79272ms (7927 p.u.)
