Waiting for an incoming message - Test 1 (inception)
Error while deserializing http message: Error("EOF while parsing a value", line: 1, column: 0)
	Preparing Data...
	Data is ready, starting users and test1
Incepted: u_2 [gApa]
Incepted: u_9 [mgp7]
Incepted: u_3 [qNz6]
Incepted: u_5 [U8Rv]
Incepted: u_0 [ZmA-]
Incepted: u_4 [s3qS]
Incepted: u_8 [0GML]
Incepted: u_7 [Gbag]
Incepted: u_6 [c4mb]
	Added [x5MO] as watcher for u_2 [gApa]
	Added [bivQ] as watcher for u_0 [ZmA-]
Incepted: u_1 [A9A2]
	Added [bivQ] as watcher for u_4 [s3qS]
	Added [bivQ] as watcher for u_7 [Gbag]
	Added [2D85] as watcher for u_9 [mgp7]
	Added [x5MO] as watcher for u_3 [qNz6]
	Added [jm4C] as watcher for u_5 [U8Rv]
	Added [2D85] as watcher for u_8 [0GML]
	Added [jm4C] as watcher for u_6 [c4mb]
	Added [jm4C] as watcher for u_2 [gApa]
	Added [x5MO] as watcher for u_0 [ZmA-]
	Added [2D85] as watcher for u_1 [A9A2]
	Added [x5MO] as watcher for u_4 [s3qS]
	Added [x5MO] as watcher for u_9 [mgp7]
	Added [jm4C] as watcher for u_7 [Gbag]
	Added [x5MO] as watcher for u_5 [U8Rv]
	Added [jm4C] as watcher for u_3 [qNz6]
	Added [x5MO] as watcher for u_6 [c4mb]
	Added [jm4C] as watcher for u_8 [0GML]
	Added [2D85] as watcher for u_2 [gApa]
	Asking u_2 [gApa]'s watchers to watch [IjVS]
	Added [bivQ] as watcher for u_3 [qNz6]
	Asking u_3 [qNz6]'s watchers to watch [IjVS]
	Added [2D85] as watcher for u_0 [ZmA-]
	Asking u_0 [ZmA-]'s watchers to watch [IjVS]
	Added [x5MO] as watcher for u_1 [A9A2]
	Added [jm4C] as watcher for u_9 [mgp7]
	Asking u_9 [mgp7]'s watchers to watch [IjVS]
	Added [2D85] as watcher for u_7 [Gbag]
	Asking u_7 [Gbag]'s watchers to watch [IjVS]
	Added [jm4C] as watcher for u_4 [s3qS]
	Asking u_4 [s3qS]'s watchers to watch [IjVS]
	Added [2D85] as watcher for u_5 [U8Rv]
	Asking u_5 [U8Rv]'s watchers to watch [IjVS]
	Added [2D85] as watcher for u_6 [c4mb]
	Asking u_6 [c4mb]'s watchers to watch [IjVS]
	Added [x5MO] as watcher for u_8 [0GML]
	Asking u_8 [0GML]'s watchers to watch [IjVS]
	✅ u_2 [gApa] Inception Done
	✅ u_0 [ZmA-] Inception Done
	Added [jm4C] as watcher for u_1 [A9A2]
	Asking u_1 [A9A2]'s watchers to watch [IjVS]
	✅ u_3 [qNz6] Inception Done
	✅ u_4 [s3qS] Inception Done
	✅ u_5 [U8Rv] Inception Done
	✅ u_7 [Gbag] Inception Done
	✅ u_9 [mgp7] Inception Done
	✅ u_6 [c4mb] Inception Done
	✅ u_8 [0GML] Inception Done
	✅ u_1 [A9A2] Inception Done
Test 2 (signature verification)
	✅ u_8 [0GML] Message verified
	✅ u_1 [A9A2] Message verified
	✅ u_0 [ZmA-] Message verified
	✅ u_4 [s3qS] Message verified
	✅ u_5 [U8Rv] Message verified
	✅ u_9 [mgp7] Message verified
	✅ u_7 [Gbag] Message verified
	✅ u_6 [c4mb] Message verified
	✅ u_2 [gApa] Message verified
	✅ u_3 [qNz6] Message verified
Waiting for an incoming message - Test 3 (signature verification after rotation of issuer)
	✅ u_8 [0GML] Message Verified (2)
	✅ u_0 [ZmA-] Message Verified (2)
	✅ u_2 [gApa] Message Verified (2)
	✅ u_1 [A9A2] Message Verified (2)
	✅ u_9 [mgp7] Message Verified (2)
	✅ u_7 [Gbag] Message Verified (2)
	✅ u_6 [c4mb] Message Verified (2)
	✅ u_3 [qNz6] Message Verified (2)
	✅ u_5 [U8Rv] Message Verified (2)
	✅ u_4 [s3qS] Message Verified (2)
Waiting for an incoming message - Test 4 (valid acdc credential)
skipped--
Waiting for an incoming message - Test 5 (acdc revocation)
skipped--
Waiting for an incoming message - Test 6
u_4 [s3qS] Starts Rotation
u_1 [A9A2] Starts Rotation
u_5 [U8Rv] Starts Rotation
u_0 [ZmA-] Starts Rotation
u_3 [qNz6] Starts Rotation
u_7 [Gbag] Starts Rotation
u_2 [gApa] Starts Rotation
u_8 [0GML] Starts Rotation
u_9 [mgp7] Starts Rotation
u_6 [c4mb] Starts Rotation
u_4 [s3qS] Ends Rotation
u_4 [s3qS] - Completed Key Rotation
u_6 [c4mb] Ends Rotation
u_6 [c4mb] - Completed Key Rotation
u_9 [mgp7] Ends Rotation
u_9 [mgp7] - Completed Key Rotation
u_0 [ZmA-] Ends Rotation
u_0 [ZmA-] - Completed Key Rotation
u_2 [gApa] Ends Rotation
u_2 [gApa] - Completed Key Rotation
u_1 [A9A2] Ends Rotation
u_1 [A9A2] - Completed Key Rotation
u_3 [qNz6] Ends Rotation
u_3 [qNz6] - Completed Key Rotation
u_7 [Gbag] Ends Rotation
u_7 [Gbag] - Completed Key Rotation
u_8 [0GML] Ends Rotation
u_8 [0GML] - Completed Key Rotation
u_5 [U8Rv] Ends Rotation
u_5 [U8Rv] - Completed Key Rotation
Executed 10 users / 10 success / 0 fail
Test 1: 5992ms (599 p.u.)
Test 2: 1ms (0 p.u.)
Test 3: 726ms (72 p.u.)
Test 4: 2848ms (284 p.u.)
