Waiting for an incoming message - Test 1 (inception)
Error while deserializing http message: Error("EOF while parsing a value", line: 1, column: 0)
	Preparing Data...
	Data is ready, starting users and test1
Incepted: u_2 [GqXD]
Incepted: u_8 [va-z]
	Added [bivQ] as watcher for u_2 [GqXD]
	Added [bivQ] as watcher for u_8 [va-z]
Incepted: u_9 [waw4]
Incepted: u_4 [Vkyx]
	Added [jm4C] as watcher for u_2 [GqXD]
Incepted: u_0 [dJYx]
Incepted: u_6 [iCE5]
Incepted: u_1 [SGGd]
Incepted: u_3 [Ru_G]
	Added [jm4C] as watcher for u_8 [va-z]
	Added [bivQ] as watcher for u_4 [Vkyx]
	Added [x5MO] as watcher for u_9 [waw4]
	Added [2D85] as watcher for u_1 [SGGd]
Incepted: u_5 [fIZM]
	Added [x5MO] as watcher for u_2 [GqXD]
	Asking u_2 [GqXD]'s watchers to watch [IjVS]
	Added [bivQ] as watcher for u_0 [dJYx]
	Added [2D85] as watcher for u_6 [iCE5]
Incepted: u_7 [Ywrw]
	Added [x5MO] as watcher for u_3 [Ru_G]
	Added [2D85] as watcher for u_8 [va-z]
	Asking u_8 [va-z]'s watchers to watch [IjVS]
	Added [x5MO] as watcher for u_4 [Vkyx]
	✅ u_2 [GqXD] Inception Done
	Added [jm4C] as watcher for u_5 [fIZM]
	Added [bivQ] as watcher for u_1 [SGGd]
	Added [2D85] as watcher for u_9 [waw4]
	Added [bivQ] as watcher for u_6 [iCE5]
	✅ u_8 [va-z] Inception Done
	Added [x5MO] as watcher for u_0 [dJYx]
	Added [2D85] as watcher for u_3 [Ru_G]
	Added [2D85] as watcher for u_7 [Ywrw]
	Added [2D85] as watcher for u_4 [Vkyx]
	Asking u_4 [Vkyx]'s watchers to watch [IjVS]
	Added [bivQ] as watcher for u_5 [fIZM]
	Added [jm4C] as watcher for u_1 [SGGd]
	Asking u_1 [SGGd]'s watchers to watch [IjVS]
	Added [bivQ] as watcher for u_9 [waw4]
	Asking u_9 [waw4]'s watchers to watch [IjVS]
	Added [x5MO] as watcher for u_6 [iCE5]
	Asking u_6 [iCE5]'s watchers to watch [IjVS]
	Added [jm4C] as watcher for u_0 [dJYx]
	Asking u_0 [dJYx]'s watchers to watch [IjVS]
	Added [x5MO] as watcher for u_7 [Ywrw]
	Added [bivQ] as watcher for u_3 [Ru_G]
	Asking u_3 [Ru_G]'s watchers to watch [IjVS]
	✅ u_4 [Vkyx] Inception Done
	Added [x5MO] as watcher for u_5 [fIZM]
	Asking u_5 [fIZM]'s watchers to watch [IjVS]
	✅ u_6 [iCE5] Inception Done
	✅ u_0 [dJYx] Inception Done
	✅ u_3 [Ru_G] Inception Done
	✅ u_1 [SGGd] Inception Done
	✅ u_9 [waw4] Inception Done
	Added [bivQ] as watcher for u_7 [Ywrw]
	Asking u_7 [Ywrw]'s watchers to watch [IjVS]
	✅ u_5 [fIZM] Inception Done
	✅ u_7 [Ywrw] Inception Done
Test 2 (signature verification)
	✅ u_4 [Vkyx] Message verified
	✅ u_7 [Ywrw] Message verified
	✅ u_3 [Ru_G] Message verified
	✅ u_0 [dJYx] Message verified
	✅ u_9 [waw4] Message verified
	✅ u_5 [fIZM] Message verified
	✅ u_6 [iCE5] Message verified
	✅ u_8 [va-z] Message verified
	✅ u_1 [SGGd] Message verified
	✅ u_2 [GqXD] Message verified
Waiting for an incoming message - Test 3 (signature verification after rotation of issuer)
	✅ u_6 [iCE5] Message Verified (2)
	✅ u_2 [GqXD] Message Verified (2)
	✅ u_8 [va-z] Message Verified (2)
	✅ u_5 [fIZM] Message Verified (2)
	✅ u_7 [Ywrw] Message Verified (2)
	✅ u_3 [Ru_G] Message Verified (2)
	✅ u_4 [Vkyx] Message Verified (2)
	✅ u_1 [SGGd] Message Verified (2)
	✅ u_0 [dJYx] Message Verified (2)
	✅ u_9 [waw4] Message Verified (2)
Waiting for an incoming message - Test 4 (valid acdc credential)
skipped--
Waiting for an incoming message - Test 5 (acdc revocation)
skipped--
Waiting for an incoming message - Test 6
u_9 [waw4] Starts Rotation
u_0 [dJYx] Starts Rotation
u_5 [fIZM] Starts Rotation
u_7 [Ywrw] Starts Rotation
u_3 [Ru_G] Starts Rotation
u_4 [Vkyx] Starts Rotation
u_1 [SGGd] Starts Rotation
u_8 [va-z] Starts Rotation
u_2 [GqXD] Starts Rotation
u_6 [iCE5] Starts Rotation
u_8 [va-z] Ends Rotation
u_8 [va-z] - Completed Key Rotation
u_1 [SGGd] Ends Rotation
u_1 [SGGd] - Completed Key Rotation
u_2 [GqXD] Ends Rotation
u_2 [GqXD] - Completed Key Rotation
u_9 [waw4] Ends Rotation
u_9 [waw4] - Completed Key Rotation
u_4 [Vkyx] Ends Rotation
u_4 [Vkyx] - Completed Key Rotation
u_0 [dJYx] Ends Rotation
u_0 [dJYx] - Completed Key Rotation
u_3 [Ru_G] Ends Rotation
u_3 [Ru_G] - Completed Key Rotation
u_6 [iCE5] Ends Rotation
u_6 [iCE5] - Completed Key Rotation
u_5 [fIZM] Ends Rotation
u_5 [fIZM] - Completed Key Rotation
u_7 [Ywrw] Ends Rotation
u_7 [Ywrw] - Completed Key Rotation
Executed 10 users / 10 success / 0 fail
Test 1: 68408ms (6840 p.u.)
Test 2: 1ms (0 p.u.)
Test 3: 755ms (75 p.u.)
Test 4: 65161ms (6516 p.u.)
