Waiting for an incoming message - Test 1 (inception)
Error while deserializing http message: Error("EOF while parsing a value", line: 1, column: 0)
	Preparing Data...
	Data is ready, starting users and test1
Incepted: u_2 [RKKJ]
Incepted: u_0 [nl3N]
Incepted: u_7 [LcPF]
Incepted: u_8 [lu4A]
Incepted: u_9 [VxPS]
Incepted: u_4 [ttmf]
Incepted: u_5 [rWsi]
Incepted: u_3 [4KIN]
	Added [bivQ] as watcher for u_9 [VxPS]
	Added [bivQ] as watcher for u_8 [lu4A]
Incepted: u_1 [cPJX]
	Added [bivQ] as watcher for u_3 [4KIN]
	Added [x5MO] as watcher for u_2 [RKKJ]
	Added [x5MO] as watcher for u_0 [nl3N]
Incepted: u_6 [NNZ8]
	Added [2D85] as watcher for u_4 [ttmf]
	Added [jm4C] as watcher for u_7 [LcPF]
	Added [jm4C] as watcher for u_5 [rWsi]
	Added [2D85] as watcher for u_9 [VxPS]
	Added [x5MO] as watcher for u_8 [lu4A]
	Added [x5MO] as watcher for u_1 [cPJX]
	Added [2D85] as watcher for u_3 [4KIN]
	Added [jm4C] as watcher for u_2 [RKKJ]
	Added [x5MO] as watcher for u_4 [ttmf]
	Added [2D85] as watcher for u_0 [nl3N]
	Added [jm4C] as watcher for u_6 [NNZ8]
	Added [2D85] as watcher for u_7 [LcPF]
	Added [bivQ] as watcher for u_2 [RKKJ]
	Asking u_2 [RKKJ]'s watchers to watch [IjVS]
	Added [x5MO] as watcher for u_5 [rWsi]
	Added [bivQ] as watcher for u_6 [NNZ8]
	Added [2D85] as watcher for u_1 [cPJX]
	Added [jm4C] as watcher for u_9 [VxPS]
	Asking u_9 [VxPS]'s watchers to watch [IjVS]
	Added [jm4C] as watcher for u_8 [lu4A]
	Asking u_8 [lu4A]'s watchers to watch [IjVS]
	Added [x5MO] as watcher for u_3 [4KIN]
	Asking u_3 [4KIN]'s watchers to watch [IjVS]
	Added [jm4C] as watcher for u_0 [nl3N]
	Asking u_0 [nl3N]'s watchers to watch [IjVS]
	Added [bivQ] as watcher for u_1 [cPJX]
	Asking u_1 [cPJX]'s watchers to watch [IjVS]
	Added [jm4C] as watcher for u_4 [ttmf]
	Asking u_4 [ttmf]'s watchers to watch [IjVS]
	Added [x5MO] as watcher for u_7 [LcPF]
	Asking u_7 [LcPF]'s watchers to watch [IjVS]
	Added [2D85] as watcher for u_5 [rWsi]
	Asking u_5 [rWsi]'s watchers to watch [IjVS]
	Added [x5MO] as watcher for u_6 [NNZ8]
	Asking u_6 [NNZ8]'s watchers to watch [IjVS]
	✅ u_2 [RKKJ] Inception Done
	✅ u_8 [lu4A] Inception Done
	✅ u_9 [VxPS] Inception Done
	✅ u_3 [4KIN] Inception Done
	✅ u_0 [nl3N] Inception Done
	✅ u_4 [ttmf] Inception Done
	✅ u_1 [cPJX] Inception Done
	✅ u_7 [LcPF] Inception Done
	✅ u_6 [NNZ8] Inception Done
	✅ u_5 [rWsi] Inception Done
Test 2 (signature verification)
	✅ u_5 [rWsi] Message verified
	✅ u_0 [nl3N] Message verified
	✅ u_9 [VxPS] Message verified
	✅ u_7 [LcPF] Message verified
	✅ u_4 [ttmf] Message verified
	✅ u_6 [NNZ8] Message verified
	✅ u_1 [cPJX] Message verified
	✅ u_3 [4KIN] Message verified
	✅ u_8 [lu4A] Message verified
	✅ u_2 [RKKJ] Message verified
Waiting for an incoming message - Test 3 (signature verification after rotation of issuer)
	✅ u_1 [cPJX] Message Verified (2)
	✅ u_6 [NNZ8] Message Verified (2)
	✅ u_3 [4KIN] Message Verified (2)
	✅ u_5 [rWsi] Message Verified (2)
	✅ u_4 [ttmf] Message Verified (2)
	✅ u_9 [VxPS] Message Verified (2)
	✅ u_0 [nl3N] Message Verified (2)
	✅ u_2 [RKKJ] Message Verified (2)
	✅ u_7 [LcPF] Message Verified (2)
	✅ u_8 [lu4A] Message Verified (2)
Waiting for an incoming message - Test 4 (valid acdc credential)
skipped--
Waiting for an incoming message - Test 5 (acdc revocation)
skipped--
Waiting for an incoming message - Test 6
u_8 [lu4A] Starts Rotation
u_5 [rWsi] Starts Rotation
u_4 [ttmf] Starts Rotation
u_1 [cPJX] Starts Rotation
u_9 [VxPS] Starts Rotation
u_2 [RKKJ] Starts Rotation
u_7 [LcPF] Starts Rotation
u_3 [4KIN] Starts Rotation
u_0 [nl3N] Starts Rotation
u_6 [NNZ8] Starts Rotation
u_2 [RKKJ] Ends Rotation
u_2 [RKKJ] - Completed Key Rotation
u_1 [cPJX] Ends Rotation
u_1 [cPJX] - Completed Key Rotation
u_5 [rWsi] Ends Rotation
u_5 [rWsi] - Completed Key Rotation
u_4 [ttmf] Ends Rotation
u_4 [ttmf] - Completed Key Rotation
u_8 [lu4A] Ends Rotation
u_8 [lu4A] - Completed Key Rotation
u_6 [NNZ8] Ends Rotation
u_6 [NNZ8] - Completed Key Rotation
u_9 [VxPS] Ends Rotation
u_9 [VxPS] - Completed Key Rotation
u_3 [4KIN] Ends Rotation
u_3 [4KIN] - Completed Key Rotation
u_7 [LcPF] Ends Rotation
u_7 [LcPF] - Completed Key Rotation
u_0 [nl3N] Ends Rotation
u_0 [nl3N] - Completed Key Rotation
Executed 10 users / 10 success / 0 fail
Test 1: 4514ms (451 p.u.)
Test 2: 1ms (0 p.u.)
Test 3: 550ms (55 p.u.)
Test 4: 2476ms (247 p.u.)
