Waiting for an incoming message - Test 1 (inception)
Error while deserializing http message: Error("EOF while parsing a value", line: 1, column: 0)
	Preparing Data...
	Data is ready, starting users and test1
Incepted: u_4 [ZAlk]
Incepted: u_3 [Nxjw]
Incepted: u_8 [zAg0]
Incepted: u_2 [SIMB]
Incepted: u_6 [mFZw]
Incepted: u_1 [8vK_]
Incepted: u_9 [1L15]
Incepted: u_0 [VRlC]
Incepted: u_7 [KZns]
Incepted: u_5 [KB1l]
	Added [bivQ] as watcher for u_9 [1L15]
	Added [bivQ] as watcher for u_5 [KB1l]
	Added [x5MO] as watcher for u_3 [Nxjw]
	Added [2D85] as watcher for u_1 [8vK_]
	Added [jm4C] as watcher for u_4 [ZAlk]
	Added [2D85] as watcher for u_2 [SIMB]
	Added [x5MO] as watcher for u_0 [VRlC]
	Added [jm4C] as watcher for u_8 [zAg0]
	Added [x5MO] as watcher for u_7 [KZns]
	Added [jm4C] as watcher for u_6 [mFZw]
	Added [bivQ] as watcher for u_3 [Nxjw]
	Added [2D85] as watcher for u_9 [1L15]
	Added [bivQ] as watcher for u_1 [8vK_]
	Added [bivQ] as watcher for u_6 [mFZw]
	Added [bivQ] as watcher for u_7 [KZns]
	Added [jm4C] as watcher for u_5 [KB1l]
	Added [2D85] as watcher for u_4 [ZAlk]
	Added [x5MO] as watcher for u_2 [SIMB]
	Added [2D85] as watcher for u_8 [zAg0]
	Added [jm4C] as watcher for u_0 [VRlC]
	Added [2D85] as watcher for u_3 [Nxjw]
	Asking u_3 [Nxjw]'s watchers to watch [IjVS]
	Added [x5MO] as watcher for u_9 [1L15]
	Asking u_9 [1L15]'s watchers to watch [IjVS]
	Added [bivQ] as watcher for u_8 [zAg0]
	Asking u_8 [zAg0]'s watchers to watch [IjVS]
	Added [2D85] as watcher for u_6 [mFZw]
	Asking u_6 [mFZw]'s watchers to watch [IjVS]
	Added [jm4C] as watcher for u_1 [8vK_]
	Asking u_1 [8vK_]'s watchers to watch [IjVS]
	Added [2D85] as watcher for u_5 [KB1l]
	Asking u_5 [KB1l]'s watchers to watch [IjVS]
	Added [jm4C] as watcher for u_7 [KZns]
	Asking u_7 [KZns]'s watchers to watch [IjVS]
	Added [x5MO] as watcher for u_4 [ZAlk]
	Asking u_4 [ZAlk]'s watchers to watch [IjVS]
	Added [2D85] as watcher for u_0 [VRlC]
	Asking u_0 [VRlC]'s watchers to watch [IjVS]
	Added [jm4C] as watcher for u_2 [SIMB]
	Asking u_2 [SIMB]'s watchers to watch [IjVS]
	✅ u_3 [Nxjw] Inception Done
	✅ u_8 [zAg0] Inception Done
	✅ u_6 [mFZw] Inception Done
	✅ u_9 [1L15] Inception Done
	✅ u_1 [8vK_] Inception Done
	✅ u_5 [KB1l] Inception Done
	✅ u_7 [KZns] Inception Done
	✅ u_4 [ZAlk] Inception Done
	✅ u_2 [SIMB] Inception Done
	✅ u_0 [VRlC] Inception Done
Test 2 (signature verification)
	✅ u_0 [VRlC] Message verified
	✅ u_5 [KB1l] Message verified
	✅ u_4 [ZAlk] Message verified
	✅ u_6 [mFZw] Message verified
	✅ u_1 [8vK_] Message verified
	✅ u_3 [Nxjw] Message verified
	✅ u_2 [SIMB] Message verified
	✅ u_8 [zAg0] Message verified
	✅ u_9 [1L15] Message verified
	✅ u_7 [KZns] Message verified
Waiting for an incoming message - Test 3 (signature verification after rotation of issuer)
	✅ u_5 [KB1l] Message Verified (2)
	✅ u_0 [VRlC] Message Verified (2)
	✅ u_1 [8vK_] Message Verified (2)
	✅ u_2 [SIMB] Message Verified (2)
	✅ u_6 [mFZw] Message Verified (2)
	✅ u_3 [Nxjw] Message Verified (2)
	✅ u_9 [1L15] Message Verified (2)
	✅ u_7 [KZns] Message Verified (2)
	✅ u_8 [zAg0] Message Verified (2)
	✅ u_4 [ZAlk] Message Verified (2)
Waiting for an incoming message - Test 4 (valid acdc credential)
skipped--
Waiting for an incoming message - Test 5 (acdc revocation)
skipped--
Waiting for an incoming message - Test 6
u_4 [ZAlk] Starts Rotation
u_2 [SIMB] Starts Rotation
u_8 [zAg0] Starts Rotation
u_5 [KB1l] Starts Rotation
u_1 [8vK_] Starts Rotation
u_0 [VRlC] Starts Rotation
u_6 [mFZw] Starts Rotation
u_9 [1L15] Starts Rotation
u_3 [Nxjw] Starts Rotation
u_7 [KZns] Starts Rotation
u_5 [KB1l] Ends Rotation
u_5 [KB1l] - Completed Key Rotation
u_2 [SIMB] Ends Rotation
u_2 [SIMB] - Completed Key Rotation
u_9 [1L15] Ends Rotation
u_9 [1L15] - Completed Key Rotation
u_4 [ZAlk] Ends Rotation
u_4 [ZAlk] - Completed Key Rotation
u_8 [zAg0] Ends Rotation
u_8 [zAg0] - Completed Key Rotation
u_7 [KZns] Ends Rotation
u_7 [KZns] - Completed Key Rotation
u_6 [mFZw] Ends Rotation
u_6 [mFZw] - Completed Key Rotation
u_0 [VRlC] Ends Rotation
u_0 [VRlC] - Completed Key Rotation
u_3 [Nxjw] Ends Rotation
u_3 [Nxjw] - Completed Key Rotation
u_1 [8vK_] Ends Rotation
u_1 [8vK_] - Completed Key Rotation
Executed 10 users / 10 success / 0 fail
Test 1: 4224ms (422 p.u.)
Test 2: 1ms (0 p.u.)
Test 3: 482ms (48 p.u.)
Test 4: 3062ms (306 p.u.)
