Waiting for an incoming message - Test 1 (inception)
Error while deserializing http message: Error("EOF while parsing a value", line: 1, column: 0)
	Preparing Data...
	Data is ready, starting users and test1
Incepted: u_4 [kGfR]
	Added [2D85] as watcher for u_4 [kGfR]
	Added [bivQ] as watcher for u_4 [kGfR]
	Added [jm4C] as watcher for u_4 [kGfR]
	Asking u_4 [kGfR]'s watchers to watch [IjVS]
Incepted: u_0 [25IW]
	Added [x5MO] as watcher for u_0 [25IW]
Incepted: u_3 [xwy2]
Incepted: u_5 [YVw-]
	Added [bivQ] as watcher for u_0 [25IW]
	Added [bivQ] as watcher for u_3 [xwy2]
	Added [bivQ] as watcher for u_5 [YVw-]
	Added [2D85] as watcher for u_3 [xwy2]
	Added [jm4C] as watcher for u_0 [25IW]
	Asking u_0 [25IW]'s watchers to watch [IjVS]
	Added [x5MO] as watcher for u_3 [xwy2]
	Asking u_3 [xwy2]'s watchers to watch [IjVS]
	Added [jm4C] as watcher for u_5 [YVw-]
	Added [x5MO] as watcher for u_5 [YVw-]
	Asking u_5 [YVw-]'s watchers to watch [IjVS]
Incepted: u_6 [53Zx]
	✅ u_4 [kGfR] Inception Done
	Added [bivQ] as watcher for u_6 [53Zx]
Incepted: u_2 [RBey]
	✅ u_3 [xwy2] Inception Done
Incepted: u_7 [0nJy]
Incepted: u_8 [K3bO]
	✅ u_5 [YVw-] Inception Done
	Added [x5MO] as watcher for u_6 [53Zx]
	Added [bivQ] as watcher for u_2 [RBey]
	✅ u_0 [25IW] Inception Done
	Added [bivQ] as watcher for u_8 [K3bO]
	Added [jm4C] as watcher for u_7 [0nJy]
	Added [2D85] as watcher for u_6 [53Zx]
	Asking u_6 [53Zx]'s watchers to watch [IjVS]
	Added [x5MO] as watcher for u_2 [RBey]
	Added [2D85] as watcher for u_8 [K3bO]
	Added [bivQ] as watcher for u_7 [0nJy]
	✅ u_6 [53Zx] Inception Done
Incepted: u_9 [okOS]
Incepted: u_1 [athU]
	Added [jm4C] as watcher for u_2 [RBey]
	Asking u_2 [RBey]'s watchers to watch [IjVS]
	Added [x5MO] as watcher for u_8 [K3bO]
	Asking u_8 [K3bO]'s watchers to watch [IjVS]
	✅ u_2 [RBey] Inception Done
	Added [2D85] as watcher for u_7 [0nJy]
	Asking u_7 [0nJy]'s watchers to watch [IjVS]
	Added [jm4C] as watcher for u_9 [okOS]
	Added [bivQ] as watcher for u_1 [athU]
	✅ u_8 [K3bO] Inception Done
	✅ u_7 [0nJy] Inception Done
	Added [x5MO] as watcher for u_1 [athU]
	Added [x5MO] as watcher for u_9 [okOS]
	Added [jm4C] as watcher for u_1 [athU]
	Asking u_1 [athU]'s watchers to watch [IjVS]
	✅ u_1 [athU] Inception Done
	Added [2D85] as watcher for u_9 [okOS]
	Asking u_9 [okOS]'s watchers to watch [IjVS]
	✅ u_9 [okOS] Inception Done
Test 2 (signature verification)
	✅ u_9 [okOS] Message verified
	✅ u_6 [53Zx] Message verified
	✅ u_8 [K3bO] Message verified
	✅ u_7 [0nJy] Message verified
	✅ u_5 [YVw-] Message verified
	✅ u_1 [athU] Message verified
	✅ u_2 [RBey] Message verified
	✅ u_0 [25IW] Message verified
	✅ u_4 [kGfR] Message verified
	✅ u_3 [xwy2] Message verified
Waiting for an incoming message - Test 3 (signature verification after rotation of issuer)
	✅ u_4 [kGfR] Message Verified (2)
	✅ u_3 [xwy2] Message Verified (2)
	✅ u_6 [53Zx] Message Verified (2)
	✅ u_2 [RBey] Message Verified (2)
	✅ u_5 [YVw-] Message Verified (2)
	✅ u_9 [okOS] Message Verified (2)
	✅ u_8 [K3bO] Message Verified (2)
	✅ u_7 [0nJy] Message Verified (2)
	✅ u_1 [athU] Message Verified (2)
	✅ u_0 [25IW] Message Verified (2)
Waiting for an incoming message - Test 4 (valid acdc credential)
skipped--
Waiting for an incoming message - Test 5 (acdc revocation)
skipped--
Waiting for an incoming message - Test 6
u_9 [okOS] Starts Rotation
u_7 [0nJy] Starts Rotation
u_2 [RBey] Starts Rotation
u_5 [YVw-] Starts Rotation
u_8 [K3bO] Starts Rotation
u_4 [kGfR] Starts Rotation
u_3 [xwy2] Starts Rotation
u_0 [25IW] Starts Rotation
u_6 [53Zx] Starts Rotation
u_1 [athU] Starts Rotation
u_3 [xwy2] Ends Rotation
u_3 [xwy2] - Completed Key Rotation
u_8 [K3bO] Ends Rotation
u_8 [K3bO] - Completed Key Rotation
u_5 [YVw-] Ends Rotation
u_5 [YVw-] - Completed Key Rotation
u_1 [athU] Ends Rotation
u_1 [athU] - Completed Key Rotation
u_7 [0nJy] Ends Rotation
u_7 [0nJy] - Completed Key Rotation
u_4 [kGfR] Ends Rotation
u_4 [kGfR] - Completed Key Rotation
u_6 [53Zx] Ends Rotation
u_6 [53Zx] - Completed Key Rotation
u_9 [okOS] Ends Rotation
u_9 [okOS] - Completed Key Rotation
u_0 [25IW] Ends Rotation
u_0 [25IW] - Completed Key Rotation
u_2 [RBey] Ends Rotation
u_2 [RBey] - Completed Key Rotation
Executed 10 users / 10 success / 0 fail
Test 1: 77466ms (7746 p.u.)
Test 2: 1ms (0 p.u.)
Test 3: 761ms (76 p.u.)
Test 4: 72520ms (7252 p.u.)
