Waiting for an incoming message - Test 1 (inception)
Error while deserializing http message: Error("EOF while parsing a value", line: 1, column: 0)
	Preparing Data...
	Data is ready, starting users and test1
Incepted: u_8 [RKyo]
Incepted: u_5 [OOgG]
Incepted: u_4 [xG60]
	Added [2D85] as watcher for u_8 [RKyo]
Incepted: u_1 [WMZK]
	Added [bivQ] as watcher for u_4 [xG60]
	Added [jm4C] as watcher for u_5 [OOgG]
Incepted: u_3 [MOVb]
Incepted: u_2 [pGb5]
Incepted: u_6 [GL54]
Incepted: u_0 [9tjE]
	Added [jm4C] as watcher for u_8 [RKyo]
	Added [2D85] as watcher for u_1 [WMZK]
Incepted: u_9 [-QnI]
	Added [bivQ] as watcher for u_5 [OOgG]
	Added [jm4C] as watcher for u_4 [xG60]
	Added [2D85] as watcher for u_3 [MOVb]
	Added [jm4C] as watcher for u_2 [pGb5]
Incepted: u_7 [1EZP]
	Added [jm4C] as watcher for u_6 [GL54]
	Added [x5MO] as watcher for u_0 [9tjE]
	Added [bivQ] as watcher for u_1 [WMZK]
	Added [x5MO] as watcher for u_8 [RKyo]
	Asking u_8 [RKyo]'s watchers to watch [IjVS]
	Added [x5MO] as watcher for u_9 [-QnI]
	Added [2D85] as watcher for u_5 [OOgG]
	Asking u_5 [OOgG]'s watchers to watch [IjVS]
	Added [2D85] as watcher for u_4 [xG60]
	Asking u_4 [xG60]'s watchers to watch [IjVS]
	Added [jm4C] as watcher for u_3 [MOVb]
	Added [bivQ] as watcher for u_2 [pGb5]
	Added [x5MO] as watcher for u_7 [1EZP]
	Added [bivQ] as watcher for u_6 [GL54]
	✅ u_8 [RKyo] Inception Done
	Added [x5MO] as watcher for u_1 [WMZK]
	Asking u_1 [WMZK]'s watchers to watch [IjVS]
	✅ u_5 [OOgG] Inception Done
	Added [2D85] as watcher for u_0 [9tjE]
	Added [2D85] as watcher for u_9 [-QnI]
	✅ u_4 [xG60] Inception Done
	Added [jm4C] as watcher for u_7 [1EZP]
	Added [2D85] as watcher for u_2 [pGb5]
	Asking u_2 [pGb5]'s watchers to watch [IjVS]
	Added [x5MO] as watcher for u_3 [MOVb]
	Asking u_3 [MOVb]'s watchers to watch [IjVS]
	✅ u_1 [WMZK] Inception Done
	Added [2D85] as watcher for u_6 [GL54]
	Asking u_6 [GL54]'s watchers to watch [IjVS]
	Added [bivQ] as watcher for u_0 [9tjE]
	Asking u_0 [9tjE]'s watchers to watch [IjVS]
	Added [jm4C] as watcher for u_9 [-QnI]
	Asking u_9 [-QnI]'s watchers to watch [IjVS]
	✅ u_3 [MOVb] Inception Done
	Added [2D85] as watcher for u_7 [1EZP]
	Asking u_7 [1EZP]'s watchers to watch [IjVS]
	✅ u_2 [pGb5] Inception Done
	✅ u_0 [9tjE] Inception Done
	✅ u_9 [-QnI] Inception Done
	✅ u_7 [1EZP] Inception Done
	✅ u_6 [GL54] Inception Done
Test 2 (signature verification)
	✅ u_6 [GL54] Message verified
	✅ u_3 [MOVb] Message verified
	✅ u_2 [pGb5] Message verified
	✅ u_8 [RKyo] Message verified
	✅ u_7 [1EZP] Message verified
	✅ u_4 [xG60] Message verified
	✅ u_0 [9tjE] Message verified
	✅ u_9 [-QnI] Message verified
	✅ u_5 [OOgG] Message verified
	✅ u_1 [WMZK] Message verified
Waiting for an incoming message - Test 3 (signature verification after rotation of issuer)
	✅ u_9 [-QnI] Message Verified (2)
	✅ u_4 [xG60] Message Verified (2)
	✅ u_5 [OOgG] Message Verified (2)
	✅ u_8 [RKyo] Message Verified (2)
	✅ u_1 [WMZK] Message Verified (2)
	✅ u_7 [1EZP] Message Verified (2)
	✅ u_0 [9tjE] Message Verified (2)
	✅ u_2 [pGb5] Message Verified (2)
	✅ u_3 [MOVb] Message Verified (2)
	✅ u_6 [GL54] Message Verified (2)
Waiting for an incoming message - Test 4 (valid acdc credential)
skipped--
Waiting for an incoming message - Test 5 (acdc revocation)
skipped--
Waiting for an incoming message - Test 6
u_6 [GL54] Starts Rotation
u_3 [MOVb] Starts Rotation
u_1 [WMZK] Starts Rotation
u_9 [-QnI] Starts Rotation
u_2 [pGb5] Starts Rotation
u_7 [1EZP] Starts Rotation
u_8 [RKyo] Starts Rotation
u_4 [xG60] Starts Rotation
u_5 [OOgG] Starts Rotation
u_0 [9tjE] Starts Rotation
u_6 [GL54] Ends Rotation
u_6 [GL54] - Completed Key Rotation
u_0 [9tjE] Ends Rotation
u_0 [9tjE] - Completed Key Rotation
u_8 [RKyo] Ends Rotation
u_8 [RKyo] - Completed Key Rotation
u_1 [WMZK] Ends Rotation
u_1 [WMZK] - Completed Key Rotation
u_7 [1EZP] Ends Rotation
u_7 [1EZP] - Completed Key Rotation
u_3 [MOVb] Ends Rotation
u_3 [MOVb] - Completed Key Rotation
u_5 [OOgG] Ends Rotation
u_5 [OOgG] - Completed Key Rotation
u_4 [xG60] Ends Rotation
u_4 [xG60] - Completed Key Rotation
u_9 [-QnI] Ends Rotation
u_9 [-QnI] - Completed Key Rotation
u_2 [pGb5] Ends Rotation
u_2 [pGb5] - Completed Key Rotation
Executed 10 users / 10 success / 0 fail
Test 1: 62483ms (6248 p.u.)
Test 2: 1ms (0 p.u.)
Test 3: 745ms (74 p.u.)
Test 4: 59626ms (5962 p.u.)
