Waiting for an incoming message - Test 1 (inception)
Error while deserializing http message: Error("EOF while parsing a value", line: 1, column: 0)
	Preparing Data...
	Data is ready, starting users and test1
Incepted: u_8 [_Kx8]
	Added [x5MO] as watcher for u_8 [_Kx8]
	Added [jm4C] as watcher for u_8 [_Kx8]
	Added [bivQ] as watcher for u_8 [_Kx8]
	Asking u_8 [_Kx8]'s watchers to watch [IjVS]
Incepted: u_3 [GGFD]
Incepted: u_7 [Wo34]
Incepted: u_9 [bvFh]
	Added [jm4C] as watcher for u_3 [GGFD]
	✅ u_8 [_Kx8] Inception Done
Incepted: u_2 [M80W]
Incepted: u_1 [LUrE]
Incepted: u_5 [sPQy]
	Added [bivQ] as watcher for u_7 [Wo34]
Incepted: u_6 [r28a]
Incepted: u_0 [AHFF]
	Added [bivQ] as watcher for u_9 [bvFh]
	Added [bivQ] as watcher for u_3 [GGFD]
Incepted: u_4 [soj1]
	Added [jm4C] as watcher for u_2 [M80W]
	Added [x5MO] as watcher for u_5 [sPQy]
	Added [2D85] as watcher for u_1 [LUrE]
	Added [x5MO] as watcher for u_7 [Wo34]
	Added [x5MO] as watcher for u_6 [r28a]
	Added [2D85] as watcher for u_0 [AHFF]
	Added [2D85] as watcher for u_9 [bvFh]
	Added [bivQ] as watcher for u_4 [soj1]
	Added [2D85] as watcher for u_3 [GGFD]
	Asking u_3 [GGFD]'s watchers to watch [IjVS]
	Added [jm4C] as watcher for u_7 [Wo34]
	Asking u_7 [Wo34]'s watchers to watch [IjVS]
	Added [jm4C] as watcher for u_5 [sPQy]
	Added [jm4C] as watcher for u_1 [LUrE]
	Added [jm4C] as watcher for u_6 [r28a]
	Added [2D85] as watcher for u_2 [M80W]
	Added [bivQ] as watcher for u_0 [AHFF]
	Added [x5MO] as watcher for u_4 [soj1]
	✅ u_7 [Wo34] Inception Done
	✅ u_3 [GGFD] Inception Done
	Added [x5MO] as watcher for u_9 [bvFh]
	Asking u_9 [bvFh]'s watchers to watch [IjVS]
	Added [jm4C] as watcher for u_0 [AHFF]
	Asking u_0 [AHFF]'s watchers to watch [IjVS]
	Added [x5MO] as watcher for u_1 [LUrE]
	Asking u_1 [LUrE]'s watchers to watch [IjVS]
	✅ u_9 [bvFh] Inception Done
	Added [2D85] as watcher for u_4 [soj1]
	Asking u_4 [soj1]'s watchers to watch [IjVS]
	Added [x5MO] as watcher for u_2 [M80W]
	Asking u_2 [M80W]'s watchers to watch [IjVS]
	Added [2D85] as watcher for u_5 [sPQy]
	Asking u_5 [sPQy]'s watchers to watch [IjVS]
	✅ u_0 [AHFF] Inception Done
	Added [2D85] as watcher for u_6 [r28a]
	Asking u_6 [r28a]'s watchers to watch [IjVS]
	✅ u_4 [soj1] Inception Done
	✅ u_6 [r28a] Inception Done
	✅ u_2 [M80W] Inception Done
	✅ u_1 [LUrE] Inception Done
	✅ u_5 [sPQy] Inception Done
Test 2 (signature verification)
	✅ u_5 [sPQy] Message verified
	✅ u_7 [Wo34] Message verified
	✅ u_6 [r28a] Message verified
	✅ u_2 [M80W] Message verified
	✅ u_4 [soj1] Message verified
	✅ u_9 [bvFh] Message verified
	✅ u_0 [AHFF] Message verified
	✅ u_8 [_Kx8] Message verified
	✅ u_3 [GGFD] Message verified
	✅ u_1 [LUrE] Message verified
Waiting for an incoming message - Test 3 (signature verification after rotation of issuer)
	✅ u_6 [r28a] Message Verified (2)
	✅ u_5 [sPQy] Message Verified (2)
	✅ u_1 [LUrE] Message Verified (2)
	✅ u_2 [M80W] Message Verified (2)
	✅ u_8 [_Kx8] Message Verified (2)
	✅ u_0 [AHFF] Message Verified (2)
	✅ u_3 [GGFD] Message Verified (2)
	✅ u_9 [bvFh] Message Verified (2)
	✅ u_7 [Wo34] Message Verified (2)
	✅ u_4 [soj1] Message Verified (2)
Waiting for an incoming message - Test 4 (valid acdc credential)
skipped--
Waiting for an incoming message - Test 5 (acdc revocation)
skipped--
Waiting for an incoming message - Test 6
u_4 [soj1] Starts Rotation
u_9 [bvFh] Starts Rotation
u_6 [r28a] Starts Rotation
u_2 [M80W] Starts Rotation
u_3 [GGFD] Starts Rotation
u_7 [Wo34] Starts Rotation
u_0 [AHFF] Starts Rotation
u_5 [sPQy] Starts Rotation
u_1 [LUrE] Starts Rotation
u_8 [_Kx8] Starts Rotation
u_3 [GGFD] Ends Rotation
u_3 [GGFD] - Completed Key Rotation
u_9 [bvFh] Ends Rotation
u_9 [bvFh] - Completed Key Rotation
u_2 [M80W] Ends Rotation
u_2 [M80W] - Completed Key Rotation
u_1 [LUrE] Ends Rotation
u_1 [LUrE] - Completed Key Rotation
u_7 [Wo34] Ends Rotation
u_7 [Wo34] - Completed Key Rotation
u_8 [_Kx8] Ends Rotation
u_8 [_Kx8] - Completed Key Rotation
u_6 [r28a] Ends Rotation
u_6 [r28a] - Completed Key Rotation
u_4 [soj1] Ends Rotation
u_4 [soj1] - Completed Key Rotation
u_5 [sPQy] Ends Rotation
u_5 [sPQy] - Completed Key Rotation
u_0 [AHFF] Ends Rotation
u_0 [AHFF] - Completed Key Rotation
Executed 10 users / 10 success / 0 fail
Test 1: 74458ms (7445 p.u.)
Test 2: 2ms (0 p.u.)
Test 3: 762ms (76 p.u.)
Test 4: 67236ms (6723 p.u.)
