Waiting for an incoming message - Test 1 (inception)
Error while deserializing http message: Error("EOF while parsing a value", line: 1, column: 0)
	Preparing Data...
	Data is ready, starting users and test1
Incepted: u_1 [rdl-]
	Added [x5MO] as watcher for u_1 [rdl-]
	Added [bivQ] as watcher for u_1 [rdl-]
Incepted: u_8 [wh4x]
	Added [jm4C] as watcher for u_1 [rdl-]
	Asking u_1 [rdl-]'s watchers to watch [IjVS]
Incepted: u_5 [_Tiy]
	Added [2D85] as watcher for u_8 [wh4x]
	Added [x5MO] as watcher for u_5 [_Tiy]
	Added [bivQ] as watcher for u_8 [wh4x]
Incepted: u_2 [fF2Y]
Incepted: u_6 [-bkG]
	Added [bivQ] as watcher for u_5 [_Tiy]
	✅ u_1 [rdl-] Inception Done
	Added [jm4C] as watcher for u_8 [wh4x]
	Asking u_8 [wh4x]'s watchers to watch [IjVS]
	Added [jm4C] as watcher for u_6 [-bkG]
Incepted: u_3 [LWpJ]
	Added [bivQ] as watcher for u_2 [fF2Y]
Incepted: u_7 [XnFx]
Incepted: u_4 [RqOX]
Incepted: u_9 [UcCL]
Incepted: u_0 [NMb4]
	Added [2D85] as watcher for u_5 [_Tiy]
	Asking u_5 [_Tiy]'s watchers to watch [IjVS]
	✅ u_8 [wh4x] Inception Done
	Added [jm4C] as watcher for u_2 [fF2Y]
	Added [x5MO] as watcher for u_6 [-bkG]
	Added [x5MO] as watcher for u_3 [LWpJ]
	Added [x5MO] as watcher for u_4 [RqOX]
	✅ u_5 [_Tiy] Inception Done
	Added [x5MO] as watcher for u_7 [XnFx]
	Added [2D85] as watcher for u_9 [UcCL]
	Added [bivQ] as watcher for u_0 [NMb4]
	Added [x5MO] as watcher for u_2 [fF2Y]
	Asking u_2 [fF2Y]'s watchers to watch [IjVS]
	Added [jm4C] as watcher for u_3 [LWpJ]
	Added [2D85] as watcher for u_6 [-bkG]
	Asking u_6 [-bkG]'s watchers to watch [IjVS]
	Added [2D85] as watcher for u_4 [RqOX]
	Added [bivQ] as watcher for u_9 [UcCL]
	Added [2D85] as watcher for u_0 [NMb4]
	✅ u_2 [fF2Y] Inception Done
	Added [2D85] as watcher for u_7 [XnFx]
	Added [bivQ] as watcher for u_3 [LWpJ]
	Asking u_3 [LWpJ]'s watchers to watch [IjVS]
	✅ u_6 [-bkG] Inception Done
	Added [x5MO] as watcher for u_9 [UcCL]
	Asking u_9 [UcCL]'s watchers to watch [IjVS]
	Added [jm4C] as watcher for u_4 [RqOX]
	Asking u_4 [RqOX]'s watchers to watch [IjVS]
	Added [jm4C] as watcher for u_0 [NMb4]
	Asking u_0 [NMb4]'s watchers to watch [IjVS]
	Added [jm4C] as watcher for u_7 [XnFx]
	Asking u_7 [XnFx]'s watchers to watch [IjVS]
	✅ u_3 [LWpJ] Inception Done
	✅ u_9 [UcCL] Inception Done
	✅ u_7 [XnFx] Inception Done
	✅ u_4 [RqOX] Inception Done
	✅ u_0 [NMb4] Inception Done
Test 2 (signature verification)
	✅ u_0 [NMb4] Message verified
	✅ u_2 [fF2Y] Message verified
	✅ u_5 [_Tiy] Message verified
	✅ u_1 [rdl-] Message verified
	✅ u_3 [LWpJ] Message verified
	✅ u_8 [wh4x] Message verified
	✅ u_4 [RqOX] Message verified
	✅ u_6 [-bkG] Message verified
	✅ u_7 [XnFx] Message verified
	✅ u_9 [UcCL] Message verified
Waiting for an incoming message - Test 3 (signature verification after rotation of issuer)
	✅ u_1 [rdl-] Message Verified (2)
	✅ u_0 [NMb4] Message Verified (2)
	✅ u_6 [-bkG] Message Verified (2)
	✅ u_3 [LWpJ] Message Verified (2)
	✅ u_7 [XnFx] Message Verified (2)
	✅ u_9 [UcCL] Message Verified (2)
	✅ u_8 [wh4x] Message Verified (2)
	✅ u_2 [fF2Y] Message Verified (2)
	✅ u_4 [RqOX] Message Verified (2)
	✅ u_5 [_Tiy] Message Verified (2)
Waiting for an incoming message - Test 4 (valid acdc credential)
skipped--
Waiting for an incoming message - Test 5 (acdc revocation)
skipped--
Waiting for an incoming message - Test 6
u_4 [RqOX] Starts Rotation
u_5 [_Tiy] Starts Rotation
u_7 [XnFx] Starts Rotation
u_9 [UcCL] Starts Rotation
u_1 [rdl-] Starts Rotation
u_6 [-bkG] Starts Rotation
u_2 [fF2Y] Starts Rotation
u_3 [LWpJ] Starts Rotation
u_8 [wh4x] Starts Rotation
u_0 [NMb4] Starts Rotation
u_1 [rdl-] Ends Rotation
u_1 [rdl-] - Completed Key Rotation
u_0 [NMb4] Ends Rotation
u_0 [NMb4] - Completed Key Rotation
u_7 [XnFx] Ends Rotation
u_7 [XnFx] - Completed Key Rotation
u_3 [LWpJ] Ends Rotation
u_3 [LWpJ] - Completed Key Rotation
u_8 [wh4x] Ends Rotation
u_8 [wh4x] - Completed Key Rotation
u_2 [fF2Y] Ends Rotation
u_2 [fF2Y] - Completed Key Rotation
u_9 [UcCL] Ends Rotation
u_9 [UcCL] - Completed Key Rotation
u_6 [-bkG] Ends Rotation
u_6 [-bkG] - Completed Key Rotation
u_5 [_Tiy] Ends Rotation
u_5 [_Tiy] - Completed Key Rotation
u_4 [RqOX] Ends Rotation
u_4 [RqOX] - Completed Key Rotation
Executed 10 users / 10 success / 0 fail
Test 1: 63859ms (6385 p.u.)
Test 2: 1ms (0 p.u.)
Test 3: 591ms (59 p.u.)
Test 4: 58916ms (5891 p.u.)
