Waiting for an incoming message - Test 1 (inception)
Error while deserializing http message: Error("EOF while parsing a value", line: 1, column: 0)
	Preparing Data...
	Data is ready, starting users and test1
Incepted: u_3 [IutL]
	Added [2D85] as watcher for u_3 [IutL]
Incepted: u_7 [bsD6]
Incepted: u_6 [ktzD]
	Added [x5MO] as watcher for u_3 [IutL]
	Added [jm4C] as watcher for u_7 [bsD6]
Incepted: u_5 [Ep_g]
	Added [jm4C] as watcher for u_6 [ktzD]
Incepted: u_2 [qHro]
Incepted: u_1 [17CO]
	Added [jm4C] as watcher for u_3 [IutL]
	Asking u_3 [IutL]'s watchers to watch [IjVS]
Incepted: u_9 [Oatz]
Incepted: u_0 [4otx]
	Added [bivQ] as watcher for u_5 [Ep_g]
	Added [2D85] as watcher for u_7 [bsD6]
Incepted: u_8 [FeZH]
	Added [bivQ] as watcher for u_6 [ktzD]
	Added [x5MO] as watcher for u_2 [qHro]
	✅ u_3 [IutL] Inception Done
	Added [2D85] as watcher for u_1 [17CO]
	Added [2D85] as watcher for u_9 [Oatz]
Incepted: u_4 [bUvG]
	Added [bivQ] as watcher for u_0 [4otx]
	Added [bivQ] as watcher for u_7 [bsD6]
	Asking u_7 [bsD6]'s watchers to watch [IjVS]
	Added [2D85] as watcher for u_5 [Ep_g]
	Added [bivQ] as watcher for u_8 [FeZH]
	Added [x5MO] as watcher for u_6 [ktzD]
	Asking u_6 [ktzD]'s watchers to watch [IjVS]
	Added [jm4C] as watcher for u_2 [qHro]
	✅ u_7 [bsD6] Inception Done
	Added [x5MO] as watcher for u_4 [bUvG]
	Added [x5MO] as watcher for u_9 [Oatz]
	Added [x5MO] as watcher for u_1 [17CO]
	Added [2D85] as watcher for u_0 [4otx]
	Added [jm4C] as watcher for u_5 [Ep_g]
	Asking u_5 [Ep_g]'s watchers to watch [IjVS]
	✅ u_6 [ktzD] Inception Done
	Added [bivQ] as watcher for u_2 [qHro]
	Asking u_2 [qHro]'s watchers to watch [IjVS]
	Added [bivQ] as watcher for u_9 [Oatz]
	Asking u_9 [Oatz]'s watchers to watch [IjVS]
	Added [bivQ] as watcher for u_4 [bUvG]
	Added [2D85] as watcher for u_8 [FeZH]
	Added [x5MO] as watcher for u_0 [4otx]
	Asking u_0 [4otx]'s watchers to watch [IjVS]
	Added [bivQ] as watcher for u_1 [17CO]
	Asking u_1 [17CO]'s watchers to watch [IjVS]
	✅ u_5 [Ep_g] Inception Done
	✅ u_2 [qHro] Inception Done
	Added [jm4C] as watcher for u_4 [bUvG]
	Asking u_4 [bUvG]'s watchers to watch [IjVS]
	✅ u_0 [4otx] Inception Done
	Added [x5MO] as watcher for u_8 [FeZH]
	Asking u_8 [FeZH]'s watchers to watch [IjVS]
	✅ u_1 [17CO] Inception Done
	✅ u_9 [Oatz] Inception Done
	✅ u_4 [bUvG] Inception Done
	✅ u_8 [FeZH] Inception Done
Test 2 (signature verification)
	✅ u_8 [FeZH] Message verified
	✅ u_3 [IutL] Message verified
	✅ u_4 [bUvG] Message verified
	✅ u_5 [Ep_g] Message verified
	✅ u_2 [qHro] Message verified
	✅ u_6 [ktzD] Message verified
	✅ u_0 [4otx] Message verified
	✅ u_9 [Oatz] Message verified
	✅ u_7 [bsD6] Message verified
	✅ u_1 [17CO] Message verified
Waiting for an incoming message - Test 3 (signature verification after rotation of issuer)
	✅ u_8 [FeZH] Message Verified (2)
	✅ u_3 [IutL] Message Verified (2)
	✅ u_7 [bsD6] Message Verified (2)
	✅ u_6 [ktzD] Message Verified (2)
	✅ u_1 [17CO] Message Verified (2)
	✅ u_0 [4otx] Message Verified (2)
	✅ u_2 [qHro] Message Verified (2)
	✅ u_9 [Oatz] Message Verified (2)
	✅ u_4 [bUvG] Message Verified (2)
	✅ u_5 [Ep_g] Message Verified (2)
Waiting for an incoming message - Test 4 (valid acdc credential)
skipped--
Waiting for an incoming message - Test 5 (acdc revocation)
skipped--
Waiting for an incoming message - Test 6
u_5 [Ep_g] Starts Rotation
u_4 [bUvG] Starts Rotation
u_8 [FeZH] Starts Rotation
u_3 [IutL] Starts Rotation
u_7 [bsD6] Starts Rotation
u_6 [ktzD] Starts Rotation
u_1 [17CO] Starts Rotation
u_2 [qHro] Starts Rotation
u_9 [Oatz] Starts Rotation
u_0 [4otx] Starts Rotation
u_5 [Ep_g] Ends Rotation
u_5 [Ep_g] - Completed Key Rotation
u_6 [ktzD] Ends Rotation
u_6 [ktzD] - Completed Key Rotation
u_8 [FeZH] Ends Rotation
u_8 [FeZH] - Completed Key Rotation
u_4 [bUvG] Ends Rotation
u_4 [bUvG] - Completed Key Rotation
u_1 [17CO] Ends Rotation
u_1 [17CO] - Completed Key Rotation
u_2 [qHro] Ends Rotation
u_2 [qHro] - Completed Key Rotation
u_0 [4otx] Ends Rotation
u_0 [4otx] - Completed Key Rotation
u_9 [Oatz] Ends Rotation
u_9 [Oatz] - Completed Key Rotation
u_7 [bsD6] Ends Rotation
u_7 [bsD6] - Completed Key Rotation
u_3 [IutL] Ends Rotation
u_3 [IutL] - Completed Key Rotation
Executed 10 users / 10 success / 0 fail
Test 1: 72307ms (7230 p.u.)
Test 2: 1ms (0 p.u.)
Test 3: 907ms (90 p.u.)
Test 4: 65731ms (6573 p.u.)
