2024-08-13 14:24:25,12.2,17.6301,167305216,148381,26671478
2024-08-13 14:24:30,0,18.6725,177197056,312074,43534646
2024-08-13 14:24:35,6,18.6725,177197056,312074,43534646
2024-08-13 14:24:40,0,18.7269,177713152,312164,43534722
2024-08-13 14:24:46,0,18.8357,178745344,312164,43534722
2024-08-13 14:24:51,3.2,18.8344,178733056,312164,43534722
2024-08-13 14:24:56,3.1,18.8615,178991104,312206,43534750
2024-08-13 14:25:01,0,18.8615,178991104,312296,43534826
2024-08-13 14:25:06,6,18.8615,178991104,312408,43534854
2024-08-13 14:25:12,3,18.8615,178991104,312408,43534854
2024-08-13 14:25:17,3.1,18.8615,178991104,312636,43534930
2024-08-13 14:25:22,0,18.862,178995200,312636,43534930
2024-08-13 14:25:27,0,18.8892,179253248,312636,43534930
2024-08-13 14:25:32,3.1,18.9431,179765248,313086,43535310
2024-08-13 14:25:37,0,18.9431,179765248,313128,43535338
2024-08-13 14:25:43,0,18.9431,179765248,313128,43535338
2024-08-13 14:25:48,93.9,25.0053,237293568,560036,43669880
2024-08-13 14:25:53,3,25.08,238002176,724708,43841021
2024-08-13 14:25:58,0,25.0804,238006272,724708,43841021
2024-08-13 14:26:03,3,25.1831,238981120,726834,43843157
2024-08-13 14:26:09,3.1,27.5035,261001216,791770,44233680
2024-08-13 14:26:14,0,27.5035,261001216,791770,44233680
2024-08-13 14:26:19,3.1,18.808,178483200,898895,44288985
2024-08-13 14:26:24,3.2,18.8339,178728960,898895,44288985
