2024-08-13 12:02:24,9.3,17.7276,168230912,150392,26667427
2024-08-13 12:02:29,3.2,18.2473,173162496,285073,43531075
2024-08-13 12:02:34,6,18.3017,173678592,285073,43531075
2024-08-13 12:02:40,6.1,18.4104,174710784,285169,43531149
2024-08-13 12:02:45,0,18.4104,174710784,285259,43531225
2024-08-13 12:02:50,0,18.5179,175730688,285259,43531225
2024-08-13 12:02:55,3.1,18.5179,175730688,285259,43531225
2024-08-13 12:03:00,3.1,18.5179,175730688,285349,43531301
2024-08-13 12:03:06,3,18.5179,175730688,285349,43531301
2024-08-13 12:03:11,3.2,18.5196,175747072,285349,43531301
2024-08-13 12:03:16,6,18.5196,175747072,285647,43531377
2024-08-13 12:03:21,5.8,18.5196,175747072,285689,43531405
2024-08-13 12:03:26,0,18.5196,175747072,285689,43531405
2024-08-13 12:03:32,0,18.5468,176005120,285779,43531481
2024-08-13 12:03:37,0,18.6556,177037312,286181,43531813
2024-08-13 12:03:42,0,18.817,178569216,288415,43533873
2024-08-13 12:03:47,96.9,24.0448,228179968,374109,43589746
2024-08-13 12:03:52,83.9,24.0996,228700160,720359,43833653
2024-08-13 12:03:58,6.2,24.132,229007360,744326,43872683
2024-08-13 12:04:03,6.1,24.132,229007360,744326,43872683
2024-08-13 12:04:08,6.2,24.132,229007360,744416,43872759
2024-08-13 12:04:13,6.2,28.0792,266465280,836752,44311733
2024-08-13 12:04:18,5.4,28.0792,266465280,836752,44311733
2024-08-13 12:04:24,0,17.1561,162807808,943911,44367036
2024-08-13 12:04:29,13,17.4237,165347328,947162,44369884
