2024-08-13 12:02:32,12.1,17.8196,169103360,171176,26681557
2024-08-13 12:02:37,0,17.9379,170225664,260989,43545137
2024-08-13 12:02:42,3.1,17.9379,170225664,260989,43545137
2024-08-13 12:02:48,3.1,17.9379,170225664,261079,43545213
2024-08-13 12:02:53,3.1,17.9379,170225664,261079,43545213
2024-08-13 12:02:58,3,18.0164,170971136,261079,43545213
2024-08-13 12:03:03,6,18.0164,170971136,261169,43545289
2024-08-13 12:03:08,0,18.0182,170987520,261281,43545317
2024-08-13 12:03:14,0,18.0182,170987520,261281,43545317
2024-08-13 12:03:19,3.1,18.0164,170971136,261509,43545393
2024-08-13 12:03:24,0,18.0164,170971136,261551,43545421
2024-08-13 12:03:29,0,18.0436,171229184,261551,43545421
2024-08-13 12:03:34,3.1,18.0436,171229184,262001,43545801
2024-08-13 12:03:39,3,18.0436,171229184,262001,43545801
2024-08-13 12:03:45,0,18.0725,171503616,262001,43545801
2024-08-13 12:03:50,93.7,23.8934,226742272,426792,43640567
2024-08-13 12:03:55,24.2,23.899,226795520,715859,43879324
2024-08-13 12:04:00,0,23.9012,226816000,717833,43884614
2024-08-13 12:04:06,0,23.9543,227319808,717965,43884718
2024-08-13 12:04:11,60,28.76,272924672,775404,44301047
2024-08-13 12:04:16,6,28.4781,270249984,786793,44321002
2024-08-13 12:04:21,0,28.4773,270241792,786793,44321002
2024-08-13 12:04:26,3.2,17.1601,162844672,896206,44378366
2024-08-13 12:04:31,3.1,17.1873,163102720,896206,44378366
