2024-08-13 12:27:28,12.1,17.9525,170364928,168512,26686312
2024-08-13 12:27:33,6,18.3733,174358528,273535,43548468
2024-08-13 12:27:38,0,18.4277,174874624,273589,43548560
2024-08-13 12:27:43,0,18.4821,175390720,273679,43548636
2024-08-13 12:27:49,3.1,18.6167,176668672,273721,43548664
2024-08-13 12:27:54,3,18.6167,176668672,273721,43548664
2024-08-13 12:27:59,3.1,18.6163,176664576,273721,43548664
2024-08-13 12:28:04,0,18.6167,176668672,273811,43548740
2024-08-13 12:28:09,3,18.6167,176668672,273949,43548740
2024-08-13 12:28:15,0,18.6167,176668672,274019,43548740
2024-08-13 12:28:20,0,18.6167,176668672,274109,43548816
2024-08-13 12:28:25,0,18.6167,176668672,274151,43548844
2024-08-13 12:28:30,3,18.6167,176668672,274205,43548890
2024-08-13 12:28:35,0,18.6167,176668672,274655,43549270
2024-08-13 12:28:41,3.1,18.6707,177180672,276691,43551329
2024-08-13 12:28:46,84.4,23.842,226254848,448267,43649321
2024-08-13 12:28:51,0,23.8795,226611200,555135,43757314
2024-08-13 12:28:56,3.1,23.8795,226611200,555135,43757314
2024-08-13 12:29:01,87.1,23.9067,226869248,557106,43758821
2024-08-13 12:29:07,3.1,24.6569,233988096,585979,43947524
2024-08-13 12:29:12,0,24.6841,234246144,585979,43947524
2024-08-13 12:29:17,6.2,18.5917,176431104,693050,44002751
