Waiting for an incoming message - Test 1 (inception)
Error while deserializing http message: Error("EOF while parsing a value", line: 1, column: 0)
	Preparing Data...
	Data is ready, starting users and test1
Incepted: u_4 [2T44]
Incepted: u_8 [KDG6]
Incepted: u_2 [Tftn]
	Added [bivQ] as watcher for u_2 [Tftn]
Incepted: u_1 [oIf2]
Incepted: u_9 [_qbg]
Incepted: u_7 [ZMMp]
Incepted: u_6 [FpYj]
	Added [2D85] as watcher for u_4 [2T44]
Incepted: u_5 [YeJh]
	Added [x5MO] as watcher for u_8 [KDG6]
	Added [jm4C] as watcher for u_2 [Tftn]
	Added [bivQ] as watcher for u_6 [FpYj]
Incepted: u_0 [x2tS]
Incepted: u_3 [BKyl]
	Added [2D85] as watcher for u_1 [oIf2]
	Added [2D85] as watcher for u_9 [_qbg]
	Added [x5MO] as watcher for u_7 [ZMMp]
	Added [x5MO] as watcher for u_4 [2T44]
	Added [2D85] as watcher for u_8 [KDG6]
	Added [2D85] as watcher for u_5 [YeJh]
	Added [bivQ] as watcher for u_3 [BKyl]
	Added [jm4C] as watcher for u_6 [FpYj]
	Added [x5MO] as watcher for u_2 [Tftn]
	Asking u_2 [Tftn]'s watchers to watch [Stwg]
	Added [jm4C] as watcher for u_0 [x2tS]
	Added [bivQ] as watcher for u_7 [ZMMp]
	Added [jm4C] as watcher for u_1 [oIf2]
	Added [jm4C] as watcher for u_9 [_qbg]
	Added [jm4C] as watcher for u_4 [2T44]
	Asking u_4 [2T44]'s watchers to watch [Stwg]
	Added [jm4C] as watcher for u_8 [KDG6]
	Asking u_8 [KDG6]'s watchers to watch [Stwg]
	Added [bivQ] as watcher for u_5 [YeJh]
	Added [jm4C] as watcher for u_7 [ZMMp]
	Asking u_7 [ZMMp]'s watchers to watch [Stwg]
	Added [bivQ] as watcher for u_0 [x2tS]
	Added [x5MO] as watcher for u_3 [BKyl]
	Added [bivQ] as watcher for u_1 [oIf2]
	Asking u_1 [oIf2]'s watchers to watch [Stwg]
	Added [2D85] as watcher for u_6 [FpYj]
	Asking u_6 [FpYj]'s watchers to watch [Stwg]
	Added [jm4C] as watcher for u_5 [YeJh]
	Asking u_5 [YeJh]'s watchers to watch [Stwg]
	Added [x5MO] as watcher for u_9 [_qbg]
	Asking u_9 [_qbg]'s watchers to watch [Stwg]
	Added [2D85] as watcher for u_0 [x2tS]
	Asking u_0 [x2tS]'s watchers to watch [Stwg]
	Added [2D85] as watcher for u_3 [BKyl]
	Asking u_3 [BKyl]'s watchers to watch [Stwg]
	✅ u_2 [Tftn] Inception Done
	✅ u_4 [2T44] Inception Done
	✅ u_8 [KDG6] Inception Done
	✅ u_7 [ZMMp] Inception Done
	✅ u_5 [YeJh] Inception Done
	✅ u_1 [oIf2] Inception Done
	✅ u_6 [FpYj] Inception Done
	✅ u_9 [_qbg] Inception Done
	✅ u_0 [x2tS] Inception Done
	✅ u_3 [BKyl] Inception Done
Test 2 (signature verification)
	✅ u_9 [_qbg] Message verified
	✅ u_3 [BKyl] Message verified
	✅ u_1 [oIf2] Message verified
	✅ u_0 [x2tS] Message verified
	✅ u_5 [YeJh] Message verified
	✅ u_6 [FpYj] Message verified
	✅ u_8 [KDG6] Message verified
	✅ u_7 [ZMMp] Message verified
	✅ u_4 [2T44] Message verified
	✅ u_2 [Tftn] Message verified
Waiting for an incoming message - Test 3 (signature verification after rotation of issuer)
	✅ u_2 [Tftn] Message Verified (2)
	✅ u_9 [_qbg] Message Verified (2)
	✅ u_5 [YeJh] Message Verified (2)
	✅ u_4 [2T44] Message Verified (2)
	✅ u_6 [FpYj] Message Verified (2)
	✅ u_7 [ZMMp] Message Verified (2)
	✅ u_8 [KDG6] Message Verified (2)
	✅ u_3 [BKyl] Message Verified (2)
	✅ u_1 [oIf2] Message Verified (2)
	✅ u_0 [x2tS] Message Verified (2)
Waiting for an incoming message - Test 4 (valid acdc credential)
skipped--
Waiting for an incoming message - Test 5 (acdc revocation)
skipped--
Waiting for an incoming message - Test 6
u_5 [YeJh] Starts Rotation
u_6 [FpYj] Starts Rotation
u_8 [KDG6] Starts Rotation
u_1 [oIf2] Starts Rotation
u_4 [2T44] Starts Rotation
u_3 [BKyl] Starts Rotation
u_9 [_qbg] Starts Rotation
u_0 [x2tS] Starts Rotation
u_2 [Tftn] Starts Rotation
u_7 [ZMMp] Starts Rotation
u_8 [KDG6] Ends Rotation
u_8 [KDG6] - Completed Key Rotation
u_7 [ZMMp] Ends Rotation
u_7 [ZMMp] - Completed Key Rotation
u_6 [FpYj] Ends Rotation
u_6 [FpYj] - Completed Key Rotation
u_2 [Tftn] Ends Rotation
u_2 [Tftn] - Completed Key Rotation
u_4 [2T44] Ends Rotation
u_4 [2T44] - Completed Key Rotation
u_1 [oIf2] Ends Rotation
u_1 [oIf2] - Completed Key Rotation
u_9 [_qbg] Ends Rotation
u_9 [_qbg] - Completed Key Rotation
u_5 [YeJh] Ends Rotation
u_5 [YeJh] - Completed Key Rotation
u_3 [BKyl] Ends Rotation
u_3 [BKyl] - Completed Key Rotation
u_0 [x2tS] Ends Rotation
u_0 [x2tS] - Completed Key Rotation
Executed 10 users / 10 success / 0 fail
Test 1: 13073ms (1307 p.u.)
Test 2: 1ms (0 p.u.)
Test 3: 1379ms (137 p.u.)
Test 4: 8130ms (813 p.u.)
