Waiting for an incoming message - Test 1 (inception)
Error while deserializing http message: Error("EOF while parsing a value", line: 1, column: 0)
	Preparing Data...
	Data is ready, starting users and test1
Incepted: u_9 [_hkB]
Incepted: u_4 [yuej]
Incepted: u_0 [ufMs]
	Added [jm4C] as watcher for u_9 [_hkB]
Incepted: u_1 [JZoj]
Incepted: u_2 [At8v]
Incepted: u_8 [StGy]
Incepted: u_6 [1R-H]
Incepted: u_7 [cT9W]
Incepted: u_3 [jDWf]
	Added [2D85] as watcher for u_4 [yuej]
	Added [x5MO] as watcher for u_1 [JZoj]
	Added [2D85] as watcher for u_9 [_hkB]
	Added [bivQ] as watcher for u_0 [ufMs]
Incepted: u_5 [JzZy]
	Added [x5MO] as watcher for u_2 [At8v]
	Added [bivQ] as watcher for u_7 [cT9W]
	Added [bivQ] as watcher for u_8 [StGy]
	Added [bivQ] as watcher for u_6 [1R-H]
	Added [x5MO] as watcher for u_9 [_hkB]
	Asking u_9 [_hkB]'s watchers to watch [Stwg]
	Added [2D85] as watcher for u_3 [jDWf]
	Added [jm4C] as watcher for u_4 [yuej]
	Added [jm4C] as watcher for u_0 [ufMs]
	Added [bivQ] as watcher for u_1 [JZoj]
	Added [jm4C] as watcher for u_7 [cT9W]
	Added [2D85] as watcher for u_2 [At8v]
	Added [jm4C] as watcher for u_6 [1R-H]
	Added [x5MO] as watcher for u_5 [JzZy]
	Added [x5MO] as watcher for u_8 [StGy]
	Added [2D85] as watcher for u_0 [ufMs]
	Asking u_0 [ufMs]'s watchers to watch [Stwg]
	Added [x5MO] as watcher for u_3 [jDWf]
	Added [bivQ] as watcher for u_4 [yuej]
	Asking u_4 [yuej]'s watchers to watch [Stwg]
	Added [2D85] as watcher for u_1 [JZoj]
	Asking u_1 [JZoj]'s watchers to watch [Stwg]
	Added [2D85] as watcher for u_5 [JzZy]
	Added [x5MO] as watcher for u_7 [cT9W]
	Asking u_7 [cT9W]'s watchers to watch [Stwg]
	Added [jm4C] as watcher for u_2 [At8v]
	Asking u_2 [At8v]'s watchers to watch [Stwg]
	Added [jm4C] as watcher for u_8 [StGy]
	Asking u_8 [StGy]'s watchers to watch [Stwg]
	Added [x5MO] as watcher for u_6 [1R-H]
	Asking u_6 [1R-H]'s watchers to watch [Stwg]
	Added [bivQ] as watcher for u_3 [jDWf]
	Asking u_3 [jDWf]'s watchers to watch [Stwg]
	Added [jm4C] as watcher for u_5 [JzZy]
	Asking u_5 [JzZy]'s watchers to watch [Stwg]
	✅ u_9 [_hkB] Inception Done
	✅ u_1 [JZoj] Inception Done
	✅ u_4 [yuej] Inception Done
	✅ u_0 [ufMs] Inception Done
	✅ u_8 [StGy] Inception Done
	✅ u_2 [At8v] Inception Done
	✅ u_7 [cT9W] Inception Done
	✅ u_6 [1R-H] Inception Done
	✅ u_3 [jDWf] Inception Done
	✅ u_5 [JzZy] Inception Done
Test 2 (signature verification)
	✅ u_5 [JzZy] Message verified
	✅ u_2 [At8v] Message verified
	✅ u_7 [cT9W] Message verified
	✅ u_9 [_hkB] Message verified
	✅ u_0 [ufMs] Message verified
	✅ u_8 [StGy] Message verified
	✅ u_4 [yuej] Message verified
	✅ u_6 [1R-H] Message verified
	✅ u_1 [JZoj] Message verified
	✅ u_3 [jDWf] Message verified
Waiting for an incoming message - Test 3 (signature verification after rotation of issuer)
	✅ u_1 [JZoj] Message Verified (2)
	✅ u_5 [JzZy] Message Verified (2)
	✅ u_3 [jDWf] Message Verified (2)
	✅ u_8 [StGy] Message Verified (2)
	✅ u_9 [_hkB] Message Verified (2)
	✅ u_2 [At8v] Message Verified (2)
	✅ u_0 [ufMs] Message Verified (2)
	✅ u_4 [yuej] Message Verified (2)
	✅ u_7 [cT9W] Message Verified (2)
	✅ u_6 [1R-H] Message Verified (2)
Waiting for an incoming message - Test 4 (valid acdc credential)
skipped--
Waiting for an incoming message - Test 5 (acdc revocation)
skipped--
Waiting for an incoming message - Test 6
u_6 [1R-H] Starts Rotation
u_2 [At8v] Starts Rotation
u_7 [cT9W] Starts Rotation
u_8 [StGy] Starts Rotation
u_0 [ufMs] Starts Rotation
u_9 [_hkB] Starts Rotation
u_1 [JZoj] Starts Rotation
u_5 [JzZy] Starts Rotation
u_3 [jDWf] Starts Rotation
u_4 [yuej] Starts Rotation
u_0 [ufMs] Ends Rotation
u_0 [ufMs] - Completed Key Rotation
u_3 [jDWf] Ends Rotation
u_3 [jDWf] - Completed Key Rotation
u_2 [At8v] Ends Rotation
u_2 [At8v] - Completed Key Rotation
u_9 [_hkB] Ends Rotation
u_9 [_hkB] - Completed Key Rotation
u_6 [1R-H] Ends Rotation
u_6 [1R-H] - Completed Key Rotation
u_8 [StGy] Ends Rotation
u_8 [StGy] - Completed Key Rotation
u_7 [cT9W] Ends Rotation
u_7 [cT9W] - Completed Key Rotation
u_4 [yuej] Ends Rotation
u_4 [yuej] - Completed Key Rotation
u_1 [JZoj] Ends Rotation
u_1 [JZoj] - Completed Key Rotation
u_5 [JzZy] Ends Rotation
u_5 [JzZy] - Completed Key Rotation
Executed 10 users / 10 success / 0 fail
Test 1: 16625ms (1662 p.u.)
Test 2: 1ms (0 p.u.)
Test 3: 1313ms (131 p.u.)
Test 4: 10347ms (1034 p.u.)
