Waiting for an incoming message - Test 1 (inception)
Error while deserializing http message: Error("EOF while parsing a value", line: 1, column: 0)
	Preparing Data...
	Data is ready, starting users and test1
Incepted: u_5 [2gyg]
	Added [bivQ] as watcher for u_5 [2gyg]
Incepted: u_0 [tlDO]
Incepted: u_4 [mvcq]
	Added [2D85] as watcher for u_5 [2gyg]
Incepted: u_3 [dHFH]
Incepted: u_1 [mvZQ]
Incepted: u_7 [c8Vo]
Incepted: u_6 [4s7o]
Incepted: u_9 [xYe-]
	Added [2D85] as watcher for u_0 [tlDO]
Incepted: u_2 [wNA1]
	Added [bivQ] as watcher for u_6 [4s7o]
	Added [2D85] as watcher for u_4 [mvcq]
	Added [2D85] as watcher for u_1 [mvZQ]
	Added [bivQ] as watcher for u_9 [xYe-]
	Added [2D85] as watcher for u_7 [c8Vo]
	Added [2D85] as watcher for u_3 [dHFH]
	Added [x5MO] as watcher for u_5 [2gyg]
	Asking u_5 [2gyg]'s watchers to watch [Stwg]
	Added [jm4C] as watcher for u_0 [tlDO]
	Added [jm4C] as watcher for u_6 [4s7o]
	Added [bivQ] as watcher for u_3 [dHFH]
Incepted: u_8 [jkIY]
	Added [bivQ] as watcher for u_0 [tlDO]
	Asking u_0 [tlDO]'s watchers to watch [Stwg]
	Added [jm4C] as watcher for u_7 [c8Vo]
	Added [x5MO] as watcher for u_2 [wNA1]
	Added [x5MO] as watcher for u_4 [mvcq]
	Added [x5MO] as watcher for u_9 [xYe-]
	Added [x5MO] as watcher for u_1 [mvZQ]
	Added [bivQ] as watcher for u_8 [jkIY]
	Added [bivQ] as watcher for u_7 [c8Vo]
	Asking u_7 [c8Vo]'s watchers to watch [Stwg]
	Added [bivQ] as watcher for u_2 [wNA1]
	Added [jm4C] as watcher for u_4 [mvcq]
	Asking u_4 [mvcq]'s watchers to watch [Stwg]
	Added [x5MO] as watcher for u_6 [4s7o]
	Asking u_6 [4s7o]'s watchers to watch [Stwg]
	Added [x5MO] as watcher for u_3 [dHFH]
	Asking u_3 [dHFH]'s watchers to watch [Stwg]
	Added [jm4C] as watcher for u_9 [xYe-]
	Asking u_9 [xYe-]'s watchers to watch [Stwg]
	Added [bivQ] as watcher for u_1 [mvZQ]
	Asking u_1 [mvZQ]'s watchers to watch [Stwg]
	Added [2D85] as watcher for u_8 [jkIY]
	Added [2D85] as watcher for u_2 [wNA1]
	Asking u_2 [wNA1]'s watchers to watch [Stwg]
	Added [x5MO] as watcher for u_8 [jkIY]
	Asking u_8 [jkIY]'s watchers to watch [Stwg]
	✅ u_5 [2gyg] Inception Done
	✅ u_0 [tlDO] Inception Done
	✅ u_7 [c8Vo] Inception Done
	✅ u_6 [4s7o] Inception Done
	✅ u_1 [mvZQ] Inception Done
	✅ u_3 [dHFH] Inception Done
	✅ u_4 [mvcq] Inception Done
	✅ u_9 [xYe-] Inception Done
	✅ u_2 [wNA1] Inception Done
	✅ u_8 [jkIY] Inception Done
Test 2 (signature verification)
	✅ u_8 [jkIY] Message verified
	✅ u_9 [xYe-] Message verified
	✅ u_7 [c8Vo] Message verified
	✅ u_0 [tlDO] Message verified
	✅ u_5 [2gyg] Message verified
	✅ u_3 [dHFH] Message verified
	✅ u_6 [4s7o] Message verified
	✅ u_4 [mvcq] Message verified
	✅ u_1 [mvZQ] Message verified
	✅ u_2 [wNA1] Message verified
Waiting for an incoming message - Test 3 (signature verification after rotation of issuer)
	✅ u_9 [xYe-] Message Verified (2)
	✅ u_0 [tlDO] Message Verified (2)
	✅ u_6 [4s7o] Message Verified (2)
	✅ u_3 [dHFH] Message Verified (2)
	✅ u_5 [2gyg] Message Verified (2)
	✅ u_8 [jkIY] Message Verified (2)
	✅ u_4 [mvcq] Message Verified (2)
	✅ u_2 [wNA1] Message Verified (2)
	✅ u_7 [c8Vo] Message Verified (2)
	✅ u_1 [mvZQ] Message Verified (2)
Waiting for an incoming message - Test 4 (valid acdc credential)
skipped--
Waiting for an incoming message - Test 5 (acdc revocation)
skipped--
Waiting for an incoming message - Test 6
u_1 [mvZQ] Starts Rotation
u_8 [jkIY] Starts Rotation
u_0 [tlDO] Starts Rotation
u_5 [2gyg] Starts Rotation
u_3 [dHFH] Starts Rotation
u_4 [mvcq] Starts Rotation
u_9 [xYe-] Starts Rotation
u_6 [4s7o] Starts Rotation
u_7 [c8Vo] Starts Rotation
u_2 [wNA1] Starts Rotation
u_5 [2gyg] Ends Rotation
u_5 [2gyg] - Completed Key Rotation
u_1 [mvZQ] Ends Rotation
u_1 [mvZQ] - Completed Key Rotation
u_7 [c8Vo] Ends Rotation
u_7 [c8Vo] - Completed Key Rotation
u_0 [tlDO] Ends Rotation
u_0 [tlDO] - Completed Key Rotation
u_9 [xYe-] Ends Rotation
u_9 [xYe-] - Completed Key Rotation
u_2 [wNA1] Ends Rotation
u_2 [wNA1] - Completed Key Rotation
u_6 [4s7o] Ends Rotation
u_6 [4s7o] - Completed Key Rotation
u_3 [dHFH] Ends Rotation
u_3 [dHFH] - Completed Key Rotation
u_4 [mvcq] Ends Rotation
u_4 [mvcq] - Completed Key Rotation
u_8 [jkIY] Ends Rotation
u_8 [jkIY] - Completed Key Rotation
Executed 10 users / 10 success / 0 fail
Test 1: 10887ms (1088 p.u.)
Test 2: 1ms (0 p.u.)
Test 3: 765ms (76 p.u.)
Test 4: 6990ms (699 p.u.)
