Waiting for an incoming message - Test 1 (inception)
Error while deserializing http message: Error("EOF while parsing a value", line: 1, column: 0)
	Preparing Data...
	Data is ready, starting users and test1
Incepted: u_5 [UYeF]
Incepted: u_9 [pYyy]
Incepted: u_1 [SMdD]
	Added [x5MO] as watcher for u_5 [UYeF]
	Added [jm4C] as watcher for u_9 [pYyy]
Incepted: u_4 [PfzO]
Incepted: u_3 [_E3l]
Incepted: u_6 [rFG-]
	Added [jm4C] as watcher for u_1 [SMdD]
Incepted: u_0 [g3QX]
Incepted: u_8 [TURD]
Incepted: u_2 [rDVD]
Incepted: u_7 [a7yE]
	Added [bivQ] as watcher for u_9 [pYyy]
	Added [jm4C] as watcher for u_5 [UYeF]
	Added [2D85] as watcher for u_1 [SMdD]
	Added [2D85] as watcher for u_3 [_E3l]
	Added [jm4C] as watcher for u_0 [g3QX]
	Added [x5MO] as watcher for u_4 [PfzO]
	Added [2D85] as watcher for u_9 [pYyy]
	Asking u_9 [pYyy]'s watchers to watch [Stwg]
	Added [x5MO] as watcher for u_6 [rFG-]
	Added [jm4C] as watcher for u_7 [a7yE]
	Added [2D85] as watcher for u_8 [TURD]
	Added [jm4C] as watcher for u_3 [_E3l]
	Added [2D85] as watcher for u_5 [UYeF]
	Asking u_5 [UYeF]'s watchers to watch [Stwg]
	Added [x5MO] as watcher for u_2 [rDVD]
	Added [2D85] as watcher for u_0 [g3QX]
	Added [2D85] as watcher for u_4 [PfzO]
	Added [bivQ] as watcher for u_7 [a7yE]
	Added [2D85] as watcher for u_6 [rFG-]
	Added [x5MO] as watcher for u_1 [SMdD]
	Asking u_1 [SMdD]'s watchers to watch [Stwg]
	Added [bivQ] as watcher for u_3 [_E3l]
	Asking u_3 [_E3l]'s watchers to watch [Stwg]
	Added [x5MO] as watcher for u_8 [TURD]
	Added [2D85] as watcher for u_2 [rDVD]
	Added [jm4C] as watcher for u_4 [PfzO]
	Asking u_4 [PfzO]'s watchers to watch [Stwg]
	Added [jm4C] as watcher for u_6 [rFG-]
	Asking u_6 [rFG-]'s watchers to watch [Stwg]
	Added [bivQ] as watcher for u_8 [TURD]
	Asking u_8 [TURD]'s watchers to watch [Stwg]
	Added [x5MO] as watcher for u_0 [g3QX]
	Asking u_0 [g3QX]'s watchers to watch [Stwg]
	Added [x5MO] as watcher for u_7 [a7yE]
	Asking u_7 [a7yE]'s watchers to watch [Stwg]
	Added [jm4C] as watcher for u_2 [rDVD]
	Asking u_2 [rDVD]'s watchers to watch [Stwg]
	✅ u_9 [pYyy] Inception Done
	✅ u_5 [UYeF] Inception Done
	✅ u_3 [_E3l] Inception Done
	✅ u_1 [SMdD] Inception Done
	✅ u_4 [PfzO] Inception Done
	✅ u_6 [rFG-] Inception Done
	✅ u_7 [a7yE] Inception Done
	✅ u_8 [TURD] Inception Done
	✅ u_0 [g3QX] Inception Done
	✅ u_2 [rDVD] Inception Done
Test 2 (signature verification)
	✅ u_4 [PfzO] Message verified
	✅ u_2 [rDVD] Message verified
	✅ u_0 [g3QX] Message verified
	✅ u_7 [a7yE] Message verified
	✅ u_5 [UYeF] Message verified
	✅ u_8 [TURD] Message verified
	✅ u_9 [pYyy] Message verified
	✅ u_1 [SMdD] Message verified
	✅ u_3 [_E3l] Message verified
	✅ u_6 [rFG-] Message verified
Waiting for an incoming message - Test 3 (signature verification after rotation of issuer)
	✅ u_9 [pYyy] Message Verified (2)
	✅ u_7 [a7yE] Message Verified (2)
	✅ u_8 [TURD] Message Verified (2)
	✅ u_5 [UYeF] Message Verified (2)
	✅ u_0 [g3QX] Message Verified (2)
	✅ u_3 [_E3l] Message Verified (2)
	✅ u_6 [rFG-] Message Verified (2)
	✅ u_1 [SMdD] Message Verified (2)
	✅ u_4 [PfzO] Message Verified (2)
	✅ u_2 [rDVD] Message Verified (2)
Waiting for an incoming message - Test 4 (valid acdc credential)
skipped--
Waiting for an incoming message - Test 5 (acdc revocation)
skipped--
Waiting for an incoming message - Test 6
u_2 [rDVD] Starts Rotation
u_7 [a7yE] Starts Rotation
u_0 [g3QX] Starts Rotation
u_5 [UYeF] Starts Rotation
u_4 [PfzO] Starts Rotation
u_3 [_E3l] Starts Rotation
u_8 [TURD] Starts Rotation
u_9 [pYyy] Starts Rotation
u_1 [SMdD] Starts Rotation
u_6 [rFG-] Starts Rotation
u_1 [SMdD] Ends Rotation
u_1 [SMdD] - Completed Key Rotation
u_5 [UYeF] Ends Rotation
u_5 [UYeF] - Completed Key Rotation
u_3 [_E3l] Ends Rotation
u_3 [_E3l] - Completed Key Rotation
u_7 [a7yE] Ends Rotation
u_7 [a7yE] - Completed Key Rotation
u_4 [PfzO] Ends Rotation
u_4 [PfzO] - Completed Key Rotation
u_8 [TURD] Ends Rotation
u_8 [TURD] - Completed Key Rotation
u_9 [pYyy] Ends Rotation
u_9 [pYyy] - Completed Key Rotation
u_6 [rFG-] Ends Rotation
u_6 [rFG-] - Completed Key Rotation
u_0 [g3QX] Ends Rotation
u_0 [g3QX] - Completed Key Rotation
u_2 [rDVD] Ends Rotation
u_2 [rDVD] - Completed Key Rotation
Executed 10 users / 10 success / 0 fail
Test 1: 15556ms (1555 p.u.)
Test 2: 2ms (0 p.u.)
Test 3: 1043ms (104 p.u.)
Test 4: 8777ms (877 p.u.)
