2024-08-13 15:02:55,14.7,17.5451,166498304,155728,28478618
2024-08-13 15:03:01,3,17.8895,169766912,281863,43563094
2024-08-13 15:03:06,0,17.8891,169762816,281863,43563094
2024-08-13 15:03:11,3,17.8891,169762816,281953,43563170
2024-08-13 15:03:16,3.1,17.9431,170274816,281953,43563170
2024-08-13 15:03:21,0,17.997,170786816,281953,43563170
2024-08-13 15:03:27,3.1,17.997,170786816,282403,43563550
2024-08-13 15:03:32,0,17.997,170786816,282403,43563550
2024-08-13 15:03:37,0,18.0497,171286528,282457,43563596
2024-08-13 15:03:42,3.1,18.0497,171286528,282547,43563672
2024-08-13 15:03:47,3.1,18.0769,171544576,282589,43563700
2024-08-13 15:03:53,0,18.0769,171544576,282631,43563728
2024-08-13 15:03:58,3.1,18.0769,171544576,282721,43563804
2024-08-13 15:04:03,0,18.0769,171544576,282721,43563804
2024-08-13 15:04:08,0,18.0769,171544576,282721,43563804
2024-08-13 15:04:13,3.1,18.0769,171544576,282865,43563926
2024-08-13 15:04:19,0,18.0769,171544576,282865,43563926
2024-08-13 15:04:24,5.8,18.076,171536384,285033,43565986
2024-08-13 15:04:29,0,18.076,171536384,285483,43566366
2024-08-13 15:04:34,3,18.076,171536384,285483,43566366
2024-08-13 15:04:39,3.1,18.076,171536384,285483,43566366
2024-08-13 15:04:45,0,18.076,171536384,285615,43566470
2024-08-13 15:04:50,0,18.076,171536384,285753,43566470
2024-08-13 15:04:55,5.7,18.0764,171540480,285753,43566470
2024-08-13 15:05:00,3,18.0764,171540480,285753,43566470
2024-08-13 15:05:05,68.7,23.7113,225013760,310210,43591584
2024-08-13 15:05:11,10,23.8231,226074624,548892,43745910
2024-08-13 15:05:16,0,23.8295,226136064,564330,43774353
2024-08-13 15:05:21,3.1,23.8257,226099200,564420,43774429
2024-08-13 15:05:26,2.9,23.8248,226091008,564420,43774429
2024-08-13 15:05:31,3,23.8248,226091008,564986,43774837
2024-08-13 15:05:37,0,24.1951,229605376,596035,43965254
2024-08-13 15:05:42,5.7,24.1951,229605376,596373,43965342
2024-08-13 15:05:47,0,24.1943,229597184,596521,43965402
2024-08-13 15:05:52,3.2,24.1943,229597184,596759,43965538
2024-08-13 15:05:57,52.9,24.1943,229597184,600138,43967179
2024-08-13 15:06:03,0,18.2797,173469696,706606,44026746
2024-08-13 15:06:08,0,18.3073,173731840,706902,44026822
2024-08-13 15:06:13,3.1,18.3345,173989888,707108,44026822
2024-08-13 15:06:18,3,18.4161,174764032,707108,44026822
2024-08-13 15:06:24,0,18.4709,175284224,707198,44026898
2024-08-13 15:06:29,0,18.6341,176832512,707272,44026898
2024-08-13 15:06:34,5.8,18.6341,176832512,707552,44027018
2024-08-13 15:06:39,3.1,18.6341,176832512,708336,44027546
2024-08-13 15:06:44,5.9,18.6341,176832512,708548,44027546
2024-08-13 15:06:50,0,18.6341,176832512,708590,44027574
2024-08-13 15:06:55,3.1,18.6337,176828416,708754,44027650
2024-08-13 15:07:00,0,18.6337,176828416,708754,44027650
2024-08-13 15:07:05,0,18.6337,176828416,708754,44027650
2024-08-13 15:07:10,3.2,18.7152,177602560,708918,44027726
2024-08-13 15:07:16,0,18.7964,178372608,709066,44027846
2024-08-13 15:07:21,2.9,18.9319,179658752,711390,44029966
2024-08-13 15:07:26,0,18.9319,179658752,711538,44030026
2024-08-13 15:07:31,3,19.0946,181202944,714005,44032088
2024-08-13 15:07:36,6.2,19.1218,181460992,714121,44032116
2024-08-13 15:07:42,3,19.1749,181964800,714391,44032344
2024-08-13 15:07:47,6,19.1745,181960704,714571,44032496
2024-08-13 15:07:52,0,19.2561,182734848,714645,44032496
2024-08-13 15:07:57,0,19.3376,183508992,714645,44032496
2024-08-13 15:08:02,3.1,16.7384,158842880,714957,44032692
2024-08-13 15:08:08,0,17.0599,161894400,716400,44034018
2024-08-13 15:08:13,3.1,17.1683,162922496,717630,44034798
2024-08-13 15:08:18,0,17.1683,162922496,717720,44034874
2024-08-13 15:08:23,5.9,17.3314,164470784,717794,44034874
2024-08-13 15:08:28,2.9,17.3314,164470784,717794,44034874
2024-08-13 15:08:34,3.1,17.3314,164470784,718460,44035082
2024-08-13 15:08:39,0,17.3314,164470784,718962,44035262
2024-08-13 15:08:44,3,17.3314,164470784,719110,44035322
2024-08-13 15:08:49,3.1,17.3314,164470784,719766,44035702
2024-08-13 15:08:54,6,17.3314,164470784,719840,44035702
2024-08-13 15:09:00,3,17.3314,164470784,719882,44035730
2024-08-13 15:09:05,0,17.413,165244928,720104,44035806
2024-08-13 15:09:10,0,17.549,166535168,720104,44035806
2024-08-13 15:09:15,0,17.5485,166531072,720178,44035806
2024-08-13 15:09:20,2.9,17.6556,167546880,722370,44037942
2024-08-13 15:09:26,0,17.6556,167546880,722370,44037942
2024-08-13 15:09:31,0,17.6556,167546880,722412,44037970
2024-08-13 15:09:36,3.2,17.6828,167804928,722502,44038046
2024-08-13 15:09:41,3.1,17.6828,167804928,722502,44038046
2024-08-13 15:09:46,5.8,17.6828,167804928,722502,44038046
2024-08-13 15:09:52,3.1,17.6828,167804928,722952,44038426
2024-08-13 15:09:57,0,17.6828,167804928,723248,44038606
2024-08-13 15:10:02,3,17.6828,167804928,723396,44038666
2024-08-13 15:10:07,0,17.7372,168321024,723512,44038694
2024-08-13 15:10:13,0,17.7639,168574976,723602,44038770
2024-08-13 15:10:18,6.2,17.8446,169340928,723676,44038770
2024-08-13 15:10:23,2.9,17.9249,170102784,723718,44038798
2024-08-13 15:10:28,3.1,17.9521,170360832,723808,44038874
2024-08-13 15:10:33,0,18.1153,171909120,724020,44038874
2024-08-13 15:10:38,3,18.3574,174206976,726242,44040980
2024-08-13 15:10:44,0,18.3833,174452736,726406,44041116
2024-08-13 15:10:49,0,18.3833,174452736,726702,44041236
2024-08-13 15:10:54,3.1,18.3833,174452736,726776,44041296
2024-08-13 15:10:59,3.2,18.3829,174448640,727300,44041676
2024-08-13 15:11:04,3.1,18.3833,174452736,727374,44041676
2024-08-13 15:11:10,3.1,18.3833,174452736,727374,44041676
2024-08-13 15:11:15,3.2,18.3833,174452736,727518,44041798
2024-08-13 15:11:20,3.1,18.4916,175480832,727634,44041826
2024-08-13 15:11:25,3.1,18.5188,175738880,727676,44041854
2024-08-13 15:11:30,0,18.5188,175738880,727766,44041930
2024-08-13 15:11:36,0,18.5188,175738880,727766,44041930
2024-08-13 15:11:41,0,18.5188,175738880,727766,44041930
2024-08-13 15:11:46,6.2,18.5184,175734784,727856,44042006
2024-08-13 15:11:51,0,18.5184,175734784,728152,44042186
