2024-08-13 15:00:26,9.7,17.7048,168013824,137430,26681293
2024-08-13 15:00:31,3.1,18.8736,179105792,323765,43543449
2024-08-13 15:00:36,3.2,18.928,179621888,323765,43543449
2024-08-13 15:00:41,0,18.928,179621888,323765,43543449
2024-08-13 15:00:46,0,18.928,179621888,324063,43543525
2024-08-13 15:00:52,6,19.0083,180383744,324063,43543525
2024-08-13 15:00:57,3.2,19.171,181927936,324063,43543525
2024-08-13 15:01:02,0,19.1986,182190080,324513,43543905
2024-08-13 15:01:07,0,19.1986,182190080,324555,43543933
2024-08-13 15:01:12,0,19.1982,182185984,324555,43543933
2024-08-13 15:01:17,3.2,19.1982,182185984,324687,43544037
2024-08-13 15:01:23,3.1,19.1982,182185984,324687,43544037
2024-08-13 15:01:28,0,19.2798,182960128,324687,43544037
2024-08-13 15:01:33,0,19.2798,182960128,324777,43544113
2024-08-13 15:01:38,6.2,19.2794,182956032,324819,43544141
2024-08-13 15:01:43,3.1,19.2794,182956032,324819,43544141
2024-08-13 15:01:49,0,19.2798,182960128,324909,43544217
2024-08-13 15:01:54,0,19.2798,182960128,324909,43544217
2024-08-13 15:01:59,0,19.2798,182960128,324909,43544217
2024-08-13 15:02:04,3.1,19.2798,182960128,324999,43544293
2024-08-13 15:02:09,3.2,19.2794,182956032,325401,43544625
2024-08-13 15:02:14,0,19.2794,182956032,325443,43544653
2024-08-13 15:02:20,0,19.2794,182956032,327545,43546713
2024-08-13 15:02:25,6.2,19.2794,182956032,327635,43546789
2024-08-13 15:02:30,3.1,19.3605,183726080,327635,43546789
2024-08-13 15:02:35,3.1,19.3605,183726080,327635,43546789
2024-08-13 15:02:40,0,19.3605,183726080,327725,43546865
2024-08-13 15:02:45,0,19.4149,184242176,327863,43546865
2024-08-13 15:02:51,3.2,19.4149,184242176,327863,43546865
2024-08-13 15:02:56,3.1,19.4149,184242176,328023,43546941
2024-08-13 15:03:01,0,19.4149,184242176,328065,43546969
2024-08-13 15:03:06,0,19.4149,184242176,328065,43546969
2024-08-13 15:03:11,6,19.4693,184758272,328557,43547377
2024-08-13 15:03:17,3.1,19.4693,184758272,328557,43547377
2024-08-13 15:03:22,0,19.4913,184967168,328557,43547377
2024-08-13 15:03:27,0,19.4913,184967168,328647,43547453
2024-08-13 15:03:32,6.2,19.5435,185462784,328689,43547481
2024-08-13 15:03:37,3,19.5707,185720832,328689,43547481
2024-08-13 15:03:42,3.2,19.5703,185716736,328837,43547603
2024-08-13 15:03:48,0,19.5703,185716736,328953,43547603
2024-08-13 15:03:53,0,19.5703,185716736,329011,43547603
2024-08-13 15:03:58,3.2,19.5703,185716736,329069,43547603
2024-08-13 15:04:03,3.2,19.5703,185716736,329201,43547707
2024-08-13 15:04:08,0,19.5703,185716736,329243,43547735
2024-08-13 15:04:13,0,19.5703,185716736,329423,43547887
2024-08-13 15:04:19,6.1,19.5685,185700352,331787,43550175
2024-08-13 15:04:24,3.1,19.5685,185700352,331787,43550175
2024-08-13 15:04:29,2.7,19.5685,185700352,331787,43550175
2024-08-13 15:04:34,2.7,19.5685,185700352,331877,43550251
2024-08-13 15:04:39,0,19.5685,185700352,332015,43550251
2024-08-13 15:04:45,6.2,19.5685,185700352,332015,43550251
2024-08-13 15:04:50,3.2,19.5685,185700352,332105,43550327
2024-08-13 15:04:55,0,19.5685,185700352,332147,43550355
2024-08-13 15:05:00,0,24.8361,235687936,610725,43756293
2024-08-13 15:05:05,0,24.862,235933696,610857,43756397
2024-08-13 15:05:11,3.2,24.8879,236179456,610857,43756397
2024-08-13 15:05:16,3.1,24.8879,236179456,610857,43756397
2024-08-13 15:05:21,0,24.8879,236179456,611307,43756777
2024-08-13 15:05:26,0,24.8879,236179456,611307,43756777
2024-08-13 15:05:31,3.2,25.3122,240205824,641687,43946808
2024-08-13 15:05:36,3.2,25.3022,240111616,641777,43946884
2024-08-13 15:05:42,0,25.3022,240111616,641777,43946884
2024-08-13 15:05:47,0,25.3022,240111616,641777,43946884
2024-08-13 15:05:52,6.1,18.1101,171859968,751030,44004352
2024-08-13 15:05:57,3.1,18.1101,171859968,751030,44004352
2024-08-13 15:06:02,0,18.1101,171859968,751072,44004380
2024-08-13 15:06:08,0,18.1917,172634112,751126,44004426
2024-08-13 15:06:13,6.2,18.1917,172634112,751216,44004502
2024-08-13 15:06:18,3.1,18.2171,172875776,751216,44004502
2024-08-13 15:06:23,0,18.2171,172875776,751396,44004654
2024-08-13 15:06:28,0,18.2167,172871680,751708,44004910
2024-08-13 15:06:33,0,18.2439,173129728,751846,44004910
2024-08-13 15:06:39,6.2,18.2439,173129728,751846,44004910
2024-08-13 15:06:44,3.2,18.2435,173125632,751936,44004986
2024-08-13 15:06:49,0,18.2435,173125632,751936,44004986
2024-08-13 15:06:54,0,18.2435,173125632,751936,44004986
2024-08-13 15:06:59,0,18.2435,173125632,752068,44005090
2024-08-13 15:07:04,3.2,18.2435,173125632,752110,44005118
2024-08-13 15:07:10,3.2,18.2435,173125632,752110,44005118
2024-08-13 15:07:15,0,18.2435,173125632,752200,44005194
2024-08-13 15:07:20,0,18.597,176480256,754368,44007254
2024-08-13 15:07:25,6.2,18.6229,176726016,754368,44007254
2024-08-13 15:07:30,0,18.7856,178270208,754888,44007634
2024-08-13 15:07:36,0,18.8663,179036160,754888,44007634
2024-08-13 15:07:41,0,18.8663,179036160,754888,44007634
2024-08-13 15:07:46,6.2,18.9479,179810304,754978,44007710
2024-08-13 15:07:51,0,19.2194,182386688,755020,44007738
2024-08-13 15:07:56,0,19.2466,182644736,755062,44007766
2024-08-13 15:08:01,0,19.2466,182644736,755152,44007842
2024-08-13 15:08:07,0,19.3812,183922688,755152,44007842
2024-08-13 15:08:12,6.2,19.3812,183922688,755152,44007842
2024-08-13 15:08:17,3.1,19.3812,183922688,755152,44007842
2024-08-13 15:08:22,0,19.4084,184180736,755242,44007918
2024-08-13 15:08:27,0,19.4084,184180736,755284,44007946
2024-08-13 15:08:32,6.2,19.4084,184180736,755602,44008098
2024-08-13 15:08:38,3,19.4084,184180736,755872,44008326
2024-08-13 15:08:43,0,19.4084,184180736,755872,44008326
2024-08-13 15:08:48,0,19.4084,184180736,755914,44008354
2024-08-13 15:08:53,6.2,19.4084,184180736,756004,44008430
2024-08-13 15:08:58,3.1,19.4084,184180736,756046,44008458
2024-08-13 15:09:04,0,19.4084,184180736,756046,44008458
2024-08-13 15:09:09,0,19.4084,184180736,756136,44008534
2024-08-13 15:09:14,0,19.4084,184180736,756136,44008534
2024-08-13 15:09:19,3.1,19.4084,184180736,758436,44010594
2024-08-13 15:09:24,0,19.4084,184180736,758526,44010670
2024-08-13 15:09:29,0,19.4084,184180736,758526,44010670
2024-08-13 15:09:35,0,19.4343,184426496,758526,44010670
2024-08-13 15:09:40,3.2,19.4343,184426496,758976,44011050
2024-08-13 15:09:45,3.2,19.4343,184426496,759018,44011078
2024-08-13 15:09:50,0,19.4343,184426496,759018,44011078
2024-08-13 15:09:55,0,19.4335,184418304,759108,44011154
2024-08-13 15:10:01,3.2,19.4878,184934400,759150,44011182
2024-08-13 15:10:06,3.1,19.4878,184934400,759150,44011182
2024-08-13 15:10:11,0,19.4878,184934400,759240,44011258
2024-08-13 15:10:16,0,19.4878,184934400,759240,44011258
2024-08-13 15:10:21,3.2,19.4878,184934400,759240,44011258
2024-08-13 15:10:26,3.1,19.4878,184934400,759294,44011304
2024-08-13 15:10:32,0,19.4878,184934400,759522,44011380
2024-08-13 15:10:37,0,19.4878,184934400,759564,44011408
2024-08-13 15:10:42,0,19.4883,184938496,762086,44013648
2024-08-13 15:10:47,6.1,19.4874,184930304,762356,44013876
2024-08-13 15:10:52,3.2,19.4874,184930304,762356,44013876
2024-08-13 15:10:57,3.1,19.4874,184930304,762356,44013876
2024-08-13 15:11:03,0,19.4874,184930304,762446,44013952
2024-08-13 15:11:08,0,19.4874,184930304,762446,44013952
2024-08-13 15:11:13,0,19.4874,184930304,762446,44013952
2024-08-13 15:11:18,6.2,19.4874,184930304,762536,44014028
2024-08-13 15:11:23,0,19.5685,185700352,762578,44014056
2024-08-13 15:11:29,19.3,19.5685,185700352,765425,44016536
