2024-08-13 15:02:48,17.2,17.5925,166948864,161178,27878190
2024-08-13 15:02:54,2.9,18.5641,176168960,245609,43520666
2024-08-13 15:02:59,3.1,18.5641,176168960,245651,43520694
2024-08-13 15:03:04,5.9,18.5641,176168960,245741,43520770
2024-08-13 15:03:09,3,18.5641,176168960,245741,43520770
2024-08-13 15:03:14,3,18.5641,176168960,245741,43520770
2024-08-13 15:03:20,2.9,18.5641,176168960,246191,43521150
2024-08-13 15:03:25,3.1,18.5641,176168960,246191,43521150
2024-08-13 15:03:30,3.1,18.5641,176168960,246191,43521150
2024-08-13 15:03:35,0,18.5641,176168960,246191,43521150
2024-08-13 15:03:40,0,18.5913,176427008,246335,43521318
2024-08-13 15:03:46,3.2,18.5913,176427008,246377,43521346
2024-08-13 15:03:51,3.1,18.6457,176943104,246377,43521346
2024-08-13 15:03:56,0,18.6724,177197056,246509,43521450
2024-08-13 15:04:01,5.7,18.6724,177197056,246509,43521450
2024-08-13 15:04:07,0,18.7812,178229248,246509,43521450
2024-08-13 15:04:12,3,18.7812,178229248,246599,43521526
2024-08-13 15:04:17,3.1,18.7812,178229248,248767,43523584
2024-08-13 15:04:22,3.1,18.7812,178229248,248905,43523584
2024-08-13 15:04:27,0,18.7812,178229248,249355,43523964
2024-08-13 15:04:33,0,18.7812,178229248,249355,43523964
2024-08-13 15:04:38,0,18.7812,178229248,249355,43523964
2024-08-13 15:04:43,5.9,18.7812,178229248,249445,43524040
2024-08-13 15:04:48,0,18.7812,178229248,249445,43524040
2024-08-13 15:04:53,3.2,18.7812,178229248,249487,43524068
2024-08-13 15:04:59,3.1,18.7812,178229248,249577,43524144
2024-08-13 15:05:04,3,18.7812,178229248,249619,43524172
2024-08-13 15:05:09,78.1,24.5235,232722432,496926,43680287
2024-08-13 15:05:14,5.9,24.643,233857024,528272,43732784
2024-08-13 15:05:19,3.1,24.6668,234082304,528272,43732784
2024-08-13 15:05:25,3.2,24.6659,234074112,528272,43732784
2024-08-13 15:05:30,3.1,24.6659,234074112,528722,43733164
2024-08-13 15:05:35,3.2,24.6918,234319872,528722,43733164
2024-08-13 15:05:40,3,24.9806,237060096,559099,43923248
2024-08-13 15:05:45,0,25.0078,237318144,559099,43923248
2024-08-13 15:05:51,3,25.0341,237568000,559231,43923352
2024-08-13 15:05:56,3.1,25.0341,237568000,559231,43923352
2024-08-13 15:06:01,8.3,25.3457,240525312,664516,43977920
2024-08-13 15:06:06,3,18.1972,172687360,668484,43984511
2024-08-13 15:06:11,3,18.2788,173461504,668484,43984511
2024-08-13 15:06:17,0,18.2788,173461504,668484,43984511
2024-08-13 15:06:22,3,18.2788,173461504,668712,43984587
2024-08-13 15:06:27,0,18.2788,173461504,668782,43984587
2024-08-13 15:06:32,3.1,18.2788,173461504,668782,43984587
2024-08-13 15:06:37,6.1,18.2783,173457408,669232,43984967
2024-08-13 15:06:43,0,18.2783,173457408,669274,43984995
2024-08-13 15:06:48,3,18.2783,173457408,669328,43985087
2024-08-13 15:06:53,3.1,18.3051,173711360,669460,43985191
2024-08-13 15:06:58,0,18.3595,174227456,669460,43985191
2024-08-13 15:07:03,5.8,18.3867,174485504,669460,43985191
2024-08-13 15:07:09,0,18.4139,174743552,669550,43985267
2024-08-13 15:07:14,9.1,18.4139,174743552,669550,43985267
2024-08-13 15:07:19,3.1,18.4139,174743552,671586,43987325
2024-08-13 15:07:24,6.1,18.4139,174743552,671676,43987401
2024-08-13 15:07:30,0,18.4139,174743552,671676,43987401
2024-08-13 15:07:35,0,18.4143,174747648,671676,43987401
2024-08-13 15:07:40,3.1,18.4139,174743552,672168,43987809
2024-08-13 15:07:45,3,18.4139,174743552,672168,43987809
2024-08-13 15:07:50,0,18.4139,174743552,672168,43987809
2024-08-13 15:07:56,3,18.4039,174649344,672258,43987885
2024-08-13 15:08:01,0,18.4039,174649344,672354,43987959
2024-08-13 15:08:06,3.2,18.4039,174649344,672354,43987959
2024-08-13 15:08:11,3,18.4039,174649344,672582,43988035
2024-08-13 15:08:16,6.2,18.4022,174632960,672582,43988035
2024-08-13 15:08:22,3,18.4022,174632960,672582,43988035
2024-08-13 15:08:27,0,18.4022,174632960,672636,43988081
2024-08-13 15:08:32,3,18.4022,174632960,672726,43988157
2024-08-13 15:08:37,3.1,18.4022,174632960,672768,43988185
2024-08-13 15:08:42,3.2,18.4022,174632960,672858,43988261
2024-08-13 15:08:48,6.1,18.4022,174632960,673260,43988593
2024-08-13 15:08:53,3.1,18.4022,174632960,673314,43988639
2024-08-13 15:08:58,3.2,18.4022,174632960,673314,43988639
2024-08-13 15:09:03,0,18.4018,174628864,673404,43988715
2024-08-13 15:09:09,5.7,18.4018,174628864,673404,43988715
2024-08-13 15:09:14,3.1,18.4562,175144960,673404,43988715
2024-08-13 15:09:19,0,18.7268,177713152,675530,43990849
2024-08-13 15:09:24,3.1,18.7268,177713152,675530,43990849
2024-08-13 15:09:29,6.1,18.7268,177713152,675530,43990849
2024-08-13 15:09:35,3.1,18.7268,177713152,675662,43990953
2024-08-13 15:09:40,6.2,18.8079,178483200,675662,43990953
2024-08-13 15:09:45,3.2,18.8071,178475008,675662,43990953
2024-08-13 15:09:50,3,18.8071,178475008,676112,43991333
2024-08-13 15:09:55,3.2,18.8071,178475008,676112,43991333
2024-08-13 15:10:01,0,18.8071,178475008,676250,43991333
2024-08-13 15:10:06,5.7,18.8071,178475008,676340,43991409
2024-08-13 15:10:11,0,18.8071,178475008,676382,43991437
2024-08-13 15:10:16,3.1,18.8071,178475008,676382,43991437
2024-08-13 15:10:21,0,18.8343,178733056,676472,43991513
2024-08-13 15:10:27,3.2,18.8343,178733056,676472,43991513
2024-08-13 15:10:32,8.6,18.858,178958336,678550,43993599
2024-08-13 15:10:37,3.2,18.858,178958336,678640,43993675
2024-08-13 15:10:42,3,18.858,178958336,678640,43993675
2024-08-13 15:10:48,3.1,18.858,178958336,678640,43993675
2024-08-13 15:10:53,3,18.8584,178962432,678910,43993903
2024-08-13 15:10:58,6,18.9111,179462144,679090,43994055
2024-08-13 15:11:03,2.9,18.9655,179978240,679090,43994055
2024-08-13 15:11:08,3.2,18.9927,180236288,679090,43994055
2024-08-13 15:11:14,0,18.9927,180236288,679180,43994131
2024-08-13 15:11:19,0,18.9927,180236288,679180,43994131
2024-08-13 15:11:24,0,18.9927,180236288,679338,43994251
2024-08-13 15:11:29,3,18.9922,180232192,679470,43994355
2024-08-13 15:11:34,3,18.9922,180232192,679470,43994355
2024-08-13 15:11:40,5.9,18.9922,180232192,679470,43994355
2024-08-13 15:11:45,3.2,18.9922,180232192,679560,43994431
