2024-08-13 15:01:08,14.7,18.5576,176107520,143479,26690529
2024-08-13 15:01:14,3,18.435,174944256,248058,43537741
2024-08-13 15:01:19,3.1,18.435,174944256,248058,43537741
2024-08-13 15:01:24,0,18.4609,175190016,248148,43537817
2024-08-13 15:01:29,0,18.4881,175448064,248148,43537817
2024-08-13 15:01:34,2.9,18.4881,175448064,248148,43537817
2024-08-13 15:01:40,0,18.4877,175443968,248238,43537893
2024-08-13 15:01:45,0,18.5149,175702016,248238,43537893
2024-08-13 15:01:50,3.1,18.5693,176218112,248238,43537893
2024-08-13 15:01:55,6.2,18.5697,176222208,248328,43537969
2024-08-13 15:02:00,3,18.5697,176222208,248370,43537997
2024-08-13 15:02:06,3.2,18.5697,176222208,248370,43537997
2024-08-13 15:02:11,3,18.5697,176222208,248772,43538329
2024-08-13 15:02:16,3.2,18.5693,176218112,248862,43538405
2024-08-13 15:02:21,0,18.5934,176447488,248862,43538405
2024-08-13 15:02:26,0,18.5934,176447488,248862,43538405
2024-08-13 15:02:31,3.2,18.5934,176447488,248952,43538481
2024-08-13 15:02:37,6,18.5934,176447488,248952,43538481
2024-08-13 15:02:42,3,18.5934,176447488,249090,43538481
2024-08-13 15:02:47,3,18.5934,176447488,249180,43538557
2024-08-13 15:02:52,3.1,18.5934,176447488,249222,43538585
2024-08-13 15:02:57,0,18.5934,176447488,249292,43538585
2024-08-13 15:03:03,3.1,18.5934,176447488,251460,43540748
2024-08-13 15:03:08,0,18.593,176443392,251460,43540748
2024-08-13 15:03:13,0,18.593,176443392,251460,43540748
2024-08-13 15:03:18,3.1,18.593,176443392,251910,43541128
2024-08-13 15:03:23,0,18.593,176443392,251910,43541128
2024-08-13 15:03:29,3.2,18.593,176443392,251910,43541128
2024-08-13 15:03:34,3.1,18.593,176443392,252000,43541204
2024-08-13 15:03:39,0,18.593,176443392,252000,43541204
2024-08-13 15:03:44,0,18.593,176443392,252000,43541204
2024-08-13 15:03:49,0,18.5921,176435200,252090,43541280
2024-08-13 15:03:55,3,18.5926,176439296,252132,43541308
2024-08-13 15:04:00,3.2,18.5926,176439296,252174,43541336
2024-08-13 15:04:05,3,18.5904,176418816,252264,43541412
2024-08-13 15:04:10,0,18.5921,176435200,252264,43541412
2024-08-13 15:04:15,3.1,18.5921,176435200,252264,43541412
2024-08-13 15:04:21,3.2,18.5921,176435200,252714,43541792
2024-08-13 15:04:26,3.2,18.5921,176435200,252714,43541792
2024-08-13 15:04:31,0,18.5921,176435200,252714,43541792
2024-08-13 15:04:36,0,18.5921,176435200,252804,43541868
2024-08-13 15:04:41,3.2,18.5921,176435200,252984,43541896
2024-08-13 15:04:47,0,18.5921,176435200,252984,43541896
2024-08-13 15:04:52,3,18.5921,176435200,253042,43541988
2024-08-13 15:04:57,3.1,18.5921,176435200,253174,43542092
2024-08-13 15:05:02,90,23.8437,226271232,363524,43610251
2024-08-13 15:05:07,3,23.8536,226365440,533793,43750248
2024-08-13 15:05:13,0,23.8536,226365440,533883,43750324
2024-08-13 15:05:18,0,23.8536,226365440,533883,43750324
2024-08-13 15:05:23,3,23.8808,226623488,534063,43750476
2024-08-13 15:05:28,0,23.8799,226615296,534333,43750704
2024-08-13 15:05:33,0,24.4134,231677952,564912,43940789
2024-08-13 15:05:39,0,24.4669,232185856,564912,43940789
2024-08-13 15:05:44,6.2,24.4669,232185856,565002,43940865
2024-08-13 15:05:49,3.1,24.4669,232185856,565110,43940957
2024-08-13 15:05:54,78.8,24.6681,234094592,628334,43970888
2024-08-13 15:06:00,0,17.9943,170762240,672369,43998215
2024-08-13 15:06:05,3,17.9943,170762240,672369,43998215
2024-08-13 15:06:10,3,18.0759,171536384,672369,43998215
2024-08-13 15:06:15,3,18.2283,172982272,672459,43998291
2024-08-13 15:06:20,3,18.2283,172982272,672513,43998383
2024-08-13 15:06:26,0,18.2283,172982272,672513,43998383
2024-08-13 15:06:31,5.9,18.2278,172978176,672963,43998763
2024-08-13 15:06:36,0,18.2278,172978176,673101,43998763
2024-08-13 15:06:41,0,18.2278,172978176,673101,43998763
2024-08-13 15:06:46,0,18.2274,172974080,673191,43998839
2024-08-13 15:06:52,3.1,18.2274,172974080,673275,43998895
2024-08-13 15:06:57,6.1,18.2274,172974080,673275,43998895
2024-08-13 15:07:02,8.1,18.2818,173490176,673365,43998971
2024-08-13 15:07:07,6,18.6051,176558080,675401,44001030
2024-08-13 15:07:12,0,18.6051,176558080,675401,44001030
2024-08-13 15:07:18,0,18.6051,176558080,675471,44001030
2024-08-13 15:07:23,6.1,18.6051,176558080,675561,44001106
2024-08-13 15:07:28,0,18.6047,176553984,675561,44001106
2024-08-13 15:07:33,0,18.6301,176795648,675831,44001334
2024-08-13 15:07:38,0,18.6301,176795648,676011,44001486
2024-08-13 15:07:44,6.1,18.6301,176795648,676053,44001514
2024-08-13 15:07:49,3,18.6301,176795648,676053,44001514
2024-08-13 15:07:54,3.1,18.6301,176795648,676143,44001590
2024-08-13 15:07:59,0,18.6301,176795648,676185,44001618
2024-08-13 15:08:04,3.1,18.6301,176795648,676185,44001618
2024-08-13 15:08:10,0,18.6301,176795648,676275,44001694
2024-08-13 15:08:15,2.9,18.6301,176795648,676275,44001694
2024-08-13 15:08:20,0,18.6301,176795648,676275,44001694
2024-08-13 15:08:25,0,18.6301,176795648,676365,44001770
2024-08-13 15:08:30,0,18.6301,176795648,676365,44001770
2024-08-13 15:08:36,0,18.6301,176795648,676503,44001770
2024-08-13 15:08:41,0,18.6301,176795648,676995,44002178
2024-08-13 15:08:46,5.8,18.6301,176795648,677037,44002206
2024-08-13 15:08:51,6,18.6573,177053696,677037,44002206
2024-08-13 15:08:56,3,18.6573,177053696,677127,44002282
2024-08-13 15:09:02,3.2,18.6845,177311744,677127,44002282
2024-08-13 15:09:07,3.1,18.6845,177311744,679295,44004341
2024-08-13 15:09:12,3,18.6845,177311744,679385,44004417
2024-08-13 15:09:17,0,18.6845,177311744,679385,44004417
2024-08-13 15:09:22,3.2,18.6845,177311744,679385,44004417
2024-08-13 15:09:28,6.2,18.7117,177569792,679475,44004493
2024-08-13 15:09:33,0,18.7389,177827840,679475,44004493
2024-08-13 15:09:38,5.9,18.7928,178339840,679517,44004521
2024-08-13 15:09:43,3,18.82,178597888,679877,44004825
2024-08-13 15:09:48,5.7,18.82,178597888,680009,44004929
2024-08-13 15:09:54,3.1,18.8192,178589696,680009,44004929
2024-08-13 15:09:59,0,18.8464,178847744,680009,44004929
2024-08-13 15:10:04,3.1,18.8994,179351552,680099,44005005
2024-08-13 15:10:09,3.1,18.9266,179609600,680099,44005005
2024-08-13 15:10:14,0,18.9266,179609600,680099,44005005
2024-08-13 15:10:20,3.2,18.9266,179609600,680189,44005081
2024-08-13 15:10:25,6.2,19.0898,181157888,682489,44007140
2024-08-13 15:10:30,3.1,19.0898,181157888,682627,44007140
2024-08-13 15:10:35,3,19.117,181415936,682759,44007244
2024-08-13 15:10:40,6.1,19.117,181415936,682813,44007290
2024-08-13 15:10:46,3.2,19.117,181415936,682813,44007290
2024-08-13 15:10:51,3.1,19.1166,181411840,683263,44007670
2024-08-13 15:10:56,0,19.1977,182181888,683263,44007670
2024-08-13 15:11:01,3.2,19.2508,182685696,683263,44007670
2024-08-13 15:11:06,3,19.2508,182685696,683353,44007746
2024-08-13 15:11:12,0,19.2508,182685696,683395,44007774
2024-08-13 15:11:17,0,19.2508,182685696,683449,44007820
2024-08-13 15:11:22,3.2,19.2512,182689792,683539,44007896
2024-08-13 15:11:27,0,19.2512,182689792,683539,44007896
2024-08-13 15:11:32,0,19.2784,182947840,683581,44007924
2024-08-13 15:11:37,3,19.278,182943744,683671,44008000
