2024-08-13 15:00:14,9.7,17.8687,169570304,175878,26684509
2024-08-13 15:00:20,0,18.8205,178601984,316991,43546329
2024-08-13 15:00:25,3.2,18.8205,178601984,316991,43546329
2024-08-13 15:00:30,0,18.8205,178601984,317081,43546405
2024-08-13 15:00:35,0,18.8477,178860032,317081,43546405
2024-08-13 15:00:40,0,18.8477,178860032,317123,43546433
2024-08-13 15:00:45,0,18.9564,179892224,317351,43546509
2024-08-13 15:00:51,0,18.9581,179908608,317393,43546537
2024-08-13 15:00:56,0,18.9564,179892224,317463,43546537
2024-08-13 15:01:01,0,19.0108,180408320,317913,43546917
2024-08-13 15:01:06,3.2,19.1196,181440512,317913,43546917
2024-08-13 15:01:11,3.2,19.1468,181698560,317913,43546917
2024-08-13 15:01:17,3.2,19.2012,182214656,317913,43546917
2024-08-13 15:01:22,0,19.2012,182214656,318003,43546993
2024-08-13 15:01:27,0,19.2012,182214656,318099,43547067
2024-08-13 15:01:32,0,19.2033,182235136,318099,43547067
2024-08-13 15:01:37,0,19.2033,182235136,318231,43547171
2024-08-13 15:01:42,3.2,19.2033,182235136,320267,43549229
2024-08-13 15:01:48,3.1,19.2033,182235136,320267,43549229
2024-08-13 15:01:53,6.2,19.2016,182218752,320357,43549305
2024-08-13 15:01:58,6,19.2832,182992896,320357,43549305
2024-08-13 15:02:03,0,19.3104,183250944,320357,43549305
2024-08-13 15:02:08,0,19.3104,183250944,320807,43549685
2024-08-13 15:02:14,0,19.3104,183250944,320849,43549713
2024-08-13 15:02:19,0,19.3919,184025088,320849,43549713
2024-08-13 15:02:24,0,19.4178,184270848,320939,43549789
2024-08-13 15:02:29,0,19.5538,185561088,320939,43549789
2024-08-13 15:02:34,0,19.5538,185561088,320981,43549817
2024-08-13 15:02:39,0,19.5784,185794560,321209,43549893
2024-08-13 15:02:45,0,19.6587,186556416,321251,43549921
2024-08-13 15:02:50,3.1,19.7402,187330560,321251,43549921
2024-08-13 15:02:55,3.2,19.7402,187330560,321341,43549997
2024-08-13 15:03:00,0,19.7402,187330560,321341,43549997
2024-08-13 15:03:05,3.2,19.7402,187330560,321411,43549997
2024-08-13 15:03:11,0,19.7398,187326464,321681,43550225
2024-08-13 15:03:16,6,19.7398,187326464,321903,43550405
2024-08-13 15:03:21,6.2,19.7398,187326464,321903,43550405
2024-08-13 15:03:26,3.2,19.7398,187326464,321903,43550405
2024-08-13 15:03:31,0,19.7398,187326464,322035,43550509
2024-08-13 15:03:36,0,19.7398,187326464,322035,43550509
2024-08-13 15:03:42,0,19.7394,187322368,324269,43552567
2024-08-13 15:03:47,0,19.739,187318272,324359,43552643
2024-08-13 15:03:52,3,19.7407,187334656,324359,43552643
2024-08-13 15:03:57,0,19.7407,187334656,324359,43552643
2024-08-13 15:04:02,0,19.7407,187334656,324449,43552719
2024-08-13 15:04:08,3.2,19.7407,187334656,324491,43552747
2024-08-13 15:04:13,3.1,19.7407,187334656,324581,43552823
2024-08-13 15:04:18,3.2,19.7407,187334656,324941,43553127
2024-08-13 15:04:23,3.1,19.7407,187334656,324941,43553127
2024-08-13 15:04:28,3.2,19.7407,187334656,324983,43553155
2024-08-13 15:04:33,3.1,19.7407,187334656,325265,43553277
2024-08-13 15:04:39,3.2,19.7674,187588608,325307,43553305
2024-08-13 15:04:44,3.2,19.7674,187588608,325307,43553305
2024-08-13 15:04:49,3.2,19.7933,187834368,325397,43553381
2024-08-13 15:04:54,3.1,19.7933,187834368,325397,43553381
2024-08-13 15:04:59,3.1,24.2429,230060032,603960,43759317
2024-08-13 15:05:05,0,24.2442,230072320,604050,43759393
2024-08-13 15:05:10,0,24.2434,230064128,604050,43759393
2024-08-13 15:05:15,0,24.2434,230064128,604050,43759393
2024-08-13 15:05:20,0,24.2434,230064128,604362,43759649
2024-08-13 15:05:25,0,24.3694,231260160,604584,43759829
2024-08-13 15:05:30,0,25.2154,239288320,635027,43903929
2024-08-13 15:05:36,0,25.2154,239288320,635027,43903929
2024-08-13 15:05:41,0,25.2396,239517696,637153,43906063
2024-08-13 15:05:46,0,25.2396,239517696,637153,43906063
2024-08-13 15:05:51,0,17.7798,168726528,744334,43961442
2024-08-13 15:05:56,0,17.7798,168726528,744424,43961518
2024-08-13 15:06:02,0,17.7798,168726528,744424,43961518
2024-08-13 15:06:07,0,17.7798,168726528,744424,43961518
2024-08-13 15:06:12,3.1,17.7798,168726528,744514,43961594
2024-08-13 15:06:17,6.2,17.7798,168726528,744598,43961650
2024-08-13 15:06:22,0,17.7798,168726528,744688,43961726
2024-08-13 15:06:27,0,17.7798,168726528,745048,43962030
2024-08-13 15:06:33,0,17.7794,168722432,745186,43962030
2024-08-13 15:06:38,0,17.8053,168968192,745186,43962030
2024-08-13 15:06:43,0,17.8053,168968192,745276,43962106
2024-08-13 15:06:48,3.1,17.8053,168968192,745318,43962134
2024-08-13 15:06:53,3.2,17.8053,168968192,745318,43962134
2024-08-13 15:06:59,3.2,17.9412,170258432,745408,43962210
2024-08-13 15:07:04,3.1,17.9684,170516480,745408,43962210
2024-08-13 15:07:09,0,17.9684,170516480,745408,43962210
2024-08-13 15:07:14,0,17.9684,170516480,745540,43962314
2024-08-13 15:07:19,0,17.9684,170516480,745582,43962342
2024-08-13 15:07:24,0,17.9684,170516480,745582,43962342
2024-08-13 15:07:30,0,17.9676,170508288,745852,43962570
2024-08-13 15:07:35,0,18.1031,171794432,746102,43962722
2024-08-13 15:07:40,0,18.5882,176398336,748456,43964872
2024-08-13 15:07:45,0,18.5882,176398336,748498,43964900
2024-08-13 15:07:50,0,18.5882,176398336,748588,43964976
2024-08-13 15:07:56,0,18.5882,176398336,748588,43964976
2024-08-13 15:08:01,0,18.6698,177172480,748588,43964976
2024-08-13 15:08:06,0,18.8869,179232768,748678,43965052
2024-08-13 15:08:11,0,18.8869,179232768,748762,43965108
2024-08-13 15:08:16,0,18.8869,179232768,748762,43965108
2024-08-13 15:08:21,0,18.9141,179490816,748990,43965184
2024-08-13 15:08:27,0,18.9141,179490816,748990,43965184
2024-08-13 15:08:32,3.2,18.9141,179490816,749170,43965336
2024-08-13 15:08:37,3.1,18.9141,179490816,749482,43965592
2024-08-13 15:08:42,3.1,18.9141,179490816,749482,43965592
2024-08-13 15:08:47,0,18.9141,179490816,749482,43965592
2024-08-13 15:08:53,0,18.94,179736576,749572,43965668
2024-08-13 15:08:58,3.1,18.94,179736576,749572,43965668
2024-08-13 15:09:03,3.2,18.94,179736576,749572,43965668
2024-08-13 15:09:08,3.1,18.94,179736576,749758,43965818
2024-08-13 15:09:13,0,18.94,179736576,749800,43965846
2024-08-13 15:09:18,3.2,18.94,179736576,749800,43965846
2024-08-13 15:09:24,3.2,18.94,179736576,749890,43965922
2024-08-13 15:09:29,6.2,18.94,179736576,749890,43965922
2024-08-13 15:09:34,0,18.9659,179982336,749890,43965922
2024-08-13 15:09:39,6.2,19.0475,180756480,752550,43968284
2024-08-13 15:09:44,6,19.1019,181272576,752640,43968360
2024-08-13 15:09:50,0,19.1019,181272576,752640,43968360
2024-08-13 15:09:55,3.2,19.1019,181272576,752640,43968360
2024-08-13 15:10:00,3.1,19.1019,181272576,752730,43968436
2024-08-13 15:10:05,6.2,19.1002,181256192,752772,43968464
2024-08-13 15:10:10,0,19.1002,181256192,752772,43968464
2024-08-13 15:10:15,0,19.1002,181256192,752862,43968540
2024-08-13 15:10:21,0,19.1002,181256192,753042,43968568
2024-08-13 15:10:26,0,19.1002,181256192,753042,43968568
2024-08-13 15:10:31,3.2,19.1019,181272576,753132,43968644
2024-08-13 15:10:36,6,19.1023,181276672,753132,43968644
2024-08-13 15:10:41,3.2,19.1023,181276672,753312,43968796
2024-08-13 15:10:47,0,19.1019,181272576,753624,43969052
2024-08-13 15:10:52,0,19.1019,181272576,753624,43969052
2024-08-13 15:10:57,0,19.1019,181272576,753624,43969052
2024-08-13 15:11:02,0,19.1019,181272576,753756,43969156
2024-08-13 15:11:07,0,19.1019,181272576,753756,43969156
2024-08-13 15:11:12,3.1,19.1019,181272576,753756,43969156
2024-08-13 15:11:18,0,19.1019,181272576,753846,43969232
