2024-08-13 15:00:41,9.1,17.6404,167403520,184402,26666849
2024-08-13 15:00:46,3.2,18.8744,179113984,328431,43529057
2024-08-13 15:00:51,0,18.8744,179113984,328501,43529057
2024-08-13 15:00:56,0,18.9003,179359744,328501,43529057
2024-08-13 15:01:01,0,18.9003,179359744,328951,43529437
2024-08-13 15:01:06,0,18.9543,179871744,328993,43529465
2024-08-13 15:01:12,6.2,18.9815,180129792,328993,43529465
2024-08-13 15:01:17,3.2,18.9815,180129792,329083,43529541
2024-08-13 15:01:22,3.2,18.9815,180129792,329083,43529541
2024-08-13 15:01:27,0,18.9815,180129792,329083,43529541
2024-08-13 15:01:32,0,18.9815,180129792,329173,43529617
2024-08-13 15:01:38,0,18.9815,180129792,329215,43529645
2024-08-13 15:01:43,6,18.9815,180129792,329215,43529645
2024-08-13 15:01:48,0,18.9815,180129792,329305,43529721
2024-08-13 15:01:53,2.9,18.9815,180129792,329305,43529721
2024-08-13 15:01:58,0,18.9815,180129792,329305,43529721
2024-08-13 15:02:03,0,18.9815,180129792,329617,43529977
2024-08-13 15:02:09,0,18.9828,180142080,329797,43530129
2024-08-13 15:02:14,0,18.9828,180142080,329797,43530129
2024-08-13 15:02:19,6,18.9828,180142080,329797,43530129
2024-08-13 15:02:24,6.2,19.2262,182452224,332061,43532265
2024-08-13 15:02:29,3.2,19.2534,182710272,332061,43532265
2024-08-13 15:02:35,0,19.2534,182710272,332061,43532265
2024-08-13 15:02:40,3.2,19.2534,182710272,332151,43532341
2024-08-13 15:02:45,0,19.2534,182710272,332151,43532341
2024-08-13 15:02:50,0,19.2517,182693888,332151,43532341
2024-08-13 15:02:55,0,19.2517,182693888,332311,43532417
2024-08-13 15:03:00,6.2,19.2521,182697984,332353,43532445
2024-08-13 15:03:06,3.2,19.2521,182697984,332353,43532445
2024-08-13 15:03:11,3.2,19.2521,182697984,332803,43532825
2024-08-13 15:03:16,3.2,19.2538,182714368,332845,43532853
2024-08-13 15:03:21,3.2,19.2521,182697984,332845,43532853
2024-08-13 15:03:26,0,19.2521,182697984,332935,43532929
2024-08-13 15:03:31,0,19.2521,182697984,332935,43532929
2024-08-13 15:03:37,0,19.2521,182697984,332935,43532929
2024-08-13 15:03:42,0,19.2517,182693888,333025,43533005
2024-08-13 15:03:47,6.1,19.2517,182693888,333025,43533005
2024-08-13 15:03:52,3.1,19.2517,182693888,333025,43533005
2024-08-13 15:03:57,3.2,19.2517,182693888,333157,43533109
2024-08-13 15:04:03,0,19.2517,182693888,333199,43533137
2024-08-13 15:04:08,0,19.2517,182693888,333199,43533137
2024-08-13 15:04:13,0,19.2517,182693888,333433,43533335
2024-08-13 15:04:18,6.1,19.2517,182693888,333703,43533563
2024-08-13 15:04:23,3.2,19.2517,182693888,336075,43535623
2024-08-13 15:04:28,3.2,19.2517,182693888,336075,43535623
2024-08-13 15:04:34,0,19.2508,182685696,336165,43535699
2024-08-13 15:04:39,0,19.2508,182685696,336219,43535745
2024-08-13 15:04:44,0,19.2508,182685696,336219,43535745
2024-08-13 15:04:49,6.2,19.2508,182685696,336351,43535849
2024-08-13 15:04:54,3.1,19.2508,182685696,336351,43535849
2024-08-13 15:05:00,93.6,24.6957,234356736,495728,43628116
2024-08-13 15:05:05,0,24.7876,235229184,615009,43741860
2024-08-13 15:05:10,0,24.8135,235474944,615009,43741860
2024-08-13 15:05:15,3.1,24.8135,235474944,615009,43741860
2024-08-13 15:05:20,3.2,24.8135,235474944,615459,43742240
2024-08-13 15:05:25,3.2,24.8135,235474944,615513,43742286
2024-08-13 15:05:31,0,24.9935,237182976,645825,43932368
2024-08-13 15:05:36,0,24.9935,237182976,645915,43932444
2024-08-13 15:05:41,0,24.9935,237182976,645915,43932444
2024-08-13 15:05:46,0,24.9935,237182976,646011,43932532
2024-08-13 15:05:51,96.7,25.3496,240562176,723745,43969346
2024-08-13 15:05:57,0,19.3932,184037376,755396,43990103
2024-08-13 15:06:02,0,19.3932,184037376,755396,43990103
2024-08-13 15:06:07,0,19.3932,184037376,755624,43990179
2024-08-13 15:06:12,0,19.3932,184037376,755624,43990179
2024-08-13 15:06:17,6.1,19.3932,184037376,755624,43990179
2024-08-13 15:06:22,3.1,19.4459,184537088,755714,43990255
2024-08-13 15:06:28,3,19.4459,184537088,756074,43990559
2024-08-13 15:06:33,0,19.4731,184795136,756074,43990559
2024-08-13 15:06:38,0,19.4731,184795136,756074,43990559
2024-08-13 15:06:43,0,19.5003,185053184,756206,43990663
2024-08-13 15:06:48,6.2,16.8035,159461376,756248,43990691
2024-08-13 15:06:54,3.2,16.9395,160751616,756248,43990691
2024-08-13 15:06:59,3.2,16.9921,161251328,756338,43990767
2024-08-13 15:07:04,0,16.9921,161251328,756338,43990767
2024-08-13 15:07:09,0,17.1004,162279424,756338,43990767
2024-08-13 15:07:14,6.2,17.1,162275328,756498,43990843
2024-08-13 15:07:19,6.2,17.1,162275328,756552,43990903
2024-08-13 15:07:25,3.2,17.5321,166375424,758852,43992963
2024-08-13 15:07:30,3.2,17.5312,166367232,759302,43993343
2024-08-13 15:07:35,0,17.5571,166612992,759302,43993343
2024-08-13 15:07:40,0,17.6931,167903232,759344,43993371
2024-08-13 15:07:45,0,17.8545,169435136,759434,43993447
2024-08-13 15:07:50,0,17.8545,169435136,759434,43993447
2024-08-13 15:07:56,6.2,17.8545,169435136,759434,43993447
2024-08-13 15:08:01,3.1,17.8545,169435136,759524,43993523
2024-08-13 15:08:06,3.2,17.8545,169435136,759758,43993611
2024-08-13 15:08:11,0,17.8545,169435136,759758,43993611
2024-08-13 15:08:16,0,17.8545,169435136,759758,43993611
2024-08-13 15:08:22,0,17.8545,169435136,759848,43993687
2024-08-13 15:08:27,6.2,17.8545,169435136,759848,43993687
2024-08-13 15:08:32,3.2,17.8545,169435136,760028,43993839
2024-08-13 15:08:37,0,17.8545,169435136,760340,43994095
2024-08-13 15:08:42,0,17.8545,169435136,760340,43994095
2024-08-13 15:08:47,0,17.8545,169435136,760340,43994095
2024-08-13 15:08:53,0,17.8545,169435136,760430,43994171
2024-08-13 15:08:58,3.2,17.8545,169435136,760472,43994199
2024-08-13 15:09:03,3.1,17.8545,169435136,760472,43994199
2024-08-13 15:09:08,0,17.8545,169435136,760562,43994275
2024-08-13 15:09:13,0,17.8545,169435136,760562,43994275
2024-08-13 15:09:19,0,17.8545,169435136,760562,43994275
2024-08-13 15:09:24,3.2,17.9011,169877504,762952,43996411
2024-08-13 15:09:29,3.2,17.9011,169877504,762952,43996411
2024-08-13 15:09:34,3.1,17.9011,169877504,762994,43996439
2024-08-13 15:09:39,0,17.9011,169877504,763444,43996819
2024-08-13 15:09:44,0,17.927,170123264,763498,43996911
2024-08-13 15:09:50,0,17.927,170123264,763498,43996911
2024-08-13 15:09:55,6.1,17.9542,170381312,763588,43996987
2024-08-13 15:10:00,3.2,17.9559,170397696,763588,43996987
2024-08-13 15:10:05,3,17.9559,170397696,763726,43996987
2024-08-13 15:10:10,0,17.9559,170397696,763816,43997063
2024-08-13 15:10:15,0,17.9559,170397696,763858,43997091
2024-08-13 15:10:21,0,18.0362,171159552,763858,43997091
2024-08-13 15:10:26,3.2,18.1722,172449792,763858,43997091
2024-08-13 15:10:31,0,18.2809,173481984,763990,43997195
2024-08-13 15:10:36,3.1,18.2809,173481984,763990,43997195
2024-08-13 15:10:41,0,18.2809,173481984,764080,43997271
2024-08-13 15:10:47,0,18.6305,176799744,766674,43999635
2024-08-13 15:10:52,0,18.7393,177831936,766674,43999635
2024-08-13 15:10:57,3.2,18.7393,177831936,766674,43999635
2024-08-13 15:11:02,3.1,18.7393,177831936,766764,43999711
2024-08-13 15:11:07,0,18.7393,177831936,766764,43999711
2024-08-13 15:11:12,0,18.7393,177831936,766764,43999711
2024-08-13 15:11:18,0,18.7393,177831936,766854,43999787
2024-08-13 15:11:23,3.2,18.7393,177831936,766854,43999787
2024-08-13 15:11:28,3.1,18.7393,177831936,766896,43999815
