2024-08-13 15:04:45,16.2,17.7199,168157184,218153,33276822
2024-08-13 15:04:51,0,18.4334,174927872,287664,43546004
2024-08-13 15:04:56,6,18.4334,174927872,287754,43546080
2024-08-13 15:05:01,0,18.5141,175693824,287754,43546080
2024-08-13 15:05:06,3,18.5141,175693824,287754,43546080
2024-08-13 15:05:12,16.1,24.1748,229412864,345921,43585448
2024-08-13 15:05:17,67.7,24.1938,229593088,522342,43698066
2024-08-13 15:05:22,0,24.2133,229777408,566444,43760853
2024-08-13 15:05:27,3.2,24.2133,229777408,566534,43760929
2024-08-13 15:05:32,0,24.2133,229777408,566534,43760929
2024-08-13 15:05:38,0,24.2655,230273024,566576,43760957
2024-08-13 15:05:43,0,24.8257,235589632,598128,43951419
2024-08-13 15:05:48,0,24.8257,235589632,598128,43951419
2024-08-13 15:05:53,0,24.8529,235847680,598128,43951419
2024-08-13 15:05:58,0,24.8529,235847680,600410,43953868
2024-08-13 15:06:04,2.9,25.1248,238428160,623111,43958060
2024-08-13 15:06:09,3.1,18.9496,179826688,707607,44012683
2024-08-13 15:06:14,0,18.9755,180072448,707739,44012787
2024-08-13 15:06:19,3,18.9768,180084736,707739,44012787
2024-08-13 15:06:24,3,18.9768,180084736,707739,44012787
2024-08-13 15:06:30,3.1,18.9768,180084736,707739,44012787
2024-08-13 15:06:35,3.1,18.9751,180068352,708009,44012891
2024-08-13 15:06:40,3.2,18.9751,180068352,708009,44012891
2024-08-13 15:06:45,0,18.9768,180084736,708099,44012967
2024-08-13 15:06:50,0,19.0031,180334592,708501,44013299
2024-08-13 15:06:56,0,19.0036,180338688,708501,44013299
2024-08-13 15:07:01,3.1,19.0545,180822016,708501,44013299
2024-08-13 15:07:06,0,19.0545,180822016,708591,44013375
2024-08-13 15:07:11,3,19.0817,181080064,708591,44013375
2024-08-13 15:07:16,2.9,19.0799,181063680,708591,44013375
2024-08-13 15:07:22,0,19.1343,181579776,708681,44013451
2024-08-13 15:07:27,3.1,19.1883,182091776,708723,44013479
2024-08-13 15:07:32,0,19.1883,182091776,708723,44013479
2024-08-13 15:07:37,0,19.1883,182091776,708813,44013555
2024-08-13 15:07:43,0,19.19,182108160,708855,44013583
2024-08-13 15:07:48,6.1,19.19,182108160,708855,44013583
2024-08-13 15:07:53,3.1,19.1896,182104064,709305,44013963
2024-08-13 15:07:58,12.9,19.2664,182833152,711341,44016022
2024-08-13 15:08:03,3,19.2664,182833152,711341,44016022
2024-08-13 15:08:09,3.1,19.2936,183091200,711431,44016098
2024-08-13 15:08:14,0,19.3208,183349248,711431,44016098
2024-08-13 15:08:19,3.1,19.3191,183332864,711485,44016144
2024-08-13 15:08:24,6.2,19.3208,183349248,711617,44016248
2024-08-13 15:08:29,0,19.3208,183349248,711755,44016248
2024-08-13 15:08:35,3.2,19.3208,183349248,711755,44016248
2024-08-13 15:08:40,0,19.3225,183365632,711845,44016324
2024-08-13 15:08:45,3.2,19.3225,183365632,711887,44016352
2024-08-13 15:08:50,3.2,19.3225,183365632,711887,44016352
2024-08-13 15:08:55,6.2,19.3225,183365632,712247,44016656
2024-08-13 15:09:01,3.1,19.3208,183349248,712337,44016732
2024-08-13 15:09:06,3.1,19.3208,183349248,712337,44016732
2024-08-13 15:09:11,0,19.348,183607296,712337,44016732
2024-08-13 15:09:16,3.1,19.3752,183865344,712427,44016808
2024-08-13 15:09:21,3,19.3769,183881728,712469,44016836
2024-08-13 15:09:27,3.1,19.3752,183865344,712469,44016836
2024-08-13 15:09:32,3.2,19.4041,184139776,712559,44016912
2024-08-13 15:09:37,3.1,19.5111,185155584,712601,44016940
2024-08-13 15:09:42,0,19.5366,185397248,712601,44016940
2024-08-13 15:09:47,6.2,19.5366,185397248,712691,44017016
2024-08-13 15:09:53,3.1,19.5811,185819136,712691,44017016
2024-08-13 15:09:58,0,19.61,186093568,712691,44017016
2024-08-13 15:10:03,3,19.6898,186851328,715243,44019455
2024-08-13 15:10:08,0,19.6881,186834944,715243,44019455
2024-08-13 15:10:13,0,19.6881,186834944,715243,44019455
2024-08-13 15:10:19,3.1,19.6881,186834944,715375,44019559
2024-08-13 15:10:24,3.2,19.6881,186834944,715513,44019559
2024-08-13 15:10:29,3,19.6881,186834944,715513,44019559
2024-08-13 15:10:34,0,19.6881,186834944,715603,44019635
2024-08-13 15:10:39,3,19.6881,186834944,715645,44019663
2024-08-13 15:10:45,0,19.6881,186834944,715645,44019663
2024-08-13 15:10:50,3.1,19.6881,186834944,715735,44019739
2024-08-13 15:10:55,0,19.6881,186834944,715735,44019739
2024-08-13 15:11:00,3.2,19.6881,186834944,715735,44019739
2024-08-13 15:11:05,0,19.6877,186830848,716095,44020043
2024-08-13 15:11:11,3.1,19.6872,186826752,716185,44020119
2024-08-13 15:11:16,0,19.6872,186826752,716227,44020147
2024-08-13 15:11:21,0,19.6864,186818560,716227,44020147
2024-08-13 15:11:26,3.2,19.6864,186818560,716317,44020223
2024-08-13 15:11:31,3.2,19.6864,186818560,716359,44020251
2024-08-13 15:11:37,3.1,19.6864,186818560,716359,44020251
2024-08-13 15:11:42,0,19.6864,186818560,716449,44020327
2024-08-13 15:11:47,3,19.6864,186818560,716449,44020327
2024-08-13 15:11:52,0,19.6864,186818560,716449,44020327
2024-08-13 15:11:57,6,19.686,186814464,716539,44020403
2024-08-13 15:12:03,0,19.6842,186798080,718575,44022462
