2024-08-13 15:04:09,17.7,17.5865,166891520,204119,34697215
2024-08-13 15:04:14,0,17.9123,169984000,269854,43555523
2024-08-13 15:04:19,3,17.9123,169984000,269944,43555599
2024-08-13 15:04:24,0,17.9667,170500096,269944,43555599
2024-08-13 15:04:29,3.1,18.0483,171274240,269944,43555599
2024-08-13 15:04:35,0,18.0755,171532288,270214,43555827
2024-08-13 15:04:40,2.9,18.0755,171532288,270394,43555979
2024-08-13 15:04:45,3.2,18.0755,171532288,270532,43555979
2024-08-13 15:04:50,6.1,18.0755,171532288,270532,43555979
2024-08-13 15:04:55,3.2,18.0755,171532288,270622,43556055
2024-08-13 15:05:01,0,18.1014,171778048,270706,43556111
2024-08-13 15:05:06,3.1,18.1014,171778048,270706,43556111
2024-08-13 15:05:11,20,23.763,225505280,359373,43616288
2024-08-13 15:05:16,51.5,23.7962,225820672,533777,43747482
2024-08-13 15:05:21,0,23.8506,226336768,551789,43774318
2024-08-13 15:05:27,3.1,23.8489,226320384,551879,43774394
2024-08-13 15:05:32,0,23.8489,226320384,551879,43774394
2024-08-13 15:05:37,5.8,23.8489,226320384,551969,43774470
2024-08-13 15:05:42,3.1,24.328,230866944,583170,43964856
2024-08-13 15:05:48,0,24.3284,230871040,583170,43964856
2024-08-13 15:05:53,5.4,24.3284,230871040,583212,43964884
2024-08-13 15:05:58,3,24.3284,230871040,583302,43964960
2024-08-13 15:06:03,25.7,24.5718,233181184,630396,43984867
2024-08-13 15:06:08,3,18.7397,177836032,690495,44024087
2024-08-13 15:06:14,0,18.7648,178073600,690627,44024191
2024-08-13 15:06:19,0,18.8161,178561024,690627,44024191
2024-08-13 15:06:24,0,18.8161,178561024,690627,44024191
2024-08-13 15:06:29,0,18.8161,178561024,690717,44024267
2024-08-13 15:06:34,0,18.8161,178561024,690855,44024267
2024-08-13 15:06:40,3,18.8161,178561024,690855,44024267
2024-08-13 15:06:45,5.9,18.8161,178561024,691215,44024571
2024-08-13 15:06:50,3,18.8144,178544640,691389,44024703
2024-08-13 15:06:55,2.9,18.8161,178561024,691389,44024703
2024-08-13 15:07:00,0,18.8161,178561024,691389,44024703
2024-08-13 15:07:06,3,18.8144,178544640,691479,44024779
2024-08-13 15:07:11,3.2,18.8144,178544640,691549,44024779
2024-08-13 15:07:16,5.9,18.8161,178561024,691549,44024779
2024-08-13 15:07:21,6.2,18.8395,178782208,693741,44026914
2024-08-13 15:07:26,6.2,18.8377,178765824,693741,44026914
2024-08-13 15:07:32,0,18.8395,178782208,693741,44026914
2024-08-13 15:07:37,3.2,18.8373,178761728,693831,44026990
2024-08-13 15:07:42,3.1,18.8373,178761728,693831,44026990
2024-08-13 15:07:47,0,18.8373,178761728,693963,44027094
2024-08-13 15:07:52,0,18.8369,178757632,694323,44027398
2024-08-13 15:07:58,0,18.8369,178757632,694323,44027398
2024-08-13 15:08:03,0,18.8369,178757632,694323,44027398
2024-08-13 15:08:08,3.1,18.8369,178757632,694413,44027474
2024-08-13 15:08:13,0,18.8619,178995200,694455,44027502
2024-08-13 15:08:19,3.2,18.8891,179253248,694455,44027502
2024-08-13 15:08:24,6.2,18.9435,179769344,694545,44027578
2024-08-13 15:08:29,0,18.9452,179785728,694683,44027578
2024-08-13 15:08:34,0,18.9452,179785728,694683,44027578
2024-08-13 15:08:39,3,18.9469,179802112,694773,44027654
2024-08-13 15:08:45,0,18.9469,179802112,694815,44027682
2024-08-13 15:08:50,3.1,18.9469,179802112,694815,44027682
2024-08-13 15:08:55,3.2,18.9452,179785728,695217,44028014
2024-08-13 15:09:00,3,18.9452,179785728,695307,44028090
2024-08-13 15:09:05,3.1,18.9452,179785728,695307,44028090
2024-08-13 15:09:11,3.2,18.9452,179785728,695397,44028166
2024-08-13 15:09:16,3,18.937,179707904,695397,44028166
2024-08-13 15:09:21,0,18.9353,179691520,697565,44030225
2024-08-13 15:09:26,0,18.9335,179675136,697565,44030225
2024-08-13 15:09:31,8.6,18.9335,179675136,697655,44030301
2024-08-13 15:09:37,3,18.9353,179691520,697655,44030301
2024-08-13 15:09:42,3.1,18.9353,179691520,697697,44030329
2024-08-13 15:09:47,0,18.9353,179691520,697787,44030405
2024-08-13 15:09:52,2.9,18.9353,179691520,697787,44030405
2024-08-13 15:09:57,0,18.9335,179675136,697877,44030481
2024-08-13 15:10:02,3.2,18.9335,179675136,698279,44030813
2024-08-13 15:10:08,6,18.9353,179691520,698279,44030813
2024-08-13 15:10:13,0,18.9353,179691520,698279,44030813
2024-08-13 15:10:18,0,18.9335,179675136,698369,44030889
2024-08-13 15:10:23,40.5,18.9323,179662848,700807,44032948
2024-08-13 15:10:28,5.9,18.9323,179662848,700807,44032948
2024-08-13 15:10:34,2.9,18.9323,179662848,700939,44033052
2024-08-13 15:10:39,6.2,18.934,179679232,700939,44033052
2024-08-13 15:10:44,0,18.934,179679232,700939,44033052
2024-08-13 15:10:49,3,18.934,179679232,701029,44033128
2024-08-13 15:10:54,3.1,18.9323,179662848,701029,44033128
2024-08-13 15:11:00,6.1,18.9323,179662848,701119,44033204
2024-08-13 15:11:05,0,18.9323,179662848,701521,44033536
2024-08-13 15:11:10,6,18.9335,179675136,701521,44033536
2024-08-13 15:11:15,0,18.9335,179675136,701521,44033536
2024-08-13 15:11:21,3,18.9335,179675136,701611,44033612
2024-08-13 15:11:26,3.1,18.9335,179675136,701611,44033612
2024-08-13 15:11:31,0,18.9335,179675136,701653,44033640
2024-08-13 15:11:36,3.1,18.9335,179675136,701653,44033640
2024-08-13 15:11:41,3.1,18.9335,179675136,701785,44033744
2024-08-13 15:11:46,3,18.9335,179675136,701785,44033744
2024-08-13 15:11:52,3,18.9335,179675136,701785,44033744
