2024-08-13 15:04:46,6.9,17.6853,167829504,496654,29627748
2024-08-13 15:04:51,0,17.684,167817216,619311,43473688
2024-08-13 15:04:56,3.1,17.684,167817216,622983,43477768
2024-08-13 15:05:02,3,17.684,167817216,622983,43477768
2024-08-13 15:05:07,3.1,17.6814,167792640,623073,43477844
2024-08-13 15:05:12,31.2,23.3417,221507584,689685,43523554
2024-08-13 15:05:17,75,23.4522,222556160,890249,43675083
2024-08-13 15:05:22,0,23.4876,222892032,901627,43692934
2024-08-13 15:05:28,6.1,23.5424,223412224,901717,43692934
2024-08-13 15:05:33,0,23.5424,223412224,901717,43692934
2024-08-13 15:05:38,0,23.5696,223670272,901939,43693114
2024-08-13 15:05:43,6.2,24.1851,229511168,933249,43883425
2024-08-13 15:05:48,3.1,24.2123,229769216,933249,43883425
2024-08-13 15:05:54,2.9,24.2662,230281216,933249,43883425
2024-08-13 15:05:59,3.1,24.2921,230526976,933339,43883501
2024-08-13 15:06:04,9.3,24.5904,233357312,965400,43894070
2024-08-13 15:06:09,0,19.2154,182349824,1042502,43944584
2024-08-13 15:06:14,3,19.2154,182349824,1042634,43944688
2024-08-13 15:06:20,3.2,19.2171,182366208,1042634,43944688
2024-08-13 15:06:25,0,19.2154,182349824,1042634,43944688
2024-08-13 15:06:30,3.1,19.297,183123968,1045143,43946882
2024-08-13 15:06:35,0,19.3514,183640064,1045281,43946882
2024-08-13 15:06:40,3,19.4057,184156160,1045281,43946882
2024-08-13 15:06:46,5.9,19.4601,184672256,1045731,43947262
2024-08-13 15:06:51,0,16.81,159522816,1045731,43947262
2024-08-13 15:06:56,3.2,16.999,161316864,1045731,43947262
2024-08-13 15:07:01,6,17.0262,161574912,1045821,43947338
2024-08-13 15:07:06,3.2,17.0279,161591296,1045821,43947338
2024-08-13 15:07:12,8.6,17.0551,161849344,1045875,43947384
2024-08-13 15:07:17,3.1,17.245,163651584,1046077,43947488
2024-08-13 15:07:22,3.2,17.8605,169492480,1048113,43949547
2024-08-13 15:07:27,3.3,17.8605,169492480,1048382,43949761
2024-08-13 15:07:32,3,17.8584,169472000,1050622,43951689
2024-08-13 15:07:38,0,17.8579,169467904,1050622,43951689
2024-08-13 15:07:43,3,17.8579,169467904,1050622,43951689
2024-08-13 15:07:48,3,17.8575,169463808,1050892,43951917
2024-08-13 15:07:53,0,17.8575,169463808,1051072,43952069
2024-08-13 15:07:58,3,17.8575,169463808,1051072,43952069
2024-08-13 15:08:04,0,17.8575,169463808,1051072,43952069
2024-08-13 15:08:09,3.2,17.9935,170754048,1051162,43952145
2024-08-13 15:08:14,3,18.0207,171012096,1051204,43952173
2024-08-13 15:08:19,6.2,18.1022,171786240,1051204,43952173
2024-08-13 15:08:24,3,18.104,171802624,1051336,43952277
2024-08-13 15:08:30,3.2,18.1584,172318720,1053247,43953815
2024-08-13 15:08:35,3.2,18.2395,173088768,1055887,43956322
2024-08-13 15:08:40,0,18.2395,173088768,1055977,43956398
2024-08-13 15:08:45,0,18.2395,173088768,1055977,43956398
2024-08-13 15:08:50,3.1,18.2667,173346816,1055977,43956398
2024-08-13 15:08:56,3.2,18.2667,173346816,1056427,43956778
2024-08-13 15:09:01,2.9,18.2667,173346816,1056427,43956778
2024-08-13 15:09:06,0,18.2667,173346816,1056427,43956778
2024-08-13 15:09:11,3.2,18.2939,173604864,1056517,43956854
2024-08-13 15:09:16,6,18.3211,173862912,1056559,43956882
2024-08-13 15:09:22,0,18.375,174374912,1056601,43956910
2024-08-13 15:09:27,3.1,18.4022,174632960,1056691,43956986
2024-08-13 15:09:32,6.1,18.429,174886912,1059134,43958972
2024-08-13 15:09:37,3.1,18.429,174886912,1059134,43958972
2024-08-13 15:09:42,6.2,18.429,174886912,1059278,43959100
2024-08-13 15:09:48,0,18.429,174886912,1059278,43959100
2024-08-13 15:09:53,2.9,18.4216,174817280,1059278,43959100
2024-08-13 15:09:58,3.1,18.4191,174792704,1059638,43959404
2024-08-13 15:10:03,0,18.4462,175050752,1059728,43959480
2024-08-13 15:10:08,3.1,18.5006,175566848,1059728,43959480
2024-08-13 15:10:14,3.1,18.5006,175566848,1059728,43959480
2024-08-13 15:10:19,6,18.5006,175566848,1059860,43959584
2024-08-13 15:10:24,3.1,18.5252,175800320,1061938,43961671
2024-08-13 15:10:29,0,18.5252,175800320,1064249,43963501
2024-08-13 15:10:34,3.1,18.5252,175800320,1064543,43963837
2024-08-13 15:10:40,0,18.5511,176046080,1064543,43963837
2024-08-13 15:10:45,3,18.5511,176046080,1064543,43963837
2024-08-13 15:10:50,6.2,18.5511,176046080,1064633,43963913
2024-08-13 15:10:55,3.1,18.5511,176046080,1064633,43963913
2024-08-13 15:11:00,3,18.5507,176041984,1064723,43963989
2024-08-13 15:11:06,3.1,18.5485,176021504,1065083,43964293
2024-08-13 15:11:11,5.7,18.5485,176021504,1065083,43964293
2024-08-13 15:11:16,3,18.5485,176021504,1065125,43964321
2024-08-13 15:11:21,0,18.5485,176021504,1065215,43964397
2024-08-13 15:11:26,3.1,18.5485,176021504,1065257,43964425
2024-08-13 15:11:32,5.8,18.5481,176017408,1069736,43968574
2024-08-13 15:11:37,0,18.5999,176508928,1069826,43968650
2024-08-13 15:11:42,3.1,18.5999,176508928,1069826,43968650
2024-08-13 15:11:47,3.2,18.6016,176525312,1069826,43968650
2024-08-13 15:11:52,0,18.6016,176525312,1069916,43968726
2024-08-13 15:11:58,0,18.6016,176525312,1069958,43968754
2024-08-13 15:12:03,6.1,18.5999,176508928,1069958,43968754
