2024-08-13 15:02:38,12.2,17.8727,169607168,181849,31449696
2024-08-13 15:02:43,5.8,17.9698,170528768,301102,43558184
2024-08-13 15:02:49,3.2,18.0242,171044864,301192,43558260
2024-08-13 15:02:54,3.1,18.0242,171044864,301234,43558288
2024-08-13 15:02:59,6.2,18.0246,171048960,301426,43558380
2024-08-13 15:03:04,6.1,18.0246,171048960,301516,43558456
2024-08-13 15:03:09,0,18.0242,171044864,301558,43558484
2024-08-13 15:03:14,3.2,18.0514,171302912,301558,43558484
2024-08-13 15:03:20,6.2,18.1045,171806720,302008,43558864
2024-08-13 15:03:25,0,18.1589,172322816,302008,43558864
2024-08-13 15:03:30,3.1,18.1593,172326912,302008,43558864
2024-08-13 15:03:35,3.1,18.1589,172322816,302008,43558864
2024-08-13 15:03:40,3.1,18.1861,172580864,302140,43558968
2024-08-13 15:03:46,0,18.1865,172584960,302140,43558968
2024-08-13 15:03:51,0,18.3471,174108672,302182,43558996
2024-08-13 15:03:56,0,18.537,175910912,302272,43559072
2024-08-13 15:04:01,0,18.6457,176943104,302272,43559072
2024-08-13 15:04:06,0,18.6729,177201152,302272,43559072
2024-08-13 15:04:11,0,18.7817,178233344,302362,43559148
2024-08-13 15:04:17,0,18.7817,178233344,302404,43559176
2024-08-13 15:04:22,0,18.7817,178233344,302494,43559252
2024-08-13 15:04:27,0,18.8361,178749440,305088,43561616
2024-08-13 15:04:32,0,18.8361,178749440,305088,43561616
2024-08-13 15:04:37,0,18.8361,178749440,305088,43561616
2024-08-13 15:04:43,3.1,18.8361,178749440,305178,43561692
2024-08-13 15:04:48,3.1,18.8361,178749440,305358,43561720
2024-08-13 15:04:53,0,18.8361,178749440,305358,43561720
2024-08-13 15:04:58,3,18.8361,178749440,305448,43561796
2024-08-13 15:05:03,93.3,23.1942,220106752,321665,43583001
2024-08-13 15:05:09,6,23.9927,227684352,584017,43768494
2024-08-13 15:05:14,0,23.9927,227684352,584107,43768570
2024-08-13 15:05:19,0,23.9918,227676160,584107,43768570
2024-08-13 15:05:24,0,24.0177,227921920,584107,43768570
2024-08-13 15:05:29,0,24.0138,227885056,584557,43768950
2024-08-13 15:05:35,93.7,24.8326,235655168,612876,43954261
2024-08-13 15:05:40,0,24.8188,235524096,614850,43959010
2024-08-13 15:05:45,3.1,24.8188,235524096,614982,43959114
2024-08-13 15:05:50,3.1,24.8188,235524096,614982,43959114
2024-08-13 15:05:55,3.2,24.8188,235524096,614982,43959114
2024-08-13 15:06:00,3.2,18.1459,172199936,724277,44021603
2024-08-13 15:06:06,0,18.1459,172199936,724367,44021679
2024-08-13 15:06:11,0,18.1459,172199936,724367,44021679
2024-08-13 15:06:16,0,18.1459,172199936,724367,44021679
2024-08-13 15:06:21,0,18.1459,172199936,724457,44021755
2024-08-13 15:06:26,0,18.1727,172453888,724457,44021755
2024-08-13 15:06:32,0,18.1727,172453888,724637,44021907
2024-08-13 15:06:37,3.2,18.1727,172453888,725199,44022191
2024-08-13 15:06:42,0,18.2814,173486080,725199,44022191
2024-08-13 15:06:47,0,18.2814,173486080,725199,44022191
2024-08-13 15:06:52,0,18.2814,173486080,725289,44022267
2024-08-13 15:06:57,3.2,18.2814,173486080,725289,44022267
2024-08-13 15:07:03,5.9,18.2814,173486080,725289,44022267
2024-08-13 15:07:08,0,18.3082,173740032,725379,44022343
2024-08-13 15:07:13,6,18.3898,174514176,725421,44022371
2024-08-13 15:07:18,0,18.3898,174514176,725421,44022371
2024-08-13 15:07:23,3.1,18.3894,174510080,725511,44022447
2024-08-13 15:07:29,0,18.6613,177090560,727547,44024507
2024-08-13 15:07:34,0,18.6885,177348608,727589,44024535
2024-08-13 15:07:39,0,18.7968,178376704,728039,44024915
2024-08-13 15:07:44,0,18.96,179924992,728093,44025007
2024-08-13 15:07:49,3.2,19.1404,181637120,728135,44025035
2024-08-13 15:07:55,3.2,19.1948,182153216,728135,44025035
2024-08-13 15:08:00,3.2,19.1948,182153216,728225,44025111
2024-08-13 15:08:05,3.1,19.1948,182153216,728225,44025111
2024-08-13 15:08:10,6,19.2491,182669312,728225,44025111
2024-08-13 15:08:15,0,19.2491,182669312,728315,44025187
2024-08-13 15:08:20,0,19.2491,182669312,728357,44025215
2024-08-13 15:08:26,3.2,19.2491,182669312,728357,44025215
2024-08-13 15:08:31,3,19.2491,182669312,728489,44025319
2024-08-13 15:08:36,0,19.2491,182669312,728627,44025319
2024-08-13 15:08:41,3,19.2491,182669312,728897,44025547
2024-08-13 15:08:46,2.9,19.2491,182669312,729119,44025727
2024-08-13 15:08:52,3.2,19.2491,182669312,729119,44025727
2024-08-13 15:08:57,3,19.2759,182923264,729119,44025727
2024-08-13 15:09:02,5.8,19.2759,182923264,729209,44025803
2024-08-13 15:09:07,6.1,19.2759,182923264,729209,44025803
2024-08-13 15:09:12,3.1,19.2759,182923264,729209,44025803
2024-08-13 15:09:18,0,19.2759,182923264,729299,44025879
2024-08-13 15:09:23,6.1,19.2759,182923264,729341,44025907
2024-08-13 15:09:28,0,19.3001,183152640,731539,44028055
2024-08-13 15:09:33,3.1,19.3001,183152640,731629,44028131
2024-08-13 15:09:38,0,19.3001,183152640,731629,44028131
2024-08-13 15:09:44,0,19.3001,183152640,731719,44028207
2024-08-13 15:09:49,3.1,19.3001,183152640,732121,44028539
2024-08-13 15:09:54,0,19.3001,183152640,732121,44028539
2024-08-13 15:09:59,0,19.3001,183152640,732121,44028539
2024-08-13 15:10:04,0,19.3001,183152640,732211,44028615
2024-08-13 15:10:09,0,19.3001,183152640,732211,44028615
2024-08-13 15:10:15,0,19.3001,183152640,732265,44028661
2024-08-13 15:10:20,3.2,19.3817,183926784,732307,44028689
2024-08-13 15:10:25,3,19.4088,184184832,732439,44028793
2024-08-13 15:10:30,3,19.4088,184184832,732577,44028793
2024-08-13 15:10:35,3.1,19.436,184442880,732577,44028793
2024-08-13 15:10:41,3.1,19.436,184442880,734769,44030877
2024-08-13 15:10:46,0,19.436,184442880,734811,44030905
2024-08-13 15:10:51,6.2,19.436,184442880,735081,44031133
2024-08-13 15:10:56,3.2,19.4356,184438784,735261,44031285
2024-08-13 15:11:01,0,19.4356,184438784,735261,44031285
2024-08-13 15:11:06,0,19.4356,184438784,735261,44031285
2024-08-13 15:11:12,3.2,19.4356,184438784,735351,44031361
2024-08-13 15:11:17,3.1,19.4356,184438784,735393,44031389
2024-08-13 15:11:22,0,19.4356,184438784,735435,44031417
2024-08-13 15:11:27,6.2,19.4356,184438784,735525,44031493
2024-08-13 15:11:32,0,19.4356,184438784,735525,44031493
