2024-08-13 15:02:32,17.7,17.6923,167895040,190723,29320916
2024-08-13 15:02:37,3.1,18.3881,174497792,306068,43529624
2024-08-13 15:02:42,0,18.414,174743552,306068,43529624
2024-08-13 15:02:47,0,18.4114,174718976,306068,43529624
2024-08-13 15:02:52,0,18.4114,174718976,306158,43529700
2024-08-13 15:02:58,3,18.4114,174718976,306296,43529700
2024-08-13 15:03:03,3,18.4114,174718976,306296,43529700
2024-08-13 15:03:08,0,18.4109,174714880,306386,43529776
2024-08-13 15:03:13,0,18.5201,175751168,306456,43529776
2024-08-13 15:03:18,5.8,18.6017,176525312,306456,43529776
2024-08-13 15:03:24,6.2,18.6289,176783360,306948,43530184
2024-08-13 15:03:29,3,18.818,178577408,306990,43530212
2024-08-13 15:03:34,3.2,18.8451,178835456,306990,43530212
2024-08-13 15:03:39,3.1,18.8451,178835456,307080,43530288
2024-08-13 15:03:44,6,19.1697,181915648,309182,43532348
2024-08-13 15:03:49,0,19.1697,181915648,309236,43532408
2024-08-13 15:03:55,0,19.1697,181915648,309326,43532484
2024-08-13 15:04:00,3.1,19.1697,181915648,309326,43532484
2024-08-13 15:04:05,3,19.1697,181915648,309326,43532484
2024-08-13 15:04:10,3.1,19.1697,181915648,309416,43532560
2024-08-13 15:04:15,0,19.1697,181915648,309416,43532560
2024-08-13 15:04:21,3.1,19.1697,181915648,309458,43532588
2024-08-13 15:04:26,0,19.1697,181915648,309818,43532892
2024-08-13 15:04:31,0,19.1697,181915648,309950,43532996
2024-08-13 15:04:36,0,19.1969,182173696,309950,43532996
2024-08-13 15:04:41,3.2,19.1948,182153216,309950,43532996
2024-08-13 15:04:46,0,19.2763,182927360,310040,43533072
2024-08-13 15:04:52,3.1,19.3851,183959552,310178,43533072
2024-08-13 15:04:57,0,19.414,184233984,310178,43533072
2024-08-13 15:05:02,71,22.2658,211296256,311659,43534448
2024-08-13 15:05:07,3.1,23.8369,226205696,588969,43739487
2024-08-13 15:05:12,3.2,23.8369,226205696,588969,43739487
2024-08-13 15:05:18,3.2,23.836,226197504,589101,43739591
2024-08-13 15:05:23,0,23.836,226197504,589101,43739591
2024-08-13 15:05:28,0,23.836,226197504,589101,43739591
2024-08-13 15:05:33,82.2,23.9992,227745792,592148,43741779
2024-08-13 15:05:38,3.1,24.6142,233582592,619802,43930002
2024-08-13 15:05:44,0,24.6134,233574400,622156,43932108
2024-08-13 15:05:49,0,24.6134,233574400,622246,43932184
2024-08-13 15:05:54,3.1,24.6134,233574400,622246,43932184
2024-08-13 15:05:59,6.2,18.6755,177225728,729373,43992924
2024-08-13 15:06:04,6.2,18.7342,177782784,729463,43993000
2024-08-13 15:06:09,7.9,18.8974,179331072,729505,43993028
2024-08-13 15:06:15,0,18.8974,179331072,729505,43993028
2024-08-13 15:06:20,3.1,18.8969,179326976,729595,43993104
2024-08-13 15:06:25,3.2,18.8952,179310592,729595,43993104
2024-08-13 15:06:30,3.1,18.8952,179310592,729595,43993104
2024-08-13 15:06:35,0,18.8969,179326976,729955,43993408
2024-08-13 15:06:41,0,18.9509,179838976,730045,43993484
2024-08-13 15:06:46,3.1,19.0597,180871168,730183,43993484
2024-08-13 15:06:51,6.2,19.0597,180871168,730273,43993560
2024-08-13 15:06:56,0,19.0597,180871168,730315,43993588
2024-08-13 15:07:01,3.2,19.0869,181129216,730315,43993588
2024-08-13 15:07:07,0,19.114,181387264,730357,43993616
2024-08-13 15:07:12,0,19.2755,182919168,730447,43993692
2024-08-13 15:07:17,3,19.3571,183693312,730447,43993692
2024-08-13 15:07:22,3.2,19.3842,183951360,730447,43993692
2024-08-13 15:07:27,0,19.4114,184209408,730537,43993768
2024-08-13 15:07:32,3.1,16.7837,159272960,730607,43993768
2024-08-13 15:07:38,3.2,16.8653,160047104,730607,43993768
2024-08-13 15:07:43,6.2,17.4156,165269504,733093,43996208
2024-08-13 15:07:48,0,17.4428,165527552,733093,43996208
2024-08-13 15:07:53,0,17.5244,166301696,733093,43996208
2024-08-13 15:07:58,6,17.6047,167063552,733183,43996284
2024-08-13 15:08:04,0,17.7134,168095744,733357,43996416
2024-08-13 15:08:09,0,17.9033,169897984,733621,43996416
2024-08-13 15:08:14,6.2,17.9033,169897984,733843,43996492
2024-08-13 15:08:19,3.1,17.9033,169897984,733975,43996492
2024-08-13 15:08:24,3.1,17.9033,169897984,733975,43996492
2024-08-13 15:08:30,3,17.9033,169897984,734119,43996660
2024-08-13 15:08:35,0,17.9033,169897984,734161,43996688
2024-08-13 15:08:40,0,17.9033,169897984,734431,43996688
2024-08-13 15:08:45,6.1,17.9033,169897984,734791,43996992
2024-08-13 15:08:50,0,17.9029,169893888,734881,43997068
2024-08-13 15:08:55,0,17.9029,169893888,734881,43997068
2024-08-13 15:09:01,3.1,17.9029,169893888,735013,43997172
2024-08-13 15:09:06,0,17.9029,169893888,735013,43997172
2024-08-13 15:09:11,3.1,17.9029,169893888,735013,43997172
2024-08-13 15:09:16,0,17.9029,169893888,735013,43997172
2024-08-13 15:09:21,0,17.9029,169893888,735145,43997276
2024-08-13 15:09:27,0,17.9029,169893888,735145,43997276
2024-08-13 15:09:32,0,17.9029,169893888,735145,43997276
2024-08-13 15:09:37,6.1,17.9288,170139648,735235,43997352
2024-08-13 15:09:42,0,17.9556,170393600,737469,43999412
2024-08-13 15:09:47,0,17.9556,170393600,737469,43999412
2024-08-13 15:09:52,3.1,17.9797,170622976,737919,43999792
2024-08-13 15:09:58,3,17.9797,170622976,737961,43999820
2024-08-13 15:10:03,0,17.9797,170622976,737961,43999820
2024-08-13 15:10:08,0,17.9797,170622976,738051,43999896
2024-08-13 15:10:13,3.1,17.9789,170614784,738051,43999896
2024-08-13 15:10:18,5.9,17.9789,170614784,738051,43999896
2024-08-13 15:10:24,0,18.0061,170872832,738141,43999972
2024-08-13 15:10:29,3,18.0078,170889216,738183,44000000
2024-08-13 15:10:34,3,18.0078,170889216,738321,44000000
2024-08-13 15:10:39,0,18.0078,170889216,738411,44000076
2024-08-13 15:10:44,3.2,18.0078,170889216,738411,44000076
2024-08-13 15:10:50,5.8,18.0078,170889216,738411,44000076
2024-08-13 15:10:55,0,18.0078,170889216,738813,44000408
2024-08-13 15:11:00,3.1,18.1688,172417024,741203,44002544
2024-08-13 15:11:05,3.2,18.1688,172417024,741203,44002544
2024-08-13 15:11:10,3.1,18.1688,172417024,741293,44002620
2024-08-13 15:11:15,0,18.1684,172412928,741293,44002620
2024-08-13 15:11:21,3.2,18.1684,172412928,741293,44002620
2024-08-13 15:11:26,3.1,18.1684,172412928,741383,44002696
2024-08-13 15:11:31,3,18.1684,172412928,741437,44002742
2024-08-13 15:11:36,6,18.1684,172412928,741437,44002742
