2024-08-13 15:03:14,12.4,17.6995,167964672,143421,26127831
2024-08-13 15:03:19,3,18.3366,174010368,284286,42989887
2024-08-13 15:03:24,5.9,18.3366,174010368,284556,42990115
2024-08-13 15:03:30,3,18.3366,174010368,284778,42990295
2024-08-13 15:03:35,3.2,18.3366,174010368,284848,42990295
2024-08-13 15:03:40,0,18.3366,174010368,284848,42990295
2024-08-13 15:03:45,0,18.3625,174256128,284938,42990371
2024-08-13 15:03:50,0,18.4424,175013888,284938,42990371
2024-08-13 15:03:56,0,18.4424,175013888,284938,42990371
2024-08-13 15:04:01,3.1,18.4419,175009792,285028,42990447
2024-08-13 15:04:06,3.1,18.4691,175267840,285070,42990475
2024-08-13 15:04:11,0,18.5507,176041984,285070,42990475
2024-08-13 15:04:16,3.1,18.6323,176816128,285160,42990551
2024-08-13 15:04:22,3,18.6867,177332224,287262,42992611
2024-08-13 15:04:27,3,18.7134,177586176,287442,42992639
2024-08-13 15:04:32,3.2,18.7134,177586176,287892,42993019
2024-08-13 15:04:37,0,18.7134,177586176,287892,42993019
2024-08-13 15:04:42,6,18.7134,177586176,287892,42993019
2024-08-13 15:04:48,0,18.7134,177586176,287982,42993095
2024-08-13 15:04:53,3.1,18.7134,177586176,287982,42993095
2024-08-13 15:04:58,0,18.7134,177586176,288036,42993141
2024-08-13 15:05:03,3.1,18.7134,177586176,288168,42993245
2024-08-13 15:05:08,93.6,23.8553,226381824,470354,43097218
2024-08-13 15:05:14,0,23.8691,226512896,566665,43201106
2024-08-13 15:05:19,3.2,23.8691,226512896,566755,43201182
2024-08-13 15:05:24,3.2,23.8916,226725888,566797,43201210
2024-08-13 15:05:29,6.2,23.8916,226725888,566797,43201210
2024-08-13 15:05:34,0,23.8916,226725888,567247,43201590
2024-08-13 15:05:40,3.2,24.6154,233594880,597624,43391623
2024-08-13 15:05:45,8.8,24.6154,233594880,597624,43391623
2024-08-13 15:05:50,3.1,24.6154,233594880,597624,43391623
2024-08-13 15:05:55,0,24.6154,233594880,597714,43391699
2024-08-13 15:06:00,31.2,24.7307,234688512,696687,43441659
2024-08-13 15:06:06,3,18.5347,175890432,706955,43452213
2024-08-13 15:06:11,0,18.5347,175890432,707045,43452289
2024-08-13 15:06:16,0,18.5347,175890432,707045,43452289
2024-08-13 15:06:21,0,18.5347,175890432,707225,43452317
2024-08-13 15:06:26,3.1,18.5347,175890432,707315,43452393
2024-08-13 15:06:32,3.2,18.5347,175890432,707315,43452393
2024-08-13 15:06:37,3,18.5347,175890432,707315,43452393
2024-08-13 15:06:42,3,18.5347,175890432,707765,43452773
2024-08-13 15:06:47,0,18.5347,175890432,707807,43452801
2024-08-13 15:06:52,5.6,18.5347,175890432,707807,43452801
2024-08-13 15:06:58,3.1,18.5343,175886336,707897,43452877
2024-08-13 15:07:03,0,18.5347,175890432,707897,43452877
2024-08-13 15:07:08,0,18.5347,175890432,707897,43452877
2024-08-13 15:07:13,3.1,18.5343,175886336,707987,43452953
2024-08-13 15:07:18,3.1,18.5343,175886336,708029,43452981
2024-08-13 15:07:24,5.8,18.5585,176115712,710197,43455041
2024-08-13 15:07:29,5.9,18.5585,176115712,710287,43455117
2024-08-13 15:07:34,3.1,18.5585,176115712,710287,43455117
2024-08-13 15:07:39,0,18.5585,176115712,710287,43455117
2024-08-13 15:07:44,6.2,18.558,176111616,710737,43455497
2024-08-13 15:07:50,3.1,18.558,176111616,710737,43455497
2024-08-13 15:07:55,0,18.558,176111616,710737,43455497
2024-08-13 15:08:00,3.1,18.558,176111616,710827,43455573
2024-08-13 15:08:05,3.1,18.558,176111616,710939,43455601
2024-08-13 15:08:10,3.1,18.558,176111616,710939,43455601
2024-08-13 15:08:16,0,18.558,176111616,711071,43455705
2024-08-13 15:08:21,5.9,18.574,176263168,711209,43455705
2024-08-13 15:08:26,3.1,18.574,176263168,711209,43455705
2024-08-13 15:08:31,0,18.574,176263168,711209,43455705
2024-08-13 15:08:36,0,18.574,176263168,711299,43455781
2024-08-13 15:08:42,3,18.574,176263168,711299,43455781
2024-08-13 15:08:47,0,18.574,176263168,711389,43455857
2024-08-13 15:08:52,0,18.574,176263168,711791,43456189
2024-08-13 15:08:57,5.8,18.574,176263168,711791,43456189
2024-08-13 15:09:02,6.1,18.574,176263168,711791,43456189
2024-08-13 15:09:08,3.2,18.574,176263168,711923,43456293
2024-08-13 15:09:13,0,18.574,176263168,711923,43456293
2024-08-13 15:09:18,3.1,18.6267,176762880,711923,43456293
2024-08-13 15:09:23,0,18.6267,176762880,714049,43458429
2024-08-13 15:09:28,0,18.6258,176754688,714049,43458429
2024-08-13 15:09:34,3.1,18.6254,176750592,714049,43458429
2024-08-13 15:09:39,0,18.6254,176750592,714139,43458505
2024-08-13 15:09:44,0,18.6254,176750592,714139,43458505
2024-08-13 15:09:49,8.4,18.6254,176750592,714139,43458505
2024-08-13 15:09:54,0,18.6254,176750592,714589,43458885
2024-08-13 15:10:00,3,18.6254,176750592,714589,43458885
2024-08-13 15:10:05,0,18.6254,176750592,714631,43458913
2024-08-13 15:10:10,3.1,18.6254,176750592,714859,43458989
2024-08-13 15:10:15,3.1,18.6254,176750592,714901,43459017
2024-08-13 15:10:20,0,18.6254,176750592,714901,43459017
2024-08-13 15:10:25,6.1,18.6254,176750592,714991,43459093
2024-08-13 15:10:31,3.2,18.6254,176750592,714991,43459093
2024-08-13 15:10:36,3.1,18.6254,176750592,717093,43461153
2024-08-13 15:10:41,0,18.6254,176750592,717093,43461153
2024-08-13 15:10:46,0,18.6254,176750592,717183,43461229
2024-08-13 15:10:51,5.9,18.6254,176750592,717183,43461229
2024-08-13 15:10:57,3.2,18.6254,176750592,717273,43461305
2024-08-13 15:11:02,8.6,18.6249,176746496,717675,43461637
2024-08-13 15:11:07,3.2,18.6249,176746496,717675,43461637
2024-08-13 15:11:12,0,18.6249,176746496,717675,43461637
2024-08-13 15:11:17,0,18.6249,176746496,717819,43461759
2024-08-13 15:11:23,6,18.6249,176746496,717861,43461787
2024-08-13 15:11:28,3.2,18.6249,176746496,717861,43461787
2024-08-13 15:11:33,0,18.6249,176746496,717951,43461863
2024-08-13 15:11:38,0,18.6249,176746496,717951,43461863
2024-08-13 15:11:43,0,18.6249,176746496,717951,43461863
2024-08-13 15:11:49,0,18.6249,176746496,718041,43461939
