2024-08-13 15:02:15,17.1,17.7056,168022016,187290,28087157
2024-08-13 15:02:21,3.2,18.1709,172437504,278515,43562925
2024-08-13 15:02:26,6.2,18.1981,172695552,278515,43562925
2024-08-13 15:02:31,0,18.224,172941312,278605,43563001
2024-08-13 15:02:36,3.1,18.224,172941312,278859,43563047
2024-08-13 15:02:41,0,18.2231,172933120,278975,43563047
2024-08-13 15:02:47,0,18.2231,172933120,279065,43563123
2024-08-13 15:02:52,2.9,18.274,173416448,279165,43563151
2024-08-13 15:02:57,0,18.3012,173674496,279165,43563151
2024-08-13 15:03:02,0,18.3845,174465024,279309,43563273
2024-08-13 15:03:07,3.2,18.4652,175230976,279409,43563301
2024-08-13 15:03:13,3.1,18.4924,175489024,279409,43563301
2024-08-13 15:03:18,3.2,18.4924,175489024,279769,43563605
2024-08-13 15:03:23,0,18.5468,176005120,282217,43565787
2024-08-13 15:03:28,3.2,18.5468,176005120,282217,43565787
2024-08-13 15:03:33,6.1,18.574,176263168,282307,43565863
2024-08-13 15:03:38,3,18.6284,176779264,282307,43565863
2024-08-13 15:03:44,3,18.6556,177037312,282307,43565863
2024-08-13 15:03:49,3.2,18.681,177278976,282307,43565863
2024-08-13 15:03:54,0,18.7078,177532928,282397,43565939
2024-08-13 15:03:59,0,18.7078,177532928,282439,43565967
2024-08-13 15:04:04,3,18.7078,177532928,282481,43565995
2024-08-13 15:04:10,3.1,18.7095,177549312,282571,43566071
2024-08-13 15:04:15,3.2,18.7095,177549312,282571,43566071
2024-08-13 15:04:20,0,18.7074,177528832,282571,43566071
2024-08-13 15:04:25,0,18.7074,177528832,283075,43566497
2024-08-13 15:04:30,3.2,18.7346,177786880,283117,43566525
2024-08-13 15:04:36,0,18.7346,177786880,283255,43566525
2024-08-13 15:04:41,3.1,18.7346,177786880,283345,43566601
2024-08-13 15:04:46,0,18.7346,177786880,283345,43566601
2024-08-13 15:04:51,3.1,18.7346,177786880,283345,43566601
2024-08-13 15:04:56,3,18.7346,177786880,283435,43566677
2024-08-13 15:05:02,61.3,21.4922,203956224,284436,43567761
2024-08-13 15:05:07,53.1,24.2062,229711872,560503,43768472
2024-08-13 15:05:12,0,24.2429,230060032,562071,43772893
2024-08-13 15:05:17,0,24.2429,230060032,562071,43772893
2024-08-13 15:05:22,3.2,24.3513,231088128,564305,43774953
2024-08-13 15:05:27,0,24.4044,231591936,564665,43775257
2024-08-13 15:05:33,47,24.4044,231591936,565886,43776421
2024-08-13 15:05:38,0,24.8554,235872256,595521,43965416
2024-08-13 15:05:43,5.9,24.8554,235872256,595611,43965492
2024-08-13 15:05:48,3.2,24.8554,235872256,595611,43965492
2024-08-13 15:05:53,5.9,24.8554,235872256,595653,43965520
2024-08-13 15:05:59,0,19.076,181026816,702846,44025740
2024-08-13 15:06:04,0,19.161,181833728,702936,44025816
2024-08-13 15:06:09,0,19.2426,182607872,702936,44025816
2024-08-13 15:06:14,0,19.2426,182607872,702936,44025816
2024-08-13 15:06:19,3.1,19.2422,182603776,703026,44025892
2024-08-13 15:06:25,3.2,19.2426,182607872,703026,44025892
2024-08-13 15:06:30,3.2,19.2426,182607872,703026,44025892
2024-08-13 15:06:35,0,19.2422,182603776,703656,44026300
2024-08-13 15:06:40,0,19.2422,182603776,703656,44026300
2024-08-13 15:06:45,0,19.2422,182603776,703656,44026300
2024-08-13 15:06:51,0,19.2422,182603776,703788,44026404
2024-08-13 15:06:56,0,19.2422,182603776,703788,44026404
2024-08-13 15:07:01,3.2,19.2693,182861824,703788,44026404
2024-08-13 15:07:06,0,19.2965,183119872,703878,44026480
2024-08-13 15:07:11,3.1,19.2965,183119872,703920,44026508
2024-08-13 15:07:16,3.1,19.3509,183635968,703920,44026508
2024-08-13 15:07:22,3.1,19.5525,185548800,706046,44028644
2024-08-13 15:07:27,0,19.578,185790464,706046,44028644
2024-08-13 15:07:32,6.2,16.8993,160370688,706046,44028644
2024-08-13 15:07:37,0,17.0335,161644544,706496,44029024
2024-08-13 15:07:42,6.2,17.2239,163450880,706496,44029024
2024-08-13 15:07:48,0,17.3055,164225024,706592,44029144
2024-08-13 15:07:53,3.2,17.3055,164225024,706592,44029144
2024-08-13 15:07:58,0,17.3599,164741120,706682,44029220
2024-08-13 15:08:03,0,17.3599,164741120,706724,44029248
2024-08-13 15:08:08,6.2,17.3599,164741120,706794,44029248
2024-08-13 15:08:14,0,17.4142,165257216,706884,44029324
2024-08-13 15:08:19,6,17.4958,166031360,706884,44029324
2024-08-13 15:08:24,3.1,17.6046,167063552,707022,44029324
2024-08-13 15:08:29,6.1,17.6318,167321600,707112,44029400
2024-08-13 15:08:34,3.1,17.7656,168591360,707154,44029428
2024-08-13 15:08:40,6.2,17.9279,170131456,707154,44029428
2024-08-13 15:08:45,0,17.9551,170389504,707646,44029836
2024-08-13 15:08:50,3.2,17.9814,170639360,707646,44029836
2024-08-13 15:08:55,0,18.0086,170897408,707646,44029836
2024-08-13 15:09:00,3.1,18.0086,170897408,707736,44029912
2024-08-13 15:09:05,0,18.0086,170897408,707778,44029940
2024-08-13 15:09:11,3.1,18.0086,170897408,707778,44029940
2024-08-13 15:09:16,3,18.0086,170897408,707868,44030016
2024-08-13 15:09:21,0,18.2503,173191168,709904,44032076
2024-08-13 15:09:26,3,18.2503,173191168,709904,44032076
2024-08-13 15:09:31,3,18.277,173445120,709994,44032152
2024-08-13 15:09:37,3,18.3301,173948928,709994,44032152
2024-08-13 15:09:42,3.1,18.3845,174465024,710036,44032180
2024-08-13 15:09:47,3.2,18.4661,175239168,710486,44032560
2024-08-13 15:09:52,6.2,18.4661,175239168,710528,44032588
2024-08-13 15:09:57,0,18.4661,175239168,710528,44032588
2024-08-13 15:10:03,0,18.4661,175239168,710528,44032588
2024-08-13 15:10:08,3.2,18.4661,175239168,710618,44032664
2024-08-13 15:10:13,0,18.4661,175239168,710618,44032664
2024-08-13 15:10:18,6,18.4661,175239168,710756,44032664
2024-08-13 15:10:23,0,18.4661,175239168,710846,44032740
2024-08-13 15:10:29,0,18.4661,175239168,710888,44032768
2024-08-13 15:10:34,3.2,18.4661,175239168,710888,44032768
2024-08-13 15:10:39,0,18.4661,175239168,713056,44034932
2024-08-13 15:10:44,0,18.4933,175497216,713056,44034932
2024-08-13 15:10:49,3.1,18.4933,175497216,713146,44035008
2024-08-13 15:10:54,0,18.4929,175493120,713506,44035312
2024-08-13 15:11:00,3.2,18.656,177041408,713506,44035312
2024-08-13 15:11:05,3.2,18.6832,177299456,713506,44035312
2024-08-13 15:11:10,3.1,18.6832,177299456,713596,44035388
2024-08-13 15:11:15,3.2,18.6832,177299456,713638,44035416
2024-08-13 15:11:20,0,18.6832,177299456,713638,44035416
2024-08-13 15:11:26,6.2,18.6832,177299456,713782,44035538
2024-08-13 15:11:31,3.1,18.6832,177299456,713824,44035566
2024-08-13 15:11:36,0,18.6832,177299456,713824,44035566
