2024-08-13 15:03:27,11.4,17.5856,166883328,167518,26660926
2024-08-13 15:03:33,0,18.0297,171098112,284529,43522798
2024-08-13 15:03:38,0,18.0578,171364352,284599,43522798
2024-08-13 15:03:43,3,18.1122,171880448,284689,43522874
2024-08-13 15:03:48,3.2,18.1394,172138496,284743,43522920
2024-08-13 15:03:53,0,18.3297,173944832,284743,43522920
2024-08-13 15:03:59,0,18.3565,174198784,284875,43523024
2024-08-13 15:04:04,0,18.3565,174198784,284917,43523052
2024-08-13 15:04:09,3.2,18.5183,175734784,284917,43523052
2024-08-13 15:04:14,6.1,18.5455,175992832,285007,43523128
2024-08-13 15:04:19,0,18.5727,176250880,285007,43523128
2024-08-13 15:04:24,3,18.574,176263168,285007,43523128
2024-08-13 15:04:30,3.2,18.6012,176521216,285367,43523432
2024-08-13 15:04:35,3,18.7626,178053120,287601,43525596
2024-08-13 15:04:40,3,18.7626,178053120,287601,43525596
2024-08-13 15:04:45,6,18.7626,178053120,287601,43525596
2024-08-13 15:04:50,0,18.7626,178053120,287733,43525700
2024-08-13 15:04:56,0,18.7626,178053120,287871,43525700
2024-08-13 15:05:01,0,18.7626,178053120,287871,43525700
2024-08-13 15:05:06,39.4,20.985,199143424,288532,43526623
2024-08-13 15:05:11,61.3,23.8825,226639872,536227,43686178
2024-08-13 15:05:17,0,23.9184,226979840,566483,43734731
2024-08-13 15:05:22,5.8,23.9184,226979840,566573,43734807
2024-08-13 15:05:27,0,23.9184,226979840,566573,43734807
2024-08-13 15:05:32,5.7,23.9447,227229696,566663,43734883
2024-08-13 15:05:37,57.6,23.9417,227201024,568500,43736454
2024-08-13 15:05:43,3,24.4769,232280064,597471,43925269
2024-08-13 15:05:48,3,24.4769,232280064,597513,43925297
2024-08-13 15:05:53,3.1,24.4769,232280064,597603,43925373
2024-08-13 15:05:58,0,24.4769,232280064,597603,43925373
2024-08-13 15:06:04,10.5,24.6202,233639936,690375,43971274
2024-08-13 15:06:09,0,18.2533,173219840,706922,43987052
2024-08-13 15:06:14,0,18.2533,173219840,706922,43987052
2024-08-13 15:06:19,0,18.2533,173219840,706922,43987052
2024-08-13 15:06:24,3.2,18.2533,173219840,707012,43987128
2024-08-13 15:06:30,3.2,18.2537,173223936,707012,43987128
2024-08-13 15:06:35,0,18.2779,173453312,707012,43987128
2024-08-13 15:06:40,0,18.2779,173453312,707462,43987508
2024-08-13 15:06:45,0,18.2779,173453312,707546,43987564
2024-08-13 15:06:50,0,18.2783,173457408,707684,43987564
2024-08-13 15:06:56,3,18.2783,173457408,707774,43987640
2024-08-13 15:07:01,2.8,18.3055,173715456,707774,43987640
2024-08-13 15:07:06,0,18.3055,173715456,707774,43987640
2024-08-13 15:07:11,6.2,18.3055,173715456,707864,43987716
2024-08-13 15:07:17,0,18.3055,173715456,707906,43987744
2024-08-13 15:07:22,6,18.3055,173715456,707906,43987744
2024-08-13 15:07:27,3.1,18.3055,173715456,707906,43987744
2024-08-13 15:07:32,0,18.3055,173715456,707996,43987820
2024-08-13 15:07:37,3.1,18.3073,173731840,710164,43989880
2024-08-13 15:07:43,3.2,18.3055,173715456,710386,43990060
2024-08-13 15:07:48,3.1,18.3314,173961216,710656,43990288
2024-08-13 15:07:53,3.1,18.3858,174477312,710656,43990288
2024-08-13 15:07:58,0,18.3858,174477312,710656,43990288
2024-08-13 15:08:03,3,18.3858,174477312,710746,43990364
2024-08-13 15:08:09,3.1,18.5762,176283648,710788,43990392
2024-08-13 15:08:14,3,18.5762,176283648,710788,43990392
2024-08-13 15:08:19,3.1,18.5762,176283648,710878,43990468
2024-08-13 15:08:24,3.2,18.5779,176300032,710948,43990468
2024-08-13 15:08:29,3.1,18.5762,176283648,710948,43990468
2024-08-13 15:08:35,3,18.5688,176214016,711038,43990544
2024-08-13 15:08:40,0,18.5645,176173056,711122,43990600
2024-08-13 15:08:45,3.2,18.5645,176173056,711260,43990600
2024-08-13 15:08:50,3.2,18.5645,176173056,711710,43990980
2024-08-13 15:08:55,0,18.5645,176173056,711764,43991026
2024-08-13 15:09:01,0,18.5917,176431104,711764,43991026
2024-08-13 15:09:06,3,18.5917,176431104,711908,43991162
2024-08-13 15:09:11,0,18.672,177192960,711950,43991190
2024-08-13 15:09:16,0,18.6992,177451008,711950,43991190
2024-08-13 15:09:21,3,18.6992,177451008,712040,43991266
2024-08-13 15:09:27,3.1,18.6992,177451008,712040,43991266
2024-08-13 15:09:32,3.1,18.6992,177451008,712040,43991266
2024-08-13 15:09:37,3.1,18.6992,177451008,714208,43993430
2024-08-13 15:09:42,0,18.6992,177451008,714208,43993430
2024-08-13 15:09:47,3.1,18.6987,177446912,714208,43993430
2024-08-13 15:09:53,3.1,18.6987,177446912,714568,43993734
2024-08-13 15:09:58,3.1,18.6987,177446912,714658,43993810
2024-08-13 15:10:03,3.1,18.6987,177446912,714658,43993810
2024-08-13 15:10:08,2.9,18.6987,177446912,714658,43993810
2024-08-13 15:10:13,3.2,18.7259,177704960,714748,43993886
2024-08-13 15:10:19,0,18.7518,177950720,714790,43993914
2024-08-13 15:10:24,0,18.7518,177950720,714790,43993914
2024-08-13 15:10:29,3.2,18.7518,177950720,714922,43994018
2024-08-13 15:10:34,0,18.7518,177950720,714922,43994018
2024-08-13 15:10:39,0,18.7518,177950720,715060,43994018
2024-08-13 15:10:45,0,18.7518,177950720,715150,43994094
2024-08-13 15:10:50,0,18.7773,178192384,717252,43996154
2024-08-13 15:10:55,6.1,18.7773,178192384,717342,43996230
2024-08-13 15:11:00,0,18.7769,178188288,717702,43996534
2024-08-13 15:11:05,0,18.7769,178188288,717702,43996534
2024-08-13 15:11:11,3,18.7769,178188288,717702,43996534
2024-08-13 15:11:16,3.1,18.7769,178188288,717792,43996610
2024-08-13 15:11:21,0,18.7769,178188288,717834,43996638
2024-08-13 15:11:26,3.2,18.7769,178188288,717876,43996666
2024-08-13 15:11:31,3,18.8028,178434048,717966,43996742
2024-08-13 15:11:37,6,18.8028,178434048,717966,43996742
2024-08-13 15:11:42,0,18.8028,178434048,717966,43996742
2024-08-13 15:11:47,0,18.8028,178434048,718056,43996818
