Waiting for an incoming message - Test 1 (inception)
Error while deserializing http message: Error("EOF while parsing a value", line: 1, column: 0)
	Preparing Data...
	Data is ready, starting users and test1
Incepted: u_0 [6GfN]
Incepted: u_5 [1gAn]
Incepted: u_3 [TzjP]
Incepted: u_2 [JAYO]
	Added [x5MO] as watcher for u_0 [6GfN]
Incepted: u_6 [Uxg9]
Incepted: u_4 [ILl9]
Incepted: u_1 [L6qt]
Incepted: u_7 [pmOP]
Incepted: u_9 [jDlx]
Incepted: u_8 [lErF]
	Added [x5MO] as watcher for u_5 [1gAn]
	Added [x5MO] as watcher for u_3 [TzjP]
	Added [jm4C] as watcher for u_2 [JAYO]
	Added [jm4C] as watcher for u_0 [6GfN]
	Added [2D85] as watcher for u_4 [ILl9]
	Added [bivQ] as watcher for u_7 [pmOP]
	Added [x5MO] as watcher for u_6 [Uxg9]
	Added [x5MO] as watcher for u_9 [jDlx]
	Added [2D85] as watcher for u_1 [L6qt]
	Added [jm4C] as watcher for u_5 [1gAn]
	Added [x5MO] as watcher for u_8 [lErF]
	Added [2D85] as watcher for u_2 [JAYO]
	Added [jm4C] as watcher for u_6 [Uxg9]
	Added [2D85] as watcher for u_0 [6GfN]
	Asking u_0 [6GfN]'s watchers to watch [A_vr]
	Added [x5MO] as watcher for u_4 [ILl9]
	Added [bivQ] as watcher for u_9 [jDlx]
	Added [bivQ] as watcher for u_3 [TzjP]
	Added [x5MO] as watcher for u_1 [L6qt]
	Added [x5MO] as watcher for u_7 [pmOP]
	Added [jm4C] as watcher for u_8 [lErF]
	Added [bivQ] as watcher for u_5 [1gAn]
	Asking u_5 [1gAn]'s watchers to watch [A_vr]
	Added [bivQ] as watcher for u_2 [JAYO]
	Asking u_2 [JAYO]'s watchers to watch [A_vr]
	Added [bivQ] as watcher for u_6 [Uxg9]
	Asking u_6 [Uxg9]'s watchers to watch [A_vr]
	Added [bivQ] as watcher for u_4 [ILl9]
	Asking u_4 [ILl9]'s watchers to watch [A_vr]
	Added [2D85] as watcher for u_3 [TzjP]
	Asking u_3 [TzjP]'s watchers to watch [A_vr]
	Added [jm4C] as watcher for u_9 [jDlx]
	Asking u_9 [jDlx]'s watchers to watch [A_vr]
	Added [bivQ] as watcher for u_1 [L6qt]
	Asking u_1 [L6qt]'s watchers to watch [A_vr]
	Added [2D85] as watcher for u_8 [lErF]
	Asking u_8 [lErF]'s watchers to watch [A_vr]
	Added [2D85] as watcher for u_7 [pmOP]
	Asking u_7 [pmOP]'s watchers to watch [A_vr]
	✅ u_0 [6GfN] Inception Done
	✅ u_5 [1gAn] Inception Done
	✅ u_2 [JAYO] Inception Done
	✅ u_6 [Uxg9] Inception Done
	✅ u_4 [ILl9] Inception Done
	✅ u_9 [jDlx] Inception Done
	✅ u_3 [TzjP] Inception Done
	✅ u_1 [L6qt] Inception Done
	✅ u_8 [lErF] Inception Done
	✅ u_7 [pmOP] Inception Done
Test 2 (signature verification)
	✅ u_7 [pmOP] Message verified
	✅ u_3 [TzjP] Message verified
	✅ u_8 [lErF] Message verified
	✅ u_4 [ILl9] Message verified
	✅ u_0 [6GfN] Message verified
	✅ u_9 [jDlx] Message verified
	✅ u_2 [JAYO] Message verified
	✅ u_5 [1gAn] Message verified
	✅ u_6 [Uxg9] Message verified
	✅ u_1 [L6qt] Message verified
Waiting for an incoming message - Test 3 (signature verification after rotation of issuer)
	✅ u_2 [JAYO] Message Verified (2)
	✅ u_9 [jDlx] Message Verified (2)
	✅ u_5 [1gAn] Message Verified (2)
	✅ u_3 [TzjP] Message Verified (2)
	✅ u_6 [Uxg9] Message Verified (2)
	✅ u_7 [pmOP] Message Verified (2)
	✅ u_8 [lErF] Message Verified (2)
	✅ u_0 [6GfN] Message Verified (2)
	✅ u_1 [L6qt] Message Verified (2)
	✅ u_4 [ILl9] Message Verified (2)
Waiting for an incoming message - Test 4 (valid acdc credential)
skipped--
Waiting for an incoming message - Test 5 (acdc revocation)
skipped--
Waiting for an incoming message - Test 6
u_4 [ILl9] Starts Rotation
u_2 [JAYO] Starts Rotation
u_7 [pmOP] Starts Rotation
u_8 [lErF] Starts Rotation
u_0 [6GfN] Starts Rotation
u_5 [1gAn] Starts Rotation
u_1 [L6qt] Starts Rotation
u_9 [jDlx] Starts Rotation
u_6 [Uxg9] Starts Rotation
u_3 [TzjP] Starts Rotation
u_0 [6GfN] Ends Rotation
u_0 [6GfN] - Completed Key Rotation
u_8 [lErF] Ends Rotation
u_8 [lErF] - Completed Key Rotation
u_2 [JAYO] Ends Rotation
u_2 [JAYO] - Completed Key Rotation
u_5 [1gAn] Ends Rotation
u_5 [1gAn] - Completed Key Rotation
u_1 [L6qt] Ends Rotation
u_1 [L6qt] - Completed Key Rotation
u_4 [ILl9] Ends Rotation
u_4 [ILl9] - Completed Key Rotation
u_3 [TzjP] Ends Rotation
u_3 [TzjP] - Completed Key Rotation
u_7 [pmOP] Ends Rotation
u_7 [pmOP] - Completed Key Rotation
u_9 [jDlx] Ends Rotation
u_9 [jDlx] - Completed Key Rotation
u_6 [Uxg9] Ends Rotation
u_6 [Uxg9] - Completed Key Rotation
Executed 10 users / 10 success / 0 fail
Test 1: 16887ms (1688 p.u.)
Test 2: 1ms (0 p.u.)
Test 3: 1274ms (127 p.u.)
Test 4: 10421ms (1042 p.u.)
