Waiting for an incoming message - Test 1 (inception)
Error while deserializing http message: Error("EOF while parsing a value", line: 1, column: 0)
	Preparing Data...
	Data is ready, starting users and test1
Incepted: u_2 [wqcc]
Incepted: u_3 [GiC3]
	Added [jm4C] as watcher for u_2 [wqcc]
Incepted: u_7 [XuGM]
	Added [bivQ] as watcher for u_2 [wqcc]
Incepted: u_0 [zqqt]
Incepted: u_1 [eHAE]
Incepted: u_9 [9WAU]
	Added [x5MO] as watcher for u_3 [GiC3]
Incepted: u_8 [Ro0x]
	Added [bivQ] as watcher for u_0 [zqqt]
	Added [2D85] as watcher for u_7 [XuGM]
	Added [bivQ] as watcher for u_3 [GiC3]
Incepted: u_5 [r6ok]
	Added [bivQ] as watcher for u_9 [9WAU]
	Added [2D85] as watcher for u_2 [wqcc]
	Asking u_2 [wqcc]'s watchers to watch [A_vr]
	Added [2D85] as watcher for u_1 [eHAE]
	Added [bivQ] as watcher for u_7 [XuGM]
	Added [x5MO] as watcher for u_8 [Ro0x]
	Added [jm4C] as watcher for u_3 [GiC3]
	Asking u_3 [GiC3]'s watchers to watch [A_vr]
	Added [jm4C] as watcher for u_9 [9WAU]
	Added [x5MO] as watcher for u_0 [zqqt]
	Added [x5MO] as watcher for u_5 [r6ok]
Incepted: u_4 [pD8b]
	Added [jm4C] as watcher for u_7 [XuGM]
	Asking u_7 [XuGM]'s watchers to watch [A_vr]
Incepted: u_6 [Fgh5]
	Added [x5MO] as watcher for u_1 [eHAE]
	Added [jm4C] as watcher for u_8 [Ro0x]
	Added [bivQ] as watcher for u_5 [r6ok]
	Added [jm4C] as watcher for u_0 [zqqt]
	Asking u_0 [zqqt]'s watchers to watch [A_vr]
	Added [x5MO] as watcher for u_9 [9WAU]
	Asking u_9 [9WAU]'s watchers to watch [A_vr]
	Added [bivQ] as watcher for u_8 [Ro0x]
	Asking u_8 [Ro0x]'s watchers to watch [A_vr]
	Added [jm4C] as watcher for u_1 [eHAE]
	Asking u_1 [eHAE]'s watchers to watch [A_vr]
	Added [2D85] as watcher for u_6 [Fgh5]
	Added [x5MO] as watcher for u_4 [pD8b]
	Added [jm4C] as watcher for u_5 [r6ok]
	Asking u_5 [r6ok]'s watchers to watch [A_vr]
	✅ u_2 [wqcc] Inception Done
	Added [jm4C] as watcher for u_4 [pD8b]
	Added [x5MO] as watcher for u_6 [Fgh5]
	✅ u_3 [GiC3] Inception Done
	Added [bivQ] as watcher for u_4 [pD8b]
	Asking u_4 [pD8b]'s watchers to watch [A_vr]
	Added [bivQ] as watcher for u_6 [Fgh5]
	Asking u_6 [Fgh5]'s watchers to watch [A_vr]
	✅ u_7 [XuGM] Inception Done
	✅ u_0 [zqqt] Inception Done
	✅ u_9 [9WAU] Inception Done
	✅ u_5 [r6ok] Inception Done
	✅ u_1 [eHAE] Inception Done
	✅ u_8 [Ro0x] Inception Done
	✅ u_4 [pD8b] Inception Done
	✅ u_6 [Fgh5] Inception Done
Test 2 (signature verification)
	✅ u_6 [Fgh5] Message verified
	✅ u_0 [zqqt] Message verified
	✅ u_4 [pD8b] Message verified
	✅ u_2 [wqcc] Message verified
	✅ u_9 [9WAU] Message verified
	✅ u_8 [Ro0x] Message verified
	✅ u_7 [XuGM] Message verified
	✅ u_3 [GiC3] Message verified
	✅ u_5 [r6ok] Message verified
	✅ u_1 [eHAE] Message verified
Waiting for an incoming message - Test 3 (signature verification after rotation of issuer)
	✅ u_1 [eHAE] Message Verified (2)
	✅ u_2 [wqcc] Message Verified (2)
	✅ u_7 [XuGM] Message Verified (2)
	✅ u_4 [pD8b] Message Verified (2)
	✅ u_6 [Fgh5] Message Verified (2)
	✅ u_0 [zqqt] Message Verified (2)
	✅ u_3 [GiC3] Message Verified (2)
	✅ u_9 [9WAU] Message Verified (2)
	✅ u_5 [r6ok] Message Verified (2)
	✅ u_8 [Ro0x] Message Verified (2)
Waiting for an incoming message - Test 4 (valid acdc credential)
skipped--
Waiting for an incoming message - Test 5 (acdc revocation)
skipped--
Waiting for an incoming message - Test 6
u_8 [Ro0x] Starts Rotation
u_9 [9WAU] Starts Rotation
u_4 [pD8b] Starts Rotation
u_0 [zqqt] Starts Rotation
u_3 [GiC3] Starts Rotation
u_2 [wqcc] Starts Rotation
u_1 [eHAE] Starts Rotation
u_7 [XuGM] Starts Rotation
u_5 [r6ok] Starts Rotation
u_6 [Fgh5] Starts Rotation
u_2 [wqcc] Ends Rotation
u_2 [wqcc] - Completed Key Rotation
u_3 [GiC3] Ends Rotation
u_3 [GiC3] - Completed Key Rotation
u_8 [Ro0x] Ends Rotation
u_8 [Ro0x] - Completed Key Rotation
u_7 [XuGM] Ends Rotation
u_7 [XuGM] - Completed Key Rotation
u_9 [9WAU] Ends Rotation
u_9 [9WAU] - Completed Key Rotation
u_1 [eHAE] Ends Rotation
u_1 [eHAE] - Completed Key Rotation
u_5 [r6ok] Ends Rotation
u_5 [r6ok] - Completed Key Rotation
u_0 [zqqt] Ends Rotation
u_0 [zqqt] - Completed Key Rotation
u_4 [pD8b] Ends Rotation
u_4 [pD8b] - Completed Key Rotation
u_6 [Fgh5] Ends Rotation
u_6 [Fgh5] - Completed Key Rotation
Executed 10 users / 10 success / 0 fail
Test 1: 14317ms (1431 p.u.)
Test 2: 1ms (0 p.u.)
Test 3: 2629ms (262 p.u.)
Test 4: 9408ms (940 p.u.)
