Waiting for an incoming message - Test 1 (inception)
Error while deserializing http message: Error("EOF while parsing a value", line: 1, column: 0)
	Preparing Data...
	Data is ready, starting users and test1
Incepted: u_7 [9DLA]
Incepted: u_6 [S5Ip]
Incepted: u_5 [lwT9]
Incepted: u_1 [RCf-]
	Added [bivQ] as watcher for u_7 [9DLA]
Incepted: u_8 [f-ty]
Incepted: u_0 [UWtk]
Incepted: u_2 [uyVw]
	Added [bivQ] as watcher for u_6 [S5Ip]
Incepted: u_4 [EnvX]
Incepted: u_3 [E1_E]
	Added [jm4C] as watcher for u_1 [RCf-]
	Added [2D85] as watcher for u_5 [lwT9]
	Added [bivQ] as watcher for u_0 [UWtk]
	Added [x5MO] as watcher for u_7 [9DLA]
	Added [jm4C] as watcher for u_2 [uyVw]
	Added [x5MO] as watcher for u_8 [f-ty]
	Added [2D85] as watcher for u_6 [S5Ip]
	Added [2D85] as watcher for u_4 [EnvX]
	Added [2D85] as watcher for u_3 [E1_E]
	Added [jm4C] as watcher for u_0 [UWtk]
	Added [jm4C] as watcher for u_5 [lwT9]
Incepted: u_9 [y2GF]
	Added [2D85] as watcher for u_1 [RCf-]
	Added [jm4C] as watcher for u_7 [9DLA]
	Asking u_7 [9DLA]'s watchers to watch [A_vr]
	Added [jm4C] as watcher for u_8 [f-ty]
	Added [bivQ] as watcher for u_1 [RCf-]
	Asking u_1 [RCf-]'s watchers to watch [A_vr]
	Added [x5MO] as watcher for u_2 [uyVw]
	Added [2D85] as watcher for u_0 [UWtk]
	Asking u_0 [UWtk]'s watchers to watch [A_vr]
	Added [x5MO] as watcher for u_5 [lwT9]
	Asking u_5 [lwT9]'s watchers to watch [A_vr]
	Added [x5MO] as watcher for u_4 [EnvX]
	Added [x5MO] as watcher for u_3 [E1_E]
	Added [bivQ] as watcher for u_8 [f-ty]
	Asking u_8 [f-ty]'s watchers to watch [A_vr]
	Added [x5MO] as watcher for u_6 [S5Ip]
	Asking u_6 [S5Ip]'s watchers to watch [A_vr]
	Added [2D85] as watcher for u_9 [y2GF]
	Added [bivQ] as watcher for u_2 [uyVw]
	Asking u_2 [uyVw]'s watchers to watch [A_vr]
	Added [jm4C] as watcher for u_4 [EnvX]
	Asking u_4 [EnvX]'s watchers to watch [A_vr]
	Added [bivQ] as watcher for u_9 [y2GF]
	Added [jm4C] as watcher for u_3 [E1_E]
	Asking u_3 [E1_E]'s watchers to watch [A_vr]
	Added [jm4C] as watcher for u_9 [y2GF]
	Asking u_9 [y2GF]'s watchers to watch [A_vr]
	✅ u_7 [9DLA] Inception Done
	✅ u_0 [UWtk] Inception Done
	✅ u_1 [RCf-] Inception Done
	✅ u_6 [S5Ip] Inception Done
	✅ u_5 [lwT9] Inception Done
	✅ u_8 [f-ty] Inception Done
	✅ u_2 [uyVw] Inception Done
	✅ u_4 [EnvX] Inception Done
	✅ u_3 [E1_E] Inception Done
	✅ u_9 [y2GF] Inception Done
Test 2 (signature verification)
	✅ u_9 [y2GF] Message verified
	✅ u_3 [E1_E] Message verified
	✅ u_4 [EnvX] Message verified
	✅ u_7 [9DLA] Message verified
	✅ u_5 [lwT9] Message verified
	✅ u_0 [UWtk] Message verified
	✅ u_2 [uyVw] Message verified
	✅ u_6 [S5Ip] Message verified
	✅ u_1 [RCf-] Message verified
	✅ u_8 [f-ty] Message verified
Waiting for an incoming message - Test 3 (signature verification after rotation of issuer)
	✅ u_0 [UWtk] Message Verified (2)
	✅ u_5 [lwT9] Message Verified (2)
	✅ u_4 [EnvX] Message Verified (2)
	✅ u_3 [E1_E] Message Verified (2)
	✅ u_1 [RCf-] Message Verified (2)
	✅ u_6 [S5Ip] Message Verified (2)
	✅ u_9 [y2GF] Message Verified (2)
	✅ u_8 [f-ty] Message Verified (2)
	✅ u_2 [uyVw] Message Verified (2)
	✅ u_7 [9DLA] Message Verified (2)
Waiting for an incoming message - Test 4 (valid acdc credential)
skipped--
Waiting for an incoming message - Test 5 (acdc revocation)
skipped--
Waiting for an incoming message - Test 6
u_7 [9DLA] Starts Rotation
u_3 [E1_E] Starts Rotation
u_9 [y2GF] Starts Rotation
u_6 [S5Ip] Starts Rotation
u_1 [RCf-] Starts Rotation
u_4 [EnvX] Starts Rotation
u_2 [uyVw] Starts Rotation
u_5 [lwT9] Starts Rotation
u_0 [UWtk] Starts Rotation
u_8 [f-ty] Starts Rotation
u_5 [lwT9] Ends Rotation
u_5 [lwT9] - Completed Key Rotation
u_1 [RCf-] Ends Rotation
u_1 [RCf-] - Completed Key Rotation
u_3 [E1_E] Ends Rotation
u_3 [E1_E] - Completed Key Rotation
u_8 [f-ty] Ends Rotation
u_8 [f-ty] - Completed Key Rotation
u_6 [S5Ip] Ends Rotation
u_6 [S5Ip] - Completed Key Rotation
u_2 [uyVw] Ends Rotation
u_2 [uyVw] - Completed Key Rotation
u_7 [9DLA] Ends Rotation
u_7 [9DLA] - Completed Key Rotation
u_0 [UWtk] Ends Rotation
u_0 [UWtk] - Completed Key Rotation
u_4 [EnvX] Ends Rotation
u_4 [EnvX] - Completed Key Rotation
u_9 [y2GF] Ends Rotation
u_9 [y2GF] - Completed Key Rotation
Executed 10 users / 10 success / 0 fail
Test 1: 12416ms (1241 p.u.)
Test 2: 1ms (0 p.u.)
Test 3: 938ms (93 p.u.)
Test 4: 7450ms (745 p.u.)
