Waiting for an incoming message - Test 1 (inception)
Error while deserializing http message: Error("EOF while parsing a value", line: 1, column: 0)
	Preparing Data...
	Data is ready, starting users and test1
Incepted: u_7 [ipDC]
Incepted: u_6 [9eRE]
	Added [bivQ] as watcher for u_6 [9eRE]
	Added [jm4C] as watcher for u_7 [ipDC]
Incepted: u_1 [mx_h]
Incepted: u_2 [8rQm]
	Added [bivQ] as watcher for u_7 [ipDC]
Incepted: u_5 [lR5r]
	Added [2D85] as watcher for u_6 [9eRE]
Incepted: u_0 [WxKW]
Incepted: u_4 [dQMb]
Incepted: u_9 [X19f]
	Added [jm4C] as watcher for u_2 [8rQm]
Incepted: u_3 [5aQn]
	Added [x5MO] as watcher for u_1 [mx_h]
	Added [bivQ] as watcher for u_0 [WxKW]
Incepted: u_8 [H91Y]
	Added [jm4C] as watcher for u_6 [9eRE]
	Asking u_6 [9eRE]'s watchers to watch [A_vr]
	Added [x5MO] as watcher for u_7 [ipDC]
	Asking u_7 [ipDC]'s watchers to watch [A_vr]
	Added [jm4C] as watcher for u_9 [X19f]
	Added [bivQ] as watcher for u_3 [5aQn]
	Added [2D85] as watcher for u_5 [lR5r]
	Added [bivQ] as watcher for u_1 [mx_h]
	Added [x5MO] as watcher for u_4 [dQMb]
	Added [jm4C] as watcher for u_0 [WxKW]
	Added [2D85] as watcher for u_2 [8rQm]
	Added [bivQ] as watcher for u_9 [X19f]
	Added [x5MO] as watcher for u_8 [H91Y]
	Added [jm4C] as watcher for u_1 [mx_h]
	Asking u_1 [mx_h]'s watchers to watch [A_vr]
	Added [x5MO] as watcher for u_5 [lR5r]
	Added [2D85] as watcher for u_3 [5aQn]
	Added [2D85] as watcher for u_4 [dQMb]
	Added [2D85] as watcher for u_0 [WxKW]
	Asking u_0 [WxKW]'s watchers to watch [A_vr]
	Added [x5MO] as watcher for u_2 [8rQm]
	Asking u_2 [8rQm]'s watchers to watch [A_vr]
	Added [x5MO] as watcher for u_9 [X19f]
	Asking u_9 [X19f]'s watchers to watch [A_vr]
	Added [bivQ] as watcher for u_5 [lR5r]
	Asking u_5 [lR5r]'s watchers to watch [A_vr]
	Added [bivQ] as watcher for u_4 [dQMb]
	Asking u_4 [dQMb]'s watchers to watch [A_vr]
	Added [jm4C] as watcher for u_3 [5aQn]
	Asking u_3 [5aQn]'s watchers to watch [A_vr]
	Added [2D85] as watcher for u_8 [H91Y]
	✅ u_6 [9eRE] Inception Done
	Added [bivQ] as watcher for u_8 [H91Y]
	Asking u_8 [H91Y]'s watchers to watch [A_vr]
	✅ u_7 [ipDC] Inception Done
	✅ u_1 [mx_h] Inception Done
	✅ u_0 [WxKW] Inception Done
	✅ u_9 [X19f] Inception Done
	✅ u_2 [8rQm] Inception Done
	✅ u_5 [lR5r] Inception Done
	✅ u_3 [5aQn] Inception Done
	✅ u_4 [dQMb] Inception Done
	✅ u_8 [H91Y] Inception Done
Test 2 (signature verification)
	✅ u_8 [H91Y] Message verified
	✅ u_2 [8rQm] Message verified
	✅ u_1 [mx_h] Message verified
	✅ u_6 [9eRE] Message verified
	✅ u_5 [lR5r] Message verified
	✅ u_0 [WxKW] Message verified
	✅ u_4 [dQMb] Message verified
	✅ u_3 [5aQn] Message verified
	✅ u_7 [ipDC] Message verified
	✅ u_9 [X19f] Message verified
Waiting for an incoming message - Test 3 (signature verification after rotation of issuer)
	✅ u_2 [8rQm] Message Verified (2)
	✅ u_5 [lR5r] Message Verified (2)
	✅ u_7 [ipDC] Message Verified (2)
	✅ u_9 [X19f] Message Verified (2)
	✅ u_6 [9eRE] Message Verified (2)
	✅ u_1 [mx_h] Message Verified (2)
	✅ u_0 [WxKW] Message Verified (2)
	✅ u_3 [5aQn] Message Verified (2)
	✅ u_8 [H91Y] Message Verified (2)
	✅ u_4 [dQMb] Message Verified (2)
Waiting for an incoming message - Test 4 (valid acdc credential)
skipped--
Waiting for an incoming message - Test 5 (acdc revocation)
skipped--
Waiting for an incoming message - Test 6
u_4 [dQMb] Starts Rotation
u_2 [8rQm] Starts Rotation
u_8 [H91Y] Starts Rotation
u_7 [ipDC] Starts Rotation
u_5 [lR5r] Starts Rotation
u_0 [WxKW] Starts Rotation
u_9 [X19f] Starts Rotation
u_1 [mx_h] Starts Rotation
u_6 [9eRE] Starts Rotation
u_3 [5aQn] Starts Rotation
u_6 [9eRE] Ends Rotation
u_6 [9eRE] - Completed Key Rotation
u_7 [ipDC] Ends Rotation
u_7 [ipDC] - Completed Key Rotation
u_2 [8rQm] Ends Rotation
u_2 [8rQm] - Completed Key Rotation
u_9 [X19f] Ends Rotation
u_9 [X19f] - Completed Key Rotation
u_3 [5aQn] Ends Rotation
u_3 [5aQn] - Completed Key Rotation
u_0 [WxKW] Ends Rotation
u_0 [WxKW] - Completed Key Rotation
u_1 [mx_h] Ends Rotation
u_1 [mx_h] - Completed Key Rotation
u_8 [H91Y] Ends Rotation
u_8 [H91Y] - Completed Key Rotation
u_5 [lR5r] Ends Rotation
u_5 [lR5r] - Completed Key Rotation
u_4 [dQMb] Ends Rotation
u_4 [dQMb] - Completed Key Rotation
Executed 10 users / 10 success / 0 fail
Test 1: 11323ms (1132 p.u.)
Test 2: 1ms (0 p.u.)
Test 3: 743ms (74 p.u.)
Test 4: 7270ms (727 p.u.)
