Waiting for an incoming message - Test 1 (inception)
Error while deserializing http message: Error("EOF while parsing a value", line: 1, column: 0)
	Preparing Data...
	Data is ready, starting users and test1
Incepted: u_5 [Np4B]
Incepted: u_8 [Ws9z]
Incepted: u_7 [zslq]
Incepted: u_3 [UJ1o]
Incepted: u_0 [zSzE]
Incepted: u_4 [7fE_]
Incepted: u_9 [9Sk5]
	Added [2D85] as watcher for u_5 [Np4B]
Incepted: u_1 [F3k-]
Incepted: u_2 [HCYE]
	Added [x5MO] as watcher for u_8 [Ws9z]
	Added [jm4C] as watcher for u_7 [zslq]
Incepted: u_6 [wxQA]
	Added [2D85] as watcher for u_0 [zSzE]
	Added [2D85] as watcher for u_9 [9Sk5]
	Added [bivQ] as watcher for u_3 [UJ1o]
	Added [2D85] as watcher for u_1 [F3k-]
	Added [jm4C] as watcher for u_4 [7fE_]
	Added [2D85] as watcher for u_2 [HCYE]
	Added [2D85] as watcher for u_8 [Ws9z]
	Added [bivQ] as watcher for u_5 [Np4B]
	Added [jm4C] as watcher for u_0 [zSzE]
	Added [2D85] as watcher for u_3 [UJ1o]
	Added [bivQ] as watcher for u_6 [wxQA]
	Added [bivQ] as watcher for u_9 [9Sk5]
	Added [bivQ] as watcher for u_7 [zslq]
	Added [x5MO] as watcher for u_4 [7fE_]
	Added [jm4C] as watcher for u_5 [Np4B]
	Asking u_5 [Np4B]'s watchers to watch [A_vr]
	Added [x5MO] as watcher for u_2 [HCYE]
	Added [bivQ] as watcher for u_1 [F3k-]
	Added [2D85] as watcher for u_6 [wxQA]
	Added [bivQ] as watcher for u_8 [Ws9z]
	Asking u_8 [Ws9z]'s watchers to watch [A_vr]
	Added [jm4C] as watcher for u_3 [UJ1o]
	Asking u_3 [UJ1o]'s watchers to watch [A_vr]
	Added [2D85] as watcher for u_7 [zslq]
	Asking u_7 [zslq]'s watchers to watch [A_vr]
	Added [2D85] as watcher for u_4 [7fE_]
	Asking u_4 [7fE_]'s watchers to watch [A_vr]
	Added [bivQ] as watcher for u_0 [zSzE]
	Asking u_0 [zSzE]'s watchers to watch [A_vr]
	Added [x5MO] as watcher for u_9 [9Sk5]
	Asking u_9 [9Sk5]'s watchers to watch [A_vr]
	Added [jm4C] as watcher for u_1 [F3k-]
	Asking u_1 [F3k-]'s watchers to watch [A_vr]
	Added [bivQ] as watcher for u_2 [HCYE]
	Asking u_2 [HCYE]'s watchers to watch [A_vr]
	Added [jm4C] as watcher for u_6 [wxQA]
	Asking u_6 [wxQA]'s watchers to watch [A_vr]
	✅ u_5 [Np4B] Inception Done
	✅ u_3 [UJ1o] Inception Done
	✅ u_8 [Ws9z] Inception Done
	✅ u_4 [7fE_] Inception Done
	✅ u_0 [zSzE] Inception Done
	✅ u_9 [9Sk5] Inception Done
	✅ u_7 [zslq] Inception Done
	✅ u_2 [HCYE] Inception Done
	✅ u_1 [F3k-] Inception Done
	✅ u_6 [wxQA] Inception Done
Test 2 (signature verification)
	✅ u_6 [wxQA] Message verified
	✅ u_4 [7fE_] Message verified
	✅ u_9 [9Sk5] Message verified
	✅ u_7 [zslq] Message verified
	✅ u_2 [HCYE] Message verified
	✅ u_8 [Ws9z] Message verified
	✅ u_5 [Np4B] Message verified
	✅ u_1 [F3k-] Message verified
	✅ u_3 [UJ1o] Message verified
	✅ u_0 [zSzE] Message verified
Waiting for an incoming message - Test 3 (signature verification after rotation of issuer)
	✅ u_4 [7fE_] Message Verified (2)
	✅ u_3 [UJ1o] Message Verified (2)
	✅ u_9 [9Sk5] Message Verified (2)
	✅ u_7 [zslq] Message Verified (2)
	✅ u_5 [Np4B] Message Verified (2)
	✅ u_0 [zSzE] Message Verified (2)
	✅ u_6 [wxQA] Message Verified (2)
	✅ u_2 [HCYE] Message Verified (2)
	✅ u_1 [F3k-] Message Verified (2)
	✅ u_8 [Ws9z] Message Verified (2)
Waiting for an incoming message - Test 4 (valid acdc credential)
skipped--
Waiting for an incoming message - Test 5 (acdc revocation)
skipped--
Waiting for an incoming message - Test 6
u_8 [Ws9z] Starts Rotation
u_3 [UJ1o] Starts Rotation
u_7 [zslq] Starts Rotation
u_9 [9Sk5] Starts Rotation
u_5 [Np4B] Starts Rotation
u_2 [HCYE] Starts Rotation
u_4 [7fE_] Starts Rotation
u_0 [zSzE] Starts Rotation
u_1 [F3k-] Starts Rotation
u_6 [wxQA] Starts Rotation
u_0 [zSzE] Ends Rotation
u_0 [zSzE] - Completed Key Rotation
u_7 [zslq] Ends Rotation
u_7 [zslq] - Completed Key Rotation
u_9 [9Sk5] Ends Rotation
u_9 [9Sk5] - Completed Key Rotation
u_1 [F3k-] Ends Rotation
u_1 [F3k-] - Completed Key Rotation
u_8 [Ws9z] Ends Rotation
u_8 [Ws9z] - Completed Key Rotation
u_5 [Np4B] Ends Rotation
u_5 [Np4B] - Completed Key Rotation
u_6 [wxQA] Ends Rotation
u_6 [wxQA] - Completed Key Rotation
u_3 [UJ1o] Ends Rotation
u_3 [UJ1o] - Completed Key Rotation
u_2 [HCYE] Ends Rotation
u_2 [HCYE] - Completed Key Rotation
u_4 [7fE_] Ends Rotation
u_4 [7fE_] - Completed Key Rotation
Executed 10 users / 10 success / 0 fail
Test 1: 11590ms (1159 p.u.)
Test 2: 1ms (0 p.u.)
Test 3: 1057ms (105 p.u.)
Test 4: 8078ms (807 p.u.)
