2024-08-13 13:57:59,17.1,17.5088,166154240,137207,26749220
2024-08-13 13:58:05,3,18.1731,172457984,225936,43516932
2024-08-13 13:58:10,0,18.2819,173490176,228092,43519036
2024-08-13 13:58:15,0,18.2819,173490176,228182,43519112
2024-08-13 13:58:20,3.1,18.3069,173727744,228320,43519112
2024-08-13 13:58:26,3.1,18.3341,173985792,228320,43519112
2024-08-13 13:58:31,3.1,18.3341,173985792,228410,43519188
2024-08-13 13:58:36,0,18.3341,173985792,228410,43519188
2024-08-13 13:58:41,3,18.3341,173985792,228410,43519188
2024-08-13 13:58:46,6.1,18.3341,173985792,228500,43519264
2024-08-13 13:58:52,3.2,18.3324,173969408,228930,43519568
2024-08-13 13:58:57,0,18.3868,174485504,228930,43519568
2024-08-13 13:59:02,85.7,26.5721,252162048,408633,43633691
2024-08-13 13:59:07,93.8,26.6127,252547072,650002,43740275
2024-08-13 13:59:12,81.2,26.6338,252747776,930519,43958168
2024-08-13 13:59:18,0,26.6929,253308928,952817,43992317
2024-08-13 13:59:23,0,26.6929,253308928,952907,43992393
2024-08-13 13:59:28,5.9,26.6929,253308928,952907,43992393
2024-08-13 13:59:33,3.1,26.4517,251019264,997013,44901316
2024-08-13 13:59:39,0,26.4517,251019264,997103,44901392
2024-08-13 13:59:44,80.7,29.3556,278577152,1070108,44929910
2024-08-13 13:59:49,87.9,29.3457,278482944,1320357,45048217
2024-08-13 13:59:54,3.2,17.4549,165642240,1462718,45119020
2024-08-13 13:59:59,3.1,17.4549,165642240,1462718,45119020
