2024-08-13 13:57:40,12.5,17.706,168026112,149167,26117647
2024-08-13 13:57:45,3.2,18.2568,173252608,316266,42981227
2024-08-13 13:57:50,3.1,18.473,175304704,316266,42981227
2024-08-13 13:57:55,0,18.5274,175820800,316356,42981303
2024-08-13 13:58:01,3.1,18.5274,175820800,316356,42981303
2024-08-13 13:58:06,3.1,18.5274,175820800,316356,42981303
2024-08-13 13:58:11,0,18.5274,175820800,316446,42981379
2024-08-13 13:58:16,3.2,18.5274,175820800,316446,42981379
2024-08-13 13:58:21,3.1,18.6897,177360896,318690,42983439
2024-08-13 13:58:26,3.1,18.6897,177360896,318822,42983543
2024-08-13 13:58:32,3.2,18.6897,177360896,318864,42983571
2024-08-13 13:58:37,0,18.7156,177606656,318864,42983571
2024-08-13 13:58:42,3.2,18.7156,177606656,319224,42983875
2024-08-13 13:58:47,0,18.7151,177602560,319314,42983951
2024-08-13 13:58:52,0,18.7151,177602560,319314,42983951
2024-08-13 13:58:58,81.2,22.882,217145344,346950,43019960
2024-08-13 13:59:03,90.6,26.8849,255131648,691570,43183492
2024-08-13 13:59:08,77.5,26.9073,255344640,1032609,43439656
2024-08-13 13:59:13,3.2,26.9112,255381504,1043291,43456675
2024-08-13 13:59:18,3.2,26.9112,255381504,1043381,43456751
2024-08-13 13:59:24,3.1,26.9112,255381504,1043381,43456751
2024-08-13 13:59:29,3.2,26.9643,255885312,1043423,43456779
2024-08-13 13:59:34,3.2,26.7511,253861888,1087484,44365827
2024-08-13 13:59:39,3.2,26.7511,253861888,1087484,44365827
2024-08-13 13:59:44,97,29.188,276987904,1276454,44449054
2024-08-13 13:59:50,3,17.3706,164843520,1552865,44583426
2024-08-13 13:59:55,3.2,17.3706,164843520,1552865,44583426
2024-08-13 14:00:00,3.2,17.3996,165117952,1552865,44583426
