2024-08-13 13:57:36,9.7,17.7725,168656896,135837,26672641
2024-08-13 13:57:41,3.2,19.0061,180363264,302426,43536241
2024-08-13 13:57:46,3.2,19.0333,180621312,302426,43536241
2024-08-13 13:57:51,0,19.0868,181129216,302426,43536241
2024-08-13 13:57:56,0,19.1412,181645312,302516,43536317
2024-08-13 13:58:01,0,19.1671,181891072,302558,43536345
2024-08-13 13:58:07,0,19.1942,182149120,302558,43536345
2024-08-13 13:58:12,0,19.2745,182910976,302718,43536421
2024-08-13 13:58:17,0,19.2745,182910976,302760,43536449
2024-08-13 13:58:22,3.2,19.2745,182910976,302760,43536449
2024-08-13 13:58:27,3.1,19.3535,183660544,305084,43538585
2024-08-13 13:58:33,0,19.3535,183660544,305222,43538585
2024-08-13 13:58:38,0,19.3557,183681024,305222,43538585
2024-08-13 13:58:43,0,19.3557,183681024,305672,43538965
2024-08-13 13:58:48,6.2,19.3561,183685120,305672,43538965
2024-08-13 13:58:53,3.2,19.3561,183685120,305672,43538965
2024-08-13 13:58:58,100,27.897,264736768,475247,43644924
2024-08-13 13:59:04,100,27.9346,265093120,838722,43810061
2024-08-13 13:59:09,0,27.4715,260698112,1029559,44011709
2024-08-13 13:59:14,6,27.4715,260698112,1029649,44011785
2024-08-13 13:59:19,3.2,27.4715,260698112,1029649,44011785
2024-08-13 13:59:24,3.1,24.7933,235282432,1029649,44011785
2024-08-13 13:59:30,96.8,25.41,241135616,1061347,44430567
2024-08-13 13:59:35,0,25.3004,240095232,1066972,44457786
2024-08-13 13:59:40,6,25.3518,240582656,1066972,44457786
2024-08-13 13:59:45,81.2,28.459,270069760,1395394,44606093
2024-08-13 13:59:50,3.2,17.5783,166813696,1532655,44675439
2024-08-13 13:59:56,0,17.5783,166813696,1532697,44675467
