Waiting for an incoming message - Test 1 (inception)
Error while deserializing http message: Error("EOF while parsing a value", line: 1, column: 0)
	Preparing Data...
	Data is ready, starting users and test1
Incepted: u_7 [xHgb]
Incepted: u_0 [IHpL]
Incepted: u_2 [MXXP]
Incepted: u_1 [ZBbP]
Incepted: u_9 [IqlN]
Incepted: u_8 [VE2v]
	Added [x5MO] as watcher for u_7 [xHgb]
Incepted: u_4 [oWmh]
Incepted: u_3 [nNUW]
	Added [2D85] as watcher for u_2 [MXXP]
Incepted: u_5 [kMj8]
Incepted: u_6 [3S2C]
	Added [jm4C] as watcher for u_7 [xHgb]
	Added [2D85] as watcher for u_9 [IqlN]
	Added [jm4C] as watcher for u_8 [VE2v]
	Added [jm4C] as watcher for u_3 [nNUW]
	Added [2D85] as watcher for u_7 [xHgb]
	Asking u_7 [xHgb]'s watchers to watch [TN-Y]
	Added [bivQ] as watcher for u_0 [IHpL]
	Added [bivQ] as watcher for u_1 [ZBbP]
	Added [bivQ] as watcher for u_4 [oWmh]
	Added [jm4C] as watcher for u_5 [kMj8]
	Added [x5MO] as watcher for u_6 [3S2C]
	Added [x5MO] as watcher for u_9 [IqlN]
	Added [bivQ] as watcher for u_2 [MXXP]
	Added [x5MO] as watcher for u_8 [VE2v]
	Added [2D85] as watcher for u_0 [IHpL]
	Added [x5MO] as watcher for u_1 [ZBbP]
	Added [x5MO] as watcher for u_4 [oWmh]
	Added [2D85] as watcher for u_8 [VE2v]
	Asking u_8 [VE2v]'s watchers to watch [TN-Y]
	Added [x5MO] as watcher for u_2 [MXXP]
	Asking u_2 [MXXP]'s watchers to watch [TN-Y]
	Added [bivQ] as watcher for u_5 [kMj8]
	Added [bivQ] as watcher for u_3 [nNUW]
	Added [jm4C] as watcher for u_0 [IHpL]
	Asking u_0 [IHpL]'s watchers to watch [TN-Y]
	Added [bivQ] as watcher for u_6 [3S2C]
	Added [bivQ] as watcher for u_9 [IqlN]
	Asking u_9 [IqlN]'s watchers to watch [TN-Y]
	Added [jm4C] as watcher for u_1 [ZBbP]
	Asking u_1 [ZBbP]'s watchers to watch [TN-Y]
	Added [2D85] as watcher for u_5 [kMj8]
	Asking u_5 [kMj8]'s watchers to watch [TN-Y]
	Added [x5MO] as watcher for u_3 [nNUW]
	Asking u_3 [nNUW]'s watchers to watch [TN-Y]
	Added [jm4C] as watcher for u_4 [oWmh]
	Asking u_4 [oWmh]'s watchers to watch [TN-Y]
	Added [2D85] as watcher for u_6 [3S2C]
	Asking u_6 [3S2C]'s watchers to watch [TN-Y]
	✅ u_7 [xHgb] Inception Done
	✅ u_2 [MXXP] Inception Done
	✅ u_3 [nNUW] Inception Done
	✅ u_8 [VE2v] Inception Done
	✅ u_5 [kMj8] Inception Done
	✅ u_9 [IqlN] Inception Done
	✅ u_6 [3S2C] Inception Done
	✅ u_1 [ZBbP] Inception Done
	✅ u_4 [oWmh] Inception Done
	✅ u_0 [IHpL] Inception Done
Test 2 (signature verification)
	✅ u_0 [IHpL] Message verified
	✅ u_9 [IqlN] Message verified
	✅ u_5 [kMj8] Message verified
	✅ u_6 [3S2C] Message verified
	✅ u_1 [ZBbP] Message verified
	✅ u_3 [nNUW] Message verified
	✅ u_4 [oWmh] Message verified
	✅ u_8 [VE2v] Message verified
	✅ u_7 [xHgb] Message verified
	✅ u_2 [MXXP] Message verified
Waiting for an incoming message - Test 3 (signature verification after rotation of issuer)
	✅ u_6 [3S2C] Message Verified (2)
	✅ u_1 [ZBbP] Message Verified (2)
	✅ u_2 [MXXP] Message Verified (2)
	✅ u_4 [oWmh] Message Verified (2)
	✅ u_5 [kMj8] Message Verified (2)
	✅ u_9 [IqlN] Message Verified (2)
	✅ u_7 [xHgb] Message Verified (2)
	✅ u_3 [nNUW] Message Verified (2)
	✅ u_8 [VE2v] Message Verified (2)
	✅ u_0 [IHpL] Message Verified (2)
Waiting for an incoming message - Test 4 (valid acdc credential)
skipped--
Waiting for an incoming message - Test 5 (acdc revocation)
skipped--
Waiting for an incoming message - Test 6
u_5 [kMj8] Starts Rotation
u_6 [3S2C] Starts Rotation
u_8 [VE2v] Starts Rotation
u_7 [xHgb] Starts Rotation
u_4 [oWmh] Starts Rotation
u_0 [IHpL] Starts Rotation
u_1 [ZBbP] Starts Rotation
u_3 [nNUW] Starts Rotation
u_2 [MXXP] Starts Rotation
u_9 [IqlN] Starts Rotation
u_7 [xHgb] Ends Rotation
u_7 [xHgb] - Completed Key Rotation
u_2 [MXXP] Ends Rotation
u_2 [MXXP] - Completed Key Rotation
u_1 [ZBbP] Ends Rotation
u_1 [ZBbP] - Completed Key Rotation
u_9 [IqlN] Ends Rotation
u_9 [IqlN] - Completed Key Rotation
u_4 [oWmh] Ends Rotation
u_4 [oWmh] - Completed Key Rotation
u_0 [IHpL] Ends Rotation
u_0 [IHpL] - Completed Key Rotation
u_3 [nNUW] Ends Rotation
u_3 [nNUW] - Completed Key Rotation
u_6 [3S2C] Ends Rotation
u_6 [3S2C] - Completed Key Rotation
u_5 [kMj8] Ends Rotation
u_5 [kMj8] - Completed Key Rotation
u_8 [VE2v] Ends Rotation
u_8 [VE2v] - Completed Key Rotation
Executed 10 users / 10 success / 0 fail
Test 1: 10354ms (1035 p.u.)
Test 2: 1ms (0 p.u.)
Test 3: 709ms (70 p.u.)
Test 4: 12781ms (1278 p.u.)
