Waiting for an incoming message - Test 1 (inception)
Error while deserializing http message: Error("EOF while parsing a value", line: 1, column: 0)
	Preparing Data...
	Data is ready, starting users and test1
Incepted: u_3 [z4s9]
Incepted: u_2 [9ld0]
Incepted: u_0 [5Yaq]
Incepted: u_8 [uo24]
Incepted: u_7 [Yydn]
Incepted: u_9 [tfY2]
Incepted: u_6 [qCqr]
Incepted: u_1 [jj_R]
Incepted: u_4 [ycFE]
	Added [bivQ] as watcher for u_7 [Yydn]
	Added [bivQ] as watcher for u_0 [5Yaq]
Incepted: u_5 [OkBC]
	Added [2D85] as watcher for u_3 [z4s9]
	Added [x5MO] as watcher for u_2 [9ld0]
	Added [2D85] as watcher for u_9 [tfY2]
	Added [2D85] as watcher for u_6 [qCqr]
	Added [jm4C] as watcher for u_8 [uo24]
	Added [bivQ] as watcher for u_2 [9ld0]
	Added [x5MO] as watcher for u_4 [ycFE]
	Added [x5MO] as watcher for u_7 [Yydn]
	Added [bivQ] as watcher for u_6 [qCqr]
	Added [2D85] as watcher for u_0 [5Yaq]
	Added [jm4C] as watcher for u_1 [jj_R]
	Added [x5MO] as watcher for u_5 [OkBC]
	Added [x5MO] as watcher for u_9 [tfY2]
	Added [jm4C] as watcher for u_3 [z4s9]
	Added [bivQ] as watcher for u_9 [tfY2]
	Asking u_9 [tfY2]'s watchers to watch [TN-Y]
	Added [x5MO] as watcher for u_8 [uo24]
	Added [x5MO] as watcher for u_6 [qCqr]
	Asking u_6 [qCqr]'s watchers to watch [TN-Y]
	Added [jm4C] as watcher for u_2 [9ld0]
	Asking u_2 [9ld0]'s watchers to watch [TN-Y]
	Added [x5MO] as watcher for u_1 [jj_R]
	Added [jm4C] as watcher for u_0 [5Yaq]
	Asking u_0 [5Yaq]'s watchers to watch [TN-Y]
	Added [bivQ] as watcher for u_8 [uo24]
	Asking u_8 [uo24]'s watchers to watch [TN-Y]
	Added [jm4C] as watcher for u_7 [Yydn]
	Asking u_7 [Yydn]'s watchers to watch [TN-Y]
	Added [jm4C] as watcher for u_4 [ycFE]
	Added [jm4C] as watcher for u_5 [OkBC]
	Added [x5MO] as watcher for u_3 [z4s9]
	Asking u_3 [z4s9]'s watchers to watch [TN-Y]
	Added [2D85] as watcher for u_1 [jj_R]
	Asking u_1 [jj_R]'s watchers to watch [TN-Y]
	Added [2D85] as watcher for u_4 [ycFE]
	Asking u_4 [ycFE]'s watchers to watch [TN-Y]
	✅ u_9 [tfY2] Inception Done
	Added [2D85] as watcher for u_5 [OkBC]
	Asking u_5 [OkBC]'s watchers to watch [TN-Y]
	✅ u_6 [qCqr] Inception Done
	✅ u_2 [9ld0] Inception Done
	✅ u_8 [uo24] Inception Done
	✅ u_0 [5Yaq] Inception Done
	✅ u_7 [Yydn] Inception Done
	✅ u_3 [z4s9] Inception Done
	✅ u_1 [jj_R] Inception Done
	✅ u_4 [ycFE] Inception Done
	✅ u_5 [OkBC] Inception Done
Test 2 (signature verification)
	✅ u_5 [OkBC] Message verified
	✅ u_4 [ycFE] Message verified
	✅ u_6 [qCqr] Message verified
	✅ u_1 [jj_R] Message verified
	✅ u_2 [9ld0] Message verified
	✅ u_3 [z4s9] Message verified
	✅ u_7 [Yydn] Message verified
	✅ u_8 [uo24] Message verified
	✅ u_0 [5Yaq] Message verified
	✅ u_9 [tfY2] Message verified
Waiting for an incoming message - Test 3 (signature verification after rotation of issuer)
	✅ u_9 [tfY2] Message Verified (2)
	✅ u_6 [qCqr] Message Verified (2)
	✅ u_8 [uo24] Message Verified (2)
	✅ u_7 [Yydn] Message Verified (2)
	✅ u_4 [ycFE] Message Verified (2)
	✅ u_2 [9ld0] Message Verified (2)
	✅ u_5 [OkBC] Message Verified (2)
	✅ u_0 [5Yaq] Message Verified (2)
	✅ u_3 [z4s9] Message Verified (2)
	✅ u_1 [jj_R] Message Verified (2)
Waiting for an incoming message - Test 4 (valid acdc credential)
skipped--
Waiting for an incoming message - Test 5 (acdc revocation)
skipped--
Waiting for an incoming message - Test 6
u_1 [jj_R] Starts Rotation
u_8 [uo24] Starts Rotation
u_6 [qCqr] Starts Rotation
u_3 [z4s9] Starts Rotation
u_4 [ycFE] Starts Rotation
u_9 [tfY2] Starts Rotation
u_7 [Yydn] Starts Rotation
u_0 [5Yaq] Starts Rotation
u_2 [9ld0] Starts Rotation
u_5 [OkBC] Starts Rotation
u_5 [OkBC] Ends Rotation
u_5 [OkBC] - Completed Key Rotation
u_8 [uo24] Ends Rotation
u_8 [uo24] - Completed Key Rotation
u_0 [5Yaq] Ends Rotation
u_0 [5Yaq] - Completed Key Rotation
u_7 [Yydn] Ends Rotation
u_7 [Yydn] - Completed Key Rotation
u_3 [z4s9] Ends Rotation
u_3 [z4s9] - Completed Key Rotation
u_2 [9ld0] Ends Rotation
u_2 [9ld0] - Completed Key Rotation
u_9 [tfY2] Ends Rotation
u_9 [tfY2] - Completed Key Rotation
u_6 [qCqr] Ends Rotation
u_6 [qCqr] - Completed Key Rotation
u_1 [jj_R] Ends Rotation
u_1 [jj_R] - Completed Key Rotation
u_4 [ycFE] Ends Rotation
u_4 [ycFE] - Completed Key Rotation
Executed 10 users / 10 success / 0 fail
Test 1: 4193ms (419 p.u.)
Test 2: 1ms (0 p.u.)
Test 3: 568ms (56 p.u.)
Test 4: 1645ms (164 p.u.)
