Waiting for an incoming message - Test 1 (inception)
Error while deserializing http message: Error("EOF while parsing a value", line: 1, column: 0)
	Preparing Data...
	Data is ready, starting users and test1
Incepted: u_4 [TlM3]
Incepted: u_1 [8XbH]
Incepted: u_7 [Grkm]
Incepted: u_3 [bsMj]
Incepted: u_8 [N39C]
Incepted: u_6 [p8Mw]
Incepted: u_9 [7a4o]
Incepted: u_0 [yp2K]
Incepted: u_5 [IKqK]
	Added [bivQ] as watcher for u_7 [Grkm]
	Added [bivQ] as watcher for u_4 [TlM3]
Incepted: u_2 [Gmkr]
	Added [bivQ] as watcher for u_9 [7a4o]
	Added [2D85] as watcher for u_1 [8XbH]
	Added [x5MO] as watcher for u_8 [N39C]
	Added [jm4C] as watcher for u_3 [bsMj]
	Added [jm4C] as watcher for u_6 [p8Mw]
	Added [bivQ] as watcher for u_1 [8XbH]
	Added [x5MO] as watcher for u_5 [IKqK]
	Added [jm4C] as watcher for u_7 [Grkm]
	Added [jm4C] as watcher for u_4 [TlM3]
	Added [jm4C] as watcher for u_0 [yp2K]
	Added [bivQ] as watcher for u_3 [bsMj]
	Added [x5MO] as watcher for u_9 [7a4o]
	Added [jm4C] as watcher for u_2 [Gmkr]
	Added [bivQ] as watcher for u_5 [IKqK]
	Added [2D85] as watcher for u_8 [N39C]
	Added [x5MO] as watcher for u_6 [p8Mw]
	Added [x5MO] as watcher for u_4 [TlM3]
	Asking u_4 [TlM3]'s watchers to watch [TN-Y]
	Added [x5MO] as watcher for u_7 [Grkm]
	Asking u_7 [Grkm]'s watchers to watch [TN-Y]
	Added [jm4C] as watcher for u_1 [8XbH]
	Asking u_1 [8XbH]'s watchers to watch [TN-Y]
	Added [2D85] as watcher for u_0 [yp2K]
	Added [x5MO] as watcher for u_3 [bsMj]
	Asking u_3 [bsMj]'s watchers to watch [TN-Y]
	Added [bivQ] as watcher for u_6 [p8Mw]
	Asking u_6 [p8Mw]'s watchers to watch [TN-Y]
	Added [jm4C] as watcher for u_5 [IKqK]
	Asking u_5 [IKqK]'s watchers to watch [TN-Y]
	Added [jm4C] as watcher for u_9 [7a4o]
	Asking u_9 [7a4o]'s watchers to watch [TN-Y]
	Added [2D85] as watcher for u_2 [Gmkr]
	Added [jm4C] as watcher for u_8 [N39C]
	Asking u_8 [N39C]'s watchers to watch [TN-Y]
	Added [bivQ] as watcher for u_0 [yp2K]
	Asking u_0 [yp2K]'s watchers to watch [TN-Y]
	Added [bivQ] as watcher for u_2 [Gmkr]
	Asking u_2 [Gmkr]'s watchers to watch [TN-Y]
	✅ u_4 [TlM3] Inception Done
	✅ u_7 [Grkm] Inception Done
	✅ u_1 [8XbH] Inception Done
	✅ u_6 [p8Mw] Inception Done
	✅ u_3 [bsMj] Inception Done
	✅ u_5 [IKqK] Inception Done
	✅ u_9 [7a4o] Inception Done
	✅ u_0 [yp2K] Inception Done
	✅ u_8 [N39C] Inception Done
	✅ u_2 [Gmkr] Inception Done
Test 2 (signature verification)
	✅ u_2 [Gmkr] Message verified
	✅ u_7 [Grkm] Message verified
	✅ u_8 [N39C] Message verified
	✅ u_5 [IKqK] Message verified
	✅ u_0 [yp2K] Message verified
	✅ u_1 [8XbH] Message verified
	✅ u_4 [TlM3] Message verified
	✅ u_9 [7a4o] Message verified
	✅ u_6 [p8Mw] Message verified
	✅ u_3 [bsMj] Message verified
Waiting for an incoming message - Test 3 (signature verification after rotation of issuer)
	✅ u_2 [Gmkr] Message Verified (2)
	✅ u_1 [8XbH] Message Verified (2)
	✅ u_4 [TlM3] Message Verified (2)
	✅ u_3 [bsMj] Message Verified (2)
	✅ u_0 [yp2K] Message Verified (2)
	✅ u_7 [Grkm] Message Verified (2)
	✅ u_8 [N39C] Message Verified (2)
	✅ u_6 [p8Mw] Message Verified (2)
	✅ u_9 [7a4o] Message Verified (2)
	✅ u_5 [IKqK] Message Verified (2)
Waiting for an incoming message - Test 4 (valid acdc credential)
skipped--
Waiting for an incoming message - Test 5 (acdc revocation)
skipped--
Waiting for an incoming message - Test 6
u_5 [IKqK] Starts Rotation
u_4 [TlM3] Starts Rotation
u_6 [p8Mw] Starts Rotation
u_2 [Gmkr] Starts Rotation
u_0 [yp2K] Starts Rotation
u_7 [Grkm] Starts Rotation
u_8 [N39C] Starts Rotation
u_1 [8XbH] Starts Rotation
u_3 [bsMj] Starts Rotation
u_9 [7a4o] Starts Rotation
u_6 [p8Mw] Ends Rotation
u_6 [p8Mw] - Completed Key Rotation
u_1 [8XbH] Ends Rotation
u_1 [8XbH] - Completed Key Rotation
u_8 [N39C] Ends Rotation
u_8 [N39C] - Completed Key Rotation
u_4 [TlM3] Ends Rotation
u_4 [TlM3] - Completed Key Rotation
u_5 [IKqK] Ends Rotation
u_5 [IKqK] - Completed Key Rotation
u_7 [Grkm] Ends Rotation
u_7 [Grkm] - Completed Key Rotation
u_3 [bsMj] Ends Rotation
u_3 [bsMj] - Completed Key Rotation
u_2 [Gmkr] Ends Rotation
u_2 [Gmkr] - Completed Key Rotation
u_0 [yp2K] Ends Rotation
u_0 [yp2K] - Completed Key Rotation
u_9 [7a4o] Ends Rotation
u_9 [7a4o] - Completed Key Rotation
Executed 10 users / 10 success / 0 fail
Test 1: 4022ms (402 p.u.)
Test 2: 1ms (0 p.u.)
Test 3: 560ms (56 p.u.)
Test 4: 1719ms (171 p.u.)
