Waiting for an incoming message - Test 1 (inception)
Error while deserializing http message: Error("EOF while parsing a value", line: 1, column: 0)
	Preparing Data...
	Data is ready, starting users and test1
Incepted: u_3 [QriQ]
Incepted: u_9 [cqC3]
Incepted: u_7 [AM4B]
Incepted: u_2 [F8xW]
Incepted: u_4 [AL3L]
	Added [bivQ] as watcher for u_3 [QriQ]
Incepted: u_0 [OHID]
Incepted: u_1 [FU8g]
Incepted: u_8 [Veor]
	Added [bivQ] as watcher for u_4 [AL3L]
Incepted: u_6 [sDLA]
Incepted: u_5 [9eh1]
	Added [x5MO] as watcher for u_9 [cqC3]
	Added [bivQ] as watcher for u_8 [Veor]
	Added [2D85] as watcher for u_2 [F8xW]
	Added [jm4C] as watcher for u_7 [AM4B]
	Added [x5MO] as watcher for u_0 [OHID]
	Added [x5MO] as watcher for u_3 [QriQ]
	Added [x5MO] as watcher for u_1 [FU8g]
	Added [bivQ] as watcher for u_0 [OHID]
	Added [jm4C] as watcher for u_4 [AL3L]
	Added [bivQ] as watcher for u_1 [FU8g]
	Added [2D85] as watcher for u_9 [cqC3]
	Added [jm4C] as watcher for u_6 [sDLA]
	Added [x5MO] as watcher for u_8 [Veor]
	Added [jm4C] as watcher for u_5 [9eh1]
	Added [x5MO] as watcher for u_2 [F8xW]
	Added [2D85] as watcher for u_3 [QriQ]
	Asking u_3 [QriQ]'s watchers to watch [TN-Y]
	Added [2D85] as watcher for u_7 [AM4B]
	Added [bivQ] as watcher for u_9 [cqC3]
	Asking u_9 [cqC3]'s watchers to watch [TN-Y]
	Added [bivQ] as watcher for u_7 [AM4B]
	Asking u_7 [AM4B]'s watchers to watch [TN-Y]
	Added [x5MO] as watcher for u_4 [AL3L]
	Asking u_4 [AL3L]'s watchers to watch [TN-Y]
	Added [2D85] as watcher for u_8 [Veor]
	Asking u_8 [Veor]'s watchers to watch [TN-Y]
	Added [jm4C] as watcher for u_0 [OHID]
	Asking u_0 [OHID]'s watchers to watch [TN-Y]
	Added [x5MO] as watcher for u_6 [sDLA]
	Added [jm4C] as watcher for u_1 [FU8g]
	Asking u_1 [FU8g]'s watchers to watch [TN-Y]
	Added [x5MO] as watcher for u_5 [9eh1]
	Added [jm4C] as watcher for u_2 [F8xW]
	Asking u_2 [F8xW]'s watchers to watch [TN-Y]
	✅ u_3 [QriQ] Inception Done
	Added [bivQ] as watcher for u_5 [9eh1]
	Asking u_5 [9eh1]'s watchers to watch [TN-Y]
	Added [2D85] as watcher for u_6 [sDLA]
	Asking u_6 [sDLA]'s watchers to watch [TN-Y]
	✅ u_9 [cqC3] Inception Done
	✅ u_7 [AM4B] Inception Done
	✅ u_4 [AL3L] Inception Done
	✅ u_0 [OHID] Inception Done
	✅ u_8 [Veor] Inception Done
	✅ u_1 [FU8g] Inception Done
	✅ u_2 [F8xW] Inception Done
	✅ u_5 [9eh1] Inception Done
	✅ u_6 [sDLA] Inception Done
Test 2 (signature verification)
	✅ u_6 [sDLA] Message verified
	✅ u_3 [QriQ] Message verified
	✅ u_9 [cqC3] Message verified
	✅ u_4 [AL3L] Message verified
	✅ u_7 [AM4B] Message verified
	✅ u_0 [OHID] Message verified
	✅ u_1 [FU8g] Message verified
	✅ u_2 [F8xW] Message verified
	✅ u_5 [9eh1] Message verified
	✅ u_8 [Veor] Message verified
Waiting for an incoming message - Test 3 (signature verification after rotation of issuer)
	✅ u_8 [Veor] Message Verified (2)
	✅ u_4 [AL3L] Message Verified (2)
	✅ u_3 [QriQ] Message Verified (2)
	✅ u_5 [9eh1] Message Verified (2)
	✅ u_0 [OHID] Message Verified (2)
	✅ u_2 [F8xW] Message Verified (2)
	✅ u_6 [sDLA] Message Verified (2)
	✅ u_7 [AM4B] Message Verified (2)
	✅ u_1 [FU8g] Message Verified (2)
	✅ u_9 [cqC3] Message Verified (2)
Waiting for an incoming message - Test 4 (valid acdc credential)
skipped--
Waiting for an incoming message - Test 5 (acdc revocation)
skipped--
Waiting for an incoming message - Test 6
u_9 [cqC3] Starts Rotation
u_2 [F8xW] Starts Rotation
u_4 [AL3L] Starts Rotation
u_6 [sDLA] Starts Rotation
u_5 [9eh1] Starts Rotation
u_7 [AM4B] Starts Rotation
u_3 [QriQ] Starts Rotation
u_8 [Veor] Starts Rotation
u_0 [OHID] Starts Rotation
u_1 [FU8g] Starts Rotation
u_7 [AM4B] Ends Rotation
u_7 [AM4B] - Completed Key Rotation
u_0 [OHID] Ends Rotation
u_0 [OHID] - Completed Key Rotation
u_3 [QriQ] Ends Rotation
u_3 [QriQ] - Completed Key Rotation
u_4 [AL3L] Ends Rotation
u_4 [AL3L] - Completed Key Rotation
u_9 [cqC3] Ends Rotation
u_9 [cqC3] - Completed Key Rotation
u_2 [F8xW] Ends Rotation
u_2 [F8xW] - Completed Key Rotation
u_5 [9eh1] Ends Rotation
u_5 [9eh1] - Completed Key Rotation
u_6 [sDLA] Ends Rotation
u_6 [sDLA] - Completed Key Rotation
u_8 [Veor] Ends Rotation
u_8 [Veor] - Completed Key Rotation
u_1 [FU8g] Ends Rotation
u_1 [FU8g] - Completed Key Rotation
Executed 10 users / 10 success / 0 fail
Test 1: 4417ms (441 p.u.)
Test 2: 1ms (0 p.u.)
Test 3: 561ms (56 p.u.)
Test 4: 1660ms (166 p.u.)
