Waiting for an incoming message - Test 1 (inception)
Error while deserializing http message: Error("EOF while parsing a value", line: 1, column: 0)
	Preparing Data...
	Data is ready, starting users and test1
Incepted: u_1 [kC0S]
Incepted: u_3 [6pBg]
	Added [jm4C] as watcher for u_1 [kC0S]
Incepted: u_7 [gapw]
	Added [x5MO] as watcher for u_3 [6pBg]
	Added [2D85] as watcher for u_1 [kC0S]
Incepted: u_6 [tq71]
	Added [2D85] as watcher for u_7 [gapw]
Incepted: u_9 [MTJT]
Incepted: u_0 [eMHj]
Incepted: u_8 [qTKy]
Incepted: u_5 [RK7b]
	Added [2D85] as watcher for u_6 [tq71]
	Added [bivQ] as watcher for u_3 [6pBg]
Incepted: u_2 [Puf2]
Incepted: u_4 [CpSS]
	Added [bivQ] as watcher for u_1 [kC0S]
	Asking u_1 [kC0S]'s watchers to watch [TN-Y]
	Added [bivQ] as watcher for u_7 [gapw]
	Added [bivQ] as watcher for u_0 [eMHj]
	Added [bivQ] as watcher for u_9 [MTJT]
	Added [2D85] as watcher for u_3 [6pBg]
	Asking u_3 [6pBg]'s watchers to watch [TN-Y]
	Added [jm4C] as watcher for u_7 [gapw]
	Asking u_7 [gapw]'s watchers to watch [TN-Y]
	Added [2D85] as watcher for u_2 [Puf2]
	Added [bivQ] as watcher for u_8 [qTKy]
	Added [x5MO] as watcher for u_0 [eMHj]
	✅ u_1 [kC0S] Inception Done
	Added [bivQ] as watcher for u_4 [CpSS]
	Added [bivQ] as watcher for u_6 [tq71]
	Added [bivQ] as watcher for u_5 [RK7b]
	Added [jm4C] as watcher for u_9 [MTJT]
	Added [2D85] as watcher for u_9 [MTJT]
	Asking u_9 [MTJT]'s watchers to watch [TN-Y]
	Added [2D85] as watcher for u_8 [qTKy]
	Added [jm4C] as watcher for u_6 [tq71]
	Asking u_6 [tq71]'s watchers to watch [TN-Y]
	Added [jm4C] as watcher for u_0 [eMHj]
	Asking u_0 [eMHj]'s watchers to watch [TN-Y]
	Added [jm4C] as watcher for u_5 [RK7b]
	Added [x5MO] as watcher for u_4 [CpSS]
	Added [2D85] as watcher for u_4 [CpSS]
	Asking u_4 [CpSS]'s watchers to watch [TN-Y]
	Added [x5MO] as watcher for u_8 [qTKy]
	Asking u_8 [qTKy]'s watchers to watch [TN-Y]
	Added [bivQ] as watcher for u_2 [Puf2]
	Added [x5MO] as watcher for u_5 [RK7b]
	Asking u_5 [RK7b]'s watchers to watch [TN-Y]
	Added [x5MO] as watcher for u_2 [Puf2]
	Asking u_2 [Puf2]'s watchers to watch [TN-Y]
	✅ u_3 [6pBg] Inception Done
	✅ u_7 [gapw] Inception Done
	✅ u_6 [tq71] Inception Done
	✅ u_0 [eMHj] Inception Done
	✅ u_9 [MTJT] Inception Done
	✅ u_8 [qTKy] Inception Done
	✅ u_5 [RK7b] Inception Done
	✅ u_4 [CpSS] Inception Done
	✅ u_2 [Puf2] Inception Done
Test 2 (signature verification)
	✅ u_2 [Puf2] Message verified
	✅ u_4 [CpSS] Message verified
	✅ u_5 [RK7b] Message verified
	✅ u_6 [tq71] Message verified
	✅ u_3 [6pBg] Message verified
	✅ u_8 [qTKy] Message verified
	✅ u_1 [kC0S] Message verified
	✅ u_7 [gapw] Message verified
	✅ u_0 [eMHj] Message verified
	✅ u_9 [MTJT] Message verified
Waiting for an incoming message - Test 3 (signature verification after rotation of issuer)
	✅ u_6 [tq71] Message Verified (2)
	✅ u_1 [kC0S] Message Verified (2)
	✅ u_7 [gapw] Message Verified (2)
	✅ u_9 [MTJT] Message Verified (2)
	✅ u_3 [6pBg] Message Verified (2)
	✅ u_4 [CpSS] Message Verified (2)
	✅ u_8 [qTKy] Message Verified (2)
	✅ u_5 [RK7b] Message Verified (2)
	✅ u_2 [Puf2] Message Verified (2)
	✅ u_0 [eMHj] Message Verified (2)
Waiting for an incoming message - Test 4 (valid acdc credential)
skipped--
Waiting for an incoming message - Test 5 (acdc revocation)
skipped--
Waiting for an incoming message - Test 6
u_0 [eMHj] Starts Rotation
u_5 [RK7b] Starts Rotation
u_6 [tq71] Starts Rotation
u_7 [gapw] Starts Rotation
u_8 [qTKy] Starts Rotation
u_9 [MTJT] Starts Rotation
u_3 [6pBg] Starts Rotation
u_2 [Puf2] Starts Rotation
u_4 [CpSS] Starts Rotation
u_1 [kC0S] Starts Rotation
u_2 [Puf2] Ends Rotation
u_2 [Puf2] - Completed Key Rotation
u_0 [eMHj] Ends Rotation
u_0 [eMHj] - Completed Key Rotation
u_3 [6pBg] Ends Rotation
u_3 [6pBg] - Completed Key Rotation
u_4 [CpSS] Ends Rotation
u_4 [CpSS] - Completed Key Rotation
u_7 [gapw] Ends Rotation
u_7 [gapw] - Completed Key Rotation
u_1 [kC0S] Ends Rotation
u_1 [kC0S] - Completed Key Rotation
u_6 [tq71] Ends Rotation
u_6 [tq71] - Completed Key Rotation
u_5 [RK7b] Ends Rotation
u_5 [RK7b] - Completed Key Rotation
u_9 [MTJT] Ends Rotation
u_9 [MTJT] - Completed Key Rotation
u_8 [qTKy] Ends Rotation
u_8 [qTKy] - Completed Key Rotation
Executed 10 users / 10 success / 0 fail
Test 1: 9775ms (977 p.u.)
Test 2: 1ms (0 p.u.)
Test 3: 613ms (61 p.u.)
Test 4: 13326ms (1332 p.u.)
