Waiting for an incoming message - Test 1 (inception)
Error while deserializing http message: Error("EOF while parsing a value", line: 1, column: 0)
	Preparing Data...
	Data is ready, starting users and test1
Incepted: u_4 [FYoZ]
Incepted: u_1 [kbmB]
Incepted: u_0 [JThe]
Incepted: u_5 [ZWZ0]
Incepted: u_9 [MUR5]
	Added [bivQ] as watcher for u_4 [FYoZ]
Incepted: u_7 [-it4]
Incepted: u_6 [YD3T]
Incepted: u_8 [4IsR]
Incepted: u_2 [HtnZ]
Incepted: u_3 [ZpVq]
	Added [2D85] as watcher for u_1 [kbmB]
	Added [x5MO] as watcher for u_0 [JThe]
	Added [bivQ] as watcher for u_6 [YD3T]
	Added [x5MO] as watcher for u_5 [ZWZ0]
	Added [jm4C] as watcher for u_9 [MUR5]
	Added [jm4C] as watcher for u_4 [FYoZ]
	Added [jm4C] as watcher for u_7 [-it4]
	Added [jm4C] as watcher for u_2 [HtnZ]
	Added [jm4C] as watcher for u_8 [4IsR]
	Added [2D85] as watcher for u_3 [ZpVq]
	Added [bivQ] as watcher for u_7 [-it4]
	Added [2D85] as watcher for u_6 [YD3T]
	Added [x5MO] as watcher for u_1 [kbmB]
	Added [jm4C] as watcher for u_0 [JThe]
	Added [2D85] as watcher for u_5 [ZWZ0]
	Added [2D85] as watcher for u_9 [MUR5]
	Added [bivQ] as watcher for u_0 [JThe]
	Asking u_0 [JThe]'s watchers to watch [TN-Y]
	Added [x5MO] as watcher for u_4 [FYoZ]
	Asking u_4 [FYoZ]'s watchers to watch [TN-Y]
	Added [2D85] as watcher for u_8 [4IsR]
	Added [bivQ] as watcher for u_5 [ZWZ0]
	Asking u_5 [ZWZ0]'s watchers to watch [TN-Y]
	Added [x5MO] as watcher for u_2 [HtnZ]
	Added [x5MO] as watcher for u_3 [ZpVq]
	Added [x5MO] as watcher for u_7 [-it4]
	Asking u_7 [-it4]'s watchers to watch [TN-Y]
	Added [jm4C] as watcher for u_6 [YD3T]
	Asking u_6 [YD3T]'s watchers to watch [TN-Y]
	Added [bivQ] as watcher for u_9 [MUR5]
	Asking u_9 [MUR5]'s watchers to watch [TN-Y]
	Added [jm4C] as watcher for u_1 [kbmB]
	Asking u_1 [kbmB]'s watchers to watch [TN-Y]
	Added [bivQ] as watcher for u_3 [ZpVq]
	Asking u_3 [ZpVq]'s watchers to watch [TN-Y]
	Added [x5MO] as watcher for u_8 [4IsR]
	Asking u_8 [4IsR]'s watchers to watch [TN-Y]
	Added [2D85] as watcher for u_2 [HtnZ]
	Asking u_2 [HtnZ]'s watchers to watch [TN-Y]
	✅ u_4 [FYoZ] Inception Done
	✅ u_0 [JThe] Inception Done
	✅ u_6 [YD3T] Inception Done
	✅ u_5 [ZWZ0] Inception Done
	✅ u_7 [-it4] Inception Done
	✅ u_9 [MUR5] Inception Done
	✅ u_1 [kbmB] Inception Done
	✅ u_3 [ZpVq] Inception Done
	✅ u_8 [4IsR] Inception Done
	✅ u_2 [HtnZ] Inception Done
Test 2 (signature verification)
	✅ u_2 [HtnZ] Message verified
	✅ u_1 [kbmB] Message verified
	✅ u_8 [4IsR] Message verified
	✅ u_5 [ZWZ0] Message verified
	✅ u_3 [ZpVq] Message verified
	✅ u_9 [MUR5] Message verified
	✅ u_0 [JThe] Message verified
	✅ u_4 [FYoZ] Message verified
	✅ u_6 [YD3T] Message verified
	✅ u_7 [-it4] Message verified
Waiting for an incoming message - Test 3 (signature verification after rotation of issuer)
	✅ u_3 [ZpVq] Message Verified (2)
	✅ u_5 [ZWZ0] Message Verified (2)
	✅ u_4 [FYoZ] Message Verified (2)
	✅ u_0 [JThe] Message Verified (2)
	✅ u_1 [kbmB] Message Verified (2)
	✅ u_7 [-it4] Message Verified (2)
	✅ u_8 [4IsR] Message Verified (2)
	✅ u_9 [MUR5] Message Verified (2)
	✅ u_2 [HtnZ] Message Verified (2)
	✅ u_6 [YD3T] Message Verified (2)
Waiting for an incoming message - Test 4 (valid acdc credential)
skipped--
Waiting for an incoming message - Test 5 (acdc revocation)
skipped--
Waiting for an incoming message - Test 6
u_6 [YD3T] Starts Rotation
u_5 [ZWZ0] Starts Rotation
u_8 [4IsR] Starts Rotation
u_9 [MUR5] Starts Rotation
u_0 [JThe] Starts Rotation
u_2 [HtnZ] Starts Rotation
u_3 [ZpVq] Starts Rotation
u_7 [-it4] Starts Rotation
u_4 [FYoZ] Starts Rotation
u_1 [kbmB] Starts Rotation
u_0 [JThe] Ends Rotation
u_0 [JThe] - Completed Key Rotation
u_9 [MUR5] Ends Rotation
u_9 [MUR5] - Completed Key Rotation
u_7 [-it4] Ends Rotation
u_7 [-it4] - Completed Key Rotation
u_1 [kbmB] Ends Rotation
u_1 [kbmB] - Completed Key Rotation
u_5 [ZWZ0] Ends Rotation
u_5 [ZWZ0] - Completed Key Rotation
u_4 [FYoZ] Ends Rotation
u_4 [FYoZ] - Completed Key Rotation
u_6 [YD3T] Ends Rotation
u_6 [YD3T] - Completed Key Rotation
u_3 [ZpVq] Ends Rotation
u_3 [ZpVq] - Completed Key Rotation
u_8 [4IsR] Ends Rotation
u_8 [4IsR] - Completed Key Rotation
u_2 [HtnZ] Ends Rotation
u_2 [HtnZ] - Completed Key Rotation
Executed 10 users / 10 success / 0 fail
Test 1: 4982ms (498 p.u.)
Test 2: 1ms (0 p.u.)
Test 3: 620ms (62 p.u.)
Test 4: 1941ms (194 p.u.)
