Waiting for an incoming message - Test 1 (inception)
Error while deserializing http message: Error("EOF while parsing a value", line: 1, column: 0)
	Preparing Data...
	Data is ready, starting users and test1
Incepted: u_3 [DDlp]
Incepted: u_4 [2N4O]
Incepted: u_7 [6A4h]
Incepted: u_9 [st1X]
Incepted: u_0 [bsDh]
Incepted: u_5 [HBIq]
Incepted: u_1 [GkAY]
	Added [jm4C] as watcher for u_4 [2N4O]
Incepted: u_6 [vqZ1]
	Added [x5MO] as watcher for u_9 [st1X]
Incepted: u_2 [iIe2]
Incepted: u_8 [CosH]
	Added [bivQ] as watcher for u_3 [DDlp]
	Added [jm4C] as watcher for u_7 [6A4h]
	Added [x5MO] as watcher for u_1 [GkAY]
	Added [bivQ] as watcher for u_0 [bsDh]
	Added [2D85] as watcher for u_3 [DDlp]
	Added [2D85] as watcher for u_8 [CosH]
	Added [x5MO] as watcher for u_2 [iIe2]
	Added [bivQ] as watcher for u_5 [HBIq]
	Added [jm4C] as watcher for u_9 [st1X]
	Added [bivQ] as watcher for u_4 [2N4O]
	Added [bivQ] as watcher for u_6 [vqZ1]
	Added [2D85] as watcher for u_1 [GkAY]
	Added [bivQ] as watcher for u_7 [6A4h]
	Added [jm4C] as watcher for u_0 [bsDh]
	Added [2D85] as watcher for u_2 [iIe2]
	Added [jm4C] as watcher for u_8 [CosH]
	Added [jm4C] as watcher for u_3 [DDlp]
	Asking u_3 [DDlp]'s watchers to watch [TN-Y]
	Added [x5MO] as watcher for u_5 [HBIq]
	Added [2D85] as watcher for u_4 [2N4O]
	Asking u_4 [2N4O]'s watchers to watch [TN-Y]
	Added [jm4C] as watcher for u_6 [vqZ1]
	Added [jm4C] as watcher for u_1 [GkAY]
	Asking u_1 [GkAY]'s watchers to watch [TN-Y]
	Added [x5MO] as watcher for u_7 [6A4h]
	Asking u_7 [6A4h]'s watchers to watch [TN-Y]
	Added [x5MO] as watcher for u_0 [bsDh]
	Asking u_0 [bsDh]'s watchers to watch [TN-Y]
	Added [bivQ] as watcher for u_9 [st1X]
	Asking u_9 [st1X]'s watchers to watch [TN-Y]
	Added [2D85] as watcher for u_5 [HBIq]
	Asking u_5 [HBIq]'s watchers to watch [TN-Y]
	Added [bivQ] as watcher for u_8 [CosH]
	Asking u_8 [CosH]'s watchers to watch [TN-Y]
	Added [bivQ] as watcher for u_2 [iIe2]
	Asking u_2 [iIe2]'s watchers to watch [TN-Y]
	Added [x5MO] as watcher for u_6 [vqZ1]
	Asking u_6 [vqZ1]'s watchers to watch [TN-Y]
	✅ u_4 [2N4O] Inception Done
	✅ u_7 [6A4h] Inception Done
	✅ u_1 [GkAY] Inception Done
	✅ u_3 [DDlp] Inception Done
	✅ u_9 [st1X] Inception Done
	✅ u_5 [HBIq] Inception Done
	✅ u_0 [bsDh] Inception Done
	✅ u_8 [CosH] Inception Done
	✅ u_6 [vqZ1] Inception Done
	✅ u_2 [iIe2] Inception Done
Test 2 (signature verification)
	✅ u_5 [HBIq] Message verified
	✅ u_2 [iIe2] Message verified
	✅ u_9 [st1X] Message verified
	✅ u_3 [DDlp] Message verified
	✅ u_6 [vqZ1] Message verified
	✅ u_1 [GkAY] Message verified
	✅ u_8 [CosH] Message verified
	✅ u_0 [bsDh] Message verified
	✅ u_7 [6A4h] Message verified
	✅ u_4 [2N4O] Message verified
Waiting for an incoming message - Test 3 (signature verification after rotation of issuer)
	✅ u_1 [GkAY] Message Verified (2)
	✅ u_6 [vqZ1] Message Verified (2)
	✅ u_4 [2N4O] Message Verified (2)
	✅ u_9 [st1X] Message Verified (2)
	✅ u_0 [bsDh] Message Verified (2)
	✅ u_5 [HBIq] Message Verified (2)
	✅ u_7 [6A4h] Message Verified (2)
	✅ u_3 [DDlp] Message Verified (2)
	✅ u_8 [CosH] Message Verified (2)
	✅ u_2 [iIe2] Message Verified (2)
Waiting for an incoming message - Test 4 (valid acdc credential)
skipped--
Waiting for an incoming message - Test 5 (acdc revocation)
skipped--
Waiting for an incoming message - Test 6
u_2 [iIe2] Starts Rotation
u_5 [HBIq] Starts Rotation
u_0 [bsDh] Starts Rotation
u_9 [st1X] Starts Rotation
u_8 [CosH] Starts Rotation
u_3 [DDlp] Starts Rotation
u_7 [6A4h] Starts Rotation
u_4 [2N4O] Starts Rotation
u_6 [vqZ1] Starts Rotation
u_1 [GkAY] Starts Rotation
u_4 [2N4O] Ends Rotation
u_4 [2N4O] - Completed Key Rotation
u_3 [DDlp] Ends Rotation
u_3 [DDlp] - Completed Key Rotation
u_2 [iIe2] Ends Rotation
u_2 [iIe2] - Completed Key Rotation
u_9 [st1X] Ends Rotation
u_9 [st1X] - Completed Key Rotation
u_7 [6A4h] Ends Rotation
u_7 [6A4h] - Completed Key Rotation
u_0 [bsDh] Ends Rotation
u_0 [bsDh] - Completed Key Rotation
u_1 [GkAY] Ends Rotation
u_1 [GkAY] - Completed Key Rotation
u_5 [HBIq] Ends Rotation
u_5 [HBIq] - Completed Key Rotation
u_8 [CosH] Ends Rotation
u_8 [CosH] - Completed Key Rotation
u_6 [vqZ1] Ends Rotation
u_6 [vqZ1] - Completed Key Rotation
Executed 10 users / 10 success / 0 fail
Test 1: 5312ms (531 p.u.)
Test 2: 1ms (0 p.u.)
Test 3: 573ms (57 p.u.)
Test 4: 8113ms (811 p.u.)
