Waiting for an incoming message - Test 1 (inception)
Error while deserializing http message: Error("EOF while parsing a value", line: 1, column: 0)
	Preparing Data...
	Data is ready, starting users and test1
Incepted: u_9 [6ACg]
Incepted: u_2 [YqOH]
Incepted: u_4 [4_YW]
Incepted: u_0 [5Ds6]
Incepted: u_3 [Umiv]
Incepted: u_8 [NbRd]
	Added [bivQ] as watcher for u_2 [YqOH]
	Added [2D85] as watcher for u_4 [4_YW]
Incepted: u_6 [J-om]
	Added [jm4C] as watcher for u_9 [6ACg]
Incepted: u_5 [OfxA]
Incepted: u_7 [8HWG]
	Added [2D85] as watcher for u_0 [5Ds6]
Incepted: u_1 [N9JF]
	Added [jm4C] as watcher for u_3 [Umiv]
	Added [x5MO] as watcher for u_2 [YqOH]
	Added [jm4C] as watcher for u_5 [OfxA]
	Added [x5MO] as watcher for u_4 [4_YW]
	Added [jm4C] as watcher for u_7 [8HWG]
	Added [bivQ] as watcher for u_8 [NbRd]
	Added [bivQ] as watcher for u_6 [J-om]
	Added [jm4C] as watcher for u_2 [YqOH]
	Asking u_2 [YqOH]'s watchers to watch [TN-Y]
	Added [bivQ] as watcher for u_0 [5Ds6]
	Added [bivQ] as watcher for u_1 [N9JF]
	Added [2D85] as watcher for u_8 [NbRd]
	Added [bivQ] as watcher for u_5 [OfxA]
	Added [bivQ] as watcher for u_7 [8HWG]
	Added [x5MO] as watcher for u_6 [J-om]
	Added [bivQ] as watcher for u_3 [Umiv]
	Added [2D85] as watcher for u_1 [N9JF]
	Added [x5MO] as watcher for u_9 [6ACg]
	Added [x5MO] as watcher for u_0 [5Ds6]
	Asking u_0 [5Ds6]'s watchers to watch [TN-Y]
	Added [bivQ] as watcher for u_4 [4_YW]
	Asking u_4 [4_YW]'s watchers to watch [TN-Y]
	Added [jm4C] as watcher for u_8 [NbRd]
	Asking u_8 [NbRd]'s watchers to watch [TN-Y]
	Added [2D85] as watcher for u_5 [OfxA]
	Asking u_5 [OfxA]'s watchers to watch [TN-Y]
	Added [2D85] as watcher for u_7 [8HWG]
	Asking u_7 [8HWG]'s watchers to watch [TN-Y]
	Added [2D85] as watcher for u_9 [6ACg]
	Asking u_9 [6ACg]'s watchers to watch [TN-Y]
	Added [jm4C] as watcher for u_6 [J-om]
	Asking u_6 [J-om]'s watchers to watch [TN-Y]
	Added [2D85] as watcher for u_3 [Umiv]
	Asking u_3 [Umiv]'s watchers to watch [TN-Y]
	Added [jm4C] as watcher for u_1 [N9JF]
	Asking u_1 [N9JF]'s watchers to watch [TN-Y]
	✅ u_2 [YqOH] Inception Done
	✅ u_8 [NbRd] Inception Done
	✅ u_1 [N9JF] Inception Done
	✅ u_4 [4_YW] Inception Done
	✅ u_0 [5Ds6] Inception Done
	✅ u_5 [OfxA] Inception Done
	✅ u_7 [8HWG] Inception Done
	✅ u_6 [J-om] Inception Done
	✅ u_9 [6ACg] Inception Done
	✅ u_3 [Umiv] Inception Done
Test 2 (signature verification)
	✅ u_3 [Umiv] Message verified
	✅ u_5 [OfxA] Message verified
	✅ u_6 [J-om] Message verified
	✅ u_7 [8HWG] Message verified
	✅ u_9 [6ACg] Message verified
	✅ u_1 [N9JF] Message verified
	✅ u_2 [YqOH] Message verified
	✅ u_0 [5Ds6] Message verified
	✅ u_4 [4_YW] Message verified
	✅ u_8 [NbRd] Message verified
Waiting for an incoming message - Test 3 (signature verification after rotation of issuer)
	✅ u_1 [N9JF] Message Verified (2)
	✅ u_9 [6ACg] Message Verified (2)
	✅ u_3 [Umiv] Message Verified (2)
	✅ u_0 [5Ds6] Message Verified (2)
	✅ u_8 [NbRd] Message Verified (2)
	✅ u_7 [8HWG] Message Verified (2)
	✅ u_5 [OfxA] Message Verified (2)
	✅ u_2 [YqOH] Message Verified (2)
	✅ u_4 [4_YW] Message Verified (2)
	✅ u_6 [J-om] Message Verified (2)
Waiting for an incoming message - Test 4 (valid acdc credential)
skipped--
Waiting for an incoming message - Test 5 (acdc revocation)
skipped--
Waiting for an incoming message - Test 6
u_0 [5Ds6] Starts Rotation
u_5 [OfxA] Starts Rotation
u_9 [6ACg] Starts Rotation
u_7 [8HWG] Starts Rotation
u_3 [Umiv] Starts Rotation
u_8 [NbRd] Starts Rotation
u_1 [N9JF] Starts Rotation
u_2 [YqOH] Starts Rotation
u_4 [4_YW] Starts Rotation
u_6 [J-om] Starts Rotation
u_3 [Umiv] Ends Rotation
u_3 [Umiv] - Completed Key Rotation
u_9 [6ACg] Ends Rotation
u_9 [6ACg] - Completed Key Rotation
u_1 [N9JF] Ends Rotation
u_1 [N9JF] - Completed Key Rotation
u_0 [5Ds6] Ends Rotation
u_0 [5Ds6] - Completed Key Rotation
u_8 [NbRd] Ends Rotation
u_8 [NbRd] - Completed Key Rotation
u_4 [4_YW] Ends Rotation
u_4 [4_YW] - Completed Key Rotation
u_6 [J-om] Ends Rotation
u_6 [J-om] - Completed Key Rotation
u_2 [YqOH] Ends Rotation
u_2 [YqOH] - Completed Key Rotation
u_5 [OfxA] Ends Rotation
u_5 [OfxA] - Completed Key Rotation
u_7 [8HWG] Ends Rotation
u_7 [8HWG] - Completed Key Rotation
Executed 10 users / 10 success / 0 fail
Test 1: 11007ms (1100 p.u.)
Test 2: 1ms (0 p.u.)
Test 3: 829ms (82 p.u.)
Test 4: 13926ms (1392 p.u.)
