Waiting for an incoming message - Test 1 (inception)
Error while deserializing http message: Error("EOF while parsing a value", line: 1, column: 0)
	Preparing Data...
	Data is ready, starting users and test1
Incepted: u_3 [L7pi]
Incepted: u_8 [FSv3]
Incepted: u_2 [F5A4]
Incepted: u_6 [ziLu]
Incepted: u_1 [_Mxx]
Incepted: u_4 [OXLU]
Incepted: u_5 [U-sj]
Incepted: u_0 [lZ8R]
Incepted: u_7 [3lQP]
Incepted: u_9 [OUXM]
	Added [2D85] as watcher for u_3 [L7pi]
	Added [2D85] as watcher for u_6 [ziLu]
	Added [2D85] as watcher for u_2 [F5A4]
	Added [jm4C] as watcher for u_8 [FSv3]
	Added [bivQ] as watcher for u_4 [OXLU]
	Added [bivQ] as watcher for u_0 [lZ8R]
	Added [2D85] as watcher for u_1 [_Mxx]
	Added [bivQ] as watcher for u_5 [U-sj]
	Added [jm4C] as watcher for u_7 [3lQP]
	Added [bivQ] as watcher for u_2 [F5A4]
	Added [jm4C] as watcher for u_9 [OUXM]
	Added [jm4C] as watcher for u_3 [L7pi]
	Added [2D85] as watcher for u_0 [lZ8R]
	Added [jm4C] as watcher for u_6 [ziLu]
	Added [x5MO] as watcher for u_8 [FSv3]
	Added [x5MO] as watcher for u_4 [OXLU]
	Added [jm4C] as watcher for u_5 [U-sj]
	Added [bivQ] as watcher for u_9 [OUXM]
	Added [jm4C] as watcher for u_1 [_Mxx]
	Added [x5MO] as watcher for u_7 [3lQP]
	Added [bivQ] as watcher for u_3 [L7pi]
	Asking u_3 [L7pi]'s watchers to watch [TN-Y]
	Added [x5MO] as watcher for u_2 [F5A4]
	Asking u_2 [F5A4]'s watchers to watch [TN-Y]
	Added [x5MO] as watcher for u_6 [ziLu]
	Asking u_6 [ziLu]'s watchers to watch [TN-Y]
	Added [2D85] as watcher for u_4 [OXLU]
	Asking u_4 [OXLU]'s watchers to watch [TN-Y]
	Added [2D85] as watcher for u_8 [FSv3]
	Asking u_8 [FSv3]'s watchers to watch [TN-Y]
	Added [x5MO] as watcher for u_0 [lZ8R]
	Asking u_0 [lZ8R]'s watchers to watch [TN-Y]
	Added [2D85] as watcher for u_9 [OUXM]
	Asking u_9 [OUXM]'s watchers to watch [TN-Y]
	Added [x5MO] as watcher for u_1 [_Mxx]
	Asking u_1 [_Mxx]'s watchers to watch [TN-Y]
	Added [2D85] as watcher for u_7 [3lQP]
	Asking u_7 [3lQP]'s watchers to watch [TN-Y]
	Added [2D85] as watcher for u_5 [U-sj]
	Asking u_5 [U-sj]'s watchers to watch [TN-Y]
	✅ u_3 [L7pi] Inception Done
	✅ u_2 [F5A4] Inception Done
	✅ u_4 [OXLU] Inception Done
	✅ u_6 [ziLu] Inception Done
	✅ u_8 [FSv3] Inception Done
	✅ u_5 [U-sj] Inception Done
	✅ u_0 [lZ8R] Inception Done
	✅ u_7 [3lQP] Inception Done
	✅ u_9 [OUXM] Inception Done
	✅ u_1 [_Mxx] Inception Done
Test 2 (signature verification)
	✅ u_1 [_Mxx] Message verified
	✅ u_8 [FSv3] Message verified
	✅ u_7 [3lQP] Message verified
	✅ u_3 [L7pi] Message verified
	✅ u_5 [U-sj] Message verified
	✅ u_4 [OXLU] Message verified
	✅ u_2 [F5A4] Message verified
	✅ u_9 [OUXM] Message verified
	✅ u_6 [ziLu] Message verified
	✅ u_0 [lZ8R] Message verified
Waiting for an incoming message - Test 3 (signature verification after rotation of issuer)
	✅ u_7 [3lQP] Message Verified (2)
	✅ u_0 [lZ8R] Message Verified (2)
	✅ u_2 [F5A4] Message Verified (2)
	✅ u_4 [OXLU] Message Verified (2)
	✅ u_9 [OUXM] Message Verified (2)
	✅ u_1 [_Mxx] Message Verified (2)
	✅ u_6 [ziLu] Message Verified (2)
	✅ u_5 [U-sj] Message Verified (2)
	✅ u_3 [L7pi] Message Verified (2)
	✅ u_8 [FSv3] Message Verified (2)
Waiting for an incoming message - Test 4 (valid acdc credential)
skipped--
Waiting for an incoming message - Test 5 (acdc revocation)
skipped--
Waiting for an incoming message - Test 6
u_9 [OUXM] Starts Rotation
u_0 [lZ8R] Starts Rotation
u_7 [3lQP] Starts Rotation
u_5 [U-sj] Starts Rotation
u_4 [OXLU] Starts Rotation
u_8 [FSv3] Starts Rotation
u_3 [L7pi] Starts Rotation
u_2 [F5A4] Starts Rotation
u_6 [ziLu] Starts Rotation
u_1 [_Mxx] Starts Rotation
u_3 [L7pi] Ends Rotation
u_3 [L7pi] - Completed Key Rotation
u_8 [FSv3] Ends Rotation
u_8 [FSv3] - Completed Key Rotation
u_1 [_Mxx] Ends Rotation
u_1 [_Mxx] - Completed Key Rotation
u_2 [F5A4] Ends Rotation
u_2 [F5A4] - Completed Key Rotation
u_6 [ziLu] Ends Rotation
u_6 [ziLu] - Completed Key Rotation
u_9 [OUXM] Ends Rotation
u_9 [OUXM] - Completed Key Rotation
u_0 [lZ8R] Ends Rotation
u_0 [lZ8R] - Completed Key Rotation
u_5 [U-sj] Ends Rotation
u_5 [U-sj] - Completed Key Rotation
u_7 [3lQP] Ends Rotation
u_7 [3lQP] - Completed Key Rotation
u_4 [OXLU] Ends Rotation
u_4 [OXLU] - Completed Key Rotation
Executed 10 users / 10 success / 0 fail
Test 1: 5924ms (592 p.u.)
Test 2: 1ms (0 p.u.)
Test 3: 763ms (76 p.u.)
Test 4: 2266ms (226 p.u.)
