Waiting for an incoming message - Test 1 (inception)
Error while deserializing http message: Error("EOF while parsing a value", line: 1, column: 0)
	Preparing Data...
	Data is ready, starting users and test1
Incepted: u_7 [NsVl]
	Added [jm4C] as watcher for u_7 [NsVl]
Incepted: u_6 [rZ4E]
	Added [2D85] as watcher for u_6 [rZ4E]
	Added [x5MO] as watcher for u_7 [NsVl]
Incepted: u_8 [ZnDJ]
Incepted: u_0 [JI7Z]
	Added [x5MO] as watcher for u_6 [rZ4E]
	Added [bivQ] as watcher for u_7 [NsVl]
	Asking u_7 [NsVl]'s watchers to watch [TN-Y]
	Added [jm4C] as watcher for u_8 [ZnDJ]
Incepted: u_4 [j8yo]
	Added [bivQ] as watcher for u_0 [JI7Z]
	Added [bivQ] as watcher for u_6 [rZ4E]
	Asking u_6 [rZ4E]'s watchers to watch [TN-Y]
	Added [2D85] as watcher for u_4 [j8yo]
	Added [2D85] as watcher for u_8 [ZnDJ]
Incepted: u_3 [0EJr]
	Added [2D85] as watcher for u_0 [JI7Z]
Incepted: u_2 [Ton_]
Incepted: u_9 [AxbW]
	Added [x5MO] as watcher for u_3 [0EJr]
	Added [2D85] as watcher for u_2 [Ton_]
	Added [bivQ] as watcher for u_4 [j8yo]
	Added [bivQ] as watcher for u_8 [ZnDJ]
	Asking u_8 [ZnDJ]'s watchers to watch [TN-Y]
Incepted: u_1 [vy4-]
Incepted: u_5 [r3aS]
	Added [jm4C] as watcher for u_0 [JI7Z]
	Asking u_0 [JI7Z]'s watchers to watch [TN-Y]
	Added [2D85] as watcher for u_3 [0EJr]
	Added [jm4C] as watcher for u_9 [AxbW]
	Added [x5MO] as watcher for u_2 [Ton_]
	Added [x5MO] as watcher for u_4 [j8yo]
	Asking u_4 [j8yo]'s watchers to watch [TN-Y]
	✅ u_7 [NsVl] Inception Done
	Added [2D85] as watcher for u_9 [AxbW]
	Added [jm4C] as watcher for u_5 [r3aS]
	Added [jm4C] as watcher for u_1 [vy4-]
	Added [bivQ] as watcher for u_3 [0EJr]
	Asking u_3 [0EJr]'s watchers to watch [TN-Y]
	Added [jm4C] as watcher for u_2 [Ton_]
	Asking u_2 [Ton_]'s watchers to watch [TN-Y]
	Added [x5MO] as watcher for u_9 [AxbW]
	Asking u_9 [AxbW]'s watchers to watch [TN-Y]
	Added [2D85] as watcher for u_5 [r3aS]
	Added [2D85] as watcher for u_1 [vy4-]
	✅ u_6 [rZ4E] Inception Done
	✅ u_0 [JI7Z] Inception Done
	Added [x5MO] as watcher for u_1 [vy4-]
	Asking u_1 [vy4-]'s watchers to watch [TN-Y]
	✅ u_4 [j8yo] Inception Done
	✅ u_8 [ZnDJ] Inception Done
	Added [bivQ] as watcher for u_5 [r3aS]
	Asking u_5 [r3aS]'s watchers to watch [TN-Y]
	✅ u_2 [Ton_] Inception Done
	✅ u_3 [0EJr] Inception Done
	✅ u_1 [vy4-] Inception Done
	✅ u_9 [AxbW] Inception Done
	✅ u_5 [r3aS] Inception Done
Test 2 (signature verification)
	✅ u_5 [r3aS] Message verified
	✅ u_6 [rZ4E] Message verified
	✅ u_3 [0EJr] Message verified
	✅ u_0 [JI7Z] Message verified
	✅ u_8 [ZnDJ] Message verified
	✅ u_2 [Ton_] Message verified
	✅ u_1 [vy4-] Message verified
	✅ u_7 [NsVl] Message verified
	✅ u_9 [AxbW] Message verified
	✅ u_4 [j8yo] Message verified
Waiting for an incoming message - Test 3 (signature verification after rotation of issuer)
	✅ u_2 [Ton_] Message Verified (2)
	✅ u_9 [AxbW] Message Verified (2)
	✅ u_1 [vy4-] Message Verified (2)
	✅ u_5 [r3aS] Message Verified (2)
	✅ u_6 [rZ4E] Message Verified (2)
	✅ u_8 [ZnDJ] Message Verified (2)
	✅ u_3 [0EJr] Message Verified (2)
	✅ u_0 [JI7Z] Message Verified (2)
	✅ u_4 [j8yo] Message Verified (2)
	✅ u_7 [NsVl] Message Verified (2)
Waiting for an incoming message - Test 4 (valid acdc credential)
skipped--
Waiting for an incoming message - Test 5 (acdc revocation)
skipped--
Waiting for an incoming message - Test 6
u_5 [r3aS] Starts Rotation
u_4 [j8yo] Starts Rotation
u_7 [NsVl] Starts Rotation
u_1 [vy4-] Starts Rotation
u_2 [Ton_] Starts Rotation
u_3 [0EJr] Starts Rotation
u_8 [ZnDJ] Starts Rotation
u_0 [JI7Z] Starts Rotation
u_9 [AxbW] Starts Rotation
u_6 [rZ4E] Starts Rotation
u_0 [JI7Z] Ends Rotation
u_0 [JI7Z] - Completed Key Rotation
u_9 [AxbW] Ends Rotation
u_9 [AxbW] - Completed Key Rotation
u_7 [NsVl] Ends Rotation
u_7 [NsVl] - Completed Key Rotation
u_3 [0EJr] Ends Rotation
u_3 [0EJr] - Completed Key Rotation
u_6 [rZ4E] Ends Rotation
u_6 [rZ4E] - Completed Key Rotation
u_5 [r3aS] Ends Rotation
u_5 [r3aS] - Completed Key Rotation
u_1 [vy4-] Ends Rotation
u_1 [vy4-] - Completed Key Rotation
u_8 [ZnDJ] Ends Rotation
u_8 [ZnDJ] - Completed Key Rotation
u_2 [Ton_] Ends Rotation
u_2 [Ton_] - Completed Key Rotation
u_4 [j8yo] Ends Rotation
u_4 [j8yo] - Completed Key Rotation
Executed 10 users / 10 success / 0 fail
Test 1: 5721ms (572 p.u.)
Test 2: 1ms (0 p.u.)
Test 3: 595ms (59 p.u.)
Test 4: 13688ms (1368 p.u.)
