Waiting for an incoming message - Test 1 (inception)
Error while deserializing http message: Error("EOF while parsing a value", line: 1, column: 0)
	Preparing Data...
	Data is ready, starting users and test1
Incepted: u_7 [T9Mo]
Incepted: u_0 [07S2]
Incepted: u_4 [-xG5]
Incepted: u_5 [E1cB]
Incepted: u_1 [cOaQ]
Incepted: u_8 [CIES]
Incepted: u_2 [uKRj]
Incepted: u_6 [ofRG]
Incepted: u_3 [NSoG]
Incepted: u_9 [PMle]
	Added [bivQ] as watcher for u_6 [ofRG]
	Added [bivQ] as watcher for u_1 [cOaQ]
	Added [2D85] as watcher for u_4 [-xG5]
	Added [x5MO] as watcher for u_7 [T9Mo]
	Added [x5MO] as watcher for u_0 [07S2]
	Added [x5MO] as watcher for u_5 [E1cB]
	Added [2D85] as watcher for u_8 [CIES]
	Added [jm4C] as watcher for u_2 [uKRj]
	Added [jm4C] as watcher for u_3 [NSoG]
	Added [bivQ] as watcher for u_7 [T9Mo]
	Added [bivQ] as watcher for u_5 [E1cB]
	Added [bivQ] as watcher for u_0 [07S2]
	Added [x5MO] as watcher for u_9 [PMle]
	Added [bivQ] as watcher for u_2 [uKRj]
	Added [x5MO] as watcher for u_6 [ofRG]
	Added [jm4C] as watcher for u_4 [-xG5]
	Added [jm4C] as watcher for u_1 [cOaQ]
	Added [x5MO] as watcher for u_8 [CIES]
	Added [bivQ] as watcher for u_4 [-xG5]
	Asking u_4 [-xG5]'s watchers to watch [TN-Y]
	Added [2D85] as watcher for u_3 [NSoG]
	Added [2D85] as watcher for u_9 [PMle]
	Added [2D85] as watcher for u_6 [ofRG]
	Asking u_6 [ofRG]'s watchers to watch [TN-Y]
	Added [jm4C] as watcher for u_0 [07S2]
	Asking u_0 [07S2]'s watchers to watch [TN-Y]
	Added [jm4C] as watcher for u_5 [E1cB]
	Asking u_5 [E1cB]'s watchers to watch [TN-Y]
	Added [jm4C] as watcher for u_7 [T9Mo]
	Asking u_7 [T9Mo]'s watchers to watch [TN-Y]
	Added [x5MO] as watcher for u_2 [uKRj]
	Asking u_2 [uKRj]'s watchers to watch [TN-Y]
	Added [bivQ] as watcher for u_8 [CIES]
	Asking u_8 [CIES]'s watchers to watch [TN-Y]
	Added [x5MO] as watcher for u_1 [cOaQ]
	Asking u_1 [cOaQ]'s watchers to watch [TN-Y]
	Added [bivQ] as watcher for u_9 [PMle]
	Asking u_9 [PMle]'s watchers to watch [TN-Y]
	Added [bivQ] as watcher for u_3 [NSoG]
	Asking u_3 [NSoG]'s watchers to watch [TN-Y]
	✅ u_4 [-xG5] Inception Done
	✅ u_7 [T9Mo] Inception Done
	✅ u_6 [ofRG] Inception Done
	✅ u_5 [E1cB] Inception Done
	✅ u_0 [07S2] Inception Done
	✅ u_8 [CIES] Inception Done
	✅ u_1 [cOaQ] Inception Done
	✅ u_2 [uKRj] Inception Done
	✅ u_9 [PMle] Inception Done
	✅ u_3 [NSoG] Inception Done
Test 2 (signature verification)
	✅ u_3 [NSoG] Message verified
	✅ u_8 [CIES] Message verified
	✅ u_6 [ofRG] Message verified
	✅ u_0 [07S2] Message verified
	✅ u_9 [PMle] Message verified
	✅ u_2 [uKRj] Message verified
	✅ u_5 [E1cB] Message verified
	✅ u_7 [T9Mo] Message verified
	✅ u_1 [cOaQ] Message verified
	✅ u_4 [-xG5] Message verified
Waiting for an incoming message - Test 3 (signature verification after rotation of issuer)
	✅ u_0 [07S2] Message Verified (2)
	✅ u_5 [E1cB] Message Verified (2)
	✅ u_4 [-xG5] Message Verified (2)
	✅ u_6 [ofRG] Message Verified (2)
	✅ u_8 [CIES] Message Verified (2)
	✅ u_1 [cOaQ] Message Verified (2)
	✅ u_2 [uKRj] Message Verified (2)
	✅ u_9 [PMle] Message Verified (2)
	✅ u_3 [NSoG] Message Verified (2)
	✅ u_7 [T9Mo] Message Verified (2)
Waiting for an incoming message - Test 4 (valid acdc credential)
skipped--
Waiting for an incoming message - Test 5 (acdc revocation)
skipped--
Waiting for an incoming message - Test 6
u_7 [T9Mo] Starts Rotation
u_8 [CIES] Starts Rotation
u_5 [E1cB] Starts Rotation
u_6 [ofRG] Starts Rotation
u_3 [NSoG] Starts Rotation
u_9 [PMle] Starts Rotation
u_0 [07S2] Starts Rotation
u_1 [cOaQ] Starts Rotation
u_2 [uKRj] Starts Rotation
u_4 [-xG5] Starts Rotation
u_6 [ofRG] Ends Rotation
u_6 [ofRG] - Completed Key Rotation
u_7 [T9Mo] Ends Rotation
u_7 [T9Mo] - Completed Key Rotation
u_0 [07S2] Ends Rotation
u_0 [07S2] - Completed Key Rotation
u_4 [-xG5] Ends Rotation
u_4 [-xG5] - Completed Key Rotation
u_2 [uKRj] Ends Rotation
u_2 [uKRj] - Completed Key Rotation
u_8 [CIES] Ends Rotation
u_8 [CIES] - Completed Key Rotation
u_5 [E1cB] Ends Rotation
u_5 [E1cB] - Completed Key Rotation
u_3 [NSoG] Ends Rotation
u_3 [NSoG] - Completed Key Rotation
u_9 [PMle] Ends Rotation
u_9 [PMle] - Completed Key Rotation
u_1 [cOaQ] Ends Rotation
u_1 [cOaQ] - Completed Key Rotation
Executed 10 users / 10 success / 0 fail
Test 1: 5390ms (539 p.u.)
Test 2: 1ms (0 p.u.)
Test 3: 700ms (70 p.u.)
Test 4: 2408ms (240 p.u.)
