Waiting for an incoming message - Test 1 (inception)
Error while deserializing http message: Error("EOF while parsing a value", line: 1, column: 0)
	Preparing Data...
	Data is ready, starting users and test1
Incepted: u_9 [nwLC]
Incepted: u_4 [XUVT]
	Added [x5MO] as watcher for u_4 [XUVT]
Incepted: u_5 [BoO4]
Incepted: u_8 [r3-_]
	Added [bivQ] as watcher for u_9 [nwLC]
Incepted: u_6 [4hMD]
Incepted: u_0 [eXh-]
Incepted: u_2 [ZArp]
Incepted: u_1 [GY20]
Incepted: u_3 [lvXx]
Incepted: u_7 [LpD9]
	Added [bivQ] as watcher for u_4 [XUVT]
	Added [2D85] as watcher for u_8 [r3-_]
	Added [x5MO] as watcher for u_9 [nwLC]
	Added [2D85] as watcher for u_2 [ZArp]
	Added [bivQ] as watcher for u_5 [BoO4]
	Added [x5MO] as watcher for u_0 [eXh-]
	Added [2D85] as watcher for u_7 [LpD9]
	Added [2D85] as watcher for u_4 [XUVT]
	Asking u_4 [XUVT]'s watchers to watch [TN-Y]
	Added [bivQ] as watcher for u_6 [4hMD]
	Added [jm4C] as watcher for u_1 [GY20]
	Added [bivQ] as watcher for u_3 [lvXx]
	Added [2D85] as watcher for u_0 [eXh-]
	Added [bivQ] as watcher for u_8 [r3-_]
	Added [jm4C] as watcher for u_9 [nwLC]
	Asking u_9 [nwLC]'s watchers to watch [TN-Y]
	Added [jm4C] as watcher for u_2 [ZArp]
	Added [2D85] as watcher for u_5 [BoO4]
	Added [jm4C] as watcher for u_7 [LpD9]
	Added [x5MO] as watcher for u_1 [GY20]
	Added [2D85] as watcher for u_3 [lvXx]
	Added [jm4C] as watcher for u_6 [4hMD]
	Added [jm4C] as watcher for u_8 [r3-_]
	Asking u_8 [r3-_]'s watchers to watch [TN-Y]
	Added [jm4C] as watcher for u_0 [eXh-]
	Asking u_0 [eXh-]'s watchers to watch [TN-Y]
	Added [x5MO] as watcher for u_2 [ZArp]
	Asking u_2 [ZArp]'s watchers to watch [TN-Y]
	Added [jm4C] as watcher for u_5 [BoO4]
	Asking u_5 [BoO4]'s watchers to watch [TN-Y]
	✅ u_4 [XUVT] Inception Done
	Added [x5MO] as watcher for u_3 [lvXx]
	Asking u_3 [lvXx]'s watchers to watch [TN-Y]
	Added [x5MO] as watcher for u_6 [4hMD]
	Asking u_6 [4hMD]'s watchers to watch [TN-Y]
	✅ u_9 [nwLC] Inception Done
	Added [bivQ] as watcher for u_7 [LpD9]
	Asking u_7 [LpD9]'s watchers to watch [TN-Y]
	Added [bivQ] as watcher for u_1 [GY20]
	Asking u_1 [GY20]'s watchers to watch [TN-Y]
	✅ u_8 [r3-_] Inception Done
	✅ u_2 [ZArp] Inception Done
	✅ u_0 [eXh-] Inception Done
	✅ u_5 [BoO4] Inception Done
	✅ u_6 [4hMD] Inception Done
	✅ u_7 [LpD9] Inception Done
	✅ u_1 [GY20] Inception Done
	✅ u_3 [lvXx] Inception Done
Test 2 (signature verification)
	✅ u_3 [lvXx] Message verified
	✅ u_1 [GY20] Message verified
	✅ u_7 [LpD9] Message verified
	✅ u_4 [XUVT] Message verified
	✅ u_0 [eXh-] Message verified
	✅ u_8 [r3-_] Message verified
	✅ u_9 [nwLC] Message verified
	✅ u_6 [4hMD] Message verified
	✅ u_5 [BoO4] Message verified
	✅ u_2 [ZArp] Message verified
Waiting for an incoming message - Test 3 (signature verification after rotation of issuer)
	✅ u_2 [ZArp] Message Verified (2)
	✅ u_7 [LpD9] Message Verified (2)
	✅ u_6 [4hMD] Message Verified (2)
	✅ u_1 [GY20] Message Verified (2)
	✅ u_4 [XUVT] Message Verified (2)
	✅ u_3 [lvXx] Message Verified (2)
	✅ u_5 [BoO4] Message Verified (2)
	✅ u_9 [nwLC] Message Verified (2)
	✅ u_0 [eXh-] Message Verified (2)
	✅ u_8 [r3-_] Message Verified (2)
Waiting for an incoming message - Test 4 (valid acdc credential)
skipped--
Waiting for an incoming message - Test 5 (acdc revocation)
skipped--
Waiting for an incoming message - Test 6
u_5 [BoO4] Starts Rotation
u_8 [r3-_] Starts Rotation
u_6 [4hMD] Starts Rotation
u_9 [nwLC] Starts Rotation
u_1 [GY20] Starts Rotation
u_3 [lvXx] Starts Rotation
u_7 [LpD9] Starts Rotation
u_0 [eXh-] Starts Rotation
u_4 [XUVT] Starts Rotation
u_2 [ZArp] Starts Rotation
u_5 [BoO4] Ends Rotation
u_5 [BoO4] - Completed Key Rotation
u_1 [GY20] Ends Rotation
u_1 [GY20] - Completed Key Rotation
u_8 [r3-_] Ends Rotation
u_8 [r3-_] - Completed Key Rotation
u_7 [LpD9] Ends Rotation
u_7 [LpD9] - Completed Key Rotation
u_0 [eXh-] Ends Rotation
u_0 [eXh-] - Completed Key Rotation
u_6 [4hMD] Ends Rotation
u_6 [4hMD] - Completed Key Rotation
u_2 [ZArp] Ends Rotation
u_2 [ZArp] - Completed Key Rotation
u_3 [lvXx] Ends Rotation
u_3 [lvXx] - Completed Key Rotation
u_4 [XUVT] Ends Rotation
u_4 [XUVT] - Completed Key Rotation
u_9 [nwLC] Ends Rotation
u_9 [nwLC] - Completed Key Rotation
Executed 10 users / 10 success / 0 fail
Test 1: 8959ms (895 p.u.)
Test 2: 1ms (0 p.u.)
Test 3: 834ms (83 p.u.)
Test 4: 12072ms (1207 p.u.)
