Waiting for an incoming message - Test 1 (inception)
Error while deserializing http message: Error("EOF while parsing a value", line: 1, column: 0)
	Preparing Data...
	Data is ready, starting users and test1
Incepted: u_3 [xE3Z]
Incepted: u_9 [Id_l]
Incepted: u_1 [Ym7V]
	Added [bivQ] as watcher for u_3 [xE3Z]
Incepted: u_8 [1G92]
Incepted: u_6 [UsST]
Incepted: u_2 [o3yy]
Incepted: u_0 [lVfJ]
	Added [2D85] as watcher for u_9 [Id_l]
Incepted: u_4 [-LyU]
Incepted: u_5 [7QhP]
Incepted: u_7 [acPt]
	Added [x5MO] as watcher for u_1 [Ym7V]
	Added [x5MO] as watcher for u_3 [xE3Z]
	Added [2D85] as watcher for u_8 [1G92]
	Added [bivQ] as watcher for u_9 [Id_l]
	Added [2D85] as watcher for u_0 [lVfJ]
	Added [jm4C] as watcher for u_6 [UsST]
	Added [jm4C] as watcher for u_2 [o3yy]
	Added [x5MO] as watcher for u_4 [-LyU]
	Added [2D85] as watcher for u_5 [7QhP]
	Added [2D85] as watcher for u_1 [Ym7V]
	Added [bivQ] as watcher for u_0 [lVfJ]
	Added [jm4C] as watcher for u_7 [acPt]
	Added [2D85] as watcher for u_3 [xE3Z]
	Asking u_3 [xE3Z]'s watchers to watch [TN-Y]
	Added [bivQ] as watcher for u_2 [o3yy]
	Added [x5MO] as watcher for u_9 [Id_l]
	Asking u_9 [Id_l]'s watchers to watch [TN-Y]
	Added [bivQ] as watcher for u_4 [-LyU]
	Added [jm4C] as watcher for u_8 [1G92]
	Added [bivQ] as watcher for u_5 [7QhP]
	Added [2D85] as watcher for u_6 [UsST]
	Added [x5MO] as watcher for u_0 [lVfJ]
	Asking u_0 [lVfJ]'s watchers to watch [TN-Y]
	Added [jm4C] as watcher for u_1 [Ym7V]
	Asking u_1 [Ym7V]'s watchers to watch [TN-Y]
	Added [2D85] as watcher for u_7 [acPt]
	Added [x5MO] as watcher for u_2 [o3yy]
	Asking u_2 [o3yy]'s watchers to watch [TN-Y]
	Added [2D85] as watcher for u_4 [-LyU]
	Asking u_4 [-LyU]'s watchers to watch [TN-Y]
	Added [x5MO] as watcher for u_5 [7QhP]
	Asking u_5 [7QhP]'s watchers to watch [TN-Y]
	Added [x5MO] as watcher for u_8 [1G92]
	Asking u_8 [1G92]'s watchers to watch [TN-Y]
	Added [x5MO] as watcher for u_6 [UsST]
	Asking u_6 [UsST]'s watchers to watch [TN-Y]
	✅ u_3 [xE3Z] Inception Done
	✅ u_9 [Id_l] Inception Done
	Added [x5MO] as watcher for u_7 [acPt]
	Asking u_7 [acPt]'s watchers to watch [TN-Y]
	✅ u_0 [lVfJ] Inception Done
	✅ u_1 [Ym7V] Inception Done
	✅ u_2 [o3yy] Inception Done
	✅ u_4 [-LyU] Inception Done
	✅ u_5 [7QhP] Inception Done
	✅ u_8 [1G92] Inception Done
	✅ u_6 [UsST] Inception Done
	✅ u_7 [acPt] Inception Done
Test 2 (signature verification)
	✅ u_7 [acPt] Message verified
	✅ u_1 [Ym7V] Message verified
	✅ u_9 [Id_l] Message verified
	✅ u_2 [o3yy] Message verified
	✅ u_8 [1G92] Message verified
	✅ u_5 [7QhP] Message verified
	✅ u_3 [xE3Z] Message verified
	✅ u_0 [lVfJ] Message verified
	✅ u_4 [-LyU] Message verified
	✅ u_6 [UsST] Message verified
Waiting for an incoming message - Test 3 (signature verification after rotation of issuer)
	✅ u_3 [xE3Z] Message Verified (2)
	✅ u_9 [Id_l] Message Verified (2)
	✅ u_2 [o3yy] Message Verified (2)
	✅ u_5 [7QhP] Message Verified (2)
	✅ u_1 [Ym7V] Message Verified (2)
	✅ u_0 [lVfJ] Message Verified (2)
	✅ u_6 [UsST] Message Verified (2)
	✅ u_7 [acPt] Message Verified (2)
	✅ u_8 [1G92] Message Verified (2)
	✅ u_4 [-LyU] Message Verified (2)
Waiting for an incoming message - Test 4 (valid acdc credential)
skipped--
Waiting for an incoming message - Test 5 (acdc revocation)
skipped--
Waiting for an incoming message - Test 6
u_4 [-LyU] Starts Rotation
u_2 [o3yy] Starts Rotation
u_9 [Id_l] Starts Rotation
u_0 [lVfJ] Starts Rotation
u_7 [acPt] Starts Rotation
u_6 [UsST] Starts Rotation
u_8 [1G92] Starts Rotation
u_5 [7QhP] Starts Rotation
u_1 [Ym7V] Starts Rotation
u_3 [xE3Z] Starts Rotation
u_3 [xE3Z] Ends Rotation
u_3 [xE3Z] - Completed Key Rotation
u_0 [lVfJ] Ends Rotation
u_0 [lVfJ] - Completed Key Rotation
u_1 [Ym7V] Ends Rotation
u_1 [Ym7V] - Completed Key Rotation
u_8 [1G92] Ends Rotation
u_8 [1G92] - Completed Key Rotation
u_2 [o3yy] Ends Rotation
u_2 [o3yy] - Completed Key Rotation
u_9 [Id_l] Ends Rotation
u_9 [Id_l] - Completed Key Rotation
u_6 [UsST] Ends Rotation
u_6 [UsST] - Completed Key Rotation
u_5 [7QhP] Ends Rotation
u_5 [7QhP] - Completed Key Rotation
u_4 [-LyU] Ends Rotation
u_4 [-LyU] - Completed Key Rotation
u_7 [acPt] Ends Rotation
u_7 [acPt] - Completed Key Rotation
Executed 10 users / 10 success / 0 fail
Test 1: 4187ms (418 p.u.)
Test 2: 1ms (0 p.u.)
Test 3: 544ms (54 p.u.)
Test 4: 1689ms (168 p.u.)
