Waiting for an incoming message - Test 1 (inception)
Error while deserializing http message: Error("EOF while parsing a value", line: 1, column: 0)
	Preparing Data...
	Data is ready, starting users and test1
Incepted: u_2 [NXUE]
Incepted: u_4 [EPcz]
Incepted: u_7 [5MRo]
Incepted: u_6 [5vY-]
Incepted: u_8 [vt1r]
Incepted: u_0 [D-po]
Incepted: u_3 [_uAX]
Incepted: u_5 [TF0X]
Incepted: u_1 [PLp7]
Incepted: u_9 [KErN]
	Added [bivQ] as watcher for u_6 [5vY-]
	Added [x5MO] as watcher for u_2 [NXUE]
	Added [x5MO] as watcher for u_4 [EPcz]
	Added [x5MO] as watcher for u_7 [5MRo]
	Added [2D85] as watcher for u_5 [TF0X]
	Added [jm4C] as watcher for u_8 [vt1r]
	Added [x5MO] as watcher for u_0 [D-po]
	Added [2D85] as watcher for u_1 [PLp7]
	Added [bivQ] as watcher for u_2 [NXUE]
	Added [jm4C] as watcher for u_3 [_uAX]
	Added [jm4C] as watcher for u_9 [KErN]
	Added [bivQ] as watcher for u_0 [D-po]
	Added [bivQ] as watcher for u_8 [vt1r]
	Added [2D85] as watcher for u_4 [EPcz]
	Added [jm4C] as watcher for u_6 [5vY-]
	Added [jm4C] as watcher for u_7 [5MRo]
	Added [x5MO] as watcher for u_5 [TF0X]
	Added [x5MO] as watcher for u_1 [PLp7]
	Added [bivQ] as watcher for u_9 [KErN]
	Added [x5MO] as watcher for u_3 [_uAX]
	Added [bivQ] as watcher for u_4 [EPcz]
	Asking u_4 [EPcz]'s watchers to watch [TN-Y]
	Added [jm4C] as watcher for u_2 [NXUE]
	Asking u_2 [NXUE]'s watchers to watch [TN-Y]
	Added [bivQ] as watcher for u_1 [PLp7]
	Asking u_1 [PLp7]'s watchers to watch [TN-Y]
	Added [2D85] as watcher for u_8 [vt1r]
	Asking u_8 [vt1r]'s watchers to watch [TN-Y]
	Added [x5MO] as watcher for u_6 [5vY-]
	Asking u_6 [5vY-]'s watchers to watch [TN-Y]
	Added [2D85] as watcher for u_7 [5MRo]
	Asking u_7 [5MRo]'s watchers to watch [TN-Y]
	Added [jm4C] as watcher for u_0 [D-po]
	Asking u_0 [D-po]'s watchers to watch [TN-Y]
	Added [x5MO] as watcher for u_9 [KErN]
	Asking u_9 [KErN]'s watchers to watch [TN-Y]
	Added [jm4C] as watcher for u_5 [TF0X]
	Asking u_5 [TF0X]'s watchers to watch [TN-Y]
	Added [2D85] as watcher for u_3 [_uAX]
	Asking u_3 [_uAX]'s watchers to watch [TN-Y]
	✅ u_4 [EPcz] Inception Done
	✅ u_2 [NXUE] Inception Done
	✅ u_1 [PLp7] Inception Done
	✅ u_7 [5MRo] Inception Done
	✅ u_6 [5vY-] Inception Done
	✅ u_8 [vt1r] Inception Done
	✅ u_0 [D-po] Inception Done
	✅ u_9 [KErN] Inception Done
	✅ u_5 [TF0X] Inception Done
	✅ u_3 [_uAX] Inception Done
Test 2 (signature verification)
	✅ u_3 [_uAX] Message verified
	✅ u_8 [vt1r] Message verified
	✅ u_2 [NXUE] Message verified
	✅ u_6 [5vY-] Message verified
	✅ u_0 [D-po] Message verified
	✅ u_4 [EPcz] Message verified
	✅ u_1 [PLp7] Message verified
	✅ u_9 [KErN] Message verified
	✅ u_7 [5MRo] Message verified
	✅ u_5 [TF0X] Message verified
Waiting for an incoming message - Test 3 (signature verification after rotation of issuer)
	✅ u_1 [PLp7] Message Verified (2)
	✅ u_9 [KErN] Message Verified (2)
	✅ u_4 [EPcz] Message Verified (2)
	✅ u_8 [vt1r] Message Verified (2)
	✅ u_7 [5MRo] Message Verified (2)
	✅ u_6 [5vY-] Message Verified (2)
	✅ u_0 [D-po] Message Verified (2)
	✅ u_5 [TF0X] Message Verified (2)
	✅ u_3 [_uAX] Message Verified (2)
	✅ u_2 [NXUE] Message Verified (2)
Waiting for an incoming message - Test 4 (valid acdc credential)
skipped--
Waiting for an incoming message - Test 5 (acdc revocation)
skipped--
Waiting for an incoming message - Test 6
u_2 [NXUE] Starts Rotation
u_6 [5vY-] Starts Rotation
u_5 [TF0X] Starts Rotation
u_7 [5MRo] Starts Rotation
u_3 [_uAX] Starts Rotation
u_0 [D-po] Starts Rotation
u_9 [KErN] Starts Rotation
u_4 [EPcz] Starts Rotation
u_8 [vt1r] Starts Rotation
u_1 [PLp7] Starts Rotation
u_4 [EPcz] Ends Rotation
u_4 [EPcz] - Completed Key Rotation
u_1 [PLp7] Ends Rotation
u_1 [PLp7] - Completed Key Rotation
u_6 [5vY-] Ends Rotation
u_6 [5vY-] - Completed Key Rotation
u_2 [NXUE] Ends Rotation
u_2 [NXUE] - Completed Key Rotation
u_5 [TF0X] Ends Rotation
u_5 [TF0X] - Completed Key Rotation
u_8 [vt1r] Ends Rotation
u_8 [vt1r] - Completed Key Rotation
u_7 [5MRo] Ends Rotation
u_7 [5MRo] - Completed Key Rotation
u_9 [KErN] Ends Rotation
u_9 [KErN] - Completed Key Rotation
u_3 [_uAX] Ends Rotation
u_3 [_uAX] - Completed Key Rotation
u_0 [D-po] Ends Rotation
u_0 [D-po] - Completed Key Rotation
Executed 10 users / 10 success / 0 fail
Test 1: 5747ms (574 p.u.)
Test 2: 1ms (0 p.u.)
Test 3: 650ms (65 p.u.)
Test 4: 2202ms (220 p.u.)
