Waiting for an incoming message - Test 1 (inception)
Error while deserializing http message: Error("EOF while parsing a value", line: 1, column: 0)
	Preparing Data...
	Data is ready, starting users and test1
Incepted: u_4 [SInP]
Incepted: u_8 [LhRf]
Incepted: u_0 [tPhR]
Incepted: u_1 [JdJ7]
	Added [bivQ] as watcher for u_8 [LhRf]
	Added [bivQ] as watcher for u_0 [tPhR]
Incepted: u_3 [dBBS]
Incepted: u_6 [f_0C]
Incepted: u_7 [8UAw]
Incepted: u_5 [39Uq]
Incepted: u_2 [8ljy]
	Added [bivQ] as watcher for u_6 [f_0C]
Incepted: u_9 [PmdH]
	Added [2D85] as watcher for u_4 [SInP]
	Added [x5MO] as watcher for u_1 [JdJ7]
	Added [x5MO] as watcher for u_3 [dBBS]
	Added [x5MO] as watcher for u_0 [tPhR]
	Added [x5MO] as watcher for u_8 [LhRf]
	Added [2D85] as watcher for u_7 [8UAw]
	Added [bivQ] as watcher for u_1 [JdJ7]
	Added [x5MO] as watcher for u_2 [8ljy]
	Added [jm4C] as watcher for u_5 [39Uq]
	Added [x5MO] as watcher for u_6 [f_0C]
	Added [2D85] as watcher for u_9 [PmdH]
	Added [bivQ] as watcher for u_2 [8ljy]
	Added [bivQ] as watcher for u_5 [39Uq]
	Added [x5MO] as watcher for u_4 [SInP]
	Added [bivQ] as watcher for u_9 [PmdH]
	Added [jm4C] as watcher for u_3 [dBBS]
	Added [x5MO] as watcher for u_7 [8UAw]
	Added [2D85] as watcher for u_1 [JdJ7]
	Asking u_1 [JdJ7]'s watchers to watch [TN-Y]
	Added [2D85] as watcher for u_8 [LhRf]
	Asking u_8 [LhRf]'s watchers to watch [TN-Y]
	Added [bivQ] as watcher for u_4 [SInP]
	Asking u_4 [SInP]'s watchers to watch [TN-Y]
	Added [jm4C] as watcher for u_0 [tPhR]
	Asking u_0 [tPhR]'s watchers to watch [TN-Y]
	Added [2D85] as watcher for u_6 [f_0C]
	Asking u_6 [f_0C]'s watchers to watch [TN-Y]
	Added [bivQ] as watcher for u_7 [8UAw]
	Asking u_7 [8UAw]'s watchers to watch [TN-Y]
	Added [x5MO] as watcher for u_5 [39Uq]
	Asking u_5 [39Uq]'s watchers to watch [TN-Y]
	Added [jm4C] as watcher for u_2 [8ljy]
	Asking u_2 [8ljy]'s watchers to watch [TN-Y]
	Added [2D85] as watcher for u_3 [dBBS]
	Asking u_3 [dBBS]'s watchers to watch [TN-Y]
	Added [jm4C] as watcher for u_9 [PmdH]
	Asking u_9 [PmdH]'s watchers to watch [TN-Y]
	✅ u_0 [tPhR] Inception Done
	✅ u_1 [JdJ7] Inception Done
	✅ u_8 [LhRf] Inception Done
	✅ u_4 [SInP] Inception Done
	✅ u_6 [f_0C] Inception Done
	✅ u_7 [8UAw] Inception Done
	✅ u_5 [39Uq] Inception Done
	✅ u_2 [8ljy] Inception Done
	✅ u_3 [dBBS] Inception Done
	✅ u_9 [PmdH] Inception Done
Test 2 (signature verification)
	✅ u_9 [PmdH] Message verified
	✅ u_0 [tPhR] Message verified
	✅ u_5 [39Uq] Message verified
	✅ u_1 [JdJ7] Message verified
	✅ u_7 [8UAw] Message verified
	✅ u_8 [LhRf] Message verified
	✅ u_3 [dBBS] Message verified
	✅ u_4 [SInP] Message verified
	✅ u_2 [8ljy] Message verified
	✅ u_6 [f_0C] Message verified
Waiting for an incoming message - Test 3 (signature verification after rotation of issuer)
	✅ u_8 [LhRf] Message Verified (2)
	✅ u_6 [f_0C] Message Verified (2)
	✅ u_7 [8UAw] Message Verified (2)
	✅ u_5 [39Uq] Message Verified (2)
	✅ u_1 [JdJ7] Message Verified (2)
	✅ u_2 [8ljy] Message Verified (2)
	✅ u_0 [tPhR] Message Verified (2)
	✅ u_4 [SInP] Message Verified (2)
	✅ u_3 [dBBS] Message Verified (2)
	✅ u_9 [PmdH] Message Verified (2)
Waiting for an incoming message - Test 4 (valid acdc credential)
skipped--
Waiting for an incoming message - Test 5 (acdc revocation)
skipped--
Waiting for an incoming message - Test 6
u_3 [dBBS] Starts Rotation
u_9 [PmdH] Starts Rotation
u_4 [SInP] Starts Rotation
u_1 [JdJ7] Starts Rotation
u_6 [f_0C] Starts Rotation
u_2 [8ljy] Starts Rotation
u_5 [39Uq] Starts Rotation
u_7 [8UAw] Starts Rotation
u_0 [tPhR] Starts Rotation
u_8 [LhRf] Starts Rotation
u_0 [tPhR] Ends Rotation
u_0 [tPhR] - Completed Key Rotation
u_1 [JdJ7] Ends Rotation
u_1 [JdJ7] - Completed Key Rotation
u_6 [f_0C] Ends Rotation
u_6 [f_0C] - Completed Key Rotation
u_8 [LhRf] Ends Rotation
u_8 [LhRf] - Completed Key Rotation
u_3 [dBBS] Ends Rotation
u_3 [dBBS] - Completed Key Rotation
u_5 [39Uq] Ends Rotation
u_5 [39Uq] - Completed Key Rotation
u_4 [SInP] Ends Rotation
u_4 [SInP] - Completed Key Rotation
u_2 [8ljy] Ends Rotation
u_2 [8ljy] - Completed Key Rotation
u_7 [8UAw] Ends Rotation
u_7 [8UAw] - Completed Key Rotation
u_9 [PmdH] Ends Rotation
u_9 [PmdH] - Completed Key Rotation
Executed 10 users / 10 success / 0 fail
Test 1: 4155ms (415 p.u.)
Test 2: 1ms (0 p.u.)
Test 3: 542ms (54 p.u.)
Test 4: 1710ms (171 p.u.)
