Waiting for an incoming message - Test 1 (inception)
Error while deserializing http message: Error("EOF while parsing a value", line: 1, column: 0)
	Preparing Data...
	Data is ready, starting users and test1
Incepted: u_8 [0bVJ]
Incepted: u_2 [qFJh]
Incepted: u_5 [X4Er]
Incepted: u_3 [gXiF]
Incepted: u_6 [39MB]
	Added [jm4C] as watcher for u_2 [qFJh]
Incepted: u_1 [lG6o]
	Added [bivQ] as watcher for u_8 [0bVJ]
	Added [jm4C] as watcher for u_5 [X4Er]
Incepted: u_9 [qG1A]
Incepted: u_0 [HjGE]
Incepted: u_7 [VAHg]
	Added [2D85] as watcher for u_1 [lG6o]
	Added [x5MO] as watcher for u_2 [qFJh]
	Added [2D85] as watcher for u_3 [gXiF]
	Added [2D85] as watcher for u_6 [39MB]
	Added [2D85] as watcher for u_0 [HjGE]
	Added [jm4C] as watcher for u_9 [qG1A]
	Added [jm4C] as watcher for u_8 [0bVJ]
	Added [x5MO] as watcher for u_7 [VAHg]
	Added [bivQ] as watcher for u_5 [X4Er]
	Added [bivQ] as watcher for u_1 [lG6o]
Incepted: u_4 [Yldl]
	Added [jm4C] as watcher for u_6 [39MB]
	Added [bivQ] as watcher for u_2 [qFJh]
	Asking u_2 [qFJh]'s watchers to watch [TN-Y]
	Added [x5MO] as watcher for u_0 [HjGE]
	Added [bivQ] as watcher for u_3 [gXiF]
	Added [2D85] as watcher for u_8 [0bVJ]
	Asking u_8 [0bVJ]'s watchers to watch [TN-Y]
	Added [bivQ] as watcher for u_9 [qG1A]
	Added [x5MO] as watcher for u_5 [X4Er]
	Asking u_5 [X4Er]'s watchers to watch [TN-Y]
	Added [bivQ] as watcher for u_7 [VAHg]
	Added [jm4C] as watcher for u_1 [lG6o]
	Asking u_1 [lG6o]'s watchers to watch [TN-Y]
	Added [x5MO] as watcher for u_6 [39MB]
	Asking u_6 [39MB]'s watchers to watch [TN-Y]
	Added [x5MO] as watcher for u_3 [gXiF]
	Asking u_3 [gXiF]'s watchers to watch [TN-Y]
	Added [x5MO] as watcher for u_4 [Yldl]
	Added [jm4C] as watcher for u_0 [HjGE]
	Asking u_0 [HjGE]'s watchers to watch [TN-Y]
	Added [x5MO] as watcher for u_9 [qG1A]
	Asking u_9 [qG1A]'s watchers to watch [TN-Y]
	Added [2D85] as watcher for u_7 [VAHg]
	Asking u_7 [VAHg]'s watchers to watch [TN-Y]
	✅ u_2 [qFJh] Inception Done
	✅ u_8 [0bVJ] Inception Done
	✅ u_5 [X4Er] Inception Done
	Added [bivQ] as watcher for u_4 [Yldl]
	✅ u_6 [39MB] Inception Done
	Added [jm4C] as watcher for u_4 [Yldl]
	Asking u_4 [Yldl]'s watchers to watch [TN-Y]
	✅ u_3 [gXiF] Inception Done
	✅ u_0 [HjGE] Inception Done
	✅ u_1 [lG6o] Inception Done
	✅ u_9 [qG1A] Inception Done
	✅ u_7 [VAHg] Inception Done
	✅ u_4 [Yldl] Inception Done
Test 2 (signature verification)
	✅ u_4 [Yldl] Message verified
	✅ u_5 [X4Er] Message verified
	✅ u_9 [qG1A] Message verified
	✅ u_2 [qFJh] Message verified
	✅ u_3 [gXiF] Message verified
	✅ u_7 [VAHg] Message verified
	✅ u_8 [0bVJ] Message verified
	✅ u_1 [lG6o] Message verified
	✅ u_6 [39MB] Message verified
	✅ u_0 [HjGE] Message verified
Waiting for an incoming message - Test 3 (signature verification after rotation of issuer)
	✅ u_0 [HjGE] Message Verified (2)
	✅ u_6 [39MB] Message Verified (2)
	✅ u_1 [lG6o] Message Verified (2)
	✅ u_7 [VAHg] Message Verified (2)
	✅ u_2 [qFJh] Message Verified (2)
	✅ u_8 [0bVJ] Message Verified (2)
	✅ u_3 [gXiF] Message Verified (2)
	✅ u_4 [Yldl] Message Verified (2)
	✅ u_5 [X4Er] Message Verified (2)
	✅ u_9 [qG1A] Message Verified (2)
Waiting for an incoming message - Test 4 (valid acdc credential)
skipped--
Waiting for an incoming message - Test 5 (acdc revocation)
skipped--
Waiting for an incoming message - Test 6
u_9 [qG1A] Starts Rotation
u_8 [0bVJ] Starts Rotation
u_3 [gXiF] Starts Rotation
u_0 [HjGE] Starts Rotation
u_5 [X4Er] Starts Rotation
u_1 [lG6o] Starts Rotation
u_2 [qFJh] Starts Rotation
u_4 [Yldl] Starts Rotation
u_6 [39MB] Starts Rotation
u_7 [VAHg] Starts Rotation
u_2 [qFJh] Ends Rotation
u_2 [qFJh] - Completed Key Rotation
u_6 [39MB] Ends Rotation
u_6 [39MB] - Completed Key Rotation
u_8 [0bVJ] Ends Rotation
u_8 [0bVJ] - Completed Key Rotation
u_9 [qG1A] Ends Rotation
u_9 [qG1A] - Completed Key Rotation
u_7 [VAHg] Ends Rotation
u_7 [VAHg] - Completed Key Rotation
u_0 [HjGE] Ends Rotation
u_0 [HjGE] - Completed Key Rotation
u_1 [lG6o] Ends Rotation
u_1 [lG6o] - Completed Key Rotation
u_5 [X4Er] Ends Rotation
u_5 [X4Er] - Completed Key Rotation
u_4 [Yldl] Ends Rotation
u_4 [Yldl] - Completed Key Rotation
u_3 [gXiF] Ends Rotation
u_3 [gXiF] - Completed Key Rotation
Executed 10 users / 10 success / 0 fail
Test 1: 12208ms (1220 p.u.)
Test 2: 1ms (0 p.u.)
Test 3: 751ms (75 p.u.)
Test 4: 13241ms (1324 p.u.)
