Waiting for an incoming message - Test 1 (inception)
Error while deserializing http message: Error("EOF while parsing a value", line: 1, column: 0)
	Preparing Data...
	Data is ready, starting users and test1
Incepted: u_0 [ti63]
Incepted: u_6 [czPO]
Incepted: u_1 [ubQ7]
Incepted: u_9 [So7W]
Incepted: u_2 [u18o]
	Added [x5MO] as watcher for u_0 [ti63]
Incepted: u_4 [JtkH]
Incepted: u_3 [kE0T]
	Added [2D85] as watcher for u_6 [czPO]
	Added [x5MO] as watcher for u_9 [So7W]
Incepted: u_8 [yhj7]
Incepted: u_5 [WFa7]
	Added [2D85] as watcher for u_1 [ubQ7]
Incepted: u_7 [OgH1]
	Added [bivQ] as watcher for u_0 [ti63]
	Added [x5MO] as watcher for u_8 [yhj7]
	Added [bivQ] as watcher for u_2 [u18o]
	Added [jm4C] as watcher for u_6 [czPO]
	Added [2D85] as watcher for u_3 [kE0T]
	Added [2D85] as watcher for u_4 [JtkH]
	Added [x5MO] as watcher for u_1 [ubQ7]
	Added [x5MO] as watcher for u_5 [WFa7]
	Added [bivQ] as watcher for u_9 [So7W]
	Added [x5MO] as watcher for u_6 [czPO]
	Asking u_6 [czPO]'s watchers to watch [5Atm]
	Added [bivQ] as watcher for u_7 [OgH1]
	Added [jm4C] as watcher for u_0 [ti63]
	Asking u_0 [ti63]'s watchers to watch [5Atm]
	Added [2D85] as watcher for u_8 [yhj7]
	Added [jm4C] as watcher for u_2 [u18o]
	Added [2D85] as watcher for u_5 [WFa7]
	Added [2D85] as watcher for u_9 [So7W]
	Asking u_9 [So7W]'s watchers to watch [5Atm]
	Added [jm4C] as watcher for u_1 [ubQ7]
	Asking u_1 [ubQ7]'s watchers to watch [5Atm]
	Added [bivQ] as watcher for u_4 [JtkH]
	Added [bivQ] as watcher for u_3 [kE0T]
	Added [2D85] as watcher for u_7 [OgH1]
	Added [x5MO] as watcher for u_2 [u18o]
	Asking u_2 [u18o]'s watchers to watch [5Atm]
	Added [jm4C] as watcher for u_5 [WFa7]
	Asking u_5 [WFa7]'s watchers to watch [5Atm]
	Added [jm4C] as watcher for u_8 [yhj7]
	Asking u_8 [yhj7]'s watchers to watch [5Atm]
	Added [x5MO] as watcher for u_3 [kE0T]
	Asking u_3 [kE0T]'s watchers to watch [5Atm]
	Added [jm4C] as watcher for u_4 [JtkH]
	Asking u_4 [JtkH]'s watchers to watch [5Atm]
	Added [jm4C] as watcher for u_7 [OgH1]
	Asking u_7 [OgH1]'s watchers to watch [5Atm]
	✅ u_6 [czPO] Inception Done
	✅ u_0 [ti63] Inception Done
	✅ u_1 [ubQ7] Inception Done
	✅ u_9 [So7W] Inception Done
	✅ u_5 [WFa7] Inception Done
	✅ u_8 [yhj7] Inception Done
	✅ u_3 [kE0T] Inception Done
	✅ u_2 [u18o] Inception Done
	✅ u_7 [OgH1] Inception Done
	✅ u_4 [JtkH] Inception Done
Test 2 (signature verification)
	✅ u_4 [JtkH] Message verified
	✅ u_2 [u18o] Message verified
	✅ u_7 [OgH1] Message verified
	✅ u_6 [czPO] Message verified
	✅ u_0 [ti63] Message verified
	✅ u_1 [ubQ7] Message verified
	✅ u_5 [WFa7] Message verified
	✅ u_9 [So7W] Message verified
	✅ u_8 [yhj7] Message verified
	✅ u_3 [kE0T] Message verified
Waiting for an incoming message - Test 3 (signature verification after rotation of issuer)
	✅ u_0 [ti63] Message Verified (2)
	✅ u_2 [u18o] Message Verified (2)
	✅ u_1 [ubQ7] Message Verified (2)
	✅ u_3 [kE0T] Message Verified (2)
	✅ u_4 [JtkH] Message Verified (2)
	✅ u_6 [czPO] Message Verified (2)
	✅ u_9 [So7W] Message Verified (2)
	✅ u_7 [OgH1] Message Verified (2)
	✅ u_5 [WFa7] Message Verified (2)
	✅ u_8 [yhj7] Message Verified (2)
Waiting for an incoming message - Test 4 (valid acdc credential)
skipped--
Waiting for an incoming message - Test 5 (acdc revocation)
skipped--
Waiting for an incoming message - Test 6
u_3 [kE0T] Starts Rotation
u_2 [u18o] Starts Rotation
u_1 [ubQ7] Starts Rotation
u_6 [czPO] Starts Rotation
u_4 [JtkH] Starts Rotation
u_7 [OgH1] Starts Rotation
u_8 [yhj7] Starts Rotation
u_5 [WFa7] Starts Rotation
u_9 [So7W] Starts Rotation
u_0 [ti63] Starts Rotation
u_1 [ubQ7] Ends Rotation
u_1 [ubQ7] - Completed Key Rotation
u_6 [czPO] Ends Rotation
u_6 [czPO] - Completed Key Rotation
u_0 [ti63] Ends Rotation
u_0 [ti63] - Completed Key Rotation
u_5 [WFa7] Ends Rotation
u_5 [WFa7] - Completed Key Rotation
u_7 [OgH1] Ends Rotation
u_7 [OgH1] - Completed Key Rotation
u_4 [JtkH] Ends Rotation
u_4 [JtkH] - Completed Key Rotation
u_2 [u18o] Ends Rotation
u_2 [u18o] - Completed Key Rotation
u_8 [yhj7] Ends Rotation
u_8 [yhj7] - Completed Key Rotation
u_3 [kE0T] Ends Rotation
u_3 [kE0T] - Completed Key Rotation
u_9 [So7W] Ends Rotation
u_9 [So7W] - Completed Key Rotation
Executed 10 users / 10 success / 0 fail
Test 1: 11771ms (1177 p.u.)
Test 2: 1ms (0 p.u.)
Test 3: 1005ms (100 p.u.)
Test 4: 7724ms (772 p.u.)
