Waiting for an incoming message - Test 1 (inception)
Error while deserializing http message: Error("EOF while parsing a value", line: 1, column: 0)
	Preparing Data...
	Data is ready, starting users and test1
Incepted: u_9 [df3_]
Incepted: u_2 [QpgW]
Incepted: u_0 [x3ly]
Incepted: u_8 [n8lj]
Incepted: u_6 [kBDe]
Incepted: u_4 [eW_L]
Incepted: u_3 [vLLj]
Incepted: u_7 [zV0a]
Incepted: u_5 [PkKy]
	Added [2D85] as watcher for u_9 [df3_]
	Added [bivQ] as watcher for u_2 [QpgW]
	Added [x5MO] as watcher for u_0 [x3ly]
Incepted: u_1 [sZSH]
	Added [jm4C] as watcher for u_8 [n8lj]
	Added [2D85] as watcher for u_6 [kBDe]
	Added [bivQ] as watcher for u_4 [eW_L]
	Added [2D85] as watcher for u_3 [vLLj]
	Added [jm4C] as watcher for u_2 [QpgW]
	Added [jm4C] as watcher for u_5 [PkKy]
	Added [x5MO] as watcher for u_7 [zV0a]
	Added [2D85] as watcher for u_0 [x3ly]
	Added [2D85] as watcher for u_1 [sZSH]
	Added [bivQ] as watcher for u_9 [df3_]
	Added [2D85] as watcher for u_8 [n8lj]
	Added [x5MO] as watcher for u_4 [eW_L]
	Added [x5MO] as watcher for u_6 [kBDe]
	Added [x5MO] as watcher for u_3 [vLLj]
	Added [jm4C] as watcher for u_0 [x3ly]
	Asking u_0 [x3ly]'s watchers to watch [5Atm]
	Added [2D85] as watcher for u_2 [QpgW]
	Asking u_2 [QpgW]'s watchers to watch [5Atm]
	Added [x5MO] as watcher for u_9 [df3_]
	Asking u_9 [df3_]'s watchers to watch [5Atm]
	Added [jm4C] as watcher for u_4 [eW_L]
	Asking u_4 [eW_L]'s watchers to watch [5Atm]
	Added [bivQ] as watcher for u_7 [zV0a]
	Added [x5MO] as watcher for u_8 [n8lj]
	Asking u_8 [n8lj]'s watchers to watch [5Atm]
	Added [x5MO] as watcher for u_1 [sZSH]
	Added [x5MO] as watcher for u_5 [PkKy]
	Added [jm4C] as watcher for u_6 [kBDe]
	Asking u_6 [kBDe]'s watchers to watch [5Atm]
	Added [bivQ] as watcher for u_3 [vLLj]
	Asking u_3 [vLLj]'s watchers to watch [5Atm]
	Added [jm4C] as watcher for u_1 [sZSH]
	Asking u_1 [sZSH]'s watchers to watch [5Atm]
	Added [2D85] as watcher for u_7 [zV0a]
	Asking u_7 [zV0a]'s watchers to watch [5Atm]
	Added [bivQ] as watcher for u_5 [PkKy]
	Asking u_5 [PkKy]'s watchers to watch [5Atm]
	✅ u_9 [df3_] Inception Done
	✅ u_0 [x3ly] Inception Done
	✅ u_2 [QpgW] Inception Done
	✅ u_8 [n8lj] Inception Done
	✅ u_4 [eW_L] Inception Done
	✅ u_6 [kBDe] Inception Done
	✅ u_3 [vLLj] Inception Done
	✅ u_1 [sZSH] Inception Done
	✅ u_5 [PkKy] Inception Done
	✅ u_7 [zV0a] Inception Done
Test 2 (signature verification)
	✅ u_7 [zV0a] Message verified
	✅ u_8 [n8lj] Message verified
	✅ u_6 [kBDe] Message verified
	✅ u_2 [QpgW] Message verified
	✅ u_4 [eW_L] Message verified
	✅ u_9 [df3_] Message verified
	✅ u_1 [sZSH] Message verified
	✅ u_5 [PkKy] Message verified
	✅ u_3 [vLLj] Message verified
	✅ u_0 [x3ly] Message verified
Waiting for an incoming message - Test 3 (signature verification after rotation of issuer)
	✅ u_5 [PkKy] Message Verified (2)
	✅ u_7 [zV0a] Message Verified (2)
	✅ u_0 [x3ly] Message Verified (2)
	✅ u_3 [vLLj] Message Verified (2)
	✅ u_1 [sZSH] Message Verified (2)
	✅ u_4 [eW_L] Message Verified (2)
	✅ u_6 [kBDe] Message Verified (2)
	✅ u_8 [n8lj] Message Verified (2)
	✅ u_2 [QpgW] Message Verified (2)
	✅ u_9 [df3_] Message Verified (2)
Waiting for an incoming message - Test 4 (valid acdc credential)
skipped--
Waiting for an incoming message - Test 5 (acdc revocation)
skipped--
Waiting for an incoming message - Test 6
u_9 [df3_] Starts Rotation
u_2 [QpgW] Starts Rotation
u_0 [x3ly] Starts Rotation
u_6 [kBDe] Starts Rotation
u_8 [n8lj] Starts Rotation
u_3 [vLLj] Starts Rotation
u_1 [sZSH] Starts Rotation
u_4 [eW_L] Starts Rotation
u_5 [PkKy] Starts Rotation
u_7 [zV0a] Starts Rotation
u_0 [x3ly] Ends Rotation
u_0 [x3ly] - Completed Key Rotation
u_5 [PkKy] Ends Rotation
u_5 [PkKy] - Completed Key Rotation
u_4 [eW_L] Ends Rotation
u_4 [eW_L] - Completed Key Rotation
u_3 [vLLj] Ends Rotation
u_3 [vLLj] - Completed Key Rotation
u_7 [zV0a] Ends Rotation
u_7 [zV0a] - Completed Key Rotation
u_6 [kBDe] Ends Rotation
u_6 [kBDe] - Completed Key Rotation
u_8 [n8lj] Ends Rotation
u_8 [n8lj] - Completed Key Rotation
u_2 [QpgW] Ends Rotation
u_2 [QpgW] - Completed Key Rotation
u_9 [df3_] Ends Rotation
u_9 [df3_] - Completed Key Rotation
u_1 [sZSH] Ends Rotation
u_1 [sZSH] - Completed Key Rotation
Executed 10 users / 10 success / 0 fail
Test 1: 14146ms (1414 p.u.)
Test 2: 1ms (0 p.u.)
Test 3: 1246ms (124 p.u.)
Test 4: 7196ms (719 p.u.)
