Waiting for an incoming message - Test 1 (inception)
Error while deserializing http message: Error("EOF while parsing a value", line: 1, column: 0)
	Preparing Data...
	Data is ready, starting users and test1
Incepted: u_3 [EeqD]
Incepted: u_0 [lbGW]
Incepted: u_5 [j3Zr]
Incepted: u_6 [3YIi]
Incepted: u_1 [UpMj]
Incepted: u_7 [UO63]
Incepted: u_8 [w3dM]
	Added [x5MO] as watcher for u_3 [EeqD]
	Added [2D85] as watcher for u_0 [lbGW]
Incepted: u_4 [v9U_]
Incepted: u_2 [9Ju7]
Incepted: u_9 [XX0F]
	Added [x5MO] as watcher for u_5 [j3Zr]
	Added [jm4C] as watcher for u_6 [3YIi]
	Added [x5MO] as watcher for u_8 [w3dM]
	Added [2D85] as watcher for u_3 [EeqD]
	Added [2D85] as watcher for u_2 [9Ju7]
	Added [bivQ] as watcher for u_1 [UpMj]
	Added [x5MO] as watcher for u_0 [lbGW]
	Added [x5MO] as watcher for u_4 [v9U_]
	Added [jm4C] as watcher for u_9 [XX0F]
	Added [bivQ] as watcher for u_7 [UO63]
	Added [2D85] as watcher for u_5 [j3Zr]
	Added [x5MO] as watcher for u_6 [3YIi]
	Added [2D85] as watcher for u_1 [UpMj]
	Added [jm4C] as watcher for u_8 [w3dM]
	Added [jm4C] as watcher for u_0 [lbGW]
	Asking u_0 [lbGW]'s watchers to watch [5Atm]
	Added [jm4C] as watcher for u_2 [9Ju7]
	Added [jm4C] as watcher for u_3 [EeqD]
	Asking u_3 [EeqD]'s watchers to watch [5Atm]
	Added [x5MO] as watcher for u_7 [UO63]
	Added [jm4C] as watcher for u_4 [v9U_]
	Added [x5MO] as watcher for u_9 [XX0F]
	Added [jm4C] as watcher for u_1 [UpMj]
	Asking u_1 [UpMj]'s watchers to watch [5Atm]
	Added [jm4C] as watcher for u_5 [j3Zr]
	Asking u_5 [j3Zr]'s watchers to watch [5Atm]
	Added [bivQ] as watcher for u_6 [3YIi]
	Asking u_6 [3YIi]'s watchers to watch [5Atm]
	Added [2D85] as watcher for u_8 [w3dM]
	Asking u_8 [w3dM]'s watchers to watch [5Atm]
	Added [2D85] as watcher for u_4 [v9U_]
	Asking u_4 [v9U_]'s watchers to watch [5Atm]
	Added [x5MO] as watcher for u_2 [9Ju7]
	Asking u_2 [9Ju7]'s watchers to watch [5Atm]
	Added [jm4C] as watcher for u_7 [UO63]
	Asking u_7 [UO63]'s watchers to watch [5Atm]
	Added [bivQ] as watcher for u_9 [XX0F]
	Asking u_9 [XX0F]'s watchers to watch [5Atm]
	✅ u_0 [lbGW] Inception Done
	✅ u_3 [EeqD] Inception Done
	✅ u_1 [UpMj] Inception Done
	✅ u_6 [3YIi] Inception Done
	✅ u_5 [j3Zr] Inception Done
	✅ u_4 [v9U_] Inception Done
	✅ u_2 [9Ju7] Inception Done
	✅ u_7 [UO63] Inception Done
	✅ u_9 [XX0F] Inception Done
	✅ u_8 [w3dM] Inception Done
Test 2 (signature verification)
	✅ u_4 [v9U_] Message verified
	✅ u_8 [w3dM] Message verified
	✅ u_7 [UO63] Message verified
	✅ u_0 [lbGW] Message verified
	✅ u_6 [3YIi] Message verified
	✅ u_5 [j3Zr] Message verified
	✅ u_2 [9Ju7] Message verified
	✅ u_1 [UpMj] Message verified
	✅ u_9 [XX0F] Message verified
	✅ u_3 [EeqD] Message verified
Waiting for an incoming message - Test 3 (signature verification after rotation of issuer)
	✅ u_5 [j3Zr] Message Verified (2)
	✅ u_1 [UpMj] Message Verified (2)
	✅ u_2 [9Ju7] Message Verified (2)
	✅ u_6 [3YIi] Message Verified (2)
	✅ u_4 [v9U_] Message Verified (2)
	✅ u_9 [XX0F] Message Verified (2)
	✅ u_7 [UO63] Message Verified (2)
	✅ u_8 [w3dM] Message Verified (2)
	✅ u_3 [EeqD] Message Verified (2)
	✅ u_0 [lbGW] Message Verified (2)
Waiting for an incoming message - Test 4 (valid acdc credential)
skipped--
Waiting for an incoming message - Test 5 (acdc revocation)
skipped--
Waiting for an incoming message - Test 6
u_0 [lbGW] Starts Rotation
u_5 [j3Zr] Starts Rotation
u_7 [UO63] Starts Rotation
u_4 [v9U_] Starts Rotation
u_2 [9Ju7] Starts Rotation
u_8 [w3dM] Starts Rotation
u_9 [XX0F] Starts Rotation
u_3 [EeqD] Starts Rotation
u_1 [UpMj] Starts Rotation
u_6 [3YIi] Starts Rotation
u_5 [j3Zr] Ends Rotation
u_5 [j3Zr] - Completed Key Rotation
u_6 [3YIi] Ends Rotation
u_6 [3YIi] - Completed Key Rotation
u_1 [UpMj] Ends Rotation
u_1 [UpMj] - Completed Key Rotation
u_7 [UO63] Ends Rotation
u_7 [UO63] - Completed Key Rotation
u_0 [lbGW] Ends Rotation
u_0 [lbGW] - Completed Key Rotation
u_3 [EeqD] Ends Rotation
u_3 [EeqD] - Completed Key Rotation
u_9 [XX0F] Ends Rotation
u_9 [XX0F] - Completed Key Rotation
u_8 [w3dM] Ends Rotation
u_8 [w3dM] - Completed Key Rotation
u_2 [9Ju7] Ends Rotation
u_2 [9Ju7] - Completed Key Rotation
u_4 [v9U_] Ends Rotation
u_4 [v9U_] - Completed Key Rotation
Executed 10 users / 10 success / 0 fail
Test 1: 11567ms (1156 p.u.)
Test 2: 2ms (0 p.u.)
Test 3: 904ms (90 p.u.)
Test 4: 6986ms (698 p.u.)
