2024-08-13 12:09:52,12.5,17.6957,167927808,192005,26682985
2024-08-13 12:09:57,0,18.9042,179396608,327894,43547209
2024-08-13 12:10:02,3.1,18.9042,179396608,328096,43547313
2024-08-13 12:10:07,6.1,18.9042,179396608,328096,43547313
2024-08-13 12:10:12,3.1,18.9858,180170752,328096,43547313
2024-08-13 12:10:17,0,18.9858,180170752,328546,43547693
2024-08-13 12:10:23,3,19.0932,181190656,328546,43547693
2024-08-13 12:10:28,3,19.12,181444608,328546,43547693
2024-08-13 12:10:33,3.1,19.12,181444608,328636,43547769
2024-08-13 12:10:38,0,19.12,181444608,328636,43547769
2024-08-13 12:10:43,3,19.12,181444608,328636,43547769
2024-08-13 12:10:49,0,19.12,181444608,328726,43547845
2024-08-13 12:10:54,3,19.1187,181432320,328768,43547873
2024-08-13 12:10:59,3.1,19.1183,181428224,328810,43547901
2024-08-13 12:11:04,3.1,19.1183,181428224,328900,43547977
2024-08-13 12:11:09,67.7,24.9154,236441600,517259,43654847
2024-08-13 12:11:15,82.7,24.9085,236376064,777730,43832636
2024-08-13 12:11:20,0,24.9953,237199360,829313,43920069
2024-08-13 12:11:25,3,25.0207,237441024,829583,43920297
2024-08-13 12:11:30,68.7,29.0421,275603456,839460,43925166
2024-08-13 12:11:36,3.1,25.95,246259712,907090,44418079
2024-08-13 12:11:41,0,26.1662,248311808,907180,44418155
2024-08-13 12:11:46,0,17.8696,169578496,1016311,44475546
2024-08-13 12:11:51,0,18.088,171651072,1016449,44475546
