2024-08-13 12:09:04,8.8,17.6038,167055360,181771,26755641
2024-08-13 12:09:09,6.2,18.1028,171790336,286408,43519701
2024-08-13 12:09:15,0,18.1019,171782144,286408,43519701
2024-08-13 12:09:20,3.1,18.1002,171765760,286498,43519777
2024-08-13 12:09:25,3.2,18.2076,172785664,286540,43519805
2024-08-13 12:09:30,3.1,18.2348,173043712,286540,43519805
2024-08-13 12:09:35,3.2,18.2603,173285376,286630,43519881
2024-08-13 12:09:40,0,18.2603,173285376,286630,43519881
2024-08-13 12:09:46,0,18.2603,173285376,286768,43519881
2024-08-13 12:09:51,0,18.2866,173535232,289092,43522016
2024-08-13 12:09:56,3,18.2866,173535232,289092,43522016
2024-08-13 12:10:01,0,18.2866,173535232,289162,43522016
2024-08-13 12:10:07,0,18.3678,174305280,289432,43522244
2024-08-13 12:10:12,0,18.5309,175853568,289612,43522396
2024-08-13 12:10:17,3,18.748,177913856,289612,43522396
2024-08-13 12:10:22,0,18.7752,178171904,289654,43522424
2024-08-13 12:10:27,5.9,18.8568,178946048,289744,43522500
2024-08-13 12:10:33,0,18.884,179204096,289786,43522528
2024-08-13 12:10:38,3.2,18.9928,180236288,289786,43522528
2024-08-13 12:10:43,6.2,18.9928,180236288,289876,43522604
2024-08-13 12:10:48,0,19.02,180494336,289876,43522604
2024-08-13 12:10:53,3.1,19.0182,180477952,289876,43522604
2024-08-13 12:10:59,0,19.02,180494336,289966,43522680
2024-08-13 12:11:04,92.9,23.8382,226217984,365588,43571875
2024-08-13 12:11:09,90,23.8196,226041856,660780,43717872
2024-08-13 12:11:14,3.2,23.8382,226217984,790663,43895067
2024-08-13 12:11:19,3.2,23.8654,226476032,790705,43895095
2024-08-13 12:11:25,5.7,23.8926,226734080,790705,43895095
2024-08-13 12:11:30,3.1,28.5601,271028224,882536,44419603
2024-08-13 12:11:35,3.1,25.8802,245596160,882536,44419603
2024-08-13 12:11:40,63.6,26.5229,251695104,986143,44469258
2024-08-13 12:11:45,3,18.366,174288896,992047,44477154
