2024-08-14 08:37:16,16.6,18.2701,173379584,217769,33012340
2024-08-14 08:37:21,0,17.8912,169783296,316036,43536312
2024-08-14 08:37:27,3.1,17.9171,170029056,316036,43536312
2024-08-14 08:37:32,0,17.9171,170029056,316036,43536312
2024-08-14 08:37:37,3.1,17.9171,170029056,316624,43536692
2024-08-14 08:37:42,3,17.9171,170029056,316624,43536692
2024-08-14 08:37:47,3.2,18.0228,171032576,316624,43536692
2024-08-14 08:37:53,0,18.1584,172318720,316624,43536692
2024-08-14 08:37:58,0,18.1851,172572672,316714,43536768
2024-08-14 08:38:03,0,18.1851,172572672,316798,43536824
2024-08-14 08:38:08,3.1,18.1851,172572672,316798,43536824
2024-08-14 08:38:13,0,18.1868,172589056,316888,43536900
2024-08-14 08:38:19,3.1,18.1868,172589056,316888,43536900
2024-08-14 08:38:24,5.8,18.4044,174653440,319122,43538958
2024-08-14 08:38:29,3.1,18.4044,174653440,319212,43539034
2024-08-14 08:38:34,0,18.4039,174649344,321523,43541020
2024-08-14 08:38:39,0,18.4039,174649344,321613,43541096
2024-08-14 08:38:45,0,18.4035,174645248,321973,43541400
2024-08-14 08:38:50,6.2,18.4035,174645248,321973,43541400
2024-08-14 08:38:55,3.1,18.4307,174903296,321973,43541400
2024-08-14 08:39:00,0,18.5667,176193536,322105,43541504
2024-08-14 08:39:05,3.1,18.6211,176709632,322105,43541504
2024-08-14 08:39:10,3.1,18.6211,176709632,322175,43541504
2024-08-14 08:39:16,6.2,18.6211,176709632,322265,43541580
2024-08-14 08:39:21,0,18.6172,176672768,322445,43541608
2024-08-14 08:39:26,0,18.6167,176668672,326990,43545704
2024-08-14 08:39:31,3,18.6167,176668672,327080,43545780
2024-08-14 08:39:36,0,18.6167,176668672,327080,43545780
2024-08-14 08:39:42,3,18.6167,176668672,327080,43545780
2024-08-14 08:39:47,0,18.6167,176668672,327530,43546160
2024-08-14 08:39:52,6.2,18.6439,176926720,327530,43546160
2024-08-14 08:39:57,0,18.6439,176926720,327572,43546188
2024-08-14 08:40:02,0,18.6439,176926720,327662,43546264
2024-08-14 08:40:08,3,18.6711,177184768,327704,43546292
2024-08-14 08:40:13,3.1,18.6711,177184768,327704,43546292
2024-08-14 08:40:18,6,18.6711,177184768,327704,43546292
2024-08-14 08:40:23,3.1,18.6707,177180672,330105,43548406
2024-08-14 08:40:29,0,18.6707,177180672,330105,43548406
2024-08-14 08:40:34,0,18.6979,177438720,330105,43548406
2024-08-14 08:40:39,2.9,18.7777,178196480,330195,43548482
2024-08-14 08:40:44,0,18.8861,179224576,330195,43548482
2024-08-14 08:40:49,0,18.9137,179486720,330375,43548634
2024-08-14 08:40:54,5.8,18.9953,180260864,330687,43548890
2024-08-14 08:41:00,3,19.1312,181551104,330687,43548890
2024-08-14 08:41:05,9.3,19.429,184377344,331982,43550208
2024-08-14 08:41:10,3.2,19.7808,187715584,335256,43553010
2024-08-14 08:41:15,3.2,19.7808,187715584,335256,43553010
2024-08-14 08:41:20,0,19.78,187707392,335394,43553010
2024-08-14 08:41:26,3.1,19.78,187707392,335484,43553086
2024-08-14 08:41:31,0,19.78,187707392,335484,43553086
2024-08-14 08:41:36,0,19.78,187707392,335484,43553086
2024-08-14 08:41:41,6.2,19.78,187707392,335574,43553162
2024-08-14 08:41:46,3,19.78,187707392,335574,43553162
2024-08-14 08:41:52,6.4,19.78,187707392,337461,43554728
2024-08-14 08:41:57,0,19.7791,187699200,338377,43555556
2024-08-14 08:42:02,3.1,19.7791,187699200,338377,43555556
2024-08-14 08:42:07,3.1,19.7791,187699200,338377,43555556
2024-08-14 08:42:12,0,19.7791,187699200,338467,43555632
2024-08-14 08:42:18,3.2,19.7791,187699200,338467,43555632
2024-08-14 08:42:23,0,19.7718,187629568,340701,43557690
2024-08-14 08:42:28,0,19.7692,187604992,340791,43557766
2024-08-14 08:42:33,0,24.1514,229191680,378595,43585822
2024-08-14 08:42:38,0,24.2831,230440960,402785,43599906
2024-08-14 08:42:44,6.5,24.2839,230449152,425510,43617220
2024-08-14 08:42:49,9.7,24.3379,230961152,438569,43624398
2024-08-14 08:42:54,8.8,24.337,230952960,452354,43630302
2024-08-14 08:42:59,3.1,24.3901,231456768,459629,43636089
2024-08-14 08:43:04,6.2,24.3897,231452672,468575,43642412
2024-08-14 08:43:09,0,24.4169,231710720,486948,43652043
2024-08-14 08:43:15,16.1,24.4182,231723008,544532,43691974
2024-08-14 08:43:20,6.2,24.4173,231714816,583739,43720669
2024-08-14 08:43:25,3.1,24.4164,231706624,603056,43733234
2024-08-14 08:43:30,3.1,24.4152,231694336,618493,43744304
2024-08-14 08:43:36,0,24.4186,231727104,634010,43765001
2024-08-14 08:43:41,3.1,24.4221,231759872,645274,43778308
2024-08-14 08:43:46,0,24.4281,231817216,660248,43805318
2024-08-14 08:43:51,0,24.4281,231817216,660338,43805394
2024-08-14 08:43:56,0,24.4281,231817216,660338,43805394
2024-08-14 08:44:01,3,24.4281,231817216,660338,43805394
2024-08-14 08:44:07,0,24.4281,231817216,660788,43805774
2024-08-14 08:44:12,5.8,24.4549,232071168,662083,43807192
2024-08-14 08:44:17,0,24.5636,233103360,665135,43809870
2024-08-14 08:44:22,3.2,24.5636,233103360,665225,43809946
2024-08-14 08:44:27,0,24.5636,233103360,665225,43809946
2024-08-14 08:44:33,0,24.5636,233103360,665225,43809946
2024-08-14 08:44:38,0,24.5636,233103360,665357,43810050
2024-08-14 08:44:43,3.1,24.5636,233103360,665357,43810050
2024-08-14 08:44:48,0,24.5636,233103360,665357,43810050
2024-08-14 08:44:53,3.1,24.5636,233103360,665357,43810050
2024-08-14 08:44:59,3.1,24.5636,233103360,665447,43810126
2024-08-14 08:45:04,3.2,24.5632,233099264,667896,43812112
2024-08-14 08:45:09,0,24.5632,233099264,668166,43812340
2024-08-14 08:45:14,5.8,24.5632,233099264,668346,43812492
2024-08-14 08:45:19,3.1,24.5632,233099264,668346,43812492
2024-08-14 08:45:25,8.8,24.6176,233615360,670382,43814550
2024-08-14 08:45:30,3.2,24.6172,233611264,670472,43814626
2024-08-14 08:45:35,6,24.6172,233611264,670514,43814654
2024-08-14 08:45:40,0,24.6172,233611264,670568,43814700
2024-08-14 08:45:45,0,24.6172,233611264,670658,43814776
2024-08-14 08:45:51,0,24.6167,233607168,672969,43816762
2024-08-14 08:45:56,3.1,24.6167,233607168,672969,43816762
2024-08-14 08:46:01,3,24.6163,233603072,673059,43816838
2024-08-14 08:46:06,6.2,24.6163,233603072,673059,43816838
2024-08-14 08:46:11,0,24.6422,233848832,673059,43816838
2024-08-14 08:46:17,3.2,24.6422,233848832,673509,43817218
2024-08-14 08:46:22,0,24.6422,233848832,673509,43817218
2024-08-14 08:46:27,0,24.6422,233848832,673509,43817218
2024-08-14 08:46:32,0,24.6422,233848832,673641,43817322
2024-08-14 08:46:37,6.2,24.6422,233848832,673641,43817322
2024-08-14 08:46:42,3.1,24.7505,234876928,677988,43821366
2024-08-14 08:46:48,0,24.7505,234876928,678078,43821442
2024-08-14 08:46:53,3.2,24.8045,235388928,678216,43821442
2024-08-14 08:46:58,3,24.8045,235388928,678216,43821442
2024-08-14 08:47:03,0,24.8304,235634688,678306,43821518
2024-08-14 08:47:08,0,24.8304,235634688,678414,43821638
2024-08-14 08:47:14,5.8,24.8304,235634688,678414,43821638
2024-08-14 08:47:19,0,24.8304,235634688,678504,43821714
2024-08-14 08:47:24,0,24.8304,235634688,678636,43821818
2024-08-14 08:47:29,0,24.8558,235876352,680989,43823884
2024-08-14 08:47:34,6.2,24.8558,235876352,680989,43823884
2024-08-14 08:47:40,6.1,24.8558,235876352,681079,43823960
2024-08-14 08:47:45,0,24.8558,235876352,681079,43823960
2024-08-14 08:47:50,3.1,24.8558,235876352,681079,43823960
2024-08-14 08:47:55,0,24.8558,235876352,681169,43824036
2024-08-14 08:48:00,3,24.8558,235876352,681169,43824036
2024-08-14 08:48:06,0,24.8817,236122112,681169,43824036
2024-08-14 08:48:11,3.1,24.8817,236122112,681259,43824112
2024-08-14 08:48:16,6,24.8817,236122112,681371,43824140
2024-08-14 08:48:21,0,25.2521,239636480,716874,44018712
2024-08-14 08:48:26,5.8,25.2521,239636480,717234,44019016
2024-08-14 08:48:32,6,25.2521,239636480,717234,44019016
2024-08-14 08:48:37,3.2,25.2521,239636480,717234,44019016
2024-08-14 08:48:42,0,25.2521,239636480,717324,44019092
2024-08-14 08:48:47,0,25.2521,239636480,717462,44019092
2024-08-14 08:48:52,3.2,25.2521,239636480,717462,44019092
2024-08-14 08:48:57,2.9,25.2521,239636480,717552,44019168
2024-08-14 08:49:03,5.9,25.2521,239636480,719905,44021182
2024-08-14 08:49:08,0,25.2775,239878144,719905,44021182
2024-08-14 08:49:13,0,25.2775,239878144,719995,44021258
2024-08-14 08:49:18,6.2,25.3047,240136192,720037,44021286
2024-08-14 08:49:23,2.9,25.3863,240910336,720037,44021286
2024-08-14 08:49:29,0,25.4407,241426432,720127,44021362
2024-08-14 08:49:34,6.2,22.8695,217026560,720217,44021438
2024-08-14 08:49:39,0,22.9239,217542656,720217,44021438
2024-08-14 08:49:44,0,23.1401,219594752,720271,44021484
2024-08-14 08:49:49,0,23.1669,219848704,720403,44021588
2024-08-14 08:49:55,3.1,23.4354,222396416,724816,44025632
2024-08-14 08:50:00,0,23.4354,222396416,724816,44025632
2024-08-14 08:50:05,0,23.4354,222396416,724906,44025708
2024-08-14 08:50:10,0,23.4354,222396416,724906,44025708
2024-08-14 08:50:15,6.2,23.4354,222396416,724948,44025736
2024-08-14 08:50:21,0,23.4354,222396416,725038,44025812
2024-08-14 08:50:26,0,23.4354,222396416,725038,44025812
2024-08-14 08:50:31,3.2,23.4349,222392320,725128,44025888
2024-08-14 08:50:36,0,24.6582,234000384,747932,44029946
2024-08-14 08:50:41,2.9,24.82,235536384,747932,44029946
2024-08-14 08:50:47,21.9,24.8468,235790336,766769,44040376
2024-08-14 08:50:52,6.2,24.9012,236306432,767453,44040920
2024-08-14 08:50:57,3.1,25.0902,238100480,773844,44042172
2024-08-14 08:51:02,0,25.0898,238096384,782569,44047714
2024-08-14 08:51:07,3.1,25.0898,238096384,784117,44050363
2024-08-14 08:51:13,3,25.0898,238096384,790766,44052083
2024-08-14 08:51:18,3.1,25.0898,238096384,793838,44056594
2024-08-14 08:51:23,6.1,25.0881,238080000,805221,44067848
2024-08-14 08:51:28,9.3,25.0863,238063616,824815,44077750
2024-08-14 08:51:33,3.2,25.0742,237948928,843933,44089381
2024-08-14 08:51:39,6.1,25.0738,237944832,862388,44100555
2024-08-14 08:51:44,9.3,25.0734,237940736,867998,44104023
2024-08-14 08:51:49,3,18.3988,174600192,871304,44109796
2024-08-14 08:51:54,3.1,18.615,176652288,871304,44109796
2024-08-14 08:51:59,3.2,18.6422,176910336,871394,44109872
2024-08-14 08:52:04,0,18.6422,176910336,871448,44109918
2024-08-14 08:52:10,3.2,18.6422,176910336,871490,44109946
2024-08-14 08:52:15,6.1,18.6966,177426432,871580,44110022
2024-08-14 08:52:20,0,18.6966,177426432,871622,44110050
2024-08-14 08:52:25,6.1,18.6966,177426432,871622,44110050
2024-08-14 08:52:30,0,18.6966,177426432,871712,44110126
2024-08-14 08:52:36,0,18.6966,177426432,871712,44110126
2024-08-14 08:52:41,3.2,18.6966,177426432,872252,44110398
2024-08-14 08:52:46,3.2,18.6962,177422336,872712,44110714
2024-08-14 08:52:51,3.1,18.6962,177422336,872786,44110714
2024-08-14 08:52:56,0,18.6962,177422336,872786,44110714
2024-08-14 08:53:02,3.2,18.6962,177422336,872950,44110790
2024-08-14 08:53:07,5.8,18.6962,177422336,872992,44110818
2024-08-14 08:53:12,3.1,18.6962,177422336,873108,44110864
2024-08-14 08:53:17,3,18.6962,177422336,873430,44110968
2024-08-14 08:53:22,0,18.7203,177651712,875466,44113026
2024-08-14 08:53:28,3.2,18.7203,177651712,875524,44113026
