2024-08-14 08:40:00,9.4,17.5902,166920192,214971,29154829
2024-08-14 08:40:05,5.8,18.0917,171679744,342912,46017675
2024-08-14 08:40:10,6.1,18.0917,171679744,342912,46017675
2024-08-14 08:40:16,3.2,18.0917,171679744,342970,46017813
2024-08-14 08:40:21,3.2,18.0917,171679744,343060,46017889
2024-08-14 08:40:26,6,18.0913,171675648,343060,46017889
2024-08-14 08:40:31,3.1,18.1185,171933696,343060,46017889
2024-08-14 08:40:36,0,18.1457,172191744,343150,46017965
2024-08-14 08:40:41,0,18.1457,172191744,343192,46017993
2024-08-14 08:40:47,3.1,18.1457,172191744,343192,46017993
2024-08-14 08:40:52,0,18.1457,172191744,343192,46017993
2024-08-14 08:40:57,3.1,18.1457,172191744,343324,46018097
2024-08-14 08:41:02,0,18.1452,172187648,343324,46018097
2024-08-14 08:41:07,0,18.1452,172187648,343504,46018249
2024-08-14 08:41:13,6,18.2536,173215744,343816,46018505
2024-08-14 08:41:18,3,18.2795,173461504,343816,46018505
2024-08-14 08:41:23,6.2,18.3887,174497792,343816,46018505
2024-08-14 08:41:28,0,18.5519,176046080,345942,46020640
2024-08-14 08:41:33,0,18.5519,176046080,345942,46020640
2024-08-14 08:41:39,0,18.5519,176046080,346080,46020640
2024-08-14 08:41:44,0,18.5519,176046080,346170,46020716
2024-08-14 08:41:49,6,18.7409,177840128,346212,46020744
2024-08-14 08:41:54,0,18.9308,179642368,346212,46020744
2024-08-14 08:41:59,0,19.0655,180920320,346302,46020820
2024-08-14 08:42:05,6.2,19.091,181161984,346344,46020848
2024-08-14 08:42:10,2.9,19.1182,181420032,346344,46020848
2024-08-14 08:42:15,3.1,19.2809,182964224,346794,46021228
2024-08-14 08:42:20,6,19.3897,183996416,346794,46021228
2024-08-14 08:42:25,0,19.4169,184254464,346794,46021228
2024-08-14 08:42:31,0,19.4967,185012224,346884,46021304
2024-08-14 08:42:36,3,16.8628,160018432,346926,46021332
2024-08-14 08:42:41,0,21.8655,207491072,353206,46027689
2024-08-14 08:42:46,12.9,23.1687,219856896,381665,46047439
2024-08-14 08:42:51,21.9,23.1941,220098560,404692,46060717
2024-08-14 08:42:56,6.5,23.2477,220606464,416121,46068566
2024-08-14 08:43:02,3.1,23.2477,220606464,424492,46074910
2024-08-14 08:43:07,6.7,23.2748,220864512,444174,46086834
2024-08-14 08:43:12,12.9,23.302,221122560,467321,46099503
2024-08-14 08:43:17,15.6,23.3003,221106176,513816,46125946
2024-08-14 08:43:22,9.1,23.3038,221138944,543996,46152796
2024-08-14 08:43:28,9.1,23.3823,221884416,565467,46165662
2024-08-14 08:43:33,6.2,23.3797,221859840,581894,46176143
2024-08-14 08:43:38,3.2,23.3806,221868032,601298,46189965
2024-08-14 08:43:43,15.6,23.3836,221896704,629512,46222184
2024-08-14 08:43:48,3,23.4194,222236672,649162,46256854
2024-08-14 08:43:54,6.2,23.473,222744576,649252,46256930
2024-08-14 08:43:59,6.1,23.473,222744576,649252,46256930
2024-08-14 08:44:04,3,23.473,222744576,649306,46256976
2024-08-14 08:44:09,3,23.4721,222736384,649396,46257052
2024-08-14 08:44:14,3.1,23.4721,222736384,649396,46257052
2024-08-14 08:44:20,0,23.4993,222994432,649396,46257052
2024-08-14 08:44:25,0,23.5537,223510528,649846,46257432
2024-08-14 08:44:30,0,23.5809,223768576,649888,46257460
2024-08-14 08:44:35,6.2,23.5809,223768576,649888,46257460
2024-08-14 08:44:40,0,23.6081,224026624,650020,46257564
2024-08-14 08:44:46,0,23.6625,224542720,650020,46257564
2024-08-14 08:44:51,3.2,23.7427,225304576,650020,46257564
2024-08-14 08:44:56,0,23.7427,225304576,650110,46257640
2024-08-14 08:45:01,3,23.7427,225304576,650152,46257668
2024-08-14 08:45:06,3.2,23.7328,225210368,650222,46257668
2024-08-14 08:45:12,6.2,23.7328,225210368,650312,46257744
2024-08-14 08:45:17,0,23.7328,225210368,650312,46257744
2024-08-14 08:45:22,3.1,23.7328,225210368,650450,46257744
2024-08-14 08:45:27,3.1,23.7328,225210368,650810,46258048
2024-08-14 08:45:32,3.1,23.7522,225394688,653002,46260183
2024-08-14 08:45:37,6.2,23.7522,225394688,653044,46260211
2024-08-14 08:45:43,0,23.7522,225394688,653044,46260211
2024-08-14 08:45:48,3.2,23.7522,225394688,653134,46260287
2024-08-14 08:45:53,0,23.779,225648640,653134,46260287
2024-08-14 08:45:58,0,23.8053,225898496,653134,46260287
2024-08-14 08:46:03,0,23.8325,226156544,653224,46260363
2024-08-14 08:46:09,0,23.8325,226156544,653266,46260391
2024-08-14 08:46:14,6.2,23.8321,226152448,653266,46260391
2024-08-14 08:46:19,3.1,23.8317,226148352,653356,46260467
2024-08-14 08:46:24,6.1,23.8308,226140160,653356,46260467
2024-08-14 08:46:29,0,23.8308,226140160,653536,46260619
2024-08-14 08:46:35,3.2,23.8308,226140160,653890,46260903
2024-08-14 08:46:40,3.2,23.8308,226140160,653890,46260903
2024-08-14 08:46:45,0,23.8299,226131968,653890,46260903
2024-08-14 08:46:50,3.2,23.8299,226131968,653980,46260979
2024-08-14 08:46:55,3.1,23.8299,226131968,653980,46260979
2024-08-14 08:47:01,0,23.8299,226131968,653980,46260979
2024-08-14 08:47:06,3,23.8299,226131968,654070,46261055
2024-08-14 08:47:11,6.2,23.8299,226131968,654112,46261083
2024-08-14 08:47:16,3,23.9659,227422208,654112,46261083
2024-08-14 08:47:21,3.1,23.9655,227418112,654340,46261159
2024-08-14 08:47:27,3.1,23.9655,227418112,654382,46261187
2024-08-14 08:47:32,3,23.9655,227418112,656616,46263246
2024-08-14 08:47:37,0,23.9655,227418112,656880,46263368
2024-08-14 08:47:42,0,23.9655,227418112,656938,46263368
2024-08-14 08:47:47,3.1,23.9655,227418112,656938,46263368
2024-08-14 08:47:53,3.1,23.9655,227418112,656996,46263368
2024-08-14 08:47:58,0,23.9655,227418112,657086,46263444
2024-08-14 08:48:03,0,23.9655,227418112,657086,46263444
2024-08-14 08:48:08,3.2,23.9655,227418112,657198,46263490
2024-08-14 08:48:13,0,23.9655,227418112,657288,46263566
2024-08-14 08:48:19,3.2,23.9655,227418112,657288,46263566
2024-08-14 08:48:24,3.2,23.9655,227418112,657330,46263594
2024-08-14 08:48:29,6.2,24.4994,232484864,688308,46453781
2024-08-14 08:48:34,6,24.4994,232484864,688308,46453781
2024-08-14 08:48:39,6.2,24.499,232480768,688488,46453933
2024-08-14 08:48:45,3.1,24.499,232480768,688758,46454161
2024-08-14 08:48:50,3,24.499,232480768,688758,46454161
2024-08-14 08:48:55,5.9,24.499,232480768,688758,46454161
2024-08-14 08:49:00,0,24.499,232480768,688848,46454237
2024-08-14 08:49:05,3.2,24.499,232480768,688848,46454237
2024-08-14 08:49:11,0,24.499,232480768,688848,46454237
2024-08-14 08:49:16,6.1,24.499,232480768,689130,46454359
2024-08-14 08:49:21,0,24.499,232480768,689214,46454415
2024-08-14 08:49:26,3.1,24.499,232480768,689214,46454415
2024-08-14 08:49:31,0,24.499,232480768,691406,46456550
2024-08-14 08:49:37,3.2,24.499,232480768,691406,46456550
2024-08-14 08:49:42,8.4,24.499,232480768,691406,46456550
2024-08-14 08:49:47,5.8,24.5521,232984576,691496,46456626
2024-08-14 08:49:52,2.9,24.5521,232984576,691496,46456626
2024-08-14 08:49:57,0,24.5521,232984576,691496,46456626
2024-08-14 08:50:03,5.7,24.5521,232984576,691496,46456626
2024-08-14 08:50:08,0,24.5521,232984576,691586,46456702
2024-08-14 08:50:13,3.3,24.5521,232984576,691586,46456702
2024-08-14 08:50:18,3.1,24.5521,232984576,691628,46456730
2024-08-14 08:50:23,3.2,24.5521,232984576,691718,46456806
2024-08-14 08:50:29,0,24.5521,232984576,691760,46456834
2024-08-14 08:50:34,3.1,24.5521,232984576,691760,46456834
2024-08-14 08:50:39,0,24.5521,232984576,691850,46456910
2024-08-14 08:50:44,3.2,24.7968,235307008,714294,46460663
2024-08-14 08:50:49,3.2,24.8784,236081152,714474,46460815
2024-08-14 08:50:55,3.1,25.2043,239173632,738811,46465963
2024-08-14 08:51:00,3.1,25.2859,239947776,740863,46470363
2024-08-14 08:51:05,3.1,25.313,240205824,744169,46474166
2024-08-14 08:51:10,3.2,25.313,240205824,766346,46477602
2024-08-14 08:51:15,3.1,25.313,240205824,766388,46477630
2024-08-14 08:51:21,5.8,25.313,240205824,773228,46489090
2024-08-14 08:51:26,12.9,25.313,240205824,805137,46502864
2024-08-14 08:51:31,9.7,25.2992,240074752,831967,46521420
2024-08-14 08:51:36,0,25.2958,240041984,849376,46530213
2024-08-14 08:51:41,0,25.2953,240037888,868029,46541101
2024-08-14 08:51:46,0,18.7983,178384896,880815,46552162
2024-08-14 08:51:52,0,18.7987,178388992,880815,46552162
2024-08-14 08:51:57,0,18.7987,178388992,880905,46552238
2024-08-14 08:52:02,0,18.7987,178388992,880905,46552238
2024-08-14 08:52:07,0,18.7987,178388992,880905,46552238
2024-08-14 08:52:12,6.1,18.7987,178388992,880947,46552266
2024-08-14 08:52:18,3.1,18.7987,178388992,881037,46552342
2024-08-14 08:52:23,6.2,18.7987,178388992,881037,46552342
2024-08-14 08:52:28,6,18.7983,178384896,881037,46552342
2024-08-14 08:52:33,0,18.8242,178630656,881127,46552418
2024-08-14 08:52:38,3,18.8242,178630656,881169,46552446
2024-08-14 08:52:44,3.2,18.8242,178630656,881169,46552446
2024-08-14 08:52:49,6.1,18.8242,178630656,881259,46552522
2024-08-14 08:52:54,3,18.8786,179146752,881259,46552522
2024-08-14 08:52:59,6.2,19.0677,180940800,881529,46552750
2024-08-14 08:53:04,3.1,19.0677,180940800,881847,46552902
2024-08-14 08:53:10,3,19.1764,181972992,881889,46552930
2024-08-14 08:53:15,0,19.1764,181972992,881889,46552930
2024-08-14 08:53:20,0,19.1764,181972992,881979,46553006
2024-08-14 08:53:25,5.8,19.1764,181972992,881979,46553006
2024-08-14 08:53:30,0,19.2006,182202368,884015,46555065
2024-08-14 08:53:36,0,19.2006,182202368,884147,46555169
2024-08-14 08:53:41,3.1,19.2006,182202368,884147,46555169
