2024-08-14 08:39:55,12.1,17.9402,170242048,189879,29146726
2024-08-14 08:40:01,6.1,18.1586,172314624,336660,46009630
2024-08-14 08:40:06,3.1,18.1565,172294144,336660,46009630
2024-08-14 08:40:11,0,18.1828,172544000,336660,46009630
2024-08-14 08:40:16,0,18.1828,172544000,336750,46009706
2024-08-14 08:40:21,3.1,18.21,172802048,336750,46009706
2024-08-14 08:40:27,3.2,18.21,172802048,336792,46009734
2024-08-14 08:40:32,0,18.346,174092288,336882,46009810
2024-08-14 08:40:37,0,18.4275,174866432,336882,46009810
2024-08-14 08:40:42,0,18.4275,174866432,336882,46009810
2024-08-14 08:40:47,0,18.4275,174866432,336972,46009886
2024-08-14 08:40:53,3.1,18.4275,174866432,337014,46009914
2024-08-14 08:40:58,3.2,18.4275,174866432,337014,46009914
2024-08-14 08:41:03,0,18.699,177442816,339476,46012277
2024-08-14 08:41:08,3.2,18.699,177442816,339566,46012353
2024-08-14 08:41:13,3.2,18.699,177442816,339566,46012353
2024-08-14 08:41:19,0,18.699,177442816,339566,46012353
2024-08-14 08:41:24,0,18.699,177442816,339698,46012457
2024-08-14 08:41:29,3.2,18.699,177442816,339698,46012457
2024-08-14 08:41:34,3.1,18.699,177442816,339698,46012457
2024-08-14 08:41:39,6.2,18.699,177442816,339788,46012533
2024-08-14 08:41:45,3.1,18.7258,177696768,339830,46012561
2024-08-14 08:41:50,0,18.7258,177696768,339968,46012561
2024-08-14 08:41:55,0,18.7258,177696768,340058,46012637
2024-08-14 08:42:00,0,18.7258,177696768,340058,46012637
2024-08-14 08:42:05,3.1,18.7219,177659904,340148,46012713
2024-08-14 08:42:11,3.2,18.7215,177655808,340550,46013045
2024-08-14 08:42:16,3.1,18.7215,177655808,340550,46013045
2024-08-14 08:42:21,0,18.7215,177655808,340592,46013073
2024-08-14 08:42:26,0,18.7206,177647616,340682,46013149
2024-08-14 08:42:31,0,18.7206,177647616,340682,46013149
2024-08-14 08:42:36,36.7,20.9703,198995968,341253,46014059
2024-08-14 08:42:42,0,22.8579,216907776,350357,46024758
2024-08-14 08:42:47,0,24.4057,231596032,385054,46043424
2024-08-14 08:42:52,0,24.4325,231849984,402309,46054675
2024-08-14 08:42:57,6,24.4321,231845888,413301,46062666
2024-08-14 08:43:02,3.4,24.4312,231837696,423223,46070376
2024-08-14 08:43:08,9.4,24.4312,231837696,440551,46081179
2024-08-14 08:43:13,20.5,24.4308,231833600,467650,46096824
2024-08-14 08:43:18,0,24.4286,231813120,509466,46120734
2024-08-14 08:43:23,17.7,24.4299,231825408,541290,46143210
2024-08-14 08:43:28,0,24.4295,231821312,560686,46152571
2024-08-14 08:43:34,3.1,24.4528,232042496,582144,46168795
2024-08-14 08:43:39,9.4,24.4593,232103936,602793,46192068
2024-08-14 08:43:44,33.3,24.4593,232103936,630383,46220959
2024-08-14 08:43:49,0,24.4688,232194048,647476,46251472
2024-08-14 08:43:54,3.2,24.4688,232194048,647476,46251472
2024-08-14 08:44:00,3,24.4688,232194048,647476,46251472
2024-08-14 08:44:05,0,24.4688,232194048,647566,46251548
2024-08-14 08:44:10,0,24.4688,232194048,647566,46251548
2024-08-14 08:44:15,0,24.4688,232194048,647842,46251774
2024-08-14 08:44:20,0,24.4679,232185856,648154,46252030
2024-08-14 08:44:26,3.2,24.4679,232185856,648154,46252030
2024-08-14 08:44:31,3.2,24.4679,232185856,648154,46252030
2024-08-14 08:44:36,6.1,24.4679,232185856,648244,46252106
2024-08-14 08:44:41,0,24.4679,232185856,648244,46252106
2024-08-14 08:44:46,0,24.4679,232185856,648244,46252106
2024-08-14 08:44:51,3.1,24.4679,232185856,648334,46252182
2024-08-14 08:44:57,0,24.4679,232185856,648376,46252210
2024-08-14 08:45:02,0,24.4748,232251392,650544,46254269
2024-08-14 08:45:07,3.1,24.502,232509440,650676,46254373
2024-08-14 08:45:12,5.8,24.5564,233025536,650676,46254373
2024-08-14 08:45:17,3.1,24.5564,233025536,650676,46254373
2024-08-14 08:45:23,3.1,24.5564,233025536,651126,46254753
2024-08-14 08:45:28,0,24.5564,233025536,651126,46254753
2024-08-14 08:45:33,0,24.5564,233025536,651126,46254753
2024-08-14 08:45:38,0,24.5564,233025536,651216,46254829
2024-08-14 08:45:43,0,24.5564,233025536,651396,46254857
2024-08-14 08:45:49,8.6,24.5555,233017344,651450,46254949
2024-08-14 08:45:54,3,24.5555,233017344,651450,46254949
2024-08-14 08:45:59,3.2,24.5547,233009152,651540,46255025
2024-08-14 08:46:04,0,24.5547,233009152,651582,46255053
2024-08-14 08:46:09,3.1,24.5547,233009152,651582,46255053
2024-08-14 08:46:15,8.4,24.5538,233000960,651672,46255129
2024-08-14 08:46:20,0,24.5538,233000960,651714,46255157
2024-08-14 08:46:25,2.9,24.5538,233000960,651984,46255385
2024-08-14 08:46:30,5.9,24.5538,233000960,652164,46255537
2024-08-14 08:46:35,0,24.5538,233000960,652164,46255537
2024-08-14 08:46:41,0,24.5538,233000960,652164,46255537
2024-08-14 08:46:46,3.1,24.5534,232996864,652254,46255613
2024-08-14 08:46:51,3.1,24.5534,232996864,652296,46255641
2024-08-14 08:46:56,6.1,24.5534,232996864,652296,46255641
2024-08-14 08:47:01,2.9,24.5534,232996864,654464,46257804
2024-08-14 08:47:07,3.2,24.5534,232996864,654464,46257804
2024-08-14 08:47:12,3.1,24.5534,232996864,654464,46257804
2024-08-14 08:47:17,3.1,24.5534,232996864,654554,46257880
2024-08-14 08:47:22,3.2,24.5534,232996864,654554,46257880
2024-08-14 08:47:27,3.1,24.5534,232996864,654554,46257880
2024-08-14 08:47:33,3.2,24.5534,232996864,654872,46258032
2024-08-14 08:47:38,2.9,24.5534,232996864,654914,46258060
2024-08-14 08:47:43,2.9,24.5534,232996864,654914,46258060
2024-08-14 08:47:48,0,24.5529,232992768,655004,46258136
2024-08-14 08:47:53,2.9,24.5529,232992768,655058,46258188
2024-08-14 08:47:59,0,24.5529,232992768,655100,46258216
2024-08-14 08:48:04,3.1,24.5529,232992768,655190,46258292
2024-08-14 08:48:09,5.7,24.5529,232992768,655232,46258320
2024-08-14 08:48:14,6.2,24.5529,232992768,655232,46258320
2024-08-14 08:48:20,3,24.5529,232992768,655232,46258320
2024-08-14 08:48:25,0,24.5529,232992768,655322,46258396
2024-08-14 08:48:30,6.2,24.9509,236769280,686215,46448491
2024-08-14 08:48:35,3.2,24.9509,236769280,686485,46448719
2024-08-14 08:48:40,3.2,24.9509,236769280,686665,46448871
2024-08-14 08:48:46,0,24.95,236761088,686665,46448871
2024-08-14 08:48:51,3,24.95,236761088,686665,46448871
2024-08-14 08:48:56,3,24.95,236761088,686797,46448975
2024-08-14 08:49:01,12.4,24.95,236761088,688833,46451034
2024-08-14 08:49:06,0,24.95,236761088,688833,46451034
2024-08-14 08:49:12,5.8,24.95,236761088,688923,46451110
2024-08-14 08:49:17,0,24.95,236761088,688923,46451110
2024-08-14 08:49:22,0,24.95,236761088,689061,46451110
2024-08-14 08:49:27,6.2,24.95,236761088,689151,46451186
2024-08-14 08:49:32,6,24.95,236761088,689151,46451186
2024-08-14 08:49:38,3.2,24.95,236761088,689221,46451186
2024-08-14 08:49:43,3,24.95,236761088,689401,46451338
2024-08-14 08:49:48,3.1,24.95,236761088,689443,46451366
2024-08-14 08:49:53,6.2,24.95,236761088,689485,46451394
2024-08-14 08:49:58,5.8,24.95,236761088,689629,46451516
2024-08-14 08:50:04,3.1,24.95,236761088,689629,46451516
2024-08-14 08:50:09,0,24.95,236761088,689629,46451516
2024-08-14 08:50:14,3.1,24.95,236761088,689719,46451592
2024-08-14 08:50:19,6.2,24.95,236761088,689761,46451620
2024-08-14 08:50:24,0,24.95,236761088,689761,46451620
2024-08-14 08:50:30,3.2,24.95,236761088,689851,46451696
2024-08-14 08:50:35,3.1,24.95,236761088,689851,46451696
2024-08-14 08:50:40,0,24.95,236761088,689851,46451696
2024-08-14 08:50:45,6,25.2215,239337472,712607,46455707
2024-08-14 08:50:50,3.1,25.2487,239595520,712787,46455859
2024-08-14 08:50:56,9.1,26.0917,247595008,736854,46460779
2024-08-14 08:51:01,0,26.1189,247853056,739446,46466059
2024-08-14 08:51:06,12.1,26.1189,247853056,753168,46472409
2024-08-14 08:51:11,0,26.1189,247853056,766419,46474477
2024-08-14 08:51:16,0,26.1189,247853056,768069,46477557
2024-08-14 08:51:22,21.3,26.1448,248098816,783511,46489725
2024-08-14 08:51:27,3.2,26.1431,248082432,817949,46506692
2024-08-14 08:51:32,3.2,26.131,247967744,833757,46517887
2024-08-14 08:51:37,0,26.1275,247934976,850020,46526657
2024-08-14 08:51:43,6.2,26.1275,247934976,868953,46537237
2024-08-14 08:51:48,0,19.0625,180891648,879015,46547091
2024-08-14 08:51:53,6.1,19.2248,182431744,879105,46547167
2024-08-14 08:51:58,3,16.6604,158097408,879105,46547167
2024-08-14 08:52:03,6.2,16.742,158871552,879105,46547167
2024-08-14 08:52:08,3,16.8223,159633408,879195,46547243
2024-08-14 08:52:14,6.2,16.9039,160407552,879195,46547243
2024-08-14 08:52:19,0,17.0398,161697792,879195,46547243
2024-08-14 08:52:24,3.1,17.0398,161697792,879285,46547319
2024-08-14 08:52:29,3.1,17.0394,161693696,879327,46547347
2024-08-14 08:52:35,0,17.0394,161693696,879327,46547347
2024-08-14 08:52:40,3.2,17.0394,161693696,879459,46547451
2024-08-14 08:52:45,6.1,17.0942,162213888,879459,46547451
2024-08-14 08:52:50,3.2,17.1201,162459648,879459,46547451
2024-08-14 08:52:55,0,17.1201,162459648,879909,46547831
2024-08-14 08:53:01,6,17.1201,162459648,879951,46547859
2024-08-14 08:53:06,0,17.4404,165498880,882119,46549918
2024-08-14 08:53:11,3,17.4404,165498880,882119,46549918
2024-08-14 08:53:16,0,17.4404,165498880,882347,46549994
2024-08-14 08:53:21,3,17.4404,165498880,882347,46549994
2024-08-14 08:53:27,3,17.4404,165498880,882347,46549994
2024-08-14 08:53:32,6.2,17.4404,165498880,882437,46550070
2024-08-14 08:53:37,3,17.4404,165498880,882521,46550126
2024-08-14 08:53:42,3.2,17.4404,165498880,882521,46550126
2024-08-14 08:53:47,3.2,17.4404,165498880,882611,46550202
2024-08-14 08:53:52,3.2,17.4404,165498880,882669,46550294
2024-08-14 08:53:58,6.2,17.4404,165498880,882669,46550294
2024-08-14 08:54:03,3.1,17.4399,165494784,882759,46550370
2024-08-14 08:54:08,6.2,17.4671,165752832,882801,46550398
2024-08-14 08:54:13,0,17.5215,166268928,882801,46550398
2024-08-14 08:54:19,0,17.5215,166268928,883244,46550829
