2024-08-14 08:36:48,20.5,18.9012,179367936,181492,29599989
2024-08-14 08:36:53,3.2,18.3038,173699072,292383,43031285
2024-08-14 08:36:58,0,18.356,174194688,292383,43031285
2024-08-14 08:37:04,0,18.3556,174190592,292473,43031361
2024-08-14 08:37:09,3.1,18.4635,175214592,292473,43031361
2024-08-14 08:37:14,0,18.5451,175988736,292473,43031361
2024-08-14 08:37:19,3,18.5451,175988736,292563,43031437
2024-08-14 08:37:24,0,18.5451,175988736,292605,43031465
2024-08-14 08:37:30,3.1,18.5451,175988736,292605,43031465
2024-08-14 08:37:35,0,18.5718,176242688,293309,43031891
2024-08-14 08:37:40,3.1,18.5718,176242688,293425,43031891
2024-08-14 08:37:45,3.1,18.5714,176238592,293425,43031891
2024-08-14 08:37:50,0,18.5714,176238592,293615,43031995
2024-08-14 08:37:56,0,18.5714,176238592,293711,43032069
2024-08-14 08:38:01,3.1,18.5714,176238592,293711,43032069
2024-08-14 08:38:06,3,18.5714,176238592,293859,43032145
2024-08-14 08:38:11,0,18.5718,176242688,293859,43032145
2024-08-14 08:38:16,0,18.5986,176496640,293859,43032145
2024-08-14 08:38:22,3.1,18.6245,176742400,293949,43032221
2024-08-14 08:38:27,6.2,18.6517,177000448,293991,43032249
2024-08-14 08:38:32,0,18.6517,177000448,293991,43032249
2024-08-14 08:38:37,6,18.6513,176996352,294351,43032553
2024-08-14 08:38:42,0,18.6513,176996352,294441,43032629
2024-08-14 08:38:48,3,18.7583,178012160,296589,43034715
2024-08-14 08:38:53,5.9,18.7583,178012160,296589,43034715
2024-08-14 08:38:58,0,18.7583,178012160,296679,43034791
2024-08-14 08:39:03,0,18.8114,178515968,296679,43034791
2024-08-14 08:39:08,3.1,18.8114,178515968,296679,43034791
2024-08-14 08:39:14,0,18.8658,179032064,296769,43034867
2024-08-14 08:39:19,3.2,18.8658,179032064,296769,43034867
2024-08-14 08:39:24,5.9,18.8658,179032064,296907,43034867
2024-08-14 08:39:29,0,18.8658,179032064,296997,43034943
2024-08-14 08:39:34,3,18.8658,179032064,297039,43034971
2024-08-14 08:39:40,3.2,18.8658,179032064,297129,43035047
2024-08-14 08:39:45,5.8,18.8917,179277824,297531,43035379
2024-08-14 08:39:50,3.2,18.8895,179257344,297531,43035379
2024-08-14 08:39:55,2.9,18.8895,179257344,297531,43035379
2024-08-14 08:40:00,3,18.8895,179257344,297621,43035455
2024-08-14 08:40:06,3.1,18.9159,179507200,299657,43037513
2024-08-14 08:40:11,6,18.9159,179507200,299657,43037513
2024-08-14 08:40:16,0,18.9159,179507200,299747,43037589
2024-08-14 08:40:21,5.9,18.9159,179507200,299747,43037589
2024-08-14 08:40:26,3.1,18.9159,179507200,299747,43037589
2024-08-14 08:40:32,6.1,18.9159,179507200,299837,43037665
2024-08-14 08:40:37,3.1,18.9159,179507200,299879,43037693
2024-08-14 08:40:42,0,18.9159,179507200,299921,43037721
2024-08-14 08:40:47,6.2,18.9159,179507200,300371,43038101
2024-08-14 08:40:52,0,18.9159,179507200,300371,43038101
2024-08-14 08:40:58,6,18.9159,179507200,300371,43038101
2024-08-14 08:41:03,3,18.9159,179507200,300371,43038101
2024-08-14 08:41:08,3.2,18.9159,179507200,300461,43038177
2024-08-14 08:41:13,0,18.9159,179507200,300503,43038205
2024-08-14 08:41:18,3.1,18.9159,179507200,300641,43038205
2024-08-14 08:41:24,6,18.9159,179507200,300731,43038281
2024-08-14 08:41:29,3,18.9159,179507200,300731,43038281
2024-08-14 08:41:34,3,18.9159,179507200,300773,43038309
2024-08-14 08:41:39,2.9,18.9159,179507200,300863,43038385
2024-08-14 08:41:44,5.8,18.9159,179507200,300905,43038413
2024-08-14 08:41:50,5.8,18.9154,179503104,303097,43040547
2024-08-14 08:41:55,3,18.9046,179400704,303457,43040851
2024-08-14 08:42:00,3.1,18.9046,179400704,303457,43040851
2024-08-14 08:42:05,0,18.9046,179400704,303457,43040851
2024-08-14 08:42:10,3.1,18.9305,179646464,303547,43040927
2024-08-14 08:42:16,3,18.9305,179646464,303547,43040927
2024-08-14 08:42:21,6,18.9305,179646464,303547,43040927
2024-08-14 08:42:26,0,18.9305,179646464,303637,43041003
2024-08-14 08:42:31,9.4,24.3474,231051264,353142,43074699
2024-08-14 08:42:36,0,24.347,231047168,379739,43093317
2024-08-14 08:42:42,6.5,24.3465,231043072,392876,43102577
2024-08-14 08:42:47,9.1,24.3711,231276544,413679,43112278
2024-08-14 08:42:52,3.1,24.3707,231272448,427641,43122259
2024-08-14 08:42:57,3,24.3707,231272448,434818,43126411
2024-08-14 08:43:02,0,24.3703,231268352,445595,43130696
2024-08-14 08:43:08,19.3,24.372,231284736,499647,43170860
2024-08-14 08:43:13,6.5,24.3806,231366656,589735,43241959
2024-08-14 08:43:18,3.1,24.3815,231374848,602134,43261768
2024-08-14 08:43:23,5.8,24.3815,231374848,604434,43263656
2024-08-14 08:43:28,6.1,24.3811,231370752,606491,43264452
2024-08-14 08:43:34,3.1,24.3806,231366656,609275,43266170
2024-08-14 08:43:39,0,24.3811,231370752,612694,43267995
2024-08-14 08:43:44,5.6,24.3828,231387136,620459,43281217
2024-08-14 08:43:49,0,24.3828,231387136,622651,43283351
2024-08-14 08:43:55,0,24.3828,231387136,622651,43283351
2024-08-14 08:44:00,3.1,24.3828,231387136,622741,43283427
2024-08-14 08:44:05,3,24.3828,231387136,623101,43283731
2024-08-14 08:44:10,6,24.3828,231387136,623101,43283731
2024-08-14 08:44:15,0,24.3828,231387136,623101,43283731
2024-08-14 08:44:21,2.9,24.3828,231387136,623191,43283807
2024-08-14 08:44:26,3.2,24.3828,231387136,623275,43283863
2024-08-14 08:44:31,3.1,24.3828,231387136,623275,43283863
2024-08-14 08:44:36,3,24.3823,231383040,623365,43283939
2024-08-14 08:44:41,0,24.3823,231383040,623365,43283939
2024-08-14 08:44:47,3.1,24.3806,231366656,623365,43283939
2024-08-14 08:44:52,3.2,24.3806,231366656,623455,43284015
2024-08-14 08:44:57,3,24.3806,231366656,623497,43284043
2024-08-14 08:45:02,8.6,24.3806,231366656,623497,43284043
2024-08-14 08:45:07,0,24.3806,231366656,623947,43284423
2024-08-14 08:45:13,6,24.3806,231366656,624085,43284423
2024-08-14 08:45:18,3.1,24.3806,231366656,624085,43284423
2024-08-14 08:45:23,0,24.3806,231366656,624217,43284527
2024-08-14 08:45:28,3.2,24.3806,231366656,624259,43284555
2024-08-14 08:45:33,3.1,24.3806,231366656,624259,43284555
2024-08-14 08:45:39,6,24.3806,231366656,624349,43284631
2024-08-14 08:45:44,0,24.3806,231366656,624349,43284631
2024-08-14 08:45:49,0,24.3802,231362560,626385,43286689
2024-08-14 08:45:54,0,24.4061,231608320,626385,43286689
2024-08-14 08:45:59,0,24.4057,231604224,626475,43286765
2024-08-14 08:46:05,0,24.4057,231604224,626475,43286765
2024-08-14 08:46:10,5.9,24.4057,231604224,626655,43286917
2024-08-14 08:46:15,5.8,24.4052,231600128,626925,43287145
2024-08-14 08:46:20,6.2,24.4052,231600128,626967,43287173
2024-08-14 08:46:25,8.6,24.4311,231845888,626967,43287173
2024-08-14 08:46:31,6.1,24.4311,231845888,627057,43287249
2024-08-14 08:46:36,3.1,24.4311,231845888,627099,43287277
2024-08-14 08:46:41,0,24.4311,231845888,627099,43287277
2024-08-14 08:46:46,0,24.4311,231845888,627189,43287353
2024-08-14 08:46:51,3.2,24.4311,231845888,627189,43287353
2024-08-14 08:46:57,3.1,24.4311,231845888,627189,43287353
2024-08-14 08:47:02,9.3,24.4311,231845888,627279,43287429
2024-08-14 08:47:07,3.2,24.4311,231845888,627459,43287457
2024-08-14 08:47:12,3,24.4311,231845888,627501,43287485
2024-08-14 08:47:17,0,24.4311,231845888,627771,43287713
2024-08-14 08:47:22,0,24.4311,231845888,627771,43287713
2024-08-14 08:47:28,0,24.4311,231845888,627771,43287713
2024-08-14 08:47:33,0,24.4311,231845888,627861,43287789
2024-08-14 08:47:38,3.2,24.4311,231845888,627903,43287817
2024-08-14 08:47:43,3,24.4311,231845888,627903,43287817
2024-08-14 08:47:48,3,24.4583,232103936,630227,43289951
2024-08-14 08:47:54,0,24.4583,232103936,630297,43289951
2024-08-14 08:47:59,3.1,24.4583,232103936,630297,43289951
2024-08-14 08:48:04,0,24.4583,232103936,630387,43290027
2024-08-14 08:48:09,0,24.4583,232103936,630429,43290055
2024-08-14 08:48:14,3,24.4583,232103936,630429,43290055
2024-08-14 08:48:20,3.1,24.6655,234070016,661830,43480318
2024-08-14 08:48:25,6,24.6655,234070016,661920,43480394
2024-08-14 08:48:30,2.9,24.6655,234070016,661920,43480394
2024-08-14 08:48:35,3.1,24.6655,234070016,661920,43480394
2024-08-14 08:48:40,0,24.6655,234070016,662010,43480470
2024-08-14 08:48:46,0,24.6655,234070016,662010,43480470
2024-08-14 08:48:51,3.1,24.6655,234070016,662010,43480470
2024-08-14 08:48:56,3,24.6655,234070016,662100,43480546
2024-08-14 08:49:01,0,24.6655,234070016,662142,43480574
2024-08-14 08:49:06,3,24.6655,234070016,662322,43480602
2024-08-14 08:49:12,6.1,24.6655,234070016,662466,43480724
2024-08-14 08:49:17,0,24.6651,234065920,662466,43480724
2024-08-14 08:49:22,3,24.6651,234065920,662466,43480724
2024-08-14 08:49:27,3,24.6651,234065920,662736,43480952
2024-08-14 08:49:32,3.1,24.6651,234065920,662778,43480980
2024-08-14 08:49:38,0,24.6651,234065920,662778,43480980
2024-08-14 08:49:43,0,24.6651,234065920,662868,43481056
2024-08-14 08:49:48,3,24.6651,234065920,665036,43483114
2024-08-14 08:49:53,6,24.6651,234065920,665036,43483114
2024-08-14 08:49:58,3.2,24.6651,234065920,665126,43483190
2024-08-14 08:50:03,3.1,24.6629,234045440,665168,43483218
2024-08-14 08:50:09,0,24.6629,234045440,665168,43483218
2024-08-14 08:50:14,3.2,24.6629,234045440,665258,43483294
2024-08-14 08:50:19,0,24.6629,234045440,665258,43483294
2024-08-14 08:50:24,0,24.6629,234045440,665258,43483294
2024-08-14 08:50:29,0,24.6625,234041344,665438,43483446
2024-08-14 08:50:35,3.1,24.9607,236871680,687973,43487275
2024-08-14 08:50:40,3.1,25.0151,237387776,700217,43494995
2024-08-14 08:50:45,0,25.0151,237387776,700307,43495071
2024-08-14 08:50:50,9.1,25.0151,237387776,705506,43496463
2024-08-14 08:50:55,0,25.0151,237387776,710949,43498420
2024-08-14 08:51:01,2.9,25.0151,237387776,712623,43503751
2024-08-14 08:51:06,3.1,25.0967,238161920,721525,43505363
2024-08-14 08:51:11,0,25.2598,239710208,721525,43505363
2024-08-14 08:51:16,3.2,25.3142,240226304,722833,43509273
2024-08-14 08:51:21,6.4,25.3414,240484352,731783,43517702
2024-08-14 08:51:27,9.4,25.4649,241655808,750495,43532061
2024-08-14 08:51:32,0,25.4601,241610752,768039,43541251
2024-08-14 08:51:37,3.1,25.4601,241610752,784277,43550203
2024-08-14 08:51:42,18.2,25.4601,241610752,796874,43557847
2024-08-14 08:51:47,0,17.2545,163741696,802678,43566045
2024-08-14 08:51:52,0,17.2817,163999744,802768,43566121
2024-08-14 08:51:58,3.2,17.3633,164773888,802810,43566149
2024-08-14 08:52:03,0,17.3633,164773888,802864,43566195
2024-08-14 08:52:08,0,17.4449,165548032,802954,43566271
2024-08-14 08:52:13,0,17.4738,165822464,802954,43566271
2024-08-14 08:52:18,0,17.5554,166596608,802954,43566271
2024-08-14 08:52:24,0,17.5826,166854656,803044,43566347
2024-08-14 08:52:29,3.2,17.6365,167366656,803044,43566347
2024-08-14 08:52:34,2.9,17.6365,167366656,803044,43566347
2024-08-14 08:52:39,0,17.6361,167362560,803224,43566499
2024-08-14 08:52:44,3.1,17.6361,167362560,803356,43566603
2024-08-14 08:52:50,3,17.7159,168120320,805590,43568661
2024-08-14 08:52:55,0,17.7159,168120320,805770,43568689
