2024-08-14 08:38:16,23.6,17.8163,169066496,265287,36298875
2024-08-14 08:38:21,0,18.2337,173027328,344958,46006295
2024-08-14 08:38:26,6.1,18.3152,173801472,344958,46006295
2024-08-14 08:38:31,0,18.3144,173793280,344958,46006295
2024-08-14 08:38:37,0,18.3144,173793280,345048,46006371
2024-08-14 08:38:42,3.1,18.3144,173793280,345048,46006371
2024-08-14 08:38:47,3.1,18.4503,175083520,345048,46006371
2024-08-14 08:38:52,3,18.5859,176369664,345498,46006751
2024-08-14 08:38:57,6,18.6131,176627712,345540,46006779
2024-08-14 08:39:03,6.1,18.6131,176627712,345540,46006779
2024-08-14 08:39:08,6.1,18.6131,176627712,345672,46006883
2024-08-14 08:39:13,0,18.6131,176627712,345726,46006929
2024-08-14 08:39:18,3.2,18.6131,176627712,345726,46006929
2024-08-14 08:39:23,0,18.6131,176627712,345816,46007005
2024-08-14 08:39:29,3.2,18.6131,176627712,345858,46007033
2024-08-14 08:39:34,6.1,18.6131,176627712,345858,46007033
2024-08-14 08:39:39,3.2,18.6131,176627712,346086,46007109
2024-08-14 08:39:44,8.6,18.6131,176627712,346086,46007109
2024-08-14 08:39:49,0,18.6131,176627712,346086,46007109
2024-08-14 08:39:55,3,18.6403,176885760,346446,46007413
2024-08-14 08:40:00,3,18.6946,177401856,346620,46007545
2024-08-14 08:40:05,3.2,18.9092,179437568,348854,46009604
2024-08-14 08:40:10,0,18.9092,179437568,348854,46009604
2024-08-14 08:40:15,3.1,18.9092,179437568,348944,46009680
2024-08-14 08:40:21,3,18.9364,179695616,348944,46009680
2024-08-14 08:40:26,0,18.9618,179937280,348944,46009680
2024-08-14 08:40:31,0,19.0434,180711424,349034,46009756
2024-08-14 08:40:36,6.2,19.0995,181243904,349076,46009784
2024-08-14 08:40:41,0,19.0995,181243904,349076,46009784
2024-08-14 08:40:47,5.9,19.0995,181243904,349166,46009860
2024-08-14 08:40:52,0,19.0995,181243904,349166,46009860
2024-08-14 08:40:57,0,19.0995,181243904,349208,46009888
2024-08-14 08:41:02,0,19.0995,181243904,349658,46010268
2024-08-14 08:41:07,3,19.0965,181215232,349700,46010296
2024-08-14 08:41:13,3.1,19.0965,181215232,349700,46010296
2024-08-14 08:41:18,3.1,19.0965,181215232,349790,46010372
2024-08-14 08:41:23,0,19.0965,181215232,349790,46010372
2024-08-14 08:41:28,3.2,19.1224,181460992,349790,46010372
2024-08-14 08:41:33,6,19.1224,181460992,350018,46010448
2024-08-14 08:41:39,0,19.1224,181460992,350018,46010448
2024-08-14 08:41:44,5.9,19.1224,181460992,350018,46010448
2024-08-14 08:41:49,0,19.1224,181460992,350108,46010524
2024-08-14 08:41:54,3.1,19.1224,181460992,350192,46010580
2024-08-14 08:41:59,6.2,19.1224,181460992,350192,46010580
2024-08-14 08:42:05,0,19.1768,181977088,352678,46013019
2024-08-14 08:42:10,3.1,19.1759,181968896,352678,46013019
2024-08-14 08:42:15,3.1,19.1759,181968896,352678,46013019
2024-08-14 08:42:20,0,19.1759,181968896,352732,46013065
2024-08-14 08:42:25,3.2,19.1759,181968896,352822,46013141
2024-08-14 08:42:31,5.9,22.8025,216383488,356302,46015049
2024-08-14 08:42:36,9.3,24.6443,233861120,395176,46042043
2024-08-14 08:42:41,0,24.6707,234110976,417215,46056877
2024-08-14 08:42:46,3.1,24.6707,234110976,438210,46072544
2024-08-14 08:42:51,9.7,24.725,234627072,450725,46079165
2024-08-14 08:42:57,5.9,24.7518,234881024,463274,46084377
2024-08-14 08:43:02,3,24.7527,234889216,470162,46090669
2024-08-14 08:43:07,6.1,24.7527,234889216,485282,46099268
2024-08-14 08:43:12,3.4,24.8075,235409408,529177,46129752
2024-08-14 08:43:18,18.8,24.836,235679744,565639,46153724
2024-08-14 08:43:23,6.2,24.8256,235581440,587456,46165441
2024-08-14 08:43:28,0,24.8507,235819008,608842,46182252
2024-08-14 08:43:33,3.2,24.8809,236105728,625714,46196781
2024-08-14 08:43:38,0,24.8813,236109824,641031,46214175
2024-08-14 08:43:43,30.3,24.8848,236142592,659697,46238969
2024-08-14 08:43:49,3.2,24.8908,236199936,669867,46256835
2024-08-14 08:43:54,0,24.8908,236199936,669867,46256835
2024-08-14 08:43:59,0,24.8908,236199936,669957,46256911
2024-08-14 08:44:04,0,24.8891,236183552,672125,46258970
2024-08-14 08:44:09,0,24.8882,236175360,672125,46258970
2024-08-14 08:44:15,3,24.8873,236167168,672575,46259350
2024-08-14 08:44:20,0,24.8873,236167168,672575,46259350
2024-08-14 08:44:25,3.2,24.8873,236167168,672575,46259350
2024-08-14 08:44:30,0,24.8852,236146688,672665,46259426
2024-08-14 08:44:35,0,24.8843,236138496,672665,46259426
2024-08-14 08:44:41,0,24.8843,236138496,672665,46259426
2024-08-14 08:44:46,3.2,24.8843,236138496,672707,46259454
2024-08-14 08:44:51,6,24.8843,236138496,672797,46259530
2024-08-14 08:44:56,0,24.8843,236138496,672839,46259558
2024-08-14 08:45:01,3,24.8843,236138496,672839,46259558
2024-08-14 08:45:07,3.2,24.8826,236122112,672929,46259634
2024-08-14 08:45:12,6.1,24.8826,236122112,672929,46259634
2024-08-14 08:45:17,0,24.8843,236138496,673257,46259846
2024-08-14 08:45:22,3.1,24.8839,236134400,673813,46260134
2024-08-14 08:45:27,3.1,24.8839,236134400,673887,46260134
2024-08-14 08:45:33,2.9,24.8839,236134400,673961,46260134
2024-08-14 08:45:38,6,24.9098,236380160,674135,46260266
2024-08-14 08:45:43,0,24.9098,236380160,674135,46260266
2024-08-14 08:45:48,3.2,24.9098,236380160,674135,46260266
2024-08-14 08:45:53,3.1,24.9098,236380160,674299,46260342
2024-08-14 08:45:59,0,22.1974,210640896,674299,46260342
2024-08-14 08:46:04,0,22.5461,213950464,676599,46262401
2024-08-14 08:46:09,3.2,22.6817,215236608,676689,46262477
2024-08-14 08:46:14,0,22.7633,216010752,676689,46262477
2024-08-14 08:46:19,3.1,22.7633,216010752,676689,46262477
2024-08-14 08:46:25,6.1,22.7633,216010752,677209,46262857
2024-08-14 08:46:30,3.1,22.8444,216780800,677251,46262885
2024-08-14 08:46:35,0,22.8444,216780800,677293,46262913
2024-08-14 08:46:40,0,22.844,216776704,677383,46262989
2024-08-14 08:46:45,3.1,22.844,216776704,677557,46263035
2024-08-14 08:46:51,0,22.844,216776704,677615,46263035
2024-08-14 08:46:56,3.2,22.844,216776704,677805,46263139
2024-08-14 08:47:01,3,22.844,216776704,677805,46263139
2024-08-14 08:47:06,3,22.844,216776704,677805,46263139
2024-08-14 08:47:11,0,22.8712,217034752,677805,46263139
2024-08-14 08:47:17,0,22.8984,217292800,678133,46263243
2024-08-14 08:47:22,0,22.8984,217292800,678133,46263243
2024-08-14 08:47:27,3.2,22.8984,217292800,678133,46263243
2024-08-14 08:47:32,0,22.9256,217550848,678355,46263423
2024-08-14 08:47:37,3.1,23.0326,218566656,678355,46263423
2024-08-14 08:47:43,0,23.0326,218566656,678355,46263423
2024-08-14 08:47:48,3.2,23.0326,218566656,678445,46263499
2024-08-14 08:47:53,3.2,23.0326,218566656,678487,46263527
2024-08-14 08:47:58,0,23.0326,218566656,678487,46263527
2024-08-14 08:48:03,0,23.3317,221405184,680745,46265662
2024-08-14 08:48:09,3.1,23.3317,221405184,680745,46265662
2024-08-14 08:48:14,0,23.3317,221405184,680745,46265662
2024-08-14 08:48:19,0,23.3317,221405184,680835,46265738
2024-08-14 08:48:24,3.1,24.2459,230080512,711858,46457305
2024-08-14 08:48:29,0,24.2459,230080512,711900,46457333
2024-08-14 08:48:35,3,24.2459,230080512,712350,46457713
2024-08-14 08:48:40,0,24.2459,230080512,712350,46457713
2024-08-14 08:48:45,3.2,24.2459,230080512,712350,46457713
2024-08-14 08:48:50,5.8,24.2459,230080512,712440,46457789
2024-08-14 08:48:55,0,24.2718,230326272,712482,46457817
2024-08-14 08:49:01,6,24.2718,230326272,712482,46457817
2024-08-14 08:49:06,3.2,24.2718,230326272,712572,46457893
2024-08-14 08:49:11,0,24.2718,230326272,712710,46457893
2024-08-14 08:49:16,3.1,24.2718,230326272,712710,46457893
2024-08-14 08:49:21,0,24.2718,230326272,712800,46457969
2024-08-14 08:49:27,3.2,24.2718,230326272,712884,46458025
2024-08-14 08:49:32,0,24.2718,230326272,712884,46458025
2024-08-14 08:49:37,0,24.2718,230326272,712884,46458025
2024-08-14 08:49:42,0,24.2718,230326272,713064,46458177
2024-08-14 08:49:47,3.1,24.2718,230326272,713064,46458177
2024-08-14 08:49:52,0,24.2718,230326272,713064,46458177
2024-08-14 08:49:58,0,24.2718,230326272,713154,46458253
2024-08-14 08:50:03,3.2,24.2718,230326272,713196,46458281
2024-08-14 08:50:08,3.1,24.3219,230801408,715496,46460340
2024-08-14 08:50:13,0,24.3219,230801408,715586,46460416
2024-08-14 08:50:19,0,24.3219,230801408,715586,46460416
2024-08-14 08:50:24,6,24.3219,230801408,715628,46460444
2024-08-14 08:50:29,0,24.3219,230801408,715718,46460520
2024-08-14 08:50:34,6,24.3219,230801408,715760,46460548
2024-08-14 08:50:39,3,24.6754,234156032,738297,46464377
2024-08-14 08:50:45,3.2,24.6754,234156032,738567,46464605
2024-08-14 08:50:50,5.7,25.4092,241119232,764581,46473833
2024-08-14 08:50:55,8.6,25.4092,241119232,765553,46475813
2024-08-14 08:51:00,18.8,25.4092,241119232,778806,46479129
2024-08-14 08:51:05,3.2,25.6811,243699712,789851,46480809
2024-08-14 08:51:10,6.1,25.7083,243957760,793271,46487281
2024-08-14 08:51:16,3.1,25.7083,243957760,799621,46489745
2024-08-14 08:51:21,6.2,25.7083,243957760,820317,46498593
2024-08-14 08:51:26,0,25.7049,243924992,843088,46514510
2024-08-14 08:51:31,3,25.6945,243826688,857959,46524655
2024-08-14 08:51:36,0,25.6911,243793920,876206,46534276
2024-08-14 08:51:42,3.1,25.6911,243793920,894589,46545213
2024-08-14 08:51:47,0,18.601,176513024,903855,46555348
2024-08-14 08:51:52,3.2,18.6286,176775168,904035,46555500
2024-08-14 08:51:57,3,18.6558,177033216,904035,46555500
2024-08-14 08:52:02,3,18.6558,177033216,904035,46555500
2024-08-14 08:52:08,0,18.683,177291264,904125,46555576
2024-08-14 08:52:13,0,18.7918,178323456,904167,46555604
2024-08-14 08:52:18,3.2,19.0633,180899840,904167,46555604
2024-08-14 08:52:23,0,19.1435,181661696,904257,46555680
2024-08-14 08:52:28,0,19.1435,181661696,904257,46555680
2024-08-14 08:52:34,5.8,19.1707,181919744,904257,46555680
2024-08-14 08:52:39,3,19.1979,182177792,904347,46555756
2024-08-14 08:52:44,3.1,19.2251,182435840,904389,46555784
2024-08-14 08:52:49,0,19.2247,182431744,904569,46555936
2024-08-14 08:52:54,0,19.2247,182431744,904749,46556088
2024-08-14 08:53:00,6,19.2791,182947840,904941,46556134
2024-08-14 08:53:05,2.9,19.2791,182947840,906977,46558193
2024-08-14 08:53:10,0,19.2786,182943744,907167,46558389
2024-08-14 08:53:15,3.1,19.2786,182943744,907167,46558389
2024-08-14 08:53:20,0,19.2786,182943744,907167,46558389
2024-08-14 08:53:26,3,19.2791,182947840,907257,46558465
2024-08-14 08:53:31,3,19.2791,182947840,907257,46558465
