2024-08-14 08:39:32,6.4,17.4455,165548032,201753,28943685
2024-08-14 08:39:37,3.2,18.4991,175546368,343428,45805585
2024-08-14 08:39:43,3.2,18.5263,175804416,343428,45805585
2024-08-14 08:39:48,0,18.5263,175804416,343608,45805737
2024-08-14 08:39:53,0,18.5263,175804416,343878,45805965
2024-08-14 08:39:58,5.8,18.5263,175804416,343920,45805993
2024-08-14 08:40:03,3.2,18.5535,176062464,343974,45806039
2024-08-14 08:40:08,3.2,18.5535,176062464,344106,45806143
2024-08-14 08:40:14,0,18.5807,176320512,344160,45806189
2024-08-14 08:40:19,3.2,18.6066,176566272,344160,45806189
2024-08-14 08:40:24,3.1,18.6338,176824320,344250,45806265
2024-08-14 08:40:29,0,18.661,177082368,344250,45806265
2024-08-14 08:40:34,3.2,18.7154,177598464,344250,45806265
2024-08-14 08:40:39,0,19.0093,180387840,346574,45808399
2024-08-14 08:40:45,0,19.0093,180387840,346616,45808427
2024-08-14 08:40:50,0,19.0093,180387840,346616,45808427
2024-08-14 08:40:55,6.2,19.0909,181161984,347108,45808835
2024-08-14 08:41:00,3.1,19.1181,181420032,347108,45808835
2024-08-14 08:41:05,3.2,19.1181,181420032,347246,45808835
2024-08-14 08:41:11,0,19.1181,181420032,347336,45808911
2024-08-14 08:41:16,0,19.1172,181411840,347336,45808911
2024-08-14 08:41:21,0,19.1172,181411840,347336,45808911
2024-08-14 08:41:26,0,19.2532,182702080,347426,45808987
2024-08-14 08:41:31,3.2,19.4163,184250368,347468,45809015
2024-08-14 08:41:36,3.2,19.4435,184508416,347468,45809015
2024-08-14 08:41:42,0,19.4435,184508416,347468,45809015
2024-08-14 08:41:47,0,19.4435,184508416,347558,45809091
2024-08-14 08:41:52,0,19.4707,184766464,347600,45809119
2024-08-14 08:41:57,6.2,19.6067,186056704,347690,45809195
2024-08-14 08:42:02,3.2,19.6063,186052608,348050,45809499
2024-08-14 08:42:07,0,19.6878,186826752,348050,45809499
2024-08-14 08:42:13,0,19.6878,186826752,348050,45809499
2024-08-14 08:42:18,0,19.6874,186822656,348140,45809575
2024-08-14 08:42:23,6.2,19.6874,186822656,348140,45809575
2024-08-14 08:42:28,3.1,20.0349,190119936,350374,45811633
2024-08-14 08:42:33,3.2,23.3045,221147136,353985,45813647
2024-08-14 08:42:39,6.4,23.4396,222429184,362378,45826996
2024-08-14 08:42:44,3.4,24.8809,236105728,402941,45847595
2024-08-14 08:42:49,0,24.88,236097536,422140,45860483
2024-08-14 08:42:54,6.2,24.8804,236101632,432094,45868834
2024-08-14 08:42:59,3.2,24.88,236097536,440993,45874020
2024-08-14 08:43:04,6.4,24.8796,236093440,456818,45882714
2024-08-14 08:43:10,13.3,24.8796,236093440,483449,45897210
2024-08-14 08:43:15,27.3,24.8826,236122112,529063,45928718
2024-08-14 08:43:20,9.4,24.8809,236105728,563650,45952272
2024-08-14 08:43:25,6.7,24.9063,236347392,586526,45964861
2024-08-14 08:43:30,9.7,24.9081,236363776,601675,45977898
2024-08-14 08:43:36,0,24.9072,236355584,621888,45995626
2024-08-14 08:43:41,3.2,24.9111,236392448,638084,46015493
2024-08-14 08:43:46,3.2,24.9189,236466176,660179,46050627
2024-08-14 08:43:51,0,24.9189,236466176,660179,46050627
2024-08-14 08:43:56,0,24.9189,236466176,660269,46050703
2024-08-14 08:44:01,0,24.918,236457984,660269,46050703
2024-08-14 08:44:07,6.2,24.918,236457984,660539,46050931
2024-08-14 08:44:12,3.2,24.918,236457984,660719,46051083
2024-08-14 08:44:17,3.2,24.918,236457984,660719,46051083
2024-08-14 08:44:22,3.2,24.918,236457984,660719,46051083
2024-08-14 08:44:27,0,24.918,236457984,663109,46053217
2024-08-14 08:44:33,0,24.918,236457984,663109,46053217
2024-08-14 08:44:38,6.1,24.918,236457984,663151,46053245
2024-08-14 08:44:43,3.1,24.9081,236363776,663241,46053321
2024-08-14 08:44:48,3.1,24.9081,236363776,663241,46053321
2024-08-14 08:44:53,0,24.934,236609536,663241,46053321
2024-08-14 08:44:58,0,24.934,236609536,663469,46053397
2024-08-14 08:45:04,0,24.934,236609536,663469,46053397
2024-08-14 08:45:09,3.2,24.934,236609536,663469,46053397
2024-08-14 08:45:14,3.2,24.9335,236605440,663919,46053777
2024-08-14 08:45:19,0,24.9335,236605440,663961,46053805
2024-08-14 08:45:24,0,24.9335,236605440,663961,46053805
2024-08-14 08:45:29,0,24.9288,236560384,664051,46053881
2024-08-14 08:45:35,0,24.9288,236560384,664093,46053909
2024-08-14 08:45:40,6.2,24.9288,236560384,664093,46053909
2024-08-14 08:45:45,3.1,24.9283,236556288,664183,46053985
2024-08-14 08:45:50,3.2,24.9283,236556288,664183,46053985
2024-08-14 08:45:55,3.2,24.9283,236556288,664183,46053985
2024-08-14 08:46:01,0,24.9283,236556288,664183,46053985
2024-08-14 08:46:06,0,24.9279,236552192,664273,46054061
2024-08-14 08:46:11,0,24.9279,236552192,664273,46054061
2024-08-14 08:46:16,0,24.9279,236552192,664453,46054213
2024-08-14 08:46:21,11.4,24.9279,236552192,664835,46054469
2024-08-14 08:46:26,3.2,24.9279,236552192,667069,46056527
2024-08-14 08:46:32,3.1,24.9279,236552192,667111,46056555
2024-08-14 08:46:37,0,24.9279,236552192,667201,46056631
2024-08-14 08:46:42,0,24.9279,236552192,667201,46056631
2024-08-14 08:46:47,0,24.9279,236552192,667339,46056631
2024-08-14 08:46:52,0,24.9279,236552192,667429,46056707
2024-08-14 08:46:58,6.2,24.9551,236810240,667429,46056707
2024-08-14 08:47:03,3.2,24.9551,236810240,667429,46056707
2024-08-14 08:47:08,0,24.9547,236806144,667519,46056783
2024-08-14 08:47:13,0,24.9547,236806144,667561,46056811
2024-08-14 08:47:18,0,24.9547,236806144,667561,46056811
2024-08-14 08:47:23,6.2,24.9547,236806144,667831,46057039
2024-08-14 08:47:29,3.2,24.9547,236806144,667873,46057067
2024-08-14 08:47:34,0,24.9547,236806144,667873,46057067
2024-08-14 08:47:39,3.2,24.9547,236806144,667963,46057143
2024-08-14 08:47:44,0,24.9547,236806144,667963,46057143
2024-08-14 08:47:49,0,24.9806,237051904,667963,46057143
2024-08-14 08:47:54,0,24.9806,237051904,667963,46057143
2024-08-14 08:48:00,6.2,24.9806,237051904,668053,46057219
2024-08-14 08:48:05,3.1,24.9806,237051904,668095,46057247
2024-08-14 08:48:10,3.2,24.9806,237051904,668095,46057247
2024-08-14 08:48:15,0,24.9806,237051904,668185,46057323
2024-08-14 08:48:20,0,24.9806,237051904,668185,46057323
2024-08-14 08:48:26,6.2,25.3501,240558080,699431,46247668
2024-08-14 08:48:31,3.2,22.6774,215195648,701869,46249954
2024-08-14 08:48:36,3.2,22.6774,215195648,701869,46249954
2024-08-14 08:48:41,0,22.6774,215195648,702007,46249954
2024-08-14 08:48:46,0,22.6774,215195648,702097,46250030
2024-08-14 08:48:51,0,22.6774,215195648,702097,46250030
2024-08-14 08:48:57,6.2,22.6774,215195648,702097,46250030
2024-08-14 08:49:02,3.2,22.7046,215453696,702187,46250106
2024-08-14 08:49:07,0,22.7046,215453696,702187,46250106
2024-08-14 08:49:12,0,22.7046,215453696,702187,46250106
2024-08-14 08:49:17,0,22.7046,215453696,702277,46250182
2024-08-14 08:49:23,6.2,22.7857,216223744,702361,46250238
2024-08-14 08:49:28,3.2,22.8129,216481792,702361,46250238
2024-08-14 08:49:33,0,22.8129,216481792,702631,46250466
2024-08-14 08:49:38,0,22.8129,216481792,702631,46250466
2024-08-14 08:49:43,0,22.9761,218030080,702631,46250466
2024-08-14 08:49:48,6,23.1664,219836416,702721,46250542
2024-08-14 08:49:54,3.2,23.3011,221114368,702721,46250542
2024-08-14 08:49:59,3.1,23.437,222404608,702721,46250542
2024-08-14 08:50:04,0,23.4366,222400512,702811,46250618
2024-08-14 08:50:09,0,23.4366,222400512,702853,46250646
2024-08-14 08:50:14,0,23.4366,222400512,702853,46250646
2024-08-14 08:50:19,3.1,23.4366,222400512,702895,46250674
2024-08-14 08:50:25,3.1,23.4625,222646272,702985,46250750
2024-08-14 08:50:30,0,23.4862,222871552,705285,46252808
2024-08-14 08:50:35,0,23.4862,222871552,705375,46252884
2024-08-14 08:50:40,0,24.5735,233189376,728137,46256791
2024-08-14 08:50:45,6.2,24.6823,234221568,728137,46256791
2024-08-14 08:50:51,3.2,25.0086,237318144,752204,46261711
2024-08-14 08:50:56,3.2,25.0086,237318144,755534,46268387
2024-08-14 08:51:01,0,25.0086,237318144,757514,46269947
2024-08-14 08:51:06,0,25.4981,241963008,779601,46273307
2024-08-14 08:51:11,0,25.6341,243253248,779733,46273411
2024-08-14 08:51:16,0,25.77,244543488,786837,46281247
2024-08-14 08:51:22,0,26.613,252542976,811336,46293071
2024-08-14 08:51:27,3.2,23.715,225042432,833508,46307805
2024-08-14 08:51:32,6.5,23.7267,225153024,852200,46319991
2024-08-14 08:51:37,3.3,23.7526,225398784,870588,46329718
2024-08-14 08:51:42,0,23.7521,225394688,887434,46339661
2024-08-14 08:51:48,6.2,18.4564,175140864,892908,46347284
2024-08-14 08:51:53,3.2,18.4836,175398912,892908,46347284
2024-08-14 08:51:58,3.2,18.5919,176427008,892998,46347360
2024-08-14 08:52:03,0,18.6191,176685056,892998,46347360
2024-08-14 08:52:08,0,18.8362,178745344,893040,46347388
2024-08-14 08:52:13,3.1,18.8362,178745344,893130,46347464
2024-08-14 08:52:19,3.2,18.8362,178745344,893130,46347464
2024-08-14 08:52:24,3.1,18.8362,178745344,893130,46347464
2024-08-14 08:52:29,0,18.8362,178745344,893130,46347464
2024-08-14 08:52:34,0,18.8362,178745344,893220,46347540
2024-08-14 08:52:39,0,18.8362,178745344,893400,46347568
2024-08-14 08:52:44,6.2,18.8362,178745344,893490,46347644
2024-08-14 08:52:50,3.1,18.8362,178745344,893670,46347796
2024-08-14 08:52:55,3.2,18.8362,178745344,893670,46347796
2024-08-14 08:53:00,3.2,18.8362,178745344,893670,46347796
2024-08-14 08:53:05,0,18.8362,178745344,893802,46347900
2024-08-14 08:53:10,0,18.8362,178745344,893802,46347900
2024-08-14 08:53:16,0,18.8362,178745344,893802,46347900
2024-08-14 08:53:21,0,18.8362,178745344,893892,46347976
2024-08-14 08:53:26,3.1,18.8362,178745344,893892,46347976
2024-08-14 08:53:31,0,18.86,178970624,896126,46350034
2024-08-14 08:53:36,0,18.8595,178966528,896258,46350138
