2024-08-14 08:37:50,17.1,17.9493,170328064,190075,31671811
2024-08-14 08:37:55,0,18.077,171540480,293060,45764954
2024-08-14 08:38:01,0,18.077,171540480,293060,45764954
2024-08-14 08:38:06,3.1,18.0766,171536384,293060,45764954
2024-08-14 08:38:11,0,18.0749,171520000,293150,45765030
2024-08-14 08:38:16,0,18.0749,171520000,293192,45765058
2024-08-14 08:38:21,0,18.131,172052480,293192,45765058
2024-08-14 08:38:27,3.2,18.1858,172572672,293192,45765058
2024-08-14 08:38:32,6.1,18.2661,173334528,293282,45765134
2024-08-14 08:38:37,6.2,18.2661,173334528,293324,45765162
2024-08-14 08:38:42,6,18.2657,173330432,293504,45765314
2024-08-14 08:38:47,3.1,18.2652,173326336,293816,45765570
2024-08-14 08:38:53,0,18.2652,173326336,293816,45765570
2024-08-14 08:38:58,3,18.2652,173326336,293816,45765570
2024-08-14 08:39:03,0,18.2652,173326336,293906,45765646
2024-08-14 08:39:08,0,18.2652,173326336,293906,45765646
2024-08-14 08:39:13,3.1,18.2652,173326336,293906,45765646
2024-08-14 08:39:19,0,18.2652,173326336,293996,45765722
2024-08-14 08:39:24,3,18.2924,173584384,294038,45765750
2024-08-14 08:39:29,3,18.2924,173584384,294038,45765750
2024-08-14 08:39:34,0,18.2929,173588480,294308,45765854
2024-08-14 08:39:39,3.1,18.2929,173588480,294308,45765854
2024-08-14 08:39:45,3.1,18.2907,173568000,294308,45765854
2024-08-14 08:39:50,3,18.2924,173584384,296992,45768293
2024-08-14 08:39:55,0,18.2924,173584384,296992,45768293
2024-08-14 08:40:00,0,18.2924,173584384,296992,45768293
2024-08-14 08:40:05,3.2,18.2924,173584384,297082,45768369
2024-08-14 08:40:11,3,18.2907,173568000,297082,45768369
2024-08-14 08:40:16,0,18.2907,173568000,297082,45768369
2024-08-14 08:40:21,3,18.2907,173568000,297172,45768445
2024-08-14 08:40:26,0,18.2907,173568000,297214,45768473
2024-08-14 08:40:31,3.2,18.2907,173568000,297256,45768501
2024-08-14 08:40:37,6.2,18.2907,173568000,297346,45768577
2024-08-14 08:40:42,0,18.2924,173584384,297346,45768577
2024-08-14 08:40:47,0,18.2924,173584384,297346,45768577
2024-08-14 08:40:52,0,18.2886,173547520,297526,45768729
2024-08-14 08:40:57,3,18.3157,173805568,297838,45768985
2024-08-14 08:41:02,0,18.3157,173805568,297838,45768985
2024-08-14 08:41:08,3.1,18.3175,173821952,297838,45768985
2024-08-14 08:41:13,0,18.3175,173821952,297928,45769061
2024-08-14 08:41:18,8.6,18.3175,173821952,297928,45769061
2024-08-14 08:41:23,3.1,18.3434,174067712,297928,45769061
2024-08-14 08:41:28,2.9,18.3416,174051328,298060,45769165
2024-08-14 08:41:34,6.2,18.3416,174051328,298240,45769193
2024-08-14 08:41:39,3.2,18.3416,174051328,298240,45769193
2024-08-14 08:41:44,0,18.3416,174051328,298330,45769269
2024-08-14 08:41:49,3.1,18.3416,174051328,300366,45771328
2024-08-14 08:41:55,2.9,18.3416,174051328,300366,45771328
2024-08-14 08:42:00,3.2,18.3408,174043136,300816,45771708
2024-08-14 08:42:05,0,18.3408,174043136,300816,45771708
2024-08-14 08:42:10,0,18.3408,174043136,300816,45771708
2024-08-14 08:42:15,3,18.3408,174043136,300906,45771784
2024-08-14 08:42:21,3.1,18.3408,174043136,301002,45771858
2024-08-14 08:42:26,3.2,18.3403,174039040,301044,45771886
2024-08-14 08:42:31,20,22.5644,214122496,310075,45782611
2024-08-14 08:42:36,6.1,24.3268,230846464,351816,45806337
2024-08-14 08:42:41,3.1,24.3268,230846464,371739,45820029
2024-08-14 08:42:46,6.2,24.3268,230846464,391095,45833943
2024-08-14 08:42:52,6.2,24.3522,231088128,400746,45839031
2024-08-14 08:42:57,12.2,24.3432,231002112,412987,45844682
2024-08-14 08:43:02,3.1,24.3423,230993920,423593,45852389
2024-08-14 08:43:07,10,24.3432,231002112,442049,45861705
2024-08-14 08:43:12,27.5,24.341,230981632,522403,45914819
2024-08-14 08:43:18,3.1,24.3479,231047168,560619,45954824
2024-08-14 08:43:23,6.5,24.3483,231051264,572628,45964357
2024-08-14 08:43:28,6.2,24.3475,231043072,581748,45969570
2024-08-14 08:43:33,9.3,24.3466,231034880,591536,45976393
2024-08-14 08:43:38,9.7,24.3505,231071744,602453,45991176
2024-08-14 08:43:44,6.1,24.3522,231088128,611059,46001183
2024-08-14 08:43:49,3.1,24.3514,231079936,619820,46015976
2024-08-14 08:43:54,0,24.3514,231079936,619910,46016052
2024-08-14 08:43:59,3.1,24.3531,231096320,619910,46016052
2024-08-14 08:44:04,0,24.407,231608320,619910,46016052
2024-08-14 08:44:10,3.1,21.7818,206696448,620360,46016432
2024-08-14 08:44:15,0,21.891,207732736,620402,46016460
2024-08-14 08:44:20,3.2,22.0529,209268736,620402,46016460
2024-08-14 08:44:25,3,22.0529,209268736,620492,46016536
2024-08-14 08:44:30,0,22.0529,209268736,620534,46016564
2024-08-14 08:44:36,0,22.0801,209526784,620534,46016564
2024-08-14 08:44:41,3,22.2147,210804736,620624,46016640
2024-08-14 08:44:46,0,22.2147,210804736,620624,46016640
2024-08-14 08:44:51,0,22.3205,211808256,620624,46016640
2024-08-14 08:44:56,0,22.4565,213098496,620714,46016716
2024-08-14 08:45:02,3.1,22.5108,213614592,620714,46016716
2024-08-14 08:45:07,0,22.7012,215420928,620714,46016716
2024-08-14 08:45:12,5.8,22.7552,215932928,621206,46017124
2024-08-14 08:45:17,0,22.7547,215928832,621248,46017152
2024-08-14 08:45:22,3.1,22.8635,216961024,621456,46017152
2024-08-14 08:45:28,3.1,23.1069,219271168,621456,46017152
2024-08-14 08:45:33,5.9,23.2412,220545024,621546,46017228
2024-08-14 08:45:38,3,23.4587,222609408,621546,46017228
2024-08-14 08:45:43,0,23.5399,223379456,621546,46017228
2024-08-14 08:45:48,3,23.6456,224382976,623672,46019363
2024-08-14 08:45:54,8.6,23.6474,224399360,623672,46019363
2024-08-14 08:45:59,3.2,23.6732,224645120,623672,46019363
2024-08-14 08:46:04,0,23.6728,224641024,623762,46019439
2024-08-14 08:46:09,3.1,23.6728,224641024,623804,46019467
2024-08-14 08:46:14,0,23.6728,224641024,623984,46019619
2024-08-14 08:46:20,0,23.6728,224641024,624254,46019847
2024-08-14 08:46:25,3.1,23.6728,224641024,624254,46019847
2024-08-14 08:46:30,3.1,23.7272,225157120,624308,46019893
2024-08-14 08:46:35,3,23.7816,225673216,624440,46019997
2024-08-14 08:46:40,3.1,23.7816,225673216,624440,46019997
2024-08-14 08:46:46,0,23.7816,225673216,624440,46019997
2024-08-14 08:46:51,0,23.7816,225673216,624530,46020073
2024-08-14 08:46:56,0,23.8075,225918976,624584,46020119
2024-08-14 08:47:01,3.2,23.8347,226177024,624584,46020119
2024-08-14 08:47:06,0,23.9158,226947072,624716,46020223
2024-08-14 08:47:12,0,23.943,227205120,624716,46020223
2024-08-14 08:47:17,0,23.943,227205120,624854,46020223
2024-08-14 08:47:22,2.9,23.943,227205120,625034,46020375
2024-08-14 08:47:27,0,23.943,227205120,625076,46020403
2024-08-14 08:47:32,3.2,23.943,227205120,625076,46020403
2024-08-14 08:47:38,0,23.943,227205120,625076,46020403
2024-08-14 08:47:43,3.1,23.943,227205120,625166,46020479
2024-08-14 08:47:48,22.2,23.943,227205120,626699,46022013
2024-08-14 08:47:53,0,23.9426,227201024,627334,46022538
2024-08-14 08:47:58,0,23.9426,227201024,627424,46022614
2024-08-14 08:48:04,3.2,23.9426,227201024,627466,46022642
2024-08-14 08:48:09,3.2,23.9426,227201024,627520,46022688
2024-08-14 08:48:14,6,23.9426,227201024,627610,46022764
2024-08-14 08:48:19,0,23.9426,227201024,627610,46022764
2024-08-14 08:48:24,0,24.5033,232521728,659211,46213339
2024-08-14 08:48:30,3,24.5033,232521728,659391,46213491
2024-08-14 08:48:35,3,24.5016,232505344,659445,46213537
2024-08-14 08:48:40,3.1,24.5016,232505344,659445,46213537
2024-08-14 08:48:45,0,24.5016,232505344,659535,46213613
2024-08-14 08:48:50,3.2,24.5016,232505344,659535,46213613
2024-08-14 08:48:56,5.8,24.5033,232521728,659577,46213641
2024-08-14 08:49:01,3,24.5033,232521728,659667,46213717
2024-08-14 08:49:06,0,24.5033,232521728,659709,46213745
2024-08-14 08:49:11,6.1,24.5033,232521728,659763,46213791
2024-08-14 08:49:16,3.1,24.5033,232521728,659991,46213867
2024-08-14 08:49:22,5.8,24.5033,232521728,660045,46213959
2024-08-14 08:49:27,0,24.5033,232521728,660045,46213959
2024-08-14 08:49:32,0,24.5033,232521728,660225,46214111
2024-08-14 08:49:37,0,24.5033,232521728,660267,46214139
2024-08-14 08:49:42,3.1,24.5033,232521728,660267,46214139
2024-08-14 08:49:48,0,24.5033,232521728,660531,46214261
2024-08-14 08:49:53,5.7,24.5033,232521728,662931,46216348
2024-08-14 08:49:58,3.2,24.5033,232521728,662931,46216348
2024-08-14 08:50:03,0,24.5288,232763392,662989,46216348
2024-08-14 08:50:08,0,24.5288,232763392,663079,46216424
2024-08-14 08:50:14,6,24.5288,232763392,663079,46216424
2024-08-14 08:50:19,0,24.5288,232763392,663137,46216424
2024-08-14 08:50:24,3,24.5283,232759296,663269,46216528
2024-08-14 08:50:29,3,24.5283,232759296,663269,46216528
2024-08-14 08:50:34,27.3,24.8275,235597824,685983,46220509
2024-08-14 08:50:40,6.2,24.8542,235851776,686073,46220585
2024-08-14 08:50:45,6.4,24.9358,236625920,691835,46224941
2024-08-14 08:50:50,5.8,24.9885,237125632,705475,46229713
2024-08-14 08:50:55,6.2,25.0428,237641728,707749,46230429
2024-08-14 08:51:00,3.1,25.0428,237641728,720322,46233097
2024-08-14 08:51:06,3.2,25.1261,238432256,724385,46237994
2024-08-14 08:51:11,3.3,25.1261,238432256,729881,46241382
2024-08-14 08:51:16,3.2,25.1261,238432256,737534,46242658
2024-08-14 08:51:21,3.1,25.3709,240754688,747345,46253644
2024-08-14 08:51:26,6.5,25.3674,240721920,762862,46262586
2024-08-14 08:51:32,0,25.3536,240590848,782641,46276037
2024-08-14 08:51:37,9.7,25.3536,240590848,798250,46284057
2024-08-14 08:51:42,0,25.3536,240590848,819342,46296742
2024-08-14 08:51:47,3.2,19.255,182718464,826082,46305038
2024-08-14 08:51:52,3,19.255,182718464,826082,46305038
2024-08-14 08:51:58,3.1,19.255,182718464,826172,46305114
2024-08-14 08:52:03,6.1,19.255,182718464,826172,46305114
2024-08-14 08:52:08,0,19.255,182718464,826172,46305114
2024-08-14 08:52:13,0,19.255,182718464,826262,46305190
2024-08-14 08:52:18,3.2,19.2554,182722560,826304,46305218
2024-08-14 08:52:24,3.2,19.2826,182980608,826304,46305218
2024-08-14 08:52:29,3.2,19.3098,183238656,826304,46305294
2024-08-14 08:52:34,3.1,19.3098,183238656,826394,46305294
2024-08-14 08:52:39,0,19.3098,183238656,826394,46305294
2024-08-14 08:52:44,6.1,19.3098,183238656,826706,46305550
2024-08-14 08:52:50,6.2,19.3094,183234560,826838,46305654
2024-08-14 08:52:55,3,19.3094,183234560,826838,46305654
2024-08-14 08:53:00,0,19.3094,183234560,826976,46305654
2024-08-14 08:53:05,3,19.3094,183234560,827066,46305730
2024-08-14 08:53:10,3.1,19.3094,183234560,827066,46305730
2024-08-14 08:53:16,3,19.3094,183234560,827066,46305730
2024-08-14 08:53:21,0,19.3094,183234560,827156,46305806
