2024-08-14 08:38:30,25.7,17.7973,168886272,233326,41101936
2024-08-14 08:38:35,0,17.8725,169598976,270195,45767336
2024-08-14 08:38:41,3.1,17.8725,169598976,270285,45767412
2024-08-14 08:38:46,3.1,17.872,169594880,270645,45767716
2024-08-14 08:38:51,0,17.872,169594880,270645,45767716
2024-08-14 08:38:56,3.1,17.872,169594880,270645,45767716
2024-08-14 08:39:01,0,17.9264,170110976,270735,45767792
2024-08-14 08:39:07,6.1,17.9264,170110976,270873,45767894
2024-08-14 08:39:12,0,18.1435,172171264,270873,45767894
2024-08-14 08:39:17,6.2,18.144,172175360,270963,45767970
2024-08-14 08:39:22,3,18.144,172175360,270963,45767970
2024-08-14 08:39:27,0,18.1431,172167168,271101,45767970
2024-08-14 08:39:32,0,18.1431,172167168,271191,45768046
2024-08-14 08:39:38,0,18.1431,172167168,271287,45768120
2024-08-14 08:39:43,6.2,18.1431,172167168,271287,45768120
2024-08-14 08:39:48,3,18.1431,172167168,271737,45768500
2024-08-14 08:39:53,6.2,18.1431,172167168,271737,45768500
2024-08-14 08:39:58,3.1,18.1431,172167168,271737,45768500
2024-08-14 08:40:04,0,18.1431,172167168,271869,45768604
2024-08-14 08:40:09,0,18.1431,172167168,271911,45768632
2024-08-14 08:40:14,3.2,18.1431,172167168,271911,45768632
2024-08-14 08:40:19,0,18.1431,172167168,271911,45768632
2024-08-14 08:40:24,6.1,18.1431,172167168,272001,45768708
2024-08-14 08:40:30,0,18.1664,172388352,274169,45770768
2024-08-14 08:40:35,3.1,18.1664,172388352,274169,45770768
2024-08-14 08:40:40,6.1,18.1664,172388352,274313,45770890
2024-08-14 08:40:45,0,18.1664,172388352,274313,45770890
2024-08-14 08:40:50,0,18.1664,172388352,274583,45771118
2024-08-14 08:40:56,3.2,18.1664,172388352,274805,45771298
2024-08-14 08:41:01,3.2,18.1664,172388352,274847,45771326
2024-08-14 08:41:06,0,18.1664,172388352,274847,45771326
2024-08-14 08:41:11,3.1,18.1664,172388352,274937,45771402
2024-08-14 08:41:16,3.2,18.2208,172904448,274937,45771402
2024-08-14 08:41:22,0,18.2752,173420544,274937,45771402
2024-08-14 08:41:27,6,18.3805,174419968,275165,45771478
2024-08-14 08:41:32,3.2,18.5963,176467968,275261,45771552
2024-08-14 08:41:37,0,18.5963,176467968,275261,45771552
2024-08-14 08:41:42,3.1,18.5963,176467968,275351,45771628
2024-08-14 08:41:48,5.8,18.7038,177487872,275351,45771628
2024-08-14 08:41:53,0,18.8415,178794496,275393,45771656
2024-08-14 08:41:58,0,18.841,178790400,275897,45772088
2024-08-14 08:42:03,0,18.841,178790400,275939,45772116
2024-08-14 08:42:08,3.2,18.8941,179294208,275939,45772116
2024-08-14 08:42:14,5.6,18.9481,179806208,276029,45772192
2024-08-14 08:42:19,3.2,18.9481,179806208,276029,45772192
2024-08-14 08:42:24,3,18.9481,179806208,276029,45772192
2024-08-14 08:42:29,3.1,19.1928,182128640,278197,45774252
2024-08-14 08:42:34,6.1,22.7858,216223744,294178,45792908
2024-08-14 08:42:40,3,24.3609,231170048,323378,45806021
2024-08-14 08:42:45,3.2,24.3604,231165952,353065,45825541
2024-08-14 08:42:50,3.1,24.3609,231170048,365914,45835135
2024-08-14 08:42:55,9.7,24.3613,231174144,377931,45840611
2024-08-14 08:43:00,3.1,24.3604,231165952,387997,45846383
2024-08-14 08:43:06,3.4,24.3617,231178240,416934,45866483
2024-08-14 08:43:11,17.7,24.3617,231178240,462462,45898195
2024-08-14 08:43:16,3.4,24.3643,231202816,508041,45929856
2024-08-14 08:43:21,11.8,24.3634,231194624,533021,45948607
2024-08-14 08:43:26,3.1,24.3634,231194624,546995,45961682
2024-08-14 08:43:32,0,24.3911,231456768,559452,45972169
2024-08-14 08:43:37,3.1,24.3811,231362560,568033,45979300
2024-08-14 08:43:42,0,24.3842,231391232,581102,45996870
2024-08-14 08:43:47,3.2,24.3885,231432192,589351,46013791
2024-08-14 08:43:52,0,24.3885,231432192,589441,46013867
2024-08-14 08:43:57,6,24.3885,231432192,589441,46013867
2024-08-14 08:44:03,0,24.3885,231432192,589441,46013867
2024-08-14 08:44:08,6.2,24.3885,231432192,589891,46014247
2024-08-14 08:44:13,3,24.3885,231432192,589933,46014275
2024-08-14 08:44:18,5.7,24.3885,231432192,589933,46014275
2024-08-14 08:44:23,8.6,24.3885,231432192,590023,46014351
2024-08-14 08:44:29,0,24.385,231399424,592257,46016411
2024-08-14 08:44:34,3.1,24.385,231399424,592257,46016411
2024-08-14 08:44:39,6.1,24.385,231399424,592347,46016487
2024-08-14 08:44:44,0,24.3846,231395328,592389,46016515
2024-08-14 08:44:49,6,24.3846,231395328,592389,46016515
2024-08-14 08:44:55,0,24.3846,231395328,592389,46016515
2024-08-14 08:45:00,3,24.3846,231395328,592479,46016591
2024-08-14 08:45:05,3,24.3846,231395328,592521,46016619
2024-08-14 08:45:10,6.1,24.3846,231395328,592791,46016847
2024-08-14 08:45:15,0,24.3842,231391232,593109,46016999
2024-08-14 08:45:21,0,24.3842,231391232,593109,46016999
2024-08-14 08:45:26,6.2,24.3842,231391232,593109,46016999
2024-08-14 08:45:31,6,24.3842,231391232,593269,46017075
2024-08-14 08:45:36,3.2,24.3842,231391232,593311,46017103
2024-08-14 08:45:41,0,24.3842,231391232,593353,46017131
2024-08-14 08:45:47,3,24.3842,231391232,593443,46017207
2024-08-14 08:45:52,0,24.3842,231391232,593443,46017207
2024-08-14 08:45:57,3.1,24.3842,231391232,593443,46017207
2024-08-14 08:46:02,3.1,24.3837,231387136,593533,46017283
2024-08-14 08:46:07,3.2,24.3837,231387136,593575,46017311
2024-08-14 08:46:13,3.1,24.3837,231387136,593575,46017311
2024-08-14 08:46:18,0,24.3837,231387136,594199,46017737
2024-08-14 08:46:23,0,24.3829,231378944,594257,46017737
2024-08-14 08:46:28,3.1,24.3829,231378944,596491,46019797
2024-08-14 08:46:33,3.2,24.3829,231378944,596693,46019919
2024-08-14 08:46:39,3.2,24.3829,231378944,596735,46019947
2024-08-14 08:46:44,3.1,24.3829,231378944,596735,46019947
2024-08-14 08:46:49,0,24.3824,231374848,596883,46020023
2024-08-14 08:46:54,3.1,24.3824,231374848,596925,46020051
2024-08-14 08:46:59,3.1,24.3824,231374848,596925,46020051
2024-08-14 08:47:05,3.1,24.3824,231374848,597015,46020127
2024-08-14 08:47:10,0,24.3824,231374848,597153,46020127
2024-08-14 08:47:15,0,24.3824,231374848,597153,46020127
2024-08-14 08:47:20,6,24.3824,231374848,597243,46020203
2024-08-14 08:47:25,0,24.3824,231374848,597375,46020307
2024-08-14 08:47:31,0,24.3824,231374848,597417,46020335
2024-08-14 08:47:36,0,24.3824,231374848,597417,46020335
2024-08-14 08:47:41,3.2,24.3824,231374848,597507,46020411
2024-08-14 08:47:46,3,24.3824,231374848,597507,46020411
2024-08-14 08:47:51,0,24.3824,231374848,597507,46020411
2024-08-14 08:47:57,3.1,24.3824,231374848,597597,46020487
2024-08-14 08:48:02,3.1,24.3824,231374848,597597,46020487
2024-08-14 08:48:07,0,24.3824,231374848,597597,46020487
2024-08-14 08:48:12,0,24.3824,231374848,597687,46020563
2024-08-14 08:48:17,0,24.3824,231374848,597729,46020591
2024-08-14 08:48:23,0,25.1063,238243840,628577,46210987
2024-08-14 08:48:28,3,25.1059,238239744,631147,46213379
2024-08-14 08:48:33,6.2,25.1059,238239744,631147,46213379
2024-08-14 08:48:38,2.9,25.1059,238239744,631147,46213379
2024-08-14 08:48:43,3.1,25.1059,238239744,631237,46213455
2024-08-14 08:48:49,6,25.1059,238239744,631237,46213455
2024-08-14 08:48:54,3,25.1059,238239744,631237,46213455
2024-08-14 08:48:59,0,25.1331,238497792,631465,46213531
2024-08-14 08:49:04,3.2,25.1331,238497792,631507,46213559
2024-08-14 08:49:09,0,25.1602,238755840,631507,46213559
2024-08-14 08:49:15,5.8,25.2146,239271936,631597,46213635
2024-08-14 08:49:20,0,25.2418,239529984,631597,46213635
2024-08-14 08:49:25,3.2,25.269,239788032,631639,46213663
2024-08-14 08:49:30,3.2,25.269,239788032,631819,46213815
2024-08-14 08:49:35,0,25.269,239788032,631819,46213815
2024-08-14 08:49:41,3.2,25.269,239788032,631819,46213815
2024-08-14 08:49:46,3,25.269,239788032,631819,46213815
2024-08-14 08:49:51,3.2,25.269,239788032,631909,46213891
2024-08-14 08:49:56,0,25.269,239788032,631951,46213919
2024-08-14 08:50:01,5.7,25.269,239788032,631951,46213919
2024-08-14 08:50:07,3.1,25.269,239788032,632149,46214133
2024-08-14 08:50:12,2.9,25.269,239788032,632149,46214133
2024-08-14 08:50:17,3.1,25.269,239788032,632149,46214133
2024-08-14 08:50:22,0,25.269,239788032,632281,46214237
2024-08-14 08:50:27,0,25.2686,239783936,634317,46216297
2024-08-14 08:50:33,0,25.2686,239783936,634407,46216373
2024-08-14 08:50:38,0,25.6489,243392512,657212,46220431
2024-08-14 08:50:43,0,25.6489,243392512,657212,46220431
2024-08-14 08:50:48,0,26.2199,248811520,681388,46225571
2024-08-14 08:50:53,3.1,26.2471,249069568,684502,46231807
2024-08-14 08:50:59,3.1,23.4812,222822400,686728,46233587
2024-08-14 08:51:04,3.1,24.3496,231063552,708816,46236947
2024-08-14 08:51:09,0,24.3768,231321600,711066,46241423
2024-08-14 08:51:14,3.2,24.404,231579648,714126,46245183
2024-08-14 08:51:19,6.1,24.5672,233127936,738848,46253851
2024-08-14 08:51:25,12.5,24.5913,233357312,757261,46266975
2024-08-14 08:51:30,15.6,24.6315,233738240,778972,46282323
2024-08-14 08:51:35,0,24.6846,234242048,794851,46290142
2024-08-14 08:51:40,9.1,24.6846,234242048,809963,46299004
2024-08-14 08:51:45,3.1,19.2325,182505472,821809,46310642
2024-08-14 08:51:51,0,19.2416,182591488,821809,46310642
2024-08-14 08:51:56,0,19.2416,182591488,821809,46310642
2024-08-14 08:52:01,0,19.2416,182591488,821899,46310718
2024-08-14 08:52:06,0,19.2416,182591488,821899,46310718
2024-08-14 08:52:11,3.1,19.2416,182591488,821953,46310764
2024-08-14 08:52:17,0,19.2416,182591488,822085,46310868
2024-08-14 08:52:22,3.2,19.2416,182591488,822085,46310868
2024-08-14 08:52:27,0,19.2416,182591488,822085,46310868
2024-08-14 08:52:32,3.1,19.2416,182591488,822175,46310944
2024-08-14 08:52:37,0,19.2416,182591488,822271,46311018
2024-08-14 08:52:43,3.2,19.2412,182587392,822541,46311246
2024-08-14 08:52:48,6.2,19.2412,182587392,822721,46311398
2024-08-14 08:52:53,0,19.2412,182587392,822859,46311398
2024-08-14 08:52:58,0,19.2412,182587392,822859,46311398
2024-08-14 08:53:03,3.2,19.2412,182587392,822949,46311474
2024-08-14 08:53:08,6.2,19.2412,182587392,822991,46311502
2024-08-14 08:53:14,0,19.2412,182587392,822991,46311502
2024-08-14 08:53:19,0,19.2412,182587392,823081,46311578
2024-08-14 08:53:24,3.1,19.2412,182587392,823123,46311606
2024-08-14 08:53:29,6.1,19.2412,182587392,825213,46313712
2024-08-14 08:53:34,0,19.2407,182583296,825303,46313788
2024-08-14 08:53:40,0,19.2407,182583296,825361,46313880
