2024-08-14 08:37:04,21.2,17.6767,167747584,206400,36543173
2024-08-14 08:37:10,3,17.8316,169218048,275059,43541461
2024-08-14 08:37:15,0,17.8316,169218048,275059,43541461
2024-08-14 08:37:20,0,17.8579,169467904,275371,43541507
2024-08-14 08:37:25,0,17.8579,169467904,275577,43541675
2024-08-14 08:37:30,6.2,17.8579,169467904,275619,43541703
2024-08-14 08:37:36,0,17.8579,169467904,275677,43541703
2024-08-14 08:37:41,2.9,17.8575,169463808,276127,43542083
2024-08-14 08:37:46,3.2,17.8575,169463808,276169,43542111
2024-08-14 08:37:51,3.1,17.8575,169463808,276227,43542111
2024-08-14 08:37:56,2.9,17.8575,169463808,276387,43542187
2024-08-14 08:38:02,3,17.8575,169463808,276387,43542187
2024-08-14 08:38:07,0,17.8575,169463808,276387,43542187
2024-08-14 08:38:12,0,17.8571,169459712,276477,43542263
2024-08-14 08:38:17,3.2,17.8571,169459712,276477,43542263
2024-08-14 08:38:22,0,17.8838,169713664,276477,43542263
2024-08-14 08:38:28,0,17.9378,170225664,278909,43544426
2024-08-14 08:38:33,3.1,17.9378,170225664,278909,43544426
2024-08-14 08:38:38,0,17.9382,170229760,278909,43544426
2024-08-14 08:38:43,0,17.9378,170225664,279586,43545074
2024-08-14 08:38:48,5.9,17.9378,170225664,279586,43545074
2024-08-14 08:38:54,0,17.9378,170225664,279586,43545074
2024-08-14 08:38:59,3.2,17.9378,170225664,279676,43545150
2024-08-14 08:39:04,0,17.9378,170225664,279676,43545150
2024-08-14 08:39:09,0,17.9378,170225664,281659,43546590
2024-08-14 08:39:14,3.2,17.9365,170213376,282287,43547218
2024-08-14 08:39:20,0,17.9365,170213376,284670,43549210
2024-08-14 08:39:25,0,17.9343,170192896,286749,43550738
2024-08-14 08:39:30,3.1,17.9339,170188800,287149,43551186
2024-08-14 08:39:35,3.1,17.9339,170188800,287535,43551442
2024-08-14 08:39:40,0,17.9343,170192896,287831,43551622
2024-08-14 08:39:46,0,17.9874,170696704,288127,43551682
2024-08-14 08:39:51,0,18.148,172220416,293416,43556129
2024-08-14 08:39:56,3.1,18.148,172220416,293786,43556309
2024-08-14 08:40:01,2.9,18.148,172220416,294082,43556489
2024-08-14 08:40:06,2.9,18.148,172220416,294616,43556685
2024-08-14 08:40:12,8.8,18.148,172220416,295060,43556985
2024-08-14 08:40:17,0,18.148,172220416,295578,43557225
2024-08-14 08:40:22,6.2,18.148,172220416,296154,43557389
2024-08-14 08:40:27,3.1,18.148,172220416,296788,43557717
2024-08-14 08:40:33,3.1,18.148,172220416,297380,43558017
2024-08-14 08:40:38,6.2,18.148,172220416,297988,43558273
2024-08-14 08:40:43,0,18.148,172220416,298432,43558393
2024-08-14 08:40:48,0,18.148,172220416,299024,43558693
2024-08-14 08:40:53,3.1,18.148,172220416,300066,43559313
2024-08-14 08:40:58,3.1,18.148,172220416,300510,43559493
2024-08-14 08:41:04,3.2,18.148,172220416,301282,43559701
2024-08-14 08:41:09,0,18.148,172220416,301890,43560077
2024-08-14 08:41:14,3.2,18.148,172220416,302408,43560317
2024-08-14 08:41:19,0,18.148,172220416,302894,43560405
2024-08-14 08:41:24,3.1,18.1748,172474368,305818,43562840
2024-08-14 08:41:30,8.8,18.1748,172474368,306336,43563080
2024-08-14 08:41:35,0,18.1748,172474368,306780,43563260
2024-08-14 08:41:40,3,18.1748,172474368,307462,43563516
2024-08-14 08:41:45,2.9,18.1748,172474368,307980,43563816
2024-08-14 08:41:50,6.1,18.1748,172474368,308572,43564056
2024-08-14 08:41:56,0,18.1748,172474368,309122,43564268
2024-08-14 08:42:01,3,18.1743,172470272,310100,43564824
2024-08-14 08:42:06,3,18.1743,172470272,310618,43565064
2024-08-14 08:42:11,3.2,18.1929,172646400,311104,43565272
2024-08-14 08:42:17,3.1,18.1903,172621824,311786,43565528
2024-08-14 08:42:22,0,18.1903,172621824,312378,43565828
2024-08-14 08:42:27,0,18.2175,172879872,312822,43566068
2024-08-14 08:42:32,6.7,23.7159,225058816,359417,43598292
2024-08-14 08:42:37,9.3,23.7677,225550336,382392,43612909
2024-08-14 08:42:43,0,23.7936,225796096,402179,43627613
2024-08-14 08:42:48,3.1,23.8748,226566144,417144,43635105
2024-08-14 08:42:53,6.2,23.9291,227082240,434735,43643521
2024-08-14 08:42:58,6.7,23.9563,227340288,444783,43650783
2024-08-14 08:43:03,0,23.9559,227336192,456013,43657109
2024-08-14 08:43:09,58,23.9594,227368960,516728,43697385
2024-08-14 08:43:14,3.1,23.9615,227389440,593021,43763594
2024-08-14 08:43:19,0,23.9926,227684352,605914,43778716
2024-08-14 08:43:24,6.2,24.0189,227934208,612533,43783711
2024-08-14 08:43:29,3,24.0181,227926016,618788,43786699
2024-08-14 08:43:35,3.1,24.0176,227921920,623398,43788884
2024-08-14 08:43:40,3.2,24.0194,227938304,629485,43797751
2024-08-14 08:43:45,6.5,24.0211,227954688,639765,43812321
2024-08-14 08:43:50,2.9,24.0211,227954688,640373,43812517
2024-08-14 08:43:56,0,24.0211,227954688,640965,43812757
2024-08-14 08:44:01,3.1,24.0211,227954688,641483,43812997
2024-08-14 08:44:06,0,24.0211,227954688,642403,43813569
2024-08-14 08:44:11,0,24.0211,227954688,643011,43813765
2024-08-14 08:44:16,3.1,24.0211,227954688,643603,43814065
2024-08-14 08:44:22,0,24.0478,228208640,644163,43814333
2024-08-14 08:44:27,0,24.0478,228208640,644771,43814589
2024-08-14 08:44:32,5.7,24.0478,228208640,645363,43814769
2024-08-14 08:44:37,0,24.0478,228208640,645585,43814889
2024-08-14 08:44:42,3.1,24.0483,228212736,645897,43815025
2024-08-14 08:44:47,6.2,24.1557,229232640,646045,43815025
2024-08-14 08:44:53,0,24.1829,229490688,646257,43815025
2024-08-14 08:44:58,0,24.1829,229490688,646463,43815129
2024-08-14 08:45:03,3,24.1829,229490688,646579,43815157
2024-08-14 08:45:08,3.2,24.1829,229490688,646653,43815157
2024-08-14 08:45:13,3,24.2917,230522880,647157,43815583
2024-08-14 08:45:19,3.1,24.3189,230780928,647157,43815583
2024-08-14 08:45:24,0,24.6931,234332160,649259,43817642
2024-08-14 08:45:29,3.1,24.6927,234328064,649349,43817718
2024-08-14 08:45:34,6.2,24.6927,234328064,649349,43817718
2024-08-14 08:45:39,3,24.6927,234328064,649349,43817718
2024-08-14 08:45:45,3.1,24.7186,234573824,649439,43817794
2024-08-14 08:45:50,3.1,24.7186,234573824,649439,43817794
2024-08-14 08:45:55,0,24.7186,234573824,649439,43817794
2024-08-14 08:46:00,0,24.7182,234569728,649641,43817898
2024-08-14 08:46:05,3.1,24.7182,234569728,649683,43817926
2024-08-14 08:46:11,0,24.7182,234569728,649683,43817926
2024-08-14 08:46:16,3.2,24.7182,234569728,650043,43818230
2024-08-14 08:46:21,3.1,24.7182,234569728,650133,43818306
2024-08-14 08:46:26,3.1,24.7182,234569728,650133,43818306
2024-08-14 08:46:31,0,24.7182,234569728,650133,43818306
2024-08-14 08:46:37,0,24.7182,234569728,650223,43818382
2024-08-14 08:46:42,2.9,24.7182,234569728,650223,43818382
2024-08-14 08:46:47,0,24.7182,234569728,650361,43818382
2024-08-14 08:46:52,8.6,24.7182,234569728,650493,43818486
2024-08-14 08:46:58,0,24.7182,234569728,650535,43818514
2024-08-14 08:47:03,0,24.7182,234569728,650535,43818514
2024-08-14 08:47:08,6.2,24.7177,234565632,650625,43818590
2024-08-14 08:47:13,0,24.7177,234565632,650625,43818590
2024-08-14 08:47:18,3,24.7177,234565632,650625,43818590
2024-08-14 08:47:23,0,24.7173,234561536,653015,43820725
2024-08-14 08:47:29,3.2,24.7177,234565632,653015,43820725
2024-08-14 08:47:34,0,24.7177,234565632,653213,43820777
2024-08-14 08:47:39,3.2,24.7177,234565632,653369,43820853
2024-08-14 08:47:44,0,24.7177,234565632,653369,43820853
2024-08-14 08:47:49,0,24.7177,234565632,653477,43820881
2024-08-14 08:47:55,3.2,24.7177,234565632,653567,43820957
2024-08-14 08:48:00,0,24.7177,234565632,653567,43820957
2024-08-14 08:48:05,3.1,24.7177,234565632,653633,43820957
2024-08-14 08:48:10,6,24.7177,234565632,653765,43821061
2024-08-14 08:48:16,0,24.7177,234565632,653765,43821061
2024-08-14 08:48:21,3,25.0065,237305856,684919,44011174
2024-08-14 08:48:26,0,25.0065,237305856,685279,44011478
2024-08-14 08:48:31,0,25.0065,237305856,685423,44011600
2024-08-14 08:48:36,3,25.0065,237305856,685423,44011600
2024-08-14 08:48:42,6,25.0065,237305856,685651,44011676
2024-08-14 08:48:47,6,25.0065,237305856,685693,44011704
2024-08-14 08:48:52,3,25.0065,237305856,685693,44011704
2024-08-14 08:48:57,3.1,25.0065,237305856,685783,44011780
2024-08-14 08:49:02,0,25.0065,237305856,685825,44011808
2024-08-14 08:49:08,6,25.0065,237305856,685825,44011808
2024-08-14 08:49:13,0,25.0065,237305856,685941,44011854
2024-08-14 08:49:18,3.1,25.0065,237305856,686147,44011930
2024-08-14 08:49:23,21.3,25.0065,237305856,688183,44013989
2024-08-14 08:49:28,8.8,25.0065,237305856,688241,44013989
2024-08-14 08:49:34,3.1,25.0065,237305856,688331,44014065
2024-08-14 08:49:39,3.1,25.006,237301760,688331,44014065
2024-08-14 08:49:44,3.2,25.006,237301760,688431,44014093
2024-08-14 08:49:49,0,25.006,237301760,688521,44014169
2024-08-14 08:49:54,3.1,25.006,237301760,688521,44014169
2024-08-14 08:50:00,3,25.006,237301760,688521,44014169
2024-08-14 08:50:05,6,25.006,237301760,688611,44014245
2024-08-14 08:50:10,0,25.006,237301760,688653,44014273
2024-08-14 08:50:15,3,25.006,237301760,688653,44014273
2024-08-14 08:50:20,0,25.006,237301760,688743,44014349
2024-08-14 08:50:26,5.7,25.006,237301760,688743,44014349
2024-08-14 08:50:31,0,25.006,237301760,688743,44014349
2024-08-14 08:50:36,3.2,25.2231,239362048,711549,44018408
2024-08-14 08:50:41,8.8,25.3043,240132096,726097,44028291
2024-08-14 08:50:46,6,25.3043,240132096,726097,44028291
2024-08-14 08:50:52,9.4,25.3043,240132096,728833,44029319
2024-08-14 08:50:57,3.1,25.3043,240132096,736251,44030891
2024-08-14 08:51:02,0,25.3043,240132096,738081,44036652
2024-08-14 08:51:07,3.2,25.3043,240132096,747221,44038933
2024-08-14 08:51:12,3.1,25.3043,240132096,747221,44038933
2024-08-14 08:51:18,3,25.3043,240132096,748853,44044486
2024-08-14 08:51:23,6.1,25.3043,240132096,757717,44052402
2024-08-14 08:51:28,6.2,25.2888,239984640,779209,44067512
2024-08-14 08:51:33,11.4,25.287,239968256,795919,44075921
2024-08-14 08:51:38,15.2,25.287,239968256,814586,44086269
2024-08-14 08:51:44,0,25.2866,239964160,822284,44091454
2024-08-14 08:51:49,3.2,18.2365,173060096,826336,44098535
2024-08-14 08:51:54,0,18.2365,173060096,826484,44098655
2024-08-14 08:51:59,6.2,18.2365,173060096,826796,44098791
2024-08-14 08:52:04,3.2,18.2365,173060096,826944,44098851
2024-08-14 08:52:10,3.1,18.2365,173060096,826944,44098851
2024-08-14 08:52:15,0,18.2365,173060096,827108,44098927
2024-08-14 08:52:20,5.7,18.2365,173060096,827108,44098927
2024-08-14 08:52:25,0,18.2365,173060096,827108,44098927
2024-08-14 08:52:30,3.1,18.2365,173060096,827452,44099031
2024-08-14 08:52:36,6.1,18.2382,173076480,827494,44099059
2024-08-14 08:52:41,3.1,18.2382,173076480,827584,44099135
2024-08-14 08:52:46,3.1,18.2382,173076480,827944,44099439
2024-08-14 08:52:51,0,18.2382,173076480,827944,44099439
2024-08-14 08:52:56,3,18.2382,173076480,827944,44099439
2024-08-14 08:53:02,2.7,18.2382,173076480,828034,44099515
2024-08-14 08:53:07,3.1,18.2654,173334528,828034,44099515
2024-08-14 08:53:12,0,18.2654,173334528,828182,44099635
2024-08-14 08:53:17,8.6,18.265,173330432,828906,44100039
2024-08-14 08:53:22,0,18.265,173330432,829054,44100039
