2024-08-14 08:39:37,14.7,17.4745,165822464,183691,29159864
2024-08-14 08:39:42,0,18.1008,171765760,290062,46022232
2024-08-14 08:39:47,0,18.1275,172019712,290104,46022260
2024-08-14 08:39:52,0,18.2894,173555712,290554,46022640
2024-08-14 08:39:57,3,18.3978,174583808,290554,46022640
2024-08-14 08:40:03,0,18.3969,174575616,290554,46022640
2024-08-14 08:40:08,0,18.3969,174575616,290644,46022716
2024-08-14 08:40:13,3,18.3965,174571520,292878,46024776
2024-08-14 08:40:18,3.2,18.3965,174571520,292878,46024776
2024-08-14 08:40:23,3.2,18.3965,174571520,292968,46024852
2024-08-14 08:40:28,6.1,18.3947,174555136,292968,46024852
2024-08-14 08:40:34,0,18.3947,174555136,292968,46024852
2024-08-14 08:40:39,3.1,18.3947,174555136,292968,46024852
2024-08-14 08:40:44,6.2,18.3947,174555136,293100,46024956
2024-08-14 08:40:49,0,18.4219,174813184,293100,46024956
2024-08-14 08:40:54,0,18.5566,176091136,293370,46025184
2024-08-14 08:41:00,3.1,18.6382,176865280,293592,46025364
2024-08-14 08:41:05,3.2,18.8298,178683904,293592,46025364
2024-08-14 08:41:10,3.1,18.9917,180219904,293592,46025364
2024-08-14 08:41:15,3.2,18.9917,180219904,293736,46025486
2024-08-14 08:41:20,3.2,18.9917,180219904,293736,46025486
2024-08-14 08:41:25,3.1,18.9917,180219904,293790,46025532
2024-08-14 08:41:31,3.1,18.9917,180219904,294018,46025608
2024-08-14 08:41:36,0,18.9917,180219904,294018,46025608
2024-08-14 08:41:41,0,18.9917,180219904,294060,46025636
2024-08-14 08:41:46,3.2,18.9917,180219904,294150,46025712
2024-08-14 08:41:51,0,18.9917,180219904,294246,46025786
2024-08-14 08:41:57,0,18.9917,180219904,294420,46025832
2024-08-14 08:42:02,3.1,19.1272,181506048,294928,46026212
2024-08-14 08:42:07,6.2,19.451,184578048,297162,46028272
2024-08-14 08:42:12,0,19.451,184578048,297220,46028272
2024-08-14 08:42:17,6.2,19.451,184578048,297310,46028348
2024-08-14 08:42:23,6,19.451,184578048,297310,46028348
2024-08-14 08:42:28,0,19.451,184578048,297422,46028440
2024-08-14 08:42:33,0,19.4505,184573952,297512,46028516
2024-08-14 08:42:38,0,22.747,215855104,301034,46030452
2024-08-14 08:42:43,0,23.5338,223322112,321184,46049407
2024-08-14 08:42:48,0,24.1571,229236736,350752,46064741
2024-08-14 08:42:54,9.7,24.1843,229494784,364909,46074292
2024-08-14 08:42:59,3.2,24.2115,229752832,375694,46083040
2024-08-14 08:43:04,0,24.2655,230264832,387325,46089557
2024-08-14 08:43:09,0,24.2655,230264832,410969,46103285
2024-08-14 08:43:14,9.7,24.2927,230522880,441175,46120023
2024-08-14 08:43:20,3.1,24.344,231010304,475206,46138883
2024-08-14 08:43:25,27.3,24.4256,231784448,506069,46161770
2024-08-14 08:43:30,0,24.4247,231776256,524880,46175223
2024-08-14 08:43:35,12.1,24.4278,231804928,548151,46194952
2024-08-14 08:43:40,6.7,24.4269,231796736,566616,46209963
2024-08-14 08:43:45,0,24.4403,231923712,600227,46264093
2024-08-14 08:43:51,3,24.4403,231923712,600227,46264093
2024-08-14 08:43:56,3.1,24.4403,231923712,600317,46264169
2024-08-14 08:44:01,6.1,24.4403,231923712,600317,46264169
2024-08-14 08:44:06,0,24.4925,232419328,602353,46266229
2024-08-14 08:44:11,3.2,24.5456,232923136,602803,46266609
2024-08-14 08:44:17,3,24.5728,233181184,602803,46266609
2024-08-14 08:44:22,6.2,24.6004,233443328,602803,46266609
2024-08-14 08:44:27,0,24.6004,233443328,602935,46266713
2024-08-14 08:44:32,3.2,24.6004,233443328,602935,46266713
2024-08-14 08:44:37,6.2,24.6004,233443328,602935,46266713
2024-08-14 08:44:43,0,22.0421,209166336,603025,46266789
2024-08-14 08:44:48,3.1,22.286,211480576,603025,46266789
2024-08-14 08:44:53,3.2,22.286,211480576,603025,46266789
2024-08-14 08:44:58,3.1,22.3132,211738624,603115,46266865
2024-08-14 08:45:03,3.2,22.7677,216051712,603157,46266893
2024-08-14 08:45:09,3.1,22.7677,216051712,603157,46266893
2024-08-14 08:45:14,0,22.7677,216051712,603427,46267121
2024-08-14 08:45:19,3.2,22.7949,216309760,603745,46267273
2024-08-14 08:45:24,3.2,22.7949,216309760,603787,46267301
2024-08-14 08:45:29,3,22.7949,216309760,603787,46267301
2024-08-14 08:45:34,3.2,22.7949,216309760,603877,46267377
2024-08-14 08:45:40,0,22.7949,216309760,603877,46267377
2024-08-14 08:45:45,6.2,22.7949,216309760,603877,46267377
2024-08-14 08:45:50,0,22.7944,216305664,603967,46267453
2024-08-14 08:45:55,0,22.7944,216305664,603967,46267453
2024-08-14 08:46:00,6,22.8203,216551424,603967,46267453
2024-08-14 08:46:06,6,22.87,217022464,606093,46269589
2024-08-14 08:46:11,3.1,22.87,217022464,606135,46269617
2024-08-14 08:46:16,0,22.87,217022464,606135,46269617
2024-08-14 08:46:21,5.8,22.87,217022464,606627,46270025
2024-08-14 08:46:26,3.2,22.8972,217280512,606627,46270025
2024-08-14 08:46:32,0,22.8972,217280512,606627,46270025
2024-08-14 08:46:37,3.1,23.0331,218570752,606787,46270101
2024-08-14 08:46:42,0,23.0331,218570752,606787,46270101
2024-08-14 08:46:47,6.2,23.0331,218570752,606787,46270101
2024-08-14 08:46:52,3.2,23.0603,218828800,606877,46270177
2024-08-14 08:46:57,3.2,23.0603,218828800,606877,46270177
2024-08-14 08:47:03,0,23.0603,218828800,606877,46270177
2024-08-14 08:47:08,0,23.0603,218828800,607105,46270253
2024-08-14 08:47:13,0,23.1147,219344896,607147,46270281
2024-08-14 08:47:18,3.1,23.1419,219602944,607189,46270309
2024-08-14 08:47:23,0,23.1419,219602944,607279,46270385
2024-08-14 08:47:29,0,23.1415,219598848,607279,46270385
2024-08-14 08:47:34,0,23.1415,219598848,607279,46270385
2024-08-14 08:47:39,3.2,23.1415,219598848,607279,46270385
2024-08-14 08:47:44,0,23.1415,219598848,607423,46270507
2024-08-14 08:47:49,3.2,23.1415,219598848,607423,46270507
2024-08-14 08:47:54,3,23.1415,219598848,607423,46270507
2024-08-14 08:48:00,0,23.1687,219856896,607513,46270583
2024-08-14 08:48:05,0,23.4674,222691328,609591,46272671
2024-08-14 08:48:10,0,23.4674,222691328,609591,46272671
2024-08-14 08:48:15,0,23.4674,222691328,609723,46272775
2024-08-14 08:48:20,3.2,23.4674,222691328,609723,46272775
2024-08-14 08:48:26,6.1,23.4674,222691328,610104,46273639
2024-08-14 08:48:31,6,24.2728,230334464,641002,46463196
2024-08-14 08:48:36,3.1,24.2728,230334464,641002,46463196
2024-08-14 08:48:41,6.1,24.2728,230334464,641002,46463196
2024-08-14 08:48:46,0,24.2728,230334464,641092,46463272
2024-08-14 08:48:52,3,24.2728,230334464,641146,46463318
2024-08-14 08:48:57,0,24.2728,230334464,641188,46463346
2024-08-14 08:49:02,0,24.2728,230334464,641416,46463422
2024-08-14 08:49:07,3.2,24.2728,230334464,641416,46463422
2024-08-14 08:49:12,3.2,24.2728,230334464,641458,46463450
2024-08-14 08:49:18,3.1,24.2728,230334464,641548,46463526
2024-08-14 08:49:23,3.2,24.2728,230334464,641590,46463554
2024-08-14 08:49:28,0,24.2728,230334464,641590,46463554
2024-08-14 08:49:33,6.2,24.2728,230334464,641680,46463630
2024-08-14 08:49:38,0,24.2728,230334464,641680,46463630
2024-08-14 08:49:43,3.1,24.2728,230334464,641680,46463630
2024-08-14 08:49:49,0,24.2728,230334464,641770,46463706
2024-08-14 08:49:54,0,24.2728,230334464,641812,46463734
2024-08-14 08:49:59,3.2,24.2728,230334464,641866,46463780
2024-08-14 08:50:04,3.2,24.2978,230572032,643944,46465868
2024-08-14 08:50:09,0,24.2978,230572032,644034,46465944
2024-08-14 08:50:15,0,24.325,230830080,644034,46465944
2024-08-14 08:50:20,0,24.3794,231346176,644034,46465944
2024-08-14 08:50:25,0,24.4066,231604224,644124,46466020
2024-08-14 08:50:30,3.2,24.4869,232366080,644124,46466020
2024-08-14 08:50:35,3.1,24.4869,232366080,644214,46466096
2024-08-14 08:50:41,3.2,25.1931,239067136,667060,46470181
2024-08-14 08:50:46,3.2,25.3834,240873472,667060,46470181
2024-08-14 08:50:51,6.5,25.3834,240873472,667456,46470181
2024-08-14 08:50:56,0,25.3834,240873472,691463,46475397
2024-08-14 08:51:01,3.1,25.3834,240873472,694421,46481365
2024-08-14 08:51:06,9.1,26.0088,246808576,718704,46486725
2024-08-14 08:51:12,0,26.1176,247840768,718794,46486801
2024-08-14 08:51:17,3.1,26.2808,249389056,722232,46492073
2024-08-14 08:51:22,15.6,26.172,248356864,738652,46503461
2024-08-14 08:51:27,0,26.1686,248324096,767185,46517895
2024-08-14 08:51:32,0,26.1547,248193024,789775,46532509
2024-08-14 08:51:38,0,26.1547,248193024,807468,46541674
2024-08-14 08:51:43,0,26.1547,248193024,815692,46546259
2024-08-14 08:51:48,3.1,18.6977,177430528,825663,46556775
2024-08-14 08:51:53,0,18.6982,177434624,825663,46556775
2024-08-14 08:51:58,3,18.6982,177434624,825795,46556879
2024-08-14 08:52:04,3.1,18.6982,177434624,825795,46556879
2024-08-14 08:52:09,3.2,18.6977,177430528,825795,46556879
2024-08-14 08:52:14,3.1,18.6977,177430528,825795,46556879
2024-08-14 08:52:19,5.9,18.6977,177430528,825927,46556983
2024-08-14 08:52:24,3,18.6977,177430528,825927,46556983
2024-08-14 08:52:29,0,18.7249,177688576,825927,46556983
2024-08-14 08:52:35,0,18.7249,177688576,826017,46557059
2024-08-14 08:52:40,3.2,18.7249,177688576,826017,46557059
2024-08-14 08:52:45,5.9,18.7249,177688576,826197,46557211
2024-08-14 08:52:50,0,18.7249,177688576,826647,46557467
2024-08-14 08:52:55,0,18.7249,177688576,826689,46557495
2024-08-14 08:53:01,6.2,18.7249,177688576,826689,46557495
2024-08-14 08:53:06,6.2,18.7491,177917952,829079,46559631
2024-08-14 08:53:11,0,18.7491,177917952,829079,46559631
2024-08-14 08:53:16,0,18.7491,177917952,829079,46559631
2024-08-14 08:53:21,3.2,18.7487,177913856,829169,46559707
2024-08-14 08:53:27,0,18.7487,177913856,829169,46559707
2024-08-14 08:53:32,3.2,18.7487,177913856,829169,46559707
2024-08-14 08:53:37,0,18.7487,177913856,829313,46559875
2024-08-14 08:53:42,0,18.7487,177913856,829355,46559903
2024-08-14 08:53:47,3.1,18.7487,177913856,829355,46559903
2024-08-14 08:53:52,3.1,18.7487,177913856,829487,46560007
2024-08-14 08:53:58,6.2,18.7487,177913856,829487,46560007
2024-08-14 08:54:03,3.2,18.7487,177913856,829487,46560007
