2024-08-14 08:38:09,21.8,17.6549,167534592,248373,40628337
2024-08-14 08:38:14,0,17.6674,167653376,284440,45795645
2024-08-14 08:38:20,0,17.6674,167653376,284440,45795645
2024-08-14 08:38:25,3.1,17.6666,167645184,284440,45795645
2024-08-14 08:38:30,3.2,17.7477,168415232,284530,45795721
2024-08-14 08:38:35,2.7,17.7749,168673280,284530,45795721
2024-08-14 08:38:40,3.2,17.8021,168931328,284530,45795721
2024-08-14 08:38:46,3,17.8017,168927232,284980,45796101
2024-08-14 08:38:51,6,17.8017,168927232,284980,45796101
2024-08-14 08:38:56,0,17.8828,169697280,284980,45796101
2024-08-14 08:39:01,0,17.8832,169701376,285070,45796177
2024-08-14 08:39:06,0,17.8832,169701376,285208,45796279
2024-08-14 08:39:12,0,17.8832,169701376,285346,45796279
2024-08-14 08:39:17,0,17.8832,169701376,285436,45796355
2024-08-14 08:39:22,5.8,17.8832,169701376,285436,45796355
2024-08-14 08:39:27,0,17.8832,169701376,285436,45796355
2024-08-14 08:39:32,3.2,17.9091,169947136,285526,45796431
2024-08-14 08:39:38,3.1,17.9359,170201088,285526,45796431
2024-08-14 08:39:43,0,17.9899,170713088,285526,45796431
2024-08-14 08:39:48,3.2,17.9899,170713088,285976,45796811
2024-08-14 08:39:53,6.2,18.017,170971136,285976,45796811
2024-08-14 08:39:58,0,18.0442,171229184,285976,45796811
2024-08-14 08:40:04,3.1,18.396,174567424,288408,45798973
2024-08-14 08:40:09,3.1,18.396,174567424,288450,45799001
2024-08-14 08:40:14,3.1,18.4219,174813184,288450,45799001
2024-08-14 08:40:19,3.2,18.4219,174813184,288540,45799077
2024-08-14 08:40:24,5.6,18.4219,174813184,288540,45799077
2024-08-14 08:40:30,0,18.4219,174813184,288540,45799077
2024-08-14 08:40:35,3,18.4219,174813184,288630,45799153
2024-08-14 08:40:40,3.1,18.4219,174813184,288684,45799199
2024-08-14 08:40:45,3.2,18.4219,174813184,288684,45799199
2024-08-14 08:40:50,0,18.4219,174813184,288864,45799351
2024-08-14 08:40:56,0,18.4219,174813184,289134,45799579
2024-08-14 08:41:01,3.1,18.4742,175308800,289356,45799635
2024-08-14 08:41:06,3.1,18.4742,175308800,289356,45799635
2024-08-14 08:41:11,0,18.4742,175308800,289446,45799711
2024-08-14 08:41:16,3.1,18.4742,175308800,289446,45799711
2024-08-14 08:41:22,0,18.4742,175308800,289446,45799711
2024-08-14 08:41:27,3.2,18.4742,175308800,289536,45799787
2024-08-14 08:41:32,6.2,18.4742,175308800,289590,45799847
2024-08-14 08:41:37,0,18.4742,175308800,289590,45799847
2024-08-14 08:41:42,3,18.5001,175554560,289680,45799923
2024-08-14 08:41:48,3,18.5544,176070656,289680,45799923
2024-08-14 08:41:53,5.9,18.554,176066560,289680,45799923
2024-08-14 08:41:58,3.1,18.6619,177090560,290226,45800423
2024-08-14 08:42:03,3.2,18.7707,178122752,292262,45802481
2024-08-14 08:42:08,5.8,18.7707,178122752,292262,45802481
2024-08-14 08:42:14,5.9,18.7707,178122752,292352,45802557
2024-08-14 08:42:19,3.2,18.7707,178122752,292352,45802557
2024-08-14 08:42:24,0,18.7707,178122752,292352,45802557
2024-08-14 08:42:29,2.9,18.7707,178122752,292442,45802633
2024-08-14 08:42:34,25,24.3768,231321600,332073,45829558
2024-08-14 08:42:40,6.1,24.4303,231829504,348581,45840337
2024-08-14 08:42:45,6.4,24.4558,232071168,375524,45860173
2024-08-14 08:42:50,6.5,24.4558,232071168,385752,45866200
2024-08-14 08:42:55,9.7,24.4554,232067072,401666,45872144
2024-08-14 08:43:00,3,24.4554,232067072,407084,45877894
2024-08-14 08:43:06,3.2,24.4554,232067072,417877,45884702
2024-08-14 08:43:11,0,24.4545,232058880,434301,45894089
2024-08-14 08:43:16,0,24.4442,231960576,466263,45912419
2024-08-14 08:43:21,12.1,24.4433,231952384,501489,45934546
2024-08-14 08:43:26,15.2,24.4442,231960576,525365,45950455
2024-08-14 08:43:32,3.1,24.4424,231944192,546104,45965549
2024-08-14 08:43:37,3,24.4463,231981056,565223,45982266
2024-08-14 08:43:42,6.1,24.4502,232017920,591970,46017124
2024-08-14 08:43:47,3.2,24.4575,232087552,608428,46046919
2024-08-14 08:43:52,0,24.4575,232087552,608560,46047023
2024-08-14 08:43:58,5.8,24.4575,232087552,608560,46047023
2024-08-14 08:44:03,3.2,24.4813,232312832,610686,46049157
2024-08-14 08:44:08,0,24.4813,232312832,611046,46049461
2024-08-14 08:44:13,3.1,24.4813,232312832,611046,46049461
2024-08-14 08:44:18,5.9,24.4813,232312832,611046,46049461
2024-08-14 08:44:24,3.1,24.48,232300544,611136,46049537
2024-08-14 08:44:29,0,24.48,232300544,611136,46049537
2024-08-14 08:44:34,3.1,24.48,232300544,611136,46049537
2024-08-14 08:44:39,3.2,24.48,232300544,611364,46049613
2024-08-14 08:44:44,0,24.48,232300544,611406,46049641
2024-08-14 08:44:50,3.2,24.48,232300544,611406,46049641
2024-08-14 08:44:55,0,24.48,232300544,611496,46049717
2024-08-14 08:45:00,3,24.4765,232267776,611538,46049745
2024-08-14 08:45:05,3.2,24.4748,232251392,611538,46049745
2024-08-14 08:45:10,3.2,24.4748,232251392,611988,46050125
2024-08-14 08:45:16,6.1,24.4748,232251392,611988,46050125
2024-08-14 08:45:21,3,24.4748,232251392,611988,46050125
2024-08-14 08:45:26,3.1,24.4748,232251392,612078,46050201
2024-08-14 08:45:31,3.2,24.4748,232251392,612078,46050201
2024-08-14 08:45:36,3.1,24.5292,232767488,612078,46050201
2024-08-14 08:45:42,3.2,24.5564,233025536,612120,46050229
2024-08-14 08:45:47,0,24.5564,233025536,612210,46050305
2024-08-14 08:45:52,3.1,24.5564,233025536,612252,46050333
2024-08-14 08:45:57,3.2,24.5564,233025536,612252,46050333
2024-08-14 08:46:02,3.1,24.5555,233017344,614378,46052467
2024-08-14 08:46:08,3.2,24.5555,233017344,614378,46052467
2024-08-14 08:46:13,2.8,24.5555,233017344,614468,46052543
2024-08-14 08:46:18,3,24.5555,233017344,614898,46052847
2024-08-14 08:46:23,3.1,24.5555,233017344,614898,46052847
2024-08-14 08:46:28,3,24.5555,233017344,614898,46052847
2024-08-14 08:46:34,3.2,24.5555,233017344,615126,46052923
2024-08-14 08:46:39,0,24.5555,233017344,615168,46052951
2024-08-14 08:46:44,2.9,24.5555,233017344,615168,46052951
2024-08-14 08:46:49,3.1,24.5555,233017344,615258,46053027
2024-08-14 08:46:54,0,24.5555,233017344,615300,46053055
2024-08-14 08:47:00,0,24.5555,233017344,615300,46053055
2024-08-14 08:47:05,6.1,24.5555,233017344,615390,46053131
2024-08-14 08:47:10,3,24.5555,233017344,615390,46053131
2024-08-14 08:47:15,0,24.5555,233017344,615390,46053131
2024-08-14 08:47:20,6.1,24.5551,233013248,615660,46053359
2024-08-14 08:47:26,3.2,24.5551,233013248,615702,46053387
2024-08-14 08:47:31,3,24.5551,233013248,615702,46053387
2024-08-14 08:47:36,0,24.5551,233013248,615834,46053491
2024-08-14 08:47:41,3.1,24.5551,233013248,615834,46053491
2024-08-14 08:47:46,0,24.5551,233013248,615834,46053491
2024-08-14 08:47:52,6.1,24.5551,233013248,615834,46053491
2024-08-14 08:47:57,0,24.5551,233013248,615966,46053595
2024-08-14 08:48:02,0,24.5551,233013248,618002,46055653
2024-08-14 08:48:07,0,24.5551,233013248,618002,46055653
2024-08-14 08:48:12,5.8,24.5551,233013248,618092,46055729
2024-08-14 08:48:18,0,24.5551,233013248,618092,46055729
2024-08-14 08:48:23,3.2,24.5991,233431040,649008,46247112
2024-08-14 08:48:28,6,24.5991,233431040,649506,46247416
2024-08-14 08:48:33,6.1,24.5991,233431040,649548,46247444
2024-08-14 08:48:38,3.1,24.5991,233431040,649548,46247444
2024-08-14 08:48:44,0,24.5991,233431040,649638,46247520
2024-08-14 08:48:49,3,24.5991,233431040,649680,46247548
2024-08-14 08:48:54,0,24.5991,233431040,649680,46247548
2024-08-14 08:48:59,3.1,24.5991,233431040,649770,46247624
2024-08-14 08:49:04,0,24.5991,233431040,649770,46247624
2024-08-14 08:49:10,6,24.5991,233431040,649770,46247624
2024-08-14 08:49:15,3.1,24.6263,233689088,649860,46247700
2024-08-14 08:49:20,5.9,24.6263,233689088,649902,46247728
2024-08-14 08:49:25,0,24.6263,233689088,649902,46247728
2024-08-14 08:49:30,0,24.6535,233947136,650214,46247984
2024-08-14 08:49:36,0,24.7079,234463232,650214,46247984
2024-08-14 08:49:41,3.2,24.7882,235225088,650214,46247984
2024-08-14 08:49:46,0,24.7882,235225088,650304,46248060
2024-08-14 08:49:51,0,24.8141,235470848,650346,46248088
2024-08-14 08:49:56,0,24.8413,235728896,650346,46248088
2024-08-14 08:50:01,2.9,24.868,235982848,652736,46250222
2024-08-14 08:50:07,0,24.868,235982848,652736,46250222
2024-08-14 08:50:12,0,24.8952,236240896,652790,46250268
2024-08-14 08:50:17,0,24.922,236494848,652790,46250268
2024-08-14 08:50:22,3.2,24.922,236494848,653060,46250372
2024-08-14 08:50:27,0,24.922,236494848,653102,46250400
2024-08-14 08:50:33,3.1,24.922,236494848,653336,46250598
2024-08-14 08:50:38,3.2,25.6014,242941952,675958,46254503
2024-08-14 08:50:43,3.1,25.6014,242941952,675958,46254503
2024-08-14 08:50:48,0,25.6014,242941952,698912,46263035
2024-08-14 08:50:53,6.2,25.6014,242941952,699932,46264923
2024-08-14 08:50:59,5.9,25.6014,242941952,703304,46266499
2024-08-14 08:51:04,0,25.6014,242941952,721584,46270629
2024-08-14 08:51:09,0,25.6014,242941952,723750,46274769
2024-08-14 08:51:14,3.2,25.6005,242933760,727638,46277561
2024-08-14 08:51:19,2.9,25.8181,244998144,747724,46285807
2024-08-14 08:51:25,3.1,25.869,245481472,763924,46297728
2024-08-14 08:51:30,8.6,25.8552,245350400,786522,46313127
2024-08-14 08:51:35,16.1,25.8552,245350400,801477,46320134
2024-08-14 08:51:40,5.9,25.8552,245350400,820125,46331506
2024-08-14 08:51:45,0,17.1244,162500608,829469,46341697
2024-08-14 08:51:51,3.1,17.2051,163266560,829469,46341697
2024-08-14 08:51:56,3,17.2319,163520512,829559,46341773
2024-08-14 08:52:01,0,17.3951,165068800,829617,46341819
2024-08-14 08:52:06,3.1,17.3951,165068800,829733,46341819
2024-08-14 08:52:11,3,17.3951,165068800,829881,46341895
2024-08-14 08:52:17,3.1,17.3951,165068800,830161,46341951
2024-08-14 08:52:22,0,17.3951,165068800,830161,46341951
2024-08-14 08:52:27,6.2,17.3951,165068800,830251,46342027
2024-08-14 08:52:32,8.4,17.3951,165068800,830251,46342027
2024-08-14 08:52:37,2.9,17.3951,165068800,830309,46342027
2024-08-14 08:52:43,5.9,17.3951,165068800,830579,46342255
2024-08-14 08:52:48,3,17.3946,165064704,830711,46342359
2024-08-14 08:52:53,0,17.3946,165064704,830711,46342359
2024-08-14 08:52:58,0,17.4749,165826560,830711,46342359
2024-08-14 08:53:03,0,17.5017,166080512,832837,46344493
2024-08-14 08:53:09,8.6,17.5017,166080512,832837,46344493
2024-08-14 08:53:14,3.1,17.5833,166854656,832879,46344521
2024-08-14 08:53:19,3.1,17.7192,168144896,832969,46344597
2024-08-14 08:53:24,3.1,17.7736,168660992,832969,46344597
2024-08-14 08:53:30,0,17.7736,168660992,832969,46344597
2024-08-14 08:53:35,3.1,17.8025,168935424,833059,46344673
