2024-08-14 08:32:40,9.1,17.9335,170184704,170517,26690350
2024-08-14 08:32:45,0,18.9271,179613696,301610,43537402
2024-08-14 08:32:50,0,18.9815,180129792,301610,43537402
2024-08-14 08:32:55,8.8,18.9815,180129792,301790,43537554
2024-08-14 08:33:00,3.2,19.0069,180371456,302060,43537782
2024-08-14 08:33:06,3.1,19.0328,180617216,302198,43537782
2024-08-14 08:33:11,3.2,19.0328,180617216,302198,43537782
2024-08-14 08:33:16,0,19.0328,180617216,302358,43537858
2024-08-14 08:33:21,3.1,19.0328,180617216,302400,43537886
2024-08-14 08:33:26,3.1,19.0328,180617216,302400,43537886
2024-08-14 08:33:32,0,19.0328,180617216,302532,43537990
2024-08-14 08:33:37,0,19.0328,180617216,302532,43537990
2024-08-14 08:33:42,3.1,19.0328,180617216,302532,43537990
2024-08-14 08:33:47,3.2,19.0587,180862976,302622,43538066
2024-08-14 08:33:52,3.2,19.0587,180862976,302664,43538094
2024-08-14 08:33:58,0,19.1403,181637120,302664,43538094
2024-08-14 08:34:03,3.2,19.2491,182669312,303242,43538770
2024-08-14 08:34:08,3.1,19.2758,182923264,303242,43538770
2024-08-14 08:34:13,0,19.2758,182923264,303242,43538770
2024-08-14 08:34:18,3.1,19.2758,182923264,303386,43538892
2024-08-14 08:34:24,0,19.2758,182923264,303428,43538920
2024-08-14 08:34:29,0,19.2758,182923264,303470,43538948
2024-08-14 08:34:34,3.2,19.4118,184213504,305596,43541083
2024-08-14 08:34:39,3,19.4114,184209408,305596,43541083
2024-08-14 08:34:44,0,19.4114,184209408,305596,43541083
2024-08-14 08:34:50,3,19.4114,184209408,305596,43541083
2024-08-14 08:34:55,3.1,19.4114,184209408,305686,43541159
2024-08-14 08:35:00,3.1,19.4114,184209408,305866,43541187
2024-08-14 08:35:05,3.1,19.4114,184209408,306100,43541431
2024-08-14 08:35:10,3.2,19.4114,184209408,306370,43541659
2024-08-14 08:35:15,6.1,19.4114,184209408,306370,43541659
2024-08-14 08:35:21,3.2,19.4114,184209408,306412,43541687
2024-08-14 08:35:26,6,19.4114,184209408,306502,43541763
2024-08-14 08:35:31,0,19.4114,184209408,306544,43541791
2024-08-14 08:35:36,0,19.4878,184934400,306544,43541791
2024-08-14 08:35:41,0,19.4878,184934400,306634,43541867
2024-08-14 08:35:47,3.2,19.4878,184934400,306634,43541867
2024-08-14 08:35:52,3.2,19.5149,185192448,306634,43541867
2024-08-14 08:35:57,0,19.5149,185192448,306778,43541989
2024-08-14 08:36:02,2.9,19.5149,185192448,306820,43542017
2024-08-14 08:36:07,0,19.5149,185192448,306820,43542017
2024-08-14 08:36:13,0,19.5149,185192448,307324,43542443
2024-08-14 08:36:18,3.1,19.5149,185192448,307366,43542471
2024-08-14 08:36:23,0,19.5149,185192448,307366,43542471
2024-08-14 08:36:28,3.2,19.5149,185192448,307456,43542547
2024-08-14 08:36:33,0,19.5141,185184256,309558,43544606
2024-08-14 08:36:39,0,19.5132,185176064,309558,43544606
2024-08-14 08:36:44,3,19.5132,185176064,309648,43544682
2024-08-14 08:36:49,3.2,19.5132,185176064,309648,43544682
2024-08-14 08:36:54,0,19.5132,185176064,309648,43544682
2024-08-14 08:36:59,3.1,19.5132,185176064,309786,43544682
2024-08-14 08:37:05,0,19.5132,185176064,309946,43544758
2024-08-14 08:37:10,3.1,19.5132,185176064,309988,43544786
2024-08-14 08:37:15,3.1,19.5132,185176064,310210,43544966
2024-08-14 08:37:20,0,19.5132,185176064,310480,43545194
2024-08-14 08:37:25,3.1,19.5132,185176064,310480,43545194
2024-08-14 08:37:30,3,19.5132,185176064,310480,43545194
2024-08-14 08:37:36,3,19.5128,185171968,310570,43545270
2024-08-14 08:37:41,3.2,19.5128,185171968,310612,43545298
2024-08-14 08:37:46,12.1,19.5313,185348096,310612,43545298
2024-08-14 08:37:51,6,19.5283,185319424,310702,43545374
2024-08-14 08:37:56,6.1,19.5283,185319424,310702,43545374
2024-08-14 08:38:02,0,19.5283,185319424,310702,43545374
2024-08-14 08:38:07,0,19.5283,185319424,310792,43545450
2024-08-14 08:38:12,3.1,19.5283,185319424,310876,43545506
2024-08-14 08:38:17,3.2,19.5283,185319424,310876,43545506
2024-08-14 08:38:22,0,19.5279,185315328,311326,43545886
2024-08-14 08:38:28,0,19.5279,185315328,311326,43545886
2024-08-14 08:38:33,3.2,19.6889,186843136,313650,43548259
2024-08-14 08:38:38,3,19.6889,186843136,313740,43548335
2024-08-14 08:38:43,3.1,19.6889,186843136,313740,43548335
2024-08-14 08:38:48,0,19.6889,186843136,313740,43548335
2024-08-14 08:38:54,3.2,19.6885,186839040,313968,43548411
2024-08-14 08:38:59,6,19.6885,186839040,314010,43548439
2024-08-14 08:39:04,3.2,19.6885,186839040,314010,43548439
2024-08-14 08:39:09,0,19.6885,186839040,314052,43548467
2024-08-14 08:39:14,3.1,19.6876,186830848,314142,43548543
2024-08-14 08:39:19,3.1,19.6876,186830848,314142,43548543
2024-08-14 08:39:25,0,16.9787,161124352,314412,43548771
2024-08-14 08:39:30,0,17.059,161886208,314634,43548951
2024-08-14 08:39:35,3,17.1134,162402304,314634,43548951
2024-08-14 08:39:40,0,17.2209,163422208,314634,43548951
2024-08-14 08:39:45,0,17.3024,164196352,314724,43549027
2024-08-14 08:39:51,3.1,17.4112,165228544,314724,43549027
2024-08-14 08:39:56,0,17.4656,165744640,314724,43549027
2024-08-14 08:40:01,3.1,17.5744,166776832,314814,43549103
2024-08-14 08:40:06,3.1,17.6525,167518208,317000,43551218
2024-08-14 08:40:11,3,17.6525,167518208,317000,43551218
2024-08-14 08:40:17,6.2,17.6525,167518208,317090,43551294
2024-08-14 08:40:22,3.1,17.6525,167518208,317090,43551294
2024-08-14 08:40:27,0,17.6525,167518208,317090,43551294
2024-08-14 08:40:32,0,17.6525,167518208,317540,43551674
2024-08-14 08:40:37,0,17.6525,167518208,317582,43551702
2024-08-14 08:40:43,6.2,17.6525,167518208,317720,43551702
2024-08-14 08:40:48,3.1,17.6797,167776256,317810,43551778
2024-08-14 08:40:53,3.2,17.6797,167776256,317810,43551778
2024-08-14 08:40:58,3.2,17.6797,167776256,317810,43551778
2024-08-14 08:41:03,0,17.7341,168292352,317942,43551882
2024-08-14 08:41:09,3.2,17.9244,170098688,317984,43551910
2024-08-14 08:41:14,3.1,17.952,170360832,317984,43551910
2024-08-14 08:41:19,8.6,17.9779,170606592,318074,43551986
2024-08-14 08:41:24,3.2,18.0051,170864640,318074,43551986
2024-08-14 08:41:29,3.1,18.0051,170864640,318074,43551986
2024-08-14 08:41:35,3.1,18.0591,171376640,320446,43554273
2024-08-14 08:41:40,0,18.0591,171376640,320626,43554425
2024-08-14 08:41:45,0,18.0591,171376640,320626,43554425
2024-08-14 08:41:50,3.2,18.0591,171376640,320626,43554425
2024-08-14 08:41:55,3,18.0591,171376640,320758,43554529
2024-08-14 08:42:01,0,18.0591,171376640,320800,43554557
2024-08-14 08:42:06,3.1,18.0591,171376640,320800,43554557
2024-08-14 08:42:11,18.7,19.9625,189440000,321247,43555420
2024-08-14 08:42:16,19.4,23.2964,221077504,597093,43754584
2024-08-14 08:42:21,0,23.3508,221593600,599578,43760600
2024-08-14 08:42:26,3.1,23.3767,221839360,599668,43760676
2024-08-14 08:42:32,3.2,23.3767,221839360,599806,43760676
2024-08-14 08:42:37,3.2,23.4026,222085120,599806,43760676
2024-08-14 08:42:42,8.8,23.4,222060544,600298,43761084
2024-08-14 08:42:47,3,23.4272,222318592,600298,43761084
2024-08-14 08:42:52,0,23.4272,222318592,600340,43761112
2024-08-14 08:42:58,3.2,23.4272,222318592,600430,43761188
2024-08-14 08:43:03,3.1,23.4272,222318592,600484,43761234
2024-08-14 08:43:08,3.1,23.4272,222318592,600526,43761262
2024-08-14 08:43:13,0,23.4272,222318592,600616,43761338
2024-08-14 08:43:18,0,23.4272,222318592,600616,43761338
2024-08-14 08:43:24,3.1,23.4272,222318592,600616,43761338
2024-08-14 08:43:29,3.2,23.4272,222318592,600706,43761414
2024-08-14 08:43:34,0,23.4267,222314496,602742,43763473
2024-08-14 08:43:39,0,23.4539,222572544,602742,43763473
2024-08-14 08:43:44,3.2,23.4539,222572544,603012,43763701
2024-08-14 08:43:50,6.2,23.4539,222572544,603234,43763881
2024-08-14 08:43:55,0,23.4811,222830592,603234,43763881
2024-08-14 08:44:00,3.1,23.6425,224362496,603234,43763881
2024-08-14 08:44:05,0,23.6697,224620544,603324,43763957
2024-08-14 08:44:10,3.2,23.6697,224620544,603366,43763985
2024-08-14 08:44:15,0,23.6697,224620544,603366,43763985
2024-08-14 08:44:21,8.4,23.6697,224620544,603594,43764061
2024-08-14 08:44:26,3.1,23.6697,224620544,603594,43764061
2024-08-14 08:44:31,0,23.6697,224620544,603594,43764061
2024-08-14 08:44:36,0,23.9645,227418112,603738,43764197
2024-08-14 08:44:41,3.1,23.9645,227418112,603780,43764225
2024-08-14 08:44:47,0,23.9645,227418112,603912,43764329
2024-08-14 08:44:52,3,24.1264,228954112,604272,43764633
2024-08-14 08:44:57,3.2,24.1264,228954112,604342,43764633
2024-08-14 08:45:02,0,24.1264,228954112,604342,43764633
2024-08-14 08:45:07,6,24.126,228950016,604432,43764709
2024-08-14 08:45:13,3,24.126,228950016,604474,43764737
2024-08-14 08:45:18,0,24.2062,229711872,604474,43764737
2024-08-14 08:45:23,3.1,24.2334,229969920,604564,43764813
2024-08-14 08:45:28,3,24.3418,230998016,604564,43764813
2024-08-14 08:45:33,0,24.694,234340352,606600,43766872
2024-08-14 08:45:39,3,24.6935,234336256,606690,43766948
2024-08-14 08:45:44,0,24.6935,234336256,606786,43767036
2024-08-14 08:45:49,3.2,24.6935,234336256,606786,43767036
2024-08-14 08:45:54,3.1,24.7207,234594304,607146,43767340
2024-08-14 08:45:59,2.9,24.7479,234852352,607236,43767416
2024-08-14 08:46:05,3.1,24.7751,235110400,607236,43767416
2024-08-14 08:46:10,5.9,22.2048,210718720,607290,43767476
2024-08-14 08:46:15,6.2,22.3395,211996672,607422,43767580
2024-08-14 08:46:20,3.1,22.3667,212254720,607560,43767580
2024-08-14 08:46:25,6,22.3939,212512768,607560,43767580
2024-08-14 08:46:31,3.2,22.3934,212508672,607704,43767702
2024-08-14 08:46:36,2.9,22.3934,212508672,607704,43767702
2024-08-14 08:46:41,0,22.4206,212766720,607746,43767730
2024-08-14 08:46:46,3,22.475,213282816,607836,43767806
2024-08-14 08:46:51,0,22.5022,213540864,607878,43767834
2024-08-14 08:46:57,3,22.5022,213540864,607968,43767910
2024-08-14 08:47:02,6,22.5566,214056960,608058,43767986
2024-08-14 08:47:07,0,22.5566,214056960,608058,43767986
2024-08-14 08:47:12,6.1,22.5566,214056960,608058,43767986
2024-08-14 08:47:17,0,22.5566,214056960,608148,43768062
2024-08-14 08:47:23,0,22.611,214573056,608190,43768090
2024-08-14 08:47:28,3.1,22.6925,215347200,608190,43768090
2024-08-14 08:47:33,0,22.7979,216346624,610358,43770253
2024-08-14 08:47:38,3,22.7979,216346624,610358,43770253
2024-08-14 08:47:43,6.1,22.7979,216346624,610358,43770253
2024-08-14 08:47:49,6.2,22.7979,216346624,610448,43770329
2024-08-14 08:47:54,3.1,22.7979,216346624,610448,43770329
2024-08-14 08:47:59,0,22.7979,216346624,610448,43770329
2024-08-14 08:48:04,3.2,24.0642,228364288,641422,43960721
2024-08-14 08:48:09,3.1,24.0642,228364288,641422,43960721
2024-08-14 08:48:14,3.1,24.0642,228364288,641560,43960721
2024-08-14 08:48:20,6,24.0642,228364288,641650,43960797
2024-08-14 08:48:25,3.2,24.0642,228364288,641650,43960797
2024-08-14 08:48:30,0,24.0642,228364288,641692,43960825
2024-08-14 08:48:35,6,24.0642,228364288,641692,43960825
2024-08-14 08:48:40,3,24.0642,228364288,641782,43960901
2024-08-14 08:48:46,9.1,24.091,228618240,641940,43960975
2024-08-14 08:48:51,0,24.1454,229134336,641998,43960975
2024-08-14 08:48:56,3.2,24.1726,229392384,642146,43961051
2024-08-14 08:49:01,0,24.1726,229392384,642204,43961051
2024-08-14 08:49:06,0,24.2257,229896192,642294,43961127
2024-08-14 08:49:12,6,24.2257,229896192,642426,43961231
2024-08-14 08:49:17,3.1,24.2257,229896192,642484,43961231
2024-08-14 08:49:22,3,24.2257,229896192,642484,43961231
2024-08-14 08:49:27,3.1,24.2257,229896192,642616,43961335
2024-08-14 08:49:32,0,24.2257,229896192,644652,43963394
2024-08-14 08:49:38,3.1,24.2257,229896192,644652,43963394
2024-08-14 08:49:43,0,24.2257,229896192,644742,43963470
2024-08-14 08:49:48,3.1,24.2257,229896192,644742,43963470
2024-08-14 08:49:53,3,24.2257,229896192,644742,43963470
2024-08-14 08:49:58,3,24.2257,229896192,644832,43963546
2024-08-14 08:50:04,3.1,24.2257,229896192,645012,43963574
2024-08-14 08:50:09,3.1,24.2252,229892096,645012,43963574
2024-08-14 08:50:14,0,24.2248,229888000,645462,43963954
2024-08-14 08:50:19,6,19.0583,180858880,752621,44020793
2024-08-14 08:50:24,3,19.0842,181104640,752663,44020821
2024-08-14 08:50:30,3.1,19.2201,182394880,752753,44020897
2024-08-14 08:50:35,3.2,19.2201,182394880,752753,44020897
2024-08-14 08:50:40,0,19.2201,182394880,752753,44020897
2024-08-14 08:50:45,3,19.3017,183169024,752843,44020973
2024-08-14 08:50:50,0,16.7098,158572544,752885,44021001
2024-08-14 08:50:55,3.1,16.8458,159862784,752885,44021001
2024-08-14 08:51:01,3.1,17.0892,162172928,752885,44021001
2024-08-14 08:51:06,3.1,17.198,163205120,752975,44021077
2024-08-14 08:51:11,0,17.4414,165515264,752975,44021077
2024-08-14 08:51:16,0,17.6042,167059456,753065,44021153
2024-08-14 08:51:21,0,17.6581,167571456,753239,44021285
2024-08-14 08:51:27,0,17.6853,167829504,753239,44021285
2024-08-14 08:51:32,32.3,17.7336,168288256,755275,44023344
2024-08-14 08:51:37,0,17.7336,168288256,755365,44023420
2024-08-14 08:51:42,0,17.7595,168534016,755365,44023420
2024-08-14 08:51:47,0,17.8139,169050112,755365,44023420
2024-08-14 08:51:53,0,17.8955,169824256,755455,44023496
2024-08-14 08:51:58,0,17.8955,169824256,755593,44023496
2024-08-14 08:52:03,0,18.0043,170856448,755593,44023496
2024-08-14 08:52:08,3.1,18.0043,170856448,755683,44023572
2024-08-14 08:52:13,3.1,18.0043,170856448,755725,44023600
2024-08-14 08:52:19,6.8,18.1907,172625920,764120,44026756
