2024-08-14 08:32:33,9.7,17.7087,168050688,165957,26267260
2024-08-14 08:32:38,3.1,19.0251,180543488,275504,43129548
2024-08-14 08:32:43,3.2,19.0251,180543488,275594,43129624
2024-08-14 08:32:48,3.1,19.0251,180543488,275594,43129624
2024-08-14 08:32:53,3.2,19.0251,180543488,275594,43129624
2024-08-14 08:32:58,3.2,19.0247,180539392,276044,43130004
2024-08-14 08:33:04,0,19.0247,180539392,276044,43130004
2024-08-14 08:33:09,0,19.0247,180539392,276044,43130004
2024-08-14 08:33:14,6,19.0506,180785152,276134,43130080
2024-08-14 08:33:19,6,19.0506,180785152,276188,43130126
2024-08-14 08:33:24,6.2,19.0791,181055488,276230,43130154
2024-08-14 08:33:30,0,19.0791,181055488,276500,43130258
2024-08-14 08:33:35,0,19.0791,181055488,276500,43130258
2024-08-14 08:33:40,3.2,19.0791,181055488,276500,43130258
2024-08-14 08:33:45,3,19.0791,181055488,276590,43130334
2024-08-14 08:33:50,3,19.0791,181055488,276590,43130334
2024-08-14 08:33:55,3.1,19.0791,181055488,276590,43130334
2024-08-14 08:34:01,3.2,19.0791,181055488,277040,43130714
2024-08-14 08:34:06,3.2,19.0791,181055488,277110,43130714
2024-08-14 08:34:11,6.2,19.0791,181055488,277110,43130714
2024-08-14 08:34:16,19.4,19.1335,181571584,279410,43132774
2024-08-14 08:34:21,0,19.1335,181571584,279500,43132850
2024-08-14 08:34:27,0,19.1335,181571584,279650,43132984
2024-08-14 08:34:32,0,19.215,182345728,279650,43132984
2024-08-14 08:34:37,6,19.3778,183889920,279740,43133060
2024-08-14 08:34:42,6,19.5137,185180160,279740,43133060
2024-08-14 08:34:47,0,19.5409,185438208,279740,43133060
2024-08-14 08:34:52,0,19.5409,185438208,279830,43133136
2024-08-14 08:34:58,0,19.5409,185438208,279830,43133136
2024-08-14 08:35:03,0,19.6769,186728448,280010,43133288
2024-08-14 08:35:08,6.1,19.7041,186986496,280322,43133544
2024-08-14 08:35:13,6.1,19.7041,186986496,280322,43133544
2024-08-14 08:35:18,0,19.7019,186966016,280322,43133544
2024-08-14 08:35:24,0,19.7291,187224064,280454,43133648
2024-08-14 08:35:29,0,19.8651,188514304,280592,43133648
2024-08-14 08:35:34,0,20.001,189804544,280592,43133648
2024-08-14 08:35:39,0,20.0282,190062592,280682,43133724
2024-08-14 08:35:44,3.2,20.0554,190320640,280682,43133724
2024-08-14 08:35:49,0,20.1098,190836736,280682,43133724
2024-08-14 08:35:55,3.1,20.1089,190828544,280772,43133800
2024-08-14 08:36:00,3.2,20.1089,190828544,280814,43133828
2024-08-14 08:36:05,3.1,20.1089,190828544,280814,43133828
2024-08-14 08:36:10,3.1,20.1089,190828544,281264,43134208
2024-08-14 08:36:15,3.2,20.1089,190828544,281264,43134208
2024-08-14 08:36:21,0,20.1089,190828544,283606,43136296
2024-08-14 08:36:26,0,20.1089,190828544,283606,43136296
2024-08-14 08:36:31,0,20.1089,190828544,283696,43136372
2024-08-14 08:36:36,6,20.1633,191344640,283696,43136372
2024-08-14 08:36:41,0,20.2989,192630784,283696,43136372
2024-08-14 08:36:46,6.1,20.3532,193146880,283840,43136540
2024-08-14 08:36:52,3.2,20.3532,193146880,283840,43136540
2024-08-14 08:36:57,6.2,20.3532,193146880,283840,43136540
2024-08-14 08:37:02,0,20.3532,193146880,283930,43136616
2024-08-14 08:37:07,0,20.3532,193146880,283972,43136644
2024-08-14 08:37:12,6.1,20.3532,193146880,284062,43136720
2024-08-14 08:37:18,0,20.3532,193146880,284602,43137052
2024-08-14 08:37:23,0,20.3532,193146880,284602,43137052
2024-08-14 08:37:28,0,20.3532,193146880,284602,43137052
2024-08-14 08:37:33,0,20.3528,193142784,284692,43137128
2024-08-14 08:37:38,3.2,20.3528,193142784,284692,43137128
2024-08-14 08:37:44,3.2,20.3429,193048576,284692,43137128
2024-08-14 08:37:49,3,20.3425,193044480,284782,43137204
2024-08-14 08:37:54,0,20.3683,193290240,284782,43137204
2024-08-14 08:37:59,0,20.3683,193290240,284782,43137204
2024-08-14 08:38:04,3.1,20.3683,193290240,284872,43137280
2024-08-14 08:38:09,3.2,20.3683,193290240,284956,43137336
2024-08-14 08:38:15,6,20.3683,193290240,284956,43137336
2024-08-14 08:38:20,0,20.3904,193499136,287706,43139776
2024-08-14 08:38:25,3.1,20.3904,193499136,287706,43139776
2024-08-14 08:38:30,0,20.3904,193499136,287706,43139776
2024-08-14 08:38:35,0,20.3904,193499136,287796,43139852
2024-08-14 08:38:41,0,20.3904,193499136,287796,43139852
2024-08-14 08:38:46,0,20.3904,193499136,287796,43139852
2024-08-14 08:38:51,0,20.3899,193495040,287796,43139852
2024-08-14 08:38:56,0,20.3899,193495040,287886,43139928
2024-08-14 08:39:01,3.1,20.3899,193495040,287956,43139928
2024-08-14 08:39:07,3.1,20.3899,193495040,287998,43139956
2024-08-14 08:39:12,3.2,20.3891,193486848,288226,43140032
2024-08-14 08:39:17,3.2,20.3891,193486848,288268,43140060
2024-08-14 08:39:22,3.2,20.3891,193486848,288358,43140136
2024-08-14 08:39:27,6.2,20.3891,193486848,288718,43140440
2024-08-14 08:39:32,0,20.3882,193478656,288718,43140440
2024-08-14 08:39:38,3.1,20.3882,193478656,288718,43140440
2024-08-14 08:39:43,0,20.3882,193478656,288808,43140516
2024-08-14 08:39:48,3.1,20.3882,193478656,288808,43140516
2024-08-14 08:39:53,0,20.3882,193478656,288808,43140516
2024-08-14 08:39:58,0,20.3882,193478656,288898,43140592
2024-08-14 08:40:04,0,20.3882,193478656,288940,43140620
2024-08-14 08:40:09,5.8,20.3882,193478656,288940,43140620
2024-08-14 08:40:14,5.8,20.3882,193478656,289030,43140696
2024-08-14 08:40:19,0,20.3865,193462272,291198,43142756
2024-08-14 08:40:24,3,20.3865,193462272,291252,43142816
2024-08-14 08:40:30,3.2,20.3865,193462272,291702,43143196
2024-08-14 08:40:35,3.2,20.3865,193462272,291702,43143196
2024-08-14 08:40:40,3.1,20.3865,193462272,291702,43143196
2024-08-14 08:40:45,6.2,20.4124,193708032,291792,43143272
2024-08-14 08:40:50,0,20.4124,193708032,291792,43143272
2024-08-14 08:40:55,0,20.4124,193708032,291792,43143272
2024-08-14 08:41:01,3.2,20.4124,193708032,291972,43143300
2024-08-14 08:41:06,3.2,20.4124,193708032,292062,43143376
2024-08-14 08:41:11,0,20.4124,193708032,292104,43143404
2024-08-14 08:41:16,3.2,20.4124,193708032,292104,43143404
2024-08-14 08:41:21,3.1,20.4124,193708032,292194,43143480
2024-08-14 08:41:27,6.2,20.4124,193708032,292194,43143480
2024-08-14 08:41:32,0,20.4124,193708032,292284,43143556
2024-08-14 08:41:37,0,20.4119,193703936,292644,43143860
2024-08-14 08:41:42,0,20.4119,193703936,292644,43143860
2024-08-14 08:41:47,0,20.4378,193949696,292644,43143860
2024-08-14 08:41:52,0,20.4378,193949696,292734,43143936
2024-08-14 08:41:58,3.1,20.4378,193949696,292776,43143964
2024-08-14 08:42:03,0,20.4378,193949696,292776,43143964
2024-08-14 08:42:08,2.9,20.4378,193949696,292866,43144040
2024-08-14 08:42:13,100,24.6604,234020864,416031,43218709
2024-08-14 08:42:18,3.1,24.6988,234385408,573734,43351934
2024-08-14 08:42:24,0,24.6984,234381312,573824,43352010
2024-08-14 08:42:29,0,24.6984,234381312,573824,43352010
2024-08-14 08:42:34,3.1,24.6984,234381312,573878,43352056
2024-08-14 08:42:39,3.1,24.6984,234381312,574328,43352436
2024-08-14 08:42:44,6.1,24.6984,234381312,574328,43352436
2024-08-14 08:42:50,0,24.6984,234381312,574466,43352436
2024-08-14 08:42:55,3.1,24.78,235155456,574598,43352540
2024-08-14 08:43:00,0,24.8072,235413504,574640,43352568
2024-08-14 08:43:05,0,24.8616,235929600,574640,43352568
2024-08-14 08:43:10,0,24.8887,236187648,574640,43352568
2024-08-14 08:43:15,3.2,24.9703,236961792,574784,43352690
2024-08-14 08:43:21,0,25.0247,237477888,574784,43352690
2024-08-14 08:43:26,0,25.0247,237477888,574784,43352690
2024-08-14 08:43:31,0,25.0247,237477888,574874,43352766
2024-08-14 08:43:36,3.1,25.0247,237477888,574916,43352794
2024-08-14 08:43:41,3.2,25.0247,237477888,575006,43352870
2024-08-14 08:43:47,3.1,25.0519,237735936,575366,43353174
2024-08-14 08:43:52,3.2,25.0791,237993984,575408,43353202
2024-08-14 08:43:57,6.1,25.0791,237993984,575408,43353202
2024-08-14 08:44:02,0,25.1063,238252032,575498,43353278
2024-08-14 08:44:07,0,25.1063,238252032,575540,43353306
2024-08-14 08:44:13,0,25.1063,238252032,575540,43353306
2024-08-14 08:44:18,3.2,25.1059,238247936,577666,43355442
2024-08-14 08:44:23,6.2,25.1059,238247936,577666,43355442
2024-08-14 08:44:28,3.1,25.1059,238247936,577666,43355442
2024-08-14 08:44:33,3.2,25.1059,238247936,577756,43355518
2024-08-14 08:44:38,3.1,25.1059,238247936,577894,43355518
2024-08-14 08:44:44,0,25.1059,238247936,577936,43355546
2024-08-14 08:44:49,0,25.1059,238247936,578386,43355926
2024-08-14 08:44:54,3.1,25.1059,238247936,578428,43355954
2024-08-14 08:44:59,3,25.1054,238243840,578428,43355954
2024-08-14 08:45:04,0,25.1054,238243840,578518,43356030
2024-08-14 08:45:10,0,25.1054,238243840,578518,43356030
2024-08-14 08:45:15,0,25.1054,238243840,578518,43356030
2024-08-14 08:45:20,0,25.1037,238227456,578518,43356030
2024-08-14 08:45:25,3.2,25.1037,238227456,578608,43356106
2024-08-14 08:45:30,3.1,25.1037,238227456,578650,43356134
2024-08-14 08:45:36,0,25.1037,238227456,578650,43356134
2024-08-14 08:45:41,2.9,25.1028,238219264,578782,43356238
2024-08-14 08:45:46,0,25.1028,238219264,578782,43356238
2024-08-14 08:45:51,0,25.1028,238219264,578962,43356390
2024-08-14 08:45:56,3,25.1028,238219264,579232,43356618
2024-08-14 08:46:02,3.1,25.1028,238219264,579274,43356646
2024-08-14 08:46:07,0,25.1559,238723072,579274,43356646
2024-08-14 08:46:12,0,25.1831,238981120,579364,43356722
2024-08-14 08:46:17,0,25.1831,238981120,581400,43358782
2024-08-14 08:46:22,3.2,25.1831,238981120,581400,43358782
2024-08-14 08:46:28,3.2,25.1831,238981120,581490,43358858
2024-08-14 08:46:33,3.1,25.1831,238981120,581628,43358858
2024-08-14 08:46:38,0,25.1831,238981120,581778,43359006
2024-08-14 08:46:43,0,25.209,239226880,581868,43359082
2024-08-14 08:46:48,0,25.2362,239484928,581922,43359128
2024-08-14 08:46:53,0,25.2362,239484928,581922,43359128
2024-08-14 08:46:59,0,25.2358,239480832,582282,43359432
2024-08-14 08:47:04,0,25.2358,239480832,582324,43359460
2024-08-14 08:47:09,0,25.2358,239480832,582378,43359506
2024-08-14 08:47:14,0,25.2358,239480832,582468,43359582
2024-08-14 08:47:19,0,25.263,239738880,582616,43359642
2024-08-14 08:47:25,0,25.263,239738880,582764,43359642
2024-08-14 08:47:30,3.2,25.263,239738880,582764,43359642
2024-08-14 08:47:35,3.2,25.263,239738880,582970,43359746
2024-08-14 08:47:40,3.1,25.263,239738880,582970,43359746
2024-08-14 08:47:45,3.1,25.263,239738880,582970,43359746
2024-08-14 08:47:50,0,25.263,239738880,583134,43359822
2024-08-14 08:47:56,0,25.263,239738880,583176,43359850
2024-08-14 08:48:01,0,25.263,239738880,583520,43360138
2024-08-14 08:48:06,6.2,25.4158,241188864,614143,43550347
2024-08-14 08:48:11,0,25.4158,241188864,614143,43550347
2024-08-14 08:48:16,3.2,25.4158,241188864,616249,43552407
2024-08-14 08:48:22,3.2,25.4158,241188864,616339,43552483
2024-08-14 08:48:27,6.2,25.4158,241188864,616339,43552483
2024-08-14 08:48:32,6.2,25.4149,241180672,616635,43552557
2024-08-14 08:48:37,6.2,25.4149,241180672,616837,43552679
2024-08-14 08:48:42,6.2,25.4149,241180672,616895,43552679
2024-08-14 08:48:48,0,25.468,241684480,616953,43552679
2024-08-14 08:48:53,3.1,25.468,241684480,617043,43552755
2024-08-14 08:48:58,5.8,25.468,241684480,617085,43552783
2024-08-14 08:49:03,3,25.468,241684480,617287,43552951
2024-08-14 08:49:08,3.2,25.468,241684480,617467,43553103
2024-08-14 08:49:14,3.1,25.468,241684480,617467,43553103
2024-08-14 08:49:19,3.2,25.468,241684480,617467,43553103
2024-08-14 08:49:24,0,25.4676,241680384,617557,43553179
2024-08-14 08:49:29,6,25.4676,241680384,617599,43553207
2024-08-14 08:49:34,3.1,25.4676,241680384,617599,43553207
2024-08-14 08:49:39,3,25.4676,241680384,617599,43553207
2024-08-14 08:49:45,3.2,25.4676,241680384,617689,43553283
2024-08-14 08:49:50,0,25.4676,241680384,617731,43553311
2024-08-14 08:49:55,3.1,25.4676,241680384,617731,43553311
2024-08-14 08:50:00,0,25.4676,241680384,617821,43553387
2024-08-14 08:50:05,3.1,25.4676,241680384,617821,43553387
2024-08-14 08:50:11,3,25.4676,241680384,618091,43553615
2024-08-14 08:50:16,80.7,25.8211,245035008,651168,43566727
2024-08-14 08:50:21,3.2,18.9345,179683328,727512,43612643
2024-08-14 08:50:26,3,19.042,180703232,727650,43612643
2024-08-14 08:50:31,2.9,19.1507,181735424,727740,43612719
2024-08-14 08:50:37,0,19.2051,182251520,727740,43612719
2024-08-14 08:50:42,3,19.2582,182755328,727740,43612719
2024-08-14 08:50:47,3.1,19.3674,183791616,727830,43612795
2024-08-14 08:50:52,3.1,19.3674,183791616,727830,43612795
2024-08-14 08:50:57,6.1,19.3946,184049664,727830,43612795
2024-08-14 08:51:03,3.1,16.8144,159563776,727920,43612871
2024-08-14 08:51:08,0,16.8687,160079872,727962,43612899
2024-08-14 08:51:13,0,17.0587,161882112,728052,43612975
2024-08-14 08:51:18,3.2,17.0582,161878016,728274,43613155
2024-08-14 08:51:23,0,17.1126,162394112,728274,43613155
2024-08-14 08:51:29,0,17.1398,162652160,728274,43613155
2024-08-14 08:51:34,0,17.1398,162652160,728364,43613231
2024-08-14 08:51:39,5.8,17.2214,163426304,728364,43613231
2024-08-14 08:51:44,0,17.3301,164458496,728364,43613231
2024-08-14 08:51:49,3.1,17.3301,164458496,728364,43613231
2024-08-14 08:51:55,3.2,17.3301,164458496,728454,43613307
2024-08-14 08:52:00,6.2,17.3301,164458496,728454,43613307
2024-08-14 08:52:05,0,17.3573,164716544,728454,43613307
2024-08-14 08:52:10,6.2,17.5205,166264832,728544,43613383
2024-08-14 08:52:15,0,17.5205,166264832,728628,43613439
2024-08-14 08:52:20,3.2,17.6215,167223296,731162,43615803
