2024-08-14 08:36:46,15.6,17.6102,167116800,212277,33735721
2024-08-14 08:36:51,0,18.0837,171610112,286926,43544081
2024-08-14 08:36:56,0,18.0837,171610112,286926,43544081
2024-08-14 08:37:01,5.4,18.2486,173174784,286980,43544141
2024-08-14 08:37:07,8.8,18.2486,173174784,287112,43544245
2024-08-14 08:37:12,3,18.2486,173174784,287112,43544245
2024-08-14 08:37:17,0,18.2486,173174784,287112,43544245
2024-08-14 08:37:22,6.1,18.2481,173170688,287202,43544321
2024-08-14 08:37:27,0,18.2481,173170688,287244,43544349
2024-08-14 08:37:33,6.1,18.2749,173424640,287244,43544349
2024-08-14 08:37:38,0,18.2745,173420544,287832,43544729
2024-08-14 08:37:43,3.2,18.2745,173420544,287832,43544729
2024-08-14 08:37:48,0,18.2745,173420544,287832,43544729
2024-08-14 08:37:53,5.9,18.2745,173420544,287922,43544805
2024-08-14 08:37:59,3.1,18.2745,173420544,287964,43544833
2024-08-14 08:38:04,0,18.2745,173420544,288006,43544861
2024-08-14 08:38:09,6.2,18.2745,173420544,288096,43544937
2024-08-14 08:38:14,0,18.2995,173658112,288096,43544937
2024-08-14 08:38:19,3.2,18.5977,176488448,290132,43546996
2024-08-14 08:38:24,0,18.5977,176488448,290276,43547118
2024-08-14 08:38:30,0,18.6249,176746496,290276,43547118
2024-08-14 08:38:35,3.2,18.6249,176746496,290276,43547118
2024-08-14 08:38:40,3,18.6245,176742400,290546,43547346
2024-08-14 08:38:45,0,18.6245,176742400,290726,43547498
2024-08-14 08:38:50,3.1,18.6245,176742400,290726,43547498
2024-08-14 08:38:56,0,18.6228,176726016,290726,43547498
2024-08-14 08:39:01,0,18.6228,176726016,290858,43547602
2024-08-14 08:39:06,3.2,18.6228,176726016,290900,43547630
2024-08-14 08:39:11,0,18.6245,176742400,290900,43547630
2024-08-14 08:39:17,0,18.6245,176742400,290990,43547706
2024-08-14 08:39:22,0,18.6487,176971776,290990,43547706
2024-08-14 08:39:27,0,18.647,176955392,290990,43547706
2024-08-14 08:39:32,3.2,18.647,176955392,291218,43547782
2024-08-14 08:39:37,0,18.647,176955392,291260,43547810
2024-08-14 08:39:43,0,18.647,176955392,291260,43547810
2024-08-14 08:39:48,5.8,18.7013,177471488,291710,43548190
2024-08-14 08:39:53,0,18.7013,177471488,291780,43548190
2024-08-14 08:39:58,3.1,18.7013,177471488,291822,43548218
2024-08-14 08:40:03,2.9,18.7031,177487872,291912,43548294
2024-08-14 08:40:08,3.2,18.7031,177487872,291954,43548322
2024-08-14 08:40:14,0,18.7013,177471488,291954,43548322
2024-08-14 08:40:19,0,18.7285,177729536,292044,43548398
2024-08-14 08:40:24,0,18.7251,177696768,294212,43550457
2024-08-14 08:40:29,6.2,18.7233,177680384,294212,43550457
2024-08-14 08:40:34,3.1,18.7229,177676288,294302,43550533
2024-08-14 08:40:40,3.2,18.7229,177676288,294302,43550533
2024-08-14 08:40:45,3.2,18.7246,177692672,294302,43550533
2024-08-14 08:40:50,0,18.7246,177692672,294662,43550837
2024-08-14 08:40:55,0,18.7229,177676288,294836,43550969
2024-08-14 08:41:00,0,18.7488,177922048,294836,43550969
2024-08-14 08:41:06,3.2,18.7492,177926144,294836,43550969
2024-08-14 08:41:11,3.1,18.7492,177926144,294926,43551045
2024-08-14 08:41:16,0,18.7492,177926144,294926,43551045
2024-08-14 08:41:21,6.2,18.7492,177926144,295064,43551045
2024-08-14 08:41:26,3.1,18.7492,177926144,295154,43551121
2024-08-14 08:41:32,0,18.7492,177926144,295196,43551149
2024-08-14 08:41:37,3.1,18.7492,177926144,295196,43551149
2024-08-14 08:41:42,0,18.7492,177926144,295286,43551225
2024-08-14 08:41:47,2.9,18.7492,177926144,295328,43551253
2024-08-14 08:41:52,0,18.7393,177831936,295328,43551253
2024-08-14 08:41:57,6.1,18.7406,177844224,295778,43551633
2024-08-14 08:42:03,2.9,18.7406,177844224,295820,43551661
2024-08-14 08:42:08,3.1,18.7406,177844224,295820,43551661
2024-08-14 08:42:13,0,18.7406,177844224,295910,43551737
2024-08-14 08:42:18,0,18.7406,177844224,295910,43551737
2024-08-14 08:42:24,3.1,18.7946,178356224,298078,43553796
2024-08-14 08:42:29,25,22.6187,214646784,301651,43555778
2024-08-14 08:42:34,3.1,23.9386,227172352,371341,43603814
2024-08-14 08:42:39,3.2,23.9386,227172352,379764,43610915
2024-08-14 08:42:44,14.3,23.9641,227414016,403467,43623177
2024-08-14 08:42:49,0,23.9628,227401728,418653,43632801
2024-08-14 08:42:55,11.4,23.9641,227414016,442103,43648289
2024-08-14 08:43:00,0,23.965,227422208,464768,43663051
2024-08-14 08:43:05,6.1,23.9658,227430400,474609,43672122
2024-08-14 08:43:10,16.1,23.9693,227463168,536849,43716394
2024-08-14 08:43:16,0,23.9973,227729408,562732,43743814
2024-08-14 08:43:21,3.4,23.9952,227708928,573345,43752657
2024-08-14 08:43:26,6.1,23.9952,227708928,580817,43756748
2024-08-14 08:43:31,6.1,23.9939,227696640,585917,43759548
2024-08-14 08:43:36,3.1,23.993,227688448,593268,43765629
2024-08-14 08:43:41,0,23.9969,227725312,600207,43772513
2024-08-14 08:43:47,0,24.0004,227758080,614875,43794922
2024-08-14 08:43:52,3.1,24.0004,227758080,614965,43794998
2024-08-14 08:43:57,0,24.0004,227758080,614965,43794998
2024-08-14 08:44:02,0,24.0004,227758080,615019,43795044
2024-08-14 08:44:07,3.1,24.0004,227758080,615469,43795424
2024-08-14 08:44:13,0,24.0004,227758080,615469,43795424
2024-08-14 08:44:18,0,24.0004,227758080,615469,43795424
2024-08-14 08:44:23,3.2,24.0245,227987456,617727,43797559
2024-08-14 08:44:28,0,24.0263,228003840,617727,43797559
2024-08-14 08:44:33,5.8,24.0263,228003840,617727,43797559
2024-08-14 08:44:39,0,24.0263,228003840,617859,43797663
2024-08-14 08:44:44,0,24.053,228257792,617859,43797663
2024-08-14 08:44:49,3.1,24.053,228257792,617859,43797663
2024-08-14 08:44:54,0,24.053,228257792,617949,43797739
2024-08-14 08:44:59,3,24.053,228257792,617991,43797767
2024-08-14 08:45:05,3.1,24.0789,228503552,617991,43797767
2024-08-14 08:45:10,5.9,24.0789,228503552,618489,43798071
2024-08-14 08:45:15,0,24.0789,228503552,618579,43798147
2024-08-14 08:45:20,3.1,24.1329,229015552,618579,43798147
2024-08-14 08:45:25,0,24.1324,229011456,618669,43798223
2024-08-14 08:45:31,0,24.1316,229003264,618711,43798251
2024-08-14 08:45:36,3.1,24.1316,229003264,618753,43798279
2024-08-14 08:45:41,3,24.2132,229777408,618843,43798355
2024-08-14 08:45:46,0,24.2132,229777408,618843,43798355
2024-08-14 08:45:51,3,24.2132,229777408,618843,43798355
2024-08-14 08:45:57,3.2,24.2132,229777408,618843,43798355
2024-08-14 08:46:02,0,24.2943,230547456,618933,43798431
2024-08-14 08:46:07,3.1,24.3759,231321600,618975,43798459
2024-08-14 08:46:12,0,24.4575,232095744,619065,43798535
2024-08-14 08:46:17,0,24.4575,232095744,619425,43798839
2024-08-14 08:46:23,0,24.6206,233644032,621527,43800898
2024-08-14 08:46:28,5.8,24.6206,233644032,621527,43800898
2024-08-14 08:46:33,0,24.6206,233644032,621659,43801002
2024-08-14 08:46:38,0,24.6206,233644032,621659,43801002
2024-08-14 08:46:43,3.1,24.6206,233644032,621659,43801002
2024-08-14 08:46:49,0,24.6202,233639936,621749,43801078
2024-08-14 08:46:54,3.1,24.6202,233639936,621791,43801106
2024-08-14 08:46:59,6,24.6202,233639936,621791,43801106
2024-08-14 08:47:04,0,24.6202,233639936,621881,43801182
2024-08-14 08:47:09,6.1,24.6202,233639936,622019,43801182
2024-08-14 08:47:15,8.8,24.6202,233639936,622019,43801182
2024-08-14 08:47:20,0,24.6202,233639936,622109,43801258
2024-08-14 08:47:25,6.2,24.6202,233639936,622193,43801314
2024-08-14 08:47:30,3.1,24.6202,233639936,622193,43801314
2024-08-14 08:47:35,0,24.6202,233639936,622283,43801390
2024-08-14 08:47:40,3.2,24.6202,233639936,622283,43801390
2024-08-14 08:47:46,0,24.6202,233639936,622283,43801390
2024-08-14 08:47:51,3.2,24.6202,233639936,622373,43801466
2024-08-14 08:47:56,0,24.6202,233639936,622415,43801494
2024-08-14 08:48:01,3.1,24.6202,233639936,622415,43801494
2024-08-14 08:48:07,3.1,24.6202,233639936,622415,43801494
2024-08-14 08:48:12,0,24.6202,233639936,622505,43801570
2024-08-14 08:48:17,3.1,24.6202,233639936,622505,43801570
2024-08-14 08:48:22,2.9,24.744,234815488,655851,43993918
2024-08-14 08:48:27,0,24.744,234815488,656121,43994146
2024-08-14 08:48:33,0,24.7458,234831872,656121,43994146
2024-08-14 08:48:38,0,24.7458,234831872,656179,43994238
2024-08-14 08:48:43,0,24.7458,234831872,656269,43994314
2024-08-14 08:48:48,0,24.7453,234827776,658479,43996186
2024-08-14 08:48:53,0,24.7453,234827776,658479,43996186
2024-08-14 08:48:59,11.1,24.7453,234827776,658569,43996262
2024-08-14 08:49:04,3.2,24.7453,234827776,658707,43996262
2024-08-14 08:49:09,3.1,24.7453,234827776,658707,43996262
2024-08-14 08:49:14,3.1,24.7449,234823680,658797,43996338
2024-08-14 08:49:19,0,24.7449,234823680,658839,43996366
2024-08-14 08:49:25,3.1,24.7449,234823680,658839,43996366
2024-08-14 08:49:30,3,24.7449,234823680,658929,43996442
2024-08-14 08:49:35,3,24.7449,234823680,658971,43996470
2024-08-14 08:49:40,0,24.7449,234823680,659041,43996470
2024-08-14 08:49:45,3,24.7449,234823680,659131,43996546
2024-08-14 08:49:51,0,24.7449,234823680,659131,43996546
2024-08-14 08:49:56,3.1,24.7449,234823680,659131,43996546
2024-08-14 08:50:01,3,24.7717,235077632,659221,43996622
2024-08-14 08:50:06,3.1,24.7717,235077632,659221,43996622
2024-08-14 08:50:11,3.2,24.7717,235077632,659221,43996622
2024-08-14 08:50:17,0,24.7717,235077632,659263,43996650
2024-08-14 08:50:22,0,24.8243,235577344,661587,43998785
2024-08-14 08:50:27,0,24.8243,235577344,661587,43998785
2024-08-14 08:50:32,6,24.8243,235577344,661857,43999013
2024-08-14 08:50:37,3.2,25.0142,237379584,684483,44002916
2024-08-14 08:50:43,3.1,25.0414,237637632,696729,44010636
2024-08-14 08:50:48,3.2,25.0414,237637632,696729,44010636
2024-08-14 08:50:53,3.2,25.0686,237895680,706563,44012872
2024-08-14 08:50:58,0,25.0686,237895680,708615,44018328
2024-08-14 08:51:03,3.2,25.0686,237895680,710278,44019577
2024-08-14 08:51:08,0,25.0669,237879296,717999,44021278
2024-08-14 08:51:14,6.1,25.0669,237879296,718107,44021358
2024-08-14 08:51:19,9.4,25.0669,237879296,721654,44028830
2024-08-14 08:51:24,0,25.0617,237830144,739433,44042081
2024-08-14 08:51:29,9.3,25.0496,237715456,760128,44055286
2024-08-14 08:51:34,6.2,25.0496,237715456,776808,44063831
2024-08-14 08:51:40,3.1,25.0496,237715456,789509,44071206
2024-08-14 08:51:45,3.1,19.3419,183549952,794077,44078700
2024-08-14 08:51:50,3.1,19.3419,183549952,794077,44078700
2024-08-14 08:51:55,3.2,19.3419,183549952,794167,44078776
2024-08-14 08:52:00,3.1,19.3419,183549952,794221,44078822
2024-08-14 08:52:06,0,19.4506,184582144,794287,44078822
2024-08-14 08:52:11,3.1,16.8777,160165888,794419,44078926
2024-08-14 08:52:16,6,16.9852,161185792,794419,44078926
2024-08-14 08:52:21,0,17.0668,161959936,794419,44078926
2024-08-14 08:52:26,3.2,17.1484,162734080,794509,44079002
2024-08-14 08:52:32,5.8,17.2027,163250176,794551,44079030
2024-08-14 08:52:37,0,17.2027,163250176,794551,44079030
2024-08-14 08:52:42,6.2,17.2299,163508224,794731,44079182
2024-08-14 08:52:47,3.1,17.447,165568512,795001,44079410
2024-08-14 08:52:52,0,17.6641,167628800,795139,44079410
2024-08-14 08:52:57,5.8,17.6641,167628800,795139,44079410
2024-08-14 08:53:03,3,17.6641,167628800,795271,44079514
