2024-08-14 08:37:56,26.4,17.585,166871040,277422,39160064
2024-08-14 08:38:01,3.1,17.7965,168878080,340393,46001624
2024-08-14 08:38:06,3,17.8237,169136128,340393,46001624
2024-08-14 08:38:12,0,17.8237,169136128,340525,46001728
2024-08-14 08:38:17,0,17.8237,169136128,340525,46001728
2024-08-14 08:38:22,3.2,17.8232,169132032,340525,46001728
2024-08-14 08:38:27,3,17.8228,169127936,340615,46001804
2024-08-14 08:38:32,3.1,17.9031,169889792,340615,46001804
2024-08-14 08:38:38,0,17.9847,170663936,340615,46001804
2024-08-14 08:38:43,6.1,17.9842,170659840,341065,46002184
2024-08-14 08:38:48,0,17.9842,170659840,341177,46002212
2024-08-14 08:38:53,6.1,17.9842,170659840,341177,46002212
2024-08-14 08:38:58,0,17.9842,170659840,341267,46002288
2024-08-14 08:39:04,3.1,18.0119,170921984,341267,46002288
2024-08-14 08:39:09,3.1,18.0663,171438080,341309,46002316
2024-08-14 08:39:14,0,18.3382,174018560,343477,46004375
2024-08-14 08:39:19,3,18.3382,174018560,343675,46004543
2024-08-14 08:39:24,0,18.4457,175038464,343675,46004543
2024-08-14 08:39:30,3,18.5001,175554560,343675,46004543
2024-08-14 08:39:35,3,18.5264,175804416,343903,46004619
2024-08-14 08:39:40,0,18.5264,175804416,343903,46004619
2024-08-14 08:39:45,6.2,18.5264,175804416,343993,46004695
2024-08-14 08:39:50,3.1,18.5536,176062464,344395,46005027
2024-08-14 08:39:56,0,18.5536,176062464,344395,46005027
2024-08-14 08:40:01,3.2,18.6075,176574464,344437,46005055
2024-08-14 08:40:06,2.9,18.6624,177094656,344527,46005131
2024-08-14 08:40:11,0,18.7167,177610752,344527,46005131
2024-08-14 08:40:16,6.2,18.848,178855936,344527,46005131
2024-08-14 08:40:22,3.1,18.955,179871744,351496,46010770
2024-08-14 08:40:27,3.2,18.9818,180125696,358861,46016306
2024-08-14 08:40:32,3.1,18.9818,180125696,358861,46016306
2024-08-14 08:40:37,3.2,18.9796,180105216,358951,46016382
2024-08-14 08:40:42,6,18.98,180109312,358951,46016382
2024-08-14 08:40:48,0,18.98,180109312,359005,46016428
2024-08-14 08:40:53,0,18.9792,180101120,359455,46016808
2024-08-14 08:40:58,3.1,18.9809,180117504,359497,46016836
2024-08-14 08:41:03,5.8,18.9809,180117504,359497,46016836
2024-08-14 08:41:08,0,18.9809,180117504,359587,46016912
2024-08-14 08:41:14,0,18.9809,180117504,359629,46016940
2024-08-14 08:41:19,3,18.9809,180117504,359629,46016940
2024-08-14 08:41:24,0,18.9809,180117504,359629,46016940
2024-08-14 08:41:29,8.8,18.9809,180117504,359719,46017016
2024-08-14 08:41:34,6.1,18.9809,180117504,359857,46017016
2024-08-14 08:41:40,0,18.9809,180117504,359857,46017016
2024-08-14 08:41:45,3,18.9809,180117504,359947,46017092
2024-08-14 08:41:50,3.1,18.9809,180117504,359947,46017092
2024-08-14 08:41:55,3.2,18.9813,180121600,360169,46017272
2024-08-14 08:42:00,3,18.9805,180113408,360481,46017528
2024-08-14 08:42:06,0,18.9805,180113408,360481,46017528
2024-08-14 08:42:11,0,18.9805,180113408,360481,46017528
2024-08-14 08:42:16,3.1,18.9805,180113408,362739,46019663
2024-08-14 08:42:21,0,18.9805,180113408,362793,46019709
2024-08-14 08:42:26,3.2,18.9809,180117504,362793,46019709
2024-08-14 08:42:32,3.2,22.576,214233088,377936,46036822
2024-08-14 08:42:37,6.1,24.0695,228405248,415626,46055277
2024-08-14 08:42:42,14.3,24.0695,228405248,439805,46072919
2024-08-14 08:42:47,11.7,24.095,228646912,454468,46082538
2024-08-14 08:42:52,12.4,24.0945,228642816,466488,46088306
2024-08-14 08:42:58,0,24.0945,228642816,476629,46093617
2024-08-14 08:43:03,5.8,24.0863,228564992,486071,46100812
2024-08-14 08:43:08,35.7,24.0829,228532224,542556,46134706
2024-08-14 08:43:13,9.7,24.1165,228851712,583547,46172272
2024-08-14 08:43:18,3.1,24.1165,228851712,619780,46198033
2024-08-14 08:43:24,6.2,24.1714,229371904,635589,46213002
2024-08-14 08:43:29,6.5,24.1722,229380096,648592,46225172
2024-08-14 08:43:34,5.9,24.1709,229367808,653407,46228832
2024-08-14 08:43:39,5.9,24.1709,229367808,659458,46231136
2024-08-14 08:43:44,5.8,24.174,229396480,675688,46253123
2024-08-14 08:43:50,3.2,24.1761,229416960,679721,46262297
2024-08-14 08:43:55,3.1,24.1761,229416960,679811,46262373
2024-08-14 08:44:00,0,24.1761,229416960,679811,46262373
2024-08-14 08:44:05,2.9,24.1761,229416960,679991,46262525
2024-08-14 08:44:10,0,24.1757,229412864,680261,46262753
2024-08-14 08:44:16,6.2,24.1973,229617664,682297,46264812
2024-08-14 08:44:21,3.1,24.1973,229617664,682297,46264812
2024-08-14 08:44:26,3.2,24.1973,229617664,682387,46264888
2024-08-14 08:44:31,3.1,24.1973,229617664,682387,46264888
2024-08-14 08:44:36,3.1,24.1973,229617664,682387,46264888
2024-08-14 08:44:42,3.1,24.1964,229609472,682477,46264964
2024-08-14 08:44:47,0,24.1964,229609472,682561,46265020
2024-08-14 08:44:52,3.1,24.1964,229609472,682561,46265020
2024-08-14 08:44:57,3.2,24.196,229605376,682651,46265096
2024-08-14 08:45:02,0,24.1951,229597184,682651,46265096
2024-08-14 08:45:08,3.1,24.1951,229597184,682651,46265096
2024-08-14 08:45:13,0,24.1947,229593088,683101,46265476
2024-08-14 08:45:18,5.9,24.1929,229576704,683281,46265504
2024-08-14 08:45:23,3.2,24.1929,229576704,683281,46265504
2024-08-14 08:45:28,0,24.1929,229576704,683371,46265580
2024-08-14 08:45:34,2.9,24.1929,229576704,683371,46265580
2024-08-14 08:45:39,0,24.1929,229576704,683413,46265608
2024-08-14 08:45:44,3,24.1929,229576704,683503,46265684
2024-08-14 08:45:49,2.9,24.1929,229576704,683545,46265712
2024-08-14 08:45:54,3.1,24.1929,229576704,683545,46265712
2024-08-14 08:46:00,6,24.1925,229572608,683635,46265788
2024-08-14 08:46:05,5.6,24.1925,229572608,683635,46265788
2024-08-14 08:46:10,3.2,24.1925,229572608,683635,46265788
2024-08-14 08:46:15,3,24.1925,229572608,686031,46268151
2024-08-14 08:46:20,5.8,24.1925,229572608,686121,46268227
2024-08-14 08:46:26,6.1,24.1925,229572608,686121,46268227
2024-08-14 08:46:31,3.1,24.1925,229572608,686121,46268227
2024-08-14 08:46:36,0,24.1921,229568512,686253,46268331
2024-08-14 08:46:41,3.1,24.1921,229568512,686253,46268331
2024-08-14 08:46:46,3,24.1921,229568512,686253,46268331
2024-08-14 08:46:52,3.1,24.1921,229568512,686343,46268407
2024-08-14 08:46:57,3,24.1921,229568512,686385,46268435
2024-08-14 08:47:02,3.1,24.1921,229568512,686385,46268435
2024-08-14 08:47:07,0,24.1921,229568512,686613,46268511
2024-08-14 08:47:12,0,24.1921,229568512,686613,46268511
2024-08-14 08:47:18,0,24.1921,229568512,686613,46268511
2024-08-14 08:47:23,0,24.1921,229568512,686883,46268739
2024-08-14 08:47:28,0,24.1921,229568512,686925,46268767
2024-08-14 08:47:33,3,24.2188,229822464,686967,46268795
2024-08-14 08:47:38,0,24.2188,229822464,687057,46268871
2024-08-14 08:47:44,6,24.2188,229822464,687057,46268871
2024-08-14 08:47:49,0,24.2188,229822464,687057,46268871
2024-08-14 08:47:54,0,24.2188,229822464,687147,46268947
2024-08-14 08:47:59,0,24.2188,229822464,687259,46268975
2024-08-14 08:48:04,3,24.2188,229822464,687259,46268975
2024-08-14 08:48:10,3,24.2188,229822464,687349,46269051
2024-08-14 08:48:15,5.9,24.2188,229822464,689451,46271058
2024-08-14 08:48:20,72.4,24.4636,232144896,694905,46273639
2024-08-14 08:48:25,5.8,24.6164,233594880,720661,46461862
2024-08-14 08:48:30,0,24.6164,233594880,720703,46461890
2024-08-14 08:48:36,0,24.6436,233852928,720703,46461890
2024-08-14 08:48:41,3.2,24.6436,233852928,720703,46461890
2024-08-14 08:48:46,6,24.6436,233852928,720793,46461966
2024-08-14 08:48:51,5.8,24.698,234369024,720793,46461966
2024-08-14 08:48:56,3,24.7252,234627072,720793,46461966
2024-08-14 08:49:02,8.6,24.7795,235143168,721021,46462042
2024-08-14 08:49:07,6,24.7795,235143168,721063,46462070
2024-08-14 08:49:12,5.8,24.7795,235143168,721063,46462070
2024-08-14 08:49:17,3,24.8054,235388928,721153,46462146
2024-08-14 08:49:22,3,24.8326,235646976,721153,46462146
2024-08-14 08:49:28,5.9,24.8866,236158976,721285,46462250
2024-08-14 08:49:33,3.2,24.8866,236158976,721507,46462430
2024-08-14 08:49:38,3.1,24.8866,236158976,721507,46462430
2024-08-14 08:49:43,3.1,24.8866,236158976,721507,46462430
2024-08-14 08:49:48,0,24.8866,236158976,721597,46462506
2024-08-14 08:49:54,3.1,24.8866,236158976,721663,46462558
2024-08-14 08:49:59,0,24.8866,236158976,721837,46462586
2024-08-14 08:50:04,3.1,24.8862,236154880,721993,46462662
2024-08-14 08:50:09,0,24.8862,236154880,722113,46462708
2024-08-14 08:50:14,5.8,24.884,236134400,724347,46464767
2024-08-14 08:50:20,0,24.884,236134400,724437,46464843
2024-08-14 08:50:25,3.1,24.8836,236130304,724479,46464871
2024-08-14 08:50:30,3.1,24.8836,236130304,724545,46464871
2024-08-14 08:50:35,3.2,25.5362,242323456,747442,46469005
2024-08-14 08:50:40,0,25.5634,242581504,747442,46469005
2024-08-14 08:50:46,3.1,25.5634,242581504,756913,46475665
2024-08-14 08:50:51,0,25.5634,242581504,764032,46477629
2024-08-14 08:50:56,8.8,25.5634,242581504,768342,46478701
2024-08-14 08:51:01,5.9,25.5634,242581504,778792,46482059
2024-08-14 08:51:06,3,25.5634,242581504,780274,46485896
2024-08-14 08:51:12,0,25.5634,242581504,787777,46488972
2024-08-14 08:51:17,0,25.5634,242581504,792561,46491367
2024-08-14 08:51:22,3.1,25.5634,242581504,800303,46500745
2024-08-14 08:51:27,3.3,25.5565,242515968,821031,46513481
2024-08-14 08:51:32,3.2,25.5461,242417664,838662,46524086
2024-08-14 08:51:38,6.2,25.5461,242417664,853489,46531538
2024-08-14 08:51:43,0,25.5461,242417664,866687,46540389
2024-08-14 08:51:48,6.2,18.4849,175411200,873894,46548928
2024-08-14 08:51:53,3.2,18.4849,175411200,873952,46548928
2024-08-14 08:51:58,0,18.4849,175411200,874042,46549004
2024-08-14 08:52:04,0,18.4854,175415296,874042,46549004
2024-08-14 08:52:09,3,18.4854,175415296,874100,46549004
2024-08-14 08:52:14,3,18.4849,175411200,874274,46549136
2024-08-14 08:52:19,0,18.4849,175411200,874274,46549136
2024-08-14 08:52:24,0,18.4849,175411200,874274,46549136
2024-08-14 08:52:30,3.1,18.4849,175411200,874364,46549212
2024-08-14 08:52:35,0,18.5665,176185344,874364,46549212
2024-08-14 08:52:40,3.1,18.6481,176959488,874454,46549288
2024-08-14 08:52:45,0,18.8113,178507776,874856,46549620
2024-08-14 08:52:50,3.2,18.92,179539968,874994,46549620
2024-08-14 08:52:56,0,18.92,179539968,874994,46549620
2024-08-14 08:53:01,2.9,18.9472,179798016,875084,46549696
2024-08-14 08:53:06,0,19.0288,180572160,875084,46549696
2024-08-14 08:53:11,6.1,19.0288,180572160,875126,46549724
2024-08-14 08:53:16,3.2,19.2731,182890496,877252,46551859
2024-08-14 08:53:22,0,19.2727,182886400,877252,46551859
2024-08-14 08:53:27,0,19.2999,183144448,877252,46551859
2024-08-14 08:53:32,6.2,19.2999,183144448,877252,46551859
