2024-08-14 08:32:01,9.7,17.8424,169320448,176401,26685342
2024-08-14 08:32:06,3.2,18.0992,171757568,337260,43547214
2024-08-14 08:32:11,0,18.1523,172261376,337350,43547290
2024-08-14 08:32:16,0,18.3427,174067712,337350,43547290
2024-08-14 08:32:21,0,18.4786,175357952,337350,43547290
2024-08-14 08:32:26,6.2,18.4778,175349760,337440,43547366
2024-08-14 08:32:32,0,18.5049,175607808,337440,43547366
2024-08-14 08:32:37,0,18.5321,175865856,337440,43547366
2024-08-14 08:32:42,0,18.6405,176893952,337584,43547488
2024-08-14 08:32:47,3.1,18.6677,177152000,337626,43547516
2024-08-14 08:32:52,3.2,18.6677,177152000,337626,43547516
2024-08-14 08:32:57,0,18.6672,177147904,338076,43547896
2024-08-14 08:33:03,6,18.669,177164288,338118,43547924
2024-08-14 08:33:08,0,18.8295,178688000,340286,43549984
2024-08-14 08:33:13,0,18.8295,178688000,340376,43550060
2024-08-14 08:33:18,0,18.8295,178688000,340584,43550060
2024-08-14 08:33:23,0,18.9094,179445760,340584,43550060
2024-08-14 08:33:29,3.2,19.101,181264384,340674,43550136
2024-08-14 08:33:34,0,19.1265,181506048,340674,43550136
2024-08-14 08:33:39,0,19.234,182525952,340674,43550136
2024-08-14 08:33:44,3.2,19.2883,183042048,340716,43550164
2024-08-14 08:33:49,0,19.3971,184074240,340806,43550240
2024-08-14 08:33:54,0,19.4774,184836096,340848,43550268
2024-08-14 08:34:00,6.2,19.4774,184836096,340938,43550344
2024-08-14 08:34:05,3.2,19.4774,184836096,341352,43550694
2024-08-14 08:34:10,0,19.4752,184815616,341352,43550694
2024-08-14 08:34:15,0,19.477,184832000,341352,43550694
2024-08-14 08:34:20,0,19.477,184832000,341442,43550770
2024-08-14 08:34:25,0,19.477,184832000,341442,43550770
2024-08-14 08:34:31,0,19.477,184832000,341442,43550770
2024-08-14 08:34:36,3.2,19.4765,184827904,341532,43550846
2024-08-14 08:34:41,3.1,19.4765,184827904,341616,43550902
2024-08-14 08:34:46,0,19.4765,184827904,341616,43550902
2024-08-14 08:34:51,6.2,19.4765,184827904,341706,43550978
2024-08-14 08:34:57,3.1,19.4765,184827904,341706,43550978
2024-08-14 08:35:02,0,19.4765,184827904,341706,43550978
2024-08-14 08:35:07,0,19.4765,184827904,344312,43553464
2024-08-14 08:35:12,3.2,19.4765,184827904,344450,43553464
2024-08-14 08:35:17,0,19.4765,184827904,344450,43553464
2024-08-14 08:35:22,0,19.4765,184827904,344540,43553540
2024-08-14 08:35:28,6.1,19.4765,184827904,344540,43553540
2024-08-14 08:35:33,3.2,19.4765,184827904,344540,43553540
2024-08-14 08:35:38,0,19.4765,184827904,344672,43553644
2024-08-14 08:35:43,0,19.4765,184827904,344672,43553644
2024-08-14 08:35:48,3.2,19.4765,184827904,344672,43553644
2024-08-14 08:35:54,0,19.4765,184827904,344672,43553644
2024-08-14 08:35:59,0,19.4765,184827904,344762,43553720
2024-08-14 08:36:04,6.1,19.4765,184827904,344804,43553748
2024-08-14 08:36:09,0,19.4765,184827904,344894,43553824
2024-08-14 08:36:14,0,19.4765,184827904,345254,43554128
2024-08-14 08:36:19,6,19.4765,184827904,345254,43554128
2024-08-14 08:36:25,3.2,19.4765,184827904,345254,43554128
2024-08-14 08:36:30,0,19.4765,184827904,345344,43554204
2024-08-14 08:36:35,0,19.4765,184827904,345386,43554232
2024-08-14 08:36:40,3.2,19.4765,184827904,345386,43554232
2024-08-14 08:36:45,0,19.4765,184827904,345476,43554308
2024-08-14 08:36:50,0,19.4765,184827904,345518,43554336
2024-08-14 08:36:56,0,19.4765,184827904,345518,43554336
2024-08-14 08:37:01,0,19.4765,184827904,345746,43554412
2024-08-14 08:37:06,0,19.4748,184811520,347848,43556472
2024-08-14 08:37:11,3.1,19.4649,184717312,347918,43556472
2024-08-14 08:37:16,0,19.4644,184713216,348278,43556776
2024-08-14 08:37:22,0,19.4644,184713216,348422,43556898
2024-08-14 08:37:27,6.2,19.4644,184713216,348464,43556926
2024-08-14 08:37:32,3.2,19.464,184709120,348554,43557002
2024-08-14 08:37:37,0,19.464,184709120,348554,43557002
2024-08-14 08:37:42,6.1,19.464,184709120,348554,43557002
2024-08-14 08:37:47,3.1,19.464,184709120,348644,43557078
2024-08-14 08:37:53,0,19.464,184709120,348686,43557106
2024-08-14 08:37:58,0,19.464,184709120,348686,43557106
2024-08-14 08:38:03,3.2,19.464,184709120,348686,43557106
2024-08-14 08:38:08,0,19.464,184709120,348776,43557182
2024-08-14 08:38:13,0,19.464,184709120,348776,43557182
2024-08-14 08:38:18,6.2,19.4636,184705024,348866,43557258
2024-08-14 08:38:24,3.1,19.4631,184700928,349268,43557590
2024-08-14 08:38:29,0,19.4631,184700928,349268,43557590
2024-08-14 08:38:34,0,19.5162,185204736,349268,43557590
2024-08-14 08:38:39,3.2,19.5162,185204736,349358,43557666
2024-08-14 08:38:44,0,19.5162,185204736,349400,43557694
2024-08-14 08:38:50,0,19.5154,185196544,349454,43557740
2024-08-14 08:38:55,3.2,19.5145,185188352,349682,43557816
2024-08-14 08:39:00,0,19.5145,185188352,349682,43557816
2024-08-14 08:39:05,0,19.5141,185184256,351784,43559876
2024-08-14 08:39:10,0,19.5141,185184256,351874,43559952
2024-08-14 08:39:15,0,19.5141,185184256,351874,43559952
2024-08-14 08:39:21,0,19.5141,185184256,351916,43559980
2024-08-14 08:39:26,6,19.5141,185184256,352366,43560360
2024-08-14 08:39:31,3.2,19.5141,185184256,352366,43560360
2024-08-14 08:39:36,0,19.5141,185184256,352366,43560360
2024-08-14 08:39:41,0,19.5141,185184256,352456,43560436
2024-08-14 08:39:46,3.1,16.8997,160374784,352456,43560436
2024-08-14 08:39:52,0,16.9269,160632832,352456,43560436
2024-08-14 08:39:57,0,17.0901,162181120,352546,43560512
2024-08-14 08:40:02,3.2,17.1445,162697216,352588,43560540
2024-08-14 08:40:07,3.2,17.1445,162697216,352588,43560540
2024-08-14 08:40:12,0,17.1445,162697216,352588,43560540
2024-08-14 08:40:18,0,17.2804,163987456,352720,43560644
2024-08-14 08:40:23,3.2,17.2804,163987456,352720,43560644
2024-08-14 08:40:28,0,17.2804,163987456,352810,43560720
2024-08-14 08:40:33,0,17.2804,163987456,353170,43561024
2024-08-14 08:40:38,3.1,17.6564,167555072,355338,43563084
2024-08-14 08:40:43,0,17.6564,167555072,355476,43563084
2024-08-14 08:40:49,0,17.6564,167555072,355566,43563160
2024-08-14 08:40:54,6.1,17.8463,169357312,355566,43563160
2024-08-14 08:40:59,0,17.8735,169615360,355566,43563160
2024-08-14 08:41:04,0,17.9279,170131456,355710,43563282
2024-08-14 08:41:09,3.1,17.9823,170647552,355710,43563282
2024-08-14 08:41:14,0,18.1169,171925504,355752,43563310
2024-08-14 08:41:20,0,18.1169,171925504,355842,43563386
2024-08-14 08:41:25,3.2,18.1713,172441600,355884,43563414
2024-08-14 08:41:30,0,18.2529,173215744,355884,43563414
2024-08-14 08:41:35,0,18.2529,173215744,356244,43563718
2024-08-14 08:41:40,3.2,18.2524,173211648,356334,43563794
2024-08-14 08:41:46,3.1,18.2524,173211648,356334,43563794
2024-08-14 08:41:51,0,18.2796,173469696,356478,43563916
2024-08-14 08:41:56,6.2,18.2796,173469696,356478,43563916
2024-08-14 08:42:01,3.2,18.2796,173469696,356478,43563916
2024-08-14 08:42:06,0,18.2796,173469696,358646,43565976
2024-08-14 08:42:11,100,23.4496,222531584,609901,43726973
2024-08-14 08:42:17,3.2,23.5195,223195136,637380,43772044
2024-08-14 08:42:22,3.2,23.5726,223698944,637380,43772044
2024-08-14 08:42:27,0,23.5726,223698944,637470,43772120
2024-08-14 08:42:32,0,23.5726,223698944,637470,43772120
2024-08-14 08:42:37,3.1,23.5985,223944704,637560,43772120
2024-08-14 08:42:43,0,23.5981,223940608,638058,43772500
2024-08-14 08:42:48,0,23.624,224186368,638112,43772592
2024-08-14 08:42:53,3.2,23.624,224186368,638112,43772592
2024-08-14 08:42:58,6.2,23.624,224186368,638202,43772668
2024-08-14 08:43:03,0,23.624,224186368,638244,43772696
2024-08-14 08:43:08,6.2,23.624,224186368,638286,43772724
2024-08-14 08:43:14,3.2,23.624,224186368,638376,43772800
2024-08-14 08:43:19,0,23.624,224186368,638376,43772800
2024-08-14 08:43:24,0,23.624,224186368,638376,43772800
2024-08-14 08:43:29,3.1,23.6512,224444416,638466,43772876
2024-08-14 08:43:34,0,23.7056,224960512,638466,43772876
2024-08-14 08:43:39,0,23.7587,225464320,638466,43772876
2024-08-14 08:43:45,3.2,23.867,226492416,638916,43773256
2024-08-14 08:43:50,0,24.003,227782656,638958,43773284
2024-08-14 08:43:55,0,24.1933,229588992,638958,43773284
2024-08-14 08:44:00,6,24.2205,229847040,639048,43773360
2024-08-14 08:44:05,3.1,24.3836,231395328,641126,43775448
2024-08-14 08:44:11,0,24.3836,231395328,641126,43775448
2024-08-14 08:44:16,6.2,24.3836,231395328,641126,43775448
2024-08-14 08:44:21,3.1,24.3836,231395328,641216,43775524
2024-08-14 08:44:26,0,24.3836,231395328,641216,43775524
2024-08-14 08:44:31,6.2,24.3832,231391232,641216,43775524
2024-08-14 08:44:36,3.1,24.4104,231649280,641376,43775600
2024-08-14 08:44:42,0,24.5187,232677376,641514,43775600
2024-08-14 08:44:47,0,24.7078,234471424,641604,43775676
2024-08-14 08:44:52,3.2,24.8709,236019712,642060,43776068
2024-08-14 08:44:57,0,22.1241,209952768,642102,43776096
2024-08-14 08:45:02,0,22.3403,212004864,642102,43776096
2024-08-14 08:45:07,6.2,22.5846,214323200,642192,43776172
2024-08-14 08:45:13,3.2,22.5846,214323200,642192,43776172
2024-08-14 08:45:18,0,22.6377,214827008,642192,43776172
2024-08-14 08:45:23,0,22.8009,216375296,642282,43776248
2024-08-14 08:45:28,6.1,22.9912,218181632,642282,43776248
2024-08-14 08:45:33,3.2,23.1816,219987968,642282,43776248
2024-08-14 08:45:39,0,23.2355,220499968,642372,43776324
2024-08-14 08:45:44,0,23.2355,220499968,642414,43776352
2024-08-14 08:45:49,3.2,23.2355,220499968,642414,43776352
2024-08-14 08:45:54,0,23.3171,221274112,642906,43776760
2024-08-14 08:45:59,0,23.5342,223334400,642906,43776760
2024-08-14 08:46:04,3.2,23.965,227422208,645074,43778820
2024-08-14 08:46:10,3.2,23.9645,227418112,645164,43778896
2024-08-14 08:46:15,0,23.9645,227418112,645164,43778896
2024-08-14 08:46:20,0,23.9645,227418112,645164,43778896
2024-08-14 08:46:25,3.2,23.9645,227418112,645254,43778972
2024-08-14 08:46:30,0,23.9645,227418112,645254,43778972
2024-08-14 08:46:35,0,23.9645,227418112,645254,43778972
2024-08-14 08:46:41,3.2,23.9645,227418112,645392,43778972
2024-08-14 08:46:46,0,23.9645,227418112,645482,43779048
2024-08-14 08:46:51,0,23.9645,227418112,645566,43779104
2024-08-14 08:46:56,6.2,23.9645,227418112,645566,43779104
2024-08-14 08:47:01,3.2,23.9645,227418112,645656,43779180
2024-08-14 08:47:07,0,23.9645,227418112,645656,43779180
2024-08-14 08:47:12,0,23.9645,227418112,645656,43779180
2024-08-14 08:47:17,3.2,23.9645,227418112,645746,43779256
2024-08-14 08:47:22,0,23.9645,227418112,645788,43779284
2024-08-14 08:47:27,0,23.9645,227418112,645788,43779284
2024-08-14 08:47:32,6.2,24.0461,228192256,645878,43779360
2024-08-14 08:47:38,3.2,24.1549,229224448,645878,43779360
2024-08-14 08:47:43,0,24.1821,229482496,645878,43779360
2024-08-14 08:47:48,0,24.1816,229478400,646010,43779464
2024-08-14 08:47:53,3.1,24.2632,230252544,646052,43779492
2024-08-14 08:47:58,88.5,24.943,236703744,650057,43799969
2024-08-14 08:48:04,3.2,25.0678,237887488,676825,43969885
2024-08-14 08:48:09,3.2,25.0678,237887488,678861,43971945
2024-08-14 08:48:14,0,25.0678,237887488,678861,43971945
2024-08-14 08:48:19,0,25.0669,237879296,678951,43972021
2024-08-14 08:48:24,3.1,25.0669,237879296,678951,43972021
2024-08-14 08:48:29,0,25.0669,237879296,678951,43972021
2024-08-14 08:48:35,0,25.0669,237879296,679179,43972097
2024-08-14 08:48:40,6.2,25.0669,237879296,679221,43972125
2024-08-14 08:48:45,3.2,25.0669,237879296,679321,43972199
2024-08-14 08:48:50,0,25.0669,237879296,679437,43972199
2024-08-14 08:48:55,0,25.0669,237879296,679639,43972321
2024-08-14 08:49:00,3.2,25.0669,237879296,679697,43972321
2024-08-14 08:49:06,0,25.0669,237879296,679697,43972321
2024-08-14 08:49:11,0,25.0669,237879296,679787,43972397
2024-08-14 08:49:16,3.2,25.0669,237879296,679829,43972425
2024-08-14 08:49:21,0,25.0669,237879296,679887,43972425
2024-08-14 08:49:26,0,25.0669,237879296,679977,43972501
2024-08-14 08:49:32,6.2,25.0669,237879296,679977,43972501
2024-08-14 08:49:37,3.2,25.0669,237879296,679977,43972501
2024-08-14 08:49:42,0,25.0669,237879296,680109,43972605
2024-08-14 08:49:47,0,25.0669,237879296,680151,43972633
2024-08-14 08:49:52,3.2,25.0669,237879296,680151,43972633
2024-08-14 08:49:57,0,25.0669,237879296,680241,43972709
2024-08-14 08:50:03,0,25.0669,237879296,680241,43972709
2024-08-14 08:50:08,3.2,25.066,237871104,682277,43974769
2024-08-14 08:50:13,84.4,25.1929,239075328,739595,44001132
2024-08-14 08:50:18,3.1,16.8402,159809536,789882,44031053
2024-08-14 08:50:23,0,16.8933,160313344,789882,44031053
2024-08-14 08:50:29,0,17.002,161345536,790110,44031129
2024-08-14 08:50:34,3.1,17.0292,161603584,790110,44031129
2024-08-14 08:50:39,3.1,17.0292,161603584,790152,44031157
2024-08-14 08:50:44,0,17.0288,161599488,790242,44031233
2024-08-14 08:50:49,6.1,17.192,163147776,790284,44031261
2024-08-14 08:50:54,3.2,17.192,163147776,790284,44031261
2024-08-14 08:51:00,0,17.2191,163405824,790284,44031261
2024-08-14 08:51:05,6.2,17.2191,163405824,790374,44031337
2024-08-14 08:51:10,3.2,17.2735,163921920,790374,44031337
2024-08-14 08:51:15,0,17.2735,163921920,790374,44031337
2024-08-14 08:51:20,0,17.2735,163921920,790464,44031413
2024-08-14 08:51:25,3.1,17.3007,164179968,790506,44031441
2024-08-14 08:51:31,0,17.3279,164438016,790506,44031441
2024-08-14 08:51:36,0,17.3551,164696064,790638,44031545
2024-08-14 08:51:41,6.1,17.3551,164696064,790638,44031545
2024-08-14 08:51:46,0,17.3551,164696064,790638,44031545
2024-08-14 08:51:51,0,17.3551,164696064,790782,44031681
2024-08-14 08:51:57,6.2,17.3551,164696064,790782,44031681
2024-08-14 08:52:02,3.2,17.3551,164696064,790782,44031681
2024-08-14 08:52:07,0,17.5951,166973440,792974,44033817
2024-08-14 08:52:12,0,17.5951,166973440,793016,44033845
2024-08-14 08:52:17,3.2,17.5951,166973440,793016,44033845
2024-08-14 08:52:22,3.1,17.5951,166973440,793466,44034225
2024-08-14 08:52:28,0,17.6223,167231488,793646,44034253
2024-08-14 08:52:33,0,17.6223,167231488,793646,44034253
2024-08-14 08:52:38,3.2,17.6223,167231488,793736,44034329
2024-08-14 08:52:43,0,17.6223,167231488,793736,44034329
