2024-08-14 08:40:25,17.1,17.3752,164880384,194197,29145549
2024-08-14 08:40:30,3.1,17.6355,167350272,295656,46007913
2024-08-14 08:40:35,0,17.6355,167350272,295656,46007913
2024-08-14 08:40:40,0,17.635,167346176,295698,46007941
2024-08-14 08:40:46,3.1,17.6622,167604224,295788,46008017
2024-08-14 08:40:51,3.1,17.7166,168120320,295788,46008017
2024-08-14 08:40:56,5.8,17.7166,168120320,295788,46008017
2024-08-14 08:41:01,2.9,17.7166,168120320,296238,46008397
2024-08-14 08:41:06,0,17.7166,168120320,296280,46008425
2024-08-14 08:41:12,3,17.7166,168120320,296280,46008425
2024-08-14 08:41:17,0,17.7166,168120320,296370,46008501
2024-08-14 08:41:22,3.2,17.7166,168120320,296370,46008501
2024-08-14 08:41:27,0,17.7166,168120320,296370,46008501
2024-08-14 08:41:32,3.1,17.7166,168120320,296598,46008577
2024-08-14 08:41:38,6,17.7166,168120320,296640,46008605
2024-08-14 08:41:43,0,17.7171,168124416,296640,46008605
2024-08-14 08:41:48,0,17.7171,168124416,296730,46008681
2024-08-14 08:41:53,0,17.7171,168124416,296772,46008709
2024-08-14 08:41:58,3,17.7171,168124416,296772,46008709
2024-08-14 08:42:04,0,17.7171,168124416,297132,46009013
2024-08-14 08:42:09,3,17.7689,168615936,299324,46011147
2024-08-14 08:42:14,0,17.7689,168615936,299324,46011147
2024-08-14 08:42:19,0,17.7689,168615936,299324,46011147
2024-08-14 08:42:25,0,17.7961,168873984,299414,46011223
2024-08-14 08:42:30,0,17.8763,169635840,299414,46011223
2024-08-14 08:42:35,0,17.9307,170151936,299456,46011251
2024-08-14 08:42:40,5.6,17.9307,170151936,299546,46011327
2024-08-14 08:42:45,6.5,22.2333,210980864,311040,46025911
2024-08-14 08:42:51,3,24.1882,229531648,340999,46039612
2024-08-14 08:42:56,0,24.215,229785600,355082,46048642
2024-08-14 08:43:01,6.5,24.2163,229797888,366965,46057129
2024-08-14 08:43:06,40.5,24.215,229785600,390964,46074678
2024-08-14 08:43:11,6.7,24.2106,229744640,419847,46092888
2024-08-14 08:43:17,20,24.2102,229740544,454235,46113450
2024-08-14 08:43:22,11.7,24.2098,229736448,484721,46129706
2024-08-14 08:43:27,3.1,24.2089,229728256,505213,46146244
2024-08-14 08:43:32,6.5,24.2072,229711872,522494,46155834
2024-08-14 08:43:37,3.6,24.2059,229699584,540774,46166186
2024-08-14 08:43:43,3.1,24.2085,229724160,571632,46197716
2024-08-14 08:43:48,0,24.2201,229834752,594951,46241027
2024-08-14 08:43:53,0,24.2214,229847040,594951,46241027
2024-08-14 08:43:58,5.8,24.2473,230092800,595041,46241103
2024-08-14 08:44:03,3,24.2473,230092800,595041,46241103
2024-08-14 08:44:09,0,24.2473,230092800,597077,46243161
2024-08-14 08:44:14,3.1,24.2469,230088704,597437,46243465
2024-08-14 08:44:19,5.8,24.2469,230088704,597527,46243541
2024-08-14 08:44:24,3,24.2469,230088704,597569,46243569
2024-08-14 08:44:29,3.1,24.2469,230088704,597569,46243569
2024-08-14 08:44:35,3.1,24.2728,230334464,597659,46243645
2024-08-14 08:44:40,3.2,24.3268,230846464,597659,46243645
2024-08-14 08:44:45,6,24.3268,230846464,597659,46243645
2024-08-14 08:44:50,3,24.3539,231104512,597749,46243721
2024-08-14 08:44:55,3.1,24.3811,231362560,597791,46243749
2024-08-14 08:45:01,3.1,24.3811,231362560,597791,46243749
2024-08-14 08:45:06,0,24.3811,231362560,597881,46243825
2024-08-14 08:45:11,0,24.3794,231346176,597935,46243871
2024-08-14 08:45:16,3.1,24.3777,231329792,597935,46243871
2024-08-14 08:45:21,0,24.3777,231329792,598565,46244279
2024-08-14 08:45:27,0,24.3777,231329792,598565,46244279
2024-08-14 08:45:32,3.1,24.3678,231235584,598565,46244279
2024-08-14 08:45:37,0,24.3678,231235584,598655,46244355
2024-08-14 08:45:42,3.2,24.3678,231235584,598697,46244383
2024-08-14 08:45:47,6.2,24.3678,231235584,598697,46244383
2024-08-14 08:45:53,2.9,24.3678,231235584,598787,46244459
2024-08-14 08:45:58,2.9,24.3678,231235584,598787,46244459
2024-08-14 08:46:03,3.2,24.3678,231235584,598787,46244459
2024-08-14 08:46:08,21.9,24.3673,231231488,600076,46246069
2024-08-14 08:46:13,3,24.3652,231211008,600979,46246593
2024-08-14 08:46:19,8.8,24.3652,231211008,601021,46246621
2024-08-14 08:46:24,5.8,24.3652,231211008,601471,46247001
2024-08-14 08:46:29,3,24.3652,231211008,601471,46247001
2024-08-14 08:46:34,0,24.3652,231211008,601471,46247001
2024-08-14 08:46:39,0,24.3647,231206912,601561,46247077
2024-08-14 08:46:45,0,24.3647,231206912,601603,46247105
2024-08-14 08:46:50,3.1,24.3647,231206912,601603,46247105
2024-08-14 08:46:55,0,24.3647,231206912,601603,46247105
2024-08-14 08:47:00,8.8,24.3647,231206912,601693,46247181
2024-08-14 08:47:06,0,24.3647,231206912,601693,46247181
2024-08-14 08:47:11,0,24.3647,231206912,601831,46247181
2024-08-14 08:47:16,3,24.3647,231206912,601963,46247285
2024-08-14 08:47:21,3.1,24.3647,231206912,601963,46247285
2024-08-14 08:47:26,0,24.3647,231206912,602033,46247285
2024-08-14 08:47:32,3.1,24.3643,231202816,602213,46247437
2024-08-14 08:47:37,3.2,24.3643,231202816,602255,46247465
2024-08-14 08:47:42,3.2,24.3643,231202816,602255,46247465
2024-08-14 08:47:47,0,24.3643,231202816,602345,46247541
2024-08-14 08:47:52,0,24.3643,231202816,602345,46247541
2024-08-14 08:47:58,3,24.3643,231202816,602345,46247541
2024-08-14 08:48:03,5.9,24.3643,231202816,602435,46247617
2024-08-14 08:48:08,0,24.3643,231202816,602477,46247645
2024-08-14 08:48:13,3.1,24.3643,231202816,604555,46249731
2024-08-14 08:48:18,0,24.3643,231202816,604645,46249807
2024-08-14 08:48:24,0,24.3643,231202816,604645,46249807
2024-08-14 08:48:29,8.6,24.3643,231202816,604645,46249807
2024-08-14 08:48:34,3,24.8158,235487232,635923,46440300
2024-08-14 08:48:39,0,24.8158,235487232,635981,46440346
2024-08-14 08:48:44,6.1,24.8158,235487232,636097,46440346
2024-08-14 08:48:50,3,24.8149,235479040,636245,46440422
2024-08-14 08:48:55,3,24.8149,235479040,636303,46440422
2024-08-14 08:49:00,3,24.8149,235479040,636345,46440450
2024-08-14 08:49:05,3.2,24.8149,235479040,636387,46440478
2024-08-14 08:49:11,3.1,24.8149,235479040,636615,46440554
2024-08-14 08:49:16,0,24.8141,235470848,636673,46440554
2024-08-14 08:49:21,5.8,24.8141,235470848,636673,46440554
2024-08-14 08:49:26,2.9,24.8141,235470848,636763,46440630
2024-08-14 08:49:31,3.1,24.8141,235470848,636805,46440658
2024-08-14 08:49:37,3.1,24.8141,235470848,636805,46440658
2024-08-14 08:49:42,3,24.8141,235470848,636985,46440810
2024-08-14 08:49:47,3.1,24.8141,235470848,636985,46440810
2024-08-14 08:49:52,3,24.8141,235470848,636985,46440810
2024-08-14 08:49:57,3.2,24.8141,235470848,637075,46440886
2024-08-14 08:50:03,3.1,24.84,235716608,637159,46440942
2024-08-14 08:50:08,3.1,24.84,235716608,637159,46440942
2024-08-14 08:50:13,0,24.8616,235921408,639351,46443076
2024-08-14 08:50:18,3,24.8616,235921408,639351,46443076
2024-08-14 08:50:23,6.1,24.8616,235921408,639351,46443076
2024-08-14 08:50:29,0,24.8616,235921408,639441,46443152
2024-08-14 08:50:34,0,24.8616,235921408,639483,46443180
2024-08-14 08:50:39,3,24.8616,235921408,639483,46443180
2024-08-14 08:50:44,3.1,24.8611,235917312,639933,46443560
2024-08-14 08:50:49,0,24.9699,236949504,662377,46447315
2024-08-14 08:50:55,5.8,25.0787,237981696,662377,46447315
2024-08-14 08:51:00,0,25.405,241078272,686576,46452339
2024-08-14 08:51:05,5.8,25.5681,242626560,689954,46458939
2024-08-14 08:51:10,29.4,25.6497,243400704,699790,46461859
2024-08-14 08:51:16,3.1,25.9217,245981184,714111,46463935
2024-08-14 08:51:21,3.1,26.0304,247013376,721875,46475711
2024-08-14 08:51:26,3.2,26.0253,246964224,740053,46485378
2024-08-14 08:51:31,32.4,25.9674,246415360,768267,46499880
2024-08-14 08:51:36,6.2,25.9601,246345728,782737,46509506
2024-08-14 08:51:42,3.1,25.9583,246329344,800573,46519744
2024-08-14 08:51:47,3.1,18.7275,177713152,810570,46529666
2024-08-14 08:51:52,3,18.7275,177713152,810660,46529742
2024-08-14 08:51:57,3,18.7275,177713152,810702,46529770
2024-08-14 08:52:02,3.1,18.7275,177713152,810702,46529770
2024-08-14 08:52:08,0,18.7275,177713152,810792,46529846
2024-08-14 08:52:13,2.9,18.7275,177713152,810792,46529846
2024-08-14 08:52:18,0,18.7275,177713152,810792,46529846
2024-08-14 08:52:23,0,18.7275,177713152,810882,46529922
2024-08-14 08:52:28,3,18.7275,177713152,810924,46529950
2024-08-14 08:52:34,0,18.7275,177713152,810924,46529950
2024-08-14 08:52:39,6,18.7547,177971200,811014,46530026
2024-08-14 08:52:44,3.1,18.7547,177971200,811014,46530026
2024-08-14 08:52:49,5.8,18.7547,177971200,811014,46530026
2024-08-14 08:52:54,0,18.8631,178999296,811740,46530508
2024-08-14 08:53:00,3,18.9446,179773440,811740,46530508
2024-08-14 08:53:05,5.8,18.9446,179773440,811740,46530508
2024-08-14 08:53:10,3.1,19.0262,180547584,813866,46532642
2024-08-14 08:53:15,8.4,19.0262,180547584,813866,46532642
2024-08-14 08:53:21,3.1,19.0262,180547584,813866,46532642
2024-08-14 08:53:26,3,19.0262,180547584,813956,46532718
2024-08-14 08:53:31,0,19.0262,180547584,813956,46532718
2024-08-14 08:53:36,0,19.0262,180547584,813956,46532718
2024-08-14 08:53:41,0,19.0258,180543488,814100,46532840
2024-08-14 08:53:47,0,19.0258,180543488,814142,46532868
2024-08-14 08:53:52,3,19.0258,180543488,814142,46532868
2024-08-14 08:53:57,2.9,19.0258,180543488,814322,46533020
2024-08-14 08:54:02,3,19.0258,180543488,814364,46533048
2024-08-14 08:54:07,2.9,19.0258,180543488,814364,46533048
2024-08-14 08:54:13,5.6,19.053,180801536,814454,46533124
