2024-08-14 08:41:28,13,17.6043,167055360,220549,31966358
2024-08-14 08:41:33,0,17.7166,168120320,339262,45216118
2024-08-14 08:41:38,0,17.8525,169410560,339352,45216194
2024-08-14 08:41:44,0,17.9863,170680320,339410,45216194
2024-08-14 08:41:49,0,17.9855,170672128,339548,45216194
2024-08-14 08:41:54,0,17.9855,170672128,339638,45216270
2024-08-14 08:41:59,0,18.0127,170930176,339680,45216298
2024-08-14 08:42:04,0,18.067,171446272,339770,45216374
2024-08-14 08:42:09,0,18.0657,171433984,340130,45216706
2024-08-14 08:42:15,0,18.0657,171433984,340172,45216706
2024-08-14 08:42:20,0,18.0679,171454464,340172,45216706
2024-08-14 08:42:25,3.2,18.0679,171454464,340262,45216782
2024-08-14 08:42:30,6.2,18.0679,171454464,340262,45216782
2024-08-14 08:42:35,3.2,18.0938,171700224,340262,45216782
2024-08-14 08:42:41,5.9,18.0938,171700224,340352,45216858
2024-08-14 08:42:46,0,22.2872,211492864,348405,45226164
2024-08-14 08:42:51,12.5,23.5359,223342592,369448,45239771
2024-08-14 08:42:56,0,23.8074,225918976,387669,45249501
2024-08-14 08:43:01,3.2,23.8324,226156544,399208,45256542
2024-08-14 08:43:06,9.3,23.8337,226168832,420208,45272214
2024-08-14 08:43:12,3.2,23.8333,226164736,436067,45281551
2024-08-14 08:43:17,9.4,23.832,226152448,479891,45304494
2024-08-14 08:43:22,9.1,23.8575,226394112,520112,45330887
2024-08-14 08:43:27,0,23.8618,226435072,544745,45352332
2024-08-14 08:43:32,6.7,23.8605,226422784,563620,45362485
2024-08-14 08:43:38,0,23.8592,226410496,579105,45371399
2024-08-14 08:43:43,0,23.8605,226422784,604955,45395895
2024-08-14 08:43:48,0,23.873,226541568,634484,45446615
2024-08-14 08:43:53,0,23.873,226541568,634526,45446643
2024-08-14 08:43:58,0,23.873,226541568,634526,45446643
2024-08-14 08:44:04,3.1,23.8721,226533376,634616,45446719
2024-08-14 08:44:09,0,23.8721,226533376,634616,45446719
2024-08-14 08:44:14,0,23.8721,226533376,634706,45446795
2024-08-14 08:44:19,0,23.9248,227033088,635108,45447127
2024-08-14 08:44:24,0,23.9226,227012608,635108,45447127
2024-08-14 08:44:29,2.9,23.9226,227012608,635108,45447127
2024-08-14 08:44:35,3.1,23.9226,227012608,635198,45447203
2024-08-14 08:44:40,6,23.9226,227012608,635198,45447203
2024-08-14 08:44:45,6.2,23.9226,227012608,635198,45447203
2024-08-14 08:44:50,0,23.9226,227012608,635330,45447307
2024-08-14 08:44:55,0,23.9226,227012608,635372,45447335
2024-08-14 08:45:01,3.1,23.9226,227012608,635372,45447335
2024-08-14 08:45:06,6.2,23.9226,227012608,635546,45447381
2024-08-14 08:45:11,3.1,23.9226,227012608,635694,45447457
2024-08-14 08:45:16,0,23.9485,227258368,635694,45447457
2024-08-14 08:45:21,3.2,23.9468,227241984,638100,45449669
2024-08-14 08:45:26,3.1,23.9727,227487744,638370,45449897
2024-08-14 08:45:32,3.1,23.9727,227487744,638508,45449897
2024-08-14 08:45:37,0,23.9727,227487744,638566,45449897
2024-08-14 08:45:42,0,23.9723,227483648,638656,45449973
2024-08-14 08:45:47,3.2,23.9714,227475456,638698,45450001
2024-08-14 08:45:52,0,23.9714,227475456,638698,45450001
2024-08-14 08:45:58,0,23.9714,227475456,638788,45450077
2024-08-14 08:46:03,0,23.9714,227475456,638830,45450105
2024-08-14 08:46:08,3.2,23.9714,227475456,638830,45450105
2024-08-14 08:46:13,3.2,23.971,227471360,638920,45450181
2024-08-14 08:46:18,0,23.971,227471360,638920,45450181
2024-08-14 08:46:24,5.7,23.971,227471360,639010,45450257
2024-08-14 08:46:29,3.2,23.971,227471360,639280,45450485
2024-08-14 08:46:34,3.2,23.971,227471360,639412,45450589
2024-08-14 08:46:39,3.2,23.9869,227622912,639454,45450617
2024-08-14 08:46:44,0,23.9869,227622912,639544,45450693
2024-08-14 08:46:50,3.1,24.0128,227868672,639544,45450693
2024-08-14 08:46:55,6.2,24.0128,227868672,639544,45450693
2024-08-14 08:47:00,0,24.0124,227864576,639634,45450769
2024-08-14 08:47:05,0,24.0124,227864576,639676,45450797
2024-08-14 08:47:10,0,24.0124,227864576,639676,45450797
2024-08-14 08:47:15,0,24.0124,227864576,639766,45450873
2024-08-14 08:47:21,3.1,24.0103,227844096,641934,45452933
2024-08-14 08:47:26,6.2,24.0103,227844096,642072,45452933
2024-08-14 08:47:31,6.2,24.0103,227844096,642072,45452933
2024-08-14 08:47:36,6,24.0094,227835904,642204,45453037
2024-08-14 08:47:41,3.2,24.0094,227835904,642204,45453037
2024-08-14 08:47:47,3.1,24.009,227831808,642274,45453037
2024-08-14 08:47:52,3.2,24.009,227831808,642364,45453113
2024-08-14 08:47:57,3.1,24.009,227831808,642406,45453141
2024-08-14 08:48:02,3.1,24.009,227831808,642406,45453141
2024-08-14 08:48:07,0,24.009,227831808,642496,45453217
2024-08-14 08:48:12,0,24.009,227831808,642496,45453217
2024-08-14 08:48:18,0,24.0081,227823616,642496,45453217
2024-08-14 08:48:23,3.2,24.0081,227823616,642586,45453293
2024-08-14 08:48:28,3.2,24.0081,227823616,642628,45453321
2024-08-14 08:48:33,0,24.4328,231854080,673671,45643490
2024-08-14 08:48:38,0,24.4328,231854080,673941,45643718
2024-08-14 08:48:44,3,24.4328,231854080,674031,45643794
2024-08-14 08:48:49,3.2,24.4328,231854080,674031,45643794
2024-08-14 08:48:54,3.1,24.4328,231854080,674121,45643870
2024-08-14 08:48:59,6.2,24.4328,231854080,674121,45643870
2024-08-14 08:49:04,3.1,24.4328,231854080,674121,45643870
2024-08-14 08:49:10,3.1,24.4328,231854080,674211,45643946
2024-08-14 08:49:15,6.2,24.4328,231854080,674253,45643974
2024-08-14 08:49:20,0,24.4328,231854080,676553,45646034
2024-08-14 08:49:25,3.2,24.4328,231854080,676781,45646110
2024-08-14 08:49:30,0,24.4328,231854080,676823,45646138
2024-08-14 08:49:36,0,24.4328,231854080,676823,45646138
2024-08-14 08:49:41,3.2,24.4328,231854080,676913,45646214
2024-08-14 08:49:46,3.1,24.4328,231854080,676955,45646242
2024-08-14 08:49:51,3.1,24.432,231845888,676955,45646242
2024-08-14 08:49:56,0,24.432,231845888,676955,45646242
2024-08-14 08:50:01,0,24.432,231845888,677045,45646318
2024-08-14 08:50:07,0,24.432,231845888,677045,45646318
2024-08-14 08:50:12,0,24.432,231845888,677045,45646318
2024-08-14 08:50:17,3.2,24.432,231845888,677135,45646394
2024-08-14 08:50:22,3.1,24.4302,231829504,679279,45648482
2024-08-14 08:50:27,3,24.4294,231821312,679321,45648510
2024-08-14 08:50:33,3.2,24.4294,231821312,679411,45648586
2024-08-14 08:50:38,3.2,24.4294,231821312,679411,45648586
2024-08-14 08:50:43,3.1,24.4294,231821312,679501,45648662
2024-08-14 08:50:48,6.1,24.7281,234655744,702215,45652643
2024-08-14 08:50:53,6.1,24.864,235945984,702305,45652719
2024-08-14 08:50:58,0,24.9184,236462080,704285,45654279
2024-08-14 08:51:04,0,24.9184,236462080,726462,45657715
2024-08-14 08:51:09,0,24.9167,236445696,728730,45662335
2024-08-14 08:51:14,3.1,25.1342,238510080,753769,45669235
2024-08-14 08:51:19,3.1,25.1342,238510080,756775,45675251
2024-08-14 08:51:24,13.8,25.1338,238505984,780280,45692365
2024-08-14 08:51:30,3.3,25.1204,238379008,799512,45703629
2024-08-14 08:51:35,3,25.12,238374912,815609,45712007
2024-08-14 08:51:40,3.2,25.1178,238354432,832559,45722784
2024-08-14 08:51:45,0,18.5647,176168960,843205,45733644
2024-08-14 08:51:50,0,18.5647,176168960,843295,45733720
2024-08-14 08:51:55,0,18.6463,176943104,843295,45733720
2024-08-14 08:52:01,0,18.8367,178749440,843295,45733720
2024-08-14 08:52:06,3.1,18.9182,179523584,843295,45733720
2024-08-14 08:52:11,3.1,18.9182,179523584,843385,45733796
2024-08-14 08:52:16,0,18.9454,179781632,843427,45733824
2024-08-14 08:52:21,3.1,18.9454,179781632,843469,45733852
2024-08-14 08:52:27,3.2,18.9454,179781632,843559,45733928
2024-08-14 08:52:32,6.2,19.0538,180809728,843559,45733928
2024-08-14 08:52:37,0,19.081,181067776,843559,45733928
2024-08-14 08:52:42,0,19.081,181067776,843649,45734004
2024-08-14 08:52:47,0,19.1082,181325824,843691,45734032
2024-08-14 08:52:52,0,19.1082,181325824,843871,45734108
2024-08-14 08:52:58,3.1,19.1082,181325824,844051,45734336
2024-08-14 08:53:03,0,19.1077,181321728,844141,45734412
2024-08-14 08:53:08,0,19.1077,181321728,844141,45734412
2024-08-14 08:53:13,0,19.1077,181321728,844411,45734516
2024-08-14 08:53:18,0,19.1077,181321728,844453,45734544
2024-08-14 08:53:24,0,19.1077,181321728,846555,45736604
2024-08-14 08:53:29,0,19.1077,181321728,846645,45736680
2024-08-14 08:53:34,0,19.1077,181321728,846699,45736726
2024-08-14 08:53:39,3.1,19.1077,181321728,846699,45736726
2024-08-14 08:53:44,3.2,19.1077,181321728,846789,45736802
2024-08-14 08:53:50,3.2,19.1073,181317632,846789,45736802
2024-08-14 08:53:55,12.4,19.1056,181301248,855598,45740494
