2024-08-14 08:40:01,11.8,17.8456,169345024,198590,29147948
2024-08-14 08:40:06,3.2,17.6885,167854080,284585,46010236
2024-08-14 08:40:11,3.2,17.6885,167854080,284585,46010236
2024-08-14 08:40:16,6.2,17.7429,168370176,284717,46010340
2024-08-14 08:40:22,0,17.7973,168886272,284717,46010340
2024-08-14 08:40:27,0,17.8232,169132032,284717,46010340
2024-08-14 08:40:32,0,17.8504,169390080,284807,46010416
2024-08-14 08:40:37,2.9,17.9047,169906176,284807,46010416
2024-08-14 08:40:42,5.7,17.9047,169906176,284807,46010416
2024-08-14 08:40:47,0,17.9047,169906176,284897,46010492
2024-08-14 08:40:53,3,17.9591,170422272,284897,46010492
2024-08-14 08:40:58,0,18.0135,170938368,284897,46010492
2024-08-14 08:41:03,3,18.0951,171712512,285347,46010872
2024-08-14 08:41:08,0,18.1223,171970560,285389,46010900
2024-08-14 08:41:14,6,18.1223,171970560,285431,46010928
2024-08-14 08:41:19,0,18.1223,171970560,285521,46011004
2024-08-14 08:41:24,5.8,18.1223,171970560,285521,46011004
2024-08-14 08:41:29,6.2,18.1223,171970560,285521,46011004
2024-08-14 08:41:34,0,18.1223,171970560,285749,46011080
2024-08-14 08:41:39,3.1,18.1223,171970560,285749,46011080
2024-08-14 08:41:45,3.2,18.1223,171970560,285749,46011080
2024-08-14 08:41:50,3.2,18.1223,171970560,285893,46011202
2024-08-14 08:41:55,3,18.1478,172212224,288061,46013260
2024-08-14 08:42:00,3.1,18.175,172470272,288061,46013260
2024-08-14 08:42:05,3.1,18.175,172470272,288511,46013640
2024-08-14 08:42:11,3.2,18.2285,172978176,288553,46013668
2024-08-14 08:42:16,0,18.3101,173752320,288553,46013668
2024-08-14 08:42:21,3.2,18.3101,173752320,288553,46013668
2024-08-14 08:42:26,3.1,18.3101,173752320,288643,46013744
2024-08-14 08:42:31,0,18.3101,173752320,288643,46013744
2024-08-14 08:42:37,3.2,18.3101,173752320,288643,46013744
2024-08-14 08:42:42,3.1,22.285,211472384,296918,46023176
2024-08-14 08:42:47,0,24.2144,229781504,329626,46042548
2024-08-14 08:42:52,3.1,24.2395,230019072,345671,46052151
2024-08-14 08:42:57,0,24.2666,230277120,359170,46061756
2024-08-14 08:43:03,9.1,24.2938,230535168,369315,46069658
2024-08-14 08:43:08,9.7,24.2934,230531072,390143,46081426
2024-08-14 08:43:13,21.2,24.2917,230514688,429124,46102839
2024-08-14 08:43:18,45.8,24.2947,230543360,471462,46135800
2024-08-14 08:43:23,12.9,24.2943,230539264,493269,46148991
2024-08-14 08:43:29,3.2,24.2921,230518784,509459,46157989
2024-08-14 08:43:34,3,24.2904,230502400,528712,46170492
2024-08-14 08:43:39,3,24.2921,230518784,548003,46183071
2024-08-14 08:43:44,0,24.3003,230596608,579649,46229369
2024-08-14 08:43:49,6.1,24.3042,230633472,587788,46246210
2024-08-14 08:43:55,0,24.3042,230633472,589824,46248268
2024-08-14 08:44:00,6.1,24.3042,230633472,589914,46248344
2024-08-14 08:44:05,3.1,24.3042,230633472,589956,46248372
2024-08-14 08:44:10,3.1,24.3033,230625280,589956,46248372
2024-08-14 08:44:15,0,24.3033,230625280,590406,46248752
2024-08-14 08:44:21,0,24.3033,230625280,590406,46248752
2024-08-14 08:44:26,0,24.3292,230871040,590406,46248752
2024-08-14 08:44:31,0,24.3292,230871040,590496,46248828
2024-08-14 08:44:36,6,24.356,231124992,590496,46248828
2024-08-14 08:44:41,3.1,24.356,231124992,590496,46248828
2024-08-14 08:44:46,3,24.356,231124992,590496,46248828
2024-08-14 08:44:52,3.1,24.356,231124992,590586,46248904
2024-08-14 08:44:57,3,24.356,231124992,590724,46249006
2024-08-14 08:45:02,0,24.356,231124992,590724,46249006
2024-08-14 08:45:07,3.1,24.3979,231522304,590814,46249082
2024-08-14 08:45:12,0,24.3979,231522304,590814,46249082
2024-08-14 08:45:18,0,24.3979,231522304,590952,46249082
2024-08-14 08:45:23,5.8,24.3979,231522304,591402,46249462
2024-08-14 08:45:28,0,24.3979,231522304,591402,46249462
2024-08-14 08:45:33,0,24.3979,231522304,591402,46249462
2024-08-14 08:45:38,6.2,24.3979,231522304,591492,46249538
2024-08-14 08:45:44,3.2,24.3979,231522304,591492,46249538
2024-08-14 08:45:49,3.2,24.4523,232038400,591492,46249538
2024-08-14 08:45:54,3.1,22.3359,211955712,593792,46251700
2024-08-14 08:45:59,3.2,22.4706,213233664,593834,46251728
2024-08-14 08:46:04,0,22.6338,214781952,593904,46251728
2024-08-14 08:46:10,3.2,22.6605,215035904,594048,46251850
2024-08-14 08:46:15,0,22.7417,215805952,594048,46251850
2024-08-14 08:46:20,3.2,22.7689,216064000,594048,46251850
2024-08-14 08:46:25,3.2,22.8233,216580096,594498,46252230
2024-08-14 08:46:30,0,22.9048,217354240,594540,46252258
2024-08-14 08:46:36,3.2,22.9048,217354240,594540,46252258
2024-08-14 08:46:41,0,22.9048,217354240,594630,46252334
2024-08-14 08:46:46,3.1,22.9048,217354240,594630,46252334
2024-08-14 08:46:51,0,22.9048,217354240,594672,46252362
2024-08-14 08:46:56,3.1,22.9048,217354240,594672,46252362
2024-08-14 08:47:02,3.1,22.9048,217354240,594762,46252438
2024-08-14 08:47:07,3,22.9048,217354240,594804,46252466
2024-08-14 08:47:12,0,22.9048,217354240,594804,46252466
2024-08-14 08:47:17,0,22.9044,217350144,595032,46252542
2024-08-14 08:47:22,6,22.9044,217350144,595032,46252542
2024-08-14 08:47:28,6,22.9044,217350144,595032,46252542
2024-08-14 08:47:33,3.1,23.0114,218365952,595122,46252618
2024-08-14 08:47:38,6.1,23.0114,218365952,595164,46252646
2024-08-14 08:47:43,0,23.0114,218365952,595164,46252646
2024-08-14 08:47:48,3,23.0114,218365952,595296,46252750
2024-08-14 08:47:53,5.9,23.0386,218624000,597530,46254756
2024-08-14 08:47:59,0,23.093,219140096,597530,46254756
2024-08-14 08:48:04,6.1,23.093,219140096,597620,46254832
2024-08-14 08:48:09,3.1,23.093,219140096,597620,46254832
2024-08-14 08:48:14,3.1,23.093,219140096,597620,46254832
2024-08-14 08:48:19,0,23.093,219140096,597710,46254908
2024-08-14 08:48:25,3.2,23.093,219140096,597752,46254936
2024-08-14 08:48:30,3,24.1976,229621760,628709,46445046
2024-08-14 08:48:35,3,24.1972,229617664,629159,46445426
2024-08-14 08:48:40,8.4,24.1972,229617664,629213,46445472
2024-08-14 08:48:45,0,24.2243,229875712,629255,46445500
2024-08-14 08:48:51,0,24.2779,230383616,629345,46445576
2024-08-14 08:48:56,3.1,24.2779,230383616,629387,46445604
2024-08-14 08:49:01,6,24.3046,230637568,629387,46445604
2024-08-14 08:49:06,0,24.359,231153664,629477,46445680
2024-08-14 08:49:11,3.1,24.359,231153664,629477,46445680
2024-08-14 08:49:17,3.1,24.359,231153664,629615,46445680
2024-08-14 08:49:22,6,24.359,231153664,629615,46445680
2024-08-14 08:49:27,0,24.359,231153664,629705,46445756
2024-08-14 08:49:32,3.1,24.359,231153664,629801,46445876
2024-08-14 08:49:37,0,24.359,231153664,629801,46445876
2024-08-14 08:49:43,6.1,24.3849,231399424,629933,46445980
2024-08-14 08:49:48,3.2,24.3849,231399424,629933,46445980
2024-08-14 08:49:53,0,24.4907,232402944,631969,46448038
2024-08-14 08:49:58,0,24.4907,232402944,632059,46448114
2024-08-14 08:50:03,3.1,24.4907,232402944,632059,46448114
2024-08-14 08:50:09,3.1,24.4907,232402944,632059,46448114
2024-08-14 08:50:14,5.6,24.4907,232402944,632149,46448190
2024-08-14 08:50:19,0,24.4907,232402944,632149,46448190
2024-08-14 08:50:24,6.2,24.4907,232402944,632149,46448190
2024-08-14 08:50:29,3.2,24.4907,232402944,632239,46448266
2024-08-14 08:50:35,3.2,24.4907,232402944,632323,46448322
2024-08-14 08:50:40,0,24.5179,232660992,632503,46448474
2024-08-14 08:50:45,0,25.4692,241688576,655219,46452454
2024-08-14 08:50:50,0,25.4964,241946624,655219,46452454
2024-08-14 08:50:55,6.1,26.0657,247349248,681324,46459432
2024-08-14 08:51:01,5.9,26.1723,248360960,683898,46464788
2024-08-14 08:51:06,0,23.0343,218583040,686634,46467668
2024-08-14 08:51:11,3.1,24.0405,228130816,708861,46471028
2024-08-14 08:51:16,3.1,24.1479,229150720,710031,46473304
2024-08-14 08:51:21,0,24.1479,229150720,716979,46484984
2024-08-14 08:51:27,15.1,24.1479,229150720,750810,46497362
2024-08-14 08:51:32,0,24.1665,229326848,769448,46510604
2024-08-14 08:51:37,9.3,24.1851,229502976,787125,46520880
2024-08-14 08:51:42,3.1,24.2123,229761024,810624,46533366
2024-08-14 08:51:47,0,18.0627,171405312,819664,46542869
2024-08-14 08:51:53,3.1,18.1443,172179456,819754,46542945
2024-08-14 08:51:58,3.1,18.1702,172425216,819754,46542945
2024-08-14 08:52:03,0,18.1702,172425216,819754,46542945
2024-08-14 08:52:08,0,18.1702,172425216,819844,46543021
2024-08-14 08:52:13,5.8,18.1702,172425216,819844,46543021
2024-08-14 08:52:19,3.2,18.1702,172425216,819844,46543021
2024-08-14 08:52:24,2.9,18.1702,172425216,819934,46543097
2024-08-14 08:52:29,0,18.1698,172421120,819976,46543125
2024-08-14 08:52:34,3.2,18.1698,172421120,819976,46543125
2024-08-14 08:52:39,6.2,18.1702,172425216,820120,46543247
2024-08-14 08:52:45,0,18.1974,172683264,820162,46543275
2024-08-14 08:52:50,3.2,18.1974,172683264,820342,46543427
2024-08-14 08:52:55,0,18.2216,172912640,822714,46545713
2024-08-14 08:53:00,3.1,18.2216,172912640,822714,46545713
2024-08-14 08:53:05,0,18.2216,172912640,822852,46545713
2024-08-14 08:53:11,0,18.2216,172912640,822942,46545789
2024-08-14 08:53:16,3,18.2216,172912640,822942,46545789
2024-08-14 08:53:21,3.1,18.3031,173686784,822942,46545789
2024-08-14 08:53:26,0,18.5194,175738880,823074,46545893
2024-08-14 08:53:31,0,18.5738,176254976,823074,46545893
2024-08-14 08:53:36,0,18.5738,176254976,823074,46545893
2024-08-14 08:53:42,0,18.7093,177541120,823164,46545969
2024-08-14 08:53:47,0,18.7093,177541120,823206,46545997
2024-08-14 08:53:52,3.1,18.7637,178057216,823206,46545997
2024-08-14 08:53:57,0,18.7909,178315264,823296,46546073
