2024-08-14 08:37:17,22.8,18.9746,180064256,222920,33672339
2024-08-14 08:37:23,5.8,18.4843,175411200,296679,43529011
2024-08-14 08:37:28,0,18.5111,175665152,296769,43529087
2024-08-14 08:37:33,0,18.5111,175665152,296907,43529087
2024-08-14 08:37:38,3.2,18.5111,175665152,297309,43529419
2024-08-14 08:37:43,6,18.5106,175661056,297399,43529495
2024-08-14 08:37:49,0,18.5106,175661056,297399,43529495
2024-08-14 08:37:54,3.1,18.5106,175661056,297399,43529495
2024-08-14 08:37:59,3,18.5106,175661056,297489,43529571
2024-08-14 08:38:04,0,18.5106,175661056,297531,43529599
2024-08-14 08:38:09,3.1,18.5098,175652864,297531,43529599
2024-08-14 08:38:14,3.1,18.5098,175652864,297621,43529675
2024-08-14 08:38:20,0,18.5098,175652864,297621,43529675
2024-08-14 08:38:25,3.1,18.5098,175652864,297621,43529675
2024-08-14 08:38:30,0,18.5348,175890432,300011,43531810
2024-08-14 08:38:35,2.9,18.5348,175890432,300095,43531866
2024-08-14 08:38:40,0,18.5348,175890432,300185,43531942
2024-08-14 08:38:46,3.1,18.5888,176402432,300545,43532246
2024-08-14 08:38:51,3.2,18.6436,176922624,300545,43532246
2024-08-14 08:38:56,6.2,18.698,177438720,300545,43532246
2024-08-14 08:39:01,5.7,18.6984,177442816,300635,43532322
2024-08-14 08:39:06,0,18.6984,177442816,300677,43532350
2024-08-14 08:39:12,3.2,18.6984,177442816,300677,43532350
2024-08-14 08:39:17,6.2,18.7256,177700864,300837,43532426
2024-08-14 08:39:22,0,18.8603,178978816,300837,43532426
2024-08-14 08:39:27,3.2,18.9677,179998720,300975,43532426
2024-08-14 08:39:32,6.2,18.9656,179978240,301107,43532530
2024-08-14 08:39:38,8.6,19.0726,180994048,301149,43532558
2024-08-14 08:39:43,0,19.127,181510144,301149,43532558
2024-08-14 08:39:48,3.1,19.2358,182542336,301509,43532862
2024-08-14 08:39:53,6.1,19.3704,183820288,301599,43532938
2024-08-14 08:39:58,3.2,19.3976,184078336,301599,43532938
2024-08-14 08:40:04,3.1,19.452,184594432,301599,43532938
2024-08-14 08:40:09,0,19.5064,185110528,301689,43533014
2024-08-14 08:40:14,3.1,19.5336,185368576,301731,43533042
2024-08-14 08:40:19,0,16.8666,160059392,301731,43533042
2024-08-14 08:40:24,3.1,17.0012,161337344,301821,43533118
2024-08-14 08:40:30,0,17.4311,165416960,304097,43535205
2024-08-14 08:40:35,3,17.4583,165675008,304097,43535205
2024-08-14 08:40:40,0,17.5934,166957056,304187,43535281
2024-08-14 08:40:45,6.2,17.675,167731200,304187,43535281
2024-08-14 08:40:50,0,17.7566,168505344,304367,43535433
2024-08-14 08:40:56,3,17.918,170037248,304637,43535661
2024-08-14 08:41:01,0,17.918,170037248,304679,43535689
2024-08-14 08:41:06,0,17.918,170037248,304679,43535689
2024-08-14 08:41:11,3.1,17.918,170037248,304823,43535811
2024-08-14 08:41:16,6,17.918,170037248,304823,43535811
2024-08-14 08:41:22,3,17.918,170037248,304961,43535811
2024-08-14 08:41:27,3,17.918,170037248,305093,43535915
2024-08-14 08:41:32,3.2,17.918,170037248,305135,43535943
2024-08-14 08:41:37,6.2,17.918,170037248,305135,43535943
2024-08-14 08:41:42,3,17.918,170037248,305225,43536019
2024-08-14 08:41:48,3.1,17.9163,170020864,305225,43536019
2024-08-14 08:41:53,3.1,17.9163,170020864,305225,43536019
2024-08-14 08:41:58,3.1,17.9435,170278912,305495,43536247
2024-08-14 08:42:03,3.1,17.9448,170291200,305717,43536427
2024-08-14 08:42:08,0,17.9448,170291200,305717,43536427
2024-08-14 08:42:14,0,17.9448,170291200,305717,43536427
2024-08-14 08:42:19,3.1,17.9448,170291200,305807,43536503
2024-08-14 08:42:24,3.2,17.9607,170442752,305849,43536531
2024-08-14 08:42:29,0,18.205,172761088,307951,43538590
2024-08-14 08:42:34,15.6,23.6211,224157696,359621,43573332
2024-08-14 08:42:40,6.2,23.6716,224636928,371541,43582101
2024-08-14 08:42:45,9.1,23.6983,224890880,397787,43600072
2024-08-14 08:42:50,27.2,23.6975,224882688,411055,43607073
2024-08-14 08:42:55,11.8,23.7247,225140736,423379,43612209
2024-08-14 08:43:00,15.6,23.7238,225132544,436160,43621990
2024-08-14 08:43:06,0,23.7264,225157120,455251,43635949
2024-08-14 08:43:11,16.1,23.7272,225165312,500693,43666372
2024-08-14 08:43:16,6.2,23.7329,225218560,563337,43717923
2024-08-14 08:43:21,0,23.7829,225693696,584831,43736892
2024-08-14 08:43:26,3,23.7842,225705984,594209,43744455
2024-08-14 08:43:32,6.2,23.7838,225701888,599862,43747932
2024-08-14 08:43:37,3,23.7829,225693696,607470,43753620
2024-08-14 08:43:42,6.1,23.7868,225730560,616655,43771092
2024-08-14 08:43:47,3.2,23.7894,225755136,620580,43778800
2024-08-14 08:43:52,3,23.7894,225755136,620670,43778876
2024-08-14 08:43:58,6.1,23.8429,226263040,620670,43778876
2024-08-14 08:44:03,0,23.9232,227024896,620760,43778952
2024-08-14 08:44:08,0,23.9776,227540992,621120,43779256
2024-08-14 08:44:13,0,23.9776,227540992,621162,43779284
2024-08-14 08:44:18,3.2,23.9776,227540992,621162,43779284
2024-08-14 08:44:24,3.1,23.9776,227540992,621162,43779284
2024-08-14 08:44:29,6,24.1666,229335040,623552,43781419
2024-08-14 08:44:34,0,24.1938,229593088,623552,43781419
2024-08-14 08:44:39,3,24.1938,229593088,623552,43781419
2024-08-14 08:44:45,0,24.2482,230109184,623642,43781495
2024-08-14 08:44:50,3.1,24.2482,230109184,623642,43781495
2024-08-14 08:44:55,3.1,24.2482,230109184,623642,43781495
2024-08-14 08:45:00,3.2,24.2754,230367232,623732,43781571
2024-08-14 08:45:05,3,24.3553,231124992,623732,43781571
2024-08-14 08:45:11,3.1,24.5452,232927232,624092,43781751
2024-08-14 08:45:16,0,24.6811,234217472,624404,43782007
2024-08-14 08:45:21,3,22.0677,209416192,624404,43782007
2024-08-14 08:45:26,3,22.1751,210436096,624404,43782007
2024-08-14 08:45:31,3.2,22.4453,213000192,624494,43782083
2024-08-14 08:45:36,6,22.5269,213774336,624494,43782083
2024-08-14 08:45:42,3.2,22.5809,214286336,624494,43782083
2024-08-14 08:45:47,0,22.608,214544384,624584,43782159
2024-08-14 08:45:52,3,22.6352,214802432,624584,43782159
2024-08-14 08:45:57,6.1,22.7155,215564288,624584,43782159
2024-08-14 08:46:03,0,22.7151,215560192,624674,43782235
2024-08-14 08:46:08,3.1,22.7151,215560192,624758,43782291
2024-08-14 08:46:13,2.9,22.8239,216592384,624938,43782443
2024-08-14 08:46:18,0,22.8239,216592384,625208,43782671
2024-08-14 08:46:23,0,22.8239,216592384,625208,43782671
2024-08-14 08:46:29,0,22.848,216821760,627310,43784730
2024-08-14 08:46:34,3.1,22.848,216821760,627400,43784806
2024-08-14 08:46:39,6.2,22.8752,217079808,627400,43784806
2024-08-14 08:46:44,0,22.9024,217337856,627400,43784806
2024-08-14 08:46:49,0,22.984,218112000,627490,43784882
2024-08-14 08:46:55,0,23.0928,219144192,627490,43784882
2024-08-14 08:47:00,0,23.0928,219144192,627628,43784882
2024-08-14 08:47:05,3,23.0928,219144192,627670,43784910
2024-08-14 08:47:10,0,23.0928,219144192,627760,43784986
2024-08-14 08:47:15,3.2,23.12,219402240,627802,43785014
2024-08-14 08:47:21,5.9,23.12,219402240,627802,43785014
2024-08-14 08:47:26,3,23.1195,219398144,627892,43785090
2024-08-14 08:47:31,3.1,23.1195,219398144,627892,43785090
2024-08-14 08:47:36,3.1,23.1195,219398144,627892,43785090
2024-08-14 08:47:41,3.1,23.1467,219656192,627982,43785166
2024-08-14 08:47:47,5.8,23.1739,219914240,627982,43785166
2024-08-14 08:47:52,3.2,23.2814,220934144,627982,43785166
2024-08-14 08:47:57,0,23.2814,220934144,628072,43785242
2024-08-14 08:48:02,0,23.2814,220934144,628210,43785344
2024-08-14 08:48:07,0,23.3086,221192192,628210,43785344
2024-08-14 08:48:13,3.2,23.3086,221192192,628300,43785420
2024-08-14 08:48:18,0,23.3358,221450240,628300,43785420
2024-08-14 08:48:23,0,24.4653,232169472,659498,43975684
2024-08-14 08:48:28,0,24.5469,232943616,661870,43977971
2024-08-14 08:48:33,5.8,24.5469,232943616,661870,43977971
2024-08-14 08:48:39,6.1,24.5469,232943616,661870,43977971
2024-08-14 08:48:44,0,24.5469,232943616,661960,43978047
2024-08-14 08:48:49,3.2,24.5469,232943616,662030,43978047
2024-08-14 08:48:54,2.9,24.5469,232943616,662210,43978075
2024-08-14 08:48:59,3.1,24.5469,232943616,662300,43978151
2024-08-14 08:49:05,3,24.5469,232943616,662408,43978243
2024-08-14 08:49:10,6.2,24.5469,232943616,662408,43978243
2024-08-14 08:49:15,0,24.5987,233435136,662498,43978319
2024-08-14 08:49:20,0,24.5987,233435136,662540,43978347
2024-08-14 08:49:25,3,24.5987,233435136,662540,43978347
2024-08-14 08:49:31,3.2,24.5987,233435136,662630,43978423
2024-08-14 08:49:36,5.9,24.5987,233435136,662630,43978423
2024-08-14 08:49:41,0,24.5987,233435136,662630,43978423
2024-08-14 08:49:46,0,24.5983,233431040,662630,43978423
2024-08-14 08:49:51,3.1,24.5983,233431040,662762,43978527
2024-08-14 08:49:57,3.2,24.5983,233431040,662762,43978527
2024-08-14 08:50:02,3.2,24.5983,233431040,662762,43978527
2024-08-14 08:50:07,3.1,24.6255,233689088,662906,43978649
2024-08-14 08:50:12,6.1,24.6527,233947136,662948,43978677
2024-08-14 08:50:17,3.1,24.6527,233947136,662948,43978677
2024-08-14 08:50:23,0,24.6527,233947136,663038,43978753
2024-08-14 08:50:28,3.1,24.6522,233943040,665206,43980812
2024-08-14 08:50:33,3.1,24.6522,233943040,665386,43980964
2024-08-14 08:50:38,0,25.3588,240648192,688155,43985006
2024-08-14 08:50:43,0,25.386,240906240,698347,43991842
2024-08-14 08:50:49,3.1,25.386,240906240,700711,43992858
2024-08-14 08:50:54,14.7,25.386,240906240,704672,43994310
2024-08-14 08:50:59,0,25.386,240906240,710867,43995458
2024-08-14 08:51:04,5.9,25.386,240906240,712673,44001680
2024-08-14 08:51:09,6.1,25.386,240906240,720879,44003284
2024-08-14 08:51:15,6,25.386,240906240,721707,44003396
2024-08-14 08:51:20,9.4,25.386,240906240,725385,44011894
2024-08-14 08:51:25,3.3,25.3791,240840704,737666,44020557
2024-08-14 08:51:30,8.8,25.3687,240742400,757129,44033425
2024-08-14 08:51:35,29.4,25.3687,240742400,773011,44041925
2024-08-14 08:51:41,14.7,25.3687,240742400,789053,44050529
2024-08-14 08:51:46,6.1,18.7705,178126848,797848,44060447
2024-08-14 08:51:51,3.2,18.7709,178130944,797848,44060447
2024-08-14 08:51:56,3,18.7709,178130944,797848,44060447
2024-08-14 08:52:01,5.7,18.7709,178130944,797938,44060523
2024-08-14 08:52:07,3,18.7709,178130944,797938,44060523
2024-08-14 08:52:12,0,18.7709,178130944,797938,44060523
2024-08-14 08:52:17,3.2,18.7709,178130944,798028,44060599
2024-08-14 08:52:22,3.1,18.7709,178130944,798028,44060599
2024-08-14 08:52:27,0,18.7709,178130944,798028,44060599
2024-08-14 08:52:33,3.2,18.7709,178130944,798118,44060675
2024-08-14 08:52:38,3.1,18.7709,178130944,798160,44060703
2024-08-14 08:52:43,3.1,18.7731,178151424,798472,44060959
2024-08-14 08:52:48,0,18.7731,178151424,798790,44061111
2024-08-14 08:52:53,0,18.7731,178151424,798790,44061111
2024-08-14 08:52:59,3.1,18.7731,178151424,798790,44061111
2024-08-14 08:53:04,6.1,18.7731,178151424,798880,44061187
2024-08-14 08:53:09,6.2,18.7731,178151424,798880,44061187
2024-08-14 08:53:14,0,18.7731,178151424,798880,44061187
2024-08-14 08:53:19,0,18.7731,178151424,798970,44061263
