2024-08-14 08:41:06,6.7,17.559,166625280,196398,31617335
2024-08-14 08:41:11,3.1,18.3575,174202880,295087,45174711
2024-08-14 08:41:16,0,18.3575,174202880,295087,45174711
2024-08-14 08:41:21,0,18.4408,174993408,295177,45174787
2024-08-14 08:41:26,0,18.5768,176283648,295177,45174787
2024-08-14 08:41:32,0,18.7128,177573888,295315,45174787
2024-08-14 08:41:37,6.1,18.7931,178335744,295405,45174863
2024-08-14 08:41:42,3.2,18.8746,179109888,295405,45174863
2024-08-14 08:41:47,3,18.983,180137984,295405,45174863
2024-08-14 08:41:52,3.2,18.983,180137984,295537,45174967
2024-08-14 08:41:57,0,18.983,180137984,295579,45174995
2024-08-14 08:42:03,0,19.1189,181428224,295579,45174995
2024-08-14 08:42:08,0,19.2005,182202368,296029,45175375
2024-08-14 08:42:13,6.2,19.2273,182456320,296029,45175375
2024-08-14 08:42:18,3.1,19.4422,184496128,298131,45177435
2024-08-14 08:42:23,3.2,19.4422,184496128,298131,45177435
2024-08-14 08:42:29,0,19.4422,184496128,298221,45177511
2024-08-14 08:42:34,0,19.4422,184496128,298221,45177511
2024-08-14 08:42:39,0,19.4422,184496128,298275,45177557
2024-08-14 08:42:44,3.3,22.8215,216563712,306729,45187506
2024-08-14 08:42:49,3.2,23.8803,226611200,324767,45199573
2024-08-14 08:42:54,12.9,24.5576,233037824,349978,45212107
2024-08-14 08:43:00,6.7,24.5576,233037824,357554,45217933
2024-08-14 08:43:05,6.2,24.5843,233291776,371855,45228399
2024-08-14 08:43:10,3.3,24.6107,233541632,395613,45243145
2024-08-14 08:43:15,6.2,24.6068,233504768,450682,45272617
2024-08-14 08:43:20,25,24.6072,233508864,492426,45303459
2024-08-14 08:43:25,0,24.6098,233533440,514123,45323622
2024-08-14 08:43:31,9.7,24.6085,233521152,528921,45331743
2024-08-14 08:43:36,0,24.6076,233512960,546336,45341773
2024-08-14 08:43:41,3.2,24.6085,233521152,567352,45363566
2024-08-14 08:43:46,0,24.6206,233635840,590270,45405831
2024-08-14 08:43:51,0,24.6206,233635840,590270,45405831
2024-08-14 08:43:57,0,24.6206,233635840,590270,45405831
2024-08-14 08:44:02,0,24.6206,233635840,590360,45405907
2024-08-14 08:44:07,3.2,24.6206,233635840,590360,45405907
2024-08-14 08:44:12,0,24.6206,233635840,590360,45405907
2024-08-14 08:44:17,0,24.6465,233881600,592912,45408347
2024-08-14 08:44:22,0,24.6465,233881600,592912,45408347
2024-08-14 08:44:28,0,24.6465,233881600,592912,45408347
2024-08-14 08:44:33,0,24.6465,233881600,593002,45408423
2024-08-14 08:44:38,2.9,24.6465,233881600,593002,45408423
2024-08-14 08:44:43,6.1,24.6465,233881600,593044,45408451
2024-08-14 08:44:48,3.2,24.6465,233881600,593044,45408451
2024-08-14 08:44:54,3.1,24.6465,233881600,593134,45408527
2024-08-14 08:44:59,0,24.6465,233881600,593176,45408555
2024-08-14 08:45:04,0,24.6465,233881600,593176,45408555
2024-08-14 08:45:09,0,24.6465,233881600,593266,45408631
2024-08-14 08:45:14,3.2,24.6448,233865216,593266,45408631
2024-08-14 08:45:19,3.2,24.6448,233865216,593536,45408859
2024-08-14 08:45:25,3,24.6465,233881600,593716,45409011
2024-08-14 08:45:30,3.2,24.6465,233881600,593854,45409011
2024-08-14 08:45:35,3.2,24.6465,233881600,593854,45409011
2024-08-14 08:45:40,3.1,24.6465,233881600,594040,45409161
2024-08-14 08:45:45,3.2,24.6465,233881600,594082,45409189
2024-08-14 08:45:51,3.2,24.6465,233881600,594082,45409189
2024-08-14 08:45:56,0,24.6465,233881600,594172,45409265
2024-08-14 08:46:01,0,24.6465,233881600,594172,45409265
2024-08-14 08:46:06,0,24.6465,233881600,594172,45409265
2024-08-14 08:46:11,0,24.6461,233877504,594262,45409341
2024-08-14 08:46:16,2.9,24.6357,233779200,596496,45411401
2024-08-14 08:46:22,3.2,24.6357,233779200,596496,45411401
2024-08-14 08:46:27,3.2,24.6357,233779200,596946,45411781
2024-08-14 08:46:32,3.2,24.6357,233779200,596946,45411781
2024-08-14 08:46:37,3.2,24.6357,233779200,596988,45411809
2024-08-14 08:46:42,0,24.6357,233779200,597078,45411885
2024-08-14 08:46:48,3.2,24.6357,233779200,597078,45411885
2024-08-14 08:46:53,0,24.6348,233771008,597078,45411885
2024-08-14 08:46:58,0,24.634,233762816,597078,45411885
2024-08-14 08:47:03,0,24.634,233762816,597210,45411989
2024-08-14 08:47:08,0,24.634,233762816,597210,45411989
2024-08-14 08:47:14,0,24.6331,233754624,597210,45411989
2024-08-14 08:47:19,0,24.6327,233750528,597300,45412065
2024-08-14 08:47:24,3.2,24.6327,233750528,597300,45412065
2024-08-14 08:47:29,3.1,24.6327,233750528,597438,45412065
2024-08-14 08:47:34,3.2,24.6327,233750528,597624,45412215
2024-08-14 08:47:39,3,24.6327,233750528,597624,45412215
2024-08-14 08:47:45,3.2,24.6327,233750528,597624,45412215
2024-08-14 08:47:50,0,24.6322,233746432,597784,45412291
2024-08-14 08:47:55,0,24.6322,233746432,597826,45412319
2024-08-14 08:48:00,0,24.6581,233992192,597826,45412319
2024-08-14 08:48:05,0,24.6581,233992192,597916,45412395
2024-08-14 08:48:11,0,24.6581,233992192,597916,45412395
2024-08-14 08:48:16,3.1,24.6581,233992192,600216,45414403
2024-08-14 08:48:21,3.1,24.6581,233992192,600306,45414479
2024-08-14 08:48:26,3.2,24.6581,233992192,600306,45414479
2024-08-14 08:48:31,88.9,24.6564,233975808,602739,45416136
2024-08-14 08:48:36,3.2,24.9176,236453888,631847,45604971
2024-08-14 08:48:42,3.2,24.9193,236470272,631847,45604971
2024-08-14 08:48:47,3.2,24.9193,236470272,631847,45604971
2024-08-14 08:48:52,3.1,24.9193,236470272,631937,45605047
2024-08-14 08:48:57,0,24.9193,236470272,631937,45605047
2024-08-14 08:49:02,0,24.9193,236470272,631937,45605047
2024-08-14 08:49:08,0,24.9193,236470272,631991,45605093
2024-08-14 08:49:13,6.2,24.9737,236986368,632081,45605169
2024-08-14 08:49:18,3.2,24.9737,236986368,632219,45605169
2024-08-14 08:49:23,3.2,25.0281,237502464,632261,45605197
2024-08-14 08:49:28,0,25.0281,237502464,632351,45605273
2024-08-14 08:49:33,0,25.0281,237502464,632393,45605301
2024-08-14 08:49:39,0,25.0281,237502464,632393,45605301
2024-08-14 08:49:44,0,25.0281,237502464,632483,45605377
2024-08-14 08:49:49,6.2,25.0281,237502464,632483,45605377
2024-08-14 08:49:54,0,25.0281,237502464,632483,45605377
2024-08-14 08:49:59,6.2,25.0281,237502464,632573,45605453
2024-08-14 08:50:05,3.1,25.0281,237502464,632627,45605513
2024-08-14 08:50:10,3.1,25.0281,237502464,632627,45605513
2024-08-14 08:50:15,3.2,25.0246,237469696,634753,45607649
2024-08-14 08:50:20,0,25.0246,237469696,634795,45607677
2024-08-14 08:50:25,0,25.1062,238243840,634795,45607677
2024-08-14 08:50:30,0,22.4598,213131264,634885,45607753
2024-08-14 08:50:36,0,22.5958,214421504,634885,45607753
2024-08-14 08:50:41,3.2,22.7046,215453696,634975,45607829
2024-08-14 08:50:46,9.4,24.1726,229384192,657777,45611887
2024-08-14 08:50:51,0,24.1997,229642240,657777,45611887
2024-08-14 08:50:56,3.2,24.2269,229900288,657777,45611887
2024-08-14 08:51:01,0,24.3085,230674432,681932,45616883
2024-08-14 08:51:07,3.2,24.3901,231448576,685202,45623263
2024-08-14 08:51:12,3.2,24.4445,231964672,709375,45628403
2024-08-14 08:51:17,3.1,24.4445,231964672,711073,45631633
2024-08-14 08:51:22,0,24.4717,232222720,722209,45642837
2024-08-14 08:51:28,0,24.5209,232689664,739223,45652494
2024-08-14 08:51:33,6.2,24.5701,233156608,761902,45664026
2024-08-14 08:51:38,0,24.6163,233594880,781267,45675751
2024-08-14 08:51:43,0,24.6154,233586688,798122,45685630
2024-08-14 08:51:48,6.2,19.3296,183427072,809887,45697196
2024-08-14 08:51:53,3.2,19.3296,183427072,809977,45697272
2024-08-14 08:51:59,3.2,19.3296,183427072,809977,45697272
2024-08-14 08:52:04,3.2,19.3296,183427072,809977,45697272
2024-08-14 08:52:09,0,19.3296,183427072,810067,45697348
2024-08-14 08:52:14,0,19.3296,183427072,810109,45697376
2024-08-14 08:52:19,0,19.3296,183427072,810109,45697376
2024-08-14 08:52:25,0,19.3296,183427072,810199,45697452
2024-08-14 08:52:30,0,19.3296,183427072,810241,45697480
2024-08-14 08:52:35,0,19.3296,183427072,810241,45697480
2024-08-14 08:52:40,0,19.3296,183427072,810331,45697556
2024-08-14 08:52:45,3,19.3296,183427072,810331,45697556
2024-08-14 08:52:50,0,19.3296,183427072,810421,45697632
2024-08-14 08:52:56,0,19.3296,183427072,810781,45697936
2024-08-14 08:53:01,0,19.3296,183427072,810961,45697964
2024-08-14 08:53:06,0,19.3296,183427072,810961,45697964
2024-08-14 08:53:11,0,19.3296,183427072,811093,45698068
2024-08-14 08:53:16,6.2,19.3296,183427072,813129,45700128
2024-08-14 08:53:22,6,19.3296,183427072,813129,45700128
2024-08-14 08:53:27,3.2,19.3296,183427072,813277,45700296
2024-08-14 08:53:32,3.2,19.3291,183422976,813277,45700296
2024-08-14 08:53:37,6.2,19.3291,183422976,813277,45700296
2024-08-14 08:53:42,3.1,19.3291,183422976,813277,45700296
2024-08-14 08:53:47,3.1,19.3291,183422976,813409,45700400
