2024-08-14 08:33:05,9.7,17.6655,167641088,164132,26675811
2024-08-14 08:33:10,3.1,18.8413,178798592,309733,43537995
2024-08-14 08:33:15,0,18.9198,179544064,310183,43538375
2024-08-14 08:33:20,3.2,18.9198,179544064,310183,43538375
2024-08-14 08:33:25,3.1,18.9198,179544064,310225,43538403
2024-08-14 08:33:30,3.2,18.9198,179544064,310315,43538479
2024-08-14 08:33:36,3.1,18.9198,179544064,310481,43538599
2024-08-14 08:33:41,3.2,18.9457,179789824,310619,43538599
2024-08-14 08:33:46,3.1,18.9453,179785728,310709,43538675
2024-08-14 08:33:51,3.2,18.9725,180043776,310857,43538735
2024-08-14 08:33:56,0,18.9997,180301824,310931,43538735
2024-08-14 08:34:02,3.2,19.0541,180817920,311121,43538781
2024-08-14 08:34:07,0,19.0541,180817920,311443,43538885
2024-08-14 08:34:12,0,19.0541,180817920,311443,43538885
2024-08-14 08:34:17,3.1,19.187,182079488,311543,43538913
2024-08-14 08:34:22,0,19.187,182079488,312067,43539293
2024-08-14 08:34:28,5.8,19.187,182079488,312067,43539293
2024-08-14 08:34:33,6.1,19.2414,182595584,312125,43539293
2024-08-14 08:34:38,6.2,19.2414,182595584,312257,43539397
2024-08-14 08:34:43,3.2,19.2414,182595584,312257,43539397
2024-08-14 08:34:48,3.1,19.2414,182595584,312257,43539397
2024-08-14 08:34:54,3.1,19.2444,182624256,312347,43539473
2024-08-14 08:34:59,6.1,19.2444,182624256,314383,43541533
2024-08-14 08:35:04,0,19.2444,182624256,314383,43541533
2024-08-14 08:35:09,0,19.2444,182624256,314473,43541609
2024-08-14 08:35:14,3.2,19.2444,182624256,314515,43541637
2024-08-14 08:35:20,3.2,19.2444,182624256,314515,43541637
2024-08-14 08:35:25,6,19.2444,182624256,314965,43542017
2024-08-14 08:35:30,0,19.2444,182624256,315007,43542045
2024-08-14 08:35:35,3,19.2716,182882304,315007,43542045
2024-08-14 08:35:40,0,19.2716,182882304,315235,43542121
2024-08-14 08:35:45,0,19.2716,182882304,315235,43542121
2024-08-14 08:35:51,0,19.2716,182882304,315235,43542121
2024-08-14 08:35:56,3.1,19.2694,182861824,315325,43542197
2024-08-14 08:36:01,3.1,19.2694,182861824,315367,43542225
2024-08-14 08:36:06,0,19.2694,182861824,315367,43542225
2024-08-14 08:36:12,6.2,19.2694,182861824,315499,43542329
2024-08-14 08:36:17,0,19.2694,182861824,315499,43542329
2024-08-14 08:36:22,3.1,19.2694,182861824,315499,43542329
2024-08-14 08:36:27,6.2,19.2694,182861824,315589,43542405
2024-08-14 08:36:32,6.1,19.2694,182861824,315991,43542737
2024-08-14 08:36:38,3,19.2694,182861824,315991,43542737
2024-08-14 08:36:43,6.2,19.2694,182861824,315991,43542737
2024-08-14 08:36:48,0,19.2694,182861824,316081,43542813
2024-08-14 08:36:53,3.1,19.2694,182861824,316081,43542813
2024-08-14 08:36:58,0,19.2694,182861824,318183,43544873
2024-08-14 08:37:03,3.1,19.2694,182861824,318273,43544949
2024-08-14 08:37:09,0,19.2694,182861824,318315,43544977
2024-08-14 08:37:14,6,19.2694,182861824,318385,43544977
2024-08-14 08:37:19,0,19.2681,182849536,318475,43545053
2024-08-14 08:37:24,5.9,19.2681,182849536,318475,43545053
2024-08-14 08:37:29,0,19.2681,182849536,318475,43545053
2024-08-14 08:37:35,3.2,19.2677,182845440,319063,43545433
2024-08-14 08:37:40,0,19.2677,182845440,319105,43545461
2024-08-14 08:37:45,3,19.2677,182845440,319105,43545461
2024-08-14 08:37:50,0,19.2677,182845440,319195,43545537
2024-08-14 08:37:56,3.2,19.2677,182845440,319195,43545537
2024-08-14 08:38:01,3,19.2677,182845440,319195,43545537
2024-08-14 08:38:06,0,19.2677,182845440,319327,43545641
2024-08-14 08:38:11,3.1,19.2578,182751232,319369,43545669
2024-08-14 08:38:16,0,19.2578,182751232,319369,43545669
2024-08-14 08:38:22,0,19.2578,182751232,319459,43545745
2024-08-14 08:38:27,0,19.2578,182751232,319459,43545745
2024-08-14 08:38:32,3.1,19.2578,182751232,319459,43545745
2024-08-14 08:38:37,3.1,19.285,183009280,319729,43545973
2024-08-14 08:38:42,2.9,19.3389,183521280,319951,43546153
2024-08-14 08:38:48,5.4,19.4477,184553472,319951,43546153
2024-08-14 08:38:53,3.1,19.4477,184553472,319951,43546153
2024-08-14 08:38:58,0,19.6363,186343424,322077,43548289
2024-08-14 08:39:03,3.1,19.6363,186343424,322119,43548317
2024-08-14 08:39:08,3.1,19.6363,186343424,322119,43548317
2024-08-14 08:39:14,6.1,19.6635,186601472,322263,43548439
2024-08-14 08:39:19,2.9,16.9296,160657408,322263,43548439
2024-08-14 08:39:24,6,17.091,162189312,322401,43548439
2024-08-14 08:39:29,3.2,17.1998,163221504,322491,43548515
2024-08-14 08:39:34,3,17.227,163479552,322533,43548543
2024-08-14 08:39:40,0,17.2542,163737600,322533,43548543
2024-08-14 08:39:45,3.2,17.2542,163737600,322983,43548923
2024-08-14 08:39:50,3.1,17.2542,163737600,322983,43548923
2024-08-14 08:39:55,3,17.2542,163737600,323025,43548951
2024-08-14 08:40:00,0,17.2542,163737600,323115,43549027
2024-08-14 08:40:06,3,17.2801,163983360,323157,43549055
2024-08-14 08:40:11,0,17.413,165244928,325259,43551063
2024-08-14 08:40:16,0,17.413,165244928,325349,43551139
2024-08-14 08:40:21,3,17.413,165244928,325349,43551139
2024-08-14 08:40:26,6.2,17.4946,166019072,325349,43551139
2024-08-14 08:40:32,3.1,17.5218,166277120,325439,43551215
2024-08-14 08:40:37,6.1,17.5218,166277120,325439,43551215
2024-08-14 08:40:42,3.1,17.549,166535168,325439,43551215
2024-08-14 08:40:47,0,17.549,166535168,325889,43551595
2024-08-14 08:40:52,3.1,17.5753,166785024,325973,43551651
2024-08-14 08:40:58,3.1,17.7928,168849408,325973,43551651
2024-08-14 08:41:03,0,17.8472,169365504,325973,43551651
2024-08-14 08:41:08,8.6,17.8744,169623552,326063,43551727
2024-08-14 08:41:13,0,17.8744,169623552,326063,43551727
2024-08-14 08:41:19,0,17.9003,169869312,326063,43551727
2024-08-14 08:41:24,3,17.9003,169869312,326291,43551803
2024-08-14 08:41:29,3.1,18.0635,171417600,326333,43551831
2024-08-14 08:41:34,6.2,18.1179,171933696,326333,43551831
2024-08-14 08:41:39,0,18.1451,172191744,326423,43551907
2024-08-14 08:41:45,0,18.1451,172191744,326423,43551907
2024-08-14 08:41:50,3,18.1451,172191744,326465,43551935
2024-08-14 08:41:55,11.8,18.1446,172187648,326915,43552315
2024-08-14 08:42:00,3.1,18.1718,172445696,328951,43554375
2024-08-14 08:42:05,3,18.2258,172957696,328951,43554375
2024-08-14 08:42:11,3.1,18.3363,174006272,329041,43554451
2024-08-14 08:42:16,84.3,23.3992,222052352,398996,43602546
2024-08-14 08:42:21,6.1,23.4648,222674944,607719,43760469
2024-08-14 08:42:26,0,23.492,222932992,607809,43760545
2024-08-14 08:42:31,3.2,23.492,222932992,607809,43760545
2024-08-14 08:42:37,3,23.492,222932992,607809,43760545
2024-08-14 08:42:42,3,23.4916,222928896,607953,43760667
2024-08-14 08:42:47,3.1,23.4916,222928896,607995,43760695
2024-08-14 08:42:52,5.9,23.4916,222928896,607995,43760695
2024-08-14 08:42:57,3.1,23.4916,222928896,608445,43761075
2024-08-14 08:43:03,3.1,23.4916,222928896,608445,43761075
2024-08-14 08:43:08,0,23.5175,223174656,608499,43761121
2024-08-14 08:43:13,0,23.5175,223174656,608769,43761225
2024-08-14 08:43:18,0,23.5175,223174656,608769,43761225
2024-08-14 08:43:23,0,23.5175,223174656,608769,43761225
2024-08-14 08:43:29,3.1,23.5175,223174656,608769,43761225
2024-08-14 08:43:34,3.1,23.5175,223174656,608913,43761347
2024-08-14 08:43:39,3.1,23.5175,223174656,608913,43761347
2024-08-14 08:43:44,0,23.5175,223174656,608955,43761375
2024-08-14 08:43:49,3,23.5175,223174656,609045,43761451
2024-08-14 08:43:55,3.1,23.5175,223174656,609045,43761451
2024-08-14 08:44:00,3.1,23.7346,225234944,611171,43763587
2024-08-14 08:44:05,0,23.8701,226521088,611531,43763891
2024-08-14 08:44:10,3,23.9504,227282944,611531,43763891
2024-08-14 08:44:15,0,24.0048,227799040,611531,43763891
2024-08-14 08:44:21,0,24.032,228057088,611621,43763967
2024-08-14 08:44:26,3.2,24.032,228057088,611621,43763967
2024-08-14 08:44:31,3.1,24.032,228057088,611621,43763967
2024-08-14 08:44:36,6.2,24.032,228057088,611781,43764043
2024-08-14 08:44:41,3,24.032,228057088,611823,43764071
2024-08-14 08:44:47,0,24.032,228057088,611823,43764071
2024-08-14 08:44:52,0,24.032,228057088,611913,43764147
2024-08-14 08:44:57,3.2,24.032,228057088,611955,43764175
2024-08-14 08:45:02,0,24.032,228057088,612093,43764175
2024-08-14 08:45:07,9.1,24.032,228057088,612543,43764555
2024-08-14 08:45:13,0,24.032,228057088,612543,43764555
2024-08-14 08:45:18,0,24.032,228057088,612543,43764555
2024-08-14 08:45:23,3.2,24.032,228057088,612633,43764631
2024-08-14 08:45:28,0,24.032,228057088,612633,43764631
2024-08-14 08:45:33,3.2,24.032,228057088,612729,43764705
2024-08-14 08:45:39,0,24.0574,228298752,612819,43764781
2024-08-14 08:45:44,6.2,24.0574,228298752,612819,43764781
2024-08-14 08:45:49,6.1,24.0574,228298752,612819,43764781
2024-08-14 08:45:54,3.1,24.0574,228298752,612819,43764781
2024-08-14 08:45:59,5.9,24.0566,228290560,614945,43766917
2024-08-14 08:46:05,5.9,24.0566,228290560,614945,43766917
2024-08-14 08:46:10,0,24.0566,228290560,615035,43766993
2024-08-14 08:46:15,3.1,24.0566,228290560,615395,43767297
2024-08-14 08:46:20,0,24.0566,228290560,615395,43767297
2024-08-14 08:46:25,5.7,24.0566,228290560,615395,43767297
2024-08-14 08:46:31,0,24.0566,228290560,615527,43767401
2024-08-14 08:46:36,0,24.0566,228290560,615527,43767401
2024-08-14 08:46:41,6.2,24.111,228806656,615527,43767401
2024-08-14 08:46:46,0,24.111,228806656,615617,43767477
2024-08-14 08:46:51,0,24.111,228806656,615659,43767505
2024-08-14 08:46:56,6,24.111,228806656,615659,43767505
2024-08-14 08:47:02,3,24.111,228806656,615887,43767581
2024-08-14 08:47:07,3,24.111,228806656,615887,43767581
2024-08-14 08:47:12,3.2,24.111,228806656,615887,43767581
2024-08-14 08:47:17,0,24.1105,228802560,616067,43767733
2024-08-14 08:47:22,3.1,24.1105,228802560,616067,43767733
2024-08-14 08:47:28,0,24.1105,228802560,616163,43767807
2024-08-14 08:47:33,3.2,24.1105,228802560,616253,43767883
2024-08-14 08:47:38,0,24.1105,228802560,616253,43767883
2024-08-14 08:47:43,3,24.1105,228802560,616253,43767883
2024-08-14 08:47:48,3.1,24.1105,228802560,616343,43767959
2024-08-14 08:47:54,6.2,24.1105,228802560,616385,43767987
2024-08-14 08:47:59,0,24.1105,228802560,618421,43770047
2024-08-14 08:48:04,55.9,24.1105,228802560,619782,43771331
2024-08-14 08:48:09,3.1,24.5352,232833024,648835,43960188
2024-08-14 08:48:14,3.1,24.5352,232833024,648835,43960188
2024-08-14 08:48:20,3.1,24.5352,232833024,649015,43960340
2024-08-14 08:48:25,3,24.5352,232833024,649327,43960596
2024-08-14 08:48:30,3,24.5352,232833024,649327,43960596
2024-08-14 08:48:35,0,24.5352,232833024,649327,43960596
2024-08-14 08:48:40,6.2,24.5352,232833024,649417,43960672
2024-08-14 08:48:46,0,24.5352,232833024,649533,43960718
2024-08-14 08:48:51,3.1,24.5352,232833024,649649,43960718
2024-08-14 08:48:56,3,24.5352,232833024,649919,43960822
2024-08-14 08:49:01,3,24.5352,232833024,649977,43960822
2024-08-14 08:49:06,6.1,24.5352,232833024,649977,43960822
2024-08-14 08:49:12,0,24.5352,232833024,650067,43960898
2024-08-14 08:49:17,0,24.5352,232833024,650125,43960898
2024-08-14 08:49:22,0,24.5611,233078784,650167,43960926
2024-08-14 08:49:27,3,24.5611,233078784,650347,43961078
2024-08-14 08:49:32,3,24.5611,233078784,650347,43961078
2024-08-14 08:49:38,0,24.5611,233078784,650347,43961078
2024-08-14 08:49:43,3.2,24.6414,233840640,650437,43961154
2024-08-14 08:49:48,8.8,24.6414,233840640,650479,43961182
2024-08-14 08:49:53,0,24.6414,233840640,650479,43961182
2024-08-14 08:49:58,3.2,24.7502,234872832,652803,43963318
2024-08-14 08:50:04,3.2,24.7774,235130880,652803,43963318
2024-08-14 08:50:09,0,24.9134,236421120,652803,43963318
2024-08-14 08:50:14,3,24.9112,236400640,652893,43963394
2024-08-14 08:50:19,80,25.4723,241725440,705874,43989262
2024-08-14 08:50:24,6.2,16.791,159342592,760094,44020782
2024-08-14 08:50:30,6.1,16.981,161144832,760454,44021086
2024-08-14 08:50:35,0,17.0073,161394688,760544,44021162
2024-08-14 08:50:40,0,17.1433,162684928,760544,44021162
2024-08-14 08:50:45,3,17.1963,163188736,760634,44021238
2024-08-14 08:50:50,0,17.1963,163188736,760634,44021238
2024-08-14 08:50:55,3.2,17.1963,163188736,760772,44021238
2024-08-14 08:51:01,6.1,17.2507,163704832,760772,44021238
2024-08-14 08:51:06,6,17.2779,163962880,760862,44021314
2024-08-14 08:51:11,0,17.3323,164478976,760904,44021342
2024-08-14 08:51:16,3.2,17.3323,164478976,760904,44021342
2024-08-14 08:51:22,6.2,17.3595,164737024,760994,44021418
2024-08-14 08:51:27,0,17.3595,164737024,761036,44021446
2024-08-14 08:51:32,0,17.3595,164737024,761036,44021446
2024-08-14 08:51:37,6.2,17.3595,164737024,761216,44021598
2024-08-14 08:51:42,3.1,17.3595,164737024,761216,44021598
2024-08-14 08:51:48,3.1,17.3595,164737024,761216,44021598
2024-08-14 08:51:53,3.1,17.3591,164732928,761306,44021674
2024-08-14 08:51:58,3,17.4074,165191680,763474,44023682
2024-08-14 08:52:03,6.1,17.4074,165191680,763474,44023682
2024-08-14 08:52:08,0,17.4074,165191680,763606,44023786
2024-08-14 08:52:14,3.2,17.4074,165191680,763606,44023786
2024-08-14 08:52:19,3.1,17.4074,165191680,763606,44023786
2024-08-14 08:52:24,3.1,17.4074,165191680,763696,44023862
2024-08-14 08:52:29,3.2,17.4074,165191680,763696,44023862
2024-08-14 08:52:34,0,17.4346,165449728,763696,44023862
2024-08-14 08:52:39,5.8,17.4342,165445632,764146,44024242
2024-08-14 08:52:45,0,17.4342,165445632,764326,44024270
