2024-08-14 08:33:03,14.3,17.5533,166576128,156977,26672893
2024-08-14 08:33:08,0,18.5715,176238592,290092,43535181
2024-08-14 08:33:13,3.2,18.5987,176496640,290182,43535257
2024-08-14 08:33:18,3.2,18.6259,176754688,290182,43535257
2024-08-14 08:33:24,6,18.6803,177270784,290182,43535257
2024-08-14 08:33:29,0,18.7601,178028544,290182,43535257
2024-08-14 08:33:34,3.1,18.7601,178028544,290326,43535379
2024-08-14 08:33:39,3.1,18.7601,178028544,290464,43535379
2024-08-14 08:33:44,0,18.7601,178028544,290464,43535379
2024-08-14 08:33:50,0,18.7601,178028544,290554,43535455
2024-08-14 08:33:55,0,18.7873,178286592,290596,43535483
2024-08-14 08:34:00,3.1,18.8417,178802688,290596,43535483
2024-08-14 08:34:05,0,18.8689,179060736,291046,43535863
2024-08-14 08:34:10,3.1,18.8685,179056640,291158,43535891
2024-08-14 08:34:15,5.9,18.9755,180072448,293326,43537951
2024-08-14 08:34:21,0,18.9755,180072448,293416,43538027
2024-08-14 08:34:26,3.2,18.9755,180072448,293416,43538027
2024-08-14 08:34:31,3.2,18.9755,180072448,293416,43538027
2024-08-14 08:34:36,3.2,18.9751,180068352,293506,43538103
2024-08-14 08:34:41,3.2,18.9751,180068352,293506,43538103
2024-08-14 08:34:47,2.9,18.9751,180068352,293560,43538195
2024-08-14 08:34:52,0,18.9751,180068352,293692,43538299
2024-08-14 08:34:57,0,18.9768,180084736,293692,43538299
2024-08-14 08:35:02,6,18.9768,180084736,293692,43538299
2024-08-14 08:35:07,0,18.9768,180084736,294142,43538679
2024-08-14 08:35:13,3,19.0001,180305920,294184,43538707
2024-08-14 08:35:18,0,18.9992,180297728,294184,43538707
2024-08-14 08:35:23,0,18.9992,180297728,294184,43538707
2024-08-14 08:35:28,3.1,18.9992,180297728,294274,43538783
2024-08-14 08:35:33,6.1,18.9992,180297728,294412,43538783
2024-08-14 08:35:38,3,18.9992,180297728,294412,43538783
2024-08-14 08:35:44,3,18.9992,180297728,294502,43538859
2024-08-14 08:35:49,3.2,18.9992,180297728,294544,43538887
2024-08-14 08:35:54,0,18.9992,180297728,294544,43538887
2024-08-14 08:35:59,0,18.9992,180297728,294634,43538963
2024-08-14 08:36:04,6,18.9992,180297728,294634,43538963
2024-08-14 08:36:10,3.1,18.9992,180297728,294634,43538963
2024-08-14 08:36:15,0,18.9992,180297728,297318,43541403
2024-08-14 08:36:20,3,18.9992,180297728,297318,43541403
2024-08-14 08:36:25,0,18.9992,180297728,297318,43541403
2024-08-14 08:36:30,0,18.9992,180297728,297408,43541479
2024-08-14 08:36:36,0,19.0264,180555776,297408,43541479
2024-08-14 08:36:41,3,19.108,181329920,297408,43541479
2024-08-14 08:36:46,6.1,19.2163,182358016,297540,43541583
2024-08-14 08:36:51,0,19.2435,182616064,297594,43541675
2024-08-14 08:36:56,0,19.2435,182616064,297594,43541675
2024-08-14 08:37:01,0,19.3251,183390208,297684,43541751
2024-08-14 08:37:07,0,16.8118,159539200,297726,43541779
2024-08-14 08:37:12,3.1,16.8661,160055296,297726,43541779
2024-08-14 08:37:17,0,16.946,160813056,298176,43542159
2024-08-14 08:37:22,0,17.1092,162361344,298314,43542159
2024-08-14 08:37:27,0,17.1092,162361344,298314,43542159
2024-08-14 08:37:32,0,17.1907,163135488,298314,43542159
2024-08-14 08:37:38,3.2,17.3794,164925440,298404,43542235
2024-08-14 08:37:43,3.1,17.4337,165441536,298446,43542263
2024-08-14 08:37:48,3.2,17.4609,165699584,298446,43542263
2024-08-14 08:37:53,3.1,17.5969,166989824,298536,43542339
2024-08-14 08:37:58,3.2,17.5969,166989824,298536,43542339
2024-08-14 08:38:04,3.2,17.5969,166989824,298536,43542339
2024-08-14 08:38:09,3.2,17.6698,167682048,298680,43542507
2024-08-14 08:38:14,6,17.8524,169414656,300956,43544595
2024-08-14 08:38:19,6.1,17.8524,169414656,300956,43544595
2024-08-14 08:38:24,6.2,17.852,169410560,301406,43544975
2024-08-14 08:38:30,0,17.852,169410560,301406,43544975
2024-08-14 08:38:35,0,17.852,169410560,301406,43544975
2024-08-14 08:38:40,3.1,17.852,169410560,301608,43545079
2024-08-14 08:38:45,3.1,17.852,169410560,301608,43545079
2024-08-14 08:38:50,0,17.852,169410560,301608,43545079
2024-08-14 08:38:55,0,17.852,169410560,301698,43545155
2024-08-14 08:39:01,3.2,17.8524,169414656,301698,43545155
2024-08-14 08:39:06,0,17.8524,169414656,301698,43545155
2024-08-14 08:39:11,0,17.8524,169414656,301788,43545231
2024-08-14 08:39:16,0,17.8796,169672704,301968,43545259
2024-08-14 08:39:21,3.1,17.9323,170172416,301968,43545259
2024-08-14 08:39:27,0,17.9595,170430464,302418,43545639
2024-08-14 08:39:32,0,18.0954,171720704,302418,43545639
2024-08-14 08:39:37,0,18.2853,173522944,302460,43545667
2024-08-14 08:39:42,3.1,18.3384,174026752,302460,43545667
2024-08-14 08:39:47,3.1,18.3656,174284800,302550,43545743
2024-08-14 08:39:53,0,18.5819,176336896,302550,43545743
2024-08-14 08:39:58,3.2,18.609,176594944,302550,43545743
2024-08-14 08:40:03,0,18.609,176594944,302640,43545819
2024-08-14 08:40:08,3.1,18.609,176594944,302640,43545819
2024-08-14 08:40:13,3.1,18.6069,176574464,304742,43547879
2024-08-14 08:40:18,0,18.6885,177348608,304832,43547955
2024-08-14 08:40:24,3,18.6885,177348608,304832,43547955
2024-08-14 08:40:29,3.2,18.7157,177606656,304964,43548059
2024-08-14 08:40:34,6,18.7157,177606656,305324,43548363
2024-08-14 08:40:39,0,18.7157,177606656,305324,43548363
2024-08-14 08:40:44,3,18.7157,177606656,305324,43548363
2024-08-14 08:40:50,0,18.7968,178376704,305414,43548439
2024-08-14 08:40:55,3.2,18.8512,178892800,305414,43548439
2024-08-14 08:41:00,0,18.9872,180183040,305414,43548439
2024-08-14 08:41:05,0,18.9872,180183040,305504,43548515
2024-08-14 08:41:10,3.1,18.9872,180183040,305684,43548543
2024-08-14 08:41:16,0,19.0674,180944896,305684,43548543
2024-08-14 08:41:21,6,19.2034,182235136,305774,43548619
2024-08-14 08:41:26,3.1,19.3394,183525376,305816,43548647
2024-08-14 08:41:31,6.2,19.4468,184545280,305816,43548647
2024-08-14 08:41:36,6.2,16.927,160632832,306266,43549027
2024-08-14 08:41:41,0,17.0086,161406976,306266,43549027
2024-08-14 08:41:47,6.1,17.0902,162181120,306266,43549027
2024-08-14 08:41:52,0,17.1445,162697216,306266,43549027
2024-08-14 08:41:57,0,17.3349,164503552,306398,43549131
2024-08-14 08:42:02,0,17.3621,164761600,306398,43549131
2024-08-14 08:42:07,0,17.388,165007360,306398,43549131
2024-08-14 08:42:13,0,17.5485,166531072,308590,43551267
2024-08-14 08:42:18,93.4,23.1549,219734016,403558,43611557
2024-08-14 08:42:23,0,23.2727,220852224,587229,43757257
2024-08-14 08:42:28,0,23.2999,221110272,587319,43757333
2024-08-14 08:42:33,0,23.3807,221876224,587319,43757333
2024-08-14 08:42:39,0,23.4078,222134272,587499,43757485
2024-08-14 08:42:44,0,23.4078,222134272,587769,43757713
2024-08-14 08:42:49,3.2,23.4078,222134272,587769,43757713
2024-08-14 08:42:54,3,23.4078,222134272,587769,43757713
2024-08-14 08:42:59,3.2,23.4078,222134272,587859,43757789
2024-08-14 08:43:04,0,23.4078,222134272,587901,43757817
2024-08-14 08:43:10,3.1,23.4337,222380032,588147,43757955
2024-08-14 08:43:15,0,23.4881,222896128,588237,43758031
2024-08-14 08:43:20,3.2,23.4881,222896128,588279,43758059
2024-08-14 08:43:25,3.2,23.4881,222896128,588279,43758059
2024-08-14 08:43:30,3.2,23.4881,222896128,588639,43758435
2024-08-14 08:43:36,0,23.5697,223670272,588681,43758463
2024-08-14 08:43:41,0,23.5697,223670272,588681,43758463
2024-08-14 08:43:46,0,23.5697,223670272,589131,43758843
2024-08-14 08:43:51,9.1,23.5697,223670272,589131,43758843
2024-08-14 08:43:56,0,23.5697,223670272,589131,43758843
2024-08-14 08:44:01,0,23.5697,223670272,589131,43758843
2024-08-14 08:44:07,3.1,23.6772,224690176,589221,43758919
2024-08-14 08:44:12,0,24.0035,227786752,591299,43761007
2024-08-14 08:44:17,0,24.0035,227786752,591341,43761035
2024-08-14 08:44:22,0,24.0035,227786752,591431,43761111
2024-08-14 08:44:27,3.1,24.0035,227786752,591431,43761111
2024-08-14 08:44:33,0,24.0035,227786752,591431,43761111
2024-08-14 08:44:38,3.1,24.0035,227786752,591521,43761187
2024-08-14 08:44:43,3.1,24.0035,227786752,591521,43761187
2024-08-14 08:44:48,0,24.0035,227786752,591701,43761339
2024-08-14 08:44:53,0,24.0035,227786752,592013,43761595
2024-08-14 08:44:59,3.2,24.0035,227786752,592067,43761641
2024-08-14 08:45:04,3.2,24.0035,227786752,592067,43761641
2024-08-14 08:45:09,6,24.0035,227786752,592295,43761717
2024-08-14 08:45:14,0,24.0255,227995648,592337,43761745
2024-08-14 08:45:19,0,24.0255,227995648,592337,43761745
2024-08-14 08:45:24,0,24.0251,227991552,592427,43761821
2024-08-14 08:45:30,0,24.079,228503552,592469,43761849
2024-08-14 08:45:35,6.2,24.1317,229003264,592469,43761849
2024-08-14 08:45:40,3.1,24.1856,229515264,592559,43761925
2024-08-14 08:45:45,6.2,24.2944,230547456,592559,43761925
2024-08-14 08:45:50,0,24.2944,230547456,592559,43761925
2024-08-14 08:45:56,3.2,24.2944,230547456,593009,43762305
2024-08-14 08:46:01,6.2,24.2944,230547456,593105,43762379
2024-08-14 08:46:06,0,24.2944,230547456,593105,43762379
2024-08-14 08:46:11,0,24.2944,230547456,593147,43762407
2024-08-14 08:46:16,3.1,24.2944,230547456,595273,43764543
2024-08-14 08:46:21,0,24.2944,230547456,595273,43764543
2024-08-14 08:46:27,3.1,24.2944,230547456,595273,43764543
2024-08-14 08:46:32,5.9,24.2944,230547456,595363,43764619
2024-08-14 08:46:37,0,24.2944,230547456,595363,43764619
2024-08-14 08:46:42,0,24.2944,230547456,595363,43764619
2024-08-14 08:46:47,3.2,24.294,230543360,595453,43764695
2024-08-14 08:46:53,3.1,24.294,230543360,595495,43764723
2024-08-14 08:46:58,6.2,24.294,230543360,595585,43764799
2024-08-14 08:47:03,6.1,24.3212,230801408,595903,43764951
2024-08-14 08:47:08,6,24.3212,230801408,595945,43764979
2024-08-14 08:47:13,0,24.3212,230801408,595945,43764979
2024-08-14 08:47:18,3.2,24.3212,230801408,596035,43765055
2024-08-14 08:47:24,0,24.3212,230801408,596077,43765083
2024-08-14 08:47:29,3.1,24.3212,230801408,596077,43765083
2024-08-14 08:47:34,3.1,24.3212,230801408,596167,43765159
2024-08-14 08:47:39,0,24.3212,230801408,596167,43765159
2024-08-14 08:47:44,3.1,24.3212,230801408,596385,43765219
2024-08-14 08:47:50,6.2,24.3755,231317504,596623,43765295
2024-08-14 08:47:55,0,24.3755,231317504,596665,43765323
2024-08-14 08:48:00,0,24.3755,231317504,596781,43765351
2024-08-14 08:48:05,3.2,24.4027,231575552,597141,43765655
2024-08-14 08:48:10,3.2,25.1538,238702592,628451,43955719
2024-08-14 08:48:16,3.2,25.1797,238948352,630561,43957779
2024-08-14 08:48:21,6.2,25.1797,238948352,630651,43957855
2024-08-14 08:48:26,0,25.1797,238948352,630651,43957855
2024-08-14 08:48:31,0,25.1797,238948352,630651,43957855
2024-08-14 08:48:36,0,25.1788,238940160,630651,43957855
2024-08-14 08:48:41,3.1,25.1788,238940160,630741,43957931
2024-08-14 08:48:47,0,25.1788,238940160,630915,43957977
2024-08-14 08:48:52,6.2,25.1788,238940160,631015,43958005
2024-08-14 08:48:57,0,25.1788,238940160,631285,43958109
2024-08-14 08:49:02,3.1,25.1788,238940160,631343,43958109
2024-08-14 08:49:07,3.2,25.1788,238940160,631433,43958185
2024-08-14 08:49:13,0,25.1788,238940160,631613,43958337
2024-08-14 08:49:18,6,25.1788,238940160,631725,43958383
2024-08-14 08:49:23,0,25.1788,238940160,631767,43958411
2024-08-14 08:49:28,0,25.1788,238940160,631911,43958533
2024-08-14 08:49:33,0,25.1788,238940160,631911,43958533
2024-08-14 08:49:39,0,25.1788,238940160,631911,43958533
2024-08-14 08:49:44,0,25.1788,238940160,632001,43958609
2024-08-14 08:49:49,3.1,25.1788,238940160,632001,43958609
2024-08-14 08:49:54,3.2,25.1788,238940160,632043,43958637
2024-08-14 08:49:59,3.2,25.1784,238936064,632133,43958713
2024-08-14 08:50:04,0,25.1784,238936064,632175,43958741
2024-08-14 08:50:10,0,25.1784,238936064,632175,43958741
2024-08-14 08:50:15,0,25.1779,238931968,634571,43961105
2024-08-14 08:50:20,18.5,25.1779,238931968,635414,43961663
2024-08-14 08:50:25,6.1,18.4571,175153152,741908,44019082
2024-08-14 08:50:30,3,18.5102,175656960,742056,44019158
2024-08-14 08:50:36,6,18.5102,175656960,742114,44019158
2024-08-14 08:50:41,0,18.6462,176947200,742114,44019158
2024-08-14 08:50:46,0,18.7277,177721344,742204,44019234
2024-08-14 08:50:51,0,18.8093,178495488,742384,44019262
2024-08-14 08:50:56,0,18.9453,179785728,742442,44019262
2024-08-14 08:51:02,0,19.1076,181325824,742484,44019290
2024-08-14 08:51:07,3.2,19.3519,183644160,742574,44019366
2024-08-14 08:51:12,6.1,16.7798,159236096,742574,44019366
2024-08-14 08:51:17,6.2,16.8886,160268288,742754,44019518
2024-08-14 08:51:22,0,16.9702,161042432,742844,44019594
2024-08-14 08:51:27,3.2,16.9974,161300480,742844,44019594
2024-08-14 08:51:33,6.1,16.9974,161300480,742844,44019594
2024-08-14 08:51:38,0,16.9974,161300480,742992,44019716
2024-08-14 08:51:43,0,17.1333,162590720,743150,44019744
2024-08-14 08:51:48,0,17.1601,162844672,743304,44019818
2024-08-14 08:51:53,3.1,17.1601,162844672,743452,44019894
2024-08-14 08:51:59,5.9,17.2132,163348480,743452,44019894
2024-08-14 08:52:04,0,17.2132,163348480,743506,44019940
2024-08-14 08:52:09,3,17.2132,163348480,743596,44020016
2024-08-14 08:52:14,6,17.3431,164581376,745756,44022076
2024-08-14 08:52:19,0,17.3431,164581376,745756,44022076
2024-08-14 08:52:25,0,17.4238,165347328,746026,44022304
2024-08-14 08:52:30,3.1,17.4238,165347328,746026,44022304
2024-08-14 08:52:35,0,17.4238,165347328,746026,44022304
2024-08-14 08:52:40,3.2,17.4238,165347328,746116,44022380
2024-08-14 08:52:45,5.8,17.5054,166121472,746158,44022408
2024-08-14 08:52:50,3.1,17.5054,166121472,746296,44022408
