2024-08-14 08:34:23,14.3,17.8618,169504768,209810,31367068
2024-08-14 08:34:29,3.2,17.6969,167940096,297045,43576508
2024-08-14 08:34:34,0,17.6969,167940096,297135,43576584
2024-08-14 08:34:39,0,17.7241,168198144,297209,43576584
2024-08-14 08:34:44,6.1,17.7241,168198144,297209,43576584
2024-08-14 08:34:49,0,17.7237,168194048,297299,43576660
2024-08-14 08:34:55,0,17.7237,168194048,297373,43576660
2024-08-14 08:35:00,0,17.7237,168194048,297373,43576660
2024-08-14 08:35:05,3.1,17.7237,168194048,297463,43576736
2024-08-14 08:35:10,0,17.7505,168448000,297505,43576764
2024-08-14 08:35:15,3,17.7505,168448000,297505,43576764
2024-08-14 08:35:21,0,17.7764,168693760,297997,43577172
2024-08-14 08:35:26,3.2,17.7764,168693760,297997,43577172
2024-08-14 08:35:31,0,17.7764,168693760,298055,43577218
2024-08-14 08:35:36,3.2,17.911,169971712,298399,43577294
2024-08-14 08:35:41,3.1,17.911,169971712,298457,43577294
2024-08-14 08:35:47,0,17.911,169971712,298557,43577322
2024-08-14 08:35:52,3.2,17.911,169971712,298647,43577398
2024-08-14 08:35:57,6,17.911,169971712,298647,43577398
2024-08-14 08:36:02,0,17.911,169971712,298647,43577398
2024-08-14 08:36:07,0,17.911,169971712,298795,43577474
2024-08-14 08:36:13,3,17.911,169971712,298837,43577502
2024-08-14 08:36:18,3.2,18.2356,173051904,301005,43579561
2024-08-14 08:36:23,3.1,18.2356,173051904,301455,43579941
2024-08-14 08:36:28,0,18.2356,173051904,301455,43579941
2024-08-14 08:36:33,3.1,18.2356,173051904,301455,43579941
2024-08-14 08:36:38,3.2,18.2356,173051904,301455,43579941
2024-08-14 08:36:44,3.1,18.2356,173051904,301545,43580017
2024-08-14 08:36:49,3.1,18.2356,173051904,301545,43580017
2024-08-14 08:36:54,3.2,18.2356,173051904,301545,43580017
2024-08-14 08:36:59,0,18.2356,173051904,301635,43580093
2024-08-14 08:37:04,3,18.2356,173051904,301677,43580121
2024-08-14 08:37:10,3.1,18.2356,173051904,301789,43580149
2024-08-14 08:37:15,3,18.2352,173047808,301933,43580271
2024-08-14 08:37:20,5.9,18.2313,173010944,301933,43580271
2024-08-14 08:37:25,3.1,18.2313,173010944,302161,43580347
2024-08-14 08:37:31,3.2,18.2309,173006848,302521,43580651
2024-08-14 08:37:36,6.1,18.2309,173006848,302521,43580651
2024-08-14 08:37:41,0,18.2309,173006848,302521,43580651
2024-08-14 08:37:46,0,18.2309,173006848,302611,43580727
2024-08-14 08:37:51,3.2,18.2309,173006848,302653,43580755
2024-08-14 08:37:56,0,18.2309,173006848,302653,43580755
2024-08-14 08:38:02,0,18.2581,173264896,302743,43580831
2024-08-14 08:38:07,0,18.2581,173264896,302785,43580859
2024-08-14 08:38:12,0,18.2572,173256704,302785,43580859
2024-08-14 08:38:17,3.1,18.2814,173486080,305043,43582994
2024-08-14 08:38:22,0,18.2814,173486080,305043,43582994
2024-08-14 08:38:28,0,18.2814,173486080,305043,43582994
2024-08-14 08:38:33,5.9,18.3068,173727744,305493,43583374
2024-08-14 08:38:38,0,18.3068,173727744,305493,43583374
2024-08-14 08:38:43,3.2,18.334,173985792,305493,43583374
2024-08-14 08:38:48,0,18.388,174497792,305583,43583450
2024-08-14 08:38:54,0,18.4683,175259648,305625,43583478
2024-08-14 08:38:59,3,18.5226,175775744,305625,43583478
2024-08-14 08:39:04,0,18.5498,176033792,305667,43583506
2024-08-14 08:39:09,0,18.577,176291840,305757,43583582
2024-08-14 08:39:15,6.2,18.577,176291840,305811,43583628
2024-08-14 08:39:20,0,18.577,176291840,305949,43583628
2024-08-14 08:39:25,0,18.577,176291840,306039,43583704
2024-08-14 08:39:30,3,18.5947,176459776,306039,43583704
2024-08-14 08:39:35,0,18.7303,177745920,306219,43583856
2024-08-14 08:39:40,0,18.7574,178003968,306531,43584112
2024-08-14 08:39:46,3.1,18.7574,178003968,306531,43584112
2024-08-14 08:39:51,3.1,18.7574,178003968,306531,43584112
2024-08-14 08:39:56,3,18.7574,178003968,306621,43584188
2024-08-14 08:40:01,3.1,18.7574,178003968,306663,43584216
2024-08-14 08:40:06,3.2,18.7574,178003968,306663,43584216
2024-08-14 08:40:12,3.1,18.7574,178003968,306807,43584338
2024-08-14 08:40:17,0,18.7574,178003968,308901,43586443
2024-08-14 08:40:22,3.1,18.7544,177975296,309017,43586443
2024-08-14 08:40:27,0,18.7544,177975296,309165,43586519
2024-08-14 08:40:32,3,18.7549,177979392,309223,43586519
2024-08-14 08:40:38,3.1,18.7549,177979392,309223,43586519
2024-08-14 08:40:43,3,18.7544,177975296,309673,43586899
2024-08-14 08:40:48,0,18.7536,177967104,309673,43586899
2024-08-14 08:40:53,0,18.7536,177967104,309731,43586899
2024-08-14 08:40:58,0,18.7536,177967104,309863,43587003
2024-08-14 08:41:04,0,18.7536,177967104,309905,43587031
2024-08-14 08:41:09,0,18.7527,177958912,309905,43587031
2024-08-14 08:41:14,3.1,18.7527,177958912,309995,43587107
2024-08-14 08:41:19,3.1,18.7527,177958912,310133,43587107
2024-08-14 08:41:24,0,18.7527,177958912,310133,43587107
2024-08-14 08:41:30,3.2,18.7527,177958912,310133,43587107
2024-08-14 08:41:35,3.2,18.7527,177958912,310223,43587183
2024-08-14 08:41:40,3,18.7527,177958912,310223,43587183
2024-08-14 08:41:45,3.2,18.7527,177958912,310403,43587335
2024-08-14 08:41:50,0,18.7518,177950720,310757,43587619
2024-08-14 08:41:56,8.6,18.7518,177950720,310757,43587619
2024-08-14 08:42:01,0,18.7518,177950720,310757,43587619
2024-08-14 08:42:06,6.2,18.7518,177950720,310847,43587695
2024-08-14 08:42:11,3.1,18.7518,177950720,310847,43587695
2024-08-14 08:42:16,5.9,18.7518,177950720,310847,43587695
2024-08-14 08:42:22,63.7,22.4638,213176320,317148,43596844
2024-08-14 08:42:27,70.6,24.2464,230092800,545568,43729515
2024-08-14 08:42:32,0,24.2641,230260736,591616,43801355
2024-08-14 08:42:37,0,24.2641,230260736,591706,43801431
2024-08-14 08:42:42,3.1,24.2904,230510592,591706,43801431
2024-08-14 08:42:48,0,24.2904,230510592,591748,43801459
2024-08-14 08:42:53,6.2,24.2904,230510592,592198,43801839
2024-08-14 08:42:58,3,24.2904,230510592,592198,43801839
2024-08-14 08:43:03,6.1,24.2904,230510592,592198,43801839
2024-08-14 08:43:08,3.1,24.2904,230510592,592288,43801915
2024-08-14 08:43:14,0,24.2904,230510592,592468,43801943
2024-08-14 08:43:19,3.1,24.2904,230510592,592468,43801943
2024-08-14 08:43:24,3.1,24.2904,230510592,592558,43802019
2024-08-14 08:43:29,0,24.2904,230510592,592558,43802019
2024-08-14 08:43:34,0,24.3448,231026688,592558,43802019
2024-08-14 08:43:40,3,24.4251,231788544,592648,43802095
2024-08-14 08:43:45,3.2,24.4251,231788544,592690,43802123
2024-08-14 08:43:50,3.1,24.4251,231788544,592690,43802123
2024-08-14 08:43:55,3.1,24.4523,232046592,593050,43802427
2024-08-14 08:44:00,0,24.4795,232304640,593182,43802531
2024-08-14 08:44:06,0,24.4795,232304640,593182,43802531
2024-08-14 08:44:11,3.1,24.6953,234352640,593182,43802531
2024-08-14 08:44:16,6.2,24.6953,234352640,593272,43802607
2024-08-14 08:44:21,3.1,24.6953,234352640,595374,43804666
2024-08-14 08:44:26,0,24.6953,234352640,595374,43804666
2024-08-14 08:44:32,0,24.6953,234352640,595464,43804742
2024-08-14 08:44:37,9.3,24.7225,234610688,595464,43804742
2024-08-14 08:44:42,3,22.1129,209846272,595576,43804770
2024-08-14 08:44:47,3.1,22.3032,211652608,595666,43804846
2024-08-14 08:44:52,3.1,22.4392,212942848,595666,43804846
2024-08-14 08:44:58,0,22.4936,213458944,595666,43804846
2024-08-14 08:45:03,3.1,22.6023,214491136,596116,43805226
2024-08-14 08:45:08,6.2,22.737,215769088,596296,43805254
2024-08-14 08:45:13,3,22.8186,216543232,596296,43805254
2024-08-14 08:45:18,3.1,22.8725,217055232,596386,43805330
2024-08-14 08:45:23,3.1,22.9269,217571328,596386,43805330
2024-08-14 08:45:29,0,22.9809,218083328,596386,43805330
2024-08-14 08:45:34,0,22.9804,218079232,596476,43805406
2024-08-14 08:45:39,0,22.9804,218079232,596560,43805462
2024-08-14 08:45:44,0,23.062,218853376,596560,43805462
2024-08-14 08:45:49,3.1,23.1691,219869184,596650,43805538
2024-08-14 08:45:55,3.2,23.2506,220643328,596650,43805538
2024-08-14 08:46:00,3,23.3866,221933568,596650,43805538
2024-08-14 08:46:05,0,23.4682,222707712,597010,43805842
2024-08-14 08:46:10,3.1,23.6585,224514048,597142,43805946
2024-08-14 08:46:15,0,23.7673,225546240,597142,43805946
2024-08-14 08:46:21,0,23.7915,225775616,599310,43808005
2024-08-14 08:46:26,6.2,23.7915,225775616,599400,43808081
2024-08-14 08:46:31,0,23.7915,225775616,599400,43808081
2024-08-14 08:46:36,3,23.7915,225775616,599442,43808109
2024-08-14 08:46:41,5.7,23.7915,225775616,599532,43808185
2024-08-14 08:46:47,0,23.7915,225775616,599532,43808185
2024-08-14 08:46:52,3.2,23.7915,225775616,599532,43808185
2024-08-14 08:46:57,3.1,23.8178,226025472,599622,43808261
2024-08-14 08:47:02,0,23.8178,226025472,599664,43808289
2024-08-14 08:47:07,3.1,23.8178,226025472,599802,43808289
2024-08-14 08:47:13,3,23.8178,226025472,599982,43808441
2024-08-14 08:47:18,0,23.8178,226025472,599982,43808441
2024-08-14 08:47:23,0,23.8178,226025472,600036,43808487
2024-08-14 08:47:28,3.1,23.8178,226025472,600168,43808591
2024-08-14 08:47:33,0,23.8178,226025472,600210,43808619
2024-08-14 08:47:38,0,23.8178,226025472,600210,43808619
2024-08-14 08:47:44,0,23.8178,226025472,600300,43808695
2024-08-14 08:47:49,0,23.8178,226025472,600300,43808695
2024-08-14 08:47:54,0,23.8178,226025472,600300,43808695
2024-08-14 08:47:59,0,23.8437,226271232,600390,43808771
2024-08-14 08:48:04,3.1,23.8437,226271232,600432,43808799
2024-08-14 08:48:10,3.1,23.8437,226271232,600432,43808799
2024-08-14 08:48:15,0,24.3772,231333888,631295,43999216
2024-08-14 08:48:20,3.2,24.4031,231579648,633331,44001275
2024-08-14 08:48:25,0,24.4031,231579648,633373,44001303
2024-08-14 08:48:30,0,24.4031,231579648,633373,44001303
2024-08-14 08:48:36,6.2,24.4031,231579648,633463,44001379
2024-08-14 08:48:41,0,24.4031,231579648,633463,44001379
2024-08-14 08:48:46,3,24.4031,231579648,633517,44001425
2024-08-14 08:48:51,0,24.4031,231579648,633649,44001529
2024-08-14 08:48:56,0,24.4031,231579648,633649,44001529
2024-08-14 08:49:02,3.2,24.4031,231579648,633787,44001529
2024-08-14 08:49:07,3.2,24.4031,231579648,633877,44001605
2024-08-14 08:49:12,3.1,24.4031,231579648,633877,44001605
2024-08-14 08:49:17,0,24.4031,231579648,633877,44001605
2024-08-14 08:49:22,3,24.4031,231579648,634099,44001785
2024-08-14 08:49:28,0,24.4031,231579648,634141,44001813
2024-08-14 08:49:33,3.2,24.4031,231579648,634141,44001813
2024-08-14 08:49:38,0,24.4031,231579648,634231,44001889
2024-08-14 08:49:43,6.1,24.4031,231579648,634231,44001889
2024-08-14 08:49:48,3.1,24.4031,231579648,634289,44001981
2024-08-14 08:49:54,0,24.4303,231837696,634421,44002085
2024-08-14 08:49:59,3,24.4303,231837696,634421,44002085
2024-08-14 08:50:04,6.2,24.4303,231837696,634421,44002085
2024-08-14 08:50:09,3.2,24.4303,231837696,634511,44002161
2024-08-14 08:50:14,3,24.4303,231837696,634511,44002161
2024-08-14 08:50:20,0,24.4298,231833600,636655,44004248
2024-08-14 08:50:25,0,24.4294,231829504,637015,44004552
2024-08-14 08:50:30,6.4,24.6469,233893888,682666,44024297
2024-08-14 08:50:35,0,24.6297,233730048,694993,44033671
2024-08-14 08:50:40,9.3,24.6292,233725952,703801,44037059
2024-08-14 08:50:45,3.1,24.6292,233725952,708619,44038563
2024-08-14 08:50:51,0,24.6292,233725952,708955,44038719
2024-08-14 08:50:56,6.2,24.6292,233725952,718288,44041071
2024-08-14 08:51:01,3.1,24.6292,233725952,719740,44047289
2024-08-14 08:51:06,3.2,24.6292,233725952,720400,44047809
2024-08-14 08:51:11,2.9,24.7924,235274240,727855,44048817
2024-08-14 08:51:17,3.1,24.8196,235532288,729247,44051293
2024-08-14 08:51:22,3.1,24.874,236048384,733940,44060275
2024-08-14 08:51:27,6,24.874,236048384,734810,44062465
2024-08-14 08:51:32,6.2,24.874,236048384,744480,44065904
2024-08-14 08:51:37,3.1,24.9279,236560384,761231,44075390
2024-08-14 08:51:43,6.5,24.953,236797952,781346,44088281
2024-08-14 08:51:48,0,24.9655,236916736,790610,44097528
2024-08-14 08:51:53,3.1,24.9655,236916736,790610,44097528
2024-08-14 08:51:58,0,24.9655,236916736,790610,44097528
2024-08-14 08:52:03,0,24.9655,236916736,790700,44097604
2024-08-14 08:52:09,6,24.9655,236916736,790700,44097604
2024-08-14 08:52:14,3.1,24.9655,236916736,790742,44097632
2024-08-14 08:52:19,3.2,24.9655,236916736,793000,44099767
2024-08-14 08:52:24,3.2,24.9655,236916736,793000,44099767
2024-08-14 08:52:29,3.1,22.2601,211243008,793000,44099767
2024-08-14 08:52:35,3.2,22.3144,211759104,793360,44100071
2024-08-14 08:52:40,5.6,22.3144,211759104,793360,44100071
2024-08-14 08:52:45,3.2,22.3416,212017152,793360,44100071
2024-08-14 08:52:50,0,22.3675,212262912,793588,44100147
