2024-08-14 08:34:37,11.7,17.5641,166678528,179695,27022580
2024-08-14 08:34:42,3.1,18.1999,172711936,310000,43531556
2024-08-14 08:34:47,3.2,18.1994,172707840,310090,43531632
2024-08-14 08:34:53,0,18.1994,172707840,310090,43531632
2024-08-14 08:34:58,6.1,18.1994,172707840,310090,43531632
2024-08-14 08:35:03,3.1,18.1994,172707840,310180,43531708
2024-08-14 08:35:08,3.2,18.1994,172707840,310180,43531708
2024-08-14 08:35:13,0,18.1994,172707840,310360,43531860
2024-08-14 08:35:19,0,18.1994,172707840,310768,43532088
2024-08-14 08:35:24,3.2,18.1994,172707840,310768,43532088
2024-08-14 08:35:29,3.2,18.1994,172707840,310810,43532116
2024-08-14 08:35:34,8.8,18.1994,172707840,310900,43532192
2024-08-14 08:35:39,3.1,18.1994,172707840,310942,43532220
2024-08-14 08:35:44,0,18.2266,172965888,310942,43532220
2024-08-14 08:35:50,3,18.3613,174243840,311032,43532296
2024-08-14 08:35:55,3.2,18.3613,174243840,311032,43532296
2024-08-14 08:36:00,0,18.3613,174243840,311032,43532296
2024-08-14 08:36:05,3.1,18.3613,174243840,311122,43532372
2024-08-14 08:36:10,3,18.3613,174243840,311122,43532372
2024-08-14 08:36:16,0,18.3613,174243840,311122,43532372
2024-08-14 08:36:21,0,18.3613,174243840,311572,43532752
2024-08-14 08:36:26,6.1,18.3596,174227456,313824,43534867
2024-08-14 08:36:31,0,18.3596,174227456,313824,43534867
2024-08-14 08:36:36,0,18.3868,174485504,313914,43534943
2024-08-14 08:36:42,0,18.4955,175517696,313914,43534943
2024-08-14 08:36:47,0,18.4955,175517696,313914,43534943
2024-08-14 08:36:52,0,18.4955,175517696,313914,43534943
2024-08-14 08:36:57,3.1,18.4955,175517696,314004,43535019
2024-08-14 08:37:02,3.1,18.4955,175517696,314004,43535019
2024-08-14 08:37:08,3,18.4955,175517696,314142,43535065
2024-08-14 08:37:13,3.2,18.5214,175763456,314328,43535169
2024-08-14 08:37:18,3.2,18.5214,175763456,314328,43535169
2024-08-14 08:37:23,3.1,18.5486,176021504,314640,43535425
2024-08-14 08:37:28,3,18.5465,176001024,314820,43535577
2024-08-14 08:37:34,0,18.5737,176259072,314820,43535577
2024-08-14 08:37:39,0,18.5737,176259072,314820,43535577
2024-08-14 08:37:44,6.1,18.6803,177270784,314910,43535653
2024-08-14 08:37:49,6.1,18.6803,177270784,314910,43535653
2024-08-14 08:37:54,0,18.6794,177262592,314910,43535653
2024-08-14 08:38:00,0,18.679,177258496,315000,43535729
2024-08-14 08:38:05,3.1,18.7321,177762304,315042,43535757
2024-08-14 08:38:10,3.1,18.7864,178278400,315112,43535757
2024-08-14 08:38:15,3.1,18.7864,178278400,315202,43535833
2024-08-14 08:38:20,3.1,18.7864,178278400,315244,43535861
2024-08-14 08:38:26,0,18.7864,178278400,317412,43537920
2024-08-14 08:38:31,3.2,18.786,178274304,317862,43538300
2024-08-14 08:38:36,3.1,18.786,178274304,317862,43538300
2024-08-14 08:38:41,0,18.786,178274304,317862,43538300
2024-08-14 08:38:46,3.2,18.8132,178532352,317952,43538376
2024-08-14 08:38:51,0,18.8132,178532352,317952,43538376
2024-08-14 08:38:57,0,18.8132,178532352,317952,43538376
2024-08-14 08:39:02,3.2,18.8132,178532352,318180,43538452
2024-08-14 08:39:07,0,18.8132,178532352,318180,43538452
2024-08-14 08:39:12,0,18.8132,178532352,318180,43538452
2024-08-14 08:39:17,3.1,18.8132,178532352,318222,43538480
2024-08-14 08:39:23,0,18.8132,178532352,318312,43538556
2024-08-14 08:39:28,0,18.8404,178790400,318354,43538584
2024-08-14 08:39:33,3.1,18.8404,178790400,318624,43538812
2024-08-14 08:39:38,6.1,18.8404,178790400,318804,43538964
2024-08-14 08:39:43,3.1,18.8404,178790400,318804,43538964
2024-08-14 08:39:49,6.2,18.8305,178696192,318804,43538964
2024-08-14 08:39:54,0,18.8305,178696192,318894,43539040
2024-08-14 08:39:59,3,18.8305,178696192,318894,43539040
2024-08-14 08:40:04,3.1,18.8305,178696192,318894,43539040
2024-08-14 08:40:09,3,18.8836,179200000,319026,43539144
2024-08-14 08:40:15,0,18.8836,179200000,319068,43539172
2024-08-14 08:40:20,0,18.8836,179200000,319068,43539172
2024-08-14 08:40:25,3.2,18.9341,179679232,321260,43541307
2024-08-14 08:40:30,3.2,18.9341,179679232,321260,43541307
2024-08-14 08:40:35,0,18.9341,179679232,321260,43541307
2024-08-14 08:40:40,0,18.9341,179679232,321710,43541687
2024-08-14 08:40:46,3.1,18.9341,179679232,321710,43541687
2024-08-14 08:40:51,0,18.9328,179666944,321710,43541687
2024-08-14 08:40:56,3,18.9319,179658752,321800,43541763
2024-08-14 08:41:01,0,18.9319,179658752,321938,43541763
2024-08-14 08:41:06,6.2,18.9319,179658752,321980,43541791
2024-08-14 08:41:12,3.1,18.9319,179658752,322070,43541867
2024-08-14 08:41:17,3.1,18.9319,179658752,322112,43541895
2024-08-14 08:41:22,0,18.9319,179658752,322112,43541895
2024-08-14 08:41:27,0,18.9319,179658752,322112,43541895
2024-08-14 08:41:32,0,18.9319,179658752,322202,43541971
2024-08-14 08:41:38,0,18.9319,179658752,322202,43541971
2024-08-14 08:41:43,3.1,18.9319,179658752,322562,43542275
2024-08-14 08:41:48,0,18.9315,179654656,322652,43542351
2024-08-14 08:41:53,0,18.9315,179654656,322652,43542351
2024-08-14 08:41:58,0,18.9315,179654656,322652,43542351
2024-08-14 08:42:04,3.1,18.9587,179912704,322784,43542455
2024-08-14 08:42:09,3.2,18.9587,179912704,322826,43542483
2024-08-14 08:42:14,0,18.9587,179912704,322826,43542483
2024-08-14 08:42:19,3.2,18.9587,179912704,322916,43542559
2024-08-14 08:42:24,81.8,24.6444,233869312,452610,43624158
2024-08-14 08:42:30,0,24.6591,234008576,603762,43756146
2024-08-14 08:42:35,3.2,24.6859,234262528,603852,43756222
2024-08-14 08:42:40,0,24.6859,234262528,603852,43756222
2024-08-14 08:42:45,3.2,24.6859,234262528,603942,43756298
2024-08-14 08:42:50,6,24.6859,234262528,604302,43756602
2024-08-14 08:42:55,0,24.6859,234262528,604440,43756602
2024-08-14 08:43:01,0,24.7118,234508288,604482,43756630
2024-08-14 08:43:06,3.1,24.7118,234508288,604572,43756706
2024-08-14 08:43:11,5.9,24.7118,234508288,604614,43756734
2024-08-14 08:43:16,3.1,24.7118,234508288,604614,43756734
2024-08-14 08:43:21,3.2,24.7118,234508288,604704,43756810
2024-08-14 08:43:27,0,24.7118,234508288,604704,43756810
2024-08-14 08:43:32,3.1,24.7118,234508288,604704,43756810
2024-08-14 08:43:37,3.2,24.7118,234508288,604704,43756810
2024-08-14 08:43:42,11.5,24.7118,234508288,604794,43756886
2024-08-14 08:43:47,3.1,24.7118,234508288,604794,43756886
2024-08-14 08:43:53,3.1,24.7118,234508288,605154,43757190
2024-08-14 08:43:58,0,24.7118,234508288,605328,43757322
2024-08-14 08:44:03,6.2,24.7118,234508288,605328,43757322
2024-08-14 08:44:08,0,24.7118,234508288,605328,43757322
2024-08-14 08:44:13,3.1,24.7118,234508288,605418,43757398
2024-08-14 08:44:19,6,24.7118,234508288,605534,43757444
2024-08-14 08:44:24,25.8,24.7118,234508288,607818,43759503
2024-08-14 08:44:29,3.2,24.7114,234504192,607908,43759579
2024-08-14 08:44:34,0,24.7114,234504192,607966,43759579
2024-08-14 08:44:39,3.2,24.7114,234504192,607966,43759579
2024-08-14 08:44:44,0,24.7114,234504192,608056,43759655
2024-08-14 08:44:50,8.8,24.7114,234504192,608252,43759655
2024-08-14 08:44:55,3.1,24.7114,234504192,608384,43759759
2024-08-14 08:45:00,6,24.7114,234504192,608786,43760091
2024-08-14 08:45:05,3.1,24.7118,234508288,608786,43760091
2024-08-14 08:45:10,0,24.7118,234508288,608786,43760091
2024-08-14 08:45:16,0,24.7118,234508288,608876,43760167
2024-08-14 08:45:21,3.1,24.7118,234508288,608876,43760167
2024-08-14 08:45:26,3.1,24.7118,234508288,608876,43760167
2024-08-14 08:45:31,3,24.7118,234508288,608966,43760243
2024-08-14 08:45:36,3.1,24.7118,234508288,609008,43760271
2024-08-14 08:45:42,0,24.7118,234508288,609008,43760271
2024-08-14 08:45:47,0,24.7114,234504192,609140,43760375
2024-08-14 08:45:52,0,24.7114,234504192,609140,43760375
2024-08-14 08:45:57,3,24.7916,235266048,609140,43760375
2024-08-14 08:46:02,3.2,24.7916,235266048,609590,43760755
2024-08-14 08:46:08,3,24.7912,235261952,609590,43760755
2024-08-14 08:46:13,0,24.7912,235261952,609590,43760755
2024-08-14 08:46:18,6.2,24.7912,235261952,609590,43760755
2024-08-14 08:46:23,0,24.7912,235261952,609680,43760831
2024-08-14 08:46:28,3.1,24.7912,235261952,612022,43762866
2024-08-14 08:46:34,3.2,24.7912,235261952,612092,43762866
2024-08-14 08:46:39,0,24.7912,235261952,612320,43762942
2024-08-14 08:46:44,3.2,24.7912,235261952,612362,43762970
2024-08-14 08:46:49,0,24.7912,235261952,612362,43762970
2024-08-14 08:46:54,0,24.7912,235261952,612452,43763046
2024-08-14 08:46:59,2.9,24.7912,235261952,612494,43763074
2024-08-14 08:47:05,0,24.7908,235257856,612494,43763074
2024-08-14 08:47:10,0,24.7908,235257856,612584,43763150
2024-08-14 08:47:15,3.2,24.7908,235257856,612584,43763150
2024-08-14 08:47:20,3.1,24.7908,235257856,612584,43763150
2024-08-14 08:47:25,0,24.7903,235253760,612674,43763226
2024-08-14 08:47:31,3.1,24.7903,235253760,612716,43763254
2024-08-14 08:47:36,3.2,24.7903,235253760,612716,43763254
2024-08-14 08:47:41,0,24.7903,235253760,612848,43763358
2024-08-14 08:47:46,3.1,24.7903,235253760,612848,43763358
2024-08-14 08:47:51,0,24.7903,235253760,612902,43763404
2024-08-14 08:47:57,0,24.7903,235253760,613034,43763508
2024-08-14 08:48:02,0,24.7903,235253760,613034,43763508
2024-08-14 08:48:07,6.1,24.7903,235253760,613034,43763508
2024-08-14 08:48:12,3.2,25.2151,239284224,643873,43953899
2024-08-14 08:48:17,6.1,25.2151,239284224,643873,43953899
2024-08-14 08:48:23,3.2,25.2151,239284224,643927,43953945
2024-08-14 08:48:28,0,25.2142,239276032,645963,43956004
2024-08-14 08:48:33,6,25.2142,239276032,646053,43956080
2024-08-14 08:48:38,3,25.2142,239276032,646233,43956108
2024-08-14 08:48:43,0,25.2142,239276032,646233,43956108
2024-08-14 08:48:49,6.2,25.2142,239276032,646323,43956184
2024-08-14 08:48:54,0,25.2142,239276032,646323,43956184
2024-08-14 08:48:59,3.2,25.2142,239276032,646323,43956184
2024-08-14 08:49:04,0,25.2142,239276032,646413,43956260
2024-08-14 08:49:09,3.2,25.2142,239276032,646455,43956288
2024-08-14 08:49:14,6.2,25.2142,239276032,646455,43956288
2024-08-14 08:49:20,3.1,25.2142,239276032,646545,43956364
2024-08-14 08:49:25,3.1,25.2142,239276032,646545,43956364
2024-08-14 08:49:30,6.1,25.2142,239276032,646545,43956364
2024-08-14 08:49:35,0,25.2142,239276032,646677,43956468
2024-08-14 08:49:40,3.2,25.2142,239276032,646719,43956496
2024-08-14 08:49:46,0,25.2142,239276032,646719,43956496
2024-08-14 08:49:51,3.2,25.2142,239276032,646809,43956572
2024-08-14 08:49:56,0,25.2142,239276032,646809,43956572
2024-08-14 08:50:01,6.1,25.2142,239276032,646809,43956572
2024-08-14 08:50:06,3.1,25.2142,239276032,646899,43956648
2024-08-14 08:50:12,3,25.2142,239276032,646941,43956676
2024-08-14 08:50:17,2.9,25.2142,239276032,647031,43956752
2024-08-14 08:50:22,3.2,25.2138,239271936,647391,43957056
2024-08-14 08:50:27,20.5,25.3476,240541696,679316,43968706
2024-08-14 08:50:32,0,25.3407,240476160,699163,43982425
2024-08-14 08:50:38,0,25.3303,240377856,706898,43987898
2024-08-14 08:50:43,6.2,25.3299,240373760,718801,43991294
2024-08-14 08:50:48,0,25.3299,240373760,719803,43991678
2024-08-14 08:50:53,3.1,25.3299,240373760,721009,43993038
2024-08-14 08:50:58,3.2,25.3299,240373760,730292,43996312
2024-08-14 08:51:04,3.1,25.3299,240373760,731372,44001272
2024-08-14 08:51:09,3.1,25.3299,240373760,732968,44002124
2024-08-14 08:51:14,3,25.3299,240373760,740511,44003208
2024-08-14 08:51:19,3,25.3299,240373760,741483,44008293
2024-08-14 08:51:24,0,25.3299,240373760,750719,44018272
2024-08-14 08:51:29,6.1,25.3299,240373760,751895,44018928
2024-08-14 08:51:35,6.6,25.3299,240373760,759815,44022067
2024-08-14 08:51:40,3.1,25.3294,240369664,783312,44035095
2024-08-14 08:51:45,32.4,19.5651,185667584,813131,44058316
2024-08-14 08:51:50,0,19.5685,185700352,813131,44058316
2024-08-14 08:51:55,2.9,19.5685,185700352,813131,44058316
2024-08-14 08:52:01,3,19.5685,185700352,813221,44058392
2024-08-14 08:52:06,3,19.5685,185700352,813221,44058392
2024-08-14 08:52:11,3.1,19.5685,185700352,813221,44058392
2024-08-14 08:52:16,0,19.5685,185700352,813449,44058468
2024-08-14 08:52:21,0,19.5685,185700352,813491,44058496
2024-08-14 08:52:27,0,19.5685,185700352,813581,44058572
2024-08-14 08:52:32,3.2,19.5685,185700352,813983,44058904
2024-08-14 08:52:37,6.2,19.5685,185700352,813983,44058904
2024-08-14 08:52:42,0,19.5685,185700352,813983,44058904
2024-08-14 08:52:47,0,19.5685,185700352,814073,44058980
2024-08-14 08:52:53,3.2,19.5685,185700352,814073,44058980
2024-08-14 08:52:58,0,19.5685,185700352,814073,44058980
2024-08-14 08:53:03,3,19.5677,185692160,814073,44058980
