2024-08-14 08:34:48,9.7,17.5593,166633472,157659,27040353
2024-08-14 08:34:53,6.1,18.4135,174739456,250904,43519945
2024-08-14 08:34:58,0,18.4135,174739456,250904,43519945
2024-08-14 08:35:03,0,18.4135,174739456,250994,43520021
2024-08-14 08:35:08,0,18.4135,174739456,250994,43520021
2024-08-14 08:35:14,3.1,18.4407,174997504,250994,43520021
2024-08-14 08:35:19,3.2,18.4407,174997504,251444,43520401
2024-08-14 08:35:24,3.2,18.4407,174997504,251582,43520401
2024-08-14 08:35:29,0,18.4407,174997504,251582,43520401
2024-08-14 08:35:34,2.9,18.5223,175771648,251714,43520505
2024-08-14 08:35:39,0,18.6039,176545792,251756,43520533
2024-08-14 08:35:45,3.1,18.6854,177319936,251756,43520533
2024-08-14 08:35:50,0,18.6854,177319936,251846,43520609
2024-08-14 08:35:55,3.1,18.7113,177565696,251846,43520609
2024-08-14 08:36:00,2.9,18.7113,177565696,251846,43520609
2024-08-14 08:36:06,6,18.7113,177565696,251990,43520777
2024-08-14 08:36:11,0,18.7113,177565696,251990,43520777
2024-08-14 08:36:16,3.2,18.7113,177565696,251990,43520777
2024-08-14 08:36:21,0,18.7113,177565696,252350,43521081
2024-08-14 08:36:26,0,18.7113,177565696,252482,43521185
2024-08-14 08:36:32,0,18.7113,177565696,252524,43521213
2024-08-14 08:36:37,0,18.7113,177565696,252524,43521213
2024-08-14 08:36:42,0,18.7113,177565696,252668,43521335
2024-08-14 08:36:47,0,18.7096,177549312,254902,43523395
2024-08-14 08:36:52,0,18.7088,177541120,254902,43523395
2024-08-14 08:36:57,3.1,18.7088,177541120,254992,43523471
2024-08-14 08:37:03,3,18.7359,177799168,254992,43523471
2024-08-14 08:37:08,0,18.7618,178044928,254992,43523471
2024-08-14 08:37:13,3.1,18.8162,178561024,255082,43523547
2024-08-14 08:37:18,0,18.8706,179077120,255220,43523547
2024-08-14 08:37:24,6,18.8965,179322880,255220,43523547
2024-08-14 08:37:29,3,18.8961,179318784,255712,43523955
2024-08-14 08:37:34,0,18.9505,179834880,255754,43523983
2024-08-14 08:37:39,0,18.9505,179834880,255754,43523983
2024-08-14 08:37:44,3,18.95,179830784,255844,43524059
2024-08-14 08:37:50,3.1,18.9479,179810304,255844,43524059
2024-08-14 08:37:55,3,18.9479,179810304,255844,43524059
2024-08-14 08:38:00,0,18.9479,179810304,255934,43524135
2024-08-14 08:38:05,0,18.9479,179810304,255988,43524181
2024-08-14 08:38:10,9.1,18.9479,179810304,256030,43524209
2024-08-14 08:38:16,0,18.9479,179810304,256120,43524285
2024-08-14 08:38:21,3.1,18.9479,179810304,256120,43524285
2024-08-14 08:38:26,0,18.9479,179810304,256232,43524313
2024-08-14 08:38:31,3.1,18.9474,179806208,256682,43524693
2024-08-14 08:38:36,3.2,18.9474,179806208,256736,43524739
2024-08-14 08:38:42,0,18.9474,179806208,256736,43524739
2024-08-14 08:38:47,3,18.9474,179806208,259060,43526875
2024-08-14 08:38:52,0,18.9474,179806208,259060,43526875
2024-08-14 08:38:57,6,18.9474,179806208,259060,43526875
2024-08-14 08:39:02,3.2,18.9474,179806208,259060,43526875
2024-08-14 08:39:08,0,18.9474,179806208,259150,43526951
2024-08-14 08:39:13,3.1,18.9474,179806208,259396,43527071
2024-08-14 08:39:18,6.2,18.9474,179806208,259396,43527071
2024-08-14 08:39:23,3,18.9474,179806208,259528,43527175
2024-08-14 08:39:28,0,18.9474,179806208,259570,43527203
2024-08-14 08:39:34,0,18.9474,179806208,259750,43527355
2024-08-14 08:39:39,0,18.9474,179806208,260020,43527583
2024-08-14 08:39:44,0,18.9474,179806208,260020,43527583
2024-08-14 08:39:49,5.9,18.9474,179806208,260020,43527583
2024-08-14 08:39:54,3.1,18.9375,179712000,260110,43527659
2024-08-14 08:40:00,0,18.9375,179712000,260110,43527659
2024-08-14 08:40:05,8.4,18.9375,179712000,260110,43527659
2024-08-14 08:40:10,3.2,18.9358,179695616,262434,43529795
2024-08-14 08:40:15,0,18.9358,179695616,262476,43529823
2024-08-14 08:40:20,6,18.9358,179695616,262476,43529823
2024-08-14 08:40:26,5.8,18.9358,179695616,262566,43529899
2024-08-14 08:40:31,3,18.9358,179695616,262566,43529899
2024-08-14 08:40:36,6.2,18.9358,179695616,262566,43529899
2024-08-14 08:40:41,0,18.9358,179695616,263016,43530279
2024-08-14 08:40:46,0,18.9358,179695616,263016,43530279
2024-08-14 08:40:52,0,18.9358,179695616,263016,43530279
2024-08-14 08:40:57,0,18.9358,179695616,263106,43530355
2024-08-14 08:41:02,3.1,18.9358,179695616,263148,43530383
2024-08-14 08:41:07,0,18.9345,179683328,263286,43530383
2024-08-14 08:41:12,5.7,18.9345,179683328,263418,43530487
2024-08-14 08:41:18,3.1,18.9336,179675136,263418,43530487
2024-08-14 08:41:23,3.2,18.9336,179675136,263418,43530487
2024-08-14 08:41:28,0,18.9328,179666944,263418,43530487
2024-08-14 08:41:33,3.2,18.9328,179666944,263508,43530563
2024-08-14 08:41:38,3.1,18.9328,179666944,263508,43530563
2024-08-14 08:41:44,3,18.9328,179666944,263688,43530715
2024-08-14 08:41:49,0,18.9323,179662848,266192,43533003
2024-08-14 08:41:54,3,18.9323,179662848,266246,43533049
2024-08-14 08:41:59,0,18.9323,179662848,266246,43533049
2024-08-14 08:42:04,3.1,18.9319,179658752,266336,43533125
2024-08-14 08:42:09,2.9,18.9319,179658752,266378,43533153
2024-08-14 08:42:15,3,18.9319,179658752,266378,43533153
2024-08-14 08:42:20,0,18.9315,179654656,266468,43533229
2024-08-14 08:42:25,50,23.3699,221773824,315026,43567535
2024-08-14 08:42:30,0,23.432,222363648,528866,43717976
2024-08-14 08:42:35,0,23.435,222392320,544632,43747797
2024-08-14 08:42:41,0,23.435,222392320,545160,43748213
2024-08-14 08:42:46,8.8,23.435,222392320,545160,43748213
2024-08-14 08:42:51,3.2,23.4622,222650368,545610,43748593
2024-08-14 08:42:56,3.1,23.5982,223940608,545748,43748593
2024-08-14 08:43:01,3.1,23.7342,225230848,545748,43748593
2024-08-14 08:43:07,3.1,23.7342,225230848,545880,43748697
2024-08-14 08:43:12,0,23.7342,225230848,545880,43748697
2024-08-14 08:43:17,0,23.7342,225230848,545880,43748697
2024-08-14 08:43:22,3,23.7346,225234944,545970,43748773
2024-08-14 08:43:27,3.1,23.7346,225234944,546066,43748847
2024-08-14 08:43:33,0,23.735,225239040,546066,43748847
2024-08-14 08:43:38,3.1,23.735,225239040,546066,43748847
2024-08-14 08:43:43,3.1,23.735,225239040,546156,43748923
2024-08-14 08:43:48,5.8,23.8438,226271232,548390,43750983
2024-08-14 08:43:53,3.1,23.8438,226271232,548750,43751287
2024-08-14 08:43:59,3.1,23.8438,226271232,548840,43751363
2024-08-14 08:44:04,6.2,23.8438,226271232,548882,43751391
2024-08-14 08:44:09,0,23.9254,227045376,548882,43751391
2024-08-14 08:44:14,3.1,23.9254,227045376,548972,43751467
2024-08-14 08:44:19,0,23.9254,227045376,548972,43751467
2024-08-14 08:44:25,3,23.9254,227045376,548972,43751467
2024-08-14 08:44:30,3,24.0069,227819520,549062,43751543
2024-08-14 08:44:35,0,24.1956,229609472,549104,43751571
2024-08-14 08:44:40,0,24.303,230629376,549104,43751571
2024-08-14 08:44:45,3.1,24.3829,231387136,549194,43751647
2024-08-14 08:44:51,0,24.3829,231387136,549332,43751647
2024-08-14 08:44:56,3.1,24.3829,231387136,549332,43751647
2024-08-14 08:45:01,6.2,24.3829,231387136,549824,43752055
2024-08-14 08:45:06,3.1,24.3829,231387136,549824,43752055
2024-08-14 08:45:11,3,24.4373,231903232,549824,43752055
2024-08-14 08:45:17,0,24.5184,232673280,549968,43752177
2024-08-14 08:45:22,0,24.6,233447424,550010,43752205
2024-08-14 08:45:27,0,24.736,234737664,550010,43752205
2024-08-14 08:45:32,3,24.736,234737664,550100,43752281
2024-08-14 08:45:37,0,24.736,234737664,550100,43752281
2024-08-14 08:45:43,3.1,24.7631,234995712,550100,43752281
2024-08-14 08:45:48,0,22.5342,213843968,552424,43754417
2024-08-14 08:45:53,3.1,22.5614,214102016,552466,43754445
2024-08-14 08:45:58,6,22.7233,215638016,552466,43754445
2024-08-14 08:46:03,0,22.7505,215896064,552826,43754749
2024-08-14 08:46:09,0,22.8593,216928256,552916,43754825
2024-08-14 08:46:14,6.2,22.8864,217186304,552916,43754825
2024-08-14 08:46:19,0,22.8864,217186304,552916,43754825
2024-08-14 08:46:24,6.2,22.9667,217948160,553006,43754901
2024-08-14 08:46:29,2.9,22.9667,217948160,553048,43754929
2024-08-14 08:46:35,3.1,22.9667,217948160,553048,43754929
2024-08-14 08:46:40,6.1,22.9663,217944064,553450,43755051
2024-08-14 08:46:45,0,22.9663,217944064,553508,43755051
2024-08-14 08:46:50,0,23.0746,218972160,553550,43755079
2024-08-14 08:46:55,0,23.0746,218972160,553698,43755155
2024-08-14 08:47:01,3.2,23.1018,219230208,553698,43755155
2024-08-14 08:47:06,3.1,23.1562,219746304,553698,43755155
2024-08-14 08:47:11,3.2,23.1562,219746304,553846,43755231
2024-08-14 08:47:16,0,23.1562,219746304,553888,43755259
2024-08-14 08:47:21,2.9,23.183,220000256,553888,43755259
2024-08-14 08:47:27,0,23.372,221794304,553978,43755335
2024-08-14 08:47:32,0,23.372,221794304,554048,43755335
2024-08-14 08:47:37,6.1,23.4264,222310400,554048,43755335
2024-08-14 08:47:42,0,23.4536,222568448,554138,43755411
2024-08-14 08:47:47,3.1,23.508,223084544,556282,43757499
2024-08-14 08:47:53,3,23.508,223084544,556282,43757499
2024-08-14 08:47:58,3.1,23.508,223084544,556372,43757575
2024-08-14 08:48:03,0,23.508,223084544,556372,43757575
2024-08-14 08:48:08,0,23.508,223084544,556546,43757621
2024-08-14 08:48:13,75,23.508,223084544,559231,43759569
2024-08-14 08:48:19,3.1,24.1502,229179392,587308,43948066
2024-08-14 08:48:24,5.8,24.1502,229179392,587420,43948112
2024-08-14 08:48:29,6.2,24.1502,229179392,587648,43948188
2024-08-14 08:48:34,3.1,24.1502,229179392,587648,43948188
2024-08-14 08:48:39,0,24.1502,229179392,587706,43948188
2024-08-14 08:48:45,0,24.1502,229179392,587748,43948216
2024-08-14 08:48:50,0,24.1502,229179392,587838,43948292
2024-08-14 08:48:55,3.1,24.1502,229179392,587838,43948292
2024-08-14 08:49:00,3,24.1502,229179392,587838,43948292
2024-08-14 08:49:05,3,24.1502,229179392,587928,43948368
2024-08-14 08:49:11,0,24.1502,229179392,587970,43948396
2024-08-14 08:49:16,3,24.1502,229179392,587970,43948396
2024-08-14 08:49:21,0,24.1502,229179392,588060,43948472
2024-08-14 08:49:26,3.2,24.1502,229179392,588060,43948472
2024-08-14 08:49:31,3.1,24.1502,229179392,588060,43948472
2024-08-14 08:49:37,0,24.1502,229179392,588150,43948548
2024-08-14 08:49:42,6.2,24.1502,229179392,588192,43948576
2024-08-14 08:49:47,0,24.1502,229179392,590228,43950636
2024-08-14 08:49:52,0,24.1502,229179392,590318,43950712
2024-08-14 08:49:57,0,24.1502,229179392,590318,43950712
2024-08-14 08:50:03,3.2,24.1502,229179392,590318,43950712
2024-08-14 08:50:08,5.9,24.1502,229179392,590408,43950788
2024-08-14 08:50:13,3.1,24.1498,229175296,590408,43950788
2024-08-14 08:50:18,3,24.1498,229175296,590408,43950788
2024-08-14 08:50:23,0,24.1494,229171200,590996,43951168
2024-08-14 08:50:29,3.1,24.9923,237170688,613443,43954921
2024-08-14 08:50:34,29,25.0739,237944832,636310,43970294
2024-08-14 08:50:39,0,25.0739,237944832,637402,43971075
2024-08-14 08:50:44,3,25.0567,237780992,645117,43978365
2024-08-14 08:50:49,0,25.0562,237776896,654059,43980005
2024-08-14 08:50:55,0,25.0834,238034944,654347,43980237
2024-08-14 08:51:00,6.5,25.1365,238538752,663919,43982913
2024-08-14 08:51:05,0,25.1365,238538752,665587,43988396
2024-08-14 08:51:10,3.2,25.1637,238796800,666241,43990351
2024-08-14 08:51:15,0,25.2453,239570944,670802,43991247
2024-08-14 08:51:21,2.9,25.2453,239570944,676077,43997503
2024-08-14 08:51:26,9.4,25.2997,240087040,695358,44010449
2024-08-14 08:51:31,3.2,22.4492,213037056,698772,44014093
2024-08-14 08:51:36,3.1,22.6655,215089152,701133,44014994
2024-08-14 08:51:41,17.6,22.8549,216887296,720676,44025371
2024-08-14 08:51:47,0,17.4933,166006784,756366,44050874
2024-08-14 08:51:52,3.2,17.5796,166825984,756366,44050874
2024-08-14 08:51:57,0,17.6068,167084032,756366,44050874
2024-08-14 08:52:02,3,17.7428,168374272,756456,44050950
2024-08-14 08:52:08,0,17.77,168632320,756456,44050950
2024-08-14 08:52:13,0,17.9862,170684416,756594,44050950
2024-08-14 08:52:18,0,18.0406,171200512,756800,44051072
2024-08-14 08:52:23,6,18.095,171716608,756900,44051100
2024-08-14 08:52:28,0,18.095,171716608,757054,44051174
2024-08-14 08:52:33,3,18.1489,172228608,757562,44051554
2024-08-14 08:52:39,3.2,18.2305,173002752,757562,44051554
2024-08-14 08:52:44,3.1,18.3117,173772800,757562,44051554
2024-08-14 08:52:49,0,18.3112,173768704,757710,44051630
2024-08-14 08:52:54,3,18.3112,173768704,757752,44051658
2024-08-14 08:52:59,3,18.3112,173768704,757752,44051658
2024-08-14 08:53:05,3,18.3112,173768704,757842,44051734
2024-08-14 08:53:10,0,18.3384,174026752,757842,44051734
2024-08-14 08:53:15,0,18.4472,175058944,757842,44051734
