2024-08-14 08:38:35,33.4,17.7101,168058880,251579,36926452
2024-08-14 08:38:40,0,18.2988,173645824,327996,45797736
2024-08-14 08:38:45,6.2,18.2984,173641728,328446,45798116
2024-08-14 08:38:51,3.1,18.3528,174157824,328446,45798116
2024-08-14 08:38:56,3,18.3528,174157824,328446,45798116
2024-08-14 08:39:01,3,18.3519,174149632,328536,45798192
2024-08-14 08:39:06,3.1,18.4054,174657536,328620,45798248
2024-08-14 08:39:11,3.2,18.4059,174661632,328620,45798248
2024-08-14 08:39:17,3.2,18.4072,174673920,328848,45798324
2024-08-14 08:39:22,0,18.4072,174673920,328848,45798324
2024-08-14 08:39:27,0,18.4072,174673920,328848,45798324
2024-08-14 08:39:32,3.1,18.4616,175190016,328938,45798400
2024-08-14 08:39:37,0,18.4888,175448064,328980,45798428
2024-08-14 08:39:43,3.1,18.4888,175448064,328980,45798428
2024-08-14 08:39:48,0,18.4888,175448064,329430,45798808
2024-08-14 08:39:53,3.2,18.623,176721920,329430,45798808
2024-08-14 08:39:58,0,18.651,176988160,329430,45798808
2024-08-14 08:40:03,3.1,18.651,176988160,329472,45798836
2024-08-14 08:40:09,0,18.651,176988160,329562,45798912
2024-08-14 08:40:14,3,18.651,176988160,329658,45798986
2024-08-14 08:40:19,0,18.6515,176992256,329712,45799078
2024-08-14 08:40:24,0,18.8086,178483200,331838,45801213
2024-08-14 08:40:29,0,18.8349,178733056,331838,45801213
2024-08-14 08:40:34,3.1,18.8893,179249152,331838,45801213
2024-08-14 08:40:40,3.1,18.9437,179765248,331928,45801289
2024-08-14 08:40:45,0,19.1069,181313536,331928,45801289
2024-08-14 08:40:50,0,19.1069,181313536,331928,45801289
2024-08-14 08:40:55,3,19.1069,181313536,332378,45801669
2024-08-14 08:41:00,8.6,19.1064,181309440,332462,45801725
2024-08-14 08:41:06,6.1,19.1064,181309440,332462,45801725
2024-08-14 08:41:11,3,19.1064,181309440,332552,45801801
2024-08-14 08:41:16,0,19.1064,181309440,332690,45801801
2024-08-14 08:41:21,0,19.1043,181288960,332690,45801801
2024-08-14 08:41:26,3.1,19.1043,181288960,332780,45801877
2024-08-14 08:41:32,3.1,19.1043,181288960,332822,45801905
2024-08-14 08:41:37,2.9,19.1043,181288960,332822,45801905
2024-08-14 08:41:42,0,19.1043,181288960,332912,45801981
2024-08-14 08:41:47,3.1,19.1043,181288960,332912,45801981
2024-08-14 08:41:52,3,19.1047,181293056,332912,45801981
2024-08-14 08:41:58,3.2,19.1047,181293056,333404,45802389
2024-08-14 08:42:03,0,19.1043,181288960,333446,45802417
2024-08-14 08:42:08,0,19.1043,181288960,333446,45802417
2024-08-14 08:42:13,6,19.1043,181288960,333536,45802493
2024-08-14 08:42:18,3.2,19.1297,181530624,333536,45802493
2024-08-14 08:42:24,0,19.1293,181526528,335704,45804552
2024-08-14 08:42:29,5.9,19.1293,181526528,335704,45804552
2024-08-14 08:42:34,15.6,23.4867,222875648,354221,45823595
2024-08-14 08:42:39,16.1,24.7095,234479616,383636,45837210
2024-08-14 08:42:44,18.2,24.735,234721280,415861,45860150
2024-08-14 08:42:50,0,24.735,234721280,429087,45868279
2024-08-14 08:42:55,9.1,24.7337,234708992,444939,45874695
2024-08-14 08:43:00,0,24.7341,234713088,451421,45879475
2024-08-14 08:43:05,3.1,24.7626,234983424,490237,45908783
2024-08-14 08:43:10,16.7,24.7626,234983424,509717,45921654
2024-08-14 08:43:16,9.1,24.7617,234975232,538958,45939983
2024-08-14 08:43:21,6.4,24.7604,234962944,570555,45958391
2024-08-14 08:43:26,6.7,24.7622,234979328,590562,45973516
2024-08-14 08:43:31,6.7,24.76,234958848,607762,45986518
2024-08-14 08:43:36,0,24.7665,235020288,626066,46013630
2024-08-14 08:43:42,12.2,24.7604,234962944,638264,46028108
2024-08-14 08:43:47,0,24.7639,234995712,647509,46045355
2024-08-14 08:43:52,3.2,24.7639,234995712,647657,46045431
2024-08-14 08:43:57,0,24.7639,234995712,647953,46045657
2024-08-14 08:44:02,3.1,24.7639,234995712,648233,46045777
2024-08-14 08:44:07,3.1,24.7639,234995712,648757,46046157
2024-08-14 08:44:13,0,24.7639,234995712,648799,46046185
2024-08-14 08:44:18,0,24.7639,234995712,649671,46046545
2024-08-14 08:44:23,0,24.7872,235216896,652291,46048680
2024-08-14 08:44:28,0,24.7872,235216896,652365,46048680
2024-08-14 08:44:33,0,24.7863,235208704,652661,46048680
2024-08-14 08:44:39,3.1,24.8122,235454464,652661,46048680
2024-08-14 08:44:44,0,24.8114,235446272,652793,46048784
2024-08-14 08:44:49,3.1,24.8109,235442176,653015,46048784
2024-08-14 08:44:54,0,24.8101,235433984,653057,46048812
2024-08-14 08:44:59,3,24.8101,235433984,653285,46048888
2024-08-14 08:45:05,0,24.8101,235433984,653285,46048888
2024-08-14 08:45:10,5.9,24.8105,235438080,653465,46049040
2024-08-14 08:45:15,0,24.8101,235433984,653735,46049268
2024-08-14 08:45:20,3.1,24.8066,235401216,653735,46049268
2024-08-14 08:45:25,3.1,24.8066,235401216,653735,46049268
2024-08-14 08:45:31,3.1,24.8066,235401216,653825,46049344
2024-08-14 08:45:36,3.2,24.8066,235401216,653867,46049372
2024-08-14 08:45:41,5.9,24.8066,235401216,653909,46049400
2024-08-14 08:45:46,0,24.8338,235659264,653999,46049476
2024-08-14 08:45:51,0,24.9698,236949504,653999,46049476
2024-08-14 08:45:57,3.1,24.9957,237195264,653999,46049476
2024-08-14 08:46:02,0,22.3748,212324352,654089,46049552
2024-08-14 08:46:07,0,22.5095,213602304,654131,46049580
2024-08-14 08:46:12,6,22.6174,214626304,654131,46049580
2024-08-14 08:46:17,6.2,22.6174,214626304,654581,46049960
2024-08-14 08:46:22,0,22.9407,217694208,656683,46052019
2024-08-14 08:46:28,5.9,22.9407,217694208,656683,46052019
2024-08-14 08:46:33,3.2,22.9402,217690112,656773,46052095
2024-08-14 08:46:38,3.1,22.967,217944064,656815,46052123
2024-08-14 08:46:43,0,22.9929,218189824,656815,46052123
2024-08-14 08:46:48,3.2,22.9929,218189824,656905,46052199
2024-08-14 08:46:54,0,22.9929,218189824,657001,46052319
2024-08-14 08:46:59,3.3,23.0473,218705920,657139,46052319
2024-08-14 08:47:04,0,23.0745,218963968,657139,46052319
2024-08-14 08:47:09,0,23.0745,218963968,657229,46052395
2024-08-14 08:47:14,3.1,23.0745,218963968,657229,46052395
2024-08-14 08:47:20,0,23.0745,218963968,657229,46052395
2024-08-14 08:47:25,0,23.0745,218963968,657319,46052471
2024-08-14 08:47:30,5.7,23.0745,218963968,657361,46052499
2024-08-14 08:47:35,3,23.0745,218963968,657403,46052527
2024-08-14 08:47:41,0,23.0745,218963968,657493,46052603
2024-08-14 08:47:46,3.2,23.0745,218963968,657493,46052603
2024-08-14 08:47:51,6,23.0745,218963968,657493,46052603
2024-08-14 08:47:56,3,23.0745,218963968,657583,46052679
2024-08-14 08:48:01,0,23.0745,218963968,657625,46052707
2024-08-14 08:48:07,5.9,23.0745,218963968,657625,46052707
2024-08-14 08:48:12,3.1,23.0745,218963968,657785,46052783
2024-08-14 08:48:17,8.8,23.0745,218963968,657785,46052783
2024-08-14 08:48:22,3,24.4238,231768064,690583,46244901
2024-08-14 08:48:27,0,24.4238,231768064,691075,46245309
2024-08-14 08:48:33,0,24.4238,231768064,691075,46245309
2024-08-14 08:48:38,3.1,24.4238,231768064,691075,46245309
2024-08-14 08:48:43,5.8,24.4238,231768064,691165,46245385
2024-08-14 08:48:48,0,24.4238,231768064,691207,46245413
2024-08-14 08:48:53,0,24.4238,231768064,691207,46245413
2024-08-14 08:48:59,2.9,24.4238,231768064,691435,46245489
2024-08-14 08:49:04,0,24.4238,231768064,691609,46245535
2024-08-14 08:49:09,0,24.4238,231768064,691667,46245535
2024-08-14 08:49:14,3.2,24.4238,231768064,691757,46245611
2024-08-14 08:49:19,5.8,24.4238,231768064,691857,46245639
2024-08-14 08:49:25,6.2,24.4238,231768064,691899,46245667
2024-08-14 08:49:30,0,24.4238,231768064,691899,46245667
2024-08-14 08:49:35,3,24.4238,231768064,692047,46245743
2024-08-14 08:49:40,0,24.4238,231768064,692047,46245743
2024-08-14 08:49:45,0,24.4238,231768064,692047,46245743
2024-08-14 08:49:51,0,24.4238,231768064,692137,46245819
2024-08-14 08:49:56,0,24.4238,231768064,692179,46245847
2024-08-14 08:50:01,5.6,24.4238,231768064,692179,46245847
2024-08-14 08:50:06,6.2,24.4238,231768064,692269,46245923
2024-08-14 08:50:11,3.1,24.4238,231768064,692269,46245923
2024-08-14 08:50:17,3.1,24.4238,231768064,692269,46245923
2024-08-14 08:50:22,0,24.4479,231997440,694569,46248086
2024-08-14 08:50:27,0,24.4479,231997440,694569,46248086
2024-08-14 08:50:32,0,24.4479,231997440,694749,46248238
2024-08-14 08:50:37,3.2,24.7466,234831872,717465,46252219
2024-08-14 08:50:43,8.6,24.9085,236367872,717465,46252219
2024-08-14 08:50:48,0,25.398,241012736,741672,46257139
2024-08-14 08:50:53,3,25.4524,241528832,744570,46262935
2024-08-14 08:50:58,8.8,25.5067,242044928,746586,46265063
2024-08-14 08:51:03,3.1,25.5063,242040832,769071,46268735
2024-08-14 08:51:09,5.8,25.5063,242040832,770673,46271891
2024-08-14 08:51:14,3.2,25.5063,242040832,774381,46276971
2024-08-14 08:51:19,0,25.5063,242040832,798348,46284099
2024-08-14 08:51:24,6.2,25.5063,242040832,814694,46297162
2024-08-14 08:51:29,12.5,25.4908,241893376,836480,46312614
2024-08-14 08:51:34,2.9,25.489,241876992,851958,46320235
2024-08-14 08:51:40,6.4,25.489,241876992,866995,46327892
2024-08-14 08:51:45,2.9,17.2914,164085760,880302,46341396
2024-08-14 08:51:50,0,17.2914,164085760,880302,46341396
2024-08-14 08:51:55,2.9,17.3186,164343808,880302,46341396
2024-08-14 08:52:01,3.2,17.3186,164343808,880392,46341472
2024-08-14 08:52:06,3.2,17.3186,164343808,880392,46341472
2024-08-14 08:52:11,2.9,17.3458,164601856,880392,46341472
2024-08-14 08:52:16,3,17.3458,164601856,880524,46341576
2024-08-14 08:52:21,3,17.3458,164601856,880524,46341576
2024-08-14 08:52:27,0,17.3458,164601856,880524,46341576
2024-08-14 08:52:32,3.2,17.3458,164601856,880614,46341652
2024-08-14 08:52:37,3.2,17.3458,164601856,880848,46341726
2024-08-14 08:52:42,0,17.3458,164601856,881118,46341954
2024-08-14 08:52:47,3,17.3453,164597760,881298,46342106
2024-08-14 08:52:53,3.2,17.3453,164597760,881298,46342106
2024-08-14 08:52:58,3.1,17.3453,164597760,881298,46342106
2024-08-14 08:53:03,3.1,17.3453,164597760,881388,46342182
2024-08-14 08:53:08,3.1,17.3725,164855808,881388,46342182
2024-08-14 08:53:13,3.1,17.4269,165371904,881430,46342210
2024-08-14 08:53:19,0,17.4269,165371904,881578,46342378
2024-08-14 08:53:24,0,17.4809,165883904,883746,46344437
2024-08-14 08:53:29,5.9,17.5081,166141952,883746,46344437
2024-08-14 08:53:34,3,17.5076,166137856,883836,46344513
2024-08-14 08:53:39,3.1,17.5076,166137856,883836,46344513
