2024-08-14 08:33:18,6.9,17.8166,169074688,180431,26854263
2024-08-14 08:33:23,3.1,18.0527,171315200,337281,43616363
2024-08-14 08:33:28,3.2,18.0527,171315200,338349,43616479
2024-08-14 08:33:34,3,18.2145,172851200,339742,43616679
2024-08-14 08:33:39,3,18.2689,173367296,340566,43617895
2024-08-14 08:33:44,0,18.2681,173359104,340706,43618007
2024-08-14 08:33:49,3,18.2685,173363200,341863,43619555
2024-08-14 08:33:54,0,18.2953,173617152,344282,43621569
2024-08-14 08:34:00,2.9,18.297,173633536,344447,43622581
2024-08-14 08:34:05,6.1,18.2953,173617152,344971,43623021
2024-08-14 08:34:10,3.1,18.4843,175411200,347359,43624311
2024-08-14 08:34:15,0,18.4839,175407104,347981,43624515
2024-08-14 08:34:20,3,18.4822,175390720,348071,43624591
2024-08-14 08:34:26,3.1,18.4804,175374336,352843,43628904
2024-08-14 08:34:31,0,18.5046,175603712,352979,43629962
2024-08-14 08:34:36,0,18.5055,175611904,354401,43630162
2024-08-14 08:34:41,3.2,18.5063,175620096,359145,43634334
2024-08-14 08:34:46,3.2,18.5063,175620096,359269,43634386
2024-08-14 08:34:51,0,18.5063,175620096,359702,43634602
2024-08-14 08:34:57,3,18.5063,175620096,360848,43635678
2024-08-14 08:35:02,3.1,18.5068,175624192,362335,43636108
2024-08-14 08:35:07,0,18.5068,175624192,362909,43636488
2024-08-14 08:35:12,3,18.5059,175616000,367670,43639830
2024-08-14 08:35:17,0,18.5059,175616000,368424,43639998
2024-08-14 08:35:23,0,18.5055,175611904,371430,43642148
2024-08-14 08:35:28,3.2,18.5327,175869952,372479,43643486
2024-08-14 08:35:33,3,18.5322,175865856,376235,43646745
2024-08-14 08:35:38,5.8,18.5322,175865856,376610,43647073
2024-08-14 08:35:43,3.1,18.5322,175865856,377780,43648161
2024-08-14 08:35:49,0,18.5322,175865856,377983,43648301
2024-08-14 08:35:54,0,18.5318,175861760,381352,43649493
2024-08-14 08:35:59,6.1,18.5296,175841280,382064,43649767
2024-08-14 08:36:04,0,18.5292,175837184,384441,43651753
2024-08-14 08:36:09,3.1,18.5292,175837184,387820,43653739
2024-08-14 08:36:15,3.1,18.5288,175833088,388571,43654335
2024-08-14 08:36:20,3.2,18.5288,175833088,389783,43656423
2024-08-14 08:36:25,3,18.5288,175833088,389849,43656475
2024-08-14 08:36:30,0,18.5288,175833088,390232,43656663
2024-08-14 08:36:35,3.2,18.5283,175828992,392533,43657907
2024-08-14 08:36:41,0,18.5283,175828992,392575,43657935
2024-08-14 08:36:46,3.1,18.5827,176345088,395330,43659861
2024-08-14 08:36:51,0,18.5823,176340992,400904,43664674
2024-08-14 08:36:56,3.2,18.5819,176336896,402067,43664902
2024-08-14 08:37:01,3.2,18.609,176594944,403399,43665094
2024-08-14 08:37:07,0,18.609,176594944,404924,43667386
2024-08-14 08:37:12,3.1,18.609,176594944,406994,43667450
2024-08-14 08:37:17,6,18.6082,176586752,407724,43668058
2024-08-14 08:37:22,3.2,18.6082,176586752,407959,43668110
2024-08-14 08:37:27,6.2,18.6319,176812032,411482,43670312
2024-08-14 08:37:33,3.2,18.6315,176807936,412260,43671400
2024-08-14 08:37:38,6.1,18.6315,176807936,412442,43671540
2024-08-14 08:37:43,3,18.7122,177573888,416192,43673694
2024-08-14 08:37:48,3,18.7394,177831936,416443,43674038
2024-08-14 08:37:53,3.2,18.739,177827840,418645,43675178
2024-08-14 08:37:59,3,18.739,177827840,422120,43677413
2024-08-14 08:38:04,6.2,18.8473,178855936,423897,43677669
2024-08-14 08:38:09,0,18.9004,179359744,426603,43679891
2024-08-14 08:38:14,3.1,18.9276,179617792,427584,43681119
2024-08-14 08:38:19,0,18.9272,179613696,429430,43682293
2024-08-14 08:38:25,0,18.919,179535872,432789,43684811
2024-08-14 08:38:30,0,18.9164,179511296,433016,43685027
2024-08-14 08:38:35,3.2,18.9164,179511296,433136,43686119
2024-08-14 08:38:40,0,18.9164,179511296,434294,43686311
2024-08-14 08:38:45,3.2,18.9164,179511296,435054,43686463
2024-08-14 08:38:51,6.1,18.9414,179748864,437732,43688845
2024-08-14 08:38:56,0,18.941,179744768,438956,43690049
2024-08-14 08:39:01,5.9,18.9392,179728384,439644,43690149
2024-08-14 08:39:06,0,18.9392,179728384,441996,43692536
2024-08-14 08:39:11,3.1,18.9379,179716096,445770,43694978
2024-08-14 08:39:17,3.1,18.9379,179716096,446458,43696042
2024-08-14 08:39:22,0,18.9379,179716096,446790,43696320
2024-08-14 08:39:27,3.2,18.9367,179703808,449307,43696844
2024-08-14 08:39:32,0,18.9367,179703808,450593,43697172
2024-08-14 08:39:37,3.2,18.9358,179695616,453745,43700268
2024-08-14 08:39:43,3,18.9902,180211712,453922,43700460
2024-08-14 08:39:48,3.1,19.0174,180469760,456692,43701752
2024-08-14 08:39:53,3.1,19.1529,181755904,460015,43704138
2024-08-14 08:39:58,3.1,19.1529,181755904,460192,43704370
2024-08-14 08:40:03,3.1,19.1525,181751808,461326,43705498
2024-08-14 08:40:09,0,19.1525,181751808,461948,43705650
2024-08-14 08:40:14,3.1,19.2863,183021568,464659,43708149
2024-08-14 08:40:19,0,19.2858,183017472,467213,43710263
2024-08-14 08:40:24,0,19.2858,183017472,468359,43711339
2024-08-14 08:40:29,5.8,19.367,183787520,471580,43713709
2024-08-14 08:40:35,3.1,19.367,183787520,471850,43713937
2024-08-14 08:40:40,3.2,19.367,183787520,472128,43714049
2024-08-14 08:40:45,3.1,19.3665,183783424,473567,43715293
2024-08-14 08:40:50,0,19.4481,184557568,474411,43715573
2024-08-14 08:40:55,0,19.5025,185073664,474625,43715685
2024-08-14 08:41:00,5.9,19.5837,185843712,477897,43718403
2024-08-14 08:41:06,5.8,19.6924,186875904,479153,43720091
2024-08-14 08:41:11,3.1,17.2361,163565568,481530,43722077
2024-08-14 08:41:16,0,17.5067,166133760,481983,43723417
2024-08-14 08:41:21,3.1,17.5339,166391808,484209,43723621
2024-08-14 08:41:26,3.2,17.7484,168427520,487478,43726116
2024-08-14 08:41:32,6.1,17.7484,168427520,487478,43726116
2024-08-14 08:41:37,0,17.7484,168427520,489062,43727572
2024-08-14 08:41:42,0,17.748,168423424,489062,43727572
2024-08-14 08:41:47,5.9,17.7751,168681472,491505,43729558
2024-08-14 08:41:52,3,17.8015,168931328,493972,43731620
2024-08-14 08:41:58,3.2,17.8015,168931328,493972,43731620
2024-08-14 08:42:03,3.2,17.8015,168931328,494038,43731620
2024-08-14 08:42:08,0,17.801,168927232,494128,43731696
2024-08-14 08:42:13,3.1,17.8282,169185280,494128,43731696
2024-08-14 08:42:18,80,23.4618,222646272,548943,43770214
2024-08-14 08:42:24,6.2,23.5015,223023104,772923,43938283
2024-08-14 08:42:29,0,23.5555,223535104,777336,43942328
2024-08-14 08:42:34,0,23.5827,223793152,779851,43944314
2024-08-14 08:42:39,3.2,23.6086,224038912,780121,43944542
2024-08-14 08:42:44,3.1,23.6086,224038912,780301,43944694
2024-08-14 08:42:50,3.1,23.6357,224296960,780301,43944694
2024-08-14 08:42:55,3,23.6901,224813056,780301,43944694
2024-08-14 08:43:00,3.2,23.7173,225071104,780457,43944770
2024-08-14 08:43:05,3.2,23.7445,225329152,780457,43944770
2024-08-14 08:43:10,3.2,23.8257,226099200,785211,43948742
2024-08-14 08:43:16,3.1,23.9336,227123200,785343,43948846
2024-08-14 08:43:21,3.2,23.9336,227123200,785343,43948846
2024-08-14 08:43:26,3.2,23.9336,227123200,785343,43948846
2024-08-14 08:43:31,3.3,23.9336,227123200,785433,43948922
2024-08-14 08:43:36,3,23.9336,227123200,785433,43948922
2024-08-14 08:43:42,0,23.9336,227123200,785433,43948922
2024-08-14 08:43:47,0,24.0695,228413440,785883,43949302
2024-08-14 08:43:52,3.2,24.259,230211584,792913,43955257
2024-08-14 08:43:57,3.2,24.259,230211584,792913,43955257
2024-08-14 08:44:02,3,24.2862,230469632,793003,43955333
2024-08-14 08:44:08,6.1,24.2862,230469632,793003,43955333
2024-08-14 08:44:13,0,24.2862,230469632,793045,43955361
2024-08-14 08:44:18,3.1,24.395,231501824,793135,43955437
2024-08-14 08:44:23,2.9,24.4494,232017920,793135,43955437
2024-08-14 08:44:28,2.9,24.5037,232534016,793135,43955437
2024-08-14 08:44:33,0,24.5292,232775680,795794,43957545
2024-08-14 08:44:39,3.1,24.5288,232771584,798171,43959427
2024-08-14 08:44:44,3,24.5288,232771584,798171,43959427
2024-08-14 08:44:49,3.1,24.5288,232771584,798531,43959731
2024-08-14 08:44:54,3.2,24.5288,232771584,798621,43959807
2024-08-14 08:45:00,3.1,24.5288,232771584,800921,43961866
2024-08-14 08:45:05,0,24.5288,232771584,800921,43961866
2024-08-14 08:45:10,0,24.5288,232771584,801053,43961970
2024-08-14 08:45:15,0,24.5542,233013248,803430,43963852
2024-08-14 08:45:20,0,24.6086,233529344,803430,43963852
2024-08-14 08:45:26,3,24.663,234045440,803668,43964048
2024-08-14 08:45:31,3.1,24.717,234557440,803890,43964108
2024-08-14 08:45:36,3.1,24.717,234557440,804038,43964168
2024-08-14 08:45:41,5.8,24.7692,235053056,804128,43964244
2024-08-14 08:45:46,0,24.7688,235048960,804202,43964244
2024-08-14 08:45:52,5.8,24.7688,235048960,804244,43964272
2024-08-14 08:45:57,3.1,24.7683,235044864,807071,43966638
2024-08-14 08:46:02,3,24.7683,235044864,807145,43966638
2024-08-14 08:46:07,0,24.7683,235044864,807257,43966666
2024-08-14 08:46:12,0,24.7683,235044864,807347,43966742
2024-08-14 08:46:18,3,24.7683,235044864,807347,43966742
2024-08-14 08:46:23,3.2,24.7683,235044864,807643,43966922
2024-08-14 08:46:28,3.1,24.7683,235044864,808061,43967086
2024-08-14 08:46:33,6.2,24.7955,235302912,810046,43968624
2024-08-14 08:46:38,3.1,24.821,235544576,812886,43971131
2024-08-14 08:46:44,6.1,24.821,235544576,812976,43971207
2024-08-14 08:46:49,3.1,24.821,235544576,812976,43971207
2024-08-14 08:46:54,0,24.8482,235802624,812976,43971207
2024-08-14 08:46:59,3.2,24.9021,236314624,813230,43971359
2024-08-14 08:47:04,3.2,24.9552,236818432,813314,43971415
2024-08-14 08:47:10,0,24.9552,236818432,813314,43971415
2024-08-14 08:47:15,3.2,24.9552,236818432,813404,43971491
2024-08-14 08:47:20,0,24.9552,236818432,816003,43973597
2024-08-14 08:47:25,3.1,24.9552,236818432,816225,43973717
2024-08-14 08:47:30,3,25.0364,237588480,816299,43973717
2024-08-14 08:47:36,3.2,25.0636,237846528,816389,43973793
2024-08-14 08:47:41,0,25.0907,238104576,816463,43973793
2024-08-14 08:47:46,0,25.171,238866432,816463,43973793
2024-08-14 08:47:51,6.2,25.171,238866432,816553,43973869
2024-08-14 08:47:56,30.3,25.171,238866432,818879,43975984
2024-08-14 08:48:01,0,25.1706,238862336,821346,43978046
2024-08-14 08:48:07,0,25.1706,238862336,821616,43978274
2024-08-14 08:48:12,3.2,25.5392,242360320,851858,44168385
2024-08-14 08:48:17,0,25.5392,242360320,851996,44168385
2024-08-14 08:48:22,0,22.8584,216920064,852382,44168641
2024-08-14 08:48:27,3.2,22.9374,217669632,852530,44168701
2024-08-14 08:48:33,3,23.0461,218701824,852604,44168701
2024-08-14 08:48:38,3.1,23.1005,219217920,852694,44168777
2024-08-14 08:48:43,0,23.1515,219701248,855187,44170687
2024-08-14 08:48:48,3.2,23.2046,220205056,855187,44170687
2024-08-14 08:48:53,3.2,23.2317,220463104,855319,44170791
2024-08-14 08:48:59,3.1,23.2576,220708864,855393,44170791
2024-08-14 08:49:04,2.9,23.2576,220708864,855393,44170791
2024-08-14 08:49:09,3.2,23.2576,220708864,855573,44170943
2024-08-14 08:49:14,3,23.2576,220708864,855615,44170971
2024-08-14 08:49:19,3.2,23.2576,220708864,855911,44171151
2024-08-14 08:49:25,0,23.5291,223285248,860628,44175228
2024-08-14 08:49:30,3.1,23.5291,223285248,860702,44175228
2024-08-14 08:49:35,3,23.5291,223285248,860702,44175228
2024-08-14 08:49:40,6.1,23.6379,224317440,860866,44175304
2024-08-14 08:49:45,0,23.6379,224317440,860866,44175304
2024-08-14 08:49:51,0,23.6379,224317440,860908,44175332
2024-08-14 08:49:56,3.2,23.6379,224317440,860982,44175332
2024-08-14 08:50:01,9.1,23.8282,226123776,863491,44177422
2024-08-14 08:50:06,3.2,23.8546,226373632,863629,44177422
2024-08-14 08:50:11,3.1,23.9629,227401728,863719,44177498
2024-08-14 08:50:17,3.1,24.0169,227913728,864137,44177846
2024-08-14 08:50:22,18.7,24.887,236171264,889585,44185807
2024-08-14 08:50:27,0,19.4287,184373248,973706,44238945
2024-08-14 08:50:32,3.1,19.4287,184373248,973796,44239021
2024-08-14 08:50:37,3,19.4287,184373248,973870,44239021
2024-08-14 08:50:43,0,19.4287,184373248,976247,44241007
2024-08-14 08:50:48,0,19.4287,184373248,976379,44241111
2024-08-14 08:50:53,3.2,19.4287,184373248,976453,44241111
2024-08-14 08:50:58,0,19.4287,184373248,976453,44241111
2024-08-14 08:51:03,3.2,19.4287,184373248,976543,44241187
2024-08-14 08:51:09,0,19.4287,184373248,976543,44241187
2024-08-14 08:51:14,5.7,19.4287,184373248,976765,44241307
2024-08-14 08:51:19,0,19.4287,184373248,977209,44241607
2024-08-14 08:51:24,3.1,19.4283,184369152,979660,44243593
2024-08-14 08:51:29,0,19.4283,184369152,979660,44243593
2024-08-14 08:51:35,0,19.4283,184369152,979824,44243669
2024-08-14 08:51:40,3.2,19.4283,184369152,979824,44243669
2024-08-14 08:51:45,0,19.4283,184369152,979866,44243697
2024-08-14 08:51:50,3.1,19.4283,184369152,980030,44243773
2024-08-14 08:51:55,0,19.4283,184369152,980210,44243801
2024-08-14 08:52:00,3.2,19.4278,184365056,982510,44245860
2024-08-14 08:52:06,0,19.4274,184360960,984887,44247846
2024-08-14 08:52:11,0,19.4274,184360960,985199,44248042
2024-08-14 08:52:16,3.1,19.4274,184360960,985421,44248162
2024-08-14 08:52:21,3.1,19.4274,184360960,985675,44248314
2024-08-14 08:52:26,0,19.4274,184360960,985909,44248512
2024-08-14 08:52:32,0,19.4274,184360960,985983,44248512
