2024-08-14 08:39:15,17.7,17.7473,168411136,190075,29196457
2024-08-14 08:39:21,5.9,18.1755,172474368,335082,46013815
2024-08-14 08:39:26,0,18.2027,172732416,335082,46013815
2024-08-14 08:39:31,2.9,18.2298,172990464,335082,46013815
2024-08-14 08:39:36,0,18.2842,173506560,335172,46013891
2024-08-14 08:39:41,3,18.2842,173506560,335214,46013919
2024-08-14 08:39:47,5.9,18.3658,174280704,335214,46013919
2024-08-14 08:39:52,3.1,18.393,174538752,335484,46014147
2024-08-14 08:39:57,0,18.4189,174784512,335706,46014327
2024-08-14 08:40:02,0,18.4189,174784512,335706,46014327
2024-08-14 08:40:08,8.6,18.5005,175558656,335706,46014327
2024-08-14 08:40:13,0,18.5005,175558656,335796,46014403
2024-08-14 08:40:18,3,18.5005,175558656,335796,46014403
2024-08-14 08:40:23,0,18.5277,175816704,335796,46014403
2024-08-14 08:40:28,3.1,18.5277,175816704,335886,46014479
2024-08-14 08:40:34,6.1,18.7426,177856512,338030,46016567
2024-08-14 08:40:39,0,18.7426,177856512,338072,46016595
2024-08-14 08:40:44,6.1,18.7426,177856512,338162,46016671
2024-08-14 08:40:49,0,18.7426,177856512,338162,46016671
2024-08-14 08:40:54,0,18.7426,177856512,338162,46016671
2024-08-14 08:41:00,3,18.7426,177856512,338612,46017051
2024-08-14 08:41:05,3.1,18.7426,177856512,338750,46017051
2024-08-14 08:41:10,0,18.7418,177848320,338750,46017051
2024-08-14 08:41:15,3,18.7418,177848320,338840,46017127
2024-08-14 08:41:20,3.1,18.769,178106368,338882,46017155
2024-08-14 08:41:26,0,18.958,179900416,338882,46017155
2024-08-14 08:41:31,6.1,18.9852,180158464,339026,46017277
2024-08-14 08:41:36,0,18.9831,180137984,339122,46017351
2024-08-14 08:41:41,3.1,19.2537,182706176,339176,46017397
2024-08-14 08:41:46,3,19.2805,182960128,339266,46017473
2024-08-14 08:41:52,0,19.2809,182964224,339266,46017473
2024-08-14 08:41:57,3.2,19.2809,182964224,339266,46017473
2024-08-14 08:42:02,3,19.3081,183222272,339716,46017853
2024-08-14 08:42:07,5.9,19.3348,183476224,339758,46017881
2024-08-14 08:42:12,0,19.4708,184766464,339758,46017881
2024-08-14 08:42:18,0,16.7623,159064064,339758,46017881
2024-08-14 08:42:23,2.6,16.8982,160354304,339848,46017957
2024-08-14 08:42:28,0,17.0342,161644544,339848,46017957
2024-08-14 08:42:33,21.2,22.2791,211415040,356862,46036408
2024-08-14 08:42:39,3.2,23.8286,226119680,383802,46048625
2024-08-14 08:42:44,0,23.8813,226619392,412438,46068033
2024-08-14 08:42:49,3.2,23.8813,226619392,424005,46077605
2024-08-14 08:42:54,8.6,23.8809,226615296,434797,46083507
2024-08-14 08:43:00,2.9,23.9322,227102720,446934,46088433
2024-08-14 08:43:05,3.1,23.9327,227106816,459145,46097829
2024-08-14 08:43:10,9.7,23.934,227119104,489091,46116698
2024-08-14 08:43:15,9.3,23.9348,227127296,516957,46134513
2024-08-14 08:43:20,11.7,23.934,227119104,544859,46152131
2024-08-14 08:43:26,9.1,23.9357,227135488,565257,46166752
2024-08-14 08:43:31,13,23.9862,227614720,581817,46175310
2024-08-14 08:43:36,9.7,24.0406,228130816,599184,46187098
2024-08-14 08:43:41,3.3,24.0984,228679680,622213,46209937
2024-08-14 08:43:46,0,24.1096,228786176,656401,46261893
2024-08-14 08:43:52,0,24.1096,228786176,656401,46261893
2024-08-14 08:43:57,3,24.1627,229289984,656491,46261969
2024-08-14 08:44:02,3,24.1627,229289984,656491,46261969
2024-08-14 08:44:07,3.1,24.1627,229289984,656491,46261969
2024-08-14 08:44:12,0,24.1627,229289984,656941,46262349
2024-08-14 08:44:18,3.2,24.161,229273600,656941,46262349
2024-08-14 08:44:23,0,24.1511,229179392,656941,46262349
2024-08-14 08:44:28,3.2,24.1511,229179392,657073,46262453
2024-08-14 08:44:33,3.1,24.259,230203392,659349,46264541
2024-08-14 08:44:38,0,24.2862,230461440,659349,46264541
2024-08-14 08:44:44,3.1,24.2862,230461440,659439,46264617
2024-08-14 08:44:49,0,24.2862,230461440,659577,46264617
2024-08-14 08:44:54,0,24.2853,230453248,659577,46264617
2024-08-14 08:44:59,0,24.2853,230453248,659577,46264617
2024-08-14 08:45:04,0,24.3112,230699008,659667,46264693
2024-08-14 08:45:09,0,24.3112,230699008,659667,46264693
2024-08-14 08:45:15,0,24.3112,230699008,659847,46264845
2024-08-14 08:45:20,3,24.3112,230699008,660201,46265129
2024-08-14 08:45:25,3.1,24.3112,230699008,660201,46265129
2024-08-14 08:45:30,3.1,24.3108,230694912,660201,46265129
2024-08-14 08:45:36,3,24.3108,230694912,660291,46265205
2024-08-14 08:45:41,0,24.3099,230686720,660291,46265205
2024-08-14 08:45:46,3.2,24.3099,230686720,660291,46265205
2024-08-14 08:45:51,0,24.3095,230682624,660381,46265281
2024-08-14 08:45:56,3.2,24.3095,230682624,660381,46265281
2024-08-14 08:46:02,3.2,24.3095,230682624,660381,46265281
2024-08-14 08:46:07,3.2,24.3091,230678528,660471,46265357
2024-08-14 08:46:12,3,24.3091,230678528,660513,46265385
2024-08-14 08:46:17,5.8,24.3091,230678528,660555,46265413
2024-08-14 08:46:22,6.2,24.3091,230678528,661005,46265793
2024-08-14 08:46:28,3.1,24.3091,230678528,661075,46265793
2024-08-14 08:46:33,20,24.3091,230678528,663309,46267801
2024-08-14 08:46:38,3,24.3091,230678528,663537,46267877
2024-08-14 08:46:43,0,24.3091,230678528,663537,46267877
2024-08-14 08:46:48,0,24.3091,230678528,663537,46267877
2024-08-14 08:46:54,3.2,24.3091,230678528,663627,46267953
2024-08-14 08:46:59,3,24.3091,230678528,663627,46267953
2024-08-14 08:47:04,6,24.3091,230678528,663627,46267953
2024-08-14 08:47:09,0,24.3091,230678528,663717,46268029
2024-08-14 08:47:14,3.1,24.3091,230678528,663759,46268057
2024-08-14 08:47:20,3.1,24.3091,230678528,663759,46268057
2024-08-14 08:47:25,3.1,24.3091,230678528,663759,46268057
2024-08-14 08:47:30,3,24.3086,230674432,663939,46268209
2024-08-14 08:47:35,0,24.3086,230674432,664035,46268283
2024-08-14 08:47:40,0,24.3086,230674432,664035,46268283
2024-08-14 08:47:46,3.1,24.3086,230674432,664125,46268359
2024-08-14 08:47:51,0,24.3086,230674432,664125,46268359
2024-08-14 08:47:56,0,24.3086,230674432,664125,46268359
2024-08-14 08:48:01,3.2,24.3086,230674432,664215,46268435
2024-08-14 08:48:06,6.1,24.3086,230674432,664215,46268435
2024-08-14 08:48:12,3.1,24.3086,230674432,664311,46268509
2024-08-14 08:48:17,0,24.3086,230674432,664401,46268585
2024-08-14 08:48:22,3.1,24.5158,232640512,695269,46458654
2024-08-14 08:48:27,3.1,24.5158,232640512,695497,46458730
2024-08-14 08:48:32,6,24.5158,232640512,695857,46459034
2024-08-14 08:48:38,3.1,24.5158,232640512,698157,46461094
2024-08-14 08:48:43,3,24.5158,232640512,698157,46461094
2024-08-14 08:48:48,0,24.5158,232640512,698247,46461170
2024-08-14 08:48:53,0,24.5158,232640512,698247,46461170
2024-08-14 08:48:58,3.1,24.5158,232640512,698247,46461170
2024-08-14 08:49:04,3.1,24.5158,232640512,698337,46461246
2024-08-14 08:49:09,0,24.5158,232640512,698379,46461274
2024-08-14 08:49:14,6.1,24.5158,232640512,698379,46461274
2024-08-14 08:49:19,3.2,24.5158,232640512,698469,46461350
2024-08-14 08:49:24,0,24.5158,232640512,698511,46461378
2024-08-14 08:49:29,0,24.5417,232886272,698511,46461378
2024-08-14 08:49:35,6.2,24.5417,232886272,698511,46461378
2024-08-14 08:49:40,3.2,24.5417,232886272,698691,46461530
2024-08-14 08:49:45,5.9,24.5417,232886272,698691,46461530
2024-08-14 08:49:50,0,24.5417,232886272,698691,46461530
2024-08-14 08:49:56,0,24.5417,232886272,698781,46461606
2024-08-14 08:50:01,0,24.5417,232886272,698823,46461634
2024-08-14 08:50:06,2.9,24.5417,232886272,698823,46461634
2024-08-14 08:50:11,0,24.5417,232886272,698913,46461710
2024-08-14 08:50:16,3.1,24.5421,232890368,698955,46461738
2024-08-14 08:50:22,3.1,24.5421,232890368,699093,46461738
2024-08-14 08:50:27,3.1,24.5421,232890368,699183,46461814
2024-08-14 08:50:32,3,24.5421,232890368,699183,46461814
2024-08-14 08:50:37,2.9,24.8391,235708416,723910,46467779
2024-08-14 08:50:42,3.1,24.8663,235966464,724090,46467931
2024-08-14 08:50:48,0,24.8935,236224512,748158,46472851
2024-08-14 08:50:53,3.1,25.0295,237514752,750642,46477911
2024-08-14 08:50:58,6.2,25.0567,237772800,753510,46480803
2024-08-14 08:51:03,6.1,25.5733,242675712,775598,46484475
2024-08-14 08:51:08,0,25.6005,242933760,776354,46486015
2024-08-14 08:51:14,0,25.6005,242933760,780908,46492754
2024-08-14 08:51:19,3.1,25.6005,242933760,804724,46499634
2024-08-14 08:51:24,3.2,25.6005,242933760,820260,46512821
2024-08-14 08:51:29,3.1,25.5884,242819072,841413,46526943
2024-08-14 08:51:34,9.1,25.5833,242769920,859725,46536917
2024-08-14 08:51:40,3.1,25.5833,242769920,874412,46545400
2024-08-14 08:51:45,6.1,19.1462,181686272,886684,46557298
2024-08-14 08:51:50,0,19.1734,181944320,886684,46557298
2024-08-14 08:51:55,3.1,19.2822,182976512,886726,46557326
2024-08-14 08:52:01,3.1,19.3638,183750656,886726,46557326
2024-08-14 08:52:06,0,19.3638,183750656,886816,46557402
2024-08-14 08:52:11,3,19.3638,183750656,886954,46557402
2024-08-14 08:52:16,3.1,19.3638,183750656,886954,46557402
2024-08-14 08:52:21,3.1,19.3638,183750656,887044,46557478
2024-08-14 08:52:27,0,19.3638,183750656,887044,46557478
2024-08-14 08:52:32,3.2,19.3638,183750656,887044,46557478
2024-08-14 08:52:37,3,19.391,184008704,887134,46557554
2024-08-14 08:52:42,6,19.3914,184012800,887176,46557582
2024-08-14 08:52:47,0,19.3914,184012800,887356,46557734
2024-08-14 08:52:53,0,16.7722,159158272,887578,46557914
2024-08-14 08:52:58,3.1,17.0165,161476608,887578,46557914
2024-08-14 08:53:03,6.1,17.2069,163282944,887578,46557914
2024-08-14 08:53:08,0,17.2069,163282944,887668,46557990
2024-08-14 08:53:13,3.1,17.3156,164315136,887668,46557990
2024-08-14 08:53:19,3.1,17.3972,165089280,887668,46557990
2024-08-14 08:53:24,5.9,17.5876,166895616,887816,46558158
2024-08-14 08:53:29,0,17.6959,167923712,887858,46558186
2024-08-14 08:53:34,3.1,18.0179,170979328,889894,46560246
