2024-08-14 08:39:48,9.1,17.5698,166727680,178490,29142065
2024-08-14 08:39:54,0,18.8405,178786304,292313,46004325
2024-08-14 08:39:59,0,18.9765,180076544,292313,46004325
2024-08-14 08:40:04,3.2,19.0818,181075968,292313,46004325
2024-08-14 08:40:09,3.1,19.1889,182091776,294505,46006461
2024-08-14 08:40:14,6.2,19.1889,182091776,294505,46006461
2024-08-14 08:40:20,0,19.188,182083584,294505,46006461
2024-08-14 08:40:25,0,19.2424,182599680,294637,46006565
2024-08-14 08:40:30,0,19.2424,182599680,294637,46006565
2024-08-14 08:40:35,0,19.2424,182599680,294637,46006565
2024-08-14 08:40:40,5.8,19.2424,182599680,294727,46006641
2024-08-14 08:40:46,6.2,19.2424,182599680,294727,46006641
2024-08-14 08:40:51,6.2,19.2968,183115776,294727,46006641
2024-08-14 08:40:56,3.2,19.3227,183361536,295231,46007067
2024-08-14 08:41:01,3.1,19.3766,183873536,295273,46007095
2024-08-14 08:41:06,3.1,19.3766,183873536,295273,46007095
2024-08-14 08:41:11,0,19.3784,183889920,295363,46007171
2024-08-14 08:41:17,2.9,19.3766,183873536,295363,46007171
2024-08-14 08:41:22,0,19.3766,183873536,295405,46007199
2024-08-14 08:41:27,0,19.3766,183873536,295633,46007275
2024-08-14 08:41:32,3.2,19.3766,183873536,295633,46007275
2024-08-14 08:41:37,3.2,19.3766,183873536,295633,46007275
2024-08-14 08:41:43,3.1,19.3766,183873536,295723,46007351
2024-08-14 08:41:48,0,19.3784,183889920,295819,46007425
2024-08-14 08:41:53,0,19.3784,183889920,295819,46007425
2024-08-14 08:41:58,6.2,19.3745,183853056,298125,46009713
2024-08-14 08:42:03,0,19.374,183848960,298305,46009865
2024-08-14 08:42:09,0,19.374,183848960,298305,46009865
2024-08-14 08:42:14,0,19.374,183848960,298437,46009969
2024-08-14 08:42:19,0,19.374,183848960,298437,46009969
2024-08-14 08:42:24,0,19.374,183848960,298437,46009969
2024-08-14 08:42:29,0,19.3736,183844864,298437,46009969
2024-08-14 08:42:34,0,19.3736,183844864,298527,46010045
2024-08-14 08:42:40,3.3,23.2937,221044736,303339,46014688
2024-08-14 08:42:45,6.2,24.8925,236216320,336423,46037179
2024-08-14 08:42:50,0,24.9473,236736512,357280,46049600
2024-08-14 08:42:55,0,24.9473,236736512,371724,46060118
2024-08-14 08:43:00,3.2,24.9473,236736512,379331,46066410
2024-08-14 08:43:06,3.2,24.9724,236974080,394295,46074809
2024-08-14 08:43:11,15.2,24.9724,236974080,416718,46088058
2024-08-14 08:43:16,6.4,24.9719,236969984,447636,46104752
2024-08-14 08:43:21,12.9,24.9706,236957696,484731,46125827
2024-08-14 08:43:26,6.5,24.9689,236941312,508926,46138594
2024-08-14 08:43:31,6.7,24.9681,236933120,530349,46153567
2024-08-14 08:43:37,6.1,25.0492,237703168,552841,46171688
2024-08-14 08:43:42,15.6,25.0799,237993984,578567,46204788
2024-08-14 08:43:47,0,25.1463,238624768,600703,46245271
2024-08-14 08:43:52,0,25.1463,238624768,600793,46245347
2024-08-14 08:43:57,13,25.1463,238624768,601906,46246425
2024-08-14 08:44:03,0,25.1459,238620672,603015,46247453
2024-08-14 08:44:08,0,25.1455,238616576,603417,46247785
2024-08-14 08:44:13,0,25.1455,238616576,603507,46247861
2024-08-14 08:44:18,3.2,25.1696,238845952,603561,46247907
2024-08-14 08:44:23,6.1,25.2512,239620096,603561,46247907
2024-08-14 08:44:29,3.2,22.5664,214142976,603651,46247983
2024-08-14 08:44:34,3.1,22.6752,215175168,603651,46247983
2024-08-14 08:44:39,0,22.7555,215937024,603651,46247983
2024-08-14 08:44:44,3.2,22.8371,216711168,603741,46248059
2024-08-14 08:44:49,3.1,22.8643,216969216,603783,46248087
2024-08-14 08:44:54,0,22.8915,217227264,603783,46248087
2024-08-14 08:45:00,0,23.2333,220471296,603873,46248163
2024-08-14 08:45:05,3.2,23.2333,220471296,603915,46248191
2024-08-14 08:45:10,0,23.2333,220471296,604233,46248343
2024-08-14 08:45:15,3.2,23.2333,220471296,604503,46248571
2024-08-14 08:45:20,3.2,23.2333,220471296,604503,46248571
2024-08-14 08:45:26,3.2,23.2877,220987392,604503,46248571
2024-08-14 08:45:31,6.2,23.5039,223039488,604593,46248647
2024-08-14 08:45:36,0,23.5311,223297536,604635,46248675
2024-08-14 08:45:41,0,23.5311,223297536,604635,46248675
2024-08-14 08:45:46,3.2,23.5311,223297536,604725,46248751
2024-08-14 08:45:51,0,23.5311,223297536,604725,46248751
2024-08-14 08:45:57,0,23.5294,223281152,604725,46248751
2024-08-14 08:46:02,3.1,23.6887,224792576,606893,46250915
2024-08-14 08:46:07,6,23.6887,224792576,606893,46250915
2024-08-14 08:46:12,0,23.6887,224792576,606893,46250915
2024-08-14 08:46:17,3,23.6887,224792576,607253,46251219
2024-08-14 08:46:23,3.2,23.6887,224792576,607343,46251295
2024-08-14 08:46:28,3,23.6887,224792576,607343,46251295
2024-08-14 08:46:33,3.2,23.7159,225050624,607343,46251295
2024-08-14 08:46:38,0,23.7154,225046528,607433,46251371
2024-08-14 08:46:43,3.2,23.8501,226324480,607433,46251371
2024-08-14 08:46:49,3.2,23.9585,227352576,607433,46251371
2024-08-14 08:46:54,0,23.9857,227610624,607523,46251447
2024-08-14 08:46:59,3.2,23.9857,227610624,607607,46251503
2024-08-14 08:47:04,3.2,23.9857,227610624,607745,46251503
2024-08-14 08:47:09,3,23.9857,227610624,607835,46251579
2024-08-14 08:47:14,3.2,23.9857,227610624,607835,46251579
2024-08-14 08:47:20,0,24.04,228126720,607835,46251579
2024-08-14 08:47:25,0,24.2032,229675008,608015,46251731
2024-08-14 08:47:30,0,24.2032,229675008,608015,46251731
2024-08-14 08:47:35,0,24.2032,229675008,608015,46251731
2024-08-14 08:47:40,3.1,24.2572,230187008,608105,46251807
2024-08-14 08:47:46,0,24.3374,230948864,608147,46251835
2024-08-14 08:47:51,0,24.3374,230948864,608147,46251835
2024-08-14 08:47:56,0,24.3374,230948864,608279,46251939
2024-08-14 08:48:01,3.2,24.3374,230948864,610315,46253999
2024-08-14 08:48:06,3.2,24.3374,230948864,610315,46253999
2024-08-14 08:48:12,3.2,24.3374,230948864,610405,46254075
2024-08-14 08:48:17,6.1,24.3374,230948864,610405,46254075
2024-08-14 08:48:22,3.2,24.3374,230948864,610405,46254075
2024-08-14 08:48:27,6.1,24.9253,236527616,641502,46444363
2024-08-14 08:48:32,6.2,24.9253,236527616,641592,46444439
2024-08-14 08:48:37,6.2,24.9525,236785664,641592,46444439
2024-08-14 08:48:43,0,24.9525,236785664,641592,46444439
2024-08-14 08:48:48,0,24.9525,236785664,641682,46444515
2024-08-14 08:48:53,0,24.9525,236785664,641724,46444543
2024-08-14 08:48:58,0,24.9525,236785664,641724,46444543
2024-08-14 08:49:03,3.1,24.9525,236785664,642068,46444665
2024-08-14 08:49:09,6,24.9525,236785664,642184,46444665
2024-08-14 08:49:14,3.2,24.9525,236785664,642226,46444693
2024-08-14 08:49:19,6,24.9525,236785664,642374,46444769
2024-08-14 08:49:24,3.1,24.9525,236785664,642374,46444769
2024-08-14 08:49:29,3.1,24.9525,236785664,642464,46444845
2024-08-14 08:49:35,3.2,24.9525,236785664,642612,46444921
2024-08-14 08:49:40,6.2,24.9797,237043712,642682,46444921
2024-08-14 08:49:45,0,25.0341,237559808,642724,46444949
2024-08-14 08:49:50,0,25.0341,237559808,642814,46445025
2024-08-14 08:49:55,0,25.0613,237817856,642814,46445025
2024-08-14 08:50:00,0,22.7883,216248320,645048,46447085
2024-08-14 08:50:06,0,22.7883,216248320,645138,46447161
2024-08-14 08:50:11,0,22.8681,217006080,645138,46447161
2024-08-14 08:50:16,0,22.8681,217006080,645138,46447161
2024-08-14 08:50:21,0,22.8681,217006080,645228,46447237
2024-08-14 08:50:26,0,22.8681,217006080,645228,46447237
2024-08-14 08:50:32,0,22.8681,217006080,645318,46447313
2024-08-14 08:50:37,0,22.9497,217780224,645540,46447493
2024-08-14 08:50:42,0,24.2002,229646336,668118,46451351
2024-08-14 08:50:47,0,24.2546,230162432,668118,46451351
2024-08-14 08:50:52,22.6,24.3361,230936576,675020,46453811
2024-08-14 08:50:57,6.2,25.2322,239439872,692901,46457319
2024-08-14 08:51:03,0,25.2594,239697920,695385,46462379
2024-08-14 08:51:08,0,25.2866,239955968,719778,46468002
2024-08-14 08:51:13,0,25.2866,239955968,719868,46468078
2024-08-14 08:51:18,9.1,25.2866,239955968,724764,46475578
2024-08-14 08:51:23,3.2,25.2866,239955968,748345,46487878
2024-08-14 08:51:29,9.4,25.2814,239906816,773567,46502324
2024-08-14 08:51:34,3,25.2711,239808512,790088,46513369
2024-08-14 08:51:39,6.2,25.2693,239792128,810842,46524272
2024-08-14 08:51:44,9.3,25.2693,239792128,823774,46532185
2024-08-14 08:51:49,0,19.5942,185937920,830915,46540838
2024-08-14 08:51:54,3.2,19.5942,185937920,830915,46540838
2024-08-14 08:52:00,3.1,19.5942,185937920,831005,46540914
2024-08-14 08:52:05,3.2,16.858,159973376,831005,46540914
2024-08-14 08:52:10,3.2,16.9927,161251328,831005,46540914
2024-08-14 08:52:15,3.1,16.9923,161247232,831095,46540990
2024-08-14 08:52:20,3.1,17.0182,161492992,831137,46541018
2024-08-14 08:52:26,3.2,17.0182,161492992,831137,46541018
2024-08-14 08:52:31,3.2,17.0454,161751040,831227,46541094
2024-08-14 08:52:36,3.1,17.0725,162009088,831269,46541122
2024-08-14 08:52:41,3.2,17.0997,162267136,831497,46541198
2024-08-14 08:52:46,3.2,17.0997,162267136,831587,46541274
2024-08-14 08:52:51,3.2,17.0997,162267136,831809,46541454
2024-08-14 08:52:57,0,17.1541,162783232,831809,46541454
2024-08-14 08:53:02,0,17.4498,165588992,833935,46543590
2024-08-14 08:53:07,3.2,17.4498,165588992,833935,46543590
2024-08-14 08:53:12,6.1,17.477,165847040,833935,46543590
2024-08-14 08:53:17,0,17.6402,167395328,833935,46543590
2024-08-14 08:53:23,0,17.6673,167653376,834025,46543666
2024-08-14 08:53:28,0,17.6673,167653376,834025,46543666
2024-08-14 08:53:33,0,17.6673,167653376,834067,46543694
2024-08-14 08:53:38,0,17.6673,167653376,834157,46543770
2024-08-14 08:53:43,0,17.6673,167653376,834199,46543798
2024-08-14 08:53:48,0,17.6673,167653376,834289,46543874
2024-08-14 08:53:54,0,17.6669,167649280,834379,46543950
2024-08-14 08:53:59,3.2,17.6669,167649280,834379,46543950
2024-08-14 08:54:04,6.2,17.6669,167649280,834379,46543950
2024-08-14 08:54:09,3.2,17.6669,167649280,834469,46544026
