2024-08-14 08:36:43,18.7,17.4829,165908480,191090,31947060
2024-08-14 08:36:48,0,17.8912,169783296,257039,43569328
2024-08-14 08:36:53,3.1,17.8912,169783296,257199,43569404
2024-08-14 08:36:58,3.1,17.9179,170037248,257199,43569404
2024-08-14 08:37:03,0,17.9451,170295296,257199,43569404
2024-08-14 08:37:09,2.9,17.9697,170528768,257289,43569480
2024-08-14 08:37:14,0,17.9702,170532864,257289,43569480
2024-08-14 08:37:19,8.8,17.9702,170532864,257289,43569480
2024-08-14 08:37:24,3.2,17.9719,170549248,257379,43569556
2024-08-14 08:37:29,0,17.9715,170545152,257559,43569584
2024-08-14 08:37:35,6.2,18.0258,171061248,257601,43569612
2024-08-14 08:37:40,0,18.1601,172335104,258051,43569992
2024-08-14 08:37:45,0,18.1873,172593152,258051,43569992
2024-08-14 08:37:50,6,18.1864,172584960,258051,43569992
2024-08-14 08:37:55,0,18.186,172580864,260441,43572128
2024-08-14 08:38:01,5.8,18.186,172580864,260441,43572128
2024-08-14 08:38:06,0,18.186,172580864,260441,43572128
2024-08-14 08:38:11,3.1,18.1843,172564480,260585,43572250
2024-08-14 08:38:16,3.1,18.1843,172564480,260585,43572250
2024-08-14 08:38:21,0,18.186,172580864,260585,43572250
2024-08-14 08:38:27,0,18.2676,173355008,260675,43572326
2024-08-14 08:38:32,0,18.375,174374912,260759,43572382
2024-08-14 08:38:37,0,18.375,174374912,260759,43572382
2024-08-14 08:38:42,3.1,18.3746,174370816,261209,43572762
2024-08-14 08:38:47,0,18.3746,174370816,261209,43572762
2024-08-14 08:38:53,6.1,18.3746,174370816,261209,43572762
2024-08-14 08:38:58,3.1,18.3983,174596096,261209,43572762
2024-08-14 08:39:03,2.9,18.3983,174596096,261299,43572838
2024-08-14 08:39:08,0,18.3983,174596096,261341,43572866
2024-08-14 08:39:13,2.9,18.3983,174596096,261341,43572866
2024-08-14 08:39:19,0,18.3983,174596096,261569,43572942
2024-08-14 08:39:24,3.2,18.3983,174596096,261569,43572942
2024-08-14 08:39:29,0,18.3983,174596096,261611,43572970
2024-08-14 08:39:34,3.1,18.3966,174579712,261701,43573046
2024-08-14 08:39:39,3,18.3966,174579712,261743,43573074
2024-08-14 08:39:45,3.1,18.3983,174596096,261833,43573150
2024-08-14 08:39:50,3,18.3983,174596096,262193,43573454
2024-08-14 08:39:55,33.3,18.3983,174596096,264361,43575514
2024-08-14 08:40:00,6.1,18.4225,174825472,264361,43575514
2024-08-14 08:40:05,3,18.4225,174825472,264451,43575590
2024-08-14 08:40:11,3.1,18.4225,174825472,264451,43575590
2024-08-14 08:40:16,0,18.4242,174841856,264451,43575590
2024-08-14 08:40:21,3.1,18.4247,174845952,264541,43575666
2024-08-14 08:40:26,3.1,18.4247,174845952,264583,43575694
2024-08-14 08:40:31,0,18.4247,174845952,264583,43575694
2024-08-14 08:40:37,3,18.4247,174845952,264673,43575770
2024-08-14 08:40:42,0,18.4247,174845952,264715,43575798
2024-08-14 08:40:47,3,18.4242,174841856,264715,43575798
2024-08-14 08:40:52,3.1,18.4247,174845952,265165,43576178
2024-08-14 08:40:57,3.2,18.4247,174845952,265165,43576178
2024-08-14 08:41:03,0,18.4229,174829568,265165,43576178
2024-08-14 08:41:08,0,18.4247,174845952,265255,43576254
2024-08-14 08:41:13,3.1,18.479,175362048,265435,43576282
2024-08-14 08:41:18,0,18.5334,175878144,265435,43576282
2024-08-14 08:41:23,6.1,18.5317,175861760,265477,43576310
2024-08-14 08:41:29,0,18.5317,175861760,265567,43576386
2024-08-14 08:41:34,3.2,18.5317,175861760,265567,43576386
2024-08-14 08:41:39,3,18.615,176652288,265567,43576386
2024-08-14 08:41:44,3.1,18.615,176652288,265657,43576462
2024-08-14 08:41:49,0,18.6077,176582656,265699,43576490
2024-08-14 08:41:55,0,18.6051,176558080,265969,43576718
2024-08-14 08:42:00,3.1,18.8731,179101696,268185,43578930
2024-08-14 08:42:05,0,18.8731,179101696,268185,43578930
2024-08-14 08:42:10,0,18.8731,179101696,268185,43578930
2024-08-14 08:42:15,3.1,18.8731,179101696,268317,43579034
2024-08-14 08:42:21,6,18.8731,179101696,268317,43579034
2024-08-14 08:42:26,0,18.8731,179101696,268317,43579034
2024-08-14 08:42:31,9.3,23.6654,224579584,318196,43613332
2024-08-14 08:42:36,9.1,23.69,224813056,349024,43635218
2024-08-14 08:42:41,3,23.6892,224804864,365420,43644421
2024-08-14 08:42:47,0,23.712,225021952,384844,43653446
2024-08-14 08:42:52,3.2,23.712,225021952,395409,43661563
2024-08-14 08:42:57,6.1,23.7133,225034240,417159,43676468
2024-08-14 08:43:02,6.2,23.7129,225030144,427031,43680938
2024-08-14 08:43:07,50,23.7159,225058816,476050,43713964
2024-08-14 08:43:13,3.1,23.7237,225132544,542423,43774393
2024-08-14 08:43:18,0,23.7246,225140736,555740,43788948
2024-08-14 08:43:23,3.1,23.7241,225136640,561676,43792294
2024-08-14 08:43:28,3.1,23.7237,225132544,566561,43795228
2024-08-14 08:43:33,6.2,23.7237,225132544,571300,43797662
2024-08-14 08:43:39,25.7,23.7246,225140736,578740,43806220
2024-08-14 08:43:44,3.1,23.7254,225148928,585079,43819399
2024-08-14 08:43:49,0,23.7254,225148928,585169,43819475
2024-08-14 08:43:54,6.2,23.7522,225402880,585223,43819521
2024-08-14 08:43:59,3.1,23.7526,225406976,587325,43821581
2024-08-14 08:44:05,6,23.7526,225406976,587685,43821885
2024-08-14 08:44:10,6,23.7526,225406976,587817,43821989
2024-08-14 08:44:15,0,23.7526,225406976,587817,43821989
2024-08-14 08:44:20,3.1,23.7526,225406976,587817,43821989
2024-08-14 08:44:25,3,23.7526,225406976,587907,43822065
2024-08-14 08:44:31,3.2,23.7526,225406976,587949,43822093
2024-08-14 08:44:36,5.9,23.7526,225406976,587949,43822093
2024-08-14 08:44:41,3.1,23.7526,225406976,588039,43822169
2024-08-14 08:44:46,3.1,23.7526,225406976,588039,43822169
2024-08-14 08:44:51,2.9,23.7526,225406976,588039,43822169
2024-08-14 08:44:57,5.6,23.9391,227176448,588267,43822245
2024-08-14 08:45:02,6.2,23.9391,227176448,588309,43822273
2024-08-14 08:45:07,0,23.9391,227176448,588351,43822301
2024-08-14 08:45:12,0,23.9391,227176448,588801,43822681
2024-08-14 08:45:18,6.2,23.9391,227176448,588801,43822681
2024-08-14 08:45:23,3.1,23.9391,227176448,588801,43822681
2024-08-14 08:45:28,3.2,23.9391,227176448,588891,43822757
2024-08-14 08:45:33,0,23.9391,227176448,588933,43822785
2024-08-14 08:45:38,0,23.9391,227176448,588933,43822785
2024-08-14 08:45:44,0,23.9391,227176448,589023,43822861
2024-08-14 08:45:49,0,23.9391,227176448,589023,43822861
2024-08-14 08:45:54,3,23.9391,227176448,589023,43822861
2024-08-14 08:45:59,0,23.9386,227172352,591401,43825043
2024-08-14 08:46:04,2.9,23.9386,227172352,591443,43825071
2024-08-14 08:46:10,6.1,23.9386,227172352,591443,43825071
2024-08-14 08:46:15,3,23.9386,227172352,591893,43825451
2024-08-14 08:46:20,2.9,23.9382,227168256,591893,43825451
2024-08-14 08:46:25,3,23.9382,227168256,591893,43825451
2024-08-14 08:46:30,3.2,23.9382,227168256,591893,43825451
2024-08-14 08:46:36,0,23.9382,227168256,591983,43825527
2024-08-14 08:46:41,3.1,23.9382,227168256,592025,43825555
2024-08-14 08:46:46,2.9,23.9382,227168256,592163,43825555
2024-08-14 08:46:51,6.2,23.9382,227168256,592253,43825631
2024-08-14 08:46:56,6.2,23.9382,227168256,592295,43825659
2024-08-14 08:47:02,3,23.9382,227168256,592295,43825659
2024-08-14 08:47:07,0,23.9382,227168256,592385,43825735
2024-08-14 08:47:12,0,23.9382,227168256,592427,43825763
2024-08-14 08:47:17,3,23.9382,227168256,592427,43825763
2024-08-14 08:47:22,3.1,23.9382,227168256,592697,43825991
2024-08-14 08:47:28,0,23.9382,227168256,592697,43825991
2024-08-14 08:47:33,3,23.9382,227168256,592697,43825991
2024-08-14 08:47:38,0,23.9382,227168256,592841,43826159
2024-08-14 08:47:43,0,23.9382,227168256,592883,43826187
2024-08-14 08:47:49,5.6,23.9382,227168256,592883,43826187
2024-08-14 08:47:54,6.1,23.9382,227168256,593015,43826291
2024-08-14 08:47:59,6.1,23.9382,227168256,595117,43828351
2024-08-14 08:48:04,0,23.9382,227168256,595117,43828351
2024-08-14 08:48:09,3.1,23.9382,227168256,595207,43828427
2024-08-14 08:48:15,3.1,23.9382,227168256,595207,43828427
2024-08-14 08:48:20,0,24.4445,231972864,626096,44018540
2024-08-14 08:48:25,2.9,24.4445,231972864,626546,44018920
2024-08-14 08:48:30,0,24.4445,231972864,626546,44018920
2024-08-14 08:48:35,3.2,24.4445,231972864,626546,44018920
2024-08-14 08:48:41,3.2,24.4445,231972864,626636,44018996
2024-08-14 08:48:46,0,24.4445,231972864,626870,44019070
2024-08-14 08:48:51,3.2,24.4445,231972864,626912,44019098
2024-08-14 08:48:56,3.2,24.4445,231972864,626912,44019098
2024-08-14 08:49:01,0,24.4445,231972864,627002,44019174
2024-08-14 08:49:07,3.2,24.4445,231972864,627002,44019174
2024-08-14 08:49:12,3,24.4441,231968768,627002,44019174
2024-08-14 08:49:17,5.8,24.47,232214528,627092,44019250
2024-08-14 08:49:22,5.9,24.4682,232198144,627134,44019278
2024-08-14 08:49:27,0,24.577,233230336,627134,44019278
2024-08-14 08:49:33,3.1,24.7963,235311104,627314,44019430
2024-08-14 08:49:38,0,24.7963,235311104,627314,44019430
2024-08-14 08:49:43,6.1,24.7963,235311104,627314,44019430
2024-08-14 08:49:48,0,24.9581,236847104,627446,44019534
2024-08-14 08:49:53,0,24.9853,237105152,627446,44019534
2024-08-14 08:49:59,3.1,25.2296,239423488,629548,44021594
2024-08-14 08:50:04,0,25.2296,239423488,629638,44021670
2024-08-14 08:50:09,5.8,25.2296,239423488,629638,44021670
2024-08-14 08:50:14,3.2,25.2292,239419392,629638,44021670
2024-08-14 08:50:19,0,25.2288,239415296,629728,44021746
2024-08-14 08:50:25,5.8,25.2288,239415296,629728,44021746
2024-08-14 08:50:30,3,25.2288,239415296,629818,44021822
2024-08-14 08:50:35,3.1,25.4463,241479680,652760,44025881
2024-08-14 08:50:40,3,25.4463,241479680,665002,44033601
2024-08-14 08:50:45,0,25.4463,241479680,665044,44033629
2024-08-14 08:50:51,12.5,25.4463,241479680,672052,44035373
2024-08-14 08:50:56,3.1,25.4463,241479680,675702,44037106
2024-08-14 08:51:01,8.6,25.4463,241479680,677268,44042357
2024-08-14 08:51:06,3.1,25.4463,241479680,686168,44043969
2024-08-14 08:51:12,3.2,25.4463,241479680,686168,44043969
2024-08-14 08:51:17,0,25.4463,241479680,687476,44047879
2024-08-14 08:51:22,6.4,25.4463,241479680,697491,44058063
2024-08-14 08:51:27,0,25.4308,241332224,721439,44074240
2024-08-14 08:51:32,6.2,25.429,241315840,740519,44083628
2024-08-14 08:51:38,8.8,25.429,241315840,751890,44089966
2024-08-14 08:51:43,0,19.3384,183517184,761882,44101370
2024-08-14 08:51:48,3.1,19.3928,184033280,761882,44101370
2024-08-14 08:51:53,0,19.3928,184033280,761882,44101370
2024-08-14 08:51:58,5.8,19.3928,184033280,761972,44101446
2024-08-14 08:52:04,3.1,19.3928,184033280,761972,44101446
2024-08-14 08:52:09,3,19.3932,184037376,761972,44101446
2024-08-14 08:52:14,3,19.3932,184037376,762062,44101522
2024-08-14 08:52:19,0,19.3932,184037376,762062,44101522
2024-08-14 08:52:24,0,19.3932,184037376,762200,44101522
2024-08-14 08:52:30,3.1,19.3932,184037376,762290,44101598
2024-08-14 08:52:35,3.1,19.3932,184037376,762374,44101654
2024-08-14 08:52:40,0,19.3932,184037376,762554,44101806
2024-08-14 08:52:45,3,19.3928,184033280,762824,44102034
2024-08-14 08:52:50,0,19.42,184291328,762824,44102034
2024-08-14 08:52:56,3.1,19.4467,184545280,764926,44104094
2024-08-14 08:53:01,6.2,19.4467,184545280,765016,44104170
2024-08-14 08:53:06,6.2,19.4467,184545280,765016,44104170
2024-08-14 08:53:11,0,19.4485,184561664,765016,44104170
2024-08-14 08:53:16,3.1,19.4485,184561664,765106,44104246
