2024-08-13 14:37:21,12.1,17.8497,169390080,163091,26129972
2024-08-13 14:37:26,0,19.0971,181227520,299624,42994324
2024-08-13 14:37:32,3,19.1515,181743616,299714,42994400
2024-08-13 14:37:37,3.2,19.1515,181743616,299772,42994400
2024-08-13 14:37:42,0,19.1515,181743616,299910,42994400
2024-08-13 14:37:47,3.1,19.1515,181743616,300000,42994476
2024-08-13 14:37:52,3.1,19.1515,181743616,300058,42994476
2024-08-13 14:37:58,0,19.1515,181743616,300058,42994476
2024-08-13 14:38:03,3,19.1515,181743616,300508,42994856
2024-08-13 14:38:08,3,19.1515,181743616,300550,42994884
2024-08-13 14:38:13,0,19.1515,181743616,300592,42994912
2024-08-13 14:38:18,6.1,19.1787,182001664,300682,42994988
2024-08-13 14:38:24,3,19.1787,182001664,300682,42994988
2024-08-13 14:38:29,5.8,19.3401,183533568,300682,42994988
2024-08-13 14:38:34,6,19.3945,184049664,300772,42995064
2024-08-13 14:38:39,84.9,23.4513,222547968,314240,43014115
2024-08-13 14:38:44,84.4,24.9374,236650496,589864,43150516
2024-08-13 14:38:50,3.1,24.9706,236965888,801019,43367139
2024-08-13 14:38:55,6,24.9965,237211648,801019,43367139
2024-08-13 14:39:00,0,24.9965,237211648,803055,43369199
2024-08-13 14:39:05,5.8,26.0122,246849536,881834,43867494
2024-08-13 14:39:10,3.1,26.2284,248901632,881834,43867494
2024-08-13 14:39:16,68.9,26.7623,253968384,935769,43893589
2024-08-13 14:39:21,3.2,16.9977,161304576,989121,43923008
2024-08-13 14:39:26,6.1,17.0793,162078720,989121,43923008
2024-08-13 14:39:31,3.1,17.0797,162082816,989121,43923008
