Waiting for an incoming message - Test 1 (inception)
Error while deserializing http message: Error("EOF while parsing a value", line: 1, column: 0)
	Preparing Data...
	Data is ready, starting users and test1
Incepted: u_6 [e7zs]
Incepted: u_0 [xOUv]
Incepted: u_7 [WyBT]
	Added [x5MO] as watcher for u_6 [e7zs]
	Added [x5MO] as watcher for u_0 [xOUv]
Incepted: u_1 [3uPy]
Incepted: u_4 [zOvw]
	Added [x5MO] as watcher for u_7 [WyBT]
Incepted: u_3 [VO8F]
Incepted: u_8 [csVa]
	Added [2D85] as watcher for u_6 [e7zs]
Incepted: u_5 [BgIx]
	Added [x5MO] as watcher for u_1 [3uPy]
	Added [2D85] as watcher for u_4 [zOvw]
Incepted: u_2 [1w47]
	Added [2D85] as watcher for u_0 [xOUv]
	Added [2D85] as watcher for u_3 [VO8F]
	Added [bivQ] as watcher for u_7 [WyBT]
Incepted: u_9 [E6ca]
	Added [x5MO] as watcher for u_5 [BgIx]
	Added [jm4C] as watcher for u_2 [1w47]
	Added [2D85] as watcher for u_8 [csVa]
	Added [2D85] as watcher for u_1 [3uPy]
	Added [bivQ] as watcher for u_6 [e7zs]
	Asking u_6 [e7zs]'s watchers to watch [xuuR]
	Added [jm4C] as watcher for u_0 [xOUv]
	Asking u_0 [xOUv]'s watchers to watch [xuuR]
	Added [2D85] as watcher for u_7 [WyBT]
	Asking u_7 [WyBT]'s watchers to watch [xuuR]
	Added [bivQ] as watcher for u_4 [zOvw]
	Added [jm4C] as watcher for u_8 [csVa]
	Added [2D85] as watcher for u_2 [1w47]
	Added [bivQ] as watcher for u_3 [VO8F]
	Added [bivQ] as watcher for u_5 [BgIx]
	Added [bivQ] as watcher for u_9 [E6ca]
	Added [bivQ] as watcher for u_1 [3uPy]
	Asking u_1 [3uPy]'s watchers to watch [xuuR]
	Added [x5MO] as watcher for u_4 [zOvw]
	Asking u_4 [zOvw]'s watchers to watch [xuuR]
	Added [x5MO] as watcher for u_8 [csVa]
	Asking u_8 [csVa]'s watchers to watch [xuuR]
	Added [jm4C] as watcher for u_9 [E6ca]
	Added [x5MO] as watcher for u_3 [VO8F]
	Asking u_3 [VO8F]'s watchers to watch [xuuR]
	Added [jm4C] as watcher for u_5 [BgIx]
	Asking u_5 [BgIx]'s watchers to watch [xuuR]
	Added [x5MO] as watcher for u_2 [1w47]
	Asking u_2 [1w47]'s watchers to watch [xuuR]
	Added [x5MO] as watcher for u_9 [E6ca]
	Asking u_9 [E6ca]'s watchers to watch [xuuR]
	✅ u_8 [csVa] Inception Done
	✅ u_4 [zOvw] Inception Done
	✅ u_0 [xOUv] Inception Done
	✅ u_6 [e7zs] Inception Done
	✅ u_5 [BgIx] Inception Done
	✅ u_2 [1w47] Inception Done
	✅ u_1 [3uPy] Inception Done
	✅ u_7 [WyBT] Inception Done
	✅ u_9 [E6ca] Inception Done
	✅ u_3 [VO8F] Inception Done
Test 2 (signature verification)
	✅ u_3 [VO8F] Message verified
	✅ u_2 [1w47] Message verified
	✅ u_7 [WyBT] Message verified
	✅ u_0 [xOUv] Message verified
	✅ u_6 [e7zs] Message verified
	✅ u_4 [zOvw] Message verified
	✅ u_9 [E6ca] Message verified
	✅ u_1 [3uPy] Message verified
	✅ u_5 [BgIx] Message verified
	✅ u_8 [csVa] Message verified
Waiting for an incoming message - Test 3 (signature verification after rotation of issuer)
	✅ u_2 [1w47] Message Verified (2)
	✅ u_8 [csVa] Message Verified (2)
	✅ u_3 [VO8F] Message Verified (2)
	✅ u_1 [3uPy] Message Verified (2)
	✅ u_6 [e7zs] Message Verified (2)
	✅ u_7 [WyBT] Message Verified (2)
	✅ u_0 [xOUv] Message Verified (2)
	✅ u_5 [BgIx] Message Verified (2)
	✅ u_9 [E6ca] Message Verified (2)
	✅ u_4 [zOvw] Message Verified (2)
Waiting for an incoming message - Test 4 (valid acdc credential)
skipped--
Waiting for an incoming message - Test 5 (acdc revocation)
skipped--
Waiting for an incoming message - Test 6
u_4 [zOvw] Starts Rotation
u_1 [3uPy] Starts Rotation
u_3 [VO8F] Starts Rotation
u_0 [xOUv] Starts Rotation
u_2 [1w47] Starts Rotation
u_5 [BgIx] Starts Rotation
u_9 [E6ca] Starts Rotation
u_6 [e7zs] Starts Rotation
u_8 [csVa] Starts Rotation
u_7 [WyBT] Starts Rotation
u_7 [WyBT] Ends Rotation
u_7 [WyBT] - Completed Key Rotation
u_5 [BgIx] Ends Rotation
u_5 [BgIx] - Completed Key Rotation
u_4 [zOvw] Ends Rotation
u_4 [zOvw] - Completed Key Rotation
u_9 [E6ca] Ends Rotation
u_9 [E6ca] - Completed Key Rotation
u_6 [e7zs] Ends Rotation
u_6 [e7zs] - Completed Key Rotation
u_2 [1w47] Ends Rotation
u_2 [1w47] - Completed Key Rotation
u_3 [VO8F] Ends Rotation
u_3 [VO8F] - Completed Key Rotation
u_8 [csVa] Ends Rotation
u_8 [csVa] - Completed Key Rotation
u_1 [3uPy] Ends Rotation
u_1 [3uPy] - Completed Key Rotation
u_0 [xOUv] Ends Rotation
u_0 [xOUv] - Completed Key Rotation
Executed 10 users / 10 success / 0 fail
Test 1: 6789ms (678 p.u.)
Test 2: 1ms (0 p.u.)
Test 3: 781ms (78 p.u.)
Test 4: 6448ms (644 p.u.)
