Waiting for an incoming message - Test 1 (inception)
Error while deserializing http message: Error("EOF while parsing a value", line: 1, column: 0)
	Preparing Data...
	Data is ready, starting users and test1
Incepted: u_8 [cFCi]
Incepted: u_1 [V69l]
Incepted: u_3 [xD2s]
Incepted: u_4 [6FIS]
Incepted: u_5 [Ctqo]
Incepted: u_0 [z7IM]
Incepted: u_7 [ajCr]
Incepted: u_2 [4fT6]
Incepted: u_9 [ZoFl]
Incepted: u_6 [ONW4]
	Added [x5MO] as watcher for u_3 [xD2s]
	Added [bivQ] as watcher for u_1 [V69l]
	Added [2D85] as watcher for u_4 [6FIS]
	Added [bivQ] as watcher for u_8 [cFCi]
	Added [2D85] as watcher for u_2 [4fT6]
	Added [2D85] as watcher for u_6 [ONW4]
	Added [bivQ] as watcher for u_5 [Ctqo]
	Added [bivQ] as watcher for u_0 [z7IM]
	Added [x5MO] as watcher for u_9 [ZoFl]
	Added [bivQ] as watcher for u_7 [ajCr]
	Added [2D85] as watcher for u_8 [cFCi]
	Added [jm4C] as watcher for u_3 [xD2s]
	Added [x5MO] as watcher for u_1 [V69l]
	Added [jm4C] as watcher for u_6 [ONW4]
	Added [jm4C] as watcher for u_2 [4fT6]
	Added [2D85] as watcher for u_0 [z7IM]
	Added [bivQ] as watcher for u_4 [6FIS]
	Added [x5MO] as watcher for u_5 [Ctqo]
	Added [x5MO] as watcher for u_7 [ajCr]
	Added [jm4C] as watcher for u_9 [ZoFl]
	Added [2D85] as watcher for u_3 [xD2s]
	Asking u_3 [xD2s]'s watchers to watch [xuuR]
	Added [x5MO] as watcher for u_8 [cFCi]
	Asking u_8 [cFCi]'s watchers to watch [xuuR]
	Added [jm4C] as watcher for u_1 [V69l]
	Asking u_1 [V69l]'s watchers to watch [xuuR]
	Added [2D85] as watcher for u_7 [ajCr]
	Asking u_7 [ajCr]'s watchers to watch [xuuR]
	Added [bivQ] as watcher for u_6 [ONW4]
	Asking u_6 [ONW4]'s watchers to watch [xuuR]
	Added [2D85] as watcher for u_9 [ZoFl]
	Asking u_9 [ZoFl]'s watchers to watch [xuuR]
	Added [x5MO] as watcher for u_0 [z7IM]
	Asking u_0 [z7IM]'s watchers to watch [xuuR]
	Added [bivQ] as watcher for u_2 [4fT6]
	Asking u_2 [4fT6]'s watchers to watch [xuuR]
	Added [jm4C] as watcher for u_5 [Ctqo]
	Asking u_5 [Ctqo]'s watchers to watch [xuuR]
	Added [jm4C] as watcher for u_4 [6FIS]
	Asking u_4 [6FIS]'s watchers to watch [xuuR]
	✅ u_7 [ajCr] Inception Done
	✅ u_1 [V69l] Inception Done
	✅ u_8 [cFCi] Inception Done
	✅ u_3 [xD2s] Inception Done
	✅ u_0 [z7IM] Inception Done
	✅ u_9 [ZoFl] Inception Done
	✅ u_2 [4fT6] Inception Done
	✅ u_5 [Ctqo] Inception Done
	✅ u_6 [ONW4] Inception Done
	✅ u_4 [6FIS] Inception Done
Test 2 (signature verification)
	✅ u_4 [6FIS] Message verified
	✅ u_0 [z7IM] Message verified
	✅ u_9 [ZoFl] Message verified
	✅ u_8 [cFCi] Message verified
	✅ u_5 [Ctqo] Message verified
	✅ u_6 [ONW4] Message verified
	✅ u_1 [V69l] Message verified
	✅ u_3 [xD2s] Message verified
	✅ u_2 [4fT6] Message verified
	✅ u_7 [ajCr] Message verified
Waiting for an incoming message - Test 3 (signature verification after rotation of issuer)
	✅ u_3 [xD2s] Message Verified (2)
	✅ u_7 [ajCr] Message Verified (2)
	✅ u_4 [6FIS] Message Verified (2)
	✅ u_2 [4fT6] Message Verified (2)
	✅ u_8 [cFCi] Message Verified (2)
	✅ u_1 [V69l] Message Verified (2)
	✅ u_5 [Ctqo] Message Verified (2)
	✅ u_9 [ZoFl] Message Verified (2)
	✅ u_6 [ONW4] Message Verified (2)
	✅ u_0 [z7IM] Message Verified (2)
Waiting for an incoming message - Test 4 (valid acdc credential)
skipped--
Waiting for an incoming message - Test 5 (acdc revocation)
skipped--
Waiting for an incoming message - Test 6
u_8 [cFCi] Starts Rotation
u_0 [z7IM] Starts Rotation
u_4 [6FIS] Starts Rotation
u_2 [4fT6] Starts Rotation
u_3 [xD2s] Starts Rotation
u_5 [Ctqo] Starts Rotation
u_6 [ONW4] Starts Rotation
u_9 [ZoFl] Starts Rotation
u_7 [ajCr] Starts Rotation
u_1 [V69l] Starts Rotation
u_6 [ONW4] Ends Rotation
u_6 [ONW4] - Completed Key Rotation
u_0 [z7IM] Ends Rotation
u_0 [z7IM] - Completed Key Rotation
u_9 [ZoFl] Ends Rotation
u_9 [ZoFl] - Completed Key Rotation
u_7 [ajCr] Ends Rotation
u_7 [ajCr] - Completed Key Rotation
u_3 [xD2s] Ends Rotation
u_3 [xD2s] - Completed Key Rotation
u_5 [Ctqo] Ends Rotation
u_5 [Ctqo] - Completed Key Rotation
u_2 [4fT6] Ends Rotation
u_2 [4fT6] - Completed Key Rotation
u_8 [cFCi] Ends Rotation
u_8 [cFCi] - Completed Key Rotation
u_1 [V69l] Ends Rotation
u_1 [V69l] - Completed Key Rotation
u_4 [6FIS] Ends Rotation
u_4 [6FIS] - Completed Key Rotation
Executed 10 users / 10 success / 0 fail
Test 1: 8224ms (822 p.u.)
Test 2: 1ms (0 p.u.)
Test 3: 849ms (84 p.u.)
Test 4: 3780ms (378 p.u.)
