Waiting for an incoming message - Test 1 (inception)
Error while deserializing http message: Error("EOF while parsing a value", line: 1, column: 0)
	Preparing Data...
	Data is ready, starting users and test1
Incepted: u_5 [a4Sf]
Incepted: u_0 [h7WN]
Incepted: u_9 [2vAA]
Incepted: u_4 [hmma]
Incepted: u_7 [MVmf]
Incepted: u_8 [_dlF]
Incepted: u_3 [YKMy]
Incepted: u_2 [neGA]
Incepted: u_1 [Yh2V]
Incepted: u_6 [PWug]
	Added [jm4C] as watcher for u_9 [2vAA]
	Added [jm4C] as watcher for u_5 [a4Sf]
	Added [jm4C] as watcher for u_3 [YKMy]
	Added [2D85] as watcher for u_7 [MVmf]
	Added [2D85] as watcher for u_4 [hmma]
	Added [x5MO] as watcher for u_8 [_dlF]
	Added [x5MO] as watcher for u_1 [Yh2V]
	Added [bivQ] as watcher for u_0 [h7WN]
	Added [2D85] as watcher for u_6 [PWug]
	Added [bivQ] as watcher for u_2 [neGA]
	Added [x5MO] as watcher for u_9 [2vAA]
	Added [x5MO] as watcher for u_7 [MVmf]
	Added [jm4C] as watcher for u_4 [hmma]
	Added [2D85] as watcher for u_5 [a4Sf]
	Added [jm4C] as watcher for u_8 [_dlF]
	Added [bivQ] as watcher for u_3 [YKMy]
	Added [jm4C] as watcher for u_2 [neGA]
	Added [x5MO] as watcher for u_6 [PWug]
	Added [2D85] as watcher for u_0 [h7WN]
	Added [bivQ] as watcher for u_1 [Yh2V]
	Added [x5MO] as watcher for u_4 [hmma]
	Asking u_4 [hmma]'s watchers to watch [xuuR]
	Added [bivQ] as watcher for u_9 [2vAA]
	Asking u_9 [2vAA]'s watchers to watch [xuuR]
	Added [bivQ] as watcher for u_7 [MVmf]
	Asking u_7 [MVmf]'s watchers to watch [xuuR]
	Added [2D85] as watcher for u_3 [YKMy]
	Asking u_3 [YKMy]'s watchers to watch [xuuR]
	Added [2D85] as watcher for u_8 [_dlF]
	Asking u_8 [_dlF]'s watchers to watch [xuuR]
	Added [2D85] as watcher for u_2 [neGA]
	Asking u_2 [neGA]'s watchers to watch [xuuR]
	Added [bivQ] as watcher for u_5 [a4Sf]
	Asking u_5 [a4Sf]'s watchers to watch [xuuR]
	Added [jm4C] as watcher for u_6 [PWug]
	Asking u_6 [PWug]'s watchers to watch [xuuR]
	Added [2D85] as watcher for u_1 [Yh2V]
	Asking u_1 [Yh2V]'s watchers to watch [xuuR]
	Added [jm4C] as watcher for u_0 [h7WN]
	Asking u_0 [h7WN]'s watchers to watch [xuuR]
	✅ u_4 [hmma] Inception Done
	✅ u_7 [MVmf] Inception Done
	✅ u_1 [Yh2V] Inception Done
	✅ u_5 [a4Sf] Inception Done
	✅ u_2 [neGA] Inception Done
	✅ u_9 [2vAA] Inception Done
	✅ u_6 [PWug] Inception Done
	✅ u_0 [h7WN] Inception Done
	✅ u_3 [YKMy] Inception Done
	✅ u_8 [_dlF] Inception Done
Test 2 (signature verification)
	✅ u_8 [_dlF] Message verified
	✅ u_5 [a4Sf] Message verified
	✅ u_3 [YKMy] Message verified
	✅ u_1 [Yh2V] Message verified
	✅ u_2 [neGA] Message verified
	✅ u_6 [PWug] Message verified
	✅ u_9 [2vAA] Message verified
	✅ u_4 [hmma] Message verified
	✅ u_7 [MVmf] Message verified
	✅ u_0 [h7WN] Message verified
Waiting for an incoming message - Test 3 (signature verification after rotation of issuer)
	✅ u_5 [a4Sf] Message Verified (2)
	✅ u_0 [h7WN] Message Verified (2)
	✅ u_1 [Yh2V] Message Verified (2)
	✅ u_8 [_dlF] Message Verified (2)
	✅ u_6 [PWug] Message Verified (2)
	✅ u_2 [neGA] Message Verified (2)
	✅ u_9 [2vAA] Message Verified (2)
	✅ u_3 [YKMy] Message Verified (2)
	✅ u_7 [MVmf] Message Verified (2)
	✅ u_4 [hmma] Message Verified (2)
Waiting for an incoming message - Test 4 (valid acdc credential)
skipped--
Waiting for an incoming message - Test 5 (acdc revocation)
skipped--
Waiting for an incoming message - Test 6
u_8 [_dlF] Starts Rotation
u_3 [YKMy] Starts Rotation
u_2 [neGA] Starts Rotation
u_0 [h7WN] Starts Rotation
u_5 [a4Sf] Starts Rotation
u_4 [hmma] Starts Rotation
u_7 [MVmf] Starts Rotation
u_6 [PWug] Starts Rotation
u_1 [Yh2V] Starts Rotation
u_9 [2vAA] Starts Rotation
u_8 [_dlF] Ends Rotation
u_8 [_dlF] - Completed Key Rotation
u_3 [YKMy] Ends Rotation
u_3 [YKMy] - Completed Key Rotation
u_7 [MVmf] Ends Rotation
u_7 [MVmf] - Completed Key Rotation
u_4 [hmma] Ends Rotation
u_4 [hmma] - Completed Key Rotation
u_0 [h7WN] Ends Rotation
u_0 [h7WN] - Completed Key Rotation
u_2 [neGA] Ends Rotation
u_2 [neGA] - Completed Key Rotation
u_1 [Yh2V] Ends Rotation
u_1 [Yh2V] - Completed Key Rotation
u_9 [2vAA] Ends Rotation
u_9 [2vAA] - Completed Key Rotation
u_5 [a4Sf] Ends Rotation
u_5 [a4Sf] - Completed Key Rotation
u_6 [PWug] Ends Rotation
u_6 [PWug] - Completed Key Rotation
Executed 10 users / 10 success / 0 fail
Test 1: 7702ms (770 p.u.)
Test 2: 1ms (0 p.u.)
Test 3: 1009ms (100 p.u.)
Test 4: 4234ms (423 p.u.)
