Waiting for an incoming message - Test 1 (inception)
Error while deserializing http message: Error("EOF while parsing a value", line: 1, column: 0)
	Preparing Data...
	Data is ready, starting users and test1
Incepted: u_8 [m4Wk]
Incepted: u_4 [ioVZ]
Incepted: u_2 [3aoU]
Incepted: u_6 [XKd-]
Incepted: u_5 [z1WD]
Incepted: u_3 [9TiB]
Incepted: u_7 [iyKi]
Incepted: u_1 [NXv4]
Incepted: u_9 [XGGA]
	Added [2D85] as watcher for u_6 [XKd-]
	Added [x5MO] as watcher for u_2 [3aoU]
	Added [bivQ] as watcher for u_8 [m4Wk]
	Added [jm4C] as watcher for u_4 [ioVZ]
Incepted: u_0 [ma6z]
	Added [jm4C] as watcher for u_5 [z1WD]
	Added [bivQ] as watcher for u_3 [9TiB]
	Added [x5MO] as watcher for u_9 [XGGA]
	Added [bivQ] as watcher for u_1 [NXv4]
	Added [jm4C] as watcher for u_8 [m4Wk]
	Added [jm4C] as watcher for u_7 [iyKi]
	Added [bivQ] as watcher for u_2 [3aoU]
	Added [bivQ] as watcher for u_4 [ioVZ]
	Added [jm4C] as watcher for u_6 [XKd-]
	Added [x5MO] as watcher for u_5 [z1WD]
	Added [bivQ] as watcher for u_0 [ma6z]
	Added [jm4C] as watcher for u_3 [9TiB]
	Added [x5MO] as watcher for u_8 [m4Wk]
	Asking u_8 [m4Wk]'s watchers to watch [xuuR]
	Added [jm4C] as watcher for u_9 [XGGA]
	Added [x5MO] as watcher for u_7 [iyKi]
	Added [jm4C] as watcher for u_1 [NXv4]
	Added [x5MO] as watcher for u_6 [XKd-]
	Asking u_6 [XKd-]'s watchers to watch [xuuR]
	Added [2D85] as watcher for u_2 [3aoU]
	Asking u_2 [3aoU]'s watchers to watch [xuuR]
	Added [2D85] as watcher for u_4 [ioVZ]
	Asking u_4 [ioVZ]'s watchers to watch [xuuR]
	Added [2D85] as watcher for u_3 [9TiB]
	Asking u_3 [9TiB]'s watchers to watch [xuuR]
	Added [jm4C] as watcher for u_0 [ma6z]
	Added [2D85] as watcher for u_1 [NXv4]
	Asking u_1 [NXv4]'s watchers to watch [xuuR]
	Added [2D85] as watcher for u_9 [XGGA]
	Asking u_9 [XGGA]'s watchers to watch [xuuR]
	Added [bivQ] as watcher for u_5 [z1WD]
	Asking u_5 [z1WD]'s watchers to watch [xuuR]
	Added [bivQ] as watcher for u_7 [iyKi]
	Asking u_7 [iyKi]'s watchers to watch [xuuR]
	✅ u_6 [XKd-] Inception Done
	Added [2D85] as watcher for u_0 [ma6z]
	Asking u_0 [ma6z]'s watchers to watch [xuuR]
	✅ u_8 [m4Wk] Inception Done
	✅ u_2 [3aoU] Inception Done
	✅ u_3 [9TiB] Inception Done
	✅ u_1 [NXv4] Inception Done
	✅ u_9 [XGGA] Inception Done
	✅ u_5 [z1WD] Inception Done
	✅ u_4 [ioVZ] Inception Done
	✅ u_7 [iyKi] Inception Done
	✅ u_0 [ma6z] Inception Done
Test 2 (signature verification)
	✅ u_0 [ma6z] Message verified
	✅ u_7 [iyKi] Message verified
	✅ u_1 [NXv4] Message verified
	✅ u_6 [XKd-] Message verified
	✅ u_8 [m4Wk] Message verified
	✅ u_2 [3aoU] Message verified
	✅ u_3 [9TiB] Message verified
	✅ u_9 [XGGA] Message verified
	✅ u_5 [z1WD] Message verified
	✅ u_4 [ioVZ] Message verified
Waiting for an incoming message - Test 3 (signature verification after rotation of issuer)
	✅ u_2 [3aoU] Message Verified (2)
	✅ u_9 [XGGA] Message Verified (2)
	✅ u_4 [ioVZ] Message Verified (2)
	✅ u_7 [iyKi] Message Verified (2)
	✅ u_8 [m4Wk] Message Verified (2)
	✅ u_5 [z1WD] Message Verified (2)
	✅ u_3 [9TiB] Message Verified (2)
	✅ u_0 [ma6z] Message Verified (2)
	✅ u_1 [NXv4] Message Verified (2)
	✅ u_6 [XKd-] Message Verified (2)
Waiting for an incoming message - Test 4 (valid acdc credential)
skipped--
Waiting for an incoming message - Test 5 (acdc revocation)
skipped--
Waiting for an incoming message - Test 6
u_6 [XKd-] Starts Rotation
u_4 [ioVZ] Starts Rotation
u_7 [iyKi] Starts Rotation
u_2 [3aoU] Starts Rotation
u_8 [m4Wk] Starts Rotation
u_0 [ma6z] Starts Rotation
u_9 [XGGA] Starts Rotation
u_5 [z1WD] Starts Rotation
u_1 [NXv4] Starts Rotation
u_3 [9TiB] Starts Rotation
u_0 [ma6z] Ends Rotation
u_0 [ma6z] - Completed Key Rotation
u_2 [3aoU] Ends Rotation
u_2 [3aoU] - Completed Key Rotation
u_4 [ioVZ] Ends Rotation
u_4 [ioVZ] - Completed Key Rotation
u_1 [NXv4] Ends Rotation
u_1 [NXv4] - Completed Key Rotation
u_8 [m4Wk] Ends Rotation
u_8 [m4Wk] - Completed Key Rotation
u_5 [z1WD] Ends Rotation
u_5 [z1WD] - Completed Key Rotation
u_3 [9TiB] Ends Rotation
u_3 [9TiB] - Completed Key Rotation
u_6 [XKd-] Ends Rotation
u_6 [XKd-] - Completed Key Rotation
u_9 [XGGA] Ends Rotation
u_9 [XGGA] - Completed Key Rotation
u_7 [iyKi] Ends Rotation
u_7 [iyKi] - Completed Key Rotation
Executed 10 users / 10 success / 0 fail
Test 1: 9231ms (923 p.u.)
Test 2: 1ms (0 p.u.)
Test 3: 734ms (73 p.u.)
Test 4: 5621ms (562 p.u.)
