Waiting for an incoming message - Test 1 (inception)
Error while deserializing http message: Error("EOF while parsing a value", line: 1, column: 0)
	Preparing Data...
	Data is ready, starting users and test1
Incepted: u_1 [169k]
Incepted: u_9 [CrpI]
Incepted: u_2 [5Wtv]
Incepted: u_8 [jnk7]
Incepted: u_0 [_93u]
Incepted: u_6 [GJ3o]
Incepted: u_3 [ERkB]
	Added [x5MO] as watcher for u_9 [CrpI]
Incepted: u_5 [qBWC]
	Added [jm4C] as watcher for u_1 [169k]
Incepted: u_4 [g1Qm]
Incepted: u_7 [79Ow]
	Added [2D85] as watcher for u_8 [jnk7]
	Added [2D85] as watcher for u_0 [_93u]
	Added [bivQ] as watcher for u_2 [5Wtv]
	Added [jm4C] as watcher for u_9 [CrpI]
	Added [jm4C] as watcher for u_6 [GJ3o]
	Added [x5MO] as watcher for u_3 [ERkB]
	Added [2D85] as watcher for u_5 [qBWC]
	Added [x5MO] as watcher for u_1 [169k]
	Added [x5MO] as watcher for u_4 [g1Qm]
	Added [bivQ] as watcher for u_7 [79Ow]
	Added [2D85] as watcher for u_2 [5Wtv]
	Added [x5MO] as watcher for u_8 [jnk7]
	Added [2D85] as watcher for u_6 [GJ3o]
	Added [x5MO] as watcher for u_0 [_93u]
	Added [bivQ] as watcher for u_9 [CrpI]
	Asking u_9 [CrpI]'s watchers to watch [xuuR]
	Added [jm4C] as watcher for u_3 [ERkB]
	Added [bivQ] as watcher for u_1 [169k]
	Asking u_1 [169k]'s watchers to watch [xuuR]
	Added [x5MO] as watcher for u_7 [79Ow]
	Added [2D85] as watcher for u_4 [g1Qm]
	Added [bivQ] as watcher for u_5 [qBWC]
	Added [jm4C] as watcher for u_8 [jnk7]
	Asking u_8 [jnk7]'s watchers to watch [xuuR]
	Added [jm4C] as watcher for u_2 [5Wtv]
	Asking u_2 [5Wtv]'s watchers to watch [xuuR]
	Added [jm4C] as watcher for u_0 [_93u]
	Asking u_0 [_93u]'s watchers to watch [xuuR]
	Added [x5MO] as watcher for u_6 [GJ3o]
	Asking u_6 [GJ3o]'s watchers to watch [xuuR]
	Added [2D85] as watcher for u_7 [79Ow]
	Asking u_7 [79Ow]'s watchers to watch [xuuR]
	Added [bivQ] as watcher for u_3 [ERkB]
	Asking u_3 [ERkB]'s watchers to watch [xuuR]
	Added [bivQ] as watcher for u_4 [g1Qm]
	Asking u_4 [g1Qm]'s watchers to watch [xuuR]
	Added [jm4C] as watcher for u_5 [qBWC]
	Asking u_5 [qBWC]'s watchers to watch [xuuR]
	✅ u_1 [169k] Inception Done
	✅ u_9 [CrpI] Inception Done
	✅ u_2 [5Wtv] Inception Done
	✅ u_6 [GJ3o] Inception Done
	✅ u_0 [_93u] Inception Done
	✅ u_8 [jnk7] Inception Done
	✅ u_7 [79Ow] Inception Done
	✅ u_3 [ERkB] Inception Done
	✅ u_4 [g1Qm] Inception Done
	✅ u_5 [qBWC] Inception Done
Test 2 (signature verification)
	✅ u_5 [qBWC] Message verified
	✅ u_0 [_93u] Message verified
	✅ u_6 [GJ3o] Message verified
	✅ u_3 [ERkB] Message verified
	✅ u_1 [169k] Message verified
	✅ u_4 [g1Qm] Message verified
	✅ u_8 [jnk7] Message verified
	✅ u_9 [CrpI] Message verified
	✅ u_7 [79Ow] Message verified
	✅ u_2 [5Wtv] Message verified
Waiting for an incoming message - Test 3 (signature verification after rotation of issuer)
	✅ u_8 [jnk7] Message Verified (2)
	✅ u_3 [ERkB] Message Verified (2)
	✅ u_6 [GJ3o] Message Verified (2)
	✅ u_0 [_93u] Message Verified (2)
	✅ u_7 [79Ow] Message Verified (2)
	✅ u_4 [g1Qm] Message Verified (2)
	✅ u_5 [qBWC] Message Verified (2)
	✅ u_2 [5Wtv] Message Verified (2)
	✅ u_9 [CrpI] Message Verified (2)
	✅ u_1 [169k] Message Verified (2)
Waiting for an incoming message - Test 4 (valid acdc credential)
skipped--
Waiting for an incoming message - Test 5 (acdc revocation)
skipped--
Waiting for an incoming message - Test 6
u_9 [CrpI] Starts Rotation
u_3 [ERkB] Starts Rotation
u_0 [_93u] Starts Rotation
u_5 [qBWC] Starts Rotation
u_1 [169k] Starts Rotation
u_4 [g1Qm] Starts Rotation
u_2 [5Wtv] Starts Rotation
u_7 [79Ow] Starts Rotation
u_8 [jnk7] Starts Rotation
u_6 [GJ3o] Starts Rotation
u_7 [79Ow] Ends Rotation
u_7 [79Ow] - Completed Key Rotation
u_0 [_93u] Ends Rotation
u_0 [_93u] - Completed Key Rotation
u_8 [jnk7] Ends Rotation
u_8 [jnk7] - Completed Key Rotation
u_6 [GJ3o] Ends Rotation
u_6 [GJ3o] - Completed Key Rotation
u_2 [5Wtv] Ends Rotation
u_2 [5Wtv] - Completed Key Rotation
u_3 [ERkB] Ends Rotation
u_3 [ERkB] - Completed Key Rotation
u_1 [169k] Ends Rotation
u_1 [169k] - Completed Key Rotation
u_9 [CrpI] Ends Rotation
u_9 [CrpI] - Completed Key Rotation
u_5 [qBWC] Ends Rotation
u_5 [qBWC] - Completed Key Rotation
u_4 [g1Qm] Ends Rotation
u_4 [g1Qm] - Completed Key Rotation
Executed 10 users / 10 success / 0 fail
Test 1: 6146ms (614 p.u.)
Test 2: 1ms (0 p.u.)
Test 3: 776ms (77 p.u.)
Test 4: 3544ms (354 p.u.)
