Waiting for an incoming message - Test 1 (inception)
Error while deserializing http message: Error("EOF while parsing a value", line: 1, column: 0)
	Preparing Data...
	Data is ready, starting users and test1
Incepted: u_7 [LHpL]
Incepted: u_8 [PWUQ]
Incepted: u_3 [He4N]
Incepted: u_5 [guSe]
Incepted: u_4 [C9pJ]
Incepted: u_1 [lG1Y]
Incepted: u_6 [gpDs]
Incepted: u_9 [PzFm]
Incepted: u_2 [c63n]
	Added [2D85] as watcher for u_7 [LHpL]
Incepted: u_0 [oK_F]
	Added [bivQ] as watcher for u_1 [lG1Y]
	Added [x5MO] as watcher for u_8 [PWUQ]
	Added [x5MO] as watcher for u_5 [guSe]
	Added [jm4C] as watcher for u_4 [C9pJ]
	Added [jm4C] as watcher for u_3 [He4N]
	Added [bivQ] as watcher for u_0 [oK_F]
	Added [2D85] as watcher for u_6 [gpDs]
	Added [2D85] as watcher for u_9 [PzFm]
	Added [bivQ] as watcher for u_8 [PWUQ]
	Added [jm4C] as watcher for u_2 [c63n]
	Added [x5MO] as watcher for u_7 [LHpL]
	Added [x5MO] as watcher for u_1 [lG1Y]
	Added [bivQ] as watcher for u_9 [PzFm]
	Added [bivQ] as watcher for u_4 [C9pJ]
	Added [2D85] as watcher for u_5 [guSe]
	Added [x5MO] as watcher for u_3 [He4N]
	Added [bivQ] as watcher for u_7 [LHpL]
	Asking u_7 [LHpL]'s watchers to watch [xuuR]
	Added [jm4C] as watcher for u_0 [oK_F]
	Added [jm4C] as watcher for u_6 [gpDs]
	Added [2D85] as watcher for u_8 [PWUQ]
	Asking u_8 [PWUQ]'s watchers to watch [xuuR]
	Added [2D85] as watcher for u_1 [lG1Y]
	Asking u_1 [lG1Y]'s watchers to watch [xuuR]
	Added [bivQ] as watcher for u_3 [He4N]
	Asking u_3 [He4N]'s watchers to watch [xuuR]
	Added [2D85] as watcher for u_2 [c63n]
	Added [x5MO] as watcher for u_9 [PzFm]
	Asking u_9 [PzFm]'s watchers to watch [xuuR]
	Added [2D85] as watcher for u_4 [C9pJ]
	Asking u_4 [C9pJ]'s watchers to watch [xuuR]
	Added [jm4C] as watcher for u_5 [guSe]
	Asking u_5 [guSe]'s watchers to watch [xuuR]
	Added [bivQ] as watcher for u_6 [gpDs]
	Asking u_6 [gpDs]'s watchers to watch [xuuR]
	Added [x5MO] as watcher for u_0 [oK_F]
	Asking u_0 [oK_F]'s watchers to watch [xuuR]
	Added [x5MO] as watcher for u_2 [c63n]
	Asking u_2 [c63n]'s watchers to watch [xuuR]
	✅ u_7 [LHpL] Inception Done
	✅ u_1 [lG1Y] Inception Done
	✅ u_8 [PWUQ] Inception Done
	✅ u_3 [He4N] Inception Done
	✅ u_9 [PzFm] Inception Done
	✅ u_4 [C9pJ] Inception Done
	✅ u_0 [oK_F] Inception Done
	✅ u_6 [gpDs] Inception Done
	✅ u_5 [guSe] Inception Done
	✅ u_2 [c63n] Inception Done
Test 2 (signature verification)
	✅ u_2 [c63n] Message verified
	✅ u_3 [He4N] Message verified
	✅ u_9 [PzFm] Message verified
	✅ u_1 [lG1Y] Message verified
	✅ u_6 [gpDs] Message verified
	✅ u_8 [PWUQ] Message verified
	✅ u_4 [C9pJ] Message verified
	✅ u_5 [guSe] Message verified
	✅ u_0 [oK_F] Message verified
	✅ u_7 [LHpL] Message verified
Waiting for an incoming message - Test 3 (signature verification after rotation of issuer)
	✅ u_1 [lG1Y] Message Verified (2)
	✅ u_4 [C9pJ] Message Verified (2)
	✅ u_7 [LHpL] Message Verified (2)
	✅ u_8 [PWUQ] Message Verified (2)
	✅ u_3 [He4N] Message Verified (2)
	✅ u_9 [PzFm] Message Verified (2)
	✅ u_2 [c63n] Message Verified (2)
	✅ u_0 [oK_F] Message Verified (2)
	✅ u_5 [guSe] Message Verified (2)
	✅ u_6 [gpDs] Message Verified (2)
Waiting for an incoming message - Test 4 (valid acdc credential)
skipped--
Waiting for an incoming message - Test 5 (acdc revocation)
skipped--
Waiting for an incoming message - Test 6
u_6 [gpDs] Starts Rotation
u_7 [LHpL] Starts Rotation
u_8 [PWUQ] Starts Rotation
u_4 [C9pJ] Starts Rotation
u_9 [PzFm] Starts Rotation
u_5 [guSe] Starts Rotation
u_0 [oK_F] Starts Rotation
u_1 [lG1Y] Starts Rotation
u_2 [c63n] Starts Rotation
u_3 [He4N] Starts Rotation
u_7 [LHpL] Ends Rotation
u_7 [LHpL] - Completed Key Rotation
u_1 [lG1Y] Ends Rotation
u_1 [lG1Y] - Completed Key Rotation
u_8 [PWUQ] Ends Rotation
u_8 [PWUQ] - Completed Key Rotation
u_4 [C9pJ] Ends Rotation
u_4 [C9pJ] - Completed Key Rotation
u_3 [He4N] Ends Rotation
u_3 [He4N] - Completed Key Rotation
u_5 [guSe] Ends Rotation
u_5 [guSe] - Completed Key Rotation
u_6 [gpDs] Ends Rotation
u_6 [gpDs] - Completed Key Rotation
u_9 [PzFm] Ends Rotation
u_9 [PzFm] - Completed Key Rotation
u_0 [oK_F] Ends Rotation
u_0 [oK_F] - Completed Key Rotation
u_2 [c63n] Ends Rotation
u_2 [c63n] - Completed Key Rotation
Executed 10 users / 10 success / 0 fail
Test 1: 4243ms (424 p.u.)
Test 2: 1ms (0 p.u.)
Test 3: 615ms (61 p.u.)
Test 4: 1617ms (161 p.u.)
