Waiting for an incoming message - Test 1 (inception)
Error while deserializing http message: Error("EOF while parsing a value", line: 1, column: 0)
	Preparing Data...
	Data is ready, starting users and test1
Incepted: u_2 [hZZ3]
Incepted: u_3 [ZwO-]
Incepted: u_8 [OPZO]
Incepted: u_4 [FlmW]
Incepted: u_7 [W7m1]
Incepted: u_0 [4XEs]
Incepted: u_6 [fyrO]
Incepted: u_1 [RzKa]
Incepted: u_5 [2d9b]
Incepted: u_9 [Ts-x]
	Added [bivQ] as watcher for u_2 [hZZ3]
	Added [jm4C] as watcher for u_3 [ZwO-]
	Added [2D85] as watcher for u_0 [4XEs]
	Added [x5MO] as watcher for u_8 [OPZO]
	Added [jm4C] as watcher for u_7 [W7m1]
	Added [x5MO] as watcher for u_4 [FlmW]
	Added [x5MO] as watcher for u_2 [hZZ3]
	Added [bivQ] as watcher for u_6 [fyrO]
	Added [bivQ] as watcher for u_9 [Ts-x]
	Added [x5MO] as watcher for u_3 [ZwO-]
	Added [bivQ] as watcher for u_5 [2d9b]
	Added [bivQ] as watcher for u_1 [RzKa]
	Added [2D85] as watcher for u_8 [OPZO]
	Added [2D85] as watcher for u_4 [FlmW]
	Added [jm4C] as watcher for u_2 [hZZ3]
	Asking u_2 [hZZ3]'s watchers to watch [xuuR]
	Added [bivQ] as watcher for u_0 [4XEs]
	Added [x5MO] as watcher for u_6 [fyrO]
	Added [bivQ] as watcher for u_7 [W7m1]
	Added [2D85] as watcher for u_3 [ZwO-]
	Asking u_3 [ZwO-]'s watchers to watch [xuuR]
	Added [2D85] as watcher for u_5 [2d9b]
	Added [jm4C] as watcher for u_9 [Ts-x]
	Added [jm4C] as watcher for u_1 [RzKa]
	Added [jm4C] as watcher for u_8 [OPZO]
	Asking u_8 [OPZO]'s watchers to watch [xuuR]
	Added [jm4C] as watcher for u_4 [FlmW]
	Asking u_4 [FlmW]'s watchers to watch [xuuR]
	Added [x5MO] as watcher for u_0 [4XEs]
	Asking u_0 [4XEs]'s watchers to watch [xuuR]
	Added [x5MO] as watcher for u_7 [W7m1]
	Asking u_7 [W7m1]'s watchers to watch [xuuR]
	Added [jm4C] as watcher for u_6 [fyrO]
	Asking u_6 [fyrO]'s watchers to watch [xuuR]
	Added [x5MO] as watcher for u_9 [Ts-x]
	Asking u_9 [Ts-x]'s watchers to watch [xuuR]
	Added [x5MO] as watcher for u_1 [RzKa]
	Asking u_1 [RzKa]'s watchers to watch [xuuR]
	Added [jm4C] as watcher for u_5 [2d9b]
	Asking u_5 [2d9b]'s watchers to watch [xuuR]
	✅ u_3 [ZwO-] Inception Done
	✅ u_4 [FlmW] Inception Done
	✅ u_0 [4XEs] Inception Done
	✅ u_9 [Ts-x] Inception Done
	✅ u_2 [hZZ3] Inception Done
	✅ u_7 [W7m1] Inception Done
	✅ u_8 [OPZO] Inception Done
	✅ u_1 [RzKa] Inception Done
	✅ u_5 [2d9b] Inception Done
	✅ u_6 [fyrO] Inception Done
Test 2 (signature verification)
	✅ u_6 [fyrO] Message verified
	✅ u_7 [W7m1] Message verified
	✅ u_2 [hZZ3] Message verified
	✅ u_0 [4XEs] Message verified
	✅ u_1 [RzKa] Message verified
	✅ u_8 [OPZO] Message verified
	✅ u_5 [2d9b] Message verified
	✅ u_9 [Ts-x] Message verified
	✅ u_3 [ZwO-] Message verified
	✅ u_4 [FlmW] Message verified
Waiting for an incoming message - Test 3 (signature verification after rotation of issuer)
	✅ u_8 [OPZO] Message Verified (2)
	✅ u_7 [W7m1] Message Verified (2)
	✅ u_4 [FlmW] Message Verified (2)
	✅ u_1 [RzKa] Message Verified (2)
	✅ u_9 [Ts-x] Message Verified (2)
	✅ u_3 [ZwO-] Message Verified (2)
	✅ u_5 [2d9b] Message Verified (2)
	✅ u_0 [4XEs] Message Verified (2)
	✅ u_2 [hZZ3] Message Verified (2)
	✅ u_6 [fyrO] Message Verified (2)
Waiting for an incoming message - Test 4 (valid acdc credential)
skipped--
Waiting for an incoming message - Test 5 (acdc revocation)
skipped--
Waiting for an incoming message - Test 6
u_6 [fyrO] Starts Rotation
u_2 [hZZ3] Starts Rotation
u_5 [2d9b] Starts Rotation
u_4 [FlmW] Starts Rotation
u_3 [ZwO-] Starts Rotation
u_7 [W7m1] Starts Rotation
u_9 [Ts-x] Starts Rotation
u_0 [4XEs] Starts Rotation
u_1 [RzKa] Starts Rotation
u_8 [OPZO] Starts Rotation
u_9 [Ts-x] Ends Rotation
u_9 [Ts-x] - Completed Key Rotation
u_0 [4XEs] Ends Rotation
u_0 [4XEs] - Completed Key Rotation
u_5 [2d9b] Ends Rotation
u_5 [2d9b] - Completed Key Rotation
u_1 [RzKa] Ends Rotation
u_1 [RzKa] - Completed Key Rotation
u_8 [OPZO] Ends Rotation
u_8 [OPZO] - Completed Key Rotation
u_7 [W7m1] Ends Rotation
u_7 [W7m1] - Completed Key Rotation
u_6 [fyrO] Ends Rotation
u_6 [fyrO] - Completed Key Rotation
u_2 [hZZ3] Ends Rotation
u_2 [hZZ3] - Completed Key Rotation
u_4 [FlmW] Ends Rotation
u_4 [FlmW] - Completed Key Rotation
u_3 [ZwO-] Ends Rotation
u_3 [ZwO-] - Completed Key Rotation
Executed 10 users / 10 success / 0 fail
Test 1: 7269ms (726 p.u.)
Test 2: 1ms (0 p.u.)
Test 3: 750ms (75 p.u.)
Test 4: 3453ms (345 p.u.)
