Waiting for an incoming message - Test 1 (inception)
Error while deserializing http message: Error("EOF while parsing a value", line: 1, column: 0)
	Preparing Data...
	Data is ready, starting users and test1
Incepted: u_0 [qu4A]
Incepted: u_2 [CVa-]
Incepted: u_4 [Z1cc]
	Added [bivQ] as watcher for u_0 [qu4A]
Incepted: u_9 [gOUD]
Incepted: u_1 [F7Ny]
Incepted: u_6 [TMXN]
Incepted: u_5 [Z0jq]
Incepted: u_7 [L5Xu]
Incepted: u_3 [5KFP]
	Added [bivQ] as watcher for u_6 [TMXN]
	Added [bivQ] as watcher for u_5 [Z0jq]
Incepted: u_8 [6pV_]
	Added [x5MO] as watcher for u_0 [qu4A]
	Added [2D85] as watcher for u_4 [Z1cc]
	Added [jm4C] as watcher for u_2 [CVa-]
	Added [x5MO] as watcher for u_9 [gOUD]
	Added [x5MO] as watcher for u_1 [F7Ny]
	Added [bivQ] as watcher for u_4 [Z1cc]
	Added [jm4C] as watcher for u_7 [L5Xu]
	Added [x5MO] as watcher for u_3 [5KFP]
	Added [2D85] as watcher for u_5 [Z0jq]
	Added [2D85] as watcher for u_8 [6pV_]
	Added [bivQ] as watcher for u_1 [F7Ny]
	Added [bivQ] as watcher for u_7 [L5Xu]
	Added [jm4C] as watcher for u_6 [TMXN]
	Added [2D85] as watcher for u_0 [qu4A]
	Asking u_0 [qu4A]'s watchers to watch [xuuR]
	Added [x5MO] as watcher for u_2 [CVa-]
	Added [bivQ] as watcher for u_8 [6pV_]
	Added [x5MO] as watcher for u_4 [Z1cc]
	Asking u_4 [Z1cc]'s watchers to watch [xuuR]
	Added [x5MO] as watcher for u_5 [Z0jq]
	Asking u_5 [Z0jq]'s watchers to watch [xuuR]
	Added [jm4C] as watcher for u_9 [gOUD]
	Added [jm4C] as watcher for u_3 [5KFP]
	Added [2D85] as watcher for u_7 [L5Xu]
	Asking u_7 [L5Xu]'s watchers to watch [xuuR]
	Added [2D85] as watcher for u_6 [TMXN]
	Asking u_6 [TMXN]'s watchers to watch [xuuR]
	Added [jm4C] as watcher for u_1 [F7Ny]
	Asking u_1 [F7Ny]'s watchers to watch [xuuR]
	Added [2D85] as watcher for u_2 [CVa-]
	Asking u_2 [CVa-]'s watchers to watch [xuuR]
	Added [x5MO] as watcher for u_8 [6pV_]
	Asking u_8 [6pV_]'s watchers to watch [xuuR]
	✅ u_0 [qu4A] Inception Done
	Added [2D85] as watcher for u_9 [gOUD]
	Asking u_9 [gOUD]'s watchers to watch [xuuR]
	Added [2D85] as watcher for u_3 [5KFP]
	Asking u_3 [5KFP]'s watchers to watch [xuuR]
	✅ u_5 [Z0jq] Inception Done
	✅ u_4 [Z1cc] Inception Done
	✅ u_6 [TMXN] Inception Done
	✅ u_7 [L5Xu] Inception Done
	✅ u_1 [F7Ny] Inception Done
	✅ u_8 [6pV_] Inception Done
	✅ u_2 [CVa-] Inception Done
	✅ u_9 [gOUD] Inception Done
	✅ u_3 [5KFP] Inception Done
Test 2 (signature verification)
	✅ u_3 [5KFP] Message verified
	✅ u_0 [qu4A] Message verified
	✅ u_8 [6pV_] Message verified
	✅ u_2 [CVa-] Message verified
	✅ u_4 [Z1cc] Message verified
	✅ u_7 [L5Xu] Message verified
	✅ u_9 [gOUD] Message verified
	✅ u_1 [F7Ny] Message verified
	✅ u_5 [Z0jq] Message verified
	✅ u_6 [TMXN] Message verified
Waiting for an incoming message - Test 3 (signature verification after rotation of issuer)
	✅ u_8 [6pV_] Message Verified (2)
	✅ u_4 [Z1cc] Message Verified (2)
	✅ u_5 [Z0jq] Message Verified (2)
	✅ u_0 [qu4A] Message Verified (2)
	✅ u_9 [gOUD] Message Verified (2)
	✅ u_3 [5KFP] Message Verified (2)
	✅ u_6 [TMXN] Message Verified (2)
	✅ u_7 [L5Xu] Message Verified (2)
	✅ u_2 [CVa-] Message Verified (2)
	✅ u_1 [F7Ny] Message Verified (2)
Waiting for an incoming message - Test 4 (valid acdc credential)
skipped--
Waiting for an incoming message - Test 5 (acdc revocation)
skipped--
Waiting for an incoming message - Test 6
u_3 [5KFP] Starts Rotation
u_0 [qu4A] Starts Rotation
u_7 [L5Xu] Starts Rotation
u_9 [gOUD] Starts Rotation
u_1 [F7Ny] Starts Rotation
u_8 [6pV_] Starts Rotation
u_4 [Z1cc] Starts Rotation
u_2 [CVa-] Starts Rotation
u_5 [Z0jq] Starts Rotation
u_6 [TMXN] Starts Rotation
u_7 [L5Xu] Ends Rotation
u_7 [L5Xu] - Completed Key Rotation
u_0 [qu4A] Ends Rotation
u_0 [qu4A] - Completed Key Rotation
u_4 [Z1cc] Ends Rotation
u_4 [Z1cc] - Completed Key Rotation
u_2 [CVa-] Ends Rotation
u_2 [CVa-] - Completed Key Rotation
u_6 [TMXN] Ends Rotation
u_6 [TMXN] - Completed Key Rotation
u_1 [F7Ny] Ends Rotation
u_1 [F7Ny] - Completed Key Rotation
u_9 [gOUD] Ends Rotation
u_9 [gOUD] - Completed Key Rotation
u_3 [5KFP] Ends Rotation
u_3 [5KFP] - Completed Key Rotation
u_5 [Z0jq] Ends Rotation
u_5 [Z0jq] - Completed Key Rotation
u_8 [6pV_] Ends Rotation
u_8 [6pV_] - Completed Key Rotation
Executed 10 users / 10 success / 0 fail
Test 1: 4061ms (406 p.u.)
Test 2: 1ms (0 p.u.)
Test 3: 535ms (53 p.u.)
Test 4: 1648ms (164 p.u.)
