Waiting for an incoming message - Test 1 (inception)
Error while deserializing http message: Error("EOF while parsing a value", line: 1, column: 0)
	Preparing Data...
	Data is ready, starting users and test1
Incepted: u_9 [3qWI]
Incepted: u_2 [ZBDl]
Incepted: u_4 [OiDM]
Incepted: u_8 [E1Rg]
Incepted: u_6 [Wl-3]
Incepted: u_7 [3bUw]
Incepted: u_5 [wqWj]
Incepted: u_3 [jv4g]
Incepted: u_1 [E53X]
Incepted: u_0 [WFyi]
	Added [x5MO] as watcher for u_9 [3qWI]
	Added [x5MO] as watcher for u_6 [Wl-3]
	Added [2D85] as watcher for u_8 [E1Rg]
	Added [x5MO] as watcher for u_4 [OiDM]
	Added [x5MO] as watcher for u_2 [ZBDl]
	Added [x5MO] as watcher for u_3 [jv4g]
	Added [bivQ] as watcher for u_7 [3bUw]
	Added [2D85] as watcher for u_0 [WFyi]
	Added [bivQ] as watcher for u_5 [wqWj]
	Added [bivQ] as watcher for u_1 [E53X]
	Added [bivQ] as watcher for u_6 [Wl-3]
	Added [jm4C] as watcher for u_9 [3qWI]
	Added [2D85] as watcher for u_5 [wqWj]
	Added [bivQ] as watcher for u_2 [ZBDl]
	Added [bivQ] as watcher for u_8 [E1Rg]
	Added [bivQ] as watcher for u_4 [OiDM]
	Added [jm4C] as watcher for u_7 [3bUw]
	Added [x5MO] as watcher for u_0 [WFyi]
	Added [bivQ] as watcher for u_3 [jv4g]
	Added [2D85] as watcher for u_1 [E53X]
	Added [2D85] as watcher for u_6 [Wl-3]
	Asking u_6 [Wl-3]'s watchers to watch [xuuR]
	Added [2D85] as watcher for u_2 [ZBDl]
	Asking u_2 [ZBDl]'s watchers to watch [xuuR]
	Added [x5MO] as watcher for u_7 [3bUw]
	Asking u_7 [3bUw]'s watchers to watch [xuuR]
	Added [jm4C] as watcher for u_4 [OiDM]
	Asking u_4 [OiDM]'s watchers to watch [xuuR]
	Added [x5MO] as watcher for u_5 [wqWj]
	Asking u_5 [wqWj]'s watchers to watch [xuuR]
	Added [2D85] as watcher for u_3 [jv4g]
	Asking u_3 [jv4g]'s watchers to watch [xuuR]
	Added [bivQ] as watcher for u_9 [3qWI]
	Asking u_9 [3qWI]'s watchers to watch [xuuR]
	Added [x5MO] as watcher for u_8 [E1Rg]
	Asking u_8 [E1Rg]'s watchers to watch [xuuR]
	Added [x5MO] as watcher for u_1 [E53X]
	Asking u_1 [E53X]'s watchers to watch [xuuR]
	Added [bivQ] as watcher for u_0 [WFyi]
	Asking u_0 [WFyi]'s watchers to watch [xuuR]
	✅ u_6 [Wl-3] Inception Done
	✅ u_5 [wqWj] Inception Done
	✅ u_1 [E53X] Inception Done
	✅ u_4 [OiDM] Inception Done
	✅ u_2 [ZBDl] Inception Done
	✅ u_3 [jv4g] Inception Done
	✅ u_7 [3bUw] Inception Done
	✅ u_8 [E1Rg] Inception Done
	✅ u_0 [WFyi] Inception Done
	✅ u_9 [3qWI] Inception Done
Test 2 (signature verification)
	✅ u_9 [3qWI] Message verified
	✅ u_4 [OiDM] Message verified
	✅ u_0 [WFyi] Message verified
	✅ u_3 [jv4g] Message verified
	✅ u_7 [3bUw] Message verified
	✅ u_8 [E1Rg] Message verified
	✅ u_5 [wqWj] Message verified
	✅ u_6 [Wl-3] Message verified
	✅ u_1 [E53X] Message verified
	✅ u_2 [ZBDl] Message verified
Waiting for an incoming message - Test 3 (signature verification after rotation of issuer)
	✅ u_6 [Wl-3] Message Verified (2)
	✅ u_9 [3qWI] Message Verified (2)
	✅ u_4 [OiDM] Message Verified (2)
	✅ u_1 [E53X] Message Verified (2)
	✅ u_3 [jv4g] Message Verified (2)
	✅ u_2 [ZBDl] Message Verified (2)
	✅ u_7 [3bUw] Message Verified (2)
	✅ u_5 [wqWj] Message Verified (2)
	✅ u_0 [WFyi] Message Verified (2)
	✅ u_8 [E1Rg] Message Verified (2)
Waiting for an incoming message - Test 4 (valid acdc credential)
skipped--
Waiting for an incoming message - Test 5 (acdc revocation)
skipped--
Waiting for an incoming message - Test 6
u_8 [E1Rg] Starts Rotation
u_5 [wqWj] Starts Rotation
u_2 [ZBDl] Starts Rotation
u_1 [E53X] Starts Rotation
u_6 [Wl-3] Starts Rotation
u_9 [3qWI] Starts Rotation
u_0 [WFyi] Starts Rotation
u_3 [jv4g] Starts Rotation
u_4 [OiDM] Starts Rotation
u_7 [3bUw] Starts Rotation
u_6 [Wl-3] Ends Rotation
u_6 [Wl-3] - Completed Key Rotation
u_1 [E53X] Ends Rotation
u_1 [E53X] - Completed Key Rotation
u_8 [E1Rg] Ends Rotation
u_8 [E1Rg] - Completed Key Rotation
u_2 [ZBDl] Ends Rotation
u_2 [ZBDl] - Completed Key Rotation
u_3 [jv4g] Ends Rotation
u_3 [jv4g] - Completed Key Rotation
u_4 [OiDM] Ends Rotation
u_4 [OiDM] - Completed Key Rotation
u_0 [WFyi] Ends Rotation
u_0 [WFyi] - Completed Key Rotation
u_9 [3qWI] Ends Rotation
u_9 [3qWI] - Completed Key Rotation
u_5 [wqWj] Ends Rotation
u_5 [wqWj] - Completed Key Rotation
u_7 [3bUw] Ends Rotation
u_7 [3bUw] - Completed Key Rotation
Executed 10 users / 10 success / 0 fail
Test 1: 8264ms (826 p.u.)
Test 2: 1ms (0 p.u.)
Test 3: 760ms (76 p.u.)
Test 4: 3908ms (390 p.u.)
