Waiting for an incoming message - Test 1 (inception)
Error while deserializing http message: Error("EOF while parsing a value", line: 1, column: 0)
	Preparing Data...
	Data is ready, starting users and test1
Incepted: u_7 [MFQt]
Incepted: u_2 [5qon]
Incepted: u_9 [UTjv]
Incepted: u_3 [KITD]
Incepted: u_8 [CEea]
Incepted: u_1 [NcLu]
Incepted: u_6 [4OHj]
Incepted: u_0 [pEw1]
Incepted: u_5 [Fd6w]
Incepted: u_4 [27aQ]
	Added [2D85] as watcher for u_3 [KITD]
	Added [x5MO] as watcher for u_7 [MFQt]
	Added [2D85] as watcher for u_2 [5qon]
	Added [2D85] as watcher for u_8 [CEea]
	Added [2D85] as watcher for u_6 [4OHj]
	Added [jm4C] as watcher for u_9 [UTjv]
	Added [2D85] as watcher for u_5 [Fd6w]
	Added [2D85] as watcher for u_4 [27aQ]
	Added [bivQ] as watcher for u_0 [pEw1]
	Added [bivQ] as watcher for u_1 [NcLu]
	Added [2D85] as watcher for u_7 [MFQt]
	Added [x5MO] as watcher for u_3 [KITD]
	Added [x5MO] as watcher for u_9 [UTjv]
	Added [x5MO] as watcher for u_6 [4OHj]
	Added [x5MO] as watcher for u_5 [Fd6w]
	Added [bivQ] as watcher for u_8 [CEea]
	Added [bivQ] as watcher for u_2 [5qon]
	Added [x5MO] as watcher for u_0 [pEw1]
	Added [x5MO] as watcher for u_4 [27aQ]
	Added [x5MO] as watcher for u_1 [NcLu]
	Added [bivQ] as watcher for u_7 [MFQt]
	Asking u_7 [MFQt]'s watchers to watch [xuuR]
	Added [x5MO] as watcher for u_2 [5qon]
	Asking u_2 [5qon]'s watchers to watch [xuuR]
	Added [jm4C] as watcher for u_3 [KITD]
	Asking u_3 [KITD]'s watchers to watch [xuuR]
	Added [jm4C] as watcher for u_8 [CEea]
	Asking u_8 [CEea]'s watchers to watch [xuuR]
	Added [bivQ] as watcher for u_9 [UTjv]
	Asking u_9 [UTjv]'s watchers to watch [xuuR]
	Added [bivQ] as watcher for u_6 [4OHj]
	Asking u_6 [4OHj]'s watchers to watch [xuuR]
	Added [2D85] as watcher for u_0 [pEw1]
	Asking u_0 [pEw1]'s watchers to watch [xuuR]
	Added [bivQ] as watcher for u_5 [Fd6w]
	Asking u_5 [Fd6w]'s watchers to watch [xuuR]
	Added [jm4C] as watcher for u_1 [NcLu]
	Asking u_1 [NcLu]'s watchers to watch [xuuR]
	Added [jm4C] as watcher for u_4 [27aQ]
	Asking u_4 [27aQ]'s watchers to watch [xuuR]
	✅ u_1 [NcLu] Inception Done
	✅ u_9 [UTjv] Inception Done
	✅ u_7 [MFQt] Inception Done
	✅ u_2 [5qon] Inception Done
	✅ u_0 [pEw1] Inception Done
	✅ u_8 [CEea] Inception Done
	✅ u_4 [27aQ] Inception Done
	✅ u_5 [Fd6w] Inception Done
	✅ u_3 [KITD] Inception Done
	✅ u_6 [4OHj] Inception Done
Test 2 (signature verification)
	✅ u_6 [4OHj] Message verified
	✅ u_5 [Fd6w] Message verified
	✅ u_3 [KITD] Message verified
	✅ u_8 [CEea] Message verified
	✅ u_1 [NcLu] Message verified
	✅ u_9 [UTjv] Message verified
	✅ u_2 [5qon] Message verified
	✅ u_7 [MFQt] Message verified
	✅ u_0 [pEw1] Message verified
	✅ u_4 [27aQ] Message verified
Waiting for an incoming message - Test 3 (signature verification after rotation of issuer)
	✅ u_2 [5qon] Message Verified (2)
	✅ u_5 [Fd6w] Message Verified (2)
	✅ u_6 [4OHj] Message Verified (2)
	✅ u_1 [NcLu] Message Verified (2)
	✅ u_9 [UTjv] Message Verified (2)
	✅ u_8 [CEea] Message Verified (2)
	✅ u_4 [27aQ] Message Verified (2)
	✅ u_3 [KITD] Message Verified (2)
	✅ u_0 [pEw1] Message Verified (2)
	✅ u_7 [MFQt] Message Verified (2)
Waiting for an incoming message - Test 4 (valid acdc credential)
skipped--
Waiting for an incoming message - Test 5 (acdc revocation)
skipped--
Waiting for an incoming message - Test 6
u_7 [MFQt] Starts Rotation
u_9 [UTjv] Starts Rotation
u_1 [NcLu] Starts Rotation
u_6 [4OHj] Starts Rotation
u_4 [27aQ] Starts Rotation
u_3 [KITD] Starts Rotation
u_0 [pEw1] Starts Rotation
u_2 [5qon] Starts Rotation
u_8 [CEea] Starts Rotation
u_5 [Fd6w] Starts Rotation
u_6 [4OHj] Ends Rotation
u_6 [4OHj] - Completed Key Rotation
u_5 [Fd6w] Ends Rotation
u_5 [Fd6w] - Completed Key Rotation
u_8 [CEea] Ends Rotation
u_8 [CEea] - Completed Key Rotation
u_0 [pEw1] Ends Rotation
u_0 [pEw1] - Completed Key Rotation
u_1 [NcLu] Ends Rotation
u_1 [NcLu] - Completed Key Rotation
u_9 [UTjv] Ends Rotation
u_9 [UTjv] - Completed Key Rotation
u_2 [5qon] Ends Rotation
u_2 [5qon] - Completed Key Rotation
u_7 [MFQt] Ends Rotation
u_7 [MFQt] - Completed Key Rotation
u_3 [KITD] Ends Rotation
u_3 [KITD] - Completed Key Rotation
u_4 [27aQ] Ends Rotation
u_4 [27aQ] - Completed Key Rotation
Executed 10 users / 10 success / 0 fail
Test 1: 8132ms (813 p.u.)
Test 2: 1ms (0 p.u.)
Test 3: 846ms (84 p.u.)
Test 4: 3524ms (352 p.u.)
