Waiting for an incoming message - Test 1 (inception)
Error while deserializing http message: Error("EOF while parsing a value", line: 1, column: 0)
	Preparing Data...
	Data is ready, starting users and test1
Incepted: u_1 [ECLH]
Incepted: u_9 [4CjS]
Incepted: u_2 [Zs-7]
Incepted: u_0 [17I4]
Incepted: u_4 [nYGx]
Incepted: u_5 [Gz_f]
Incepted: u_8 [pYdn]
Incepted: u_3 [8Ysh]
Incepted: u_7 [6swH]
	Added [x5MO] as watcher for u_1 [ECLH]
	Added [2D85] as watcher for u_2 [Zs-7]
	Added [2D85] as watcher for u_0 [17I4]
Incepted: u_6 [Q5pt]
	Added [bivQ] as watcher for u_9 [4CjS]
	Added [x5MO] as watcher for u_4 [nYGx]
	Added [2D85] as watcher for u_3 [8Ysh]
	Added [x5MO] as watcher for u_5 [Gz_f]
	Added [jm4C] as watcher for u_8 [pYdn]
	Added [2D85] as watcher for u_7 [6swH]
	Added [2D85] as watcher for u_1 [ECLH]
	Added [2D85] as watcher for u_9 [4CjS]
	Added [x5MO] as watcher for u_0 [17I4]
	Added [jm4C] as watcher for u_2 [Zs-7]
	Added [2D85] as watcher for u_4 [nYGx]
	Added [x5MO] as watcher for u_6 [Q5pt]
	Added [x5MO] as watcher for u_3 [8Ysh]
	Added [2D85] as watcher for u_6 [Q5pt]
	Added [jm4C] as watcher for u_5 [Gz_f]
	Added [x5MO] as watcher for u_8 [pYdn]
	Added [jm4C] as watcher for u_9 [4CjS]
	Asking u_9 [4CjS]'s watchers to watch [xuuR]
	Added [bivQ] as watcher for u_1 [ECLH]
	Asking u_1 [ECLH]'s watchers to watch [xuuR]
	Added [jm4C] as watcher for u_0 [17I4]
	Asking u_0 [17I4]'s watchers to watch [xuuR]
	Added [x5MO] as watcher for u_7 [6swH]
	Added [jm4C] as watcher for u_4 [nYGx]
	Asking u_4 [nYGx]'s watchers to watch [xuuR]
	Added [bivQ] as watcher for u_2 [Zs-7]
	Asking u_2 [Zs-7]'s watchers to watch [xuuR]
	Added [2D85] as watcher for u_5 [Gz_f]
	Asking u_5 [Gz_f]'s watchers to watch [xuuR]
	Added [jm4C] as watcher for u_3 [8Ysh]
	Asking u_3 [8Ysh]'s watchers to watch [xuuR]
	Added [bivQ] as watcher for u_8 [pYdn]
	Added [bivQ] as watcher for u_6 [Q5pt]
	Asking u_6 [Q5pt]'s watchers to watch [xuuR]
	Asking u_8 [pYdn]'s watchers to watch [xuuR]
	Added [jm4C] as watcher for u_7 [6swH]
	Asking u_7 [6swH]'s watchers to watch [xuuR]
	✅ u_1 [ECLH] Inception Done
	✅ u_4 [nYGx] Inception Done
	✅ u_9 [4CjS] Inception Done
	✅ u_0 [17I4] Inception Done
	✅ u_2 [Zs-7] Inception Done
	✅ u_5 [Gz_f] Inception Done
	✅ u_6 [Q5pt] Inception Done
	✅ u_3 [8Ysh] Inception Done
	✅ u_8 [pYdn] Inception Done
	✅ u_7 [6swH] Inception Done
Test 2 (signature verification)
	✅ u_7 [6swH] Message verified
	✅ u_8 [pYdn] Message verified
	✅ u_3 [8Ysh] Message verified
	✅ u_9 [4CjS] Message verified
	✅ u_1 [ECLH] Message verified
	✅ u_5 [Gz_f] Message verified
	✅ u_6 [Q5pt] Message verified
	✅ u_4 [nYGx] Message verified
	✅ u_0 [17I4] Message verified
	✅ u_2 [Zs-7] Message verified
Waiting for an incoming message - Test 3 (signature verification after rotation of issuer)
	✅ u_7 [6swH] Message Verified (2)
	✅ u_8 [pYdn] Message Verified (2)
	✅ u_4 [nYGx] Message Verified (2)
	✅ u_9 [4CjS] Message Verified (2)
	✅ u_5 [Gz_f] Message Verified (2)
	✅ u_3 [8Ysh] Message Verified (2)
	✅ u_2 [Zs-7] Message Verified (2)
	✅ u_0 [17I4] Message Verified (2)
	✅ u_1 [ECLH] Message Verified (2)
	✅ u_6 [Q5pt] Message Verified (2)
Waiting for an incoming message - Test 4 (valid acdc credential)
skipped--
Waiting for an incoming message - Test 5 (acdc revocation)
skipped--
Waiting for an incoming message - Test 6
u_6 [Q5pt] Starts Rotation
u_3 [8Ysh] Starts Rotation
u_5 [Gz_f] Starts Rotation
u_9 [4CjS] Starts Rotation
u_2 [Zs-7] Starts Rotation
u_7 [6swH] Starts Rotation
u_0 [17I4] Starts Rotation
u_4 [nYGx] Starts Rotation
u_8 [pYdn] Starts Rotation
u_1 [ECLH] Starts Rotation
u_3 [8Ysh] Ends Rotation
u_3 [8Ysh] - Completed Key Rotation
u_6 [Q5pt] Ends Rotation
u_6 [Q5pt] - Completed Key Rotation
u_7 [6swH] Ends Rotation
u_7 [6swH] - Completed Key Rotation
u_0 [17I4] Ends Rotation
u_0 [17I4] - Completed Key Rotation
u_8 [pYdn] Ends Rotation
u_8 [pYdn] - Completed Key Rotation
u_1 [ECLH] Ends Rotation
u_1 [ECLH] - Completed Key Rotation
u_5 [Gz_f] Ends Rotation
u_5 [Gz_f] - Completed Key Rotation
u_4 [nYGx] Ends Rotation
u_4 [nYGx] - Completed Key Rotation
u_2 [Zs-7] Ends Rotation
u_2 [Zs-7] - Completed Key Rotation
u_9 [4CjS] Ends Rotation
u_9 [4CjS] - Completed Key Rotation
Executed 10 users / 10 success / 0 fail
Test 1: 5542ms (554 p.u.)
Test 2: 1ms (0 p.u.)
Test 3: 685ms (68 p.u.)
Test 4: 4237ms (423 p.u.)
