Waiting for an incoming message - Test 1 (inception)
Error while deserializing http message: Error("EOF while parsing a value", line: 1, column: 0)
	Preparing Data...
	Data is ready, starting users and test1
Incepted: u_1 [JQ2a]
Incepted: u_8 [67xC]
Incepted: u_9 [tsfA]
Incepted: u_2 [P_EW]
Incepted: u_3 [yeRf]
Incepted: u_7 [NZQP]
	Added [jm4C] as watcher for u_1 [JQ2a]
Incepted: u_4 [OZAr]
Incepted: u_6 [Ru_G]
Incepted: u_5 [Himy]
	Added [bivQ] as watcher for u_8 [67xC]
	Added [2D85] as watcher for u_7 [NZQP]
	Added [bivQ] as watcher for u_9 [tsfA]
Incepted: u_0 [Rppl]
	Added [2D85] as watcher for u_1 [JQ2a]
	Added [bivQ] as watcher for u_2 [P_EW]
	Added [bivQ] as watcher for u_3 [yeRf]
	Added [2D85] as watcher for u_5 [Himy]
	Added [2D85] as watcher for u_0 [Rppl]
	Added [jm4C] as watcher for u_4 [OZAr]
	Added [bivQ] as watcher for u_6 [Ru_G]
	Added [2D85] as watcher for u_2 [P_EW]
	Added [jm4C] as watcher for u_7 [NZQP]
	Added [jm4C] as watcher for u_8 [67xC]
	Added [jm4C] as watcher for u_9 [tsfA]
	Added [x5MO] as watcher for u_3 [yeRf]
	Added [bivQ] as watcher for u_1 [JQ2a]
	Asking u_1 [JQ2a]'s watchers to watch [xuuR]
	Added [2D85] as watcher for u_6 [Ru_G]
	Added [bivQ] as watcher for u_5 [Himy]
	Added [x5MO] as watcher for u_4 [OZAr]
	Added [x5MO] as watcher for u_2 [P_EW]
	Asking u_2 [P_EW]'s watchers to watch [xuuR]
	Added [bivQ] as watcher for u_0 [Rppl]
	Added [x5MO] as watcher for u_7 [NZQP]
	Asking u_7 [NZQP]'s watchers to watch [xuuR]
	Added [2D85] as watcher for u_9 [tsfA]
	Asking u_9 [tsfA]'s watchers to watch [xuuR]
	Added [2D85] as watcher for u_8 [67xC]
	Asking u_8 [67xC]'s watchers to watch [xuuR]
	Added [jm4C] as watcher for u_3 [yeRf]
	Asking u_3 [yeRf]'s watchers to watch [xuuR]
	Added [x5MO] as watcher for u_6 [Ru_G]
	Asking u_6 [Ru_G]'s watchers to watch [xuuR]
	Added [x5MO] as watcher for u_5 [Himy]
	Asking u_5 [Himy]'s watchers to watch [xuuR]
	Added [x5MO] as watcher for u_0 [Rppl]
	Asking u_0 [Rppl]'s watchers to watch [xuuR]
	✅ u_1 [JQ2a] Inception Done
	Added [bivQ] as watcher for u_4 [OZAr]
	Asking u_4 [OZAr]'s watchers to watch [xuuR]
	✅ u_2 [P_EW] Inception Done
	✅ u_7 [NZQP] Inception Done
	✅ u_9 [tsfA] Inception Done
	✅ u_8 [67xC] Inception Done
	✅ u_3 [yeRf] Inception Done
	✅ u_6 [Ru_G] Inception Done
	✅ u_0 [Rppl] Inception Done
	✅ u_5 [Himy] Inception Done
	✅ u_4 [OZAr] Inception Done
Test 2 (signature verification)
	✅ u_4 [OZAr] Message verified
	✅ u_2 [P_EW] Message verified
	✅ u_6 [Ru_G] Message verified
	✅ u_0 [Rppl] Message verified
	✅ u_3 [yeRf] Message verified
	✅ u_7 [NZQP] Message verified
	✅ u_8 [67xC] Message verified
	✅ u_1 [JQ2a] Message verified
	✅ u_5 [Himy] Message verified
	✅ u_9 [tsfA] Message verified
Waiting for an incoming message - Test 3 (signature verification after rotation of issuer)
	✅ u_0 [Rppl] Message Verified (2)
	✅ u_3 [yeRf] Message Verified (2)
	✅ u_9 [tsfA] Message Verified (2)
	✅ u_6 [Ru_G] Message Verified (2)
	✅ u_7 [NZQP] Message Verified (2)
	✅ u_5 [Himy] Message Verified (2)
	✅ u_4 [OZAr] Message Verified (2)
	✅ u_8 [67xC] Message Verified (2)
	✅ u_2 [P_EW] Message Verified (2)
	✅ u_1 [JQ2a] Message Verified (2)
Waiting for an incoming message - Test 4 (valid acdc credential)
skipped--
Waiting for an incoming message - Test 5 (acdc revocation)
skipped--
Waiting for an incoming message - Test 6
u_1 [JQ2a] Starts Rotation
u_2 [P_EW] Starts Rotation
u_6 [Ru_G] Starts Rotation
u_8 [67xC] Starts Rotation
u_5 [Himy] Starts Rotation
u_3 [yeRf] Starts Rotation
u_9 [tsfA] Starts Rotation
u_7 [NZQP] Starts Rotation
u_4 [OZAr] Starts Rotation
u_0 [Rppl] Starts Rotation
u_9 [tsfA] Ends Rotation
u_9 [tsfA] - Completed Key Rotation
u_3 [yeRf] Ends Rotation
u_3 [yeRf] - Completed Key Rotation
u_5 [Himy] Ends Rotation
u_5 [Himy] - Completed Key Rotation
u_0 [Rppl] Ends Rotation
u_0 [Rppl] - Completed Key Rotation
u_6 [Ru_G] Ends Rotation
u_6 [Ru_G] - Completed Key Rotation
u_8 [67xC] Ends Rotation
u_8 [67xC] - Completed Key Rotation
u_4 [OZAr] Ends Rotation
u_4 [OZAr] - Completed Key Rotation
u_7 [NZQP] Ends Rotation
u_7 [NZQP] - Completed Key Rotation
u_2 [P_EW] Ends Rotation
u_2 [P_EW] - Completed Key Rotation
u_1 [JQ2a] Ends Rotation
u_1 [JQ2a] - Completed Key Rotation
Executed 10 users / 10 success / 0 fail
Test 1: 4275ms (427 p.u.)
Test 2: 1ms (0 p.u.)
Test 3: 602ms (60 p.u.)
Test 4: 3792ms (379 p.u.)
