Waiting for an incoming message - Test 1 (inception)
Error while deserializing http message: Error("EOF while parsing a value", line: 1, column: 0)
	Preparing Data...
	Data is ready, starting users and test1
Incepted: u_8 [K8eX]
Incepted: u_4 [Ezc0]
Incepted: u_6 [CVqC]
	Added [x5MO] as watcher for u_8 [K8eX]
Incepted: u_0 [2x4e]
Incepted: u_2 [iYpZ]
Incepted: u_1 [w7Vw]
Incepted: u_3 [18bj]
Incepted: u_7 [4FKN]
Incepted: u_9 [difY]
Incepted: u_5 [STdo]
	Added [2D85] as watcher for u_4 [Ezc0]
	Added [x5MO] as watcher for u_2 [iYpZ]
	Added [jm4C] as watcher for u_0 [2x4e]
	Added [jm4C] as watcher for u_8 [K8eX]
	Added [bivQ] as watcher for u_6 [CVqC]
	Added [x5MO] as watcher for u_3 [18bj]
	Added [2D85] as watcher for u_5 [STdo]
	Added [x5MO] as watcher for u_1 [w7Vw]
	Added [x5MO] as watcher for u_9 [difY]
	Added [2D85] as watcher for u_8 [K8eX]
	Asking u_8 [K8eX]'s watchers to watch [xuuR]
	Added [2D85] as watcher for u_2 [iYpZ]
	Added [bivQ] as watcher for u_7 [4FKN]
	Added [2D85] as watcher for u_6 [CVqC]
	Added [2D85] as watcher for u_3 [18bj]
	Added [jm4C] as watcher for u_4 [Ezc0]
	Added [bivQ] as watcher for u_0 [2x4e]
	Added [bivQ] as watcher for u_9 [difY]
	Added [jm4C] as watcher for u_5 [STdo]
	Added [bivQ] as watcher for u_1 [w7Vw]
	Added [x5MO] as watcher for u_7 [4FKN]
	Added [bivQ] as watcher for u_2 [iYpZ]
	Asking u_2 [iYpZ]'s watchers to watch [xuuR]
	Added [x5MO] as watcher for u_6 [CVqC]
	Asking u_6 [CVqC]'s watchers to watch [xuuR]
	Added [jm4C] as watcher for u_3 [18bj]
	Asking u_3 [18bj]'s watchers to watch [xuuR]
	Added [x5MO] as watcher for u_0 [2x4e]
	Asking u_0 [2x4e]'s watchers to watch [xuuR]
	✅ u_8 [K8eX] Inception Done
	Added [2D85] as watcher for u_9 [difY]
	Asking u_9 [difY]'s watchers to watch [xuuR]
	Added [bivQ] as watcher for u_4 [Ezc0]
	Asking u_4 [Ezc0]'s watchers to watch [xuuR]
	Added [jm4C] as watcher for u_1 [w7Vw]
	Asking u_1 [w7Vw]'s watchers to watch [xuuR]
	Added [jm4C] as watcher for u_7 [4FKN]
	Asking u_7 [4FKN]'s watchers to watch [xuuR]
	Added [x5MO] as watcher for u_5 [STdo]
	Asking u_5 [STdo]'s watchers to watch [xuuR]
	✅ u_2 [iYpZ] Inception Done
	✅ u_3 [18bj] Inception Done
	✅ u_6 [CVqC] Inception Done
	✅ u_0 [2x4e] Inception Done
	✅ u_9 [difY] Inception Done
	✅ u_4 [Ezc0] Inception Done
	✅ u_5 [STdo] Inception Done
	✅ u_7 [4FKN] Inception Done
	✅ u_1 [w7Vw] Inception Done
Test 2 (signature verification)
	✅ u_5 [STdo] Message verified
	✅ u_1 [w7Vw] Message verified
	✅ u_9 [difY] Message verified
	✅ u_7 [4FKN] Message verified
	✅ u_4 [Ezc0] Message verified
	✅ u_8 [K8eX] Message verified
	✅ u_2 [iYpZ] Message verified
	✅ u_6 [CVqC] Message verified
	✅ u_3 [18bj] Message verified
	✅ u_0 [2x4e] Message verified
Waiting for an incoming message - Test 3 (signature verification after rotation of issuer)
	✅ u_2 [iYpZ] Message Verified (2)
	✅ u_6 [CVqC] Message Verified (2)
	✅ u_3 [18bj] Message Verified (2)
	✅ u_9 [difY] Message Verified (2)
	✅ u_0 [2x4e] Message Verified (2)
	✅ u_5 [STdo] Message Verified (2)
	✅ u_4 [Ezc0] Message Verified (2)
	✅ u_7 [4FKN] Message Verified (2)
	✅ u_8 [K8eX] Message Verified (2)
	✅ u_1 [w7Vw] Message Verified (2)
Waiting for an incoming message - Test 4 (valid acdc credential)
skipped--
Waiting for an incoming message - Test 5 (acdc revocation)
skipped--
Waiting for an incoming message - Test 6
u_5 [STdo] Starts Rotation
u_8 [K8eX] Starts Rotation
u_7 [4FKN] Starts Rotation
u_3 [18bj] Starts Rotation
u_9 [difY] Starts Rotation
u_4 [Ezc0] Starts Rotation
u_1 [w7Vw] Starts Rotation
u_2 [iYpZ] Starts Rotation
u_0 [2x4e] Starts Rotation
u_6 [CVqC] Starts Rotation
u_2 [iYpZ] Ends Rotation
u_2 [iYpZ] - Completed Key Rotation
u_6 [CVqC] Ends Rotation
u_6 [CVqC] - Completed Key Rotation
u_4 [Ezc0] Ends Rotation
u_4 [Ezc0] - Completed Key Rotation
u_0 [2x4e] Ends Rotation
u_0 [2x4e] - Completed Key Rotation
u_3 [18bj] Ends Rotation
u_3 [18bj] - Completed Key Rotation
u_7 [4FKN] Ends Rotation
u_7 [4FKN] - Completed Key Rotation
u_8 [K8eX] Ends Rotation
u_8 [K8eX] - Completed Key Rotation
u_9 [difY] Ends Rotation
u_9 [difY] - Completed Key Rotation
u_1 [w7Vw] Ends Rotation
u_1 [w7Vw] - Completed Key Rotation
u_5 [STdo] Ends Rotation
u_5 [STdo] - Completed Key Rotation
Executed 10 users / 10 success / 0 fail
Test 1: 4829ms (482 p.u.)
Test 2: 1ms (0 p.u.)
Test 3: 662ms (66 p.u.)
Test 4: 4084ms (408 p.u.)
