Waiting for an incoming message - Test 1 (inception)
Error while deserializing http message: Error("EOF while parsing a value", line: 1, column: 0)
	Preparing Data...
	Data is ready, starting users and test1
Incepted: u_0 [MvV-]
Incepted: u_8 [9YBM]
Incepted: u_4 [4tcl]
Incepted: u_5 [6oM3]
Incepted: u_3 [RV1N]
Incepted: u_2 [lPVl]
Incepted: u_6 [jWT3]
Incepted: u_9 [uvdQ]
Incepted: u_7 [Jt5z]
	Added [bivQ] as watcher for u_8 [9YBM]
Incepted: u_1 [2cVy]
	Added [bivQ] as watcher for u_4 [4tcl]
	Added [x5MO] as watcher for u_0 [MvV-]
	Added [bivQ] as watcher for u_9 [uvdQ]
	Added [bivQ] as watcher for u_6 [jWT3]
	Added [x5MO] as watcher for u_5 [6oM3]
	Added [jm4C] as watcher for u_3 [RV1N]
	Added [2D85] as watcher for u_7 [Jt5z]
	Added [x5MO] as watcher for u_2 [lPVl]
	Added [bivQ] as watcher for u_0 [MvV-]
	Added [2D85] as watcher for u_4 [4tcl]
	Added [x5MO] as watcher for u_1 [2cVy]
	Added [jm4C] as watcher for u_8 [9YBM]
	Added [x5MO] as watcher for u_6 [jWT3]
	Added [bivQ] as watcher for u_3 [RV1N]
	Added [jm4C] as watcher for u_9 [uvdQ]
	Added [2D85] as watcher for u_5 [6oM3]
	Added [bivQ] as watcher for u_1 [2cVy]
	Added [2D85] as watcher for u_2 [lPVl]
	Added [x5MO] as watcher for u_4 [4tcl]
	Asking u_4 [4tcl]'s watchers to watch [xuuR]
	Added [2D85] as watcher for u_0 [MvV-]
	Asking u_0 [MvV-]'s watchers to watch [xuuR]
	Added [jm4C] as watcher for u_7 [Jt5z]
	Added [x5MO] as watcher for u_8 [9YBM]
	Asking u_8 [9YBM]'s watchers to watch [xuuR]
	Added [2D85] as watcher for u_9 [uvdQ]
	Asking u_9 [uvdQ]'s watchers to watch [xuuR]
	Added [bivQ] as watcher for u_2 [lPVl]
	Asking u_2 [lPVl]'s watchers to watch [xuuR]
	Added [2D85] as watcher for u_3 [RV1N]
	Asking u_3 [RV1N]'s watchers to watch [xuuR]
	Added [jm4C] as watcher for u_6 [jWT3]
	Asking u_6 [jWT3]'s watchers to watch [xuuR]
	Added [bivQ] as watcher for u_7 [Jt5z]
	Asking u_7 [Jt5z]'s watchers to watch [xuuR]
	Added [jm4C] as watcher for u_5 [6oM3]
	Asking u_5 [6oM3]'s watchers to watch [xuuR]
	Added [jm4C] as watcher for u_1 [2cVy]
	Asking u_1 [2cVy]'s watchers to watch [xuuR]
	✅ u_0 [MvV-] Inception Done
	✅ u_4 [4tcl] Inception Done
	✅ u_8 [9YBM] Inception Done
	✅ u_2 [lPVl] Inception Done
	✅ u_9 [uvdQ] Inception Done
	✅ u_3 [RV1N] Inception Done
	✅ u_6 [jWT3] Inception Done
	✅ u_7 [Jt5z] Inception Done
	✅ u_5 [6oM3] Inception Done
	✅ u_1 [2cVy] Inception Done
Test 2 (signature verification)
	✅ u_1 [2cVy] Message verified
	✅ u_4 [4tcl] Message verified
	✅ u_2 [lPVl] Message verified
	✅ u_5 [6oM3] Message verified
	✅ u_3 [RV1N] Message verified
	✅ u_8 [9YBM] Message verified
	✅ u_6 [jWT3] Message verified
	✅ u_9 [uvdQ] Message verified
	✅ u_7 [Jt5z] Message verified
	✅ u_0 [MvV-] Message verified
Waiting for an incoming message - Test 3 (signature verification after rotation of issuer)
	✅ u_7 [Jt5z] Message Verified (2)
	✅ u_6 [jWT3] Message Verified (2)
	✅ u_3 [RV1N] Message Verified (2)
	✅ u_5 [6oM3] Message Verified (2)
	✅ u_2 [lPVl] Message Verified (2)
	✅ u_4 [4tcl] Message Verified (2)
	✅ u_0 [MvV-] Message Verified (2)
	✅ u_8 [9YBM] Message Verified (2)
	✅ u_9 [uvdQ] Message Verified (2)
	✅ u_1 [2cVy] Message Verified (2)
Waiting for an incoming message - Test 4 (valid acdc credential)
skipped--
Waiting for an incoming message - Test 5 (acdc revocation)
skipped--
Waiting for an incoming message - Test 6
u_1 [2cVy] Starts Rotation
u_5 [6oM3] Starts Rotation
u_3 [RV1N] Starts Rotation
u_4 [4tcl] Starts Rotation
u_8 [9YBM] Starts Rotation
u_7 [Jt5z] Starts Rotation
u_6 [jWT3] Starts Rotation
u_9 [uvdQ] Starts Rotation
u_2 [lPVl] Starts Rotation
u_0 [MvV-] Starts Rotation
u_8 [9YBM] Ends Rotation
u_8 [9YBM] - Completed Key Rotation
u_9 [uvdQ] Ends Rotation
u_9 [uvdQ] - Completed Key Rotation
u_4 [4tcl] Ends Rotation
u_4 [4tcl] - Completed Key Rotation
u_3 [RV1N] Ends Rotation
u_3 [RV1N] - Completed Key Rotation
u_0 [MvV-] Ends Rotation
u_0 [MvV-] - Completed Key Rotation
u_5 [6oM3] Ends Rotation
u_5 [6oM3] - Completed Key Rotation
u_2 [lPVl] Ends Rotation
u_2 [lPVl] - Completed Key Rotation
u_7 [Jt5z] Ends Rotation
u_7 [Jt5z] - Completed Key Rotation
u_6 [jWT3] Ends Rotation
u_6 [jWT3] - Completed Key Rotation
u_1 [2cVy] Ends Rotation
u_1 [2cVy] - Completed Key Rotation
Executed 10 users / 10 success / 0 fail
Test 1: 5439ms (543 p.u.)
Test 2: 1ms (0 p.u.)
Test 3: 660ms (66 p.u.)
Test 4: 2156ms (215 p.u.)
