Waiting for an incoming message - Test 1 (inception)
Error while deserializing http message: Error("EOF while parsing a value", line: 1, column: 0)
	Preparing Data...
	Data is ready, starting users and test1
Incepted: u_1 [VQH_]
Incepted: u_8 [O-3a]
Incepted: u_6 [7arV]
Incepted: u_3 [PTOV]
Incepted: u_7 [rtQX]
Incepted: u_4 [mUxT]
Incepted: u_0 [kNHM]
Incepted: u_5 [KkCN]
Incepted: u_9 [cxnF]
	Added [jm4C] as watcher for u_1 [VQH_]
Incepted: u_2 [AaP0]
	Added [2D85] as watcher for u_6 [7arV]
	Added [x5MO] as watcher for u_7 [rtQX]
	Added [bivQ] as watcher for u_8 [O-3a]
	Added [bivQ] as watcher for u_3 [PTOV]
	Added [bivQ] as watcher for u_4 [mUxT]
	Added [2D85] as watcher for u_5 [KkCN]
	Added [bivQ] as watcher for u_0 [kNHM]
	Added [bivQ] as watcher for u_1 [VQH_]
	Added [bivQ] as watcher for u_9 [cxnF]
	Added [x5MO] as watcher for u_6 [7arV]
	Added [jm4C] as watcher for u_2 [AaP0]
	Added [2D85] as watcher for u_7 [rtQX]
	Added [x5MO] as watcher for u_8 [O-3a]
	Added [jm4C] as watcher for u_3 [PTOV]
	Added [jm4C] as watcher for u_4 [mUxT]
	Added [2D85] as watcher for u_0 [kNHM]
	Added [2D85] as watcher for u_1 [VQH_]
	Asking u_1 [VQH_]'s watchers to watch [xuuR]
	Added [x5MO] as watcher for u_5 [KkCN]
	Added [2D85] as watcher for u_2 [AaP0]
	Added [x5MO] as watcher for u_9 [cxnF]
	Added [2D85] as watcher for u_3 [PTOV]
	Asking u_3 [PTOV]'s watchers to watch [xuuR]
	Added [jm4C] as watcher for u_6 [7arV]
	Asking u_6 [7arV]'s watchers to watch [xuuR]
	Added [2D85] as watcher for u_4 [mUxT]
	Asking u_4 [mUxT]'s watchers to watch [xuuR]
	Added [jm4C] as watcher for u_8 [O-3a]
	Asking u_8 [O-3a]'s watchers to watch [xuuR]
	Added [bivQ] as watcher for u_7 [rtQX]
	Asking u_7 [rtQX]'s watchers to watch [xuuR]
	Added [jm4C] as watcher for u_5 [KkCN]
	Asking u_5 [KkCN]'s watchers to watch [xuuR]
	Added [jm4C] as watcher for u_0 [kNHM]
	Asking u_0 [kNHM]'s watchers to watch [xuuR]
	Added [2D85] as watcher for u_9 [cxnF]
	Asking u_9 [cxnF]'s watchers to watch [xuuR]
	Added [bivQ] as watcher for u_2 [AaP0]
	Asking u_2 [AaP0]'s watchers to watch [xuuR]
	✅ u_1 [VQH_] Inception Done
	✅ u_6 [7arV] Inception Done
	✅ u_3 [PTOV] Inception Done
	✅ u_4 [mUxT] Inception Done
	✅ u_8 [O-3a] Inception Done
	✅ u_7 [rtQX] Inception Done
	✅ u_5 [KkCN] Inception Done
	✅ u_0 [kNHM] Inception Done
	✅ u_9 [cxnF] Inception Done
	✅ u_2 [AaP0] Inception Done
Test 2 (signature verification)
	✅ u_2 [AaP0] Message verified
	✅ u_5 [KkCN] Message verified
	✅ u_8 [O-3a] Message verified
	✅ u_1 [VQH_] Message verified
	✅ u_0 [kNHM] Message verified
	✅ u_3 [PTOV] Message verified
	✅ u_9 [cxnF] Message verified
	✅ u_7 [rtQX] Message verified
	✅ u_4 [mUxT] Message verified
	✅ u_6 [7arV] Message verified
Waiting for an incoming message - Test 3 (signature verification after rotation of issuer)
	✅ u_6 [7arV] Message Verified (2)
	✅ u_9 [cxnF] Message Verified (2)
	✅ u_1 [VQH_] Message Verified (2)
	✅ u_7 [rtQX] Message Verified (2)
	✅ u_5 [KkCN] Message Verified (2)
	✅ u_0 [kNHM] Message Verified (2)
	✅ u_2 [AaP0] Message Verified (2)
	✅ u_4 [mUxT] Message Verified (2)
	✅ u_8 [O-3a] Message Verified (2)
	✅ u_3 [PTOV] Message Verified (2)
Waiting for an incoming message - Test 4 (valid acdc credential)
skipped--
Waiting for an incoming message - Test 5 (acdc revocation)
skipped--
Waiting for an incoming message - Test 6
u_3 [PTOV] Starts Rotation
u_8 [O-3a] Starts Rotation
u_4 [mUxT] Starts Rotation
u_2 [AaP0] Starts Rotation
u_7 [rtQX] Starts Rotation
u_6 [7arV] Starts Rotation
u_0 [kNHM] Starts Rotation
u_9 [cxnF] Starts Rotation
u_5 [KkCN] Starts Rotation
u_1 [VQH_] Starts Rotation
u_4 [mUxT] Ends Rotation
u_4 [mUxT] - Completed Key Rotation
u_6 [7arV] Ends Rotation
u_6 [7arV] - Completed Key Rotation
u_3 [PTOV] Ends Rotation
u_3 [PTOV] - Completed Key Rotation
u_1 [VQH_] Ends Rotation
u_1 [VQH_] - Completed Key Rotation
u_0 [kNHM] Ends Rotation
u_0 [kNHM] - Completed Key Rotation
u_7 [rtQX] Ends Rotation
u_7 [rtQX] - Completed Key Rotation
u_8 [O-3a] Ends Rotation
u_8 [O-3a] - Completed Key Rotation
u_2 [AaP0] Ends Rotation
u_2 [AaP0] - Completed Key Rotation
u_9 [cxnF] Ends Rotation
u_9 [cxnF] - Completed Key Rotation
u_5 [KkCN] Ends Rotation
u_5 [KkCN] - Completed Key Rotation
Executed 10 users / 10 success / 0 fail
Test 1: 6496ms (649 p.u.)
Test 2: 1ms (0 p.u.)
Test 3: 711ms (71 p.u.)
Test 4: 3458ms (345 p.u.)
