Waiting for an incoming message - Test 1 (inception)
Error while deserializing http message: Error("EOF while parsing a value", line: 1, column: 0)
	Preparing Data...
	Data is ready, starting users and test1
Incepted: u_3 [Szkb]
Incepted: u_2 [6uEK]
	Added [jm4C] as watcher for u_3 [Szkb]
Incepted: u_4 [0EVH]
Incepted: u_7 [XVxe]
Incepted: u_0 [mbxh]
Incepted: u_6 [YSwk]
Incepted: u_8 [0j9U]
Incepted: u_9 [mk44]
Incepted: u_5 [WbS5]
Incepted: u_1 [3tAy]
	Added [2D85] as watcher for u_2 [6uEK]
	Added [bivQ] as watcher for u_3 [Szkb]
	Added [jm4C] as watcher for u_7 [XVxe]
	Added [jm4C] as watcher for u_4 [0EVH]
	Added [jm4C] as watcher for u_8 [0j9U]
	Added [bivQ] as watcher for u_0 [mbxh]
	Added [jm4C] as watcher for u_6 [YSwk]
	Added [bivQ] as watcher for u_1 [3tAy]
	Added [bivQ] as watcher for u_9 [mk44]
	Added [2D85] as watcher for u_5 [WbS5]
	Added [2D85] as watcher for u_3 [Szkb]
	Asking u_3 [Szkb]'s watchers to watch [xuuR]
	Added [jm4C] as watcher for u_2 [6uEK]
	Added [x5MO] as watcher for u_6 [YSwk]
	Added [2D85] as watcher for u_7 [XVxe]
	Added [x5MO] as watcher for u_0 [mbxh]
	Added [x5MO] as watcher for u_5 [WbS5]
	Added [bivQ] as watcher for u_8 [0j9U]
	Added [bivQ] as watcher for u_4 [0EVH]
	Added [jm4C] as watcher for u_1 [3tAy]
	Added [jm4C] as watcher for u_9 [mk44]
	Added [2D85] as watcher for u_8 [0j9U]
	Asking u_8 [0j9U]'s watchers to watch [xuuR]
	Added [bivQ] as watcher for u_2 [6uEK]
	Asking u_2 [6uEK]'s watchers to watch [xuuR]
	Added [jm4C] as watcher for u_0 [mbxh]
	Asking u_0 [mbxh]'s watchers to watch [xuuR]
	Added [bivQ] as watcher for u_6 [YSwk]
	Asking u_6 [YSwk]'s watchers to watch [xuuR]
	Added [x5MO] as watcher for u_4 [0EVH]
	Asking u_4 [0EVH]'s watchers to watch [xuuR]
	Added [2D85] as watcher for u_1 [3tAy]
	Asking u_1 [3tAy]'s watchers to watch [xuuR]
	Added [bivQ] as watcher for u_7 [XVxe]
	Asking u_7 [XVxe]'s watchers to watch [xuuR]
	✅ u_3 [Szkb] Inception Done
	Added [x5MO] as watcher for u_9 [mk44]
	Asking u_9 [mk44]'s watchers to watch [xuuR]
	Added [bivQ] as watcher for u_5 [WbS5]
	Asking u_5 [WbS5]'s watchers to watch [xuuR]
	✅ u_2 [6uEK] Inception Done
	✅ u_7 [XVxe] Inception Done
	✅ u_0 [mbxh] Inception Done
	✅ u_6 [YSwk] Inception Done
	✅ u_8 [0j9U] Inception Done
	✅ u_4 [0EVH] Inception Done
	✅ u_1 [3tAy] Inception Done
	✅ u_9 [mk44] Inception Done
	✅ u_5 [WbS5] Inception Done
Test 2 (signature verification)
	✅ u_5 [WbS5] Message verified
	✅ u_9 [mk44] Message verified
	✅ u_1 [3tAy] Message verified
	✅ u_0 [mbxh] Message verified
	✅ u_2 [6uEK] Message verified
	✅ u_4 [0EVH] Message verified
	✅ u_3 [Szkb] Message verified
	✅ u_6 [YSwk] Message verified
	✅ u_7 [XVxe] Message verified
	✅ u_8 [0j9U] Message verified
Waiting for an incoming message - Test 3 (signature verification after rotation of issuer)
	✅ u_9 [mk44] Message Verified (2)
	✅ u_7 [XVxe] Message Verified (2)
	✅ u_2 [6uEK] Message Verified (2)
	✅ u_8 [0j9U] Message Verified (2)
	✅ u_3 [Szkb] Message Verified (2)
	✅ u_1 [3tAy] Message Verified (2)
	✅ u_5 [WbS5] Message Verified (2)
	✅ u_4 [0EVH] Message Verified (2)
	✅ u_0 [mbxh] Message Verified (2)
	✅ u_6 [YSwk] Message Verified (2)
Waiting for an incoming message - Test 4 (valid acdc credential)
skipped--
Waiting for an incoming message - Test 5 (acdc revocation)
skipped--
Waiting for an incoming message - Test 6
u_6 [YSwk] Starts Rotation
u_1 [3tAy] Starts Rotation
u_9 [mk44] Starts Rotation
u_0 [mbxh] Starts Rotation
u_4 [0EVH] Starts Rotation
u_2 [6uEK] Starts Rotation
u_7 [XVxe] Starts Rotation
u_8 [0j9U] Starts Rotation
u_3 [Szkb] Starts Rotation
u_5 [WbS5] Starts Rotation
u_9 [mk44] Ends Rotation
u_9 [mk44] - Completed Key Rotation
u_8 [0j9U] Ends Rotation
u_8 [0j9U] - Completed Key Rotation
u_2 [6uEK] Ends Rotation
u_2 [6uEK] - Completed Key Rotation
u_4 [0EVH] Ends Rotation
u_4 [0EVH] - Completed Key Rotation
u_5 [WbS5] Ends Rotation
u_5 [WbS5] - Completed Key Rotation
u_0 [mbxh] Ends Rotation
u_0 [mbxh] - Completed Key Rotation
u_1 [3tAy] Ends Rotation
u_1 [3tAy] - Completed Key Rotation
u_6 [YSwk] Ends Rotation
u_6 [YSwk] - Completed Key Rotation
u_3 [Szkb] Ends Rotation
u_3 [Szkb] - Completed Key Rotation
u_7 [XVxe] Ends Rotation
u_7 [XVxe] - Completed Key Rotation
Executed 10 users / 10 success / 0 fail
Test 1: 9404ms (940 p.u.)
Test 2: 2ms (0 p.u.)
Test 3: 996ms (99 p.u.)
Test 4: 5751ms (575 p.u.)
