Waiting for an incoming message - Test 1 (inception)
Error while deserializing http message: Error("EOF while parsing a value", line: 1, column: 0)
	Preparing Data...
	Data is ready, starting users and test1
Incepted: u_5 [hchG]
Incepted: u_0 [msQq]
Incepted: u_4 [DZrY]
Incepted: u_7 [Vv-b]
Incepted: u_9 [1Dge]
Incepted: u_2 [tx3D]
Incepted: u_3 [J0xQ]
Incepted: u_8 [FpsM]
Incepted: u_1 [itoA]
	Added [jm4C] as watcher for u_5 [hchG]
Incepted: u_6 [X0AW]
	Added [jm4C] as watcher for u_9 [1Dge]
	Added [jm4C] as watcher for u_0 [msQq]
	Added [2D85] as watcher for u_4 [DZrY]
	Added [jm4C] as watcher for u_3 [J0xQ]
	Added [jm4C] as watcher for u_2 [tx3D]
	Added [x5MO] as watcher for u_7 [Vv-b]
	Added [x5MO] as watcher for u_1 [itoA]
	Added [bivQ] as watcher for u_8 [FpsM]
	Added [2D85] as watcher for u_5 [hchG]
	Added [jm4C] as watcher for u_6 [X0AW]
	Added [x5MO] as watcher for u_9 [1Dge]
	Added [jm4C] as watcher for u_4 [DZrY]
	Added [x5MO] as watcher for u_0 [msQq]
	Added [jm4C] as watcher for u_1 [itoA]
	Added [bivQ] as watcher for u_3 [J0xQ]
	Added [bivQ] as watcher for u_2 [tx3D]
	Added [bivQ] as watcher for u_7 [Vv-b]
	Added [bivQ] as watcher for u_5 [hchG]
	Asking u_5 [hchG]'s watchers to watch [xuuR]
	Added [2D85] as watcher for u_8 [FpsM]
	Added [2D85] as watcher for u_9 [1Dge]
	Asking u_9 [1Dge]'s watchers to watch [xuuR]
	Added [2D85] as watcher for u_0 [msQq]
	Asking u_0 [msQq]'s watchers to watch [xuuR]
	Added [bivQ] as watcher for u_6 [X0AW]
	Added [2D85] as watcher for u_1 [itoA]
	Asking u_1 [itoA]'s watchers to watch [xuuR]
	Added [bivQ] as watcher for u_4 [DZrY]
	Asking u_4 [DZrY]'s watchers to watch [xuuR]
	Added [2D85] as watcher for u_2 [tx3D]
	Asking u_2 [tx3D]'s watchers to watch [xuuR]
	Added [jm4C] as watcher for u_7 [Vv-b]
	Asking u_7 [Vv-b]'s watchers to watch [xuuR]
	Added [2D85] as watcher for u_3 [J0xQ]
	Asking u_3 [J0xQ]'s watchers to watch [xuuR]
	Added [x5MO] as watcher for u_8 [FpsM]
	Asking u_8 [FpsM]'s watchers to watch [xuuR]
	Added [x5MO] as watcher for u_6 [X0AW]
	Asking u_6 [X0AW]'s watchers to watch [xuuR]
	✅ u_9 [1Dge] Inception Done
	✅ u_1 [itoA] Inception Done
	✅ u_0 [msQq] Inception Done
	✅ u_3 [J0xQ] Inception Done
	✅ u_7 [Vv-b] Inception Done
	✅ u_8 [FpsM] Inception Done
	✅ u_5 [hchG] Inception Done
	✅ u_4 [DZrY] Inception Done
	✅ u_2 [tx3D] Inception Done
	✅ u_6 [X0AW] Inception Done
Test 2 (signature verification)
	✅ u_6 [X0AW] Message verified
	✅ u_4 [DZrY] Message verified
	✅ u_5 [hchG] Message verified
	✅ u_0 [msQq] Message verified
	✅ u_3 [J0xQ] Message verified
	✅ u_2 [tx3D] Message verified
	✅ u_8 [FpsM] Message verified
	✅ u_9 [1Dge] Message verified
	✅ u_7 [Vv-b] Message verified
	✅ u_1 [itoA] Message verified
Waiting for an incoming message - Test 3 (signature verification after rotation of issuer)
	✅ u_7 [Vv-b] Message Verified (2)
	✅ u_6 [X0AW] Message Verified (2)
	✅ u_9 [1Dge] Message Verified (2)
	✅ u_5 [hchG] Message Verified (2)
	✅ u_0 [msQq] Message Verified (2)
	✅ u_3 [J0xQ] Message Verified (2)
	✅ u_2 [tx3D] Message Verified (2)
	✅ u_1 [itoA] Message Verified (2)
	✅ u_4 [DZrY] Message Verified (2)
	✅ u_8 [FpsM] Message Verified (2)
Waiting for an incoming message - Test 4 (valid acdc credential)
skipped--
Waiting for an incoming message - Test 5 (acdc revocation)
skipped--
Waiting for an incoming message - Test 6
u_8 [FpsM] Starts Rotation
u_2 [tx3D] Starts Rotation
u_4 [DZrY] Starts Rotation
u_9 [1Dge] Starts Rotation
u_6 [X0AW] Starts Rotation
u_5 [hchG] Starts Rotation
u_1 [itoA] Starts Rotation
u_0 [msQq] Starts Rotation
u_7 [Vv-b] Starts Rotation
u_3 [J0xQ] Starts Rotation
u_2 [tx3D] Ends Rotation
u_2 [tx3D] - Completed Key Rotation
u_8 [FpsM] Ends Rotation
u_8 [FpsM] - Completed Key Rotation
u_9 [1Dge] Ends Rotation
u_9 [1Dge] - Completed Key Rotation
u_3 [J0xQ] Ends Rotation
u_3 [J0xQ] - Completed Key Rotation
u_0 [msQq] Ends Rotation
u_0 [msQq] - Completed Key Rotation
u_1 [itoA] Ends Rotation
u_1 [itoA] - Completed Key Rotation
u_4 [DZrY] Ends Rotation
u_4 [DZrY] - Completed Key Rotation
u_6 [X0AW] Ends Rotation
u_6 [X0AW] - Completed Key Rotation
u_5 [hchG] Ends Rotation
u_5 [hchG] - Completed Key Rotation
u_7 [Vv-b] Ends Rotation
u_7 [Vv-b] - Completed Key Rotation
Executed 10 users / 10 success / 0 fail
Test 1: 7972ms (797 p.u.)
Test 2: 3ms (0 p.u.)
Test 3: 792ms (79 p.u.)
Test 4: 5561ms (556 p.u.)
