2024-08-13 12:33:54,9.7,17.779,168718336,178096,26279085
2024-08-13 12:33:59,0,18.1489,172228608,340461,43141321
2024-08-13 12:34:04,0,18.1489,172228608,340551,43141397
2024-08-13 12:34:09,3.2,18.1489,172228608,340551,43141397
2024-08-13 12:34:14,6.2,18.2291,172990464,340551,43141397
2024-08-13 12:34:19,3.2,18.3919,174534656,340849,43141473
2024-08-13 12:34:25,3.1,18.3919,174534656,340981,43141525
2024-08-13 12:34:30,0,18.3919,174534656,341113,43141525
2024-08-13 12:34:35,0,18.3919,174534656,341563,43141905
2024-08-13 12:34:40,0,18.4191,174792704,341671,43141933
2024-08-13 12:34:45,0,18.5822,176340992,341671,43141933
2024-08-13 12:34:51,0,18.7984,178393088,341761,43142009
2024-08-13 12:34:56,6.2,18.8256,178651136,341869,43142037
2024-08-13 12:35:01,3.1,18.8256,178651136,341869,43142037
2024-08-13 12:35:06,3.2,18.8256,178651136,341959,43142113
2024-08-13 12:35:11,0,18.8256,178651136,341959,43142113
2024-08-13 12:35:16,3.2,18.8248,178642944,344127,43144173
2024-08-13 12:35:22,3.2,18.8248,178642944,344217,43144249
2024-08-13 12:35:27,3,18.8248,178642944,344217,43144249
2024-08-13 12:35:32,3.2,18.8248,178642944,344217,43144249
2024-08-13 12:35:37,3.2,18.8248,178642944,344529,43144505
2024-08-13 12:35:42,5.9,18.8243,178638848,344709,43144657
2024-08-13 12:35:47,0,18.8243,178638848,344709,43144657
2024-08-13 12:35:53,0,18.8243,178638848,344709,43144657
2024-08-13 12:35:58,6,18.8243,178638848,344799,43144733
2024-08-13 12:36:03,0,18.8515,178896896,344841,43144761
2024-08-13 12:36:08,3.2,18.8515,178896896,344841,43144761
2024-08-13 12:36:13,3.1,18.8766,179134464,345069,43144837
2024-08-13 12:36:19,96.9,24.2408,230039552,403643,43184112
2024-08-13 12:36:24,0,24.3029,230629376,623586,43350777
2024-08-13 12:36:29,0,24.3306,230891520,623746,43350853
2024-08-13 12:36:34,0,24.4108,231653376,623788,43350881
2024-08-13 12:36:39,0,24.4652,232169472,623788,43350881
2024-08-13 12:36:45,0,25.161,238772224,654953,43541345
2024-08-13 12:36:50,6.2,25.161,238772224,654953,43541345
2024-08-13 12:36:55,0,25.161,238772224,654953,43541345
2024-08-13 12:37:00,0,25.161,238772224,655043,43541421
2024-08-13 12:37:05,0,25.1614,238776320,655043,43541421
2024-08-13 12:37:10,0,25.1614,238776320,655043,43541421
2024-08-13 12:37:16,0,25.1593,238755840,657367,43543557
2024-08-13 12:37:21,6.2,25.1597,238759936,657367,43543557
2024-08-13 12:37:26,3.2,25.1614,238776320,657367,43543557
2024-08-13 12:37:31,3.2,25.1614,238776320,657499,43543661
2024-08-13 12:37:36,3.2,25.1614,238776320,657499,43543661
2024-08-13 12:37:41,0,25.1614,238776320,657499,43543661
2024-08-13 12:37:47,0,25.1614,238776320,657859,43543965
2024-08-13 12:37:52,0,25.1614,238776320,657949,43544041
2024-08-13 12:37:57,6.2,25.1614,238776320,657949,43544041
2024-08-13 12:38:02,3.2,25.1873,239022080,657949,43544041
2024-08-13 12:38:07,3.1,25.2417,239538176,658039,43544117
2024-08-13 12:38:13,3.2,25.2417,239538176,658219,43544145
2024-08-13 12:38:18,0,25.2417,239538176,658219,43544145
2024-08-13 12:38:23,0,25.3229,240308224,658309,43544221
2024-08-13 12:38:28,0,25.3229,240308224,658351,43544249
2024-08-13 12:38:33,6.2,25.3229,240308224,658351,43544249
2024-08-13 12:38:38,3.1,25.3229,240308224,658441,43544325
2024-08-13 12:38:44,3.2,25.3229,240308224,658441,43544325
2024-08-13 12:38:49,3.2,25.3229,240308224,658441,43544325
2024-08-13 12:38:54,3.1,25.3488,240553984,658891,43544705
2024-08-13 12:38:59,0,25.3488,240553984,658933,43544733
2024-08-13 12:39:04,0,25.3388,240459776,658933,43544733
2024-08-13 12:39:10,0,25.4204,241233920,659023,43544809
2024-08-13 12:39:15,0,25.4981,241971200,661431,43546915
2024-08-13 12:39:20,0,25.4981,241971200,661489,43546915
2024-08-13 12:39:25,0,25.5253,242229248,661621,43547019
2024-08-13 12:39:30,0,25.6064,242999296,661679,43547019
2024-08-13 12:39:35,0,25.6871,243765248,661679,43547019
2024-08-13 12:39:41,0,22.9627,217911296,661769,43547095
2024-08-13 12:39:46,6,23.0171,218427392,661827,43547095
2024-08-13 12:39:51,3.1,23.0715,218943488,661827,43547095
2024-08-13 12:39:56,3.2,23.1514,219701248,662187,43547399
2024-08-13 12:40:01,0,23.1509,219697152,662319,43547503
2024-08-13 12:40:06,0,23.1509,219697152,662457,43547503
2024-08-13 12:40:12,0,23.2593,220725248,662457,43547503
2024-08-13 12:40:17,0,23.2852,220971008,662589,43547607
2024-08-13 12:40:22,3.1,23.3654,221732864,662589,43547607
2024-08-13 12:40:27,3.2,23.447,222507008,662589,43547607
2024-08-13 12:40:32,3.1,23.5001,223010816,662679,43547683
2024-08-13 12:40:38,3.2,23.5001,223010816,662679,43547683
2024-08-13 12:40:43,3.2,23.5001,223010816,662749,43547683
2024-08-13 12:40:48,3.2,23.5001,223010816,662839,43547759
2024-08-13 12:40:53,3.1,23.5001,223010816,662881,43547787
2024-08-13 12:40:58,3.1,23.4992,223002624,662881,43547787
2024-08-13 12:41:03,0,23.4988,222998528,663331,43548167
2024-08-13 12:41:09,0,23.4988,222998528,663331,43548167
2024-08-13 12:41:14,0,23.6318,224260096,665673,43550255
2024-08-13 12:41:19,0,23.6318,224260096,665763,43550331
2024-08-13 12:41:24,0,23.7677,225550336,665763,43550331
2024-08-13 12:41:29,6,23.8765,226582528,665763,43550331
2024-08-13 12:41:35,87.5,24.4203,231743488,669644,43552241
2024-08-13 12:41:40,0,18.5675,176201728,772964,43605722
2024-08-13 12:41:45,0,18.7285,177729536,772964,43605722
