2024-08-13 12:35:57,20.6,17.9093,169955328,181394,31573669
2024-08-13 12:36:03,3,18.0276,171077632,260393,42990535
2024-08-13 12:36:08,3.1,18.0556,171343872,260393,42990535
2024-08-13 12:36:13,3.1,18.0556,171343872,260483,42990611
2024-08-13 12:36:18,3.2,18.0556,171343872,260483,42990611
2024-08-13 12:36:23,0,18.0556,171343872,260483,42990611
2024-08-13 12:36:29,67.6,23.7962,225820672,446897,43098201
2024-08-13 12:36:34,0,23.8346,226185216,539423,43199500
2024-08-13 12:36:39,0,23.8346,226185216,539477,43199546
2024-08-13 12:36:44,3.1,23.8338,226177024,539477,43199546
2024-08-13 12:36:49,30.3,24.2887,230494208,570618,43389706
2024-08-13 12:36:55,0,24.2826,230436864,570618,43389706
2024-08-13 12:37:00,5.8,24.2818,230428672,570888,43389934
2024-08-13 12:37:05,3,24.2818,230428672,571068,43390086
2024-08-13 12:37:10,3.1,24.2818,230428672,571068,43390086
2024-08-13 12:37:15,5.9,24.2818,230428672,571068,43390086
2024-08-13 12:37:21,3.1,24.2818,230428672,571158,43390162
2024-08-13 12:37:26,3.1,24.2818,230428672,571158,43390162
2024-08-13 12:37:31,3.1,24.2818,230428672,571200,43390190
2024-08-13 12:37:36,3,24.2813,230424576,571290,43390266
2024-08-13 12:37:42,0,24.2813,230424576,571332,43390294
2024-08-13 12:37:47,3.2,24.2813,230424576,571332,43390294
2024-08-13 12:37:52,8.4,24.2796,230408192,573524,43392429
2024-08-13 12:37:57,5.8,24.2796,230408192,573524,43392429
2024-08-13 12:38:02,3.1,24.2796,230408192,573524,43392429
2024-08-13 12:38:08,0,24.3068,230666240,573974,43392809
2024-08-13 12:38:13,0,24.3068,230666240,573974,43392809
2024-08-13 12:38:18,5.9,24.3068,230666240,573974,43392809
2024-08-13 12:38:23,2.9,24.3068,230666240,574106,43392913
2024-08-13 12:38:28,3,24.334,230924288,574106,43392913
2024-08-13 12:38:34,0,24.334,230924288,574244,43392913
2024-08-13 12:38:39,3,24.3884,231440384,574334,43392989
2024-08-13 12:38:44,3,24.4428,231956480,574376,43393017
2024-08-13 12:38:49,0,24.6297,233730048,574376,43393017
2024-08-13 12:38:54,3.1,24.6569,233988096,574466,43393093
2024-08-13 12:39:00,0,24.6569,233988096,574466,43393093
2024-08-13 12:39:05,3.1,24.6569,233988096,574466,43393093
2024-08-13 12:39:10,0,24.6569,233988096,574736,43393321
2024-08-13 12:39:15,0,24.7112,234504192,574916,43393473
2024-08-13 12:39:20,3.1,24.7112,234504192,574958,43393501
2024-08-13 12:39:26,6.2,24.7112,234504192,574958,43393501
2024-08-13 12:39:31,0,24.7656,235020288,575048,43393577
2024-08-13 12:39:36,3.2,24.7656,235020288,575090,43393605
2024-08-13 12:39:41,3.1,24.7656,235020288,575090,43393605
2024-08-13 12:39:46,0,24.874,236048384,575180,43393681
2024-08-13 12:39:52,0,25.0354,237580288,577216,43395740
2024-08-13 12:39:57,3.1,25.0354,237580288,577216,43395740
2024-08-13 12:40:02,0,25.035,237576192,577306,43395816
2024-08-13 12:40:07,3.1,25.035,237576192,577306,43395816
2024-08-13 12:40:12,3.1,25.035,237576192,577396,43395892
2024-08-13 12:40:18,0,25.035,237576192,577798,43396224
2024-08-13 12:40:23,0,25.035,237576192,577798,43396224
2024-08-13 12:40:28,0,25.035,237576192,577936,43396224
2024-08-13 12:40:33,3.1,25.0345,237572096,578026,43396300
2024-08-13 12:40:38,0,25.0345,237572096,578068,43396328
2024-08-13 12:40:44,0,25.0345,237572096,578068,43396328
2024-08-13 12:40:49,3.1,25.0345,237572096,578158,43396404
2024-08-13 12:40:54,3,25.0337,237563904,578158,43396404
2024-08-13 12:40:59,0,25.0337,237563904,578228,43396404
2024-08-13 12:41:04,0,25.0242,237473792,578318,43396480
2024-08-13 12:41:10,3.1,25.0237,237469696,578318,43396480
2024-08-13 12:41:15,0,25.0237,237469696,578360,43396508
2024-08-13 12:41:20,3.2,25.0233,237465600,578720,43396812
2024-08-13 12:41:25,0,25.0233,237465600,578852,43396916
2024-08-13 12:41:30,0,25.0233,237465600,578852,43396916
2024-08-13 12:41:36,3.1,25.0233,237465600,578852,43396916
2024-08-13 12:41:41,0,25.0233,237465600,578942,43396992
2024-08-13 12:41:46,0,19.3168,183312384,688423,43456994
2024-08-13 12:41:51,0,19.344,183570432,688423,43456994
2024-08-13 12:41:56,3.2,19.344,183570432,688513,43457070
2024-08-13 12:42:02,5.8,19.344,183570432,688567,43457116
2024-08-13 12:42:07,3.2,19.344,183570432,688567,43457116
2024-08-13 12:42:12,3.1,19.344,183570432,688699,43457220
2024-08-13 12:42:17,5.9,19.3436,183566336,688699,43457220
