2024-08-13 12:34:35,17.2,17.6249,167256064,150714,26482148
2024-08-13 12:34:40,3.1,18.2482,173170688,284343,42975452
2024-08-13 12:34:45,0,18.2482,173170688,284401,42975452
2024-08-13 12:34:50,6,18.2482,173170688,284401,42975452
2024-08-13 12:34:56,3.1,18.2473,173162496,284491,42975528
2024-08-13 12:35:01,0,18.2473,173162496,284491,42975528
2024-08-13 12:35:06,3.2,18.2473,173162496,284491,42975528
2024-08-13 12:35:11,0,18.2473,173162496,284623,42975632
2024-08-13 12:35:16,3,18.2473,173162496,284623,42975632
2024-08-13 12:35:22,0,18.2473,173162496,284623,42975632
2024-08-13 12:35:27,3.1,18.2473,173162496,284713,42975708
2024-08-13 12:35:32,3.2,18.2473,173162496,284755,42975736
2024-08-13 12:35:37,8.3,18.2473,173162496,284755,42975736
2024-08-13 12:35:42,0,18.2473,173162496,284845,42975812
2024-08-13 12:35:48,0,18.2741,173416448,285205,42976116
2024-08-13 12:35:53,0,18.2741,173416448,285205,42976116
2024-08-13 12:35:58,3.2,18.3544,174178304,285205,42976116
2024-08-13 12:36:03,3.1,18.3816,174436352,285295,42976192
2024-08-13 12:36:08,0,18.5698,176222208,285337,42976220
2024-08-13 12:36:14,0,18.6242,176738304,285337,42976220
2024-08-13 12:36:19,3.2,18.6259,176754688,285565,42976296
2024-08-13 12:36:24,84.3,24.2228,229867520,485815,43089563
2024-08-13 12:36:29,0,24.2387,230019072,566178,43185971
2024-08-13 12:36:34,0,24.2387,230019072,566268,43186047
2024-08-13 12:36:40,0,24.2387,230019072,566268,43186047
2024-08-13 12:36:45,37.9,24.7454,234827776,596858,43376131
2024-08-13 12:36:50,5.9,24.7709,235069440,597308,43376511
2024-08-13 12:36:55,0,24.7709,235069440,597378,43376511
2024-08-13 12:37:00,0,24.7709,235069440,597420,43376539
2024-08-13 12:37:06,6,24.7709,235069440,597510,43376615
2024-08-13 12:37:11,3.2,24.7709,235069440,597510,43376615
2024-08-13 12:37:16,0,24.8253,235585536,597564,43376661
2024-08-13 12:37:21,0,24.8758,236064768,597654,43376737
2024-08-13 12:37:26,3,24.8758,236064768,597654,43376737
2024-08-13 12:37:32,2.9,24.9047,236339200,597708,43376783
2024-08-13 12:37:37,0,24.9319,236597248,597840,43376887
2024-08-13 12:37:42,3.1,24.9591,236855296,597840,43376887
2024-08-13 12:37:47,5.9,24.9591,236855296,597840,43376887
2024-08-13 12:37:53,0,24.9591,236855296,598110,43377115
2024-08-13 12:37:58,3.1,24.9591,236855296,598332,43377295
2024-08-13 12:38:03,0,24.9859,237109248,598332,43377295
2024-08-13 12:38:08,0,24.9859,237109248,598332,43377295
2024-08-13 12:38:13,8.8,24.9859,237109248,598560,43377371
2024-08-13 12:38:18,3,24.985,237101056,598560,43377371
2024-08-13 12:38:24,5.8,24.9846,237096960,600794,43379430
2024-08-13 12:38:29,3.2,24.9846,237096960,600884,43379506
2024-08-13 12:38:34,0,24.9846,237096960,600884,43379506
2024-08-13 12:38:39,0,24.9837,237088768,600884,43379506
2024-08-13 12:38:44,0,25.0109,237346816,600974,43379582
2024-08-13 12:38:50,0,25.0653,237862912,600974,43379582
2024-08-13 12:38:55,0,25.0653,237862912,601016,43379610
2024-08-13 12:39:00,3.1,25.0653,237862912,601466,43379990
2024-08-13 12:39:05,3.1,25.0653,237862912,601508,43380018
2024-08-13 12:39:10,6.1,25.0653,237862912,601508,43380018
2024-08-13 12:39:16,0,25.0653,237862912,601598,43380094
2024-08-13 12:39:21,3.2,25.0925,238120960,601652,43380140
2024-08-13 12:39:26,3,25.1451,238620672,601652,43380140
2024-08-13 12:39:31,5.9,22.5183,213692416,601742,43380216
2024-08-13 12:39:36,0,22.6542,214982656,601742,43380216
2024-08-13 12:39:42,3.1,22.9171,217477120,601742,43380216
2024-08-13 12:39:47,0,22.9689,217968640,601832,43380292
2024-08-13 12:39:52,0,22.9689,217968640,601916,43380348
2024-08-13 12:39:57,6.2,22.9689,217968640,601916,43380348
2024-08-13 12:40:03,3.2,22.9689,217968640,602276,43380652
2024-08-13 12:40:08,15.6,23.1286,219484160,604738,43382787
2024-08-13 12:40:13,3.1,23.1528,219713536,604738,43382787
2024-08-13 12:40:18,3.2,23.1528,219713536,604828,43382863
2024-08-13 12:40:23,3.1,23.1523,219709440,604828,43382863
2024-08-13 12:40:29,0,23.1523,219709440,604828,43382863
2024-08-13 12:40:34,0,23.1523,219709440,604828,43382863
2024-08-13 12:40:39,3.1,23.1523,219709440,604918,43382939
2024-08-13 12:40:44,0,23.1523,219709440,604918,43382939
2024-08-13 12:40:49,5.8,23.2063,220221440,604960,43382967
2024-08-13 12:40:55,0,23.2063,220221440,605050,43383043
2024-08-13 12:41:00,3,23.3142,221245440,605092,43383071
2024-08-13 12:41:05,3,23.3686,221761536,605182,43383147
2024-08-13 12:41:10,3,23.5844,223809536,605542,43383451
2024-08-13 12:41:15,0,23.6116,224067584,605542,43383451
2024-08-13 12:41:21,0,23.6388,224325632,605542,43383451
2024-08-13 12:41:26,0,23.6647,224571392,607920,43385678
2024-08-13 12:41:31,0,23.773,225599488,607920,43385678
2024-08-13 12:41:36,3.1,23.909,226889728,607994,43385968
2024-08-13 12:41:41,3.2,18.3963,174575616,715253,43441929
2024-08-13 12:41:47,3.1,18.4493,175079424,715253,43441929
2024-08-13 12:41:52,3.1,18.4493,175079424,715253,43441929
2024-08-13 12:41:57,0,18.4765,175337472,715343,43442005
2024-08-13 12:42:02,0,18.5309,175853568,715481,43442005
