2024-08-13 12:34:30,9.3,17.7203,168161280,152075,26730494
2024-08-13 12:34:35,0,18.2192,172896256,275632,42966710
2024-08-13 12:34:40,0,18.2192,172896256,275632,42966710
2024-08-13 12:34:45,0,18.246,173150208,276082,42967090
2024-08-13 12:34:50,0,18.3798,174419968,276082,42967090
2024-08-13 12:34:56,0,18.3798,174419968,276082,42967090
2024-08-13 12:35:01,0,18.3798,174419968,276172,42967166
2024-08-13 12:35:06,0,18.3798,174419968,276214,42967194
2024-08-13 12:35:11,3,18.407,174678016,276256,42967222
2024-08-13 12:35:16,0,18.5157,175710208,276346,42967298
2024-08-13 12:35:22,0,18.5701,176226304,276346,42967298
2024-08-13 12:35:27,3,18.6772,177242112,276346,42967298
2024-08-13 12:35:32,3.1,18.8658,179032064,276436,42967374
2024-08-13 12:35:37,6.2,18.9746,180064256,276478,42967402
2024-08-13 12:35:42,3.2,18.9746,180064256,276478,42967402
2024-08-13 12:35:48,2.9,18.9746,180064256,276928,42967782
2024-08-13 12:35:53,0,18.9763,180080640,276928,42967782
2024-08-13 12:35:58,0,18.9763,180080640,276928,42967782
2024-08-13 12:36:03,0,18.9758,180076544,279054,42969917
2024-08-13 12:36:08,2.9,18.9758,180076544,279234,42969945
2024-08-13 12:36:14,6.1,18.9754,180072448,279234,42969945
2024-08-13 12:36:19,0,18.9737,180056064,279324,42970021
2024-08-13 12:36:24,86.2,24.113,228827136,530749,43133372
2024-08-13 12:36:29,0,24.1316,229003264,557856,43176015
2024-08-13 12:36:35,2.9,24.1575,229249024,557856,43176015
2024-08-13 12:36:40,5.8,24.1575,229249024,557946,43176091
2024-08-13 12:36:45,3,24.5515,232988672,588460,43366174
2024-08-13 12:36:50,0,24.5515,232988672,588710,43366326
2024-08-13 12:36:55,0,24.5507,232980480,588980,43366554
2024-08-13 12:37:01,0,24.5485,232960000,588980,43366554
2024-08-13 12:37:06,5.9,24.5485,232960000,589022,43366582
2024-08-13 12:37:11,3,24.5485,232960000,589112,43366658
2024-08-13 12:37:16,0,24.5744,233205760,589112,43366658
2024-08-13 12:37:21,2.9,24.5744,233205760,589112,43366658
2024-08-13 12:37:27,3,24.574,233201664,589202,43366734
2024-08-13 12:37:32,0,24.574,233201664,589244,43366762
2024-08-13 12:37:37,0,24.574,233201664,589244,43366762
2024-08-13 12:37:42,0,24.574,233201664,589334,43366838
2024-08-13 12:37:48,0,24.574,233201664,589334,43366838
2024-08-13 12:37:53,3,24.6556,233975808,589334,43366838
2024-08-13 12:37:58,3,24.7099,234491904,589964,43367246
2024-08-13 12:38:03,3.1,25.1139,238325760,592042,43369333
2024-08-13 12:38:08,6.2,25.1139,238325760,592042,43369333
2024-08-13 12:38:14,3.2,25.1139,238325760,592132,43369409
2024-08-13 12:38:19,0,25.167,238829568,592186,43369455
2024-08-13 12:38:24,0,25.167,238829568,592240,43369515
2024-08-13 12:38:29,3,25.167,238829568,592330,43369591
2024-08-13 12:38:34,0,25.1688,238845952,592372,43369619
2024-08-13 12:38:40,0,25.1688,238845952,592372,43369619
2024-08-13 12:38:45,3.1,25.1688,238845952,592462,43369695
2024-08-13 12:38:50,3.1,25.1688,238845952,592462,43369695
2024-08-13 12:38:55,3.2,25.1688,238845952,592504,43369723
2024-08-13 12:39:00,8.8,25.1688,238845952,592864,43370027
2024-08-13 12:39:06,2.9,25.1688,238845952,592996,43370131
2024-08-13 12:39:11,0,25.1688,238845952,592996,43370131
2024-08-13 12:39:16,3.2,25.1688,238845952,592996,43370131
2024-08-13 12:39:21,3,25.1688,238845952,593086,43370207
2024-08-13 12:39:26,3.2,25.1688,238845952,593140,43370253
2024-08-13 12:39:32,6,25.1688,238845952,593140,43370253
2024-08-13 12:39:37,3.1,25.1588,238751744,593230,43370329
2024-08-13 12:39:42,0,25.1588,238751744,593272,43370357
2024-08-13 12:39:47,0,25.1588,238751744,593272,43370357
2024-08-13 12:39:52,0,25.1588,238751744,593404,43370461
2024-08-13 12:39:58,0,25.1588,238751744,593542,43370461
2024-08-13 12:40:03,3.1,25.1554,238718976,595578,43372520
2024-08-13 12:40:08,8.8,25.1554,238718976,596028,43372900
2024-08-13 12:40:13,0,25.1554,238718976,596028,43372900
2024-08-13 12:40:18,3.1,25.1554,238718976,596028,43372900
2024-08-13 12:40:24,3.2,25.155,238714880,596118,43372976
2024-08-13 12:40:29,5.7,25.155,238714880,596118,43372976
2024-08-13 12:40:34,0,25.155,238714880,596118,43372976
2024-08-13 12:40:39,3.1,25.1545,238710784,596208,43373052
2024-08-13 12:40:44,6,25.1545,238710784,596250,43373080
2024-08-13 12:40:50,3,25.1532,238698496,596292,43373108
2024-08-13 12:40:55,6.1,25.1532,238698496,596382,43373184
2024-08-13 12:41:00,0,25.1524,238690304,596382,43373184
2024-08-13 12:41:05,0,25.1524,238690304,596382,43373184
2024-08-13 12:41:11,3.2,25.1791,238944256,596832,43373564
2024-08-13 12:41:16,3.1,25.1791,238944256,596874,43373592
2024-08-13 12:41:21,0,25.2063,239202304,596874,43373592
2024-08-13 12:41:26,0,25.2063,239202304,596874,43373592
2024-08-13 12:41:31,5.9,25.2063,239202304,597034,43373668
2024-08-13 12:41:37,75,25.9133,245911552,637156,43391448
2024-08-13 12:41:42,3.2,17.3469,164618240,706271,43431405
2024-08-13 12:41:47,3.2,17.4289,165396480,706403,43431509
2024-08-13 12:41:52,3.1,17.4289,165396480,706403,43431509
2024-08-13 12:41:57,0,17.5649,166686720,706541,43431509
