2024-08-13 12:34:48,12.5,17.7893,168816640,166018,29471781
2024-08-13 12:34:53,3.1,18.413,174735360,243247,42982405
2024-08-13 12:34:58,3,18.413,174735360,243337,42982481
2024-08-13 12:35:03,0,18.413,174735360,243337,42982481
2024-08-13 12:35:09,0,18.413,174735360,243337,42982481
2024-08-13 12:35:14,0,18.413,174735360,243481,42982603
2024-08-13 12:35:19,3,18.4942,175505408,243481,42982603
2024-08-13 12:35:24,0,18.5248,175796224,243481,42982603
2024-08-13 12:35:29,3,18.5239,175788032,243571,42982679
2024-08-13 12:35:35,0,18.5244,175792128,243667,42982753
2024-08-13 12:35:40,6,18.5244,175792128,243709,42982781
2024-08-13 12:35:45,5.8,18.5244,175792128,244159,42983161
2024-08-13 12:35:50,3.2,18.5244,175792128,244159,42983161
2024-08-13 12:35:55,3.1,18.5498,176033792,244159,42983161
2024-08-13 12:36:01,0,18.5498,176033792,244159,42983161
2024-08-13 12:36:06,2.9,18.5477,176013312,244387,42983237
2024-08-13 12:36:11,0,18.5472,176009216,246633,42985348
2024-08-13 12:36:16,8.8,18.574,176263168,246633,42985348
2024-08-13 12:36:21,78.6,22.9839,218112000,262024,43006758
2024-08-13 12:36:27,73.4,24.2429,230060032,519928,43182399
2024-08-13 12:36:32,0,24.2719,230334464,525245,43191623
2024-08-13 12:36:37,0,24.2719,230334464,525447,43191727
2024-08-13 12:36:42,0,24.2719,230334464,525447,43191727
2024-08-13 12:36:48,0,24.6694,234106880,556184,43381885
2024-08-13 12:36:53,0,24.6694,234106880,556544,43382189
2024-08-13 12:36:58,3.1,24.6694,234106880,556544,43382189
2024-08-13 12:37:03,3.1,24.6685,234098688,556544,43382189
2024-08-13 12:37:08,3.1,24.6659,234074112,556634,43382265
2024-08-13 12:37:14,0,24.6918,234319872,556634,43382265
2024-08-13 12:37:19,0,24.6935,234336256,556634,43382265
2024-08-13 12:37:24,8.6,24.6931,234332160,556724,43382341
2024-08-13 12:37:29,0,24.6931,234332160,556766,43382369
2024-08-13 12:37:34,6.1,24.6931,234332160,556766,43382369
2024-08-13 12:37:40,3.1,24.719,234577920,556856,43382445
2024-08-13 12:37:45,2.9,24.7207,234594304,556898,43382473
2024-08-13 12:37:50,0,24.7207,234594304,556898,43382473
2024-08-13 12:37:55,6.2,24.7207,234594304,557348,43382853
2024-08-13 12:38:00,3,24.7207,234594304,557348,43382853
2024-08-13 12:38:06,3.1,24.7207,234594304,557486,43382853
2024-08-13 12:38:11,2.9,24.9111,236400640,559744,43384988
2024-08-13 12:38:16,3.1,24.9111,236400640,559744,43384988
2024-08-13 12:38:21,3,24.9111,236400640,559744,43384988
2024-08-13 12:38:26,9.1,24.965,236912640,559786,43385016
2024-08-13 12:38:32,0,25.1269,238448640,559876,43385092
2024-08-13 12:38:37,3,25.1269,238448640,559876,43385092
2024-08-13 12:38:42,0,25.1269,238448640,559930,43385138
2024-08-13 12:38:47,6.2,25.1269,238448640,560020,43385214
2024-08-13 12:38:52,3.2,25.1269,238448640,560020,43385214
2024-08-13 12:38:58,0,25.1269,238448640,560020,43385214
2024-08-13 12:39:03,3.2,25.1269,238448640,560512,43385622
2024-08-13 12:39:08,3.2,25.1269,238448640,560512,43385622
2024-08-13 12:39:13,0,25.1269,238448640,560512,43385622
2024-08-13 12:39:18,5.8,25.1269,238448640,560602,43385698
2024-08-13 12:39:24,3.1,25.1269,238448640,560644,43385726
2024-08-13 12:39:29,3.2,25.1269,238448640,560644,43385726
2024-08-13 12:39:34,2.9,25.1269,238448640,560734,43385802
2024-08-13 12:39:39,0,25.1269,238448640,560734,43385802
2024-08-13 12:39:44,0,25.1269,238448640,560734,43385802
2024-08-13 12:39:50,3,25.1269,238448640,560824,43385878
2024-08-13 12:39:55,0,25.117,238354432,561088,43386026
2024-08-13 12:40:00,3.1,25.117,238354432,561448,43386146
2024-08-13 12:40:05,3.1,25.117,238354432,561972,43386526
2024-08-13 12:40:10,3,25.1127,238313472,564272,43388585
2024-08-13 12:40:16,3.2,25.1127,238313472,564462,43388631
2024-08-13 12:40:21,0,25.1127,238313472,564652,43388735
2024-08-13 12:40:26,0,25.1127,238313472,564710,43388735
2024-08-13 12:40:31,0,25.1127,238313472,564842,43388735
2024-08-13 12:40:36,0,25.1127,238313472,564932,43388811
2024-08-13 12:40:42,0,25.1127,238313472,564932,43388811
2024-08-13 12:40:47,5.9,25.1127,238313472,564990,43388811
2024-08-13 12:40:52,3,25.1127,238313472,565102,43388839
2024-08-13 12:40:57,0,25.1127,238313472,565192,43388915
2024-08-13 12:41:02,0,25.1127,238313472,565192,43388915
2024-08-13 12:41:07,0,25.1122,238309376,565282,43388991
2024-08-13 12:41:13,3,25.1114,238301184,565642,43389295
2024-08-13 12:41:18,0,25.1105,238292992,565684,43389323
2024-08-13 12:41:23,6.1,25.1096,238284800,565684,43389323
2024-08-13 12:41:28,2.9,25.1096,238284800,565774,43389399
2024-08-13 12:41:34,0,25.1096,238284800,565774,43389399
2024-08-13 12:41:39,76.5,25.2089,239226880,634522,43422815
2024-08-13 12:41:44,3.1,19.4951,185004032,675353,43447263
2024-08-13 12:41:49,3,16.7819,159256576,675353,43447263
2024-08-13 12:41:54,3,16.838,159789056,675491,43447263
2024-08-13 12:42:00,0,16.9196,160563200,675581,43447339
