Waiting for an incoming message - Test 1 (inception)
Error while deserializing http message: Error("EOF while parsing a value", line: 1, column: 0)
	Preparing Data...
	Data is ready, starting users and test1
Incepted: u_4 [BR8J]
Incepted: u_1 [fl-K]
Incepted: u_5 [yTCe]
Incepted: u_0 [m9qG]
Incepted: u_7 [6owC]
Incepted: u_8 [4-2Y]
Incepted: u_3 [FMsG]
Incepted: u_6 [ksDe]
Incepted: u_2 [5TKJ]
Incepted: u_9 [Xkqj]
	Added [bivQ] as watcher for u_6 [ksDe]
	Added [x5MO] as watcher for u_4 [BR8J]
	Added [2D85] as watcher for u_1 [fl-K]
	Added [bivQ] as watcher for u_2 [5TKJ]
	Added [2D85] as watcher for u_0 [m9qG]
	Added [jm4C] as watcher for u_5 [yTCe]
	Added [x5MO] as watcher for u_7 [6owC]
	Added [x5MO] as watcher for u_3 [FMsG]
	Added [jm4C] as watcher for u_8 [4-2Y]
	Added [bivQ] as watcher for u_1 [fl-K]
	Added [x5MO] as watcher for u_9 [Xkqj]
	Added [2D85] as watcher for u_6 [ksDe]
	Added [2D85] as watcher for u_7 [6owC]
	Added [2D85] as watcher for u_4 [BR8J]
	Added [bivQ] as watcher for u_9 [Xkqj]
	Added [jm4C] as watcher for u_2 [5TKJ]
	Added [x5MO] as watcher for u_5 [yTCe]
	Added [jm4C] as watcher for u_3 [FMsG]
	Added [x5MO] as watcher for u_8 [4-2Y]
	Added [jm4C] as watcher for u_0 [m9qG]
	Added [bivQ] as watcher for u_7 [6owC]
	Asking u_7 [6owC]'s watchers to watch [cj1m]
	Added [x5MO] as watcher for u_1 [fl-K]
	Asking u_1 [fl-K]'s watchers to watch [cj1m]
	Added [bivQ] as watcher for u_5 [yTCe]
	Asking u_5 [yTCe]'s watchers to watch [cj1m]
	Added [x5MO] as watcher for u_6 [ksDe]
	Asking u_6 [ksDe]'s watchers to watch [cj1m]
	Added [bivQ] as watcher for u_8 [4-2Y]
	Asking u_8 [4-2Y]'s watchers to watch [cj1m]
	Added [bivQ] as watcher for u_3 [FMsG]
	Asking u_3 [FMsG]'s watchers to watch [cj1m]
	Added [2D85] as watcher for u_9 [Xkqj]
	Asking u_9 [Xkqj]'s watchers to watch [cj1m]
	Added [bivQ] as watcher for u_0 [m9qG]
	Asking u_0 [m9qG]'s watchers to watch [cj1m]
	Added [jm4C] as watcher for u_4 [BR8J]
	Asking u_4 [BR8J]'s watchers to watch [cj1m]
	Added [x5MO] as watcher for u_2 [5TKJ]
	Asking u_2 [5TKJ]'s watchers to watch [cj1m]
	✅ u_6 [ksDe] Inception Done
	✅ u_7 [6owC] Inception Done
	✅ u_5 [yTCe] Inception Done
	✅ u_1 [fl-K] Inception Done
	✅ u_8 [4-2Y] Inception Done
	✅ u_3 [FMsG] Inception Done
	✅ u_0 [m9qG] Inception Done
	✅ u_9 [Xkqj] Inception Done
	✅ u_2 [5TKJ] Inception Done
	✅ u_4 [BR8J] Inception Done
Test 2 (signature verification)
	✅ u_4 [BR8J] Message verified
	✅ u_5 [yTCe] Message verified
	✅ u_3 [FMsG] Message verified
	✅ u_1 [fl-K] Message verified
	✅ u_8 [4-2Y] Message verified
	✅ u_9 [Xkqj] Message verified
	✅ u_2 [5TKJ] Message verified
	✅ u_6 [ksDe] Message verified
	✅ u_0 [m9qG] Message verified
	✅ u_7 [6owC] Message verified
Waiting for an incoming message - Test 3 (signature verification after rotation of issuer)
	✅ u_6 [ksDe] Message Verified (2)
	✅ u_9 [Xkqj] Message Verified (2)
	✅ u_7 [6owC] Message Verified (2)
	✅ u_8 [4-2Y] Message Verified (2)
	✅ u_2 [5TKJ] Message Verified (2)
	✅ u_1 [fl-K] Message Verified (2)
	✅ u_5 [yTCe] Message Verified (2)
	✅ u_3 [FMsG] Message Verified (2)
	✅ u_4 [BR8J] Message Verified (2)
	✅ u_0 [m9qG] Message Verified (2)
Waiting for an incoming message - Test 4 (valid acdc credential)
skipped--
Waiting for an incoming message - Test 5 (acdc revocation)
skipped--
Waiting for an incoming message - Test 6
u_0 [m9qG] Starts Rotation
u_5 [yTCe] Starts Rotation
u_4 [BR8J] Starts Rotation
u_6 [ksDe] Starts Rotation
u_8 [4-2Y] Starts Rotation
u_1 [fl-K] Starts Rotation
u_7 [6owC] Starts Rotation
u_3 [FMsG] Starts Rotation
u_9 [Xkqj] Starts Rotation
u_2 [5TKJ] Starts Rotation
u_3 [FMsG] Ends Rotation
u_3 [FMsG] - Completed Key Rotation
u_6 [ksDe] Ends Rotation
u_6 [ksDe] - Completed Key Rotation
u_5 [yTCe] Ends Rotation
u_5 [yTCe] - Completed Key Rotation
u_4 [BR8J] Ends Rotation
u_4 [BR8J] - Completed Key Rotation
u_8 [4-2Y] Ends Rotation
u_8 [4-2Y] - Completed Key Rotation
u_0 [m9qG] Ends Rotation
u_0 [m9qG] - Completed Key Rotation
u_9 [Xkqj] Ends Rotation
u_9 [Xkqj] - Completed Key Rotation
u_7 [6owC] Ends Rotation
u_7 [6owC] - Completed Key Rotation
u_1 [fl-K] Ends Rotation
u_1 [fl-K] - Completed Key Rotation
u_2 [5TKJ] Ends Rotation
u_2 [5TKJ] - Completed Key Rotation
Executed 10 users / 10 success / 0 fail
Test 1: 4904ms (490 p.u.)
Test 2: 1ms (0 p.u.)
Test 3: 672ms (67 p.u.)
Test 4: 2275ms (227 p.u.)
