Waiting for an incoming message - Test 1 (inception)
Error while deserializing http message: Error("EOF while parsing a value", line: 1, column: 0)
	Preparing Data...
	Data is ready, starting users and test1
Incepted: u_9 [hPCV]
	Added [x5MO] as watcher for u_9 [hPCV]
	Added [bivQ] as watcher for u_9 [hPCV]
	Added [2D85] as watcher for u_9 [hPCV]
	Asking u_9 [hPCV]'s watchers to watch [cj1m]
Incepted: u_6 [mtsz]
	Added [bivQ] as watcher for u_6 [mtsz]
Incepted: u_4 [4jQY]
Incepted: u_0 [94Oa]
	Added [x5MO] as watcher for u_6 [mtsz]
	Added [x5MO] as watcher for u_4 [4jQY]
	Added [jm4C] as watcher for u_6 [mtsz]
	Asking u_6 [mtsz]'s watchers to watch [cj1m]
	Added [jm4C] as watcher for u_0 [94Oa]
	Added [2D85] as watcher for u_4 [4jQY]
Incepted: u_7 [z_aa]
Incepted: u_1 [6DIG]
	Added [2D85] as watcher for u_0 [94Oa]
Incepted: u_2 [7pAI]
	Added [jm4C] as watcher for u_4 [4jQY]
	Asking u_4 [4jQY]'s watchers to watch [cj1m]
	Added [jm4C] as watcher for u_7 [z_aa]
Incepted: u_8 [U-Tk]
	Added [x5MO] as watcher for u_1 [6DIG]
	✅ u_9 [hPCV] Inception Done
	Added [bivQ] as watcher for u_0 [94Oa]
	Asking u_0 [94Oa]'s watchers to watch [cj1m]
Incepted: u_3 [FpxM]
Incepted: u_5 [g0I2]
	Added [jm4C] as watcher for u_2 [7pAI]
	✅ u_6 [mtsz] Inception Done
	✅ u_4 [4jQY] Inception Done
	Added [bivQ] as watcher for u_7 [z_aa]
	Added [2D85] as watcher for u_5 [g0I2]
	Added [jm4C] as watcher for u_8 [U-Tk]
	Added [bivQ] as watcher for u_1 [6DIG]
	✅ u_0 [94Oa] Inception Done
	Added [bivQ] as watcher for u_3 [FpxM]
	Added [x5MO] as watcher for u_2 [7pAI]
	Added [x5MO] as watcher for u_5 [g0I2]
	Added [bivQ] as watcher for u_8 [U-Tk]
	Added [2D85] as watcher for u_7 [z_aa]
	Asking u_7 [z_aa]'s watchers to watch [cj1m]
	Added [jm4C] as watcher for u_1 [6DIG]
	Asking u_1 [6DIG]'s watchers to watch [cj1m]
	Added [bivQ] as watcher for u_2 [7pAI]
	Asking u_2 [7pAI]'s watchers to watch [cj1m]
	Added [jm4C] as watcher for u_3 [FpxM]
	✅ u_7 [z_aa] Inception Done
	Added [jm4C] as watcher for u_5 [g0I2]
	Asking u_5 [g0I2]'s watchers to watch [cj1m]
	✅ u_1 [6DIG] Inception Done
	Added [2D85] as watcher for u_8 [U-Tk]
	Asking u_8 [U-Tk]'s watchers to watch [cj1m]
	✅ u_2 [7pAI] Inception Done
	Added [2D85] as watcher for u_3 [FpxM]
	Asking u_3 [FpxM]'s watchers to watch [cj1m]
	✅ u_3 [FpxM] Inception Done
	✅ u_8 [U-Tk] Inception Done
	✅ u_5 [g0I2] Inception Done
Test 2 (signature verification)
	✅ u_6 [mtsz] Message verified
	✅ u_5 [g0I2] Message verified
	✅ u_3 [FpxM] Message verified
	✅ u_1 [6DIG] Message verified
	✅ u_7 [z_aa] Message verified
	✅ u_2 [7pAI] Message verified
	✅ u_4 [4jQY] Message verified
	✅ u_9 [hPCV] Message verified
	✅ u_0 [94Oa] Message verified
	✅ u_8 [U-Tk] Message verified
Waiting for an incoming message - Test 3 (signature verification after rotation of issuer)
	✅ u_2 [7pAI] Message Verified (2)
	✅ u_3 [FpxM] Message Verified (2)
	✅ u_1 [6DIG] Message Verified (2)
	✅ u_0 [94Oa] Message Verified (2)
	✅ u_5 [g0I2] Message Verified (2)
	✅ u_6 [mtsz] Message Verified (2)
	✅ u_9 [hPCV] Message Verified (2)
	✅ u_7 [z_aa] Message Verified (2)
	✅ u_8 [U-Tk] Message Verified (2)
	✅ u_4 [4jQY] Message Verified (2)
Waiting for an incoming message - Test 4 (valid acdc credential)
skipped--
Waiting for an incoming message - Test 5 (acdc revocation)
skipped--
Waiting for an incoming message - Test 6
u_4 [4jQY] Starts Rotation
u_2 [7pAI] Starts Rotation
u_5 [g0I2] Starts Rotation
u_7 [z_aa] Starts Rotation
u_9 [hPCV] Starts Rotation
u_3 [FpxM] Starts Rotation
u_1 [6DIG] Starts Rotation
u_8 [U-Tk] Starts Rotation
u_0 [94Oa] Starts Rotation
u_6 [mtsz] Starts Rotation
u_5 [g0I2] Ends Rotation
u_5 [g0I2] - Completed Key Rotation
u_7 [z_aa] Ends Rotation
u_7 [z_aa] - Completed Key Rotation
u_3 [FpxM] Ends Rotation
u_3 [FpxM] - Completed Key Rotation
u_2 [7pAI] Ends Rotation
u_2 [7pAI] - Completed Key Rotation
u_6 [mtsz] Ends Rotation
u_6 [mtsz] - Completed Key Rotation
u_1 [6DIG] Ends Rotation
u_1 [6DIG] - Completed Key Rotation
u_9 [hPCV] Ends Rotation
u_9 [hPCV] - Completed Key Rotation
u_4 [4jQY] Ends Rotation
u_4 [4jQY] - Completed Key Rotation
u_8 [U-Tk] Ends Rotation
u_8 [U-Tk] - Completed Key Rotation
u_0 [94Oa] Ends Rotation
u_0 [94Oa] - Completed Key Rotation
Executed 10 users / 10 success / 0 fail
Test 1: 72070ms (7207 p.u.)
Test 2: 1ms (0 p.u.)
Test 3: 828ms (82 p.u.)
Test 4: 69571ms (6957 p.u.)
