Waiting for an incoming message - Test 1 (inception)
Error while deserializing http message: Error("EOF while parsing a value", line: 1, column: 0)
	Preparing Data...
	Data is ready, starting users and test1
Incepted: u_6 [5o40]
	Added [2D85] as watcher for u_6 [5o40]
Incepted: u_2 [dxF3]
Incepted: u_7 [pb7f]
	Added [x5MO] as watcher for u_2 [dxF3]
	Added [bivQ] as watcher for u_6 [5o40]
	Added [jm4C] as watcher for u_7 [pb7f]
Incepted: u_9 [8P20]
Incepted: u_1 [gbE6]
	Added [2D85] as watcher for u_2 [dxF3]
Incepted: u_4 [EZHP]
	Added [x5MO] as watcher for u_6 [5o40]
	Asking u_6 [5o40]'s watchers to watch [cj1m]
	Added [x5MO] as watcher for u_7 [pb7f]
	Added [x5MO] as watcher for u_9 [8P20]
Incepted: u_5 [_dMf]
Incepted: u_3 [6k3P]
Incepted: u_8 [H2C3]
Incepted: u_0 [HGtI]
	Added [jm4C] as watcher for u_1 [gbE6]
	✅ u_6 [5o40] Inception Done
	Added [jm4C] as watcher for u_2 [dxF3]
	Asking u_2 [dxF3]'s watchers to watch [cj1m]
	Added [bivQ] as watcher for u_4 [EZHP]
	Added [bivQ] as watcher for u_9 [8P20]
	Added [bivQ] as watcher for u_5 [_dMf]
	Added [bivQ] as watcher for u_8 [H2C3]
	Added [2D85] as watcher for u_7 [pb7f]
	Asking u_7 [pb7f]'s watchers to watch [cj1m]
	Added [jm4C] as watcher for u_0 [HGtI]
	Added [x5MO] as watcher for u_1 [gbE6]
	✅ u_2 [dxF3] Inception Done
	Added [2D85] as watcher for u_3 [6k3P]
	Added [jm4C] as watcher for u_4 [EZHP]
	✅ u_7 [pb7f] Inception Done
	Added [bivQ] as watcher for u_1 [gbE6]
	Asking u_1 [gbE6]'s watchers to watch [cj1m]
	Added [jm4C] as watcher for u_5 [_dMf]
	Added [2D85] as watcher for u_9 [8P20]
	Asking u_9 [8P20]'s watchers to watch [cj1m]
	Added [2D85] as watcher for u_8 [H2C3]
	Added [2D85] as watcher for u_0 [HGtI]
	✅ u_9 [8P20] Inception Done
	Added [x5MO] as watcher for u_4 [EZHP]
	Asking u_4 [EZHP]'s watchers to watch [cj1m]
	Added [jm4C] as watcher for u_3 [6k3P]
	✅ u_1 [gbE6] Inception Done
	Added [bivQ] as watcher for u_3 [6k3P]
	Asking u_3 [6k3P]'s watchers to watch [cj1m]
	Added [bivQ] as watcher for u_0 [HGtI]
	Asking u_0 [HGtI]'s watchers to watch [cj1m]
	Added [x5MO] as watcher for u_5 [_dMf]
	Asking u_5 [_dMf]'s watchers to watch [cj1m]
	✅ u_3 [6k3P] Inception Done
	Added [x5MO] as watcher for u_8 [H2C3]
	Asking u_8 [H2C3]'s watchers to watch [cj1m]
	✅ u_4 [EZHP] Inception Done
	✅ u_0 [HGtI] Inception Done
	✅ u_5 [_dMf] Inception Done
	✅ u_8 [H2C3] Inception Done
Test 2 (signature verification)
	✅ u_8 [H2C3] Message verified
	✅ u_4 [EZHP] Message verified
	✅ u_0 [HGtI] Message verified
	✅ u_2 [dxF3] Message verified
	✅ u_3 [6k3P] Message verified
	✅ u_6 [5o40] Message verified
	✅ u_5 [_dMf] Message verified
	✅ u_7 [pb7f] Message verified
	✅ u_1 [gbE6] Message verified
	✅ u_9 [8P20] Message verified
Waiting for an incoming message - Test 3 (signature verification after rotation of issuer)
	✅ u_3 [6k3P] Message Verified (2)
	✅ u_4 [EZHP] Message Verified (2)
	✅ u_6 [5o40] Message Verified (2)
	✅ u_0 [HGtI] Message Verified (2)
	✅ u_9 [8P20] Message Verified (2)
	✅ u_1 [gbE6] Message Verified (2)
	✅ u_7 [pb7f] Message Verified (2)
	✅ u_8 [H2C3] Message Verified (2)
	✅ u_5 [_dMf] Message Verified (2)
	✅ u_2 [dxF3] Message Verified (2)
Waiting for an incoming message - Test 4 (valid acdc credential)
skipped--
Waiting for an incoming message - Test 5 (acdc revocation)
skipped--
Waiting for an incoming message - Test 6
u_8 [H2C3] Starts Rotation
u_1 [gbE6] Starts Rotation
u_7 [pb7f] Starts Rotation
u_3 [6k3P] Starts Rotation
u_6 [5o40] Starts Rotation
u_2 [dxF3] Starts Rotation
u_4 [EZHP] Starts Rotation
u_5 [_dMf] Starts Rotation
u_0 [HGtI] Starts Rotation
u_9 [8P20] Starts Rotation
u_8 [H2C3] Ends Rotation
u_8 [H2C3] - Completed Key Rotation
u_0 [HGtI] Ends Rotation
u_0 [HGtI] - Completed Key Rotation
u_9 [8P20] Ends Rotation
u_9 [8P20] - Completed Key Rotation
u_6 [5o40] Ends Rotation
u_6 [5o40] - Completed Key Rotation
u_7 [pb7f] Ends Rotation
u_7 [pb7f] - Completed Key Rotation
u_1 [gbE6] Ends Rotation
u_1 [gbE6] - Completed Key Rotation
u_4 [EZHP] Ends Rotation
u_4 [EZHP] - Completed Key Rotation
u_3 [6k3P] Ends Rotation
u_3 [6k3P] - Completed Key Rotation
u_5 [_dMf] Ends Rotation
u_5 [_dMf] - Completed Key Rotation
u_2 [dxF3] Ends Rotation
u_2 [dxF3] - Completed Key Rotation
Executed 10 users / 10 success / 0 fail
Test 1: 62575ms (6257 p.u.)
Test 2: 1ms (0 p.u.)
Test 3: 645ms (64 p.u.)
Test 4: 58372ms (5837 p.u.)
