Waiting for an incoming message - Test 1 (inception)
Error while deserializing http message: Error("EOF while parsing a value", line: 1, column: 0)
	Preparing Data...
	Data is ready, starting users and test1
Incepted: u_5 [Xx2U]
Incepted: u_9 [2UIW]
Incepted: u_1 [jkZb]
Incepted: u_6 [-BV-]
	Added [jm4C] as watcher for u_5 [Xx2U]
Incepted: u_8 [FwYG]
	Added [2D85] as watcher for u_9 [2UIW]
Incepted: u_3 [3vVV]
Incepted: u_4 [UwWE]
	Added [x5MO] as watcher for u_1 [jkZb]
Incepted: u_0 [ICb6]
	Added [jm4C] as watcher for u_8 [FwYG]
	Added [jm4C] as watcher for u_6 [-BV-]
Incepted: u_7 [IwLd]
	Added [bivQ] as watcher for u_5 [Xx2U]
	Added [bivQ] as watcher for u_9 [2UIW]
	Added [2D85] as watcher for u_1 [jkZb]
	Added [x5MO] as watcher for u_4 [UwWE]
	Added [bivQ] as watcher for u_3 [3vVV]
	Added [2D85] as watcher for u_8 [FwYG]
	Added [x5MO] as watcher for u_0 [ICb6]
	Added [jm4C] as watcher for u_7 [IwLd]
	Added [x5MO] as watcher for u_5 [Xx2U]
	Asking u_5 [Xx2U]'s watchers to watch [cj1m]
	Added [jm4C] as watcher for u_9 [2UIW]
	Asking u_9 [2UIW]'s watchers to watch [cj1m]
Incepted: u_2 [V4Kf]
	Added [bivQ] as watcher for u_6 [-BV-]
	Added [x5MO] as watcher for u_3 [3vVV]
	Added [jm4C] as watcher for u_4 [UwWE]
	Added [bivQ] as watcher for u_1 [jkZb]
	Asking u_1 [jkZb]'s watchers to watch [cj1m]
	Added [x5MO] as watcher for u_8 [FwYG]
	Asking u_8 [FwYG]'s watchers to watch [cj1m]
	Added [2D85] as watcher for u_0 [ICb6]
	Added [x5MO] as watcher for u_6 [-BV-]
	Asking u_6 [-BV-]'s watchers to watch [cj1m]
	Added [bivQ] as watcher for u_7 [IwLd]
	Added [jm4C] as watcher for u_2 [V4Kf]
	Added [jm4C] as watcher for u_3 [3vVV]
	Asking u_3 [3vVV]'s watchers to watch [cj1m]
	Added [bivQ] as watcher for u_4 [UwWE]
	Asking u_4 [UwWE]'s watchers to watch [cj1m]
	Added [jm4C] as watcher for u_0 [ICb6]
	Asking u_0 [ICb6]'s watchers to watch [cj1m]
	Added [x5MO] as watcher for u_7 [IwLd]
	Asking u_7 [IwLd]'s watchers to watch [cj1m]
	✅ u_9 [2UIW] Inception Done
	Added [bivQ] as watcher for u_2 [V4Kf]
	✅ u_5 [Xx2U] Inception Done
	Added [2D85] as watcher for u_2 [V4Kf]
	Asking u_2 [V4Kf]'s watchers to watch [cj1m]
	✅ u_1 [jkZb] Inception Done
	✅ u_6 [-BV-] Inception Done
	✅ u_8 [FwYG] Inception Done
	✅ u_3 [3vVV] Inception Done
	✅ u_0 [ICb6] Inception Done
	✅ u_2 [V4Kf] Inception Done
	✅ u_7 [IwLd] Inception Done
	✅ u_4 [UwWE] Inception Done
Test 2 (signature verification)
	✅ u_4 [UwWE] Message verified
	✅ u_2 [V4Kf] Message verified
	✅ u_8 [FwYG] Message verified
	✅ u_5 [Xx2U] Message verified
	✅ u_3 [3vVV] Message verified
	✅ u_1 [jkZb] Message verified
	✅ u_9 [2UIW] Message verified
	✅ u_0 [ICb6] Message verified
	✅ u_7 [IwLd] Message verified
	✅ u_6 [-BV-] Message verified
Waiting for an incoming message - Test 3 (signature verification after rotation of issuer)
	✅ u_6 [-BV-] Message Verified (2)
	✅ u_7 [IwLd] Message Verified (2)
	✅ u_9 [2UIW] Message Verified (2)
	✅ u_0 [ICb6] Message Verified (2)
	✅ u_2 [V4Kf] Message Verified (2)
	✅ u_5 [Xx2U] Message Verified (2)
	✅ u_4 [UwWE] Message Verified (2)
	✅ u_3 [3vVV] Message Verified (2)
	✅ u_1 [jkZb] Message Verified (2)
	✅ u_8 [FwYG] Message Verified (2)
Waiting for an incoming message - Test 4 (valid acdc credential)
skipped--
Waiting for an incoming message - Test 5 (acdc revocation)
skipped--
Waiting for an incoming message - Test 6
u_8 [FwYG] Starts Rotation
u_1 [jkZb] Starts Rotation
u_5 [Xx2U] Starts Rotation
u_6 [-BV-] Starts Rotation
u_0 [ICb6] Starts Rotation
u_3 [3vVV] Starts Rotation
u_2 [V4Kf] Starts Rotation
u_7 [IwLd] Starts Rotation
u_4 [UwWE] Starts Rotation
u_9 [2UIW] Starts Rotation
u_9 [2UIW] Ends Rotation
u_9 [2UIW] - Completed Key Rotation
u_1 [jkZb] Ends Rotation
u_1 [jkZb] - Completed Key Rotation
u_4 [UwWE] Ends Rotation
u_4 [UwWE] - Completed Key Rotation
u_8 [FwYG] Ends Rotation
u_8 [FwYG] - Completed Key Rotation
u_3 [3vVV] Ends Rotation
u_3 [3vVV] - Completed Key Rotation
u_2 [V4Kf] Ends Rotation
u_2 [V4Kf] - Completed Key Rotation
u_5 [Xx2U] Ends Rotation
u_5 [Xx2U] - Completed Key Rotation
u_7 [IwLd] Ends Rotation
u_7 [IwLd] - Completed Key Rotation
u_0 [ICb6] Ends Rotation
u_0 [ICb6] - Completed Key Rotation
