Waiting for an incoming message - Test 1 (inception)
Error while deserializing http message: Error("EOF while parsing a value", line: 1, column: 0)
	Preparing Data...
	Data is ready, starting users and test1
Incepted: u_8 [wCOx]
Incepted: u_1 [PEoZ]
Incepted: u_7 [H0sC]
Incepted: u_4 [Y34q]
Incepted: u_3 [tZrd]
	Added [2D85] as watcher for u_7 [H0sC]
Incepted: u_0 [jgk4]
	Added [x5MO] as watcher for u_1 [PEoZ]
	Added [bivQ] as watcher for u_8 [wCOx]
Incepted: u_6 [T2dt]
Incepted: u_9 [VJnp]
	Added [jm4C] as watcher for u_3 [tZrd]
	Added [bivQ] as watcher for u_4 [Y34q]
	Added [x5MO] as watcher for u_7 [H0sC]
	Added [x5MO] as watcher for u_8 [wCOx]
	Added [x5MO] as watcher for u_0 [jgk4]
Incepted: u_2 [bgZ_]
	Added [2D85] as watcher for u_3 [tZrd]
	Added [bivQ] as watcher for u_1 [PEoZ]
	Added [x5MO] as watcher for u_4 [Y34q]
	Added [bivQ] as watcher for u_9 [VJnp]
	Added [jm4C] as watcher for u_6 [T2dt]
Incepted: u_5 [KTdz]
	Added [x5MO] as watcher for u_2 [bgZ_]
	Added [2D85] as watcher for u_0 [jgk4]
	Added [jm4C] as watcher for u_8 [wCOx]
	Asking u_8 [wCOx]'s watchers to watch [cj1m]
	Added [bivQ] as watcher for u_7 [H0sC]
	Asking u_7 [H0sC]'s watchers to watch [cj1m]
	Added [2D85] as watcher for u_1 [PEoZ]
	Asking u_1 [PEoZ]'s watchers to watch [cj1m]
	Added [x5MO] as watcher for u_3 [tZrd]
	Asking u_3 [tZrd]'s watchers to watch [cj1m]
	Added [2D85] as watcher for u_4 [Y34q]
	Asking u_4 [Y34q]'s watchers to watch [cj1m]
	Added [2D85] as watcher for u_6 [T2dt]
	Added [jm4C] as watcher for u_9 [VJnp]
	Added [jm4C] as watcher for u_5 [KTdz]
	Added [jm4C] as watcher for u_2 [bgZ_]
	Added [jm4C] as watcher for u_0 [jgk4]
	Asking u_0 [jgk4]'s watchers to watch [cj1m]
	Added [x5MO] as watcher for u_6 [T2dt]
	Asking u_6 [T2dt]'s watchers to watch [cj1m]
	Added [2D85] as watcher for u_9 [VJnp]
	Asking u_9 [VJnp]'s watchers to watch [cj1m]
	Added [2D85] as watcher for u_5 [KTdz]
	Added [bivQ] as watcher for u_2 [bgZ_]
	Asking u_2 [bgZ_]'s watchers to watch [cj1m]
	✅ u_7 [H0sC] Inception Done
	Added [x5MO] as watcher for u_5 [KTdz]
	Asking u_5 [KTdz]'s watchers to watch [cj1m]
	✅ u_3 [tZrd] Inception Done
	✅ u_1 [PEoZ] Inception Done
	✅ u_6 [T2dt] Inception Done
	✅ u_8 [wCOx] Inception Done
	✅ u_2 [bgZ_] Inception Done
	✅ u_0 [jgk4] Inception Done
	✅ u_4 [Y34q] Inception Done
	✅ u_9 [VJnp] Inception Done
	✅ u_5 [KTdz] Inception Done
Test 2 (signature verification)
	✅ u_5 [KTdz] Message verified
	✅ u_2 [bgZ_] Message verified
	✅ u_3 [tZrd] Message verified
	✅ u_9 [VJnp] Message verified
	✅ u_4 [Y34q] Message verified
	✅ u_0 [jgk4] Message verified
	✅ u_1 [PEoZ] Message verified
	✅ u_6 [T2dt] Message verified
	✅ u_7 [H0sC] Message verified
	✅ u_8 [wCOx] Message verified
Waiting for an incoming message - Test 3 (signature verification after rotation of issuer)
	✅ u_3 [tZrd] Message Verified (2)
	✅ u_8 [wCOx] Message Verified (2)
	✅ u_0 [jgk4] Message Verified (2)
	✅ u_9 [VJnp] Message Verified (2)
	✅ u_7 [H0sC] Message Verified (2)
	✅ u_5 [KTdz] Message Verified (2)
	✅ u_1 [PEoZ] Message Verified (2)
	✅ u_4 [Y34q] Message Verified (2)
	✅ u_2 [bgZ_] Message Verified (2)
	✅ u_6 [T2dt] Message Verified (2)
Waiting for an incoming message - Test 4 (valid acdc credential)
skipped--
Waiting for an incoming message - Test 5 (acdc revocation)
skipped--
Waiting for an incoming message - Test 6
u_6 [T2dt] Starts Rotation
u_1 [PEoZ] Starts Rotation
u_3 [tZrd] Starts Rotation
u_8 [wCOx] Starts Rotation
u_7 [H0sC] Starts Rotation
u_0 [jgk4] Starts Rotation
u_9 [VJnp] Starts Rotation
u_5 [KTdz] Starts Rotation
u_4 [Y34q] Starts Rotation
u_2 [bgZ_] Starts Rotation
u_6 [T2dt] Ends Rotation
u_6 [T2dt] - Completed Key Rotation
u_9 [VJnp] Ends Rotation
u_9 [VJnp] - Completed Key Rotation
u_2 [bgZ_] Ends Rotation
u_2 [bgZ_] - Completed Key Rotation
u_8 [wCOx] Ends Rotation
u_8 [wCOx] - Completed Key Rotation
u_5 [KTdz] Ends Rotation
u_5 [KTdz] - Completed Key Rotation
u_1 [PEoZ] Ends Rotation
u_1 [PEoZ] - Completed Key Rotation
u_4 [Y34q] Ends Rotation
u_4 [Y34q] - Completed Key Rotation
u_7 [H0sC] Ends Rotation
u_7 [H0sC] - Completed Key Rotation
u_3 [tZrd] Ends Rotation
u_3 [tZrd] - Completed Key Rotation
