Waiting for an incoming message - Test 1 (inception)
Error while deserializing http message: Error("EOF while parsing a value", line: 1, column: 0)
	Preparing Data...
	Data is ready, starting users and test1
Incepted: u_0 [RPDa]
Incepted: u_5 [ekVs]
Incepted: u_9 [shN2]
Incepted: u_2 [loT8]
Incepted: u_7 [_6GU]
Incepted: u_3 [K79X]
Incepted: u_4 [E9JO]
Incepted: u_8 [kWWK]
Incepted: u_6 [TMMn]
Incepted: u_1 [l05r]
	Added [2D85] as watcher for u_9 [shN2]
	Added [2D85] as watcher for u_7 [_6GU]
	Added [2D85] as watcher for u_5 [ekVs]
	Added [2D85] as watcher for u_2 [loT8]
	Added [x5MO] as watcher for u_3 [K79X]
	Added [jm4C] as watcher for u_0 [RPDa]
	Added [2D85] as watcher for u_8 [kWWK]
	Added [jm4C] as watcher for u_4 [E9JO]
	Added [bivQ] as watcher for u_9 [shN2]
	Added [2D85] as watcher for u_1 [l05r]
	Added [x5MO] as watcher for u_6 [TMMn]
	Added [bivQ] as watcher for u_4 [E9JO]
	Added [2D85] as watcher for u_3 [K79X]
	Added [x5MO] as watcher for u_5 [ekVs]
	Added [jm4C] as watcher for u_7 [_6GU]
	Added [2D85] as watcher for u_0 [RPDa]
	Added [x5MO] as watcher for u_8 [kWWK]
	Added [jm4C] as watcher for u_2 [loT8]
	Added [jm4C] as watcher for u_6 [TMMn]
	Added [bivQ] as watcher for u_3 [K79X]
	Asking u_3 [K79X]'s watchers to watch [cj1m]
	Added [jm4C] as watcher for u_9 [shN2]
	Asking u_9 [shN2]'s watchers to watch [cj1m]
	Added [jm4C] as watcher for u_1 [l05r]
	Added [bivQ] as watcher for u_8 [kWWK]
	Asking u_8 [kWWK]'s watchers to watch [cj1m]
	Added [bivQ] as watcher for u_2 [loT8]
	Asking u_2 [loT8]'s watchers to watch [cj1m]
	Added [2D85] as watcher for u_4 [E9JO]
	Asking u_4 [E9JO]'s watchers to watch [cj1m]
	Added [x5MO] as watcher for u_7 [_6GU]
	Asking u_7 [_6GU]'s watchers to watch [cj1m]
	Added [jm4C] as watcher for u_5 [ekVs]
	Asking u_5 [ekVs]'s watchers to watch [cj1m]
	Added [x5MO] as watcher for u_0 [RPDa]
	Asking u_0 [RPDa]'s watchers to watch [cj1m]
	Added [2D85] as watcher for u_6 [TMMn]
	Asking u_6 [TMMn]'s watchers to watch [cj1m]
	Added [x5MO] as watcher for u_1 [l05r]
	Asking u_1 [l05r]'s watchers to watch [cj1m]
	✅ u_9 [shN2] Inception Done
	✅ u_8 [kWWK] Inception Done
	✅ u_3 [K79X] Inception Done
	✅ u_2 [loT8] Inception Done
	✅ u_5 [ekVs] Inception Done
	✅ u_4 [E9JO] Inception Done
	✅ u_7 [_6GU] Inception Done
	✅ u_0 [RPDa] Inception Done
	✅ u_6 [TMMn] Inception Done
	✅ u_1 [l05r] Inception Done
Test 2 (signature verification)
	✅ u_1 [l05r] Message verified
	✅ u_3 [K79X] Message verified
	✅ u_2 [loT8] Message verified
	✅ u_9 [shN2] Message verified
	✅ u_4 [E9JO] Message verified
	✅ u_0 [RPDa] Message verified
	✅ u_5 [ekVs] Message verified
	✅ u_8 [kWWK] Message verified
	✅ u_6 [TMMn] Message verified
	✅ u_7 [_6GU] Message verified
Waiting for an incoming message - Test 3 (signature verification after rotation of issuer)
	✅ u_4 [E9JO] Message Verified (2)
	✅ u_5 [ekVs] Message Verified (2)
	✅ u_0 [RPDa] Message Verified (2)
	✅ u_7 [_6GU] Message Verified (2)
	✅ u_2 [loT8] Message Verified (2)
	✅ u_3 [K79X] Message Verified (2)
	✅ u_1 [l05r] Message Verified (2)
	✅ u_8 [kWWK] Message Verified (2)
	✅ u_9 [shN2] Message Verified (2)
	✅ u_6 [TMMn] Message Verified (2)
Waiting for an incoming message - Test 4 (valid acdc credential)
skipped--
Waiting for an incoming message - Test 5 (acdc revocation)
skipped--
Waiting for an incoming message - Test 6
u_6 [TMMn] Starts Rotation
u_0 [RPDa] Starts Rotation
u_2 [loT8] Starts Rotation
u_5 [ekVs] Starts Rotation
u_4 [E9JO] Starts Rotation
u_7 [_6GU] Starts Rotation
u_9 [shN2] Starts Rotation
u_1 [l05r] Starts Rotation
u_3 [K79X] Starts Rotation
u_8 [kWWK] Starts Rotation
u_0 [RPDa] Ends Rotation
u_0 [RPDa] - Completed Key Rotation
u_5 [ekVs] Ends Rotation
u_5 [ekVs] - Completed Key Rotation
u_4 [E9JO] Ends Rotation
u_4 [E9JO] - Completed Key Rotation
u_7 [_6GU] Ends Rotation
u_7 [_6GU] - Completed Key Rotation
u_9 [shN2] Ends Rotation
u_9 [shN2] - Completed Key Rotation
u_1 [l05r] Ends Rotation
u_1 [l05r] - Completed Key Rotation
u_3 [K79X] Ends Rotation
u_3 [K79X] - Completed Key Rotation
u_6 [TMMn] Ends Rotation
u_6 [TMMn] - Completed Key Rotation
u_2 [loT8] Ends Rotation
u_2 [loT8] - Completed Key Rotation
u_8 [kWWK] Ends Rotation
u_8 [kWWK] - Completed Key Rotation
Executed 10 users / 10 success / 0 fail
Test 1: 4865ms (486 p.u.)
Test 2: 0ms (0 p.u.)
Test 3: 623ms (62 p.u.)
Test 4: 2091ms (209 p.u.)
