Waiting for an incoming message - Test 1 (inception)
Error while deserializing http message: Error("EOF while parsing a value", line: 1, column: 0)
	Preparing Data...
	Data is ready, starting users and test1
Incepted: u_6 [89_g]
Incepted: u_5 [wLVW]
	Added [2D85] as watcher for u_6 [89_g]
	Added [x5MO] as watcher for u_6 [89_g]
Incepted: u_4 [okZa]
Incepted: u_8 [fi8d]
Incepted: u_3 [Me9f]
Incepted: u_0 [ET-l]
Incepted: u_7 [zXAb]
	Added [bivQ] as watcher for u_5 [wLVW]
Incepted: u_1 [aVMx]
	Added [jm4C] as watcher for u_6 [89_g]
	Asking u_6 [89_g]'s watchers to watch [cj1m]
Incepted: u_2 [KHk0]
	Added [x5MO] as watcher for u_3 [Me9f]
Incepted: u_9 [72h8]
	Added [2D85] as watcher for u_7 [zXAb]
	Added [bivQ] as watcher for u_8 [fi8d]
	Added [bivQ] as watcher for u_4 [okZa]
	Added [x5MO] as watcher for u_1 [aVMx]
	Added [jm4C] as watcher for u_5 [wLVW]
	Added [jm4C] as watcher for u_0 [ET-l]
	Added [x5MO] as watcher for u_4 [okZa]
	Added [2D85] as watcher for u_8 [fi8d]
	Added [x5MO] as watcher for u_9 [72h8]
	Added [2D85] as watcher for u_5 [wLVW]
	Asking u_5 [wLVW]'s watchers to watch [cj1m]
	Added [x5MO] as watcher for u_7 [zXAb]
	Added [bivQ] as watcher for u_2 [KHk0]
	Added [bivQ] as watcher for u_3 [Me9f]
	Added [2D85] as watcher for u_0 [ET-l]
	Added [bivQ] as watcher for u_1 [aVMx]
	Added [2D85] as watcher for u_9 [72h8]
	Added [2D85] as watcher for u_3 [Me9f]
	Asking u_3 [Me9f]'s watchers to watch [cj1m]
	Added [jm4C] as watcher for u_4 [okZa]
	Asking u_4 [okZa]'s watchers to watch [cj1m]
	Added [jm4C] as watcher for u_7 [zXAb]
	Asking u_7 [zXAb]'s watchers to watch [cj1m]
	✅ u_6 [89_g] Inception Done
	Added [2D85] as watcher for u_1 [aVMx]
	Asking u_1 [aVMx]'s watchers to watch [cj1m]
	Added [x5MO] as watcher for u_2 [KHk0]
	Added [jm4C] as watcher for u_8 [fi8d]
	Asking u_8 [fi8d]'s watchers to watch [cj1m]
	Added [x5MO] as watcher for u_0 [ET-l]
	Asking u_0 [ET-l]'s watchers to watch [cj1m]
	Added [jm4C] as watcher for u_9 [72h8]
	Asking u_9 [72h8]'s watchers to watch [cj1m]
	Added [jm4C] as watcher for u_2 [KHk0]
	Asking u_2 [KHk0]'s watchers to watch [cj1m]
	✅ u_5 [wLVW] Inception Done
	✅ u_3 [Me9f] Inception Done
	✅ u_4 [okZa] Inception Done
	✅ u_8 [fi8d] Inception Done
	✅ u_1 [aVMx] Inception Done
	✅ u_7 [zXAb] Inception Done
	✅ u_9 [72h8] Inception Done
	✅ u_2 [KHk0] Inception Done
	✅ u_0 [ET-l] Inception Done
Test 2 (signature verification)
	✅ u_0 [ET-l] Message verified
	✅ u_3 [Me9f] Message verified
	✅ u_9 [72h8] Message verified
	✅ u_7 [zXAb] Message verified
	✅ u_1 [aVMx] Message verified
	✅ u_2 [KHk0] Message verified
	✅ u_5 [wLVW] Message verified
	✅ u_4 [okZa] Message verified
	✅ u_8 [fi8d] Message verified
	✅ u_6 [89_g] Message verified
Waiting for an incoming message - Test 3 (signature verification after rotation of issuer)
	✅ u_6 [89_g] Message Verified (2)
	✅ u_0 [ET-l] Message Verified (2)
	✅ u_7 [zXAb] Message Verified (2)
	✅ u_9 [72h8] Message Verified (2)
	✅ u_2 [KHk0] Message Verified (2)
	✅ u_8 [fi8d] Message Verified (2)
	✅ u_1 [aVMx] Message Verified (2)
	✅ u_4 [okZa] Message Verified (2)
	✅ u_3 [Me9f] Message Verified (2)
	✅ u_5 [wLVW] Message Verified (2)
Waiting for an incoming message - Test 4 (valid acdc credential)
skipped--
Waiting for an incoming message - Test 5 (acdc revocation)
skipped--
Waiting for an incoming message - Test 6
u_9 [72h8] Starts Rotation
u_2 [KHk0] Starts Rotation
u_0 [ET-l] Starts Rotation
u_1 [aVMx] Starts Rotation
u_5 [wLVW] Starts Rotation
u_3 [Me9f] Starts Rotation
u_4 [okZa] Starts Rotation
u_6 [89_g] Starts Rotation
u_7 [zXAb] Starts Rotation
u_8 [fi8d] Starts Rotation
u_3 [Me9f] Ends Rotation
u_3 [Me9f] - Completed Key Rotation
u_7 [zXAb] Ends Rotation
u_7 [zXAb] - Completed Key Rotation
u_6 [89_g] Ends Rotation
u_6 [89_g] - Completed Key Rotation
u_2 [KHk0] Ends Rotation
u_2 [KHk0] - Completed Key Rotation
u_9 [72h8] Ends Rotation
u_9 [72h8] - Completed Key Rotation
u_5 [wLVW] Ends Rotation
u_5 [wLVW] - Completed Key Rotation
u_1 [aVMx] Ends Rotation
u_1 [aVMx] - Completed Key Rotation
u_4 [okZa] Ends Rotation
u_4 [okZa] - Completed Key Rotation
u_0 [ET-l] Ends Rotation
u_0 [ET-l] - Completed Key Rotation
u_8 [fi8d] Ends Rotation
u_8 [fi8d] - Completed Key Rotation
Executed 10 users / 10 success / 0 fail
Test 1: 6617ms (661 p.u.)
Test 2: 1ms (0 p.u.)
Test 3: 730ms (73 p.u.)
Test 4: 80887ms (8088 p.u.)
