Waiting for an incoming message - Test 1 (inception)
Error while deserializing http message: Error("EOF while parsing a value", line: 1, column: 0)
	Preparing Data...
	Data is ready, starting users and test1
Incepted: u_5 [L8Zc]
	Added [x5MO] as watcher for u_5 [L8Zc]
Incepted: u_1 [ibHe]
Incepted: u_3 [WViJ]
	Added [2D85] as watcher for u_3 [WViJ]
Incepted: u_9 [bL94]
	Added [jm4C] as watcher for u_1 [ibHe]
	Added [bivQ] as watcher for u_5 [L8Zc]
Incepted: u_0 [klau]
Incepted: u_4 [88C4]
Incepted: u_6 [dhrF]
	Added [jm4C] as watcher for u_3 [WViJ]
	Added [2D85] as watcher for u_5 [L8Zc]
	Asking u_5 [L8Zc]'s watchers to watch [cj1m]
Incepted: u_8 [XBKd]
	Added [x5MO] as watcher for u_1 [ibHe]
Incepted: u_2 [lDyT]
	Added [bivQ] as watcher for u_9 [bL94]
	Added [jm4C] as watcher for u_0 [klau]
	Added [bivQ] as watcher for u_4 [88C4]
	Added [2D85] as watcher for u_1 [ibHe]
	Asking u_1 [ibHe]'s watchers to watch [cj1m]
	Added [x5MO] as watcher for u_8 [XBKd]
	Added [x5MO] as watcher for u_3 [WViJ]
	Asking u_3 [WViJ]'s watchers to watch [cj1m]
	Added [2D85] as watcher for u_9 [bL94]
	Added [bivQ] as watcher for u_6 [dhrF]
	Added [2D85] as watcher for u_4 [88C4]
	Added [x5MO] as watcher for u_0 [klau]
Incepted: u_7 [Sa2O]
	Added [jm4C] as watcher for u_2 [lDyT]
	Added [jm4C] as watcher for u_8 [XBKd]
	Added [x5MO] as watcher for u_9 [bL94]
	Asking u_9 [bL94]'s watchers to watch [cj1m]
	Added [x5MO] as watcher for u_4 [88C4]
	Asking u_4 [88C4]'s watchers to watch [cj1m]
	Added [2D85] as watcher for u_0 [klau]
	Asking u_0 [klau]'s watchers to watch [cj1m]
	Added [x5MO] as watcher for u_6 [dhrF]
	✅ u_5 [L8Zc] Inception Done
	Added [x5MO] as watcher for u_2 [lDyT]
	Added [jm4C] as watcher for u_7 [Sa2O]
	Added [bivQ] as watcher for u_8 [XBKd]
	Asking u_8 [XBKd]'s watchers to watch [cj1m]
	Added [2D85] as watcher for u_7 [Sa2O]
	Added [jm4C] as watcher for u_6 [dhrF]
	Asking u_6 [dhrF]'s watchers to watch [cj1m]
	Added [bivQ] as watcher for u_2 [lDyT]
	Asking u_2 [lDyT]'s watchers to watch [cj1m]
	Added [bivQ] as watcher for u_7 [Sa2O]
	Asking u_7 [Sa2O]'s watchers to watch [cj1m]
	✅ u_1 [ibHe] Inception Done
	✅ u_3 [WViJ] Inception Done
	✅ u_2 [lDyT] Inception Done
	✅ u_9 [bL94] Inception Done
	✅ u_0 [klau] Inception Done
	✅ u_8 [XBKd] Inception Done
	✅ u_4 [88C4] Inception Done
	✅ u_6 [dhrF] Inception Done
	✅ u_7 [Sa2O] Inception Done
Test 2 (signature verification)
	✅ u_7 [Sa2O] Message verified
	✅ u_4 [88C4] Message verified
	✅ u_3 [WViJ] Message verified
	✅ u_2 [lDyT] Message verified
	✅ u_6 [dhrF] Message verified
	✅ u_5 [L8Zc] Message verified
	✅ u_9 [bL94] Message verified
	✅ u_0 [klau] Message verified
	✅ u_8 [XBKd] Message verified
	✅ u_1 [ibHe] Message verified
Waiting for an incoming message - Test 3 (signature verification after rotation of issuer)
	✅ u_1 [ibHe] Message Verified (2)
	✅ u_3 [WViJ] Message Verified (2)
	✅ u_0 [klau] Message Verified (2)
	✅ u_8 [XBKd] Message Verified (2)
	✅ u_6 [dhrF] Message Verified (2)
	✅ u_2 [lDyT] Message Verified (2)
	✅ u_9 [bL94] Message Verified (2)
	✅ u_4 [88C4] Message Verified (2)
	✅ u_7 [Sa2O] Message Verified (2)
	✅ u_5 [L8Zc] Message Verified (2)
Waiting for an incoming message - Test 4 (valid acdc credential)
skipped--
Waiting for an incoming message - Test 5 (acdc revocation)
skipped--
Waiting for an incoming message - Test 6
u_5 [L8Zc] Starts Rotation
u_6 [dhrF] Starts Rotation
u_4 [88C4] Starts Rotation
u_1 [ibHe] Starts Rotation
u_7 [Sa2O] Starts Rotation
u_3 [WViJ] Starts Rotation
u_0 [klau] Starts Rotation
u_2 [lDyT] Starts Rotation
u_8 [XBKd] Starts Rotation
u_9 [bL94] Starts Rotation
u_9 [bL94] Ends Rotation
u_9 [bL94] - Completed Key Rotation
u_0 [klau] Ends Rotation
u_0 [klau] - Completed Key Rotation
u_6 [dhrF] Ends Rotation
u_6 [dhrF] - Completed Key Rotation
u_1 [ibHe] Ends Rotation
u_1 [ibHe] - Completed Key Rotation
u_5 [L8Zc] Ends Rotation
u_5 [L8Zc] - Completed Key Rotation
u_7 [Sa2O] Ends Rotation
u_7 [Sa2O] - Completed Key Rotation
u_3 [WViJ] Ends Rotation
u_3 [WViJ] - Completed Key Rotation
u_2 [lDyT] Ends Rotation
u_2 [lDyT] - Completed Key Rotation
u_4 [88C4] Ends Rotation
u_4 [88C4] - Completed Key Rotation
