Waiting for an incoming message - Test 1 (inception)
Error while deserializing http message: Error("EOF while parsing a value", line: 1, column: 0)
	Preparing Data...
	Data is ready, starting users and test1
Incepted: u_2 [hgGH]
Incepted: u_3 [lZMn]
Incepted: u_1 [tWQI]
Incepted: u_8 [kbO4]
Incepted: u_4 [YQrg]
Incepted: u_7 [W0UQ]
Incepted: u_5 [ztTC]
Incepted: u_6 [b5OI]
Incepted: u_9 [JO7f]
Incepted: u_0 [vDB-]
	Added [bivQ] as watcher for u_7 [W0UQ]
	Added [x5MO] as watcher for u_1 [tWQI]
	Added [x5MO] as watcher for u_3 [lZMn]
	Added [jm4C] as watcher for u_2 [hgGH]
	Added [bivQ] as watcher for u_9 [JO7f]
	Added [2D85] as watcher for u_8 [kbO4]
	Added [2D85] as watcher for u_4 [YQrg]
	Added [2D85] as watcher for u_6 [b5OI]
	Added [bivQ] as watcher for u_3 [lZMn]
	Added [2D85] as watcher for u_5 [ztTC]
	Added [bivQ] as watcher for u_4 [YQrg]
	Added [x5MO] as watcher for u_0 [vDB-]
	Added [jm4C] as watcher for u_7 [W0UQ]
	Added [jm4C] as watcher for u_1 [tWQI]
	Added [x5MO] as watcher for u_2 [hgGH]
	Added [2D85] as watcher for u_9 [JO7f]
	Added [jm4C] as watcher for u_8 [kbO4]
	Added [bivQ] as watcher for u_0 [vDB-]
	Added [x5MO] as watcher for u_6 [b5OI]
	Added [2D85] as watcher for u_3 [lZMn]
	Asking u_3 [lZMn]'s watchers to watch [cj1m]
	Added [jm4C] as watcher for u_5 [ztTC]
	Added [bivQ] as watcher for u_8 [kbO4]
	Asking u_8 [kbO4]'s watchers to watch [cj1m]
	Added [x5MO] as watcher for u_4 [YQrg]
	Asking u_4 [YQrg]'s watchers to watch [cj1m]
	Added [2D85] as watcher for u_7 [W0UQ]
	Asking u_7 [W0UQ]'s watchers to watch [cj1m]
	Added [2D85] as watcher for u_2 [hgGH]
	Asking u_2 [hgGH]'s watchers to watch [cj1m]
	Added [bivQ] as watcher for u_6 [b5OI]
	Asking u_6 [b5OI]'s watchers to watch [cj1m]
	Added [jm4C] as watcher for u_9 [JO7f]
	Asking u_9 [JO7f]'s watchers to watch [cj1m]
	Added [2D85] as watcher for u_1 [tWQI]
	Asking u_1 [tWQI]'s watchers to watch [cj1m]
	Added [2D85] as watcher for u_0 [vDB-]
	Asking u_0 [vDB-]'s watchers to watch [cj1m]
	Added [x5MO] as watcher for u_5 [ztTC]
	Asking u_5 [ztTC]'s watchers to watch [cj1m]
	✅ u_3 [lZMn] Inception Done
	✅ u_8 [kbO4] Inception Done
	✅ u_7 [W0UQ] Inception Done
	✅ u_4 [YQrg] Inception Done
	✅ u_6 [b5OI] Inception Done
	✅ u_9 [JO7f] Inception Done
	✅ u_2 [hgGH] Inception Done
	✅ u_1 [tWQI] Inception Done
	✅ u_0 [vDB-] Inception Done
	✅ u_5 [ztTC] Inception Done
Test 2 (signature verification)
	✅ u_5 [ztTC] Message verified
	✅ u_0 [vDB-] Message verified
	✅ u_2 [hgGH] Message verified
	✅ u_9 [JO7f] Message verified
	✅ u_8 [kbO4] Message verified
	✅ u_7 [W0UQ] Message verified
	✅ u_4 [YQrg] Message verified
	✅ u_1 [tWQI] Message verified
	✅ u_3 [lZMn] Message verified
	✅ u_6 [b5OI] Message verified
Waiting for an incoming message - Test 3 (signature verification after rotation of issuer)
	✅ u_0 [vDB-] Message Verified (2)
	✅ u_4 [YQrg] Message Verified (2)
	✅ u_3 [lZMn] Message Verified (2)
	✅ u_6 [b5OI] Message Verified (2)
	✅ u_2 [hgGH] Message Verified (2)
	✅ u_5 [ztTC] Message Verified (2)
	✅ u_9 [JO7f] Message Verified (2)
	✅ u_8 [kbO4] Message Verified (2)
	✅ u_7 [W0UQ] Message Verified (2)
	✅ u_1 [tWQI] Message Verified (2)
Waiting for an incoming message - Test 4 (valid acdc credential)
skipped--
Waiting for an incoming message - Test 5 (acdc revocation)
skipped--
Waiting for an incoming message - Test 6
u_7 [W0UQ] Starts Rotation
u_5 [ztTC] Starts Rotation
u_6 [b5OI] Starts Rotation
u_8 [kbO4] Starts Rotation
u_2 [hgGH] Starts Rotation
u_3 [lZMn] Starts Rotation
u_9 [JO7f] Starts Rotation
u_1 [tWQI] Starts Rotation
u_4 [YQrg] Starts Rotation
u_0 [vDB-] Starts Rotation
u_8 [kbO4] Ends Rotation
u_8 [kbO4] - Completed Key Rotation
u_3 [lZMn] Ends Rotation
u_3 [lZMn] - Completed Key Rotation
u_4 [YQrg] Ends Rotation
u_4 [YQrg] - Completed Key Rotation
u_6 [b5OI] Ends Rotation
u_6 [b5OI] - Completed Key Rotation
u_2 [hgGH] Ends Rotation
u_2 [hgGH] - Completed Key Rotation
u_5 [ztTC] Ends Rotation
u_5 [ztTC] - Completed Key Rotation
u_7 [W0UQ] Ends Rotation
u_7 [W0UQ] - Completed Key Rotation
u_9 [JO7f] Ends Rotation
u_9 [JO7f] - Completed Key Rotation
u_0 [vDB-] Ends Rotation
u_0 [vDB-] - Completed Key Rotation
u_1 [tWQI] Ends Rotation
u_1 [tWQI] - Completed Key Rotation
Executed 10 users / 10 success / 0 fail
Test 1: 4799ms (479 p.u.)
Test 2: 1ms (0 p.u.)
Test 3: 615ms (61 p.u.)
Test 4: 3879ms (387 p.u.)
