Waiting for an incoming message - Test 1 (inception)
Error while deserializing http message: Error("EOF while parsing a value", line: 1, column: 0)
	Preparing Data...
	Data is ready, starting users and test1
Incepted: u_8 [Zg5H]
	Added [x5MO] as watcher for u_8 [Zg5H]
Incepted: u_7 [f0_p]
	Added [bivQ] as watcher for u_8 [Zg5H]
Incepted: u_0 [9x4q]
Incepted: u_4 [9OLY]
Incepted: u_9 [4Z7E]
	Added [bivQ] as watcher for u_7 [f0_p]
Incepted: u_6 [-3m1]
	Added [2D85] as watcher for u_8 [Zg5H]
	Asking u_8 [Zg5H]'s watchers to watch [cj1m]
Incepted: u_2 [uXSf]
Incepted: u_1 [AW05]
	Added [x5MO] as watcher for u_0 [9x4q]
	Added [jm4C] as watcher for u_4 [9OLY]
Incepted: u_3 [Ryf4]
Incepted: u_5 [Bvcw]
	✅ u_8 [Zg5H] Inception Done
	Added [2D85] as watcher for u_7 [f0_p]
	Added [x5MO] as watcher for u_9 [4Z7E]
	Added [bivQ] as watcher for u_6 [-3m1]
	Added [jm4C] as watcher for u_1 [AW05]
	Added [x5MO] as watcher for u_2 [uXSf]
	Added [2D85] as watcher for u_0 [9x4q]
	Added [2D85] as watcher for u_3 [Ryf4]
	Added [bivQ] as watcher for u_9 [4Z7E]
	Added [jm4C] as watcher for u_6 [-3m1]
	Added [x5MO] as watcher for u_4 [9OLY]
	Added [x5MO] as watcher for u_7 [f0_p]
	Asking u_7 [f0_p]'s watchers to watch [cj1m]
	Added [x5MO] as watcher for u_5 [Bvcw]
	Added [2D85] as watcher for u_2 [uXSf]
	Added [x5MO] as watcher for u_1 [AW05]
	Added [jm4C] as watcher for u_0 [9x4q]
	Asking u_0 [9x4q]'s watchers to watch [cj1m]
	Added [2D85] as watcher for u_6 [-3m1]
	Asking u_6 [-3m1]'s watchers to watch [cj1m]
	✅ u_7 [f0_p] Inception Done
	Added [x5MO] as watcher for u_3 [Ryf4]
	Added [bivQ] as watcher for u_4 [9OLY]
	Asking u_4 [9OLY]'s watchers to watch [cj1m]
	Added [jm4C] as watcher for u_9 [4Z7E]
	Asking u_9 [4Z7E]'s watchers to watch [cj1m]
	Added [2D85] as watcher for u_5 [Bvcw]
	Added [jm4C] as watcher for u_2 [uXSf]
	Asking u_2 [uXSf]'s watchers to watch [cj1m]
	✅ u_0 [9x4q] Inception Done
	✅ u_4 [9OLY] Inception Done
	✅ u_6 [-3m1] Inception Done
	Added [jm4C] as watcher for u_3 [Ryf4]
	Asking u_3 [Ryf4]'s watchers to watch [cj1m]
	Added [2D85] as watcher for u_1 [AW05]
	Asking u_1 [AW05]'s watchers to watch [cj1m]
	✅ u_9 [4Z7E] Inception Done
	Added [jm4C] as watcher for u_5 [Bvcw]
	Asking u_5 [Bvcw]'s watchers to watch [cj1m]
	✅ u_1 [AW05] Inception Done
	✅ u_3 [Ryf4] Inception Done
	✅ u_2 [uXSf] Inception Done
	✅ u_5 [Bvcw] Inception Done
Test 2 (signature verification)
	✅ u_2 [uXSf] Message verified
	✅ u_5 [Bvcw] Message verified
	✅ u_4 [9OLY] Message verified
	✅ u_0 [9x4q] Message verified
	✅ u_7 [f0_p] Message verified
	✅ u_8 [Zg5H] Message verified
	✅ u_3 [Ryf4] Message verified
	✅ u_6 [-3m1] Message verified
	✅ u_9 [4Z7E] Message verified
	✅ u_1 [AW05] Message verified
Waiting for an incoming message - Test 3 (signature verification after rotation of issuer)
	✅ u_5 [Bvcw] Message Verified (2)
	✅ u_7 [f0_p] Message Verified (2)
	✅ u_6 [-3m1] Message Verified (2)
	✅ u_0 [9x4q] Message Verified (2)
	✅ u_1 [AW05] Message Verified (2)
	✅ u_3 [Ryf4] Message Verified (2)
	✅ u_8 [Zg5H] Message Verified (2)
	✅ u_4 [9OLY] Message Verified (2)
	✅ u_2 [uXSf] Message Verified (2)
	✅ u_9 [4Z7E] Message Verified (2)
Waiting for an incoming message - Test 4 (valid acdc credential)
skipped--
Waiting for an incoming message - Test 5 (acdc revocation)
skipped--
Waiting for an incoming message - Test 6
u_9 [4Z7E] Starts Rotation
u_1 [AW05] Starts Rotation
u_2 [uXSf] Starts Rotation
u_7 [f0_p] Starts Rotation
u_5 [Bvcw] Starts Rotation
u_4 [9OLY] Starts Rotation
u_6 [-3m1] Starts Rotation
u_0 [9x4q] Starts Rotation
u_3 [Ryf4] Starts Rotation
u_8 [Zg5H] Starts Rotation
u_2 [uXSf] Ends Rotation
u_2 [uXSf] - Completed Key Rotation
u_5 [Bvcw] Ends Rotation
u_5 [Bvcw] - Completed Key Rotation
u_0 [9x4q] Ends Rotation
u_0 [9x4q] - Completed Key Rotation
u_1 [AW05] Ends Rotation
u_1 [AW05] - Completed Key Rotation
u_3 [Ryf4] Ends Rotation
u_3 [Ryf4] - Completed Key Rotation
u_8 [Zg5H] Ends Rotation
u_8 [Zg5H] - Completed Key Rotation
u_6 [-3m1] Ends Rotation
u_6 [-3m1] - Completed Key Rotation
u_9 [4Z7E] Ends Rotation
u_9 [4Z7E] - Completed Key Rotation
u_7 [f0_p] Ends Rotation
u_7 [f0_p] - Completed Key Rotation
u_4 [9OLY] Ends Rotation
u_4 [9OLY] - Completed Key Rotation
Executed 10 users / 10 success / 0 fail
Test 1: 63127ms (6312 p.u.)
Test 2: 1ms (0 p.u.)
Test 3: 629ms (62 p.u.)
Test 4: 58114ms (5811 p.u.)
