Waiting for an incoming message - Test 1 (inception)
Error while deserializing http message: Error("EOF while parsing a value", line: 1, column: 0)
Error while deserializing http message: Error("EOF while parsing a value", line: 1, column: 0)
	Preparing Data...
	Data is ready, starting users and test1
Incepted: u_8 [FhXm]
	Added [jm4C] as watcher for u_8 [FhXm]
	Added [2D85] as watcher for u_8 [FhXm]
	Added [x5MO] as watcher for u_8 [FhXm]
	Asking u_8 [FhXm]'s watchers to watch [cj1m]
Incepted: u_9 [E4fM]
	Added [2D85] as watcher for u_9 [E4fM]
	Added [bivQ] as watcher for u_9 [E4fM]
	Added [x5MO] as watcher for u_9 [E4fM]
	Asking u_9 [E4fM]'s watchers to watch [cj1m]
Incepted: u_1 [jsO6]
	Added [2D85] as watcher for u_1 [jsO6]
	Added [jm4C] as watcher for u_1 [jsO6]
	Added [bivQ] as watcher for u_1 [jsO6]
	Asking u_1 [jsO6]'s watchers to watch [cj1m]
Incepted: u_3 [CvPd]
Incepted: u_6 [3HsQ]
	Added [jm4C] as watcher for u_3 [CvPd]
	Added [2D85] as watcher for u_6 [3HsQ]
	Added [2D85] as watcher for u_3 [CvPd]
	Added [x5MO] as watcher for u_6 [3HsQ]
	Added [x5MO] as watcher for u_3 [CvPd]
	Asking u_3 [CvPd]'s watchers to watch [cj1m]
Incepted: u_0 [9zgK]
	Added [bivQ] as watcher for u_6 [3HsQ]
	Asking u_6 [3HsQ]'s watchers to watch [cj1m]
	Added [2D85] as watcher for u_0 [9zgK]
	Added [bivQ] as watcher for u_0 [9zgK]
	Added [jm4C] as watcher for u_0 [9zgK]
	Asking u_0 [9zgK]'s watchers to watch [cj1m]
Incepted: u_7 [uShY]
	✅ u_8 [FhXm] Inception Done
	Added [bivQ] as watcher for u_7 [uShY]
	Added [jm4C] as watcher for u_7 [uShY]
Incepted: u_4 [SjTT]
	Added [x5MO] as watcher for u_7 [uShY]
	Asking u_7 [uShY]'s watchers to watch [cj1m]
	Added [x5MO] as watcher for u_4 [SjTT]
	Added [bivQ] as watcher for u_4 [SjTT]
	Added [jm4C] as watcher for u_4 [SjTT]
	Asking u_4 [SjTT]'s watchers to watch [cj1m]
Incepted: u_5 [3B01]
	Added [x5MO] as watcher for u_5 [3B01]
	Added [2D85] as watcher for u_5 [3B01]
	Added [jm4C] as watcher for u_5 [3B01]
	Asking u_5 [3B01]'s watchers to watch [cj1m]
	✅ u_1 [jsO6] Inception Done
	✅ u_9 [E4fM] Inception Done
	✅ u_6 [3HsQ] Inception Done
	✅ u_0 [9zgK] Inception Done
	✅ u_7 [uShY] Inception Done
Incepted: u_2 [NyYZ]
	Added [x5MO] as watcher for u_2 [NyYZ]
	Added [jm4C] as watcher for u_2 [NyYZ]
	Added [bivQ] as watcher for u_2 [NyYZ]
	Asking u_2 [NyYZ]'s watchers to watch [cj1m]
	✅ u_3 [CvPd] Inception Done
	✅ u_5 [3B01] Inception Done
	✅ u_4 [SjTT] Inception Done
	✅ u_2 [NyYZ] Inception Done
	✅ u_1 [jsO6] Message verified
	✅ u_6 [3HsQ] Message verified
	✅ u_0 [9zgK] Message verified
Test 2 (signature verification)
	✅ u_7 [uShY] Message verified
	✅ u_5 [3B01] Message verified
	✅ u_3 [CvPd] Message verified
	✅ u_4 [SjTT] Message verified
	✅ u_2 [NyYZ] Message verified
	✅ u_9 [E4fM] Message verified
	✅ u_8 [FhXm] Message verified
Waiting for an incoming message - Test 3 (signature verification after rotation of issuer)
	✅ u_5 [3B01] Message Verified (2)
	✅ u_4 [SjTT] Message Verified (2)
	✅ u_9 [E4fM] Message Verified (2)
	✅ u_2 [NyYZ] Message Verified (2)
	✅ u_8 [FhXm] Message Verified (2)
	✅ u_1 [jsO6] Message Verified (2)
	✅ u_6 [3HsQ] Message Verified (2)
	✅ u_3 [CvPd] Message Verified (2)
	✅ u_7 [uShY] Message Verified (2)
	✅ u_0 [9zgK] Message Verified (2)
Waiting for an incoming message - Test 4 (valid acdc credential)
skipped--
Waiting for an incoming message - Test 5 (acdc revocation)
skipped--
Waiting for an incoming message - Test 6
u_9 [E4fM] Starts Rotation
u_7 [uShY] Starts Rotation
u_1 [jsO6] Starts Rotation
u_3 [CvPd] Starts Rotation
u_8 [FhXm] Starts Rotation
u_5 [3B01] Starts Rotation
u_2 [NyYZ] Starts Rotation
u_6 [3HsQ] Starts Rotation
u_4 [SjTT] Starts Rotation
u_0 [9zgK] Starts Rotation
u_3 [CvPd] Ends Rotation
u_3 [CvPd] - Completed Key Rotation
u_7 [uShY] Ends Rotation
u_7 [uShY] - Completed Key Rotation
u_9 [E4fM] Ends Rotation
u_9 [E4fM] - Completed Key Rotation
u_6 [3HsQ] Ends Rotation
u_6 [3HsQ] - Completed Key Rotation
u_2 [NyYZ] Ends Rotation
u_2 [NyYZ] - Completed Key Rotation
u_1 [jsO6] Ends Rotation
u_1 [jsO6] - Completed Key Rotation
u_5 [3B01] Ends Rotation
u_5 [3B01] - Completed Key Rotation
u_0 [9zgK] Ends Rotation
u_0 [9zgK] - Completed Key Rotation
u_8 [FhXm] Ends Rotation
u_8 [FhXm] - Completed Key Rotation
u_4 [SjTT] Ends Rotation
u_4 [SjTT] - Completed Key Rotation
Executed 10 users / 10 success / 0 fail
Test 1: 44737ms (4473 p.u.)
Test 2: 5ms (0 p.u.)
Test 3: 912ms (91 p.u.)
Test 4: 70572ms (7057 p.u.)
