Waiting for an incoming message - Test 1 (inception)
Error while deserializing http message: Error("EOF while parsing a value", line: 1, column: 0)
	Preparing Data...
	Data is ready, starting users and test1
Incepted: u_4 [8Cbe]
Incepted: u_7 [_Sac]
Incepted: u_0 [PKjl]
Incepted: u_6 [QCnA]
Incepted: u_8 [ZMTz]
Incepted: u_3 [OvHf]
Incepted: u_9 [IUhz]
Incepted: u_1 [bN7d]
	Added [bivQ] as watcher for u_7 [_Sac]
Incepted: u_5 [C562]
Incepted: u_2 [-lgC]
	Added [2D85] as watcher for u_4 [8Cbe]
	Added [bivQ] as watcher for u_6 [QCnA]
	Added [bivQ] as watcher for u_1 [bN7d]
	Added [bivQ] as watcher for u_9 [IUhz]
	Added [x5MO] as watcher for u_0 [PKjl]
	Added [bivQ] as watcher for u_4 [8Cbe]
	Added [x5MO] as watcher for u_8 [ZMTz]
	Added [jm4C] as watcher for u_3 [OvHf]
	Added [jm4C] as watcher for u_7 [_Sac]
	Added [x5MO] as watcher for u_5 [C562]
	Added [jm4C] as watcher for u_2 [-lgC]
	Added [x5MO] as watcher for u_6 [QCnA]
	Added [2D85] as watcher for u_1 [bN7d]
	Added [2D85] as watcher for u_9 [IUhz]
	Added [bivQ] as watcher for u_5 [C562]
	Added [jm4C] as watcher for u_0 [PKjl]
	Added [2D85] as watcher for u_7 [_Sac]
	Asking u_7 [_Sac]'s watchers to watch [cj1m]
	Added [jm4C] as watcher for u_4 [8Cbe]
	Asking u_4 [8Cbe]'s watchers to watch [cj1m]
	Added [jm4C] as watcher for u_8 [ZMTz]
	Added [x5MO] as watcher for u_3 [OvHf]
	Added [2D85] as watcher for u_2 [-lgC]
	Added [2D85] as watcher for u_6 [QCnA]
	Asking u_6 [QCnA]'s watchers to watch [cj1m]
	Added [bivQ] as watcher for u_8 [ZMTz]
	Asking u_8 [ZMTz]'s watchers to watch [cj1m]
	Added [jm4C] as watcher for u_1 [bN7d]
	Asking u_1 [bN7d]'s watchers to watch [cj1m]
	Added [jm4C] as watcher for u_5 [C562]
	Asking u_5 [C562]'s watchers to watch [cj1m]
	Added [2D85] as watcher for u_0 [PKjl]
	Asking u_0 [PKjl]'s watchers to watch [cj1m]
	Added [jm4C] as watcher for u_9 [IUhz]
	Asking u_9 [IUhz]'s watchers to watch [cj1m]
	Added [2D85] as watcher for u_3 [OvHf]
	Asking u_3 [OvHf]'s watchers to watch [cj1m]
	Added [x5MO] as watcher for u_2 [-lgC]
	Asking u_2 [-lgC]'s watchers to watch [cj1m]
	✅ u_4 [8Cbe] Inception Done
	✅ u_7 [_Sac] Inception Done
	✅ u_6 [QCnA] Inception Done
	✅ u_8 [ZMTz] Inception Done
	✅ u_5 [C562] Inception Done
	✅ u_1 [bN7d] Inception Done
	✅ u_0 [PKjl] Inception Done
	✅ u_3 [OvHf] Inception Done
	✅ u_2 [-lgC] Inception Done
	✅ u_9 [IUhz] Inception Done
Test 2 (signature verification)
	✅ u_9 [IUhz] Message verified
	✅ u_5 [C562] Message verified
	✅ u_1 [bN7d] Message verified
	✅ u_6 [QCnA] Message verified
	✅ u_0 [PKjl] Message verified
	✅ u_7 [_Sac] Message verified
	✅ u_4 [8Cbe] Message verified
	✅ u_2 [-lgC] Message verified
	✅ u_3 [OvHf] Message verified
	✅ u_8 [ZMTz] Message verified
Waiting for an incoming message - Test 3 (signature verification after rotation of issuer)
	✅ u_7 [_Sac] Message Verified (2)
	✅ u_6 [QCnA] Message Verified (2)
	✅ u_1 [bN7d] Message Verified (2)
	✅ u_5 [C562] Message Verified (2)
	✅ u_2 [-lgC] Message Verified (2)
	✅ u_0 [PKjl] Message Verified (2)
	✅ u_8 [ZMTz] Message Verified (2)
	✅ u_3 [OvHf] Message Verified (2)
	✅ u_9 [IUhz] Message Verified (2)
	✅ u_4 [8Cbe] Message Verified (2)
Waiting for an incoming message - Test 4 (valid acdc credential)
skipped--
Waiting for an incoming message - Test 5 (acdc revocation)
skipped--
Waiting for an incoming message - Test 6
u_0 [PKjl] Starts Rotation
u_5 [C562] Starts Rotation
u_8 [ZMTz] Starts Rotation
u_6 [QCnA] Starts Rotation
u_1 [bN7d] Starts Rotation
u_3 [OvHf] Starts Rotation
u_7 [_Sac] Starts Rotation
u_4 [8Cbe] Starts Rotation
u_9 [IUhz] Starts Rotation
u_2 [-lgC] Starts Rotation
u_4 [8Cbe] Ends Rotation
u_4 [8Cbe] - Completed Key Rotation
u_5 [C562] Ends Rotation
u_5 [C562] - Completed Key Rotation
u_1 [bN7d] Ends Rotation
u_1 [bN7d] - Completed Key Rotation
u_6 [QCnA] Ends Rotation
u_6 [QCnA] - Completed Key Rotation
u_7 [_Sac] Ends Rotation
u_7 [_Sac] - Completed Key Rotation
u_9 [IUhz] Ends Rotation
u_9 [IUhz] - Completed Key Rotation
u_0 [PKjl] Ends Rotation
u_0 [PKjl] - Completed Key Rotation
u_2 [-lgC] Ends Rotation
u_2 [-lgC] - Completed Key Rotation
u_3 [OvHf] Ends Rotation
u_3 [OvHf] - Completed Key Rotation
u_8 [ZMTz] Ends Rotation
u_8 [ZMTz] - Completed Key Rotation
Executed 10 users / 10 success / 0 fail
Test 1: 5054ms (505 p.u.)
Test 2: 1ms (0 p.u.)
Test 3: 644ms (64 p.u.)
Test 4: 3433ms (343 p.u.)
