Waiting for an incoming message - Test 1 (inception)
Error while deserializing http message: Error("EOF while parsing a value", line: 1, column: 0)
	Preparing Data...
	Data is ready, starting users and test1
Incepted: u_1 [qQc1]
	Added [bivQ] as watcher for u_1 [qQc1]
	Added [jm4C] as watcher for u_1 [qQc1]
	Added [2D85] as watcher for u_1 [qQc1]
	Asking u_1 [qQc1]'s watchers to watch [cj1m]
Incepted: u_0 [XyLl]
Incepted: u_7 [kSaH]
Incepted: u_8 [QLan]
Incepted: u_3 [7da1]
	Added [2D85] as watcher for u_0 [XyLl]
	Added [x5MO] as watcher for u_7 [kSaH]
	Added [bivQ] as watcher for u_8 [QLan]
	Added [jm4C] as watcher for u_0 [XyLl]
	Added [bivQ] as watcher for u_3 [7da1]
Incepted: u_9 [Ctb3]
Incepted: u_5 [cegv]
Incepted: u_2 [xSzT]
	Added [2D85] as watcher for u_7 [kSaH]
Incepted: u_6 [d3Ft]
	✅ u_1 [qQc1] Inception Done
	Added [jm4C] as watcher for u_8 [QLan]
	Added [jm4C] as watcher for u_9 [Ctb3]
	Added [x5MO] as watcher for u_0 [XyLl]
	Asking u_0 [XyLl]'s watchers to watch [cj1m]
	Added [jm4C] as watcher for u_5 [cegv]
	Added [x5MO] as watcher for u_3 [7da1]
	Added [bivQ] as watcher for u_2 [xSzT]
	Added [bivQ] as watcher for u_7 [kSaH]
	Asking u_7 [kSaH]'s watchers to watch [cj1m]
Incepted: u_4 [abuG]
	Added [jm4C] as watcher for u_6 [d3Ft]
	Added [2D85] as watcher for u_8 [QLan]
	Asking u_8 [QLan]'s watchers to watch [cj1m]
	✅ u_0 [XyLl] Inception Done
	✅ u_7 [kSaH] Inception Done
	Added [jm4C] as watcher for u_3 [7da1]
	Asking u_3 [7da1]'s watchers to watch [cj1m]
	Added [jm4C] as watcher for u_2 [xSzT]
	Added [2D85] as watcher for u_5 [cegv]
	Added [2D85] as watcher for u_4 [abuG]
	Added [x5MO] as watcher for u_6 [d3Ft]
	Added [2D85] as watcher for u_9 [Ctb3]
	✅ u_8 [QLan] Inception Done
	✅ u_3 [7da1] Inception Done
	Added [bivQ] as watcher for u_5 [cegv]
	Asking u_5 [cegv]'s watchers to watch [cj1m]
	Added [2D85] as watcher for u_2 [xSzT]
	Asking u_2 [xSzT]'s watchers to watch [cj1m]
	Added [bivQ] as watcher for u_6 [d3Ft]
	Asking u_6 [d3Ft]'s watchers to watch [cj1m]
	Added [x5MO] as watcher for u_4 [abuG]
	Added [bivQ] as watcher for u_9 [Ctb3]
	Asking u_9 [Ctb3]'s watchers to watch [cj1m]
	✅ u_5 [cegv] Inception Done
	✅ u_2 [xSzT] Inception Done
	✅ u_9 [Ctb3] Inception Done
	✅ u_6 [d3Ft] Inception Done
	Added [jm4C] as watcher for u_4 [abuG]
	Asking u_4 [abuG]'s watchers to watch [cj1m]
	✅ u_4 [abuG] Inception Done
Test 2 (signature verification)
	✅ u_4 [abuG] Message verified
	✅ u_0 [XyLl] Message verified
	✅ u_6 [d3Ft] Message verified
	✅ u_3 [7da1] Message verified
	✅ u_8 [QLan] Message verified
	✅ u_5 [cegv] Message verified
	✅ u_2 [xSzT] Message verified
	✅ u_1 [qQc1] Message verified
	✅ u_9 [Ctb3] Message verified
	✅ u_7 [kSaH] Message verified
Waiting for an incoming message - Test 3 (signature verification after rotation of issuer)
	✅ u_6 [d3Ft] Message Verified (2)
	✅ u_7 [kSaH] Message Verified (2)
	✅ u_8 [QLan] Message Verified (2)
	✅ u_0 [XyLl] Message Verified (2)
	✅ u_3 [7da1] Message Verified (2)
	✅ u_1 [qQc1] Message Verified (2)
	✅ u_2 [xSzT] Message Verified (2)
	✅ u_9 [Ctb3] Message Verified (2)
	✅ u_4 [abuG] Message Verified (2)
	✅ u_5 [cegv] Message Verified (2)
Waiting for an incoming message - Test 4 (valid acdc credential)
skipped--
Waiting for an incoming message - Test 5 (acdc revocation)
skipped--
Waiting for an incoming message - Test 6
u_5 [cegv] Starts Rotation
u_1 [qQc1] Starts Rotation
u_6 [d3Ft] Starts Rotation
u_8 [QLan] Starts Rotation
u_9 [Ctb3] Starts Rotation
u_4 [abuG] Starts Rotation
u_2 [xSzT] Starts Rotation
u_3 [7da1] Starts Rotation
u_7 [kSaH] Starts Rotation
u_0 [XyLl] Starts Rotation
u_6 [d3Ft] Ends Rotation
u_6 [d3Ft] - Completed Key Rotation
u_0 [XyLl] Ends Rotation
u_0 [XyLl] - Completed Key Rotation
u_5 [cegv] Ends Rotation
u_5 [cegv] - Completed Key Rotation
u_7 [kSaH] Ends Rotation
u_7 [kSaH] - Completed Key Rotation
u_4 [abuG] Ends Rotation
u_4 [abuG] - Completed Key Rotation
u_3 [7da1] Ends Rotation
u_3 [7da1] - Completed Key Rotation
u_8 [QLan] Ends Rotation
u_8 [QLan] - Completed Key Rotation
u_2 [xSzT] Ends Rotation
u_2 [xSzT] - Completed Key Rotation
u_1 [qQc1] Ends Rotation
u_1 [qQc1] - Completed Key Rotation
u_9 [Ctb3] Ends Rotation
u_9 [Ctb3] - Completed Key Rotation
Executed 10 users / 10 success / 0 fail
Test 1: 71771ms (7177 p.u.)
Test 2: 1ms (0 p.u.)
Test 3: 601ms (60 p.u.)
Test 4: 67072ms (6707 p.u.)
