Waiting for an incoming message - Test 1 (inception)
Error while deserializing http message: Error("EOF while parsing a value", line: 1, column: 0)
	Preparing Data...
	Data is ready, starting users and test1
Incepted: u_7 [3DyP]
	Added [jm4C] as watcher for u_7 [3DyP]
	Added [x5MO] as watcher for u_7 [3DyP]
Incepted: u_6 [gClj]
	Added [2D85] as watcher for u_7 [3DyP]
	Asking u_7 [3DyP]'s watchers to watch [cj1m]
	Added [2D85] as watcher for u_6 [gClj]
Incepted: u_5 [1Sns]
	Added [x5MO] as watcher for u_6 [gClj]
	Added [2D85] as watcher for u_5 [1Sns]
	Added [jm4C] as watcher for u_6 [gClj]
	Asking u_6 [gClj]'s watchers to watch [cj1m]
	Added [jm4C] as watcher for u_5 [1Sns]
	Added [x5MO] as watcher for u_5 [1Sns]
	Asking u_5 [1Sns]'s watchers to watch [cj1m]
Incepted: u_3 [vWLo]
	Added [x5MO] as watcher for u_3 [vWLo]
Incepted: u_9 [jnX2]
	Added [2D85] as watcher for u_3 [vWLo]
	Added [x5MO] as watcher for u_9 [jnX2]
	Added [bivQ] as watcher for u_3 [vWLo]
	Asking u_3 [vWLo]'s watchers to watch [cj1m]
	Added [2D85] as watcher for u_9 [jnX2]
	Added [jm4C] as watcher for u_9 [jnX2]
	Asking u_9 [jnX2]'s watchers to watch [cj1m]
Incepted: u_0 [LkJG]
	Added [2D85] as watcher for u_0 [LkJG]
Incepted: u_4 [f3nM]
	Added [bivQ] as watcher for u_0 [LkJG]
	Added [jm4C] as watcher for u_4 [f3nM]
	Added [x5MO] as watcher for u_0 [LkJG]
	Asking u_0 [LkJG]'s watchers to watch [cj1m]
	Added [2D85] as watcher for u_4 [f3nM]
	Added [x5MO] as watcher for u_4 [f3nM]
	Asking u_4 [f3nM]'s watchers to watch [cj1m]
	✅ u_5 [1Sns] Inception Done
Incepted: u_2 [yQMk]
	Added [2D85] as watcher for u_2 [yQMk]
	✅ u_3 [vWLo] Inception Done
	Added [bivQ] as watcher for u_2 [yQMk]
	Added [jm4C] as watcher for u_2 [yQMk]
	Asking u_2 [yQMk]'s watchers to watch [cj1m]
	✅ u_7 [3DyP] Inception Done
	✅ u_9 [jnX2] Inception Done
	✅ u_6 [gClj] Inception Done
	✅ u_4 [f3nM] Inception Done
	✅ u_0 [LkJG] Inception Done
	✅ u_2 [yQMk] Inception Done
Incepted: u_8 [MJ-r]
Incepted: u_1 [EIzR]
	Added [jm4C] as watcher for u_1 [EIzR]
	Added [2D85] as watcher for u_8 [MJ-r]
	Added [2D85] as watcher for u_1 [EIzR]
	Added [x5MO] as watcher for u_8 [MJ-r]
	Added [bivQ] as watcher for u_1 [EIzR]
	Asking u_1 [EIzR]'s watchers to watch [cj1m]
	✅ u_1 [EIzR] Inception Done
	Added [jm4C] as watcher for u_8 [MJ-r]
	Asking u_8 [MJ-r]'s watchers to watch [cj1m]
	✅ u_8 [MJ-r] Inception Done
Test 2 (signature verification)
	✅ u_8 [MJ-r] Message verified
	✅ u_6 [gClj] Message verified
	✅ u_9 [jnX2] Message verified
	✅ u_0 [LkJG] Message verified
	✅ u_2 [yQMk] Message verified
	✅ u_4 [f3nM] Message verified
	✅ u_1 [EIzR] Message verified
	✅ u_5 [1Sns] Message verified
	✅ u_7 [3DyP] Message verified
	✅ u_3 [vWLo] Message verified
Waiting for an incoming message - Test 3 (signature verification after rotation of issuer)
	✅ u_0 [LkJG] Message Verified (2)
	✅ u_9 [jnX2] Message Verified (2)
	✅ u_5 [1Sns] Message Verified (2)
	✅ u_7 [3DyP] Message Verified (2)
	✅ u_6 [gClj] Message Verified (2)
	✅ u_3 [vWLo] Message Verified (2)
	✅ u_4 [f3nM] Message Verified (2)
	✅ u_2 [yQMk] Message Verified (2)
	✅ u_8 [MJ-r] Message Verified (2)
	✅ u_1 [EIzR] Message Verified (2)
Waiting for an incoming message - Test 4 (valid acdc credential)
skipped--
Waiting for an incoming message - Test 5 (acdc revocation)
skipped--
Waiting for an incoming message - Test 6
u_1 [EIzR] Starts Rotation
u_2 [yQMk] Starts Rotation
u_9 [jnX2] Starts Rotation
u_0 [LkJG] Starts Rotation
u_5 [1Sns] Starts Rotation
u_7 [3DyP] Starts Rotation
u_8 [MJ-r] Starts Rotation
u_4 [f3nM] Starts Rotation
u_3 [vWLo] Starts Rotation
u_6 [gClj] Starts Rotation
u_1 [EIzR] Ends Rotation
u_1 [EIzR] - Completed Key Rotation
u_3 [vWLo] Ends Rotation
u_3 [vWLo] - Completed Key Rotation
u_2 [yQMk] Ends Rotation
u_2 [yQMk] - Completed Key Rotation
u_7 [3DyP] Ends Rotation
u_7 [3DyP] - Completed Key Rotation
u_8 [MJ-r] Ends Rotation
u_8 [MJ-r] - Completed Key Rotation
u_9 [jnX2] Ends Rotation
u_9 [jnX2] - Completed Key Rotation
u_4 [f3nM] Ends Rotation
u_4 [f3nM] - Completed Key Rotation
u_5 [1Sns] Ends Rotation
u_5 [1Sns] - Completed Key Rotation
u_0 [LkJG] Ends Rotation
u_0 [LkJG] - Completed Key Rotation
u_6 [gClj] Ends Rotation
u_6 [gClj] - Completed Key Rotation
Executed 10 users / 10 success / 0 fail
Test 1: 76951ms (7695 p.u.)
Test 2: 1ms (0 p.u.)
Test 3: 819ms (81 p.u.)
Test 4: 70988ms (7098 p.u.)
