Waiting for an incoming message - Test 1 (inception)
Error while deserializing http message: Error("EOF while parsing a value", line: 1, column: 0)
	Preparing Data...
	Data is ready, starting users and test1
Incepted: u_1 [OgHV]
	Added [2D85] as watcher for u_1 [OgHV]
Incepted: u_0 [_k0m]
Incepted: u_4 [Vk5d]
	Added [jm4C] as watcher for u_1 [OgHV]
	Added [x5MO] as watcher for u_0 [_k0m]
Incepted: u_5 [TlqX]
	Added [bivQ] as watcher for u_4 [Vk5d]
	Added [bivQ] as watcher for u_1 [OgHV]
	Asking u_1 [OgHV]'s watchers to watch [cj1m]
	Added [bivQ] as watcher for u_5 [TlqX]
	Added [2D85] as watcher for u_0 [_k0m]
Incepted: u_3 [FH6k]
Incepted: u_6 [6maw]
	Added [2D85] as watcher for u_4 [Vk5d]
Incepted: u_2 [lYIJ]
	Added [2D85] as watcher for u_5 [TlqX]
	Added [jm4C] as watcher for u_0 [_k0m]
	Asking u_0 [_k0m]'s watchers to watch [cj1m]
Incepted: u_7 [DOZw]
	✅ u_1 [OgHV] Inception Done
Incepted: u_8 [BBhC]
	Added [2D85] as watcher for u_3 [FH6k]
	Added [2D85] as watcher for u_2 [lYIJ]
	Added [x5MO] as watcher for u_6 [6maw]
	Added [x5MO] as watcher for u_4 [Vk5d]
	Asking u_4 [Vk5d]'s watchers to watch [cj1m]
Incepted: u_9 [NvjY]
	Added [jm4C] as watcher for u_5 [TlqX]
	Asking u_5 [TlqX]'s watchers to watch [cj1m]
	Added [2D85] as watcher for u_7 [DOZw]
	Added [jm4C] as watcher for u_8 [BBhC]
	Added [bivQ] as watcher for u_6 [6maw]
	✅ u_0 [_k0m] Inception Done
	Added [bivQ] as watcher for u_3 [FH6k]
	✅ u_5 [TlqX] Inception Done
	Added [2D85] as watcher for u_9 [NvjY]
	✅ u_4 [Vk5d] Inception Done
	Added [x5MO] as watcher for u_2 [lYIJ]
	Added [bivQ] as watcher for u_7 [DOZw]
	Added [x5MO] as watcher for u_8 [BBhC]
	Added [jm4C] as watcher for u_6 [6maw]
	Asking u_6 [6maw]'s watchers to watch [cj1m]
	Added [jm4C] as watcher for u_3 [FH6k]
	Asking u_3 [FH6k]'s watchers to watch [cj1m]
	Added [x5MO] as watcher for u_9 [NvjY]
	Added [bivQ] as watcher for u_8 [BBhC]
	Asking u_8 [BBhC]'s watchers to watch [cj1m]
	Added [jm4C] as watcher for u_2 [lYIJ]
	Asking u_2 [lYIJ]'s watchers to watch [cj1m]
	Added [x5MO] as watcher for u_7 [DOZw]
	Asking u_7 [DOZw]'s watchers to watch [cj1m]
	✅ u_6 [6maw] Inception Done
	Added [bivQ] as watcher for u_9 [NvjY]
	Asking u_9 [NvjY]'s watchers to watch [cj1m]
	✅ u_3 [FH6k] Inception Done
	✅ u_8 [BBhC] Inception Done
	✅ u_7 [DOZw] Inception Done
	✅ u_2 [lYIJ] Inception Done
	✅ u_9 [NvjY] Inception Done
Test 2 (signature verification)
	✅ u_3 [FH6k] Message verified
	✅ u_9 [NvjY] Message verified
	✅ u_1 [OgHV] Message verified
	✅ u_0 [_k0m] Message verified
	✅ u_7 [DOZw] Message verified
	✅ u_4 [Vk5d] Message verified
	✅ u_6 [6maw] Message verified
	✅ u_5 [TlqX] Message verified
	✅ u_8 [BBhC] Message verified
	✅ u_2 [lYIJ] Message verified
Waiting for an incoming message - Test 3 (signature verification after rotation of issuer)
	✅ u_2 [lYIJ] Message Verified (2)
	✅ u_0 [_k0m] Message Verified (2)
	✅ u_4 [Vk5d] Message Verified (2)
	✅ u_9 [NvjY] Message Verified (2)
	✅ u_5 [TlqX] Message Verified (2)
	✅ u_3 [FH6k] Message Verified (2)
	✅ u_6 [6maw] Message Verified (2)
	✅ u_7 [DOZw] Message Verified (2)
	✅ u_8 [BBhC] Message Verified (2)
	✅ u_1 [OgHV] Message Verified (2)
Waiting for an incoming message - Test 4 (valid acdc credential)
skipped--
Waiting for an incoming message - Test 5 (acdc revocation)
skipped--
Waiting for an incoming message - Test 6
u_8 [BBhC] Starts Rotation
u_1 [OgHV] Starts Rotation
u_9 [NvjY] Starts Rotation
u_0 [_k0m] Starts Rotation
u_2 [lYIJ] Starts Rotation
u_5 [TlqX] Starts Rotation
u_6 [6maw] Starts Rotation
u_4 [Vk5d] Starts Rotation
u_3 [FH6k] Starts Rotation
u_7 [DOZw] Starts Rotation
u_5 [TlqX] Ends Rotation
u_5 [TlqX] - Completed Key Rotation
u_3 [FH6k] Ends Rotation
u_3 [FH6k] - Completed Key Rotation
u_7 [DOZw] Ends Rotation
u_7 [DOZw] - Completed Key Rotation
u_9 [NvjY] Ends Rotation
u_9 [NvjY] - Completed Key Rotation
u_2 [lYIJ] Ends Rotation
u_2 [lYIJ] - Completed Key Rotation
u_1 [OgHV] Ends Rotation
u_1 [OgHV] - Completed Key Rotation
u_8 [BBhC] Ends Rotation
u_8 [BBhC] - Completed Key Rotation
u_4 [Vk5d] Ends Rotation
u_4 [Vk5d] - Completed Key Rotation
u_6 [6maw] Ends Rotation
u_6 [6maw] - Completed Key Rotation
u_0 [_k0m] Ends Rotation
u_0 [_k0m] - Completed Key Rotation
Executed 10 users / 10 success / 0 fail
Test 1: 71413ms (7141 p.u.)
Test 2: 1ms (0 p.u.)
Test 3: 718ms (71 p.u.)
Test 4: 71154ms (7115 p.u.)
