Waiting for an incoming message - Test 1 (inception)
Error while deserializing http message: Error("EOF while parsing a value", line: 1, column: 0)
	Preparing Data...
	Data is ready, starting users and test1
Incepted: u_8 [5pOq]
	Added [jm4C] as watcher for u_8 [5pOq]
	Added [x5MO] as watcher for u_8 [5pOq]
	Added [2D85] as watcher for u_8 [5pOq]
	Asking u_8 [5pOq]'s watchers to watch [cj1m]
Incepted: u_5 [Mnl8]
Incepted: u_4 [F4l7]
Incepted: u_3 [4Sbl]
Incepted: u_0 [P884]
	Added [bivQ] as watcher for u_5 [Mnl8]
Incepted: u_9 [vtVJ]
Incepted: u_7 [Ov49]
	Added [jm4C] as watcher for u_4 [F4l7]
	Added [jm4C] as watcher for u_3 [4Sbl]
	✅ u_8 [5pOq] Inception Done
	Added [x5MO] as watcher for u_5 [Mnl8]
	Added [2D85] as watcher for u_9 [vtVJ]
	Added [jm4C] as watcher for u_0 [P884]
	Added [2D85] as watcher for u_7 [Ov49]
Incepted: u_2 [6PIU]
	Added [x5MO] as watcher for u_4 [F4l7]
	Added [2D85] as watcher for u_3 [4Sbl]
Incepted: u_6 [JRfN]
	Added [x5MO] as watcher for u_9 [vtVJ]
	Added [2D85] as watcher for u_5 [Mnl8]
	Asking u_5 [Mnl8]'s watchers to watch [cj1m]
	Added [2D85] as watcher for u_0 [P884]
	Added [x5MO] as watcher for u_7 [Ov49]
	Added [2D85] as watcher for u_2 [6PIU]
Incepted: u_1 [lYcy]
	Added [bivQ] as watcher for u_4 [F4l7]
	Asking u_4 [F4l7]'s watchers to watch [cj1m]
	Added [bivQ] as watcher for u_3 [4Sbl]
	Asking u_3 [4Sbl]'s watchers to watch [cj1m]
	Added [bivQ] as watcher for u_6 [JRfN]
	✅ u_5 [Mnl8] Inception Done
	Added [jm4C] as watcher for u_9 [vtVJ]
	Asking u_9 [vtVJ]'s watchers to watch [cj1m]
	Added [bivQ] as watcher for u_0 [P884]
	Asking u_0 [P884]'s watchers to watch [cj1m]
	✅ u_3 [4Sbl] Inception Done
	✅ u_4 [F4l7] Inception Done
	Added [bivQ] as watcher for u_1 [lYcy]
	Added [jm4C] as watcher for u_7 [Ov49]
	Asking u_7 [Ov49]'s watchers to watch [cj1m]
	Added [x5MO] as watcher for u_2 [6PIU]
	✅ u_9 [vtVJ] Inception Done
	Added [2D85] as watcher for u_6 [JRfN]
	✅ u_0 [P884] Inception Done
	✅ u_7 [Ov49] Inception Done
	Added [jm4C] as watcher for u_2 [6PIU]
	Asking u_2 [6PIU]'s watchers to watch [cj1m]
	Added [jm4C] as watcher for u_1 [lYcy]
	Added [jm4C] as watcher for u_6 [JRfN]
	Asking u_6 [JRfN]'s watchers to watch [cj1m]
	✅ u_2 [6PIU] Inception Done
	✅ u_6 [JRfN] Inception Done
	Added [x5MO] as watcher for u_1 [lYcy]
	Asking u_1 [lYcy]'s watchers to watch [cj1m]
	✅ u_1 [lYcy] Inception Done
Test 2 (signature verification)
	✅ u_1 [lYcy] Message verified
	✅ u_4 [F4l7] Message verified
	✅ u_7 [Ov49] Message verified
	✅ u_3 [4Sbl] Message verified
	✅ u_9 [vtVJ] Message verified
	✅ u_0 [P884] Message verified
	✅ u_5 [Mnl8] Message verified
	✅ u_2 [6PIU] Message verified
	✅ u_6 [JRfN] Message verified
	✅ u_8 [5pOq] Message verified
Waiting for an incoming message - Test 3 (signature verification after rotation of issuer)
	✅ u_0 [P884] Message Verified (2)
	✅ u_3 [4Sbl] Message Verified (2)
	✅ u_7 [Ov49] Message Verified (2)
	✅ u_2 [6PIU] Message Verified (2)
	✅ u_6 [JRfN] Message Verified (2)
	✅ u_9 [vtVJ] Message Verified (2)
	✅ u_1 [lYcy] Message Verified (2)
	✅ u_4 [F4l7] Message Verified (2)
	✅ u_5 [Mnl8] Message Verified (2)
	✅ u_8 [5pOq] Message Verified (2)
Waiting for an incoming message - Test 4 (valid acdc credential)
skipped--
Waiting for an incoming message - Test 5 (acdc revocation)
skipped--
Waiting for an incoming message - Test 6
u_8 [5pOq] Starts Rotation
u_9 [vtVJ] Starts Rotation
u_0 [P884] Starts Rotation
u_6 [JRfN] Starts Rotation
u_3 [4Sbl] Starts Rotation
u_4 [F4l7] Starts Rotation
u_7 [Ov49] Starts Rotation
u_2 [6PIU] Starts Rotation
u_1 [lYcy] Starts Rotation
u_5 [Mnl8] Starts Rotation
u_4 [F4l7] Ends Rotation
u_4 [F4l7] - Completed Key Rotation
u_0 [P884] Ends Rotation
u_0 [P884] - Completed Key Rotation
u_7 [Ov49] Ends Rotation
u_7 [Ov49] - Completed Key Rotation
u_2 [6PIU] Ends Rotation
u_2 [6PIU] - Completed Key Rotation
u_3 [4Sbl] Ends Rotation
u_3 [4Sbl] - Completed Key Rotation
u_8 [5pOq] Ends Rotation
u_8 [5pOq] - Completed Key Rotation
u_1 [lYcy] Ends Rotation
u_1 [lYcy] - Completed Key Rotation
u_6 [JRfN] Ends Rotation
u_6 [JRfN] - Completed Key Rotation
u_9 [vtVJ] Ends Rotation
u_9 [vtVJ] - Completed Key Rotation
u_5 [Mnl8] Ends Rotation
u_5 [Mnl8] - Completed Key Rotation
Executed 10 users / 10 success / 0 fail
Test 1: 75358ms (7535 p.u.)
Test 2: 1ms (0 p.u.)
Test 3: 810ms (81 p.u.)
Test 4: 67346ms (6734 p.u.)
