Waiting for an incoming message - Test 1 (inception)
Error while deserializing http message: Error("EOF while parsing a value", line: 1, column: 0)
	Preparing Data...
	Data is ready, starting users and test1
Incepted: u_3 [Hrit]
	Added [bivQ] as watcher for u_3 [Hrit]
	Added [x5MO] as watcher for u_3 [Hrit]
	Added [jm4C] as watcher for u_3 [Hrit]
	Asking u_3 [Hrit]'s watchers to watch [cj1m]
Incepted: u_7 [Zoo4]
	Added [x5MO] as watcher for u_7 [Zoo4]
	Added [bivQ] as watcher for u_7 [Zoo4]
	Added [2D85] as watcher for u_7 [Zoo4]
	Asking u_7 [Zoo4]'s watchers to watch [cj1m]
	✅ u_3 [Hrit] Inception Done
Incepted: u_1 [aj-c]
	Added [bivQ] as watcher for u_1 [aj-c]
	Added [x5MO] as watcher for u_1 [aj-c]
	Added [jm4C] as watcher for u_1 [aj-c]
	Asking u_1 [aj-c]'s watchers to watch [cj1m]
Incepted: u_6 [IRV_]
	Added [jm4C] as watcher for u_6 [IRV_]
	Added [bivQ] as watcher for u_6 [IRV_]
	Added [x5MO] as watcher for u_6 [IRV_]
	Asking u_6 [IRV_]'s watchers to watch [cj1m]
Incepted: u_2 [cShY]
	✅ u_7 [Zoo4] Inception Done
	Added [2D85] as watcher for u_2 [cShY]
	Added [x5MO] as watcher for u_2 [cShY]
	Added [bivQ] as watcher for u_2 [cShY]
	Asking u_2 [cShY]'s watchers to watch [cj1m]
	✅ u_1 [aj-c] Inception Done
Incepted: u_5 [UPAr]
Incepted: u_0 [Z-mU]
	Added [x5MO] as watcher for u_5 [UPAr]
	Added [bivQ] as watcher for u_0 [Z-mU]
	Added [jm4C] as watcher for u_5 [UPAr]
	Added [2D85] as watcher for u_5 [UPAr]
	Asking u_5 [UPAr]'s watchers to watch [cj1m]
Incepted: u_4 [VSXu]
	Added [jm4C] as watcher for u_0 [Z-mU]
	Added [x5MO] as watcher for u_0 [Z-mU]
	Asking u_0 [Z-mU]'s watchers to watch [cj1m]
	Added [jm4C] as watcher for u_4 [VSXu]
	Added [bivQ] as watcher for u_4 [VSXu]
	Added [x5MO] as watcher for u_4 [VSXu]
	Asking u_4 [VSXu]'s watchers to watch [cj1m]
Incepted: u_9 [tGPR]
	Added [2D85] as watcher for u_9 [tGPR]
	Added [bivQ] as watcher for u_9 [tGPR]
	Added [x5MO] as watcher for u_9 [tGPR]
	Asking u_9 [tGPR]'s watchers to watch [cj1m]
	✅ u_6 [IRV_] Inception Done
	✅ u_2 [cShY] Inception Done
Incepted: u_8 [TUHP]
	Added [bivQ] as watcher for u_8 [TUHP]
	✅ u_0 [Z-mU] Inception Done
	✅ u_4 [VSXu] Inception Done
	✅ u_5 [UPAr] Inception Done
	✅ u_9 [tGPR] Inception Done
	Added [2D85] as watcher for u_8 [TUHP]
	Added [x5MO] as watcher for u_8 [TUHP]
	Asking u_8 [TUHP]'s watchers to watch [cj1m]
	✅ u_8 [TUHP] Inception Done
Test 2 (signature verification)
	✅ u_8 [TUHP] Message verified
	✅ u_6 [IRV_] Message verified
	✅ u_0 [Z-mU] Message verified
	✅ u_2 [cShY] Message verified
	✅ u_9 [tGPR] Message verified
	✅ u_5 [UPAr] Message verified
	✅ u_3 [Hrit] Message verified
	✅ u_1 [aj-c] Message verified
	✅ u_4 [VSXu] Message verified
	✅ u_7 [Zoo4] Message verified
Waiting for an incoming message - Test 3 (signature verification after rotation of issuer)
	✅ u_8 [TUHP] Message Verified (2)
	✅ u_7 [Zoo4] Message Verified (2)
	✅ u_1 [aj-c] Message Verified (2)
	✅ u_2 [cShY] Message Verified (2)
	✅ u_5 [UPAr] Message Verified (2)
	✅ u_6 [IRV_] Message Verified (2)
	✅ u_0 [Z-mU] Message Verified (2)
	✅ u_9 [tGPR] Message Verified (2)
	✅ u_4 [VSXu] Message Verified (2)
	✅ u_3 [Hrit] Message Verified (2)
Waiting for an incoming message - Test 4 (valid acdc credential)
skipped--
Waiting for an incoming message - Test 5 (acdc revocation)
skipped--
Waiting for an incoming message - Test 6
u_3 [Hrit] Starts Rotation
u_7 [Zoo4] Starts Rotation
u_1 [aj-c] Starts Rotation
u_5 [UPAr] Starts Rotation
u_0 [Z-mU] Starts Rotation
u_6 [IRV_] Starts Rotation
u_9 [tGPR] Starts Rotation
u_8 [TUHP] Starts Rotation
u_2 [cShY] Starts Rotation
u_4 [VSXu] Starts Rotation
u_6 [IRV_] Ends Rotation
u_6 [IRV_] - Completed Key Rotation
u_4 [VSXu] Ends Rotation
u_4 [VSXu] - Completed Key Rotation
u_5 [UPAr] Ends Rotation
u_5 [UPAr] - Completed Key Rotation
u_8 [TUHP] Ends Rotation
u_8 [TUHP] - Completed Key Rotation
u_9 [tGPR] Ends Rotation
u_9 [tGPR] - Completed Key Rotation
u_0 [Z-mU] Ends Rotation
u_0 [Z-mU] - Completed Key Rotation
u_3 [Hrit] Ends Rotation
u_3 [Hrit] - Completed Key Rotation
u_2 [cShY] Ends Rotation
u_2 [cShY] - Completed Key Rotation
u_1 [aj-c] Ends Rotation
u_1 [aj-c] - Completed Key Rotation
u_7 [Zoo4] Ends Rotation
u_7 [Zoo4] - Completed Key Rotation
Executed 10 users / 10 success / 0 fail
Test 1: 60080ms (6008 p.u.)
Test 2: 1ms (0 p.u.)
Test 3: 768ms (76 p.u.)
Test 4: 73193ms (7319 p.u.)
