Waiting for an incoming message - Test 1 (inception)
Error while deserializing http message: Error("EOF while parsing a value", line: 1, column: 0)
	Preparing Data...
	Data is ready, starting users and test1
Incepted: u_7 [w_Fk]
	Added [bivQ] as watcher for u_7 [w_Fk]
	Added [jm4C] as watcher for u_7 [w_Fk]
	Added [x5MO] as watcher for u_7 [w_Fk]
	Asking u_7 [w_Fk]'s watchers to watch [cj1m]
Incepted: u_5 [Q6RO]
	Added [jm4C] as watcher for u_5 [Q6RO]
	Added [x5MO] as watcher for u_5 [Q6RO]
	Added [bivQ] as watcher for u_5 [Q6RO]
	Asking u_5 [Q6RO]'s watchers to watch [cj1m]
Incepted: u_9 [nnWT]
	Added [bivQ] as watcher for u_9 [nnWT]
	Added [jm4C] as watcher for u_9 [nnWT]
	Added [2D85] as watcher for u_9 [nnWT]
	Asking u_9 [nnWT]'s watchers to watch [cj1m]
Incepted: u_1 [fXGG]
	Added [x5MO] as watcher for u_1 [fXGG]
	Added [bivQ] as watcher for u_1 [fXGG]
	Added [2D85] as watcher for u_1 [fXGG]
	Asking u_1 [fXGG]'s watchers to watch [cj1m]
	✅ u_7 [w_Fk] Inception Done
Incepted: u_3 [rHep]
Incepted: u_4 [1iQg]
	Added [bivQ] as watcher for u_3 [rHep]
	Added [2D85] as watcher for u_4 [1iQg]
	✅ u_5 [Q6RO] Inception Done
	✅ u_9 [nnWT] Inception Done
	Added [jm4C] as watcher for u_3 [rHep]
Incepted: u_0 [fGmK]
	Added [x5MO] as watcher for u_4 [1iQg]
	✅ u_1 [fXGG] Inception Done
Incepted: u_2 [5t8e]
Incepted: u_8 [Z94Y]
Incepted: u_6 [5CzW]
	Added [2D85] as watcher for u_3 [rHep]
	Asking u_3 [rHep]'s watchers to watch [cj1m]
	Added [x5MO] as watcher for u_0 [fGmK]
	Added [bivQ] as watcher for u_4 [1iQg]
	Asking u_4 [1iQg]'s watchers to watch [cj1m]
	Added [2D85] as watcher for u_2 [5t8e]
	Added [jm4C] as watcher for u_8 [Z94Y]
	Added [bivQ] as watcher for u_6 [5CzW]
	✅ u_3 [rHep] Inception Done
	✅ u_4 [1iQg] Inception Done
	Added [2D85] as watcher for u_0 [fGmK]
	Added [jm4C] as watcher for u_2 [5t8e]
	Added [x5MO] as watcher for u_8 [Z94Y]
	Added [2D85] as watcher for u_6 [5CzW]
	Added [bivQ] as watcher for u_0 [fGmK]
	Asking u_0 [fGmK]'s watchers to watch [cj1m]
	Added [bivQ] as watcher for u_2 [5t8e]
	Asking u_2 [5t8e]'s watchers to watch [cj1m]
	Added [2D85] as watcher for u_8 [Z94Y]
	Asking u_8 [Z94Y]'s watchers to watch [cj1m]
	✅ u_2 [5t8e] Inception Done
	✅ u_0 [fGmK] Inception Done
	Added [jm4C] as watcher for u_6 [5CzW]
	Asking u_6 [5CzW]'s watchers to watch [cj1m]
	✅ u_8 [Z94Y] Inception Done
	✅ u_6 [5CzW] Inception Done
Test 2 (signature verification)
	✅ u_2 [5t8e] Message verified
	✅ u_6 [5CzW] Message verified
	✅ u_4 [1iQg] Message verified
	✅ u_5 [Q6RO] Message verified
	✅ u_8 [Z94Y] Message verified
	✅ u_3 [rHep] Message verified
	✅ u_9 [nnWT] Message verified
	✅ u_0 [fGmK] Message verified
	✅ u_1 [fXGG] Message verified
	✅ u_7 [w_Fk] Message verified
Waiting for an incoming message - Test 3 (signature verification after rotation of issuer)
	✅ u_8 [Z94Y] Message Verified (2)
	✅ u_1 [fXGG] Message Verified (2)
	✅ u_7 [w_Fk] Message Verified (2)
	✅ u_9 [nnWT] Message Verified (2)
	✅ u_0 [fGmK] Message Verified (2)
	✅ u_5 [Q6RO] Message Verified (2)
	✅ u_6 [5CzW] Message Verified (2)
	✅ u_3 [rHep] Message Verified (2)
	✅ u_2 [5t8e] Message Verified (2)
	✅ u_4 [1iQg] Message Verified (2)
Waiting for an incoming message - Test 4 (valid acdc credential)
skipped--
Waiting for an incoming message - Test 5 (acdc revocation)
skipped--
Waiting for an incoming message - Test 6
u_4 [1iQg] Starts Rotation
u_5 [Q6RO] Starts Rotation
u_2 [5t8e] Starts Rotation
u_8 [Z94Y] Starts Rotation
u_9 [nnWT] Starts Rotation
u_6 [5CzW] Starts Rotation
u_0 [fGmK] Starts Rotation
u_1 [fXGG] Starts Rotation
u_3 [rHep] Starts Rotation
u_7 [w_Fk] Starts Rotation
u_0 [fGmK] Ends Rotation
u_0 [fGmK] - Completed Key Rotation
u_2 [5t8e] Ends Rotation
u_2 [5t8e] - Completed Key Rotation
u_4 [1iQg] Ends Rotation
u_4 [1iQg] - Completed Key Rotation
u_9 [nnWT] Ends Rotation
u_9 [nnWT] - Completed Key Rotation
u_5 [Q6RO] Ends Rotation
u_5 [Q6RO] - Completed Key Rotation
u_8 [Z94Y] Ends Rotation
u_8 [Z94Y] - Completed Key Rotation
u_6 [5CzW] Ends Rotation
u_6 [5CzW] - Completed Key Rotation
u_7 [w_Fk] Ends Rotation
u_7 [w_Fk] - Completed Key Rotation
u_1 [fXGG] Ends Rotation
u_1 [fXGG] - Completed Key Rotation
u_3 [rHep] Ends Rotation
u_3 [rHep] - Completed Key Rotation
Executed 10 users / 10 success / 0 fail
Test 1: 74024ms (7402 p.u.)
Test 2: 1ms (0 p.u.)
Test 3: 851ms (85 p.u.)
Test 4: 69321ms (6932 p.u.)
