Waiting for an incoming message - Test 1 (inception)
Error while deserializing http message: Error("EOF while parsing a value", line: 1, column: 0)
	Preparing Data...
	Data is ready, starting users and test1
Incepted: u_8 [n0z1]
Incepted: u_4 [MGUk]
	Added [jm4C] as watcher for u_8 [n0z1]
	Added [x5MO] as watcher for u_4 [MGUk]
	Added [bivQ] as watcher for u_8 [n0z1]
	Added [2D85] as watcher for u_4 [MGUk]
	Added [x5MO] as watcher for u_8 [n0z1]
	Asking u_8 [n0z1]'s watchers to watch [cj1m]
	Added [bivQ] as watcher for u_4 [MGUk]
	Asking u_4 [MGUk]'s watchers to watch [cj1m]
Incepted: u_0 [DhoK]
Incepted: u_2 [ynyV]
	Added [bivQ] as watcher for u_0 [DhoK]
Incepted: u_9 [SVWS]
	✅ u_8 [n0z1] Inception Done
Incepted: u_5 [a79M]
	✅ u_4 [MGUk] Inception Done
Incepted: u_6 [diwr]
	Added [x5MO] as watcher for u_0 [DhoK]
	Added [x5MO] as watcher for u_2 [ynyV]
	Added [jm4C] as watcher for u_9 [SVWS]
Incepted: u_3 [xyYG]
Incepted: u_7 [KiVp]
Incepted: u_1 [dF6r]
	Added [jm4C] as watcher for u_5 [a79M]
	Added [x5MO] as watcher for u_6 [diwr]
	Added [jm4C] as watcher for u_2 [ynyV]
	Added [jm4C] as watcher for u_0 [DhoK]
	Asking u_0 [DhoK]'s watchers to watch [cj1m]
	Added [x5MO] as watcher for u_9 [SVWS]
	Added [bivQ] as watcher for u_3 [xyYG]
	Added [jm4C] as watcher for u_7 [KiVp]
	Added [x5MO] as watcher for u_1 [dF6r]
	Added [x5MO] as watcher for u_5 [a79M]
	✅ u_0 [DhoK] Inception Done
	Added [bivQ] as watcher for u_2 [ynyV]
	Asking u_2 [ynyV]'s watchers to watch [cj1m]
	Added [bivQ] as watcher for u_7 [KiVp]
	Added [jm4C] as watcher for u_6 [diwr]
	Added [2D85] as watcher for u_1 [dF6r]
	Added [2D85] as watcher for u_5 [a79M]
	Asking u_5 [a79M]'s watchers to watch [cj1m]
	Added [x5MO] as watcher for u_3 [xyYG]
	Added [2D85] as watcher for u_9 [SVWS]
	Asking u_9 [SVWS]'s watchers to watch [cj1m]
	✅ u_2 [ynyV] Inception Done
	Added [bivQ] as watcher for u_1 [dF6r]
	Asking u_1 [dF6r]'s watchers to watch [cj1m]
	Added [2D85] as watcher for u_6 [diwr]
	Asking u_6 [diwr]'s watchers to watch [cj1m]
	Added [2D85] as watcher for u_7 [KiVp]
	Asking u_7 [KiVp]'s watchers to watch [cj1m]
	✅ u_9 [SVWS] Inception Done
	✅ u_5 [a79M] Inception Done
	Added [2D85] as watcher for u_3 [xyYG]
	Asking u_3 [xyYG]'s watchers to watch [cj1m]
	✅ u_7 [KiVp] Inception Done
	✅ u_1 [dF6r] Inception Done
	✅ u_6 [diwr] Inception Done
	✅ u_3 [xyYG] Inception Done
Test 2 (signature verification)
	✅ u_3 [xyYG] Message verified
	✅ u_1 [dF6r] Message verified
	✅ u_6 [diwr] Message verified
	✅ u_2 [ynyV] Message verified
	✅ u_4 [MGUk] Message verified
	✅ u_8 [n0z1] Message verified
	✅ u_0 [DhoK] Message verified
	✅ u_9 [SVWS] Message verified
	✅ u_5 [a79M] Message verified
	✅ u_7 [KiVp] Message verified
Waiting for an incoming message - Test 3 (signature verification after rotation of issuer)
	✅ u_9 [SVWS] Message Verified (2)
	✅ u_5 [a79M] Message Verified (2)
	✅ u_7 [KiVp] Message Verified (2)
	✅ u_6 [diwr] Message Verified (2)
	✅ u_3 [xyYG] Message Verified (2)
	✅ u_1 [dF6r] Message Verified (2)
	✅ u_8 [n0z1] Message Verified (2)
	✅ u_0 [DhoK] Message Verified (2)
	✅ u_2 [ynyV] Message Verified (2)
	✅ u_4 [MGUk] Message Verified (2)
Waiting for an incoming message - Test 4 (valid acdc credential)
skipped--
Waiting for an incoming message - Test 5 (acdc revocation)
skipped--
Waiting for an incoming message - Test 6
u_4 [MGUk] Starts Rotation
u_5 [a79M] Starts Rotation
u_9 [SVWS] Starts Rotation
u_0 [DhoK] Starts Rotation
u_7 [KiVp] Starts Rotation
u_6 [diwr] Starts Rotation
u_8 [n0z1] Starts Rotation
u_2 [ynyV] Starts Rotation
u_3 [xyYG] Starts Rotation
u_1 [dF6r] Starts Rotation
u_8 [n0z1] Ends Rotation
u_8 [n0z1] - Completed Key Rotation
u_2 [ynyV] Ends Rotation
u_2 [ynyV] - Completed Key Rotation
u_6 [diwr] Ends Rotation
u_6 [diwr] - Completed Key Rotation
u_4 [MGUk] Ends Rotation
u_4 [MGUk] - Completed Key Rotation
u_0 [DhoK] Ends Rotation
u_0 [DhoK] - Completed Key Rotation
u_1 [dF6r] Ends Rotation
u_1 [dF6r] - Completed Key Rotation
u_3 [xyYG] Ends Rotation
u_3 [xyYG] - Completed Key Rotation
u_5 [a79M] Ends Rotation
u_5 [a79M] - Completed Key Rotation
u_7 [KiVp] Ends Rotation
u_7 [KiVp] - Completed Key Rotation
u_9 [SVWS] Ends Rotation
u_9 [SVWS] - Completed Key Rotation
Executed 10 users / 10 success / 0 fail
Test 1: 72813ms (7281 p.u.)
Test 2: 1ms (0 p.u.)
Test 3: 649ms (64 p.u.)
Test 4: 69434ms (6943 p.u.)
