Waiting for an incoming message - Test 1 (inception)
Error while deserializing http message: Error("EOF while parsing a value", line: 1, column: 0)
	Preparing Data...
	Data is ready, starting users and test1
Incepted: u_3 [KwC5]
Incepted: u_7 [cfwF]
Incepted: u_8 [zLL5]
Incepted: u_5 [8lkY]
Incepted: u_2 [peKI]
Incepted: u_6 [wLQL]
Incepted: u_1 [-8OL]
Incepted: u_0 [WMHK]
	Added [bivQ] as watcher for u_3 [KwC5]
Incepted: u_9 [wgf-]
Incepted: u_4 [2pno]
	Added [jm4C] as watcher for u_7 [cfwF]
	Added [bivQ] as watcher for u_0 [WMHK]
	Added [x5MO] as watcher for u_5 [8lkY]
	Added [2D85] as watcher for u_2 [peKI]
	Added [x5MO] as watcher for u_8 [zLL5]
	Added [2D85] as watcher for u_1 [-8OL]
	Added [2D85] as watcher for u_4 [2pno]
	Added [jm4C] as watcher for u_6 [wLQL]
	Added [x5MO] as watcher for u_3 [KwC5]
	Added [jm4C] as watcher for u_9 [wgf-]
	Added [x5MO] as watcher for u_7 [cfwF]
	Added [2D85] as watcher for u_0 [WMHK]
	Added [bivQ] as watcher for u_9 [wgf-]
	Added [bivQ] as watcher for u_4 [2pno]
	Added [bivQ] as watcher for u_6 [wLQL]
	Added [jm4C] as watcher for u_5 [8lkY]
	Added [jm4C] as watcher for u_2 [peKI]
	Added [jm4C] as watcher for u_8 [zLL5]
	Added [jm4C] as watcher for u_1 [-8OL]
	Added [jm4C] as watcher for u_3 [KwC5]
	Asking u_3 [KwC5]'s watchers to watch [cj1m]
	Added [2D85] as watcher for u_9 [wgf-]
	Asking u_9 [wgf-]'s watchers to watch [cj1m]
	Added [bivQ] as watcher for u_5 [8lkY]
	Asking u_5 [8lkY]'s watchers to watch [cj1m]
	Added [2D85] as watcher for u_7 [cfwF]
	Asking u_7 [cfwF]'s watchers to watch [cj1m]
	Added [bivQ] as watcher for u_2 [peKI]
	Asking u_2 [peKI]'s watchers to watch [cj1m]
	Added [jm4C] as watcher for u_4 [2pno]
	Asking u_4 [2pno]'s watchers to watch [cj1m]
	Added [bivQ] as watcher for u_8 [zLL5]
	Asking u_8 [zLL5]'s watchers to watch [cj1m]
	Added [bivQ] as watcher for u_1 [-8OL]
	Asking u_1 [-8OL]'s watchers to watch [cj1m]
	Added [jm4C] as watcher for u_0 [WMHK]
	Asking u_0 [WMHK]'s watchers to watch [cj1m]
	Added [x5MO] as watcher for u_6 [wLQL]
	Asking u_6 [wLQL]'s watchers to watch [cj1m]
	✅ u_5 [8lkY] Inception Done
	✅ u_7 [cfwF] Inception Done
	✅ u_9 [wgf-] Inception Done
	✅ u_2 [peKI] Inception Done
	✅ u_3 [KwC5] Inception Done
	✅ u_8 [zLL5] Inception Done
	✅ u_0 [WMHK] Inception Done
	✅ u_1 [-8OL] Inception Done
	✅ u_4 [2pno] Inception Done
	✅ u_6 [wLQL] Inception Done
Test 2 (signature verification)
	✅ u_6 [wLQL] Message verified
	✅ u_2 [peKI] Message verified
	✅ u_3 [KwC5] Message verified
	✅ u_0 [WMHK] Message verified
	✅ u_7 [cfwF] Message verified
	✅ u_1 [-8OL] Message verified
	✅ u_5 [8lkY] Message verified
	✅ u_4 [2pno] Message verified
	✅ u_9 [wgf-] Message verified
	✅ u_8 [zLL5] Message verified
Waiting for an incoming message - Test 3 (signature verification after rotation of issuer)
	✅ u_9 [wgf-] Message Verified (2)
	✅ u_0 [WMHK] Message Verified (2)
	✅ u_2 [peKI] Message Verified (2)
	✅ u_8 [zLL5] Message Verified (2)
	✅ u_6 [wLQL] Message Verified (2)
	✅ u_4 [2pno] Message Verified (2)
	✅ u_1 [-8OL] Message Verified (2)
	✅ u_7 [cfwF] Message Verified (2)
	✅ u_3 [KwC5] Message Verified (2)
	✅ u_5 [8lkY] Message Verified (2)
Waiting for an incoming message - Test 4 (valid acdc credential)
skipped--
Waiting for an incoming message - Test 5 (acdc revocation)
skipped--
Waiting for an incoming message - Test 6
u_2 [peKI] Starts Rotation
u_1 [-8OL] Starts Rotation
u_7 [cfwF] Starts Rotation
u_5 [8lkY] Starts Rotation
u_9 [wgf-] Starts Rotation
u_3 [KwC5] Starts Rotation
u_8 [zLL5] Starts Rotation
u_0 [WMHK] Starts Rotation
u_4 [2pno] Starts Rotation
u_6 [wLQL] Starts Rotation
u_4 [2pno] Ends Rotation
u_4 [2pno] - Completed Key Rotation
u_5 [8lkY] Ends Rotation
u_5 [8lkY] - Completed Key Rotation
u_1 [-8OL] Ends Rotation
u_1 [-8OL] - Completed Key Rotation
u_6 [wLQL] Ends Rotation
u_6 [wLQL] - Completed Key Rotation
u_3 [KwC5] Ends Rotation
u_3 [KwC5] - Completed Key Rotation
u_8 [zLL5] Ends Rotation
u_8 [zLL5] - Completed Key Rotation
u_7 [cfwF] Ends Rotation
u_7 [cfwF] - Completed Key Rotation
u_2 [peKI] Ends Rotation
u_2 [peKI] - Completed Key Rotation
u_0 [WMHK] Ends Rotation
u_0 [WMHK] - Completed Key Rotation
u_9 [wgf-] Ends Rotation
u_9 [wgf-] - Completed Key Rotation
Executed 10 users / 10 success / 0 fail
Test 1: 5442ms (544 p.u.)
Test 2: 1ms (0 p.u.)
Test 3: 727ms (72 p.u.)
Test 4: 2375ms (237 p.u.)
