Waiting for an incoming message - Test 1 (inception)
Error while deserializing http message: Error("EOF while parsing a value", line: 1, column: 0)
	Preparing Data...
	Data is ready, starting users and test1
Incepted: u_7 [mhAi]
Incepted: u_8 [0ByU]
Incepted: u_3 [8T7m]
	Added [2D85] as watcher for u_7 [mhAi]
Incepted: u_4 [ekmQ]
Incepted: u_0 [pnWu]
Incepted: u_2 [TbVK]
	Added [x5MO] as watcher for u_3 [8T7m]
	Added [jm4C] as watcher for u_7 [mhAi]
	Added [bivQ] as watcher for u_8 [0ByU]
Incepted: u_5 [Gda0]
Incepted: u_1 [TyiE]
	Added [x5MO] as watcher for u_0 [pnWu]
	Added [2D85] as watcher for u_2 [TbVK]
	Added [bivQ] as watcher for u_4 [ekmQ]
Incepted: u_9 [WWcl]
	Added [x5MO] as watcher for u_8 [0ByU]
	Added [2D85] as watcher for u_0 [pnWu]
	Added [jm4C] as watcher for u_5 [Gda0]
	Added [x5MO] as watcher for u_1 [TyiE]
	Added [x5MO] as watcher for u_7 [mhAi]
	Asking u_7 [mhAi]'s watchers to watch [cj1m]
	Added [bivQ] as watcher for u_3 [8T7m]
	Added [x5MO] as watcher for u_2 [TbVK]
Incepted: u_6 [R0C9]
	Added [2D85] as watcher for u_4 [ekmQ]
	Added [2D85] as watcher for u_8 [0ByU]
	Asking u_8 [0ByU]'s watchers to watch [cj1m]
	Added [2D85] as watcher for u_5 [Gda0]
	Added [2D85] as watcher for u_1 [TyiE]
	Added [bivQ] as watcher for u_9 [WWcl]
	Added [jm4C] as watcher for u_3 [8T7m]
	Asking u_3 [8T7m]'s watchers to watch [cj1m]
	Added [jm4C] as watcher for u_0 [pnWu]
	Asking u_0 [pnWu]'s watchers to watch [cj1m]
	Added [jm4C] as watcher for u_6 [R0C9]
	Added [x5MO] as watcher for u_4 [ekmQ]
	Asking u_4 [ekmQ]'s watchers to watch [cj1m]
	Added [bivQ] as watcher for u_2 [TbVK]
	Asking u_2 [TbVK]'s watchers to watch [cj1m]
	Added [bivQ] as watcher for u_5 [Gda0]
	Asking u_5 [Gda0]'s watchers to watch [cj1m]
	Added [2D85] as watcher for u_9 [WWcl]
	Added [2D85] as watcher for u_6 [R0C9]
	Added [bivQ] as watcher for u_1 [TyiE]
	Asking u_1 [TyiE]'s watchers to watch [cj1m]
	Added [x5MO] as watcher for u_9 [WWcl]
	Asking u_9 [WWcl]'s watchers to watch [cj1m]
	Added [bivQ] as watcher for u_6 [R0C9]
	Asking u_6 [R0C9]'s watchers to watch [cj1m]
	✅ u_7 [mhAi] Inception Done
	✅ u_0 [pnWu] Inception Done
	✅ u_4 [ekmQ] Inception Done
	✅ u_8 [0ByU] Inception Done
	✅ u_3 [8T7m] Inception Done
	✅ u_2 [TbVK] Inception Done
	✅ u_5 [Gda0] Inception Done
	✅ u_6 [R0C9] Inception Done
	✅ u_9 [WWcl] Inception Done
	✅ u_1 [TyiE] Inception Done
Test 2 (signature verification)
	✅ u_1 [TyiE] Message verified
	✅ u_5 [Gda0] Message verified
	✅ u_6 [R0C9] Message verified
	✅ u_3 [8T7m] Message verified
	✅ u_9 [WWcl] Message verified
	✅ u_4 [ekmQ] Message verified
	✅ u_8 [0ByU] Message verified
	✅ u_7 [mhAi] Message verified
	✅ u_2 [TbVK] Message verified
	✅ u_0 [pnWu] Message verified
Waiting for an incoming message - Test 3 (signature verification after rotation of issuer)
	✅ u_8 [0ByU] Message Verified (2)
	✅ u_0 [pnWu] Message Verified (2)
	✅ u_3 [8T7m] Message Verified (2)
	✅ u_7 [mhAi] Message Verified (2)
	✅ u_4 [ekmQ] Message Verified (2)
	✅ u_6 [R0C9] Message Verified (2)
	✅ u_1 [TyiE] Message Verified (2)
	✅ u_9 [WWcl] Message Verified (2)
	✅ u_5 [Gda0] Message Verified (2)
	✅ u_2 [TbVK] Message Verified (2)
Waiting for an incoming message - Test 4 (valid acdc credential)
skipped--
Waiting for an incoming message - Test 5 (acdc revocation)
skipped--
Waiting for an incoming message - Test 6
u_2 [TbVK] Starts Rotation
u_5 [Gda0] Starts Rotation
u_3 [8T7m] Starts Rotation
u_7 [mhAi] Starts Rotation
u_9 [WWcl] Starts Rotation
u_4 [ekmQ] Starts Rotation
u_6 [R0C9] Starts Rotation
u_1 [TyiE] Starts Rotation
u_0 [pnWu] Starts Rotation
u_8 [0ByU] Starts Rotation
u_2 [TbVK] Ends Rotation
u_2 [TbVK] - Completed Key Rotation
u_4 [ekmQ] Ends Rotation
u_4 [ekmQ] - Completed Key Rotation
u_5 [Gda0] Ends Rotation
u_5 [Gda0] - Completed Key Rotation
u_0 [pnWu] Ends Rotation
u_0 [pnWu] - Completed Key Rotation
u_3 [8T7m] Ends Rotation
u_3 [8T7m] - Completed Key Rotation
u_7 [mhAi] Ends Rotation
u_7 [mhAi] - Completed Key Rotation
u_6 [R0C9] Ends Rotation
u_6 [R0C9] - Completed Key Rotation
u_8 [0ByU] Ends Rotation
u_8 [0ByU] - Completed Key Rotation
u_1 [TyiE] Ends Rotation
u_1 [TyiE] - Completed Key Rotation
u_9 [WWcl] Ends Rotation
u_9 [WWcl] - Completed Key Rotation
Executed 10 users / 10 success / 0 fail
Test 1: 12802ms (1280 p.u.)
Test 2: 1ms (0 p.u.)
Test 3: 938ms (93 p.u.)
Test 4: 78589ms (7858 p.u.)
