Waiting for an incoming message - Test 1 (inception)
Error while deserializing http message: Error("EOF while parsing a value", line: 1, column: 0)
	Preparing Data...
	Data is ready, starting users and test1
Incepted: u_0 [xn-I]
Incepted: u_5 [Zrq2]
Incepted: u_3 [JvRB]
Incepted: u_9 [yZsB]
Incepted: u_6 [gQHA]
Incepted: u_8 [uo9Y]
	Added [jm4C] as watcher for u_0 [xn-I]
Incepted: u_2 [X_4m]
Incepted: u_4 [DEZq]
Incepted: u_7 [eSVC]
	Added [bivQ] as watcher for u_5 [Zrq2]
	Added [x5MO] as watcher for u_3 [JvRB]
	Added [bivQ] as watcher for u_9 [yZsB]
	Added [jm4C] as watcher for u_8 [uo9Y]
	Added [2D85] as watcher for u_6 [gQHA]
	Added [x5MO] as watcher for u_0 [xn-I]
	Added [2D85] as watcher for u_4 [DEZq]
	Added [jm4C] as watcher for u_7 [eSVC]
	Added [jm4C] as watcher for u_2 [X_4m]
Incepted: u_1 [NXSJ]
	Added [jm4C] as watcher for u_5 [Zrq2]
	Added [2D85] as watcher for u_8 [uo9Y]
	Added [2D85] as watcher for u_9 [yZsB]
	Added [bivQ] as watcher for u_3 [JvRB]
	Added [bivQ] as watcher for u_7 [eSVC]
	Added [bivQ] as watcher for u_6 [gQHA]
	Added [bivQ] as watcher for u_4 [DEZq]
	Added [bivQ] as watcher for u_0 [xn-I]
	Asking u_0 [xn-I]'s watchers to watch [cj1m]
	Added [2D85] as watcher for u_2 [X_4m]
	Added [x5MO] as watcher for u_1 [NXSJ]
	Added [x5MO] as watcher for u_5 [Zrq2]
	Asking u_5 [Zrq2]'s watchers to watch [cj1m]
	Added [bivQ] as watcher for u_8 [uo9Y]
	Asking u_8 [uo9Y]'s watchers to watch [cj1m]
	Added [2D85] as watcher for u_3 [JvRB]
	Asking u_3 [JvRB]'s watchers to watch [cj1m]
	Added [x5MO] as watcher for u_9 [yZsB]
	Asking u_9 [yZsB]'s watchers to watch [cj1m]
	Added [x5MO] as watcher for u_7 [eSVC]
	Asking u_7 [eSVC]'s watchers to watch [cj1m]
	Added [jm4C] as watcher for u_6 [gQHA]
	Asking u_6 [gQHA]'s watchers to watch [cj1m]
	Added [jm4C] as watcher for u_4 [DEZq]
	Asking u_4 [DEZq]'s watchers to watch [cj1m]
	Added [bivQ] as watcher for u_2 [X_4m]
	Asking u_2 [X_4m]'s watchers to watch [cj1m]
	Added [bivQ] as watcher for u_1 [NXSJ]
	✅ u_0 [xn-I] Inception Done
	Added [jm4C] as watcher for u_1 [NXSJ]
	Asking u_1 [NXSJ]'s watchers to watch [cj1m]
	✅ u_2 [X_4m] Inception Done
	✅ u_8 [uo9Y] Inception Done
	✅ u_9 [yZsB] Inception Done
	✅ u_7 [eSVC] Inception Done
	✅ u_6 [gQHA] Inception Done
	✅ u_5 [Zrq2] Inception Done
	✅ u_4 [DEZq] Inception Done
	✅ u_3 [JvRB] Inception Done
	✅ u_1 [NXSJ] Inception Done
Test 2 (signature verification)
	✅ u_1 [NXSJ] Message verified
	✅ u_4 [DEZq] Message verified
	✅ u_6 [gQHA] Message verified
	✅ u_5 [Zrq2] Message verified
	✅ u_3 [JvRB] Message verified
	✅ u_0 [xn-I] Message verified
	✅ u_2 [X_4m] Message verified
	✅ u_9 [yZsB] Message verified
	✅ u_8 [uo9Y] Message verified
	✅ u_7 [eSVC] Message verified
Waiting for an incoming message - Test 3 (signature verification after rotation of issuer)
	✅ u_9 [yZsB] Message Verified (2)
	✅ u_5 [Zrq2] Message Verified (2)
	✅ u_3 [JvRB] Message Verified (2)
	✅ u_2 [X_4m] Message Verified (2)
	✅ u_0 [xn-I] Message Verified (2)
	✅ u_1 [NXSJ] Message Verified (2)
	✅ u_4 [DEZq] Message Verified (2)
	✅ u_6 [gQHA] Message Verified (2)
	✅ u_8 [uo9Y] Message Verified (2)
	✅ u_7 [eSVC] Message Verified (2)
Waiting for an incoming message - Test 4 (valid acdc credential)
skipped--
Waiting for an incoming message - Test 5 (acdc revocation)
skipped--
Waiting for an incoming message - Test 6
u_7 [eSVC] Starts Rotation
u_6 [gQHA] Starts Rotation
u_9 [yZsB] Starts Rotation
u_8 [uo9Y] Starts Rotation
u_1 [NXSJ] Starts Rotation
u_2 [X_4m] Starts Rotation
u_5 [Zrq2] Starts Rotation
u_3 [JvRB] Starts Rotation
u_0 [xn-I] Starts Rotation
u_4 [DEZq] Starts Rotation
u_6 [gQHA] Ends Rotation
u_6 [gQHA] - Completed Key Rotation
u_1 [NXSJ] Ends Rotation
u_1 [NXSJ] - Completed Key Rotation
u_7 [eSVC] Ends Rotation
u_7 [eSVC] - Completed Key Rotation
u_5 [Zrq2] Ends Rotation
u_5 [Zrq2] - Completed Key Rotation
u_8 [uo9Y] Ends Rotation
u_8 [uo9Y] - Completed Key Rotation
u_3 [JvRB] Ends Rotation
u_3 [JvRB] - Completed Key Rotation
u_0 [xn-I] Ends Rotation
u_0 [xn-I] - Completed Key Rotation
u_2 [X_4m] Ends Rotation
u_2 [X_4m] - Completed Key Rotation
u_9 [yZsB] Ends Rotation
u_9 [yZsB] - Completed Key Rotation
u_4 [DEZq] Ends Rotation
u_4 [DEZq] - Completed Key Rotation
Executed 10 users / 10 success / 0 fail
Test 1: 7204ms (720 p.u.)
Test 2: 1ms (0 p.u.)
Test 3: 716ms (71 p.u.)
Test 4: 81184ms (8118 p.u.)
