Waiting for an incoming message - Test 1 (inception)
Error while deserializing http message: Error("EOF while parsing a value", line: 1, column: 0)
	Preparing Data...
	Data is ready, starting users and test1
Incepted: u_4 [huHT]
Incepted: u_7 [G9Ep]
Incepted: u_2 [26JK]
Incepted: u_5 [dNak]
Incepted: u_8 [Qtld]
Incepted: u_6 [ljkt]
Incepted: u_3 [3lqh]
Incepted: u_1 [T7bW]
	Added [bivQ] as watcher for u_8 [Qtld]
Incepted: u_9 [jgxb]
Incepted: u_0 [ARNf]
	Added [x5MO] as watcher for u_7 [G9Ep]
	Added [2D85] as watcher for u_2 [26JK]
	Added [bivQ] as watcher for u_9 [jgxb]
	Added [jm4C] as watcher for u_4 [huHT]
	Added [x5MO] as watcher for u_5 [dNak]
	Added [bivQ] as watcher for u_0 [ARNf]
	Added [x5MO] as watcher for u_3 [3lqh]
	Added [2D85] as watcher for u_1 [T7bW]
	Added [bivQ] as watcher for u_7 [G9Ep]
	Added [bivQ] as watcher for u_5 [dNak]
	Added [jm4C] as watcher for u_6 [ljkt]
	Added [jm4C] as watcher for u_8 [Qtld]
	Added [bivQ] as watcher for u_3 [3lqh]
	Added [x5MO] as watcher for u_9 [jgxb]
	Added [jm4C] as watcher for u_2 [26JK]
	Added [x5MO] as watcher for u_0 [ARNf]
	Added [x5MO] as watcher for u_4 [huHT]
	Added [2D85] as watcher for u_5 [dNak]
	Asking u_5 [dNak]'s watchers to watch [cj1m]
	Added [bivQ] as watcher for u_2 [26JK]
	Asking u_2 [26JK]'s watchers to watch [cj1m]
	Added [bivQ] as watcher for u_4 [huHT]
	Asking u_4 [huHT]'s watchers to watch [cj1m]
	Added [jm4C] as watcher for u_1 [T7bW]
	Added [x5MO] as watcher for u_8 [Qtld]
	Asking u_8 [Qtld]'s watchers to watch [cj1m]
	Added [x5MO] as watcher for u_6 [ljkt]
	Added [jm4C] as watcher for u_7 [G9Ep]
	Asking u_7 [G9Ep]'s watchers to watch [cj1m]
	Added [jm4C] as watcher for u_3 [3lqh]
	Asking u_3 [3lqh]'s watchers to watch [cj1m]
	Added [bivQ] as watcher for u_1 [T7bW]
	Asking u_1 [T7bW]'s watchers to watch [cj1m]
	Added [bivQ] as watcher for u_6 [ljkt]
	Asking u_6 [ljkt]'s watchers to watch [cj1m]
	Added [jm4C] as watcher for u_9 [jgxb]
	Asking u_9 [jgxb]'s watchers to watch [cj1m]
	Added [jm4C] as watcher for u_0 [ARNf]
	Asking u_0 [ARNf]'s watchers to watch [cj1m]
	✅ u_5 [dNak] Inception Done
	✅ u_2 [26JK] Inception Done
	✅ u_4 [huHT] Inception Done
	✅ u_8 [Qtld] Inception Done
	✅ u_7 [G9Ep] Inception Done
	✅ u_3 [3lqh] Inception Done
	✅ u_1 [T7bW] Inception Done
	✅ u_6 [ljkt] Inception Done
	✅ u_9 [jgxb] Inception Done
	✅ u_0 [ARNf] Inception Done
Test 2 (signature verification)
	✅ u_0 [ARNf] Message verified
	✅ u_8 [Qtld] Message verified
	✅ u_2 [26JK] Message verified
	✅ u_3 [3lqh] Message verified
	✅ u_1 [T7bW] Message verified
	✅ u_6 [ljkt] Message verified
	✅ u_5 [dNak] Message verified
	✅ u_4 [huHT] Message verified
	✅ u_7 [G9Ep] Message verified
	✅ u_9 [jgxb] Message verified
Waiting for an incoming message - Test 3 (signature verification after rotation of issuer)
	✅ u_5 [dNak] Message Verified (2)
	✅ u_6 [ljkt] Message Verified (2)
	✅ u_1 [T7bW] Message Verified (2)
	✅ u_7 [G9Ep] Message Verified (2)
	✅ u_2 [26JK] Message Verified (2)
	✅ u_0 [ARNf] Message Verified (2)
	✅ u_9 [jgxb] Message Verified (2)
	✅ u_3 [3lqh] Message Verified (2)
	✅ u_4 [huHT] Message Verified (2)
	✅ u_8 [Qtld] Message Verified (2)
Waiting for an incoming message - Test 4 (valid acdc credential)
skipped--
Waiting for an incoming message - Test 5 (acdc revocation)
skipped--
Waiting for an incoming message - Test 6
u_8 [Qtld] Starts Rotation
u_4 [huHT] Starts Rotation
u_5 [dNak] Starts Rotation
u_3 [3lqh] Starts Rotation
u_2 [26JK] Starts Rotation
u_0 [ARNf] Starts Rotation
u_6 [ljkt] Starts Rotation
u_1 [T7bW] Starts Rotation
u_9 [jgxb] Starts Rotation
u_7 [G9Ep] Starts Rotation
u_8 [Qtld] Ends Rotation
u_8 [Qtld] - Completed Key Rotation
u_1 [T7bW] Ends Rotation
u_1 [T7bW] - Completed Key Rotation
u_3 [3lqh] Ends Rotation
u_3 [3lqh] - Completed Key Rotation
u_7 [G9Ep] Ends Rotation
u_7 [G9Ep] - Completed Key Rotation
u_4 [huHT] Ends Rotation
u_4 [huHT] - Completed Key Rotation
u_2 [26JK] Ends Rotation
u_2 [26JK] - Completed Key Rotation
u_0 [ARNf] Ends Rotation
u_0 [ARNf] - Completed Key Rotation
u_5 [dNak] Ends Rotation
u_5 [dNak] - Completed Key Rotation
u_6 [ljkt] Ends Rotation
u_6 [ljkt] - Completed Key Rotation
u_9 [jgxb] Ends Rotation
u_9 [jgxb] - Completed Key Rotation
Executed 10 users / 10 success / 0 fail
Test 1: 3844ms (384 p.u.)
Test 2: 1ms (0 p.u.)
Test 3: 518ms (51 p.u.)
Test 4: 2501ms (250 p.u.)
