Waiting for an incoming message - Test 1 (inception)
Error while deserializing http message: Error("EOF while parsing a value", line: 1, column: 0)
	Preparing Data...
	Data is ready, starting users and test1
Incepted: u_2 [cGZu]
	Added [2D85] as watcher for u_2 [cGZu]
	Added [jm4C] as watcher for u_2 [cGZu]
	Added [bivQ] as watcher for u_2 [cGZu]
	Asking u_2 [cGZu]'s watchers to watch [cj1m]
Incepted: u_5 [cdPK]
	Added [jm4C] as watcher for u_5 [cdPK]
Incepted: u_4 [Yzpo]
	Added [bivQ] as watcher for u_5 [cdPK]
	Added [x5MO] as watcher for u_4 [Yzpo]
	Added [x5MO] as watcher for u_5 [cdPK]
	Asking u_5 [cdPK]'s watchers to watch [cj1m]
Incepted: u_1 [fJyz]
	Added [bivQ] as watcher for u_4 [Yzpo]
Incepted: u_3 [esUH]
Incepted: u_0 [v7S0]
	✅ u_2 [cGZu] Inception Done
Incepted: u_6 [3Wqq]
	Added [bivQ] as watcher for u_1 [fJyz]
	Added [2D85] as watcher for u_4 [Yzpo]
	Asking u_4 [Yzpo]'s watchers to watch [cj1m]
Incepted: u_8 [U29c]
	✅ u_5 [cdPK] Inception Done
	Added [2D85] as watcher for u_3 [esUH]
Incepted: u_7 [h3E_]
Incepted: u_9 [jfuP]
	Added [x5MO] as watcher for u_0 [v7S0]
	Added [jm4C] as watcher for u_6 [3Wqq]
	✅ u_4 [Yzpo] Inception Done
	Added [jm4C] as watcher for u_1 [fJyz]
	Added [bivQ] as watcher for u_8 [U29c]
	Added [bivQ] as watcher for u_7 [h3E_]
	Added [bivQ] as watcher for u_9 [jfuP]
	Added [bivQ] as watcher for u_0 [v7S0]
	Added [2D85] as watcher for u_6 [3Wqq]
	Added [jm4C] as watcher for u_3 [esUH]
	Added [2D85] as watcher for u_8 [U29c]
	Added [x5MO] as watcher for u_1 [fJyz]
	Asking u_1 [fJyz]'s watchers to watch [cj1m]
	Added [2D85] as watcher for u_7 [h3E_]
	Added [bivQ] as watcher for u_3 [esUH]
	Asking u_3 [esUH]'s watchers to watch [cj1m]
	Added [bivQ] as watcher for u_6 [3Wqq]
	Asking u_6 [3Wqq]'s watchers to watch [cj1m]
	Added [jm4C] as watcher for u_0 [v7S0]
	Asking u_0 [v7S0]'s watchers to watch [cj1m]
	Added [x5MO] as watcher for u_9 [jfuP]
	✅ u_1 [fJyz] Inception Done
	Added [x5MO] as watcher for u_8 [U29c]
	Asking u_8 [U29c]'s watchers to watch [cj1m]
	✅ u_3 [esUH] Inception Done
	✅ u_0 [v7S0] Inception Done
	Added [x5MO] as watcher for u_7 [h3E_]
	Asking u_7 [h3E_]'s watchers to watch [cj1m]
	✅ u_6 [3Wqq] Inception Done
	Added [2D85] as watcher for u_9 [jfuP]
	Asking u_9 [jfuP]'s watchers to watch [cj1m]
	✅ u_8 [U29c] Inception Done
	✅ u_9 [jfuP] Inception Done
	✅ u_7 [h3E_] Inception Done
Test 2 (signature verification)
	✅ u_7 [h3E_] Message verified
	✅ u_1 [fJyz] Message verified
	✅ u_5 [cdPK] Message verified
	✅ u_8 [U29c] Message verified
	✅ u_0 [v7S0] Message verified
	✅ u_4 [Yzpo] Message verified
	✅ u_9 [jfuP] Message verified
	✅ u_2 [cGZu] Message verified
	✅ u_3 [esUH] Message verified
	✅ u_6 [3Wqq] Message verified
Waiting for an incoming message - Test 3 (signature verification after rotation of issuer)
	✅ u_7 [h3E_] Message Verified (2)
	✅ u_0 [v7S0] Message Verified (2)
	✅ u_9 [jfuP] Message Verified (2)
	✅ u_2 [cGZu] Message Verified (2)
	✅ u_5 [cdPK] Message Verified (2)
	✅ u_8 [U29c] Message Verified (2)
	✅ u_3 [esUH] Message Verified (2)
	✅ u_6 [3Wqq] Message Verified (2)
	✅ u_1 [fJyz] Message Verified (2)
	✅ u_4 [Yzpo] Message Verified (2)
Waiting for an incoming message - Test 4 (valid acdc credential)
skipped--
Waiting for an incoming message - Test 5 (acdc revocation)
skipped--
Waiting for an incoming message - Test 6
u_4 [Yzpo] Starts Rotation
u_5 [cdPK] Starts Rotation
u_8 [U29c] Starts Rotation
u_9 [jfuP] Starts Rotation
u_1 [fJyz] Starts Rotation
u_2 [cGZu] Starts Rotation
u_6 [3Wqq] Starts Rotation
u_0 [v7S0] Starts Rotation
u_7 [h3E_] Starts Rotation
u_3 [esUH] Starts Rotation
u_4 [Yzpo] Ends Rotation
u_4 [Yzpo] - Completed Key Rotation
u_2 [cGZu] Ends Rotation
u_2 [cGZu] - Completed Key Rotation
u_7 [h3E_] Ends Rotation
u_7 [h3E_] - Completed Key Rotation
u_0 [v7S0] Ends Rotation
u_0 [v7S0] - Completed Key Rotation
u_1 [fJyz] Ends Rotation
u_1 [fJyz] - Completed Key Rotation
u_6 [3Wqq] Ends Rotation
u_6 [3Wqq] - Completed Key Rotation
u_9 [jfuP] Ends Rotation
u_9 [jfuP] - Completed Key Rotation
u_5 [cdPK] Ends Rotation
u_5 [cdPK] - Completed Key Rotation
u_3 [esUH] Ends Rotation
u_3 [esUH] - Completed Key Rotation
u_8 [U29c] Ends Rotation
u_8 [U29c] - Completed Key Rotation
Executed 10 users / 10 success / 0 fail
Test 1: 71790ms (7179 p.u.)
Test 2: 1ms (0 p.u.)
Test 3: 834ms (83 p.u.)
Test 4: 68861ms (6886 p.u.)
