Waiting for an incoming message - Test 1 (inception)
Error while deserializing http message: Error("EOF while parsing a value", line: 1, column: 0)
	Preparing Data...
	Data is ready, starting users and test1
Incepted: u_2 [gwHb]
Incepted: u_6 [J0k9]
	Added [jm4C] as watcher for u_2 [gwHb]
Incepted: u_7 [OVx5]
	Added [2D85] as watcher for u_6 [J0k9]
Incepted: u_4 [M4DE]
Incepted: u_8 [rzdg]
Incepted: u_3 [qT1e]
	Added [x5MO] as watcher for u_7 [OVx5]
	Added [bivQ] as watcher for u_2 [gwHb]
Incepted: u_9 [LwVw]
	Added [2D85] as watcher for u_4 [M4DE]
Incepted: u_1 [EbMK]
	Added [bivQ] as watcher for u_6 [J0k9]
	Added [jm4C] as watcher for u_3 [qT1e]
Incepted: u_0 [sgNH]
	Added [x5MO] as watcher for u_2 [gwHb]
	Asking u_2 [gwHb]'s watchers to watch [cj1m]
	Added [jm4C] as watcher for u_8 [rzdg]
	Added [jm4C] as watcher for u_7 [OVx5]
Incepted: u_5 [M8M3]
	Added [jm4C] as watcher for u_9 [LwVw]
	Added [jm4C] as watcher for u_1 [EbMK]
	Added [jm4C] as watcher for u_6 [J0k9]
	Asking u_6 [J0k9]'s watchers to watch [cj1m]
	Added [2D85] as watcher for u_3 [qT1e]
	Added [2D85] as watcher for u_0 [sgNH]
	Added [bivQ] as watcher for u_4 [M4DE]
	Added [bivQ] as watcher for u_8 [rzdg]
	Added [2D85] as watcher for u_9 [LwVw]
	Added [2D85] as watcher for u_5 [M8M3]
	Added [bivQ] as watcher for u_7 [OVx5]
	Asking u_7 [OVx5]'s watchers to watch [cj1m]
	Added [x5MO] as watcher for u_1 [EbMK]
	Added [x5MO] as watcher for u_3 [qT1e]
	Asking u_3 [qT1e]'s watchers to watch [cj1m]
	Added [jm4C] as watcher for u_0 [sgNH]
	Added [jm4C] as watcher for u_4 [M4DE]
	Asking u_4 [M4DE]'s watchers to watch [cj1m]
	Added [2D85] as watcher for u_8 [rzdg]
	Asking u_8 [rzdg]'s watchers to watch [cj1m]
	Added [bivQ] as watcher for u_9 [LwVw]
	Asking u_9 [LwVw]'s watchers to watch [cj1m]
	Added [jm4C] as watcher for u_5 [M8M3]
	✅ u_2 [gwHb] Inception Done
	Added [x5MO] as watcher for u_0 [sgNH]
	Asking u_0 [sgNH]'s watchers to watch [cj1m]
	✅ u_6 [J0k9] Inception Done
	Added [bivQ] as watcher for u_1 [EbMK]
	Asking u_1 [EbMK]'s watchers to watch [cj1m]
	Added [x5MO] as watcher for u_5 [M8M3]
	Asking u_5 [M8M3]'s watchers to watch [cj1m]
	✅ u_8 [rzdg] Inception Done
	✅ u_4 [M4DE] Inception Done
	✅ u_7 [OVx5] Inception Done
	✅ u_3 [qT1e] Inception Done
	✅ u_9 [LwVw] Inception Done
	✅ u_0 [sgNH] Inception Done
	✅ u_1 [EbMK] Inception Done
	✅ u_5 [M8M3] Inception Done
Test 2 (signature verification)
	✅ u_5 [M8M3] Message verified
	✅ u_2 [gwHb] Message verified
	✅ u_1 [EbMK] Message verified
	✅ u_4 [M4DE] Message verified
	✅ u_7 [OVx5] Message verified
	✅ u_6 [J0k9] Message verified
	✅ u_0 [sgNH] Message verified
	✅ u_8 [rzdg] Message verified
	✅ u_3 [qT1e] Message verified
	✅ u_9 [LwVw] Message verified
Waiting for an incoming message - Test 3 (signature verification after rotation of issuer)
	✅ u_6 [J0k9] Message Verified (2)
	✅ u_7 [OVx5] Message Verified (2)
	✅ u_0 [sgNH] Message Verified (2)
	✅ u_9 [LwVw] Message Verified (2)
	✅ u_5 [M8M3] Message Verified (2)
	✅ u_2 [gwHb] Message Verified (2)
	✅ u_3 [qT1e] Message Verified (2)
	✅ u_4 [M4DE] Message Verified (2)
	✅ u_8 [rzdg] Message Verified (2)
	✅ u_1 [EbMK] Message Verified (2)
Waiting for an incoming message - Test 4 (valid acdc credential)
skipped--
Waiting for an incoming message - Test 5 (acdc revocation)
skipped--
Waiting for an incoming message - Test 6
u_1 [EbMK] Starts Rotation
u_7 [OVx5] Starts Rotation
u_8 [rzdg] Starts Rotation
u_4 [M4DE] Starts Rotation
u_9 [LwVw] Starts Rotation
u_2 [gwHb] Starts Rotation
u_5 [M8M3] Starts Rotation
u_3 [qT1e] Starts Rotation
u_0 [sgNH] Starts Rotation
u_6 [J0k9] Starts Rotation
u_3 [qT1e] Ends Rotation
u_3 [qT1e] - Completed Key Rotation
u_4 [M4DE] Ends Rotation
u_4 [M4DE] - Completed Key Rotation
u_0 [sgNH] Ends Rotation
u_0 [sgNH] - Completed Key Rotation
u_1 [EbMK] Ends Rotation
u_1 [EbMK] - Completed Key Rotation
u_7 [OVx5] Ends Rotation
u_7 [OVx5] - Completed Key Rotation
u_9 [LwVw] Ends Rotation
u_9 [LwVw] - Completed Key Rotation
u_2 [gwHb] Ends Rotation
u_2 [gwHb] - Completed Key Rotation
u_8 [rzdg] Ends Rotation
u_8 [rzdg] - Completed Key Rotation
