Waiting for an incoming message - Test 1 (inception)
Error while deserializing http message: Error("EOF while parsing a value", line: 1, column: 0)
	Preparing Data...
	Data is ready, starting users and test1
Incepted: u_6 [UsrJ]
	Added [2D85] as watcher for u_6 [UsrJ]
	Added [x5MO] as watcher for u_6 [UsrJ]
	Added [bivQ] as watcher for u_6 [UsrJ]
	Asking u_6 [UsrJ]'s watchers to watch [cj1m]
Incepted: u_3 [aW-1]
	Added [x5MO] as watcher for u_3 [aW-1]
	Added [2D85] as watcher for u_3 [aW-1]
	Added [bivQ] as watcher for u_3 [aW-1]
	Asking u_3 [aW-1]'s watchers to watch [cj1m]
Incepted: u_8 [5cCW]
	Added [x5MO] as watcher for u_8 [5cCW]
	Added [2D85] as watcher for u_8 [5cCW]
	Added [jm4C] as watcher for u_8 [5cCW]
	Asking u_8 [5cCW]'s watchers to watch [cj1m]
Incepted: u_9 [gYYz]
Incepted: u_1 [i5GS]
	✅ u_6 [UsrJ] Inception Done
Incepted: u_5 [LbAE]
Incepted: u_4 [X7kW]
Incepted: u_7 [GZ5p]
	Added [x5MO] as watcher for u_9 [gYYz]
	Added [2D85] as watcher for u_1 [i5GS]
	✅ u_8 [5cCW] Inception Done
	✅ u_3 [aW-1] Inception Done
	Added [2D85] as watcher for u_4 [X7kW]
	Added [jm4C] as watcher for u_5 [LbAE]
	Added [2D85] as watcher for u_7 [GZ5p]
Incepted: u_2 [lRP7]
	Added [bivQ] as watcher for u_1 [i5GS]
	Added [jm4C] as watcher for u_9 [gYYz]
Incepted: u_0 [Bl7v]
	Added [jm4C] as watcher for u_4 [X7kW]
	Added [bivQ] as watcher for u_5 [LbAE]
	Added [bivQ] as watcher for u_7 [GZ5p]
	Added [jm4C] as watcher for u_1 [i5GS]
	Asking u_1 [i5GS]'s watchers to watch [cj1m]
	Added [jm4C] as watcher for u_2 [lRP7]
	Added [2D85] as watcher for u_9 [gYYz]
	Asking u_9 [gYYz]'s watchers to watch [cj1m]
	Added [2D85] as watcher for u_0 [Bl7v]
	Added [x5MO] as watcher for u_4 [X7kW]
	Asking u_4 [X7kW]'s watchers to watch [cj1m]
	✅ u_9 [gYYz] Inception Done
	Added [2D85] as watcher for u_5 [LbAE]
	Asking u_5 [LbAE]'s watchers to watch [cj1m]
	✅ u_1 [i5GS] Inception Done
	Added [jm4C] as watcher for u_7 [GZ5p]
	Asking u_7 [GZ5p]'s watchers to watch [cj1m]
	Added [2D85] as watcher for u_2 [lRP7]
	✅ u_5 [LbAE] Inception Done
	✅ u_7 [GZ5p] Inception Done
	✅ u_4 [X7kW] Inception Done
	Added [x5MO] as watcher for u_0 [Bl7v]
	Added [bivQ] as watcher for u_2 [lRP7]
	Asking u_2 [lRP7]'s watchers to watch [cj1m]
	✅ u_2 [lRP7] Inception Done
	Added [jm4C] as watcher for u_0 [Bl7v]
	Asking u_0 [Bl7v]'s watchers to watch [cj1m]
	✅ u_0 [Bl7v] Inception Done
Test 2 (signature verification)
	✅ u_0 [Bl7v] Message verified
	✅ u_4 [X7kW] Message verified
	✅ u_2 [lRP7] Message verified
	✅ u_8 [5cCW] Message verified
	✅ u_3 [aW-1] Message verified
	✅ u_7 [GZ5p] Message verified
	✅ u_1 [i5GS] Message verified
	✅ u_9 [gYYz] Message verified
	✅ u_5 [LbAE] Message verified
	✅ u_6 [UsrJ] Message verified
Waiting for an incoming message - Test 3 (signature verification after rotation of issuer)
	✅ u_5 [LbAE] Message Verified (2)
	✅ u_1 [i5GS] Message Verified (2)
	✅ u_3 [aW-1] Message Verified (2)
	✅ u_8 [5cCW] Message Verified (2)
	✅ u_6 [UsrJ] Message Verified (2)
	✅ u_7 [GZ5p] Message Verified (2)
	✅ u_0 [Bl7v] Message Verified (2)
	✅ u_2 [lRP7] Message Verified (2)
	✅ u_4 [X7kW] Message Verified (2)
	✅ u_9 [gYYz] Message Verified (2)
Waiting for an incoming message - Test 4 (valid acdc credential)
skipped--
Waiting for an incoming message - Test 5 (acdc revocation)
skipped--
Waiting for an incoming message - Test 6
u_9 [gYYz] Starts Rotation
u_3 [aW-1] Starts Rotation
u_7 [GZ5p] Starts Rotation
u_2 [lRP7] Starts Rotation
u_8 [5cCW] Starts Rotation
u_4 [X7kW] Starts Rotation
u_5 [LbAE] Starts Rotation
u_6 [UsrJ] Starts Rotation
u_1 [i5GS] Starts Rotation
u_0 [Bl7v] Starts Rotation
u_7 [GZ5p] Ends Rotation
u_7 [GZ5p] - Completed Key Rotation
u_4 [X7kW] Ends Rotation
u_4 [X7kW] - Completed Key Rotation
u_0 [Bl7v] Ends Rotation
u_0 [Bl7v] - Completed Key Rotation
u_9 [gYYz] Ends Rotation
u_9 [gYYz] - Completed Key Rotation
u_2 [lRP7] Ends Rotation
u_2 [lRP7] - Completed Key Rotation
u_8 [5cCW] Ends Rotation
u_8 [5cCW] - Completed Key Rotation
u_1 [i5GS] Ends Rotation
u_1 [i5GS] - Completed Key Rotation
u_3 [aW-1] Ends Rotation
u_3 [aW-1] - Completed Key Rotation
u_6 [UsrJ] Ends Rotation
u_6 [UsrJ] - Completed Key Rotation
u_5 [LbAE] Ends Rotation
u_5 [LbAE] - Completed Key Rotation
Executed 10 users / 10 success / 0 fail
Test 1: 74949ms (7494 p.u.)
Test 2: 1ms (0 p.u.)
Test 3: 897ms (89 p.u.)
Test 4: 69277ms (6927 p.u.)
