Waiting for an incoming message - Test 1 (inception)
Error while deserializing http message: Error("EOF while parsing a value", line: 1, column: 0)
	Preparing Data...
	Data is ready, starting users and test1
Incepted: u_7 [sWvt]
	Added [x5MO] as watcher for u_7 [sWvt]
Incepted: u_4 [EiZ9]
	Added [jm4C] as watcher for u_7 [sWvt]
Incepted: u_1 [pHeC]
	Added [2D85] as watcher for u_7 [sWvt]
	Asking u_7 [sWvt]'s watchers to watch [cj1m]
	Added [x5MO] as watcher for u_4 [EiZ9]
	Added [x5MO] as watcher for u_1 [pHeC]
	Added [2D85] as watcher for u_4 [EiZ9]
	Added [jm4C] as watcher for u_1 [pHeC]
	Added [jm4C] as watcher for u_4 [EiZ9]
	Asking u_4 [EiZ9]'s watchers to watch [cj1m]
Incepted: u_8 [0s5K]
	Added [bivQ] as watcher for u_1 [pHeC]
	Asking u_1 [pHeC]'s watchers to watch [cj1m]
Incepted: u_3 [WmgR]
	Added [jm4C] as watcher for u_8 [0s5K]
Incepted: u_6 [q_JE]
Incepted: u_0 [HBkE]
	Added [2D85] as watcher for u_3 [WmgR]
	✅ u_7 [sWvt] Inception Done
Incepted: u_2 [SpAY]
	✅ u_4 [EiZ9] Inception Done
	✅ u_1 [pHeC] Inception Done
Incepted: u_5 [MSoR]
	Added [2D85] as watcher for u_8 [0s5K]
	Added [jm4C] as watcher for u_6 [q_JE]
Incepted: u_9 [2GAa]
	Added [bivQ] as watcher for u_0 [HBkE]
	Added [jm4C] as watcher for u_3 [WmgR]
	Added [x5MO] as watcher for u_2 [SpAY]
	Added [2D85] as watcher for u_6 [q_JE]
	Added [jm4C] as watcher for u_5 [MSoR]
	Added [x5MO] as watcher for u_8 [0s5K]
	Asking u_8 [0s5K]'s watchers to watch [cj1m]
	Added [bivQ] as watcher for u_9 [2GAa]
	Added [bivQ] as watcher for u_3 [WmgR]
	Asking u_3 [WmgR]'s watchers to watch [cj1m]
	Added [2D85] as watcher for u_0 [HBkE]
	Added [2D85] as watcher for u_2 [SpAY]
	✅ u_8 [0s5K] Inception Done
	✅ u_3 [WmgR] Inception Done
	Added [jm4C] as watcher for u_9 [2GAa]
	Added [x5MO] as watcher for u_5 [MSoR]
	Added [x5MO] as watcher for u_6 [q_JE]
	Asking u_6 [q_JE]'s watchers to watch [cj1m]
	Added [bivQ] as watcher for u_2 [SpAY]
	Asking u_2 [SpAY]'s watchers to watch [cj1m]
	Added [x5MO] as watcher for u_0 [HBkE]
	Asking u_0 [HBkE]'s watchers to watch [cj1m]
	✅ u_2 [SpAY] Inception Done
	✅ u_6 [q_JE] Inception Done
	Added [x5MO] as watcher for u_9 [2GAa]
	Asking u_9 [2GAa]'s watchers to watch [cj1m]
	Added [2D85] as watcher for u_5 [MSoR]
	Asking u_5 [MSoR]'s watchers to watch [cj1m]
	✅ u_0 [HBkE] Inception Done
	✅ u_5 [MSoR] Inception Done
	✅ u_9 [2GAa] Inception Done
Test 2 (signature verification)
	✅ u_9 [2GAa] Message verified
	✅ u_3 [WmgR] Message verified
	✅ u_5 [MSoR] Message verified
	✅ u_2 [SpAY] Message verified
	✅ u_7 [sWvt] Message verified
	✅ u_6 [q_JE] Message verified
	✅ u_0 [HBkE] Message verified
	✅ u_8 [0s5K] Message verified
	✅ u_4 [EiZ9] Message verified
	✅ u_1 [pHeC] Message verified
Waiting for an incoming message - Test 3 (signature verification after rotation of issuer)
	✅ u_6 [q_JE] Message Verified (2)
	✅ u_3 [WmgR] Message Verified (2)
	✅ u_0 [HBkE] Message Verified (2)
	✅ u_2 [SpAY] Message Verified (2)
	✅ u_9 [2GAa] Message Verified (2)
	✅ u_5 [MSoR] Message Verified (2)
	✅ u_4 [EiZ9] Message Verified (2)
	✅ u_8 [0s5K] Message Verified (2)
	✅ u_7 [sWvt] Message Verified (2)
	✅ u_1 [pHeC] Message Verified (2)
Waiting for an incoming message - Test 4 (valid acdc credential)
skipped--
Waiting for an incoming message - Test 5 (acdc revocation)
skipped--
Waiting for an incoming message - Test 6
u_1 [pHeC] Starts Rotation
u_7 [sWvt] Starts Rotation
u_5 [MSoR] Starts Rotation
u_2 [SpAY] Starts Rotation
u_6 [q_JE] Starts Rotation
u_3 [WmgR] Starts Rotation
u_9 [2GAa] Starts Rotation
u_0 [HBkE] Starts Rotation
u_4 [EiZ9] Starts Rotation
u_8 [0s5K] Starts Rotation
u_5 [MSoR] Ends Rotation
u_5 [MSoR] - Completed Key Rotation
u_7 [sWvt] Ends Rotation
u_7 [sWvt] - Completed Key Rotation
u_9 [2GAa] Ends Rotation
u_9 [2GAa] - Completed Key Rotation
u_4 [EiZ9] Ends Rotation
u_4 [EiZ9] - Completed Key Rotation
u_3 [WmgR] Ends Rotation
u_3 [WmgR] - Completed Key Rotation
u_2 [SpAY] Ends Rotation
u_2 [SpAY] - Completed Key Rotation
u_8 [0s5K] Ends Rotation
u_8 [0s5K] - Completed Key Rotation
u_1 [pHeC] Ends Rotation
u_1 [pHeC] - Completed Key Rotation
u_0 [HBkE] Ends Rotation
u_0 [HBkE] - Completed Key Rotation
u_6 [q_JE] Ends Rotation
u_6 [q_JE] - Completed Key Rotation
Executed 10 users / 10 success / 0 fail
Test 1: 72233ms (7223 p.u.)
Test 2: 1ms (0 p.u.)
Test 3: 857ms (85 p.u.)
Test 4: 67919ms (6791 p.u.)
