Waiting for an incoming message - Test 1 (inception)
Error while deserializing http message: Error("EOF while parsing a value", line: 1, column: 0)
	Preparing Data...
	Data is ready, starting users and test1
Incepted: u_9 [FO4u]
	Added [bivQ] as watcher for u_9 [FO4u]
Incepted: u_0 [wJQt]
Incepted: u_2 [ArjT]
	Added [x5MO] as watcher for u_9 [FO4u]
	Added [jm4C] as watcher for u_0 [wJQt]
Incepted: u_7 [gL5j]
Incepted: u_4 [rgiK]
Incepted: u_8 [S2hS]
	Added [x5MO] as watcher for u_2 [ArjT]
Incepted: u_3 [t6lp]
	Added [2D85] as watcher for u_9 [FO4u]
	Asking u_9 [FO4u]'s watchers to watch [cj1m]
Incepted: u_1 [3Gxi]
	Added [bivQ] as watcher for u_0 [wJQt]
Incepted: u_5 [DPgO]
	Added [bivQ] as watcher for u_7 [gL5j]
Incepted: u_6 [jhBj]
	Added [2D85] as watcher for u_4 [rgiK]
	Added [jm4C] as watcher for u_8 [S2hS]
	Added [2D85] as watcher for u_3 [t6lp]
	✅ u_9 [FO4u] Inception Done
	Added [jm4C] as watcher for u_2 [ArjT]
	Added [2D85] as watcher for u_1 [3Gxi]
	Added [2D85] as watcher for u_5 [DPgO]
	Added [2D85] as watcher for u_7 [gL5j]
	Added [2D85] as watcher for u_0 [wJQt]
	Asking u_0 [wJQt]'s watchers to watch [cj1m]
	Added [jm4C] as watcher for u_6 [jhBj]
	Added [x5MO] as watcher for u_8 [S2hS]
	Added [x5MO] as watcher for u_4 [rgiK]
	Added [jm4C] as watcher for u_1 [3Gxi]
	Added [jm4C] as watcher for u_3 [t6lp]
	Added [x5MO] as watcher for u_5 [DPgO]
	Added [2D85] as watcher for u_2 [ArjT]
	Asking u_2 [ArjT]'s watchers to watch [cj1m]
	✅ u_0 [wJQt] Inception Done
	Added [x5MO] as watcher for u_7 [gL5j]
	Asking u_7 [gL5j]'s watchers to watch [cj1m]
	Added [x5MO] as watcher for u_6 [jhBj]
	Added [bivQ] as watcher for u_3 [t6lp]
	Asking u_3 [t6lp]'s watchers to watch [cj1m]
	Added [bivQ] as watcher for u_4 [rgiK]
	Asking u_4 [rgiK]'s watchers to watch [cj1m]
	Added [bivQ] as watcher for u_1 [3Gxi]
	Asking u_1 [3Gxi]'s watchers to watch [cj1m]
	Added [bivQ] as watcher for u_5 [DPgO]
	Asking u_5 [DPgO]'s watchers to watch [cj1m]
	Added [bivQ] as watcher for u_8 [S2hS]
	Asking u_8 [S2hS]'s watchers to watch [cj1m]
	✅ u_3 [t6lp] Inception Done
	✅ u_5 [DPgO] Inception Done
	✅ u_2 [ArjT] Inception Done
	✅ u_7 [gL5j] Inception Done
	✅ u_4 [rgiK] Inception Done
	Added [bivQ] as watcher for u_6 [jhBj]
	Asking u_6 [jhBj]'s watchers to watch [cj1m]
	✅ u_1 [3Gxi] Inception Done
	✅ u_8 [S2hS] Inception Done
	✅ u_6 [jhBj] Inception Done
Test 2 (signature verification)
	✅ u_9 [FO4u] Message verified
	✅ u_6 [jhBj] Message verified
	✅ u_8 [S2hS] Message verified
	✅ u_0 [wJQt] Message verified
	✅ u_3 [t6lp] Message verified
	✅ u_4 [rgiK] Message verified
	✅ u_7 [gL5j] Message verified
	✅ u_2 [ArjT] Message verified
	✅ u_5 [DPgO] Message verified
	✅ u_1 [3Gxi] Message verified
Waiting for an incoming message - Test 3 (signature verification after rotation of issuer)
	✅ u_3 [t6lp] Message Verified (2)
	✅ u_0 [wJQt] Message Verified (2)
	✅ u_8 [S2hS] Message Verified (2)
	✅ u_9 [FO4u] Message Verified (2)
	✅ u_1 [3Gxi] Message Verified (2)
	✅ u_7 [gL5j] Message Verified (2)
	✅ u_2 [ArjT] Message Verified (2)
	✅ u_6 [jhBj] Message Verified (2)
	✅ u_5 [DPgO] Message Verified (2)
	✅ u_4 [rgiK] Message Verified (2)
Waiting for an incoming message - Test 4 (valid acdc credential)
skipped--
Waiting for an incoming message - Test 5 (acdc revocation)
skipped--
Waiting for an incoming message - Test 6
u_4 [rgiK] Starts Rotation
u_2 [ArjT] Starts Rotation
u_0 [wJQt] Starts Rotation
u_1 [3Gxi] Starts Rotation
u_8 [S2hS] Starts Rotation
u_3 [t6lp] Starts Rotation
u_7 [gL5j] Starts Rotation
u_6 [jhBj] Starts Rotation
u_5 [DPgO] Starts Rotation
u_9 [FO4u] Starts Rotation
u_6 [jhBj] Ends Rotation
u_6 [jhBj] - Completed Key Rotation
u_5 [DPgO] Ends Rotation
u_5 [DPgO] - Completed Key Rotation
u_7 [gL5j] Ends Rotation
u_7 [gL5j] - Completed Key Rotation
u_8 [S2hS] Ends Rotation
u_8 [S2hS] - Completed Key Rotation
u_1 [3Gxi] Ends Rotation
u_1 [3Gxi] - Completed Key Rotation
u_4 [rgiK] Ends Rotation
u_4 [rgiK] - Completed Key Rotation
u_0 [wJQt] Ends Rotation
u_0 [wJQt] - Completed Key Rotation
u_3 [t6lp] Ends Rotation
u_3 [t6lp] - Completed Key Rotation
u_2 [ArjT] Ends Rotation
u_2 [ArjT] - Completed Key Rotation
u_9 [FO4u] Ends Rotation
u_9 [FO4u] - Completed Key Rotation
Executed 10 users / 10 success / 0 fail
Test 1: 64131ms (6413 p.u.)
Test 2: 1ms (0 p.u.)
Test 3: 652ms (65 p.u.)
Test 4: 60013ms (6001 p.u.)
