Waiting for an incoming message - Test 1 (inception)
Error while deserializing http message: Error("EOF while parsing a value", line: 1, column: 0)
	Preparing Data...
	Data is ready, starting users and test1
Incepted: u_2 [6oZ1]
Incepted: u_4 [j-SY]
Incepted: u_1 [Dc9_]
Incepted: u_7 [xKnV]
Incepted: u_8 [4FSk]
Incepted: u_6 [2MXi]
Incepted: u_0 [3Adt]
Incepted: u_9 [39jm]
Incepted: u_3 [XQiJ]
Incepted: u_5 [N8uj]
	Added [2D85] as watcher for u_2 [6oZ1]
	Added [2D85] as watcher for u_1 [Dc9_]
	Added [2D85] as watcher for u_7 [xKnV]
	Added [2D85] as watcher for u_6 [2MXi]
	Added [jm4C] as watcher for u_4 [j-SY]
	Added [x5MO] as watcher for u_0 [3Adt]
	Added [jm4C] as watcher for u_8 [4FSk]
	Added [2D85] as watcher for u_9 [39jm]
	Added [2D85] as watcher for u_5 [N8uj]
	Added [x5MO] as watcher for u_2 [6oZ1]
	Added [bivQ] as watcher for u_3 [XQiJ]
	Added [x5MO] as watcher for u_1 [Dc9_]
	Added [bivQ] as watcher for u_7 [xKnV]
	Added [2D85] as watcher for u_8 [4FSk]
	Added [jm4C] as watcher for u_0 [3Adt]
	Added [x5MO] as watcher for u_4 [j-SY]
	Added [jm4C] as watcher for u_9 [39jm]
	Added [bivQ] as watcher for u_6 [2MXi]
	Added [2D85] as watcher for u_3 [XQiJ]
	Added [bivQ] as watcher for u_5 [N8uj]
	Added [bivQ] as watcher for u_2 [6oZ1]
	Asking u_2 [6oZ1]'s watchers to watch [Xcvw]
	Added [2D85] as watcher for u_0 [3Adt]
	Asking u_0 [3Adt]'s watchers to watch [Xcvw]
	Added [x5MO] as watcher for u_7 [xKnV]
	Asking u_7 [xKnV]'s watchers to watch [Xcvw]
	Added [bivQ] as watcher for u_1 [Dc9_]
	Asking u_1 [Dc9_]'s watchers to watch [Xcvw]
	Added [x5MO] as watcher for u_8 [4FSk]
	Asking u_8 [4FSk]'s watchers to watch [Xcvw]
	Added [bivQ] as watcher for u_4 [j-SY]
	Asking u_4 [j-SY]'s watchers to watch [Xcvw]
	Added [x5MO] as watcher for u_9 [39jm]
	Asking u_9 [39jm]'s watchers to watch [Xcvw]
	Added [x5MO] as watcher for u_6 [2MXi]
	Asking u_6 [2MXi]'s watchers to watch [Xcvw]
	Added [x5MO] as watcher for u_3 [XQiJ]
	Asking u_3 [XQiJ]'s watchers to watch [Xcvw]
	Added [jm4C] as watcher for u_5 [N8uj]
	Asking u_5 [N8uj]'s watchers to watch [Xcvw]
	✅ u_2 [6oZ1] Inception Done
	✅ u_7 [xKnV] Inception Done
	✅ u_8 [4FSk] Inception Done
	✅ u_0 [3Adt] Inception Done
	✅ u_1 [Dc9_] Inception Done
	✅ u_6 [2MXi] Inception Done
	✅ u_3 [XQiJ] Inception Done
	✅ u_9 [39jm] Inception Done
	✅ u_4 [j-SY] Inception Done
	✅ u_5 [N8uj] Inception Done
Test 2 (signature verification)
	✅ u_0 [3Adt] Message verified
	✅ u_5 [N8uj] Message verified
	✅ u_7 [xKnV] Message verified
	✅ u_2 [6oZ1] Message verified
	✅ u_3 [XQiJ] Message verified
	✅ u_4 [j-SY] Message verified
	✅ u_1 [Dc9_] Message verified
	✅ u_8 [4FSk] Message verified
	✅ u_6 [2MXi] Message verified
	✅ u_9 [39jm] Message verified
Waiting for an incoming message - Test 3 (signature verification after rotation of issuer)
	✅ u_2 [6oZ1] Message Verified (2)
	✅ u_5 [N8uj] Message Verified (2)
	✅ u_8 [4FSk] Message Verified (2)
	✅ u_7 [xKnV] Message Verified (2)
	✅ u_0 [3Adt] Message Verified (2)
	✅ u_3 [XQiJ] Message Verified (2)
	✅ u_1 [Dc9_] Message Verified (2)
	✅ u_4 [j-SY] Message Verified (2)
	✅ u_6 [2MXi] Message Verified (2)
	✅ u_9 [39jm] Message Verified (2)
Waiting for an incoming message - Test 4 (valid acdc credential)
skipped--
Waiting for an incoming message - Test 5 (acdc revocation)
skipped--
Waiting for an incoming message - Test 6
u_4 [j-SY] Starts Rotation
u_7 [xKnV] Starts Rotation
u_6 [2MXi] Starts Rotation
u_0 [3Adt] Starts Rotation
u_2 [6oZ1] Starts Rotation
u_5 [N8uj] Starts Rotation
u_8 [4FSk] Starts Rotation
u_3 [XQiJ] Starts Rotation
u_9 [39jm] Starts Rotation
u_1 [Dc9_] Starts Rotation
u_6 [2MXi] Ends Rotation
u_6 [2MXi] - Completed Key Rotation
u_9 [39jm] Ends Rotation
u_9 [39jm] - Completed Key Rotation
u_2 [6oZ1] Ends Rotation
u_2 [6oZ1] - Completed Key Rotation
u_4 [j-SY] Ends Rotation
u_4 [j-SY] - Completed Key Rotation
u_5 [N8uj] Ends Rotation
u_5 [N8uj] - Completed Key Rotation
u_8 [4FSk] Ends Rotation
u_8 [4FSk] - Completed Key Rotation
u_1 [Dc9_] Ends Rotation
u_1 [Dc9_] - Completed Key Rotation
u_0 [3Adt] Ends Rotation
u_0 [3Adt] - Completed Key Rotation
u_7 [xKnV] Ends Rotation
u_7 [xKnV] - Completed Key Rotation
u_3 [XQiJ] Ends Rotation
u_3 [XQiJ] - Completed Key Rotation
Executed 10 users / 10 success / 0 fail
Test 1: 6266ms (626 p.u.)
Test 2: 1ms (0 p.u.)
Test 3: 873ms (87 p.u.)
Test 4: 2290ms (229 p.u.)
