Waiting for an incoming message - Test 1 (inception)
Error while deserializing http message: Error("EOF while parsing a value", line: 1, column: 0)
	Preparing Data...
	Data is ready, starting users and test1
Incepted: u_2 [GitY]
Incepted: u_0 [4bss]
Incepted: u_9 [ef0F]
Incepted: u_8 [5GCV]
Incepted: u_7 [lj3I]
Incepted: u_1 [4ts8]
Incepted: u_3 [_tn0]
Incepted: u_4 [kaGu]
Incepted: u_6 [9Wwl]
Incepted: u_5 [AqeE]
	Added [jm4C] as watcher for u_9 [ef0F]
	Added [2D85] as watcher for u_2 [GitY]
	Added [jm4C] as watcher for u_0 [4bss]
	Added [2D85] as watcher for u_1 [4ts8]
	Added [2D85] as watcher for u_3 [_tn0]
	Added [x5MO] as watcher for u_8 [5GCV]
	Added [jm4C] as watcher for u_4 [kaGu]
	Added [2D85] as watcher for u_5 [AqeE]
	Added [bivQ] as watcher for u_7 [lj3I]
	Added [x5MO] as watcher for u_0 [4bss]
	Added [x5MO] as watcher for u_2 [GitY]
	Added [bivQ] as watcher for u_6 [9Wwl]
	Added [jm4C] as watcher for u_3 [_tn0]
	Added [bivQ] as watcher for u_9 [ef0F]
	Added [2D85] as watcher for u_8 [5GCV]
	Added [bivQ] as watcher for u_4 [kaGu]
	Added [jm4C] as watcher for u_5 [AqeE]
	Added [bivQ] as watcher for u_1 [4ts8]
	Added [2D85] as watcher for u_7 [lj3I]
	Added [2D85] as watcher for u_0 [4bss]
	Asking u_0 [4bss]'s watchers to watch [Xcvw]
	Added [2D85] as watcher for u_9 [ef0F]
	Asking u_9 [ef0F]'s watchers to watch [Xcvw]
	Added [x5MO] as watcher for u_6 [9Wwl]
	Added [x5MO] as watcher for u_3 [_tn0]
	Asking u_3 [_tn0]'s watchers to watch [Xcvw]
	Added [bivQ] as watcher for u_2 [GitY]
	Asking u_2 [GitY]'s watchers to watch [Xcvw]
	Added [jm4C] as watcher for u_8 [5GCV]
	Asking u_8 [5GCV]'s watchers to watch [Xcvw]
	Added [x5MO] as watcher for u_4 [kaGu]
	Asking u_4 [kaGu]'s watchers to watch [Xcvw]
	Added [2D85] as watcher for u_6 [9Wwl]
	Asking u_6 [9Wwl]'s watchers to watch [Xcvw]
	Added [jm4C] as watcher for u_1 [4ts8]
	Asking u_1 [4ts8]'s watchers to watch [Xcvw]
	Added [x5MO] as watcher for u_7 [lj3I]
	Asking u_7 [lj3I]'s watchers to watch [Xcvw]
	Added [x5MO] as watcher for u_5 [AqeE]
	Asking u_5 [AqeE]'s watchers to watch [Xcvw]
	✅ u_0 [4bss] Inception Done
	✅ u_9 [ef0F] Inception Done
	✅ u_3 [_tn0] Inception Done
	✅ u_8 [5GCV] Inception Done
	✅ u_2 [GitY] Inception Done
	✅ u_4 [kaGu] Inception Done
	✅ u_7 [lj3I] Inception Done
	✅ u_1 [4ts8] Inception Done
	✅ u_6 [9Wwl] Inception Done
	✅ u_5 [AqeE] Inception Done
Test 2 (signature verification)
	✅ u_4 [kaGu] Message verified
	✅ u_5 [AqeE] Message verified
	✅ u_7 [lj3I] Message verified
	✅ u_8 [5GCV] Message verified
	✅ u_9 [ef0F] Message verified
	✅ u_6 [9Wwl] Message verified
	✅ u_3 [_tn0] Message verified
	✅ u_2 [GitY] Message verified
	✅ u_1 [4ts8] Message verified
	✅ u_0 [4bss] Message verified
Waiting for an incoming message - Test 3 (signature verification after rotation of issuer)
	✅ u_5 [AqeE] Message Verified (2)
	✅ u_0 [4bss] Message Verified (2)
	✅ u_8 [5GCV] Message Verified (2)
	✅ u_3 [_tn0] Message Verified (2)
	✅ u_6 [9Wwl] Message Verified (2)
	✅ u_9 [ef0F] Message Verified (2)
	✅ u_1 [4ts8] Message Verified (2)
	✅ u_7 [lj3I] Message Verified (2)
	✅ u_4 [kaGu] Message Verified (2)
	✅ u_2 [GitY] Message Verified (2)
Waiting for an incoming message - Test 4 (valid acdc credential)
skipped--
Waiting for an incoming message - Test 5 (acdc revocation)
skipped--
Waiting for an incoming message - Test 6
u_6 [9Wwl] Starts Rotation
u_2 [GitY] Starts Rotation
u_4 [kaGu] Starts Rotation
u_3 [_tn0] Starts Rotation
u_0 [4bss] Starts Rotation
u_9 [ef0F] Starts Rotation
u_5 [AqeE] Starts Rotation
u_1 [4ts8] Starts Rotation
u_8 [5GCV] Starts Rotation
u_7 [lj3I] Starts Rotation
u_0 [4bss] Ends Rotation
u_0 [4bss] - Completed Key Rotation
u_2 [GitY] Ends Rotation
u_2 [GitY] - Completed Key Rotation
u_3 [_tn0] Ends Rotation
u_3 [_tn0] - Completed Key Rotation
u_1 [4ts8] Ends Rotation
u_1 [4ts8] - Completed Key Rotation
u_4 [kaGu] Ends Rotation
u_4 [kaGu] - Completed Key Rotation
u_9 [ef0F] Ends Rotation
u_9 [ef0F] - Completed Key Rotation
u_5 [AqeE] Ends Rotation
u_5 [AqeE] - Completed Key Rotation
u_8 [5GCV] Ends Rotation
u_8 [5GCV] - Completed Key Rotation
u_6 [9Wwl] Ends Rotation
u_6 [9Wwl] - Completed Key Rotation
u_7 [lj3I] Ends Rotation
u_7 [lj3I] - Completed Key Rotation
Executed 10 users / 10 success / 0 fail
Test 1: 5880ms (588 p.u.)
Test 2: 5ms (0 p.u.)
Test 3: 688ms (68 p.u.)
Test 4: 2244ms (224 p.u.)
