Waiting for an incoming message - Test 1 (inception)
Error while deserializing http message: Error("EOF while parsing a value", line: 1, column: 0)
	Preparing Data...
	Data is ready, starting users and test1
Incepted: u_9 [3eI0]
Incepted: u_3 [2R_o]
Incepted: u_7 [Qm-B]
Incepted: u_2 [FZJO]
Incepted: u_4 [dQ1e]
Incepted: u_8 [yEER]
Incepted: u_1 [FzQ6]
Incepted: u_0 [m5eF]
Incepted: u_6 [JHCR]
Incepted: u_5 [y4S5]
	Added [2D85] as watcher for u_3 [2R_o]
	Added [x5MO] as watcher for u_7 [Qm-B]
	Added [jm4C] as watcher for u_9 [3eI0]
	Added [x5MO] as watcher for u_2 [FZJO]
	Added [bivQ] as watcher for u_4 [dQ1e]
	Added [bivQ] as watcher for u_8 [yEER]
	Added [bivQ] as watcher for u_1 [FzQ6]
	Added [bivQ] as watcher for u_0 [m5eF]
	Added [bivQ] as watcher for u_6 [JHCR]
	Added [2D85] as watcher for u_9 [3eI0]
	Added [2D85] as watcher for u_7 [Qm-B]
	Added [x5MO] as watcher for u_4 [dQ1e]
	Added [jm4C] as watcher for u_5 [y4S5]
	Added [2D85] as watcher for u_2 [FZJO]
	Added [jm4C] as watcher for u_3 [2R_o]
	Added [2D85] as watcher for u_1 [FzQ6]
	Added [2D85] as watcher for u_8 [yEER]
	Added [x5MO] as watcher for u_0 [m5eF]
	Added [2D85] as watcher for u_6 [JHCR]
	Added [jm4C] as watcher for u_2 [FZJO]
	Asking u_2 [FZJO]'s watchers to watch [Xcvw]
	Added [2D85] as watcher for u_4 [dQ1e]
	Asking u_4 [dQ1e]'s watchers to watch [Xcvw]
	Added [bivQ] as watcher for u_3 [2R_o]
	Asking u_3 [2R_o]'s watchers to watch [Xcvw]
	Added [bivQ] as watcher for u_9 [3eI0]
	Asking u_9 [3eI0]'s watchers to watch [Xcvw]
	Added [bivQ] as watcher for u_5 [y4S5]
	Added [bivQ] as watcher for u_7 [Qm-B]
	Asking u_7 [Qm-B]'s watchers to watch [Xcvw]
	Added [2D85] as watcher for u_0 [m5eF]
	Asking u_0 [m5eF]'s watchers to watch [Xcvw]
	Added [jm4C] as watcher for u_1 [FzQ6]
	Asking u_1 [FzQ6]'s watchers to watch [Xcvw]
	Added [jm4C] as watcher for u_8 [yEER]
	Asking u_8 [yEER]'s watchers to watch [Xcvw]
	Added [jm4C] as watcher for u_6 [JHCR]
	Asking u_6 [JHCR]'s watchers to watch [Xcvw]
	Added [x5MO] as watcher for u_5 [y4S5]
	Asking u_5 [y4S5]'s watchers to watch [Xcvw]
	✅ u_4 [dQ1e] Inception Done
	✅ u_2 [FZJO] Inception Done
	✅ u_1 [FzQ6] Inception Done
	✅ u_7 [Qm-B] Inception Done
	✅ u_9 [3eI0] Inception Done
	✅ u_0 [m5eF] Inception Done
	✅ u_8 [yEER] Inception Done
	✅ u_3 [2R_o] Inception Done
	✅ u_6 [JHCR] Inception Done
	✅ u_5 [y4S5] Inception Done
Test 2 (signature verification)
	✅ u_5 [y4S5] Message verified
	✅ u_8 [yEER] Message verified
	✅ u_0 [m5eF] Message verified
	✅ u_2 [FZJO] Message verified
	✅ u_3 [2R_o] Message verified
	✅ u_4 [dQ1e] Message verified
	✅ u_6 [JHCR] Message verified
	✅ u_1 [FzQ6] Message verified
	✅ u_7 [Qm-B] Message verified
	✅ u_9 [3eI0] Message verified
Waiting for an incoming message - Test 3 (signature verification after rotation of issuer)
	✅ u_7 [Qm-B] Message Verified (2)
	✅ u_4 [dQ1e] Message Verified (2)
	✅ u_2 [FZJO] Message Verified (2)
	✅ u_3 [2R_o] Message Verified (2)
	✅ u_8 [yEER] Message Verified (2)
	✅ u_0 [m5eF] Message Verified (2)
	✅ u_9 [3eI0] Message Verified (2)
	✅ u_1 [FzQ6] Message Verified (2)
	✅ u_5 [y4S5] Message Verified (2)
	✅ u_6 [JHCR] Message Verified (2)
Waiting for an incoming message - Test 4 (valid acdc credential)
skipped--
Waiting for an incoming message - Test 5 (acdc revocation)
skipped--
Waiting for an incoming message - Test 6
u_2 [FZJO] Starts Rotation
u_6 [JHCR] Starts Rotation
u_7 [Qm-B] Starts Rotation
u_8 [yEER] Starts Rotation
u_0 [m5eF] Starts Rotation
u_9 [3eI0] Starts Rotation
u_5 [y4S5] Starts Rotation
u_1 [FzQ6] Starts Rotation
u_4 [dQ1e] Starts Rotation
u_3 [2R_o] Starts Rotation
u_0 [m5eF] Ends Rotation
u_0 [m5eF] - Completed Key Rotation
u_2 [FZJO] Ends Rotation
u_2 [FZJO] - Completed Key Rotation
u_1 [FzQ6] Ends Rotation
u_1 [FzQ6] - Completed Key Rotation
u_8 [yEER] Ends Rotation
u_8 [yEER] - Completed Key Rotation
u_9 [3eI0] Ends Rotation
u_9 [3eI0] - Completed Key Rotation
u_5 [y4S5] Ends Rotation
u_5 [y4S5] - Completed Key Rotation
u_3 [2R_o] Ends Rotation
u_3 [2R_o] - Completed Key Rotation
u_7 [Qm-B] Ends Rotation
u_7 [Qm-B] - Completed Key Rotation
u_6 [JHCR] Ends Rotation
u_6 [JHCR] - Completed Key Rotation
u_4 [dQ1e] Ends Rotation
u_4 [dQ1e] - Completed Key Rotation
Executed 10 users / 10 success / 0 fail
Test 1: 6718ms (671 p.u.)
Test 2: 4ms (0 p.u.)
Test 3: 663ms (66 p.u.)
Test 4: 2695ms (269 p.u.)
