Waiting for an incoming message - Test 1 (inception)
Error while deserializing http message: Error("EOF while parsing a value", line: 1, column: 0)
	Preparing Data...
	Data is ready, starting users and test1
Incepted: u_4 [4YxN]
Incepted: u_2 [mFIV]
Incepted: u_5 [jTMy]
Incepted: u_1 [_QGB]
Incepted: u_9 [5Wgq]
Incepted: u_6 [RXq4]
Incepted: u_0 [cCKn]
Incepted: u_7 [yHLF]
Incepted: u_3 [CPuS]
Incepted: u_8 [QehV]
	Added [x5MO] as watcher for u_4 [4YxN]
	Added [x5MO] as watcher for u_2 [mFIV]
	Added [x5MO] as watcher for u_1 [_QGB]
	Added [2D85] as watcher for u_6 [RXq4]
	Added [x5MO] as watcher for u_0 [cCKn]
	Added [2D85] as watcher for u_9 [5Wgq]
	Added [bivQ] as watcher for u_5 [jTMy]
	Added [2D85] as watcher for u_7 [yHLF]
	Added [jm4C] as watcher for u_2 [mFIV]
	Added [bivQ] as watcher for u_3 [CPuS]
	Added [2D85] as watcher for u_1 [_QGB]
	Added [jm4C] as watcher for u_9 [5Wgq]
	Added [bivQ] as watcher for u_4 [4YxN]
	Added [bivQ] as watcher for u_8 [QehV]
	Added [x5MO] as watcher for u_5 [jTMy]
	Added [bivQ] as watcher for u_6 [RXq4]
	Added [bivQ] as watcher for u_0 [cCKn]
	Added [x5MO] as watcher for u_3 [CPuS]
	Added [bivQ] as watcher for u_7 [yHLF]
	Added [bivQ] as watcher for u_2 [mFIV]
	Asking u_2 [mFIV]'s watchers to watch [Xcvw]
	Added [x5MO] as watcher for u_9 [5Wgq]
	Asking u_9 [5Wgq]'s watchers to watch [Xcvw]
	Added [jm4C] as watcher for u_8 [QehV]
	Added [2D85] as watcher for u_4 [4YxN]
	Asking u_4 [4YxN]'s watchers to watch [Xcvw]
	Added [jm4C] as watcher for u_5 [jTMy]
	Asking u_5 [jTMy]'s watchers to watch [Xcvw]
	Added [bivQ] as watcher for u_1 [_QGB]
	Asking u_1 [_QGB]'s watchers to watch [Xcvw]
	Added [jm4C] as watcher for u_7 [yHLF]
	Asking u_7 [yHLF]'s watchers to watch [Xcvw]
	Added [jm4C] as watcher for u_6 [RXq4]
	Asking u_6 [RXq4]'s watchers to watch [Xcvw]
	Added [jm4C] as watcher for u_3 [CPuS]
	Asking u_3 [CPuS]'s watchers to watch [Xcvw]
	Added [2D85] as watcher for u_0 [cCKn]
	Asking u_0 [cCKn]'s watchers to watch [Xcvw]
	Added [2D85] as watcher for u_8 [QehV]
	Asking u_8 [QehV]'s watchers to watch [Xcvw]
	✅ u_9 [5Wgq] Inception Done
	✅ u_2 [mFIV] Inception Done
	✅ u_5 [jTMy] Inception Done
	✅ u_4 [4YxN] Inception Done
	✅ u_1 [_QGB] Inception Done
	✅ u_3 [CPuS] Inception Done
	✅ u_7 [yHLF] Inception Done
	✅ u_6 [RXq4] Inception Done
	✅ u_0 [cCKn] Inception Done
	✅ u_8 [QehV] Inception Done
Test 2 (signature verification)
	✅ u_0 [cCKn] Message verified
	✅ u_7 [yHLF] Message verified
	✅ u_8 [QehV] Message verified
	✅ u_1 [_QGB] Message verified
	✅ u_4 [4YxN] Message verified
	✅ u_2 [mFIV] Message verified
	✅ u_5 [jTMy] Message verified
	✅ u_6 [RXq4] Message verified
	✅ u_3 [CPuS] Message verified
	✅ u_9 [5Wgq] Message verified
Waiting for an incoming message - Test 3 (signature verification after rotation of issuer)
	✅ u_9 [5Wgq] Message Verified (2)
	✅ u_1 [_QGB] Message Verified (2)
	✅ u_0 [cCKn] Message Verified (2)
	✅ u_7 [yHLF] Message Verified (2)
	✅ u_8 [QehV] Message Verified (2)
	✅ u_3 [CPuS] Message Verified (2)
	✅ u_6 [RXq4] Message Verified (2)
	✅ u_5 [jTMy] Message Verified (2)
	✅ u_2 [mFIV] Message Verified (2)
	✅ u_4 [4YxN] Message Verified (2)
Waiting for an incoming message - Test 4 (valid acdc credential)
skipped--
Waiting for an incoming message - Test 5 (acdc revocation)
skipped--
Waiting for an incoming message - Test 6
u_4 [4YxN] Starts Rotation
u_8 [QehV] Starts Rotation
u_1 [_QGB] Starts Rotation
u_3 [CPuS] Starts Rotation
u_5 [jTMy] Starts Rotation
u_6 [RXq4] Starts Rotation
u_9 [5Wgq] Starts Rotation
u_0 [cCKn] Starts Rotation
u_2 [mFIV] Starts Rotation
u_7 [yHLF] Starts Rotation
u_1 [_QGB] Ends Rotation
u_1 [_QGB] - Completed Key Rotation
u_4 [4YxN] Ends Rotation
u_4 [4YxN] - Completed Key Rotation
u_5 [jTMy] Ends Rotation
u_5 [jTMy] - Completed Key Rotation
u_9 [5Wgq] Ends Rotation
u_9 [5Wgq] - Completed Key Rotation
u_0 [cCKn] Ends Rotation
u_0 [cCKn] - Completed Key Rotation
u_6 [RXq4] Ends Rotation
u_6 [RXq4] - Completed Key Rotation
u_8 [QehV] Ends Rotation
u_8 [QehV] - Completed Key Rotation
u_7 [yHLF] Ends Rotation
u_7 [yHLF] - Completed Key Rotation
u_3 [CPuS] Ends Rotation
u_3 [CPuS] - Completed Key Rotation
u_2 [mFIV] Ends Rotation
u_2 [mFIV] - Completed Key Rotation
Executed 10 users / 10 success / 0 fail
Test 1: 5835ms (583 p.u.)
Test 2: 1ms (0 p.u.)
Test 3: 851ms (85 p.u.)
Test 4: 2534ms (253 p.u.)
