Waiting for an incoming message - Test 1 (inception)
Error while deserializing http message: Error("EOF while parsing a value", line: 1, column: 0)
	Preparing Data...
	Data is ready, starting users and test1
Incepted: u_7 [iAnu]
Incepted: u_3 [5bm7]
Incepted: u_2 [zKyP]
Incepted: u_8 [FX1T]
Incepted: u_6 [oHBP]
Incepted: u_5 [isqt]
Incepted: u_9 [MIjt]
Incepted: u_4 [5W9e]
Incepted: u_1 [MCwU]
	Added [bivQ] as watcher for u_3 [5bm7]
	Added [bivQ] as watcher for u_7 [iAnu]
	Added [bivQ] as watcher for u_2 [zKyP]
Incepted: u_0 [qrk3]
	Added [bivQ] as watcher for u_1 [MCwU]
	Added [jm4C] as watcher for u_8 [FX1T]
	Added [jm4C] as watcher for u_6 [oHBP]
	Added [x5MO] as watcher for u_5 [isqt]
	Added [jm4C] as watcher for u_4 [5W9e]
	Added [jm4C] as watcher for u_9 [MIjt]
	Added [x5MO] as watcher for u_3 [5bm7]
	Added [x5MO] as watcher for u_7 [iAnu]
	Added [bivQ] as watcher for u_4 [5W9e]
	Added [x5MO] as watcher for u_2 [zKyP]
	Added [x5MO] as watcher for u_0 [qrk3]
	Added [2D85] as watcher for u_1 [MCwU]
	Added [2D85] as watcher for u_8 [FX1T]
	Added [bivQ] as watcher for u_0 [qrk3]
	Added [x5MO] as watcher for u_6 [oHBP]
	Added [jm4C] as watcher for u_5 [isqt]
	Added [2D85] as watcher for u_7 [iAnu]
	Asking u_7 [iAnu]'s watchers to watch [Xcvw]
	Added [jm4C] as watcher for u_3 [5bm7]
	Asking u_3 [5bm7]'s watchers to watch [Xcvw]
	Added [2D85] as watcher for u_4 [5W9e]
	Asking u_4 [5W9e]'s watchers to watch [Xcvw]
	Added [x5MO] as watcher for u_9 [MIjt]
	Added [jm4C] as watcher for u_2 [zKyP]
	Asking u_2 [zKyP]'s watchers to watch [Xcvw]
	Added [jm4C] as watcher for u_1 [MCwU]
	Asking u_1 [MCwU]'s watchers to watch [Xcvw]
	Added [bivQ] as watcher for u_9 [MIjt]
	Asking u_9 [MIjt]'s watchers to watch [Xcvw]
	Added [x5MO] as watcher for u_8 [FX1T]
	Asking u_8 [FX1T]'s watchers to watch [Xcvw]
	Added [2D85] as watcher for u_6 [oHBP]
	Asking u_6 [oHBP]'s watchers to watch [Xcvw]
	Added [2D85] as watcher for u_0 [qrk3]
	Asking u_0 [qrk3]'s watchers to watch [Xcvw]
	Added [2D85] as watcher for u_5 [isqt]
	Asking u_5 [isqt]'s watchers to watch [Xcvw]
	✅ u_7 [iAnu] Inception Done
	✅ u_4 [5W9e] Inception Done
	✅ u_3 [5bm7] Inception Done
	✅ u_1 [MCwU] Inception Done
	✅ u_2 [zKyP] Inception Done
	✅ u_9 [MIjt] Inception Done
	✅ u_0 [qrk3] Inception Done
	✅ u_8 [FX1T] Inception Done
	✅ u_6 [oHBP] Inception Done
	✅ u_5 [isqt] Inception Done
Test 2 (signature verification)
	✅ u_5 [isqt] Message verified
	✅ u_7 [iAnu] Message verified
	✅ u_1 [MCwU] Message verified
	✅ u_0 [qrk3] Message verified
	✅ u_2 [zKyP] Message verified
	✅ u_9 [MIjt] Message verified
	✅ u_6 [oHBP] Message verified
	✅ u_8 [FX1T] Message verified
	✅ u_3 [5bm7] Message verified
	✅ u_4 [5W9e] Message verified
Waiting for an incoming message - Test 3 (signature verification after rotation of issuer)
	✅ u_4 [5W9e] Message Verified (2)
	✅ u_1 [MCwU] Message Verified (2)
	✅ u_7 [iAnu] Message Verified (2)
	✅ u_2 [zKyP] Message Verified (2)
	✅ u_0 [qrk3] Message Verified (2)
	✅ u_5 [isqt] Message Verified (2)
	✅ u_6 [oHBP] Message Verified (2)
	✅ u_9 [MIjt] Message Verified (2)
	✅ u_8 [FX1T] Message Verified (2)
	✅ u_3 [5bm7] Message Verified (2)
Waiting for an incoming message - Test 4 (valid acdc credential)
skipped--
Waiting for an incoming message - Test 5 (acdc revocation)
skipped--
Waiting for an incoming message - Test 6
u_5 [isqt] Starts Rotation
u_8 [FX1T] Starts Rotation
u_0 [qrk3] Starts Rotation
u_9 [MIjt] Starts Rotation
u_2 [zKyP] Starts Rotation
u_4 [5W9e] Starts Rotation
u_3 [5bm7] Starts Rotation
u_6 [oHBP] Starts Rotation
u_1 [MCwU] Starts Rotation
u_7 [iAnu] Starts Rotation
u_2 [zKyP] Ends Rotation
u_2 [zKyP] - Completed Key Rotation
u_9 [MIjt] Ends Rotation
u_9 [MIjt] - Completed Key Rotation
u_6 [oHBP] Ends Rotation
u_6 [oHBP] - Completed Key Rotation
u_5 [isqt] Ends Rotation
u_5 [isqt] - Completed Key Rotation
u_8 [FX1T] Ends Rotation
u_8 [FX1T] - Completed Key Rotation
u_4 [5W9e] Ends Rotation
u_4 [5W9e] - Completed Key Rotation
u_3 [5bm7] Ends Rotation
u_3 [5bm7] - Completed Key Rotation
u_1 [MCwU] Ends Rotation
u_1 [MCwU] - Completed Key Rotation
u_7 [iAnu] Ends Rotation
u_7 [iAnu] - Completed Key Rotation
u_0 [qrk3] Ends Rotation
u_0 [qrk3] - Completed Key Rotation
Executed 10 users / 10 success / 0 fail
Test 1: 4502ms (450 p.u.)
Test 2: 1ms (0 p.u.)
Test 3: 620ms (62 p.u.)
Test 4: 1653ms (165 p.u.)
