2024-08-13 14:18:31,17.1,17.627,167276544,145270,26959799
2024-08-13 14:18:36,3.1,18.4022,174632960,259075,43516819
2024-08-13 14:18:41,8.6,18.4566,175149056,259075,43516819
2024-08-13 14:18:46,3.2,18.4566,175149056,259075,43516819
2024-08-13 14:18:52,5.8,18.4562,175144960,259165,43516895
2024-08-13 14:18:57,3.1,18.4562,175144960,259165,43516895
2024-08-13 14:19:02,0,18.4562,175144960,259303,43516895
2024-08-13 14:19:07,0,18.5395,175935488,259463,43516971
2024-08-13 14:19:12,3.2,18.5395,175935488,259505,43516999
2024-08-13 14:19:18,3,18.5395,175935488,259505,43516999
2024-08-13 14:19:23,3.2,18.5662,176189440,259955,43517379
2024-08-13 14:19:28,3.1,18.5667,176193536,259997,43517407
2024-08-13 14:19:33,79.4,24.3323,230907904,441702,43620910
2024-08-13 14:19:39,3.1,24.3336,230920192,626984,43789767
2024-08-13 14:19:44,3.1,24.3577,231149568,626984,43789767
2024-08-13 14:19:49,0,24.3577,231149568,626984,43789767
2024-08-13 14:19:54,3.1,26.6997,253374464,676908,44102975
2024-08-13 14:19:59,6.1,26.6997,253374464,676908,44102975
2024-08-13 14:20:05,20.6,19.6526,186499072,783943,44158204
2024-08-13 14:20:10,3.1,19.8145,188035072,786069,44160340
