2024-08-13 10:57:46,14.7,17.6231,167239680,173395,28271854
2024-08-13 10:57:51,0,18.0664,171446272,284290,43524122
2024-08-13 10:57:56,3.2,18.0664,171446272,284428,43524122
2024-08-13 10:58:01,0,18.0664,171446272,284518,43524198
2024-08-13 10:58:06,3.1,18.0936,171704320,284518,43524198
2024-08-13 10:58:12,3,18.148,172220416,284518,43524198
2024-08-13 10:58:17,3.1,18.1752,172478464,284588,43524198
2024-08-13 10:58:22,3,18.1756,172482560,284678,43524274
2024-08-13 10:58:27,3.1,18.2028,172740608,284720,43524302
2024-08-13 10:58:32,3.2,18.2028,172740608,284990,43524530
2024-08-13 10:58:38,0,18.2028,172740608,285212,43524710
2024-08-13 10:58:43,2.9,18.2028,172740608,285212,43524710
2024-08-13 10:58:48,6,18.2028,172740608,285212,43524710
2024-08-13 10:58:53,2.9,18.4203,174804992,287338,43526846
2024-08-13 10:58:58,0,18.4203,174804992,287338,43526846
2024-08-13 10:59:04,3.1,18.4203,174804992,287338,43526846
2024-08-13 10:59:09,3.1,18.4471,175058944,287428,43526922
2024-08-13 10:59:14,3,18.4471,175058944,287428,43526922
2024-08-13 10:59:19,0,18.4471,175058944,287428,43526922
2024-08-13 10:59:24,0,18.4743,175316992,287518,43526998
2024-08-13 10:59:30,3,18.4743,175316992,287560,43527026
2024-08-13 10:59:35,3.1,18.5283,175828992,287602,43527054
2024-08-13 10:59:40,3.2,18.5826,176345088,288052,43527434
2024-08-13 10:59:45,0,18.637,176861184,288052,43527434
2024-08-13 10:59:50,0,18.7186,177635328,288190,43527434
2024-08-13 10:59:56,3.2,18.7436,177872896,288280,43527510
2024-08-13 11:00:01,3,18.7436,177872896,288322,43527538
2024-08-13 11:00:06,0,18.7436,177872896,288322,43527538
2024-08-13 11:00:11,0,18.7436,177872896,288412,43527614
2024-08-13 11:00:17,6,18.7436,177872896,288412,43527614
2024-08-13 11:00:22,0,18.7436,177872896,288412,43527614
2024-08-13 11:00:27,0,18.7436,177872896,288502,43527690
2024-08-13 11:00:32,3.1,18.7436,177872896,288586,43527746
2024-08-13 11:00:37,3.1,18.7436,177872896,288586,43527746
2024-08-13 11:00:43,3.1,18.7436,177872896,289036,43528126
2024-08-13 11:00:48,3,18.7436,177872896,289036,43528126
2024-08-13 11:00:53,3,18.741,177848320,291072,43530186
2024-08-13 11:00:58,3,18.741,177848320,291072,43530186
2024-08-13 11:01:03,60.6,24.1027,228728832,468588,43632655
2024-08-13 11:01:09,0,24.1143,228839424,570581,43737991
2024-08-13 11:01:14,0,24.1946,229601280,570783,43738037
2024-08-13 11:01:19,5.9,24.1942,229597184,571021,43738113
2024-08-13 11:01:24,3.1,24.1942,229597184,571095,43738113
2024-08-13 11:01:30,0,24.2201,229842944,571137,43738141
2024-08-13 11:01:35,0,24.2201,229842944,571301,43738217
2024-08-13 11:01:40,0,24.5623,233091072,602138,43928328
2024-08-13 11:01:45,0,24.5623,233091072,602138,43928328
2024-08-13 11:01:50,0,24.5619,233086976,602588,43928708
2024-08-13 11:01:56,3.1,24.5619,233086976,602588,43928708
2024-08-13 11:02:01,6,24.5619,233086976,602588,43928708
2024-08-13 11:02:06,28.1,24.735,234729472,662937,43958585
2024-08-13 11:02:11,3,24.7307,234688512,706905,43984431
2024-08-13 11:02:17,3.2,18.7419,177856512,711973,43992262
2024-08-13 11:02:22,0,18.7419,177856512,712105,43992366
2024-08-13 11:02:27,6,18.7691,178114560,712159,43992412
2024-08-13 11:02:32,3.1,18.9051,179404800,712159,43992412
2024-08-13 11:02:37,3.2,18.9051,179404800,712319,43992488
2024-08-13 11:02:43,0,18.9051,179404800,712361,43992516
2024-08-13 11:02:48,5.9,18.9051,179404800,712361,43992516
2024-08-13 11:02:53,0,18.921,179556352,712865,43992942
