2024-08-13 11:00:20,19.3,18.2524,173211648,207161,37265352
2024-08-13 11:00:25,3.1,18.2598,173281280,250700,43537070
2024-08-13 11:00:31,0,18.2598,173281280,250700,43537070
2024-08-13 11:00:36,3.1,18.2598,173281280,250700,43537070
2024-08-13 11:00:41,3.1,18.2602,173285376,250790,43537146
2024-08-13 11:00:46,0,18.2602,173285376,250790,43537146
2024-08-13 11:00:52,0,18.3146,173801472,250790,43537146
2024-08-13 11:00:57,0,18.4234,174833664,251240,43537526
2024-08-13 11:01:02,0,18.4506,175091712,251240,43537526
2024-08-13 11:01:07,3,18.4506,175091712,251282,43537554
2024-08-13 11:01:12,17.6,24.1126,228823040,315655,43582181
2024-08-13 11:01:18,16.1,24.1342,229027840,447967,43655648
2024-08-13 11:01:23,0,24.1506,229183488,529937,43754862
2024-08-13 11:01:28,3,24.1506,229183488,530027,43754938
2024-08-13 11:01:33,0,24.1506,229183488,530027,43754938
2024-08-13 11:01:39,0,24.1506,229183488,530081,43754984
2024-08-13 11:01:44,3.1,24.2032,229683200,530171,43755060
2024-08-13 11:01:49,5.9,24.6271,233705472,561010,43945144
2024-08-13 11:01:54,0,24.6271,233705472,561010,43945144
2024-08-13 11:01:59,0,24.653,233951232,561190,43945296
2024-08-13 11:02:05,0,24.6525,233947136,561502,43945552
2024-08-13 11:02:10,0,24.6525,233947136,561640,43945552
2024-08-13 11:02:15,3.1,24.9499,236769280,584071,43949306
2024-08-13 11:02:20,38.7,24.9391,236666880,626674,43979464
2024-08-13 11:02:25,0,18.2192,172896256,671001,44007595
2024-08-13 11:02:31,3.2,18.274,173416448,671043,44007623
2024-08-13 11:02:36,3.1,18.3017,173678592,671133,44007699
2024-08-13 11:02:41,0,18.3832,174452736,671133,44007699
2024-08-13 11:02:46,6.2,18.4648,175226880,671133,44007699
2024-08-13 11:02:51,3.1,18.6552,177033216,671277,44007835
2024-08-13 11:02:57,6.1,18.7644,178069504,671319,44007863
2024-08-13 11:03:02,3.1,18.7626,178053120,671373,44007955
2024-08-13 11:03:07,0,18.7639,178065408,671823,44008335
2024-08-13 11:03:12,6.2,18.7639,178065408,671865,44008363
2024-08-13 11:03:17,0,18.7639,178065408,671865,44008363
2024-08-13 11:03:23,0,18.7877,178290688,671955,44008439
