2024-08-13 11:00:00,18.9,17.6621,167608320,209410,33818851
2024-08-13 11:00:05,3.1,18.1006,171769856,260169,43521787
2024-08-13 11:00:11,6.2,18.1006,171769856,260169,43521787
2024-08-13 11:00:16,3.1,18.1006,171769856,260169,43521787
2024-08-13 11:00:21,3.2,18.1023,171786240,260259,43521863
2024-08-13 11:00:26,3.2,18.1023,171786240,260259,43521863
2024-08-13 11:00:31,3,18.1023,171786240,260313,43521909
2024-08-13 11:00:37,3,18.1023,171786240,260403,43521985
2024-08-13 11:00:42,5.9,18.1023,171786240,260403,43521985
2024-08-13 11:00:47,6.1,18.3022,173682688,262912,43524981
2024-08-13 11:00:52,3.1,18.3294,173940736,263362,43525361
2024-08-13 11:00:57,3.2,18.3294,173940736,263362,43525361
2024-08-13 11:01:03,0,18.3816,174436352,263362,43525361
2024-08-13 11:01:08,68.8,23.3906,221970432,285471,43549334
2024-08-13 11:01:13,31.2,23.9305,227094528,370535,43595676
2024-08-13 11:01:18,20.6,23.9556,227332096,511660,43692325
2024-08-13 11:01:24,0,23.969,227459072,541951,43743083
2024-08-13 11:01:29,2.9,23.9685,227454976,542041,43743159
2024-08-13 11:01:34,0,23.9957,227713024,542111,43743159
2024-08-13 11:01:39,3.2,23.9957,227713024,542153,43743187
2024-08-13 11:01:45,0,23.9957,227713024,542243,43743263
2024-08-13 11:01:50,3.1,24.6099,233541632,575250,43935353
2024-08-13 11:01:55,2.9,24.6099,233541632,575250,43935353
2024-08-13 11:02:00,0,24.6095,233537536,575700,43935733
2024-08-13 11:02:05,0,24.6639,234053632,575838,43935733
2024-08-13 11:02:10,0,24.6639,234053632,575838,43935733
2024-08-13 11:02:16,3.2,24.8814,236118016,610994,43947593
2024-08-13 11:02:21,28.6,24.8892,236191744,654359,43975156
2024-08-13 11:02:26,3.1,18.5409,175947776,683097,43995456
2024-08-13 11:02:31,5.9,18.5667,176193536,683229,43995560
2024-08-13 11:02:36,3,18.6755,177225728,683271,43995588
2024-08-13 11:02:42,3.2,18.7286,177729536,683271,43995588
2024-08-13 11:02:47,0,18.8646,179019776,683361,43995664
2024-08-13 11:02:52,0,18.9133,179482624,683361,43995664
2024-08-13 11:02:57,3.1,18.9151,179499008,683361,43995664
2024-08-13 11:03:02,0,18.9146,179494912,683811,43996044
2024-08-13 11:03:08,0,18.9146,179494912,683811,43996044
2024-08-13 11:03:13,3.2,18.9146,179494912,683811,43996044
