2024-08-13 10:56:42,12.4,17.7453,168398848,151698,26111390
2024-08-13 10:56:47,0,18.7868,178282496,277331,42973342
2024-08-13 10:56:52,0,18.9228,179572736,277421,42973418
2024-08-13 10:56:57,6.2,19.0587,180862976,277421,42973418
2024-08-13 10:57:02,3.2,19.1403,181637120,277421,42973418
2024-08-13 10:57:08,0,19.2206,182398976,277511,42973494
2024-08-13 10:57:13,8.6,19.2745,182910976,277511,42973494
2024-08-13 10:57:18,0,19.3561,183685120,277511,42973494
2024-08-13 10:57:23,3.2,19.4105,184201216,277961,42973874
2024-08-13 10:57:28,3.2,19.4377,184459264,278003,42973902
2024-08-13 10:57:34,0,19.4377,184459264,278003,42973902
2024-08-13 10:57:39,3.2,19.4377,184459264,278093,42973978
2024-08-13 10:57:44,3.2,19.4649,184717312,278135,42974006
2024-08-13 10:57:49,6.2,19.4649,184717312,278273,42974006
2024-08-13 10:57:54,0,19.4649,184717312,278363,42974082
2024-08-13 10:57:59,3,19.4649,184717312,278475,42974110
2024-08-13 10:58:05,3.2,19.4649,184717312,278475,42974110
2024-08-13 10:58:10,3.1,19.4644,184713216,278565,42974186
2024-08-13 10:58:15,0,19.4644,184713216,278565,42974186
2024-08-13 10:58:20,3.2,19.4644,184713216,280733,42976246
2024-08-13 10:58:25,6.1,19.4644,184713216,281003,42976398
2024-08-13 10:58:31,6.1,19.4644,184713216,281183,42976626
2024-08-13 10:58:36,0,19.4644,184713216,281183,42976626
2024-08-13 10:58:41,0,19.4644,184713216,281225,42976654
2024-08-13 10:58:46,3.1,19.6276,186261504,281315,42976730
2024-08-13 10:58:51,0,16.9757,161095680,281315,42976730
2024-08-13 10:58:56,3.2,17.1907,163135488,281315,42976730
2024-08-13 10:59:02,3.2,17.2446,163647488,281405,42976806
2024-08-13 10:59:07,3.2,17.3262,164421632,281447,42976834
2024-08-13 10:59:12,3.1,17.3534,164679680,281447,42976834
2024-08-13 10:59:17,6.1,17.3771,164904960,281537,42976910
2024-08-13 10:59:22,0,17.3771,164904960,281537,42976910
2024-08-13 10:59:28,0,17.4043,165163008,281537,42976910
2024-08-13 10:59:33,3.1,17.4043,165163008,281987,42977290
2024-08-13 10:59:38,3.1,17.4043,165163008,282071,42977346
2024-08-13 10:59:43,6.1,17.4043,165163008,282071,42977346
2024-08-13 10:59:48,0,17.4043,165163008,282299,42977422
2024-08-13 10:59:53,0,17.4043,165163008,282299,42977422
2024-08-13 10:59:59,3.1,17.4315,165421056,282299,42977422
2024-08-13 11:00:04,3.1,17.5131,166195200,282389,42977498
2024-08-13 11:00:09,6.1,17.7034,168001536,282443,42977558
2024-08-13 11:00:14,0,17.7306,168259584,282485,42977586
2024-08-13 11:00:19,3,17.9702,170532864,284743,42979722
2024-08-13 11:00:25,3.2,17.9974,170790912,284743,42979722
2024-08-13 11:00:30,0,18.0517,171307008,284743,42979722
2024-08-13 11:00:35,0,18.0517,171307008,284875,42979826
2024-08-13 11:00:40,3.2,18.0517,171307008,285235,42980130
2024-08-13 11:00:45,3,18.0517,171307008,285235,42980130
2024-08-13 11:00:51,0,18.0517,171307008,285235,42980130
2024-08-13 11:00:56,0,18.0789,171565056,285325,42980206
2024-08-13 11:01:01,83.9,23.1375,219570176,531101,43134410
2024-08-13 11:01:06,6,23.1548,219734016,563823,43186121
2024-08-13 11:01:11,6,23.2351,220495872,563913,43186197
2024-08-13 11:01:17,6.1,23.289,221007872,563913,43186197
2024-08-13 11:01:22,3.1,23.3162,221265920,563913,43186197
2024-08-13 11:01:27,0,23.3162,221265920,564045,43186301
2024-08-13 11:01:32,3.1,23.3162,221265920,564045,43186301
2024-08-13 11:01:37,0,24.2287,229924864,594289,43376385
2024-08-13 11:01:43,0,24.2287,229924864,594877,43376765
2024-08-13 11:01:48,6.7,24.2214,229855232,594993,43376811
2024-08-13 11:01:53,3.2,24.2188,229830656,595051,43376811
2024-08-13 11:01:58,0,24.2188,229830656,595269,43376887
2024-08-13 11:02:03,90.4,24.5278,232763392,682440,43418454
2024-08-13 11:02:08,6.2,18.5533,176066560,704450,43434800
2024-08-13 11:02:14,3.1,18.5805,176324608,704540,43434876
2024-08-13 11:02:19,3.2,18.9612,179937280,704598,43434876
2024-08-13 11:02:24,0,18.9612,179937280,704640,43434904
2024-08-13 11:02:29,0,18.9612,179937280,704640,43434904
2024-08-13 11:02:34,3.1,18.9612,179937280,704730,43434980
2024-08-13 11:02:40,3.1,18.9612,179937280,704730,43434980
2024-08-13 11:02:45,0,18.9612,179937280,705000,43435208
2024-08-13 11:02:50,3.1,18.9875,180187136,705222,43435388
