2024-08-13 10:57:48,12.9,17.4142,165257216,163473,29233850
2024-08-13 10:57:53,5.9,17.7129,168091648,270628,43529766
2024-08-13 10:57:58,0,17.7129,168091648,270628,43529766
2024-08-13 10:58:03,3,17.7129,168091648,270718,43529842
2024-08-13 10:58:09,0,17.8208,169115648,270772,43529934
2024-08-13 10:58:14,3,17.8739,169619456,270772,43529934
2024-08-13 10:58:19,0,17.8739,169619456,270862,43530010
2024-08-13 10:58:24,0,17.8735,169615360,270862,43530010
2024-08-13 10:58:29,3,17.8739,169619456,270904,43530038
2024-08-13 10:58:35,3,17.8739,169619456,271354,43530418
2024-08-13 10:58:40,3.1,17.8739,169619456,271396,43530446
2024-08-13 10:58:45,3.1,17.8756,169635840,271466,43530446
2024-08-13 10:58:50,0,17.8756,169635840,271672,43530568
2024-08-13 10:58:55,3.2,17.9024,169889792,271788,43530568
2024-08-13 10:59:00,0,17.9551,170389504,271788,43530568
2024-08-13 10:59:06,3.1,17.9551,170389504,271936,43530644
2024-08-13 10:59:11,3.2,17.9546,170385408,271936,43530644
2024-08-13 10:59:16,3.1,18.009,170901504,274104,43532704
2024-08-13 10:59:21,3.2,18.0086,170897408,274216,43532796
2024-08-13 10:59:26,0,18.0086,170897408,274348,43532900
2024-08-13 10:59:32,3.1,18.0906,171675648,274348,43532900
2024-08-13 10:59:37,3.2,18.145,172191744,274618,43533128
2024-08-13 10:59:42,3.2,18.2809,173481984,274798,43533280
2024-08-13 10:59:47,3.2,18.3099,173756416,274936,43533280
2024-08-13 10:59:52,5.9,18.3099,173756416,274936,43533280
2024-08-13 10:59:58,5.6,18.391,174526464,275026,43533356
2024-08-13 11:00:03,3.2,18.391,174526464,275068,43533384
2024-08-13 11:00:08,3,18.391,174526464,275068,43533384
2024-08-13 11:00:13,0,18.391,174526464,275158,43533460
2024-08-13 11:00:18,6,18.4109,174714880,275158,43533460
2024-08-13 11:00:24,3,18.4109,174714880,275200,43533488
2024-08-13 11:00:29,3.2,18.4109,174714880,275290,43533564
2024-08-13 11:00:34,3,18.4109,174714880,275290,43533564
2024-08-13 11:00:39,0,18.4109,174714880,275290,43533564
2024-08-13 11:00:44,3,18.4109,174714880,275740,43533944
2024-08-13 11:00:50,0,18.4109,174714880,275782,43533972
2024-08-13 11:00:55,0,18.4109,174714880,275782,43533972
2024-08-13 11:01:00,30,20.695,196390912,276229,43534836
2024-08-13 11:01:05,66.7,23.1604,219787264,540820,43718543
2024-08-13 11:01:10,0,23.2127,220282880,554344,43742258
2024-08-13 11:01:16,9.7,23.2127,220282880,554434,43742334
2024-08-13 11:01:21,0,23.2593,220725248,556512,43744422
2024-08-13 11:01:26,3,23.2584,220717056,556512,43744422
2024-08-13 11:01:31,3,23.258,220712960,556602,43744498
2024-08-13 11:01:36,3,23.258,220712960,556740,43744498
2024-08-13 11:01:42,0,24.2257,229896192,587122,43934581
2024-08-13 11:01:47,5.9,24.2257,229896192,587392,43934809
2024-08-13 11:01:52,3.1,24.2252,229892096,587572,43934961
2024-08-13 11:01:57,3.1,24.2252,229892096,587630,43935053
2024-08-13 11:02:02,6.1,24.2252,229892096,587630,43935053
2024-08-13 11:02:08,20.6,24.4799,232308736,662417,43972154
2024-08-13 11:02:13,0,18.675,177221632,694749,43996233
2024-08-13 11:02:18,6.1,18.675,177221632,694923,43996365
2024-08-13 11:02:23,0,18.6767,177238016,695013,43996441
2024-08-13 11:02:28,6.2,18.7026,177483776,695013,43996441
2024-08-13 11:02:34,3,18.7031,177487872,695013,43996441
2024-08-13 11:02:39,6.2,18.7031,177487872,695103,43996517
2024-08-13 11:02:44,3.1,18.7031,177487872,695103,43996517
2024-08-13 11:02:49,2.9,18.7031,177487872,695103,43996517
