2024-08-13 10:58:13,9.7,17.6068,167084032,162560,27911024
2024-08-13 10:58:18,6.2,18.698,177438720,301701,43523292
2024-08-13 10:58:23,3.2,18.7791,178208768,301813,43523320
2024-08-13 10:58:28,3.1,18.7765,178184192,302263,43523700
2024-08-13 10:58:34,3.1,18.8037,178442240,302263,43523700
2024-08-13 10:58:39,0,18.8037,178442240,302263,43523700
2024-08-13 10:58:44,0,18.8853,179216384,302263,43523700
2024-08-13 10:58:49,0,19.1015,181268480,302353,43523776
2024-08-13 10:58:54,0,19.2647,182816768,302395,43523804
2024-08-13 10:59:00,3.1,19.5077,185122816,302395,43523804
2024-08-13 10:59:05,0,19.509,185135104,302485,43523880
2024-08-13 10:59:10,0,19.509,185135104,302485,43523880
2024-08-13 10:59:15,0,19.509,185135104,302485,43523880
2024-08-13 10:59:20,6,19.509,185135104,302617,43523984
2024-08-13 10:59:25,3.2,19.5081,185126912,304827,43526072
2024-08-13 10:59:31,3.1,19.5345,185376768,304917,43526148
2024-08-13 10:59:36,0,19.5345,185376768,305277,43526452
2024-08-13 10:59:41,0,19.5345,185376768,305277,43526452
2024-08-13 10:59:46,0,19.5345,185376768,305415,43526452
2024-08-13 10:59:51,6.2,19.5345,185376768,305505,43526528
2024-08-13 10:59:56,3.1,19.5345,185376768,305505,43526528
2024-08-13 11:00:02,3.2,19.5345,185376768,305559,43526574
2024-08-13 11:00:07,0,19.5345,185376768,305691,43526678
2024-08-13 11:00:12,0,19.5345,185376768,305691,43526678
2024-08-13 11:00:17,6.2,19.5345,185376768,305733,43526706
2024-08-13 11:00:22,3.1,19.5345,185376768,305823,43526782
2024-08-13 11:00:28,3.2,19.5306,185339904,305823,43526782
2024-08-13 11:00:33,3,19.5306,185339904,305823,43526782
2024-08-13 11:00:38,0,19.5306,185339904,306327,43527208
2024-08-13 11:00:43,0,19.5306,185339904,306369,43527236
2024-08-13 11:00:48,0,19.5306,185339904,306369,43527236
2024-08-13 11:00:53,6.2,19.5306,185339904,306423,43527282
2024-08-13 11:00:59,3.1,19.5306,185339904,306567,43527404
2024-08-13 11:01:04,28.6,24.9203,236486656,403993,43590951
2024-08-13 11:01:09,3,24.9315,236593152,585024,43739146
2024-08-13 11:01:14,0,24.931,236589056,585156,43739250
2024-08-13 11:01:19,0,24.9315,236593152,585156,43739250
2024-08-13 11:01:25,25.8,25.039,237613056,587456,43741310
2024-08-13 11:01:30,0,25.0903,238100480,587546,43741386
2024-08-13 11:01:35,3.2,25.0903,238100480,587684,43741386
2024-08-13 11:01:40,6.2,25.0907,238104576,587774,43741462
2024-08-13 11:01:45,3.2,25.6229,243154944,618445,43931848
2024-08-13 11:01:50,3,25.6247,243171328,618445,43931848
2024-08-13 11:01:56,0,25.6519,243429376,618445,43931848
2024-08-13 11:02:01,0,25.6791,243687424,618535,43931924
2024-08-13 11:02:06,0,25.6791,243687424,618535,43931924
2024-08-13 11:02:11,12.1,25.7438,244301824,689491,43967212
2024-08-13 11:02:16,3.1,25.7412,244277248,712377,43980114
2024-08-13 11:02:21,3.2,16.7328,158789632,725836,43993339
2024-08-13 11:02:27,0,16.8674,160067584,725836,43993339
2024-08-13 11:02:32,0,16.9753,161091584,725926,43993415
2024-08-13 11:02:37,0,17.0025,161349632,725996,43993415
2024-08-13 11:02:42,0,17.0841,162123776,725996,43993415
2024-08-13 11:02:47,0,17.0837,162119680,726356,43993719
2024-08-13 11:02:53,0,17.1653,162893824,726488,43993823
2024-08-13 11:02:58,3.2,17.356,164704256,726488,43993823
