2024-08-13 10:57:45,10,17.6936,167907328,179027,27345160
2024-08-13 10:57:50,6.2,17.8891,169762816,310242,43566480
2024-08-13 10:57:55,0,17.9163,170020864,310380,43566480
2024-08-13 10:58:00,0,17.9435,170278912,310470,43566556
2024-08-13 10:58:06,0,18.1066,171827200,310470,43566556
2024-08-13 10:58:11,0,18.2681,173359104,310470,43566556
2024-08-13 10:58:16,3,18.2681,173359104,310560,43566632
2024-08-13 10:58:21,0,18.2681,173359104,310560,43566632
2024-08-13 10:58:26,0,18.294,173604864,310560,43566632
2024-08-13 10:58:32,0,18.294,173604864,310830,43566860
2024-08-13 10:58:37,3.1,18.294,173604864,311106,43567086
2024-08-13 10:58:42,5.8,18.4014,174624768,311148,43567114
2024-08-13 10:58:47,3,18.4014,174624768,311238,43567190
2024-08-13 10:58:52,0,18.4014,174624768,311238,43567190
2024-08-13 10:58:58,0,18.401,174620672,313472,43569249
2024-08-13 10:59:03,6.1,18.401,174620672,313562,43569325
2024-08-13 10:59:08,3.1,18.4006,174616576,313562,43569325
2024-08-13 10:59:13,0,18.4278,174874624,313562,43569325
2024-08-13 10:59:18,6.2,18.4278,174874624,313562,43569325
2024-08-13 10:59:23,3.2,18.4278,174874624,313652,43569401
2024-08-13 10:59:29,0,18.455,175132672,313652,43569401
2024-08-13 10:59:34,3.1,18.5365,175906816,313652,43569401
2024-08-13 10:59:39,0,18.5637,176164864,314144,43569809
2024-08-13 10:59:44,3.1,18.5637,176164864,314186,43569837
2024-08-13 10:59:49,6.2,18.5637,176164864,314324,43569837
2024-08-13 10:59:55,3.2,18.5637,176164864,314414,43569913
2024-08-13 11:00:00,6.1,18.5616,176144384,314414,43569913
2024-08-13 11:00:05,0,18.5616,176144384,314414,43569913
2024-08-13 11:00:10,0,18.5616,176144384,314504,43569989
2024-08-13 11:00:15,3.2,18.5616,176144384,314504,43569989
2024-08-13 11:00:21,0,18.5616,176144384,314504,43569989
2024-08-13 11:00:26,3.2,18.5616,176144384,314594,43570065
2024-08-13 11:00:31,0,18.5616,176144384,314636,43570093
2024-08-13 11:00:36,6.2,18.5616,176144384,314678,43570121
2024-08-13 11:00:41,3,18.5616,176144384,315038,43570425
2024-08-13 11:00:47,0,18.5616,176144384,315128,43570501
2024-08-13 11:00:52,6,18.5616,176144384,315128,43570501
2024-08-13 11:00:57,0,18.6971,177430528,317386,43572636
2024-08-13 11:01:02,93.8,23.6526,224456704,407474,43630915
2024-08-13 11:01:07,6.2,23.6906,224817152,595888,43781527
2024-08-13 11:01:13,0,23.6906,224817152,595978,43781603
2024-08-13 11:01:18,0,23.6906,224817152,595978,43781603
2024-08-13 11:01:23,0,23.6906,224817152,595978,43781603
2024-08-13 11:01:28,0,23.6893,224804864,596068,43781679
2024-08-13 11:01:33,3.2,23.6884,224796672,596248,43781707
2024-08-13 11:01:38,0,23.6884,224796672,596248,43781707
2024-08-13 11:01:44,3.2,24.385,231407616,626658,43971865
2024-08-13 11:01:49,3,24.3846,231403520,627088,43972169
2024-08-13 11:01:54,6.2,24.3846,231403520,627088,43972169
2024-08-13 11:01:59,6.2,24.3846,231403520,627088,43972169
2024-08-13 11:02:04,0,24.3846,231403520,627178,43972245
2024-08-13 11:02:10,3.1,24.6872,234274816,715492,44016793
2024-08-13 11:02:15,13.4,18.2983,173645824,736515,44035459
2024-08-13 11:02:20,0,18.3078,173735936,736671,44035587
2024-08-13 11:02:25,0,18.3078,173735936,736671,44035587
2024-08-13 11:02:30,0,18.3078,173735936,736713,44035615
2024-08-13 11:02:36,3,18.3078,173735936,736803,44035691
2024-08-13 11:02:41,0,18.3078,173735936,736803,44035691
