2024-08-13 12:52:03,11.7,17.7716,168648704,165760,26676538
2024-08-13 12:52:09,0,18.1553,172290048,274057,43538462
2024-08-13 12:52:14,6.2,18.1553,172290048,274057,43538462
2024-08-13 12:52:19,3.2,18.2093,172802048,274147,43538538
2024-08-13 12:52:24,0,18.2909,173576192,274147,43538538
2024-08-13 12:52:29,3.1,18.3711,174338048,274147,43538538
2024-08-13 12:52:35,3,18.4255,174854144,274237,43538614
2024-08-13 12:52:40,0,18.4799,175370240,274237,43538614
2024-08-13 12:52:45,3.1,18.5071,175628288,274237,43538614
2024-08-13 12:52:50,3.2,18.5071,175628288,274687,43538994
2024-08-13 12:52:55,3.2,18.5071,175628288,274909,43539050
2024-08-13 12:53:01,6.1,18.5071,175628288,275025,43539096
2024-08-13 12:53:06,3,18.5071,175628288,275231,43539172
2024-08-13 12:53:11,3,18.5071,175628288,275231,43539172
2024-08-13 12:53:16,0,18.5071,175628288,275289,43539172
2024-08-13 12:53:21,5.9,18.5071,175628288,275379,43539248
2024-08-13 12:53:27,3.1,18.5071,175628288,275379,43539248
2024-08-13 12:53:32,0,18.5071,175628288,275437,43539248
2024-08-13 12:53:37,8.1,18.5071,175628288,275569,43539352
2024-08-13 12:53:42,0,18.5071,175628288,275569,43539352
2024-08-13 12:53:47,0,18.5071,175628288,275611,43539380
2024-08-13 12:53:53,3,18.5071,175628288,275971,43539684
2024-08-13 12:53:58,3.1,18.5054,175611904,278295,43541820
2024-08-13 12:54:03,0,18.5054,175611904,278295,43541820
2024-08-13 12:54:08,77.2,23.8942,226750464,363326,43598814
2024-08-13 12:54:13,16.7,23.9317,227106816,546530,43732811
2024-08-13 12:54:19,6,23.9568,227344384,556982,43752896
2024-08-13 12:54:24,0,23.9568,227344384,556982,43752896
2024-08-13 12:54:29,3.2,23.9563,227340288,557072,43752972
2024-08-13 12:54:34,0,23.9563,227340288,557072,43752972
2024-08-13 12:54:40,0,23.9563,227340288,557072,43752972
2024-08-13 12:54:45,5.9,24.0107,227856384,557204,43753076
2024-08-13 12:54:50,0,24.0647,228368384,557342,43753076
2024-08-13 12:54:55,3.2,24.1428,229109760,557522,43753228
2024-08-13 12:55:00,6.1,24.1424,229105664,557834,43753484
2024-08-13 12:55:06,3.1,24.7302,234684416,588033,43943568
2024-08-13 12:55:11,2.9,24.7302,234684416,588033,43943568
2024-08-13 12:55:16,0,24.7302,234684416,588123,43943644
2024-08-13 12:55:21,0,24.7302,234684416,588123,43943644
2024-08-13 12:55:26,0,24.7302,234684416,588123,43943644
2024-08-13 12:55:32,0,24.7302,234684416,588213,43943720
2024-08-13 12:55:37,0,24.7302,234684416,588213,43943720
2024-08-13 12:55:42,3.2,24.7302,234684416,588255,43943748
2024-08-13 12:55:47,6.1,24.7302,234684416,588345,43943824
2024-08-13 12:55:52,3.1,24.7302,234684416,588387,43943852
2024-08-13 12:55:58,3.2,24.7302,234684416,590423,43945912
2024-08-13 12:56:03,3,24.7302,234684416,590873,43946292
2024-08-13 12:56:08,6.1,24.7302,234684416,590943,43946292
2024-08-13 12:56:13,0,24.7294,234676224,590943,43946292
2024-08-13 12:56:18,0,24.7294,234676224,590943,43946292
2024-08-13 12:56:23,0,24.7294,234676224,591033,43946368
2024-08-13 12:56:29,3,24.7566,234934272,591033,43946368
2024-08-13 12:56:34,3.2,24.7557,234926080,591033,43946368
2024-08-13 12:56:39,0,24.8619,235933696,641471,43969680
2024-08-13 12:56:44,12.9,24.8468,235790336,672619,43986825
2024-08-13 12:56:49,0,18.0258,171061248,698496,44006277
2024-08-13 12:56:55,0,18.0526,171315200,698586,44006353
2024-08-13 12:57:00,3,18.1342,172089344,698586,44006353
2024-08-13 12:57:05,3.1,18.1614,172347392,698766,44006505
2024-08-13 12:57:10,3.1,18.2045,172756992,699036,44006733
2024-08-13 12:57:15,0,18.2063,172773376,699036,44006733
2024-08-13 12:57:21,0,18.2063,172773376,699036,44006733
2024-08-13 12:57:26,0,18.2063,172773376,699126,44006809
2024-08-13 12:57:31,3,18.2335,173031424,699168,44006837
2024-08-13 12:57:36,0,18.2335,173031424,699210,44006865
2024-08-13 12:57:41,3.2,18.2335,173031424,699300,44006941
