2024-08-13 12:53:03,18.2,17.4975,166047744,185899,31829033
2024-08-13 12:53:09,3,18.3996,174608384,250080,43529545
2024-08-13 12:53:14,3.1,18.4268,174866432,250080,43529545
2024-08-13 12:53:19,0,18.4268,174866432,250122,43529573
2024-08-13 12:53:24,0,18.4268,174866432,250122,43529573
2024-08-13 12:53:29,3.2,18.4268,174866432,250212,43529649
2024-08-13 12:53:35,3,18.4268,174866432,250212,43529649
2024-08-13 12:53:40,3,18.4285,174882816,250212,43529649
2024-08-13 12:53:45,3,18.4285,174882816,250302,43529725
2024-08-13 12:53:50,5.7,18.5101,175656960,250302,43529725
2024-08-13 12:53:55,3.1,18.5913,176427008,250482,43529877
2024-08-13 12:54:01,0,18.6711,177184768,250794,43530133
2024-08-13 12:54:06,3.1,18.7255,177700864,250794,43530133
2024-08-13 12:54:11,24.2,24.2218,229859328,316054,43574343
2024-08-13 12:54:16,66.6,24.2196,229838848,422611,43643022
2024-08-13 12:54:21,3.2,24.233,229965824,529611,43748022
2024-08-13 12:54:27,3,24.233,229965824,529611,43748022
2024-08-13 12:54:32,0,24.2321,229957632,529701,43748098
2024-08-13 12:54:37,0,24.2321,229957632,529701,43748098
2024-08-13 12:54:42,0,24.2326,229961728,531935,43750157
2024-08-13 12:54:47,3,24.2593,230215680,532025,43750233
2024-08-13 12:54:53,0,24.2852,230461440,532095,43750233
2024-08-13 12:54:58,3.1,24.2852,230461440,532095,43750233
2024-08-13 12:55:03,3,24.3085,230682624,532683,43750673
2024-08-13 12:55:08,3.2,24.8692,236003328,563537,43940750
2024-08-13 12:55:13,0,24.8692,236003328,563621,43940806
2024-08-13 12:55:19,6.1,24.8688,235999232,563711,43940882
2024-08-13 12:55:24,3,24.8688,235999232,563711,43940882
2024-08-13 12:55:29,3.1,24.8679,235991040,563711,43940882
2024-08-13 12:55:34,3.2,24.8679,235991040,563801,43940958
2024-08-13 12:55:39,3,24.8658,235970560,563801,43940958
2024-08-13 12:55:45,3.1,24.8658,235970560,563801,43940958
2024-08-13 12:55:50,3.1,24.8658,235970560,563801,43940958
2024-08-13 12:55:55,0,24.8658,235970560,563891,43941034
2024-08-13 12:56:00,3,24.8658,235970560,563933,43941062
2024-08-13 12:56:05,0,24.8653,235966464,564293,43941366
2024-08-13 12:56:11,3,24.8671,235982848,564425,43941470
2024-08-13 12:56:16,0,24.8671,235982848,564425,43941470
2024-08-13 12:56:21,3,24.8671,235982848,564479,43941516
2024-08-13 12:56:26,3,24.8671,235982848,564569,43941592
2024-08-13 12:56:31,0,24.8671,235982848,564569,43941592
2024-08-13 12:56:37,51.6,25.1662,238821376,587007,43945347
2024-08-13 12:56:42,6.2,25.4109,241143808,605373,43958065
2024-08-13 12:56:47,3.3,25.3906,240951296,669271,43996645
2024-08-13 12:56:52,6.1,19.3147,183291904,674192,44003035
2024-08-13 12:56:58,3,19.3419,183549952,674282,44003111
2024-08-13 12:57:03,3.1,19.3423,183554048,674282,44003111
2024-08-13 12:57:08,3,19.3423,183554048,674468,44003307
2024-08-13 12:57:13,3,19.3423,183554048,674882,44003657
2024-08-13 12:57:18,3.1,19.3406,183537664,674882,44003657
2024-08-13 12:57:24,5.8,19.3406,183537664,674882,44003657
2024-08-13 12:57:29,3,19.3406,183537664,674972,44003733
2024-08-13 12:57:34,3.1,19.3682,183799808,675014,44003761
2024-08-13 12:57:39,3,19.3682,183799808,675014,44003761
2024-08-13 12:57:44,0,19.3682,183799808,675104,44003837
