2024-08-13 12:51:10,19.5,17.6953,167923712,172809,28527496
2024-08-13 12:51:15,3,18.0872,171642880,292138,43557816
2024-08-13 12:51:20,5.9,18.0872,171642880,292138,43557816
2024-08-13 12:51:25,24.3,18.4407,174997504,293695,43559951
2024-08-13 12:51:30,3.1,18.4623,175202304,294318,43559997
2024-08-13 12:51:36,0,18.4623,175202304,294318,43559997
2024-08-13 12:51:41,0,18.4891,175456256,294768,43560377
2024-08-13 12:51:46,3.1,18.4891,175456256,294810,43560405
2024-08-13 12:51:51,3,18.4873,175439872,294810,43560405
2024-08-13 12:51:56,0,18.4873,175439872,294900,43560481
2024-08-13 12:52:02,0,18.4878,175443968,294900,43560481
2024-08-13 12:52:07,3,18.4878,175443968,294900,43560481
2024-08-13 12:52:12,3.1,18.4873,175439872,294990,43560557
2024-08-13 12:52:17,0,18.4873,175439872,295032,43560585
2024-08-13 12:52:23,3.1,18.4873,175439872,295032,43560585
2024-08-13 12:52:28,3.1,18.4873,175439872,295122,43560661
2024-08-13 12:52:33,3,18.4873,175439872,295122,43560661
2024-08-13 12:52:38,0,18.4873,175439872,295164,43560689
2024-08-13 12:52:43,5.7,18.4873,175439872,295524,43560993
2024-08-13 12:52:49,3.2,18.4873,175439872,295614,43561069
2024-08-13 12:52:54,3,18.4873,175439872,295614,43561069
2024-08-13 12:52:59,3.1,18.4873,175439872,295614,43561069
2024-08-13 12:53:04,2.9,18.4873,175439872,295842,43561145
2024-08-13 12:53:09,2.9,18.4873,175439872,295884,43561173
2024-08-13 12:53:15,3.1,18.4873,175439872,295884,43561173
2024-08-13 12:53:20,0,18.4891,175456256,295974,43561249
2024-08-13 12:53:25,9.1,18.4891,175456256,295974,43561249
2024-08-13 12:53:30,6.2,18.4865,175431680,298010,43563308
2024-08-13 12:53:36,3.1,18.4865,175431680,298142,43563412
2024-08-13 12:53:41,3.2,18.4865,175431680,298142,43563412
2024-08-13 12:53:46,0,18.4865,175431680,298232,43563488
2024-08-13 12:53:51,6.1,18.4865,175431680,298592,43563792
2024-08-13 12:53:56,0,18.4865,175431680,298592,43563792
2024-08-13 12:54:02,2.9,18.4865,175431680,298592,43563792
2024-08-13 12:54:07,58.9,23.5507,223490048,448769,43656460
2024-08-13 12:54:12,3.2,23.5887,223850496,574445,43770435
2024-08-13 12:54:17,3.1,23.5887,223850496,577343,43777978
2024-08-13 12:54:22,0,23.5887,223850496,577433,43778054
2024-08-13 12:54:28,3,23.5887,223850496,577433,43778054
2024-08-13 12:54:33,0,23.5887,223850496,577475,43778082
2024-08-13 12:54:38,0,23.5887,223850496,577565,43778158
2024-08-13 12:54:43,0,23.5887,223850496,577565,43778158
2024-08-13 12:54:49,3,23.6146,224096256,577635,43778158
2024-08-13 12:54:54,0,23.6146,224096256,577995,43778462
2024-08-13 12:54:59,5.7,24.2569,230191104,609015,43968622
2024-08-13 12:55:04,0,24.2569,230191104,609015,43968622
2024-08-13 12:55:09,0,24.2569,230191104,609105,43968698
2024-08-13 12:55:15,2.9,24.2569,230191104,609105,43968698
2024-08-13 12:55:20,5.9,24.256,230182912,609105,43968698
2024-08-13 12:55:25,3.1,24.256,230182912,609105,43968698
2024-08-13 12:55:30,0,24.2784,230395904,611405,43970861
2024-08-13 12:55:35,6,24.2784,230395904,611405,43970861
2024-08-13 12:55:41,3.2,24.2784,230395904,611405,43970861
2024-08-13 12:55:46,3.2,24.278,230391808,611495,43970937
2024-08-13 12:55:51,3.1,24.278,230391808,611495,43970937
2024-08-13 12:55:56,0,24.2776,230387712,611765,43971165
2024-08-13 12:56:01,3,24.3579,231149568,611945,43971317
2024-08-13 12:56:07,3.1,24.385,231407616,611945,43971317
2024-08-13 12:56:12,0,24.385,231407616,611945,43971317
2024-08-13 12:56:17,5.9,24.3751,231313408,612035,43971393
2024-08-13 12:56:22,3,24.3751,231313408,612077,43971421
2024-08-13 12:56:27,0,24.3751,231313408,612119,43971449
2024-08-13 12:56:33,21.6,24.8344,235671552,657334,43991894
2024-08-13 12:56:38,3,24.8184,235520000,701970,44017460
2024-08-13 12:56:43,3.2,24.8162,235499520,714202,44025653
2024-08-13 12:56:48,3.2,18.7208,177655808,721474,44034765
2024-08-13 12:56:53,0,18.7213,177659904,721612,44034765
2024-08-13 12:56:59,3.1,18.7213,177659904,721612,44034765
2024-08-13 12:57:04,2.9,18.7485,177917952,722062,44035145
2024-08-13 12:57:09,3,18.7485,177917952,722062,44035145
