2024-08-13 12:49:17,9.4,17.9149,170008576,154647,26654390
2024-08-13 12:49:22,3.1,18.4186,174788608,310836,43516558
2024-08-13 12:49:28,0,18.4458,175046656,310997,43516722
2024-08-13 12:49:33,0,18.4998,175558656,313046,43518430
2024-08-13 12:49:38,0,18.4998,175558656,313136,43518506
2024-08-13 12:49:43,0,18.527,175816704,313136,43518506
2024-08-13 12:49:48,0,18.6897,177360896,313136,43518506
2024-08-13 12:49:53,6.2,18.8256,178651136,313326,43518656
2024-08-13 12:49:59,6.1,18.8528,178909184,313442,43518656
2024-08-13 12:50:04,3.2,18.8528,178909184,313500,43518656
2024-08-13 12:50:09,3.2,18.88,179167232,313648,43518732
2024-08-13 12:50:14,0,18.9072,179425280,313690,43518760
2024-08-13 12:50:19,0,18.9072,179425280,313690,43518760
2024-08-13 12:50:25,0,18.9068,179421184,314140,43519140
2024-08-13 12:50:30,0,19.0686,180957184,314198,43519140
2024-08-13 12:50:35,6.2,19.2314,182501376,314198,43519140
2024-08-13 12:50:40,3.1,19.2314,182501376,314288,43519216
2024-08-13 12:50:45,3.2,19.2314,182501376,314426,43519216
2024-08-13 12:50:50,0,19.3358,183492608,316702,43521303
2024-08-13 12:50:56,3.1,19.3358,183492608,316834,43521407
2024-08-13 12:51:01,3.2,19.3358,183492608,316834,43521407
2024-08-13 12:51:06,0,19.3358,183492608,316834,43521407
2024-08-13 12:51:11,0,19.363,183750656,316924,43521483
2024-08-13 12:51:16,0,19.363,183750656,316924,43521483
2024-08-13 12:51:22,0,19.3634,183754752,316924,43521483
2024-08-13 12:51:27,0,19.3634,183754752,317284,43521711
2024-08-13 12:51:32,0,19.3634,183754752,317486,43521891
2024-08-13 12:51:37,0,19.3634,183754752,317486,43521891
2024-08-13 12:51:42,0,19.3634,183754752,317486,43521891
2024-08-13 12:51:47,0,19.3617,183738368,317618,43521995
2024-08-13 12:51:53,6.2,19.3617,183738368,317618,43521995
2024-08-13 12:51:58,3.2,19.3617,183738368,317618,43521995
2024-08-13 12:52:03,3.2,19.3613,183734272,317708,43522071
2024-08-13 12:52:08,3.2,19.3613,183734272,317708,43522071
2024-08-13 12:52:13,0,19.3613,183734272,317708,43522071
2024-08-13 12:52:19,0,19.3613,183734272,317798,43522147
2024-08-13 12:52:24,0,19.3613,183734272,317840,43522175
2024-08-13 12:52:29,6.2,19.3613,183734272,317840,43522175
2024-08-13 12:52:34,6.2,19.3613,183734272,318290,43522555
2024-08-13 12:52:39,3.1,19.3613,183734272,318428,43522555
2024-08-13 12:52:44,3.1,19.3613,183734272,318470,43522583
2024-08-13 12:52:50,0,19.357,183693312,320860,43524718
2024-08-13 12:52:55,0,19.357,183693312,320860,43524718
2024-08-13 12:53:00,0,19.3574,183697408,320860,43524718
2024-08-13 12:53:05,6,19.3574,183697408,320950,43524794
2024-08-13 12:53:10,0,19.3574,183697408,320950,43524794
2024-08-13 12:53:15,6.1,19.3574,183697408,320950,43524794
2024-08-13 12:53:21,0,19.3574,183697408,320950,43524794
2024-08-13 12:53:26,0,19.3574,183697408,321040,43524870
2024-08-13 12:53:31,6.2,19.3574,183697408,321082,43524898
2024-08-13 12:53:36,3.2,19.3574,183697408,321394,43525154
2024-08-13 12:53:41,3.2,19.3574,183697408,321574,43525306
2024-08-13 12:53:47,3.2,19.3574,183697408,321574,43525306
2024-08-13 12:53:52,0,19.3574,183697408,321574,43525306
2024-08-13 12:53:57,100,23.9058,226861056,439942,43596407
2024-08-13 12:54:02,3.2,23.943,227213312,600302,43731332
2024-08-13 12:54:07,3.2,23.9689,227459072,600302,43731332
2024-08-13 12:54:13,3.1,23.9689,227459072,600392,43731408
2024-08-13 12:54:18,0,23.968,227450880,600392,43731408
2024-08-13 12:54:23,0,23.968,227450880,600392,43731408
2024-08-13 12:54:28,0,23.9581,227356672,600482,43731484
2024-08-13 12:54:33,0,23.9581,227356672,600662,43731512
2024-08-13 12:54:38,6.2,23.9581,227356672,600662,43731512
2024-08-13 12:54:44,3.2,23.9835,227598336,601112,43731892
2024-08-13 12:54:49,3.2,24.0901,228610048,603322,43733979
2024-08-13 12:54:54,3.2,24.65,233922560,633912,43924062
2024-08-13 12:54:59,3.2,24.6495,233918464,634002,43924138
2024-08-13 12:55:04,3.1,24.6495,233918464,634002,43924138
2024-08-13 12:55:09,0,24.6495,233918464,634002,43924138
2024-08-13 12:55:15,0,24.6495,233918464,634092,43924214
2024-08-13 12:55:20,0,24.6495,233918464,634092,43924214
2024-08-13 12:55:25,0,24.6495,233918464,634092,43924214
2024-08-13 12:55:30,0,24.6495,233918464,634134,43924242
2024-08-13 12:55:35,6.2,24.6491,233914368,634224,43924318
2024-08-13 12:55:41,3,24.6491,233914368,634266,43924346
2024-08-13 12:55:46,3.2,24.6487,233910272,634446,43924498
2024-08-13 12:55:51,3.2,24.6478,233902080,634716,43924726
2024-08-13 12:55:56,0,24.6478,233902080,634786,43924726
2024-08-13 12:56:01,0,24.6478,233902080,634786,43924726
2024-08-13 12:56:06,0,24.6469,233893888,634876,43924802
2024-08-13 12:56:12,0,24.6469,233893888,634876,43924802
2024-08-13 12:56:17,0,24.6469,233893888,634876,43924802
2024-08-13 12:56:22,0,24.6469,233893888,634966,43924878
2024-08-13 12:56:27,0,19.3393,183525376,744309,43982609
2024-08-13 12:56:32,0,19.3393,183525376,744309,43982609
2024-08-13 12:56:38,0,19.3937,184041472,744399,43982685
2024-08-13 12:56:43,0,16.8514,159916032,744399,43982685
2024-08-13 12:56:48,0,16.8786,160174080,744399,43982685
2024-08-13 12:56:53,6.2,16.8786,160174080,744849,43983065
2024-08-13 12:56:58,3.2,17.015,161468416,744849,43983065
