2024-08-13 12:49:27,9.7,17.8532,169422848,164206,26660450
2024-08-13 12:49:32,0,19.0484,180764672,336963,43522610
2024-08-13 12:49:38,0,19.1014,181268480,337053,43522686
2024-08-13 12:49:43,0,19.1014,181268480,337053,43522686
2024-08-13 12:49:48,0,19.1558,181784576,337053,43522686
2024-08-13 12:49:53,0,19.1558,181784576,337143,43522762
2024-08-13 12:49:58,0,19.1558,181784576,337143,43522762
2024-08-13 12:50:03,6.2,19.1558,181784576,337143,43522762
2024-08-13 12:50:09,0,19.2374,182558720,337201,43522808
2024-08-13 12:50:14,0,19.2918,183074816,337449,43522912
2024-08-13 12:50:19,0,19.2918,183074816,337507,43522912
2024-08-13 12:50:24,3.1,19.2918,183074816,337745,43522988
2024-08-13 12:50:29,0,19.2914,183070720,338057,43523320
2024-08-13 12:50:35,3,19.2914,183070720,338057,43523320
2024-08-13 12:50:40,0,19.3181,183324672,338195,43523320
2024-08-13 12:50:45,0,19.3712,183828480,338343,43523396
2024-08-13 12:50:50,0,19.5072,185118720,338397,43523442
2024-08-13 12:50:55,6.2,19.7735,187645952,340701,43525502
2024-08-13 12:51:00,6.1,19.7994,187891712,340791,43525578
2024-08-13 12:51:06,0,19.8261,188145664,340791,43525578
2024-08-13 12:51:11,0,19.8814,188669952,340791,43525578
2024-08-13 12:51:16,0,19.8814,188669952,340881,43525654
2024-08-13 12:51:21,0,19.8814,188669952,340881,43525654
2024-08-13 12:51:26,6,19.8814,188669952,340923,43525682
2024-08-13 12:51:32,6.2,19.8814,188669952,341373,43526062
2024-08-13 12:51:37,3.2,19.8814,188669952,341415,43526090
2024-08-13 12:51:42,3,19.8814,188669952,341415,43526090
2024-08-13 12:51:47,3.2,19.963,189444096,341505,43526166
2024-08-13 12:51:52,3.2,20.0139,189927424,341505,43526166
2024-08-13 12:51:57,3.2,20.0683,190443520,341505,43526166
2024-08-13 12:52:03,3.2,20.0959,190705664,341505,43526166
2024-08-13 12:52:08,0,20.0955,190701568,341637,43526270
2024-08-13 12:52:13,0,20.0955,190701568,341637,43526270
2024-08-13 12:52:18,6.1,20.0955,190701568,341637,43526270
2024-08-13 12:52:23,6.1,20.0955,190701568,341769,43526374
2024-08-13 12:52:28,0,20.0955,190701568,341769,43526374
2024-08-13 12:52:34,0,20.0955,190701568,342087,43526526
2024-08-13 12:52:39,0,20.0955,190701568,342357,43526754
2024-08-13 12:52:44,6.2,20.0955,190701568,342357,43526754
2024-08-13 12:52:49,6.2,20.0955,190701568,342357,43526754
2024-08-13 12:52:54,3.2,20.095,190697472,344615,43528890
2024-08-13 12:53:00,3.2,20.095,190697472,344615,43528890
2024-08-13 12:53:05,0,20.1209,190943232,344615,43528890
2024-08-13 12:53:10,0,20.1209,190943232,344705,43528966
2024-08-13 12:53:15,0,20.1209,190943232,344747,43528994
2024-08-13 12:53:20,0,20.1201,190935040,344747,43528994
2024-08-13 12:53:25,6.2,20.1201,190935040,344837,43529070
2024-08-13 12:53:31,3.2,20.1201,190935040,344879,43529098
2024-08-13 12:53:36,3.2,20.1201,190935040,344879,43529098
2024-08-13 12:53:41,0,20.1201,190935040,345329,43529478
2024-08-13 12:53:46,0,20.1201,190935040,345383,43529524
2024-08-13 12:53:51,0,20.1201,190935040,345383,43529524
2024-08-13 12:53:57,0,20.1201,190935040,345473,43529600
2024-08-13 12:54:02,6.2,24.3828,231387136,624080,43735504
2024-08-13 12:54:07,0,24.4087,231632896,624080,43735504
2024-08-13 12:54:12,3.2,24.4087,231632896,624122,43735532
2024-08-13 12:54:17,6.2,24.4337,231870464,624212,43735608
2024-08-13 12:54:22,3.2,24.4337,231870464,624350,43735608
2024-08-13 12:54:28,3.2,24.4337,231870464,624350,43735608
2024-08-13 12:54:33,0,24.4333,231866368,624440,43735684
2024-08-13 12:54:38,0,24.4234,231772160,624440,43735684
2024-08-13 12:54:43,0,24.4505,232030208,624620,43735836
2024-08-13 12:54:48,6.1,24.4501,232026112,624932,43736092
2024-08-13 12:54:54,3.2,25.1174,238358528,658360,43928234
2024-08-13 12:54:59,3.1,25.1174,238358528,658360,43928234
2024-08-13 12:55:04,3.1,25.1174,238358528,658450,43928310
2024-08-13 12:55:09,0,25.1174,238358528,658492,43928338
2024-08-13 12:55:14,0,25.1174,238358528,658492,43928338
2024-08-13 12:55:19,0,25.1174,238358528,658582,43928414
2024-08-13 12:55:25,3.2,25.1174,238358528,658582,43928414
2024-08-13 12:55:30,3.1,25.1165,238350336,658582,43928414
2024-08-13 12:55:35,3,25.1165,238350336,658726,43928542
2024-08-13 12:55:40,0,25.1165,238350336,658768,43928570
2024-08-13 12:55:45,3.2,25.1161,238346240,658858,43928646
2024-08-13 12:55:50,0,25.1157,238342144,659218,43928950
2024-08-13 12:55:56,0,25.1148,238333952,659218,43928950
2024-08-13 12:56:01,0,25.1148,238333952,659218,43928950
2024-08-13 12:56:06,0,25.1148,238333952,659350,43929054
2024-08-13 12:56:11,6,25.1148,238333952,659350,43929054
2024-08-13 12:56:16,0,25.1148,238333952,659404,43929100
2024-08-13 12:56:22,0,25.1148,238333952,659728,43929250
2024-08-13 12:56:27,25,25.5607,242565120,764885,43979716
2024-08-13 12:56:32,0,19.1343,181579776,768961,43986797
2024-08-13 12:56:37,6.2,19.1343,181579776,768961,43986797
2024-08-13 12:56:42,3.2,19.1343,181579776,769105,43986925
2024-08-13 12:56:47,3.1,19.1343,181579776,769105,43986925
2024-08-13 12:56:53,0,19.1343,181579776,769285,43987077
2024-08-13 12:56:58,0,19.1343,181579776,769555,43987305
