2024-08-13 12:50:57,6.6,17.5788,166817792,184741,27650431
2024-08-13 12:51:03,3,18.458,175161344,315686,43544943
2024-08-13 12:51:08,0,18.5378,175919104,315846,43545019
2024-08-13 12:51:13,6.1,18.565,176177152,315846,43545019
2024-08-13 12:51:18,3.1,18.644,176926720,315888,43545047
2024-08-13 12:51:23,0,18.6436,176922624,315978,43545123
2024-08-13 12:51:29,6,18.6436,176922624,316020,43545151
2024-08-13 12:51:34,0,18.698,177438720,316020,43545151
2024-08-13 12:51:39,3.1,18.7523,177954816,316470,43545531
2024-08-13 12:51:44,0,18.7523,177954816,316470,43545531
2024-08-13 12:51:49,3,18.8067,178470912,316470,43545531
2024-08-13 12:51:55,3,18.8067,178470912,316560,43545607
2024-08-13 12:52:00,3.1,18.8067,178470912,316602,43545635
2024-08-13 12:52:05,0,18.8067,178470912,316602,43545635
2024-08-13 12:52:10,0,18.8067,178470912,316746,43545803
2024-08-13 12:52:15,15.2,18.9971,180277248,318890,43547891
2024-08-13 12:52:21,3.1,18.9949,180256768,318890,43547891
2024-08-13 12:52:26,8.6,18.9949,180256768,318980,43547967
2024-08-13 12:52:31,0,18.9949,180256768,318980,43547967
2024-08-13 12:52:36,3,18.9949,180256768,318980,43547967
2024-08-13 12:52:41,3.2,18.9949,180256768,319160,43548119
2024-08-13 12:52:47,6.2,19.0221,180514816,319610,43548375
2024-08-13 12:52:52,0,19.0221,180514816,319610,43548375
2024-08-13 12:52:57,3.2,19.0221,180514816,319610,43548375
2024-08-13 12:53:02,3.1,19.0221,180514816,319700,43548451
2024-08-13 12:53:07,0,19.0221,180514816,319700,43548451
2024-08-13 12:53:13,0,19.0221,180514816,319742,43548479
2024-08-13 12:53:18,0,19.02,180494336,319832,43548555
2024-08-13 12:53:23,0,19.02,180494336,320072,43548703
2024-08-13 12:53:28,0,19.02,180494336,320204,43548703
2024-08-13 12:53:33,3.2,19.0471,180752384,320294,43548779
2024-08-13 12:53:39,0,19.0471,180752384,320360,43548779
2024-08-13 12:53:44,0,19.0471,180752384,320402,43548807
2024-08-13 12:53:49,3.2,19.0471,180752384,320852,43549187
2024-08-13 12:53:54,3.1,19.0471,180752384,320918,43549187
2024-08-13 12:53:59,3.1,19.0471,180752384,320918,43549187
2024-08-13 12:54:05,40,24.2745,230359040,401629,43604402
2024-08-13 12:54:10,6.2,24.3937,231489536,595160,43752825
2024-08-13 12:54:15,3,24.3937,231489536,599672,43762896
2024-08-13 12:54:20,3,24.3924,231477248,601996,43765032
2024-08-13 12:54:25,0,24.3924,231477248,601996,43765032
2024-08-13 12:54:31,3,24.3924,231477248,601996,43765032
2024-08-13 12:54:36,3.2,24.3924,231477248,602086,43765108
2024-08-13 12:54:41,6,24.3924,231477248,602266,43765136
2024-08-13 12:54:46,0,24.4196,231735296,602266,43765136
2024-08-13 12:54:51,0,24.4468,231993344,602626,43765440
2024-08-13 12:54:57,2.9,24.5007,232505344,602716,43765516
2024-08-13 12:55:02,3.1,25.0886,238084096,633289,43955628
2024-08-13 12:55:07,3,25.0886,238084096,633289,43955628
2024-08-13 12:55:12,0,25.0886,238084096,633449,43955704
2024-08-13 12:55:17,0,25.0886,238084096,633449,43955704
2024-08-13 12:55:23,0,25.1145,238329856,633449,43955704
2024-08-13 12:55:28,3.1,25.1136,238321664,633539,43955780
2024-08-13 12:55:33,0,25.1136,238321664,633581,43955808
2024-08-13 12:55:38,3.1,25.1136,238321664,633581,43955808
2024-08-13 12:55:43,0,25.1128,238313472,633671,43955884
2024-08-13 12:55:49,3.1,25.1128,238313472,633671,43955884
2024-08-13 12:55:54,3.1,25.1128,238313472,633671,43955884
2024-08-13 12:55:59,0,25.1123,238309376,634163,43956292
2024-08-13 12:56:04,3,25.1024,238215168,634205,43956320
2024-08-13 12:56:09,0,25.1024,238215168,634205,43956320
2024-08-13 12:56:15,3,25.1024,238215168,634295,43956396
2024-08-13 12:56:20,3.2,25.1007,238198784,636331,43958456
2024-08-13 12:56:25,0,25.1007,238198784,636385,43958502
2024-08-13 12:56:30,6,25.1007,238198784,636475,43958578
2024-08-13 12:56:35,9.7,25.5729,242679808,707095,43994249
2024-08-13 12:56:41,3,25.5703,242655232,731892,44007455
2024-08-13 12:56:46,0,19.0968,181223424,743842,44019863
2024-08-13 12:56:51,0,19.2047,182247424,743842,44019863
2024-08-13 12:56:56,3.1,19.2047,182247424,743884,44019891
2024-08-13 12:57:01,8.6,19.2047,182247424,744244,44020195
2024-08-13 12:57:07,3.1,19.2047,182247424,744376,44020299
2024-08-13 12:57:12,3.1,19.2047,182247424,744376,44020299
2024-08-13 12:57:17,3,19.2043,182243328,744466,44020375
2024-08-13 12:57:22,0,19.2043,182243328,744466,44020375
