2024-08-13 12:49:17,9.7,17.7798,168726528,165485,26140997
2024-08-13 12:49:22,3.2,18.7609,178036736,305660,43003513
2024-08-13 12:49:27,3.1,18.8425,178810880,305718,43003513
2024-08-13 12:49:32,3.1,18.9241,179585024,305718,43003513
2024-08-13 12:49:37,0,19.0043,180346880,305850,43003617
2024-08-13 12:49:43,0,19.1666,181886976,305850,43003617
2024-08-13 12:49:48,0,19.3026,183177216,305908,43003617
2024-08-13 12:49:53,3.2,19.3289,183427072,305998,43003693
2024-08-13 12:49:58,3.1,19.3289,183427072,305998,43003693
2024-08-13 12:50:03,0,19.3289,183427072,305998,43003693
2024-08-13 12:50:09,0,19.3242,183382016,308388,43005828
2024-08-13 12:50:14,0,19.3501,183627776,308388,43005828
2024-08-13 12:50:19,0,19.4575,184647680,308388,43005828
2024-08-13 12:50:24,6.2,19.619,186179584,308976,43006208
2024-08-13 12:50:29,3.1,19.6462,186437632,309030,43006254
2024-08-13 12:50:34,3.1,19.6457,186433536,309072,43006282
2024-08-13 12:50:40,0,19.6457,186433536,309162,43006358
2024-08-13 12:50:45,0,19.6457,186433536,309162,43006358
2024-08-13 12:50:50,0,19.6457,186433536,309162,43006358
2024-08-13 12:50:55,0,19.6462,186437632,309322,43006434
2024-08-13 12:51:00,0,19.6479,186454016,309364,43006462
2024-08-13 12:51:06,0,19.7018,186966016,309364,43006462
2024-08-13 12:51:11,6.1,19.729,187224064,309454,43006538
2024-08-13 12:51:16,3.2,19.7834,187740160,309508,43006630
2024-08-13 12:51:21,3.2,19.8106,187998208,309508,43006630
2024-08-13 12:51:26,3.1,19.8106,187998208,309778,43006858
2024-08-13 12:51:31,0,19.8084,187977728,310000,43007038
2024-08-13 12:51:37,0,19.8089,187981824,310000,43007038
2024-08-13 12:51:42,0,19.8089,187981824,310000,43007038
2024-08-13 12:51:47,0,19.8089,187981824,310090,43007114
2024-08-13 12:51:52,0,19.8089,187981824,310132,43007142
2024-08-13 12:51:57,0,19.8089,187981824,310132,43007142
2024-08-13 12:52:03,0,19.8059,187953152,312522,43009277
2024-08-13 12:52:08,0,19.8059,187953152,312522,43009277
2024-08-13 12:52:13,0,19.8063,187957248,312660,43009277
2024-08-13 12:52:18,6,19.8063,187957248,312804,43009399
2024-08-13 12:52:23,3.2,19.8063,187957248,313216,43009713
2024-08-13 12:52:28,3.1,19.8063,187957248,313364,43009773
2024-08-13 12:52:34,3.2,19.808,187973632,313888,43010153
2024-08-13 12:52:39,0,19.808,187973632,314110,43010273
2024-08-13 12:52:44,3.1,19.808,187973632,314830,43010513
2024-08-13 12:52:49,0,19.808,187973632,315184,43010617
2024-08-13 12:52:54,0,19.808,187973632,315258,43010617
2024-08-13 12:52:59,6.1,19.808,187973632,315480,43010617
2024-08-13 12:53:05,3.1,19.808,187973632,315570,43010693
2024-08-13 12:53:10,3.2,19.808,187973632,315644,43010693
2024-08-13 12:53:15,0,19.808,187973632,315792,43010693
2024-08-13 12:53:20,0,19.808,187973632,315834,43010721
2024-08-13 12:53:25,0,19.808,187973632,315924,43010797
2024-08-13 12:53:31,6,19.808,187973632,315924,43010797
2024-08-13 12:53:36,3.2,19.808,187973632,316194,43011025
2024-08-13 12:53:41,3.1,19.8352,188231680,316416,43011205
2024-08-13 12:53:46,0,19.8352,188231680,316416,43011205
2024-08-13 12:53:51,0,19.8343,188223488,316416,43011205
2024-08-13 12:53:56,93.8,24.328,230866944,420440,43075774
2024-08-13 12:54:02,3.2,24.501,232509440,597257,43219291
2024-08-13 12:54:07,3.2,24.501,232509440,597257,43219291
2024-08-13 12:54:12,0,24.501,232509440,597347,43219367
2024-08-13 12:54:17,0,24.501,232509440,597389,43219395
2024-08-13 12:54:22,0,24.5282,232767488,597389,43219395
2024-08-13 12:54:28,6.2,24.5183,232673280,597479,43219471
2024-08-13 12:54:33,0,24.5455,232931328,597479,43219471
2024-08-13 12:54:38,0,24.5995,233443328,597479,43219471
2024-08-13 12:54:43,0,24.5995,233443328,597929,43219851
2024-08-13 12:54:48,0,24.5986,233435136,597929,43219851
2024-08-13 12:54:53,6.2,25.1865,239013888,628319,43409934
2024-08-13 12:54:59,3.2,25.1852,239001600,628409,43410010
2024-08-13 12:55:04,3.1,25.1852,239001600,628479,43410010
2024-08-13 12:55:09,3.2,25.1852,239001600,628479,43410010
2024-08-13 12:55:14,0,25.1847,238997504,628611,43410114
2024-08-13 12:55:19,0,25.1847,238997504,628611,43410114
2024-08-13 12:55:25,0,25.1847,238997504,628611,43410114
2024-08-13 12:55:30,6.2,22.5259,213766144,628611,43410114
2024-08-13 12:55:35,3.1,22.6615,215052288,628701,43410190
2024-08-13 12:55:40,3.2,22.7409,215805952,628701,43410190
2024-08-13 12:55:45,0,22.8479,216821760,628881,43410342
2024-08-13 12:55:50,0,22.901,217325568,629331,43410598
2024-08-13 12:55:56,0,22.9002,217317376,629331,43410598
2024-08-13 12:56:01,19.4,23.3594,221675520,631565,43412657
2024-08-13 12:56:06,3.2,23.3594,221675520,631655,43412733
2024-08-13 12:56:11,3.2,23.3594,221675520,631751,43412807
2024-08-13 12:56:16,0,23.3866,221933568,631751,43412807
2024-08-13 12:56:22,0,23.5226,223223808,631841,43412883
2024-08-13 12:56:27,0,18.6741,177213440,738980,43468267
2024-08-13 12:56:32,6.2,18.7,177459200,738980,43468267
2024-08-13 12:56:37,3.1,18.7005,177463296,739070,43468343
2024-08-13 12:56:42,3.2,18.7549,177979392,739070,43468343
2024-08-13 12:56:47,0,18.8895,179257344,739070,43468343
2024-08-13 12:56:53,0,19.0527,180805632,739520,43468723
