2024-08-13 12:52:48,14.3,17.6296,167301120,179845,29055468
2024-08-13 12:52:54,6.2,17.6568,167559168,292576,42998332
2024-08-13 12:52:59,0,17.684,167817216,292666,42998408
2024-08-13 12:53:04,3.1,17.7643,168579072,292666,42998408
2024-08-13 12:53:09,3.2,17.9814,170639360,292852,42998558
2024-08-13 12:53:15,3,18.0617,171401216,292852,42998558
2024-08-13 12:53:20,3.2,18.1704,172433408,292852,42998558
2024-08-13 12:53:25,3.2,18.1704,172433408,292852,42998558
2024-08-13 12:53:30,0,18.1704,172433408,292984,42998662
2024-08-13 12:53:35,0,18.1704,172433408,292984,42998662
2024-08-13 12:53:40,0,18.1696,172425216,292984,42998662
2024-08-13 12:53:46,3.2,18.1696,172425216,293074,42998738
2024-08-13 12:53:51,3.1,18.1696,172425216,293074,42998738
2024-08-13 12:53:56,0,18.1696,172425216,293164,42998814
2024-08-13 12:54:01,2.9,18.1696,172425216,293608,42999174
2024-08-13 12:54:07,0,18.1696,172425216,293608,42999174
2024-08-13 12:54:12,14.7,23.3948,222011392,383660,43060083
2024-08-13 12:54:17,21.9,23.4475,222511104,521974,43152653
2024-08-13 12:54:22,0,23.5135,223137792,572327,43215578
2024-08-13 12:54:27,6.2,23.5394,223383552,572327,43215578
2024-08-13 12:54:33,6.2,23.5394,223383552,572417,43215654
2024-08-13 12:54:38,0,23.5364,223354880,574453,43217714
2024-08-13 12:54:43,3.2,23.5364,223354880,574453,43217714
2024-08-13 12:54:48,2.9,23.5359,223350784,574681,43217790
2024-08-13 12:54:53,3.1,23.5359,223350784,574681,43217790
2024-08-13 12:54:59,3,23.5359,223350784,574723,43217818
2024-08-13 12:55:04,3.1,24.315,230744064,605652,43407924
2024-08-13 12:55:09,0,24.3146,230739968,606006,43408308
2024-08-13 12:55:14,0,24.3409,230989824,606006,43408308
2024-08-13 12:55:19,0,24.3409,230989824,606096,43408384
2024-08-13 12:55:25,5.9,24.3409,230989824,606096,43408384
2024-08-13 12:55:30,3.1,24.3409,230989824,606096,43408384
2024-08-13 12:55:35,0,24.3388,230969344,606186,43408460
2024-08-13 12:55:40,0,24.3388,230969344,606228,43408488
2024-08-13 12:55:45,0,24.3388,230969344,606228,43408488
2024-08-13 12:55:51,3.1,24.3388,230969344,606318,43408564
2024-08-13 12:55:56,3,24.3388,230969344,606360,43408592
2024-08-13 12:56:01,0,24.3388,230969344,606360,43408592
2024-08-13 12:56:06,3.1,24.3388,230969344,606540,43408744
2024-08-13 12:56:11,6.2,24.3383,230965248,606852,43409000
2024-08-13 12:56:17,5.9,24.3383,230965248,606852,43409000
2024-08-13 12:56:22,0,24.3383,230965248,606984,43409052
2024-08-13 12:56:27,3.2,24.3383,230965248,607206,43409128
2024-08-13 12:56:32,6.2,24.3642,231211008,607276,43409128
2024-08-13 12:56:37,15.2,24.8235,235569152,645115,43423733
2024-08-13 12:56:43,0,24.8148,235487232,660760,43435147
2024-08-13 12:56:48,3.2,18.4484,175071232,716907,43470627
2024-08-13 12:56:53,6.2,18.6107,176611328,717015,43470655
2024-08-13 12:56:58,3.2,18.7195,177643520,717105,43470731
2024-08-13 12:57:03,0,18.801,178417664,717105,43470731
2024-08-13 12:57:09,3,18.937,179707904,717105,43470731
2024-08-13 12:57:14,0,19.0445,180727808,717555,43471111
2024-08-13 12:57:19,3,19.0445,180727808,717597,43471139
2024-08-13 12:57:24,3,19.0445,180727808,717597,43471139
2024-08-13 12:57:29,3,19.0445,180727808,717687,43471215
