2024-08-13 12:50:51,22.2,17.7682,168615936,160935,28015757
2024-08-13 12:50:56,0,18.4787,175357952,254998,43525973
2024-08-13 12:51:01,0,18.5331,175874048,254998,43525973
2024-08-13 12:51:06,0,18.6147,176648192,255130,43526077
2024-08-13 12:51:12,3.1,18.6419,176906240,255130,43526077
2024-08-13 12:51:17,6,18.7221,177668096,255130,43526077
2024-08-13 12:51:22,3.2,18.8581,178958336,255290,43526153
2024-08-13 12:51:27,0,19.1028,181280768,255290,43526153
2024-08-13 12:51:32,3.2,19.2358,182542336,255290,43526153
2024-08-13 12:51:37,3.1,19.2358,182542336,255740,43526533
2024-08-13 12:51:43,0,19.2625,182796288,255782,43526561
2024-08-13 12:51:48,0,19.2625,182796288,255782,43526561
2024-08-13 12:51:53,0,19.2625,182796288,255872,43526637
2024-08-13 12:51:58,0,19.2625,182796288,255872,43526637
2024-08-13 12:52:03,0,19.2625,182796288,255914,43526665
2024-08-13 12:52:09,0,19.2621,182792192,256004,43526741
2024-08-13 12:52:14,0,19.2621,182792192,256004,43526741
2024-08-13 12:52:19,5.9,19.2621,182792192,256004,43526741
2024-08-13 12:52:24,3.1,19.2621,182792192,256094,43526817
2024-08-13 12:52:29,3.2,19.2621,182792192,256136,43526845
2024-08-13 12:52:34,0,19.2621,182792192,256136,43526845
2024-08-13 12:52:40,0,19.2621,182792192,256406,43527073
2024-08-13 12:52:45,0,19.2621,182792192,256724,43527225
2024-08-13 12:52:50,0,19.2621,182792192,256724,43527225
2024-08-13 12:52:55,0,19.3942,184045568,259114,43529361
2024-08-13 12:53:00,0,19.3942,184045568,259156,43529389
2024-08-13 12:53:05,6,19.3942,184045568,259156,43529389
2024-08-13 12:53:11,3.2,19.3942,184045568,259156,43529389
2024-08-13 12:53:16,3.1,19.3942,184045568,259246,43529465
2024-08-13 12:53:21,0,19.3942,184045568,259246,43529465
2024-08-13 12:53:26,0,19.3942,184045568,259246,43529465
2024-08-13 12:53:31,0,19.3942,184045568,259336,43529541
2024-08-13 12:53:37,0,19.3942,184045568,259336,43529541
2024-08-13 12:53:42,0,19.3942,184045568,259336,43529541
2024-08-13 12:53:47,0,19.3942,184045568,259786,43529921
2024-08-13 12:53:52,0,16.7561,159010816,259828,43529949
2024-08-13 12:53:57,0,16.9723,161062912,259870,43529977
2024-08-13 12:54:03,96.9,23.4722,222744576,393044,43610191
2024-08-13 12:54:08,3.2,23.5913,223875072,538577,43737312
2024-08-13 12:54:13,6.2,23.6444,224378880,538577,43737312
2024-08-13 12:54:18,3.1,23.7242,225136640,538667,43737388
2024-08-13 12:54:23,3.2,23.7242,225136640,538667,43737388
2024-08-13 12:54:28,0,23.7514,225394688,538667,43737388
2024-08-13 12:54:34,3.2,23.8045,225898496,538757,43737464
2024-08-13 12:54:39,0,23.8589,226414592,538757,43737464
2024-08-13 12:54:44,0,23.9949,227704832,538895,43737464
2024-08-13 12:54:49,0,23.9949,227704832,539075,43737616
2024-08-13 12:54:54,0,24.1563,229236736,541687,43739932
2024-08-13 12:55:00,0,24.7713,235073536,572019,43930015
2024-08-13 12:55:05,0,24.7713,235073536,572019,43930015
2024-08-13 12:55:10,0,24.7713,235073536,572109,43930091
2024-08-13 12:55:15,6.1,24.7705,235065344,572109,43930091
2024-08-13 12:55:20,0,24.7705,235065344,572109,43930091
2024-08-13 12:55:25,6.2,24.7705,235065344,572199,43930167
2024-08-13 12:55:31,6.2,24.7696,235057152,572199,43930167
2024-08-13 12:55:36,5.9,24.7696,235057152,572269,43930167
2024-08-13 12:55:41,0,24.7701,235061248,572359,43930243
2024-08-13 12:55:46,0,24.7701,235061248,572443,43930299
2024-08-13 12:55:51,0,24.7701,235061248,572443,43930299
2024-08-13 12:55:57,0,24.7696,235057152,572893,43930679
2024-08-13 12:56:02,3.2,24.8128,235466752,572893,43930679
2024-08-13 12:56:07,0,24.8128,235466752,572893,43930679
2024-08-13 12:56:12,0,24.8128,235466752,572983,43930755
2024-08-13 12:56:17,0,24.8395,235720704,572983,43930755
2024-08-13 12:56:23,3.1,24.8395,235720704,572983,43930755
2024-08-13 12:56:28,0,24.8395,235720704,573073,43930831
2024-08-13 12:56:33,0,18.6479,176963584,682584,43993007
2024-08-13 12:56:38,0,18.6751,177221632,682650,43993059
2024-08-13 12:56:43,3.1,18.6751,177221632,682782,43993163
2024-08-13 12:56:49,0,18.6751,177221632,682782,43993163
2024-08-13 12:56:54,0,18.6755,177225728,682782,43993163
2024-08-13 12:56:59,0,18.6755,177225728,683052,43993391
2024-08-13 12:57:04,3.2,18.6755,177225728,683232,43993543
2024-08-13 12:57:10,3.2,18.6751,177221632,683232,43993543
2024-08-13 12:57:15,3,18.6751,177221632,683322,43993619
