2024-08-13 12:51:23,14.3,17.5542,166584320,169770,26983137
2024-08-13 12:51:28,3,18.5603,176132096,264951,43525873
2024-08-13 12:51:33,0,18.5875,176390144,265017,43525873
2024-08-13 12:51:38,3.1,18.6949,177410048,265467,43526253
2024-08-13 12:51:43,0,18.7221,177668096,265467,43526253
2024-08-13 12:51:49,0,18.7221,177668096,265533,43526253
2024-08-13 12:51:54,2.9,18.7239,177684480,265665,43526357
2024-08-13 12:51:59,3.2,18.7239,177684480,265665,43526357
2024-08-13 12:52:04,3.1,18.7511,177942528,265707,43526385
2024-08-13 12:52:09,3.1,18.7511,177942528,265797,43526461
2024-08-13 12:52:15,0,18.7506,177938432,265839,43526489
2024-08-13 12:52:20,0,18.7778,178196480,265839,43526489
2024-08-13 12:52:25,0,18.9643,179965952,267875,43528548
2024-08-13 12:52:30,0,18.9634,179957760,267965,43528624
2024-08-13 12:52:35,0,18.9634,179957760,267965,43528624
2024-08-13 12:52:41,3.2,18.9634,179957760,268055,43528700
2024-08-13 12:52:46,3.2,18.9634,179957760,268457,43529032
2024-08-13 12:52:51,3,18.9634,179957760,268457,43529032
2024-08-13 12:52:56,6.2,18.9634,179957760,268595,43529032
2024-08-13 12:53:01,0,18.9634,179957760,268727,43529136
2024-08-13 12:53:07,3,18.9634,179957760,268727,43529136
2024-08-13 12:53:12,0,18.9634,179957760,268727,43529136
2024-08-13 12:53:17,3,18.9634,179957760,268817,43529212
2024-08-13 12:53:22,3.2,18.9634,179957760,268859,43529240
2024-08-13 12:53:27,0,18.9613,179937280,268859,43529240
2024-08-13 12:53:33,0,18.9613,179937280,268949,43529316
2024-08-13 12:53:38,0,18.9613,179937280,268949,43529316
2024-08-13 12:53:43,3,18.9613,179937280,268949,43529316
2024-08-13 12:53:48,0,18.9884,180195328,269399,43529696
2024-08-13 12:53:53,8.3,19.0424,180707328,269441,43529724
2024-08-13 12:53:59,3.1,19.0955,181211136,269483,43529752
2024-08-13 12:54:04,79.4,24.3484,231059456,289218,43552756
2024-08-13 12:54:09,78.1,24.7856,235208704,526182,43707649
2024-08-13 12:54:14,3,24.8469,235790336,548160,43744882
2024-08-13 12:54:20,5.8,24.8469,235790336,548250,43744958
2024-08-13 12:54:25,0,24.8469,235790336,550286,43747017
2024-08-13 12:54:30,3.1,24.8728,236036096,550286,43747017
2024-08-13 12:54:35,0,24.8728,236036096,550430,43747139
2024-08-13 12:54:40,3.1,24.8728,236036096,550430,43747139
2024-08-13 12:54:46,3,24.8728,236036096,550568,43747139
2024-08-13 12:54:51,6.2,24.8728,236036096,550928,43747443
2024-08-13 12:54:56,6,24.8723,236032000,551102,43747575
2024-08-13 12:55:01,2.9,25.4058,241094656,581494,43937659
2024-08-13 12:55:07,3,25.405,241086464,581494,43937659
2024-08-13 12:55:12,0,25.4045,241082368,581584,43937735
2024-08-13 12:55:17,0,25.4045,241082368,581584,43937735
2024-08-13 12:55:22,0,25.4304,241328128,581654,43937735
2024-08-13 12:55:27,5.7,25.4304,241328128,581744,43937811
2024-08-13 12:55:33,3.1,25.4304,241328128,581786,43937839
2024-08-13 12:55:38,0,25.4304,241328128,581786,43937839
2024-08-13 12:55:43,5.9,25.4304,241328128,581876,43937915
2024-08-13 12:55:48,0,25.4304,241328128,581918,43937943
2024-08-13 12:55:53,3.1,25.4563,241573888,581918,43937943
2024-08-13 12:55:59,0,25.4559,241569792,582368,43938323
2024-08-13 12:56:04,3.1,25.4559,241569792,582484,43938411
2024-08-13 12:56:09,11.8,25.4559,241569792,582780,43938531
2024-08-13 12:56:14,3.1,25.4559,241569792,582998,43938759
2024-08-13 12:56:19,3.2,25.4559,241569792,583072,43938759
2024-08-13 12:56:25,0,25.6734,243634176,585182,43940818
2024-08-13 12:56:30,0,25.6635,243539968,585568,43941074
2024-08-13 12:56:35,21.8,26.109,247767040,652619,43974968
2024-08-13 12:56:40,3.2,26.1068,247746560,677238,43987453
2024-08-13 12:56:46,0,18.8322,178712576,693273,44002395
2024-08-13 12:56:51,0,18.859,178966528,693347,44002395
2024-08-13 12:56:56,0,18.9966,180273152,693401,44002487
2024-08-13 12:57:01,3,18.9966,180273152,693851,44002867
2024-08-13 12:57:06,6,18.9966,180273152,693967,44002895
2024-08-13 12:57:12,3.2,18.9966,180273152,693967,44002895
2024-08-13 12:57:17,0,19.0238,180531200,694057,44002971
2024-08-13 12:57:22,6.2,19.1313,181551104,694057,44002971
2024-08-13 12:57:27,3,19.2945,183099392,694057,44002971
