2024-08-13 12:51:59,9.3,17.6051,167067648,187966,26673534
2024-08-13 12:52:04,0,17.9409,170254336,320821,43535590
2024-08-13 12:52:09,6.1,17.9681,170512384,320821,43535590
2024-08-13 12:52:15,2.9,18.2111,172818432,320911,43535666
2024-08-13 12:52:20,3.1,18.2383,173076480,320911,43535666
2024-08-13 12:52:25,6.2,18.2383,173076480,320911,43535666
2024-08-13 12:52:30,3.1,18.2383,173076480,321001,43535742
2024-08-13 12:52:35,3.1,18.2383,173076480,321139,43535742
2024-08-13 12:52:41,3.1,18.2383,173076480,321181,43535770
2024-08-13 12:52:46,3.2,18.2383,173076480,321541,43536074
2024-08-13 12:52:51,0,18.2655,173334528,321727,43536224
2024-08-13 12:52:56,3.2,18.2655,173334528,321727,43536224
2024-08-13 12:53:01,0,18.2655,173334528,321871,43536392
2024-08-13 12:53:07,0,18.2655,173334528,321871,43536392
2024-08-13 12:53:12,0,18.2655,173334528,321871,43536392
2024-08-13 12:53:17,3,18.2655,173334528,323997,43538528
2024-08-13 12:53:22,3,18.3471,174108672,323997,43538528
2024-08-13 12:53:27,3,18.3742,174366720,323997,43538528
2024-08-13 12:53:33,3.1,18.3742,174366720,323997,43538528
2024-08-13 12:53:38,3.1,18.3742,174366720,324129,43538632
2024-08-13 12:53:43,0,18.3742,174366720,324129,43538632
2024-08-13 12:53:48,3,18.3742,174366720,324129,43538632
2024-08-13 12:53:53,3.2,18.3742,174366720,324579,43539012
2024-08-13 12:53:59,6,18.3742,174366720,324621,43539040
2024-08-13 12:54:04,3.2,18.3742,174366720,324621,43539040
2024-08-13 12:54:09,77.4,23.0802,219025408,485954,43634091
2024-08-13 12:54:14,11.8,23.1191,219394048,600806,43743743
2024-08-13 12:54:19,3.2,23.1402,219594752,603308,43750010
2024-08-13 12:54:25,3.2,23.1402,219594752,603398,43750086
2024-08-13 12:54:30,0,23.1402,219594752,603578,43750114
2024-08-13 12:54:35,0,23.1402,219594752,603578,43750114
2024-08-13 12:54:40,6.1,23.1402,219594752,603668,43750190
2024-08-13 12:54:45,0,23.1402,219594752,603668,43750190
2024-08-13 12:54:51,3.1,23.1402,219594752,603668,43750190
2024-08-13 12:54:56,6.2,23.1661,219840512,604028,43750494
2024-08-13 12:55:01,64.6,24.6052,233496576,631922,43929784
2024-08-13 12:55:06,15.4,24.5698,233160704,634424,43940680
2024-08-13 12:55:12,0,24.5693,233156608,634514,43940756
2024-08-13 12:55:17,3,24.5957,233406464,636772,43943102
2024-08-13 12:55:22,0,24.5957,233406464,636772,43943102
2024-08-13 12:55:27,0,24.5952,233402368,636974,43943206
2024-08-13 12:55:32,3,24.5952,233402368,636974,43943206
2024-08-13 12:55:38,3.2,24.5952,233402368,636974,43943206
2024-08-13 12:55:43,0,24.5952,233402368,636974,43943206
2024-08-13 12:55:48,0,24.5952,233402368,637064,43943282
2024-08-13 12:55:53,3,24.5952,233402368,637064,43943282
2024-08-13 12:55:58,0,24.5952,233402368,637064,43943282
2024-08-13 12:56:04,3.2,24.5948,233398272,637514,43943662
2024-08-13 12:56:09,3.1,24.6207,233644032,637556,43943690
2024-08-13 12:56:14,0,24.6207,233644032,637556,43943690
2024-08-13 12:56:19,0,24.6207,233644032,637784,43943766
2024-08-13 12:56:24,0,24.6207,233644032,637826,43943794
2024-08-13 12:56:30,6.2,24.6207,233644032,637826,43943794
2024-08-13 12:56:35,46.9,24.9742,236998656,669217,43954166
2024-08-13 12:56:40,6,24.9569,236834816,706538,43977998
2024-08-13 12:56:45,12.5,24.9535,236802048,738427,43995862
2024-08-13 12:56:50,3.2,18.4873,175439872,747503,44006381
2024-08-13 12:56:56,3.1,18.4873,175439872,747503,44006381
2024-08-13 12:57:01,3,18.4873,175439872,747503,44006381
2024-08-13 12:57:06,0,18.4791,175362048,747917,44006777
2024-08-13 12:57:11,0,18.4791,175362048,748007,44006853
2024-08-13 12:57:16,3,18.4774,175345664,748007,44006853
2024-08-13 12:57:22,0,18.4774,175345664,748139,44006957
2024-08-13 12:57:27,3.1,18.4774,175345664,748181,44006985
2024-08-13 12:57:32,3.2,18.4774,175345664,748181,44006985
2024-08-13 12:57:37,0,18.4774,175345664,748271,44007061
2024-08-13 12:57:42,0,18.4774,175345664,748271,44007061
