2024-08-13 12:51:17,9.7,17.6521,167514112,177206,28843293
2024-08-13 12:51:23,0,17.849,169381888,258733,43561665
2024-08-13 12:51:28,3.1,17.9538,170377216,260859,43563801
2024-08-13 12:51:33,2.9,17.9538,170377216,260929,43563801
2024-08-13 12:51:38,2.9,17.9802,170627072,261019,43563877
2024-08-13 12:51:44,3.1,18.0346,171143168,261421,43564209
2024-08-13 12:51:49,3.1,18.0346,171143168,261463,43564237
2024-08-13 12:51:54,3.1,18.0346,171143168,261463,43564237
2024-08-13 12:51:59,0,18.0346,171143168,261553,43564313
2024-08-13 12:52:04,0,18.0346,171143168,261553,43564313
2024-08-13 12:52:10,0,18.0609,171393024,261553,43564313
2024-08-13 12:52:15,3,18.0605,171388928,261643,43564389
2024-08-13 12:52:20,3.2,18.0605,171388928,261739,43564463
2024-08-13 12:52:25,3,18.0605,171388928,261739,43564463
2024-08-13 12:52:31,3.1,18.0605,171388928,261829,43564539
2024-08-13 12:52:36,0,18.0605,171388928,261829,43564539
2024-08-13 12:52:41,3.1,18.0605,171388928,261871,43564567
2024-08-13 12:52:46,3.1,18.0864,171634688,262459,43564947
2024-08-13 12:52:51,3,18.0864,171634688,262501,43564975
2024-08-13 12:52:57,0,18.0864,171634688,262501,43564975
2024-08-13 12:53:02,3,18.0868,171638784,262591,43565051
2024-08-13 12:53:07,3,18.0868,171638784,262591,43565051
2024-08-13 12:53:12,6.1,18.0868,171638784,262591,43565051
2024-08-13 12:53:17,0,18.0868,171638784,262681,43565127
2024-08-13 12:53:23,0,18.0868,171638784,262723,43565155
2024-08-13 12:53:28,3,18.0846,171618304,264957,43567215
2024-08-13 12:53:33,0,18.0846,171618304,264957,43567215
2024-08-13 12:53:38,3,18.0846,171618304,265089,43567319
2024-08-13 12:53:43,0,18.0846,171618304,265089,43567319
2024-08-13 12:53:49,6.1,18.0846,171618304,265179,43567395
2024-08-13 12:53:54,0,18.0846,171618304,265581,43567727
2024-08-13 12:53:59,3.2,18.0846,171618304,265581,43567727
2024-08-13 12:54:04,41.9,23.4467,222502912,296010,43592985
2024-08-13 12:54:09,70.5,23.4674,222699520,514864,43731925
2024-08-13 12:54:15,3.1,23.5114,223117312,544248,43781762
2024-08-13 12:54:20,3,23.5114,223117312,544248,43781762
2024-08-13 12:54:25,3.1,23.5114,223117312,544338,43781838
2024-08-13 12:54:30,3.2,23.5119,223121408,544338,43781838
2024-08-13 12:54:35,0,23.5119,223121408,544380,43781866
2024-08-13 12:54:41,3,23.5114,223117312,544608,43781942
2024-08-13 12:54:46,3.1,23.5114,223117312,544650,43781970
2024-08-13 12:54:51,3,23.5114,223117312,544650,43781970
2024-08-13 12:54:56,3.1,23.511,223113216,545100,43782350
2024-08-13 12:55:01,3,24.1261,228950016,575693,43972433
2024-08-13 12:55:07,3.1,24.1261,228950016,575693,43972433
2024-08-13 12:55:12,6.1,24.1252,228941824,575783,43972509
2024-08-13 12:55:17,3.1,24.1252,228941824,575783,43972509
2024-08-13 12:55:22,3.1,24.1252,228941824,575783,43972509
2024-08-13 12:55:28,3,24.1494,229171200,577951,43974673
2024-08-13 12:55:33,0,24.1494,229171200,577993,43974701
2024-08-13 12:55:38,6.2,24.1494,229171200,577993,43974701
2024-08-13 12:55:43,0,24.1766,229429248,578083,43974777
2024-08-13 12:55:48,6.1,24.2038,229687296,578083,43974777
2024-08-13 12:55:54,0,24.2038,229687296,578153,43974777
2024-08-13 12:55:59,6.1,24.2033,229683200,578513,43975081
2024-08-13 12:56:04,0,24.2033,229683200,578645,43975185
2024-08-13 12:56:09,3.1,24.2033,229683200,578645,43975185
2024-08-13 12:56:14,3.1,24.2033,229683200,578645,43975185
2024-08-13 12:56:20,6.1,24.2033,229683200,578735,43975261
2024-08-13 12:56:25,8.8,24.1934,229588992,578777,43975289
2024-08-13 12:56:30,2.9,24.2189,229830656,578777,43975289
2024-08-13 12:56:35,12.5,24.9664,236924928,638830,44004788
2024-08-13 12:56:40,3.1,25.0411,237633536,668355,44020863
2024-08-13 12:56:46,3.1,17.2986,164159488,688160,44038425
2024-08-13 12:56:51,3.1,17.2986,164159488,688250,44038501
2024-08-13 12:56:56,3.1,17.3258,164417536,688250,44038501
2024-08-13 12:57:01,0,17.353,164675584,688250,44038501
2024-08-13 12:57:07,0,17.353,164675584,688742,44038909
2024-08-13 12:57:12,0,17.3802,164933632,688742,44038909
2024-08-13 12:57:17,0,17.3802,164933632,688742,44038909
2024-08-13 12:57:22,0,17.4074,165191680,688874,44039013
2024-08-13 12:57:27,6.2,17.4074,165191680,688874,44039013
2024-08-13 12:57:33,0,17.407,165187584,688874,44039013
