2024-08-13 12:51:12,12.4,17.6159,167170048,184955,27865527
2024-08-13 12:51:18,3.1,17.8287,169189376,300002,43557243
2024-08-13 12:51:23,0,17.8554,169443328,300092,43557319
2024-08-13 12:51:28,5.8,17.8826,169701376,300162,43557319
2024-08-13 12:51:33,5.8,17.9081,169943040,300162,43557319
2024-08-13 12:51:38,3.1,17.9081,169943040,300612,43557699
2024-08-13 12:51:44,6.2,17.9081,169943040,300612,43557699
2024-08-13 12:51:49,6.1,17.9081,169943040,300612,43557699
2024-08-13 12:51:54,3,17.9064,169926656,300702,43557775
2024-08-13 12:51:59,6.1,17.9603,170438656,300744,43557803
2024-08-13 12:52:04,6.2,17.9603,170438656,300786,43557831
2024-08-13 12:52:10,3.1,18.0691,171470848,300786,43557831
2024-08-13 12:52:15,3.1,18.2046,172756992,300876,43557907
2024-08-13 12:52:20,3.2,18.2331,173027328,300930,43557953
2024-08-13 12:52:25,0,18.3691,174317568,303032,43560013
2024-08-13 12:52:30,3.1,18.3691,174317568,303122,43560089
2024-08-13 12:52:36,3,18.3691,174317568,303122,43560089
2024-08-13 12:52:41,3.1,18.3691,174317568,303296,43560135
2024-08-13 12:52:46,3,18.395,174563328,303804,43560515
2024-08-13 12:52:51,6.1,18.395,174563328,303804,43560515
2024-08-13 12:52:56,5.8,18.395,174563328,303862,43560515
2024-08-13 12:53:02,0,18.395,174563328,304036,43560647
2024-08-13 12:53:07,3.1,18.395,174563328,304174,43560647
2024-08-13 12:53:12,0,18.395,174563328,304232,43560647
2024-08-13 12:53:17,3,18.395,174563328,304679,43561198
2024-08-13 12:53:22,3.1,18.3906,174522368,304679,43561198
2024-08-13 12:53:28,0,18.3906,174522368,304679,43561198
2024-08-13 12:53:33,3.1,18.3906,174522368,304769,43561274
2024-08-13 12:53:38,3,18.3906,174522368,304769,43561274
2024-08-13 12:53:43,0,18.3906,174522368,304769,43561274
2024-08-13 12:53:48,0,18.3906,174522368,305219,43561654
2024-08-13 12:53:54,2.9,18.3906,174522368,305261,43561682
2024-08-13 12:53:59,6,18.3906,174522368,305303,43561710
2024-08-13 12:54:04,53.1,22.3676,212262912,312672,43572740
2024-08-13 12:54:09,92.9,23.6944,224854016,539924,43710092
2024-08-13 12:54:15,0,23.7108,225009664,583973,43775123
2024-08-13 12:54:20,0,23.7108,225009664,584129,43775251
2024-08-13 12:54:25,0,23.7609,225484800,586243,43777363
2024-08-13 12:54:30,6.2,23.7881,225742848,586243,43777363
2024-08-13 12:54:35,0,23.8153,226000896,586243,43777363
2024-08-13 12:54:40,5.8,23.8425,226258944,586333,43777439
2024-08-13 12:54:46,3.1,23.8425,226258944,586333,43777439
2024-08-13 12:54:51,6.1,23.8425,226258944,586423,43777515
2024-08-13 12:54:56,0,23.8693,226512896,587005,43777875
2024-08-13 12:55:01,3,24.4571,232091648,617729,43967957
2024-08-13 12:55:07,3,24.4571,232091648,617729,43967957
2024-08-13 12:55:12,0,24.4558,232079360,617819,43968033
2024-08-13 12:55:17,9.1,24.4558,232079360,617819,43968033
2024-08-13 12:55:22,0,24.4558,232079360,617819,43968033
2024-08-13 12:55:27,3.1,24.4558,232079360,617909,43968109
2024-08-13 12:55:33,5.8,24.455,232071168,617951,43968137
2024-08-13 12:55:38,3,24.455,232071168,618021,43968137
2024-08-13 12:55:43,0,24.455,232071168,618111,43968213
2024-08-13 12:55:48,3,24.455,232071168,618153,43968241
2024-08-13 12:55:53,6,24.455,232071168,618153,43968241
2024-08-13 12:55:59,3.2,24.4545,232067072,618603,43968621
2024-08-13 12:56:04,3,24.4545,232067072,618645,43968649
2024-08-13 12:56:09,3,24.4545,232067072,618645,43968649
2024-08-13 12:56:14,0,24.4545,232067072,618843,43968817
2024-08-13 12:56:19,3,24.4446,231972864,618843,43968817
2024-08-13 12:56:25,0,24.4968,232468480,620879,43970877
2024-08-13 12:56:30,3.1,24.6047,233492480,620969,43970953
2024-08-13 12:56:35,28.1,25.4645,241651712,679057,43999495
2024-08-13 12:56:40,3,25.4827,241823744,706543,44013952
2024-08-13 12:56:45,3.1,17.8632,169517056,728218,44031928
2024-08-13 12:56:51,0,17.8977,169844736,728440,44032108
2024-08-13 12:56:56,3,18.0069,170881024,728440,44032108
2024-08-13 12:57:01,3,18.0069,170881024,728710,44032336
2024-08-13 12:57:06,6,18.0341,171139072,728890,44032488
2024-08-13 12:57:12,3.1,18.1701,172429312,728890,44032488
2024-08-13 12:57:17,0,18.1973,172687360,728890,44032488
2024-08-13 12:57:22,3.2,18.2789,173461504,729034,44032610
2024-08-13 12:57:27,0,18.3868,174485504,729076,44032638
2024-08-13 12:57:32,6.1,18.4951,175513600,729076,44032638
