2024-08-13 12:50:41,9.7,17.7975,168894464,167173,27152179
2024-08-13 12:50:46,0,18.659,177070080,292322,43535291
2024-08-13 12:50:51,0,18.7423,177860608,292454,43535395
2024-08-13 12:50:56,0,18.7954,178364416,292454,43535395
2024-08-13 12:51:01,3,18.8498,178880512,292592,43535395
2024-08-13 12:51:07,0,18.8515,178896896,292682,43535471
2024-08-13 12:51:12,3.2,18.8787,179154944,292682,43535471
2024-08-13 12:51:17,3.1,18.877,179138560,292682,43535471
2024-08-13 12:51:22,0,18.877,179138560,292772,43535547
2024-08-13 12:51:27,0,18.877,179138560,292814,43535575
2024-08-13 12:51:33,3.2,18.877,179138560,292814,43535575
2024-08-13 12:51:38,3.1,18.877,179138560,293264,43535955
2024-08-13 12:51:43,3,18.984,180154368,293306,43535983
2024-08-13 12:51:48,3,19.092,181178368,295342,43538043
2024-08-13 12:51:54,3.1,19.092,181178368,295342,43538043
2024-08-13 12:51:59,3,19.092,181178368,295486,43538179
2024-08-13 12:52:04,0,19.0937,181194752,295556,43538179
2024-08-13 12:52:09,0,19.0937,181194752,295556,43538179
2024-08-13 12:52:14,3.2,19.0932,181190656,295646,43538255
2024-08-13 12:52:19,0,19.0932,181190656,295646,43538255
2024-08-13 12:52:25,0,19.0932,181190656,295646,43538255
2024-08-13 12:52:30,3.2,19.0932,181190656,295736,43538331
2024-08-13 12:52:35,0,19.0932,181190656,295778,43538359
2024-08-13 12:52:40,3.2,19.0932,181190656,295910,43538463
2024-08-13 12:52:45,2.9,19.0932,181190656,296270,43538767
2024-08-13 12:52:51,3.2,19.0911,181170176,296270,43538767
2024-08-13 12:52:56,3.1,19.0911,181170176,296270,43538767
2024-08-13 12:53:01,3.1,19.0911,181170176,296498,43538843
2024-08-13 12:53:06,0,19.0911,181170176,296540,43538871
2024-08-13 12:53:11,3.2,19.0911,181170176,296540,43538871
2024-08-13 12:53:17,3.2,19.0911,181170176,296630,43538947
2024-08-13 12:53:22,6.1,19.0911,181170176,296630,43538947
2024-08-13 12:53:27,6,19.0911,181170176,296630,43538947
2024-08-13 12:53:32,0,19.0911,181170176,296720,43539023
2024-08-13 12:53:37,3,19.0911,181170176,296804,43539079
2024-08-13 12:53:43,3,19.117,181415936,296804,43539079
2024-08-13 12:53:48,0,19.2253,182444032,299290,43541519
2024-08-13 12:53:53,0,19.2253,182444032,299290,43541519
2024-08-13 12:53:58,3.1,19.2253,182444032,299290,43541519
2024-08-13 12:54:03,96.6,24.6133,233574400,437425,43625458
2024-08-13 12:54:09,0,24.6802,234209280,578033,43749107
2024-08-13 12:54:14,3.1,24.7061,234455040,578207,43749153
2024-08-13 12:54:19,3.1,24.7061,234455040,578265,43749153
2024-08-13 12:54:24,6,24.7061,234455040,578355,43749229
2024-08-13 12:54:29,0,24.7061,234455040,578413,43749229
2024-08-13 12:54:35,0,24.7052,234446848,578455,43749257
2024-08-13 12:54:40,3.2,24.7052,234446848,578545,43749333
2024-08-13 12:54:45,0,24.7052,234446848,578783,43749361
2024-08-13 12:54:50,6.1,24.7052,234446848,578963,43749513
2024-08-13 12:54:55,70.6,24.7052,234446848,580924,43751128
2024-08-13 12:55:01,3.1,25.2383,239505408,609693,43939823
2024-08-13 12:55:06,0,25.2383,239505408,609693,43939823
2024-08-13 12:55:11,5.8,25.2383,239505408,609783,43939899
2024-08-13 12:55:16,0,25.2383,239505408,609783,43939899
2024-08-13 12:55:21,0,25.2383,239505408,609783,43939899
2024-08-13 12:55:27,3.2,25.2383,239505408,609873,43939975
2024-08-13 12:55:32,5.9,25.2383,239505408,609957,43940031
2024-08-13 12:55:37,0,25.2383,239505408,609957,43940031
2024-08-13 12:55:42,6.1,25.2378,239501312,610047,43940107
2024-08-13 12:55:47,3.2,25.224,239370240,612083,43942167
2024-08-13 12:55:53,3.1,25.2223,239353856,612083,43942167
2024-08-13 12:55:58,3.2,25.2214,239345664,612533,43942547
2024-08-13 12:56:03,5.8,25.2214,239345664,612533,43942547
2024-08-13 12:56:08,6,25.2214,239345664,612533,43942547
2024-08-13 12:56:13,0,25.2214,239345664,612623,43942623
2024-08-13 12:56:19,6,25.2214,239345664,612665,43942651
2024-08-13 12:56:24,0,25.2214,239345664,612665,43942651
2024-08-13 12:56:29,64.3,25.9828,246571008,648942,43958679
2024-08-13 12:56:34,3,16.7211,158679040,719928,44002350
2024-08-13 12:56:39,0,16.9373,160731136,719928,44002350
2024-08-13 12:56:45,0,16.9917,161247232,720066,44002350
2024-08-13 12:56:50,3.2,16.9917,161247232,720156,44002426
2024-08-13 12:56:55,3,17.0189,161505280,720156,44002426
2024-08-13 12:57:00,3.1,17.1544,162791424,720336,44002578
2024-08-13 12:57:05,0,17.1816,163049472,720702,44002926
2024-08-13 12:57:11,0,17.1816,163049472,720929,44003114
