Waiting for an incoming message - Test 1 (inception)
Error while deserializing http message: Error("EOF while parsing a value", line: 1, column: 0)
	Preparing Data...
	Data is ready, starting users and test1
Incepted: u_0 [fM61]
Incepted: u_8 [pOpp]
Incepted: u_5 [cdTp]
Incepted: u_7 [uQel]
Incepted: u_3 [4unK]
Incepted: u_4 [axsG]
Incepted: u_9 [1fTm]
Incepted: u_1 [JIin]
Incepted: u_6 [kiko]
Incepted: u_2 [856o]
	Added [bivQ] as watcher for u_1 [JIin]
	Added [2D85] as watcher for u_8 [pOpp]
	Added [x5MO] as watcher for u_0 [fM61]
	Added [2D85] as watcher for u_7 [uQel]
	Added [jm4C] as watcher for u_5 [cdTp]
	Added [jm4C] as watcher for u_3 [4unK]
	Added [2D85] as watcher for u_6 [kiko]
	Added [2D85] as watcher for u_2 [856o]
	Added [x5MO] as watcher for u_4 [axsG]
	Added [jm4C] as watcher for u_9 [1fTm]
	Added [bivQ] as watcher for u_8 [pOpp]
	Added [2D85] as watcher for u_1 [JIin]
	Added [bivQ] as watcher for u_7 [uQel]
	Added [bivQ] as watcher for u_6 [kiko]
	Added [bivQ] as watcher for u_3 [4unK]
	Added [bivQ] as watcher for u_2 [856o]
	Added [jm4C] as watcher for u_0 [fM61]
	Added [x5MO] as watcher for u_5 [cdTp]
	Added [x5MO] as watcher for u_9 [1fTm]
	Added [x5MO] as watcher for u_8 [pOpp]
	Asking u_8 [pOpp]'s watchers to watch [uxd2]
	Added [jm4C] as watcher for u_4 [axsG]
	Added [x5MO] as watcher for u_3 [4unK]
	Asking u_3 [4unK]'s watchers to watch [uxd2]
	Added [jm4C] as watcher for u_7 [uQel]
	Asking u_7 [uQel]'s watchers to watch [uxd2]
	Added [x5MO] as watcher for u_6 [kiko]
	Asking u_6 [kiko]'s watchers to watch [uxd2]
	Added [x5MO] as watcher for u_2 [856o]
	Asking u_2 [856o]'s watchers to watch [uxd2]
	Added [bivQ] as watcher for u_0 [fM61]
	Asking u_0 [fM61]'s watchers to watch [uxd2]
	Added [jm4C] as watcher for u_1 [JIin]
	Asking u_1 [JIin]'s watchers to watch [uxd2]
	Added [2D85] as watcher for u_5 [cdTp]
	Asking u_5 [cdTp]'s watchers to watch [uxd2]
	Added [bivQ] as watcher for u_9 [1fTm]
	Asking u_9 [1fTm]'s watchers to watch [uxd2]
	Added [2D85] as watcher for u_4 [axsG]
	Asking u_4 [axsG]'s watchers to watch [uxd2]
	✅ u_8 [pOpp] Inception Done
	✅ u_2 [856o] Inception Done
	✅ u_7 [uQel] Inception Done
	✅ u_3 [4unK] Inception Done
	✅ u_6 [kiko] Inception Done
	✅ u_0 [fM61] Inception Done
	✅ u_1 [JIin] Inception Done
	✅ u_5 [cdTp] Inception Done
	✅ u_9 [1fTm] Inception Done
	✅ u_4 [axsG] Inception Done
Test 2 (signature verification)
	✅ u_4 [axsG] Message verified
	✅ u_8 [pOpp] Message verified
	✅ u_1 [JIin] Message verified
	✅ u_7 [uQel] Message verified
	✅ u_3 [4unK] Message verified
	✅ u_2 [856o] Message verified
	✅ u_6 [kiko] Message verified
	✅ u_9 [1fTm] Message verified
	✅ u_0 [fM61] Message verified
	✅ u_5 [cdTp] Message verified
Waiting for an incoming message - Test 3 (signature verification after rotation of issuer)
	✅ u_6 [kiko] Message Verified (2)
	✅ u_0 [fM61] Message Verified (2)
	✅ u_3 [4unK] Message Verified (2)
	✅ u_5 [cdTp] Message Verified (2)
	✅ u_7 [uQel] Message Verified (2)
	✅ u_4 [axsG] Message Verified (2)
	✅ u_9 [1fTm] Message Verified (2)
	✅ u_1 [JIin] Message Verified (2)
	✅ u_2 [856o] Message Verified (2)
	✅ u_8 [pOpp] Message Verified (2)
Waiting for an incoming message - Test 4 (valid acdc credential)
skipped--
Waiting for an incoming message - Test 5 (acdc revocation)
skipped--
Waiting for an incoming message - Test 6
u_1 [JIin] Starts Rotation
u_5 [cdTp] Starts Rotation
u_2 [856o] Starts Rotation
u_7 [uQel] Starts Rotation
u_9 [1fTm] Starts Rotation
u_3 [4unK] Starts Rotation
u_4 [axsG] Starts Rotation
u_6 [kiko] Starts Rotation
u_8 [pOpp] Starts Rotation
u_0 [fM61] Starts Rotation
u_8 [pOpp] Ends Rotation
u_8 [pOpp] - Completed Key Rotation
u_6 [kiko] Ends Rotation
u_6 [kiko] - Completed Key Rotation
u_0 [fM61] Ends Rotation
u_0 [fM61] - Completed Key Rotation
u_7 [uQel] Ends Rotation
u_7 [uQel] - Completed Key Rotation
u_4 [axsG] Ends Rotation
u_4 [axsG] - Completed Key Rotation
u_5 [cdTp] Ends Rotation
u_5 [cdTp] - Completed Key Rotation
u_9 [1fTm] Ends Rotation
u_9 [1fTm] - Completed Key Rotation
u_3 [4unK] Ends Rotation
u_3 [4unK] - Completed Key Rotation
u_2 [856o] Ends Rotation
u_2 [856o] - Completed Key Rotation
u_1 [JIin] Ends Rotation
u_1 [JIin] - Completed Key Rotation
Executed 10 users / 10 success / 0 fail
Test 1: 5264ms (526 p.u.)
Test 2: 1ms (0 p.u.)
Test 3: 684ms (68 p.u.)
Test 4: 2048ms (204 p.u.)
