Waiting for an incoming message - Test 1 (inception)
Error while deserializing http message: Error("EOF while parsing a value", line: 1, column: 0)
	Preparing Data...
	Data is ready, starting users and test1
Incepted: u_3 [5ooE]
Incepted: u_0 [LhX3]
Incepted: u_8 [QhCQ]
Incepted: u_7 [5xyQ]
Incepted: u_2 [Xwjb]
Incepted: u_1 [SKgp]
Incepted: u_5 [Xu90]
Incepted: u_6 [PoGK]
Incepted: u_4 [y6pz]
Incepted: u_9 [k3Ou]
	Added [2D85] as watcher for u_2 [Xwjb]
	Added [x5MO] as watcher for u_3 [5ooE]
	Added [jm4C] as watcher for u_8 [QhCQ]
	Added [2D85] as watcher for u_5 [Xu90]
	Added [x5MO] as watcher for u_1 [SKgp]
	Added [x5MO] as watcher for u_7 [5xyQ]
	Added [2D85] as watcher for u_4 [y6pz]
	Added [bivQ] as watcher for u_0 [LhX3]
	Added [x5MO] as watcher for u_9 [k3Ou]
	Added [2D85] as watcher for u_3 [5ooE]
	Added [bivQ] as watcher for u_6 [PoGK]
	Added [x5MO] as watcher for u_8 [QhCQ]
	Added [jm4C] as watcher for u_2 [Xwjb]
	Added [2D85] as watcher for u_1 [SKgp]
	Added [x5MO] as watcher for u_4 [y6pz]
	Added [jm4C] as watcher for u_5 [Xu90]
	Added [jm4C] as watcher for u_0 [LhX3]
	Added [2D85] as watcher for u_9 [k3Ou]
	Added [bivQ] as watcher for u_7 [5xyQ]
	Added [2D85] as watcher for u_8 [QhCQ]
	Asking u_8 [QhCQ]'s watchers to watch [uxd2]
	Added [2D85] as watcher for u_6 [PoGK]
	Added [jm4C] as watcher for u_3 [5ooE]
	Asking u_3 [5ooE]'s watchers to watch [uxd2]
	Added [bivQ] as watcher for u_1 [SKgp]
	Asking u_1 [SKgp]'s watchers to watch [uxd2]
	Added [jm4C] as watcher for u_4 [y6pz]
	Asking u_4 [y6pz]'s watchers to watch [uxd2]
	Added [x5MO] as watcher for u_0 [LhX3]
	Asking u_0 [LhX3]'s watchers to watch [uxd2]
	Added [x5MO] as watcher for u_5 [Xu90]
	Asking u_5 [Xu90]'s watchers to watch [uxd2]
	Added [jm4C] as watcher for u_7 [5xyQ]
	Asking u_7 [5xyQ]'s watchers to watch [uxd2]
	Added [jm4C] as watcher for u_9 [k3Ou]
	Asking u_9 [k3Ou]'s watchers to watch [uxd2]
	Added [bivQ] as watcher for u_2 [Xwjb]
	Asking u_2 [Xwjb]'s watchers to watch [uxd2]
	Added [x5MO] as watcher for u_6 [PoGK]
	Asking u_6 [PoGK]'s watchers to watch [uxd2]
	✅ u_8 [QhCQ] Inception Done
	✅ u_3 [5ooE] Inception Done
	✅ u_1 [SKgp] Inception Done
	✅ u_9 [k3Ou] Inception Done
	✅ u_0 [LhX3] Inception Done
	✅ u_4 [y6pz] Inception Done
	✅ u_5 [Xu90] Inception Done
	✅ u_7 [5xyQ] Inception Done
	✅ u_2 [Xwjb] Inception Done
	✅ u_6 [PoGK] Inception Done
Test 2 (signature verification)
	✅ u_6 [PoGK] Message verified
	✅ u_7 [5xyQ] Message verified
	✅ u_0 [LhX3] Message verified
	✅ u_1 [SKgp] Message verified
	✅ u_9 [k3Ou] Message verified
	✅ u_5 [Xu90] Message verified
	✅ u_8 [QhCQ] Message verified
	✅ u_4 [y6pz] Message verified
	✅ u_2 [Xwjb] Message verified
	✅ u_3 [5ooE] Message verified
Waiting for an incoming message - Test 3 (signature verification after rotation of issuer)
	✅ u_3 [5ooE] Message Verified (2)
	✅ u_5 [Xu90] Message Verified (2)
	✅ u_2 [Xwjb] Message Verified (2)
	✅ u_4 [y6pz] Message Verified (2)
	✅ u_9 [k3Ou] Message Verified (2)
	✅ u_0 [LhX3] Message Verified (2)
	✅ u_8 [QhCQ] Message Verified (2)
	✅ u_6 [PoGK] Message Verified (2)
	✅ u_7 [5xyQ] Message Verified (2)
	✅ u_1 [SKgp] Message Verified (2)
Waiting for an incoming message - Test 4 (valid acdc credential)
skipped--
Waiting for an incoming message - Test 5 (acdc revocation)
skipped--
Waiting for an incoming message - Test 6
u_1 [SKgp] Starts Rotation
u_5 [Xu90] Starts Rotation
u_4 [y6pz] Starts Rotation
u_7 [5xyQ] Starts Rotation
u_8 [QhCQ] Starts Rotation
u_2 [Xwjb] Starts Rotation
u_9 [k3Ou] Starts Rotation
u_6 [PoGK] Starts Rotation
u_3 [5ooE] Starts Rotation
u_0 [LhX3] Starts Rotation
u_7 [5xyQ] Ends Rotation
u_7 [5xyQ] - Completed Key Rotation
u_8 [QhCQ] Ends Rotation
u_8 [QhCQ] - Completed Key Rotation
u_5 [Xu90] Ends Rotation
u_5 [Xu90] - Completed Key Rotation
u_4 [y6pz] Ends Rotation
u_4 [y6pz] - Completed Key Rotation
u_6 [PoGK] Ends Rotation
u_6 [PoGK] - Completed Key Rotation
u_3 [5ooE] Ends Rotation
u_3 [5ooE] - Completed Key Rotation
u_2 [Xwjb] Ends Rotation
u_2 [Xwjb] - Completed Key Rotation
u_9 [k3Ou] Ends Rotation
u_9 [k3Ou] - Completed Key Rotation
u_1 [SKgp] Ends Rotation
u_1 [SKgp] - Completed Key Rotation
u_0 [LhX3] Ends Rotation
u_0 [LhX3] - Completed Key Rotation
Executed 10 users / 10 success / 0 fail
Test 1: 4929ms (492 p.u.)
Test 2: 2ms (0 p.u.)
Test 3: 778ms (77 p.u.)
Test 4: 2585ms (258 p.u.)
