Waiting for an incoming message - Test 1 (inception)
Error while deserializing http message: Error("EOF while parsing a value", line: 1, column: 0)
	Preparing Data...
	Data is ready, starting users and test1
Incepted: u_8 [_7sZ]
Incepted: u_6 [MNNQ]
Incepted: u_7 [K2AV]
Incepted: u_9 [lZub]
Incepted: u_1 [1bw9]
Incepted: u_4 [uyM-]
Incepted: u_0 [NUw9]
Incepted: u_3 [txkQ]
Incepted: u_2 [5EEV]
Incepted: u_5 [jiYu]
	Added [2D85] as watcher for u_8 [_7sZ]
	Added [2D85] as watcher for u_7 [K2AV]
	Added [2D85] as watcher for u_1 [1bw9]
	Added [jm4C] as watcher for u_9 [lZub]
	Added [jm4C] as watcher for u_0 [NUw9]
	Added [bivQ] as watcher for u_6 [MNNQ]
	Added [jm4C] as watcher for u_3 [txkQ]
	Added [x5MO] as watcher for u_5 [jiYu]
	Added [x5MO] as watcher for u_2 [5EEV]
	Added [bivQ] as watcher for u_4 [uyM-]
	Added [x5MO] as watcher for u_0 [NUw9]
	Added [bivQ] as watcher for u_8 [_7sZ]
	Added [jm4C] as watcher for u_6 [MNNQ]
	Added [2D85] as watcher for u_5 [jiYu]
	Added [bivQ] as watcher for u_1 [1bw9]
	Added [2D85] as watcher for u_2 [5EEV]
	Added [bivQ] as watcher for u_7 [K2AV]
	Added [2D85] as watcher for u_4 [uyM-]
	Added [bivQ] as watcher for u_3 [txkQ]
	Added [bivQ] as watcher for u_9 [lZub]
	Added [jm4C] as watcher for u_8 [_7sZ]
	Asking u_8 [_7sZ]'s watchers to watch [uxd2]
	Added [jm4C] as watcher for u_5 [jiYu]
	Asking u_5 [jiYu]'s watchers to watch [uxd2]
	Added [2D85] as watcher for u_0 [NUw9]
	Asking u_0 [NUw9]'s watchers to watch [uxd2]
	Added [jm4C] as watcher for u_1 [1bw9]
	Asking u_1 [1bw9]'s watchers to watch [uxd2]
	Added [2D85] as watcher for u_6 [MNNQ]
	Asking u_6 [MNNQ]'s watchers to watch [uxd2]
	Added [x5MO] as watcher for u_7 [K2AV]
	Asking u_7 [K2AV]'s watchers to watch [uxd2]
	Added [x5MO] as watcher for u_3 [txkQ]
	Asking u_3 [txkQ]'s watchers to watch [uxd2]
	Added [x5MO] as watcher for u_4 [uyM-]
	Asking u_4 [uyM-]'s watchers to watch [uxd2]
	Added [2D85] as watcher for u_9 [lZub]
	Asking u_9 [lZub]'s watchers to watch [uxd2]
	Added [bivQ] as watcher for u_2 [5EEV]
	Asking u_2 [5EEV]'s watchers to watch [uxd2]
	✅ u_5 [jiYu] Inception Done
	✅ u_8 [_7sZ] Inception Done
	✅ u_1 [1bw9] Inception Done
	✅ u_7 [K2AV] Inception Done
	✅ u_6 [MNNQ] Inception Done
	✅ u_0 [NUw9] Inception Done
	✅ u_3 [txkQ] Inception Done
	✅ u_9 [lZub] Inception Done
	✅ u_4 [uyM-] Inception Done
	✅ u_2 [5EEV] Inception Done
Test 2 (signature verification)
	✅ u_2 [5EEV] Message verified
	✅ u_4 [uyM-] Message verified
	✅ u_3 [txkQ] Message verified
	✅ u_8 [_7sZ] Message verified
	✅ u_0 [NUw9] Message verified
	✅ u_1 [1bw9] Message verified
	✅ u_5 [jiYu] Message verified
	✅ u_7 [K2AV] Message verified
	✅ u_6 [MNNQ] Message verified
	✅ u_9 [lZub] Message verified
Waiting for an incoming message - Test 3 (signature verification after rotation of issuer)
	✅ u_9 [lZub] Message Verified (2)
	✅ u_3 [txkQ] Message Verified (2)
	✅ u_6 [MNNQ] Message Verified (2)
	✅ u_5 [jiYu] Message Verified (2)
	✅ u_7 [K2AV] Message Verified (2)
	✅ u_4 [uyM-] Message Verified (2)
	✅ u_1 [1bw9] Message Verified (2)
	✅ u_8 [_7sZ] Message Verified (2)
	✅ u_2 [5EEV] Message Verified (2)
	✅ u_0 [NUw9] Message Verified (2)
Waiting for an incoming message - Test 4 (valid acdc credential)
skipped--
Waiting for an incoming message - Test 5 (acdc revocation)
skipped--
Waiting for an incoming message - Test 6
u_0 [NUw9] Starts Rotation
u_9 [lZub] Starts Rotation
u_4 [uyM-] Starts Rotation
u_6 [MNNQ] Starts Rotation
u_2 [5EEV] Starts Rotation
u_8 [_7sZ] Starts Rotation
u_7 [K2AV] Starts Rotation
u_5 [jiYu] Starts Rotation
u_1 [1bw9] Starts Rotation
u_3 [txkQ] Starts Rotation
u_8 [_7sZ] Ends Rotation
u_8 [_7sZ] - Completed Key Rotation
u_4 [uyM-] Ends Rotation
u_4 [uyM-] - Completed Key Rotation
u_2 [5EEV] Ends Rotation
u_2 [5EEV] - Completed Key Rotation
u_6 [MNNQ] Ends Rotation
u_6 [MNNQ] - Completed Key Rotation
u_7 [K2AV] Ends Rotation
u_7 [K2AV] - Completed Key Rotation
u_0 [NUw9] Ends Rotation
u_0 [NUw9] - Completed Key Rotation
u_1 [1bw9] Ends Rotation
u_1 [1bw9] - Completed Key Rotation
u_5 [jiYu] Ends Rotation
u_5 [jiYu] - Completed Key Rotation
u_3 [txkQ] Ends Rotation
u_3 [txkQ] - Completed Key Rotation
u_9 [lZub] Ends Rotation
u_9 [lZub] - Completed Key Rotation
Executed 10 users / 10 success / 0 fail
Test 1: 5879ms (587 p.u.)
Test 2: 1ms (0 p.u.)
Test 3: 882ms (88 p.u.)
Test 4: 2231ms (223 p.u.)
