Waiting for an incoming message - Test 1 (inception)
Error while deserializing http message: Error("EOF while parsing a value", line: 1, column: 0)
	Preparing Data...
	Data is ready, starting users and test1
Incepted: u_2 [qYSo]
Incepted: u_9 [NDk5]
Incepted: u_3 [GPpy]
Incepted: u_7 [btXp]
Incepted: u_8 [8ZW_]
Incepted: u_1 [-jLz]
Incepted: u_6 [kz8s]
Incepted: u_0 [tVDw]
Incepted: u_5 [Oy9J]
Incepted: u_4 [Ztdl]
	Added [2D85] as watcher for u_9 [NDk5]
	Added [jm4C] as watcher for u_7 [btXp]
	Added [2D85] as watcher for u_3 [GPpy]
	Added [jm4C] as watcher for u_5 [Oy9J]
	Added [2D85] as watcher for u_2 [qYSo]
	Added [2D85] as watcher for u_6 [kz8s]
	Added [2D85] as watcher for u_8 [8ZW_]
	Added [x5MO] as watcher for u_1 [-jLz]
	Added [x5MO] as watcher for u_0 [tVDw]
	Added [bivQ] as watcher for u_4 [Ztdl]
	Added [jm4C] as watcher for u_9 [NDk5]
	Added [x5MO] as watcher for u_2 [qYSo]
	Added [jm4C] as watcher for u_3 [GPpy]
	Added [bivQ] as watcher for u_7 [btXp]
	Added [bivQ] as watcher for u_1 [-jLz]
	Added [x5MO] as watcher for u_6 [kz8s]
	Added [bivQ] as watcher for u_0 [tVDw]
	Added [bivQ] as watcher for u_5 [Oy9J]
	Added [2D85] as watcher for u_4 [Ztdl]
	Added [jm4C] as watcher for u_8 [8ZW_]
	Added [2D85] as watcher for u_1 [-jLz]
	Asking u_1 [-jLz]'s watchers to watch [uxd2]
	Added [2D85] as watcher for u_7 [btXp]
	Asking u_7 [btXp]'s watchers to watch [uxd2]
	Added [bivQ] as watcher for u_3 [GPpy]
	Asking u_3 [GPpy]'s watchers to watch [uxd2]
	Added [bivQ] as watcher for u_2 [qYSo]
	Asking u_2 [qYSo]'s watchers to watch [uxd2]
	Added [x5MO] as watcher for u_9 [NDk5]
	Asking u_9 [NDk5]'s watchers to watch [uxd2]
	Added [jm4C] as watcher for u_6 [kz8s]
	Asking u_6 [kz8s]'s watchers to watch [uxd2]
	Added [jm4C] as watcher for u_0 [tVDw]
	Asking u_0 [tVDw]'s watchers to watch [uxd2]
	Added [2D85] as watcher for u_5 [Oy9J]
	Asking u_5 [Oy9J]'s watchers to watch [uxd2]
	Added [jm4C] as watcher for u_4 [Ztdl]
	Asking u_4 [Ztdl]'s watchers to watch [uxd2]
	Added [x5MO] as watcher for u_8 [8ZW_]
	Asking u_8 [8ZW_]'s watchers to watch [uxd2]
	✅ u_1 [-jLz] Inception Done
	✅ u_2 [qYSo] Inception Done
	✅ u_7 [btXp] Inception Done
	✅ u_3 [GPpy] Inception Done
	✅ u_6 [kz8s] Inception Done
	✅ u_9 [NDk5] Inception Done
	✅ u_5 [Oy9J] Inception Done
	✅ u_0 [tVDw] Inception Done
	✅ u_4 [Ztdl] Inception Done
	✅ u_8 [8ZW_] Inception Done
Test 2 (signature verification)
	✅ u_8 [8ZW_] Message verified
	✅ u_1 [-jLz] Message verified
	✅ u_7 [btXp] Message verified
	✅ u_3 [GPpy] Message verified
	✅ u_5 [Oy9J] Message verified
	✅ u_6 [kz8s] Message verified
	✅ u_0 [tVDw] Message verified
	✅ u_4 [Ztdl] Message verified
	✅ u_9 [NDk5] Message verified
	✅ u_2 [qYSo] Message verified
Waiting for an incoming message - Test 3 (signature verification after rotation of issuer)
	✅ u_1 [-jLz] Message Verified (2)
	✅ u_7 [btXp] Message Verified (2)
	✅ u_9 [NDk5] Message Verified (2)
	✅ u_5 [Oy9J] Message Verified (2)
	✅ u_6 [kz8s] Message Verified (2)
	✅ u_0 [tVDw] Message Verified (2)
	✅ u_8 [8ZW_] Message Verified (2)
	✅ u_3 [GPpy] Message Verified (2)
	✅ u_4 [Ztdl] Message Verified (2)
	✅ u_2 [qYSo] Message Verified (2)
Waiting for an incoming message - Test 4 (valid acdc credential)
skipped--
Waiting for an incoming message - Test 5 (acdc revocation)
skipped--
Waiting for an incoming message - Test 6
u_2 [qYSo] Starts Rotation
u_8 [8ZW_] Starts Rotation
u_6 [kz8s] Starts Rotation
u_3 [GPpy] Starts Rotation
u_0 [tVDw] Starts Rotation
u_1 [-jLz] Starts Rotation
u_5 [Oy9J] Starts Rotation
u_7 [btXp] Starts Rotation
u_4 [Ztdl] Starts Rotation
u_9 [NDk5] Starts Rotation
u_8 [8ZW_] Ends Rotation
u_8 [8ZW_] - Completed Key Rotation
u_3 [GPpy] Ends Rotation
u_3 [GPpy] - Completed Key Rotation
u_6 [kz8s] Ends Rotation
u_6 [kz8s] - Completed Key Rotation
u_5 [Oy9J] Ends Rotation
u_5 [Oy9J] - Completed Key Rotation
u_2 [qYSo] Ends Rotation
u_2 [qYSo] - Completed Key Rotation
u_4 [Ztdl] Ends Rotation
u_4 [Ztdl] - Completed Key Rotation
u_7 [btXp] Ends Rotation
u_7 [btXp] - Completed Key Rotation
u_1 [-jLz] Ends Rotation
u_1 [-jLz] - Completed Key Rotation
u_0 [tVDw] Ends Rotation
u_0 [tVDw] - Completed Key Rotation
u_9 [NDk5] Ends Rotation
u_9 [NDk5] - Completed Key Rotation
Executed 10 users / 10 success / 0 fail
Test 1: 5560ms (556 p.u.)
Test 2: 1ms (0 p.u.)
Test 3: 704ms (70 p.u.)
Test 4: 2129ms (212 p.u.)
