Waiting for an incoming message - Test 1 (inception)
Error while deserializing http message: Error("EOF while parsing a value", line: 1, column: 0)
	Preparing Data...
	Data is ready, starting users and test1
Incepted: u_8 [c7vw]
Incepted: u_4 [gcI3]
Incepted: u_5 [mUrt]
Incepted: u_2 [Ba8V]
Incepted: u_9 [RmRZ]
Incepted: u_7 [Pl65]
Incepted: u_0 [ZP4O]
Incepted: u_6 [0XWQ]
Incepted: u_1 [1vru]
Incepted: u_3 [Ij1V]
	Added [jm4C] as watcher for u_8 [c7vw]
	Added [2D85] as watcher for u_5 [mUrt]
	Added [bivQ] as watcher for u_3 [Ij1V]
	Added [jm4C] as watcher for u_2 [Ba8V]
	Added [jm4C] as watcher for u_4 [gcI3]
	Added [x5MO] as watcher for u_9 [RmRZ]
	Added [jm4C] as watcher for u_0 [ZP4O]
	Added [2D85] as watcher for u_1 [1vru]
	Added [2D85] as watcher for u_6 [0XWQ]
	Added [jm4C] as watcher for u_7 [Pl65]
	Added [bivQ] as watcher for u_9 [RmRZ]
	Added [2D85] as watcher for u_8 [c7vw]
	Added [x5MO] as watcher for u_5 [mUrt]
	Added [2D85] as watcher for u_2 [Ba8V]
	Added [bivQ] as watcher for u_1 [1vru]
	Added [2D85] as watcher for u_4 [gcI3]
	Added [bivQ] as watcher for u_0 [ZP4O]
	Added [jm4C] as watcher for u_3 [Ij1V]
	Added [x5MO] as watcher for u_6 [0XWQ]
	Added [2D85] as watcher for u_7 [Pl65]
	Added [x5MO] as watcher for u_8 [c7vw]
	Asking u_8 [c7vw]'s watchers to watch [SbRf]
	Added [x5MO] as watcher for u_2 [Ba8V]
	Asking u_2 [Ba8V]'s watchers to watch [SbRf]
	Added [x5MO] as watcher for u_4 [gcI3]
	Asking u_4 [gcI3]'s watchers to watch [SbRf]
	Added [jm4C] as watcher for u_9 [RmRZ]
	Asking u_9 [RmRZ]'s watchers to watch [SbRf]
	Added [jm4C] as watcher for u_5 [mUrt]
	Asking u_5 [mUrt]'s watchers to watch [SbRf]
	Added [2D85] as watcher for u_0 [ZP4O]
	Asking u_0 [ZP4O]'s watchers to watch [SbRf]
	Added [x5MO] as watcher for u_3 [Ij1V]
	Asking u_3 [Ij1V]'s watchers to watch [SbRf]
	Added [jm4C] as watcher for u_1 [1vru]
	Asking u_1 [1vru]'s watchers to watch [SbRf]
	Added [x5MO] as watcher for u_7 [Pl65]
	Asking u_7 [Pl65]'s watchers to watch [SbRf]
	Added [jm4C] as watcher for u_6 [0XWQ]
	Asking u_6 [0XWQ]'s watchers to watch [SbRf]
	✅ u_9 [RmRZ] Inception Done
	✅ u_3 [Ij1V] Inception Done
	✅ u_8 [c7vw] Inception Done
	✅ u_0 [ZP4O] Inception Done
	✅ u_2 [Ba8V] Inception Done
	✅ u_4 [gcI3] Inception Done
	✅ u_5 [mUrt] Inception Done
	✅ u_1 [1vru] Inception Done
	✅ u_7 [Pl65] Inception Done
	✅ u_6 [0XWQ] Inception Done
Test 2 (signature verification)
	✅ u_7 [Pl65] Message verified
	✅ u_6 [0XWQ] Message verified
	✅ u_3 [Ij1V] Message verified
	✅ u_2 [Ba8V] Message verified
	✅ u_9 [RmRZ] Message verified
	✅ u_8 [c7vw] Message verified
	✅ u_5 [mUrt] Message verified
	✅ u_4 [gcI3] Message verified
	✅ u_1 [1vru] Message verified
	✅ u_0 [ZP4O] Message verified
Waiting for an incoming message - Test 3 (signature verification after rotation of issuer)
	✅ u_2 [Ba8V] Message Verified (2)
	✅ u_5 [mUrt] Message Verified (2)
	✅ u_4 [gcI3] Message Verified (2)
	✅ u_6 [0XWQ] Message Verified (2)
	✅ u_3 [Ij1V] Message Verified (2)
	✅ u_9 [RmRZ] Message Verified (2)
	✅ u_0 [ZP4O] Message Verified (2)
	✅ u_1 [1vru] Message Verified (2)
	✅ u_8 [c7vw] Message Verified (2)
	✅ u_7 [Pl65] Message Verified (2)
Waiting for an incoming message - Test 4 (valid acdc credential)
skipped--
Waiting for an incoming message - Test 5 (acdc revocation)
skipped--
Waiting for an incoming message - Test 6
u_7 [Pl65] Starts Rotation
u_8 [c7vw] Starts Rotation
u_4 [gcI3] Starts Rotation
u_0 [ZP4O] Starts Rotation
u_1 [1vru] Starts Rotation
u_3 [Ij1V] Starts Rotation
u_6 [0XWQ] Starts Rotation
u_9 [RmRZ] Starts Rotation
u_2 [Ba8V] Starts Rotation
u_5 [mUrt] Starts Rotation
u_8 [c7vw] Ends Rotation
u_8 [c7vw] - Completed Key Rotation
u_4 [gcI3] Ends Rotation
u_4 [gcI3] - Completed Key Rotation
u_0 [ZP4O] Ends Rotation
u_0 [ZP4O] - Completed Key Rotation
u_2 [Ba8V] Ends Rotation
u_2 [Ba8V] - Completed Key Rotation
u_5 [mUrt] Ends Rotation
u_5 [mUrt] - Completed Key Rotation
u_3 [Ij1V] Ends Rotation
u_3 [Ij1V] - Completed Key Rotation
u_1 [1vru] Ends Rotation
u_1 [1vru] - Completed Key Rotation
u_6 [0XWQ] Ends Rotation
u_6 [0XWQ] - Completed Key Rotation
u_9 [RmRZ] Ends Rotation
u_9 [RmRZ] - Completed Key Rotation
u_7 [Pl65] Ends Rotation
u_7 [Pl65] - Completed Key Rotation
Executed 10 users / 10 success / 0 fail
Test 1: 6886ms (688 p.u.)
Test 2: 1ms (0 p.u.)
Test 3: 709ms (70 p.u.)
Test 4: 3772ms (377 p.u.)
