Waiting for an incoming message - Test 1 (inception)
Error while deserializing http message: Error("EOF while parsing a value", line: 1, column: 0)
	Preparing Data...
	Data is ready, starting users and test1
Incepted: u_0 [DfQc]
Incepted: u_7 [owCm]
Incepted: u_9 [_h5B]
Incepted: u_2 [S5cr]
Incepted: u_6 [9Gar]
Incepted: u_8 [6IyZ]
Incepted: u_3 [Pwh3]
Incepted: u_1 [R6Jh]
Incepted: u_5 [lYHC]
	Added [2D85] as watcher for u_7 [owCm]
Incepted: u_4 [QZcl]
	Added [2D85] as watcher for u_2 [S5cr]
	Added [jm4C] as watcher for u_0 [DfQc]
	Added [jm4C] as watcher for u_9 [_h5B]
	Added [bivQ] as watcher for u_3 [Pwh3]
	Added [x5MO] as watcher for u_8 [6IyZ]
	Added [bivQ] as watcher for u_6 [9Gar]
	Added [bivQ] as watcher for u_5 [lYHC]
	Added [bivQ] as watcher for u_1 [R6Jh]
	Added [2D85] as watcher for u_4 [QZcl]
	Added [bivQ] as watcher for u_7 [owCm]
	Added [x5MO] as watcher for u_0 [DfQc]
	Added [x5MO] as watcher for u_3 [Pwh3]
	Added [bivQ] as watcher for u_2 [S5cr]
	Added [2D85] as watcher for u_8 [6IyZ]
	Added [bivQ] as watcher for u_9 [_h5B]
	Added [jm4C] as watcher for u_6 [9Gar]
	Added [jm4C] as watcher for u_1 [R6Jh]
	Added [x5MO] as watcher for u_5 [lYHC]
	Added [x5MO] as watcher for u_7 [owCm]
	Asking u_7 [owCm]'s watchers to watch [SbRf]
	Added [2D85] as watcher for u_0 [DfQc]
	Asking u_0 [DfQc]'s watchers to watch [SbRf]
	Added [bivQ] as watcher for u_4 [QZcl]
	Added [2D85] as watcher for u_3 [Pwh3]
	Asking u_3 [Pwh3]'s watchers to watch [SbRf]
	Added [2D85] as watcher for u_5 [lYHC]
	Asking u_5 [lYHC]'s watchers to watch [SbRf]
	Added [jm4C] as watcher for u_2 [S5cr]
	Asking u_2 [S5cr]'s watchers to watch [SbRf]
	Added [2D85] as watcher for u_6 [9Gar]
	Asking u_6 [9Gar]'s watchers to watch [SbRf]
	Added [jm4C] as watcher for u_8 [6IyZ]
	Asking u_8 [6IyZ]'s watchers to watch [SbRf]
	Added [x5MO] as watcher for u_9 [_h5B]
	Asking u_9 [_h5B]'s watchers to watch [SbRf]
	Added [x5MO] as watcher for u_1 [R6Jh]
	Asking u_1 [R6Jh]'s watchers to watch [SbRf]
	Added [jm4C] as watcher for u_4 [QZcl]
	Asking u_4 [QZcl]'s watchers to watch [SbRf]
	✅ u_7 [owCm] Inception Done
	✅ u_5 [lYHC] Inception Done
	✅ u_0 [DfQc] Inception Done
	✅ u_3 [Pwh3] Inception Done
	✅ u_8 [6IyZ] Inception Done
	✅ u_2 [S5cr] Inception Done
	✅ u_1 [R6Jh] Inception Done
	✅ u_9 [_h5B] Inception Done
	✅ u_6 [9Gar] Inception Done
	✅ u_4 [QZcl] Inception Done
Test 2 (signature verification)
	✅ u_4 [QZcl] Message verified
	✅ u_6 [9Gar] Message verified
	✅ u_5 [lYHC] Message verified
	✅ u_2 [S5cr] Message verified
	✅ u_8 [6IyZ] Message verified
	✅ u_1 [R6Jh] Message verified
	✅ u_7 [owCm] Message verified
	✅ u_9 [_h5B] Message verified
	✅ u_0 [DfQc] Message verified
	✅ u_3 [Pwh3] Message verified
Waiting for an incoming message - Test 3 (signature verification after rotation of issuer)
	✅ u_6 [9Gar] Message Verified (2)
	✅ u_8 [6IyZ] Message Verified (2)
	✅ u_2 [S5cr] Message Verified (2)
	✅ u_3 [Pwh3] Message Verified (2)
	✅ u_0 [DfQc] Message Verified (2)
	✅ u_7 [owCm] Message Verified (2)
	✅ u_4 [QZcl] Message Verified (2)
	✅ u_5 [lYHC] Message Verified (2)
	✅ u_1 [R6Jh] Message Verified (2)
	✅ u_9 [_h5B] Message Verified (2)
Waiting for an incoming message - Test 4 (valid acdc credential)
skipped--
Waiting for an incoming message - Test 5 (acdc revocation)
skipped--
Waiting for an incoming message - Test 6
u_9 [_h5B] Starts Rotation
u_4 [QZcl] Starts Rotation
u_2 [S5cr] Starts Rotation
u_0 [DfQc] Starts Rotation
u_6 [9Gar] Starts Rotation
u_1 [R6Jh] Starts Rotation
u_5 [lYHC] Starts Rotation
u_7 [owCm] Starts Rotation
u_3 [Pwh3] Starts Rotation
u_8 [6IyZ] Starts Rotation
u_5 [lYHC] Ends Rotation
u_5 [lYHC] - Completed Key Rotation
u_9 [_h5B] Ends Rotation
u_9 [_h5B] - Completed Key Rotation
u_3 [Pwh3] Ends Rotation
u_3 [Pwh3] - Completed Key Rotation
u_8 [6IyZ] Ends Rotation
u_8 [6IyZ] - Completed Key Rotation
u_1 [R6Jh] Ends Rotation
u_1 [R6Jh] - Completed Key Rotation
u_0 [DfQc] Ends Rotation
u_0 [DfQc] - Completed Key Rotation
u_6 [9Gar] Ends Rotation
u_6 [9Gar] - Completed Key Rotation
u_7 [owCm] Ends Rotation
u_7 [owCm] - Completed Key Rotation
u_4 [QZcl] Ends Rotation
u_4 [QZcl] - Completed Key Rotation
u_2 [S5cr] Ends Rotation
u_2 [S5cr] - Completed Key Rotation
Executed 10 users / 10 success / 0 fail
Test 1: 11319ms (1131 p.u.)
Test 2: 1ms (0 p.u.)
Test 3: 1148ms (114 p.u.)
Test 4: 5578ms (557 p.u.)
