Waiting for an incoming message - Test 1 (inception)
Error while deserializing http message: Error("EOF while parsing a value", line: 1, column: 0)
	Preparing Data...
	Data is ready, starting users and test1
Incepted: u_3 [iNl9]
Incepted: u_7 [qhjz]
Incepted: u_6 [1hML]
Incepted: u_1 [rGx8]
Incepted: u_8 [kXhV]
Incepted: u_4 [cM9p]
Incepted: u_5 [Q5It]
Incepted: u_0 [_Cg9]
Incepted: u_9 [DdZV]
Incepted: u_2 [5-jo]
	Added [2D85] as watcher for u_3 [iNl9]
	Added [x5MO] as watcher for u_7 [qhjz]
	Added [2D85] as watcher for u_6 [1hML]
	Added [2D85] as watcher for u_4 [cM9p]
	Added [x5MO] as watcher for u_1 [rGx8]
	Added [x5MO] as watcher for u_8 [kXhV]
	Added [2D85] as watcher for u_5 [Q5It]
	Added [jm4C] as watcher for u_9 [DdZV]
	Added [jm4C] as watcher for u_0 [_Cg9]
	Added [jm4C] as watcher for u_2 [5-jo]
	Added [bivQ] as watcher for u_8 [kXhV]
	Added [x5MO] as watcher for u_3 [iNl9]
	Added [2D85] as watcher for u_7 [qhjz]
	Added [x5MO] as watcher for u_6 [1hML]
	Added [x5MO] as watcher for u_4 [cM9p]
	Added [jm4C] as watcher for u_1 [rGx8]
	Added [x5MO] as watcher for u_5 [Q5It]
	Added [bivQ] as watcher for u_7 [qhjz]
	Asking u_7 [qhjz]'s watchers to watch [jhmk]
	Added [2D85] as watcher for u_9 [DdZV]
	Added [2D85] as watcher for u_0 [_Cg9]
	Added [bivQ] as watcher for u_4 [cM9p]
	Asking u_4 [cM9p]'s watchers to watch [jhmk]
	Added [2D85] as watcher for u_2 [5-jo]
	Added [jm4C] as watcher for u_3 [iNl9]
	Asking u_3 [iNl9]'s watchers to watch [jhmk]
	Added [jm4C] as watcher for u_8 [kXhV]
	Asking u_8 [kXhV]'s watchers to watch [jhmk]
	Added [bivQ] as watcher for u_1 [rGx8]
	Asking u_1 [rGx8]'s watchers to watch [jhmk]
	Added [bivQ] as watcher for u_5 [Q5It]
	Asking u_5 [Q5It]'s watchers to watch [jhmk]
	Added [jm4C] as watcher for u_6 [1hML]
	Asking u_6 [1hML]'s watchers to watch [jhmk]
	Added [x5MO] as watcher for u_9 [DdZV]
	Asking u_9 [DdZV]'s watchers to watch [jhmk]
	Added [x5MO] as watcher for u_0 [_Cg9]
	Asking u_0 [_Cg9]'s watchers to watch [jhmk]
	Added [x5MO] as watcher for u_2 [5-jo]
	Asking u_2 [5-jo]'s watchers to watch [jhmk]
	✅ u_7 [qhjz] Inception Done
	✅ u_4 [cM9p] Inception Done
	✅ u_1 [rGx8] Inception Done
	✅ u_3 [iNl9] Inception Done
	✅ u_8 [kXhV] Inception Done
	✅ u_5 [Q5It] Inception Done
	✅ u_6 [1hML] Inception Done
	✅ u_9 [DdZV] Inception Done
	✅ u_0 [_Cg9] Inception Done
	✅ u_2 [5-jo] Inception Done
Test 2 (signature verification)
	✅ u_2 [5-jo] Message verified
	✅ u_4 [cM9p] Message verified
	✅ u_5 [Q5It] Message verified
	✅ u_3 [iNl9] Message verified
	✅ u_8 [kXhV] Message verified
	✅ u_1 [rGx8] Message verified
	✅ u_6 [1hML] Message verified
	✅ u_0 [_Cg9] Message verified
	✅ u_9 [DdZV] Message verified
	✅ u_7 [qhjz] Message verified
Waiting for an incoming message - Test 3 (signature verification after rotation of issuer)
	✅ u_7 [qhjz] Message Verified (2)
	✅ u_4 [cM9p] Message Verified (2)
	✅ u_6 [1hML] Message Verified (2)
	✅ u_0 [_Cg9] Message Verified (2)
	✅ u_8 [kXhV] Message Verified (2)
	✅ u_3 [iNl9] Message Verified (2)
	✅ u_9 [DdZV] Message Verified (2)
	✅ u_1 [rGx8] Message Verified (2)
	✅ u_5 [Q5It] Message Verified (2)
	✅ u_2 [5-jo] Message Verified (2)
Waiting for an incoming message - Test 4 (valid acdc credential)
skipped--
Waiting for an incoming message - Test 5 (acdc revocation)
skipped--
Waiting for an incoming message - Test 6
u_6 [1hML] Starts Rotation
u_8 [kXhV] Starts Rotation
u_5 [Q5It] Starts Rotation
u_9 [DdZV] Starts Rotation
u_4 [cM9p] Starts Rotation
u_3 [iNl9] Starts Rotation
u_2 [5-jo] Starts Rotation
u_1 [rGx8] Starts Rotation
u_0 [_Cg9] Starts Rotation
u_7 [qhjz] Starts Rotation
u_1 [rGx8] Ends Rotation
u_1 [rGx8] - Completed Key Rotation
u_3 [iNl9] Ends Rotation
u_3 [iNl9] - Completed Key Rotation
u_6 [1hML] Ends Rotation
u_6 [1hML] - Completed Key Rotation
u_8 [kXhV] Ends Rotation
u_8 [kXhV] - Completed Key Rotation
u_5 [Q5It] Ends Rotation
u_5 [Q5It] - Completed Key Rotation
u_7 [qhjz] Ends Rotation
u_7 [qhjz] - Completed Key Rotation
u_9 [DdZV] Ends Rotation
u_9 [DdZV] - Completed Key Rotation
u_4 [cM9p] Ends Rotation
u_4 [cM9p] - Completed Key Rotation
u_2 [5-jo] Ends Rotation
u_2 [5-jo] - Completed Key Rotation
u_0 [_Cg9] Ends Rotation
u_0 [_Cg9] - Completed Key Rotation
Executed 10 users / 10 success / 0 fail
Test 1: 5518ms (551 p.u.)
Test 2: 1ms (0 p.u.)
Test 3: 728ms (72 p.u.)
Test 4: 2433ms (243 p.u.)
