Waiting for an incoming message - Test 1 (inception)
Error while deserializing http message: Error("EOF while parsing a value", line: 1, column: 0)
	Preparing Data...
	Data is ready, starting users and test1
Incepted: u_4 [fn1z]
Incepted: u_8 [ZtaE]
Incepted: u_3 [-SV3]
Incepted: u_2 [4u7c]
Incepted: u_6 [sp9i]
Incepted: u_7 [vglK]
Incepted: u_1 [rck5]
Incepted: u_9 [ka86]
Incepted: u_0 [bfy5]
Incepted: u_5 [BlMx]
	Added [bivQ] as watcher for u_1 [rck5]
	Added [x5MO] as watcher for u_8 [ZtaE]
	Added [jm4C] as watcher for u_4 [fn1z]
	Added [bivQ] as watcher for u_5 [BlMx]
	Added [x5MO] as watcher for u_3 [-SV3]
	Added [x5MO] as watcher for u_6 [sp9i]
	Added [jm4C] as watcher for u_2 [4u7c]
	Added [bivQ] as watcher for u_3 [-SV3]
	Added [bivQ] as watcher for u_4 [fn1z]
	Added [x5MO] as watcher for u_0 [bfy5]
	Added [jm4C] as watcher for u_7 [vglK]
	Added [jm4C] as watcher for u_9 [ka86]
	Added [x5MO] as watcher for u_5 [BlMx]
	Added [jm4C] as watcher for u_1 [rck5]
	Added [jm4C] as watcher for u_8 [ZtaE]
	Added [2D85] as watcher for u_4 [fn1z]
	Asking u_4 [fn1z]'s watchers to watch [oRVL]
	Added [x5MO] as watcher for u_2 [4u7c]
	Added [jm4C] as watcher for u_6 [sp9i]
	Added [x5MO] as watcher for u_7 [vglK]
	Added [jm4C] as watcher for u_3 [-SV3]
	Asking u_3 [-SV3]'s watchers to watch [oRVL]
	Added [x5MO] as watcher for u_9 [ka86]
	Added [jm4C] as watcher for u_0 [bfy5]
	Added [x5MO] as watcher for u_1 [rck5]
	Asking u_1 [rck5]'s watchers to watch [oRVL]
	Added [jm4C] as watcher for u_5 [BlMx]
	Asking u_5 [BlMx]'s watchers to watch [oRVL]
	Added [bivQ] as watcher for u_9 [ka86]
	Asking u_9 [ka86]'s watchers to watch [oRVL]
	Added [2D85] as watcher for u_8 [ZtaE]
	Asking u_8 [ZtaE]'s watchers to watch [oRVL]
	Added [2D85] as watcher for u_2 [4u7c]
	Asking u_2 [4u7c]'s watchers to watch [oRVL]
	Added [2D85] as watcher for u_0 [bfy5]
	Asking u_0 [bfy5]'s watchers to watch [oRVL]
	Added [2D85] as watcher for u_6 [sp9i]
	Asking u_6 [sp9i]'s watchers to watch [oRVL]
	Added [2D85] as watcher for u_7 [vglK]
	Asking u_7 [vglK]'s watchers to watch [oRVL]
	✅ u_4 [fn1z] Inception Done
	✅ u_3 [-SV3] Inception Done
	✅ u_5 [BlMx] Inception Done
	✅ u_9 [ka86] Inception Done
	✅ u_8 [ZtaE] Inception Done
	✅ u_1 [rck5] Inception Done
	✅ u_2 [4u7c] Inception Done
	✅ u_0 [bfy5] Inception Done
	✅ u_6 [sp9i] Inception Done
	✅ u_7 [vglK] Inception Done
Test 2 (signature verification)
	✅ u_7 [vglK] Message verified
	✅ u_6 [sp9i] Message verified
	✅ u_0 [bfy5] Message verified
	✅ u_4 [fn1z] Message verified
	✅ u_3 [-SV3] Message verified
	✅ u_8 [ZtaE] Message verified
	✅ u_5 [BlMx] Message verified
	✅ u_2 [4u7c] Message verified
	✅ u_1 [rck5] Message verified
	✅ u_9 [ka86] Message verified
Waiting for an incoming message - Test 3 (signature verification after rotation of issuer)
	✅ u_6 [sp9i] Message Verified (2)
	✅ u_0 [bfy5] Message Verified (2)
	✅ u_5 [BlMx] Message Verified (2)
	✅ u_1 [rck5] Message Verified (2)
	✅ u_2 [4u7c] Message Verified (2)
	✅ u_9 [ka86] Message Verified (2)
	✅ u_8 [ZtaE] Message Verified (2)
	✅ u_3 [-SV3] Message Verified (2)
	✅ u_4 [fn1z] Message Verified (2)
	✅ u_7 [vglK] Message Verified (2)
Waiting for an incoming message - Test 4 (valid acdc credential)
skipped--
Waiting for an incoming message - Test 5 (acdc revocation)
skipped--
Waiting for an incoming message - Test 6
u_7 [vglK] Starts Rotation
u_2 [4u7c] Starts Rotation
u_5 [BlMx] Starts Rotation
u_0 [bfy5] Starts Rotation
u_4 [fn1z] Starts Rotation
u_8 [ZtaE] Starts Rotation
u_9 [ka86] Starts Rotation
u_6 [sp9i] Starts Rotation
u_1 [rck5] Starts Rotation
u_3 [-SV3] Starts Rotation
u_4 [fn1z] Ends Rotation
u_4 [fn1z] - Completed Key Rotation
u_8 [ZtaE] Ends Rotation
u_8 [ZtaE] - Completed Key Rotation
u_3 [-SV3] Ends Rotation
u_3 [-SV3] - Completed Key Rotation
u_6 [sp9i] Ends Rotation
u_6 [sp9i] - Completed Key Rotation
u_2 [4u7c] Ends Rotation
u_2 [4u7c] - Completed Key Rotation
u_1 [rck5] Ends Rotation
u_1 [rck5] - Completed Key Rotation
u_5 [BlMx] Ends Rotation
u_5 [BlMx] - Completed Key Rotation
u_0 [bfy5] Ends Rotation
u_0 [bfy5] - Completed Key Rotation
u_7 [vglK] Ends Rotation
u_7 [vglK] - Completed Key Rotation
u_9 [ka86] Ends Rotation
u_9 [ka86] - Completed Key Rotation
Executed 10 users / 10 success / 0 fail
Test 1: 3950ms (395 p.u.)
Test 2: 1ms (0 p.u.)
Test 3: 523ms (52 p.u.)
Test 4: 1508ms (150 p.u.)
