Waiting for an incoming message - Test 1 (inception)
Error while deserializing http message: Error("EOF while parsing a value", line: 1, column: 0)
	Preparing Data...
	Data is ready, starting users and test1
Incepted: u_5 [TBus]
Incepted: u_9 [emaA]
Incepted: u_0 [Wv30]
Incepted: u_7 [rwdM]
Incepted: u_8 [-1A1]
Incepted: u_1 [hegs]
Incepted: u_4 [JPTC]
Incepted: u_3 [k0Ca]
Incepted: u_2 [WrmK]
Incepted: u_6 [Rzzl]
	Added [jm4C] as watcher for u_5 [TBus]
	Added [2D85] as watcher for u_3 [k0Ca]
	Added [jm4C] as watcher for u_1 [hegs]
	Added [bivQ] as watcher for u_0 [Wv30]
	Added [2D85] as watcher for u_6 [Rzzl]
	Added [bivQ] as watcher for u_9 [emaA]
	Added [x5MO] as watcher for u_4 [JPTC]
	Added [2D85] as watcher for u_2 [WrmK]
	Added [bivQ] as watcher for u_8 [-1A1]
	Added [bivQ] as watcher for u_7 [rwdM]
	Added [2D85] as watcher for u_5 [TBus]
	Added [2D85] as watcher for u_1 [hegs]
	Added [jm4C] as watcher for u_0 [Wv30]
	Added [x5MO] as watcher for u_3 [k0Ca]
	Added [2D85] as watcher for u_7 [rwdM]
	Added [jm4C] as watcher for u_9 [emaA]
	Added [jm4C] as watcher for u_6 [Rzzl]
	Added [bivQ] as watcher for u_5 [TBus]
	Asking u_5 [TBus]'s watchers to watch [oRVL]
	Added [jm4C] as watcher for u_4 [JPTC]
	Added [jm4C] as watcher for u_8 [-1A1]
	Added [bivQ] as watcher for u_2 [WrmK]
	Added [x5MO] as watcher for u_0 [Wv30]
	Asking u_0 [Wv30]'s watchers to watch [oRVL]
	Added [x5MO] as watcher for u_7 [rwdM]
	Asking u_7 [rwdM]'s watchers to watch [oRVL]
	Added [x5MO] as watcher for u_1 [hegs]
	Asking u_1 [hegs]'s watchers to watch [oRVL]
	Added [bivQ] as watcher for u_3 [k0Ca]
	Asking u_3 [k0Ca]'s watchers to watch [oRVL]
	Added [x5MO] as watcher for u_9 [emaA]
	Asking u_9 [emaA]'s watchers to watch [oRVL]
	Added [bivQ] as watcher for u_6 [Rzzl]
	Asking u_6 [Rzzl]'s watchers to watch [oRVL]
	Added [x5MO] as watcher for u_2 [WrmK]
	Asking u_2 [WrmK]'s watchers to watch [oRVL]
	Added [bivQ] as watcher for u_4 [JPTC]
	Asking u_4 [JPTC]'s watchers to watch [oRVL]
	Added [x5MO] as watcher for u_8 [-1A1]
	Asking u_8 [-1A1]'s watchers to watch [oRVL]
	✅ u_1 [hegs] Inception Done
	✅ u_8 [-1A1] Inception Done
	✅ u_5 [TBus] Inception Done
	✅ u_4 [JPTC] Inception Done
	✅ u_7 [rwdM] Inception Done
	✅ u_0 [Wv30] Inception Done
	✅ u_9 [emaA] Inception Done
	✅ u_3 [k0Ca] Inception Done
	✅ u_6 [Rzzl] Inception Done
	✅ u_2 [WrmK] Inception Done
Test 2 (signature verification)
	✅ u_2 [WrmK] Message verified
	✅ u_7 [rwdM] Message verified
	✅ u_1 [hegs] Message verified
	✅ u_0 [Wv30] Message verified
	✅ u_5 [TBus] Message verified
	✅ u_3 [k0Ca] Message verified
	✅ u_9 [emaA] Message verified
	✅ u_4 [JPTC] Message verified
	✅ u_6 [Rzzl] Message verified
	✅ u_8 [-1A1] Message verified
Waiting for an incoming message - Test 3 (signature verification after rotation of issuer)
	✅ u_6 [Rzzl] Message Verified (2)
	✅ u_7 [rwdM] Message Verified (2)
	✅ u_2 [WrmK] Message Verified (2)
	✅ u_1 [hegs] Message Verified (2)
	✅ u_0 [Wv30] Message Verified (2)
	✅ u_8 [-1A1] Message Verified (2)
	✅ u_3 [k0Ca] Message Verified (2)
	✅ u_4 [JPTC] Message Verified (2)
	✅ u_9 [emaA] Message Verified (2)
	✅ u_5 [TBus] Message Verified (2)
Waiting for an incoming message - Test 4 (valid acdc credential)
skipped--
Waiting for an incoming message - Test 5 (acdc revocation)
skipped--
Waiting for an incoming message - Test 6
u_5 [TBus] Starts Rotation
u_9 [emaA] Starts Rotation
u_3 [k0Ca] Starts Rotation
u_4 [JPTC] Starts Rotation
u_7 [rwdM] Starts Rotation
u_1 [hegs] Starts Rotation
u_8 [-1A1] Starts Rotation
u_6 [Rzzl] Starts Rotation
u_0 [Wv30] Starts Rotation
u_2 [WrmK] Starts Rotation
u_2 [WrmK] Ends Rotation
u_2 [WrmK] - Completed Key Rotation
u_8 [-1A1] Ends Rotation
u_8 [-1A1] - Completed Key Rotation
u_6 [Rzzl] Ends Rotation
u_6 [Rzzl] - Completed Key Rotation
u_3 [k0Ca] Ends Rotation
u_3 [k0Ca] - Completed Key Rotation
u_0 [Wv30] Ends Rotation
u_0 [Wv30] - Completed Key Rotation
u_9 [emaA] Ends Rotation
u_9 [emaA] - Completed Key Rotation
u_4 [JPTC] Ends Rotation
u_4 [JPTC] - Completed Key Rotation
u_1 [hegs] Ends Rotation
u_1 [hegs] - Completed Key Rotation
u_5 [TBus] Ends Rotation
u_5 [TBus] - Completed Key Rotation
u_7 [rwdM] Ends Rotation
u_7 [rwdM] - Completed Key Rotation
Executed 10 users / 10 success / 0 fail
Test 1: 8273ms (827 p.u.)
Test 2: 4ms (0 p.u.)
Test 3: 791ms (79 p.u.)
Test 4: 4214ms (421 p.u.)
