Waiting for an incoming message - Test 1 (inception)
Error while deserializing http message: Error("EOF while parsing a value", line: 1, column: 0)
	Preparing Data...
	Data is ready, starting users and test1
Incepted: u_9 [yfYB]
Incepted: u_3 [D9mZ]
Incepted: u_8 [9KbI]
Incepted: u_0 [aEjF]
Incepted: u_4 [cFLb]
Incepted: u_5 [HZL4]
Incepted: u_1 [SXXs]
Incepted: u_7 [sRvO]
Incepted: u_6 [oGo0]
	Added [bivQ] as watcher for u_0 [aEjF]
	Added [bivQ] as watcher for u_3 [D9mZ]
	Added [2D85] as watcher for u_9 [yfYB]
Incepted: u_2 [fb8l]
	Added [bivQ] as watcher for u_6 [oGo0]
	Added [2D85] as watcher for u_8 [9KbI]
	Added [2D85] as watcher for u_5 [HZL4]
	Added [x5MO] as watcher for u_4 [cFLb]
	Added [x5MO] as watcher for u_1 [SXXs]
	Added [jm4C] as watcher for u_7 [sRvO]
	Added [x5MO] as watcher for u_0 [aEjF]
	Added [2D85] as watcher for u_3 [D9mZ]
	Added [bivQ] as watcher for u_5 [HZL4]
	Added [2D85] as watcher for u_2 [fb8l]
	Added [x5MO] as watcher for u_9 [yfYB]
	Added [x5MO] as watcher for u_6 [oGo0]
	Added [bivQ] as watcher for u_2 [fb8l]
	Added [x5MO] as watcher for u_8 [9KbI]
	Added [jm4C] as watcher for u_1 [SXXs]
	Added [jm4C] as watcher for u_4 [cFLb]
	Added [x5MO] as watcher for u_7 [sRvO]
	Added [2D85] as watcher for u_0 [aEjF]
	Asking u_0 [aEjF]'s watchers to watch [oRVL]
	Added [jm4C] as watcher for u_5 [HZL4]
	Asking u_5 [HZL4]'s watchers to watch [oRVL]
	Added [x5MO] as watcher for u_3 [D9mZ]
	Asking u_3 [D9mZ]'s watchers to watch [oRVL]
	Added [jm4C] as watcher for u_9 [yfYB]
	Asking u_9 [yfYB]'s watchers to watch [oRVL]
	Added [2D85] as watcher for u_6 [oGo0]
	Asking u_6 [oGo0]'s watchers to watch [oRVL]
	Added [bivQ] as watcher for u_7 [sRvO]
	Asking u_7 [sRvO]'s watchers to watch [oRVL]
	Added [bivQ] as watcher for u_1 [SXXs]
	Asking u_1 [SXXs]'s watchers to watch [oRVL]
	Added [jm4C] as watcher for u_2 [fb8l]
	Asking u_2 [fb8l]'s watchers to watch [oRVL]
	Added [jm4C] as watcher for u_8 [9KbI]
	Asking u_8 [9KbI]'s watchers to watch [oRVL]
	Added [2D85] as watcher for u_4 [cFLb]
	Asking u_4 [cFLb]'s watchers to watch [oRVL]
	✅ u_0 [aEjF] Inception Done
	✅ u_5 [HZL4] Inception Done
	✅ u_3 [D9mZ] Inception Done
	✅ u_2 [fb8l] Inception Done
	✅ u_9 [yfYB] Inception Done
	✅ u_6 [oGo0] Inception Done
	✅ u_1 [SXXs] Inception Done
	✅ u_8 [9KbI] Inception Done
	✅ u_7 [sRvO] Inception Done
	✅ u_4 [cFLb] Inception Done
Test 2 (signature verification)
	✅ u_4 [cFLb] Message verified
	✅ u_5 [HZL4] Message verified
	✅ u_2 [fb8l] Message verified
	✅ u_3 [D9mZ] Message verified
	✅ u_6 [oGo0] Message verified
	✅ u_8 [9KbI] Message verified
	✅ u_9 [yfYB] Message verified
	✅ u_0 [aEjF] Message verified
	✅ u_1 [SXXs] Message verified
	✅ u_7 [sRvO] Message verified
Waiting for an incoming message - Test 3 (signature verification after rotation of issuer)
	✅ u_6 [oGo0] Message Verified (2)
	✅ u_3 [D9mZ] Message Verified (2)
	✅ u_0 [aEjF] Message Verified (2)
	✅ u_5 [HZL4] Message Verified (2)
	✅ u_1 [SXXs] Message Verified (2)
	✅ u_7 [sRvO] Message Verified (2)
	✅ u_4 [cFLb] Message Verified (2)
	✅ u_9 [yfYB] Message Verified (2)
	✅ u_2 [fb8l] Message Verified (2)
	✅ u_8 [9KbI] Message Verified (2)
Waiting for an incoming message - Test 4 (valid acdc credential)
skipped--
Waiting for an incoming message - Test 5 (acdc revocation)
skipped--
Waiting for an incoming message - Test 6
u_8 [9KbI] Starts Rotation
u_4 [cFLb] Starts Rotation
u_5 [HZL4] Starts Rotation
u_0 [aEjF] Starts Rotation
u_3 [D9mZ] Starts Rotation
u_1 [SXXs] Starts Rotation
u_2 [fb8l] Starts Rotation
u_6 [oGo0] Starts Rotation
u_7 [sRvO] Starts Rotation
u_9 [yfYB] Starts Rotation
u_6 [oGo0] Ends Rotation
u_6 [oGo0] - Completed Key Rotation
u_8 [9KbI] Ends Rotation
u_8 [9KbI] - Completed Key Rotation
u_5 [HZL4] Ends Rotation
u_5 [HZL4] - Completed Key Rotation
u_9 [yfYB] Ends Rotation
u_9 [yfYB] - Completed Key Rotation
u_3 [D9mZ] Ends Rotation
u_3 [D9mZ] - Completed Key Rotation
u_0 [aEjF] Ends Rotation
u_0 [aEjF] - Completed Key Rotation
u_4 [cFLb] Ends Rotation
u_4 [cFLb] - Completed Key Rotation
u_1 [SXXs] Ends Rotation
u_1 [SXXs] - Completed Key Rotation
u_2 [fb8l] Ends Rotation
u_2 [fb8l] - Completed Key Rotation
u_7 [sRvO] Ends Rotation
u_7 [sRvO] - Completed Key Rotation
Executed 10 users / 10 success / 0 fail
Test 1: 4943ms (494 p.u.)
Test 2: 1ms (0 p.u.)
Test 3: 658ms (65 p.u.)
Test 4: 1837ms (183 p.u.)
