Waiting for an incoming message - Test 1 (inception)
Error while deserializing http message: Error("EOF while parsing a value", line: 1, column: 0)
	Preparing Data...
	Data is ready, starting users and test1
Incepted: u_7 [OrLJ]
Incepted: u_8 [hlzs]
Incepted: u_1 [RpZ_]
Incepted: u_5 [SsG3]
Incepted: u_4 [LFGB]
Incepted: u_6 [_21l]
Incepted: u_0 [lKe-]
Incepted: u_9 [2mXB]
Incepted: u_2 [-qh-]
	Added [2D85] as watcher for u_8 [hlzs]
Incepted: u_3 [5poT]
	Added [x5MO] as watcher for u_7 [OrLJ]
	Added [jm4C] as watcher for u_1 [RpZ_]
	Added [jm4C] as watcher for u_5 [SsG3]
	Added [x5MO] as watcher for u_2 [-qh-]
	Added [x5MO] as watcher for u_6 [_21l]
	Added [x5MO] as watcher for u_9 [2mXB]
	Added [bivQ] as watcher for u_0 [lKe-]
	Added [x5MO] as watcher for u_4 [LFGB]
	Added [x5MO] as watcher for u_3 [5poT]
	Added [jm4C] as watcher for u_8 [hlzs]
	Added [jm4C] as watcher for u_7 [OrLJ]
	Added [2D85] as watcher for u_1 [RpZ_]
	Added [2D85] as watcher for u_9 [2mXB]
	Added [2D85] as watcher for u_5 [SsG3]
	Added [x5MO] as watcher for u_0 [lKe-]
	Added [2D85] as watcher for u_6 [_21l]
	Added [2D85] as watcher for u_3 [5poT]
	Added [bivQ] as watcher for u_2 [-qh-]
	Added [2D85] as watcher for u_4 [LFGB]
	Added [x5MO] as watcher for u_8 [hlzs]
	Asking u_8 [hlzs]'s watchers to watch [oRVL]
	Added [x5MO] as watcher for u_5 [SsG3]
	Asking u_5 [SsG3]'s watchers to watch [oRVL]
	Added [bivQ] as watcher for u_9 [2mXB]
	Asking u_9 [2mXB]'s watchers to watch [oRVL]
	Added [bivQ] as watcher for u_7 [OrLJ]
	Asking u_7 [OrLJ]'s watchers to watch [oRVL]
	Added [2D85] as watcher for u_2 [-qh-]
	Asking u_2 [-qh-]'s watchers to watch [oRVL]
	Added [jm4C] as watcher for u_0 [lKe-]
	Asking u_0 [lKe-]'s watchers to watch [oRVL]
	Added [jm4C] as watcher for u_3 [5poT]
	Asking u_3 [5poT]'s watchers to watch [oRVL]
	Added [jm4C] as watcher for u_6 [_21l]
	Asking u_6 [_21l]'s watchers to watch [oRVL]
	Added [bivQ] as watcher for u_1 [RpZ_]
	Asking u_1 [RpZ_]'s watchers to watch [oRVL]
	Added [bivQ] as watcher for u_4 [LFGB]
	Asking u_4 [LFGB]'s watchers to watch [oRVL]
	✅ u_8 [hlzs] Inception Done
	✅ u_9 [2mXB] Inception Done
	✅ u_5 [SsG3] Inception Done
	✅ u_2 [-qh-] Inception Done
	✅ u_3 [5poT] Inception Done
	✅ u_7 [OrLJ] Inception Done
	✅ u_0 [lKe-] Inception Done
	✅ u_6 [_21l] Inception Done
	✅ u_4 [LFGB] Inception Done
	✅ u_1 [RpZ_] Inception Done
Test 2 (signature verification)
	✅ u_1 [RpZ_] Message verified
	✅ u_5 [SsG3] Message verified
	✅ u_0 [lKe-] Message verified
	✅ u_3 [5poT] Message verified
	✅ u_8 [hlzs] Message verified
	✅ u_9 [2mXB] Message verified
	✅ u_2 [-qh-] Message verified
	✅ u_7 [OrLJ] Message verified
	✅ u_6 [_21l] Message verified
	✅ u_4 [LFGB] Message verified
Waiting for an incoming message - Test 3 (signature verification after rotation of issuer)
	✅ u_5 [SsG3] Message Verified (2)
	✅ u_2 [-qh-] Message Verified (2)
	✅ u_3 [5poT] Message Verified (2)
	✅ u_1 [RpZ_] Message Verified (2)
	✅ u_9 [2mXB] Message Verified (2)
	✅ u_4 [LFGB] Message Verified (2)
	✅ u_6 [_21l] Message Verified (2)
	✅ u_7 [OrLJ] Message Verified (2)
	✅ u_8 [hlzs] Message Verified (2)
	✅ u_0 [lKe-] Message Verified (2)
Waiting for an incoming message - Test 4 (valid acdc credential)
skipped--
Waiting for an incoming message - Test 5 (acdc revocation)
skipped--
Waiting for an incoming message - Test 6
u_0 [lKe-] Starts Rotation
u_3 [5poT] Starts Rotation
u_6 [_21l] Starts Rotation
u_5 [SsG3] Starts Rotation
u_7 [OrLJ] Starts Rotation
u_9 [2mXB] Starts Rotation
u_4 [LFGB] Starts Rotation
u_1 [RpZ_] Starts Rotation
u_2 [-qh-] Starts Rotation
u_8 [hlzs] Starts Rotation
u_1 [RpZ_] Ends Rotation
u_1 [RpZ_] - Completed Key Rotation
u_8 [hlzs] Ends Rotation
u_8 [hlzs] - Completed Key Rotation
u_5 [SsG3] Ends Rotation
u_5 [SsG3] - Completed Key Rotation
u_2 [-qh-] Ends Rotation
u_2 [-qh-] - Completed Key Rotation
u_0 [lKe-] Ends Rotation
u_0 [lKe-] - Completed Key Rotation
u_6 [_21l] Ends Rotation
u_6 [_21l] - Completed Key Rotation
u_3 [5poT] Ends Rotation
u_3 [5poT] - Completed Key Rotation
u_4 [LFGB] Ends Rotation
u_4 [LFGB] - Completed Key Rotation
u_7 [OrLJ] Ends Rotation
u_7 [OrLJ] - Completed Key Rotation
u_9 [2mXB] Ends Rotation
u_9 [2mXB] - Completed Key Rotation
Executed 10 users / 10 success / 0 fail
Test 1: 6831ms (683 p.u.)
Test 2: 1ms (0 p.u.)
Test 3: 838ms (83 p.u.)
Test 4: 4221ms (422 p.u.)
