Waiting for an incoming message - Test 1 (inception)
Error while deserializing http message: Error("EOF while parsing a value", line: 1, column: 0)
	Preparing Data...
	Data is ready, starting users and test1
Incepted: u_3 [DIpe]
Incepted: u_2 [Zx9p]
Incepted: u_7 [Ohkj]
Incepted: u_9 [p1XM]
Incepted: u_1 [Hlb8]
Incepted: u_6 [W5wz]
Incepted: u_8 [6dQC]
Incepted: u_4 [N767]
Incepted: u_5 [uSpZ]
Incepted: u_0 [Olh5]
	Added [bivQ] as watcher for u_9 [p1XM]
	Added [2D85] as watcher for u_3 [DIpe]
	Added [bivQ] as watcher for u_0 [Olh5]
	Added [x5MO] as watcher for u_2 [Zx9p]
	Added [2D85] as watcher for u_1 [Hlb8]
	Added [jm4C] as watcher for u_7 [Ohkj]
	Added [x5MO] as watcher for u_6 [W5wz]
	Added [bivQ] as watcher for u_2 [Zx9p]
	Added [bivQ] as watcher for u_7 [Ohkj]
	Added [jm4C] as watcher for u_8 [6dQC]
	Added [jm4C] as watcher for u_9 [p1XM]
	Added [jm4C] as watcher for u_5 [uSpZ]
	Added [jm4C] as watcher for u_4 [N767]
	Added [2D85] as watcher for u_0 [Olh5]
	Added [jm4C] as watcher for u_3 [DIpe]
	Added [bivQ] as watcher for u_6 [W5wz]
	Added [bivQ] as watcher for u_8 [6dQC]
	Added [jm4C] as watcher for u_1 [Hlb8]
	Added [x5MO] as watcher for u_7 [Ohkj]
	Asking u_7 [Ohkj]'s watchers to watch [oRVL]
	Added [x5MO] as watcher for u_9 [p1XM]
	Asking u_9 [p1XM]'s watchers to watch [oRVL]
	Added [x5MO] as watcher for u_5 [uSpZ]
	Added [x5MO] as watcher for u_4 [N767]
	Added [jm4C] as watcher for u_2 [Zx9p]
	Asking u_2 [Zx9p]'s watchers to watch [oRVL]
	Added [bivQ] as watcher for u_1 [Hlb8]
	Asking u_1 [Hlb8]'s watchers to watch [oRVL]
	Added [2D85] as watcher for u_6 [W5wz]
	Asking u_6 [W5wz]'s watchers to watch [oRVL]
	Added [x5MO] as watcher for u_8 [6dQC]
	Asking u_8 [6dQC]'s watchers to watch [oRVL]
	Added [x5MO] as watcher for u_3 [DIpe]
	Asking u_3 [DIpe]'s watchers to watch [oRVL]
	Added [jm4C] as watcher for u_0 [Olh5]
	Asking u_0 [Olh5]'s watchers to watch [oRVL]
	Added [bivQ] as watcher for u_4 [N767]
	Asking u_4 [N767]'s watchers to watch [oRVL]
	Added [2D85] as watcher for u_5 [uSpZ]
	Asking u_5 [uSpZ]'s watchers to watch [oRVL]
	✅ u_7 [Ohkj] Inception Done
	✅ u_1 [Hlb8] Inception Done
	✅ u_9 [p1XM] Inception Done
	✅ u_6 [W5wz] Inception Done
	✅ u_0 [Olh5] Inception Done
	✅ u_2 [Zx9p] Inception Done
	✅ u_8 [6dQC] Inception Done
	✅ u_3 [DIpe] Inception Done
	✅ u_4 [N767] Inception Done
	✅ u_5 [uSpZ] Inception Done
Test 2 (signature verification)
	✅ u_5 [uSpZ] Message verified
	✅ u_0 [Olh5] Message verified
	✅ u_4 [N767] Message verified
	✅ u_6 [W5wz] Message verified
	✅ u_7 [Ohkj] Message verified
	✅ u_2 [Zx9p] Message verified
	✅ u_1 [Hlb8] Message verified
	✅ u_9 [p1XM] Message verified
	✅ u_8 [6dQC] Message verified
	✅ u_3 [DIpe] Message verified
Waiting for an incoming message - Test 3 (signature verification after rotation of issuer)
	✅ u_1 [Hlb8] Message Verified (2)
	✅ u_6 [W5wz] Message Verified (2)
	✅ u_2 [Zx9p] Message Verified (2)
	✅ u_7 [Ohkj] Message Verified (2)
	✅ u_5 [uSpZ] Message Verified (2)
	✅ u_8 [6dQC] Message Verified (2)
	✅ u_4 [N767] Message Verified (2)
	✅ u_3 [DIpe] Message Verified (2)
	✅ u_0 [Olh5] Message Verified (2)
	✅ u_9 [p1XM] Message Verified (2)
Waiting for an incoming message - Test 4 (valid acdc credential)
skipped--
Waiting for an incoming message - Test 5 (acdc revocation)
skipped--
Waiting for an incoming message - Test 6
u_9 [p1XM] Starts Rotation
u_2 [Zx9p] Starts Rotation
u_7 [Ohkj] Starts Rotation
u_1 [Hlb8] Starts Rotation
u_6 [W5wz] Starts Rotation
u_8 [6dQC] Starts Rotation
u_0 [Olh5] Starts Rotation
u_4 [N767] Starts Rotation
u_5 [uSpZ] Starts Rotation
u_3 [DIpe] Starts Rotation
u_6 [W5wz] Ends Rotation
u_6 [W5wz] - Completed Key Rotation
u_1 [Hlb8] Ends Rotation
u_1 [Hlb8] - Completed Key Rotation
u_3 [DIpe] Ends Rotation
u_3 [DIpe] - Completed Key Rotation
u_2 [Zx9p] Ends Rotation
u_2 [Zx9p] - Completed Key Rotation
u_9 [p1XM] Ends Rotation
u_9 [p1XM] - Completed Key Rotation
u_8 [6dQC] Ends Rotation
u_8 [6dQC] - Completed Key Rotation
u_0 [Olh5] Ends Rotation
u_0 [Olh5] - Completed Key Rotation
u_7 [Ohkj] Ends Rotation
u_7 [Ohkj] - Completed Key Rotation
u_4 [N767] Ends Rotation
u_4 [N767] - Completed Key Rotation
u_5 [uSpZ] Ends Rotation
u_5 [uSpZ] - Completed Key Rotation
Executed 10 users / 10 success / 0 fail
Test 1: 4255ms (425 p.u.)
Test 2: 1ms (0 p.u.)
Test 3: 563ms (56 p.u.)
Test 4: 1657ms (165 p.u.)
