Waiting for an incoming message - Test 1 (inception)
Error while deserializing http message: Error("EOF while parsing a value", line: 1, column: 0)
	Preparing Data...
	Data is ready, starting users and test1
Incepted: u_1 [t0Ct]
Incepted: u_5 [o1RE]
Incepted: u_6 [hE06]
Incepted: u_8 [7t4d]
Incepted: u_4 [TQa7]
Incepted: u_0 [XjRf]
Incepted: u_7 [rVjD]
Incepted: u_2 [qtq0]
	Added [jm4C] as watcher for u_1 [t0Ct]
Incepted: u_9 [Fma4]
Incepted: u_3 [F3EQ]
	Added [bivQ] as watcher for u_5 [o1RE]
	Added [x5MO] as watcher for u_8 [7t4d]
	Added [2D85] as watcher for u_4 [TQa7]
	Added [x5MO] as watcher for u_0 [XjRf]
	Added [2D85] as watcher for u_2 [qtq0]
	Added [bivQ] as watcher for u_6 [hE06]
	Added [x5MO] as watcher for u_1 [t0Ct]
	Added [x5MO] as watcher for u_7 [rVjD]
	Added [jm4C] as watcher for u_9 [Fma4]
	Added [jm4C] as watcher for u_3 [F3EQ]
	Added [x5MO] as watcher for u_4 [TQa7]
	Added [jm4C] as watcher for u_5 [o1RE]
	Added [jm4C] as watcher for u_0 [XjRf]
	Added [jm4C] as watcher for u_8 [7t4d]
	Added [x5MO] as watcher for u_6 [hE06]
	Added [x5MO] as watcher for u_2 [qtq0]
	Added [2D85] as watcher for u_1 [t0Ct]
	Asking u_1 [t0Ct]'s watchers to watch [oRVL]
	Added [2D85] as watcher for u_3 [F3EQ]
	Added [x5MO] as watcher for u_9 [Fma4]
	Added [x5MO] as watcher for u_5 [o1RE]
	Asking u_5 [o1RE]'s watchers to watch [oRVL]
	Added [2D85] as watcher for u_0 [XjRf]
	Asking u_0 [XjRf]'s watchers to watch [oRVL]
	Added [bivQ] as watcher for u_7 [rVjD]
	Added [bivQ] as watcher for u_4 [TQa7]
	Asking u_4 [TQa7]'s watchers to watch [oRVL]
	Added [x5MO] as watcher for u_3 [F3EQ]
	Asking u_3 [F3EQ]'s watchers to watch [oRVL]
	Added [jm4C] as watcher for u_6 [hE06]
	Asking u_6 [hE06]'s watchers to watch [oRVL]
	Added [jm4C] as watcher for u_2 [qtq0]
	Asking u_2 [qtq0]'s watchers to watch [oRVL]
	Added [bivQ] as watcher for u_8 [7t4d]
	Asking u_8 [7t4d]'s watchers to watch [oRVL]
	Added [2D85] as watcher for u_9 [Fma4]
	Asking u_9 [Fma4]'s watchers to watch [oRVL]
	Added [jm4C] as watcher for u_7 [rVjD]
	Asking u_7 [rVjD]'s watchers to watch [oRVL]
	✅ u_1 [t0Ct] Inception Done
	✅ u_0 [XjRf] Inception Done
	✅ u_5 [o1RE] Inception Done
	✅ u_4 [TQa7] Inception Done
	✅ u_6 [hE06] Inception Done
	✅ u_8 [7t4d] Inception Done
	✅ u_9 [Fma4] Inception Done
	✅ u_3 [F3EQ] Inception Done
	✅ u_2 [qtq0] Inception Done
	✅ u_7 [rVjD] Inception Done
Test 2 (signature verification)
	✅ u_7 [rVjD] Message verified
	✅ u_8 [7t4d] Message verified
	✅ u_2 [qtq0] Message verified
	✅ u_5 [o1RE] Message verified
	✅ u_9 [Fma4] Message verified
	✅ u_6 [hE06] Message verified
	✅ u_0 [XjRf] Message verified
	✅ u_3 [F3EQ] Message verified
	✅ u_4 [TQa7] Message verified
	✅ u_1 [t0Ct] Message verified
Waiting for an incoming message - Test 3 (signature verification after rotation of issuer)
	✅ u_1 [t0Ct] Message Verified (2)
	✅ u_3 [F3EQ] Message Verified (2)
	✅ u_9 [Fma4] Message Verified (2)
	✅ u_5 [o1RE] Message Verified (2)
	✅ u_4 [TQa7] Message Verified (2)
	✅ u_2 [qtq0] Message Verified (2)
	✅ u_6 [hE06] Message Verified (2)
	✅ u_7 [rVjD] Message Verified (2)
	✅ u_8 [7t4d] Message Verified (2)
	✅ u_0 [XjRf] Message Verified (2)
Waiting for an incoming message - Test 4 (valid acdc credential)
skipped--
Waiting for an incoming message - Test 5 (acdc revocation)
skipped--
Waiting for an incoming message - Test 6
u_0 [XjRf] Starts Rotation
u_9 [Fma4] Starts Rotation
u_6 [hE06] Starts Rotation
u_5 [o1RE] Starts Rotation
u_7 [rVjD] Starts Rotation
u_4 [TQa7] Starts Rotation
u_3 [F3EQ] Starts Rotation
u_2 [qtq0] Starts Rotation
u_1 [t0Ct] Starts Rotation
u_8 [7t4d] Starts Rotation
u_6 [hE06] Ends Rotation
u_6 [hE06] - Completed Key Rotation
u_0 [XjRf] Ends Rotation
u_0 [XjRf] - Completed Key Rotation
u_3 [F3EQ] Ends Rotation
u_3 [F3EQ] - Completed Key Rotation
u_8 [7t4d] Ends Rotation
u_8 [7t4d] - Completed Key Rotation
u_2 [qtq0] Ends Rotation
u_2 [qtq0] - Completed Key Rotation
u_4 [TQa7] Ends Rotation
u_4 [TQa7] - Completed Key Rotation
u_9 [Fma4] Ends Rotation
u_9 [Fma4] - Completed Key Rotation
u_1 [t0Ct] Ends Rotation
u_1 [t0Ct] - Completed Key Rotation
u_5 [o1RE] Ends Rotation
u_5 [o1RE] - Completed Key Rotation
u_7 [rVjD] Ends Rotation
u_7 [rVjD] - Completed Key Rotation
Executed 10 users / 10 success / 0 fail
Test 1: 5492ms (549 p.u.)
Test 2: 1ms (0 p.u.)
Test 3: 751ms (75 p.u.)
Test 4: 3955ms (395 p.u.)
