Waiting for an incoming message - Test 1 (inception)
Error while deserializing http message: Error("EOF while parsing a value", line: 1, column: 0)
	Preparing Data...
	Data is ready, starting users and test1
Incepted: u_0 [phKY]
Incepted: u_8 [Pi0L]
Incepted: u_9 [Bq1l]
Incepted: u_4 [egA0]
Incepted: u_6 [123l]
Incepted: u_3 [Yg45]
Incepted: u_5 [EI3x]
Incepted: u_1 [K610]
	Added [bivQ] as watcher for u_8 [Pi0L]
Incepted: u_2 [qqH_]
	Added [bivQ] as watcher for u_5 [EI3x]
	Added [x5MO] as watcher for u_0 [phKY]
	Added [x5MO] as watcher for u_4 [egA0]
	Added [x5MO] as watcher for u_9 [Bq1l]
Incepted: u_7 [5tnP]
	Added [2D85] as watcher for u_6 [123l]
	Added [bivQ] as watcher for u_2 [qqH_]
	Added [x5MO] as watcher for u_3 [Yg45]
	Added [bivQ] as watcher for u_0 [phKY]
	Added [2D85] as watcher for u_1 [K610]
	Added [bivQ] as watcher for u_4 [egA0]
	Added [x5MO] as watcher for u_8 [Pi0L]
	Added [2D85] as watcher for u_9 [Bq1l]
	Added [bivQ] as watcher for u_6 [123l]
	Added [jm4C] as watcher for u_5 [EI3x]
	Added [bivQ] as watcher for u_3 [Yg45]
	Added [2D85] as watcher for u_2 [qqH_]
	Added [x5MO] as watcher for u_7 [5tnP]
	Added [2D85] as watcher for u_0 [phKY]
	Asking u_0 [phKY]'s watchers to watch [oRVL]
	Added [2D85] as watcher for u_8 [Pi0L]
	Asking u_8 [Pi0L]'s watchers to watch [oRVL]
	Added [2D85] as watcher for u_4 [egA0]
	Asking u_4 [egA0]'s watchers to watch [oRVL]
	Added [jm4C] as watcher for u_1 [K610]
	Added [2D85] as watcher for u_5 [EI3x]
	Asking u_5 [EI3x]'s watchers to watch [oRVL]
	Added [jm4C] as watcher for u_9 [Bq1l]
	Asking u_9 [Bq1l]'s watchers to watch [oRVL]
	Added [2D85] as watcher for u_3 [Yg45]
	Asking u_3 [Yg45]'s watchers to watch [oRVL]
	Added [bivQ] as watcher for u_1 [K610]
	Asking u_1 [K610]'s watchers to watch [oRVL]
	Added [x5MO] as watcher for u_6 [123l]
	Asking u_6 [123l]'s watchers to watch [oRVL]
	Added [jm4C] as watcher for u_7 [5tnP]
	Added [jm4C] as watcher for u_2 [qqH_]
	Asking u_2 [qqH_]'s watchers to watch [oRVL]
	✅ u_0 [phKY] Inception Done
	Added [bivQ] as watcher for u_7 [5tnP]
	Asking u_7 [5tnP]'s watchers to watch [oRVL]
	✅ u_8 [Pi0L] Inception Done
	✅ u_4 [egA0] Inception Done
	✅ u_5 [EI3x] Inception Done
	✅ u_1 [K610] Inception Done
	✅ u_9 [Bq1l] Inception Done
	✅ u_3 [Yg45] Inception Done
	✅ u_6 [123l] Inception Done
	✅ u_2 [qqH_] Inception Done
	✅ u_7 [5tnP] Inception Done
Test 2 (signature verification)
	✅ u_7 [5tnP] Message verified
	✅ u_0 [phKY] Message verified
	✅ u_5 [EI3x] Message verified
	✅ u_1 [K610] Message verified
	✅ u_9 [Bq1l] Message verified
	✅ u_2 [qqH_] Message verified
	✅ u_3 [Yg45] Message verified
	✅ u_4 [egA0] Message verified
	✅ u_6 [123l] Message verified
	✅ u_8 [Pi0L] Message verified
Waiting for an incoming message - Test 3 (signature verification after rotation of issuer)
	✅ u_4 [egA0] Message Verified (2)
	✅ u_0 [phKY] Message Verified (2)
	✅ u_8 [Pi0L] Message Verified (2)
	✅ u_3 [Yg45] Message Verified (2)
	✅ u_1 [K610] Message Verified (2)
	✅ u_9 [Bq1l] Message Verified (2)
	✅ u_2 [qqH_] Message Verified (2)
	✅ u_7 [5tnP] Message Verified (2)
	✅ u_6 [123l] Message Verified (2)
	✅ u_5 [EI3x] Message Verified (2)
Waiting for an incoming message - Test 4 (valid acdc credential)
skipped--
Waiting for an incoming message - Test 5 (acdc revocation)
skipped--
Waiting for an incoming message - Test 6
u_1 [K610] Starts Rotation
u_5 [EI3x] Starts Rotation
u_3 [Yg45] Starts Rotation
u_2 [qqH_] Starts Rotation
u_0 [phKY] Starts Rotation
u_6 [123l] Starts Rotation
u_8 [Pi0L] Starts Rotation
u_4 [egA0] Starts Rotation
u_9 [Bq1l] Starts Rotation
u_7 [5tnP] Starts Rotation
u_0 [phKY] Ends Rotation
u_0 [phKY] - Completed Key Rotation
u_6 [123l] Ends Rotation
u_6 [123l] - Completed Key Rotation
u_8 [Pi0L] Ends Rotation
u_8 [Pi0L] - Completed Key Rotation
u_2 [qqH_] Ends Rotation
u_2 [qqH_] - Completed Key Rotation
u_4 [egA0] Ends Rotation
u_4 [egA0] - Completed Key Rotation
u_5 [EI3x] Ends Rotation
u_5 [EI3x] - Completed Key Rotation
u_9 [Bq1l] Ends Rotation
u_9 [Bq1l] - Completed Key Rotation
u_7 [5tnP] Ends Rotation
u_7 [5tnP] - Completed Key Rotation
u_1 [K610] Ends Rotation
u_1 [K610] - Completed Key Rotation
u_3 [Yg45] Ends Rotation
u_3 [Yg45] - Completed Key Rotation
Executed 10 users / 10 success / 0 fail
Test 1: 5650ms (565 p.u.)
Test 2: 1ms (0 p.u.)
Test 3: 689ms (68 p.u.)
Test 4: 2315ms (231 p.u.)
