Waiting for an incoming message - Test 1 (inception)
Error while deserializing http message: Error("EOF while parsing a value", line: 1, column: 0)
	Preparing Data...
	Data is ready, starting users and test1
Incepted: u_9 [tUKc]
Incepted: u_4 [kLmU]
Incepted: u_6 [nY9h]
Incepted: u_1 [BjQm]
Incepted: u_0 [oWjZ]
Incepted: u_5 [UBhh]
Incepted: u_8 [rOMr]
Incepted: u_7 [Ia3-]
Incepted: u_3 [qPEZ]
Incepted: u_2 [JEy2]
	Added [x5MO] as watcher for u_9 [tUKc]
	Added [x5MO] as watcher for u_4 [kLmU]
	Added [jm4C] as watcher for u_1 [BjQm]
	Added [x5MO] as watcher for u_6 [nY9h]
	Added [jm4C] as watcher for u_5 [UBhh]
	Added [jm4C] as watcher for u_8 [rOMr]
	Added [2D85] as watcher for u_2 [JEy2]
	Added [bivQ] as watcher for u_0 [oWjZ]
	Added [jm4C] as watcher for u_7 [Ia3-]
	Added [jm4C] as watcher for u_3 [qPEZ]
	Added [2D85] as watcher for u_1 [BjQm]
	Added [jm4C] as watcher for u_9 [tUKc]
	Added [jm4C] as watcher for u_4 [kLmU]
	Added [bivQ] as watcher for u_6 [nY9h]
	Added [2D85] as watcher for u_7 [Ia3-]
	Added [x5MO] as watcher for u_0 [oWjZ]
	Added [2D85] as watcher for u_3 [qPEZ]
	Added [x5MO] as watcher for u_8 [rOMr]
	Added [x5MO] as watcher for u_2 [JEy2]
	Added [x5MO] as watcher for u_1 [BjQm]
	Asking u_1 [BjQm]'s watchers to watch [oRVL]
	Added [bivQ] as watcher for u_5 [UBhh]
	Added [bivQ] as watcher for u_9 [tUKc]
	Asking u_9 [tUKc]'s watchers to watch [oRVL]
	Added [bivQ] as watcher for u_4 [kLmU]
	Asking u_4 [kLmU]'s watchers to watch [oRVL]
	Added [2D85] as watcher for u_6 [nY9h]
	Asking u_6 [nY9h]'s watchers to watch [oRVL]
	Added [2D85] as watcher for u_0 [oWjZ]
	Asking u_0 [oWjZ]'s watchers to watch [oRVL]
	Added [x5MO] as watcher for u_7 [Ia3-]
	Asking u_7 [Ia3-]'s watchers to watch [oRVL]
	Added [x5MO] as watcher for u_3 [qPEZ]
	Asking u_3 [qPEZ]'s watchers to watch [oRVL]
	Added [2D85] as watcher for u_5 [UBhh]
	Asking u_5 [UBhh]'s watchers to watch [oRVL]
	Added [bivQ] as watcher for u_8 [rOMr]
	Asking u_8 [rOMr]'s watchers to watch [oRVL]
	Added [bivQ] as watcher for u_2 [JEy2]
	Asking u_2 [JEy2]'s watchers to watch [oRVL]
	✅ u_1 [BjQm] Inception Done
	✅ u_9 [tUKc] Inception Done
	✅ u_7 [Ia3-] Inception Done
	✅ u_3 [qPEZ] Inception Done
	✅ u_0 [oWjZ] Inception Done
	✅ u_6 [nY9h] Inception Done
	✅ u_4 [kLmU] Inception Done
	✅ u_5 [UBhh] Inception Done
	✅ u_8 [rOMr] Inception Done
	✅ u_2 [JEy2] Inception Done
Test 2 (signature verification)
	✅ u_2 [JEy2] Message verified
	✅ u_8 [rOMr] Message verified
	✅ u_3 [qPEZ] Message verified
	✅ u_6 [nY9h] Message verified
	✅ u_0 [oWjZ] Message verified
	✅ u_1 [BjQm] Message verified
	✅ u_5 [UBhh] Message verified
	✅ u_7 [Ia3-] Message verified
	✅ u_9 [tUKc] Message verified
	✅ u_4 [kLmU] Message verified
Waiting for an incoming message - Test 3 (signature verification after rotation of issuer)
	✅ u_1 [BjQm] Message Verified (2)
	✅ u_0 [oWjZ] Message Verified (2)
	✅ u_3 [qPEZ] Message Verified (2)
	✅ u_6 [nY9h] Message Verified (2)
	✅ u_7 [Ia3-] Message Verified (2)
	✅ u_4 [kLmU] Message Verified (2)
	✅ u_9 [tUKc] Message Verified (2)
	✅ u_2 [JEy2] Message Verified (2)
	✅ u_8 [rOMr] Message Verified (2)
	✅ u_5 [UBhh] Message Verified (2)
Waiting for an incoming message - Test 4 (valid acdc credential)
skipped--
Waiting for an incoming message - Test 5 (acdc revocation)
skipped--
Waiting for an incoming message - Test 6
u_5 [UBhh] Starts Rotation
u_6 [nY9h] Starts Rotation
u_3 [qPEZ] Starts Rotation
u_9 [tUKc] Starts Rotation
u_4 [kLmU] Starts Rotation
u_1 [BjQm] Starts Rotation
u_7 [Ia3-] Starts Rotation
u_8 [rOMr] Starts Rotation
u_2 [JEy2] Starts Rotation
u_0 [oWjZ] Starts Rotation
u_6 [nY9h] Ends Rotation
u_6 [nY9h] - Completed Key Rotation
u_8 [rOMr] Ends Rotation
u_8 [rOMr] - Completed Key Rotation
u_7 [Ia3-] Ends Rotation
u_7 [Ia3-] - Completed Key Rotation
u_9 [tUKc] Ends Rotation
u_9 [tUKc] - Completed Key Rotation
u_1 [BjQm] Ends Rotation
u_1 [BjQm] - Completed Key Rotation
u_3 [qPEZ] Ends Rotation
u_3 [qPEZ] - Completed Key Rotation
u_5 [UBhh] Ends Rotation
u_5 [UBhh] - Completed Key Rotation
u_2 [JEy2] Ends Rotation
u_2 [JEy2] - Completed Key Rotation
u_0 [oWjZ] Ends Rotation
u_0 [oWjZ] - Completed Key Rotation
u_4 [kLmU] Ends Rotation
u_4 [kLmU] - Completed Key Rotation
Executed 10 users / 10 success / 0 fail
Test 1: 5021ms (502 p.u.)
Test 2: 1ms (0 p.u.)
Test 3: 635ms (63 p.u.)
Test 4: 3105ms (310 p.u.)
