Waiting for an incoming message - Test 1 (inception)
Error while deserializing http message: Error("EOF while parsing a value", line: 1, column: 0)
	Preparing Data...
	Data is ready, starting users and test1
Incepted: u_3 [9vuu]
Incepted: u_8 [4l-O]
Incepted: u_0 [ZyE0]
Incepted: u_6 [m7Z1]
Incepted: u_9 [q170]
Incepted: u_7 [aCR_]
	Added [bivQ] as watcher for u_3 [9vuu]
Incepted: u_1 [Bxk5]
	Added [2D85] as watcher for u_8 [4l-O]
	Added [bivQ] as watcher for u_0 [ZyE0]
Incepted: u_2 [RKhC]
Incepted: u_5 [P_Mk]
Incepted: u_4 [tAnR]
	Added [2D85] as watcher for u_6 [m7Z1]
	Added [2D85] as watcher for u_1 [Bxk5]
	Added [bivQ] as watcher for u_9 [q170]
	Added [x5MO] as watcher for u_7 [aCR_]
	Added [x5MO] as watcher for u_3 [9vuu]
	Added [x5MO] as watcher for u_0 [ZyE0]
	Added [x5MO] as watcher for u_8 [4l-O]
	Added [2D85] as watcher for u_4 [tAnR]
	Added [bivQ] as watcher for u_2 [RKhC]
	Added [2D85] as watcher for u_5 [P_Mk]
	Added [jm4C] as watcher for u_6 [m7Z1]
	Added [jm4C] as watcher for u_9 [q170]
	Added [jm4C] as watcher for u_7 [aCR_]
	Added [jm4C] as watcher for u_3 [9vuu]
	Asking u_3 [9vuu]'s watchers to watch [oRVL]
	Added [jm4C] as watcher for u_0 [ZyE0]
	Asking u_0 [ZyE0]'s watchers to watch [oRVL]
	Added [x5MO] as watcher for u_1 [Bxk5]
	Added [jm4C] as watcher for u_4 [tAnR]
	Added [bivQ] as watcher for u_8 [4l-O]
	Asking u_8 [4l-O]'s watchers to watch [oRVL]
	Added [bivQ] as watcher for u_6 [m7Z1]
	Asking u_6 [m7Z1]'s watchers to watch [oRVL]
	Added [bivQ] as watcher for u_5 [P_Mk]
	Added [2D85] as watcher for u_9 [q170]
	Asking u_9 [q170]'s watchers to watch [oRVL]
	Added [2D85] as watcher for u_7 [aCR_]
	Asking u_7 [aCR_]'s watchers to watch [oRVL]
	Added [2D85] as watcher for u_2 [RKhC]
	Added [jm4C] as watcher for u_1 [Bxk5]
	Asking u_1 [Bxk5]'s watchers to watch [oRVL]
	✅ u_3 [9vuu] Inception Done
	✅ u_0 [ZyE0] Inception Done
	Added [bivQ] as watcher for u_4 [tAnR]
	Asking u_4 [tAnR]'s watchers to watch [oRVL]
	✅ u_6 [m7Z1] Inception Done
	Added [x5MO] as watcher for u_5 [P_Mk]
	Asking u_5 [P_Mk]'s watchers to watch [oRVL]
	✅ u_8 [4l-O] Inception Done
	✅ u_9 [q170] Inception Done
	✅ u_7 [aCR_] Inception Done
	✅ u_4 [tAnR] Inception Done
	✅ u_1 [Bxk5] Inception Done
	Added [x5MO] as watcher for u_2 [RKhC]
	Asking u_2 [RKhC]'s watchers to watch [oRVL]
	✅ u_5 [P_Mk] Inception Done
	✅ u_2 [RKhC] Inception Done
Test 2 (signature verification)
	✅ u_2 [RKhC] Message verified
	✅ u_6 [m7Z1] Message verified
	✅ u_1 [Bxk5] Message verified
	✅ u_7 [aCR_] Message verified
	✅ u_8 [4l-O] Message verified
	✅ u_5 [P_Mk] Message verified
	✅ u_3 [9vuu] Message verified
	✅ u_9 [q170] Message verified
	✅ u_0 [ZyE0] Message verified
	✅ u_4 [tAnR] Message verified
Waiting for an incoming message - Test 3 (signature verification after rotation of issuer)
	✅ u_8 [4l-O] Message Verified (2)
	✅ u_5 [P_Mk] Message Verified (2)
	✅ u_6 [m7Z1] Message Verified (2)
	✅ u_4 [tAnR] Message Verified (2)
	✅ u_3 [9vuu] Message Verified (2)
	✅ u_9 [q170] Message Verified (2)
	✅ u_0 [ZyE0] Message Verified (2)
	✅ u_7 [aCR_] Message Verified (2)
	✅ u_2 [RKhC] Message Verified (2)
	✅ u_1 [Bxk5] Message Verified (2)
Waiting for an incoming message - Test 4 (valid acdc credential)
skipped--
Waiting for an incoming message - Test 5 (acdc revocation)
skipped--
Waiting for an incoming message - Test 6
u_1 [Bxk5] Starts Rotation
u_6 [m7Z1] Starts Rotation
u_3 [9vuu] Starts Rotation
u_8 [4l-O] Starts Rotation
u_2 [RKhC] Starts Rotation
u_5 [P_Mk] Starts Rotation
u_4 [tAnR] Starts Rotation
u_0 [ZyE0] Starts Rotation
u_7 [aCR_] Starts Rotation
u_9 [q170] Starts Rotation
u_9 [q170] Ends Rotation
u_9 [q170] - Completed Key Rotation
u_1 [Bxk5] Ends Rotation
u_1 [Bxk5] - Completed Key Rotation
u_4 [tAnR] Ends Rotation
u_4 [tAnR] - Completed Key Rotation
u_6 [m7Z1] Ends Rotation
u_6 [m7Z1] - Completed Key Rotation
u_5 [P_Mk] Ends Rotation
u_5 [P_Mk] - Completed Key Rotation
u_8 [4l-O] Ends Rotation
u_8 [4l-O] - Completed Key Rotation
u_3 [9vuu] Ends Rotation
u_3 [9vuu] - Completed Key Rotation
u_0 [ZyE0] Ends Rotation
u_0 [ZyE0] - Completed Key Rotation
u_7 [aCR_] Ends Rotation
u_7 [aCR_] - Completed Key Rotation
u_2 [RKhC] Ends Rotation
u_2 [RKhC] - Completed Key Rotation
Executed 10 users / 10 success / 0 fail
Test 1: 9248ms (924 p.u.)
Test 2: 1ms (0 p.u.)
Test 3: 883ms (88 p.u.)
Test 4: 6162ms (616 p.u.)
