Waiting for an incoming message - Test 1 (inception)
Error while deserializing http message: Error("EOF while parsing a value", line: 1, column: 0)
	Preparing Data...
	Data is ready, starting users and test1
Incepted: u_9 [2GmR]
Incepted: u_2 [ulJd]
Incepted: u_0 [BjFg]
Incepted: u_3 [YmfY]
	Added [2D85] as watcher for u_0 [BjFg]
	Added [jm4C] as watcher for u_9 [2GmR]
	Added [bivQ] as watcher for u_3 [YmfY]
	Added [bivQ] as watcher for u_2 [ulJd]
Incepted: u_8 [jIYG]
Incepted: u_1 [zYvx]
	Added [2D85] as watcher for u_9 [2GmR]
	Added [x5MO] as watcher for u_0 [BjFg]
Incepted: u_4 [TuMl]
	Added [jm4C] as watcher for u_3 [YmfY]
	Added [x5MO] as watcher for u_8 [jIYG]
Incepted: u_7 [13Uo]
	Added [jm4C] as watcher for u_2 [ulJd]
Incepted: u_5 [oHtT]
	Added [x5MO] as watcher for u_1 [zYvx]
Incepted: u_6 [8HlB]
	Added [bivQ] as watcher for u_4 [TuMl]
	Added [jm4C] as watcher for u_0 [BjFg]
	Asking u_0 [BjFg]'s watchers to watch [oRVL]
	Added [x5MO] as watcher for u_9 [2GmR]
	Asking u_9 [2GmR]'s watchers to watch [oRVL]
	Added [jm4C] as watcher for u_8 [jIYG]
	Added [2D85] as watcher for u_1 [zYvx]
	Added [2D85] as watcher for u_7 [13Uo]
	Added [x5MO] as watcher for u_3 [YmfY]
	Asking u_3 [YmfY]'s watchers to watch [oRVL]
	Added [x5MO] as watcher for u_2 [ulJd]
	Asking u_2 [ulJd]'s watchers to watch [oRVL]
	Added [2D85] as watcher for u_5 [oHtT]
	Added [2D85] as watcher for u_6 [8HlB]
	Added [2D85] as watcher for u_8 [jIYG]
	Asking u_8 [jIYG]'s watchers to watch [oRVL]
	Added [jm4C] as watcher for u_1 [zYvx]
	Asking u_1 [zYvx]'s watchers to watch [oRVL]
	✅ u_9 [2GmR] Inception Done
	✅ u_3 [YmfY] Inception Done
	Added [jm4C] as watcher for u_5 [oHtT]
	Added [x5MO] as watcher for u_4 [TuMl]
	✅ u_0 [BjFg] Inception Done
	Added [jm4C] as watcher for u_7 [13Uo]
	✅ u_2 [ulJd] Inception Done
	Added [bivQ] as watcher for u_6 [8HlB]
	✅ u_8 [jIYG] Inception Done
	✅ u_1 [zYvx] Inception Done
	Added [x5MO] as watcher for u_5 [oHtT]
	Asking u_5 [oHtT]'s watchers to watch [oRVL]
	Added [bivQ] as watcher for u_7 [13Uo]
	Asking u_7 [13Uo]'s watchers to watch [oRVL]
	Added [jm4C] as watcher for u_6 [8HlB]
	Asking u_6 [8HlB]'s watchers to watch [oRVL]
	Added [2D85] as watcher for u_4 [TuMl]
	Asking u_4 [TuMl]'s watchers to watch [oRVL]
	✅ u_5 [oHtT] Inception Done
	✅ u_7 [13Uo] Inception Done
	✅ u_6 [8HlB] Inception Done
	✅ u_4 [TuMl] Inception Done
Test 2 (signature verification)
	✅ u_4 [TuMl] Message verified
	✅ u_2 [ulJd] Message verified
	✅ u_8 [jIYG] Message verified
	✅ u_1 [zYvx] Message verified
	✅ u_5 [oHtT] Message verified
	✅ u_7 [13Uo] Message verified
	✅ u_6 [8HlB] Message verified
	✅ u_9 [2GmR] Message verified
	✅ u_3 [YmfY] Message verified
	✅ u_0 [BjFg] Message verified
Waiting for an incoming message - Test 3 (signature verification after rotation of issuer)
	✅ u_6 [8HlB] Message Verified (2)
	✅ u_3 [YmfY] Message Verified (2)
	✅ u_9 [2GmR] Message Verified (2)
	✅ u_2 [ulJd] Message Verified (2)
	✅ u_5 [oHtT] Message Verified (2)
	✅ u_4 [TuMl] Message Verified (2)
	✅ u_8 [jIYG] Message Verified (2)
	✅ u_7 [13Uo] Message Verified (2)
	✅ u_1 [zYvx] Message Verified (2)
	✅ u_0 [BjFg] Message Verified (2)
Waiting for an incoming message - Test 4 (valid acdc credential)
skipped--
Waiting for an incoming message - Test 5 (acdc revocation)
skipped--
Waiting for an incoming message - Test 6
u_2 [ulJd] Starts Rotation
u_4 [TuMl] Starts Rotation
u_9 [2GmR] Starts Rotation
u_0 [BjFg] Starts Rotation
u_8 [jIYG] Starts Rotation
u_1 [zYvx] Starts Rotation
u_3 [YmfY] Starts Rotation
u_5 [oHtT] Starts Rotation
u_7 [13Uo] Starts Rotation
u_6 [8HlB] Starts Rotation
u_1 [zYvx] Ends Rotation
u_1 [zYvx] - Completed Key Rotation
u_9 [2GmR] Ends Rotation
u_9 [2GmR] - Completed Key Rotation
u_0 [BjFg] Ends Rotation
u_0 [BjFg] - Completed Key Rotation
u_8 [jIYG] Ends Rotation
u_8 [jIYG] - Completed Key Rotation
u_4 [TuMl] Ends Rotation
u_4 [TuMl] - Completed Key Rotation
u_2 [ulJd] Ends Rotation
u_2 [ulJd] - Completed Key Rotation
u_7 [13Uo] Ends Rotation
u_7 [13Uo] - Completed Key Rotation
u_5 [oHtT] Ends Rotation
u_5 [oHtT] - Completed Key Rotation
u_3 [YmfY] Ends Rotation
u_3 [YmfY] - Completed Key Rotation
u_6 [8HlB] Ends Rotation
u_6 [8HlB] - Completed Key Rotation
Executed 10 users / 10 success / 0 fail
Test 1: 9706ms (970 p.u.)
Test 2: 1ms (0 p.u.)
Test 3: 770ms (77 p.u.)
Test 4: 6523ms (652 p.u.)
