Waiting for an incoming message - Test 1 (inception)
Error while deserializing http message: Error("EOF while parsing a value", line: 1, column: 0)
	Preparing Data...
	Data is ready, starting users and test1
Incepted: u_5 [A-3P]
Incepted: u_8 [PVk2]
Incepted: u_2 [NA-t]
Incepted: u_4 [3GOL]
Incepted: u_3 [JuUg]
Incepted: u_9 [cNfg]
Incepted: u_7 [H4Qy]
Incepted: u_6 [PQYp]
	Added [x5MO] as watcher for u_8 [PVk2]
	Added [x5MO] as watcher for u_5 [A-3P]
Incepted: u_0 [JSOS]
	Added [jm4C] as watcher for u_2 [NA-t]
	Added [2D85] as watcher for u_3 [JuUg]
Incepted: u_1 [wbKI]
	Added [x5MO] as watcher for u_4 [3GOL]
	Added [2D85] as watcher for u_7 [H4Qy]
	Added [2D85] as watcher for u_5 [A-3P]
	Added [jm4C] as watcher for u_8 [PVk2]
	Added [bivQ] as watcher for u_9 [cNfg]
	Added [jm4C] as watcher for u_6 [PQYp]
	Added [x5MO] as watcher for u_1 [wbKI]
	Added [bivQ] as watcher for u_3 [JuUg]
	Added [bivQ] as watcher for u_2 [NA-t]
	Added [jm4C] as watcher for u_0 [JSOS]
	Added [x5MO] as watcher for u_7 [H4Qy]
	Added [2D85] as watcher for u_4 [3GOL]
	Added [x5MO] as watcher for u_9 [cNfg]
	Added [2D85] as watcher for u_6 [PQYp]
	Added [bivQ] as watcher for u_5 [A-3P]
	Asking u_5 [A-3P]'s watchers to watch [oRVL]
	Added [bivQ] as watcher for u_8 [PVk2]
	Asking u_8 [PVk2]'s watchers to watch [oRVL]
	Added [x5MO] as watcher for u_2 [NA-t]
	Asking u_2 [NA-t]'s watchers to watch [oRVL]
	Added [jm4C] as watcher for u_1 [wbKI]
	Added [2D85] as watcher for u_9 [cNfg]
	Asking u_9 [cNfg]'s watchers to watch [oRVL]
	Added [x5MO] as watcher for u_0 [JSOS]
	Added [jm4C] as watcher for u_3 [JuUg]
	Asking u_3 [JuUg]'s watchers to watch [oRVL]
	Added [bivQ] as watcher for u_7 [H4Qy]
	Asking u_7 [H4Qy]'s watchers to watch [oRVL]
	Added [bivQ] as watcher for u_4 [3GOL]
	Asking u_4 [3GOL]'s watchers to watch [oRVL]
	Added [bivQ] as watcher for u_6 [PQYp]
	Asking u_6 [PQYp]'s watchers to watch [oRVL]
	Added [bivQ] as watcher for u_1 [wbKI]
	Asking u_1 [wbKI]'s watchers to watch [oRVL]
	Added [bivQ] as watcher for u_0 [JSOS]
	Asking u_0 [JSOS]'s watchers to watch [oRVL]
	✅ u_5 [A-3P] Inception Done
	✅ u_3 [JuUg] Inception Done
	✅ u_8 [PVk2] Inception Done
	✅ u_9 [cNfg] Inception Done
	✅ u_2 [NA-t] Inception Done
	✅ u_7 [H4Qy] Inception Done
	✅ u_4 [3GOL] Inception Done
	✅ u_6 [PQYp] Inception Done
	✅ u_1 [wbKI] Inception Done
	✅ u_0 [JSOS] Inception Done
Test 2 (signature verification)
	✅ u_0 [JSOS] Message verified
	✅ u_7 [H4Qy] Message verified
	✅ u_6 [PQYp] Message verified
	✅ u_2 [NA-t] Message verified
	✅ u_5 [A-3P] Message verified
	✅ u_4 [3GOL] Message verified
	✅ u_8 [PVk2] Message verified
	✅ u_9 [cNfg] Message verified
	✅ u_1 [wbKI] Message verified
	✅ u_3 [JuUg] Message verified
Waiting for an incoming message - Test 3 (signature verification after rotation of issuer)
	✅ u_7 [H4Qy] Message Verified (2)
	✅ u_2 [NA-t] Message Verified (2)
	✅ u_8 [PVk2] Message Verified (2)
	✅ u_4 [3GOL] Message Verified (2)
	✅ u_3 [JuUg] Message Verified (2)
	✅ u_6 [PQYp] Message Verified (2)
	✅ u_9 [cNfg] Message Verified (2)
	✅ u_5 [A-3P] Message Verified (2)
	✅ u_1 [wbKI] Message Verified (2)
	✅ u_0 [JSOS] Message Verified (2)
Waiting for an incoming message - Test 4 (valid acdc credential)
skipped--
Waiting for an incoming message - Test 5 (acdc revocation)
skipped--
Waiting for an incoming message - Test 6
u_0 [JSOS] Starts Rotation
u_3 [JuUg] Starts Rotation
u_7 [H4Qy] Starts Rotation
u_6 [PQYp] Starts Rotation
u_1 [wbKI] Starts Rotation
u_8 [PVk2] Starts Rotation
u_5 [A-3P] Starts Rotation
u_4 [3GOL] Starts Rotation
u_2 [NA-t] Starts Rotation
u_9 [cNfg] Starts Rotation
u_6 [PQYp] Ends Rotation
u_6 [PQYp] - Completed Key Rotation
u_3 [JuUg] Ends Rotation
u_3 [JuUg] - Completed Key Rotation
u_4 [3GOL] Ends Rotation
u_4 [3GOL] - Completed Key Rotation
u_8 [PVk2] Ends Rotation
u_8 [PVk2] - Completed Key Rotation
u_7 [H4Qy] Ends Rotation
u_7 [H4Qy] - Completed Key Rotation
u_2 [NA-t] Ends Rotation
u_2 [NA-t] - Completed Key Rotation
u_1 [wbKI] Ends Rotation
u_1 [wbKI] - Completed Key Rotation
u_0 [JSOS] Ends Rotation
u_0 [JSOS] - Completed Key Rotation
u_5 [A-3P] Ends Rotation
u_5 [A-3P] - Completed Key Rotation
u_9 [cNfg] Ends Rotation
u_9 [cNfg] - Completed Key Rotation
Executed 10 users / 10 success / 0 fail
Test 1: 4998ms (499 p.u.)
Test 2: 1ms (0 p.u.)
Test 3: 669ms (66 p.u.)
Test 4: 4227ms (422 p.u.)
