Waiting for an incoming message - Test 1 (inception)
Error while deserializing http message: Error("EOF while parsing a value", line: 1, column: 0)
	Preparing Data...
	Data is ready, starting users and test1
Incepted: u_7 [pu4K]
Incepted: u_9 [Xhko]
Incepted: u_2 [G6xT]
Incepted: u_3 [1HQI]
Incepted: u_1 [IjbZ]
Incepted: u_8 [qDK5]
Incepted: u_6 [ocwM]
Incepted: u_4 [wWdZ]
	Added [bivQ] as watcher for u_2 [G6xT]
Incepted: u_0 [dj-U]
	Added [bivQ] as watcher for u_3 [1HQI]
Incepted: u_5 [hwKj]
	Added [2D85] as watcher for u_7 [pu4K]
	Added [jm4C] as watcher for u_9 [Xhko]
	Added [bivQ] as watcher for u_6 [ocwM]
	Added [bivQ] as watcher for u_4 [wWdZ]
	Added [bivQ] as watcher for u_5 [hwKj]
	Added [2D85] as watcher for u_1 [IjbZ]
	Added [2D85] as watcher for u_8 [qDK5]
	Added [x5MO] as watcher for u_2 [G6xT]
	Added [x5MO] as watcher for u_0 [dj-U]
	Added [2D85] as watcher for u_3 [1HQI]
	Added [jm4C] as watcher for u_7 [pu4K]
	Added [bivQ] as watcher for u_8 [qDK5]
	Added [bivQ] as watcher for u_1 [IjbZ]
	Added [2D85] as watcher for u_9 [Xhko]
	Added [2D85] as watcher for u_6 [ocwM]
	Added [jm4C] as watcher for u_4 [wWdZ]
	Added [2D85] as watcher for u_5 [hwKj]
	Added [bivQ] as watcher for u_7 [pu4K]
	Asking u_7 [pu4K]'s watchers to watch [oRVL]
	Added [jm4C] as watcher for u_2 [G6xT]
	Asking u_2 [G6xT]'s watchers to watch [oRVL]
	Added [jm4C] as watcher for u_0 [dj-U]
	Added [x5MO] as watcher for u_8 [qDK5]
	Asking u_8 [qDK5]'s watchers to watch [oRVL]
	Added [jm4C] as watcher for u_3 [1HQI]
	Asking u_3 [1HQI]'s watchers to watch [oRVL]
	Added [x5MO] as watcher for u_1 [IjbZ]
	Asking u_1 [IjbZ]'s watchers to watch [oRVL]
	Added [x5MO] as watcher for u_9 [Xhko]
	Asking u_9 [Xhko]'s watchers to watch [oRVL]
	Added [2D85] as watcher for u_4 [wWdZ]
	Asking u_4 [wWdZ]'s watchers to watch [oRVL]
	Added [jm4C] as watcher for u_6 [ocwM]
	Asking u_6 [ocwM]'s watchers to watch [oRVL]
	Added [x5MO] as watcher for u_5 [hwKj]
	Asking u_5 [hwKj]'s watchers to watch [oRVL]
	Added [2D85] as watcher for u_0 [dj-U]
	Asking u_0 [dj-U]'s watchers to watch [oRVL]
	✅ u_7 [pu4K] Inception Done
	✅ u_2 [G6xT] Inception Done
	✅ u_3 [1HQI] Inception Done
	✅ u_8 [qDK5] Inception Done
	✅ u_1 [IjbZ] Inception Done
	✅ u_4 [wWdZ] Inception Done
	✅ u_9 [Xhko] Inception Done
	✅ u_5 [hwKj] Inception Done
	✅ u_6 [ocwM] Inception Done
	✅ u_0 [dj-U] Inception Done
Test 2 (signature verification)
	✅ u_0 [dj-U] Message verified
	✅ u_4 [wWdZ] Message verified
	✅ u_7 [pu4K] Message verified
	✅ u_3 [1HQI] Message verified
	✅ u_2 [G6xT] Message verified
	✅ u_1 [IjbZ] Message verified
	✅ u_8 [qDK5] Message verified
	✅ u_5 [hwKj] Message verified
	✅ u_9 [Xhko] Message verified
	✅ u_6 [ocwM] Message verified
Waiting for an incoming message - Test 3 (signature verification after rotation of issuer)
	✅ u_8 [qDK5] Message Verified (2)
	✅ u_3 [1HQI] Message Verified (2)
	✅ u_9 [Xhko] Message Verified (2)
	✅ u_6 [ocwM] Message Verified (2)
	✅ u_4 [wWdZ] Message Verified (2)
	✅ u_7 [pu4K] Message Verified (2)
	✅ u_2 [G6xT] Message Verified (2)
	✅ u_0 [dj-U] Message Verified (2)
	✅ u_5 [hwKj] Message Verified (2)
	✅ u_1 [IjbZ] Message Verified (2)
Waiting for an incoming message - Test 4 (valid acdc credential)
skipped--
Waiting for an incoming message - Test 5 (acdc revocation)
skipped--
Waiting for an incoming message - Test 6
u_9 [Xhko] Starts Rotation
u_2 [G6xT] Starts Rotation
u_8 [qDK5] Starts Rotation
u_3 [1HQI] Starts Rotation
u_1 [IjbZ] Starts Rotation
u_4 [wWdZ] Starts Rotation
u_5 [hwKj] Starts Rotation
u_7 [pu4K] Starts Rotation
u_0 [dj-U] Starts Rotation
u_6 [ocwM] Starts Rotation
u_1 [IjbZ] Ends Rotation
u_1 [IjbZ] - Completed Key Rotation
u_7 [pu4K] Ends Rotation
u_7 [pu4K] - Completed Key Rotation
u_5 [hwKj] Ends Rotation
u_5 [hwKj] - Completed Key Rotation
u_9 [Xhko] Ends Rotation
u_9 [Xhko] - Completed Key Rotation
u_2 [G6xT] Ends Rotation
u_2 [G6xT] - Completed Key Rotation
u_0 [dj-U] Ends Rotation
u_0 [dj-U] - Completed Key Rotation
u_3 [1HQI] Ends Rotation
u_3 [1HQI] - Completed Key Rotation
u_8 [qDK5] Ends Rotation
u_8 [qDK5] - Completed Key Rotation
u_4 [wWdZ] Ends Rotation
u_4 [wWdZ] - Completed Key Rotation
u_6 [ocwM] Ends Rotation
u_6 [ocwM] - Completed Key Rotation
Executed 10 users / 10 success / 0 fail
Test 1: 5395ms (539 p.u.)
Test 2: 1ms (0 p.u.)
Test 3: 611ms (61 p.u.)
Test 4: 3185ms (318 p.u.)
