Waiting for an incoming message - Test 1 (inception)
Error while deserializing http message: Error("EOF while parsing a value", line: 1, column: 0)
	Preparing Data...
	Data is ready, starting users and test1
Incepted: u_4 [eNvH]
Incepted: u_2 [L-TC]
Incepted: u_0 [Ft7n]
Incepted: u_9 [6LFO]
Incepted: u_6 [o0LL]
Incepted: u_1 [qoRN]
Incepted: u_7 [lJ92]
Incepted: u_8 [AFGI]
Incepted: u_5 [697w]
Incepted: u_3 [DUli]
	Added [x5MO] as watcher for u_4 [eNvH]
	Added [x5MO] as watcher for u_2 [L-TC]
	Added [x5MO] as watcher for u_7 [lJ92]
	Added [bivQ] as watcher for u_0 [Ft7n]
	Added [jm4C] as watcher for u_6 [o0LL]
	Added [x5MO] as watcher for u_8 [AFGI]
	Added [jm4C] as watcher for u_3 [DUli]
	Added [bivQ] as watcher for u_9 [6LFO]
	Added [2D85] as watcher for u_4 [eNvH]
	Added [bivQ] as watcher for u_1 [qoRN]
	Added [bivQ] as watcher for u_5 [697w]
	Added [2D85] as watcher for u_2 [L-TC]
	Added [2D85] as watcher for u_7 [lJ92]
	Added [jm4C] as watcher for u_0 [Ft7n]
	Added [jm4C] as watcher for u_8 [AFGI]
	Added [2D85] as watcher for u_9 [6LFO]
	Added [jm4C] as watcher for u_4 [eNvH]
	Asking u_4 [eNvH]'s watchers to watch [oRVL]
	Added [bivQ] as watcher for u_6 [o0LL]
	Added [x5MO] as watcher for u_5 [697w]
	Added [jm4C] as watcher for u_1 [qoRN]
	Added [bivQ] as watcher for u_3 [DUli]
	Added [bivQ] as watcher for u_2 [L-TC]
	Asking u_2 [L-TC]'s watchers to watch [oRVL]
	Added [2D85] as watcher for u_8 [AFGI]
	Asking u_8 [AFGI]'s watchers to watch [oRVL]
	Added [x5MO] as watcher for u_9 [6LFO]
	Asking u_9 [6LFO]'s watchers to watch [oRVL]
	Added [x5MO] as watcher for u_0 [Ft7n]
	Asking u_0 [Ft7n]'s watchers to watch [oRVL]
	Added [bivQ] as watcher for u_7 [lJ92]
	Asking u_7 [lJ92]'s watchers to watch [oRVL]
	Added [2D85] as watcher for u_1 [qoRN]
	Asking u_1 [qoRN]'s watchers to watch [oRVL]
	Added [jm4C] as watcher for u_5 [697w]
	Asking u_5 [697w]'s watchers to watch [oRVL]
	Added [x5MO] as watcher for u_6 [o0LL]
	Asking u_6 [o0LL]'s watchers to watch [oRVL]
	Added [x5MO] as watcher for u_3 [DUli]
	Asking u_3 [DUli]'s watchers to watch [oRVL]
	✅ u_4 [eNvH] Inception Done
	✅ u_2 [L-TC] Inception Done
	✅ u_9 [6LFO] Inception Done
	✅ u_8 [AFGI] Inception Done
	✅ u_7 [lJ92] Inception Done
	✅ u_0 [Ft7n] Inception Done
	✅ u_1 [qoRN] Inception Done
	✅ u_5 [697w] Inception Done
	✅ u_6 [o0LL] Inception Done
	✅ u_3 [DUli] Inception Done
Test 2 (signature verification)
	✅ u_3 [DUli] Message verified
	✅ u_4 [eNvH] Message verified
	✅ u_6 [o0LL] Message verified
	✅ u_1 [qoRN] Message verified
	✅ u_8 [AFGI] Message verified
	✅ u_9 [6LFO] Message verified
	✅ u_7 [lJ92] Message verified
	✅ u_2 [L-TC] Message verified
	✅ u_0 [Ft7n] Message verified
	✅ u_5 [697w] Message verified
Waiting for an incoming message - Test 3 (signature verification after rotation of issuer)
	✅ u_2 [L-TC] Message Verified (2)
	✅ u_6 [o0LL] Message Verified (2)
	✅ u_8 [AFGI] Message Verified (2)
	✅ u_9 [6LFO] Message Verified (2)
	✅ u_3 [DUli] Message Verified (2)
	✅ u_0 [Ft7n] Message Verified (2)
	✅ u_7 [lJ92] Message Verified (2)
	✅ u_1 [qoRN] Message Verified (2)
	✅ u_5 [697w] Message Verified (2)
	✅ u_4 [eNvH] Message Verified (2)
Waiting for an incoming message - Test 4 (valid acdc credential)
skipped--
Waiting for an incoming message - Test 5 (acdc revocation)
skipped--
Waiting for an incoming message - Test 6
u_6 [o0LL] Starts Rotation
u_8 [AFGI] Starts Rotation
u_7 [lJ92] Starts Rotation
u_2 [L-TC] Starts Rotation
u_4 [eNvH] Starts Rotation
u_9 [6LFO] Starts Rotation
u_3 [DUli] Starts Rotation
u_5 [697w] Starts Rotation
u_0 [Ft7n] Starts Rotation
u_1 [qoRN] Starts Rotation
u_1 [qoRN] Ends Rotation
u_1 [qoRN] - Completed Key Rotation
u_5 [697w] Ends Rotation
u_5 [697w] - Completed Key Rotation
u_4 [eNvH] Ends Rotation
u_4 [eNvH] - Completed Key Rotation
u_6 [o0LL] Ends Rotation
u_6 [o0LL] - Completed Key Rotation
u_9 [6LFO] Ends Rotation
u_9 [6LFO] - Completed Key Rotation
u_2 [L-TC] Ends Rotation
u_2 [L-TC] - Completed Key Rotation
u_7 [lJ92] Ends Rotation
u_7 [lJ92] - Completed Key Rotation
u_3 [DUli] Ends Rotation
u_3 [DUli] - Completed Key Rotation
u_0 [Ft7n] Ends Rotation
u_0 [Ft7n] - Completed Key Rotation
u_8 [AFGI] Ends Rotation
u_8 [AFGI] - Completed Key Rotation
Executed 10 users / 10 success / 0 fail
Test 1: 4993ms (499 p.u.)
Test 2: 1ms (0 p.u.)
Test 3: 704ms (70 p.u.)
Test 4: 4083ms (408 p.u.)
