2024-08-13 10:17:15,12.2,17.8731,169611264,141983,26111815
2024-08-13 10:17:20,5.7,18.9323,179662848,258820,42974699
2024-08-13 10:17:25,3.1,18.9872,180183040,258820,42974699
2024-08-13 10:17:30,6,19.0143,180441088,258820,42974699
2024-08-13 10:17:36,0,19.0687,180957184,259090,42974803
2024-08-13 10:17:41,0,19.0687,180957184,259090,42974803
2024-08-13 10:17:46,3.1,19.0687,180957184,259160,42974803
2024-08-13 10:17:51,3.2,19.0687,180957184,259340,42974955
2024-08-13 10:17:56,2.9,19.0959,181215232,259610,42975183
2024-08-13 10:18:02,45.5,25.8681,245481472,427022,43081758
2024-08-13 10:18:07,69.7,25.8819,245612544,658878,43184549
2024-08-13 10:18:12,6,25.9117,245895168,845218,43365323
2024-08-13 10:18:17,6.2,25.9117,245895168,845276,43365415
2024-08-13 10:18:22,0,25.9108,245886976,845276,43365415
2024-08-13 10:18:28,47,25.7347,244215808,884982,43967516
2024-08-13 10:18:33,0,25.73,244170752,885312,43968606
2024-08-13 10:18:38,3,25.73,244170752,885312,43968606
2024-08-13 10:18:43,90,28.5178,270626816,1082985,44057195
2024-08-13 10:18:49,6.2,17.3427,164577280,1238541,44136182
2024-08-13 10:18:54,3.2,17.3427,164577280,1238541,44136182
