Waiting for an incoming message - Test 1 (inception)
Error while deserializing http message: Error("EOF while parsing a value", line: 1, column: 0)
	Preparing Data...
	Data is ready, starting users and test1
Incepted: u_2 [Pk7r]
Incepted: u_6 [bWla]
Incepted: u_8 [t8Qr]
Incepted: u_7 [rLx8]
Incepted: u_9 [hFaR]
Incepted: u_1 [PMjg]
Incepted: u_0 [WBls]
Incepted: u_5 [t5_d]
Incepted: u_3 [ig18]
	Added [jm4C] as watcher for u_6 [bWla]
Incepted: u_4 [5VZR]
	Added [x5MO] as watcher for u_2 [Pk7r]
	Added [bivQ] as watcher for u_9 [hFaR]
	Added [x5MO] as watcher for u_8 [t8Qr]
	Added [x5MO] as watcher for u_0 [WBls]
	Added [x5MO] as watcher for u_7 [rLx8]
	Added [jm4C] as watcher for u_5 [t5_d]
	Added [x5MO] as watcher for u_1 [PMjg]
	Added [jm4C] as watcher for u_3 [ig18]
	Added [bivQ] as watcher for u_6 [bWla]
	Added [jm4C] as watcher for u_9 [hFaR]
	Added [bivQ] as watcher for u_2 [Pk7r]
	Added [bivQ] as watcher for u_4 [5VZR]
	Added [2D85] as watcher for u_8 [t8Qr]
	Added [jm4C] as watcher for u_0 [WBls]
	Added [2D85] as watcher for u_5 [t5_d]
	Added [jm4C] as watcher for u_1 [PMjg]
	Added [2D85] as watcher for u_7 [rLx8]
	Added [2D85] as watcher for u_3 [ig18]
	Added [x5MO] as watcher for u_9 [hFaR]
	Asking u_9 [hFaR]'s watchers to watch [sF_1]
	Added [jm4C] as watcher for u_2 [Pk7r]
	Asking u_2 [Pk7r]'s watchers to watch [sF_1]
	Added [2D85] as watcher for u_6 [bWla]
	Asking u_6 [bWla]'s watchers to watch [sF_1]
	Added [bivQ] as watcher for u_0 [WBls]
	Asking u_0 [WBls]'s watchers to watch [sF_1]
	Added [bivQ] as watcher for u_8 [t8Qr]
	Asking u_8 [t8Qr]'s watchers to watch [sF_1]
	Added [bivQ] as watcher for u_5 [t5_d]
	Asking u_5 [t5_d]'s watchers to watch [sF_1]
	Added [2D85] as watcher for u_1 [PMjg]
	Asking u_1 [PMjg]'s watchers to watch [sF_1]
	Added [x5MO] as watcher for u_4 [5VZR]
	Added [bivQ] as watcher for u_7 [rLx8]
	Asking u_7 [rLx8]'s watchers to watch [sF_1]
	Added [bivQ] as watcher for u_3 [ig18]
	Asking u_3 [ig18]'s watchers to watch [sF_1]
	Added [jm4C] as watcher for u_4 [5VZR]
	Asking u_4 [5VZR]'s watchers to watch [sF_1]
	✅ u_6 [bWla] Inception Done
	✅ u_2 [Pk7r] Inception Done
	✅ u_9 [hFaR] Inception Done
	✅ u_5 [t5_d] Inception Done
	✅ u_1 [PMjg] Inception Done
	✅ u_8 [t8Qr] Inception Done
	✅ u_0 [WBls] Inception Done
	✅ u_3 [ig18] Inception Done
	✅ u_7 [rLx8] Inception Done
	✅ u_4 [5VZR] Inception Done
Test 2 (signature verification)
	✅ u_4 [5VZR] Message verified
	✅ u_6 [bWla] Message verified
	✅ u_1 [PMjg] Message verified
	✅ u_2 [Pk7r] Message verified
	✅ u_3 [ig18] Message verified
	✅ u_8 [t8Qr] Message verified
	✅ u_9 [hFaR] Message verified
	✅ u_0 [WBls] Message verified
	✅ u_7 [rLx8] Message verified
	✅ u_5 [t5_d] Message verified
Waiting for an incoming message - Test 3 (signature verification after rotation of issuer)
	✅ u_8 [t8Qr] Message Verified (2)
	✅ u_6 [bWla] Message Verified (2)
	✅ u_9 [hFaR] Message Verified (2)
	✅ u_7 [rLx8] Message Verified (2)
	✅ u_0 [WBls] Message Verified (2)
	✅ u_4 [5VZR] Message Verified (2)
	✅ u_3 [ig18] Message Verified (2)
	✅ u_2 [Pk7r] Message Verified (2)
	✅ u_5 [t5_d] Message Verified (2)
	✅ u_1 [PMjg] Message Verified (2)
Waiting for an incoming message - Test 4 (valid acdc credential)
skipped--
Waiting for an incoming message - Test 5 (acdc revocation)
skipped--
Waiting for an incoming message - Test 6
u_1 [PMjg] Starts Rotation
u_7 [rLx8] Starts Rotation
u_6 [bWla] Starts Rotation
u_5 [t5_d] Starts Rotation
u_4 [5VZR] Starts Rotation
u_8 [t8Qr] Starts Rotation
u_3 [ig18] Starts Rotation
u_0 [WBls] Starts Rotation
u_2 [Pk7r] Starts Rotation
u_9 [hFaR] Starts Rotation
u_0 [WBls] Ends Rotation
u_0 [WBls] - Completed Key Rotation
u_3 [ig18] Ends Rotation
u_3 [ig18] - Completed Key Rotation
u_1 [PMjg] Ends Rotation
u_1 [PMjg] - Completed Key Rotation
u_2 [Pk7r] Ends Rotation
u_2 [Pk7r] - Completed Key Rotation
u_8 [t8Qr] Ends Rotation
u_8 [t8Qr] - Completed Key Rotation
u_6 [bWla] Ends Rotation
u_6 [bWla] - Completed Key Rotation
u_5 [t5_d] Ends Rotation
u_5 [t5_d] - Completed Key Rotation
u_9 [hFaR] Ends Rotation
u_9 [hFaR] - Completed Key Rotation
u_7 [rLx8] Ends Rotation
u_7 [rLx8] - Completed Key Rotation
u_4 [5VZR] Ends Rotation
u_4 [5VZR] - Completed Key Rotation
Executed 10 users / 10 success / 0 fail
Test 1: 20429ms (2042 p.u.)
Test 2: 1ms (0 p.u.)
Test 3: 1655ms (165 p.u.)
Test 4: 14821ms (1482 p.u.)
