Waiting for an incoming message - Test 1 (inception)
Error while deserializing http message: Error("EOF while parsing a value", line: 1, column: 0)
	Preparing Data...
	Data is ready, starting users and test1
Incepted: u_2 [AS51]
Incepted: u_4 [4ecb]
Incepted: u_0 [vzk0]
Incepted: u_9 [KY74]
Incepted: u_1 [Hmhv]
Incepted: u_6 [2DcD]
Incepted: u_7 [pcCq]
	Added [jm4C] as watcher for u_2 [AS51]
Incepted: u_5 [64DM]
	Added [bivQ] as watcher for u_9 [KY74]
	Added [x5MO] as watcher for u_0 [vzk0]
	Added [x5MO] as watcher for u_6 [2DcD]
	Added [x5MO] as watcher for u_4 [4ecb]
	Added [bivQ] as watcher for u_7 [pcCq]
	Added [x5MO] as watcher for u_1 [Hmhv]
	Added [jm4C] as watcher for u_5 [64DM]
	Added [bivQ] as watcher for u_2 [AS51]
	Added [x5MO] as watcher for u_7 [pcCq]
	Added [2D85] as watcher for u_4 [4ecb]
	Added [bivQ] as watcher for u_0 [vzk0]
	Added [2D85] as watcher for u_9 [KY74]
	Added [2D85] as watcher for u_6 [2DcD]
	Added [bivQ] as watcher for u_5 [64DM]
	Added [2D85] as watcher for u_1 [Hmhv]
	Added [x5MO] as watcher for u_2 [AS51]
	Asking u_2 [AS51]'s watchers to watch [sF_1]
	Added [jm4C] as watcher for u_7 [pcCq]
	Asking u_7 [pcCq]'s watchers to watch [sF_1]
	Added [jm4C] as watcher for u_9 [KY74]
	Asking u_9 [KY74]'s watchers to watch [sF_1]
	Added [bivQ] as watcher for u_4 [4ecb]
	Asking u_4 [4ecb]'s watchers to watch [sF_1]
	Added [jm4C] as watcher for u_1 [Hmhv]
	Asking u_1 [Hmhv]'s watchers to watch [sF_1]
Incepted: u_3 [9U7c]
Incepted: u_8 [Vsrf]
	Added [jm4C] as watcher for u_0 [vzk0]
	Asking u_0 [vzk0]'s watchers to watch [sF_1]
	Added [bivQ] as watcher for u_6 [2DcD]
	Asking u_6 [2DcD]'s watchers to watch [sF_1]
	Added [x5MO] as watcher for u_5 [64DM]
	Asking u_5 [64DM]'s watchers to watch [sF_1]
	Added [x5MO] as watcher for u_8 [Vsrf]
	Added [bivQ] as watcher for u_3 [9U7c]
	Added [bivQ] as watcher for u_8 [Vsrf]
	Added [x5MO] as watcher for u_3 [9U7c]
	Added [2D85] as watcher for u_8 [Vsrf]
	Asking u_8 [Vsrf]'s watchers to watch [sF_1]
	Added [2D85] as watcher for u_3 [9U7c]
	Asking u_3 [9U7c]'s watchers to watch [sF_1]
	✅ u_2 [AS51] Inception Done
	✅ u_7 [pcCq] Inception Done
	✅ u_1 [Hmhv] Inception Done
	✅ u_9 [KY74] Inception Done
	✅ u_4 [4ecb] Inception Done
	✅ u_5 [64DM] Inception Done
	✅ u_0 [vzk0] Inception Done
	✅ u_6 [2DcD] Inception Done
	✅ u_8 [Vsrf] Inception Done
	✅ u_3 [9U7c] Inception Done
Test 2 (signature verification)
	✅ u_3 [9U7c] Message verified
	✅ u_2 [AS51] Message verified
	✅ u_0 [vzk0] Message verified
	✅ u_7 [pcCq] Message verified
	✅ u_4 [4ecb] Message verified
	✅ u_1 [Hmhv] Message verified
	✅ u_5 [64DM] Message verified
	✅ u_9 [KY74] Message verified
	✅ u_6 [2DcD] Message verified
	✅ u_8 [Vsrf] Message verified
Waiting for an incoming message - Test 3 (signature verification after rotation of issuer)
	✅ u_0 [vzk0] Message Verified (2)
	✅ u_6 [2DcD] Message Verified (2)
	✅ u_3 [9U7c] Message Verified (2)
	✅ u_8 [Vsrf] Message Verified (2)
	✅ u_1 [Hmhv] Message Verified (2)
	✅ u_7 [pcCq] Message Verified (2)
	✅ u_2 [AS51] Message Verified (2)
	✅ u_9 [KY74] Message Verified (2)
	✅ u_5 [64DM] Message Verified (2)
	✅ u_4 [4ecb] Message Verified (2)
Waiting for an incoming message - Test 4 (valid acdc credential)
skipped--
Waiting for an incoming message - Test 5 (acdc revocation)
skipped--
Waiting for an incoming message - Test 6
u_7 [pcCq] Starts Rotation
u_8 [Vsrf] Starts Rotation
u_9 [KY74] Starts Rotation
u_1 [Hmhv] Starts Rotation
u_3 [9U7c] Starts Rotation
u_2 [AS51] Starts Rotation
u_5 [64DM] Starts Rotation
u_4 [4ecb] Starts Rotation
u_6 [2DcD] Starts Rotation
u_0 [vzk0] Starts Rotation
u_8 [Vsrf] Ends Rotation
u_8 [Vsrf] - Completed Key Rotation
u_3 [9U7c] Ends Rotation
u_3 [9U7c] - Completed Key Rotation
u_9 [KY74] Ends Rotation
u_9 [KY74] - Completed Key Rotation
u_6 [2DcD] Ends Rotation
u_6 [2DcD] - Completed Key Rotation
u_2 [AS51] Ends Rotation
u_2 [AS51] - Completed Key Rotation
u_1 [Hmhv] Ends Rotation
u_1 [Hmhv] - Completed Key Rotation
u_5 [64DM] Ends Rotation
u_5 [64DM] - Completed Key Rotation
u_0 [vzk0] Ends Rotation
u_0 [vzk0] - Completed Key Rotation
u_4 [4ecb] Ends Rotation
u_4 [4ecb] - Completed Key Rotation
u_7 [pcCq] Ends Rotation
u_7 [pcCq] - Completed Key Rotation
Executed 10 users / 10 success / 0 fail
Test 1: 21346ms (2134 p.u.)
Test 2: 1ms (0 p.u.)
Test 3: 1598ms (159 p.u.)
Test 4: 12349ms (1234 p.u.)
