Waiting for an incoming message - Test 1 (inception)
Error while deserializing http message: Error("EOF while parsing a value", line: 1, column: 0)
	Preparing Data...
	Data is ready, starting users and test1
Incepted: u_5 [koSQ]
Incepted: u_7 [jXz1]
Incepted: u_6 [mDPv]
	Added [bivQ] as watcher for u_5 [koSQ]
Incepted: u_2 [1p6i]
Incepted: u_1 [_mDV]
	Added [bivQ] as watcher for u_7 [jXz1]
Incepted: u_4 [Rh3g]
Incepted: u_3 [KT2B]
Incepted: u_9 [SXUR]
	Added [jm4C] as watcher for u_2 [1p6i]
Incepted: u_0 [MvWp]
	Added [bivQ] as watcher for u_4 [Rh3g]
	Added [x5MO] as watcher for u_5 [koSQ]
	Added [x5MO] as watcher for u_6 [mDPv]
	Added [bivQ] as watcher for u_3 [KT2B]
	Added [jm4C] as watcher for u_7 [jXz1]
Incepted: u_8 [mYQm]
	Added [x5MO] as watcher for u_1 [_mDV]
	Added [bivQ] as watcher for u_6 [mDPv]
	Added [jm4C] as watcher for u_4 [Rh3g]
	Added [2D85] as watcher for u_9 [SXUR]
	Added [bivQ] as watcher for u_8 [mYQm]
	Added [jm4C] as watcher for u_5 [koSQ]
	Asking u_5 [koSQ]'s watchers to watch [sF_1]
	Added [bivQ] as watcher for u_1 [_mDV]
	Added [x5MO] as watcher for u_2 [1p6i]
	Added [2D85] as watcher for u_3 [KT2B]
	Added [x5MO] as watcher for u_0 [MvWp]
	Added [jm4C] as watcher for u_6 [mDPv]
	Asking u_6 [mDPv]'s watchers to watch [sF_1]
	Added [2D85] as watcher for u_7 [jXz1]
	Asking u_7 [jXz1]'s watchers to watch [sF_1]
	Added [2D85] as watcher for u_8 [mYQm]
	Added [jm4C] as watcher for u_3 [KT2B]
	Asking u_3 [KT2B]'s watchers to watch [sF_1]
	Added [x5MO] as watcher for u_4 [Rh3g]
	Asking u_4 [Rh3g]'s watchers to watch [sF_1]
	Added [2D85] as watcher for u_1 [_mDV]
	Asking u_1 [_mDV]'s watchers to watch [sF_1]
	Added [x5MO] as watcher for u_9 [SXUR]
	Added [2D85] as watcher for u_2 [1p6i]
	Asking u_2 [1p6i]'s watchers to watch [sF_1]
	Added [2D85] as watcher for u_0 [MvWp]
	Added [jm4C] as watcher for u_9 [SXUR]
	Added [bivQ] as watcher for u_0 [MvWp]
	Asking u_9 [SXUR]'s watchers to watch [sF_1]
	Asking u_0 [MvWp]'s watchers to watch [sF_1]
	Added [x5MO] as watcher for u_8 [mYQm]
	Asking u_8 [mYQm]'s watchers to watch [sF_1]
	✅ u_5 [koSQ] Inception Done
	✅ u_6 [mDPv] Inception Done
	✅ u_7 [jXz1] Inception Done
	✅ u_3 [KT2B] Inception Done
	✅ u_4 [Rh3g] Inception Done
	✅ u_2 [1p6i] Inception Done
	✅ u_1 [_mDV] Inception Done
	✅ u_9 [SXUR] Inception Done
	✅ u_0 [MvWp] Inception Done
	✅ u_8 [mYQm] Inception Done
Test 2 (signature verification)
	✅ u_8 [mYQm] Message verified
	✅ u_3 [KT2B] Message verified
	✅ u_9 [SXUR] Message verified
	✅ u_0 [MvWp] Message verified
	✅ u_4 [Rh3g] Message verified
	✅ u_7 [jXz1] Message verified
	✅ u_2 [1p6i] Message verified
	✅ u_6 [mDPv] Message verified
	✅ u_5 [koSQ] Message verified
	✅ u_1 [_mDV] Message verified
Waiting for an incoming message - Test 3 (signature verification after rotation of issuer)
