Waiting for an incoming message - Test 1 (inception)
Error while deserializing http message: Error("EOF while parsing a value", line: 1, column: 0)
	Preparing Data...
	Data is ready, starting users and test1
Incepted: u_3 [MDfK]
Incepted: u_9 [iCTG]
Incepted: u_7 [qyEP]
Incepted: u_5 [TLWI]
	Added [bivQ] as watcher for u_9 [iCTG]
	Added [x5MO] as watcher for u_3 [MDfK]
Incepted: u_4 [XvKR]
	Added [bivQ] as watcher for u_5 [TLWI]
	Added [2D85] as watcher for u_7 [qyEP]
Incepted: u_6 [zdcK]
Incepted: u_8 [3wg-]
Incepted: u_1 [SWOB]
	Added [bivQ] as watcher for u_3 [MDfK]
	Added [x5MO] as watcher for u_9 [iCTG]
	Added [jm4C] as watcher for u_4 [XvKR]
	Added [jm4C] as watcher for u_5 [TLWI]
Incepted: u_2 [HK_Y]
Incepted: u_0 [ImUP]
	Added [jm4C] as watcher for u_7 [qyEP]
	Added [jm4C] as watcher for u_6 [zdcK]
	Added [jm4C] as watcher for u_8 [3wg-]
	Added [bivQ] as watcher for u_7 [qyEP]
	Asking u_7 [qyEP]'s watchers to watch [sF_1]
	Added [2D85] as watcher for u_3 [MDfK]
	Asking u_3 [MDfK]'s watchers to watch [sF_1]
	Added [jm4C] as watcher for u_0 [ImUP]
	Added [jm4C] as watcher for u_9 [iCTG]
	Asking u_9 [iCTG]'s watchers to watch [sF_1]
	Added [x5MO] as watcher for u_1 [SWOB]
	Added [2D85] as watcher for u_5 [TLWI]
	Asking u_5 [TLWI]'s watchers to watch [sF_1]
	Added [jm4C] as watcher for u_2 [HK_Y]
	Added [2D85] as watcher for u_6 [zdcK]
	Added [x5MO] as watcher for u_4 [XvKR]
	Added [bivQ] as watcher for u_0 [ImUP]
	Added [2D85] as watcher for u_8 [3wg-]
	Added [bivQ] as watcher for u_6 [zdcK]
	Asking u_6 [zdcK]'s watchers to watch [sF_1]
	Added [bivQ] as watcher for u_4 [XvKR]
	Asking u_4 [XvKR]'s watchers to watch [sF_1]
	Added [2D85] as watcher for u_1 [SWOB]
	Added [bivQ] as watcher for u_8 [3wg-]
	Asking u_8 [3wg-]'s watchers to watch [sF_1]
	Added [2D85] as watcher for u_2 [HK_Y]
	Added [2D85] as watcher for u_0 [ImUP]
	Asking u_0 [ImUP]'s watchers to watch [sF_1]
	Added [jm4C] as watcher for u_1 [SWOB]
	Asking u_1 [SWOB]'s watchers to watch [sF_1]
	Added [x5MO] as watcher for u_2 [HK_Y]
	Asking u_2 [HK_Y]'s watchers to watch [sF_1]
	✅ u_7 [qyEP] Inception Done
	✅ u_9 [iCTG] Inception Done
	✅ u_3 [MDfK] Inception Done
	✅ u_5 [TLWI] Inception Done
	✅ u_6 [zdcK] Inception Done
	✅ u_8 [3wg-] Inception Done
	✅ u_4 [XvKR] Inception Done
	✅ u_0 [ImUP] Inception Done
	✅ u_1 [SWOB] Inception Done
	✅ u_2 [HK_Y] Inception Done
Test 2 (signature verification)
	✅ u_2 [HK_Y] Message verified
	✅ u_6 [zdcK] Message verified
	✅ u_4 [XvKR] Message verified
	✅ u_9 [iCTG] Message verified
	✅ u_8 [3wg-] Message verified
	✅ u_1 [SWOB] Message verified
	✅ u_0 [ImUP] Message verified
	✅ u_5 [TLWI] Message verified
	✅ u_3 [MDfK] Message verified
	✅ u_7 [qyEP] Message verified
Waiting for an incoming message - Test 3 (signature verification after rotation of issuer)
	✅ u_8 [3wg-] Message Verified (2)
	✅ u_7 [qyEP] Message Verified (2)
	✅ u_5 [TLWI] Message Verified (2)
	✅ u_6 [zdcK] Message Verified (2)
	✅ u_0 [ImUP] Message Verified (2)
	✅ u_2 [HK_Y] Message Verified (2)
	✅ u_1 [SWOB] Message Verified (2)
	✅ u_3 [MDfK] Message Verified (2)
	✅ u_4 [XvKR] Message Verified (2)
	✅ u_9 [iCTG] Message Verified (2)
Waiting for an incoming message - Test 4 (valid acdc credential)
skipped--
Waiting for an incoming message - Test 5 (acdc revocation)
skipped--
Waiting for an incoming message - Test 6
u_8 [3wg-] Starts Rotation
u_0 [ImUP] Starts Rotation
u_3 [MDfK] Starts Rotation
u_2 [HK_Y] Starts Rotation
u_7 [qyEP] Starts Rotation
u_4 [XvKR] Starts Rotation
u_6 [zdcK] Starts Rotation
u_5 [TLWI] Starts Rotation
u_9 [iCTG] Starts Rotation
u_1 [SWOB] Starts Rotation
u_9 [iCTG] Ends Rotation
u_9 [iCTG] - Completed Key Rotation
u_7 [qyEP] Ends Rotation
u_7 [qyEP] - Completed Key Rotation
u_3 [MDfK] Ends Rotation
u_3 [MDfK] - Completed Key Rotation
u_0 [ImUP] Ends Rotation
u_0 [ImUP] - Completed Key Rotation
u_6 [zdcK] Ends Rotation
u_6 [zdcK] - Completed Key Rotation
u_5 [TLWI] Ends Rotation
u_5 [TLWI] - Completed Key Rotation
u_4 [XvKR] Ends Rotation
u_4 [XvKR] - Completed Key Rotation
u_2 [HK_Y] Ends Rotation
u_2 [HK_Y] - Completed Key Rotation
u_1 [SWOB] Ends Rotation
u_1 [SWOB] - Completed Key Rotation
u_8 [3wg-] Ends Rotation
u_8 [3wg-] - Completed Key Rotation
Executed 10 users / 10 success / 0 fail
Test 1: 12944ms (1294 p.u.)
Test 2: 1ms (0 p.u.)
Test 3: 1245ms (124 p.u.)
Test 4: 10338ms (1033 p.u.)
